Encoder
=================================================================
Layer (type:depth-idx)                   Param #
=================================================================
Encoder                                  --
├─Linear: 1-1                            31,400
├─Linear: 1-2                            1,640
=================================================================
Total params: 33,040
Trainable params: 33,040
Non-trainable params: 0
=================================================================
Encoder to Latents 0
=================================================================
Layer (type:depth-idx)                   Param #
=================================================================
EncoderToLatents                         --
├─Linear: 1-1                            41
├─Linear: 1-2                            41
=================================================================
Total params: 82
Trainable params: 82
Non-trainable params: 0
=================================================================
Encoder to Latents 1
=================================================================
Layer (type:depth-idx)                   Param #
=================================================================
EncoderToLatents                         --
├─Linear: 1-1                            41
├─Linear: 1-2                            41
=================================================================
Total params: 82
Trainable params: 82
Non-trainable params: 0
=================================================================
Encoder to Latents 2
=================================================================
Layer (type:depth-idx)                   Param #
=================================================================
EncoderToLatents                         --
├─Linear: 1-1                            41
├─Linear: 1-2                            41
=================================================================
Total params: 82
Trainable params: 82
Non-trainable params: 0
=================================================================
Encoder to Latents 3
=================================================================
Layer (type:depth-idx)                   Param #
=================================================================
EncoderToLatents                         --
├─Linear: 1-1                            41
├─Linear: 1-2                            41
=================================================================
Total params: 82
Trainable params: 82
Non-trainable params: 0
=================================================================
Encoder to Latents 4
=================================================================
Layer (type:depth-idx)                   Param #
=================================================================
EncoderToLatents                         --
├─Linear: 1-1                            41
├─Linear: 1-2                            41
=================================================================
Total params: 82
Trainable params: 82
Non-trainable params: 0
=================================================================
Encoder to Latents 5
=================================================================
Layer (type:depth-idx)                   Param #
=================================================================
EncoderToLatents                         --
├─Linear: 1-1                            41
├─Linear: 1-2                            41
=================================================================
Total params: 82
Trainable params: 82
Non-trainable params: 0
=================================================================
Encoder to Latents 6
=================================================================
Layer (type:depth-idx)                   Param #
=================================================================
EncoderToLatents                         --
├─Linear: 1-1                            41
├─Linear: 1-2                            41
=================================================================
Total params: 82
Trainable params: 82
Non-trainable params: 0
=================================================================
Encoder to Latents 7
=================================================================
Layer (type:depth-idx)                   Param #
=================================================================
EncoderToLatents                         --
├─Linear: 1-1                            41
├─Linear: 1-2                            41
=================================================================
Total params: 82
Trainable params: 82
Non-trainable params: 0
=================================================================
Encoder to Latents 8
=================================================================
Layer (type:depth-idx)                   Param #
=================================================================
EncoderToLatents                         --
├─Linear: 1-1                            41
├─Linear: 1-2                            41
=================================================================
Total params: 82
Trainable params: 82
Non-trainable params: 0
=================================================================
Encoder to Latents 9
=================================================================
Layer (type:depth-idx)                   Param #
=================================================================
EncoderToLatents                         --
├─Linear: 1-1                            41
├─Linear: 1-2                            41
=================================================================
Total params: 82
Trainable params: 82
Non-trainable params: 0
=================================================================
Latents to Latents
=================================================================
Layer (type:depth-idx)                   Param #
=================================================================
LatentsToLatents                         --
├─Linear: 1-1                            20
├─Linear: 1-2                            5
├─Linear: 1-3                            5
=================================================================
Total params: 30
Trainable params: 30
Non-trainable params: 0
=================================================================
Latents to Decoder 0
=================================================================
Layer (type:depth-idx)                   Param #
=================================================================
LatentsToDecoder                         --
├─Linear: 1-1                            80
=================================================================
Total params: 80
Trainable params: 80
Non-trainable params: 0
=================================================================
Latents to Decoder 1
=================================================================
Layer (type:depth-idx)                   Param #
=================================================================
LatentsToDecoder                         --
├─Linear: 1-1                            80
=================================================================
Total params: 80
Trainable params: 80
Non-trainable params: 0
=================================================================
Latents to Decoder 2
=================================================================
Layer (type:depth-idx)                   Param #
=================================================================
LatentsToDecoder                         --
├─Linear: 1-1                            80
=================================================================
Total params: 80
Trainable params: 80
Non-trainable params: 0
=================================================================
Latents to Decoder 3
=================================================================
Layer (type:depth-idx)                   Param #
=================================================================
LatentsToDecoder                         --
├─Linear: 1-1                            80
=================================================================
Total params: 80
Trainable params: 80
Non-trainable params: 0
=================================================================
Latents to Decoder 4
=================================================================
Layer (type:depth-idx)                   Param #
=================================================================
LatentsToDecoder                         --
├─Linear: 1-1                            80
=================================================================
Total params: 80
Trainable params: 80
Non-trainable params: 0
=================================================================
Latents to Decoder 5
=================================================================
Layer (type:depth-idx)                   Param #
=================================================================
LatentsToDecoder                         --
├─Linear: 1-1                            80
=================================================================
Total params: 80
Trainable params: 80
Non-trainable params: 0
=================================================================
Latents to Decoder 6
=================================================================
Layer (type:depth-idx)                   Param #
=================================================================
LatentsToDecoder                         --
├─Linear: 1-1                            80
=================================================================
Total params: 80
Trainable params: 80
Non-trainable params: 0
=================================================================
Latents to Decoder 7
=================================================================
Layer (type:depth-idx)                   Param #
=================================================================
LatentsToDecoder                         --
├─Linear: 1-1                            80
=================================================================
Total params: 80
Trainable params: 80
Non-trainable params: 0
=================================================================
Latents to Decoder 8
=================================================================
Layer (type:depth-idx)                   Param #
=================================================================
LatentsToDecoder                         --
├─Linear: 1-1                            80
=================================================================
Total params: 80
Trainable params: 80
Non-trainable params: 0
=================================================================
Latents to Decoder 9
=================================================================
Layer (type:depth-idx)                   Param #
=================================================================
LatentsToDecoder                         --
├─Linear: 1-1                            80
=================================================================
Total params: 80
Trainable params: 80
Non-trainable params: 0
=================================================================
Decoder
=================================================================
Layer (type:depth-idx)                   Param #
=================================================================
Decoder                                  --
├─Linear: 1-1                            1,640
├─Linear: 1-2                            32,144
=================================================================
Total params: 33,784
Trainable params: 33,784
Non-trainable params: 0
=================================================================
[Epoch   1 (50.43s)]	ELBO: 1100.109, 1142.297, 1159.146, 1165.851, 1168.336, 1170.987, 1171.839, 1172.123, 1170.984, 1170.074 (1306.878)	Log prob: 1164.125, 1218.094, 1237.738, 1246.499, 1249.553, 1252.636, 1253.822, 1254.430, 1253.635, 1253.105 (1385.678)	KLD: 64.016, 11.782, 2.795, 2.055, 0.569, 0.432, 0.334, 0.324, 0.345, 0.379 (78.800)	Grad: 5.562, 3.782, 1.552, 2.286, 1.253, 1.055, 1.000, 0.923, 0.917, 0.816
[Epoch   2 (45.98s)]	ELBO: 1273.151, 1334.674, 1341.324, 1342.633, 1343.260, 1343.540, 1343.268, 1342.893, 1342.238, 1341.739 (1371.452)	Log prob: 1314.372, 1391.556, 1400.262, 1402.038, 1402.994, 1403.724, 1403.753, 1403.668, 1403.166, 1403.024 (1418.320)	KLD: 41.222, 15.661, 2.055, 0.469, 0.328, 0.450, 0.300, 0.290, 0.152, 0.357 (46.867)	Grad: 2.065, 1.132, 0.877, 0.577, 0.527, 0.822, 0.619, 0.538, 0.411, 0.553
[Epoch   3 (47.27s)]	ELBO: 1319.726, 1380.971, 1407.347, 1409.936, 1410.152, 1410.823, 1411.138, 1411.217, 1411.124, 1410.870 (1446.415)	Log prob: 1339.174, 1410.740, 1441.895, 1445.731, 1446.290, 1447.696, 1448.386, 1448.758, 1448.778, 1448.783 (1478.586)	KLD: 19.448, 10.320, 4.780, 1.246, 0.343, 0.735, 0.376, 0.293, 0.112, 0.260 (32.170)	Grad: 3.132, 1.426, 0.858, 0.585, 0.362, 0.756, 0.550, 0.565, 0.397, 0.576
[Epoch   4 (47.22s)]	ELBO: 1335.084, 1399.374, 1446.511, 1469.102, 1473.703, 1478.848, 1480.096, 1479.836, 1479.875, 1479.793 (1512.495)	Log prob: 1346.465, 1417.060, 1467.508, 1492.669, 1498.398, 1505.074, 1506.896, 1507.143, 1507.582, 1507.935 (1537.688)	KLD: 11.380, 6.306, 3.312, 2.569, 1.129, 1.531, 0.574, 0.505, 0.400, 0.435 (25.193)	Grad: 6.009, 3.814, 2.665, 1.350, 0.681, 0.970, 0.667, 0.700, 0.879, 0.798
[Epoch   5 (42.58s)]	ELBO: 1350.766, 1411.402, 1460.928, 1501.586, 1521.593, 1531.761, 1535.436, 1535.420, 1535.099, 1534.791 (1552.800)	Log prob: 1358.173, 1423.712, 1475.712, 1519.160, 1541.951, 1553.815, 1558.728, 1558.958, 1559.054, 1559.088 (1575.696)	KLD: 7.407, 4.902, 2.476, 2.789, 2.784, 1.696, 1.238, 0.246, 0.417, 0.342 (22.896)	Grad: 7.491, 6.608, 5.325, 2.414, 1.041, 0.945, 0.970, 0.611, 0.863, 0.662
[Epoch   6 (42.51s)]	ELBO: 1367.818, 1426.173, 1470.844, 1514.024, 1538.432, 1559.492, 1561.444, 1563.243, 1563.653, 1563.778 (1575.189)	Log prob: 1372.758, 1435.672, 1482.853, 1528.364, 1555.025, 1578.633, 1581.522, 1584.071, 1585.098, 1585.760 (1596.791)	KLD: 4.941, 4.557, 2.510, 2.331, 2.253, 2.547, 0.938, 0.750, 0.618, 0.537 (21.602)	Grad: 11.619, 10.595, 7.235, 3.584, 1.446, 1.092, 1.136, 0.899, 1.333, 0.985
[Epoch   7 (43.95s)]	ELBO: 1380.536, 1443.457, 1487.623, 1520.580, 1545.454, 1567.629, 1576.452, 1578.122, 1579.001, 1579.149 (1585.125)	Log prob: 1384.361, 1451.709, 1498.468, 1533.754, 1560.730, 1585.214, 1595.576, 1598.284, 1599.940, 1600.725 (1606.536)	KLD: 3.826, 4.427, 2.594, 2.328, 2.103, 2.309, 1.538, 1.039, 0.776, 0.636 (21.412)	Grad: 23.967, 12.417, 9.296, 7.242, 2.372, 1.566, 1.292, 1.062, 1.993, 1.240
[Epoch   8 (40.97s)]	ELBO: 1387.691, 1456.516, 1502.627, 1524.545, 1551.229, 1573.055, 1584.455, 1586.941, 1588.434, 1588.576 (1592.366)	Log prob: 1391.313, 1464.706, 1513.517, 1538.016, 1566.837, 1590.764, 1603.965, 1607.464, 1609.874, 1610.560 (1614.598)	KLD: 3.622, 4.569, 2.699, 2.583, 2.135, 2.101, 1.802, 1.013, 0.917, 0.544 (22.232)	Grad: 38.080, 11.785, 15.359, 13.903, 2.766, 1.729, 1.255, 1.376, 2.427, 1.215
[Epoch   9 (40.92s)]	ELBO: 1391.241, 1464.792, 1509.569, 1528.252, 1555.858, 1576.836, 1588.855, 1593.668, 1595.146, 1595.328 (1596.804)	Log prob: 1394.979, 1473.255, 1520.885, 1542.332, 1572.088, 1595.043, 1608.781, 1614.798, 1617.188, 1617.851 (1619.766)	KLD: 3.737, 4.725, 2.852, 2.765, 2.150, 1.978, 1.719, 1.204, 0.911, 0.481 (22.962)	Grad: 54.343, 11.999, 18.174, 18.490, 2.768, 1.934, 1.400, 1.428, 2.132, 1.158
[Epoch  10 (40.58s)]	ELBO: 1392.621, 1470.010, 1512.329, 1531.050, 1559.258, 1579.906, 1592.262, 1598.305, 1599.888, 1600.067 (1603.461)	Log prob: 1396.505, 1478.565, 1523.871, 1545.491, 1575.878, 1598.471, 1612.486, 1619.823, 1622.315, 1622.953 (1625.899)	KLD: 3.882, 4.673, 2.986, 2.900, 2.178, 1.944, 1.660, 1.294, 0.909, 0.460 (22.439)	Grad: 86.840, 13.405, 18.288, 16.292, 3.276, 2.017, 1.424, 1.420, 2.423, 1.274
[Epoch  11 (40.86s)]	ELBO: 1393.552, 1474.418, 1513.084, 1532.164, 1560.938, 1581.338, 1594.010, 1601.094, 1602.760, 1602.871 (1606.395)	Log prob: 1397.569, 1483.065, 1524.859, 1546.933, 1577.916, 1600.269, 1614.629, 1623.075, 1625.673, 1626.245 (1630.256)	KLD: 4.016, 4.631, 3.130, 2.992, 2.209, 1.952, 1.689, 1.361, 0.931, 0.463 (23.861)	Grad: 103.442, 14.254, 23.766, 20.094, 3.915, 2.086, 1.671, 1.428, 2.431, 1.404
[Epoch  12 (40.43s)]	ELBO: 1394.886, 1478.528, 1514.318, 1534.041, 1563.403, 1583.425, 1596.197, 1603.974, 1605.736, 1606.020 (1599.981)	Log prob: 1399.032, 1487.221, 1526.276, 1549.051, 1580.678, 1602.681, 1617.189, 1626.359, 1629.080, 1629.856 (1624.334)	KLD: 4.145, 4.549, 3.262, 3.053, 2.264, 1.981, 1.737, 1.394, 0.957, 0.492 (24.353)	Grad: 115.262, 14.658, 30.439, 18.620, 3.724, 2.025, 1.717, 1.297, 2.154, 1.399
[Epoch  13 (40.68s)]	ELBO: 1395.642, 1481.302, 1514.280, 1534.577, 1564.750, 1584.406, 1597.344, 1605.436, 1607.774, 1608.076 (1607.095)	Log prob: 1399.885, 1490.088, 1526.434, 1549.828, 1582.341, 1604.019, 1618.748, 1628.265, 1631.610, 1632.459 (1631.235)	KLD: 4.243, 4.543, 3.368, 3.098, 2.338, 2.025, 1.790, 1.424, 1.007, 0.547 (24.141)	Grad: 123.166, 17.199, 33.642, 19.417, 4.882, 2.382, 1.909, 1.377, 1.766, 1.565
[Epoch  14 (40.44s)]	ELBO: 1396.414, 1484.251, 1515.031, 1535.307, 1566.062, 1585.577, 1598.484, 1607.025, 1610.028, 1610.458 (1586.617)	Log prob: 1400.732, 1493.114, 1527.333, 1550.754, 1583.928, 1605.511, 1620.231, 1630.215, 1634.297, 1635.351 (1611.556)	KLD: 4.317, 4.545, 3.440, 3.146, 2.418, 2.067, 1.813, 1.443, 1.079, 0.626 (24.939)	Grad: 127.871, 17.720, 34.034, 23.660, 5.948, 2.509, 1.895, 1.265, 1.534, 1.677
[Epoch  15 (41.86s)]	ELBO: 1395.762, 1485.220, 1514.319, 1534.919, 1566.308, 1585.792, 1598.915, 1607.604, 1611.498, 1611.980 (1617.195)	Log prob: 1400.144, 1494.157, 1526.730, 1550.503, 1584.381, 1605.978, 1620.936, 1631.103, 1636.152, 1637.305 (1642.830)	KLD: 4.380, 4.556, 3.475, 3.173, 2.489, 2.113, 1.837, 1.478, 1.155, 0.670 (25.635)	Grad: 155.346, 20.543, 36.413, 20.212, 5.842, 2.652, 1.827, 1.372, 1.391, 1.974
[Epoch  16 (44.13s)]	ELBO: 1397.706, 1488.168, 1516.512, 1536.786, 1568.600, 1587.827, 1601.226, 1610.406, 1614.771, 1615.288 (1611.742)	Log prob: 1402.200, 1497.289, 1529.182, 1552.683, 1587.068, 1608.439, 1623.707, 1634.404, 1639.996, 1641.243 (1638.208)	KLD: 4.495, 4.627, 3.548, 3.226, 2.572, 2.144, 1.870, 1.515, 1.231, 0.728 (26.466)	Grad: 154.820, 19.512, 35.574, 23.418, 6.338, 2.704, 2.031, 1.368, 1.308, 1.870
[Epoch  17 (44.65s)]	ELBO: 1396.885, 1488.506, 1516.235, 1536.233, 1568.333, 1587.382, 1601.278, 1610.668, 1615.197, 1615.944 (1616.323)	Log prob: 1401.459, 1497.707, 1529.030, 1552.307, 1587.055, 1608.287, 1624.109, 1635.024, 1640.804, 1642.351 (1642.630)	KLD: 4.575, 4.626, 3.593, 3.278, 2.650, 2.183, 1.927, 1.523, 1.254, 0.797 (26.307)	Grad: 220.246, 22.813, 28.401, 24.659, 7.463, 2.862, 1.992, 1.398, 1.230, 2.576
[Epoch  18 (45.76s)]	ELBO: 1398.520, 1490.796, 1518.649, 1538.283, 1570.636, 1589.501, 1603.775, 1613.156, 1617.696, 1618.539 (1619.593)	Log prob: 1403.164, 1500.192, 1531.648, 1554.578, 1589.637, 1610.739, 1626.973, 1637.905, 1643.697, 1645.370 (1646.398)	KLD: 4.644, 4.749, 3.607, 3.297, 2.706, 2.236, 1.961, 1.550, 1.252, 0.830 (26.804)	Grad: 196.793, 21.269, 31.602, 22.225, 7.178, 2.943, 2.084, 1.247, 1.228, 2.295
[Epoch  19 (45.26s)]	ELBO: 1398.260, 1491.411, 1519.653, 1538.594, 1571.514, 1590.107, 1604.628, 1613.965, 1618.233, 1619.343 (1621.767)	Log prob: 1402.969, 1500.836, 1532.692, 1554.982, 1590.647, 1611.523, 1628.058, 1638.950, 1644.477, 1646.439 (1649.018)	KLD: 4.710, 4.716, 3.613, 3.350, 2.746, 2.282, 2.013, 1.554, 1.260, 0.852 (27.251)	Grad: 207.228, 23.476, 35.551, 23.909, 8.363, 2.981, 2.267, 1.280, 1.342, 2.419
[Epoch  20 (43.70s)]	ELBO: 1400.025, 1493.458, 1522.437, 1541.188, 1573.954, 1592.325, 1607.322, 1616.367, 1620.497, 1621.648 (1620.597)	Log prob: 1404.822, 1502.818, 1535.381, 1557.486, 1593.059, 1613.762, 1630.798, 1641.389, 1646.786, 1648.825 (1648.225)	KLD: 4.797, 4.562, 3.586, 3.354, 2.807, 2.331, 2.041, 1.544, 1.267, 0.888 (27.628)	Grad: 164.038, 24.620, 38.724, 27.213, 8.665, 2.940, 2.085, 1.283, 1.266, 2.002
[Epoch  21 (45.60s)]	ELBO: 1399.160, 1493.188, 1522.823, 1541.504, 1574.062, 1592.237, 1607.456, 1616.330, 1620.499, 1621.760 (1613.334)	Log prob: 1404.031, 1502.514, 1535.718, 1557.747, 1593.140, 1613.686, 1630.965, 1641.396, 1646.829, 1649.026 (1640.575)	KLD: 4.871, 4.454, 3.571, 3.349, 2.834, 2.371, 2.060, 1.557, 1.264, 0.936 (27.240)	Grad: 246.985, 28.199, 35.125, 23.734, 9.198, 3.556, 2.412, 1.225, 1.229, 2.698
[Epoch  22 (43.51s)]	ELBO: 1400.551, 1495.319, 1525.942, 1544.538, 1576.525, 1594.493, 1609.838, 1618.728, 1622.742, 1624.051 (1620.588)	Log prob: 1405.484, 1504.660, 1538.848, 1560.830, 1595.703, 1616.092, 1633.532, 1643.987, 1649.280, 1651.540 (1648.665)	KLD: 4.932, 4.408, 3.567, 3.386, 2.886, 2.420, 2.095, 1.565, 1.278, 0.954 (28.076)	Grad: 229.579, 27.121, 34.843, 20.826, 9.386, 3.254, 2.192, 1.240, 1.151, 2.446
[Epoch  23 (47.16s)]	ELBO: 1400.962, 1496.052, 1527.811, 1546.467, 1577.703, 1595.354, 1610.899, 1619.682, 1623.776, 1624.975 (1624.774)	Log prob: 1405.964, 1505.360, 1540.679, 1562.763, 1596.936, 1617.054, 1634.713, 1645.051, 1650.412, 1652.597 (1652.462)	KLD: 5.002, 4.307, 3.558, 3.428, 2.937, 2.468, 2.114, 1.554, 1.268, 0.986 (27.689)	Grad: 243.147, 28.096, 30.601, 18.371, 9.364, 3.595, 2.141, 1.334, 1.271, 2.499
[Epoch  24 (53.59s)]	ELBO: 1401.031, 1495.800, 1528.713, 1547.791, 1578.104, 1595.461, 1611.224, 1620.102, 1624.421, 1625.859 (1627.107)	Log prob: 1406.079, 1505.052, 1541.551, 1564.099, 1597.401, 1617.262, 1635.148, 1645.594, 1651.183, 1653.617 (1655.178)	KLD: 5.048, 4.204, 3.586, 3.470, 2.988, 2.503, 2.124, 1.568, 1.272, 0.995 (28.071)	Grad: 266.590, 28.189, 23.437, 16.648, 11.003, 3.195, 2.165, 1.138, 1.147, 2.590
[Epoch  25 (55.59s)]	ELBO: 1402.354, 1496.969, 1531.239, 1550.091, 1578.932, 1596.231, 1612.268, 1621.144, 1625.802, 1627.080 (1630.532)	Log prob: 1407.470, 1506.312, 1544.161, 1566.551, 1598.452, 1618.314, 1636.495, 1646.932, 1652.910, 1655.157 (1658.718)	KLD: 5.115, 4.228, 3.577, 3.540, 3.059, 2.564, 2.144, 1.562, 1.319, 0.969 (28.186)	Grad: 239.679, 29.821, 23.480, 18.970, 11.448, 3.297, 2.174, 1.138, 1.046, 2.207
[Epoch  26 (52.37s)]	ELBO: 1401.621, 1495.940, 1531.808, 1550.876, 1578.176, 1595.224, 1611.055, 1619.993, 1625.078, 1626.492 (1627.392)	Log prob: 1406.785, 1505.255, 1544.688, 1567.345, 1597.763, 1617.414, 1635.410, 1645.934, 1652.365, 1654.750 (1655.962)	KLD: 5.164, 4.150, 3.566, 3.588, 3.120, 2.601, 2.166, 1.586, 1.346, 0.969 (28.571)	Grad: 296.618, 35.086, 21.079, 19.783, 12.796, 4.017, 2.447, 1.189, 1.060, 2.517
[Epoch  27 (50.73s)]	ELBO: 1403.208, 1497.026, 1534.778, 1553.942, 1579.634, 1596.413, 1612.222, 1620.981, 1626.275, 1627.701 (1629.042)	Log prob: 1408.411, 1506.409, 1547.756, 1570.562, 1599.435, 1618.873, 1636.868, 1647.213, 1653.851, 1656.218 (1658.098)	KLD: 5.203, 4.180, 3.595, 3.640, 3.183, 2.658, 2.186, 1.585, 1.344, 0.942 (29.056)	Grad: 256.981, 36.114, 24.905, 22.709, 14.496, 3.635, 2.191, 1.175, 1.024, 2.017
[Epoch  28 (50.94s)]	ELBO: 1402.471, 1495.518, 1535.001, 1554.897, 1578.648, 1595.292, 1611.158, 1619.909, 1625.918, 1627.446 (1630.682)	Log prob: 1407.728, 1504.946, 1547.993, 1571.551, 1598.570, 1617.898, 1635.975, 1646.312, 1653.703, 1656.179 (1659.657)	KLD: 5.257, 4.172, 3.564, 3.659, 3.268, 2.687, 2.211, 1.587, 1.381, 0.949 (28.975)	Grad: 271.855, 41.245, 17.927, 22.250, 15.581, 4.012, 2.186, 1.146, 1.062, 1.909
[Epoch  29 (48.23s)]	ELBO: 1403.445, 1496.860, 1537.725, 1558.209, 1580.333, 1596.598, 1612.141, 1620.796, 1627.256, 1628.751 (1631.690)	Log prob: 1408.769, 1506.342, 1550.762, 1574.968, 1600.437, 1619.437, 1637.209, 1647.454, 1655.309, 1657.765 (1660.798)	KLD: 5.325, 4.157, 3.555, 3.722, 3.344, 2.735, 2.229, 1.590, 1.395, 0.961 (29.109)	Grad: 296.532, 38.796, 16.649, 20.528, 17.245, 4.616, 2.294, 1.161, 1.017, 1.978
[Epoch  30 (45.11s)]	ELBO: 1402.825, 1495.656, 1537.620, 1559.121, 1579.542, 1595.725, 1611.086, 1619.530, 1626.747, 1628.393 (1624.661)	Log prob: 1408.154, 1505.182, 1550.670, 1575.922, 1599.768, 1618.733, 1636.334, 1646.372, 1655.024, 1657.648 (1654.195)	KLD: 5.331, 4.195, 3.524, 3.751, 3.426, 2.783, 2.237, 1.597, 1.434, 0.978 (29.534)	Grad: 293.930, 44.812, 18.063, 19.649, 19.241, 4.488, 2.235, 1.131, 1.039, 1.876
[Epoch  31 (46.45s)]	ELBO: 1403.513, 1496.378, 1539.595, 1561.984, 1581.432, 1597.204, 1612.519, 1620.735, 1628.277, 1629.930 (1632.970)	Log prob: 1408.912, 1505.985, 1552.712, 1578.890, 1601.839, 1620.438, 1638.001, 1647.820, 1656.824, 1659.456 (1662.668)	KLD: 5.398, 4.211, 3.507, 3.791, 3.499, 2.828, 2.247, 1.603, 1.462, 0.979 (29.697)	Grad: 320.587, 49.380, 14.657, 19.390, 19.151, 5.019, 2.396, 1.176, 1.073, 1.900
[Epoch  32 (44.10s)]	ELBO: 1403.821, 1497.137, 1541.354, 1564.372, 1582.620, 1598.147, 1613.223, 1621.367, 1628.805, 1630.547 (1635.543)	Log prob: 1409.274, 1506.829, 1554.533, 1581.368, 1603.172, 1621.568, 1638.891, 1648.649, 1657.546, 1660.278 (1665.242)	KLD: 5.453, 4.238, 3.487, 3.818, 3.557, 2.867, 2.246, 1.616, 1.459, 0.991 (29.698)	Grad: 306.476, 49.458, 12.455, 19.361, 21.079, 4.467, 2.245, 1.311, 1.074, 1.699
[Epoch  33 (43.62s)]	ELBO: 1403.495, 1496.495, 1541.005, 1564.754, 1582.502, 1597.633, 1612.567, 1620.621, 1628.151, 1630.003 (1634.931)	Log prob: 1408.976, 1506.238, 1554.202, 1581.795, 1603.133, 1621.156, 1638.337, 1648.033, 1657.036, 1659.898 (1664.878)	KLD: 5.481, 4.262, 3.455, 3.844, 3.590, 2.891, 2.247, 1.642, 1.475, 1.008 (29.947)	Grad: 325.259, 54.286, 12.602, 17.828, 21.864, 4.674, 2.376, 1.228, 1.079, 1.799
[Epoch  34 (42.36s)]	ELBO: 1402.670, 1495.762, 1540.780, 1564.859, 1582.428, 1597.191, 1612.086, 1620.004, 1627.669, 1629.587 (1634.096)	Log prob: 1408.197, 1505.581, 1554.058, 1582.004, 1603.208, 1620.905, 1638.062, 1647.619, 1656.764, 1659.677 (1664.847)	KLD: 5.529, 4.291, 3.458, 3.868, 3.635, 2.933, 2.261, 1.639, 1.480, 0.997 (30.752)	Grad: 309.187, 56.618, 11.146, 21.441, 20.930, 5.647, 2.353, 1.291, 1.082, 1.496
[Epoch  35 (42.53s)]	ELBO: 1405.797, 1499.185, 1544.263, 1569.112, 1586.672, 1601.351, 1616.127, 1623.867, 1631.746, 1633.668 (1627.833)	Log prob: 1411.353, 1509.045, 1557.582, 1586.314, 1607.557, 1625.217, 1642.261, 1651.670, 1661.024, 1663.972 (1658.116)	KLD: 5.555, 4.306, 3.458, 3.882, 3.684, 2.981, 2.270, 1.667, 1.475, 1.026 (30.283)	Grad: 246.036, 48.762, 9.972, 21.038, 19.980, 5.081, 2.027, 1.253, 0.952, 1.273
[Epoch  36 (49.45s)]	ELBO: 1404.736, 1497.672, 1543.206, 1568.672, 1586.121, 1600.298, 1615.108, 1622.846, 1631.091, 1633.177 (1634.908)	Log prob: 1410.304, 1507.577, 1556.548, 1585.935, 1607.077, 1624.275, 1641.361, 1650.767, 1660.521, 1663.647 (1664.933)	KLD: 5.568, 4.336, 3.438, 3.920, 3.695, 3.020, 2.275, 1.668, 1.509, 1.039 (30.024)	Grad: 336.383, 63.748, 11.141, 18.125, 23.006, 5.130, 2.156, 1.223, 1.091, 1.628
[Epoch  37 (50.79s)]	ELBO: 1404.882, 1497.609, 1543.285, 1569.166, 1586.371, 1600.556, 1615.453, 1623.139, 1631.280, 1633.517 (1637.847)	Log prob: 1410.479, 1507.547, 1556.660, 1586.506, 1607.440, 1624.691, 1641.861, 1651.235, 1660.892, 1664.184 (1668.867)	KLD: 5.596, 4.343, 3.437, 3.966, 3.729, 3.065, 2.273, 1.689, 1.515, 1.054 (31.020)	Grad: 291.387, 58.196, 9.389, 17.454, 19.618, 4.462, 2.159, 1.377, 1.067, 1.417
[Epoch  38 (49.65s)]	ELBO: 1405.757, 1498.322, 1544.306, 1570.134, 1587.481, 1601.178, 1616.047, 1624.061, 1632.419, 1634.613 (1639.125)	Log prob: 1411.394, 1508.337, 1557.758, 1587.593, 1608.700, 1625.504, 1642.649, 1652.351, 1662.243, 1665.506 (1670.309)	KLD: 5.636, 4.379, 3.439, 4.005, 3.759, 3.108, 2.276, 1.687, 1.535, 1.069 (31.184)	Grad: 307.959, 64.393, 10.736, 16.630, 20.467, 5.598, 2.099, 1.219, 1.046, 1.320
[Epoch  39 (51.57s)]	ELBO: 1405.349, 1498.219, 1544.443, 1570.445, 1588.077, 1601.583, 1616.528, 1624.450, 1632.803, 1635.085 (1630.436)	Log prob: 1411.005, 1508.279, 1557.952, 1588.009, 1609.414, 1626.069, 1643.304, 1652.916, 1662.809, 1666.157 (1661.454)	KLD: 5.657, 4.402, 3.450, 4.054, 3.774, 3.149, 2.289, 1.689, 1.541, 1.066 (31.018)	Grad: 336.705, 70.142, 9.977, 22.960, 22.376, 5.608, 2.236, 1.215, 1.115, 1.431
[Epoch  40 (53.15s)]	ELBO: 1406.330, 1499.156, 1545.382, 1571.489, 1589.364, 1602.603, 1617.473, 1625.328, 1633.620, 1635.952 (1638.863)	Log prob: 1412.005, 1509.276, 1558.963, 1589.162, 1610.826, 1627.245, 1644.410, 1653.982, 1663.811, 1667.234 (1670.561)	KLD: 5.675, 4.446, 3.460, 4.092, 3.789, 3.181, 2.294, 1.717, 1.535, 1.093 (31.698)	Grad: 297.802, 68.733, 8.990, 22.607, 22.022, 5.894, 2.082, 1.237, 1.019, 1.240
[Epoch  41 (52.83s)]	ELBO: 1407.062, 1498.908, 1544.865, 1571.322, 1589.454, 1602.496, 1617.617, 1625.510, 1634.080, 1636.816 (1635.722)	Log prob: 1412.774, 1509.109, 1558.526, 1589.116, 1611.074, 1627.356, 1644.793, 1654.421, 1664.551, 1668.372 (1667.603)	KLD: 5.710, 4.491, 3.459, 4.133, 3.826, 3.240, 2.318, 1.733, 1.559, 1.084 (31.881)	Grad: 277.550, 69.181, 10.611, 22.535, 20.931, 6.097, 2.052, 1.241, 0.962, 1.096
[Epoch  42 (52.81s)]	ELBO: 1407.006, 1498.743, 1544.889, 1571.291, 1589.598, 1602.627, 1617.610, 1625.509, 1634.533, 1637.270 (1639.026)	Log prob: 1412.749, 1509.008, 1558.630, 1589.212, 1611.378, 1627.684, 1644.982, 1654.641, 1665.247, 1669.091 (1671.406)	KLD: 5.744, 4.522, 3.477, 4.181, 3.857, 3.276, 2.316, 1.760, 1.582, 1.107 (32.380)	Grad: 283.164, 67.376, 10.229, 22.717, 21.554, 6.407, 2.188, 1.206, 1.016, 1.039
[Epoch  43 (52.07s)]	ELBO: 1407.514, 1499.583, 1546.132, 1572.548, 1590.852, 1603.702, 1618.610, 1626.589, 1635.303, 1638.141 (1640.794)	Log prob: 1413.283, 1509.880, 1559.917, 1590.560, 1612.743, 1628.908, 1646.128, 1655.858, 1666.152, 1670.109 (1672.870)	KLD: 5.768, 4.529, 3.488, 4.227, 3.879, 3.316, 2.312, 1.750, 1.581, 1.118 (32.076)	Grad: 298.773, 73.987, 8.538, 24.810, 19.728, 6.586, 2.253, 1.271, 0.974, 1.009
[Epoch  44 (54.57s)]	ELBO: 1407.311, 1499.408, 1546.071, 1572.162, 1590.328, 1603.080, 1617.953, 1626.045, 1634.593, 1637.403 (1639.611)	Log prob: 1413.090, 1509.743, 1559.904, 1590.257, 1612.294, 1628.399, 1645.609, 1655.465, 1665.572, 1669.501 (1671.774)	KLD: 5.779, 4.555, 3.498, 4.264, 3.870, 3.353, 2.337, 1.762, 1.561, 1.119 (32.163)	Grad: 292.430, 75.866, 9.716, 24.405, 21.043, 6.632, 2.468, 1.343, 0.973, 0.964
[Epoch  45 (53.40s)]	ELBO: 1407.734, 1499.483, 1546.099, 1572.085, 1590.668, 1603.210, 1618.413, 1626.825, 1635.297, 1638.262 (1643.025)	Log prob: 1413.526, 1509.855, 1559.975, 1590.271, 1612.747, 1628.680, 1646.218, 1656.392, 1666.435, 1670.542 (1675.763)	KLD: 5.793, 4.581, 3.503, 4.308, 3.895, 3.391, 2.335, 1.763, 1.570, 1.140 (32.738)	Grad: 293.642, 75.189, 8.799, 25.565, 24.229, 6.420, 2.116, 1.244, 0.932, 0.961
[Epoch  46 (51.37s)]	ELBO: 1408.232, 1500.171, 1546.903, 1572.811, 1591.683, 1604.135, 1619.263, 1627.652, 1636.196, 1639.144 (1643.033)	Log prob: 1414.048, 1510.597, 1560.853, 1591.110, 1613.892, 1629.753, 1647.224, 1657.368, 1667.486, 1671.567 (1675.819)	KLD: 5.816, 4.609, 3.525, 4.348, 3.912, 3.408, 2.342, 1.755, 1.575, 1.133 (32.786)	Grad: 303.622, 77.537, 8.825, 30.008, 19.897, 7.103, 2.127, 1.044, 0.931, 0.924
[Epoch  47 (52.37s)]	ELBO: 1409.024, 1500.615, 1547.517, 1573.389, 1592.065, 1604.324, 1619.379, 1627.951, 1636.635, 1639.658 (1643.218)	Log prob: 1414.853, 1511.086, 1561.533, 1591.795, 1614.406, 1630.108, 1647.519, 1657.881, 1668.152, 1672.317 (1675.697)	KLD: 5.830, 4.640, 3.546, 4.391, 3.934, 3.443, 2.357, 1.790, 1.588, 1.140 (32.479)	Grad: 291.657, 81.569, 8.840, 26.664, 20.266, 7.464, 2.291, 1.133, 0.894, 0.866
[Epoch  48 (48.15s)]	ELBO: 1409.074, 1500.728, 1547.661, 1573.206, 1591.895, 1603.894, 1619.133, 1627.747, 1636.441, 1639.371 (1642.374)	Log prob: 1414.931, 1511.237, 1561.716, 1591.694, 1614.327, 1629.794, 1647.377, 1657.778, 1668.043, 1672.107 (1675.220)	KLD: 5.858, 4.652, 3.546, 4.431, 3.944, 3.469, 2.343, 1.789, 1.569, 1.134 (32.846)	Grad: 305.538, 84.238, 9.146, 28.608, 20.123, 8.886, 2.132, 1.279, 0.983, 0.883
[Epoch  49 (45.64s)]	ELBO: 1409.924, 1501.375, 1548.305, 1573.652, 1592.642, 1604.653, 1619.766, 1628.435, 1637.070, 1640.096 (1638.445)	Log prob: 1415.789, 1511.919, 1562.403, 1592.232, 1615.186, 1630.711, 1648.192, 1658.643, 1668.875, 1673.027 (1671.759)	KLD: 5.865, 4.679, 3.554, 4.482, 3.964, 3.515, 2.367, 1.783, 1.597, 1.127 (33.314)	Grad: 290.124, 81.903, 10.618, 33.547, 21.534, 8.199, 2.297, 1.258, 0.857, 0.841
[Epoch  50 (44.06s)]	ELBO: 1410.347, 1501.568, 1548.600, 1573.736, 1592.766, 1604.703, 1619.862, 1628.560, 1637.331, 1640.454 (1641.111)	Log prob: 1416.236, 1512.166, 1562.772, 1592.437, 1615.443, 1630.912, 1648.458, 1658.944, 1669.314, 1673.574 (1673.908)	KLD: 5.890, 4.708, 3.575, 4.527, 3.978, 3.532, 2.387, 1.787, 1.600, 1.136 (32.797)	Grad: 288.173, 87.490, 8.978, 32.584, 21.720, 7.851, 2.202, 1.147, 0.873, 0.843
[Epoch  51 (43.61s)]	ELBO: 1410.702, 1501.738, 1548.502, 1573.753, 1593.084, 1604.841, 1620.141, 1628.878, 1637.445, 1640.582 (1638.768)	Log prob: 1416.603, 1512.399, 1562.756, 1592.567, 1615.885, 1631.207, 1648.896, 1659.422, 1669.590, 1673.854 (1672.403)	KLD: 5.901, 4.760, 3.594, 4.559, 3.988, 3.563, 2.390, 1.790, 1.600, 1.127 (33.635)	Grad: 288.665, 88.724, 8.656, 31.753, 20.023, 8.523, 2.184, 1.148, 0.823, 0.805
[Epoch  52 (43.53s)]	ELBO: 1410.823, 1500.529, 1546.716, 1571.850, 1591.375, 1603.210, 1618.611, 1627.070, 1635.801, 1639.116 (1643.932)	Log prob: 1416.727, 1511.202, 1561.011, 1590.731, 1614.249, 1629.675, 1647.457, 1657.712, 1668.048, 1672.489 (1676.945)	KLD: 5.903, 4.770, 3.623, 4.585, 3.994, 3.589, 2.383, 1.795, 1.604, 1.128 (33.013)	Grad: 302.543, 94.323, 8.909, 36.781, 21.687, 9.706, 2.276, 1.106, 0.880, 0.796
[Epoch  53 (43.32s)]	ELBO: 1411.395, 1502.103, 1548.620, 1573.529, 1593.347, 1604.947, 1620.297, 1629.058, 1637.681, 1641.103 (1635.846)	Log prob: 1417.313, 1512.799, 1562.949, 1592.480, 1616.319, 1631.525, 1649.256, 1659.813, 1670.040, 1674.587 (1669.676)	KLD: 5.917, 4.778, 3.633, 4.622, 4.020, 3.607, 2.382, 1.796, 1.603, 1.126 (33.831)	Grad: 295.744, 94.682, 8.675, 38.055, 20.951, 10.362, 2.439, 1.215, 0.867, 0.769
[Epoch  54 (43.49s)]	ELBO: 1412.088, 1502.905, 1549.719, 1574.149, 1594.011, 1605.693, 1620.868, 1629.523, 1638.295, 1641.438 (1641.406)	Log prob: 1418.034, 1513.639, 1564.104, 1593.188, 1617.087, 1632.399, 1649.958, 1660.411, 1670.789, 1675.045 (1675.289)	KLD: 5.946, 4.787, 3.652, 4.654, 4.037, 3.628, 2.387, 1.797, 1.607, 1.112 (33.883)	Grad: 274.027, 85.599, 8.906, 36.964, 20.190, 9.098, 2.108, 1.173, 0.870, 0.745
[Epoch  55 (48.42s)]	ELBO: 1412.006, 1502.481, 1549.161, 1573.264, 1593.168, 1604.649, 1619.883, 1628.806, 1637.573, 1640.886 (1638.732)	Log prob: 1417.945, 1513.232, 1563.599, 1592.390, 1616.333, 1631.474, 1649.099, 1659.831, 1670.202, 1674.629 (1672.903)	KLD: 5.939, 4.811, 3.689, 4.687, 4.038, 3.660, 2.392, 1.808, 1.605, 1.115 (34.171)	Grad: 309.096, 102.923, 8.864, 40.487, 19.563, 9.503, 2.298, 1.149, 0.842, 0.800
[Epoch  56 (44.68s)]	ELBO: 1412.826, 1503.797, 1550.837, 1574.468, 1593.852, 1605.262, 1620.363, 1629.631, 1638.489, 1641.726 (1642.458)	Log prob: 1418.802, 1514.618, 1565.352, 1593.701, 1617.136, 1632.230, 1649.735, 1660.827, 1671.303, 1675.651 (1676.500)	KLD: 5.977, 4.844, 3.695, 4.716, 4.053, 3.682, 2.405, 1.824, 1.618, 1.110 (34.042)	Grad: 269.299, 87.391, 9.690, 39.497, 18.267, 10.128, 2.194, 1.197, 0.793, 0.723
[Epoch  57 (47.14s)]	ELBO: 1412.894, 1503.249, 1550.081, 1573.800, 1593.303, 1604.632, 1619.742, 1629.104, 1638.042, 1641.370 (1644.725)	Log prob: 1418.880, 1514.105, 1564.650, 1593.121, 1616.688, 1631.698, 1649.223, 1660.405, 1670.955, 1675.398 (1678.805)	KLD: 5.987, 4.871, 3.710, 4.752, 4.065, 3.682, 2.414, 1.819, 1.612, 1.115 (34.081)	Grad: 289.076, 99.020, 9.970, 40.098, 21.907, 11.097, 2.187, 1.093, 0.837, 0.778
[Epoch  58 (45.01s)]	ELBO: 1413.339, 1503.752, 1550.728, 1574.208, 1593.889, 1605.380, 1620.371, 1629.929, 1638.656, 1641.977 (1639.261)	Log prob: 1419.345, 1514.660, 1565.356, 1593.615, 1617.384, 1632.570, 1649.971, 1661.360, 1671.699, 1676.139 (1673.448)	KLD: 6.007, 4.902, 3.720, 4.780, 4.088, 3.695, 2.409, 1.830, 1.614, 1.118 (34.187)	Grad: 283.693, 94.159, 9.932, 46.956, 20.714, 9.900, 2.312, 1.062, 0.839, 0.710
[Epoch  59 (43.96s)]	ELBO: 1412.970, 1501.747, 1548.711, 1572.260, 1592.650, 1604.020, 1619.002, 1628.622, 1637.478, 1641.178 (1631.070)	Log prob: 1418.979, 1512.709, 1563.423, 1591.777, 1616.264, 1631.344, 1648.747, 1660.198, 1670.685, 1675.535 (1664.682)	KLD: 6.009, 4.953, 3.750, 4.806, 4.097, 3.710, 2.420, 1.833, 1.631, 1.148 (33.613)	Grad: 316.678, 112.071, 9.849, 44.426, 23.112, 11.128, 2.297, 1.161, 0.791, 0.747
[Epoch  60 (42.79s)]	ELBO: 1413.854, 1503.755, 1550.800, 1574.331, 1594.943, 1606.370, 1621.252, 1630.819, 1639.627, 1643.249 (1646.860)	Log prob: 1419.865, 1514.733, 1565.531, 1593.888, 1618.616, 1633.766, 1651.076, 1662.466, 1672.897, 1677.659 (1680.831)	KLD: 6.013, 4.965, 3.753, 4.826, 4.116, 3.722, 2.428, 1.825, 1.622, 1.139 (33.971)	Grad: 290.048, 105.734, 10.360, 45.690, 20.581, 10.232, 2.190, 1.183, 0.728, 0.715
[Epoch  61 (43.50s)]	ELBO: 1413.964, 1502.101, 1549.036, 1572.447, 1593.343, 1604.862, 1619.709, 1629.440, 1638.265, 1642.201 (1636.271)	Log prob: 1419.989, 1513.115, 1563.815, 1592.067, 1617.093, 1632.347, 1649.604, 1661.172, 1671.611, 1676.710 (1670.951)	KLD: 6.024, 4.989, 3.766, 4.841, 4.131, 3.735, 2.409, 1.838, 1.612, 1.165 (34.680)	Grad: 283.358, 106.083, 9.492, 46.597, 21.182, 9.655, 2.506, 1.129, 0.772, 0.712
[Epoch  62 (44.80s)]	ELBO: 1414.658, 1503.956, 1550.986, 1574.170, 1595.079, 1606.605, 1621.364, 1631.131, 1639.969, 1643.745 (1638.520)	Log prob: 1420.708, 1515.006, 1565.833, 1593.894, 1618.933, 1634.193, 1651.374, 1662.979, 1673.426, 1678.362 (1673.264)	KLD: 6.051, 5.000, 3.797, 4.876, 4.131, 3.734, 2.422, 1.837, 1.610, 1.160 (34.744)	Grad: 277.597, 104.709, 9.636, 46.168, 21.598, 9.365, 2.521, 1.085, 0.739, 0.729
[Epoch  63 (43.44s)]	ELBO: 1414.585, 1503.080, 1549.979, 1573.065, 1594.382, 1605.998, 1620.759, 1630.557, 1639.320, 1643.397 (1648.085)	Log prob: 1420.617, 1514.122, 1564.809, 1592.804, 1618.294, 1633.660, 1650.819, 1662.455, 1672.823, 1678.065 (1682.119)	KLD: 6.033, 5.009, 3.788, 4.910, 4.173, 3.751, 2.399, 1.835, 1.607, 1.164 (34.033)	Grad: 299.321, 115.112, 10.098, 48.705, 21.467, 9.832, 2.340, 1.108, 0.767, 0.705
[Epoch  64 (43.22s)]	ELBO: 1415.358, 1504.658, 1551.557, 1574.514, 1595.927, 1607.522, 1621.991, 1631.899, 1640.660, 1644.587 (1641.556)	Log prob: 1421.407, 1515.765, 1566.480, 1594.371, 1619.963, 1635.321, 1652.198, 1663.938, 1674.315, 1679.416 (1676.332)	KLD: 6.049, 5.060, 3.815, 4.935, 4.179, 3.764, 2.408, 1.831, 1.616, 1.175 (34.775)	Grad: 262.043, 93.904, 9.153, 49.603, 22.814, 9.418, 2.276, 1.154, 0.733, 0.674
[Epoch  65 (44.86s)]	ELBO: 1415.331, 1504.732, 1551.656, 1574.513, 1596.016, 1607.591, 1622.193, 1632.276, 1641.112, 1645.000 (1647.473)	Log prob: 1421.398, 1515.865, 1566.592, 1594.403, 1620.094, 1635.436, 1652.459, 1664.383, 1674.818, 1679.876 (1682.716)	KLD: 6.067, 5.066, 3.804, 4.952, 4.189, 3.767, 2.421, 1.842, 1.600, 1.169 (35.243)	Grad: 288.608, 105.720, 10.128, 53.671, 21.627, 9.894, 2.032, 1.053, 0.703, 0.707
[Epoch  66 (45.51s)]	ELBO: 1415.786, 1505.608, 1552.591, 1575.208, 1596.646, 1608.502, 1622.955, 1633.140, 1641.954, 1645.702 (1632.794)	Log prob: 1421.863, 1516.753, 1567.564, 1595.164, 1620.813, 1636.438, 1653.299, 1665.321, 1675.727, 1680.627 (1667.540)	KLD: 6.076, 5.068, 3.830, 4.984, 4.211, 3.768, 2.408, 1.836, 1.594, 1.153 (34.746)	Grad: 287.818, 106.014, 9.879, 56.580, 22.777, 9.618, 2.105, 1.119, 0.691, 0.684
[Epoch  67 (45.15s)]	ELBO: 1415.792, 1505.326, 1552.748, 1575.325, 1596.301, 1607.950, 1622.361, 1632.628, 1641.450, 1645.279 (1647.574)	Log prob: 1421.885, 1516.494, 1567.761, 1595.335, 1620.544, 1635.965, 1652.795, 1664.903, 1675.333, 1680.316 (1683.787)	KLD: 6.092, 5.076, 3.844, 4.997, 4.233, 3.772, 2.419, 1.840, 1.607, 1.156 (36.213)	Grad: 272.734, 96.767, 9.482, 49.833, 23.878, 9.371, 2.274, 1.246, 0.737, 0.652
[Epoch  68 (50.52s)]	ELBO: 1415.820, 1504.890, 1552.177, 1574.755, 1595.726, 1607.123, 1621.657, 1631.897, 1640.500, 1644.728 (1648.371)	Log prob: 1421.929, 1516.106, 1567.256, 1594.866, 1620.071, 1635.243, 1652.202, 1664.294, 1674.489, 1679.912 (1683.806)	KLD: 6.109, 5.108, 3.862, 5.033, 4.232, 3.777, 2.424, 1.851, 1.593, 1.193 (35.435)	Grad: 314.141, 114.544, 9.875, 57.565, 25.100, 10.186, 2.180, 1.109, 0.799, 0.693
[Epoch  69 (59.52s)]	ELBO: 1416.506, 1505.940, 1553.195, 1575.829, 1596.672, 1608.170, 1623.010, 1633.122, 1641.872, 1646.019 (1642.871)	Log prob: 1422.620, 1517.176, 1568.301, 1595.982, 1621.068, 1636.352, 1653.611, 1665.567, 1675.910, 1681.260 (1677.746)	KLD: 6.115, 5.121, 3.870, 5.047, 4.243, 3.786, 2.419, 1.843, 1.595, 1.203 (34.875)	Grad: 281.143, 114.402, 10.632, 57.826, 20.436, 9.300, 2.274, 1.103, 0.700, 0.652
[Epoch  70 (53.04s)]	ELBO: 1416.622, 1505.717, 1552.598, 1575.025, 1595.304, 1606.695, 1621.541, 1631.636, 1640.404, 1644.347 (1642.602)	Log prob: 1422.748, 1516.960, 1567.716, 1595.216, 1619.739, 1634.920, 1652.175, 1664.101, 1674.471, 1679.582 (1678.012)	KLD: 6.126, 5.116, 3.875, 5.074, 4.243, 3.791, 2.410, 1.831, 1.602, 1.168 (35.410)	Grad: 298.694, 111.139, 9.986, 61.261, 23.775, 10.119, 2.302, 1.119, 0.751, 0.661
[Epoch  71 (51.80s)]	ELBO: 1416.856, 1505.865, 1552.520, 1574.869, 1595.458, 1607.164, 1621.847, 1632.209, 1640.921, 1645.043 (1647.454)	Log prob: 1422.999, 1517.126, 1567.655, 1595.091, 1619.955, 1635.464, 1652.570, 1664.758, 1675.078, 1680.373 (1682.874)	KLD: 6.144, 5.116, 3.875, 5.087, 4.276, 3.803, 2.423, 1.827, 1.607, 1.172 (35.421)	Grad: 300.491, 112.038, 10.936, 64.300, 21.163, 8.776, 2.377, 1.142, 0.793, 0.660
[Epoch  72 (51.65s)]	ELBO: 1416.927, 1504.431, 1550.770, 1573.266, 1594.623, 1606.193, 1621.146, 1631.651, 1640.496, 1644.962 (1647.081)	Log prob: 1423.100, 1515.792, 1566.016, 1593.623, 1619.266, 1634.651, 1652.030, 1664.385, 1674.824, 1680.514 (1683.223)	KLD: 6.174, 5.187, 3.885, 5.112, 4.286, 3.815, 2.425, 1.850, 1.593, 1.223 (36.142)	Grad: 294.966, 116.796, 9.654, 63.500, 21.493, 9.876, 2.317, 1.234, 0.680, 0.651
[Epoch  73 (55.78s)]	ELBO: 1417.357, 1506.666, 1553.391, 1575.724, 1596.848, 1608.573, 1623.254, 1633.579, 1642.273, 1646.528 (1641.321)	Log prob: 1423.527, 1518.016, 1568.633, 1596.076, 1621.499, 1637.044, 1654.150, 1666.311, 1676.587, 1682.061 (1677.076)	KLD: 6.170, 5.180, 3.892, 5.112, 4.298, 3.820, 2.425, 1.836, 1.582, 1.220 (35.754)	Grad: 290.179, 113.647, 10.623, 62.659, 24.820, 10.342, 2.061, 1.029, 0.713, 0.592
[Epoch  74 (57.02s)]	ELBO: 1417.663, 1507.206, 1553.848, 1576.104, 1597.436, 1609.144, 1623.716, 1634.076, 1642.705, 1647.105 (1644.470)	Log prob: 1423.848, 1518.582, 1569.145, 1596.537, 1622.188, 1637.736, 1654.744, 1666.941, 1677.165, 1682.797 (1680.702)	KLD: 6.186, 5.190, 3.920, 5.137, 4.318, 3.841, 2.435, 1.836, 1.595, 1.232 (36.232)	Grad: 267.657, 112.665, 9.289, 58.272, 21.766, 8.784, 2.062, 1.061, 0.697, 0.620
[Epoch  75 (49.76s)]	ELBO: 1417.914, 1507.199, 1553.885, 1576.095, 1597.505, 1609.155, 1623.701, 1634.202, 1642.861, 1647.473 (1651.295)	Log prob: 1424.118, 1518.638, 1569.254, 1596.629, 1622.379, 1637.862, 1654.834, 1667.183, 1677.453, 1683.303 (1687.217)	KLD: 6.204, 5.234, 3.931, 5.164, 4.340, 3.834, 2.427, 1.848, 1.610, 1.238 (35.922)	Grad: 280.068, 109.977, 10.414, 59.099, 20.620, 10.786, 2.293, 1.023, 0.645, 0.588
[Epoch  76 (59.37s)]	ELBO: 1418.041, 1506.916, 1553.751, 1575.780, 1596.951, 1608.685, 1623.354, 1633.642, 1642.229, 1646.898 (1646.192)	Log prob: 1424.256, 1518.366, 1569.145, 1596.355, 1621.871, 1637.462, 1654.558, 1666.677, 1676.863, 1682.788 (1682.249)	KLD: 6.214, 5.237, 3.942, 5.183, 4.345, 3.855, 2.427, 1.834, 1.597, 1.255 (36.057)	Grad: 273.787, 116.786, 10.462, 60.741, 23.186, 9.143, 2.006, 1.057, 0.717, 0.591
[Epoch  77 (60.81s)]	ELBO: 1417.961, 1506.917, 1553.566, 1575.380, 1596.875, 1608.650, 1623.138, 1633.635, 1642.366, 1646.874 (1649.001)	Log prob: 1424.190, 1518.393, 1568.982, 1595.993, 1621.836, 1637.480, 1654.412, 1666.745, 1677.077, 1682.853 (1685.004)	KLD: 6.228, 5.247, 3.941, 5.197, 4.348, 3.870, 2.444, 1.835, 1.600, 1.269 (36.003)	Grad: 328.167, 126.410, 9.412, 72.254, 24.045, 8.602, 2.360, 1.044, 0.657, 0.625
[Epoch  78 (76.49s)]	ELBO: 1418.638, 1507.369, 1553.746, 1575.798, 1597.529, 1609.400, 1623.851, 1634.618, 1643.377, 1648.130 (1651.544)	Log prob: 1424.863, 1518.898, 1569.229, 1596.514, 1622.631, 1638.383, 1655.273, 1667.890, 1678.253, 1684.273 (1687.123)	KLD: 6.226, 5.304, 3.955, 5.232, 4.387, 3.879, 2.439, 1.849, 1.605, 1.267 (35.579)	Grad: 269.320, 113.787, 10.417, 59.171, 21.052, 9.645, 2.232, 0.921, 0.656, 0.615
[Epoch  79 (75.10s)]	ELBO: 1418.608, 1506.777, 1552.975, 1574.957, 1596.722, 1608.511, 1623.026, 1634.025, 1642.804, 1647.774 (1649.162)	Log prob: 1424.846, 1518.330, 1568.491, 1595.694, 1621.846, 1637.517, 1654.475, 1667.318, 1677.694, 1683.954 (1685.636)	KLD: 6.237, 5.317, 3.962, 5.221, 4.387, 3.881, 2.444, 1.842, 1.598, 1.291 (36.474)	Grad: 298.037, 126.164, 10.430, 66.715, 25.170, 10.464, 2.096, 0.964, 0.668, 0.603
[Epoch  80 (74.18s)]	ELBO: 1418.540, 1506.837, 1553.008, 1575.052, 1596.717, 1608.737, 1623.209, 1633.975, 1642.720, 1647.545 (1647.121)	Log prob: 1424.797, 1518.423, 1568.566, 1595.859, 1621.937, 1637.851, 1654.765, 1667.372, 1677.714, 1683.814 (1683.626)	KLD: 6.257, 5.329, 3.971, 5.249, 4.414, 3.894, 2.442, 1.840, 1.597, 1.277 (36.505)	Grad: 326.164, 130.314, 9.606, 69.486, 24.399, 9.495, 1.955, 0.980, 0.709, 0.611
[Epoch  81 (59.83s)]	ELBO: 1418.833, 1506.947, 1553.347, 1575.097, 1596.712, 1608.548, 1623.023, 1633.794, 1642.710, 1647.652 (1646.194)	Log prob: 1425.087, 1518.536, 1568.927, 1595.955, 1621.990, 1637.734, 1654.645, 1667.252, 1677.780, 1684.006 (1683.073)	KLD: 6.254, 5.336, 3.989, 5.279, 4.421, 3.908, 2.434, 1.836, 1.612, 1.286 (36.879)	Grad: 300.566, 126.442, 10.354, 73.518, 23.383, 10.747, 2.094, 1.013, 0.675, 0.596
[Epoch  82 (49.04s)]	ELBO: 1419.335, 1507.576, 1553.717, 1575.423, 1596.925, 1608.993, 1623.393, 1634.148, 1642.994, 1647.903 (1644.410)	Log prob: 1425.605, 1519.227, 1569.363, 1596.355, 1622.292, 1638.285, 1655.131, 1667.725, 1678.180, 1684.372 (1680.423)	KLD: 6.269, 5.383, 3.993, 5.288, 4.434, 3.924, 2.447, 1.839, 1.608, 1.283 (36.014)	Grad: 290.709, 124.247, 9.937, 67.014, 24.941, 9.273, 2.026, 0.960, 0.658, 0.586
[Epoch  83 (54.07s)]	ELBO: 1419.598, 1507.470, 1553.825, 1575.194, 1596.630, 1608.736, 1623.175, 1633.942, 1642.959, 1647.698 (1646.734)	Log prob: 1425.868, 1519.114, 1569.481, 1596.163, 1622.042, 1638.077, 1654.952, 1667.559, 1678.187, 1684.226 (1683.354)	KLD: 6.271, 5.373, 4.012, 5.313, 4.443, 3.930, 2.436, 1.840, 1.612, 1.300 (36.620)	Grad: 264.588, 121.761, 10.394, 75.183, 22.107, 9.224, 2.038, 0.985, 0.650, 0.609
[Epoch  84 (52.54s)]	ELBO: 1419.681, 1508.445, 1554.546, 1576.401, 1597.849, 1609.941, 1624.336, 1635.239, 1644.205, 1649.055 (1648.157)	Log prob: 1425.971, 1520.147, 1570.274, 1597.440, 1623.356, 1639.389, 1656.228, 1668.985, 1679.560, 1685.709 (1685.409)	KLD: 6.290, 5.411, 4.026, 5.312, 4.468, 3.941, 2.443, 1.855, 1.608, 1.299 (37.252)	Grad: 283.342, 124.282, 9.933, 63.415, 22.133, 9.129, 1.940, 0.965, 0.660, 0.565
[Epoch  85 (51.42s)]	ELBO: 1420.032, 1508.416, 1554.625, 1576.286, 1597.515, 1609.496, 1623.904, 1634.722, 1643.626, 1648.533 (1646.652)	Log prob: 1426.335, 1520.114, 1570.349, 1597.362, 1623.080, 1639.010, 1655.869, 1668.523, 1679.034, 1685.241 (1683.010)	KLD: 6.305, 5.393, 4.027, 5.351, 4.488, 3.949, 2.450, 1.837, 1.606, 1.301 (36.358)	Grad: 260.380, 123.083, 10.694, 70.793, 21.110, 11.321, 1.874, 1.053, 0.655, 0.553
[Epoch  86 (47.62s)]	ELBO: 1419.793, 1507.213, 1553.045, 1574.690, 1595.797, 1608.053, 1622.230, 1633.155, 1642.129, 1647.080 (1649.034)	Log prob: 1426.093, 1518.928, 1568.794, 1595.804, 1621.403, 1637.616, 1654.242, 1667.006, 1677.584, 1683.835 (1685.464)	KLD: 6.299, 5.417, 4.032, 5.365, 4.493, 3.957, 2.450, 1.839, 1.605, 1.300 (36.430)	Grad: 301.285, 128.881, 10.882, 72.622, 22.979, 10.455, 2.012, 1.064, 0.657, 0.556
[Epoch  87 (49.29s)]	ELBO: 1419.859, 1507.392, 1553.003, 1574.602, 1596.289, 1608.349, 1622.736, 1633.574, 1642.552, 1647.697 (1643.957)	Log prob: 1426.169, 1519.138, 1568.806, 1595.774, 1621.958, 1637.980, 1654.816, 1667.506, 1678.107, 1684.577 (1681.186)	KLD: 6.309, 5.437, 4.059, 5.368, 4.498, 3.962, 2.449, 1.851, 1.622, 1.325 (37.229)	Grad: 298.848, 139.294, 11.457, 78.355, 23.982, 9.022, 2.119, 1.053, 0.717, 0.598
[Epoch  88 (67.69s)]	ELBO: 1420.294, 1508.536, 1554.203, 1575.684, 1597.357, 1609.433, 1623.848, 1634.488, 1643.566, 1648.608 (1649.822)	Log prob: 1426.610, 1520.300, 1570.035, 1596.909, 1623.099, 1639.157, 1656.025, 1668.504, 1679.196, 1685.552 (1687.309)	KLD: 6.315, 5.449, 4.069, 5.391, 4.517, 3.983, 2.454, 1.838, 1.612, 1.316 (37.487)	Grad: 302.944, 140.001, 10.913, 82.635, 21.584, 9.482, 1.705, 0.931, 0.630, 0.554
[Epoch  89 (81.42s)]	ELBO: 1420.519, 1507.549, 1553.066, 1574.437, 1596.127, 1608.073, 1622.571, 1633.438, 1642.475, 1647.818 (1643.373)	Log prob: 1426.847, 1519.347, 1568.939, 1595.721, 1621.945, 1637.880, 1654.831, 1667.534, 1678.197, 1684.867 (1680.901)	KLD: 6.329, 5.470, 4.074, 5.410, 4.535, 3.990, 2.450, 1.838, 1.626, 1.325 (37.528)	Grad: 295.324, 138.739, 10.596, 79.929, 22.748, 9.767, 1.917, 0.985, 0.679, 0.571
[Epoch  90 (83.39s)]	ELBO: 1420.820, 1507.851, 1553.263, 1574.704, 1596.239, 1608.243, 1622.650, 1633.615, 1642.841, 1647.973 (1648.759)	Log prob: 1427.151, 1519.679, 1569.185, 1596.039, 1622.116, 1638.116, 1654.971, 1667.775, 1678.623, 1685.098 (1685.921)	KLD: 6.330, 5.497, 4.096, 5.411, 4.542, 3.998, 2.448, 1.839, 1.621, 1.343 (37.162)	Grad: 281.882, 128.501, 10.758, 74.587, 25.148, 10.749, 1.701, 0.928, 0.641, 0.605
[Epoch  91 (78.02s)]	ELBO: 1420.577, 1507.800, 1553.406, 1574.418, 1595.789, 1607.835, 1622.377, 1633.212, 1642.345, 1647.512 (1648.726)	Log prob: 1426.916, 1519.642, 1569.348, 1595.775, 1621.694, 1637.741, 1654.729, 1667.408, 1678.166, 1684.657 (1686.002)	KLD: 6.339, 5.503, 4.099, 5.416, 4.548, 4.000, 2.448, 1.844, 1.624, 1.324 (37.276)	Grad: 311.339, 140.678, 12.930, 90.233, 24.235, 11.050, 1.978, 0.993, 0.641, 0.584
[Epoch  92 (73.56s)]	ELBO: 1421.345, 1508.726, 1554.311, 1575.369, 1596.701, 1608.723, 1623.108, 1633.902, 1643.022, 1648.204 (1640.172)	Log prob: 1427.687, 1520.565, 1570.255, 1596.754, 1622.650, 1638.683, 1655.522, 1668.153, 1678.893, 1685.405 (1677.439)	KLD: 6.343, 5.495, 4.106, 5.439, 4.565, 4.012, 2.455, 1.836, 1.621, 1.330 (37.268)	Grad: 288.896, 138.858, 11.794, 82.402, 25.205, 11.422, 1.841, 1.076, 0.627, 0.548
[Epoch  93 (62.44s)]	ELBO: 1421.189, 1509.233, 1554.816, 1575.647, 1597.011, 1608.952, 1623.542, 1634.306, 1643.247, 1648.512 (1647.482)	Log prob: 1427.533, 1521.076, 1570.786, 1597.060, 1622.993, 1638.953, 1655.996, 1668.601, 1679.142, 1685.729 (1683.859)	KLD: 6.344, 5.498, 4.128, 5.444, 4.568, 4.019, 2.452, 1.841, 1.600, 1.323 (36.376)	Grad: 300.386, 149.413, 12.011, 82.131, 27.757, 9.774, 1.837, 1.071, 0.578, 0.536
[Epoch  94 (64.23s)]	ELBO: 1421.684, 1509.282, 1554.767, 1575.681, 1597.221, 1609.518, 1623.949, 1634.663, 1643.667, 1648.801 (1651.198)	Log prob: 1428.042, 1521.166, 1570.789, 1597.161, 1623.293, 1639.625, 1656.520, 1669.072, 1679.701, 1686.175 (1688.482)	KLD: 6.360, 5.523, 4.140, 5.458, 4.591, 4.035, 2.464, 1.838, 1.624, 1.340 (37.284)	Grad: 268.547, 133.423, 10.371, 81.926, 24.873, 10.221, 1.904, 0.933, 0.594, 0.556
[Epoch  95 (64.20s)]	ELBO: 1422.139, 1509.762, 1555.293, 1576.193, 1597.566, 1609.624, 1624.266, 1634.914, 1643.839, 1649.001 (1648.098)	Log prob: 1428.498, 1521.650, 1571.329, 1597.695, 1623.650, 1639.744, 1656.835, 1669.321, 1679.855, 1686.341 (1685.082)	KLD: 6.359, 5.529, 4.148, 5.464, 4.583, 4.036, 2.450, 1.838, 1.608, 1.323 (36.984)	Grad: 268.112, 135.589, 11.763, 76.623, 24.129, 10.712, 1.859, 1.011, 0.599, 0.518
[Epoch  96 (62.73s)]	ELBO: 1422.319, 1508.312, 1554.048, 1575.031, 1596.046, 1608.084, 1622.708, 1633.676, 1642.660, 1647.694 (1646.739)	Log prob: 1428.685, 1520.189, 1570.094, 1596.554, 1622.173, 1638.263, 1655.346, 1668.172, 1678.771, 1685.134 (1684.420)	KLD: 6.366, 5.510, 4.169, 5.477, 4.605, 4.050, 2.460, 1.857, 1.615, 1.330 (37.682)	Grad: 266.056, 124.423, 10.986, 78.521, 21.213, 8.946, 1.767, 1.085, 0.612, 0.542
[Epoch  97 (64.93s)]	ELBO: 1422.314, 1508.389, 1553.695, 1574.775, 1596.235, 1608.237, 1622.992, 1633.784, 1642.468, 1647.677 (1651.811)	Log prob: 1428.673, 1520.278, 1569.754, 1596.328, 1622.399, 1638.469, 1655.694, 1668.318, 1678.605, 1685.155 (1689.050)	KLD: 6.358, 5.531, 4.170, 5.495, 4.611, 4.068, 2.469, 1.833, 1.604, 1.340 (37.239)	Grad: 279.376, 127.199, 11.665, 67.144, 23.686, 9.972, 1.711, 1.019, 0.637, 0.578
[Epoch  98 (59.08s)]	ELBO: 1422.325, 1508.977, 1554.203, 1574.844, 1596.153, 1608.281, 1623.022, 1633.777, 1642.646, 1647.958 (1649.637)	Log prob: 1428.692, 1520.892, 1570.297, 1596.429, 1622.358, 1638.546, 1655.754, 1668.338, 1678.812, 1685.467 (1687.439)	KLD: 6.366, 5.549, 4.180, 5.491, 4.619, 4.061, 2.466, 1.827, 1.606, 1.344 (37.802)	Grad: 315.223, 151.849, 12.608, 89.673, 28.912, 11.010, 1.759, 1.060, 0.624, 0.541
[Epoch  99 (46.64s)]	ELBO: 1422.699, 1509.145, 1554.356, 1575.000, 1596.262, 1608.345, 1623.238, 1633.982, 1642.955, 1648.225 (1651.206)	Log prob: 1429.078, 1521.106, 1570.518, 1596.666, 1622.566, 1638.728, 1656.096, 1668.675, 1679.250, 1685.862 (1689.395)	KLD: 6.378, 5.584, 4.200, 5.506, 4.636, 4.078, 2.475, 1.837, 1.600, 1.342 (38.189)	Grad: 307.539, 151.876, 11.071, 93.217, 24.387, 10.485, 1.597, 1.073, 0.606, 0.511
[Epoch 100 (55.50s)]	ELBO: 1423.120, 1509.767, 1555.135, 1575.940, 1597.196, 1609.251, 1623.905, 1634.604, 1643.580, 1648.845 (1640.841)	Log prob: 1429.490, 1521.702, 1571.264, 1597.590, 1623.491, 1639.614, 1656.725, 1669.260, 1679.850, 1686.473 (1678.376)	KLD: 6.370, 5.566, 4.193, 5.522, 4.644, 4.068, 2.457, 1.838, 1.614, 1.356 (37.535)	Grad: 274.302, 145.795, 12.778, 90.066, 23.598, 11.095, 1.775, 1.023, 0.627, 0.488
Best epoch(s): [97]	Training time(s): 5103.04s (5103.04s)	Best ELBO: 1649.055 (1651.811)	Best log prob: 1686.473 (1689.395)
Avg. mu: -0.060, 0.160, 0.382, 0.093, -0.215, 0.034, -0.386, -0.144, -0.215, 0.098
Avg. var: 0.000, 0.000, 0.000, 0.000, 0.000, 0.000, 0.005, 0.021, 0.027, 0.057
Max. mu: 0.121, 1.306, 0.829, 0.165, -0.059, 0.295, 1.051, 4.355, 3.345, 3.240
Max. var: 0.000, 0.005, 0.001, 0.000, 0.000, 0.001, 0.041, 0.112, 0.073, 0.166
Min. mu: -0.120, -0.021, 0.046, 0.020, -0.479, -0.146, -2.473, -2.431, -3.303, -2.624
Min. var: 0.000, 0.000, 0.000, 0.000, 0.000, 0.000, 0.001, 0.005, 0.012, 0.026
Cov. mu:
[[0.001 0.002 -0.000 -0.000 -0.000 0.000 -0.001 0.000 0.001 -0.000]
 [0.002 0.022 0.001 -0.000 0.001 -0.000 0.001 0.001 0.003 0.004]
 [-0.000 0.001 0.020 -0.000 0.001 -0.000 -0.005 -0.007 0.001 -0.005]
 [-0.000 -0.000 -0.000 0.000 -0.000 -0.000 0.000 0.000 0.001 -0.001]
 [-0.000 0.001 0.001 -0.000 0.003 -0.000 0.002 0.002 -0.001 0.001]
 [0.000 -0.000 -0.000 -0.000 -0.000 0.004 0.002 -0.001 -0.000 0.000]
 [-0.001 0.001 -0.005 0.000 0.002 0.002 0.203 0.015 -0.001 0.030]
 [0.000 0.001 -0.007 0.000 0.002 -0.001 0.015 0.596 0.015 -0.002]
 [0.001 0.003 0.001 0.001 -0.001 -0.000 -0.001 0.015 0.532 0.028]
 [-0.000 0.004 -0.005 -0.001 0.001 0.000 0.030 -0.002 0.028 0.610]]
