Encoder
=================================================================
Layer (type:depth-idx)                   Param #
=================================================================
Encoder                                  --
├─Linear: 1-1                            76,930
├─Linear: 1-2                            4,851
=================================================================
Total params: 81,781
Trainable params: 81,781
Non-trainable params: 0
=================================================================
Encoder to Latents 0
=================================================================
Layer (type:depth-idx)                   Param #
=================================================================
EncoderToLatents                         --
├─Linear: 1-1                            50
├─Linear: 1-2                            50
=================================================================
Total params: 100
Trainable params: 100
Non-trainable params: 0
=================================================================
Encoder to Latents 1
=================================================================
Layer (type:depth-idx)                   Param #
=================================================================
EncoderToLatents                         --
├─Linear: 1-1                            50
├─Linear: 1-2                            50
=================================================================
Total params: 100
Trainable params: 100
Non-trainable params: 0
=================================================================
Encoder to Latents 2
=================================================================
Layer (type:depth-idx)                   Param #
=================================================================
EncoderToLatents                         --
├─Linear: 1-1                            50
├─Linear: 1-2                            50
=================================================================
Total params: 100
Trainable params: 100
Non-trainable params: 0
=================================================================
Encoder to Latents 3
=================================================================
Layer (type:depth-idx)                   Param #
=================================================================
EncoderToLatents                         --
├─Linear: 1-1                            50
├─Linear: 1-2                            50
=================================================================
Total params: 100
Trainable params: 100
Non-trainable params: 0
=================================================================
Encoder to Latents 4
=================================================================
Layer (type:depth-idx)                   Param #
=================================================================
EncoderToLatents                         --
├─Linear: 1-1                            50
├─Linear: 1-2                            50
=================================================================
Total params: 100
Trainable params: 100
Non-trainable params: 0
=================================================================
Latents to Decoder 0
=================================================================
Layer (type:depth-idx)                   Param #
=================================================================
LatentsToDecoder                         --
├─Linear: 1-1                            98
=================================================================
Total params: 98
Trainable params: 98
Non-trainable params: 0
=================================================================
Latents to Decoder 1
=================================================================
Layer (type:depth-idx)                   Param #
=================================================================
LatentsToDecoder                         --
├─Linear: 1-1                            98
=================================================================
Total params: 98
Trainable params: 98
Non-trainable params: 0
=================================================================
Latents to Decoder 2
=================================================================
Layer (type:depth-idx)                   Param #
=================================================================
LatentsToDecoder                         --
├─Linear: 1-1                            98
=================================================================
Total params: 98
Trainable params: 98
Non-trainable params: 0
=================================================================
Latents to Decoder 3
=================================================================
Layer (type:depth-idx)                   Param #
=================================================================
LatentsToDecoder                         --
├─Linear: 1-1                            98
=================================================================
Total params: 98
Trainable params: 98
Non-trainable params: 0
=================================================================
Latents to Decoder 4
=================================================================
Layer (type:depth-idx)                   Param #
=================================================================
LatentsToDecoder                         --
├─Linear: 1-1                            98
=================================================================
Total params: 98
Trainable params: 98
Non-trainable params: 0
=================================================================
Decoder
=================================================================
Layer (type:depth-idx)                   Param #
=================================================================
Decoder                                  --
├─Linear: 1-1                            4,900
├─Linear: 1-2                            77,616
=================================================================
Total params: 82,516
Trainable params: 82,516
Non-trainable params: 0
=================================================================
[Epoch   1 (422.00s)]	ELBO: 1196.416, 1267.691, 1277.674, 1282.157, 1282.265 (1387.625)	Log prob: 1226.897, 1271.230, 1279.020, 1282.790, 1282.715 (1411.289)	KLD: 30.480, 3.539, 1.347, 0.632, 0.449 (23.664)
[Epoch   2 (420.22s)]	ELBO: 1347.275, 1416.044, 1427.807, 1432.703, 1434.803 (1457.034)	Log prob: 1361.952, 1420.286, 1429.003, 1434.201, 1435.404 (1478.445)	KLD: 14.677, 4.241, 1.195, 1.498, 0.601 (21.411)
[Epoch   3 (433.29s)]	ELBO: 1381.559, 1442.793, 1482.326, 1499.827, 1509.710 (1527.900)	Log prob: 1389.732, 1445.931, 1485.512, 1501.771, 1511.207 (1543.051)	KLD: 8.173, 3.139, 3.184, 1.944, 1.497 (15.151)
[Epoch   4 (430.79s)]	ELBO: 1400.720, 1459.564, 1513.337, 1540.874, 1557.688 (1560.731)	Log prob: 1405.670, 1462.284, 1516.506, 1543.010, 1559.435 (1574.875)	KLD: 4.951, 2.720, 3.169, 2.135, 1.747 (14.144)
[Epoch   5 (437.79s)]	ELBO: 1406.886, 1471.849, 1525.160, 1556.425, 1577.376 (1574.231)	Log prob: 1410.781, 1474.667, 1528.060, 1558.625, 1579.327 (1588.090)	KLD: 3.897, 2.817, 2.900, 2.200, 1.952 (13.858)
[Epoch   6 (454.86s)]	ELBO: 1410.370, 1483.264, 1531.630, 1564.651, 1585.994 (1580.335)	Log prob: 1413.927, 1486.291, 1534.412, 1566.927, 1587.938 (1594.104)	KLD: 3.556, 3.028, 2.782, 2.277, 1.943 (13.769)
[Epoch   7 (447.96s)]	ELBO: 1413.664, 1491.476, 1536.665, 1571.011, 1591.325 (1587.356)	Log prob: 1417.091, 1494.617, 1539.427, 1573.358, 1593.238 (1600.978)	KLD: 3.427, 3.140, 2.763, 2.347, 1.914 (13.621)
[Epoch   8 (424.08s)]	ELBO: 1417.154, 1498.156, 1542.290, 1577.729, 1597.555 (1590.539)	Log prob: 1420.540, 1501.395, 1545.051, 1580.131, 1599.441 (1604.153)	KLD: 3.386, 3.238, 2.762, 2.401, 1.886 (13.614)
[Epoch   9 (427.60s)]	ELBO: 1421.417, 1503.987, 1547.500, 1581.742, 1601.897 (1595.548)	Log prob: 1424.810, 1507.301, 1550.262, 1584.171, 1603.808 (1609.443)	KLD: 3.393, 3.314, 2.762, 2.428, 1.911 (13.895)
[Epoch  10 (439.94s)]	ELBO: 1426.591, 1508.418, 1551.265, 1582.652, 1603.312 (1592.827)	Log prob: 1429.992, 1511.769, 1554.031, 1585.073, 1605.233 (1606.795)	KLD: 3.401, 3.351, 2.767, 2.421, 1.921 (13.969)
[Epoch  11 (430.77s)]	ELBO: 1432.447, 1511.535, 1553.695, 1582.153, 1603.227 (1594.632)	Log prob: 1435.950, 1514.902, 1556.429, 1584.562, 1605.144 (1608.779)	KLD: 3.503, 3.368, 2.734, 2.409, 1.917 (14.146)
[Epoch  12 (432.38s)]	ELBO: 1438.618, 1514.613, 1556.051, 1581.831, 1603.420 (1595.887)	Log prob: 1442.252, 1518.006, 1558.773, 1584.221, 1605.370 (1609.858)	KLD: 3.634, 3.392, 2.722, 2.389, 1.948 (13.971)
[Epoch  13 (648.12s)]	ELBO: 1445.243, 1518.851, 1560.604, 1585.090, 1607.003 (1599.615)	Log prob: 1449.025, 1522.250, 1563.330, 1587.443, 1608.967 (1613.889)	KLD: 3.782, 3.400, 2.726, 2.353, 1.965 (14.274)
[Epoch  14 (685.09s)]	ELBO: 1450.917, 1522.135, 1564.287, 1588.672, 1610.005 (1602.477)	Log prob: 1454.847, 1525.556, 1567.024, 1590.984, 1611.965 (1616.627)	KLD: 3.931, 3.422, 2.738, 2.310, 1.960 (14.151)
[Epoch  15 (673.39s)]	ELBO: 1455.219, 1525.907, 1567.720, 1592.252, 1613.313 (1606.124)	Log prob: 1459.268, 1529.362, 1570.479, 1594.568, 1615.269 (1620.355)	KLD: 4.050, 3.455, 2.760, 2.315, 1.956 (14.231)
[Epoch  16 (683.98s)]	ELBO: 1458.754, 1529.265, 1570.286, 1595.267, 1615.943 (1607.540)	Log prob: 1462.870, 1532.709, 1573.027, 1597.558, 1617.900 (1622.834)	KLD: 4.116, 3.444, 2.740, 2.290, 1.957 (15.294)
[Epoch  17 (765.71s)]	ELBO: 1461.177, 1532.548, 1573.257, 1598.399, 1618.803 (1609.798)	Log prob: 1465.394, 1535.999, 1576.001, 1600.706, 1620.771 (1624.767)	KLD: 4.218, 3.451, 2.743, 2.307, 1.967 (14.969)
[Epoch  18 (6452.13s)]	ELBO: 1463.382, 1535.474, 1575.694, 1600.806, 1621.134 (1611.553)	Log prob: 1467.694, 1538.926, 1578.449, 1603.140, 1623.101 (1626.350)	KLD: 4.312, 3.451, 2.755, 2.334, 1.968 (14.797)
[Epoch  19 (654.00s)]	ELBO: 1465.215, 1537.762, 1578.104, 1603.067, 1623.042 (1613.208)	Log prob: 1469.623, 1541.189, 1580.880, 1605.383, 1625.002 (1628.437)	KLD: 4.407, 3.427, 2.776, 2.315, 1.961 (15.229)
[Epoch  20 (680.19s)]	ELBO: 1467.406, 1540.200, 1580.737, 1605.331, 1625.282 (1616.319)	Log prob: 1471.927, 1543.632, 1583.483, 1607.662, 1627.231 (1631.444)	KLD: 4.521, 3.431, 2.747, 2.331, 1.949 (15.125)
[Epoch  21 (654.20s)]	ELBO: 1469.524, 1542.409, 1583.628, 1607.942, 1627.799 (1618.235)	Log prob: 1474.052, 1545.838, 1586.430, 1610.256, 1629.756 (1633.401)	KLD: 4.528, 3.429, 2.802, 2.315, 1.956 (15.167)
[Epoch  22 (654.79s)]	ELBO: 1471.040, 1544.325, 1585.458, 1609.470, 1629.141 (1619.178)	Log prob: 1475.636, 1547.757, 1588.254, 1611.777, 1631.083 (1634.160)	KLD: 4.596, 3.433, 2.796, 2.306, 1.940 (14.982)
[Epoch  23 (664.59s)]	ELBO: 1472.131, 1545.396, 1585.770, 1609.759, 1629.402 (1620.189)	Log prob: 1476.779, 1548.817, 1588.595, 1612.066, 1631.334 (1634.821)	KLD: 4.648, 3.420, 2.825, 2.307, 1.932 (14.632)
[Epoch  24 (671.08s)]	ELBO: 1473.244, 1546.890, 1587.323, 1611.127, 1630.553 (1621.635)	Log prob: 1477.937, 1550.312, 1590.145, 1613.428, 1632.488 (1637.169)	KLD: 4.693, 3.422, 2.823, 2.301, 1.937 (15.534)
[Epoch  25 (690.14s)]	ELBO: 1474.937, 1548.803, 1588.979, 1612.536, 1632.024 (1620.955)	Log prob: 1479.627, 1552.231, 1591.819, 1614.831, 1633.948 (1635.594)	KLD: 4.689, 3.427, 2.838, 2.296, 1.924 (14.639)
[Epoch  26 (682.01s)]	ELBO: 1477.046, 1550.308, 1590.767, 1614.013, 1633.294 (1624.160)	Log prob: 1481.710, 1553.751, 1593.615, 1616.303, 1635.208 (1639.470)	KLD: 4.664, 3.444, 2.849, 2.290, 1.915 (15.310)
[Epoch  27 (703.58s)]	ELBO: 1478.472, 1551.441, 1591.798, 1614.745, 1634.130 (1626.370)	Log prob: 1483.134, 1554.872, 1594.644, 1617.036, 1636.050 (1641.621)	KLD: 4.662, 3.430, 2.845, 2.292, 1.919 (15.251)
[Epoch  28 (687.34s)]	ELBO: 1479.556, 1552.953, 1593.167, 1615.810, 1635.041 (1626.031)	Log prob: 1484.217, 1556.413, 1596.042, 1618.084, 1636.941 (1641.320)	KLD: 4.660, 3.459, 2.875, 2.274, 1.899 (15.289)
[Epoch  29 (715.13s)]	ELBO: 1480.997, 1553.864, 1594.200, 1617.255, 1636.427 (1625.626)	Log prob: 1485.687, 1557.308, 1597.088, 1619.512, 1638.326 (1640.884)	KLD: 4.690, 3.445, 2.887, 2.257, 1.899 (15.258)
[Epoch  30 (674.85s)]	ELBO: 1481.954, 1554.214, 1594.016, 1616.739, 1635.648 (1624.902)	Log prob: 1486.653, 1557.674, 1596.905, 1618.987, 1637.546 (1640.354)	KLD: 4.698, 3.461, 2.889, 2.249, 1.899 (15.452)
[Epoch  31 (692.37s)]	ELBO: 1483.880, 1555.491, 1595.947, 1618.537, 1637.565 (1628.681)	Log prob: 1488.556, 1558.979, 1598.843, 1620.791, 1639.441 (1643.950)	KLD: 4.676, 3.489, 2.897, 2.253, 1.877 (15.270)
[Epoch  32 (669.50s)]	ELBO: 1485.683, 1555.454, 1595.876, 1618.381, 1637.292 (1626.606)	Log prob: 1490.359, 1558.945, 1598.786, 1620.619, 1639.167 (1641.990)	KLD: 4.676, 3.492, 2.912, 2.239, 1.875 (15.384)
[Epoch  33 (681.78s)]	ELBO: 1486.832, 1555.774, 1596.075, 1618.228, 1637.184 (1627.109)	Log prob: 1491.546, 1559.267, 1599.006, 1620.454, 1639.059 (1642.542)	KLD: 4.714, 3.493, 2.931, 2.226, 1.874 (15.433)
[Epoch  34 (703.78s)]	ELBO: 1488.349, 1556.272, 1596.385, 1618.359, 1637.102 (1627.928)	Log prob: 1493.075, 1559.781, 1599.321, 1620.566, 1638.976 (1643.440)	KLD: 4.725, 3.509, 2.936, 2.207, 1.875 (15.512)
[Epoch  35 (986.33s)]	ELBO: 1489.699, 1558.078, 1598.344, 1619.853, 1638.466 (1630.694)	Log prob: 1494.451, 1561.603, 1601.302, 1622.058, 1640.340 (1646.132)	KLD: 4.752, 3.524, 2.957, 2.205, 1.875 (15.438)
[Epoch  36 (682.45s)]	ELBO: 1491.156, 1559.547, 1599.955, 1621.182, 1639.762 (1630.270)	Log prob: 1495.932, 1563.101, 1602.916, 1623.389, 1641.620 (1646.029)	KLD: 4.777, 3.554, 2.960, 2.207, 1.857 (15.759)
[Epoch  37 (632.62s)]	ELBO: 1492.368, 1560.332, 1600.464, 1621.462, 1639.794 (1629.955)	Log prob: 1497.186, 1563.898, 1603.422, 1623.642, 1641.656 (1645.468)	KLD: 4.818, 3.565, 2.957, 2.180, 1.862 (15.513)
[Epoch  38 (439.49s)]	ELBO: 1492.836, 1560.670, 1600.068, 1620.970, 1638.958 (1629.134)	Log prob: 1497.659, 1564.224, 1603.039, 1623.140, 1640.797 (1644.683)	KLD: 4.823, 3.554, 2.971, 2.169, 1.839 (15.549)
[Epoch  39 (418.56s)]	ELBO: 1493.889, 1561.973, 1601.333, 1621.981, 1639.454 (1631.261)	Log prob: 1498.756, 1565.535, 1604.320, 1624.128, 1641.288 (1646.945)	KLD: 4.866, 3.562, 2.987, 2.148, 1.834 (15.684)
[Epoch  40 (451.96s)]	ELBO: 1494.549, 1562.762, 1602.831, 1623.576, 1640.610 (1631.815)	Log prob: 1499.423, 1566.321, 1605.834, 1625.703, 1642.436 (1646.940)	KLD: 4.874, 3.560, 3.004, 2.127, 1.824 (15.124)
[Epoch  41 (443.40s)]	ELBO: 1495.458, 1563.845, 1603.707, 1624.234, 1640.674 (1631.866)	Log prob: 1500.359, 1567.417, 1606.711, 1626.347, 1642.494 (1647.793)	KLD: 4.900, 3.573, 3.004, 2.114, 1.820 (15.927)
[Epoch  42 (434.31s)]	ELBO: 1495.981, 1564.135, 1604.609, 1625.355, 1641.224 (1629.910)	Log prob: 1500.833, 1567.740, 1607.625, 1627.453, 1643.037 (1645.004)	KLD: 4.852, 3.605, 3.017, 2.098, 1.814 (15.094)
[Epoch  43 (445.84s)]	ELBO: 1496.870, 1565.676, 1605.968, 1626.918, 1642.173 (1631.970)	Log prob: 1501.737, 1569.258, 1608.970, 1629.024, 1643.968 (1647.730)	KLD: 4.866, 3.581, 3.003, 2.106, 1.795 (15.760)
[Epoch  44 (439.15s)]	ELBO: 1497.714, 1566.417, 1606.899, 1628.282, 1643.250 (1632.542)	Log prob: 1502.623, 1569.996, 1609.922, 1630.400, 1645.042 (1647.841)	KLD: 4.908, 3.579, 3.023, 2.117, 1.792 (15.299)
[Epoch  45 (434.90s)]	ELBO: 1498.276, 1566.880, 1607.213, 1628.547, 1643.235 (1634.956)	Log prob: 1503.193, 1570.435, 1610.237, 1630.656, 1645.000 (1650.795)	KLD: 4.916, 3.557, 3.025, 2.110, 1.766 (15.839)
[Epoch  46 (400.55s)]	ELBO: 1498.907, 1567.835, 1608.307, 1629.573, 1643.752 (1636.161)	Log prob: 1503.827, 1571.424, 1611.337, 1631.688, 1645.500 (1652.015)	KLD: 4.921, 3.589, 3.031, 2.116, 1.748 (15.854)
[Epoch  47 (319.04s)]	ELBO: 1499.618, 1568.797, 1609.411, 1630.763, 1644.702 (1633.957)	Log prob: 1504.546, 1572.392, 1612.434, 1632.880, 1646.447 (1649.707)	KLD: 4.927, 3.595, 3.024, 2.117, 1.744 (15.750)
[Epoch  48 (193.57s)]	ELBO: 1500.211, 1568.883, 1609.733, 1631.354, 1645.061 (1633.555)	Log prob: 1505.157, 1572.492, 1612.783, 1633.476, 1646.803 (1649.185)	KLD: 4.946, 3.608, 3.050, 2.123, 1.741 (15.630)
[Epoch  49 (204.81s)]	ELBO: 1500.344, 1569.479, 1609.769, 1631.417, 1645.074 (1634.474)	Log prob: 1505.283, 1573.089, 1612.828, 1633.535, 1646.797 (1650.196)	KLD: 4.939, 3.608, 3.059, 2.119, 1.726 (15.723)
[Epoch  50 (205.97s)]	ELBO: 1501.142, 1570.695, 1611.147, 1632.699, 1646.128 (1636.427)	Log prob: 1506.068, 1574.321, 1614.210, 1634.819, 1647.849 (1652.260)	KLD: 4.924, 3.625, 3.063, 2.120, 1.720 (15.833)
[Epoch  51 (206.28s)]	ELBO: 1501.815, 1571.107, 1612.226, 1633.689, 1646.974 (1635.575)	Log prob: 1506.759, 1574.742, 1615.295, 1635.814, 1648.689 (1651.186)	KLD: 4.944, 3.636, 3.069, 2.124, 1.715 (15.611)
[Epoch  52 (202.03s)]	ELBO: 1501.512, 1570.571, 1611.686, 1633.565, 1646.729 (1634.896)	Log prob: 1506.465, 1574.199, 1614.782, 1635.681, 1648.430 (1650.594)	KLD: 4.953, 3.627, 3.096, 2.116, 1.701 (15.698)
[Epoch  53 (198.09s)]	ELBO: 1502.052, 1571.434, 1612.467, 1634.235, 1647.363 (1637.231)	Log prob: 1507.005, 1575.075, 1615.571, 1636.371, 1649.077 (1652.743)	KLD: 4.953, 3.641, 3.105, 2.136, 1.714 (15.511)
[Epoch  54 (198.93s)]	ELBO: 1502.955, 1571.785, 1613.312, 1634.878, 1647.930 (1638.037)	Log prob: 1507.922, 1575.417, 1616.411, 1636.999, 1649.622 (1653.603)	KLD: 4.966, 3.633, 3.099, 2.122, 1.693 (15.566)
[Epoch  55 (216.08s)]	ELBO: 1503.169, 1572.905, 1613.688, 1635.047, 1648.314 (1640.144)	Log prob: 1508.134, 1576.549, 1616.781, 1637.174, 1650.030 (1656.057)	KLD: 4.964, 3.643, 3.094, 2.126, 1.717 (15.913)
[Epoch  56 (76.79s)]	ELBO: 1504.123, 1574.173, 1615.254, 1636.547, 1649.643 (1639.189)	Log prob: 1509.097, 1577.842, 1618.347, 1638.662, 1651.358 (1654.856)	KLD: 4.973, 3.669, 3.092, 2.114, 1.714 (15.667)
[Epoch  57 (86.85s)]	ELBO: 1504.266, 1572.961, 1614.417, 1635.943, 1649.177 (1637.658)	Log prob: 1509.230, 1576.615, 1617.537, 1638.071, 1650.886 (1652.951)	KLD: 4.964, 3.654, 3.119, 2.127, 1.711 (15.293)
[Epoch  58 (51.83s)]	ELBO: 1502.647, 1571.020, 1612.651, 1634.822, 1648.077 (1635.884)	Log prob: 1507.594, 1574.658, 1615.782, 1636.952, 1649.781 (1651.424)	KLD: 4.948, 3.637, 3.131, 2.130, 1.703 (15.539)
[Epoch  59 (85.83s)]	ELBO: 1504.827, 1572.885, 1614.589, 1636.541, 1649.697 (1634.750)	Log prob: 1509.778, 1576.524, 1617.726, 1638.650, 1651.406 (1649.726)	KLD: 4.952, 3.639, 3.137, 2.110, 1.709 (14.976)
[Epoch  60 (85.45s)]	ELBO: 1503.052, 1572.702, 1613.628, 1635.301, 1648.729 (1637.007)	Log prob: 1508.046, 1576.360, 1616.756, 1637.429, 1650.440 (1652.713)	KLD: 4.994, 3.658, 3.128, 2.128, 1.711 (15.706)
[Epoch  61 (61.22s)]	ELBO: 1503.008, 1573.204, 1613.895, 1635.170, 1648.666 (1635.893)	Log prob: 1508.010, 1576.868, 1617.010, 1637.295, 1650.392 (1651.389)	KLD: 5.002, 3.665, 3.114, 2.126, 1.726 (15.496)
[Epoch  62 (86.96s)]	ELBO: 1505.637, 1575.817, 1617.007, 1638.017, 1651.505 (1640.697)	Log prob: 1510.640, 1579.477, 1620.146, 1640.127, 1653.224 (1656.381)	KLD: 5.003, 3.661, 3.138, 2.110, 1.719 (15.684)
[Epoch  63 (64.65s)]	ELBO: 1506.889, 1576.573, 1617.862, 1639.161, 1652.534 (1640.430)	Log prob: 1511.878, 1580.219, 1620.989, 1641.281, 1654.240 (1656.046)	KLD: 4.988, 3.646, 3.126, 2.120, 1.705 (15.616)
[Epoch  64 (77.92s)]	ELBO: 1505.898, 1575.973, 1616.930, 1638.507, 1652.000 (1641.372)	Log prob: 1510.876, 1579.603, 1620.093, 1640.637, 1653.717 (1656.899)	KLD: 4.978, 3.628, 3.163, 2.130, 1.717 (15.527)
[Epoch  65 (88.17s)]	ELBO: 1506.968, 1577.223, 1618.246, 1639.539, 1653.074 (1638.041)	Log prob: 1511.959, 1580.873, 1621.379, 1641.658, 1654.773 (1653.448)	KLD: 4.992, 3.649, 3.133, 2.119, 1.699 (15.407)
[Epoch  66 (55.16s)]	ELBO: 1506.233, 1576.843, 1617.804, 1639.142, 1652.710 (1639.636)	Log prob: 1511.229, 1580.510, 1620.936, 1641.261, 1654.413 (1655.562)	KLD: 4.997, 3.668, 3.132, 2.120, 1.705 (15.927)
[Epoch  67 (85.42s)]	ELBO: 1507.792, 1578.241, 1619.340, 1640.502, 1654.012 (1640.873)	Log prob: 1512.810, 1581.903, 1622.477, 1642.619, 1655.741 (1656.825)	KLD: 5.018, 3.662, 3.137, 2.118, 1.730 (15.952)
[Epoch  68 (75.79s)]	ELBO: 1509.024, 1579.287, 1620.586, 1641.813, 1655.271 (1641.452)	Log prob: 1514.018, 1582.939, 1623.740, 1643.917, 1656.986 (1657.045)	KLD: 4.994, 3.652, 3.154, 2.103, 1.714 (15.593)
[Epoch  69 (70.31s)]	ELBO: 1509.263, 1578.887, 1620.386, 1641.864, 1655.183 (1641.332)	Log prob: 1514.238, 1582.554, 1623.558, 1643.984, 1656.879 (1656.710)	KLD: 4.975, 3.667, 3.171, 2.121, 1.696 (15.378)
[Epoch  70 (87.83s)]	ELBO: 1509.263, 1578.447, 1620.180, 1641.377, 1654.718 (1643.735)	Log prob: 1514.251, 1582.115, 1623.361, 1643.504, 1656.439 (1659.696)	KLD: 4.989, 3.667, 3.183, 2.127, 1.720 (15.961)
[Epoch  71 (55.53s)]	ELBO: 1508.966, 1578.700, 1620.523, 1641.566, 1654.966 (1642.900)	Log prob: 1513.992, 1582.353, 1623.689, 1643.679, 1656.677 (1658.447)	KLD: 5.025, 3.653, 3.167, 2.113, 1.711 (15.547)
[Epoch  72 (83.49s)]	ELBO: 1509.809, 1579.009, 1620.322, 1641.318, 1654.729 (1640.109)	Log prob: 1514.826, 1582.685, 1623.494, 1643.435, 1656.441 (1655.691)	KLD: 5.017, 3.677, 3.171, 2.117, 1.714 (15.582)
[Epoch  73 (87.86s)]	ELBO: 1509.454, 1579.330, 1621.230, 1642.104, 1655.651 (1644.678)	Log prob: 1514.455, 1583.015, 1624.417, 1644.217, 1657.365 (1660.591)	KLD: 5.001, 3.685, 3.186, 2.113, 1.713 (15.913)
[Epoch  74 (61.12s)]	ELBO: 1509.971, 1579.720, 1621.622, 1642.589, 1656.052 (1644.557)	Log prob: 1514.982, 1583.385, 1624.810, 1644.683, 1657.773 (1660.428)	KLD: 5.012, 3.666, 3.187, 2.095, 1.721 (15.871)
[Epoch  75 (85.98s)]	ELBO: 1509.623, 1579.001, 1621.121, 1641.905, 1655.413 (1643.260)	Log prob: 1514.632, 1582.666, 1624.321, 1644.004, 1657.121 (1658.911)	KLD: 5.010, 3.666, 3.201, 2.100, 1.707 (15.651)
[Epoch  76 (66.79s)]	ELBO: 1510.454, 1579.663, 1621.402, 1642.299, 1655.838 (1645.077)	Log prob: 1515.483, 1583.339, 1624.589, 1644.387, 1657.552 (1660.732)	KLD: 5.030, 3.675, 3.187, 2.089, 1.714 (15.656)
[Epoch  77 (78.28s)]	ELBO: 1511.396, 1581.313, 1622.846, 1643.869, 1657.225 (1643.249)	Log prob: 1516.426, 1584.978, 1626.073, 1645.948, 1658.923 (1658.926)	KLD: 5.030, 3.665, 3.226, 2.078, 1.698 (15.678)
[Epoch  78 (88.49s)]	ELBO: 1511.770, 1581.462, 1622.380, 1643.404, 1656.856 (1645.048)	Log prob: 1516.801, 1585.124, 1625.590, 1645.487, 1658.545 (1660.671)	KLD: 5.034, 3.660, 3.210, 2.083, 1.689 (15.622)
[Epoch  79 (56.36s)]	ELBO: 1510.931, 1580.170, 1621.137, 1642.250, 1656.030 (1641.182)	Log prob: 1515.938, 1583.852, 1624.346, 1644.341, 1657.745 (1656.898)	KLD: 5.007, 3.681, 3.211, 2.089, 1.713 (15.717)
[Epoch  80 (89.15s)]	ELBO: 1512.241, 1580.991, 1621.481, 1642.464, 1656.278 (1643.194)	Log prob: 1517.278, 1584.644, 1624.667, 1644.528, 1657.984 (1658.651)	KLD: 5.037, 3.652, 3.187, 2.065, 1.706 (15.457)
[Epoch  81 (75.98s)]	ELBO: 1512.318, 1581.772, 1622.803, 1643.558, 1657.207 (1642.438)	Log prob: 1517.370, 1585.446, 1626.020, 1645.633, 1658.915 (1658.347)	KLD: 5.052, 3.674, 3.216, 2.075, 1.709 (15.909)
[Epoch  82 (69.10s)]	ELBO: 1511.717, 1581.772, 1622.479, 1643.433, 1656.985 (1640.298)	Log prob: 1516.772, 1585.449, 1625.682, 1645.523, 1658.688 (1655.803)	KLD: 5.054, 3.678, 3.202, 2.088, 1.704 (15.505)
[Epoch  83 (88.66s)]	ELBO: 1512.286, 1582.439, 1623.238, 1644.099, 1657.701 (1644.786)	Log prob: 1517.350, 1586.125, 1626.444, 1646.192, 1659.391 (1660.794)	KLD: 5.065, 3.686, 3.207, 2.093, 1.690 (16.008)
[Epoch  84 (58.35s)]	ELBO: 1513.511, 1583.276, 1624.448, 1645.308, 1658.941 (1645.786)	Log prob: 1518.584, 1586.945, 1627.667, 1647.396, 1660.649 (1661.603)	KLD: 5.072, 3.669, 3.219, 2.088, 1.706 (15.817)
[Epoch  85 (86.71s)]	ELBO: 1513.798, 1583.064, 1624.263, 1645.163, 1658.803 (1644.971)	Log prob: 1518.870, 1586.739, 1627.484, 1647.228, 1660.519 (1660.689)	KLD: 5.072, 3.674, 3.220, 2.066, 1.715 (15.718)
[Epoch  86 (84.01s)]	ELBO: 1513.987, 1583.488, 1624.630, 1645.524, 1659.114 (1646.013)	Log prob: 1519.068, 1587.168, 1627.865, 1647.612, 1660.831 (1662.075)	KLD: 5.080, 3.680, 3.236, 2.088, 1.716 (16.061)
[Epoch  87 (63.45s)]	ELBO: 1514.694, 1583.814, 1624.441, 1645.428, 1659.138 (1644.244)	Log prob: 1519.810, 1587.487, 1627.680, 1647.484, 1660.860 (1660.230)	KLD: 5.117, 3.674, 3.241, 2.056, 1.719 (15.986)
[Epoch  88 (87.32s)]	ELBO: 1515.046, 1584.497, 1625.016, 1646.033, 1659.669 (1647.741)	Log prob: 1520.192, 1588.172, 1628.272, 1648.117, 1661.392 (1663.681)	KLD: 5.147, 3.675, 3.256, 2.082, 1.725 (15.940)
[Epoch  89 (64.48s)]	ELBO: 1514.915, 1584.037, 1624.537, 1645.637, 1659.475 (1643.824)	Log prob: 1520.028, 1587.715, 1627.778, 1647.729, 1661.192 (1659.202)	KLD: 5.114, 3.679, 3.242, 2.093, 1.717 (15.378)
[Epoch  90 (79.97s)]	ELBO: 1515.124, 1584.541, 1624.775, 1645.807, 1659.627 (1644.864)	Log prob: 1520.258, 1588.219, 1628.016, 1647.889, 1661.333 (1660.291)	KLD: 5.133, 3.678, 3.242, 2.082, 1.706 (15.426)
[Epoch  91 (87.87s)]	ELBO: 1515.972, 1585.249, 1625.576, 1646.593, 1660.348 (1645.611)	Log prob: 1521.102, 1588.916, 1628.823, 1648.657, 1662.069 (1661.183)	KLD: 5.131, 3.667, 3.247, 2.064, 1.723 (15.572)
[Epoch  92 (53.96s)]	ELBO: 1516.032, 1585.033, 1625.474, 1646.347, 1660.050 (1645.435)	Log prob: 1521.156, 1588.720, 1628.727, 1648.412, 1661.759 (1661.200)	KLD: 5.125, 3.689, 3.253, 2.067, 1.709 (15.765)
[Epoch  93 (85.05s)]	ELBO: 1515.799, 1584.813, 1624.946, 1645.863, 1659.575 (1645.897)	Log prob: 1520.954, 1588.480, 1628.204, 1647.947, 1661.289 (1661.826)	KLD: 5.155, 3.667, 3.256, 2.085, 1.712 (15.930)
[Epoch  94 (75.39s)]	ELBO: 1516.109, 1585.649, 1624.887, 1645.649, 1659.282 (1646.066)	Log prob: 1521.278, 1589.316, 1628.183, 1647.717, 1660.995 (1661.732)	KLD: 5.167, 3.669, 3.295, 2.069, 1.712 (15.666)
[Epoch  95 (71.16s)]	ELBO: 1515.956, 1585.007, 1624.916, 1645.716, 1659.360 (1647.292)	Log prob: 1521.087, 1588.693, 1628.218, 1647.764, 1661.078 (1663.113)	KLD: 5.131, 3.685, 3.301, 2.049, 1.716 (15.821)
[Epoch  96 (87.99s)]	ELBO: 1515.764, 1584.721, 1624.945, 1645.660, 1659.441 (1646.343)	Log prob: 1520.889, 1588.414, 1628.230, 1647.724, 1661.154 (1662.391)	KLD: 5.125, 3.694, 3.284, 2.064, 1.713 (16.048)
[Epoch  97 (55.72s)]	ELBO: 1516.097, 1585.566, 1625.073, 1646.025, 1659.779 (1645.686)	Log prob: 1521.252, 1589.255, 1628.373, 1648.102, 1661.496 (1661.429)	KLD: 5.155, 3.690, 3.299, 2.075, 1.716 (15.743)
No improvement after 10 epochs...
Best epoch: 88	Training time: 37312.18s	Best ELBO: 1660.348 (1647.741)	Best log prob: -1282.715 (-1411.289)
Avg. mu: -0.268, 0.009, -0.002, 0.022, -0.071
Avg. var: 0.000, 0.001, 0.002, 0.014, 0.032
Max. mu: 4.261, 2.706, 4.438, 4.631, 3.763
Max. var: 0.014, 0.057, 0.028, 0.121, 0.111
Min. mu: -6.422, -6.841, -4.786, -2.628, -3.701
Min. var: 0.000, 0.000, 0.000, 0.002, 0.009
Cov. mu:
[[2.651 0.382 -0.151 -0.056 0.057]
 [0.382 1.098 -0.013 -0.044 -0.008]
 [-0.151 -0.013 0.924 -0.042 0.069]
 [-0.056 -0.044 -0.042 0.903 -0.049]
 [0.057 -0.008 0.069 -0.049 0.768]]
