Encoder
=================================================================
Layer (type:depth-idx)                   Param #
=================================================================
Encoder                                  --
├─Linear: 1-1                            31,400
├─Linear: 1-2                            1,640
=================================================================
Total params: 33,040
Trainable params: 33,040
Non-trainable params: 0
=================================================================
Encoder to Latents 0
=================================================================
Layer (type:depth-idx)                   Param #
=================================================================
EncoderToLatents                         --
├─Linear: 1-1                            82
├─Linear: 1-2                            82
=================================================================
Total params: 164
Trainable params: 164
Non-trainable params: 0
=================================================================
Encoder to Latents 1
=================================================================
Layer (type:depth-idx)                   Param #
=================================================================
EncoderToLatents                         --
├─Linear: 1-1                            82
├─Linear: 1-2                            82
=================================================================
Total params: 164
Trainable params: 164
Non-trainable params: 0
=================================================================
Encoder to Latents 2
=================================================================
Layer (type:depth-idx)                   Param #
=================================================================
EncoderToLatents                         --
├─Linear: 1-1                            82
├─Linear: 1-2                            82
=================================================================
Total params: 164
Trainable params: 164
Non-trainable params: 0
=================================================================
Encoder to Latents 3
=================================================================
Layer (type:depth-idx)                   Param #
=================================================================
EncoderToLatents                         --
├─Linear: 1-1                            82
├─Linear: 1-2                            82
=================================================================
Total params: 164
Trainable params: 164
Non-trainable params: 0
=================================================================
Encoder to Latents 4
=================================================================
Layer (type:depth-idx)                   Param #
=================================================================
EncoderToLatents                         --
├─Linear: 1-1                            82
├─Linear: 1-2                            82
=================================================================
Total params: 164
Trainable params: 164
Non-trainable params: 0
=================================================================
Latents to Decoder 0
=================================================================
Layer (type:depth-idx)                   Param #
=================================================================
LatentsToDecoder                         --
├─Linear: 1-1                            120
=================================================================
Total params: 120
Trainable params: 120
Non-trainable params: 0
=================================================================
Latents to Decoder 1
=================================================================
Layer (type:depth-idx)                   Param #
=================================================================
LatentsToDecoder                         --
├─Linear: 1-1                            120
=================================================================
Total params: 120
Trainable params: 120
Non-trainable params: 0
=================================================================
Latents to Decoder 2
=================================================================
Layer (type:depth-idx)                   Param #
=================================================================
LatentsToDecoder                         --
├─Linear: 1-1                            120
=================================================================
Total params: 120
Trainable params: 120
Non-trainable params: 0
=================================================================
Latents to Decoder 3
=================================================================
Layer (type:depth-idx)                   Param #
=================================================================
LatentsToDecoder                         --
├─Linear: 1-1                            120
=================================================================
Total params: 120
Trainable params: 120
Non-trainable params: 0
=================================================================
Latents to Decoder 4
=================================================================
Layer (type:depth-idx)                   Param #
=================================================================
LatentsToDecoder                         --
├─Linear: 1-1                            120
=================================================================
Total params: 120
Trainable params: 120
Non-trainable params: 0
=================================================================
Decoder
=================================================================
Layer (type:depth-idx)                   Param #
=================================================================
Decoder                                  --
├─Linear: 1-1                            1,640
├─Linear: 1-2                            32,144
=================================================================
Total params: 33,784
Trainable params: 33,784
Non-trainable params: 0
=================================================================
[Epoch   1 (54.61s)]	ELBO: -562.001, -689.555, -802.643, -853.486, -1142.991 (-449.902)	Log prob: -562.000, -689.553, -802.641, -853.483, -1142.988 (-449.898)	KLD: 0.001, 0.003, 0.003, 0.003, 0.004 (0.004)	Grad: 645103.740, 1261853.533, 1912453.945, 2564562.122, 3448971.797
[Epoch   2 (50.15s)]	ELBO: 40.486, 37.770, -79.042, -99.583, -144.221 (88.985)	Log prob: 40.487, 37.775, -79.037, -99.578, -144.215 (88.991)	KLD: 0.001, 0.004, 0.005, 0.005, 0.006 (0.006)	Grad: 8068.527, 17533.278, 86450.847, 162403.935, 245958.588
[Epoch   3 (52.90s)]	ELBO: 139.357, 214.945, 284.442, 311.799, 293.876 (228.842)	Log prob: 139.358, 214.949, 284.446, 311.804, 293.881 (228.844)	KLD: 0.001, 0.004, 0.004, 0.005, 0.006 (0.001)	Grad: 21137.449, 42843.356, 65602.163, 89449.394, 117029.722
[Epoch   4 (51.90s)]	ELBO: 275.625, 406.034, 515.161, 572.421, 561.007 (690.222)	Log prob: 275.626, 406.037, 515.165, 572.427, 561.014 (690.227)	KLD: 0.001, 0.004, 0.004, 0.005, 0.006 (0.005)	Grad: 31237.030, 62163.669, 94684.837, 128275.816, 190753.947
[Epoch   5 (55.05s)]	ELBO: 437.193, 547.512, -200.709, -343.434, -310.889 (881.930)	Log prob: 437.194, 547.517, -200.703, -343.425, -310.879 (881.940)	KLD: 0.001, 0.005, 0.006, 0.008, 0.009 (0.010)	Grad: 753.558, 26956.507, 3499884.912, 6702694.419, 10127678.764
[Epoch   6 (50.16s)]	ELBO: 524.148, 707.539, 816.922, 873.414, 897.674 (979.438)	Log prob: 524.149, 707.544, 816.930, 873.422, 897.685 (979.446)	KLD: 0.001, 0.005, 0.008, 0.009, 0.012 (0.008)	Grad: 5282.313, 10784.908, 19283.644, 29671.079, 41434.546
[Epoch   7 (51.55s)]	ELBO: 606.794, 789.944, 841.243, 878.461, 888.095 (929.302)	Log prob: 606.795, 789.949, 841.250, 878.469, 888.106 (929.315)	KLD: 0.001, 0.005, 0.007, 0.008, 0.011 (0.013)	Grad: 6364.289, 13657.815, 138598.804, 250489.320, 370208.384
[Epoch   8 (49.11s)]	ELBO: 646.301, 828.707, 514.733, 478.123, 426.934 (901.662)	Log prob: 646.302, 828.712, 514.739, 478.130, 426.943 (901.675)	KLD: 0.001, 0.005, 0.006, 0.007, 0.010 (0.014)	Grad: 12709.669, 24786.748, 13170726.330, 24371226.161, 36572474.344
[Epoch   9 (50.84s)]	ELBO: 679.260, 841.865, 840.766, 867.977, 840.380 (900.445)	Log prob: 679.263, 841.873, 840.775, 867.988, 840.394 (900.456)	KLD: 0.002, 0.008, 0.008, 0.011, 0.015 (0.011)	Grad: 19606.235, 45691.990, 105272.524, 160205.470, 218875.920
[Epoch  10 (56.34s)]	ELBO: 766.637, 895.203, 961.244, 79.381, 53.643 (1084.475)	Log prob: 766.640, 895.212, 961.255, 79.395, 53.661 (1084.494)	KLD: 0.003, 0.009, 0.010, 0.014, 0.018 (0.019)	Grad: 6912.884, 23433.980, 39769.270, 8602982.422, 15675166.108
[Epoch  11 (51.92s)]	ELBO: 824.328, 958.424, 1015.230, 1027.706, 996.296 (728.608)	Log prob: 824.332, 958.432, 1015.240, 1027.720, 996.315 (728.618)	KLD: 0.003, 0.009, 0.010, 0.014, 0.019 (0.010)	Grad: 2185.038, 27163.172, 49544.920, 73919.865, 99145.472
[Epoch  12 (52.51s)]	ELBO: 873.105, 1027.614, 1086.856, 1088.035, 1021.416 (1095.130)	Log prob: 873.109, 1027.624, 1086.866, 1088.050, 1021.433 (1095.145)	KLD: 0.003, 0.010, 0.010, 0.014, 0.018 (0.015)	Grad: 1934.568, 4602.335, 7716.487, 11409.519, 19269.602
[Epoch  13 (47.59s)]	ELBO: 910.247, 1059.947, 1036.865, 1021.874, 965.087 (1082.712)	Log prob: 910.250, 1059.956, 1036.875, 1021.888, 965.105 (1082.727)	KLD: 0.003, 0.009, 0.010, 0.014, 0.018 (0.014)	Grad: 1239.216, 2988.324, 14175.640, 24663.437, 41416.026
