Seed: 2018
=================================================================
Layer (type:depth-idx)                   Param #
=================================================================
VAE                                      --
├─Encoder: 1-1                           --
│    └─Linear: 2-1                       76,930
│    └─Linear: 2-2                       9,702
├─Decoder: 1-2                           --
│    └─Linear: 2-3                       9,702
│    └─Linear: 2-4                       77,616
=================================================================
Total params: 173,950
Trainable params: 173,950
Non-trainable params: 0
=================================================================
[Epoch   1 (20.23s)]	ELBO (bits/dim): 2.44243 (2.64130)	Reconstruction error (/dim): 0.07852 (0.06686)	KLD: 1.560, 1.178, 0.179, 0.334, 0.295, 0.217, 0.636, 0.606, 1.274, 0.202 (10.283)	Grad: 0.1
[Epoch   2 (17.68s)]	ELBO (bits/dim): 2.74502 (2.88843)	Reconstruction error (/dim): 0.06107 (0.05061)	KLD: 2.612, 1.982, 0.694, 1.539, 0.906, 0.859, 2.317, 1.620, 2.235, 1.098 (21.497)	Grad: 0.1
[Epoch   3 (18.33s)]	ELBO (bits/dim): 2.93403 (3.00490)	Reconstruction error (/dim): 0.04724 (0.04195)	KLD: 3.180, 2.851, 1.610, 2.299, 1.703, 1.434, 2.997, 2.439, 2.572, 2.236 (25.131)	Grad: 0.1
[Epoch   4 (13.54s)]	ELBO (bits/dim): 3.02289 (3.07099)	Reconstruction error (/dim): 0.04043 (0.03688)	KLD: 3.413, 2.993, 2.239, 2.684, 2.327, 1.690, 3.080, 2.729, 2.934, 2.411 (27.309)	Grad: 0.1
[Epoch   5 (14.37s)]	ELBO (bits/dim): 3.06856 (3.10283)	Reconstruction error (/dim): 0.03721 (0.03470)	KLD: 3.319, 3.087, 2.417, 2.736, 2.411, 1.899, 3.133, 2.769, 3.090, 2.518 (27.809)	Grad: 0.1
[Epoch   6 (14.44s)]	ELBO (bits/dim): 3.09819 (3.12739)	Reconstruction error (/dim): 0.03517 (0.03321)	KLD: 3.285, 3.164, 2.460, 2.781, 2.457, 2.065, 3.113, 2.776, 3.119, 2.554 (28.105)	Grad: 0.1
[Epoch   7 (14.18s)]	ELBO (bits/dim): 3.11862 (3.14578)	Reconstruction error (/dim): 0.03382 (0.03184)	KLD: 3.272, 3.217, 2.467, 2.803, 2.492, 2.160, 3.034, 2.761, 3.108, 2.551 (27.907)	Grad: 0.1
[Epoch   8 (13.75s)]	ELBO (bits/dim): 3.13455 (3.15841)	Reconstruction error (/dim): 0.03276 (0.03107)	KLD: 3.270, 3.224, 2.469, 2.797, 2.533, 2.214, 2.934, 2.748, 3.086, 2.569 (27.748)	Grad: 0.1
[Epoch   9 (13.94s)]	ELBO (bits/dim): 3.14946 (3.17385)	Reconstruction error (/dim): 0.03173 (0.02988)	KLD: 3.259, 3.228, 2.481, 2.820, 2.566, 2.250, 2.877, 2.747, 3.066, 2.572 (28.028)	Grad: 0.1
[Epoch  10 (13.81s)]	ELBO (bits/dim): 3.16196 (3.18229)	Reconstruction error (/dim): 0.03088 (0.02940)	KLD: 3.233, 3.220, 2.498, 2.834, 2.594, 2.277, 2.866, 2.750, 3.059, 2.581 (27.923)	Grad: 0.1
[Epoch  11 (13.66s)]	ELBO (bits/dim): 3.17050 (3.18996)	Reconstruction error (/dim): 0.03031 (0.02887)	KLD: 3.203, 3.205, 2.511, 2.837, 2.584, 2.287, 2.860, 2.735, 3.054, 2.593 (27.952)	Grad: 0.1
[Epoch  12 (14.06s)]	ELBO (bits/dim): 3.17762 (3.19793)	Reconstruction error (/dim): 0.02983 (0.02826)	KLD: 3.182, 3.170, 2.511, 2.835, 2.598, 2.301, 2.848, 2.739, 3.034, 2.585 (27.542)	Grad: 0.1
[Epoch  13 (13.93s)]	ELBO (bits/dim): 3.18401 (3.20350)	Reconstruction error (/dim): 0.02943 (0.02801)	KLD: 3.157, 3.154, 2.514, 2.815, 2.594, 2.310, 2.814, 2.726, 3.019, 2.589 (27.728)	Grad: 0.1
[Epoch  14 (14.13s)]	ELBO (bits/dim): 3.18992 (3.20838)	Reconstruction error (/dim): 0.02901 (0.02757)	KLD: 3.142, 3.128, 2.513, 2.801, 2.600, 2.302, 2.810, 2.736, 2.999, 2.583 (27.494)	Grad: 0.1
[Epoch  15 (14.33s)]	ELBO (bits/dim): 3.19492 (3.21088)	Reconstruction error (/dim): 0.02867 (0.02752)	KLD: 3.133, 3.122, 2.521, 2.794, 2.583, 2.308, 2.807, 2.726, 2.989, 2.595 (28.018)	Grad: 0.1
[Epoch  16 (14.39s)]	ELBO (bits/dim): 3.19925 (3.21464)	Reconstruction error (/dim): 0.02838 (0.02719)	KLD: 3.133, 3.088, 2.519, 2.795, 2.580, 2.318, 2.791, 2.717, 2.986, 2.589 (27.570)	Grad: 0.1
[Epoch  17 (17.18s)]	ELBO (bits/dim): 3.20328 (3.21995)	Reconstruction error (/dim): 0.02812 (0.02691)	KLD: 3.131, 3.084, 2.516, 2.794, 2.581, 2.323, 2.801, 2.722, 2.976, 2.589 (27.607)	Grad: 0.1
[Epoch  18 (14.81s)]	ELBO (bits/dim): 3.20713 (3.22264)	Reconstruction error (/dim): 0.02785 (0.02677)	KLD: 3.138, 3.073, 2.520, 2.788, 2.597, 2.325, 2.795, 2.716, 2.961, 2.584 (27.566)	Grad: 0.1
[Epoch  19 (16.63s)]	ELBO (bits/dim): 3.21043 (3.22529)	Reconstruction error (/dim): 0.02762 (0.02658)	KLD: 3.128, 3.064, 2.517, 2.781, 2.586, 2.329, 2.798, 2.703, 2.957, 2.578 (27.639)	Grad: 0.1
[Epoch  20 (14.34s)]	ELBO (bits/dim): 3.21348 (3.22864)	Reconstruction error (/dim): 0.02741 (0.02628)	KLD: 3.127, 3.046, 2.535, 2.784, 2.582, 2.334, 2.786, 2.700, 2.954, 2.575 (27.543)	Grad: 0.1
[Epoch  21 (13.84s)]	ELBO (bits/dim): 3.21609 (3.22939)	Reconstruction error (/dim): 0.02724 (0.02619)	KLD: 3.124, 3.046, 2.539, 2.782, 2.584, 2.341, 2.792, 2.707, 2.955, 2.577 (27.678)	Grad: 0.1
[Epoch  22 (13.67s)]	ELBO (bits/dim): 3.21892 (3.23251)	Reconstruction error (/dim): 0.02705 (0.02607)	KLD: 3.116, 3.038, 2.539, 2.779, 2.573, 2.345, 2.797, 2.698, 2.944, 2.580 (27.714)	Grad: 0.1
[Epoch  23 (14.06s)]	ELBO (bits/dim): 3.22126 (3.23542)	Reconstruction error (/dim): 0.02688 (0.02587)	KLD: 3.111, 3.020, 2.541, 2.780, 2.589, 2.350, 2.777, 2.694, 2.948, 2.577 (27.658)	Grad: 0.1
[Epoch  24 (14.44s)]	ELBO (bits/dim): 3.22360 (3.23671)	Reconstruction error (/dim): 0.02672 (0.02577)	KLD: 3.113, 3.016, 2.543, 2.777, 2.587, 2.364, 2.791, 2.692, 2.952, 2.577 (27.051)	Grad: 0.1
[Epoch  25 (14.22s)]	ELBO (bits/dim): 3.22544 (3.23729)	Reconstruction error (/dim): 0.02660 (0.02566)	KLD: 3.104, 3.007, 2.549, 2.767, 2.578, 2.359, 2.783, 2.684, 2.954, 2.583 (27.715)	Grad: 0.1
[Epoch  26 (13.47s)]	ELBO (bits/dim): 3.22784 (3.23817)	Reconstruction error (/dim): 0.02643 (0.02576)	KLD: 3.119, 3.011, 2.545, 2.766, 2.584, 2.376, 2.784, 2.688, 2.943, 2.589 (27.359)	Grad: 0.1
[Epoch  27 (13.48s)]	ELBO (bits/dim): 3.22947 (3.23882)	Reconstruction error (/dim): 0.02633 (0.02574)	KLD: 3.099, 3.003, 2.549, 2.771, 2.582, 2.378, 2.782, 2.682, 2.946, 2.586 (27.445)	Grad: 0.1
[Epoch  28 (15.09s)]	ELBO (bits/dim): 3.23137 (3.24305)	Reconstruction error (/dim): 0.02621 (0.02531)	KLD: 3.095, 2.998, 2.552, 2.770, 2.570, 2.372, 2.771, 2.678, 2.944, 2.584 (27.450)	Grad: 0.1
[Epoch  29 (13.15s)]	ELBO (bits/dim): 3.23288 (3.24395)	Reconstruction error (/dim): 0.02609 (0.02531)	KLD: 3.090, 3.010, 2.554, 2.764, 2.591, 2.386, 2.779, 2.682, 2.954, 2.589 (27.412)	Grad: 0.1
[Epoch  30 (13.10s)]	ELBO (bits/dim): 3.23441 (3.24609)	Reconstruction error (/dim): 0.02599 (0.02512)	KLD: 3.091, 2.998, 2.556, 2.764, 2.585, 2.386, 2.776, 2.673, 2.939, 2.579 (27.364)	Grad: 0.1
[Epoch  31 (14.39s)]	ELBO (bits/dim): 3.23591 (3.24731)	Reconstruction error (/dim): 0.02589 (0.02497)	KLD: 3.087, 2.993, 2.563, 2.759, 2.590, 2.389, 2.785, 2.679, 2.947, 2.591 (27.448)	Grad: 0.1
[Epoch  32 (13.72s)]	ELBO (bits/dim): 3.23725 (3.24716)	Reconstruction error (/dim): 0.02580 (0.02508)	KLD: 3.082, 2.992, 2.553, 2.764, 2.586, 2.394, 2.779, 2.672, 2.930, 2.590 (27.715)	Grad: 0.1
[Epoch  33 (13.94s)]	ELBO (bits/dim): 3.23836 (3.24814)	Reconstruction error (/dim): 0.02572 (0.02500)	KLD: 3.075, 2.989, 2.555, 2.770, 2.588, 2.396, 2.787, 2.682, 2.942, 2.589 (27.712)	Grad: 0.1
[Epoch  34 (13.56s)]	ELBO (bits/dim): 3.23961 (3.24863)	Reconstruction error (/dim): 0.02563 (0.02496)	KLD: 3.077, 2.983, 2.565, 2.768, 2.592, 2.401, 2.785, 2.682, 2.936, 2.592 (27.309)	Grad: 0.1
[Epoch  35 (13.16s)]	ELBO (bits/dim): 3.24078 (3.25114)	Reconstruction error (/dim): 0.02555 (0.02489)	KLD: 3.069, 2.989, 2.568, 2.766, 2.591, 2.408, 2.791, 2.679, 2.935, 2.593 (27.318)	Grad: 0.1
[Epoch  36 (13.58s)]	ELBO (bits/dim): 3.24219 (3.25144)	Reconstruction error (/dim): 0.02545 (0.02480)	KLD: 3.060, 2.975, 2.562, 2.768, 2.589, 2.410, 2.774, 2.672, 2.922, 2.582 (27.563)	Grad: 0.1
[Epoch  37 (14.33s)]	ELBO (bits/dim): 3.24305 (3.25296)	Reconstruction error (/dim): 0.02539 (0.02472)	KLD: 3.062, 2.980, 2.567, 2.769, 2.596, 2.413, 2.789, 2.678, 2.940, 2.594 (27.348)	Grad: 0.1
[Epoch  38 (13.40s)]	ELBO (bits/dim): 3.24395 (3.25429)	Reconstruction error (/dim): 0.02534 (0.02455)	KLD: 3.059, 2.966, 2.575, 2.775, 2.598, 2.408, 2.778, 2.676, 2.929, 2.593 (27.476)	Grad: 0.1
[Epoch  39 (13.80s)]	ELBO (bits/dim): 3.24512 (3.25395)	Reconstruction error (/dim): 0.02524 (0.02467)	KLD: 3.057, 2.961, 2.572, 2.772, 2.601, 2.418, 2.783, 2.678, 2.931, 2.594 (27.546)	Grad: 0.1
[Epoch  40 (13.51s)]	ELBO (bits/dim): 3.24592 (3.25287)	Reconstruction error (/dim): 0.02520 (0.02474)	KLD: 3.052, 2.971, 2.577, 2.764, 2.595, 2.411, 2.779, 2.679, 2.926, 2.598 (27.352)	Grad: 0.1
[Epoch  41 (14.41s)]	ELBO (bits/dim): 3.24673 (3.25500)	Reconstruction error (/dim): 0.02514 (0.02459)	KLD: 3.055, 2.965, 2.578, 2.768, 2.596, 2.425, 2.780, 2.681, 2.921, 2.598 (27.531)	Grad: 0.1
[Epoch  42 (13.08s)]	ELBO (bits/dim): 3.24790 (3.25606)	Reconstruction error (/dim): 0.02506 (0.02454)	KLD: 3.058, 2.960, 2.582, 2.770, 2.592, 2.427, 2.779, 2.678, 2.922, 2.594 (27.440)	Grad: 0.1
[Epoch  43 (13.12s)]	ELBO (bits/dim): 3.24854 (3.25743)	Reconstruction error (/dim): 0.02502 (0.02430)	KLD: 3.057, 2.953, 2.583, 2.771, 2.596, 2.432, 2.778, 2.676, 2.932, 2.597 (27.389)	Grad: 0.1
[Epoch  44 (13.07s)]	ELBO (bits/dim): 3.24948 (3.25938)	Reconstruction error (/dim): 0.02494 (0.02418)	KLD: 3.052, 2.961, 2.579, 2.773, 2.607, 2.429, 2.779, 2.681, 2.926, 2.602 (27.587)	Grad: 0.1
[Epoch  45 (13.30s)]	ELBO (bits/dim): 3.25041 (3.25774)	Reconstruction error (/dim): 0.02488 (0.02442)	KLD: 3.046, 2.961, 2.581, 2.780, 2.605, 2.429, 2.781, 2.680, 2.922, 2.602 (27.608)	Grad: 0.1
[Epoch  46 (13.62s)]	ELBO (bits/dim): 3.25098 (3.25963)	Reconstruction error (/dim): 0.02485 (0.02429)	KLD: 3.058, 2.951, 2.581, 2.773, 2.605, 2.437, 2.779, 2.676, 2.925, 2.605 (27.327)	Grad: 0.1
[Epoch  47 (13.84s)]	ELBO (bits/dim): 3.25178 (3.25967)	Reconstruction error (/dim): 0.02478 (0.02434)	KLD: 3.050, 2.951, 2.591, 2.771, 2.604, 2.438, 2.766, 2.682, 2.923, 2.594 (27.659)	Grad: 0.1
[Epoch  48 (14.08s)]	ELBO (bits/dim): 3.25235 (3.26093)	Reconstruction error (/dim): 0.02475 (0.02420)	KLD: 3.048, 2.953, 2.591, 2.781, 2.607, 2.443, 2.778, 2.692, 2.928, 2.602 (27.464)	Grad: 0.1
[Epoch  49 (15.40s)]	ELBO (bits/dim): 3.25319 (3.26185)	Reconstruction error (/dim): 0.02469 (0.02412)	KLD: 3.052, 2.949, 2.591, 2.782, 2.608, 2.439, 2.775, 2.684, 2.922, 2.608 (27.737)	Grad: 0.1
[Epoch  50 (13.97s)]	ELBO (bits/dim): 3.25391 (3.26133)	Reconstruction error (/dim): 0.02465 (0.02419)	KLD: 3.057, 2.947, 2.597, 2.779, 2.608, 2.448, 2.781, 2.690, 2.924, 2.612 (27.838)	Grad: 0.1
[Epoch  51 (14.33s)]	ELBO (bits/dim): 3.25420 (3.26277)	Reconstruction error (/dim): 0.02462 (0.02406)	KLD: 3.052, 2.936, 2.599, 2.780, 2.607, 2.448, 2.781, 2.689, 2.927, 2.606 (27.421)	Grad: 0.1
[Epoch  52 (14.20s)]	ELBO (bits/dim): 3.25496 (3.26295)	Reconstruction error (/dim): 0.02455 (0.02401)	KLD: 3.055, 2.944, 2.597, 2.785, 2.611, 2.452, 2.773, 2.694, 2.920, 2.610 (27.492)	Grad: 0.1
[Epoch  53 (14.70s)]	ELBO (bits/dim): 3.25544 (3.26409)	Reconstruction error (/dim): 0.02454 (0.02396)	KLD: 3.047, 2.940, 2.600, 2.782, 2.621, 2.463, 2.773, 2.694, 2.927, 2.604 (27.646)	Grad: 0.1
[Epoch  54 (14.79s)]	ELBO (bits/dim): 3.25629 (3.26376)	Reconstruction error (/dim): 0.02448 (0.02405)	KLD: 3.051, 2.939, 2.601, 2.783, 2.613, 2.460, 2.773, 2.697, 2.921, 2.607 (27.529)	Grad: 0.1
[Epoch  55 (14.35s)]	ELBO (bits/dim): 3.25692 (3.26409)	Reconstruction error (/dim): 0.02443 (0.02388)	KLD: 3.047, 2.943, 2.600, 2.789, 2.623, 2.465, 2.782, 2.692, 2.913, 2.615 (27.693)	Grad: 0.1
[Epoch  56 (17.81s)]	ELBO (bits/dim): 3.25735 (3.26299)	Reconstruction error (/dim): 0.02441 (0.02413)	KLD: 3.043, 2.936, 2.596, 2.789, 2.623, 2.459, 2.773, 2.695, 2.919, 2.611 (27.508)	Grad: 0.1
[Epoch  57 (14.40s)]	ELBO (bits/dim): 3.25791 (3.26519)	Reconstruction error (/dim): 0.02437 (0.02383)	KLD: 3.041, 2.933, 2.599, 2.794, 2.626, 2.459, 2.778, 2.694, 2.921, 2.614 (27.437)	Grad: 0.1
[Epoch  58 (14.61s)]	ELBO (bits/dim): 3.25838 (3.26435)	Reconstruction error (/dim): 0.02432 (0.02395)	KLD: 3.045, 2.937, 2.600, 2.792, 2.622, 2.460, 2.779, 2.702, 2.922, 2.617 (27.410)	Grad: 0.1
[Epoch  59 (15.09s)]	ELBO (bits/dim): 3.25881 (3.26581)	Reconstruction error (/dim): 0.02430 (0.02382)	KLD: 3.048, 2.936, 2.602, 2.798, 2.620, 2.463, 2.765, 2.702, 2.910, 2.617 (27.548)	Grad: 0.1
[Epoch  60 (15.14s)]	ELBO (bits/dim): 3.25937 (3.26673)	Reconstruction error (/dim): 0.02426 (0.02375)	KLD: 3.047, 2.934, 2.611, 2.796, 2.622, 2.470, 2.773, 2.701, 2.923, 2.621 (27.787)	Grad: 0.1
[Epoch  61 (15.93s)]	ELBO (bits/dim): 3.25991 (3.26661)	Reconstruction error (/dim): 0.02421 (0.02375)	KLD: 3.048, 2.934, 2.607, 2.804, 2.623, 2.474, 2.776, 2.720, 2.917, 2.616 (27.551)	Grad: 0.1
[Epoch  62 (16.55s)]	ELBO (bits/dim): 3.26037 (3.26699)	Reconstruction error (/dim): 0.02419 (0.02363)	KLD: 3.048, 2.936, 2.613, 2.796, 2.620, 2.473, 2.775, 2.716, 2.923, 2.618 (27.606)	Grad: 0.1
[Epoch  63 (16.37s)]	ELBO (bits/dim): 3.26075 (3.26674)	Reconstruction error (/dim): 0.02417 (0.02376)	KLD: 3.056, 2.939, 2.606, 2.797, 2.628, 2.478, 2.773, 2.707, 2.922, 2.617 (27.652)	Grad: 0.1
[Epoch  64 (16.05s)]	ELBO (bits/dim): 3.26134 (3.26862)	Reconstruction error (/dim): 0.02413 (0.02361)	KLD: 3.049, 2.939, 2.608, 2.800, 2.635, 2.482, 2.778, 2.701, 2.923, 2.621 (27.483)	Grad: 0.1
[Epoch  65 (16.64s)]	ELBO (bits/dim): 3.26178 (3.26992)	Reconstruction error (/dim): 0.02410 (0.02351)	KLD: 3.047, 2.934, 2.615, 2.807, 2.618, 2.476, 2.776, 2.714, 2.917, 2.620 (27.319)	Grad: 0.1
[Epoch  66 (16.54s)]	ELBO (bits/dim): 3.26217 (3.26829)	Reconstruction error (/dim): 0.02406 (0.02371)	KLD: 3.050, 2.933, 2.609, 2.801, 2.628, 2.479, 2.769, 2.710, 2.921, 2.624 (27.666)	Grad: 0.1
[Epoch  67 (14.56s)]	ELBO (bits/dim): 3.26237 (3.26888)	Reconstruction error (/dim): 0.02405 (0.02350)	KLD: 3.048, 2.933, 2.618, 2.807, 2.625, 2.475, 2.770, 2.712, 2.920, 2.627 (27.772)	Grad: 0.1
[Epoch  68 (16.49s)]	ELBO (bits/dim): 3.26300 (3.26988)	Reconstruction error (/dim): 0.02401 (0.02351)	KLD: 3.044, 2.936, 2.611, 2.810, 2.628, 2.485, 2.770, 2.712, 2.926, 2.629 (27.605)	Grad: 0.1
[Epoch  69 (16.69s)]	ELBO (bits/dim): 3.26338 (3.27068)	Reconstruction error (/dim): 0.02399 (0.02345)	KLD: 3.049, 2.933, 2.609, 2.802, 2.636, 2.490, 2.769, 2.712, 2.917, 2.625 (27.692)	Grad: 0.1
[Epoch  70 (13.95s)]	ELBO (bits/dim): 3.26353 (3.26939)	Reconstruction error (/dim): 0.02396 (0.02368)	KLD: 3.046, 2.932, 2.611, 2.805, 2.635, 2.492, 2.778, 2.718, 2.928, 2.629 (27.655)	Grad: 0.1
[Epoch  71 (16.64s)]	ELBO (bits/dim): 3.26423 (3.26903)	Reconstruction error (/dim): 0.02391 (0.02368)	KLD: 3.050, 2.932, 2.619, 2.822, 2.636, 2.490, 2.768, 2.721, 2.921, 2.633 (27.469)	Grad: 0.1
[Epoch  72 (14.40s)]	ELBO (bits/dim): 3.26444 (3.27130)	Reconstruction error (/dim): 0.02390 (0.02346)	KLD: 3.038, 2.933, 2.619, 2.811, 2.640, 2.497, 2.781, 2.716, 2.928, 2.631 (27.428)	Grad: 0.1
[Epoch  73 (13.12s)]	ELBO (bits/dim): 3.26492 (3.27153)	Reconstruction error (/dim): 0.02387 (0.02343)	KLD: 3.044, 2.928, 2.626, 2.808, 2.640, 2.497, 2.764, 2.716, 2.923, 2.627 (27.338)	Grad: 0.1
[Epoch  74 (12.90s)]	ELBO (bits/dim): 3.26524 (3.27171)	Reconstruction error (/dim): 0.02386 (0.02339)	KLD: 3.039, 2.929, 2.627, 2.810, 2.645, 2.498, 2.770, 2.725, 2.926, 2.634 (27.720)	Grad: 0.1
[Epoch  75 (13.07s)]	ELBO (bits/dim): 3.26571 (3.27176)	Reconstruction error (/dim): 0.02383 (0.02335)	KLD: 3.039, 2.934, 2.622, 2.813, 2.637, 2.492, 2.769, 2.718, 2.922, 2.638 (27.822)	Grad: 0.1
[Epoch  76 (13.09s)]	ELBO (bits/dim): 3.26603 (3.27090)	Reconstruction error (/dim): 0.02379 (0.02343)	KLD: 3.049, 2.930, 2.624, 2.823, 2.641, 2.503, 2.767, 2.723, 2.922, 2.636 (27.817)	Grad: 0.1
[Epoch  77 (14.21s)]	ELBO (bits/dim): 3.26607 (3.27232)	Reconstruction error (/dim): 0.02380 (0.02332)	KLD: 3.042, 2.928, 2.622, 2.820, 2.628, 2.503, 2.773, 2.719, 2.923, 2.633 (27.450)	Grad: 0.1
[Epoch  78 (15.89s)]	ELBO (bits/dim): 3.26652 (3.27180)	Reconstruction error (/dim): 0.02376 (0.02335)	KLD: 3.038, 2.934, 2.624, 2.819, 2.636, 2.497, 2.779, 2.724, 2.920, 2.644 (27.769)	Grad: 0.1
[Epoch  79 (17.04s)]	ELBO (bits/dim): 3.26683 (3.27317)	Reconstruction error (/dim): 0.02374 (0.02319)	KLD: 3.044, 2.923, 2.631, 2.814, 2.636, 2.505, 2.773, 2.718, 2.921, 2.637 (27.648)	Grad: 0.1
[Epoch  80 (16.60s)]	ELBO (bits/dim): 3.26727 (3.27375)	Reconstruction error (/dim): 0.02372 (0.02330)	KLD: 3.035, 2.932, 2.632, 2.816, 2.644, 2.497, 2.774, 2.715, 2.921, 2.640 (27.572)	Grad: 0.1
[Epoch  81 (17.33s)]	ELBO (bits/dim): 3.26765 (3.27377)	Reconstruction error (/dim): 0.02369 (0.02327)	KLD: 3.044, 2.927, 2.624, 2.815, 2.639, 2.505, 2.761, 2.710, 2.915, 2.628 (27.652)	Grad: 0.1
[Epoch  82 (17.14s)]	ELBO (bits/dim): 3.26772 (3.27460)	Reconstruction error (/dim): 0.02369 (0.02319)	KLD: 3.050, 2.931, 2.620, 2.829, 2.639, 2.506, 2.776, 2.724, 2.925, 2.637 (27.699)	Grad: 0.1
[Epoch  83 (17.66s)]	ELBO (bits/dim): 3.26833 (3.27355)	Reconstruction error (/dim): 0.02363 (0.02327)	KLD: 3.045, 2.928, 2.630, 2.835, 2.649, 2.509, 2.772, 2.718, 2.927, 2.637 (27.608)	Grad: 0.1
[Epoch  84 (18.04s)]	ELBO (bits/dim): 3.26834 (3.27415)	Reconstruction error (/dim): 0.02363 (0.02323)	KLD: 3.047, 2.925, 2.636, 2.835, 2.643, 2.515, 2.777, 2.719, 2.926, 2.637 (27.691)	Grad: 0.1
[Epoch  85 (18.50s)]	ELBO (bits/dim): 3.26855 (3.27365)	Reconstruction error (/dim): 0.02363 (0.02331)	KLD: 3.047, 2.930, 2.636, 2.838, 2.642, 2.505, 2.771, 2.726, 2.930, 2.643 (27.607)	Grad: 0.1
[Epoch  86 (17.80s)]	ELBO (bits/dim): 3.26923 (3.27352)	Reconstruction error (/dim): 0.02357 (0.02321)	KLD: 3.040, 2.926, 2.634, 2.833, 2.643, 2.504, 2.769, 2.722, 2.929, 2.645 (27.891)	Grad: 0.1
[Epoch  87 (19.56s)]	ELBO (bits/dim): 3.26907 (3.27557)	Reconstruction error (/dim): 0.02357 (0.02309)	KLD: 3.049, 2.923, 2.635, 2.828, 2.643, 2.510, 2.772, 2.725, 2.931, 2.640 (27.466)	Grad: 0.1
[Epoch  88 (18.59s)]	ELBO (bits/dim): 3.26936 (3.27512)	Reconstruction error (/dim): 0.02356 (0.02318)	KLD: 3.058, 2.926, 2.637, 2.830, 2.648, 2.514, 2.770, 2.728, 2.932, 2.644 (27.502)	Grad: 0.1
[Epoch  89 (19.14s)]	ELBO (bits/dim): 3.26985 (3.27579)	Reconstruction error (/dim): 0.02352 (0.02310)	KLD: 3.051, 2.932, 2.642, 2.828, 2.649, 2.524, 2.769, 2.721, 2.930, 2.634 (27.840)	Grad: 0.1
[Epoch  90 (18.70s)]	ELBO (bits/dim): 3.26998 (3.27522)	Reconstruction error (/dim): 0.02352 (0.02317)	KLD: 3.046, 2.925, 2.642, 2.829, 2.644, 2.515, 2.775, 2.721, 2.930, 2.645 (27.493)	Grad: 0.1
[Epoch  91 (18.66s)]	ELBO (bits/dim): 3.27032 (3.27544)	Reconstruction error (/dim): 0.02350 (0.02314)	KLD: 3.043, 2.927, 2.643, 2.829, 2.646, 2.518, 2.764, 2.713, 2.926, 2.639 (27.630)	Grad: 0.1
[Epoch  92 (19.48s)]	ELBO (bits/dim): 3.27067 (3.27592)	Reconstruction error (/dim): 0.02347 (0.02322)	KLD: 3.059, 2.919, 2.642, 2.832, 2.644, 2.516, 2.769, 2.727, 2.922, 2.638 (27.770)	Grad: 0.1
[Epoch  93 (18.47s)]	ELBO (bits/dim): 3.27106 (3.27627)	Reconstruction error (/dim): 0.02344 (0.02304)	KLD: 3.044, 2.927, 2.636, 2.836, 2.648, 2.509, 2.772, 2.726, 2.927, 2.643 (27.690)	Grad: 0.1
[Epoch  94 (17.79s)]	ELBO (bits/dim): 3.27102 (3.27675)	Reconstruction error (/dim): 0.02344 (0.02304)	KLD: 3.044, 2.923, 2.636, 2.836, 2.650, 2.515, 2.771, 2.729, 2.931, 2.641 (27.733)	Grad: 0.1
[Epoch  95 (17.58s)]	ELBO (bits/dim): 3.27129 (3.27693)	Reconstruction error (/dim): 0.02343 (0.02303)	KLD: 3.047, 2.926, 2.643, 2.834, 2.650, 2.518, 2.762, 2.730, 2.931, 2.644 (27.795)	Grad: 0.1
[Epoch  96 (17.73s)]	ELBO (bits/dim): 3.27145 (3.27755)	Reconstruction error (/dim): 0.02341 (0.02294)	KLD: 3.053, 2.925, 2.644, 2.837, 2.648, 2.519, 2.766, 2.733, 2.932, 2.650 (27.793)	Grad: 0.1
[Epoch  97 (17.94s)]	ELBO (bits/dim): 3.27190 (3.27674)	Reconstruction error (/dim): 0.02338 (0.02313)	KLD: 3.047, 2.925, 2.639, 2.836, 2.650, 2.520, 2.765, 2.737, 2.923, 2.642 (27.715)	Grad: 0.1
[Epoch  98 (19.56s)]	ELBO (bits/dim): 3.27204 (3.27646)	Reconstruction error (/dim): 0.02338 (0.02309)	KLD: 3.046, 2.929, 2.643, 2.838, 2.653, 2.514, 2.766, 2.729, 2.927, 2.649 (27.553)	Grad: 0.1
[Epoch  99 (19.07s)]	ELBO (bits/dim): 3.27255 (3.27700)	Reconstruction error (/dim): 0.02335 (0.02302)	KLD: 3.048, 2.931, 2.645, 2.836, 2.650, 2.523, 2.769, 2.726, 2.926, 2.650 (27.661)	Grad: 0.1
[Epoch 100 (19.42s)]	ELBO (bits/dim): 3.27243 (3.27692)	Reconstruction error (/dim): 0.02335 (0.02302)	KLD: 3.052, 2.930, 2.645, 2.840, 2.649, 2.521, 2.765, 2.731, 2.931, 2.648 (27.632)	Grad: 0.1
Best epoch(s): [96]	Training time(s): 1539.85s (1539.85s)	Best ELBO (bits/dim): 3.27255 (3.27755)	Best reconstruction error (/dim): 0.07852 (0.06686)
Avg. mu: 0.053, -0.051, 0.043, 0.095, -0.127, -0.004, 0.101, 0.022, -0.075, -0.059
Avg. var: 0.005, 0.005, 0.007, 0.005, 0.006, 0.008, 0.006, 0.006, 0.005, 0.006
Max. mu: 3.368, 4.585, 3.182, 3.964, 3.961, 4.485, 3.254, 3.606, 3.364, 3.361
Max. var: 0.023, 0.025, 0.023, 0.020, 0.023, 0.033, 0.030, 0.019, 0.024, 0.022
Min. mu: -4.176, -3.657, -4.181, -4.250, -3.179, -3.782, -3.367, -3.319, -4.729, -3.497
Min. var: 0.001, 0.000, 0.001, 0.001, 0.001, 0.001, 0.001, 0.001, 0.001, 0.001
Cov. mu:
[[1.652 -0.129 -0.035 -0.445 0.121 -0.346 0.024 0.221 0.216 -0.082]
 [-0.129 1.424 -0.051 0.244 0.062 -0.139 0.433 0.197 -0.349 0.202]
 [-0.035 -0.051 1.289 0.224 0.243 0.167 -0.042 -0.174 -0.090 0.054]
 [-0.445 0.244 0.224 1.319 -0.063 -0.041 -0.111 0.025 0.047 0.014]
 [0.121 0.062 0.243 -0.063 1.163 0.002 0.203 -0.025 -0.229 -0.168]
 [-0.346 -0.139 0.167 -0.041 0.002 1.049 0.151 -0.303 -0.325 0.122]
 [0.024 0.433 -0.042 -0.111 0.203 0.151 1.272 -0.022 -0.493 0.110]
 [0.221 0.197 -0.174 0.025 -0.025 -0.303 -0.022 1.208 -0.274 0.091]
 [0.216 -0.349 -0.090 0.047 -0.229 -0.325 -0.493 -0.274 1.462 -0.024]
 [-0.082 0.202 0.054 0.014 -0.168 0.122 0.110 0.091 -0.024 1.078]]
