Encoder
=================================================================
Layer (type:depth-idx)                   Param #
=================================================================
Encoder                                  --
├─Conv2d: 1-1                            20
├─Conv2d: 1-2                            36
├─Conv2d: 1-3                            296
├─Conv2d: 1-4                            528
├─Linear: 1-5                            153,860
├─Linear: 1-6                            9,653
=================================================================
Total params: 164,393
Trainable params: 164,393
Non-trainable params: 0
=================================================================
Encoder to Latents 0
=================================================================
Layer (type:depth-idx)                   Param #
=================================================================
EncoderToLatents                         --
├─Linear: 1-1                            100
├─Linear: 1-2                            100
=================================================================
Total params: 200
Trainable params: 200
Non-trainable params: 0
=================================================================
Encoder to Latents 1
=================================================================
Layer (type:depth-idx)                   Param #
=================================================================
EncoderToLatents                         --
├─Linear: 1-1                            100
├─Linear: 1-2                            100
=================================================================
Total params: 200
Trainable params: 200
Non-trainable params: 0
=================================================================
Encoder to Latents 2
=================================================================
Layer (type:depth-idx)                   Param #
=================================================================
EncoderToLatents                         --
├─Linear: 1-1                            100
├─Linear: 1-2                            100
=================================================================
Total params: 200
Trainable params: 200
Non-trainable params: 0
=================================================================
Encoder to Latents 3
=================================================================
Layer (type:depth-idx)                   Param #
=================================================================
EncoderToLatents                         --
├─Linear: 1-1                            100
├─Linear: 1-2                            100
=================================================================
Total params: 200
Trainable params: 200
Non-trainable params: 0
=================================================================
Encoder to Latents 4
=================================================================
Layer (type:depth-idx)                   Param #
=================================================================
EncoderToLatents                         --
├─Linear: 1-1                            100
├─Linear: 1-2                            100
=================================================================
Total params: 200
Trainable params: 200
Non-trainable params: 0
=================================================================
Latents to Decoder 0
=================================================================
Layer (type:depth-idx)                   Param #
=================================================================
LatentsToDecoder                         --
├─Linear: 1-1                            147
=================================================================
Total params: 147
Trainable params: 147
Non-trainable params: 0
=================================================================
Latents to Decoder 1
=================================================================
Layer (type:depth-idx)                   Param #
=================================================================
LatentsToDecoder                         --
├─Linear: 1-1                            147
=================================================================
Total params: 147
Trainable params: 147
Non-trainable params: 0
=================================================================
Latents to Decoder 2
=================================================================
Layer (type:depth-idx)                   Param #
=================================================================
LatentsToDecoder                         --
├─Linear: 1-1                            147
=================================================================
Total params: 147
Trainable params: 147
Non-trainable params: 0
=================================================================
Latents to Decoder 3
=================================================================
Layer (type:depth-idx)                   Param #
=================================================================
LatentsToDecoder                         --
├─Linear: 1-1                            147
=================================================================
Total params: 147
Trainable params: 147
Non-trainable params: 0
=================================================================
Latents to Decoder 4
=================================================================
Layer (type:depth-idx)                   Param #
=================================================================
LatentsToDecoder                         --
├─Linear: 1-1                            147
=================================================================
Total params: 147
Trainable params: 147
Non-trainable params: 0
=================================================================
Decoder
=================================================================
Layer (type:depth-idx)                   Param #
=================================================================
Decoder                                  --
├─Linear: 1-1                            9,800
├─Linear: 1-2                            154,448
├─ConvTranspose2d: 1-3                   520
├─ConvTranspose2d: 1-4                   292
├─ConvTranspose2d: 1-5                   34
├─ConvTranspose2d: 1-6                   19
=================================================================
Total params: 165,113
Trainable params: 165,113
Non-trainable params: 0
=================================================================
[Epoch   1 (394.26s)]	ELBO: 1120.217, 1178.736, 1180.084, 1179.706, 1179.046 (1366.195)	Log prob: 1162.604, 1179.521, 1180.123, 1179.771, 1179.058 (1384.381)	KLD: 42.387, 0.786, 0.038, 0.064, 0.012 (18.187)
[Epoch   2 (453.44s)]	ELBO: 1399.972, 1414.390, 1415.616, 1415.605, 1415.492 (1438.342)	Log prob: 1410.982, 1414.909, 1415.620, 1415.609, 1415.497 (1450.047)	KLD: 11.009, 0.518, 0.004, 0.004, 0.006 (11.705)
[Epoch   3 (407.33s)]	ELBO: 1464.818, 1507.266, 1512.759, 1512.402, 1512.096 (1540.504)	Log prob: 1472.997, 1511.140, 1512.763, 1512.405, 1512.101 (1552.597)	KLD: 8.177, 3.874, 0.005, 0.003, 0.005 (12.093)
[Epoch   4 (407.38s)]	ELBO: 1499.085, 1559.694, 1564.008, 1563.521, 1563.179 (1561.508)	Log prob: 1506.304, 1563.481, 1564.010, 1563.522, 1563.181 (1572.153)	KLD: 7.219, 3.787, 0.002, 0.001, 0.002 (10.645)
[Epoch   5 (258.45s)]	ELBO: 1511.528, 1577.428, 1580.824, 1580.336, 1579.816 (1574.331)	Log prob: 1518.769, 1580.535, 1580.825, 1580.337, 1579.816 (1584.445)	KLD: 7.241, 3.106, 0.001, 0.001, 0.001 (10.114)
[Epoch   6 (403.94s)]	ELBO: 1521.023, 1590.676, 1593.775, 1593.105, 1592.707 (1585.611)	Log prob: 1528.479, 1593.659, 1593.776, 1593.106, 1592.708 (1596.142)	KLD: 7.455, 2.984, 0.001, 0.001, 0.001 (10.531)
[Epoch   7 (1366.35s)]	ELBO: 1529.335, 1600.609, 1603.542, 1602.882, 1602.572 (1591.501)	Log prob: 1536.998, 1603.595, 1603.543, 1602.882, 1602.572 (1602.150)	KLD: 7.663, 2.987, 0.001, 0.000, 0.000 (10.649)
[Epoch   8 (2459.09s)]	ELBO: 1536.443, 1607.119, 1609.958, 1609.248, 1608.875 (1599.474)	Log prob: 1544.285, 1610.148, 1609.959, 1609.248, 1608.875 (1610.387)	KLD: 7.843, 3.030, 0.001, 0.000, 0.000 (10.913)
[Epoch   9 (358.51s)]	ELBO: 1543.462, 1612.287, 1614.996, 1614.404, 1614.070 (1602.999)	Log prob: 1551.429, 1615.349, 1614.997, 1614.404, 1614.070 (1614.143)	KLD: 7.967, 3.061, 0.000, 0.000, 0.000 (11.143)
[Epoch  10 (382.38s)]	ELBO: 1550.395, 1615.969, 1618.742, 1618.199, 1617.977 (1605.559)	Log prob: 1558.448, 1619.062, 1618.743, 1618.199, 1617.977 (1616.937)	KLD: 8.054, 3.091, 0.000, 0.000, 0.000 (11.378)
[Epoch  11 (406.88s)]	ELBO: 1555.844, 1618.716, 1621.457, 1621.039, 1620.724 (1609.840)	Log prob: 1563.915, 1621.823, 1621.457, 1621.039, 1620.724 (1620.762)	KLD: 8.072, 3.109, 0.000, 0.000, 0.000 (10.922)
[Epoch  12 (411.26s)]	ELBO: 1561.147, 1622.211, 1625.045, 1624.511, 1624.386 (1612.495)	Log prob: 1569.278, 1625.345, 1625.046, 1624.511, 1624.386 (1623.877)	KLD: 8.131, 3.134, 0.000, 0.000, 0.000 (11.382)
[Epoch  13 (170.92s)]	ELBO: 1564.692, 1624.299, 1627.116, 1626.722, 1626.443 (1611.747)	Log prob: 1572.840, 1627.427, 1627.116, 1626.722, 1626.443 (1623.133)	KLD: 8.147, 3.127, 0.000, 0.000, 0.000 (11.386)
[Epoch  14 (181.21s)]	ELBO: 1569.043, 1627.578, 1630.382, 1629.926, 1629.763 (1615.293)	Log prob: 1577.228, 1630.698, 1630.382, 1629.926, 1629.763 (1626.493)	KLD: 8.186, 3.119, 0.000, 0.000, 0.000 (11.200)
[Epoch  15 (198.04s)]	ELBO: 1572.007, 1629.329, 1632.122, 1631.764, 1631.550 (1617.781)	Log prob: 1580.210, 1632.466, 1632.122, 1631.764, 1631.550 (1629.152)	KLD: 8.203, 3.138, 0.000, 0.000, 0.000 (11.371)
[Epoch  16 (186.60s)]	ELBO: 1574.728, 1631.170, 1633.896, 1633.426, 1633.271 (1618.896)	Log prob: 1582.941, 1634.283, 1633.896, 1633.426, 1633.271 (1629.996)	KLD: 8.213, 3.113, 0.000, 0.000, 0.000 (11.100)
[Epoch  17 (176.30s)]	ELBO: 1577.035, 1633.028, 1635.710, 1635.298, 1635.157 (1620.967)	Log prob: 1585.283, 1636.138, 1635.710, 1635.298, 1635.157 (1632.445)	KLD: 8.248, 3.110, 0.000, 0.000, 0.000 (11.479)
[Epoch  18 (187.07s)]	ELBO: 1579.721, 1634.978, 1637.677, 1637.332, 1637.033 (1620.532)	Log prob: 1587.966, 1638.089, 1637.677, 1637.332, 1637.033 (1631.980)	KLD: 8.244, 3.112, 0.000, 0.000, 0.000 (11.448)
[Epoch  19 (176.58s)]	ELBO: 1581.427, 1636.898, 1639.569, 1639.182, 1638.994 (1623.740)	Log prob: 1589.739, 1640.009, 1639.569, 1639.182, 1638.994 (1635.068)	KLD: 8.312, 3.110, 0.000, 0.000, 0.000 (11.328)
[Epoch  20 (183.04s)]	ELBO: 1583.439, 1638.733, 1641.383, 1640.980, 1640.837 (1625.689)	Log prob: 1591.783, 1641.845, 1641.383, 1640.980, 1640.837 (1637.159)	KLD: 8.344, 3.111, 0.000, 0.000, 0.000 (11.470)
[Epoch  21 (190.07s)]	ELBO: 1584.899, 1639.582, 1642.140, 1641.716, 1641.487 (1622.515)	Log prob: 1593.256, 1642.684, 1642.140, 1641.716, 1641.487 (1634.197)	KLD: 8.356, 3.102, 0.000, 0.000, 0.000 (11.682)
[Epoch  22 (187.31s)]	ELBO: 1586.415, 1640.650, 1643.265, 1642.883, 1642.728 (1626.619)	Log prob: 1594.762, 1643.758, 1643.265, 1642.883, 1642.728 (1638.078)	KLD: 8.347, 3.109, 0.000, 0.000, 0.000 (11.459)
[Epoch  23 (177.98s)]	ELBO: 1587.898, 1641.467, 1644.078, 1643.642, 1643.453 (1628.432)	Log prob: 1596.281, 1644.591, 1644.078, 1643.642, 1643.453 (1639.911)	KLD: 8.382, 3.123, 0.000, 0.000, 0.000 (11.480)
[Epoch  24 (180.41s)]	ELBO: 1589.393, 1643.172, 1645.757, 1645.416, 1645.226 (1630.416)	Log prob: 1597.792, 1646.276, 1645.757, 1645.416, 1645.226 (1642.093)	KLD: 8.400, 3.103, 0.000, 0.000, 0.000 (11.677)
[Epoch  25 (185.39s)]	ELBO: 1590.572, 1644.484, 1647.072, 1646.745, 1646.552 (1630.020)	Log prob: 1598.987, 1647.589, 1647.072, 1646.745, 1646.552 (1641.754)	KLD: 8.416, 3.105, 0.000, 0.000, 0.000 (11.734)
[Epoch  26 (178.62s)]	ELBO: 1591.427, 1644.912, 1647.512, 1647.136, 1647.056 (1630.173)	Log prob: 1599.833, 1648.025, 1647.512, 1647.136, 1647.056 (1641.577)	KLD: 8.406, 3.114, 0.000, 0.000, 0.000 (11.404)
[Epoch  27 (186.09s)]	ELBO: 1592.765, 1646.202, 1648.853, 1648.431, 1648.312 (1630.731)	Log prob: 1601.193, 1649.333, 1648.853, 1648.431, 1648.312 (1642.262)	KLD: 8.429, 3.130, 0.000, 0.000, 0.000 (11.532)
[Epoch  28 (180.46s)]	ELBO: 1593.368, 1646.285, 1648.952, 1648.417, 1648.332 (1630.212)	Log prob: 1601.815, 1649.411, 1648.952, 1648.417, 1648.332 (1641.942)	KLD: 8.447, 3.125, 0.000, 0.000, 0.000 (11.729)
[Epoch  29 (189.01s)]	ELBO: 1594.625, 1647.803, 1650.463, 1650.143, 1649.931 (1630.673)	Log prob: 1603.094, 1650.938, 1650.463, 1650.143, 1649.931 (1642.136)	KLD: 8.466, 3.133, 0.000, 0.000, 0.000 (11.463)
[Epoch  30 (152.39s)]	ELBO: 1595.570, 1648.838, 1651.582, 1651.202, 1651.098 (1633.405)	Log prob: 1604.083, 1651.985, 1651.582, 1651.202, 1651.098 (1645.202)	KLD: 8.513, 3.146, 0.000, 0.000, 0.000 (11.796)
[Epoch  31 (141.17s)]	ELBO: 1596.794, 1649.268, 1651.947, 1651.563, 1651.456 (1630.645)	Log prob: 1605.308, 1652.405, 1651.947, 1651.563, 1651.456 (1642.263)	KLD: 8.513, 3.138, 0.000, 0.000, 0.000 (11.619)
[Epoch  32 (143.18s)]	ELBO: 1597.548, 1649.937, 1652.557, 1652.190, 1652.029 (1634.564)	Log prob: 1606.053, 1653.081, 1652.557, 1652.190, 1652.029 (1646.553)	KLD: 8.506, 3.144, 0.000, 0.000, 0.000 (11.989)
[Epoch  33 (127.48s)]	ELBO: 1598.596, 1651.171, 1653.880, 1653.520, 1653.357 (1634.017)	Log prob: 1607.114, 1654.315, 1653.880, 1653.520, 1653.357 (1645.666)	KLD: 8.519, 3.145, 0.000, 0.000, 0.000 (11.649)
[Epoch  34 (135.61s)]	ELBO: 1599.330, 1652.402, 1655.055, 1654.713, 1654.528 (1633.589)	Log prob: 1607.869, 1655.570, 1655.055, 1654.713, 1654.528 (1645.650)	KLD: 8.539, 3.167, 0.000, 0.000, 0.000 (12.062)
[Epoch  35 (141.73s)]	ELBO: 1599.458, 1651.934, 1654.551, 1654.165, 1654.023 (1634.213)	Log prob: 1608.010, 1655.094, 1654.551, 1654.165, 1654.023 (1645.926)	KLD: 8.552, 3.160, 0.000, 0.000, 0.000 (11.712)
[Epoch  36 (129.76s)]	ELBO: 1600.226, 1652.593, 1655.252, 1654.856, 1654.672 (1638.299)	Log prob: 1608.778, 1655.748, 1655.252, 1654.856, 1654.672 (1650.148)	KLD: 8.553, 3.155, 0.000, 0.000, 0.000 (11.849)
[Epoch  37 (139.73s)]	ELBO: 1600.816, 1653.436, 1656.118, 1655.656, 1655.566 (1637.279)	Log prob: 1609.374, 1656.606, 1656.118, 1655.656, 1655.566 (1649.104)	KLD: 8.558, 3.170, 0.000, 0.000, 0.000 (11.825)
[Epoch  38 (144.70s)]	ELBO: 1601.267, 1654.163, 1656.760, 1656.376, 1656.270 (1638.835)	Log prob: 1609.847, 1657.323, 1656.760, 1656.376, 1656.270 (1650.504)	KLD: 8.581, 3.160, 0.000, 0.000, 0.000 (11.669)
[Epoch  39 (129.55s)]	ELBO: 1602.287, 1654.887, 1657.598, 1657.251, 1657.092 (1637.793)	Log prob: 1610.846, 1658.071, 1657.598, 1657.251, 1657.092 (1649.625)	KLD: 8.560, 3.183, 0.000, 0.000, 0.000 (11.832)
[Epoch  40 (135.45s)]	ELBO: 1602.801, 1655.282, 1658.012, 1657.546, 1657.394 (1638.428)	Log prob: 1611.367, 1658.469, 1658.012, 1657.546, 1657.394 (1650.479)	KLD: 8.566, 3.186, 0.000, 0.000, 0.000 (12.051)
[Epoch  41 (272.58s)]	ELBO: 1603.555, 1655.594, 1658.310, 1657.859, 1657.776 (1638.663)	Log prob: 1612.137, 1658.785, 1658.310, 1657.859, 1657.776 (1650.517)	KLD: 8.583, 3.191, 0.000, 0.000, 0.000 (11.854)
[Epoch  42 (620.02s)]	ELBO: 1603.095, 1655.850, 1658.550, 1658.238, 1658.109 (1637.558)	Log prob: 1611.695, 1659.041, 1658.550, 1658.238, 1658.109 (1649.362)	KLD: 8.601, 3.191, 0.000, 0.000, 0.000 (11.804)
[Epoch  43 (124.32s)]	ELBO: 1603.858, 1655.954, 1658.673, 1658.228, 1658.180 (1638.728)	Log prob: 1612.457, 1659.174, 1658.673, 1658.228, 1658.180 (1650.497)	KLD: 8.599, 3.220, 0.000, 0.000, 0.000 (11.769)
[Epoch  44 (128.69s)]	ELBO: 1604.759, 1657.245, 1659.886, 1659.551, 1659.400 (1641.244)	Log prob: 1613.368, 1660.448, 1659.886, 1659.551, 1659.400 (1653.034)	KLD: 8.608, 3.203, 0.000, 0.000, 0.000 (11.791)
[Epoch  45 (125.02s)]	ELBO: 1605.674, 1658.253, 1660.956, 1660.561, 1660.491 (1642.643)	Log prob: 1614.295, 1661.465, 1660.956, 1660.561, 1660.491 (1654.618)	KLD: 8.619, 3.213, 0.000, 0.000, 0.000 (11.975)
[Epoch  46 (137.30s)]	ELBO: 1606.410, 1658.708, 1661.350, 1660.992, 1660.832 (1641.885)	Log prob: 1615.039, 1661.896, 1661.350, 1660.992, 1660.832 (1653.709)	KLD: 8.628, 3.187, 0.000, 0.000, 0.000 (11.824)
[Epoch  47 (141.58s)]	ELBO: 1604.840, 1657.362, 1660.084, 1659.747, 1659.504 (1644.491)	Log prob: 1613.453, 1660.578, 1660.084, 1659.747, 1659.504 (1656.374)	KLD: 8.613, 3.215, 0.000, 0.000, 0.000 (11.884)
[Epoch  48 (132.02s)]	ELBO: 1606.657, 1659.410, 1662.225, 1661.888, 1661.753 (1643.400)	Log prob: 1615.272, 1662.640, 1662.225, 1661.888, 1661.753 (1655.389)	KLD: 8.615, 3.230, 0.000, 0.000, 0.000 (11.989)
[Epoch  49 (141.49s)]	ELBO: 1607.213, 1660.231, 1662.980, 1662.631, 1662.544 (1641.905)	Log prob: 1615.824, 1663.471, 1662.980, 1662.631, 1662.544 (1653.673)	KLD: 8.611, 3.240, 0.000, 0.000, 0.000 (11.768)
[Epoch  50 (145.66s)]	ELBO: 1607.942, 1661.017, 1663.769, 1663.405, 1663.353 (1645.392)	Log prob: 1616.558, 1664.247, 1663.769, 1663.405, 1663.353 (1657.461)	KLD: 8.616, 3.230, 0.000, 0.000, 0.000 (12.068)
[Epoch  51 (133.96s)]	ELBO: 1607.892, 1661.456, 1664.186, 1663.903, 1663.812 (1641.631)	Log prob: 1616.528, 1664.711, 1664.186, 1663.903, 1663.812 (1653.596)	KLD: 8.638, 3.254, 0.000, 0.000, 0.000 (11.965)
[Epoch  52 (144.32s)]	ELBO: 1607.990, 1661.070, 1663.850, 1663.524, 1663.325 (1641.565)	Log prob: 1616.636, 1664.314, 1663.850, 1663.524, 1663.325 (1653.276)	KLD: 8.648, 3.245, 0.000, 0.000, 0.000 (11.711)
[Epoch  53 (149.48s)]	ELBO: 1608.641, 1661.939, 1664.689, 1664.356, 1664.233 (1642.610)	Log prob: 1617.251, 1665.197, 1664.689, 1664.356, 1664.233 (1654.465)	KLD: 8.610, 3.257, 0.000, 0.000, 0.000 (11.855)
[Epoch  54 (135.75s)]	ELBO: 1609.217, 1662.761, 1665.541, 1665.187, 1665.109 (1642.326)	Log prob: 1617.862, 1666.022, 1665.541, 1665.187, 1665.109 (1653.733)	KLD: 8.645, 3.261, 0.000, 0.000, 0.000 (11.406)
[Epoch  55 (146.68s)]	ELBO: 1609.041, 1662.148, 1664.857, 1664.466, 1664.423 (1644.851)	Log prob: 1617.687, 1665.415, 1664.857, 1664.466, 1664.423 (1656.708)	KLD: 8.647, 3.266, 0.000, 0.000, 0.000 (11.857)
[Epoch  56 (144.58s)]	ELBO: 1609.749, 1662.718, 1665.495, 1665.099, 1665.007 (1645.420)	Log prob: 1618.359, 1665.986, 1665.495, 1665.099, 1665.007 (1657.608)	KLD: 8.609, 3.269, 0.000, 0.000, 0.000 (12.188)
[Epoch  57 (129.88s)]	ELBO: 1609.864, 1662.827, 1665.596, 1665.292, 1665.155 (1643.796)	Log prob: 1618.521, 1666.109, 1665.596, 1665.292, 1665.155 (1655.877)	KLD: 8.657, 3.282, 0.000, 0.000, 0.000 (12.081)
[Epoch  58 (141.48s)]	ELBO: 1609.505, 1662.344, 1665.025, 1664.704, 1664.635 (1638.131)	Log prob: 1618.135, 1665.611, 1665.025, 1664.704, 1664.635 (1650.412)	KLD: 8.630, 3.268, 0.000, 0.000, 0.000 (12.282)
[Epoch  59 (142.18s)]	ELBO: 1610.384, 1663.563, 1666.372, 1665.998, 1665.947 (1647.782)	Log prob: 1619.038, 1666.841, 1666.372, 1665.998, 1665.947 (1659.664)	KLD: 8.654, 3.278, 0.000, 0.000, 0.000 (11.882)
[Epoch  60 (128.11s)]	ELBO: 1611.678, 1664.949, 1667.815, 1667.521, 1667.418 (1646.532)	Log prob: 1620.341, 1668.219, 1667.815, 1667.521, 1667.418 (1658.275)	KLD: 8.662, 3.271, 0.000, 0.000, 0.000 (11.743)
[Epoch  61 (128.48s)]	ELBO: 1612.194, 1665.459, 1668.364, 1668.046, 1667.951 (1643.626)	Log prob: 1620.863, 1668.752, 1668.364, 1668.046, 1667.951 (1655.394)	KLD: 8.668, 3.292, 0.000, 0.000, 0.000 (11.768)
[Epoch  62 (133.42s)]	ELBO: 1611.068, 1664.172, 1666.899, 1666.665, 1666.459 (1645.188)	Log prob: 1619.747, 1667.457, 1666.899, 1666.665, 1666.459 (1657.225)	KLD: 8.678, 3.284, 0.000, 0.000, 0.000 (12.037)
[Epoch  63 (119.96s)]	ELBO: 1612.011, 1664.998, 1667.913, 1667.589, 1667.496 (1643.269)	Log prob: 1620.688, 1668.306, 1667.913, 1667.589, 1667.496 (1655.553)	KLD: 8.676, 3.308, 0.000, 0.000, 0.000 (12.284)
[Epoch  64 (127.24s)]	ELBO: 1611.984, 1664.644, 1667.496, 1667.123, 1667.077 (1643.812)	Log prob: 1620.665, 1667.942, 1667.496, 1667.123, 1667.077 (1655.789)	KLD: 8.682, 3.298, 0.000, 0.000, 0.000 (11.977)
[Epoch  65 (133.72s)]	ELBO: 1613.046, 1666.084, 1668.960, 1668.646, 1668.504 (1645.939)	Log prob: 1621.720, 1669.392, 1668.960, 1668.646, 1668.504 (1658.012)	KLD: 8.673, 3.309, 0.000, 0.000, 0.000 (12.074)
[Epoch  66 (120.55s)]	ELBO: 1613.006, 1666.528, 1669.396, 1669.025, 1668.989 (1645.418)	Log prob: 1621.697, 1669.837, 1669.396, 1669.025, 1668.989 (1657.477)	KLD: 8.691, 3.308, 0.000, 0.000, 0.000 (12.058)
[Epoch  67 (131.80s)]	ELBO: 1611.957, 1665.122, 1668.048, 1667.656, 1667.586 (1647.485)	Log prob: 1620.649, 1668.434, 1668.048, 1667.656, 1667.586 (1659.698)	KLD: 8.693, 3.313, 0.000, 0.000, 0.000 (12.212)
[Epoch  68 (142.89s)]	ELBO: 1613.854, 1667.212, 1670.135, 1669.828, 1669.710 (1647.785)	Log prob: 1622.536, 1670.522, 1670.135, 1669.828, 1669.710 (1660.043)	KLD: 8.682, 3.309, 0.000, 0.000, 0.000 (12.258)
[Epoch  69 (135.88s)]	ELBO: 1613.407, 1666.976, 1669.787, 1669.422, 1669.346 (1647.689)	Log prob: 1622.094, 1670.277, 1669.787, 1669.422, 1669.346 (1659.815)	KLD: 8.687, 3.301, 0.000, 0.000, 0.000 (12.126)
[Epoch  70 (129.89s)]	ELBO: 1613.562, 1667.716, 1670.603, 1670.299, 1670.233 (1644.284)	Log prob: 1622.273, 1671.012, 1670.603, 1670.299, 1670.233 (1656.081)	KLD: 8.710, 3.296, 0.000, 0.000, 0.000 (11.797)
[Epoch  71 (137.69s)]	ELBO: 1613.485, 1667.651, 1670.491, 1670.229, 1670.081 (1648.992)	Log prob: 1622.198, 1670.956, 1670.491, 1670.229, 1670.081 (1660.825)	KLD: 8.713, 3.305, 0.000, 0.000, 0.000 (11.832)
[Epoch  72 (132.90s)]	ELBO: 1613.639, 1667.744, 1670.575, 1670.254, 1670.114 (1643.567)	Log prob: 1622.364, 1671.050, 1670.575, 1670.254, 1670.114 (1655.741)	KLD: 8.726, 3.305, 0.000, 0.000, 0.000 (12.174)
[Epoch  73 (140.29s)]	ELBO: 1613.884, 1668.058, 1671.017, 1670.744, 1670.609 (1647.064)	Log prob: 1622.592, 1671.393, 1671.017, 1670.744, 1670.609 (1659.251)	KLD: 8.707, 3.335, 0.000, 0.000, 0.000 (12.187)
[Epoch  74 (140.55s)]	ELBO: 1614.122, 1668.712, 1671.599, 1671.228, 1671.187 (1645.589)	Log prob: 1622.845, 1672.029, 1671.599, 1671.228, 1671.187 (1657.537)	KLD: 8.722, 3.317, 0.000, 0.000, 0.000 (11.948)
[Epoch  75 (128.38s)]	ELBO: 1614.059, 1668.371, 1671.276, 1670.935, 1670.851 (1651.139)	Log prob: 1622.755, 1671.687, 1671.276, 1670.935, 1670.851 (1663.355)	KLD: 8.698, 3.316, 0.000, 0.000, 0.000 (12.216)
[Epoch  76 (137.96s)]	ELBO: 1614.876, 1669.603, 1672.475, 1672.159, 1672.065 (1648.018)	Log prob: 1623.572, 1672.918, 1672.475, 1672.159, 1672.065 (1660.092)	KLD: 8.695, 3.315, 0.000, 0.000, 0.000 (12.074)
[Epoch  77 (146.53s)]	ELBO: 1614.273, 1669.481, 1672.399, 1672.101, 1671.954 (1648.524)	Log prob: 1622.973, 1672.817, 1672.399, 1672.101, 1671.954 (1660.608)	KLD: 8.701, 3.336, 0.000, 0.000, 0.000 (12.083)
[Epoch  78 (129.73s)]	ELBO: 1614.442, 1669.487, 1672.360, 1672.077, 1671.976 (1651.458)	Log prob: 1623.141, 1672.828, 1672.360, 1672.077, 1671.976 (1663.439)	KLD: 8.699, 3.342, 0.000, 0.000, 0.000 (11.981)
[Epoch  79 (135.23s)]	ELBO: 1615.007, 1670.128, 1673.108, 1672.734, 1672.610 (1647.494)	Log prob: 1623.709, 1673.476, 1673.108, 1672.734, 1672.610 (1659.597)	KLD: 8.702, 3.349, 0.000, 0.000, 0.000 (12.103)
[Epoch  80 (142.13s)]	ELBO: 1615.134, 1669.860, 1672.833, 1672.490, 1672.362 (1649.862)	Log prob: 1623.859, 1673.207, 1672.833, 1672.490, 1672.362 (1661.813)	KLD: 8.725, 3.345, 0.000, 0.000, 0.000 (11.951)
[Epoch  81 (131.77s)]	ELBO: 1616.043, 1670.399, 1673.315, 1672.989, 1672.887 (1646.903)	Log prob: 1624.746, 1673.735, 1673.315, 1672.989, 1672.887 (1658.936)	KLD: 8.703, 3.337, 0.000, 0.000, 0.000 (12.033)
[Epoch  82 (162.54s)]	ELBO: 1616.528, 1670.906, 1673.879, 1673.527, 1673.442 (1649.835)	Log prob: 1625.270, 1674.257, 1673.879, 1673.527, 1673.442 (1661.923)	KLD: 8.742, 3.351, 0.000, 0.000, 0.000 (12.088)
[Epoch  83 (152.31s)]	ELBO: 1615.978, 1670.216, 1673.085, 1672.846, 1672.775 (1647.482)	Log prob: 1624.682, 1673.554, 1673.085, 1672.846, 1672.775 (1659.745)	KLD: 8.704, 3.337, 0.000, 0.000, 0.000 (12.263)
[Epoch  84 (139.36s)]	ELBO: 1613.244, 1667.384, 1670.292, 1670.010, 1669.973 (1648.590)	Log prob: 1621.954, 1670.731, 1670.292, 1670.010, 1669.973 (1660.825)	KLD: 8.710, 3.345, 0.000, 0.000, 0.000 (12.235)
[Epoch  85 (143.21s)]	ELBO: 1615.612, 1669.146, 1672.034, 1671.752, 1671.702 (1653.059)	Log prob: 1624.318, 1672.474, 1672.034, 1671.752, 1671.702 (1665.201)	KLD: 8.707, 3.328, 0.000, 0.000, 0.000 (12.142)
[Epoch  86 (150.89s)]	ELBO: 1616.649, 1670.668, 1673.565, 1673.312, 1673.245 (1648.140)	Log prob: 1625.366, 1674.025, 1673.565, 1673.312, 1673.245 (1659.939)	KLD: 8.718, 3.358, 0.000, 0.000, 0.000 (11.799)
[Epoch  87 (150.84s)]	ELBO: 1616.159, 1670.105, 1673.077, 1672.810, 1672.699 (1649.416)	Log prob: 1624.863, 1673.464, 1673.077, 1672.810, 1672.699 (1661.432)	KLD: 8.704, 3.357, 0.000, 0.000, 0.000 (12.016)
[Epoch  88 (149.02s)]	ELBO: 1615.738, 1669.734, 1672.635, 1672.347, 1672.285 (1646.865)	Log prob: 1624.448, 1673.099, 1672.635, 1672.347, 1672.285 (1658.784)	KLD: 8.710, 3.365, 0.000, 0.000, 0.000 (11.919)
[Epoch  89 (154.87s)]	ELBO: 1616.664, 1670.136, 1673.024, 1672.696, 1672.646 (1650.123)	Log prob: 1625.375, 1673.488, 1673.024, 1672.696, 1672.646 (1662.081)	KLD: 8.711, 3.352, 0.000, 0.000, 0.000 (11.958)
[Epoch  90 (138.16s)]	ELBO: 1617.110, 1670.964, 1673.924, 1673.632, 1673.579 (1651.380)	Log prob: 1625.821, 1674.330, 1673.924, 1673.632, 1673.579 (1663.763)	KLD: 8.709, 3.367, 0.000, 0.000, 0.000 (12.383)
[Epoch  91 (147.89s)]	ELBO: 1617.548, 1671.454, 1674.514, 1674.157, 1674.201 (1647.012)	Log prob: 1626.289, 1674.835, 1674.514, 1674.157, 1674.201 (1659.199)	KLD: 8.740, 3.381, 0.000, 0.000, 0.000 (12.187)
[Epoch  92 (156.66s)]	ELBO: 1617.598, 1671.623, 1674.516, 1674.260, 1674.208 (1650.356)	Log prob: 1626.313, 1674.990, 1674.516, 1674.260, 1674.208 (1662.375)	KLD: 8.717, 3.367, 0.000, 0.000, 0.000 (12.019)
[Epoch  93 (131.25s)]	ELBO: 1616.588, 1670.393, 1673.342, 1673.075, 1672.970 (1647.259)	Log prob: 1625.308, 1673.760, 1673.342, 1673.075, 1672.970 (1659.363)	KLD: 8.720, 3.367, 0.000, 0.000, 0.000 (12.104)
[Epoch  94 (146.14s)]	ELBO: 1618.379, 1672.352, 1675.445, 1675.188, 1675.085 (1652.357)	Log prob: 1627.124, 1675.751, 1675.445, 1675.188, 1675.085 (1664.443)	KLD: 8.746, 3.398, 0.000, 0.000, 0.000 (12.086)
No improvement after 10 epochs...
Best epoch: 85	Training time: 20440.40s	Best ELBO: 1675.085 (1653.059)	Best log prob: 1675.085 (1665.201)
Avg. mu: 0.569, -0.184, 0.061, 0.000, -0.000, 0.000, -0.000, -0.001, 0.001, -0.000
Avg. var: 0.000, 0.000, 0.002, 1.000, 1.000, 0.999, 1.000, 1.000, 1.000, 1.000
Max. mu: 3.489, 2.717, 4.535, 0.002, 0.000, 0.001, 0.000, 0.003, 0.006, 0.002
Max. var: 0.023, 0.035, 0.059, 1.007, 1.000, 1.002, 1.000, 1.009, 1.002, 1.001
Min. mu: -2.374, -6.007, -4.569, -0.000, -0.000, -0.002, -0.000, -0.007, -0.003, -0.006
Min. var: 0.000, 0.000, 0.000, 0.998, 1.000, 0.994, 1.000, 0.996, 0.998, 1.000
Cov. mu:
[[0.468 0.154 0.065 -0.000 0.000 0.000 -0.000 -0.000 -0.000 -0.000]
 [0.154 1.073 -0.043 -0.000 0.000 0.000 0.000 0.001 -0.000 0.000]
 [0.065 -0.043 1.075 -0.000 0.000 0.000 0.000 -0.000 -0.000 0.000]
 [-0.000 -0.000 -0.000 0.000 -0.000 0.000 -0.000 -0.000 0.000 -0.000]
 [0.000 0.000 0.000 -0.000 0.000 0.000 0.000 0.000 -0.000 0.000]
 [0.000 0.000 0.000 0.000 0.000 0.000 -0.000 0.000 0.000 0.000]
 [-0.000 0.000 0.000 -0.000 0.000 -0.000 0.000 0.000 -0.000 0.000]
 [-0.000 0.001 -0.000 -0.000 0.000 0.000 0.000 0.000 -0.000 0.000]
 [-0.000 -0.000 -0.000 0.000 -0.000 0.000 -0.000 -0.000 0.000 -0.000]
 [-0.000 0.000 0.000 -0.000 0.000 0.000 0.000 0.000 -0.000 0.000]]
