Encoder
=================================================================
Layer (type:depth-idx)                   Param #
=================================================================
Encoder                                  --
├─Linear: 1-1                            786,688
├─Linear: 1-2                            65,792
=================================================================
Total params: 852,480
Trainable params: 852,480
Non-trainable params: 0
=================================================================
Encoder to Latents 0
=================================================================
Layer (type:depth-idx)                   Param #
=================================================================
EncoderToLatents                         --
├─Linear: 1-1                            1,028
├─Linear: 1-2                            1,028
=================================================================
Total params: 2,056
Trainable params: 2,056
Non-trainable params: 0
=================================================================
Encoder to Latents 1
=================================================================
Layer (type:depth-idx)                   Param #
=================================================================
EncoderToLatents                         --
├─Linear: 1-1                            1,028
├─Linear: 1-2                            1,028
=================================================================
Total params: 2,056
Trainable params: 2,056
Non-trainable params: 0
=================================================================
Encoder to Latents 2
=================================================================
Layer (type:depth-idx)                   Param #
=================================================================
EncoderToLatents                         --
├─Linear: 1-1                            1,028
├─Linear: 1-2                            1,028
=================================================================
Total params: 2,056
Trainable params: 2,056
Non-trainable params: 0
=================================================================
Encoder to Latents 3
=================================================================
Layer (type:depth-idx)                   Param #
=================================================================
EncoderToLatents                         --
├─Linear: 1-1                            1,028
├─Linear: 1-2                            1,028
=================================================================
Total params: 2,056
Trainable params: 2,056
Non-trainable params: 0
=================================================================
Encoder to Latents 4
=================================================================
Layer (type:depth-idx)                   Param #
=================================================================
EncoderToLatents                         --
├─Linear: 1-1                            1,028
├─Linear: 1-2                            1,028
=================================================================
Total params: 2,056
Trainable params: 2,056
Non-trainable params: 0
=================================================================
Encoder to Latents 5
=================================================================
Layer (type:depth-idx)                   Param #
=================================================================
EncoderToLatents                         --
├─Linear: 1-1                            1,028
├─Linear: 1-2                            1,028
=================================================================
Total params: 2,056
Trainable params: 2,056
Non-trainable params: 0
=================================================================
Encoder to Latents 6
=================================================================
Layer (type:depth-idx)                   Param #
=================================================================
EncoderToLatents                         --
├─Linear: 1-1                            1,028
├─Linear: 1-2                            1,028
=================================================================
Total params: 2,056
Trainable params: 2,056
Non-trainable params: 0
=================================================================
Encoder to Latents 7
=================================================================
Layer (type:depth-idx)                   Param #
=================================================================
EncoderToLatents                         --
├─Linear: 1-1                            1,028
├─Linear: 1-2                            1,028
=================================================================
Total params: 2,056
Trainable params: 2,056
Non-trainable params: 0
=================================================================
Encoder to Latents 8
=================================================================
Layer (type:depth-idx)                   Param #
=================================================================
EncoderToLatents                         --
├─Linear: 1-1                            1,028
├─Linear: 1-2                            1,028
=================================================================
Total params: 2,056
Trainable params: 2,056
Non-trainable params: 0
=================================================================
Encoder to Latents 9
=================================================================
Layer (type:depth-idx)                   Param #
=================================================================
EncoderToLatents                         --
├─Linear: 1-1                            1,028
├─Linear: 1-2                            1,028
=================================================================
Total params: 2,056
Trainable params: 2,056
Non-trainable params: 0
=================================================================
Encoder to Latents 10
=================================================================
Layer (type:depth-idx)                   Param #
=================================================================
EncoderToLatents                         --
├─Linear: 1-1                            1,028
├─Linear: 1-2                            1,028
=================================================================
Total params: 2,056
Trainable params: 2,056
Non-trainable params: 0
=================================================================
Encoder to Latents 11
=================================================================
Layer (type:depth-idx)                   Param #
=================================================================
EncoderToLatents                         --
├─Linear: 1-1                            1,028
├─Linear: 1-2                            1,028
=================================================================
Total params: 2,056
Trainable params: 2,056
Non-trainable params: 0
=================================================================
Encoder to Latents 12
=================================================================
Layer (type:depth-idx)                   Param #
=================================================================
EncoderToLatents                         --
├─Linear: 1-1                            1,028
├─Linear: 1-2                            1,028
=================================================================
Total params: 2,056
Trainable params: 2,056
Non-trainable params: 0
=================================================================
Encoder to Latents 13
=================================================================
Layer (type:depth-idx)                   Param #
=================================================================
EncoderToLatents                         --
├─Linear: 1-1                            1,028
├─Linear: 1-2                            1,028
=================================================================
Total params: 2,056
Trainable params: 2,056
Non-trainable params: 0
=================================================================
Encoder to Latents 14
=================================================================
Layer (type:depth-idx)                   Param #
=================================================================
EncoderToLatents                         --
├─Linear: 1-1                            1,028
├─Linear: 1-2                            1,028
=================================================================
Total params: 2,056
Trainable params: 2,056
Non-trainable params: 0
=================================================================
Encoder to Latents 15
=================================================================
Layer (type:depth-idx)                   Param #
=================================================================
EncoderToLatents                         --
├─Linear: 1-1                            1,028
├─Linear: 1-2                            1,028
=================================================================
Total params: 2,056
Trainable params: 2,056
Non-trainable params: 0
=================================================================
Latents to Latents
=================================================================
Layer (type:depth-idx)                   Param #
=================================================================
LatentsToLatents                         --
├─Linear: 1-1                            272
├─Linear: 1-2                            68
├─Linear: 1-3                            68
=================================================================
Total params: 408
Trainable params: 408
Non-trainable params: 0
=================================================================
Latents to Decoder 0
=================================================================
Layer (type:depth-idx)                   Param #
=================================================================
LatentsToDecoder                         --
├─Linear: 1-1                            1,280
=================================================================
Total params: 1,280
Trainable params: 1,280
Non-trainable params: 0
=================================================================
Latents to Decoder 1
=================================================================
Layer (type:depth-idx)                   Param #
=================================================================
LatentsToDecoder                         --
├─Linear: 1-1                            1,280
=================================================================
Total params: 1,280
Trainable params: 1,280
Non-trainable params: 0
=================================================================
Latents to Decoder 2
=================================================================
Layer (type:depth-idx)                   Param #
=================================================================
LatentsToDecoder                         --
├─Linear: 1-1                            1,280
=================================================================
Total params: 1,280
Trainable params: 1,280
Non-trainable params: 0
=================================================================
Latents to Decoder 3
=================================================================
Layer (type:depth-idx)                   Param #
=================================================================
LatentsToDecoder                         --
├─Linear: 1-1                            1,280
=================================================================
Total params: 1,280
Trainable params: 1,280
Non-trainable params: 0
=================================================================
Latents to Decoder 4
=================================================================
Layer (type:depth-idx)                   Param #
=================================================================
LatentsToDecoder                         --
├─Linear: 1-1                            1,280
=================================================================
Total params: 1,280
Trainable params: 1,280
Non-trainable params: 0
=================================================================
Latents to Decoder 5
=================================================================
Layer (type:depth-idx)                   Param #
=================================================================
LatentsToDecoder                         --
├─Linear: 1-1                            1,280
=================================================================
Total params: 1,280
Trainable params: 1,280
Non-trainable params: 0
=================================================================
Latents to Decoder 6
=================================================================
Layer (type:depth-idx)                   Param #
=================================================================
LatentsToDecoder                         --
├─Linear: 1-1                            1,280
=================================================================
Total params: 1,280
Trainable params: 1,280
Non-trainable params: 0
=================================================================
Latents to Decoder 7
=================================================================
Layer (type:depth-idx)                   Param #
=================================================================
LatentsToDecoder                         --
├─Linear: 1-1                            1,280
=================================================================
Total params: 1,280
Trainable params: 1,280
Non-trainable params: 0
=================================================================
Latents to Decoder 8
=================================================================
Layer (type:depth-idx)                   Param #
=================================================================
LatentsToDecoder                         --
├─Linear: 1-1                            1,280
=================================================================
Total params: 1,280
Trainable params: 1,280
Non-trainable params: 0
=================================================================
Latents to Decoder 9
=================================================================
Layer (type:depth-idx)                   Param #
=================================================================
LatentsToDecoder                         --
├─Linear: 1-1                            1,280
=================================================================
Total params: 1,280
Trainable params: 1,280
Non-trainable params: 0
=================================================================
Latents to Decoder 10
=================================================================
Layer (type:depth-idx)                   Param #
=================================================================
LatentsToDecoder                         --
├─Linear: 1-1                            1,280
=================================================================
Total params: 1,280
Trainable params: 1,280
Non-trainable params: 0
=================================================================
Latents to Decoder 11
=================================================================
Layer (type:depth-idx)                   Param #
=================================================================
LatentsToDecoder                         --
├─Linear: 1-1                            1,280
=================================================================
Total params: 1,280
Trainable params: 1,280
Non-trainable params: 0
=================================================================
Latents to Decoder 12
=================================================================
Layer (type:depth-idx)                   Param #
=================================================================
LatentsToDecoder                         --
├─Linear: 1-1                            1,280
=================================================================
Total params: 1,280
Trainable params: 1,280
Non-trainable params: 0
=================================================================
Latents to Decoder 13
=================================================================
Layer (type:depth-idx)                   Param #
=================================================================
LatentsToDecoder                         --
├─Linear: 1-1                            1,280
=================================================================
Total params: 1,280
Trainable params: 1,280
Non-trainable params: 0
=================================================================
Latents to Decoder 14
=================================================================
Layer (type:depth-idx)                   Param #
=================================================================
LatentsToDecoder                         --
├─Linear: 1-1                            1,280
=================================================================
Total params: 1,280
Trainable params: 1,280
Non-trainable params: 0
=================================================================
Latents to Decoder 15
=================================================================
Layer (type:depth-idx)                   Param #
=================================================================
LatentsToDecoder                         --
├─Linear: 1-1                            1,280
=================================================================
Total params: 1,280
Trainable params: 1,280
Non-trainable params: 0
=================================================================
Decoder
=================================================================
Layer (type:depth-idx)                   Param #
=================================================================
Decoder                                  --
├─Linear: 1-1                            65,792
├─Linear: 1-2                            789,504
=================================================================
Total params: 855,296
Trainable params: 855,296
Non-trainable params: 0
=================================================================
Training model 1/16...
[Epoch   1 (11.47s)]	ELBO: -15248.243 (-12218.299)	Log prob: -15225.312 (-12190.949)	KLD: 22.930 (27.350)	Grad: 262.544
[Epoch   2 (11.35s)]	ELBO: -12139.753 (-11802.428)	Log prob: -12113.529 (-11776.507)	KLD: 26.223 (25.921)	Grad: 209.212
[Epoch   3 (11.65s)]	ELBO: -11865.031 (-11657.370)	Log prob: -11839.277 (-11631.290)	KLD: 25.754 (26.081)	Grad: 186.770
[Epoch   4 (11.30s)]	ELBO: -11677.567 (-11404.975)	Log prob: -11651.938 (-11379.900)	KLD: 25.629 (25.074)	Grad: 169.520
[Epoch   5 (12.69s)]	ELBO: -11584.546 (-11620.896)	Log prob: -11558.812 (-11594.574)	KLD: 25.732 (26.322)	Grad: 168.714
[Epoch   6 (12.91s)]	ELBO: -11512.129 (-11291.255)	Log prob: -11486.126 (-11264.727)	KLD: 26.002 (26.528)	Grad: 158.656
[Epoch   7 (11.77s)]	ELBO: -11431.843 (-11282.018)	Log prob: -11405.385 (-11256.075)	KLD: 26.458 (25.944)	Grad: 146.128
[Epoch   8 (12.96s)]	ELBO: -11363.493 (-11206.536)	Log prob: -11337.032 (-11179.731)	KLD: 26.460 (26.805)	Grad: 155.112
[Epoch   9 (12.02s)]	ELBO: -11304.710 (-11127.437)	Log prob: -11277.946 (-11100.857)	KLD: 26.763 (26.580)	Grad: 144.242
[Epoch  10 (12.88s)]	ELBO: -11280.957 (-11193.435)	Log prob: -11254.161 (-11166.807)	KLD: 26.796 (26.627)	Grad: 142.848
[Epoch  11 (12.48s)]	ELBO: -11313.054 (-11223.684)	Log prob: -11286.146 (-11196.777)	KLD: 26.909 (26.907)	Grad: 131.092
[Epoch  12 (12.60s)]	ELBO: -11261.100 (-11123.780)	Log prob: -11233.990 (-11095.882)	KLD: 27.110 (27.898)	Grad: 148.560
[Epoch  13 (12.36s)]	ELBO: -11233.476 (-11179.067)	Log prob: -11206.576 (-11152.712)	KLD: 26.900 (26.355)	Grad: 130.846
[Epoch  14 (12.93s)]	ELBO: -11139.579 (-11029.362)	Log prob: -11112.925 (-11002.648)	KLD: 26.655 (26.714)	Grad: 120.213
[Epoch  15 (13.70s)]	ELBO: -11126.104 (-11732.627)	Log prob: -11098.883 (-11706.433)	KLD: 27.222 (26.195)	Grad: 130.195
[Epoch  16 (12.47s)]	ELBO: -11134.307 (-11064.621)	Log prob: -11107.800 (-11036.811)	KLD: 26.507 (27.810)	Grad: 144.141
[Epoch  17 (12.69s)]	ELBO: -11086.667 (-10964.630)	Log prob: -11060.000 (-10938.138)	KLD: 26.667 (26.491)	Grad: 127.165
[Epoch  18 (13.89s)]	ELBO: -11115.551 (-10940.204)	Log prob: -11088.937 (-10914.390)	KLD: 26.614 (25.815)	Grad: 132.961
[Epoch  19 (12.39s)]	ELBO: -11076.815 (-11026.649)	Log prob: -11049.758 (-11000.795)	KLD: 27.058 (25.854)	Grad: 118.587
[Epoch  20 (12.51s)]	ELBO: -11080.183 (-10971.104)	Log prob: -11053.240 (-10943.891)	KLD: 26.942 (27.213)	Grad: 124.362
[Epoch  21 (12.20s)]	ELBO: -11082.112 (-11402.924)	Log prob: -11055.031 (-11374.787)	KLD: 27.082 (28.136)	Grad: 120.116
[Epoch  22 (12.27s)]	ELBO: -11162.418 (-10994.897)	Log prob: -11134.785 (-10967.833)	KLD: 27.633 (27.064)	Grad: 123.618
[Epoch  23 (12.43s)]	ELBO: -11069.149 (-11034.693)	Log prob: -11041.796 (-11006.221)	KLD: 27.353 (28.472)	Grad: 126.758
[Epoch  24 (13.00s)]	ELBO: -11099.688 (-10906.602)	Log prob: -11073.222 (-10879.365)	KLD: 26.466 (27.237)	Grad: 122.690
[Epoch  25 (12.24s)]	ELBO: -11017.256 (-10929.703)	Log prob: -10991.197 (-10904.605)	KLD: 26.059 (25.098)	Grad: 112.906
Training model 2/16...
[Epoch   1 (18.24s)]	ELBO: -9973.794 (-8964.487)	Log prob: -9930.771 (-8917.231)	KLD: 14.400 (47.255)	Grad: 52.179
[Epoch   2 (16.51s)]	ELBO: -8708.832 (-8746.416)	Log prob: -8662.547 (-8696.896)	KLD: 19.329 (49.520)	Grad: 57.112
[Epoch   3 (16.47s)]	ELBO: -8475.822 (-8251.397)	Log prob: -8427.883 (-8204.956)	KLD: 19.919 (46.441)	Grad: 52.866
[Epoch   4 (16.89s)]	ELBO: -8302.157 (-8163.775)	Log prob: -8254.263 (-8117.596)	KLD: 20.103 (46.179)	Grad: 52.244
[Epoch   5 (16.91s)]	ELBO: -8266.700 (-8245.960)	Log prob: -8220.125 (-8200.940)	KLD: 20.058 (45.019)	Grad: 53.136
[Epoch   6 (16.43s)]	ELBO: -8239.863 (-8315.426)	Log prob: -8192.408 (-8266.252)	KLD: 19.917 (49.174)	Grad: 49.700
[Epoch   7 (17.12s)]	ELBO: -8180.852 (-8151.634)	Log prob: -8132.533 (-8105.632)	KLD: 19.866 (46.003)	Grad: 50.564
[Epoch   8 (17.23s)]	ELBO: -8100.663 (-8022.432)	Log prob: -8053.959 (-7975.989)	KLD: 19.830 (46.443)	Grad: 50.607
[Epoch   9 (18.94s)]	ELBO: -8154.526 (-8270.297)	Log prob: -8106.626 (-8220.352)	KLD: 19.947 (49.945)	Grad: 52.662
[Epoch  10 (18.91s)]	ELBO: -8152.250 (-8360.548)	Log prob: -8103.304 (-8313.402)	KLD: 19.857 (47.146)	Grad: 48.731
[Epoch  11 (18.56s)]	ELBO: -8149.520 (-8055.695)	Log prob: -8100.683 (-8002.316)	KLD: 20.209 (53.379)	Grad: 55.080
[Epoch  12 (18.53s)]	ELBO: -8040.605 (-8022.706)	Log prob: -7991.889 (-7973.551)	KLD: 19.725 (49.156)	Grad: 45.405
[Epoch  13 (19.74s)]	ELBO: -7971.813 (-8037.626)	Log prob: -7923.203 (-7989.541)	KLD: 19.512 (48.084)	Grad: 50.135
[Epoch  14 (18.61s)]	ELBO: -8112.231 (-8248.701)	Log prob: -8064.845 (-8198.532)	KLD: 19.593 (50.169)	Grad: 51.302
[Epoch  15 (18.76s)]	ELBO: -8029.058 (-7900.407)	Log prob: -7978.745 (-7852.117)	KLD: 19.573 (48.290)	Grad: 47.572
[Epoch  16 (18.63s)]	ELBO: -7971.105 (-7968.571)	Log prob: -7920.977 (-7922.389)	KLD: 19.248 (46.182)	Grad: 48.629
[Epoch  17 (19.23s)]	ELBO: -7905.274 (-7958.809)	Log prob: -7856.169 (-7909.471)	KLD: 19.067 (49.338)	Grad: 47.603
[Epoch  18 (20.07s)]	ELBO: -7877.817 (-7914.523)	Log prob: -7830.820 (-7868.589)	KLD: 19.076 (45.934)	Grad: 47.174
[Epoch  19 (20.92s)]	ELBO: -7931.269 (-7819.112)	Log prob: -7883.207 (-7769.996)	KLD: 19.286 (49.115)	Grad: 52.964
[Epoch  20 (18.95s)]	ELBO: -7854.485 (-7952.099)	Log prob: -7805.907 (-7900.745)	KLD: 18.742 (51.353)	Grad: 47.226
[Epoch  21 (18.74s)]	ELBO: -7934.639 (-8107.074)	Log prob: -7886.477 (-8058.571)	KLD: 18.940 (48.503)	Grad: 50.044
[Epoch  22 (18.27s)]	ELBO: -7956.666 (-7880.147)	Log prob: -7911.964 (-7835.622)	KLD: 18.800 (44.525)	Grad: 50.628
[Epoch  23 (19.64s)]	ELBO: -8013.329 (-7908.010)	Log prob: -7967.950 (-7862.513)	KLD: 19.059 (45.497)	Grad: 55.149
[Epoch  24 (18.95s)]	ELBO: -7922.757 (-8378.243)	Log prob: -7877.937 (-8334.607)	KLD: 19.079 (43.637)	Grad: 46.337
[Epoch  25 (19.24s)]	ELBO: -8002.957 (-7904.155)	Log prob: -7959.821 (-7859.416)	KLD: 18.697 (44.739)	Grad: 51.991
Training model 3/16...
[Epoch   1 (24.98s)]	ELBO: -7895.489 (-7776.514)	Log prob: -7840.542 (-7720.631)	KLD: 11.192 (55.883)	Grad: 44.796
[Epoch   2 (24.93s)]	ELBO: -7504.918 (-7202.323)	Log prob: -7446.983 (-7144.566)	KLD: 14.554 (57.757)	Grad: 48.927
[Epoch   3 (25.30s)]	ELBO: -7084.829 (-6896.565)	Log prob: -7025.977 (-6837.414)	KLD: 16.464 (59.152)	Grad: 50.092
[Epoch   4 (24.95s)]	ELBO: -6844.412 (-6827.053)	Log prob: -6783.769 (-6764.106)	KLD: 17.683 (62.946)	Grad: 52.540
[Epoch   5 (25.34s)]	ELBO: -6639.220 (-6588.360)	Log prob: -6576.186 (-6527.022)	KLD: 19.200 (61.338)	Grad: 57.168
[Epoch   6 (24.87s)]	ELBO: -6551.806 (-6517.183)	Log prob: -6489.501 (-6455.812)	KLD: 19.616 (61.371)	Grad: 54.827
[Epoch   7 (24.42s)]	ELBO: -6488.930 (-6445.851)	Log prob: -6427.620 (-6385.080)	KLD: 19.268 (60.770)	Grad: 55.228
[Epoch   8 (24.24s)]	ELBO: -6450.161 (-6464.640)	Log prob: -6388.568 (-6404.468)	KLD: 19.380 (60.172)	Grad: 51.015
[Epoch   9 (23.96s)]	ELBO: -6456.824 (-6581.425)	Log prob: -6395.257 (-6519.015)	KLD: 19.258 (62.410)	Grad: 52.410
[Epoch  10 (24.15s)]	ELBO: -6430.130 (-6371.101)	Log prob: -6368.838 (-6309.565)	KLD: 18.911 (61.536)	Grad: 51.382
[Epoch  11 (24.51s)]	ELBO: -6381.386 (-6281.821)	Log prob: -6319.930 (-6221.022)	KLD: 18.984 (60.800)	Grad: 48.768
[Epoch  12 (24.29s)]	ELBO: -6419.896 (-6459.428)	Log prob: -6358.546 (-6398.944)	KLD: 18.758 (60.484)	Grad: 47.600
[Epoch  13 (24.42s)]	ELBO: -6439.438 (-6462.205)	Log prob: -6378.263 (-6402.122)	KLD: 18.376 (60.083)	Grad: 49.993
[Epoch  14 (24.42s)]	ELBO: -6394.909 (-6513.137)	Log prob: -6334.130 (-6450.247)	KLD: 18.468 (62.889)	Grad: 45.099
[Epoch  15 (24.26s)]	ELBO: -6434.587 (-6518.623)	Log prob: -6373.351 (-6458.089)	KLD: 18.325 (60.535)	Grad: 44.877
[Epoch  16 (23.21s)]	ELBO: -6492.082 (-6605.714)	Log prob: -6430.568 (-6542.627)	KLD: 18.153 (63.087)	Grad: 44.811
[Epoch  17 (21.47s)]	ELBO: -6485.405 (-6371.676)	Log prob: -6423.821 (-6312.808)	KLD: 18.140 (58.868)	Grad: 44.835
[Epoch  18 (22.09s)]	ELBO: -6410.281 (-6345.416)	Log prob: -6349.222 (-6284.912)	KLD: 18.310 (60.504)	Grad: 42.636
[Epoch  19 (21.78s)]	ELBO: -6334.632 (-6404.874)	Log prob: -6274.149 (-6343.751)	KLD: 17.882 (61.123)	Grad: 39.705
[Epoch  20 (22.88s)]	ELBO: -6355.354 (-6476.017)	Log prob: -6294.645 (-6418.392)	KLD: 17.708 (57.625)	Grad: 40.046
No improvement after 10 epochs...
Training model 4/16...
[Epoch   1 (27.69s)]	ELBO: -6744.569 (-6650.323)	Log prob: -6671.844 (-6576.905)	KLD: 11.952 (73.418)	Grad: 49.415
[Epoch   2 (27.61s)]	ELBO: -6450.411 (-6448.633)	Log prob: -6376.007 (-6373.002)	KLD: 13.072 (75.630)	Grad: 34.441
[Epoch   3 (28.07s)]	ELBO: -6418.013 (-6219.504)	Log prob: -6343.052 (-6145.246)	KLD: 13.650 (74.258)	Grad: 37.638
[Epoch   4 (27.98s)]	ELBO: -6193.902 (-6174.208)	Log prob: -6118.231 (-6098.651)	KLD: 14.468 (75.557)	Grad: 36.711
[Epoch   5 (27.68s)]	ELBO: -6089.744 (-5996.613)	Log prob: -6012.919 (-5917.987)	KLD: 15.132 (78.626)	Grad: 38.556
[Epoch   6 (27.05s)]	ELBO: -5937.548 (-5856.547)	Log prob: -5860.968 (-5777.691)	KLD: 15.442 (78.856)	Grad: 37.115
[Epoch   7 (27.68s)]	ELBO: -5810.969 (-5778.853)	Log prob: -5733.754 (-5701.412)	KLD: 15.765 (77.441)	Grad: 35.926
[Epoch   8 (27.83s)]	ELBO: -5725.747 (-5690.602)	Log prob: -5648.378 (-5613.211)	KLD: 15.888 (77.391)	Grad: 38.069
[Epoch   9 (28.30s)]	ELBO: -5614.626 (-5562.640)	Log prob: -5536.823 (-5486.443)	KLD: 16.373 (76.197)	Grad: 37.786
[Epoch  10 (27.97s)]	ELBO: -5547.273 (-5633.905)	Log prob: -5467.074 (-5556.740)	KLD: 16.820 (77.165)	Grad: 38.444
[Epoch  11 (28.02s)]	ELBO: -5451.325 (-5428.161)	Log prob: -5373.073 (-5351.059)	KLD: 16.671 (77.102)	Grad: 38.323
[Epoch  12 (28.05s)]	ELBO: -5368.129 (-5264.655)	Log prob: -5290.010 (-5187.300)	KLD: 16.969 (77.356)	Grad: 43.966
[Epoch  13 (28.42s)]	ELBO: -5277.957 (-5425.005)	Log prob: -5199.386 (-5344.652)	KLD: 17.180 (80.353)	Grad: 38.564
[Epoch  14 (28.33s)]	ELBO: -5291.012 (-5210.820)	Log prob: -5212.103 (-5132.070)	KLD: 17.073 (78.750)	Grad: 45.554
[Epoch  15 (27.93s)]	ELBO: -5208.382 (-5181.430)	Log prob: -5130.567 (-5103.167)	KLD: 16.901 (78.262)	Grad: 39.350
[Epoch  16 (29.42s)]	ELBO: -5170.089 (-5177.829)	Log prob: -5091.096 (-5098.999)	KLD: 16.968 (78.830)	Grad: 37.957
[Epoch  17 (29.77s)]	ELBO: -5139.475 (-5056.407)	Log prob: -5062.110 (-4977.094)	KLD: 16.811 (79.314)	Grad: 37.671
[Epoch  18 (29.55s)]	ELBO: -5094.749 (-5088.296)	Log prob: -5016.615 (-5009.950)	KLD: 16.722 (78.347)	Grad: 35.817
[Epoch  19 (30.24s)]	ELBO: -5161.365 (-5421.280)	Log prob: -5082.062 (-5342.136)	KLD: 16.673 (79.144)	Grad: 41.200
[Epoch  20 (29.44s)]	ELBO: -5178.304 (-5344.574)	Log prob: -5099.859 (-5267.438)	KLD: 16.553 (77.136)	Grad: 36.850
[Epoch  21 (29.19s)]	ELBO: -5128.668 (-5045.443)	Log prob: -5049.423 (-4966.421)	KLD: 16.412 (79.022)	Grad: 35.967
[Epoch  22 (29.35s)]	ELBO: -5055.200 (-5103.981)	Log prob: -4975.980 (-5023.211)	KLD: 16.384 (80.769)	Grad: 36.396
[Epoch  23 (29.16s)]	ELBO: -5120.429 (-5005.788)	Log prob: -5040.043 (-4928.050)	KLD: 16.331 (77.738)	Grad: 36.175
[Epoch  24 (29.43s)]	ELBO: -5129.629 (-5049.300)	Log prob: -5049.489 (-4969.360)	KLD: 16.003 (79.940)	Grad: 36.471
[Epoch  25 (29.75s)]	ELBO: -5071.043 (-5077.632)	Log prob: -4990.270 (-4998.674)	KLD: 15.857 (78.958)	Grad: 35.863
Training model 5/16...
[Epoch   1 (32.10s)]	ELBO: -5353.986 (-5268.454)	Log prob: -5259.697 (-5174.809)	KLD: 12.542 (93.645)	Grad: 49.279
[Epoch   2 (31.47s)]	ELBO: -5090.074 (-5056.948)	Log prob: -4995.752 (-4963.740)	KLD: 13.396 (93.208)	Grad: 33.106
[Epoch   3 (31.15s)]	ELBO: -4987.253 (-5178.377)	Log prob: -4893.561 (-5086.127)	KLD: 13.594 (92.249)	Grad: 32.121
[Epoch   4 (32.04s)]	ELBO: -5002.947 (-5000.364)	Log prob: -4907.749 (-4905.631)	KLD: 13.305 (94.734)	Grad: 30.375
[Epoch   5 (36.27s)]	ELBO: -4971.133 (-5014.447)	Log prob: -4875.217 (-4916.925)	KLD: 13.545 (97.523)	Grad: 30.403
[Epoch   6 (35.01s)]	ELBO: -4895.141 (-5124.966)	Log prob: -4798.685 (-5027.132)	KLD: 14.341 (97.834)	Grad: 32.750
[Epoch   7 (36.13s)]	ELBO: -4857.122 (-4777.508)	Log prob: -4757.559 (-4676.389)	KLD: 14.574 (101.119)	Grad: 32.033
[Epoch   8 (35.92s)]	ELBO: -4758.972 (-4688.746)	Log prob: -4661.462 (-4590.303)	KLD: 15.181 (98.443)	Grad: 34.936
[Epoch   9 (36.04s)]	ELBO: -4801.461 (-4855.647)	Log prob: -4703.010 (-4757.313)	KLD: 14.785 (98.334)	Grad: 34.285
[Epoch  10 (36.10s)]	ELBO: -4772.926 (-4919.313)	Log prob: -4673.384 (-4812.935)	KLD: 15.082 (106.378)	Grad: 36.802
[Epoch  11 (36.33s)]	ELBO: -4786.004 (-4919.099)	Log prob: -4684.805 (-4822.002)	KLD: 14.699 (97.097)	Grad: 34.414
[Epoch  12 (36.52s)]	ELBO: -4714.324 (-4738.077)	Log prob: -4612.986 (-4641.284)	KLD: 14.677 (96.793)	Grad: 32.778
[Epoch  13 (37.56s)]	ELBO: -4636.077 (-4672.456)	Log prob: -4535.670 (-4572.344)	KLD: 14.690 (100.112)	Grad: 31.535
[Epoch  14 (37.53s)]	ELBO: -4699.061 (-4555.915)	Log prob: -4597.634 (-4459.294)	KLD: 14.901 (96.621)	Grad: 35.854
[Epoch  15 (37.50s)]	ELBO: -4652.665 (-4597.615)	Log prob: -4551.419 (-4497.904)	KLD: 14.875 (99.711)	Grad: 35.985
[Epoch  16 (38.66s)]	ELBO: -4657.132 (-4624.853)	Log prob: -4557.090 (-4529.730)	KLD: 14.987 (95.123)	Grad: 41.521
[Epoch  17 (38.34s)]	ELBO: -4596.048 (-4438.766)	Log prob: -4496.247 (-4337.177)	KLD: 15.229 (101.589)	Grad: 41.248
[Epoch  18 (37.66s)]	ELBO: -4478.740 (-4608.845)	Log prob: -4380.312 (-4509.718)	KLD: 15.041 (99.127)	Grad: 38.247
[Epoch  19 (36.99s)]	ELBO: -4488.091 (-4512.756)	Log prob: -4388.929 (-4416.141)	KLD: 15.225 (96.615)	Grad: 36.864
[Epoch  20 (37.24s)]	ELBO: -4407.546 (-4646.389)	Log prob: -4310.062 (-4547.947)	KLD: 14.995 (98.442)	Grad: 34.456
[Epoch  21 (37.17s)]	ELBO: -4434.066 (-4462.059)	Log prob: -4335.143 (-4365.423)	KLD: 14.917 (96.636)	Grad: 35.077
[Epoch  22 (37.07s)]	ELBO: -4427.836 (-4392.067)	Log prob: -4329.520 (-4293.595)	KLD: 14.868 (98.472)	Grad: 34.790
[Epoch  23 (33.92s)]	ELBO: -4385.114 (-4475.858)	Log prob: -4286.596 (-4375.593)	KLD: 14.661 (100.265)	Grad: 33.383
[Epoch  24 (33.94s)]	ELBO: -4388.560 (-4394.552)	Log prob: -4289.921 (-4297.726)	KLD: 14.455 (96.826)	Grad: 36.691
[Epoch  25 (34.42s)]	ELBO: -4379.503 (-4339.072)	Log prob: -4282.142 (-4241.312)	KLD: 14.568 (97.760)	Grad: 35.452
Training model 6/16...
[Epoch   1 (40.06s)]	ELBO: -4740.930 (-4589.555)	Log prob: -4630.191 (-4474.874)	KLD: 12.541 (114.680)	Grad: 57.248
[Epoch   2 (39.03s)]	ELBO: -4545.177 (-4495.925)	Log prob: -4431.731 (-4382.958)	KLD: 12.670 (112.968)	Grad: 36.473
[Epoch   3 (39.43s)]	ELBO: -4442.989 (-4519.626)	Log prob: -4328.152 (-4404.491)	KLD: 12.903 (115.134)	Grad: 29.334
[Epoch   4 (40.25s)]	ELBO: -4408.859 (-4350.971)	Log prob: -4294.339 (-4236.824)	KLD: 13.289 (114.147)	Grad: 30.213
[Epoch   5 (39.35s)]	ELBO: -4311.527 (-4519.044)	Log prob: -4196.637 (-4402.035)	KLD: 13.051 (117.009)	Grad: 27.270
[Epoch   6 (39.59s)]	ELBO: -4392.885 (-4467.743)	Log prob: -4272.706 (-4350.443)	KLD: 12.422 (117.300)	Grad: 25.776
[Epoch   7 (39.31s)]	ELBO: -4382.962 (-4385.544)	Log prob: -4259.881 (-4247.258)	KLD: 12.500 (138.287)	Grad: 24.856
[Epoch   8 (40.25s)]	ELBO: -4271.343 (-4304.305)	Log prob: -4147.266 (-4181.975)	KLD: 12.376 (122.330)	Grad: 22.302
[Epoch   9 (40.35s)]	ELBO: -4214.892 (-30254.648)	Log prob: -4092.352 (-4201.314)	KLD: 12.579 (26053.334)	Grad: 22.482
[Epoch  10 (40.56s)]	ELBO: -4192.568 (-15415.862)	Log prob: -4071.533 (-4461.891)	KLD: 12.205 (10953.971)	Grad: 23.401
[Epoch  11 (41.74s)]	ELBO: -4118.578 (-7164.300)	Log prob: -4002.244 (-4143.365)	KLD: 12.408 (3020.935)	Grad: 21.104
[Epoch  12 (40.77s)]	ELBO: -4201.892 (-5147621383475006.000)	Log prob: -4084.618 (-4032.594)	KLD: 11.656 (5147621383471212.000)	Grad: 23.178
[Epoch  13 (41.91s)]	ELBO: -4171.787 (-5344.764)	Log prob: -4050.205 (-4004.758)	KLD: 11.480 (1340.006)	Grad: 20.081
[Epoch  14 (42.26s)]	ELBO: -4147.542 (-4148.266)	Log prob: -4023.417 (-4010.116)	KLD: 11.432 (138.151)	Grad: 20.241
[Epoch  15 (42.21s)]	ELBO: -4097.253 (-12937.708)	Log prob: -3972.292 (-4106.191)	KLD: 11.647 (8831.515)	Grad: 18.651
[Epoch  16 (42.76s)]	ELBO: -4102.484 (-1547025315690097.500)	Log prob: -3980.285 (-4219.987)	KLD: 11.305 (1547025315686108.000)	Grad: 19.411
[Epoch  17 (42.05s)]	ELBO: -4101.781 (-35819.531)	Log prob: -3979.908 (-4029.695)	KLD: 11.541 (31789.836)	Grad: 18.590
[Epoch  18 (42.58s)]	ELBO: -4060.526 (-4097833217428136960.000)	Log prob: -3941.020 (-3955.177)	KLD: 11.180 (4097833217428134400.000)	Grad: 17.303
[Epoch  19 (42.70s)]	ELBO: -4055.266 (-95747.543)	Log prob: -3934.074 (-3947.736)	KLD: 11.261 (91799.800)	Grad: 17.969
[Epoch  20 (38.20s)]	ELBO: -4073.767 (-5162.092)	Log prob: -3952.576 (-3989.773)	KLD: 11.299 (1172.319)	Grad: 20.120
[Epoch  21 (38.26s)]	ELBO: -4103.213 (-7681.966)	Log prob: -3983.260 (-4220.759)	KLD: 11.216 (3461.206)	Grad: 20.523
[Epoch  22 (39.47s)]	ELBO: -4132.253 (-16783.273)	Log prob: -4014.371 (-4184.743)	KLD: 11.042 (12598.530)	Grad: 20.338
[Epoch  23 (42.22s)]	ELBO: -4073.969 (-3998.909)	Log prob: -3957.321 (-3882.639)	KLD: 11.015 (116.270)	Grad: 18.847
[Epoch  24 (42.56s)]	ELBO: -4071.818 (-4109.625)	Log prob: -3956.269 (-3992.698)	KLD: 10.974 (116.928)	Grad: 19.191
[Epoch  25 (42.97s)]	ELBO: -4047.038 (-4625.056)	Log prob: -3930.647 (-4507.288)	KLD: 10.865 (117.768)	Grad: 19.869
Training model 7/16...
[Epoch   1 (49.46s)]	ELBO: -4389.349 (-15364178631567564.000)	Log prob: -4258.861 (-3987.685)	KLD: 12.694 (15364178631563798.000)	Grad: 62.804
[Epoch   2 (49.74s)]	ELBO: -4067.592 (-10550647702.538)	Log prob: -3935.004 (-3879.678)	KLD: 13.515 (10550644040.351)	Grad: 34.936
[Epoch   3 (50.48s)]	ELBO: -4018.541 (-16387948724215043063808.000)	Log prob: -3887.517 (-3872.517)	KLD: 13.197 (16387948724215043063808.000)	Grad: 28.329
[Epoch   4 (50.50s)]	ELBO: -4028.930 (-134220705.362)	Log prob: -3892.250 (-3943.835)	KLD: 12.750 (134216759.620)	Grad: 27.616
[Epoch   5 (51.26s)]	ELBO: -3911.745 (-7389.397)	Log prob: -3774.170 (-3739.533)	KLD: 13.042 (3649.864)	Grad: 22.167
[Epoch   6 (50.90s)]	ELBO: -3834.870 (-21785444828121.699)	Log prob: -3697.554 (-4370.719)	KLD: 12.653 (21785444823996.746)	Grad: 21.253
[Epoch   7 (50.07s)]	ELBO: -3819.216 (-736452.024)	Log prob: -3680.410 (-3852.559)	KLD: 12.351 (732599.478)	Grad: 20.665
[Epoch   8 (50.86s)]	ELBO: -3744.990 (-3747.906)	Log prob: -3607.641 (-3610.277)	KLD: 12.273 (137.628)	Grad: 19.240
[Epoch   9 (51.22s)]	ELBO: -3758.542 (-3770.000)	Log prob: -3621.308 (-3633.000)	KLD: 11.861 (136.999)	Grad: 20.487
[Epoch  10 (49.54s)]	ELBO: -3694.938 (-1935836.266)	Log prob: -3557.069 (-3585.787)	KLD: 11.235 (1932250.577)	Grad: 17.954
[Epoch  11 (46.25s)]	ELBO: -3676.118 (-4697156.532)	Log prob: -3539.721 (-3632.596)	KLD: 10.876 (4693523.438)	Grad: 17.701
[Epoch  12 (44.75s)]	ELBO: -3651.812 (-3663.858)	Log prob: -3514.300 (-3529.876)	KLD: 10.918 (133.982)	Grad: 16.632
[Epoch  13 (45.67s)]	ELBO: -3687.760 (-3985.653)	Log prob: -3547.763 (-3642.879)	KLD: 10.598 (342.774)	Grad: 17.097
[Epoch  14 (45.25s)]	ELBO: -3641.062 (-5773558758.222)	Log prob: -3502.194 (-3532.908)	KLD: 10.646 (5773555432.373)	Grad: 16.556
[Epoch  15 (44.82s)]	ELBO: -3628.255 (-3853.643)	Log prob: -3486.994 (-3715.328)	KLD: 10.481 (138.315)	Grad: 15.915
[Epoch  16 (45.05s)]	ELBO: -3606.325 (-3637.518)	Log prob: -3467.127 (-3504.045)	KLD: 10.452 (133.473)	Grad: 15.907
[Epoch  17 (45.29s)]	ELBO: -3579.073 (-186408019753.127)	Log prob: -3442.041 (-3546.878)	KLD: 10.352 (186408016409.800)	Grad: 16.407
[Epoch  18 (45.80s)]	ELBO: -3586.656 (-57990.121)	Log prob: -3450.014 (-3788.215)	KLD: 10.358 (54201.912)	Grad: 17.439
[Epoch  19 (45.39s)]	ELBO: -3597.649 (-202285.681)	Log prob: -3460.273 (-3575.379)	KLD: 10.685 (198710.266)	Grad: 18.476
[Epoch  20 (45.60s)]	ELBO: -3501.395 (-70566.913)	Log prob: -3364.359 (-3510.165)	KLD: 10.661 (67056.738)	Grad: 17.761
[Epoch  21 (45.85s)]	ELBO: -3499.122 (-3656.849)	Log prob: -3361.318 (-3517.617)	KLD: 10.561 (139.231)	Grad: 17.840
[Epoch  22 (46.41s)]	ELBO: -3494.371 (-3612.262)	Log prob: -3355.236 (-3460.476)	KLD: 10.512 (151.786)	Grad: 17.761
[Epoch  23 (45.04s)]	ELBO: -3546.262 (-3938.281)	Log prob: -3406.161 (-3792.159)	KLD: 10.450 (146.122)	Grad: 17.825
[Epoch  24 (48.99s)]	ELBO: -3471.945 (-3439.953)	Log prob: -3331.433 (-3307.707)	KLD: 10.090 (132.246)	Grad: 15.733
[Epoch  25 (50.29s)]	ELBO: -3426.763 (-3595.078)	Log prob: -3289.445 (-3453.379)	KLD: 9.904 (141.699)	Grad: 14.457
Training model 8/16...
[Epoch   1 (53.94s)]	ELBO: -3816.674 (-3586.024)	Log prob: -3666.643 (-3436.037)	KLD: 13.239 (149.986)	Grad: 73.765
[Epoch   2 (53.70s)]	ELBO: -3515.284 (-3448.371)	Log prob: -3366.216 (-3303.946)	KLD: 14.266 (144.425)	Grad: 40.028
[Epoch   3 (53.99s)]	ELBO: -3404.876 (-3421.421)	Log prob: -3257.798 (-3275.815)	KLD: 14.334 (145.607)	Grad: 30.596
[Epoch   4 (53.08s)]	ELBO: -3468.273 (-3590.240)	Log prob: -3319.464 (-3442.943)	KLD: 13.725 (147.296)	Grad: 30.672
[Epoch   5 (49.28s)]	ELBO: -3473.596 (-3447.619)	Log prob: -3323.540 (-3297.479)	KLD: 13.591 (150.140)	Grad: 27.339
[Epoch   6 (49.73s)]	ELBO: -3364.106 (-3419.149)	Log prob: -3214.973 (-3271.911)	KLD: 13.788 (147.238)	Grad: 24.991
[Epoch   7 (55.01s)]	ELBO: -3372.808 (-3591.994)	Log prob: -3225.285 (-3446.733)	KLD: 13.225 (145.261)	Grad: 22.832
[Epoch   8 (55.16s)]	ELBO: -3348.214 (-3376.854)	Log prob: -3198.785 (-3224.113)	KLD: 12.770 (152.741)	Grad: 21.529
[Epoch   9 (54.72s)]	ELBO: -3360.223 (-3474.118)	Log prob: -3207.776 (-3325.172)	KLD: 12.557 (148.946)	Grad: 22.028
[Epoch  10 (54.99s)]	ELBO: -3291.940 (-3404.348)	Log prob: -3144.616 (-3258.074)	KLD: 12.106 (146.274)	Grad: 20.829
[Epoch  11 (56.34s)]	ELBO: -3269.493 (-3369.431)	Log prob: -3122.721 (-3227.378)	KLD: 12.046 (142.053)	Grad: 20.543
[Epoch  12 (56.75s)]	ELBO: -3259.621 (-3295.120)	Log prob: -3112.432 (-3148.513)	KLD: 11.935 (146.607)	Grad: 20.110
[Epoch  13 (55.75s)]	ELBO: -3281.870 (-3238.126)	Log prob: -3129.656 (-3086.121)	KLD: 11.396 (152.005)	Grad: 19.741
[Epoch  14 (57.46s)]	ELBO: -3234.430 (-3295.570)	Log prob: -3084.294 (-3151.539)	KLD: 11.216 (144.031)	Grad: 19.355
[Epoch  15 (56.87s)]	ELBO: -3280.269 (-3230.163)	Log prob: -3132.291 (-3085.397)	KLD: 11.299 (144.766)	Grad: 20.132
[Epoch  16 (55.95s)]	ELBO: -3168.203 (-3691.626)	Log prob: -3020.713 (-3537.437)	KLD: 11.239 (154.189)	Grad: 18.802
[Epoch  17 (56.29s)]	ELBO: -3202.445 (-3419.891)	Log prob: -3053.246 (-3275.686)	KLD: 11.188 (144.205)	Grad: 19.036
[Epoch  18 (54.10s)]	ELBO: -3202.841 (-3179.808)	Log prob: -3055.988 (-3033.690)	KLD: 11.065 (146.118)	Grad: 20.126
[Epoch  19 (50.05s)]	ELBO: -3129.215 (-3329.050)	Log prob: -2982.011 (-3184.846)	KLD: 10.943 (144.204)	Grad: 17.878
[Epoch  20 (50.43s)]	ELBO: -3147.083 (-3161.068)	Log prob: -3001.368 (-3011.579)	KLD: 10.652 (149.489)	Grad: 18.125
[Epoch  21 (50.03s)]	ELBO: -3141.478 (-3477.161)	Log prob: -2991.576 (-3330.580)	KLD: 10.709 (146.581)	Grad: 17.482
[Epoch  22 (50.61s)]	ELBO: -3102.624 (-3129.451)	Log prob: -2956.810 (-2984.822)	KLD: 10.216 (144.629)	Grad: 16.319
[Epoch  23 (49.91s)]	ELBO: -3118.081 (-3246.650)	Log prob: -2969.906 (-3095.628)	KLD: 9.893 (151.023)	Grad: 16.125
[Epoch  24 (49.67s)]	ELBO: -3124.954 (-3161.093)	Log prob: -2977.573 (-3012.459)	KLD: 9.901 (148.635)	Grad: 15.050
[Epoch  25 (50.28s)]	ELBO: -3084.003 (-3152.548)	Log prob: -2934.924 (-3001.778)	KLD: 9.770 (150.770)	Grad: 15.031
Training model 9/16...
[Epoch   1 (56.13s)]	ELBO: -3491.802 (-3303.641)	Log prob: -3330.241 (-3145.819)	KLD: 14.365 (157.822)	Grad: 87.402
[Epoch   2 (55.97s)]	ELBO: -3214.420 (-3296.031)	Log prob: -3051.220 (-3132.470)	KLD: 14.700 (163.561)	Grad: 44.737
[Epoch   3 (57.53s)]	ELBO: -3143.761 (-3483.300)	Log prob: -2979.107 (-3323.713)	KLD: 14.566 (159.587)	Grad: 35.707
[Epoch   4 (57.06s)]	ELBO: -3109.448 (-3256.090)	Log prob: -2947.177 (-3091.503)	KLD: 14.257 (164.587)	Grad: 32.987
[Epoch   5 (59.26s)]	ELBO: -3106.232 (-3120.882)	Log prob: -2946.832 (-2959.943)	KLD: 14.049 (160.939)	Grad: 29.877
[Epoch   6 (59.72s)]	ELBO: -3111.379 (-3249.074)	Log prob: -2949.835 (-3089.915)	KLD: 13.384 (159.160)	Grad: 28.171
[Epoch   7 (60.52s)]	ELBO: -3037.387 (-3377.929)	Log prob: -2878.511 (-3219.260)	KLD: 13.412 (158.669)	Grad: 25.600
[Epoch   8 (59.40s)]	ELBO: -3083.192 (-3018.962)	Log prob: -2922.476 (-2859.358)	KLD: 12.546 (159.605)	Grad: 26.567
[Epoch   9 (58.20s)]	ELBO: -3028.725 (-3201.317)	Log prob: -2868.535 (-3040.482)	KLD: 12.582 (160.836)	Grad: 22.265
[Epoch  10 (53.90s)]	ELBO: -3034.198 (-3113.939)	Log prob: -2872.583 (-2953.237)	KLD: 12.087 (160.702)	Grad: 21.725
[Epoch  11 (53.26s)]	ELBO: -3006.224 (-3235.357)	Log prob: -2846.071 (-3077.288)	KLD: 11.950 (158.069)	Grad: 20.799
[Epoch  12 (58.98s)]	ELBO: -2990.167 (-3249.456)	Log prob: -2833.370 (-3096.186)	KLD: 11.498 (153.270)	Grad: 21.402
[Epoch  13 (60.29s)]	ELBO: -3005.094 (-3196.643)	Log prob: -2848.916 (-3038.993)	KLD: 11.138 (157.650)	Grad: 19.950
[Epoch  14 (61.52s)]	ELBO: -3004.444 (-3067.263)	Log prob: -2845.314 (-2908.846)	KLD: 11.032 (158.416)	Grad: 19.160
[Epoch  15 (62.36s)]	ELBO: -3004.964 (-3056.925)	Log prob: -2844.774 (-2899.216)	KLD: 10.831 (157.709)	Grad: 18.445
[Epoch  16 (61.57s)]	ELBO: -2932.220 (-2921.153)	Log prob: -2771.360 (-2764.584)	KLD: 10.511 (156.569)	Grad: 16.402
[Epoch  17 (61.14s)]	ELBO: -2921.389 (-2969.638)	Log prob: -2762.200 (-2810.720)	KLD: 10.321 (158.918)	Grad: 16.349
[Epoch  18 (61.46s)]	ELBO: -2978.388 (-3233.937)	Log prob: -2816.626 (-3076.314)	KLD: 10.399 (157.622)	Grad: 17.302
[Epoch  19 (61.73s)]	ELBO: -2985.564 (-3238.414)	Log prob: -2827.194 (-3081.556)	KLD: 10.301 (156.858)	Grad: 18.190
[Epoch  20 (62.14s)]	ELBO: -2913.200 (-2870.833)	Log prob: -2753.701 (-2711.441)	KLD: 9.851 (159.391)	Grad: 14.914
[Epoch  21 (60.29s)]	ELBO: -2888.674 (-2972.990)	Log prob: -2729.985 (-2815.503)	KLD: 9.844 (157.487)	Grad: 14.991
[Epoch  22 (60.15s)]	ELBO: -2882.320 (-2977.470)	Log prob: -2720.537 (-2819.850)	KLD: 9.786 (157.619)	Grad: 14.485
[Epoch  23 (55.86s)]	ELBO: -2897.368 (-3122.748)	Log prob: -2737.808 (-2959.189)	KLD: 9.663 (163.559)	Grad: 14.895
[Epoch  24 (55.46s)]	ELBO: -2848.033 (-3070.721)	Log prob: -2688.939 (-2909.804)	KLD: 9.510 (160.917)	Grad: 13.125
[Epoch  25 (56.46s)]	ELBO: -2843.865 (-2968.419)	Log prob: -2682.630 (-2814.628)	KLD: 9.385 (153.791)	Grad: 13.455
Training model 10/16...
[Epoch   1 (61.11s)]	ELBO: -3155.648 (-3053.669)	Log prob: -2982.438 (-2878.067)	KLD: 14.918 (175.602)	Grad: 77.871
[Epoch   2 (61.28s)]	ELBO: -2911.915 (-3073.880)	Log prob: -2737.279 (-2897.473)	KLD: 15.260 (176.407)	Grad: 45.591
[Epoch   3 (63.36s)]	ELBO: -2831.397 (-2856.617)	Log prob: -2658.456 (-2684.899)	KLD: 15.076 (171.718)	Grad: 38.305
[Epoch   4 (62.21s)]	ELBO: -2807.748 (-2795.693)	Log prob: -2634.798 (-2626.635)	KLD: 15.234 (169.059)	Grad: 33.983
[Epoch   5 (62.49s)]	ELBO: -2763.119 (-2761.988)	Log prob: -2590.243 (-2588.709)	KLD: 15.063 (173.279)	Grad: 32.541
[Epoch   6 (63.58s)]	ELBO: -2713.233 (-2919.776)	Log prob: -2541.951 (-2750.678)	KLD: 14.426 (169.098)	Grad: 28.945
[Epoch   7 (63.42s)]	ELBO: -2746.073 (-2708.781)	Log prob: -2574.062 (-2537.688)	KLD: 13.955 (171.093)	Grad: 30.399
[Epoch   8 (66.91s)]	ELBO: -2717.194 (-2885.381)	Log prob: -2543.786 (-2717.467)	KLD: 13.411 (167.914)	Grad: 28.498
[Epoch   9 (66.07s)]	ELBO: -2712.473 (-2818.026)	Log prob: -2537.690 (-2647.815)	KLD: 12.693 (170.210)	Grad: 22.927
[Epoch  10 (65.58s)]	ELBO: -2656.651 (-2842.026)	Log prob: -2480.910 (-2665.942)	KLD: 12.315 (176.084)	Grad: 22.970
[Epoch  11 (66.87s)]	ELBO: -2640.872 (-2792.459)	Log prob: -2467.200 (-2618.152)	KLD: 11.720 (174.307)	Grad: 21.137
[Epoch  12 (61.22s)]	ELBO: -2689.992 (-2885.145)	Log prob: -2516.083 (-2716.493)	KLD: 11.530 (168.652)	Grad: 22.516
[Epoch  13 (59.27s)]	ELBO: -2700.494 (-2795.698)	Log prob: -2527.727 (-2619.851)	KLD: 11.467 (175.847)	Grad: 19.455
[Epoch  14 (62.91s)]	ELBO: -2643.841 (-2625.951)	Log prob: -2470.966 (-2452.121)	KLD: 11.240 (173.831)	Grad: 18.460
[Epoch  15 (66.02s)]	ELBO: -2587.861 (-2538.426)	Log prob: -2415.187 (-2365.588)	KLD: 11.136 (172.838)	Grad: 21.210
[Epoch  16 (66.96s)]	ELBO: -2569.409 (-2822.643)	Log prob: -2398.613 (-2652.897)	KLD: 10.627 (169.746)	Grad: 17.139
[Epoch  17 (69.73s)]	ELBO: -2552.880 (-2583.186)	Log prob: -2381.696 (-2414.538)	KLD: 10.476 (168.648)	Grad: 17.071
[Epoch  18 (67.97s)]	ELBO: -2575.241 (-2761.860)	Log prob: -2403.637 (-2589.886)	KLD: 10.247 (171.975)	Grad: 15.510
[Epoch  19 (67.98s)]	ELBO: -2560.457 (-2776.487)	Log prob: -2388.139 (-2604.589)	KLD: 10.117 (171.898)	Grad: 15.819
[Epoch  20 (68.27s)]	ELBO: -2889.276 (-2790.346)	Log prob: -2717.023 (-2621.325)	KLD: 10.382 (169.021)	Grad: 23.956
[Epoch  21 (67.31s)]	ELBO: -2608.326 (-2637.699)	Log prob: -2440.470 (-2469.674)	KLD: 9.759 (168.024)	Grad: 15.788
[Epoch  22 (68.02s)]	ELBO: -2662.001 (-2851.762)	Log prob: -2493.222 (-2686.647)	KLD: 9.588 (165.116)	Grad: 18.664
[Epoch  23 (68.96s)]	ELBO: -2707.936 (-2639.172)	Log prob: -2538.911 (-2472.433)	KLD: 9.788 (166.739)	Grad: 18.566
[Epoch  24 (62.09s)]	ELBO: -2642.324 (-2713.549)	Log prob: -2475.354 (-2545.015)	KLD: 9.289 (168.533)	Grad: 15.580
No improvement after 10 epochs...
Training model 11/16...
[Epoch   1 (66.97s)]	ELBO: -2948.847 (-2728.924)	Log prob: -2767.884 (-2551.404)	KLD: 14.977 (177.520)	Grad: 98.025
[Epoch   2 (67.97s)]	ELBO: -2714.347 (-2652.262)	Log prob: -2533.366 (-2473.628)	KLD: 15.200 (178.633)	Grad: 51.498
[Epoch   3 (67.74s)]	ELBO: -2594.349 (-2742.958)	Log prob: -2413.541 (-2561.710)	KLD: 14.986 (181.248)	Grad: 34.999
[Epoch   4 (67.60s)]	ELBO: -2611.876 (-2761.474)	Log prob: -2432.708 (-2585.178)	KLD: 14.621 (176.296)	Grad: 32.683
[Epoch   5 (67.73s)]	ELBO: -2597.050 (-2739.773)	Log prob: -2418.265 (-2561.368)	KLD: 14.088 (178.405)	Grad: 29.580
[Epoch   6 (67.98s)]	ELBO: -2593.553 (-2605.380)	Log prob: -2415.937 (-2427.748)	KLD: 14.387 (177.632)	Grad: 28.128
[Epoch   7 (68.33s)]	ELBO: -2595.909 (-2628.315)	Log prob: -2418.615 (-2450.940)	KLD: 13.694 (177.375)	Grad: 26.527
[Epoch   8 (68.46s)]	ELBO: -2569.081 (-2654.648)	Log prob: -2392.313 (-2477.640)	KLD: 12.973 (177.008)	Grad: 27.919
[Epoch   9 (70.26s)]	ELBO: -2545.979 (-2638.934)	Log prob: -2368.828 (-2458.747)	KLD: 12.502 (180.188)	Grad: 21.636
[Epoch  10 (71.54s)]	ELBO: -2526.135 (-2599.920)	Log prob: -2348.769 (-2427.526)	KLD: 12.012 (172.394)	Grad: 20.718
[Epoch  11 (71.91s)]	ELBO: -2499.315 (-2573.158)	Log prob: -2323.346 (-2403.635)	KLD: 11.864 (169.523)	Grad: 18.372
[Epoch  12 (72.53s)]	ELBO: -2506.973 (-2526.361)	Log prob: -2334.450 (-2356.309)	KLD: 11.385 (170.052)	Grad: 19.180
[Epoch  13 (67.89s)]	ELBO: -2600.397 (-2750.262)	Log prob: -2425.728 (-2574.164)	KLD: 11.283 (176.097)	Grad: 21.599
[Epoch  14 (64.67s)]	ELBO: -2623.751 (-3295.692)	Log prob: -2448.758 (-3119.544)	KLD: 11.369 (176.148)	Grad: 26.047
[Epoch  15 (69.46s)]	ELBO: -2649.763 (-2615.143)	Log prob: -2475.822 (-2442.881)	KLD: 11.258 (172.263)	Grad: 22.462
[Epoch  16 (72.42s)]	ELBO: -2509.979 (-2581.921)	Log prob: -2335.628 (-2405.337)	KLD: 10.679 (176.584)	Grad: 20.563
[Epoch  17 (72.01s)]	ELBO: -2470.965 (-2380.603)	Log prob: -2297.038 (-2204.666)	KLD: 10.435 (175.937)	Grad: 19.134
[Epoch  18 (76.23s)]	ELBO: -2434.962 (-2612.393)	Log prob: -2258.502 (-2437.171)	KLD: 10.145 (175.221)	Grad: 15.751
[Epoch  19 (75.57s)]	ELBO: -2482.390 (-2426.485)	Log prob: -2308.132 (-2251.461)	KLD: 10.153 (175.024)	Grad: 17.615
[Epoch  20 (74.44s)]	ELBO: -2396.584 (-2423.061)	Log prob: -2223.396 (-2251.199)	KLD: 9.848 (171.862)	Grad: 18.777
[Epoch  21 (73.97s)]	ELBO: -2372.617 (-2654.518)	Log prob: -2200.994 (-2484.389)	KLD: 9.658 (170.129)	Grad: 17.219
[Epoch  22 (75.35s)]	ELBO: -2379.743 (-2295.373)	Log prob: -2207.708 (-2123.797)	KLD: 9.509 (171.576)	Grad: 15.714
[Epoch  23 (75.48s)]	ELBO: -2342.892 (-2350.110)	Log prob: -2168.566 (-2182.869)	KLD: 9.560 (167.242)	Grad: 17.300
[Epoch  24 (68.18s)]	ELBO: -2324.084 (-2407.305)	Log prob: -2153.337 (-2239.145)	KLD: 9.304 (168.160)	Grad: 13.062
[Epoch  25 (66.58s)]	ELBO: -2369.488 (-2352.030)	Log prob: -2200.552 (-2186.819)	KLD: 9.479 (165.211)	Grad: 17.440
Training model 12/16...
[Epoch   1 (72.88s)]	ELBO: -2934.911 (-2685.129)	Log prob: -2750.584 (-2497.123)	KLD: 16.269 (188.006)	Grad: 142.580
[Epoch   2 (72.49s)]	ELBO: -2608.999 (-2652.896)	Log prob: -2424.113 (-2467.685)	KLD: 16.877 (185.212)	Grad: 80.875
[Epoch   3 (73.91s)]	ELBO: -2432.235 (-2462.486)	Log prob: -2248.350 (-2281.578)	KLD: 16.872 (180.908)	Grad: 56.745
[Epoch   4 (75.27s)]	ELBO: -2391.827 (-2336.354)	Log prob: -2209.472 (-2153.409)	KLD: 16.580 (182.945)	Grad: 52.368
[Epoch   5 (74.58s)]	ELBO: -2368.217 (-2627.510)	Log prob: -2184.711 (-2445.289)	KLD: 15.584 (182.221)	Grad: 46.196
[Epoch   6 (76.25s)]	ELBO: -2434.034 (-2339.375)	Log prob: -2253.027 (-2159.904)	KLD: 15.074 (179.471)	Grad: 42.643
[Epoch   7 (77.01s)]	ELBO: -2312.610 (-2377.074)	Log prob: -2132.850 (-2194.321)	KLD: 14.367 (182.753)	Grad: 34.077
[Epoch   8 (79.40s)]	ELBO: -2308.041 (-2317.171)	Log prob: -2131.040 (-2141.248)	KLD: 13.999 (175.923)	Grad: 30.734
[Epoch   9 (78.33s)]	ELBO: -2297.002 (-2316.081)	Log prob: -2119.878 (-2141.326)	KLD: 13.842 (174.755)	Grad: 33.048
[Epoch  10 (78.86s)]	ELBO: -2355.541 (-2350.825)	Log prob: -2177.430 (-2167.481)	KLD: 13.154 (183.344)	Grad: 36.584
[Epoch  11 (71.02s)]	ELBO: -2356.082 (-2506.179)	Log prob: -2179.570 (-2326.087)	KLD: 13.120 (180.092)	Grad: 34.240
[Epoch  12 (72.07s)]	ELBO: -2327.304 (-2256.415)	Log prob: -2151.819 (-2083.361)	KLD: 12.488 (173.054)	Grad: 34.418
[Epoch  13 (78.44s)]	ELBO: -2282.082 (-2416.538)	Log prob: -2109.228 (-2242.967)	KLD: 12.059 (173.570)	Grad: 28.298
[Epoch  14 (78.08s)]	ELBO: -2216.888 (-2310.927)	Log prob: -2043.594 (-2136.426)	KLD: 11.394 (174.502)	Grad: 24.422
[Epoch  15 (80.40s)]	ELBO: -2169.507 (-2211.423)	Log prob: -1995.663 (-2036.607)	KLD: 11.175 (174.817)	Grad: 21.038
[Epoch  16 (82.18s)]	ELBO: -2207.052 (-2290.016)	Log prob: -2033.128 (-2114.580)	KLD: 11.083 (175.435)	Grad: 21.860
[Epoch  17 (81.80s)]	ELBO: -2159.673 (-2318.548)	Log prob: -1985.624 (-2143.396)	KLD: 10.871 (175.152)	Grad: 17.616
[Epoch  18 (80.60s)]	ELBO: -2160.313 (-2411.327)	Log prob: -1985.840 (-2236.034)	KLD: 10.640 (175.293)	Grad: 17.356
[Epoch  19 (81.33s)]	ELBO: -2202.050 (-2280.278)	Log prob: -2029.456 (-2107.382)	KLD: 10.568 (172.896)	Grad: 20.613
[Epoch  20 (80.43s)]	ELBO: -2126.995 (-2240.784)	Log prob: -1954.260 (-2064.543)	KLD: 10.326 (176.241)	Grad: 17.288
[Epoch  21 (74.44s)]	ELBO: -2161.979 (-2443.410)	Log prob: -1989.175 (-2271.689)	KLD: 10.273 (171.721)	Grad: 18.635
[Epoch  22 (73.28s)]	ELBO: -2177.531 (-2132.164)	Log prob: -2007.112 (-1963.760)	KLD: 9.967 (168.405)	Grad: 17.434
[Epoch  23 (72.63s)]	ELBO: -2156.571 (-2064.486)	Log prob: -1984.677 (-1892.106)	KLD: 10.245 (172.380)	Grad: 21.811
[Epoch  24 (73.08s)]	ELBO: -2110.797 (-2120.281)	Log prob: -1938.499 (-1947.067)	KLD: 9.605 (173.214)	Grad: 13.951
[Epoch  25 (73.97s)]	ELBO: -2097.964 (-2163.501)	Log prob: -1926.590 (-1998.002)	KLD: 9.381 (165.500)	Grad: 12.398
Training model 13/16...
[Epoch   1 (81.47s)]	ELBO: -2667.200 (-2344.925)	Log prob: -2479.686 (-2158.377)	KLD: 15.828 (186.548)	Grad: 160.809
[Epoch   2 (81.44s)]	ELBO: -2250.837 (-2292.392)	Log prob: -2062.537 (-2104.006)	KLD: 15.435 (188.387)	Grad: 68.074
[Epoch   3 (80.36s)]	ELBO: -2160.747 (-2343.053)	Log prob: -1973.582 (-2151.045)	KLD: 15.849 (192.008)	Grad: 53.364
[Epoch   4 (83.78s)]	ELBO: -2178.162 (-2247.241)	Log prob: -1989.754 (-2060.361)	KLD: 15.587 (186.880)	Grad: 44.752
[Epoch   5 (84.39s)]	ELBO: -2133.809 (-2328.366)	Log prob: -1949.759 (-2142.644)	KLD: 16.038 (185.723)	Grad: 38.233
[Epoch   6 (86.08s)]	ELBO: -2190.830 (-2355.672)	Log prob: -2006.461 (-2173.119)	KLD: 15.394 (182.552)	Grad: 37.287
[Epoch   7 (80.68s)]	ELBO: -2124.920 (-2315.094)	Log prob: -1942.920 (-2129.789)	KLD: 14.895 (185.305)	Grad: 31.063
[Epoch   8 (75.38s)]	ELBO: -2096.853 (-2569.323)	Log prob: -1913.887 (-2387.154)	KLD: 14.255 (182.169)	Grad: 28.877
[Epoch   9 (83.13s)]	ELBO: -2149.887 (-2368.671)	Log prob: -1967.034 (-2188.775)	KLD: 14.398 (179.896)	Grad: 32.440
[Epoch  10 (87.01s)]	ELBO: -2117.613 (-2114.448)	Log prob: -1934.098 (-1932.662)	KLD: 13.887 (181.786)	Grad: 28.627
[Epoch  11 (88.64s)]	ELBO: -2091.591 (-2068.554)	Log prob: -1907.853 (-1888.940)	KLD: 13.282 (179.614)	Grad: 23.841
[Epoch  12 (87.13s)]	ELBO: -2088.996 (-2534.497)	Log prob: -1907.005 (-2353.128)	KLD: 12.947 (181.368)	Grad: 25.520
[Epoch  13 (87.46s)]	ELBO: -2131.181 (-2343.505)	Log prob: -1946.809 (-2160.924)	KLD: 12.847 (182.581)	Grad: 32.208
[Epoch  14 (87.48s)]	ELBO: -2019.877 (-2195.084)	Log prob: -1836.758 (-2006.701)	KLD: 12.019 (188.383)	Grad: 20.959
[Epoch  15 (86.72s)]	ELBO: -2021.333 (-2289.206)	Log prob: -1836.203 (-2103.541)	KLD: 11.937 (185.666)	Grad: 21.922
[Epoch  16 (87.25s)]	ELBO: -2026.699 (-2038.626)	Log prob: -1848.068 (-1857.915)	KLD: 11.872 (180.710)	Grad: 23.430
[Epoch  17 (78.89s)]	ELBO: -1987.655 (-2058.319)	Log prob: -1809.998 (-1879.048)	KLD: 11.173 (179.271)	Grad: 19.690
[Epoch  18 (79.49s)]	ELBO: -1980.863 (-2002.891)	Log prob: -1803.407 (-1827.780)	KLD: 10.975 (175.111)	Grad: 20.309
[Epoch  19 (78.29s)]	ELBO: -1958.016 (-2103.950)	Log prob: -1779.640 (-1926.942)	KLD: 10.888 (177.008)	Grad: 19.252
[Epoch  20 (79.27s)]	ELBO: -1967.533 (-2076.201)	Log prob: -1789.483 (-1899.103)	KLD: 10.687 (177.099)	Grad: 18.837
[Epoch  21 (80.56s)]	ELBO: -1964.348 (-1971.065)	Log prob: -1786.225 (-1788.552)	KLD: 10.476 (182.513)	Grad: 15.828
[Epoch  22 (80.95s)]	ELBO: -1939.401 (-2008.739)	Log prob: -1761.141 (-1829.399)	KLD: 10.465 (179.340)	Grad: 15.724
[Epoch  23 (82.59s)]	ELBO: -1981.970 (-2074.847)	Log prob: -1804.333 (-1902.234)	KLD: 10.436 (172.613)	Grad: 17.912
[Epoch  24 (81.37s)]	ELBO: -2008.723 (-2149.005)	Log prob: -1832.625 (-1974.301)	KLD: 10.255 (174.704)	Grad: 17.300
[Epoch  25 (85.86s)]	ELBO: -2010.085 (-2029.266)	Log prob: -1832.708 (-1852.794)	KLD: 10.143 (176.472)	Grad: 15.567
Training model 14/16...
[Epoch   1 (91.38s)]	ELBO: -2591.211 (-2243.286)	Log prob: -2399.235 (-2052.261)	KLD: 16.023 (191.025)	Grad: 145.405
[Epoch   2 (91.03s)]	ELBO: -2175.002 (-2170.669)	Log prob: -1983.670 (-1981.652)	KLD: 16.801 (189.016)	Grad: 81.059
[Epoch   3 (82.50s)]	ELBO: -2035.334 (-1941.199)	Log prob: -1847.484 (-1754.393)	KLD: 16.927 (186.807)	Grad: 67.533
[Epoch   4 (86.85s)]	ELBO: -2015.291 (-3032.256)	Log prob: -1827.192 (-2845.510)	KLD: 17.221 (186.747)	Grad: 56.256
[Epoch   5 (92.19s)]	ELBO: -2081.803 (-3637.897)	Log prob: -1892.467 (-3454.748)	KLD: 16.791 (183.149)	Grad: 60.375
[Epoch   6 (95.48s)]	ELBO: -2146.359 (-2125.736)	Log prob: -1957.792 (-1936.741)	KLD: 16.523 (188.995)	Grad: 55.629
[Epoch   7 (96.95s)]	ELBO: -2022.054 (-2275.131)	Log prob: -1834.810 (-2085.303)	KLD: 16.037 (189.828)	Grad: 45.660
[Epoch   8 (94.11s)]	ELBO: -2013.009 (-2338.957)	Log prob: -1825.891 (-2150.377)	KLD: 15.811 (188.581)	Grad: 49.466
[Epoch   9 (93.93s)]	ELBO: -2013.753 (-2319.010)	Log prob: -1826.651 (-2128.872)	KLD: 14.914 (190.138)	Grad: 42.938
[Epoch  10 (94.65s)]	ELBO: -2035.127 (-2075.526)	Log prob: -1848.022 (-1888.436)	KLD: 14.367 (187.089)	Grad: 45.522
[Epoch  11 (89.90s)]	ELBO: -1979.242 (-2002.488)	Log prob: -1792.861 (-1818.204)	KLD: 14.243 (184.284)	Grad: 37.018
[Epoch  12 (84.53s)]	ELBO: -1977.072 (-1954.444)	Log prob: -1792.970 (-1774.137)	KLD: 13.429 (180.307)	Grad: 36.438
No improvement after 10 epochs...
Training model 15/16...
[Epoch   1 (91.48s)]	ELBO: -2868.472 (-2558.142)	Log prob: -2666.939 (-2354.782)	KLD: 16.157 (203.360)	Grad: 176.515
[Epoch   2 (91.34s)]	ELBO: -2186.739 (-2595.747)	Log prob: -1986.800 (-2396.563)	KLD: 16.849 (199.184)	Grad: 101.525
[Epoch   3 (91.36s)]	ELBO: -2071.461 (-1993.424)	Log prob: -1871.410 (-1791.344)	KLD: 16.535 (202.080)	Grad: 77.141
[Epoch   4 (93.15s)]	ELBO: -1983.224 (-2154.838)	Log prob: -1783.354 (-1954.851)	KLD: 16.653 (199.988)	Grad: 60.556
[Epoch   5 (95.77s)]	ELBO: -1965.980 (-2159.083)	Log prob: -1765.605 (-1956.950)	KLD: 16.663 (202.132)	Grad: 58.595
[Epoch   6 (97.31s)]	ELBO: -1925.753 (-2997.346)	Log prob: -1726.882 (-2797.397)	KLD: 15.717 (199.950)	Grad: 47.258
[Epoch   7 (99.91s)]	ELBO: -1879.548 (-1841.603)	Log prob: -1681.265 (-1642.520)	KLD: 15.301 (199.083)	Grad: 41.780
[Epoch   8 (98.93s)]	ELBO: -1868.114 (-2057.069)	Log prob: -1669.652 (-1859.657)	KLD: 15.049 (197.412)	Grad: 35.132
[Epoch   9 (90.67s)]	ELBO: -1926.901 (-2178.798)	Log prob: -1726.025 (-1975.914)	KLD: 14.498 (202.884)	Grad: 35.702
[Epoch  10 (91.54s)]	ELBO: -1857.099 (-1932.119)	Log prob: -1656.617 (-1732.941)	KLD: 13.997 (199.179)	Grad: 30.524
[Epoch  11 (98.36s)]	ELBO: -1798.868 (-2037.498)	Log prob: -1599.567 (-1839.822)	KLD: 13.903 (197.676)	Grad: 28.465
[Epoch  12 (101.39s)]	ELBO: -1796.192 (-1960.482)	Log prob: -1596.914 (-1766.620)	KLD: 13.831 (193.862)	Grad: 26.695
[Epoch  13 (103.67s)]	ELBO: -1750.179 (-1784.320)	Log prob: -1551.505 (-1585.426)	KLD: 13.501 (198.894)	Grad: 24.933
[Epoch  14 (104.10s)]	ELBO: -1725.032 (-1783.561)	Log prob: -1525.905 (-1586.978)	KLD: 13.070 (196.583)	Grad: 24.261
[Epoch  15 (101.18s)]	ELBO: -1726.792 (-1734.897)	Log prob: -1528.232 (-1536.815)	KLD: 12.732 (198.082)	Grad: 23.860
[Epoch  16 (102.15s)]	ELBO: -1688.969 (-1829.402)	Log prob: -1490.411 (-1626.716)	KLD: 12.485 (202.686)	Grad: 21.937
[Epoch  17 (92.37s)]	ELBO: -1714.731 (-1765.833)	Log prob: -1516.882 (-1566.698)	KLD: 12.388 (199.135)	Grad: 21.859
[Epoch  18 (92.47s)]	ELBO: -1711.080 (-1706.762)	Log prob: -1514.263 (-1513.820)	KLD: 12.089 (192.943)	Grad: 20.400
[Epoch  19 (91.75s)]	ELBO: -1700.100 (-1871.967)	Log prob: -1503.049 (-1675.878)	KLD: 11.857 (196.089)	Grad: 21.478
[Epoch  20 (92.72s)]	ELBO: -1704.988 (-1709.206)	Log prob: -1509.684 (-1516.150)	KLD: 11.700 (193.055)	Grad: 19.441
[Epoch  21 (92.50s)]	ELBO: -1700.084 (-1924.340)	Log prob: -1503.410 (-1731.723)	KLD: 11.336 (192.618)	Grad: 15.057
[Epoch  22 (93.75s)]	ELBO: -1683.734 (-1712.287)	Log prob: -1488.457 (-1519.279)	KLD: 11.388 (193.008)	Grad: 18.242
[Epoch  23 (95.88s)]	ELBO: -1652.181 (-1717.156)	Log prob: -1457.966 (-1525.896)	KLD: 11.026 (191.260)	Grad: 14.296
[Epoch  24 (99.88s)]	ELBO: -1659.214 (-1756.718)	Log prob: -1465.665 (-1563.203)	KLD: 10.928 (193.515)	Grad: 14.768
[Epoch  25 (97.74s)]	ELBO: -1665.839 (-1892.930)	Log prob: -1473.322 (-1701.793)	KLD: 10.696 (191.136)	Grad: 14.551
Training model 16/16...
[Epoch   1 (102.02s)]	ELBO: -2262.683 (-1885.158)	Log prob: -2053.555 (-1677.070)	KLD: 15.276 (208.088)	Grad: 136.419
[Epoch   2 (94.92s)]	ELBO: -1746.300 (-1733.629)	Log prob: -1539.650 (-1525.257)	KLD: 15.930 (208.372)	Grad: 71.134
[Epoch   3 (104.52s)]	ELBO: -1704.623 (-1916.099)	Log prob: -1499.591 (-1711.377)	KLD: 15.749 (204.722)	Grad: 53.350
[Epoch   4 (106.63s)]	ELBO: -1766.703 (-1938.990)	Log prob: -1561.959 (-1733.548)	KLD: 16.130 (205.442)	Grad: 53.799
[Epoch   5 (110.12s)]	ELBO: -1695.043 (-1769.247)	Log prob: -1490.901 (-1566.182)	KLD: 15.975 (203.065)	Grad: 39.505
[Epoch   6 (109.20s)]	ELBO: -1700.312 (-1690.388)	Log prob: -1497.255 (-1481.823)	KLD: 15.505 (208.565)	Grad: 32.740
[Epoch   7 (109.85s)]	ELBO: -1704.420 (-1695.200)	Log prob: -1500.976 (-1494.177)	KLD: 15.662 (201.023)	Grad: 32.190
[Epoch   8 (109.70s)]	ELBO: -1668.423 (-1836.908)	Log prob: -1467.881 (-1640.120)	KLD: 14.961 (196.789)	Grad: 28.390
[Epoch   9 (99.41s)]	ELBO: -1687.245 (-1668.331)	Log prob: -1486.225 (-1465.331)	KLD: 14.533 (203.000)	Grad: 27.406
[Epoch  10 (98.50s)]	ELBO: -1642.302 (-1734.422)	Log prob: -1443.434 (-1537.707)	KLD: 14.344 (196.715)	Grad: 22.227
[Epoch  11 (98.60s)]	ELBO: -1656.929 (-1638.914)	Log prob: -1457.815 (-1438.648)	KLD: 13.680 (200.266)	Grad: 24.361
[Epoch  12 (97.98s)]	ELBO: -1627.434 (-1630.530)	Log prob: -1430.747 (-1437.032)	KLD: 12.956 (193.498)	Grad: 19.907
[Epoch  13 (100.23s)]	ELBO: -1626.453 (-1768.172)	Log prob: -1429.203 (-1568.423)	KLD: 12.565 (199.750)	Grad: 16.990
[Epoch  14 (101.00s)]	ELBO: -1668.559 (-1595.193)	Log prob: -1471.858 (-1397.757)	KLD: 12.024 (197.436)	Grad: 20.316
[Epoch  15 (103.05s)]	ELBO: -1606.727 (-1646.396)	Log prob: -1411.131 (-1450.441)	KLD: 11.725 (195.956)	Grad: 14.825
[Epoch  16 (107.26s)]	ELBO: -1600.087 (-1989.525)	Log prob: -1404.153 (-1793.807)	KLD: 11.501 (195.717)	Grad: 15.209
[Epoch  17 (108.61s)]	ELBO: -1672.766 (-1675.215)	Log prob: -1478.770 (-1481.128)	KLD: 11.095 (194.087)	Grad: 16.544
[Epoch  18 (95.67s)]	ELBO: -1626.181 (-1688.593)	Log prob: -1430.761 (-1495.271)	KLD: 10.740 (193.322)	Grad: 13.382
[Epoch  19 (100.36s)]	ELBO: -1590.700 (-1727.719)	Log prob: -1396.088 (-1533.386)	KLD: 10.454 (194.333)	Grad: 12.109
[Epoch  20 (104.92s)]	ELBO: -1638.082 (-1641.791)	Log prob: -1443.197 (-1449.497)	KLD: 10.291 (192.293)	Grad: 12.886
[Epoch  21 (107.55s)]	ELBO: -1646.617 (-1685.058)	Log prob: -1451.996 (-1491.442)	KLD: 10.047 (193.616)	Grad: 13.224
[Epoch  22 (110.07s)]	ELBO: -1606.521 (-1674.230)	Log prob: -1412.556 (-1479.798)	KLD: 9.780 (194.432)	Grad: 11.131
[Epoch  23 (110.06s)]	ELBO: -1616.667 (-1737.651)	Log prob: -1422.668 (-1545.173)	KLD: 9.652 (192.478)	Grad: 11.023
No improvement after 10 epochs...
Best epoch(s): [24, 19, 11, 23, 25, 23, 24, 22, 20, 15, 22, 23, 21, 3, 18, 14]	Training time(s): 311.17s, 460.50s, 480.48s, 713.91s, 893.07s, 1020.82s, 1194.49s, 1334.09s, 1470.39s, 1559.58s, 1761.28s, 1912.74s, 2075.67s, 1093.51s, 2401.38s, 2390.21s (21073.29s)	Best ELBO: -1590.700 (-1595.193)	Best log prob: -1396.088 (-1397.757)
Avg. mu: 0.537, -0.241, -0.826, 1.018, -1.464, -0.196, 1.196, 1.280, 0.494, -0.379, -0.610, -0.156, 1.512, -0.637, -0.060, -1.732, -0.476, 0.087, 0.511, 0.370, 0.217, 0.224, -0.018, -0.030, -0.252, -0.286, -0.759, 0.742, 0.507, -0.270, -0.357, -0.271, 0.288, -0.612, -0.211, 1.643, -0.338, -0.847, -0.160, -0.394, -0.478, 0.402, -0.206, -0.330, -1.021, -0.001, 0.963, 0.915, 0.255, -1.007, 1.025, 0.540, 0.217, -0.526, 0.088, 0.168, 0.439, 0.188, 0.226, -0.273, -0.050, 0.061, 0.275, -0.027
Avg. var: 0.000, 175.672, 0.000, 0.000, 0.000, 0.000, 0.000, 0.000, 0.000, 191.925, 0.890, 1495.736, 198.329, 0.002, 0.833, 15.385, 22.795, 0.001, 0.128, 0.008, 0.002, 0.000, 0.002, 0.001, 1.887, 0.001, 0.005, 0.014, 0.001, 0.060, 0.010, 0.001, 0.015, 20.966, 0.009, 0.076, 0.343, 0.116, 0.839, 0.424, 3.513, 0.637, 0.572, 0.258, 0.310, 0.922, 0.242, 0.093, 0.261, 0.130, 0.027, 0.080, 0.015, 0.002, 0.084, 0.006, 0.006, 0.011, 0.011, 0.003, 23047370.000, 31634906.000, 3002142208.000, 3207226.500
Max. mu: 38.942, 10.227, 13.067, 14.984, 6.272, 5.300, 13.744, 33.183, 5.912, 17.563, 15.894, 2.162, 17.130, 5.358, 11.464, 3.931, 49.842, 61.305, 16.490, 7.006, 59.282, 5.332, 38.521, 3.265, 59.079, 7.832, 7.208, 9.867, 5.123, 110.046, 6.685, 4.170, 6.294, 3.875, 3.703, 62.945, 38.537, 36.252, 3.489, 4.604, 1.278, 3.394, 18.185, 3.207, 21.938, 5.454, 3.452, 13.122, 3.701, 12.423, 2.294, 1.685, 1.848, 1.191, 1.693, 1.827, 1.111, 0.975, 0.524, 0.035, 0.154, 0.611, 0.640, 0.211
Max. var: 0.001, 1756719.500, 0.333, 1.713, 0.001, 0.001, 0.011, 0.001, 0.577, 1919206.750, 8884.690, 14957356.000, 1983285.000, 1.044, 8313.490, 153833.547, 227949.141, 0.118, 1279.043, 71.647, 0.010, 0.001, 21.778, 6.835, 18804.604, 0.486, 0.639, 14.236, 1.324, 572.289, 0.350, 0.448, 0.739, 209455.156, 0.057, 729.534, 22.704, 97.742, 1.832, 39.084, 30255.012, 131.851, 0.940, 0.643, 742.423, 3.363, 153.130, 1.567, 0.645, 0.403, 0.095, 0.270, 0.259, 0.060, 572.010, 0.038, 0.036, 0.057, 18.379, 0.416, 230473695232.000, 316349054976.000, 30021420843008.000, 32072265728.000
Min. mu: -9.052, -10.452, -13.604, -16.182, -15.393, -15.885, -13.335, -7.685, -34.689, -30.435, -25.387, -11.075, -3.419, -12.597, -8.550, -67.136, -4.791, -10.640, -3.591, -9.850, -4.226, -2.470, -1.715, -22.487, -10.057, -25.209, -15.669, -89.488, -48.721, -4.006, -25.627, -93.391, -17.068, -81.889, -27.714, -2.254, -4.404, -5.714, -14.957, -50.279, -4.106, -5.714, -3.221, -2.522, -2.792, -1.090, -30.349, -0.115, -0.882, -2.866, -3.703, -0.497, -0.651, -1.077, -4.859, -0.562, -4.450, -1.636, -2.456, -0.597, -0.414, -0.049, 0.038, -1.011
Min. var: 0.000, 0.000, 0.000, 0.000, 0.000, 0.000, 0.000, 0.000, 0.000, 0.002, 0.000, 0.000, 0.000, 0.000, 0.000, 0.001, 0.000, 0.000, 0.000, 0.000, 0.000, 0.000, 0.000, 0.000, 0.002, 0.000, 0.002, 0.007, 0.000, 0.000, 0.002, 0.000, 0.000, 0.002, 0.000, 0.000, 0.035, 0.009, 0.066, 0.047, 0.109, 0.213, 0.059, 0.031, 0.023, 0.225, 0.017, 0.001, 0.005, 0.004, 0.000, 0.000, 0.000, 0.000, 0.000, 0.000, 0.000, 0.000, 0.000, 0.000, 0.000, 0.000, 0.000, 0.000
Cov. mu:
[[1.263 -0.625 1.020 ... 0.003 0.003 0.005]
 [-0.625 0.758 -0.221 ... 0.002 -0.007 -0.006]
 [1.020 -0.221 1.948 ... 0.010 -0.000 0.017]
 ...
 [0.003 0.002 0.010 ... 0.001 0.000 -0.000]
 [0.003 -0.007 -0.000 ... 0.000 0.001 -0.000]
 [0.005 -0.006 0.017 ... -0.000 -0.000 0.001]]
