Encoder
=================================================================
Layer (type:depth-idx)                   Param #
=================================================================
Encoder                                  --
├─Linear: 1-1                            31,400
├─Linear: 1-2                            1,640
=================================================================
Total params: 33,040
Trainable params: 33,040
Non-trainable params: 0
=================================================================
Encoder to Latents 0
=================================================================
Layer (type:depth-idx)                   Param #
=================================================================
EncoderToLatents                         --
├─Linear: 1-1                            41
├─Linear: 1-2                            41
=================================================================
Total params: 82
Trainable params: 82
Non-trainable params: 0
=================================================================
Encoder to Latents 1
=================================================================
Layer (type:depth-idx)                   Param #
=================================================================
EncoderToLatents                         --
├─Linear: 1-1                            41
├─Linear: 1-2                            41
=================================================================
Total params: 82
Trainable params: 82
Non-trainable params: 0
=================================================================
Encoder to Latents 2
=================================================================
Layer (type:depth-idx)                   Param #
=================================================================
EncoderToLatents                         --
├─Linear: 1-1                            41
├─Linear: 1-2                            41
=================================================================
Total params: 82
Trainable params: 82
Non-trainable params: 0
=================================================================
Encoder to Latents 3
=================================================================
Layer (type:depth-idx)                   Param #
=================================================================
EncoderToLatents                         --
├─Linear: 1-1                            41
├─Linear: 1-2                            41
=================================================================
Total params: 82
Trainable params: 82
Non-trainable params: 0
=================================================================
Encoder to Latents 4
=================================================================
Layer (type:depth-idx)                   Param #
=================================================================
EncoderToLatents                         --
├─Linear: 1-1                            41
├─Linear: 1-2                            41
=================================================================
Total params: 82
Trainable params: 82
Non-trainable params: 0
=================================================================
Encoder to Latents 5
=================================================================
Layer (type:depth-idx)                   Param #
=================================================================
EncoderToLatents                         --
├─Linear: 1-1                            41
├─Linear: 1-2                            41
=================================================================
Total params: 82
Trainable params: 82
Non-trainable params: 0
=================================================================
Encoder to Latents 6
=================================================================
Layer (type:depth-idx)                   Param #
=================================================================
EncoderToLatents                         --
├─Linear: 1-1                            41
├─Linear: 1-2                            41
=================================================================
Total params: 82
Trainable params: 82
Non-trainable params: 0
=================================================================
Encoder to Latents 7
=================================================================
Layer (type:depth-idx)                   Param #
=================================================================
EncoderToLatents                         --
├─Linear: 1-1                            41
├─Linear: 1-2                            41
=================================================================
Total params: 82
Trainable params: 82
Non-trainable params: 0
=================================================================
Encoder to Latents 8
=================================================================
Layer (type:depth-idx)                   Param #
=================================================================
EncoderToLatents                         --
├─Linear: 1-1                            41
├─Linear: 1-2                            41
=================================================================
Total params: 82
Trainable params: 82
Non-trainable params: 0
=================================================================
Encoder to Latents 9
=================================================================
Layer (type:depth-idx)                   Param #
=================================================================
EncoderToLatents                         --
├─Linear: 1-1                            41
├─Linear: 1-2                            41
=================================================================
Total params: 82
Trainable params: 82
Non-trainable params: 0
=================================================================
Latents to Latents
=================================================================
Layer (type:depth-idx)                   Param #
=================================================================
LatentsToLatents                         --
├─Linear: 1-1                            20
├─Linear: 1-2                            5
├─Linear: 1-3                            5
=================================================================
Total params: 30
Trainable params: 30
Non-trainable params: 0
=================================================================
Latents to Decoder 0
=================================================================
Layer (type:depth-idx)                   Param #
=================================================================
LatentsToDecoder                         --
├─Linear: 1-1                            80
=================================================================
Total params: 80
Trainable params: 80
Non-trainable params: 0
=================================================================
Latents to Decoder 1
=================================================================
Layer (type:depth-idx)                   Param #
=================================================================
LatentsToDecoder                         --
├─Linear: 1-1                            80
=================================================================
Total params: 80
Trainable params: 80
Non-trainable params: 0
=================================================================
Latents to Decoder 2
=================================================================
Layer (type:depth-idx)                   Param #
=================================================================
LatentsToDecoder                         --
├─Linear: 1-1                            80
=================================================================
Total params: 80
Trainable params: 80
Non-trainable params: 0
=================================================================
Latents to Decoder 3
=================================================================
Layer (type:depth-idx)                   Param #
=================================================================
LatentsToDecoder                         --
├─Linear: 1-1                            80
=================================================================
Total params: 80
Trainable params: 80
Non-trainable params: 0
=================================================================
Latents to Decoder 4
=================================================================
Layer (type:depth-idx)                   Param #
=================================================================
LatentsToDecoder                         --
├─Linear: 1-1                            80
=================================================================
Total params: 80
Trainable params: 80
Non-trainable params: 0
=================================================================
Latents to Decoder 5
=================================================================
Layer (type:depth-idx)                   Param #
=================================================================
LatentsToDecoder                         --
├─Linear: 1-1                            80
=================================================================
Total params: 80
Trainable params: 80
Non-trainable params: 0
=================================================================
Latents to Decoder 6
=================================================================
Layer (type:depth-idx)                   Param #
=================================================================
LatentsToDecoder                         --
├─Linear: 1-1                            80
=================================================================
Total params: 80
Trainable params: 80
Non-trainable params: 0
=================================================================
Latents to Decoder 7
=================================================================
Layer (type:depth-idx)                   Param #
=================================================================
LatentsToDecoder                         --
├─Linear: 1-1                            80
=================================================================
Total params: 80
Trainable params: 80
Non-trainable params: 0
=================================================================
Latents to Decoder 8
=================================================================
Layer (type:depth-idx)                   Param #
=================================================================
LatentsToDecoder                         --
├─Linear: 1-1                            80
=================================================================
Total params: 80
Trainable params: 80
Non-trainable params: 0
=================================================================
Latents to Decoder 9
=================================================================
Layer (type:depth-idx)                   Param #
=================================================================
LatentsToDecoder                         --
├─Linear: 1-1                            80
=================================================================
Total params: 80
Trainable params: 80
Non-trainable params: 0
=================================================================
Decoder
=================================================================
Layer (type:depth-idx)                   Param #
=================================================================
Decoder                                  --
├─Linear: 1-1                            1,640
├─Linear: 1-2                            32,144
=================================================================
Total params: 33,784
Trainable params: 33,784
Non-trainable params: 0
=================================================================
[Epoch   1 (154.20s)]	ELBO: 1021.753, 1091.938, 1111.136, 1124.156, 1127.828, 1129.665, 1130.140, 1129.699, 1127.928, 1125.123 (1260.176)	Log prob: 1105.477, 1189.069, 1209.069, 1224.321, 1228.481, 1230.573, 1231.300, 1230.985, 1229.334, 1226.657 (1343.333)	KLD: 83.724, 13.406, 0.803, 2.231, 0.490, 0.254, 0.253, 0.125, 0.119, 0.128 (83.157)	Grad: 6.430, 1.611, 0.374, 0.640, 0.383, 0.238, 0.305, 0.186, 0.209, 0.255
[Epoch   2 (129.12s)]	ELBO: 1285.101, 1317.973, 1319.802, 1321.182, 1321.106, 1320.688, 1319.862, 1319.028, 1317.763, 1316.752 (1357.571)	Log prob: 1333.890, 1373.112, 1375.043, 1377.548, 1377.573, 1377.226, 1376.476, 1375.721, 1374.527, 1373.610 (1398.806)	KLD: 48.787, 6.352, 0.102, 1.125, 0.101, 0.071, 0.076, 0.079, 0.071, 0.095 (41.235)	Grad: 3.230, 0.834, 0.108, 0.557, 0.110, 0.100, 0.103, 0.103, 0.116, 0.122
[Epoch   3 (124.61s)]	ELBO: 1315.946, 1371.769, 1371.917, 1371.763, 1371.689, 1371.607, 1371.438, 1371.340, 1371.111, 1370.931 (1386.392)	Log prob: 1344.507, 1405.932, 1406.133, 1406.686, 1406.657, 1406.616, 1406.495, 1406.451, 1406.262, 1406.142 (1413.698)	KLD: 28.562, 5.602, 0.052, 0.707, 0.045, 0.042, 0.048, 0.054, 0.041, 0.059 (27.306)	Grad: 3.748, 0.948, 0.090, 0.273, 0.097, 0.091, 0.084, 0.083, 0.094, 0.082
[Epoch   4 (124.39s)]	ELBO: 1339.587, 1394.734, 1394.551, 1394.782, 1394.823, 1394.856, 1394.824, 1394.755, 1394.697, 1394.706 (1404.526)	Log prob: 1357.547, 1416.554, 1416.404, 1417.339, 1417.409, 1417.468, 1417.469, 1417.432, 1417.397, 1417.440 (1423.314)	KLD: 17.961, 3.857, 0.033, 0.707, 0.027, 0.028, 0.032, 0.031, 0.025, 0.033 (18.788)	Grad: 5.217, 1.814, 0.098, 0.229, 0.102, 0.110, 0.087, 0.086, 0.100, 0.079
[Epoch   5 (120.40s)]	ELBO: 1359.923, 1413.502, 1414.234, 1431.956, 1432.042, 1432.611, 1432.609, 1432.557, 1432.546, 1432.470 (1455.905)	Log prob: 1370.089, 1427.375, 1428.267, 1448.216, 1448.339, 1449.541, 1449.555, 1449.520, 1449.533, 1449.475 (1472.723)	KLD: 10.166, 3.708, 0.159, 2.228, 0.036, 0.632, 0.017, 0.017, 0.024, 0.018 (16.819)	Grad: 3.274, 2.546, 0.175, 0.665, 0.109, 0.429, 0.100, 0.097, 0.115, 0.086
[Epoch   6 (122.33s)]	ELBO: 1371.373, 1436.487, 1461.169, 1468.218, 1468.423, 1468.312, 1468.290, 1468.252, 1468.218, 1468.182 (1483.466)	Log prob: 1375.753, 1445.778, 1475.295, 1484.179, 1484.528, 1484.764, 1484.754, 1484.729, 1484.759, 1484.735 (1499.617)	KLD: 4.380, 4.911, 4.833, 1.837, 0.145, 0.346, 0.011, 0.014, 0.062, 0.012 (16.151)	Grad: 3.223, 3.197, 0.750, 0.716, 0.214, 0.290, 0.120, 0.115, 0.141, 0.093
[Epoch   7 (122.40s)]	ELBO: 1378.928, 1452.202, 1491.215, 1493.572, 1495.584, 1496.189, 1496.210, 1496.151, 1496.140, 1496.019 (1510.514)	Log prob: 1382.600, 1461.068, 1504.316, 1508.011, 1511.005, 1511.980, 1512.008, 1511.958, 1511.970, 1511.857 (1525.944)	KLD: 3.673, 5.192, 4.236, 1.338, 0.983, 0.369, 0.007, 0.011, 0.024, 0.007 (15.430)	Grad: 3.616, 4.059, 0.967, 0.862, 0.583, 0.374, 0.137, 0.130, 0.126, 0.106
[Epoch   8 (128.56s)]	ELBO: 1387.459, 1463.486, 1507.141, 1514.111, 1517.721, 1519.563, 1519.592, 1519.616, 1519.516, 1519.512 (1528.653)	Log prob: 1391.174, 1471.994, 1518.839, 1527.510, 1532.334, 1534.828, 1534.862, 1534.892, 1534.798, 1534.796 (1544.157)	KLD: 3.715, 4.791, 3.192, 1.699, 1.215, 0.652, 0.005, 0.006, 0.006, 0.003 (15.503)	Grad: 3.702, 4.290, 1.408, 1.067, 0.636, 0.424, 0.146, 0.123, 0.122, 0.110
[Epoch   9 (121.27s)]	ELBO: 1394.355, 1469.618, 1512.719, 1525.252, 1530.257, 1537.978, 1538.091, 1538.053, 1538.010, 1537.983 (1547.678)	Log prob: 1398.190, 1477.990, 1523.770, 1538.247, 1544.487, 1553.598, 1553.721, 1553.690, 1553.652, 1553.627 (1564.021)	KLD: 3.836, 4.537, 2.679, 1.943, 1.236, 1.389, 0.010, 0.005, 0.006, 0.002 (16.343)	Grad: 4.908, 5.146, 1.781, 0.949, 0.636, 0.600, 0.173, 0.142, 0.146, 0.119
[Epoch  10 (134.82s)]	ELBO: 1397.321, 1475.221, 1515.076, 1531.415, 1540.386, 1552.350, 1552.378, 1552.355, 1552.370, 1552.324 (1557.046)	Log prob: 1401.315, 1483.650, 1526.080, 1544.540, 1555.095, 1568.790, 1568.853, 1568.838, 1568.859, 1568.815 (1574.032)	KLD: 3.995, 4.434, 2.576, 2.121, 1.582, 1.731, 0.035, 0.009, 0.007, 0.002 (16.985)	Grad: 6.219, 6.328, 2.385, 0.898, 0.603, 0.763, 0.191, 0.157, 0.167, 0.128
[Epoch  11 (131.26s)]	ELBO: 1396.690, 1478.511, 1516.319, 1535.958, 1549.544, 1559.720, 1559.897, 1559.883, 1559.841, 1559.815 (1563.824)	Log prob: 1400.883, 1487.474, 1527.924, 1549.828, 1565.323, 1577.291, 1577.565, 1577.567, 1577.533, 1577.510 (1582.246)	KLD: 4.193, 4.771, 2.642, 2.266, 1.907, 1.794, 0.096, 0.017, 0.007, 0.002 (18.422)	Grad: 10.304, 7.646, 2.074, 0.955, 0.564, 0.732, 0.257, 0.192, 0.195, 0.150
[Epoch  12 (125.64s)]	ELBO: 1395.608, 1479.870, 1516.345, 1538.316, 1554.991, 1565.508, 1566.892, 1566.996, 1566.940, 1566.842 (1571.051)	Log prob: 1400.050, 1489.639, 1528.869, 1553.187, 1571.894, 1584.234, 1586.248, 1586.396, 1586.347, 1586.251 (1591.290)	KLD: 4.441, 5.326, 2.757, 2.347, 2.032, 1.823, 0.630, 0.044, 0.007, 0.002 (20.239)	Grad: 15.769, 9.479, 2.208, 1.024, 0.564, 0.718, 0.430, 0.236, 0.227, 0.166
[Epoch  13 (120.54s)]	ELBO: 1394.642, 1480.847, 1515.752, 1539.240, 1558.764, 1570.752, 1574.863, 1575.001, 1575.018, 1575.027 (1580.771)	Log prob: 1399.329, 1491.185, 1528.993, 1554.937, 1576.510, 1590.337, 1595.635, 1595.879, 1595.904, 1595.915 (1602.051)	KLD: 4.686, 5.652, 2.904, 2.454, 2.050, 1.839, 1.187, 0.106, 0.007, 0.003 (21.279)	Grad: 26.440, 12.025, 2.358, 1.195, 0.674, 0.722, 0.669, 0.339, 0.290, 0.218
[Epoch  14 (123.65s)]	ELBO: 1394.572, 1482.816, 1516.000, 1540.160, 1562.147, 1574.769, 1580.946, 1581.183, 1581.107, 1581.153 (1585.796)	Log prob: 1399.473, 1493.682, 1529.899, 1556.607, 1580.635, 1595.124, 1602.715, 1603.227, 1603.161, 1603.210 (1607.839)	KLD: 4.900, 5.965, 3.035, 2.547, 2.041, 1.865, 1.413, 0.279, 0.007, 0.004 (22.042)	Grad: 30.910, 15.015, 2.756, 1.251, 0.749, 0.738, 0.729, 0.438, 0.318, 0.239
[Epoch  15 (135.83s)]	ELBO: 1394.391, 1484.582, 1516.624, 1540.996, 1564.116, 1577.343, 1585.035, 1585.535, 1585.398, 1585.410 (1589.864)	Log prob: 1399.474, 1496.037, 1531.239, 1558.271, 1583.434, 1598.573, 1607.788, 1608.709, 1608.580, 1608.598 (1613.332)	KLD: 5.082, 6.374, 3.157, 2.661, 2.042, 1.913, 1.523, 0.421, 0.009, 0.005 (23.468)	Grad: 36.382, 18.738, 2.960, 1.314, 0.822, 0.805, 0.805, 0.524, 0.354, 0.268
[Epoch  16 (118.71s)]	ELBO: 1394.323, 1485.747, 1517.855, 1542.282, 1566.345, 1580.131, 1588.549, 1589.013, 1588.948, 1588.919 (1593.422)	Log prob: 1399.560, 1497.597, 1532.923, 1560.141, 1586.258, 1601.976, 1611.963, 1613.011, 1612.957, 1612.935 (1617.789)	KLD: 5.237, 6.613, 3.217, 2.790, 2.055, 1.932, 1.569, 0.584, 0.011, 0.007 (24.367)	Grad: 41.458, 24.416, 2.869, 1.554, 0.911, 0.842, 0.909, 0.611, 0.391, 0.302
[Epoch  17 (112.17s)]	ELBO: 1395.041, 1487.378, 1519.807, 1543.969, 1568.747, 1582.980, 1592.222, 1592.760, 1592.745, 1592.681 (1597.257)	Log prob: 1400.412, 1499.435, 1535.149, 1562.238, 1589.079, 1605.258, 1616.120, 1617.379, 1617.375, 1617.320 (1622.138)	KLD: 5.371, 6.686, 3.285, 2.927, 2.063, 1.946, 1.620, 0.720, 0.013, 0.007 (24.881)	Grad: 40.699, 22.822, 3.172, 1.661, 0.907, 0.865, 0.949, 0.616, 0.397, 0.312
[Epoch  18 (113.22s)]	ELBO: 1395.056, 1487.744, 1520.520, 1544.418, 1569.798, 1584.505, 1594.498, 1595.179, 1595.304, 1595.230 (1598.514)	Log prob: 1400.535, 1499.953, 1536.070, 1563.055, 1590.517, 1607.194, 1618.847, 1620.438, 1620.576, 1620.511 (1623.858)	KLD: 5.479, 6.729, 3.341, 3.086, 2.083, 1.970, 1.660, 0.909, 0.015, 0.009 (25.344)	Grad: 46.796, 29.839, 3.395, 1.893, 1.010, 0.965, 1.083, 0.774, 0.436, 0.349
[Epoch  19 (126.00s)]	ELBO: 1395.663, 1489.045, 1522.509, 1545.903, 1571.606, 1586.830, 1597.240, 1598.618, 1598.650, 1598.640 (1601.158)	Log prob: 1401.229, 1501.315, 1538.189, 1564.813, 1592.621, 1609.839, 1621.969, 1624.587, 1624.638, 1624.638 (1627.374)	KLD: 5.567, 6.703, 3.409, 3.232, 2.104, 1.994, 1.720, 1.240, 0.019, 0.011 (26.216)	Grad: 48.119, 27.757, 3.422, 2.355, 0.998, 0.992, 1.100, 0.870, 0.425, 0.347
[Epoch  20 (111.53s)]	ELBO: 1395.916, 1488.855, 1523.145, 1546.079, 1572.097, 1587.703, 1598.141, 1600.452, 1600.531, 1600.520 (1603.695)	Log prob: 1401.555, 1501.180, 1538.939, 1565.255, 1593.405, 1611.038, 1623.256, 1627.138, 1627.240, 1627.240 (1630.886)	KLD: 5.640, 6.686, 3.470, 3.381, 2.132, 2.027, 1.780, 1.571, 0.021, 0.013 (27.192)	Grad: 50.982, 33.742, 4.226, 2.295, 1.059, 1.088, 1.172, 0.976, 0.459, 0.365
[Epoch  21 (112.20s)]	ELBO: 1396.060, 1490.042, 1525.175, 1547.573, 1573.514, 1589.489, 1599.962, 1602.709, 1602.842, 1602.793 (1605.838)	Log prob: 1401.788, 1502.448, 1541.126, 1567.078, 1595.180, 1613.205, 1625.490, 1629.932, 1630.078, 1630.041 (1633.087)	KLD: 5.729, 6.676, 3.547, 3.553, 2.159, 2.051, 1.814, 1.692, 0.016, 0.011 (27.249)	Grad: 53.816, 26.595, 4.108, 2.596, 1.061, 1.111, 1.188, 1.011, 0.453, 0.366
[Epoch  22 (115.25s)]	ELBO: 1396.518, 1491.017, 1526.717, 1548.791, 1574.409, 1590.627, 1601.470, 1604.507, 1604.564, 1604.606 (1605.316)	Log prob: 1402.346, 1503.495, 1542.799, 1568.557, 1596.372, 1614.658, 1627.357, 1632.083, 1632.152, 1632.204 (1632.881)	KLD: 5.829, 6.649, 3.603, 3.684, 2.198, 2.067, 1.855, 1.689, 0.013, 0.011 (27.566)	Grad: 58.479, 28.852, 3.986, 2.821, 1.093, 1.153, 1.182, 1.002, 0.476, 0.386
[Epoch  23 (124.58s)]	ELBO: 1396.292, 1490.485, 1526.640, 1548.213, 1573.873, 1590.353, 1601.564, 1605.041, 1605.100, 1605.131 (1607.280)	Log prob: 1402.162, 1502.996, 1542.819, 1568.210, 1596.123, 1614.698, 1627.826, 1633.065, 1633.139, 1633.179 (1635.546)	KLD: 5.870, 6.641, 3.668, 3.818, 2.252, 2.097, 1.916, 1.763, 0.012, 0.010 (28.266)	Grad: 64.300, 30.428, 4.399, 3.142, 1.167, 1.221, 1.274, 1.088, 0.501, 0.407
[Epoch  24 (125.86s)]	ELBO: 1396.694, 1491.526, 1528.300, 1549.485, 1574.877, 1591.538, 1602.808, 1606.473, 1606.585, 1606.577 (1608.018)	Log prob: 1402.629, 1504.093, 1544.608, 1569.724, 1597.406, 1616.193, 1629.419, 1634.879, 1635.003, 1635.005 (1636.847)	KLD: 5.935, 6.633, 3.739, 3.934, 2.289, 2.127, 1.956, 1.795, 0.012, 0.010 (28.829)	Grad: 69.063, 31.010, 4.397, 3.203, 1.179, 1.285, 1.285, 1.141, 0.504, 0.418
[Epoch  25 (136.31s)]	ELBO: 1396.604, 1490.458, 1527.750, 1548.624, 1573.944, 1590.823, 1602.087, 1606.093, 1606.185, 1606.195 (1610.055)	Log prob: 1402.601, 1503.070, 1544.131, 1569.035, 1596.698, 1615.725, 1629.001, 1634.850, 1634.954, 1634.974 (1639.092)	KLD: 5.996, 6.615, 3.769, 4.031, 2.341, 2.148, 2.013, 1.844, 0.012, 0.010 (29.037)	Grad: 73.804, 38.969, 5.186, 3.798, 1.307, 1.386, 1.394, 1.217, 0.591, 0.473
[Epoch  26 (121.37s)]	ELBO: 1398.391, 1492.888, 1530.286, 1550.824, 1575.770, 1592.783, 1604.900, 1608.545, 1608.583, 1608.517 (1610.024)	Log prob: 1404.489, 1505.590, 1546.826, 1571.481, 1598.805, 1617.984, 1632.151, 1637.638, 1637.689, 1637.632 (1639.019)	KLD: 6.098, 6.603, 3.839, 4.117, 2.378, 2.165, 2.051, 1.843, 0.012, 0.010 (28.995)	Grad: 66.237, 32.072, 4.899, 3.599, 1.211, 1.296, 1.307, 1.082, 0.552, 0.444
[Epoch  27 (140.70s)]	ELBO: 1398.090, 1492.969, 1531.028, 1551.294, 1575.992, 1593.124, 1604.737, 1608.703, 1608.832, 1608.806 (1610.654)	Log prob: 1404.204, 1505.692, 1547.638, 1572.111, 1599.221, 1618.555, 1632.248, 1638.107, 1638.247, 1638.228 (1640.154)	KLD: 6.113, 6.610, 3.887, 4.207, 2.411, 2.202, 2.082, 1.890, 0.011, 0.009 (29.500)	Grad: 75.722, 34.034, 5.019, 3.765, 1.247, 1.410, 1.400, 1.145, 0.590, 0.475
[Epoch  28 (134.75s)]	ELBO: 1398.670, 1493.492, 1531.638, 1551.621, 1576.113, 1593.570, 1605.726, 1609.813, 1609.904, 1609.958 (1597.286)	Log prob: 1404.844, 1506.277, 1548.366, 1572.630, 1599.588, 1619.262, 1633.533, 1639.535, 1639.636, 1639.701 (1626.653)	KLD: 6.173, 6.611, 3.943, 4.282, 2.465, 2.217, 2.115, 1.915, 0.011, 0.009 (29.367)	Grad: 78.910, 31.985, 5.038, 3.786, 1.257, 1.420, 1.402, 1.165, 0.579, 0.485
[Epoch  29 (123.41s)]	ELBO: 1399.187, 1492.982, 1531.023, 1550.658, 1575.149, 1592.771, 1605.759, 1610.167, 1610.249, 1610.193 (1611.448)	Log prob: 1405.373, 1505.780, 1547.813, 1571.813, 1598.804, 1618.665, 1633.820, 1640.174, 1640.266, 1640.217 (1641.403)	KLD: 6.185, 6.613, 3.994, 4.361, 2.502, 2.238, 2.167, 1.946, 0.010, 0.008 (29.955)	Grad: 84.806, 35.870, 5.569, 4.466, 1.342, 1.586, 1.520, 1.267, 0.632, 0.538
[Epoch  30 (130.50s)]	ELBO: 1400.618, 1494.641, 1533.138, 1552.665, 1576.972, 1594.658, 1607.091, 1611.220, 1611.338, 1611.288 (1608.713)	Log prob: 1406.865, 1507.484, 1550.032, 1573.995, 1600.854, 1620.800, 1635.427, 1641.511, 1641.638, 1641.596 (1639.088)	KLD: 6.247, 6.595, 4.052, 4.436, 2.553, 2.260, 2.193, 1.956, 0.010, 0.007 (30.374)	Grad: 74.582, 35.552, 5.679, 4.325, 1.243, 1.416, 1.381, 1.137, 0.589, 0.502
[Epoch  31 (141.26s)]	ELBO: 1400.818, 1494.483, 1533.157, 1552.430, 1576.649, 1594.330, 1606.935, 1611.146, 1611.272, 1611.186 (1613.686)	Log prob: 1407.100, 1507.339, 1550.095, 1573.866, 1600.677, 1620.649, 1635.482, 1641.669, 1641.802, 1641.724 (1644.505)	KLD: 6.282, 6.575, 4.080, 4.499, 2.591, 2.291, 2.229, 1.974, 0.009, 0.007 (30.819)	Grad: 85.849, 35.149, 5.494, 4.464, 1.350, 1.594, 1.497, 1.259, 0.652, 0.555
[Epoch  32 (145.75s)]	ELBO: 1401.388, 1495.523, 1533.892, 1552.999, 1577.010, 1594.913, 1607.889, 1612.188, 1612.166, 1612.271 (1615.674)	Log prob: 1407.698, 1508.388, 1550.893, 1574.560, 1601.201, 1621.406, 1636.647, 1642.923, 1642.907, 1643.019 (1646.280)	KLD: 6.310, 6.554, 4.137, 4.560, 2.628, 2.305, 2.263, 1.975, 0.009, 0.007 (30.605)	Grad: 87.111, 31.804, 6.463, 4.624, 1.354, 1.610, 1.536, 1.231, 0.642, 0.546
[Epoch  33 (138.99s)]	ELBO: 1401.054, 1494.571, 1533.255, 1552.057, 1576.047, 1593.979, 1607.658, 1612.261, 1612.267, 1612.279 (1613.282)	Log prob: 1407.364, 1507.422, 1550.305, 1573.721, 1600.371, 1620.621, 1636.595, 1643.207, 1643.220, 1643.239 (1644.422)	KLD: 6.311, 6.540, 4.199, 4.614, 2.660, 2.318, 2.294, 2.009, 0.008, 0.006 (31.140)	Grad: 94.754, 32.865, 6.012, 4.880, 1.384, 1.717, 1.597, 1.297, 0.664, 0.567
[Epoch  34 (133.31s)]	ELBO: 1403.413, 1496.195, 1535.010, 1553.849, 1577.915, 1595.880, 1609.524, 1613.500, 1613.575, 1613.585 (1612.489)	Log prob: 1409.749, 1509.036, 1552.089, 1575.610, 1602.365, 1622.676, 1638.637, 1644.633, 1644.716, 1644.730 (1643.691)	KLD: 6.337, 6.505, 4.237, 4.683, 2.690, 2.344, 2.318, 2.018, 0.008, 0.006 (31.202)	Grad: 79.071, 35.626, 5.747, 4.640, 1.352, 1.585, 1.455, 1.161, 0.647, 0.544
[Epoch  35 (147.81s)]	ELBO: 1403.670, 1496.312, 1535.327, 1554.049, 1578.132, 1596.127, 1609.901, 1614.086, 1614.104, 1614.048 (1616.107)	Log prob: 1410.043, 1509.180, 1552.469, 1575.908, 1602.721, 1623.074, 1639.211, 1645.405, 1645.431, 1645.382 (1647.500)	KLD: 6.373, 6.497, 4.273, 4.718, 2.728, 2.359, 2.363, 2.009, 0.007, 0.006 (31.394)	Grad: 79.829, 35.383, 6.114, 4.771, 1.356, 1.609, 1.474, 1.163, 0.652, 0.549
[Epoch  36 (141.61s)]	ELBO: 1404.399, 1497.031, 1536.296, 1554.910, 1578.872, 1596.895, 1610.499, 1614.410, 1614.438, 1614.476 (1615.406)	Log prob: 1410.802, 1509.919, 1553.510, 1576.894, 1603.618, 1624.006, 1639.996, 1645.917, 1645.954, 1645.995 (1647.088)	KLD: 6.404, 6.485, 4.326, 4.771, 2.762, 2.365, 2.385, 2.010, 0.007, 0.005 (31.682)	Grad: 75.717, 32.702, 7.059, 4.837, 1.329, 1.520, 1.420, 1.107, 0.640, 0.536
[Epoch  37 (144.56s)]	ELBO: 1404.056, 1496.652, 1535.889, 1554.309, 1578.450, 1596.388, 1610.041, 1614.083, 1614.144, 1614.077 (1616.247)	Log prob: 1410.446, 1509.507, 1553.123, 1576.375, 1603.295, 1623.620, 1639.674, 1645.737, 1645.805, 1645.744 (1647.920)	KLD: 6.391, 6.463, 4.379, 4.833, 2.778, 2.388, 2.401, 2.022, 0.007, 0.005 (31.673)	Grad: 95.994, 31.254, 7.618, 5.806, 1.433, 1.843, 1.664, 1.280, 0.722, 0.621
[Epoch  38 (155.57s)]	ELBO: 1404.805, 1496.656, 1535.651, 1553.977, 1578.129, 1596.160, 1610.711, 1614.925, 1614.935, 1614.948 (1617.626)	Log prob: 1411.217, 1509.532, 1552.937, 1576.129, 1603.091, 1623.512, 1640.512, 1646.757, 1646.773, 1646.791 (1649.710)	KLD: 6.412, 6.463, 4.411, 4.866, 2.810, 2.392, 2.449, 2.030, 0.006, 0.005 (32.085)	Grad: 84.461, 34.436, 7.427, 5.246, 1.428, 1.746, 1.539, 1.199, 0.704, 0.576
[Epoch  39 (136.79s)]	ELBO: 1405.453, 1497.153, 1536.478, 1554.756, 1578.815, 1596.828, 1611.328, 1615.475, 1615.461, 1615.523 (1615.812)	Log prob: 1411.882, 1510.032, 1553.812, 1577.010, 1603.920, 1624.332, 1641.315, 1647.490, 1647.482, 1647.548 (1647.942)	KLD: 6.429, 6.449, 4.454, 4.922, 2.850, 2.399, 2.483, 2.028, 0.006, 0.005 (32.129)	Grad: 89.532, 40.141, 7.618, 5.608, 1.454, 1.863, 1.610, 1.233, 0.759, 0.620
[Epoch  40 (126.09s)]	ELBO: 1406.190, 1497.756, 1537.343, 1555.519, 1579.650, 1597.645, 1612.186, 1615.966, 1616.092, 1616.058 (1618.772)	Log prob: 1412.633, 1510.652, 1554.745, 1577.884, 1604.899, 1625.301, 1642.349, 1648.167, 1648.297, 1648.269 (1651.005)	KLD: 6.441, 6.456, 4.505, 4.963, 2.884, 2.406, 2.509, 2.036, 0.006, 0.004 (32.233)	Grad: 85.187, 31.412, 7.018, 5.101, 1.399, 1.796, 1.562, 1.184, 0.720, 0.602
[Epoch  41 (120.83s)]	ELBO: 1406.276, 1498.142, 1537.488, 1555.529, 1579.418, 1597.545, 1612.287, 1616.254, 1616.326, 1616.301 (1608.061)	Log prob: 1412.736, 1511.058, 1554.948, 1577.976, 1604.789, 1625.332, 1642.609, 1648.631, 1648.707, 1648.686 (1640.392)	KLD: 6.461, 6.455, 4.544, 4.987, 2.923, 2.416, 2.535, 2.055, 0.005, 0.004 (32.331)	Grad: 89.135, 32.625, 7.924, 5.736, 1.444, 1.890, 1.635, 1.245, 0.749, 0.626
[Epoch  42 (126.22s)]	ELBO: 1406.873, 1497.991, 1537.501, 1555.633, 1579.464, 1597.717, 1612.486, 1616.390, 1616.429, 1616.537 (1613.949)	Log prob: 1413.318, 1510.865, 1554.950, 1578.118, 1604.930, 1625.617, 1642.952, 1648.898, 1648.941, 1649.056 (1646.488)	KLD: 6.446, 6.427, 4.574, 5.038, 2.981, 2.435, 2.565, 2.043, 0.005, 0.004 (32.539)	Grad: 86.555, 34.919, 7.176, 5.279, 1.423, 1.854, 1.635, 1.203, 0.760, 0.623
[Epoch  43 (130.28s)]	ELBO: 1407.419, 1498.174, 1537.437, 1555.495, 1579.358, 1597.540, 1612.558, 1616.619, 1616.644, 1616.643 (1619.499)	Log prob: 1413.874, 1511.056, 1554.932, 1578.059, 1604.951, 1625.567, 1643.181, 1649.297, 1649.325, 1649.327 (1652.262)	KLD: 6.456, 6.426, 4.613, 5.070, 3.030, 2.434, 2.594, 2.054, 0.005, 0.004 (32.763)	Grad: 85.610, 40.566, 8.938, 5.957, 1.509, 1.940, 1.688, 1.248, 0.797, 0.652
[Epoch  44 (131.96s)]	ELBO: 1407.634, 1498.655, 1538.387, 1556.368, 1580.108, 1598.381, 1613.070, 1616.909, 1616.983, 1616.998 (1612.250)	Log prob: 1414.104, 1511.541, 1555.926, 1579.014, 1605.834, 1626.569, 1643.880, 1649.785, 1649.862, 1649.882 (1645.019)	KLD: 6.470, 6.415, 4.655, 5.105, 3.081, 2.460, 2.625, 2.064, 0.004, 0.004 (32.769)	Grad: 84.082, 37.184, 8.487, 6.170, 1.477, 1.954, 1.641, 1.207, 0.763, 0.631
[Epoch  45 (125.44s)]	ELBO: 1408.086, 1497.856, 1537.285, 1555.243, 1579.025, 1597.257, 1612.632, 1616.632, 1616.692, 1616.698 (1618.140)	Log prob: 1414.557, 1510.747, 1554.854, 1577.947, 1604.862, 1625.563, 1643.583, 1649.660, 1649.722, 1649.734 (1651.262)	KLD: 6.470, 6.422, 4.678, 5.134, 3.133, 2.469, 2.647, 2.075, 0.004, 0.004 (33.122)	Grad: 84.902, 39.626, 7.566, 6.383, 1.547, 2.017, 1.725, 1.255, 0.812, 0.648
[Epoch  46 (143.58s)]	ELBO: 1408.804, 1498.642, 1538.033, 1555.979, 1579.609, 1597.885, 1613.282, 1617.122, 1617.165, 1617.214 (1617.810)	Log prob: 1415.260, 1511.497, 1555.606, 1578.730, 1605.550, 1626.293, 1644.358, 1650.278, 1650.327, 1650.378 (1650.857)	KLD: 6.457, 6.398, 4.717, 5.179, 3.190, 2.467, 2.668, 2.081, 0.004, 0.004 (33.047)	Grad: 80.968, 39.800, 8.018, 6.190, 1.534, 1.951, 1.661, 1.230, 0.793, 0.600
[Epoch  47 (138.85s)]	ELBO: 1409.280, 1497.983, 1537.081, 1554.855, 1578.596, 1596.812, 1612.804, 1616.791, 1616.882, 1616.866 (1617.532)	Log prob: 1415.778, 1510.886, 1554.745, 1577.714, 1604.704, 1625.385, 1644.074, 1650.139, 1650.233, 1650.222 (1650.997)	KLD: 6.497, 6.405, 4.762, 5.194, 3.251, 2.463, 2.697, 2.080, 0.004, 0.003 (33.465)	Grad: 76.336, 41.051, 9.021, 6.746, 1.582, 1.917, 1.661, 1.244, 0.815, 0.544
[Epoch  48 (144.17s)]	ELBO: 1409.256, 1496.781, 1535.738, 1553.446, 1577.217, 1595.514, 1612.171, 1616.337, 1616.333, 1616.359 (1619.535)	Log prob: 1415.740, 1509.652, 1553.427, 1576.372, 1603.471, 1624.233, 1643.603, 1649.870, 1649.868, 1649.897 (1653.309)	KLD: 6.483, 6.388, 4.817, 5.237, 3.329, 2.464, 2.716, 2.098, 0.003, 0.003 (33.774)	Grad: 85.587, 48.437, 9.540, 7.224, 1.778, 2.145, 1.881, 1.416, 0.903, 0.607
[Epoch  49 (146.14s)]	ELBO: 1409.781, 1498.825, 1538.038, 1556.048, 1579.306, 1597.841, 1613.594, 1617.436, 1617.580, 1617.566 (1617.299)	Log prob: 1416.250, 1511.667, 1555.724, 1579.005, 1605.677, 1626.689, 1645.189, 1651.124, 1651.271, 1651.260 (1651.114)	KLD: 6.470, 6.373, 4.843, 5.271, 3.416, 2.473, 2.748, 2.094, 0.003, 0.003 (33.815)	Grad: 80.984, 34.140, 8.925, 6.660, 1.585, 1.988, 1.729, 1.268, 0.789, 0.538
[Epoch  50 (130.71s)]	ELBO: 1410.502, 1498.527, 1537.765, 1555.824, 1579.029, 1597.610, 1613.058, 1616.981, 1616.974, 1616.942 (1615.943)	Log prob: 1416.997, 1511.365, 1555.470, 1578.818, 1605.496, 1626.546, 1644.776, 1650.797, 1650.792, 1650.765 (1649.664)	KLD: 6.496, 6.342, 4.867, 5.291, 3.473, 2.469, 2.782, 2.097, 0.003, 0.003 (33.720)	Grad: 74.041, 46.391, 8.960, 7.108, 1.706, 1.996, 1.748, 1.322, 0.886, 0.589
[Epoch  51 (134.19s)]	ELBO: 1410.233, 1498.147, 1537.186, 1555.149, 1578.284, 1596.960, 1612.859, 1616.809, 1616.873, 1616.889 (1619.843)	Log prob: 1416.708, 1510.988, 1554.948, 1578.242, 1604.948, 1626.096, 1644.799, 1650.859, 1650.925, 1650.943 (1653.814)	KLD: 6.476, 6.365, 4.922, 5.330, 3.571, 2.472, 2.803, 2.110, 0.003, 0.003 (33.971)	Grad: 83.402, 35.879, 8.849, 7.226, 1.801, 2.120, 1.841, 1.389, 0.849, 0.551
[Epoch  52 (144.40s)]	ELBO: 1410.830, 1498.568, 1537.400, 1555.218, 1578.375, 1597.170, 1613.354, 1617.356, 1617.439, 1617.427 (1616.254)	Log prob: 1417.325, 1511.416, 1555.226, 1578.406, 1605.190, 1626.468, 1645.467, 1651.562, 1651.650, 1651.641 (1650.671)	KLD: 6.495, 6.352, 4.980, 5.359, 3.629, 2.482, 2.815, 2.095, 0.003, 0.003 (34.417)	Grad: 77.656, 40.548, 9.691, 6.927, 1.805, 2.066, 1.790, 1.363, 0.837, 0.540
[Epoch  53 (145.94s)]	ELBO: 1411.145, 1497.988, 1536.897, 1554.691, 1577.763, 1596.887, 1612.665, 1616.797, 1616.936, 1616.867 (1615.367)	Log prob: 1417.630, 1510.791, 1554.706, 1577.891, 1604.672, 1626.284, 1644.900, 1651.140, 1651.282, 1651.217 (1650.071)	KLD: 6.484, 6.320, 5.005, 5.391, 3.710, 2.487, 2.839, 2.108, 0.003, 0.003 (34.704)	Grad: 77.818, 49.975, 8.579, 7.657, 1.966, 2.177, 1.907, 1.451, 0.927, 0.594
[Epoch  54 (140.72s)]	ELBO: 1411.418, 1498.602, 1537.457, 1555.438, 1578.211, 1597.507, 1613.112, 1617.146, 1617.143, 1617.183 (1606.400)	Log prob: 1417.910, 1511.412, 1555.323, 1578.726, 1605.290, 1627.085, 1645.552, 1651.666, 1651.664, 1651.708 (1640.691)	KLD: 6.493, 6.317, 5.057, 5.421, 3.790, 2.500, 2.861, 2.080, 0.003, 0.003 (34.290)	Grad: 79.288, 43.288, 9.445, 8.067, 1.948, 2.179, 1.889, 1.430, 0.904, 0.566
[Epoch  55 (125.94s)]	ELBO: 1411.569, 1497.116, 1535.650, 1553.454, 1576.402, 1595.759, 1612.082, 1616.368, 1616.428, 1616.459 (1614.119)	Log prob: 1418.064, 1509.916, 1553.548, 1576.790, 1603.608, 1625.471, 1644.680, 1651.068, 1651.131, 1651.163 (1649.307)	KLD: 6.495, 6.305, 5.096, 5.439, 3.872, 2.503, 2.886, 2.102, 0.003, 0.003 (35.189)	Grad: 81.886, 46.365, 10.545, 8.003, 2.222, 2.315, 1.975, 1.533, 0.950, 0.581
[Epoch  56 (130.16s)]	ELBO: 1412.012, 1496.031, 1534.253, 1551.956, 1574.966, 1594.417, 1611.330, 1615.846, 1615.875, 1615.904 (1614.977)	Log prob: 1418.490, 1508.830, 1552.210, 1575.401, 1602.341, 1624.306, 1644.117, 1650.760, 1650.792, 1650.823 (1650.106)	KLD: 6.479, 6.320, 5.159, 5.488, 3.932, 2.511, 2.898, 2.128, 0.002, 0.002 (35.129)	Grad: 81.128, 42.671, 10.407, 8.475, 2.270, 2.298, 1.977, 1.495, 0.893, 0.561
[Epoch  57 (128.73s)]	ELBO: 1412.609, 1498.458, 1537.207, 1555.183, 1577.932, 1597.559, 1612.926, 1617.144, 1617.262, 1617.162 (1619.423)	Log prob: 1419.123, 1511.273, 1555.198, 1578.671, 1605.422, 1627.558, 1645.833, 1652.146, 1652.269, 1652.169 (1654.766)	KLD: 6.514, 6.302, 5.175, 5.496, 4.003, 2.508, 2.908, 2.098, 0.002, 0.002 (35.343)	Grad: 70.546, 44.785, 10.682, 7.364, 2.243, 2.163, 1.864, 1.436, 0.907, 0.529
[Epoch  58 (128.77s)]	ELBO: 1412.060, 1497.791, 1536.477, 1554.436, 1577.055, 1597.038, 1612.194, 1616.547, 1616.574, 1616.578 (1613.631)	Log prob: 1418.537, 1510.577, 1554.487, 1577.972, 1604.674, 1627.181, 1645.280, 1651.721, 1651.750, 1651.757 (1649.137)	KLD: 6.478, 6.307, 5.226, 5.525, 4.081, 2.525, 2.946, 2.087, 0.002, 0.002 (35.506)	Grad: 82.848, 45.908, 10.384, 8.222, 2.331, 2.385, 2.051, 1.596, 0.968, 0.567
[Epoch  59 (129.01s)]	ELBO: 1412.643, 1496.307, 1534.626, 1552.300, 1575.357, 1595.465, 1611.150, 1615.817, 1615.920, 1615.933 (1614.142)	Log prob: 1419.147, 1509.099, 1552.696, 1575.929, 1603.133, 1625.771, 1644.408, 1651.191, 1651.297, 1651.312 (1649.763)	KLD: 6.505, 6.287, 5.279, 5.558, 4.148, 2.531, 2.950, 2.117, 0.002, 0.002 (35.621)	Grad: 77.761, 49.632, 10.735, 8.859, 2.523, 2.309, 1.993, 1.570, 0.954, 0.566
[Epoch  60 (124.86s)]	ELBO: 1412.893, 1497.959, 1536.594, 1554.546, 1577.119, 1597.356, 1612.093, 1616.589, 1616.746, 1616.662 (1617.347)	Log prob: 1419.380, 1510.692, 1554.652, 1578.198, 1604.980, 1627.752, 1645.470, 1652.079, 1652.237, 1652.156 (1652.803)	KLD: 6.488, 6.247, 5.325, 5.592, 4.209, 2.536, 2.982, 2.112, 0.002, 0.002 (35.455)	Grad: 77.307, 44.308, 11.140, 8.337, 2.521, 2.311, 1.935, 1.556, 0.938, 0.554
[Epoch  61 (119.35s)]	ELBO: 1413.295, 1498.795, 1537.434, 1555.490, 1577.909, 1598.328, 1612.412, 1616.957, 1616.983, 1617.011 (1616.395)	Log prob: 1419.799, 1511.531, 1555.531, 1579.190, 1605.887, 1628.846, 1645.925, 1652.570, 1652.599, 1652.629 (1652.069)	KLD: 6.503, 6.234, 5.360, 5.604, 4.276, 2.540, 2.996, 2.100, 0.002, 0.002 (35.675)	Grad: 74.423, 43.375, 10.277, 8.679, 2.517, 2.335, 1.900, 1.561, 0.939, 0.555
[Epoch  62 (121.40s)]	ELBO: 1413.517, 1497.859, 1536.556, 1554.521, 1577.084, 1597.547, 1611.650, 1616.467, 1616.481, 1616.460 (1617.041)	Log prob: 1420.051, 1510.626, 1554.696, 1578.283, 1605.168, 1628.184, 1645.318, 1652.235, 1652.252, 1652.233 (1652.946)	KLD: 6.534, 6.233, 5.374, 5.622, 4.321, 2.554, 3.032, 2.099, 0.002, 0.002 (35.905)	Grad: 65.821, 55.492, 10.696, 7.627, 2.574, 2.260, 1.886, 1.559, 0.991, 0.576
[Epoch  63 (129.77s)]	ELBO: 1413.314, 1498.774, 1537.514, 1555.423, 1577.832, 1598.387, 1611.906, 1616.672, 1616.807, 1616.709 (1614.918)	Log prob: 1419.831, 1511.504, 1555.683, 1579.243, 1606.045, 1629.157, 1645.714, 1652.568, 1652.704, 1652.610 (1650.787)	KLD: 6.518, 6.211, 5.440, 5.651, 4.393, 2.557, 3.037, 2.088, 0.002, 0.002 (35.868)	Grad: 77.558, 40.348, 11.254, 8.876, 2.799, 2.378, 1.941, 1.608, 0.946, 0.562
[Epoch  64 (129.52s)]	ELBO: 1413.406, 1497.058, 1535.371, 1552.906, 1575.517, 1596.215, 1610.986, 1616.181, 1616.221, 1616.214 (1613.837)	Log prob: 1419.900, 1509.763, 1553.568, 1576.794, 1603.858, 1627.108, 1644.923, 1652.235, 1652.280, 1652.273 (1650.048)	KLD: 6.494, 6.212, 5.492, 5.691, 4.452, 2.553, 3.044, 2.117, 0.002, 0.002 (36.211)	Grad: 81.786, 49.054, 13.384, 9.422, 3.042, 2.618, 2.123, 1.813, 1.043, 0.616
[Epoch  65 (127.15s)]	ELBO: 1413.963, 1497.913, 1536.538, 1554.469, 1576.939, 1597.710, 1611.877, 1616.989, 1617.090, 1617.090 (1613.068)	Log prob: 1420.466, 1510.574, 1554.724, 1578.389, 1605.346, 1628.678, 1645.914, 1653.132, 1653.235, 1653.238 (1649.350)	KLD: 6.503, 6.159, 5.525, 5.733, 4.487, 2.561, 3.068, 2.108, 0.002, 0.002 (36.283)	Grad: 74.790, 54.348, 11.229, 9.246, 2.984, 2.548, 2.059, 1.802, 1.063, 0.625
[Epoch  66 (119.54s)]	ELBO: 1414.255, 1498.855, 1537.397, 1555.315, 1577.599, 1598.547, 1612.205, 1617.406, 1617.494, 1617.442 (1618.593)	Log prob: 1420.769, 1511.546, 1555.635, 1579.291, 1606.113, 1629.629, 1646.369, 1653.664, 1653.755, 1653.705 (1654.875)	KLD: 6.513, 6.178, 5.548, 5.737, 4.539, 2.569, 3.081, 2.096, 0.002, 0.002 (36.282)	Grad: 71.069, 46.888, 13.118, 8.773, 2.875, 2.418, 1.958, 1.714, 1.011, 0.599
[Epoch  67 (125.03s)]	ELBO: 1414.452, 1498.105, 1536.893, 1554.670, 1577.233, 1598.237, 1611.769, 1617.194, 1617.184, 1617.235 (1611.503)	Log prob: 1420.980, 1510.786, 1555.151, 1578.686, 1605.842, 1629.414, 1646.040, 1653.571, 1653.564, 1653.616 (1648.042)	KLD: 6.529, 6.152, 5.577, 5.759, 4.593, 2.568, 3.093, 2.106, 0.002, 0.002 (36.539)	Grad: 71.461, 46.506, 12.566, 10.107, 3.233, 2.496, 2.033, 1.780, 1.032, 0.625
[Epoch  68 (124.99s)]	ELBO: 1414.069, 1497.334, 1535.973, 1553.688, 1576.185, 1597.247, 1611.024, 1616.757, 1616.777, 1616.826 (1615.291)	Log prob: 1420.584, 1510.021, 1554.268, 1577.757, 1604.884, 1628.509, 1645.373, 1653.215, 1653.238, 1653.288 (1652.255)	KLD: 6.515, 6.172, 5.609, 5.773, 4.628, 2.564, 3.089, 2.107, 0.002, 0.002 (36.965)	Grad: 80.795, 57.393, 12.932, 10.366, 3.462, 2.762, 2.202, 1.980, 1.149, 0.687
[Epoch  69 (119.93s)]	ELBO: 1414.821, 1499.020, 1537.945, 1555.580, 1577.950, 1599.162, 1612.496, 1618.174, 1618.284, 1618.271 (1620.192)	Log prob: 1421.371, 1511.726, 1556.295, 1579.737, 1606.774, 1630.572, 1647.020, 1654.810, 1654.922, 1654.909 (1656.923)	KLD: 6.550, 6.157, 5.642, 5.809, 4.668, 2.586, 3.113, 2.112, 0.002, 0.002 (36.731)	Grad: 67.236, 45.555, 12.349, 9.102, 3.228, 2.349, 1.911, 1.665, 0.985, 0.585
[Epoch  70 (115.63s)]	ELBO: 1414.611, 1497.093, 1535.513, 1553.014, 1575.587, 1597.084, 1610.861, 1616.991, 1617.074, 1617.047 (1619.317)	Log prob: 1421.148, 1509.763, 1553.861, 1577.201, 1604.486, 1628.561, 1645.460, 1653.718, 1653.804, 1653.779 (1656.054)	KLD: 6.537, 6.133, 5.677, 5.841, 4.710, 2.580, 3.121, 2.128, 0.002, 0.002 (36.737)	Grad: 76.365, 55.171, 16.014, 10.232, 3.651, 2.761, 2.167, 1.785, 1.138, 0.692
[Epoch  71 (120.09s)]	ELBO: 1414.907, 1497.685, 1536.458, 1554.066, 1576.635, 1598.091, 1611.375, 1617.567, 1617.584, 1617.534 (1613.205)	Log prob: 1421.429, 1510.343, 1554.826, 1578.290, 1605.623, 1629.670, 1646.092, 1654.409, 1654.428, 1654.381 (1650.293)	KLD: 6.521, 6.137, 5.711, 5.854, 4.765, 2.590, 3.140, 2.126, 0.002, 0.002 (37.088)	Grad: 76.647, 51.542, 12.792, 9.506, 3.532, 2.670, 2.090, 1.738, 1.123, 0.684
[Epoch  72 (127.53s)]	ELBO: 1415.119, 1498.178, 1537.133, 1554.986, 1577.425, 1598.969, 1611.304, 1617.437, 1617.521, 1617.437 (1610.173)	Log prob: 1421.655, 1510.847, 1555.534, 1579.261, 1606.479, 1630.625, 1646.098, 1654.365, 1654.451, 1654.370 (1646.937)	KLD: 6.536, 6.133, 5.733, 5.873, 4.781, 2.601, 3.139, 2.133, 0.002, 0.002 (36.764)	Grad: 73.552, 42.036, 14.307, 10.207, 3.480, 2.606, 2.013, 1.668, 1.027, 0.634
[Epoch  73 (119.36s)]	ELBO: 1415.003, 1495.632, 1534.193, 1551.582, 1574.743, 1596.303, 1609.345, 1616.038, 1616.149, 1616.142 (1617.627)	Log prob: 1421.538, 1508.312, 1552.640, 1575.924, 1603.922, 1628.069, 1644.264, 1653.128, 1653.242, 1653.238 (1654.707)	KLD: 6.535, 6.144, 5.770, 5.893, 4.836, 2.587, 3.154, 2.170, 0.003, 0.002 (37.080)	Grad: 76.317, 54.915, 15.275, 10.698, 3.828, 2.801, 2.178, 1.867, 1.003, 0.710
[Epoch  74 (116.39s)]	ELBO: 1415.786, 1498.162, 1537.164, 1554.563, 1577.059, 1598.727, 1611.582, 1618.077, 1618.206, 1618.138 (1618.174)	Log prob: 1422.336, 1510.836, 1555.635, 1578.945, 1606.306, 1630.574, 1646.589, 1655.250, 1655.382, 1655.314 (1655.623)	KLD: 6.550, 6.125, 5.796, 5.910, 4.864, 2.601, 3.160, 2.167, 0.002, 0.002 (37.449)	Grad: 66.632, 59.784, 13.972, 10.775, 3.780, 2.692, 2.080, 1.877, 1.005, 0.722
[Epoch  75 (115.09s)]	ELBO: 1415.979, 1497.418, 1536.042, 1553.313, 1576.050, 1598.016, 1611.136, 1617.951, 1618.002, 1617.984 (1620.331)	Log prob: 1422.532, 1510.100, 1554.543, 1577.751, 1605.382, 1629.950, 1646.233, 1655.228, 1655.281, 1655.267 (1657.705)	KLD: 6.552, 6.129, 5.820, 5.937, 4.892, 2.603, 3.162, 2.182, 0.002, 0.002 (37.374)	Grad: 64.912, 62.778, 14.951, 10.360, 3.725, 2.711, 2.033, 1.939, 1.023, 0.723
[Epoch  76 (123.84s)]	ELBO: 1416.129, 1498.095, 1536.825, 1554.410, 1576.885, 1598.981, 1611.383, 1618.118, 1618.142, 1618.120 (1608.928)	Log prob: 1422.664, 1510.745, 1555.332, 1578.876, 1606.284, 1630.974, 1646.549, 1655.503, 1655.532, 1655.510 (1646.247)	KLD: 6.536, 6.113, 5.856, 5.961, 4.933, 2.594, 3.171, 2.221, 0.002, 0.002 (37.319)	Grad: 69.538, 52.641, 15.189, 10.760, 3.856, 2.680, 2.013, 1.897, 0.971, 0.701
[Epoch  77 (139.45s)]	ELBO: 1416.584, 1497.759, 1536.483, 1553.753, 1576.260, 1598.474, 1611.051, 1617.949, 1617.963, 1617.946 (1616.357)	Log prob: 1423.146, 1510.435, 1555.018, 1578.266, 1605.743, 1630.582, 1646.345, 1655.458, 1655.474, 1655.460 (1653.981)	KLD: 6.564, 6.113, 5.858, 5.978, 4.971, 2.625, 3.183, 2.216, 0.002, 0.002 (37.624)	Grad: 65.867, 58.551, 15.163, 10.431, 3.910, 2.755, 2.085, 2.006, 1.056, 0.745
[Epoch  78 (122.70s)]	ELBO: 1416.571, 1497.964, 1536.791, 1554.278, 1576.481, 1598.871, 1611.214, 1618.072, 1618.052, 1618.022 (1616.144)	Log prob: 1423.089, 1510.616, 1555.345, 1578.832, 1606.047, 1631.061, 1646.600, 1655.682, 1655.663, 1655.637 (1653.507)	KLD: 6.517, 6.135, 5.902, 6.000, 5.012, 2.623, 3.196, 2.224, 0.002, 0.002 (37.363)	Grad: 74.289, 54.858, 14.736, 11.450, 4.043, 2.866, 2.130, 2.093, 1.054, 0.765
[Epoch  79 (122.51s)]	ELBO: 1417.593, 1499.036, 1537.772, 1555.313, 1577.564, 1599.844, 1611.764, 1618.620, 1618.644, 1618.667 (1619.888)	Log prob: 1424.140, 1511.695, 1556.339, 1579.912, 1607.200, 1632.103, 1647.243, 1656.347, 1656.375, 1656.401 (1657.712)	KLD: 6.546, 6.114, 5.908, 6.031, 5.037, 2.623, 3.219, 2.250, 0.002, 0.002 (37.825)	Grad: 59.028, 49.943, 15.003, 10.510, 3.871, 2.663, 1.995, 1.971, 0.998, 0.712
[Epoch  80 (131.31s)]	ELBO: 1417.591, 1498.254, 1536.756, 1554.082, 1576.300, 1598.681, 1611.209, 1618.211, 1618.263, 1618.225 (1617.307)	Log prob: 1424.106, 1510.891, 1555.352, 1578.721, 1606.007, 1631.026, 1646.768, 1656.040, 1656.094, 1656.057 (1655.485)	KLD: 6.514, 6.123, 5.957, 6.046, 5.068, 2.638, 3.212, 2.270, 0.002, 0.002 (38.178)	Grad: 71.393, 52.249, 16.056, 11.292, 4.195, 2.886, 2.129, 2.102, 1.060, 0.761
[Epoch  81 (119.13s)]	ELBO: 1417.831, 1497.529, 1536.085, 1553.421, 1575.412, 1597.994, 1610.240, 1617.281, 1617.348, 1617.344 (1616.992)	Log prob: 1424.352, 1510.170, 1554.699, 1578.105, 1605.222, 1630.428, 1645.906, 1655.230, 1655.297, 1655.297 (1655.094)	KLD: 6.523, 6.119, 5.972, 6.069, 5.125, 2.626, 3.231, 2.282, 0.002, 0.002 (38.102)	Grad: 73.947, 56.027, 17.433, 11.155, 4.353, 2.960, 2.131, 2.207, 1.100, 0.781
[Epoch  82 (139.24s)]	ELBO: 1419.319, 1499.465, 1538.030, 1555.338, 1577.075, 1599.651, 1611.532, 1618.570, 1618.626, 1618.635 (1620.735)	Log prob: 1425.861, 1512.131, 1556.691, 1580.091, 1606.982, 1632.201, 1647.330, 1656.652, 1656.710, 1656.722 (1659.126)	KLD: 6.541, 6.125, 5.995, 6.093, 5.155, 2.640, 3.249, 2.284, 0.002, 0.002 (38.390)	Grad: 56.861, 53.362, 16.538, 10.442, 4.213, 2.644, 1.980, 2.026, 1.037, 0.733
[Epoch  83 (136.79s)]	ELBO: 1419.633, 1497.695, 1536.134, 1553.353, 1575.325, 1597.918, 1609.982, 1617.344, 1617.308, 1617.303 (1616.932)	Log prob: 1426.141, 1510.301, 1554.774, 1578.100, 1605.269, 1630.516, 1645.847, 1655.512, 1655.478, 1655.477 (1655.408)	KLD: 6.507, 6.100, 6.035, 6.106, 5.196, 2.656, 3.266, 2.303, 0.002, 0.002 (38.476)	Grad: 64.587, 58.181, 17.344, 11.356, 4.620, 2.918, 2.117, 2.228, 1.114, 0.793
[Epoch  84 (138.20s)]	ELBO: 1420.206, 1498.134, 1536.603, 1554.002, 1575.538, 1598.291, 1609.581, 1616.677, 1616.778, 1616.706 (1615.028)	Log prob: 1426.673, 1510.709, 1555.233, 1578.747, 1605.504, 1630.910, 1645.483, 1654.886, 1654.991, 1654.920 (1653.103)	KLD: 6.466, 6.108, 6.055, 6.116, 5.220, 2.653, 3.284, 2.308, 0.002, 0.002 (38.075)	Grad: 66.786, 45.154, 17.128, 11.155, 4.696, 2.866, 2.070, 2.140, 1.041, 0.751
[Epoch  85 (117.23s)]	ELBO: 1422.045, 1498.272, 1536.966, 1554.403, 1575.862, 1598.518, 1609.342, 1616.404, 1616.401, 1616.388 (1612.152)	Log prob: 1428.524, 1510.845, 1555.599, 1579.185, 1605.890, 1631.205, 1645.335, 1654.693, 1654.693, 1654.683 (1650.827)	KLD: 6.480, 6.094, 6.059, 6.149, 5.247, 2.657, 3.307, 2.297, 0.002, 0.002 (38.675)	Grad: 47.052, 44.333, 15.645, 10.062, 4.138, 2.462, 1.855, 1.918, 0.971, 0.691
[Epoch  86 (116.17s)]	ELBO: 1422.360, 1497.687, 1535.711, 1552.854, 1574.233, 1597.104, 1608.257, 1615.658, 1615.707, 1615.544 (1616.389)	Log prob: 1428.792, 1510.230, 1554.358, 1577.672, 1604.339, 1629.872, 1644.347, 1654.058, 1654.110, 1653.953 (1654.815)	KLD: 6.432, 6.111, 6.106, 6.168, 5.289, 2.663, 3.321, 2.312, 0.003, 0.003 (38.427)	Grad: 62.664, 61.627, 19.326, 13.509, 4.723, 3.074, 2.256, 2.418, 1.225, 0.901
[Epoch  87 (116.86s)]	ELBO: 1423.463, 1496.668, 1534.636, 1551.748, 1573.278, 1596.275, 1607.825, 1615.525, 1615.599, 1615.550 (1614.035)	Log prob: 1429.901, 1509.225, 1553.342, 1576.629, 1603.492, 1629.165, 1644.040, 1654.095, 1654.172, 1654.125 (1652.913)	KLD: 6.438, 6.119, 6.150, 6.176, 5.331, 2.676, 3.325, 2.356, 0.003, 0.003 (38.878)	Grad: 53.899, 55.438, 18.439, 11.441, 4.715, 2.730, 2.062, 2.146, 1.095, 0.793
[Epoch  88 (122.53s)]	ELBO: 1424.570, 1497.655, 1534.805, 1551.613, 1572.825, 1595.658, 1607.348, 1615.065, 1615.166, 1615.156 (1617.276)	Log prob: 1430.981, 1510.194, 1553.510, 1576.529, 1603.080, 1628.606, 1643.648, 1653.726, 1653.831, 1653.821 (1656.158)	KLD: 6.410, 6.128, 6.167, 6.211, 5.338, 2.694, 3.351, 2.361, 0.003, 0.003 (38.881)	Grad: 56.140, 63.017, 21.718, 13.043, 5.413, 3.023, 2.285, 2.391, 1.220, 0.862
[Epoch  89 (106.54s)]	ELBO: 1425.815, 1498.811, 1535.879, 1552.807, 1573.812, 1596.757, 1608.475, 1616.078, 1616.091, 1616.150 (1618.343)	Log prob: 1432.238, 1511.365, 1554.624, 1577.770, 1604.162, 1629.791, 1644.856, 1654.829, 1654.842, 1654.906 (1656.968)	KLD: 6.422, 6.132, 6.191, 6.218, 5.388, 2.683, 3.347, 2.370, 0.003, 0.003 (38.625)	Grad: 46.897, 51.665, 19.766, 11.280, 4.921, 2.626, 2.029, 2.117, 1.073, 0.733
[Epoch  90 (109.48s)]	ELBO: 1426.622, 1499.315, 1536.193, 1553.202, 1573.889, 1596.828, 1608.033, 1615.612, 1615.656, 1615.663 (1615.325)	Log prob: 1433.033, 1511.850, 1554.934, 1578.180, 1604.282, 1629.918, 1644.484, 1654.435, 1654.481, 1654.490 (1654.497)	KLD: 6.411, 6.125, 6.205, 6.237, 5.416, 2.697, 3.360, 2.371, 0.003, 0.003 (39.171)	Grad: 47.368, 55.587, 20.270, 12.244, 4.943, 2.762, 2.105, 2.203, 1.125, 0.801
[Epoch  91 (115.47s)]	ELBO: 1427.363, 1499.601, 1536.256, 1553.163, 1573.758, 1596.765, 1607.775, 1615.408, 1615.415, 1615.368 (1609.607)	Log prob: 1433.770, 1512.143, 1555.036, 1578.192, 1604.248, 1629.953, 1644.349, 1654.361, 1654.371, 1654.327 (1648.851)	KLD: 6.407, 6.135, 6.238, 6.250, 5.461, 2.699, 3.385, 2.380, 0.003, 0.003 (39.245)	Grad: 43.767, 53.716, 19.796, 11.791, 5.195, 2.709, 2.018, 2.199, 1.142, 0.772
[Epoch  92 (120.60s)]	ELBO: 1428.218, 1499.840, 1536.068, 1553.002, 1573.530, 1596.528, 1607.491, 1615.053, 1615.120, 1615.095 (1618.340)	Log prob: 1434.615, 1512.368, 1554.840, 1578.034, 1604.041, 1629.738, 1644.094, 1654.031, 1654.101, 1654.077 (1657.466)	KLD: 6.397, 6.130, 6.244, 6.260, 5.480, 2.698, 3.392, 2.376, 0.003, 0.003 (39.125)	Grad: 45.202, 62.522, 21.758, 12.378, 5.642, 2.933, 2.207, 2.383, 1.220, 0.857
[Epoch  93 (109.07s)]	ELBO: 1428.490, 1498.897, 1534.936, 1551.876, 1572.544, 1595.392, 1606.724, 1614.455, 1614.504, 1614.471 (1615.635)	Log prob: 1434.891, 1511.438, 1553.768, 1576.997, 1603.190, 1628.741, 1643.466, 1653.570, 1653.621, 1653.593 (1655.460)	KLD: 6.402, 6.139, 6.291, 6.290, 5.524, 2.704, 3.393, 2.373, 0.003, 0.003 (39.825)	Grad: 44.207, 55.977, 22.516, 12.156, 5.534, 2.828, 2.152, 2.297, 1.172, 0.815
[Epoch  94 (109.02s)]	ELBO: 1429.122, 1498.645, 1534.800, 1551.594, 1572.149, 1595.019, 1606.130, 1613.864, 1613.945, 1613.838 (1605.350)	Log prob: 1435.526, 1511.208, 1553.647, 1576.741, 1602.844, 1628.430, 1642.942, 1653.070, 1653.152, 1653.049 (1644.850)	KLD: 6.403, 6.159, 6.283, 6.302, 5.547, 2.716, 3.400, 2.394, 0.003, 0.003 (39.499)	Grad: 44.611, 58.014, 22.508, 12.382, 5.868, 2.916, 2.205, 2.348, 1.224, 0.844
[Epoch  95 (109.08s)]	ELBO: 1429.651, 1499.142, 1535.025, 1551.626, 1572.108, 1594.875, 1605.872, 1613.665, 1613.706, 1613.654 (1616.698)	Log prob: 1436.055, 1511.707, 1553.905, 1576.828, 1602.880, 1628.369, 1642.767, 1652.957, 1653.001, 1652.952 (1655.744)	KLD: 6.403, 6.161, 6.316, 6.321, 5.572, 2.721, 3.401, 2.396, 0.003, 0.003 (39.046)	Grad: 43.071, 56.932, 23.266, 12.583, 5.933, 2.910, 2.239, 2.405, 1.214, 0.793
[Epoch  96 (113.86s)]	ELBO: 1429.938, 1500.028, 1535.815, 1552.568, 1572.735, 1595.495, 1606.198, 1613.872, 1613.934, 1613.840 (1610.983)	Log prob: 1436.349, 1512.592, 1554.717, 1577.802, 1603.574, 1629.075, 1643.182, 1653.241, 1653.306, 1653.215 (1650.295)	KLD: 6.411, 6.152, 6.339, 6.332, 5.605, 2.740, 3.406, 2.383, 0.003, 0.003 (39.312)	Grad: 47.026, 55.789, 23.859, 12.665, 6.185, 2.909, 2.226, 2.387, 1.229, 0.773
[Epoch  97 (108.79s)]	ELBO: 1430.284, 1499.643, 1534.984, 1551.640, 1571.736, 1594.520, 1605.408, 1613.188, 1613.148, 1613.168 (1614.520)	Log prob: 1436.688, 1512.220, 1553.912, 1576.914, 1602.645, 1628.170, 1642.462, 1652.640, 1652.604, 1652.627 (1654.036)	KLD: 6.404, 6.173, 6.350, 6.347, 5.634, 2.741, 3.404, 2.399, 0.003, 0.003 (39.516)	Grad: 47.490, 53.840, 24.917, 12.370, 6.304, 2.889, 2.206, 2.372, 1.194, 0.755
[Epoch  98 (102.49s)]	ELBO: 1431.016, 1499.843, 1535.327, 1551.926, 1572.119, 1594.932, 1605.500, 1613.179, 1613.154, 1613.141 (1595.917)	Log prob: 1437.440, 1512.421, 1554.284, 1577.252, 1603.110, 1628.675, 1642.658, 1652.734, 1652.711, 1652.702 (1635.250)	KLD: 6.423, 6.155, 6.380, 6.366, 5.664, 2.753, 3.416, 2.396, 0.003, 0.003 (39.334)	Grad: 43.135, 57.825, 23.234, 11.796, 6.179, 2.895, 2.171, 2.432, 1.256, 0.815
[Epoch  99 (108.06s)]	ELBO: 1431.275, 1499.414, 1534.664, 1551.021, 1571.238, 1594.042, 1604.735, 1612.435, 1612.474, 1612.536 (1612.615)	Log prob: 1437.678, 1511.999, 1553.637, 1576.389, 1602.302, 1627.879, 1641.993, 1652.109, 1652.152, 1652.216 (1652.524)	KLD: 6.404, 6.182, 6.388, 6.397, 5.693, 2.772, 3.423, 2.415, 0.003, 0.003 (39.910)	Grad: 42.506, 60.078, 23.678, 12.930, 6.683, 3.000, 2.230, 2.467, 1.273, 0.747
[Epoch 100 (100.85s)]	ELBO: 1431.795, 1500.310, 1535.785, 1552.156, 1572.076, 1594.848, 1605.265, 1612.968, 1612.974, 1613.002 (1615.176)	Log prob: 1438.219, 1512.932, 1554.817, 1577.597, 1603.220, 1628.766, 1642.599, 1652.710, 1652.719, 1652.749 (1655.318)	KLD: 6.423, 6.198, 6.410, 6.409, 5.704, 2.773, 3.416, 2.409, 0.003, 0.003 (40.142)	Grad: 40.459, 55.192, 23.620, 12.542, 6.688, 2.829, 2.164, 2.369, 1.225, 0.630
Best epoch(s): [82]	Training time(s): 12638.25s (12638.25s)	Best ELBO: 1618.667 (1620.735)	Best log prob: 1656.722 (1659.126)
Avg. mu: -0.078, 1.227, 0.056, 0.159, -0.005, -0.586, 0.071, -1.001, 0.004, 0.006
Avg. var: 0.000, 0.000, 0.000, 0.000, 0.000, 0.004, 0.001, 0.018, 1.001, 0.993
Max. mu: -0.001, 1.711, 0.113, 0.207, 0.122, 4.057, 1.065, 1.304, 0.045, 0.043
Max. var: 0.000, 0.000, 0.000, 0.000, 0.000, 0.031, 0.002, 0.115, 1.469, 1.463
Min. mu: -0.135, 1.063, -0.060, 0.112, -0.095, -2.225, -0.396, -2.872, -0.086, -0.069
Min. var: 0.000, 0.000, 0.000, 0.000, 0.000, 0.001, 0.000, 0.000, 0.690, 0.689
Cov. mu:
[[0.001 0.001 -0.000 0.000 0.000 0.002 0.000 0.001 0.000 0.000]
 [0.001 0.010 0.000 0.000 0.000 -0.001 0.002 -0.001 0.000 -0.000]
 [-0.000 0.000 0.000 -0.000 -0.000 -0.001 -0.000 -0.002 0.000 0.000]
 [0.000 0.000 -0.000 0.000 0.000 0.000 -0.000 0.001 0.000 0.000]
 [0.000 0.000 -0.000 0.000 0.001 -0.001 -0.000 0.000 -0.000 -0.000]
 [0.002 -0.001 -0.001 0.000 -0.001 0.354 0.002 0.000 -0.000 0.001]
 [0.000 0.002 -0.000 -0.000 -0.000 0.002 0.024 0.002 0.000 -0.000]
 [0.001 -0.001 -0.002 0.001 0.000 0.000 0.002 0.334 0.001 0.001]
 [0.000 0.000 0.000 0.000 -0.000 -0.000 0.000 0.001 0.000 0.000]
 [0.000 -0.000 0.000 0.000 -0.000 0.001 -0.000 0.001 0.000 0.000]]
