Encoder
=================================================================
Layer (type:depth-idx)                   Param #
=================================================================
Encoder                                  --
├─Linear: 1-1                            76,930
├─Linear: 1-2                            4,851
=================================================================
Total params: 81,781
Trainable params: 81,781
Non-trainable params: 0
=================================================================
Encoder to Latents 0
=================================================================
Layer (type:depth-idx)                   Param #
=================================================================
EncoderToLatents                         --
├─Linear: 1-1                            50
├─Linear: 1-2                            50
=================================================================
Total params: 100
Trainable params: 100
Non-trainable params: 0
=================================================================
Encoder to Latents 1
=================================================================
Layer (type:depth-idx)                   Param #
=================================================================
EncoderToLatents                         --
├─Linear: 1-1                            50
├─Linear: 1-2                            50
=================================================================
Total params: 100
Trainable params: 100
Non-trainable params: 0
=================================================================
Encoder to Latents 2
=================================================================
Layer (type:depth-idx)                   Param #
=================================================================
EncoderToLatents                         --
├─Linear: 1-1                            50
├─Linear: 1-2                            50
=================================================================
Total params: 100
Trainable params: 100
Non-trainable params: 0
=================================================================
Encoder to Latents 3
=================================================================
Layer (type:depth-idx)                   Param #
=================================================================
EncoderToLatents                         --
├─Linear: 1-1                            50
├─Linear: 1-2                            50
=================================================================
Total params: 100
Trainable params: 100
Non-trainable params: 0
=================================================================
Encoder to Latents 4
=================================================================
Layer (type:depth-idx)                   Param #
=================================================================
EncoderToLatents                         --
├─Linear: 1-1                            50
├─Linear: 1-2                            50
=================================================================
Total params: 100
Trainable params: 100
Non-trainable params: 0
=================================================================
Encoder to Latents 5
=================================================================
Layer (type:depth-idx)                   Param #
=================================================================
EncoderToLatents                         --
├─Linear: 1-1                            50
├─Linear: 1-2                            50
=================================================================
Total params: 100
Trainable params: 100
Non-trainable params: 0
=================================================================
Encoder to Latents 6
=================================================================
Layer (type:depth-idx)                   Param #
=================================================================
EncoderToLatents                         --
├─Linear: 1-1                            50
├─Linear: 1-2                            50
=================================================================
Total params: 100
Trainable params: 100
Non-trainable params: 0
=================================================================
Encoder to Latents 7
=================================================================
Layer (type:depth-idx)                   Param #
=================================================================
EncoderToLatents                         --
├─Linear: 1-1                            50
├─Linear: 1-2                            50
=================================================================
Total params: 100
Trainable params: 100
Non-trainable params: 0
=================================================================
Encoder to Latents 8
=================================================================
Layer (type:depth-idx)                   Param #
=================================================================
EncoderToLatents                         --
├─Linear: 1-1                            50
├─Linear: 1-2                            50
=================================================================
Total params: 100
Trainable params: 100
Non-trainable params: 0
=================================================================
Encoder to Latents 9
=================================================================
Layer (type:depth-idx)                   Param #
=================================================================
EncoderToLatents                         --
├─Linear: 1-1                            50
├─Linear: 1-2                            50
=================================================================
Total params: 100
Trainable params: 100
Non-trainable params: 0
=================================================================
Latents to Decoder 0
=================================================================
Layer (type:depth-idx)                   Param #
=================================================================
LatentsToDecoder                         --
├─Linear: 1-1                            98
=================================================================
Total params: 98
Trainable params: 98
Non-trainable params: 0
=================================================================
Latents to Decoder 1
=================================================================
Layer (type:depth-idx)                   Param #
=================================================================
LatentsToDecoder                         --
├─Linear: 1-1                            98
=================================================================
Total params: 98
Trainable params: 98
Non-trainable params: 0
=================================================================
Latents to Decoder 2
=================================================================
Layer (type:depth-idx)                   Param #
=================================================================
LatentsToDecoder                         --
├─Linear: 1-1                            98
=================================================================
Total params: 98
Trainable params: 98
Non-trainable params: 0
=================================================================
Latents to Decoder 3
=================================================================
Layer (type:depth-idx)                   Param #
=================================================================
LatentsToDecoder                         --
├─Linear: 1-1                            98
=================================================================
Total params: 98
Trainable params: 98
Non-trainable params: 0
=================================================================
Latents to Decoder 4
=================================================================
Layer (type:depth-idx)                   Param #
=================================================================
LatentsToDecoder                         --
├─Linear: 1-1                            98
=================================================================
Total params: 98
Trainable params: 98
Non-trainable params: 0
=================================================================
Latents to Decoder 5
=================================================================
Layer (type:depth-idx)                   Param #
=================================================================
LatentsToDecoder                         --
├─Linear: 1-1                            98
=================================================================
Total params: 98
Trainable params: 98
Non-trainable params: 0
=================================================================
Latents to Decoder 6
=================================================================
Layer (type:depth-idx)                   Param #
=================================================================
LatentsToDecoder                         --
├─Linear: 1-1                            98
=================================================================
Total params: 98
Trainable params: 98
Non-trainable params: 0
=================================================================
Latents to Decoder 7
=================================================================
Layer (type:depth-idx)                   Param #
=================================================================
LatentsToDecoder                         --
├─Linear: 1-1                            98
=================================================================
Total params: 98
Trainable params: 98
Non-trainable params: 0
=================================================================
Latents to Decoder 8
=================================================================
Layer (type:depth-idx)                   Param #
=================================================================
LatentsToDecoder                         --
├─Linear: 1-1                            98
=================================================================
Total params: 98
Trainable params: 98
Non-trainable params: 0
=================================================================
Latents to Decoder 9
=================================================================
Layer (type:depth-idx)                   Param #
=================================================================
LatentsToDecoder                         --
├─Linear: 1-1                            98
=================================================================
Total params: 98
Trainable params: 98
Non-trainable params: 0
=================================================================
Decoder
=================================================================
Layer (type:depth-idx)                   Param #
=================================================================
Decoder                                  --
├─Linear: 1-1                            4,900
├─Linear: 1-2                            77,616
=================================================================
Total params: 82,516
Trainable params: 82,516
Non-trainable params: 0
=================================================================
[Epoch   1 (179.83s)]	ELBO: 1101.801, 1275.369, 1298.484, 1309.691, 1314.475, 1317.120, 1317.404, 1316.844, 1314.095, 1310.960 (1420.271)	Log prob: 1107.406, 1287.605, 1311.372, 1323.269, 1328.376, 1331.506, 1332.141, 1331.973, 1329.618, 1326.862 (1432.351)	KLD: 5.605, 12.237, 12.888, 13.577, 13.901, 14.385, 14.738, 15.128, 15.522, 15.902 (12.079)	Grad: 0.242, 0.411, 0.510, 0.591, 0.631, 0.663, 0.692, 0.728, 0.780, 0.861
[Epoch   2 (169.78s)]	ELBO: 1351.811, 1424.925, 1452.594, 1470.190, 1470.275, 1471.951, 1471.892, 1471.918, 1471.413, 1470.970 (1523.369)	Log prob: 1355.514, 1432.460, 1462.351, 1481.816, 1482.227, 1484.605, 1484.969, 1485.271, 1484.988, 1484.787 (1537.736)	KLD: 3.703, 7.535, 9.755, 11.626, 11.952, 12.654, 13.077, 13.352, 13.574, 13.818 (14.367)	Grad: 0.122, 0.189, 0.212, 0.247, 0.281, 0.328, 0.380, 0.434, 0.492, 0.554
[Epoch   3 (178.74s)]	ELBO: 1382.733, 1449.148, 1501.133, 1530.978, 1536.068, 1545.436, 1548.401, 1550.043, 1549.870, 1549.656 (1589.713)	Log prob: 1386.186, 1456.257, 1511.304, 1543.639, 1549.398, 1559.912, 1563.408, 1565.626, 1565.694, 1565.614 (1607.324)	KLD: 3.453, 7.109, 10.170, 12.662, 13.329, 14.475, 15.006, 15.583, 15.824, 15.958 (17.611)	Grad: 0.070, 0.132, 0.174, 0.217, 0.271, 0.326, 0.385, 0.446, 0.510, 0.576
[Epoch   4 (180.67s)]	ELBO: 1392.227, 1457.266, 1515.973, 1551.886, 1581.243, 1600.567, 1604.002, 1604.799, 1605.064, 1604.935 (1630.128)	Log prob: 1395.642, 1464.221, 1526.199, 1564.879, 1596.363, 1617.506, 1621.812, 1623.107, 1623.649, 1623.617 (1649.858)	KLD: 3.414, 6.955, 10.225, 12.993, 15.120, 16.939, 17.809, 18.307, 18.585, 18.681 (19.730)	Grad: 0.076, 0.149, 0.196, 0.243, 0.298, 0.356, 0.420, 0.487, 0.561, 0.638
[Epoch   5 (177.93s)]	ELBO: 1396.051, 1464.048, 1530.844, 1570.232, 1604.481, 1627.285, 1632.896, 1635.413, 1636.298, 1636.241 (1652.164)	Log prob: 1399.497, 1470.964, 1541.059, 1583.123, 1619.816, 1644.598, 1651.117, 1654.387, 1655.807, 1655.862 (1672.729)	KLD: 3.445, 6.917, 10.214, 12.891, 15.336, 17.314, 18.222, 18.976, 19.509, 19.620 (20.564)	Grad: 0.074, 0.149, 0.205, 0.258, 0.314, 0.375, 0.445, 0.519, 0.599, 0.683
[Epoch   6 (191.44s)]	ELBO: 1400.024, 1469.903, 1540.191, 1580.214, 1615.599, 1638.903, 1647.983, 1653.432, 1654.975, 1655.131 (1668.735)	Log prob: 1403.426, 1476.659, 1550.223, 1592.896, 1630.697, 1656.002, 1666.324, 1672.998, 1675.159, 1675.505 (1689.416)	KLD: 3.402, 6.757, 10.032, 12.680, 15.098, 17.100, 18.341, 19.567, 20.183, 20.374 (20.681)	Grad: 0.068, 0.141, 0.206, 0.264, 0.323, 0.389, 0.462, 0.540, 0.624, 0.712
[Epoch   7 (188.90s)]	ELBO: 1403.357, 1473.301, 1545.988, 1586.809, 1623.136, 1647.129, 1657.804, 1665.410, 1668.039, 1668.602 (1680.413)	Log prob: 1406.735, 1479.948, 1555.898, 1599.329, 1638.062, 1664.079, 1676.222, 1685.191, 1688.557, 1689.471 (1701.520)	KLD: 3.379, 6.647, 9.910, 12.520, 14.925, 16.949, 18.417, 19.780, 20.518, 20.868 (21.107)	Grad: 0.066, 0.139, 0.208, 0.268, 0.329, 0.394, 0.467, 0.545, 0.628, 0.716
[Epoch   8 (188.75s)]	ELBO: 1405.693, 1475.889, 1550.281, 1591.726, 1628.557, 1653.193, 1664.840, 1673.158, 1677.472, 1678.200 (1687.484)	Log prob: 1409.087, 1482.521, 1560.147, 1604.187, 1643.430, 1670.081, 1683.331, 1693.048, 1698.301, 1699.517 (1709.169)	KLD: 3.395, 6.632, 9.866, 12.461, 14.874, 16.888, 18.491, 19.891, 20.828, 21.318 (21.685)	Grad: 0.067, 0.140, 0.210, 0.275, 0.339, 0.408, 0.486, 0.569, 0.656, 0.747
[Epoch   9 (182.01s)]	ELBO: 1407.369, 1478.044, 1553.725, 1595.648, 1633.041, 1658.208, 1670.388, 1679.063, 1684.463, 1685.302 (1693.433)	Log prob: 1410.774, 1484.662, 1563.558, 1608.070, 1647.870, 1675.063, 1688.878, 1698.980, 1705.470, 1706.830 (1715.210)	KLD: 3.406, 6.618, 9.834, 12.421, 14.828, 16.856, 18.490, 19.917, 21.007, 21.529 (21.776)	Grad: 0.066, 0.138, 0.206, 0.266, 0.328, 0.393, 0.466, 0.543, 0.625, 0.712
[Epoch  10 (174.05s)]	ELBO: 1408.551, 1479.725, 1556.639, 1598.973, 1636.515, 1662.041, 1674.573, 1683.501, 1689.699, 1690.907 (1698.998)	Log prob: 1411.954, 1486.315, 1566.426, 1611.336, 1651.286, 1678.852, 1693.011, 1703.381, 1710.749, 1712.549 (1720.765)	KLD: 3.403, 6.588, 9.786, 12.364, 14.771, 16.812, 18.439, 19.879, 21.050, 21.640 (21.766)	Grad: 0.067, 0.139, 0.207, 0.270, 0.333, 0.400, 0.476, 0.556, 0.640, 0.729
[Epoch  11 (177.18s)]	ELBO: 1409.587, 1481.148, 1559.048, 1601.856, 1639.721, 1665.663, 1678.416, 1687.545, 1694.359, 1696.120 (1703.953)	Log prob: 1413.010, 1487.746, 1568.830, 1614.213, 1654.470, 1682.449, 1696.841, 1707.431, 1715.483, 1717.955 (1725.734)	KLD: 3.424, 6.598, 9.784, 12.357, 14.750, 16.786, 18.425, 19.885, 21.122, 21.835 (21.780)	Grad: 0.069, 0.142, 0.208, 0.270, 0.331, 0.397, 0.471, 0.548, 0.631, 0.718
[Epoch  12 (177.23s)]	ELBO: 1410.629, 1482.508, 1561.149, 1604.274, 1642.349, 1668.611, 1681.618, 1690.906, 1698.242, 1700.539 (1708.692)	Log prob: 1414.056, 1489.107, 1570.934, 1616.634, 1657.091, 1685.384, 1700.039, 1710.795, 1719.406, 1722.506 (1730.543)	KLD: 3.428, 6.600, 9.786, 12.360, 14.741, 16.773, 18.422, 19.890, 21.165, 21.968 (21.851)	Grad: 0.068, 0.141, 0.207, 0.270, 0.332, 0.397, 0.471, 0.548, 0.632, 0.720
[Epoch  13 (169.98s)]	ELBO: 1411.417, 1483.644, 1563.260, 1606.760, 1644.636, 1671.179, 1684.512, 1693.996, 1701.638, 1704.325 (1711.130)	Log prob: 1414.858, 1490.241, 1573.040, 1619.118, 1659.366, 1687.956, 1702.946, 1713.905, 1722.856, 1726.402 (1733.351)	KLD: 3.441, 6.597, 9.780, 12.359, 14.730, 16.777, 18.434, 19.909, 21.217, 22.076 (22.222)	Grad: 0.069, 0.143, 0.209, 0.272, 0.333, 0.398, 0.471, 0.547, 0.628, 0.714
[Epoch  14 (184.71s)]	ELBO: 1412.234, 1484.785, 1564.965, 1608.847, 1646.601, 1673.458, 1687.017, 1696.623, 1704.538, 1707.584 (1714.197)	Log prob: 1415.681, 1491.395, 1574.759, 1621.225, 1661.339, 1690.253, 1705.480, 1716.567, 1725.815, 1729.759 (1736.379)	KLD: 3.447, 6.609, 9.794, 12.377, 14.737, 16.795, 18.463, 19.942, 21.277, 22.176 (22.182)	Grad: 0.069, 0.143, 0.209, 0.273, 0.335, 0.400, 0.475, 0.553, 0.636, 0.723
[Epoch  15 (169.81s)]	ELBO: 1412.902, 1485.765, 1566.497, 1610.851, 1648.363, 1675.483, 1689.395, 1699.134, 1707.095, 1710.467 (1716.566)	Log prob: 1416.357, 1492.367, 1576.296, 1623.237, 1663.106, 1692.289, 1707.875, 1719.082, 1728.396, 1732.715 (1739.029)	KLD: 3.454, 6.604, 9.798, 12.386, 14.745, 16.806, 18.480, 19.950, 21.300, 22.248 (22.463)	Grad: 0.070, 0.145, 0.209, 0.273, 0.334, 0.398, 0.472, 0.548, 0.630, 0.716
[Epoch  16 (171.47s)]	ELBO: 1413.703, 1486.657, 1568.069, 1612.804, 1649.990, 1677.340, 1691.525, 1701.369, 1709.450, 1713.142 (1719.326)	Log prob: 1417.152, 1493.248, 1577.845, 1625.170, 1664.711, 1694.117, 1709.979, 1721.303, 1730.738, 1735.411 (1741.689)	KLD: 3.449, 6.591, 9.777, 12.365, 14.721, 16.779, 18.453, 19.934, 21.290, 22.270 (22.362)	Grad: 0.071, 0.146, 0.212, 0.278, 0.341, 0.406, 0.481, 0.559, 0.642, 0.730
[Epoch  17 (172.14s)]	ELBO: 1414.409, 1487.496, 1569.335, 1614.480, 1651.437, 1678.924, 1693.457, 1703.402, 1711.495, 1715.471 (1721.078)	Log prob: 1417.876, 1494.092, 1579.133, 1626.878, 1666.182, 1695.733, 1711.953, 1723.375, 1732.836, 1737.825 (1743.593)	KLD: 3.465, 6.596, 9.798, 12.397, 14.745, 16.808, 18.496, 19.974, 21.342, 22.353 (22.515)	Grad: 0.072, 0.147, 0.214, 0.281, 0.345, 0.412, 0.488, 0.568, 0.652, 0.740
[Epoch  18 (166.89s)]	ELBO: 1414.926, 1488.145, 1570.470, 1615.953, 1652.618, 1680.403, 1695.155, 1705.195, 1713.275, 1717.525 (1722.648)	Log prob: 1418.401, 1494.763, 1580.299, 1628.395, 1667.400, 1697.251, 1713.699, 1725.212, 1734.654, 1739.937 (1745.261)	KLD: 3.475, 6.618, 9.828, 12.443, 14.782, 16.848, 18.543, 20.017, 21.378, 22.411 (22.613)	Grad: 0.072, 0.146, 0.213, 0.281, 0.346, 0.414, 0.490, 0.570, 0.655, 0.745
[Epoch  19 (168.13s)]	ELBO: 1415.897, 1489.092, 1571.750, 1617.640, 1654.079, 1682.003, 1697.033, 1707.177, 1715.208, 1719.643 (1725.198)	Log prob: 1419.371, 1495.704, 1581.575, 1630.070, 1668.836, 1698.828, 1715.561, 1727.190, 1736.589, 1742.084 (1747.698)	KLD: 3.474, 6.612, 9.825, 12.429, 14.756, 16.826, 18.528, 20.011, 21.381, 22.439 (22.501)	Grad: 0.072, 0.147, 0.212, 0.279, 0.342, 0.409, 0.483, 0.561, 0.644, 0.732
[Epoch  20 (153.06s)]	ELBO: 1416.512, 1489.663, 1572.640, 1618.850, 1655.003, 1683.221, 1698.493, 1708.630, 1716.568, 1721.153 (1726.553)	Log prob: 1419.997, 1496.284, 1582.483, 1631.302, 1669.787, 1700.083, 1717.074, 1728.689, 1737.990, 1743.657 (1748.987)	KLD: 3.486, 6.621, 9.842, 12.452, 14.784, 16.862, 18.581, 20.060, 21.423, 22.504 (22.435)	Grad: 0.072, 0.148, 0.215, 0.284, 0.350, 0.418, 0.494, 0.575, 0.660, 0.749
[Epoch  21 (147.99s)]	ELBO: 1417.220, 1490.320, 1573.556, 1620.105, 1656.128, 1684.429, 1699.983, 1710.159, 1718.007, 1722.676 (1726.225)	Log prob: 1420.699, 1496.938, 1583.398, 1632.570, 1670.932, 1701.314, 1718.591, 1730.242, 1739.453, 1745.203 (1748.781)	KLD: 3.480, 6.619, 9.842, 12.466, 14.804, 16.885, 18.607, 20.082, 21.445, 22.527 (22.555)	Grad: 0.073, 0.148, 0.217, 0.286, 0.352, 0.421, 0.496, 0.576, 0.660, 0.749
[Epoch  22 (148.77s)]	ELBO: 1417.861, 1490.908, 1574.616, 1621.331, 1657.099, 1685.519, 1701.278, 1711.536, 1719.296, 1724.022 (1728.635)	Log prob: 1421.349, 1497.528, 1584.456, 1633.804, 1671.900, 1702.401, 1719.886, 1731.621, 1740.736, 1746.546 (1750.688)	KLD: 3.488, 6.621, 9.840, 12.474, 14.801, 16.882, 18.608, 20.085, 21.439, 22.524 (22.053)	Grad: 0.073, 0.148, 0.215, 0.284, 0.351, 0.421, 0.498, 0.579, 0.666, 0.756
[Epoch  23 (129.14s)]	ELBO: 1418.434, 1491.471, 1575.398, 1622.371, 1658.005, 1686.592, 1702.544, 1712.807, 1720.513, 1725.379 (1730.613)	Log prob: 1421.925, 1498.102, 1585.266, 1634.878, 1672.855, 1703.525, 1721.205, 1732.945, 1741.986, 1747.941 (1753.325)	KLD: 3.492, 6.631, 9.867, 12.507, 14.851, 16.932, 18.661, 20.139, 21.475, 22.561 (22.713)	Grad: 0.074, 0.149, 0.216, 0.285, 0.351, 0.419, 0.495, 0.575, 0.660, 0.748
[Epoch  24 (134.63s)]	ELBO: 1418.972, 1491.963, 1576.137, 1623.274, 1658.796, 1687.512, 1703.634, 1713.978, 1721.590, 1726.408 (1731.507)	Log prob: 1422.473, 1498.604, 1586.014, 1635.784, 1673.639, 1704.444, 1722.306, 1734.132, 1743.083, 1748.998 (1753.853)	KLD: 3.501, 6.640, 9.878, 12.512, 14.843, 16.932, 18.672, 20.154, 21.494, 22.591 (22.346)	Grad: 0.076, 0.152, 0.221, 0.293, 0.362, 0.433, 0.510, 0.593, 0.679, 0.769
[Epoch  25 (107.43s)]	ELBO: 1419.560, 1492.550, 1576.990, 1624.262, 1659.624, 1688.374, 1704.648, 1715.036, 1722.532, 1727.411 (1732.188)	Log prob: 1423.060, 1499.196, 1586.887, 1636.785, 1674.481, 1705.320, 1723.340, 1735.202, 1744.027, 1750.003 (1754.974)	KLD: 3.500, 6.646, 9.895, 12.523, 14.857, 16.947, 18.691, 20.167, 21.495, 22.593 (22.786)	Grad: 0.075, 0.151, 0.220, 0.292, 0.360, 0.433, 0.511, 0.595, 0.682, 0.774
[Epoch  26 (105.07s)]	ELBO: 1420.220, 1493.234, 1577.825, 1625.364, 1660.475, 1689.260, 1705.698, 1716.089, 1723.509, 1728.442 (1732.577)	Log prob: 1423.722, 1499.886, 1587.722, 1637.900, 1675.340, 1706.207, 1724.391, 1736.264, 1745.013, 1751.042 (1754.981)	KLD: 3.503, 6.651, 9.896, 12.535, 14.863, 16.947, 18.693, 20.174, 21.504, 22.600 (22.404)	Grad: 0.074, 0.150, 0.218, 0.288, 0.356, 0.426, 0.502, 0.584, 0.670, 0.760
[Epoch  27 (106.43s)]	ELBO: 1420.640, 1493.679, 1578.577, 1626.205, 1661.268, 1690.098, 1706.642, 1717.082, 1724.411, 1729.333 (1734.231)	Log prob: 1424.146, 1500.326, 1588.469, 1638.740, 1676.130, 1707.047, 1725.343, 1737.272, 1745.913, 1751.937 (1756.815)	KLD: 3.507, 6.648, 9.893, 12.535, 14.863, 16.949, 18.700, 20.189, 21.502, 22.604 (22.584)	Grad: 0.074, 0.150, 0.219, 0.289, 0.356, 0.425, 0.500, 0.581, 0.666, 0.755
[Epoch  28 (106.63s)]	ELBO: 1421.127, 1494.227, 1579.279, 1626.983, 1661.962, 1690.804, 1707.494, 1717.984, 1725.231, 1730.132 (1734.632)	Log prob: 1424.650, 1500.904, 1589.205, 1639.553, 1676.874, 1707.819, 1726.261, 1738.233, 1746.796, 1752.799 (1757.166)	KLD: 3.522, 6.676, 9.926, 12.571, 14.913, 17.015, 18.767, 20.249, 21.564, 22.666 (22.534)	Grad: 0.076, 0.152, 0.220, 0.292, 0.360, 0.430, 0.506, 0.586, 0.672, 0.762
[Epoch  29 (106.53s)]	ELBO: 1421.708, 1494.742, 1579.984, 1627.873, 1662.662, 1691.484, 1708.292, 1718.820, 1726.025, 1730.984 (1734.882)	Log prob: 1425.229, 1501.413, 1589.897, 1640.439, 1677.572, 1708.480, 1727.052, 1739.069, 1747.575, 1753.625 (1757.429)	KLD: 3.521, 6.671, 9.915, 12.566, 14.909, 16.997, 18.759, 20.248, 21.550, 22.642 (22.547)	Grad: 0.076, 0.152, 0.222, 0.293, 0.362, 0.433, 0.509, 0.590, 0.676, 0.767
[Epoch  30 (101.74s)]	ELBO: 1421.977, 1495.075, 1580.508, 1628.380, 1663.142, 1691.979, 1708.890, 1719.454, 1726.628, 1731.569 (1735.451)	Log prob: 1425.496, 1501.756, 1590.439, 1640.960, 1678.066, 1709.000, 1727.674, 1739.721, 1748.197, 1754.244 (1758.271)	KLD: 3.518, 6.680, 9.931, 12.581, 14.925, 17.021, 18.782, 20.269, 21.570, 22.674 (22.820)	Grad: 0.076, 0.152, 0.222, 0.294, 0.363, 0.436, 0.513, 0.595, 0.682, 0.774
[Epoch  31 (83.86s)]	ELBO: 1422.481, 1495.664, 1581.158, 1629.177, 1663.834, 1692.686, 1709.642, 1720.253, 1727.390, 1732.321 (1736.130)	Log prob: 1426.012, 1502.345, 1591.092, 1641.760, 1678.765, 1709.704, 1728.425, 1740.526, 1748.947, 1754.974 (1758.731)	KLD: 3.531, 6.680, 9.934, 12.584, 14.931, 17.018, 18.783, 20.272, 21.556, 22.655 (22.601)	Grad: 0.077, 0.154, 0.224, 0.296, 0.365, 0.436, 0.512, 0.593, 0.679, 0.769
[Epoch  32 (82.91s)]	ELBO: 1422.989, 1496.116, 1581.801, 1629.829, 1664.340, 1693.201, 1710.271, 1720.849, 1727.958, 1732.879 (1735.632)	Log prob: 1426.517, 1502.810, 1591.759, 1642.434, 1679.290, 1710.242, 1729.076, 1741.154, 1749.552, 1755.569 (1758.539)	KLD: 3.529, 6.693, 9.958, 12.603, 14.950, 17.040, 18.805, 20.306, 21.595, 22.690 (22.907)	Grad: 0.077, 0.153, 0.222, 0.294, 0.364, 0.435, 0.512, 0.594, 0.680, 0.771
[Epoch  33 (88.76s)]	ELBO: 1423.558, 1496.692, 1582.523, 1630.567, 1664.995, 1693.730, 1710.860, 1721.475, 1728.546, 1733.484 (1735.940)	Log prob: 1427.093, 1503.385, 1592.476, 1643.173, 1679.953, 1710.768, 1729.667, 1741.780, 1750.138, 1756.171 (1758.934)	KLD: 3.535, 6.692, 9.954, 12.607, 14.958, 17.040, 18.808, 20.303, 21.592, 22.686 (22.994)	Grad: 0.077, 0.154, 0.224, 0.296, 0.365, 0.437, 0.514, 0.596, 0.682, 0.773
[Epoch  34 (83.72s)]	ELBO: 1423.949, 1497.040, 1583.034, 1631.094, 1665.408, 1694.153, 1711.309, 1721.962, 1728.999, 1733.911 (1737.541)	Log prob: 1427.491, 1503.743, 1592.999, 1643.714, 1680.386, 1711.213, 1730.133, 1742.290, 1750.615, 1756.623 (1760.317)	KLD: 3.542, 6.702, 9.964, 12.621, 14.978, 17.060, 18.826, 20.326, 21.615, 22.711 (22.775)	Grad: 0.078, 0.154, 0.225, 0.298, 0.368, 0.440, 0.517, 0.599, 0.687, 0.778
[Epoch  35 (82.90s)]	ELBO: 1424.323, 1497.530, 1583.533, 1631.732, 1666.042, 1694.681, 1711.957, 1722.574, 1729.545, 1734.471 (1738.283)	Log prob: 1427.869, 1504.248, 1593.523, 1644.373, 1681.037, 1711.760, 1730.808, 1742.923, 1751.175, 1757.195 (1760.695)	KLD: 3.546, 6.718, 9.988, 12.641, 14.994, 17.081, 18.853, 20.349, 21.631, 22.724 (22.411)	Grad: 0.079, 0.157, 0.228, 0.302, 0.373, 0.445, 0.523, 0.606, 0.693, 0.786
[Epoch  36 (84.42s)]	ELBO: 1424.880, 1497.987, 1584.064, 1632.299, 1666.484, 1695.098, 1712.459, 1723.101, 1730.086, 1735.025 (1738.366)	Log prob: 1428.425, 1504.702, 1594.030, 1644.919, 1681.457, 1712.160, 1731.289, 1743.423, 1751.685, 1757.720 (1761.222)	KLD: 3.545, 6.715, 9.966, 12.620, 14.973, 17.062, 18.830, 20.321, 21.598, 22.696 (22.857)	Grad: 0.079, 0.156, 0.226, 0.299, 0.369, 0.441, 0.518, 0.600, 0.687, 0.778
[Epoch  37 (84.77s)]	ELBO: 1425.314, 1498.481, 1584.698, 1632.937, 1667.052, 1695.654, 1713.051, 1723.708, 1730.641, 1735.573 (1739.386)	Log prob: 1428.863, 1505.200, 1594.671, 1645.563, 1682.030, 1712.715, 1731.897, 1744.065, 1752.269, 1758.293 (1762.022)	KLD: 3.550, 6.718, 9.972, 12.626, 14.978, 17.062, 18.846, 20.355, 21.629, 22.720 (22.636)	Grad: 0.079, 0.156, 0.229, 0.303, 0.374, 0.448, 0.526, 0.610, 0.698, 0.790
[Epoch  38 (69.66s)]	ELBO: 1425.804, 1499.005, 1585.231, 1633.441, 1667.432, 1696.013, 1713.479, 1724.192, 1731.116, 1736.054 (1739.654)	Log prob: 1429.364, 1505.736, 1595.220, 1646.088, 1682.448, 1713.107, 1732.349, 1744.569, 1752.767, 1758.790 (1762.399)	KLD: 3.561, 6.732, 9.991, 12.646, 15.014, 17.095, 18.872, 20.377, 21.651, 22.736 (22.745)	Grad: 0.079, 0.157, 0.228, 0.302, 0.373, 0.446, 0.524, 0.608, 0.696, 0.788
[Epoch  39 (58.04s)]	ELBO: 1426.111, 1499.304, 1585.625, 1633.870, 1667.939, 1696.429, 1713.943, 1724.618, 1731.542, 1736.529 (1739.432)	Log prob: 1429.679, 1506.041, 1595.622, 1646.527, 1682.952, 1713.531, 1732.823, 1745.011, 1753.206, 1759.288 (1761.915)	KLD: 3.567, 6.736, 9.997, 12.656, 15.013, 17.102, 18.880, 20.393, 21.663, 22.759 (22.483)	Grad: 0.080, 0.158, 0.229, 0.302, 0.373, 0.446, 0.524, 0.607, 0.694, 0.786
[Epoch  40 (48.39s)]	ELBO: 1426.550, 1499.762, 1586.099, 1634.429, 1668.407, 1696.883, 1714.404, 1725.130, 1731.972, 1736.937 (1739.643)	Log prob: 1430.130, 1506.510, 1596.109, 1647.091, 1683.424, 1713.981, 1733.275, 1745.517, 1753.627, 1759.681 (1762.080)	KLD: 3.579, 6.748, 10.010, 12.662, 15.016, 17.098, 18.872, 20.386, 21.654, 22.745 (22.437)	Grad: 0.080, 0.157, 0.228, 0.302, 0.373, 0.446, 0.523, 0.606, 0.694, 0.786
[Epoch  41 (49.50s)]	ELBO: 1427.115, 1500.162, 1586.566, 1634.816, 1668.726, 1697.117, 1714.761, 1725.446, 1732.345, 1737.325 (1740.411)	Log prob: 1430.692, 1506.919, 1596.604, 1647.506, 1683.769, 1714.248, 1733.679, 1745.878, 1754.039, 1760.119 (1763.190)	KLD: 3.577, 6.757, 10.037, 12.690, 15.043, 17.132, 18.920, 20.432, 21.694, 22.793 (22.779)	Grad: 0.080, 0.158, 0.229, 0.303, 0.374, 0.448, 0.525, 0.609, 0.696, 0.788
[Epoch  42 (47.22s)]	ELBO: 1427.555, 1500.743, 1587.175, 1635.385, 1669.279, 1697.652, 1715.270, 1725.988, 1732.828, 1737.854 (1739.588)	Log prob: 1431.145, 1507.511, 1597.208, 1648.075, 1684.327, 1714.787, 1734.180, 1746.402, 1754.514, 1760.637 (1762.567)	KLD: 3.589, 6.768, 10.032, 12.690, 15.048, 17.135, 18.909, 20.416, 21.686, 22.784 (22.979)	Grad: 0.080, 0.158, 0.229, 0.303, 0.374, 0.447, 0.524, 0.606, 0.694, 0.785
[Epoch  43 (48.72s)]	ELBO: 1427.860, 1501.113, 1587.441, 1635.693, 1669.537, 1697.858, 1715.534, 1726.241, 1733.082, 1738.067 (1739.859)	Log prob: 1431.451, 1507.879, 1597.463, 1648.377, 1684.589, 1714.987, 1734.451, 1746.682, 1754.787, 1760.868 (1762.453)	KLD: 3.590, 6.765, 10.023, 12.684, 15.053, 17.129, 18.918, 20.439, 21.705, 22.802 (22.594)	Grad: 0.080, 0.159, 0.230, 0.304, 0.377, 0.450, 0.529, 0.613, 0.702, 0.795
[Epoch  44 (48.49s)]	ELBO: 1428.419, 1501.567, 1587.870, 1636.031, 1669.883, 1698.153, 1715.769, 1726.528, 1733.390, 1738.438 (1741.464)	Log prob: 1432.006, 1508.335, 1597.906, 1648.725, 1684.943, 1715.296, 1734.701, 1746.984, 1755.114, 1761.244 (1764.161)	KLD: 3.587, 6.769, 10.036, 12.693, 15.060, 17.144, 18.932, 20.458, 21.724, 22.806 (22.697)	Grad: 0.080, 0.159, 0.231, 0.307, 0.380, 0.454, 0.534, 0.619, 0.709, 0.803
[Epoch  45 (48.25s)]	ELBO: 1428.827, 1502.060, 1588.379, 1636.635, 1670.386, 1698.633, 1716.292, 1727.050, 1733.870, 1738.873 (1741.998)	Log prob: 1432.430, 1508.851, 1598.438, 1649.356, 1685.473, 1715.795, 1735.243, 1747.516, 1755.596, 1761.688 (1764.622)	KLD: 3.602, 6.791, 10.060, 12.720, 15.087, 17.161, 18.950, 20.466, 21.725, 22.815 (22.624)	Grad: 0.082, 0.161, 0.232, 0.305, 0.375, 0.447, 0.523, 0.605, 0.692, 0.783
[Epoch  46 (49.44s)]	ELBO: 1429.154, 1502.368, 1588.771, 1636.821, 1670.523, 1698.752, 1716.450, 1727.259, 1734.039, 1739.037 (1741.492)	Log prob: 1432.753, 1509.140, 1598.809, 1649.532, 1685.601, 1715.899, 1735.390, 1747.717, 1755.758, 1761.852 (1764.705)	KLD: 3.599, 6.773, 10.038, 12.710, 15.079, 17.147, 18.940, 20.458, 21.718, 22.816 (23.214)	Grad: 0.082, 0.161, 0.233, 0.308, 0.381, 0.455, 0.535, 0.620, 0.709, 0.803
[Epoch  47 (47.06s)]	ELBO: 1429.531, 1502.757, 1589.161, 1637.282, 1671.018, 1699.132, 1716.886, 1727.688, 1734.438, 1739.439 (1741.161)	Log prob: 1433.138, 1509.542, 1599.219, 1650.008, 1686.112, 1716.306, 1735.846, 1748.181, 1756.193, 1762.298 (1763.931)	KLD: 3.607, 6.784, 10.058, 12.726, 15.094, 17.173, 18.960, 20.492, 21.754, 22.858 (22.770)	Grad: 0.082, 0.161, 0.233, 0.307, 0.378, 0.450, 0.527, 0.609, 0.695, 0.786
[Epoch  48 (48.64s)]	ELBO: 1429.975, 1503.206, 1589.609, 1637.616, 1671.287, 1699.375, 1717.178, 1727.994, 1734.769, 1739.806 (1742.398)	Log prob: 1433.587, 1510.003, 1599.672, 1650.340, 1686.376, 1716.545, 1736.137, 1748.472, 1756.515, 1762.651 (1765.453)	KLD: 3.613, 6.797, 10.065, 12.723, 15.090, 17.171, 18.960, 20.479, 21.746, 22.843 (23.055)	Grad: 0.082, 0.161, 0.233, 0.307, 0.378, 0.450, 0.528, 0.611, 0.699, 0.791
[Epoch  49 (47.78s)]	ELBO: 1430.448, 1503.621, 1590.020, 1638.026, 1671.648, 1699.704, 1717.461, 1728.283, 1735.027, 1740.064 (1742.121)	Log prob: 1434.073, 1510.432, 1600.100, 1650.756, 1686.750, 1716.871, 1736.420, 1748.770, 1756.772, 1762.915 (1765.189)	KLD: 3.626, 6.810, 10.079, 12.731, 15.101, 17.168, 18.959, 20.487, 21.747, 22.850 (23.068)	Grad: 0.083, 0.162, 0.234, 0.309, 0.380, 0.452, 0.529, 0.612, 0.699, 0.792
[Epoch  50 (47.52s)]	ELBO: 1430.868, 1503.966, 1590.378, 1638.268, 1671.876, 1699.853, 1717.592, 1728.425, 1735.202, 1740.275 (1741.729)	Log prob: 1434.498, 1510.784, 1600.472, 1651.021, 1686.996, 1717.054, 1736.576, 1748.937, 1756.973, 1763.142 (1764.583)	KLD: 3.630, 6.818, 10.094, 12.752, 15.119, 17.201, 18.984, 20.512, 21.772, 22.867 (22.854)	Grad: 0.084, 0.164, 0.237, 0.312, 0.385, 0.459, 0.538, 0.622, 0.711, 0.804
[Epoch  51 (49.64s)]	ELBO: 1431.392, 1504.471, 1590.718, 1638.699, 1672.119, 1700.103, 1717.856, 1728.736, 1735.491, 1740.518 (1742.243)	Log prob: 1435.026, 1511.298, 1600.808, 1651.442, 1687.240, 1717.288, 1736.830, 1749.244, 1757.254, 1763.382 (1764.977)	KLD: 3.635, 6.829, 10.091, 12.743, 15.123, 17.186, 18.974, 20.509, 21.763, 22.864 (22.735)	Grad: 0.083, 0.162, 0.235, 0.310, 0.384, 0.459, 0.540, 0.625, 0.715, 0.810
[Epoch  52 (47.11s)]	ELBO: 1431.832, 1504.860, 1591.081, 1639.010, 1672.427, 1700.387, 1718.174, 1729.031, 1735.787, 1740.817 (1741.706)	Log prob: 1435.458, 1511.678, 1601.175, 1651.769, 1687.554, 1717.583, 1737.150, 1749.535, 1757.549, 1763.680 (1764.882)	KLD: 3.626, 6.818, 10.093, 12.758, 15.126, 17.194, 18.976, 20.505, 21.762, 22.862 (23.176)	Grad: 0.083, 0.163, 0.235, 0.310, 0.383, 0.457, 0.536, 0.621, 0.710, 0.804
[Epoch  53 (48.75s)]	ELBO: 1432.069, 1505.135, 1591.420, 1639.241, 1672.634, 1700.494, 1718.255, 1729.120, 1735.873, 1740.940 (1743.290)	Log prob: 1435.708, 1511.962, 1601.507, 1651.982, 1687.744, 1717.661, 1737.208, 1749.600, 1757.616, 1763.780 (1766.001)	KLD: 3.638, 6.825, 10.087, 12.741, 15.110, 17.168, 18.952, 20.481, 21.742, 22.840 (22.711)	Grad: 0.085, 0.164, 0.237, 0.313, 0.388, 0.464, 0.546, 0.632, 0.723, 0.819
[Epoch  54 (47.71s)]	ELBO: 1432.634, 1505.702, 1591.944, 1639.681, 1673.102, 1700.930, 1718.735, 1729.582, 1736.346, 1741.411 (1742.687)	Log prob: 1436.276, 1512.542, 1602.052, 1652.452, 1688.245, 1718.135, 1737.718, 1750.099, 1758.121, 1764.291 (1765.450)	KLD: 3.643, 6.839, 10.107, 12.772, 15.143, 17.207, 18.984, 20.519, 21.776, 22.880 (22.762)	Grad: 0.085, 0.164, 0.235, 0.309, 0.381, 0.454, 0.533, 0.616, 0.704, 0.796
[Epoch  55 (47.53s)]	ELBO: 1433.101, 1506.078, 1592.273, 1639.907, 1673.221, 1701.029, 1718.826, 1729.710, 1736.430, 1741.457 (1743.679)	Log prob: 1436.754, 1512.924, 1602.391, 1652.691, 1688.383, 1718.260, 1737.841, 1750.256, 1758.223, 1764.349 (1766.160)	KLD: 3.653, 6.846, 10.118, 12.784, 15.162, 17.231, 19.015, 20.546, 21.793, 22.890 (22.480)	Grad: 0.085, 0.166, 0.239, 0.314, 0.388, 0.463, 0.542, 0.627, 0.716, 0.810
[Epoch  56 (50.44s)]	ELBO: 1433.606, 1506.583, 1592.651, 1640.206, 1673.538, 1701.288, 1719.099, 1729.983, 1736.689, 1741.723 (1743.292)	Log prob: 1437.274, 1513.451, 1602.776, 1652.996, 1688.712, 1718.530, 1738.126, 1750.548, 1758.505, 1764.642 (1766.136)	KLD: 3.668, 6.868, 10.126, 12.791, 15.174, 17.243, 19.027, 20.566, 21.815, 22.919 (22.844)	Grad: 0.085, 0.165, 0.237, 0.312, 0.384, 0.458, 0.536, 0.620, 0.708, 0.800
[Epoch  57 (47.12s)]	ELBO: 1433.784, 1506.866, 1592.892, 1640.568, 1673.848, 1701.527, 1719.384, 1730.259, 1736.945, 1741.942 (1743.542)	Log prob: 1437.440, 1513.717, 1603.006, 1653.345, 1688.995, 1718.728, 1738.364, 1750.772, 1758.710, 1764.811 (1766.706)	KLD: 3.656, 6.852, 10.114, 12.777, 15.148, 17.201, 18.980, 20.512, 21.765, 22.869 (23.164)	Grad: 0.085, 0.165, 0.236, 0.310, 0.383, 0.456, 0.535, 0.619, 0.707, 0.801
[Epoch  58 (48.51s)]	ELBO: 1434.076, 1507.100, 1593.016, 1640.630, 1673.906, 1701.680, 1719.492, 1730.387, 1737.091, 1742.168 (1743.623)	Log prob: 1437.744, 1513.962, 1603.146, 1653.423, 1689.084, 1718.927, 1738.525, 1750.960, 1758.905, 1765.087 (1766.427)	KLD: 3.668, 6.863, 10.130, 12.792, 15.177, 17.247, 19.031, 20.573, 21.814, 22.919 (22.804)	Grad: 0.086, 0.166, 0.238, 0.312, 0.385, 0.458, 0.536, 0.619, 0.706, 0.797
[Epoch  59 (48.25s)]	ELBO: 1434.671, 1507.652, 1593.480, 1641.030, 1674.236, 1701.851, 1719.647, 1730.537, 1737.209, 1742.258 (1743.836)	Log prob: 1438.337, 1514.512, 1603.609, 1653.825, 1689.406, 1719.083, 1738.659, 1751.097, 1759.017, 1765.171 (1766.717)	KLD: 3.666, 6.860, 10.129, 12.794, 15.171, 17.231, 19.012, 20.560, 21.808, 22.915 (22.881)	Grad: 0.086, 0.166, 0.239, 0.314, 0.388, 0.463, 0.543, 0.628, 0.717, 0.811
[Epoch  60 (47.24s)]	ELBO: 1435.054, 1508.019, 1593.694, 1641.208, 1674.416, 1702.097, 1719.858, 1730.762, 1737.485, 1742.557 (1743.499)	Log prob: 1438.731, 1514.896, 1603.835, 1654.013, 1689.598, 1719.337, 1738.874, 1751.317, 1759.295, 1765.471 (1766.084)	KLD: 3.677, 6.877, 10.141, 12.806, 15.182, 17.240, 19.016, 20.554, 21.810, 22.913 (22.585)	Grad: 0.086, 0.166, 0.239, 0.314, 0.388, 0.463, 0.543, 0.628, 0.718, 0.812
[Epoch  61 (49.64s)]	ELBO: 1435.520, 1508.522, 1594.026, 1641.506, 1674.656, 1702.279, 1720.093, 1731.018, 1737.746, 1742.804 (1744.030)	Log prob: 1439.198, 1515.405, 1604.168, 1654.299, 1689.819, 1719.502, 1739.093, 1751.573, 1759.551, 1765.715 (1766.778)	KLD: 3.678, 6.882, 10.142, 12.793, 15.164, 17.222, 19.001, 20.556, 21.805, 22.912 (22.749)	Grad: 0.086, 0.167, 0.240, 0.316, 0.390, 0.466, 0.547, 0.632, 0.722, 0.817
[Epoch  62 (46.87s)]	ELBO: 1435.819, 1508.830, 1594.537, 1641.879, 1674.981, 1702.581, 1720.419, 1731.307, 1738.022, 1743.055 (1744.075)	Log prob: 1439.504, 1515.727, 1604.714, 1654.712, 1690.193, 1719.853, 1739.468, 1751.884, 1759.849, 1765.996 (1767.386)	KLD: 3.685, 6.896, 10.177, 12.833, 15.212, 17.272, 19.049, 20.578, 21.828, 22.941 (23.311)	Grad: 0.086, 0.167, 0.238, 0.311, 0.383, 0.456, 0.534, 0.617, 0.705, 0.797
[Epoch  63 (49.06s)]	ELBO: 1436.134, 1509.050, 1594.562, 1641.902, 1675.057, 1702.669, 1720.486, 1731.412, 1738.125, 1743.166 (1743.854)	Log prob: 1439.819, 1515.941, 1604.728, 1654.728, 1690.261, 1719.929, 1739.525, 1751.983, 1759.940, 1766.085 (1767.132)	KLD: 3.686, 6.892, 10.166, 12.826, 15.204, 17.260, 19.039, 20.570, 21.817, 22.920 (23.279)	Grad: 0.087, 0.168, 0.241, 0.316, 0.390, 0.465, 0.544, 0.628, 0.717, 0.811
[Epoch  64 (47.83s)]	ELBO: 1436.530, 1509.484, 1594.907, 1642.186, 1675.242, 1702.764, 1720.643, 1731.504, 1738.229, 1743.277 (1743.978)	Log prob: 1440.226, 1516.388, 1605.086, 1655.022, 1690.456, 1720.033, 1739.697, 1752.091, 1760.062, 1766.208 (1767.290)	KLD: 3.696, 6.905, 10.180, 12.836, 15.214, 17.270, 19.054, 20.586, 21.832, 22.930 (23.312)	Grad: 0.088, 0.168, 0.241, 0.315, 0.389, 0.464, 0.544, 0.628, 0.717, 0.811
[Epoch  65 (47.24s)]	ELBO: 1436.911, 1509.926, 1595.297, 1642.534, 1675.537, 1703.053, 1720.902, 1731.787, 1738.482, 1743.537 (1744.403)	Log prob: 1440.596, 1516.828, 1605.471, 1655.365, 1690.744, 1720.321, 1739.951, 1752.388, 1760.320, 1766.472 (1767.247)	KLD: 3.687, 6.901, 10.173, 12.831, 15.208, 17.267, 19.050, 20.601, 21.838, 22.936 (22.844)	Grad: 0.086, 0.166, 0.238, 0.313, 0.387, 0.461, 0.541, 0.625, 0.714, 0.808
[Epoch  66 (50.56s)]	ELBO: 1437.248, 1510.219, 1595.541, 1642.857, 1675.810, 1703.304, 1721.127, 1732.013, 1738.673, 1743.719 (1744.316)	Log prob: 1440.943, 1517.114, 1605.704, 1655.681, 1691.014, 1720.562, 1740.170, 1752.598, 1760.495, 1766.636 (1767.085)	KLD: 3.694, 6.895, 10.163, 12.826, 15.204, 17.258, 19.043, 20.584, 21.820, 22.917 (22.770)	Grad: 0.087, 0.168, 0.241, 0.317, 0.392, 0.468, 0.550, 0.635, 0.726, 0.822
[Epoch  67 (47.12s)]	ELBO: 1437.621, 1510.574, 1595.904, 1643.104, 1675.999, 1703.548, 1721.379, 1732.280, 1739.007, 1744.024 (1744.607)	Log prob: 1441.332, 1517.495, 1606.098, 1655.958, 1691.234, 1720.841, 1740.450, 1752.893, 1760.868, 1766.995 (1767.447)	KLD: 3.711, 6.920, 10.194, 12.856, 15.236, 17.293, 19.071, 20.612, 21.861, 22.970 (22.840)	Grad: 0.088, 0.167, 0.239, 0.313, 0.385, 0.458, 0.536, 0.618, 0.705, 0.797
[Epoch  68 (48.86s)]	ELBO: 1437.909, 1510.785, 1596.058, 1643.288, 1676.116, 1703.594, 1721.425, 1732.303, 1738.957, 1743.990 (1744.392)	Log prob: 1441.621, 1517.711, 1606.260, 1656.158, 1691.353, 1720.894, 1740.511, 1752.933, 1760.827, 1766.950 (1767.500)	KLD: 3.712, 6.926, 10.203, 12.869, 15.237, 17.300, 19.086, 20.631, 21.868, 22.961 (23.109)	Grad: 0.089, 0.169, 0.242, 0.318, 0.391, 0.466, 0.546, 0.630, 0.719, 0.812
[Epoch  69 (48.36s)]	ELBO: 1438.256, 1511.180, 1596.293, 1643.474, 1676.377, 1703.841, 1721.672, 1732.601, 1739.282, 1744.326 (1745.364)	Log prob: 1441.964, 1518.101, 1606.486, 1656.335, 1691.617, 1721.133, 1740.748, 1753.215, 1761.135, 1767.280 (1768.281)	KLD: 3.709, 6.921, 10.192, 12.860, 15.242, 17.292, 19.077, 20.614, 21.853, 22.955 (22.917)	Grad: 0.088, 0.168, 0.240, 0.314, 0.387, 0.462, 0.540, 0.623, 0.710, 0.802
[Epoch  70 (47.21s)]	ELBO: 1438.645, 1511.582, 1596.642, 1643.757, 1676.600, 1704.047, 1721.885, 1732.769, 1739.435, 1744.501 (1745.577)	Log prob: 1442.368, 1518.513, 1606.853, 1656.634, 1691.852, 1721.354, 1740.967, 1753.386, 1761.273, 1767.437 (1768.667)	KLD: 3.724, 6.931, 10.211, 12.878, 15.251, 17.308, 19.082, 20.616, 21.839, 22.937 (23.090)	Grad: 0.088, 0.167, 0.239, 0.313, 0.386, 0.460, 0.539, 0.621, 0.709, 0.802
[Epoch  71 (49.72s)]	ELBO: 1438.845, 1511.742, 1596.820, 1643.875, 1676.668, 1704.095, 1721.912, 1732.759, 1739.368, 1744.368 (1744.941)	Log prob: 1442.576, 1518.683, 1607.039, 1656.757, 1691.926, 1721.403, 1741.003, 1753.390, 1761.248, 1767.344 (1767.510)	KLD: 3.731, 6.940, 10.219, 12.882, 15.258, 17.306, 19.092, 20.632, 21.879, 22.975 (22.568)	Grad: 0.088, 0.169, 0.241, 0.316, 0.390, 0.465, 0.545, 0.629, 0.717, 0.811
[Epoch  72 (47.13s)]	ELBO: 1439.171, 1512.110, 1597.061, 1644.146, 1676.793, 1704.232, 1722.064, 1732.907, 1739.496, 1744.535 (1744.263)	Log prob: 1442.890, 1519.037, 1607.260, 1657.011, 1692.038, 1721.535, 1741.148, 1753.530, 1761.361, 1767.492 (1767.511)	KLD: 3.719, 6.928, 10.199, 12.865, 15.246, 17.303, 19.083, 20.625, 21.865, 22.956 (23.248)	Grad: 0.087, 0.167, 0.239, 0.314, 0.388, 0.464, 0.544, 0.628, 0.718, 0.812
[Epoch  73 (49.13s)]	ELBO: 1439.523, 1512.373, 1597.227, 1644.301, 1677.010, 1704.438, 1722.219, 1733.071, 1739.687, 1744.707 (1745.146)	Log prob: 1443.250, 1519.317, 1607.448, 1657.182, 1692.275, 1721.757, 1741.313, 1753.711, 1761.565, 1767.683 (1768.270)	KLD: 3.727, 6.944, 10.221, 12.881, 15.264, 17.319, 19.093, 20.641, 21.877, 22.977 (23.124)	Grad: 0.088, 0.168, 0.240, 0.315, 0.389, 0.465, 0.545, 0.630, 0.720, 0.815
[Epoch  74 (47.83s)]	ELBO: 1439.796, 1512.722, 1597.474, 1644.497, 1677.200, 1704.594, 1722.444, 1733.259, 1739.861, 1744.862 (1745.870)	Log prob: 1443.524, 1519.663, 1607.685, 1657.376, 1692.458, 1721.899, 1741.522, 1753.882, 1761.715, 1767.816 (1769.011)	KLD: 3.728, 6.942, 10.209, 12.880, 15.256, 17.304, 19.078, 20.623, 21.856, 22.954 (23.141)	Grad: 0.088, 0.168, 0.241, 0.316, 0.389, 0.464, 0.544, 0.628, 0.717, 0.811
[Epoch  75 (48.93s)]	ELBO: 1440.073, 1513.009, 1597.817, 1644.885, 1677.433, 1704.907, 1722.655, 1733.513, 1740.123, 1745.171 (1744.328)	Log prob: 1443.809, 1519.963, 1608.058, 1657.788, 1692.709, 1722.227, 1741.758, 1754.152, 1762.001, 1768.151 (1767.248)	KLD: 3.735, 6.955, 10.241, 12.903, 15.277, 17.321, 19.101, 20.638, 21.878, 22.980 (22.920)	Grad: 0.087, 0.167, 0.240, 0.315, 0.389, 0.464, 0.543, 0.627, 0.715, 0.809
[Epoch  76 (50.19s)]	ELBO: 1440.291, 1513.263, 1597.934, 1644.898, 1677.453, 1704.850, 1722.695, 1733.533, 1740.131, 1745.179 (1746.389)	Log prob: 1444.034, 1520.226, 1608.182, 1657.817, 1692.743, 1722.193, 1741.819, 1754.200, 1762.026, 1768.173 (1769.356)	KLD: 3.742, 6.964, 10.250, 12.919, 15.290, 17.343, 19.123, 20.666, 21.896, 22.993 (22.967)	Grad: 0.088, 0.167, 0.240, 0.316, 0.391, 0.468, 0.548, 0.633, 0.723, 0.817
[Epoch  77 (47.20s)]	ELBO: 1440.712, 1513.627, 1598.258, 1645.215, 1677.774, 1705.166, 1722.927, 1733.809, 1740.374, 1745.418 (1746.302)	Log prob: 1444.456, 1520.595, 1608.504, 1658.134, 1693.071, 1722.508, 1742.049, 1754.475, 1762.281, 1768.429 (1769.400)	KLD: 3.745, 6.968, 10.246, 12.918, 15.298, 17.341, 19.122, 20.666, 21.908, 23.012 (23.098)	Grad: 0.088, 0.168, 0.240, 0.313, 0.387, 0.461, 0.541, 0.624, 0.713, 0.806
[Epoch  78 (49.13s)]	ELBO: 1440.939, 1513.875, 1598.396, 1645.443, 1677.921, 1705.262, 1723.024, 1733.824, 1740.442, 1745.449 (1745.693)	Log prob: 1444.685, 1520.847, 1608.640, 1658.348, 1693.212, 1722.593, 1742.125, 1754.471, 1762.324, 1768.433 (1768.685)	KLD: 3.746, 6.971, 10.244, 12.907, 15.290, 17.333, 19.103, 20.647, 21.880, 22.984 (22.992)	Grad: 0.089, 0.169, 0.243, 0.318, 0.393, 0.469, 0.549, 0.633, 0.722, 0.816
[Epoch  79 (47.85s)]	ELBO: 1441.471, 1514.290, 1598.722, 1645.596, 1678.050, 1705.436, 1723.215, 1734.051, 1740.608, 1745.654 (1745.276)	Log prob: 1445.219, 1521.258, 1608.973, 1658.514, 1693.349, 1722.778, 1742.331, 1754.718, 1762.510, 1768.653 (1768.041)	KLD: 3.749, 6.968, 10.250, 12.918, 15.299, 17.343, 19.116, 20.668, 21.902, 22.999 (22.765)	Grad: 0.088, 0.167, 0.240, 0.315, 0.389, 0.464, 0.544, 0.628, 0.717, 0.810
[Epoch  80 (47.25s)]	ELBO: 1441.499, 1514.323, 1598.928, 1645.907, 1678.219, 1705.565, 1723.348, 1734.126, 1740.666, 1745.693 (1746.748)	Log prob: 1445.261, 1521.305, 1609.196, 1658.828, 1693.530, 1722.915, 1742.467, 1754.786, 1762.557, 1768.683 (1769.734)	KLD: 3.761, 6.982, 10.269, 12.921, 15.310, 17.349, 19.118, 20.661, 21.890, 22.989 (22.985)	Grad: 0.089, 0.169, 0.242, 0.317, 0.392, 0.467, 0.547, 0.631, 0.720, 0.814
[Epoch  81 (49.85s)]	ELBO: 1441.821, 1514.761, 1599.289, 1646.128, 1678.428, 1705.749, 1723.511, 1734.314, 1740.880, 1745.884 (1745.984)	Log prob: 1445.571, 1521.731, 1609.539, 1659.050, 1693.732, 1723.095, 1742.639, 1754.991, 1762.793, 1768.902 (1769.227)	KLD: 3.749, 6.970, 10.250, 12.921, 15.304, 17.347, 19.128, 20.678, 21.913, 23.019 (23.244)	Grad: 0.088, 0.168, 0.239, 0.314, 0.388, 0.463, 0.542, 0.625, 0.713, 0.807
[Epoch  82 (47.00s)]	ELBO: 1442.252, 1515.119, 1599.408, 1646.280, 1678.614, 1705.931, 1723.692, 1734.475, 1740.997, 1746.050 (1746.477)	Log prob: 1446.014, 1522.107, 1609.678, 1659.224, 1693.938, 1723.300, 1742.840, 1755.165, 1762.920, 1769.081 (1769.497)	KLD: 3.763, 6.987, 10.270, 12.943, 15.324, 17.367, 19.146, 20.689, 21.924, 23.031 (23.020)	Grad: 0.088, 0.168, 0.241, 0.316, 0.389, 0.465, 0.544, 0.628, 0.717, 0.810
[Epoch  83 (49.42s)]	ELBO: 1442.326, 1515.278, 1599.458, 1646.328, 1678.624, 1706.001, 1723.783, 1734.560, 1741.102, 1746.132 (1746.095)	Log prob: 1446.102, 1522.275, 1609.740, 1659.285, 1693.965, 1723.394, 1742.954, 1755.279, 1763.046, 1769.188 (1769.219)	KLD: 3.775, 6.998, 10.281, 12.956, 15.341, 17.392, 19.171, 20.717, 21.944, 23.057 (23.125)	Grad: 0.089, 0.169, 0.243, 0.317, 0.391, 0.466, 0.546, 0.630, 0.719, 0.812
[Epoch  84 (48.10s)]	ELBO: 1442.721, 1515.606, 1599.789, 1646.587, 1678.852, 1706.179, 1723.929, 1734.708, 1741.230, 1746.239 (1746.773)	Log prob: 1446.491, 1522.605, 1610.065, 1659.535, 1694.184, 1723.556, 1743.084, 1755.410, 1763.164, 1769.280 (1769.829)	KLD: 3.771, 6.999, 10.276, 12.948, 15.331, 17.376, 19.155, 20.701, 21.934, 23.042 (23.055)	Grad: 0.088, 0.169, 0.241, 0.316, 0.391, 0.467, 0.548, 0.632, 0.721, 0.815
[Epoch  85 (47.42s)]	ELBO: 1442.989, 1515.907, 1599.997, 1646.841, 1679.127, 1706.425, 1724.154, 1734.935, 1741.423, 1746.462 (1746.102)	Log prob: 1446.764, 1522.905, 1610.276, 1659.795, 1694.463, 1723.801, 1743.310, 1755.637, 1763.359, 1769.500 (1769.105)	KLD: 3.775, 6.999, 10.277, 12.953, 15.336, 17.377, 19.156, 20.703, 21.936, 23.038 (23.003)	Grad: 0.089, 0.168, 0.242, 0.317, 0.391, 0.466, 0.545, 0.628, 0.716, 0.809
[Epoch  86 (50.09s)]	ELBO: 1443.303, 1516.311, 1600.208, 1646.970, 1679.210, 1706.519, 1724.217, 1735.007, 1741.491, 1746.485 (1746.416)	Log prob: 1447.079, 1523.314, 1610.500, 1659.926, 1694.552, 1723.903, 1743.368, 1755.703, 1763.415, 1769.524 (1769.656)	KLD: 3.776, 7.005, 10.292, 12.956, 15.343, 17.385, 19.153, 20.696, 21.924, 23.040 (23.239)	Grad: 0.088, 0.166, 0.238, 0.313, 0.386, 0.461, 0.540, 0.624, 0.712, 0.805
[Epoch  87 (47.19s)]	ELBO: 1443.327, 1516.259, 1600.500, 1647.236, 1679.320, 1706.642, 1724.328, 1735.078, 1741.588, 1746.575 (1745.841)	Log prob: 1447.094, 1523.254, 1610.780, 1660.193, 1694.677, 1724.036, 1743.496, 1755.793, 1763.534, 1769.625 (1768.815)	KLD: 3.767, 6.995, 10.281, 12.957, 15.355, 17.395, 19.168, 20.716, 21.946, 23.050 (22.974)	Grad: 0.090, 0.169, 0.241, 0.315, 0.389, 0.465, 0.545, 0.629, 0.717, 0.811
[Epoch  88 (48.99s)]	ELBO: 1443.678, 1516.654, 1600.624, 1647.342, 1679.394, 1706.701, 1724.398, 1735.189, 1741.669, 1746.690 (1746.866)	Log prob: 1447.462, 1523.670, 1610.918, 1660.306, 1694.742, 1724.081, 1743.543, 1755.879, 1763.594, 1769.719 (1770.084)	KLD: 3.785, 7.016, 10.295, 12.963, 15.348, 17.380, 19.145, 20.690, 21.925, 23.029 (23.218)	Grad: 0.089, 0.169, 0.242, 0.317, 0.392, 0.469, 0.550, 0.634, 0.723, 0.816
[Epoch  89 (47.81s)]	ELBO: 1443.924, 1516.843, 1600.809, 1647.461, 1679.498, 1706.729, 1724.400, 1735.172, 1741.649, 1746.640 (1746.372)	Log prob: 1447.712, 1523.865, 1611.121, 1660.448, 1694.864, 1724.138, 1743.581, 1755.893, 1763.595, 1769.698 (1769.653)	KLD: 3.789, 7.022, 10.312, 12.986, 15.366, 17.411, 19.180, 20.721, 21.947, 23.058 (23.281)	Grad: 0.089, 0.169, 0.241, 0.316, 0.390, 0.467, 0.547, 0.632, 0.721, 0.816
[Epoch  90 (47.75s)]	ELBO: 1444.083, 1517.173, 1600.984, 1647.639, 1679.595, 1706.944, 1724.700, 1735.426, 1741.914, 1746.899 (1746.567)	Log prob: 1447.875, 1524.188, 1611.291, 1660.628, 1694.974, 1724.373, 1743.896, 1756.169, 1763.897, 1769.990 (1769.421)	KLD: 3.792, 7.016, 10.308, 12.989, 15.378, 17.429, 19.196, 20.743, 21.983, 23.089 (22.855)	Grad: 0.089, 0.168, 0.241, 0.315, 0.390, 0.466, 0.545, 0.629, 0.717, 0.810
[Epoch  91 (50.05s)]	ELBO: 1444.473, 1517.433, 1601.289, 1647.931, 1679.885, 1707.106, 1724.801, 1735.575, 1742.012, 1747.025 (1745.443)	Log prob: 1448.264, 1524.455, 1611.589, 1660.900, 1695.237, 1724.512, 1743.977, 1756.289, 1763.952, 1770.064 (1768.584)	KLD: 3.792, 7.021, 10.301, 12.969, 15.353, 17.406, 19.176, 20.714, 21.939, 23.040 (23.142)	Grad: 0.089, 0.169, 0.243, 0.318, 0.393, 0.469, 0.550, 0.633, 0.723, 0.816
[Epoch  92 (47.42s)]	ELBO: 1444.651, 1517.617, 1601.471, 1648.049, 1679.965, 1707.218, 1724.803, 1735.473, 1741.921, 1746.890 (1746.070)	Log prob: 1448.453, 1524.653, 1611.784, 1661.035, 1695.339, 1724.634, 1744.000, 1756.213, 1763.886, 1769.959 (1768.960)	KLD: 3.803, 7.035, 10.313, 12.987, 15.374, 17.417, 19.197, 20.739, 21.965, 23.067 (22.890)	Grad: 0.089, 0.169, 0.241, 0.316, 0.391, 0.467, 0.547, 0.632, 0.722, 0.817
[Epoch  93 (49.40s)]	ELBO: 1444.904, 1517.876, 1601.650, 1648.204, 1680.162, 1707.418, 1725.049, 1735.789, 1742.199, 1747.181 (1746.036)	Log prob: 1448.703, 1524.910, 1611.969, 1661.193, 1695.534, 1724.821, 1744.219, 1756.504, 1764.147, 1770.230 (1768.837)	KLD: 3.800, 7.033, 10.319, 12.988, 15.371, 17.404, 19.170, 20.715, 21.949, 23.049 (22.801)	Grad: 0.089, 0.168, 0.241, 0.316, 0.390, 0.466, 0.546, 0.630, 0.719, 0.813
[Epoch  94 (48.18s)]	ELBO: 1445.284, 1518.292, 1601.885, 1648.437, 1680.244, 1707.493, 1725.169, 1735.843, 1742.292, 1747.289 (1747.154)	Log prob: 1449.083, 1525.323, 1612.189, 1661.406, 1695.601, 1724.892, 1744.335, 1756.546, 1764.218, 1770.318 (1770.232)	KLD: 3.797, 7.031, 10.304, 12.968, 15.356, 17.400, 19.167, 20.704, 21.927, 23.030 (23.078)	Grad: 0.089, 0.168, 0.241, 0.316, 0.391, 0.467, 0.547, 0.631, 0.721, 0.815
[Epoch  95 (47.21s)]	ELBO: 1445.519, 1518.432, 1602.073, 1648.591, 1680.381, 1707.550, 1725.117, 1735.850, 1742.327, 1747.289 (1746.643)	Log prob: 1449.328, 1525.474, 1612.390, 1661.585, 1695.772, 1724.987, 1744.324, 1756.599, 1764.292, 1770.369 (1769.860)	KLD: 3.809, 7.041, 10.317, 12.994, 15.391, 17.436, 19.207, 20.748, 21.966, 23.079 (23.217)	Grad: 0.090, 0.170, 0.243, 0.319, 0.396, 0.472, 0.553, 0.638, 0.728, 0.822
[Epoch  96 (49.75s)]	ELBO: 1445.733, 1518.681, 1602.183, 1648.674, 1680.477, 1707.738, 1725.353, 1736.051, 1742.469, 1747.462 (1746.949)	Log prob: 1449.545, 1525.734, 1612.505, 1661.669, 1695.853, 1725.153, 1744.538, 1756.782, 1764.424, 1770.527 (1769.944)	KLD: 3.812, 7.053, 10.323, 12.994, 15.377, 17.415, 19.186, 20.732, 21.954, 23.065 (22.995)	Grad: 0.090, 0.169, 0.243, 0.317, 0.391, 0.467, 0.546, 0.630, 0.718, 0.811
[Epoch  97 (47.88s)]	ELBO: 1446.007, 1519.024, 1602.339, 1648.859, 1680.689, 1707.988, 1725.564, 1736.241, 1742.673, 1747.643 (1747.668)	Log prob: 1449.820, 1526.068, 1612.673, 1661.859, 1696.069, 1725.412, 1744.753, 1756.965, 1764.624, 1770.705 (1770.668)	KLD: 3.813, 7.043, 10.335, 13.000, 15.380, 17.424, 19.190, 20.724, 21.951, 23.060 (23.000)	Grad: 0.088, 0.167, 0.240, 0.314, 0.389, 0.464, 0.543, 0.627, 0.715, 0.808
[Epoch  98 (49.28s)]	ELBO: 1445.900, 1518.996, 1602.479, 1648.968, 1680.738, 1707.938, 1725.554, 1736.178, 1742.609, 1747.603 (1747.211)	Log prob: 1449.719, 1526.055, 1612.819, 1661.983, 1696.144, 1725.386, 1744.792, 1756.957, 1764.613, 1770.711 (1770.311)	KLD: 3.821, 7.059, 10.338, 13.015, 15.406, 17.449, 19.237, 20.780, 22.004, 23.108 (23.101)	Grad: 0.091, 0.171, 0.244, 0.319, 0.394, 0.471, 0.551, 0.636, 0.726, 0.820
[Epoch  99 (48.69s)]	ELBO: 1446.001, 1519.112, 1602.678, 1649.091, 1680.752, 1707.912, 1725.536, 1736.207, 1742.634, 1747.552 (1747.544)	Log prob: 1449.826, 1526.178, 1613.016, 1662.104, 1696.148, 1725.346, 1744.738, 1756.959, 1764.604, 1770.624 (1770.706)	KLD: 3.825, 7.066, 10.337, 13.012, 15.396, 17.435, 19.201, 20.753, 21.971, 23.072 (23.162)	Grad: 0.091, 0.172, 0.246, 0.322, 0.399, 0.477, 0.559, 0.645, 0.736, 0.831
[Epoch 100 (47.53s)]	ELBO: 1446.370, 1519.541, 1603.003, 1649.351, 1681.057, 1708.264, 1725.861, 1736.467, 1742.885, 1747.857 (1747.578)	Log prob: 1450.193, 1526.602, 1613.348, 1662.370, 1696.465, 1725.712, 1745.064, 1757.221, 1764.867, 1770.944 (1770.752)	KLD: 3.823, 7.061, 10.345, 13.020, 15.406, 17.447, 19.205, 20.754, 21.982, 23.086 (23.174)	Grad: 0.090, 0.169, 0.241, 0.316, 0.390, 0.466, 0.546, 0.630, 0.719, 0.812
[Epoch 101 (51.68s)]	ELBO: 1446.640, 1519.716, 1603.116, 1649.476, 1681.107, 1708.302, 1725.855, 1736.497, 1742.896, 1747.873 (1748.073)	Log prob: 1450.461, 1526.765, 1613.460, 1662.487, 1696.509, 1725.748, 1745.065, 1757.243, 1764.865, 1770.953 (1770.967)	KLD: 3.820, 7.050, 10.344, 13.011, 15.400, 17.447, 19.211, 20.747, 21.968, 23.080 (22.894)	Grad: 0.090, 0.170, 0.244, 0.319, 0.394, 0.470, 0.550, 0.634, 0.724, 0.817
[Epoch 102 (52.59s)]	ELBO: 1446.773, 1519.871, 1603.357, 1649.616, 1681.282, 1708.478, 1726.032, 1736.645, 1743.106, 1748.072 (1747.836)	Log prob: 1450.594, 1526.920, 1613.700, 1662.632, 1696.690, 1725.916, 1745.233, 1757.388, 1765.075, 1771.144 (1770.845)	KLD: 3.820, 7.050, 10.343, 13.015, 15.407, 17.437, 19.200, 20.743, 21.970, 23.070 (23.009)	Grad: 0.091, 0.171, 0.244, 0.320, 0.395, 0.472, 0.552, 0.636, 0.725, 0.818
[Epoch 103 (52.60s)]	ELBO: 1446.865, 1520.026, 1603.504, 1649.730, 1681.269, 1708.503, 1726.045, 1736.724, 1743.158, 1748.109 (1747.495)	Log prob: 1450.693, 1527.094, 1613.860, 1662.757, 1696.680, 1725.952, 1745.255, 1757.476, 1765.132, 1771.193 (1770.623)	KLD: 3.829, 7.069, 10.356, 13.025, 15.409, 17.449, 19.209, 20.752, 21.975, 23.086 (23.128)	Grad: 0.090, 0.169, 0.242, 0.317, 0.391, 0.467, 0.546, 0.629, 0.717, 0.809
[Epoch 104 (52.01s)]	ELBO: 1447.284, 1520.343, 1603.596, 1649.928, 1681.498, 1708.636, 1726.139, 1736.751, 1743.194, 1748.134 (1747.558)	Log prob: 1451.106, 1527.408, 1613.937, 1662.947, 1696.912, 1726.094, 1745.363, 1757.522, 1765.190, 1771.227 (1770.636)	KLD: 3.822, 7.066, 10.340, 13.019, 15.414, 17.458, 19.223, 20.772, 21.996, 23.095 (23.078)	Grad: 0.090, 0.169, 0.242, 0.315, 0.390, 0.467, 0.547, 0.632, 0.722, 0.817
[Epoch 105 (49.07s)]	ELBO: 1447.278, 1520.431, 1603.696, 1649.981, 1681.476, 1708.649, 1726.196, 1736.764, 1743.180, 1748.108 (1746.740)	Log prob: 1451.124, 1527.512, 1614.071, 1663.029, 1696.915, 1726.130, 1745.433, 1757.548, 1765.181, 1771.222 (1769.684)	KLD: 3.846, 7.082, 10.376, 13.048, 15.438, 17.480, 19.235, 20.782, 22.003, 23.114 (22.944)	Grad: 0.092, 0.172, 0.245, 0.320, 0.396, 0.473, 0.555, 0.640, 0.730, 0.825
[Epoch 106 (51.20s)]	ELBO: 1447.556, 1520.740, 1603.927, 1650.216, 1681.643, 1708.836, 1726.344, 1736.943, 1743.326, 1748.272 (1747.781)	Log prob: 1451.400, 1527.827, 1614.303, 1663.277, 1697.087, 1726.316, 1745.595, 1757.734, 1765.334, 1771.386 (1770.964)	KLD: 3.845, 7.087, 10.377, 13.062, 15.445, 17.480, 19.251, 20.790, 22.008, 23.113 (23.183)	Grad: 0.090, 0.168, 0.241, 0.315, 0.390, 0.467, 0.547, 0.631, 0.720, 0.814
[Epoch 107 (48.15s)]	ELBO: 1447.973, 1521.112, 1604.153, 1650.322, 1681.752, 1708.910, 1726.400, 1737.033, 1743.396, 1748.301 (1747.538)	Log prob: 1451.808, 1528.188, 1614.512, 1663.357, 1697.189, 1726.387, 1745.633, 1757.792, 1765.367, 1771.383 (1770.770)	KLD: 3.835, 7.076, 10.360, 13.036, 15.438, 17.476, 19.232, 20.759, 21.971, 23.083 (23.232)	Grad: 0.090, 0.169, 0.243, 0.318, 0.395, 0.473, 0.554, 0.641, 0.732, 0.828
[Epoch 108 (49.96s)]	ELBO: 1447.823, 1521.047, 1604.273, 1650.483, 1681.834, 1709.051, 1726.541, 1737.100, 1743.440, 1748.362 (1747.902)	Log prob: 1451.668, 1528.125, 1614.634, 1663.517, 1697.265, 1726.515, 1745.776, 1757.872, 1765.436, 1771.466 (1770.892)	KLD: 3.845, 7.079, 10.362, 13.034, 15.431, 17.465, 19.235, 20.771, 21.996, 23.105 (22.990)	Grad: 0.093, 0.173, 0.248, 0.324, 0.401, 0.479, 0.560, 0.646, 0.736, 0.830
[Epoch 109 (50.03s)]	ELBO: 1448.023, 1521.195, 1604.438, 1650.613, 1682.034, 1709.233, 1726.701, 1737.227, 1743.587, 1748.512 (1747.893)	Log prob: 1451.872, 1528.278, 1614.808, 1663.661, 1697.467, 1726.706, 1745.939, 1758.003, 1765.588, 1771.623 (1770.848)	KLD: 3.849, 7.083, 10.372, 13.049, 15.433, 17.473, 19.236, 20.775, 22.000, 23.110 (22.955)	Grad: 0.093, 0.172, 0.245, 0.321, 0.397, 0.474, 0.554, 0.639, 0.728, 0.822
[Epoch 110 (49.70s)]	ELBO: 1448.498, 1521.622, 1604.601, 1650.727, 1682.088, 1709.287, 1726.779, 1737.327, 1743.693, 1748.582 (1747.435)	Log prob: 1452.343, 1528.714, 1614.972, 1663.784, 1697.537, 1726.771, 1746.018, 1758.105, 1765.691, 1771.682 (1770.513)	KLD: 3.843, 7.092, 10.372, 13.055, 15.450, 17.483, 19.237, 20.779, 21.998, 23.100 (23.078)	Grad: 0.091, 0.169, 0.242, 0.317, 0.392, 0.469, 0.549, 0.634, 0.724, 0.818
No improvement after 10 epochs...
Best epoch(s): [101]	Training time(s): 8892.53s (8892.53s)	Best ELBO: 1748.582 (1748.073)	Best log prob: 1771.682 (1770.967)
Avg. mu: -0.026, 0.052, 0.002, 0.066, 0.008, -0.156, 0.055, -0.045, 0.032, 0.138
Avg. var: 0.002, 0.003, 0.003, 0.007, 0.013, 0.021, 0.043, 0.077, 0.192, 0.222
Max. mu: 5.845, 4.198, 4.463, 5.599, 4.847, 3.467, 4.557, 4.682, 7.934, 5.320
Max. var: 0.033, 0.100, 0.179, 0.132, 0.231, 0.117, 0.265, 0.795, 1.326, 1.292
Min. mu: -4.616, -5.191, -5.538, -4.512, -5.193, -4.392, -4.081, -3.865, -5.314, -5.617
Min. var: 0.000, 0.000, 0.000, 0.001, 0.001, 0.005, 0.006, 0.011, 0.020, 0.031
Cov. mu:
[[1.686 -0.391 0.077 -0.186 -0.069 0.134 0.142 -0.085 -0.009 0.017]
 [-0.391 1.138 -0.100 0.099 -0.028 -0.127 -0.065 0.069 0.094 0.039]
 [0.077 -0.100 1.247 0.058 0.001 -0.038 -0.021 -0.099 -0.002 0.025]
 [-0.186 0.099 0.058 0.970 0.003 -0.012 -0.000 0.039 0.002 0.030]
 [-0.069 -0.028 0.001 0.003 1.091 -0.011 -0.009 -0.027 0.070 0.031]
 [0.134 -0.127 -0.038 -0.012 -0.011 1.116 0.067 -0.054 0.005 -0.005]
 [0.142 -0.065 -0.021 -0.000 -0.009 0.067 1.097 -0.054 -0.026 -0.009]
 [-0.085 0.069 -0.099 0.039 -0.027 -0.054 -0.054 1.225 0.022 -0.023]
 [-0.009 0.094 -0.002 0.002 0.070 0.005 -0.026 0.022 1.354 0.004]
 [0.017 0.039 0.025 0.030 0.031 -0.005 -0.009 -0.023 0.004 1.327]]
