Encoder
=================================================================
Layer (type:depth-idx)                   Param #
=================================================================
Encoder                                  --
├─Linear: 1-1                            76,930
├─Linear: 1-2                            4,851
=================================================================
Total params: 81,781
Trainable params: 81,781
Non-trainable params: 0
=================================================================
Encoder to Latents 0
=================================================================
Layer (type:depth-idx)                   Param #
=================================================================
EncoderToLatents                         --
├─Linear: 1-1                            100
├─Linear: 1-2                            100
=================================================================
Total params: 200
Trainable params: 200
Non-trainable params: 0
=================================================================
Encoder to Latents 1
=================================================================
Layer (type:depth-idx)                   Param #
=================================================================
EncoderToLatents                         --
├─Linear: 1-1                            100
├─Linear: 1-2                            100
=================================================================
Total params: 200
Trainable params: 200
Non-trainable params: 0
=================================================================
Encoder to Latents 2
=================================================================
Layer (type:depth-idx)                   Param #
=================================================================
EncoderToLatents                         --
├─Linear: 1-1                            100
├─Linear: 1-2                            100
=================================================================
Total params: 200
Trainable params: 200
Non-trainable params: 0
=================================================================
Latents to Decoder 0
=================================================================
Layer (type:depth-idx)                   Param #
=================================================================
LatentsToDecoder                         --
├─Linear: 1-1                            147
=================================================================
Total params: 147
Trainable params: 147
Non-trainable params: 0
=================================================================
Latents to Decoder 1
=================================================================
Layer (type:depth-idx)                   Param #
=================================================================
LatentsToDecoder                         --
├─Linear: 1-1                            147
=================================================================
Total params: 147
Trainable params: 147
Non-trainable params: 0
=================================================================
Latents to Decoder 2
=================================================================
Layer (type:depth-idx)                   Param #
=================================================================
LatentsToDecoder                         --
├─Linear: 1-1                            147
=================================================================
Total params: 147
Trainable params: 147
Non-trainable params: 0
=================================================================
Decoder
=================================================================
Layer (type:depth-idx)                   Param #
=================================================================
Decoder                                  --
├─Linear: 1-1                            4,900
├─Linear: 1-2                            77,616
=================================================================
Total params: 82,516
Trainable params: 82,516
Non-trainable params: 0
=================================================================
[Epoch   1 (16.17s)]	ELBO: 1345.432, 1388.035, 1392.037 (1510.157)	Log prob: 1362.303, 1390.580, 1392.856 (1528.400)	KLD: 16.871, 2.545, 0.818 (18.244)	Grad: 0.079, 0.050, 0.047
[Epoch   2 (16.76s)]	ELBO: 1472.499, 1546.273, 1563.516 (1592.304)	Log prob: 1481.571, 1551.716, 1565.612 (1609.707)	KLD: 9.072, 5.444, 2.094 (17.403)	Grad: 0.088, 0.042, 0.036
[Epoch   3 (16.63s)]	ELBO: 1507.025, 1583.468, 1616.321 (1617.188)	Log prob: 1515.234, 1588.643, 1619.927 (1633.876)	KLD: 8.208, 5.176, 3.606 (16.688)	Grad: 0.086, 0.052, 0.046
[Epoch   4 (16.13s)]	ELBO: 1523.955, 1600.977, 1634.525 (1631.112)	Log prob: 1531.756, 1606.113, 1638.205 (1647.799)	KLD: 7.802, 5.138, 3.680 (16.687)	Grad: 0.083, 0.056, 0.048
[Epoch   5 (16.31s)]	ELBO: 1535.097, 1610.904, 1645.530 (1639.854)	Log prob: 1542.754, 1616.032, 1649.263 (1656.612)	KLD: 7.657, 5.128, 3.733 (16.758)	Grad: 0.083, 0.056, 0.049
[Epoch   6 (17.19s)]	ELBO: 1543.011, 1617.084, 1652.839 (1642.753)	Log prob: 1550.637, 1622.213, 1656.608 (1659.284)	KLD: 7.626, 5.129, 3.770 (16.531)	Grad: 0.088, 0.057, 0.049
[Epoch   7 (17.30s)]	ELBO: 1548.949, 1621.811, 1658.293 (1648.920)	Log prob: 1556.574, 1626.928, 1662.081 (1665.118)	KLD: 7.626, 5.118, 3.788 (16.198)	Grad: 0.090, 0.057, 0.048
[Epoch   8 (18.28s)]	ELBO: 1553.661, 1625.743, 1662.225 (1653.865)	Log prob: 1561.302, 1630.859, 1666.079 (1670.296)	KLD: 7.639, 5.115, 3.853 (16.432)	Grad: 0.089, 0.058, 0.048
[Epoch   9 (19.63s)]	ELBO: 1557.188, 1628.875, 1665.782 (1656.832)	Log prob: 1564.820, 1634.038, 1669.665 (1673.401)	KLD: 7.632, 5.162, 3.882 (16.569)	Grad: 0.090, 0.057, 0.047
[Epoch  10 (16.64s)]	ELBO: 1560.390, 1632.068, 1668.683 (1656.293)	Log prob: 1568.038, 1637.264, 1672.541 (1672.717)	KLD: 7.648, 5.196, 3.858 (16.424)	Grad: 0.093, 0.057, 0.047
[Epoch  11 (16.88s)]	ELBO: 1561.569, 1632.752, 1669.187 (1657.974)	Log prob: 1569.183, 1637.941, 1673.011 (1675.023)	KLD: 7.614, 5.188, 3.826 (17.049)	Grad: 0.099, 0.058, 0.046
[Epoch  12 (17.22s)]	ELBO: 1564.287, 1635.084, 1671.324 (1659.832)	Log prob: 1571.927, 1640.294, 1675.173 (1676.904)	KLD: 7.639, 5.211, 3.849 (17.072)	Grad: 0.097, 0.058, 0.046
[Epoch  13 (17.26s)]	ELBO: 1566.409, 1637.175, 1673.222 (1658.786)	Log prob: 1574.054, 1642.386, 1677.059 (1675.939)	KLD: 7.645, 5.209, 3.837 (17.153)	Grad: 0.100, 0.058, 0.046
[Epoch  14 (16.82s)]	ELBO: 1568.250, 1638.525, 1674.506 (1663.385)	Log prob: 1575.931, 1643.736, 1678.344 (1679.873)	KLD: 7.682, 5.211, 3.838 (16.487)	Grad: 0.097, 0.059, 0.045
[Epoch  15 (17.41s)]	ELBO: 1569.533, 1639.736, 1675.534 (1665.535)	Log prob: 1577.186, 1644.960, 1679.373 (1682.021)	KLD: 7.653, 5.223, 3.838 (16.487)	Grad: 0.101, 0.059, 0.045
[Epoch  16 (18.72s)]	ELBO: 1571.339, 1641.651, 1677.205 (1666.784)	Log prob: 1579.011, 1646.872, 1681.042 (1683.474)	KLD: 7.671, 5.221, 3.836 (16.690)	Grad: 0.100, 0.058, 0.044
[Epoch  17 (20.43s)]	ELBO: 1571.639, 1641.868, 1677.307 (1663.765)	Log prob: 1579.298, 1647.124, 1681.142 (1680.800)	KLD: 7.658, 5.257, 3.836 (17.034)	Grad: 0.106, 0.061, 0.046
[Epoch  18 (21.09s)]	ELBO: 1573.238, 1643.402, 1678.405 (1666.263)	Log prob: 1580.895, 1648.663, 1682.222 (1682.683)	KLD: 7.656, 5.262, 3.817 (16.420)	Grad: 0.103, 0.059, 0.045
[Epoch  19 (20.70s)]	ELBO: 1574.668, 1644.548, 1679.545 (1665.008)	Log prob: 1582.325, 1649.821, 1683.367 (1681.690)	KLD: 7.658, 5.275, 3.822 (16.682)	Grad: 0.100, 0.060, 0.045
[Epoch  20 (18.44s)]	ELBO: 1575.614, 1645.687, 1680.449 (1668.852)	Log prob: 1583.311, 1650.958, 1684.259 (1685.331)	KLD: 7.695, 5.271, 3.810 (16.480)	Grad: 0.101, 0.059, 0.045
[Epoch  21 (18.36s)]	ELBO: 1576.049, 1646.098, 1680.723 (1668.893)	Log prob: 1583.735, 1651.379, 1684.519 (1685.941)	KLD: 7.686, 5.281, 3.796 (17.048)	Grad: 0.102, 0.060, 0.046
[Epoch  22 (18.49s)]	ELBO: 1577.419, 1647.572, 1682.092 (1669.970)	Log prob: 1585.128, 1652.867, 1685.910 (1686.602)	KLD: 7.707, 5.294, 3.819 (16.632)	Grad: 0.105, 0.059, 0.045
[Epoch  23 (18.31s)]	ELBO: 1578.465, 1648.292, 1682.665 (1667.902)	Log prob: 1586.191, 1653.597, 1686.447 (1684.369)	KLD: 7.725, 5.305, 3.783 (16.467)	Grad: 0.103, 0.060, 0.045
[Epoch  24 (17.67s)]	ELBO: 1579.349, 1649.456, 1683.557 (1667.700)	Log prob: 1587.056, 1654.753, 1687.350 (1684.227)	KLD: 7.707, 5.297, 3.794 (16.526)	Grad: 0.102, 0.059, 0.045
[Epoch  25 (17.75s)]	ELBO: 1579.357, 1649.167, 1682.949 (1667.616)	Log prob: 1587.059, 1654.476, 1686.739 (1684.135)	KLD: 7.703, 5.311, 3.789 (16.519)	Grad: 0.108, 0.060, 0.045
[Epoch  26 (18.17s)]	ELBO: 1580.600, 1650.504, 1683.948 (1669.345)	Log prob: 1588.341, 1655.834, 1687.746 (1686.007)	KLD: 7.741, 5.331, 3.798 (16.662)	Grad: 0.104, 0.060, 0.046
[Epoch  27 (18.71s)]	ELBO: 1581.367, 1651.134, 1684.492 (1670.952)	Log prob: 1589.082, 1656.452, 1688.274 (1687.613)	KLD: 7.714, 5.317, 3.782 (16.661)	Grad: 0.108, 0.061, 0.045
[Epoch  28 (17.83s)]	ELBO: 1582.639, 1652.050, 1685.286 (1669.190)	Log prob: 1590.367, 1657.429, 1689.072 (1685.757)	KLD: 7.728, 5.379, 3.786 (16.567)	Grad: 0.105, 0.060, 0.046
[Epoch  29 (18.32s)]	ELBO: 1583.316, 1653.185, 1686.227 (1671.715)	Log prob: 1591.074, 1658.525, 1689.973 (1688.189)	KLD: 7.759, 5.341, 3.747 (16.474)	Grad: 0.107, 0.060, 0.045
[Epoch  30 (18.59s)]	ELBO: 1583.376, 1653.334, 1686.078 (1670.779)	Log prob: 1591.121, 1658.708, 1689.825 (1688.010)	KLD: 7.745, 5.373, 3.747 (17.231)	Grad: 0.109, 0.060, 0.046
[Epoch  31 (17.63s)]	ELBO: 1584.349, 1653.940, 1686.530 (1672.528)	Log prob: 1592.121, 1659.318, 1690.260 (1689.407)	KLD: 7.772, 5.379, 3.731 (16.878)	Grad: 0.106, 0.060, 0.045
[Epoch  32 (18.21s)]	ELBO: 1583.695, 1653.483, 1686.038 (1670.615)	Log prob: 1591.447, 1658.858, 1689.745 (1687.503)	KLD: 7.753, 5.376, 3.709 (16.888)	Grad: 0.112, 0.062, 0.046
[Epoch  33 (18.69s)]	ELBO: 1584.440, 1654.300, 1686.772 (1674.084)	Log prob: 1592.228, 1659.684, 1690.494 (1690.838)	KLD: 7.788, 5.383, 3.720 (16.754)	Grad: 0.112, 0.062, 0.046
[Epoch  34 (18.20s)]	ELBO: 1586.269, 1655.950, 1688.182 (1672.865)	Log prob: 1594.074, 1661.327, 1691.890 (1689.868)	KLD: 7.807, 5.378, 3.709 (17.002)	Grad: 0.105, 0.061, 0.045
[Epoch  35 (18.39s)]	ELBO: 1585.927, 1655.764, 1687.976 (1671.064)	Log prob: 1593.759, 1661.135, 1691.685 (1687.970)	KLD: 7.832, 5.371, 3.709 (16.906)	Grad: 0.109, 0.061, 0.045
[Epoch  36 (18.38s)]	ELBO: 1586.641, 1656.429, 1688.349 (1674.005)	Log prob: 1594.473, 1661.801, 1692.034 (1690.623)	KLD: 7.832, 5.373, 3.686 (16.618)	Grad: 0.111, 0.061, 0.046
[Epoch  37 (18.26s)]	ELBO: 1587.404, 1656.966, 1688.701 (1672.709)	Log prob: 1595.268, 1662.373, 1692.388 (1689.486)	KLD: 7.864, 5.407, 3.687 (16.777)	Grad: 0.108, 0.061, 0.046
[Epoch  38 (18.38s)]	ELBO: 1587.495, 1657.076, 1688.766 (1674.545)	Log prob: 1595.343, 1662.465, 1692.462 (1690.994)	KLD: 7.847, 5.388, 3.696 (16.449)	Grad: 0.112, 0.061, 0.046
[Epoch  39 (18.18s)]	ELBO: 1588.229, 1657.701, 1689.234 (1674.910)	Log prob: 1596.103, 1663.088, 1692.906 (1691.799)	KLD: 7.875, 5.388, 3.672 (16.890)	Grad: 0.110, 0.061, 0.046
[Epoch  40 (18.91s)]	ELBO: 1588.708, 1658.240, 1689.801 (1673.595)	Log prob: 1596.587, 1663.637, 1693.464 (1690.359)	KLD: 7.877, 5.398, 3.662 (16.764)	Grad: 0.110, 0.061, 0.045
[Epoch  41 (18.38s)]	ELBO: 1589.156, 1658.788, 1690.298 (1673.229)	Log prob: 1597.049, 1664.189, 1693.943 (1690.239)	KLD: 7.894, 5.402, 3.645 (17.010)	Grad: 0.111, 0.061, 0.045
[Epoch  42 (18.26s)]	ELBO: 1588.733, 1658.680, 1690.055 (1674.758)	Log prob: 1596.630, 1664.065, 1693.691 (1691.588)	KLD: 7.898, 5.384, 3.637 (16.830)	Grad: 0.114, 0.062, 0.046
[Epoch  43 (19.73s)]	ELBO: 1589.733, 1659.355, 1690.924 (1674.647)	Log prob: 1597.641, 1664.768, 1694.564 (1691.329)	KLD: 7.910, 5.413, 3.640 (16.681)	Grad: 0.111, 0.062, 0.046
[Epoch  44 (19.98s)]	ELBO: 1589.743, 1659.189, 1690.597 (1677.083)	Log prob: 1597.678, 1664.583, 1694.230 (1693.684)	KLD: 7.935, 5.395, 3.633 (16.601)	Grad: 0.111, 0.061, 0.045
[Epoch  45 (17.65s)]	ELBO: 1590.274, 1659.711, 1690.977 (1676.053)	Log prob: 1598.205, 1665.146, 1694.615 (1692.747)	KLD: 7.932, 5.435, 3.638 (16.695)	Grad: 0.115, 0.061, 0.046
[Epoch  46 (17.39s)]	ELBO: 1590.739, 1659.850, 1691.189 (1673.460)	Log prob: 1598.679, 1665.279, 1694.818 (1690.328)	KLD: 7.940, 5.430, 3.630 (16.868)	Grad: 0.113, 0.061, 0.046
[Epoch  47 (17.66s)]	ELBO: 1590.662, 1660.098, 1691.325 (1673.575)	Log prob: 1598.615, 1665.511, 1694.950 (1690.506)	KLD: 7.954, 5.414, 3.627 (16.931)	Grad: 0.114, 0.061, 0.045
[Epoch  48 (17.59s)]	ELBO: 1590.672, 1660.124, 1691.270 (1675.800)	Log prob: 1598.641, 1665.563, 1694.896 (1692.947)	KLD: 7.970, 5.438, 3.626 (17.148)	Grad: 0.114, 0.062, 0.045
[Epoch  49 (17.70s)]	ELBO: 1591.062, 1660.312, 1691.601 (1674.823)	Log prob: 1599.053, 1665.752, 1695.205 (1691.871)	KLD: 7.990, 5.439, 3.605 (17.048)	Grad: 0.115, 0.062, 0.046
[Epoch  50 (17.82s)]	ELBO: 1591.734, 1661.053, 1692.333 (1675.485)	Log prob: 1599.726, 1666.496, 1695.934 (1692.495)	KLD: 7.994, 5.443, 3.600 (17.009)	Grad: 0.113, 0.062, 0.045
[Epoch  51 (17.90s)]	ELBO: 1591.836, 1661.191, 1692.482 (1672.846)	Log prob: 1599.834, 1666.626, 1696.079 (1690.382)	KLD: 7.998, 5.434, 3.597 (17.536)	Grad: 0.114, 0.062, 0.045
[Epoch  52 (20.42s)]	ELBO: 1592.592, 1661.714, 1692.915 (1676.517)	Log prob: 1600.597, 1667.145, 1696.525 (1693.720)	KLD: 8.006, 5.432, 3.610 (17.203)	Grad: 0.114, 0.062, 0.045
[Epoch  53 (21.86s)]	ELBO: 1593.206, 1662.452, 1693.611 (1675.963)	Log prob: 1601.231, 1667.885, 1697.206 (1693.062)	KLD: 8.025, 5.434, 3.594 (17.100)	Grad: 0.119, 0.062, 0.045
[Epoch  54 (20.52s)]	ELBO: 1593.056, 1662.315, 1693.387 (1675.050)	Log prob: 1601.085, 1667.762, 1696.988 (1692.675)	KLD: 8.029, 5.447, 3.602 (17.625)	Grad: 0.115, 0.063, 0.046
[Epoch  55 (18.43s)]	ELBO: 1592.748, 1661.662, 1692.995 (1675.190)	Log prob: 1600.781, 1667.098, 1696.596 (1692.218)	KLD: 8.034, 5.437, 3.599 (17.028)	Grad: 0.113, 0.062, 0.046
[Epoch  56 (18.35s)]	ELBO: 1592.949, 1662.020, 1693.316 (1673.934)	Log prob: 1600.992, 1667.441, 1696.913 (1690.808)	KLD: 8.044, 5.421, 3.596 (16.874)	Grad: 0.116, 0.062, 0.046
[Epoch  57 (18.71s)]	ELBO: 1592.263, 1661.777, 1692.959 (1675.239)	Log prob: 1600.339, 1667.212, 1696.534 (1692.421)	KLD: 8.076, 5.435, 3.575 (17.182)	Grad: 0.119, 0.063, 0.046
[Epoch  58 (18.38s)]	ELBO: 1593.766, 1663.035, 1694.099 (1676.038)	Log prob: 1601.836, 1668.463, 1697.689 (1692.910)	KLD: 8.071, 5.428, 3.591 (16.872)	Grad: 0.117, 0.062, 0.046
[Epoch  59 (18.48s)]	ELBO: 1593.375, 1662.506, 1693.794 (1675.698)	Log prob: 1601.477, 1667.954, 1697.385 (1692.717)	KLD: 8.102, 5.450, 3.590 (17.018)	Grad: 0.119, 0.063, 0.045
[Epoch  60 (18.25s)]	ELBO: 1593.823, 1663.081, 1694.245 (1674.835)	Log prob: 1601.924, 1668.544, 1697.824 (1691.828)	KLD: 8.101, 5.463, 3.578 (16.993)	Grad: 0.119, 0.062, 0.046
[Epoch  61 (18.52s)]	ELBO: 1593.871, 1662.969, 1694.190 (1673.474)	Log prob: 1601.974, 1668.438, 1697.772 (1690.471)	KLD: 8.103, 5.469, 3.582 (16.997)	Grad: 0.118, 0.062, 0.045
[Epoch  62 (18.83s)]	ELBO: 1594.061, 1663.167, 1694.394 (1678.216)	Log prob: 1602.194, 1668.615, 1697.991 (1695.157)	KLD: 8.133, 5.448, 3.596 (16.942)	Grad: 0.120, 0.062, 0.046
[Epoch  63 (18.23s)]	ELBO: 1594.692, 1663.712, 1694.892 (1677.439)	Log prob: 1602.828, 1669.142, 1698.482 (1694.708)	KLD: 8.136, 5.431, 3.591 (17.268)	Grad: 0.119, 0.062, 0.046
[Epoch  64 (18.21s)]	ELBO: 1595.270, 1664.145, 1695.403 (1676.205)	Log prob: 1603.392, 1669.596, 1698.971 (1693.300)	KLD: 8.122, 5.451, 3.569 (17.095)	Grad: 0.120, 0.062, 0.045
[Epoch  65 (18.62s)]	ELBO: 1595.336, 1664.444, 1695.459 (1677.511)	Log prob: 1603.486, 1669.891, 1699.046 (1694.893)	KLD: 8.151, 5.448, 3.588 (17.383)	Grad: 0.120, 0.062, 0.046
[Epoch  66 (19.47s)]	ELBO: 1595.015, 1663.823, 1695.130 (1672.758)	Log prob: 1603.157, 1669.259, 1698.704 (1689.654)	KLD: 8.142, 5.435, 3.574 (16.896)	Grad: 0.121, 0.061, 0.045
[Epoch  67 (19.46s)]	ELBO: 1595.859, 1664.627, 1695.766 (1677.286)	Log prob: 1604.014, 1670.078, 1699.349 (1694.399)	KLD: 8.155, 5.450, 3.582 (17.113)	Grad: 0.120, 0.062, 0.045
[Epoch  68 (18.71s)]	ELBO: 1595.530, 1664.024, 1695.372 (1675.046)	Log prob: 1603.687, 1669.490, 1698.958 (1692.145)	KLD: 8.157, 5.465, 3.587 (17.099)	Grad: 0.121, 0.062, 0.045
[Epoch  69 (19.14s)]	ELBO: 1595.766, 1664.542, 1695.704 (1676.480)	Log prob: 1603.918, 1669.997, 1699.276 (1693.731)	KLD: 8.151, 5.457, 3.572 (17.251)	Grad: 0.126, 0.062, 0.045
[Epoch  70 (18.88s)]	ELBO: 1595.601, 1664.486, 1695.699 (1675.663)	Log prob: 1603.786, 1669.938, 1699.272 (1692.699)	KLD: 8.186, 5.453, 3.571 (17.036)	Grad: 0.122, 0.062, 0.045
[Epoch  71 (18.75s)]	ELBO: 1595.372, 1664.030, 1695.229 (1675.510)	Log prob: 1603.555, 1669.476, 1698.789 (1692.492)	KLD: 8.184, 5.446, 3.559 (16.982)	Grad: 0.119, 0.062, 0.045
[Epoch  72 (19.32s)]	ELBO: 1596.066, 1664.450, 1695.705 (1675.957)	Log prob: 1604.262, 1669.894, 1699.282 (1693.115)	KLD: 8.196, 5.445, 3.576 (17.157)	Grad: 0.122, 0.062, 0.045
[Epoch  73 (18.66s)]	ELBO: 1596.322, 1664.889, 1696.050 (1673.615)	Log prob: 1604.508, 1670.343, 1699.629 (1691.041)	KLD: 8.187, 5.454, 3.579 (17.426)	Grad: 0.123, 0.062, 0.045
[Epoch  74 (18.40s)]	ELBO: 1595.722, 1663.860, 1695.055 (1673.842)	Log prob: 1603.931, 1669.313, 1698.626 (1690.676)	KLD: 8.210, 5.454, 3.572 (16.834)	Grad: 0.123, 0.061, 0.045
[Epoch  75 (18.85s)]	ELBO: 1595.883, 1664.246, 1695.408 (1677.247)	Log prob: 1604.105, 1669.689, 1698.977 (1694.386)	KLD: 8.223, 5.444, 3.570 (17.139)	Grad: 0.125, 0.061, 0.045
[Epoch  76 (19.26s)]	ELBO: 1596.657, 1665.054, 1696.109 (1677.203)	Log prob: 1604.885, 1670.500, 1699.682 (1694.398)	KLD: 8.228, 5.446, 3.574 (17.196)	Grad: 0.125, 0.061, 0.045
[Epoch  77 (19.38s)]	ELBO: 1596.691, 1665.078, 1695.996 (1677.296)	Log prob: 1604.906, 1670.529, 1699.562 (1694.095)	KLD: 8.215, 5.451, 3.566 (16.799)	Grad: 0.127, 0.061, 0.045
[Epoch  78 (22.69s)]	ELBO: 1597.258, 1665.567, 1696.423 (1679.502)	Log prob: 1605.483, 1671.006, 1699.994 (1696.506)	KLD: 8.227, 5.439, 3.572 (17.003)	Grad: 0.126, 0.061, 0.045
[Epoch  79 (19.84s)]	ELBO: 1597.306, 1665.844, 1696.752 (1676.930)	Log prob: 1605.546, 1671.286, 1700.326 (1693.879)	KLD: 8.240, 5.441, 3.574 (16.949)	Grad: 0.123, 0.061, 0.045
[Epoch  80 (18.93s)]	ELBO: 1596.792, 1665.039, 1696.087 (1675.844)	Log prob: 1604.998, 1670.494, 1699.643 (1693.081)	KLD: 8.207, 5.455, 3.557 (17.237)	Grad: 0.125, 0.061, 0.044
[Epoch  81 (18.31s)]	ELBO: 1597.613, 1665.860, 1696.741 (1674.844)	Log prob: 1605.863, 1671.300, 1700.306 (1692.261)	KLD: 8.250, 5.439, 3.564 (17.417)	Grad: 0.127, 0.061, 0.045
[Epoch  82 (18.24s)]	ELBO: 1597.750, 1666.213, 1696.968 (1677.193)	Log prob: 1606.022, 1671.664, 1700.517 (1694.214)	KLD: 8.270, 5.452, 3.548 (17.020)	Grad: 0.125, 0.061, 0.045
[Epoch  83 (17.92s)]	ELBO: 1597.768, 1666.010, 1696.983 (1675.020)	Log prob: 1606.028, 1671.449, 1700.520 (1692.045)	KLD: 8.260, 5.439, 3.537 (17.025)	Grad: 0.122, 0.061, 0.045
[Epoch  84 (17.20s)]	ELBO: 1598.504, 1666.908, 1697.788 (1679.405)	Log prob: 1606.774, 1672.344, 1701.341 (1696.438)	KLD: 8.270, 5.435, 3.553 (17.033)	Grad: 0.125, 0.061, 0.045
[Epoch  85 (18.28s)]	ELBO: 1598.076, 1666.738, 1697.776 (1676.750)	Log prob: 1606.351, 1672.204, 1701.321 (1693.659)	KLD: 8.275, 5.467, 3.546 (16.909)	Grad: 0.126, 0.061, 0.045
[Epoch  86 (20.10s)]	ELBO: 1598.064, 1666.644, 1697.607 (1677.014)	Log prob: 1606.317, 1672.098, 1701.154 (1694.689)	KLD: 8.253, 5.455, 3.549 (17.675)	Grad: 0.128, 0.061, 0.045
[Epoch  87 (21.58s)]	ELBO: 1598.303, 1666.741, 1697.595 (1676.761)	Log prob: 1606.570, 1672.197, 1701.164 (1693.669)	KLD: 8.268, 5.454, 3.569 (16.907)	Grad: 0.122, 0.060, 0.044
[Epoch  88 (22.65s)]	ELBO: 1598.211, 1667.061, 1697.865 (1677.108)	Log prob: 1606.523, 1672.498, 1701.396 (1694.483)	KLD: 8.311, 5.438, 3.531 (17.375)	Grad: 0.124, 0.061, 0.045
[Epoch  89 (18.68s)]	ELBO: 1598.024, 1666.910, 1697.786 (1678.193)	Log prob: 1606.338, 1672.367, 1701.342 (1695.458)	KLD: 8.313, 5.457, 3.556 (17.265)	Grad: 0.132, 0.061, 0.045
[Epoch  90 (18.41s)]	ELBO: 1599.275, 1667.817, 1698.625 (1676.872)	Log prob: 1607.605, 1673.282, 1702.164 (1694.059)	KLD: 8.329, 5.466, 3.539 (17.187)	Grad: 0.125, 0.061, 0.044
[Epoch  91 (19.99s)]	ELBO: 1598.991, 1667.515, 1698.325 (1675.542)	Log prob: 1607.325, 1672.964, 1701.867 (1692.469)	KLD: 8.334, 5.449, 3.543 (16.927)	Grad: 0.126, 0.060, 0.044
[Epoch  92 (19.07s)]	ELBO: 1599.324, 1667.851, 1698.504 (1677.040)	Log prob: 1607.641, 1673.307, 1702.047 (1693.866)	KLD: 8.316, 5.455, 3.542 (16.826)	Grad: 0.127, 0.060, 0.044
[Epoch  93 (18.34s)]	ELBO: 1599.418, 1667.908, 1698.701 (1679.504)	Log prob: 1607.748, 1673.363, 1702.246 (1696.640)	KLD: 8.330, 5.454, 3.545 (17.136)	Grad: 0.128, 0.061, 0.044
[Epoch  94 (19.00s)]	ELBO: 1599.014, 1667.854, 1698.524 (1677.725)	Log prob: 1607.339, 1673.332, 1702.041 (1694.682)	KLD: 8.325, 5.477, 3.517 (16.957)	Grad: 0.125, 0.061, 0.045
[Epoch  95 (20.15s)]	ELBO: 1598.914, 1667.796, 1698.531 (1676.181)	Log prob: 1607.264, 1673.238, 1702.058 (1692.928)	KLD: 8.350, 5.442, 3.528 (16.747)	Grad: 0.129, 0.061, 0.044
[Epoch  96 (19.32s)]	ELBO: 1599.355, 1667.840, 1698.470 (1676.789)	Log prob: 1607.713, 1673.281, 1702.020 (1693.705)	KLD: 8.357, 5.442, 3.549 (16.915)	Grad: 0.126, 0.061, 0.044
[Epoch  97 (18.06s)]	ELBO: 1599.502, 1668.303, 1698.889 (1675.866)	Log prob: 1607.866, 1673.745, 1702.442 (1693.350)	KLD: 8.364, 5.440, 3.552 (17.484)	Grad: 0.129, 0.061, 0.044
[Epoch  98 (18.78s)]	ELBO: 1598.930, 1667.836, 1698.308 (1676.249)	Log prob: 1607.286, 1673.275, 1701.851 (1693.534)	KLD: 8.357, 5.440, 3.544 (17.285)	Grad: 0.127, 0.061, 0.044
[Epoch  99 (18.42s)]	ELBO: 1599.864, 1668.855, 1699.350 (1677.183)	Log prob: 1608.244, 1674.301, 1702.907 (1694.002)	KLD: 8.379, 5.446, 3.557 (16.819)	Grad: 0.131, 0.060, 0.044
[Epoch 100 (18.49s)]	ELBO: 1599.790, 1668.680, 1699.272 (1677.545)	Log prob: 1608.173, 1674.148, 1702.810 (1695.027)	KLD: 8.384, 5.469, 3.538 (17.482)	Grad: 0.132, 0.061, 0.044
[Epoch 101 (18.47s)]	ELBO: 1599.842, 1668.495, 1699.002 (1678.260)	Log prob: 1608.229, 1673.950, 1702.562 (1695.554)	KLD: 8.387, 5.455, 3.561 (17.295)	Grad: 0.134, 0.060, 0.044
[Epoch 102 (18.46s)]	ELBO: 1599.437, 1667.975, 1698.339 (1678.226)	Log prob: 1607.795, 1673.415, 1701.855 (1695.900)	KLD: 8.357, 5.440, 3.517 (17.674)	Grad: 0.129, 0.061, 0.044
[Epoch 103 (18.65s)]	ELBO: 1600.343, 1668.979, 1699.376 (1679.299)	Log prob: 1608.747, 1674.422, 1702.894 (1696.409)	KLD: 8.403, 5.444, 3.518 (17.110)	Grad: 0.129, 0.060, 0.044
[Epoch 104 (18.68s)]	ELBO: 1599.563, 1668.180, 1698.427 (1673.586)	Log prob: 1607.954, 1673.609, 1701.952 (1691.157)	KLD: 8.390, 5.430, 3.526 (17.571)	Grad: 0.134, 0.060, 0.044
[Epoch 105 (18.61s)]	ELBO: 1600.515, 1668.934, 1699.209 (1675.619)	Log prob: 1608.931, 1674.374, 1702.732 (1692.816)	KLD: 8.415, 5.439, 3.523 (17.196)	Grad: 0.129, 0.060, 0.044
[Epoch 106 (18.73s)]	ELBO: 1599.922, 1668.322, 1698.498 (1678.943)	Log prob: 1608.318, 1673.769, 1702.018 (1696.007)	KLD: 8.398, 5.448, 3.520 (17.064)	Grad: 0.135, 0.061, 0.044
[Epoch 107 (20.47s)]	ELBO: 1600.083, 1668.848, 1699.000 (1676.886)	Log prob: 1608.495, 1674.281, 1702.516 (1694.092)	KLD: 8.412, 5.431, 3.516 (17.206)	Grad: 0.138, 0.060, 0.044
[Epoch 108 (20.20s)]	ELBO: 1599.288, 1668.104, 1698.415 (1676.076)	Log prob: 1607.686, 1673.547, 1701.938 (1693.196)	KLD: 8.400, 5.444, 3.524 (17.120)	Grad: 0.133, 0.061, 0.043
[Epoch 109 (20.65s)]	ELBO: 1600.421, 1669.098, 1699.324 (1676.545)	Log prob: 1608.868, 1674.536, 1702.843 (1693.586)	KLD: 8.446, 5.437, 3.518 (17.041)	Grad: 0.131, 0.060, 0.043
[Epoch 110 (20.84s)]	ELBO: 1599.745, 1668.513, 1698.595 (1677.909)	Log prob: 1608.153, 1673.946, 1702.107 (1695.145)	KLD: 8.409, 5.433, 3.511 (17.236)	Grad: 0.140, 0.061, 0.044
[Epoch 111 (20.00s)]	ELBO: 1600.840, 1669.213, 1699.380 (1678.170)	Log prob: 1609.263, 1674.666, 1702.916 (1695.100)	KLD: 8.422, 5.452, 3.535 (16.930)	Grad: 0.134, 0.060, 0.044
[Epoch 112 (19.88s)]	ELBO: 1599.785, 1668.492, 1698.549 (1676.265)	Log prob: 1608.202, 1673.926, 1702.083 (1693.510)	KLD: 8.417, 5.433, 3.534 (17.245)	Grad: 0.138, 0.061, 0.044
[Epoch 113 (22.29s)]	ELBO: 1600.285, 1668.964, 1699.103 (1677.350)	Log prob: 1608.701, 1674.415, 1702.631 (1694.869)	KLD: 8.415, 5.451, 3.530 (17.519)	Grad: 0.132, 0.060, 0.043
[Epoch 114 (18.92s)]	ELBO: 1600.733, 1669.376, 1699.601 (1679.597)	Log prob: 1609.176, 1674.815, 1703.124 (1696.968)	KLD: 8.443, 5.439, 3.522 (17.371)	Grad: 0.137, 0.061, 0.044
[Epoch 115 (18.60s)]	ELBO: 1601.234, 1669.819, 1699.990 (1678.890)	Log prob: 1609.698, 1675.260, 1703.509 (1696.635)	KLD: 8.464, 5.441, 3.518 (17.745)	Grad: 0.137, 0.061, 0.043
[Epoch 116 (18.53s)]	ELBO: 1601.257, 1670.070, 1700.208 (1677.763)	Log prob: 1609.719, 1675.521, 1703.731 (1695.044)	KLD: 8.462, 5.453, 3.523 (17.281)	Grad: 0.136, 0.060, 0.043
[Epoch 117 (19.02s)]	ELBO: 1601.172, 1670.062, 1700.043 (1676.516)	Log prob: 1609.640, 1675.503, 1703.583 (1693.628)	KLD: 8.468, 5.440, 3.543 (17.112)	Grad: 0.138, 0.061, 0.044
[Epoch 118 (18.46s)]	ELBO: 1601.399, 1670.255, 1700.314 (1679.290)	Log prob: 1609.875, 1675.710, 1703.822 (1696.681)	KLD: 8.478, 5.455, 3.509 (17.391)	Grad: 0.135, 0.061, 0.044
[Epoch 119 (18.72s)]	ELBO: 1601.239, 1669.979, 1699.961 (1678.871)	Log prob: 1609.714, 1675.458, 1703.471 (1696.082)	KLD: 8.475, 5.478, 3.510 (17.211)	Grad: 0.144, 0.061, 0.044
[Epoch 120 (18.96s)]	ELBO: 1601.252, 1670.015, 1699.932 (1678.533)	Log prob: 1609.726, 1675.473, 1703.452 (1695.738)	KLD: 8.473, 5.458, 3.521 (17.205)	Grad: 0.136, 0.061, 0.043
[Epoch 121 (22.39s)]	ELBO: 1601.390, 1670.201, 1700.022 (1675.075)	Log prob: 1609.882, 1675.664, 1703.524 (1692.468)	KLD: 8.492, 5.464, 3.502 (17.393)	Grad: 0.138, 0.061, 0.043
[Epoch 122 (22.94s)]	ELBO: 1601.411, 1670.164, 1699.946 (1679.026)	Log prob: 1609.885, 1675.611, 1703.463 (1696.154)	KLD: 8.473, 5.447, 3.517 (17.127)	Grad: 0.141, 0.060, 0.044
[Epoch 123 (21.08s)]	ELBO: 1601.329, 1670.172, 1699.916 (1675.348)	Log prob: 1609.816, 1675.637, 1703.433 (1692.983)	KLD: 8.486, 5.465, 3.517 (17.635)	Grad: 0.136, 0.061, 0.044
[Epoch 124 (20.68s)]	ELBO: 1600.252, 1669.257, 1698.821 (1676.029)	Log prob: 1608.746, 1674.712, 1702.328 (1693.184)	KLD: 8.494, 5.455, 3.508 (17.155)	Grad: 0.143, 0.062, 0.044
[Epoch 125 (19.80s)]	ELBO: 1600.653, 1669.561, 1699.275 (1677.604)	Log prob: 1609.154, 1675.006, 1702.802 (1695.263)	KLD: 8.500, 5.445, 3.527 (17.660)	Grad: 0.142, 0.061, 0.043
[Epoch 126 (19.99s)]	ELBO: 1600.120, 1668.996, 1698.556 (1676.659)	Log prob: 1608.638, 1674.448, 1702.078 (1693.982)	KLD: 8.518, 5.454, 3.522 (17.323)	Grad: 0.144, 0.061, 0.044
[Epoch 127 (21.37s)]	ELBO: 1601.562, 1670.508, 1700.140 (1671.308)	Log prob: 1610.074, 1675.947, 1703.665 (1688.758)	KLD: 8.513, 5.438, 3.524 (17.450)	Grad: 0.143, 0.060, 0.043
[Epoch 128 (21.05s)]	ELBO: 1601.164, 1670.057, 1699.916 (1673.130)	Log prob: 1609.660, 1675.513, 1703.438 (1690.529)	KLD: 8.497, 5.457, 3.521 (17.399)	Grad: 0.139, 0.061, 0.043
[Epoch 129 (21.06s)]	ELBO: 1601.891, 1670.664, 1700.360 (1678.611)	Log prob: 1610.417, 1676.124, 1703.864 (1696.061)	KLD: 8.528, 5.461, 3.502 (17.450)	Grad: 0.139, 0.062, 0.044
[Epoch 130 (20.09s)]	ELBO: 1601.379, 1670.234, 1700.013 (1678.306)	Log prob: 1609.896, 1675.688, 1703.529 (1695.572)	KLD: 8.517, 5.455, 3.516 (17.266)	Grad: 0.141, 0.060, 0.044
[Epoch 131 (19.34s)]	ELBO: 1601.090, 1669.523, 1699.406 (1673.683)	Log prob: 1609.610, 1674.958, 1702.924 (1691.265)	KLD: 8.521, 5.436, 3.519 (17.582)	Grad: 0.141, 0.061, 0.044
[Epoch 132 (16.80s)]	ELBO: 1600.817, 1669.645, 1699.584 (1675.427)	Log prob: 1609.361, 1675.094, 1703.100 (1692.541)	KLD: 8.545, 5.450, 3.516 (17.115)	Grad: 0.143, 0.061, 0.044
[Epoch 133 (14.72s)]	ELBO: 1601.535, 1670.402, 1700.141 (1675.971)	Log prob: 1610.062, 1675.864, 1703.645 (1693.332)	KLD: 8.526, 5.462, 3.504 (17.361)	Grad: 0.138, 0.061, 0.043
[Epoch 134 (14.79s)]	ELBO: 1602.096, 1670.989, 1700.635 (1674.827)	Log prob: 1610.630, 1676.435, 1704.134 (1691.977)	KLD: 8.534, 5.445, 3.498 (17.150)	Grad: 0.140, 0.061, 0.043
[Epoch 135 (14.64s)]	ELBO: 1602.201, 1671.267, 1700.683 (1677.177)	Log prob: 1610.745, 1676.709, 1704.188 (1694.826)	KLD: 8.545, 5.441, 3.505 (17.649)	Grad: 0.142, 0.061, 0.044
[Epoch 136 (15.24s)]	ELBO: 1601.872, 1670.993, 1700.422 (1676.100)	Log prob: 1610.388, 1676.442, 1703.911 (1693.177)	KLD: 8.516, 5.449, 3.489 (17.077)	Grad: 0.140, 0.061, 0.044
[Epoch 137 (15.11s)]	ELBO: 1602.006, 1671.187, 1700.633 (1678.270)	Log prob: 1610.536, 1676.643, 1704.135 (1695.780)	KLD: 8.531, 5.456, 3.502 (17.511)	Grad: 0.142, 0.061, 0.043
[Epoch 138 (15.08s)]	ELBO: 1602.011, 1671.224, 1700.557 (1678.451)	Log prob: 1610.544, 1676.676, 1704.064 (1696.316)	KLD: 8.532, 5.453, 3.506 (17.864)	Grad: 0.144, 0.061, 0.044
No improvement after 25 epochs...
Best epoch(s): [114]	Training time(s): 2581.36s (2581.36s)	Best ELBO: 1700.683 (1679.597)	Best log prob: 1704.188 (1696.968)
Avg. mu: 0.143, 0.033, -0.078, 0.067, -0.046, 0.032
Avg. var: 0.000, 0.000, 0.002, 0.006, 0.032, 0.033
Max. mu: 4.184, 4.492, 3.453, 4.153, 5.120, 3.812
Max. var: 0.009, 0.011, 0.019, 0.041, 0.243, 0.113
Min. mu: -2.075, -2.123, -4.009, -4.512, -4.200, -4.276
Min. var: 0.000, 0.000, 0.000, 0.001, 0.005, 0.011
Cov. mu:
[[0.778 0.112 -0.153 -0.029 -0.016 0.013]
 [0.112 0.807 -0.015 -0.091 -0.061 0.054]
 [-0.153 -0.015 0.696 -0.022 -0.002 -0.050]
 [-0.029 -0.091 -0.022 0.863 0.012 0.034]
 [-0.016 -0.061 -0.002 0.012 0.877 -0.028]
 [0.013 0.054 -0.050 0.034 -0.028 0.903]]
Avg. mu: 0.143, 0.033, -0.078, 0.067, -0.046, 0.032
Avg. var: 0.000, 0.000, 0.002, 0.006, 0.032, 0.033
Max. mu: 4.184, 4.492, 3.453, 4.153, 5.120, 3.812
Max. var: 0.009, 0.011, 0.019, 0.041, 0.243, 0.113
Min. mu: -2.075, -2.123, -4.009, -4.512, -4.200, -4.276
Min. var: 0.000, 0.000, 0.000, 0.001, 0.005, 0.011
Cov. mu:
[[0.778 0.112 -0.153 -0.029 -0.016 0.013]
 [0.112 0.807 -0.015 -0.091 -0.061 0.054]
 [-0.153 -0.015 0.696 -0.022 -0.002 -0.050]
 [-0.029 -0.091 -0.022 0.863 0.012 0.034]
 [-0.016 -0.061 -0.002 0.012 0.877 -0.028]
 [0.013 0.054 -0.050 0.034 -0.028 0.903]]
