Encoder
=================================================================
Layer (type:depth-idx)                   Param #
=================================================================
Encoder                                  --
├─Linear: 1-1                            76,930
├─Linear: 1-2                            4,851
=================================================================
Total params: 81,781
Trainable params: 81,781
Non-trainable params: 0
=================================================================
Encoder to Latents 0
=================================================================
Layer (type:depth-idx)                   Param #
=================================================================
EncoderToLatents                         --
├─Linear: 1-1                            50
├─Linear: 1-2                            50
=================================================================
Total params: 100
Trainable params: 100
Non-trainable params: 0
=================================================================
Encoder to Latents 1
=================================================================
Layer (type:depth-idx)                   Param #
=================================================================
EncoderToLatents                         --
├─Linear: 1-1                            50
├─Linear: 1-2                            50
=================================================================
Total params: 100
Trainable params: 100
Non-trainable params: 0
=================================================================
Encoder to Latents 2
=================================================================
Layer (type:depth-idx)                   Param #
=================================================================
EncoderToLatents                         --
├─Linear: 1-1                            50
├─Linear: 1-2                            50
=================================================================
Total params: 100
Trainable params: 100
Non-trainable params: 0
=================================================================
Encoder to Latents 3
=================================================================
Layer (type:depth-idx)                   Param #
=================================================================
EncoderToLatents                         --
├─Linear: 1-1                            50
├─Linear: 1-2                            50
=================================================================
Total params: 100
Trainable params: 100
Non-trainable params: 0
=================================================================
Latents to Decoder 0
=================================================================
Layer (type:depth-idx)                   Param #
=================================================================
LatentsToDecoder                         --
├─Linear: 1-1                            98
=================================================================
Total params: 98
Trainable params: 98
Non-trainable params: 0
=================================================================
Latents to Decoder 1
=================================================================
Layer (type:depth-idx)                   Param #
=================================================================
LatentsToDecoder                         --
├─Linear: 1-1                            98
=================================================================
Total params: 98
Trainable params: 98
Non-trainable params: 0
=================================================================
Latents to Decoder 2
=================================================================
Layer (type:depth-idx)                   Param #
=================================================================
LatentsToDecoder                         --
├─Linear: 1-1                            98
=================================================================
Total params: 98
Trainable params: 98
Non-trainable params: 0
=================================================================
Latents to Decoder 3
=================================================================
Layer (type:depth-idx)                   Param #
=================================================================
LatentsToDecoder                         --
├─Linear: 1-1                            98
=================================================================
Total params: 98
Trainable params: 98
Non-trainable params: 0
=================================================================
Decoder
=================================================================
Layer (type:depth-idx)                   Param #
=================================================================
Decoder                                  --
├─Linear: 1-1                            4,900
├─Linear: 1-2                            77,616
=================================================================
Total params: 82,516
Trainable params: 82,516
Non-trainable params: 0
=================================================================
[Epoch   1 (90.04s)]	ELBO: 1298.682, 1368.514, 1389.481, 1393.319 (1503.919)	Log prob: 1313.197, 1371.627, 1391.475, 1394.070 (1515.481)	KLD: 14.515, 3.114, 1.994, 0.751 (11.561)	Grad: 0.069, 0.055, 0.048, 0.050
[Epoch   2 (101.78s)]	ELBO: 1408.638, 1475.696, 1522.319, 1541.231 (1544.482)	Log prob: 1412.385, 1479.084, 1524.983, 1543.121 (1555.635)	KLD: 3.747, 3.388, 2.665, 1.890 (11.153)	Grad: 0.051, 0.047, 0.035, 0.037
[Epoch   3 (85.58s)]	ELBO: 1426.557, 1499.300, 1540.284, 1570.339 (1564.752)	Log prob: 1430.072, 1502.579, 1542.836, 1572.468 (1575.935)	KLD: 3.515, 3.278, 2.552, 2.129 (11.184)	Grad: 0.053, 0.057, 0.036, 0.036
[Epoch   4 (94.87s)]	ELBO: 1442.195, 1511.223, 1554.315, 1581.878 (1573.092)	Log prob: 1445.825, 1514.407, 1556.958, 1584.092 (1585.153)	KLD: 3.629, 3.185, 2.644, 2.213 (12.061)	Grad: 0.060, 0.063, 0.038, 0.038
[Epoch   5 (96.76s)]	ELBO: 1453.517, 1519.243, 1564.140, 1590.059 (1579.539)	Log prob: 1457.311, 1522.401, 1566.897, 1592.369 (1591.351)	KLD: 3.795, 3.159, 2.756, 2.311 (11.812)	Grad: 0.063, 0.064, 0.040, 0.037
[Epoch   6 (140.39s)]	ELBO: 1461.422, 1526.194, 1572.094, 1597.331 (1584.624)	Log prob: 1465.359, 1529.384, 1574.869, 1599.669 (1596.551)	KLD: 3.937, 3.189, 2.775, 2.339 (11.928)	Grad: 0.065, 0.062, 0.042, 0.038
[Epoch   7 (120.20s)]	ELBO: 1466.533, 1532.785, 1579.056, 1603.469 (1593.337)	Log prob: 1470.539, 1536.021, 1581.835, 1605.805 (1605.720)	KLD: 4.007, 3.236, 2.778, 2.336 (12.383)	Grad: 0.068, 0.064, 0.043, 0.038
[Epoch   8 (127.28s)]	ELBO: 1470.692, 1538.880, 1584.814, 1608.457 (1596.248)	Log prob: 1474.719, 1542.144, 1587.588, 1610.784 (1608.763)	KLD: 4.027, 3.265, 2.773, 2.328 (12.516)	Grad: 0.070, 0.066, 0.045, 0.038
[Epoch   9 (141.79s)]	ELBO: 1474.259, 1543.380, 1590.153, 1613.542 (1600.942)	Log prob: 1478.325, 1546.720, 1592.978, 1615.863 (1613.492)	KLD: 4.066, 3.341, 2.825, 2.321 (12.550)	Grad: 0.070, 0.065, 0.044, 0.038
[Epoch  10 (131.42s)]	ELBO: 1477.039, 1547.455, 1593.538, 1616.511 (1599.131)	Log prob: 1481.120, 1550.827, 1596.378, 1618.850 (1611.896)	KLD: 4.082, 3.373, 2.841, 2.338 (12.765)	Grad: 0.075, 0.068, 0.045, 0.039
[Epoch  11 (119.99s)]	ELBO: 1479.218, 1551.428, 1597.244, 1619.631 (1603.789)	Log prob: 1483.313, 1554.829, 1600.084, 1621.990 (1616.215)	KLD: 4.094, 3.400, 2.840, 2.357 (12.426)	Grad: 0.077, 0.066, 0.046, 0.039
[Epoch  12 (125.18s)]	ELBO: 1481.196, 1554.092, 1599.397, 1621.674 (1607.277)	Log prob: 1485.314, 1557.529, 1602.262, 1624.005 (1620.305)	KLD: 4.118, 3.437, 2.865, 2.333 (13.028)	Grad: 0.078, 0.069, 0.046, 0.039
[Epoch  13 (123.54s)]	ELBO: 1483.149, 1556.997, 1602.039, 1624.092 (1607.382)	Log prob: 1487.284, 1560.455, 1604.904, 1626.447 (1620.231)	KLD: 4.136, 3.458, 2.865, 2.355 (12.849)	Grad: 0.081, 0.067, 0.047, 0.038
[Epoch  14 (120.65s)]	ELBO: 1485.040, 1558.791, 1603.538, 1625.332 (1604.219)	Log prob: 1489.205, 1562.298, 1606.416, 1627.687 (1616.972)	KLD: 4.166, 3.507, 2.879, 2.354 (12.753)	Grad: 0.083, 0.069, 0.047, 0.038
[Epoch  15 (124.09s)]	ELBO: 1486.652, 1560.391, 1605.318, 1626.808 (1606.532)	Log prob: 1490.831, 1563.894, 1608.203, 1629.143 (1619.170)	KLD: 4.178, 3.502, 2.885, 2.335 (12.638)	Grad: 0.085, 0.070, 0.047, 0.039
[Epoch  16 (128.72s)]	ELBO: 1488.324, 1561.987, 1606.754, 1627.878 (1611.260)	Log prob: 1492.543, 1565.511, 1609.630, 1630.220 (1624.345)	KLD: 4.219, 3.525, 2.875, 2.343 (13.085)	Grad: 0.090, 0.068, 0.047, 0.040
[Epoch  17 (125.30s)]	ELBO: 1490.382, 1563.577, 1608.130, 1629.355 (1614.868)	Log prob: 1494.647, 1567.119, 1611.041, 1631.696 (1627.858)	KLD: 4.264, 3.541, 2.912, 2.340 (12.991)	Grad: 0.087, 0.069, 0.048, 0.039
[Epoch  18 (121.39s)]	ELBO: 1491.879, 1564.670, 1609.094, 1630.093 (1612.776)	Log prob: 1496.163, 1568.213, 1611.992, 1632.422 (1625.719)	KLD: 4.286, 3.543, 2.899, 2.330 (12.943)	Grad: 0.090, 0.072, 0.049, 0.039
[Epoch  19 (117.46s)]	ELBO: 1493.219, 1565.564, 1610.307, 1631.096 (1609.232)	Log prob: 1497.519, 1569.138, 1613.241, 1633.413 (1622.053)	KLD: 4.300, 3.572, 2.933, 2.317 (12.821)	Grad: 0.093, 0.070, 0.049, 0.039
[Epoch  20 (128.34s)]	ELBO: 1494.083, 1566.433, 1611.157, 1631.956 (1616.117)	Log prob: 1498.434, 1569.996, 1614.093, 1634.271 (1629.218)	KLD: 4.352, 3.562, 2.934, 2.315 (13.101)	Grad: 0.097, 0.070, 0.050, 0.040
[Epoch  21 (116.72s)]	ELBO: 1496.378, 1567.576, 1612.238, 1632.995 (1611.981)	Log prob: 1500.777, 1571.160, 1615.200, 1635.308 (1624.840)	KLD: 4.399, 3.584, 2.960, 2.312 (12.858)	Grad: 0.094, 0.071, 0.050, 0.040
[Epoch  22 (117.58s)]	ELBO: 1497.462, 1568.179, 1612.438, 1633.142 (1615.516)	Log prob: 1501.874, 1571.794, 1615.376, 1635.441 (1628.749)	KLD: 4.411, 3.614, 2.938, 2.298 (13.233)	Grad: 0.099, 0.071, 0.051, 0.041
[Epoch  23 (120.08s)]	ELBO: 1498.747, 1569.209, 1613.217, 1634.211 (1614.251)	Log prob: 1503.206, 1572.823, 1616.183, 1636.513 (1627.663)	KLD: 4.458, 3.612, 2.967, 2.302 (13.413)	Grad: 0.101, 0.072, 0.050, 0.040
[Epoch  24 (120.87s)]	ELBO: 1499.951, 1569.103, 1612.918, 1634.054 (1617.311)	Log prob: 1504.404, 1572.708, 1615.883, 1636.351 (1630.316)	KLD: 4.453, 3.607, 2.965, 2.298 (13.005)	Grad: 0.100, 0.076, 0.051, 0.040
[Epoch  25 (118.03s)]	ELBO: 1500.598, 1569.758, 1613.785, 1634.709 (1608.929)	Log prob: 1505.078, 1573.367, 1616.744, 1636.992 (1622.575)	KLD: 4.478, 3.609, 2.959, 2.282 (13.646)	Grad: 0.103, 0.074, 0.051, 0.041
[Epoch  26 (119.79s)]	ELBO: 1501.455, 1570.673, 1614.437, 1635.758 (1616.674)	Log prob: 1505.991, 1574.283, 1617.407, 1638.024 (1630.301)	KLD: 4.536, 3.610, 2.970, 2.267 (13.627)	Grad: 0.106, 0.074, 0.051, 0.040
[Epoch  27 (121.08s)]	ELBO: 1502.817, 1571.342, 1615.136, 1636.175 (1619.056)	Log prob: 1507.382, 1574.935, 1618.124, 1638.440 (1632.456)	KLD: 4.565, 3.592, 2.988, 2.265 (13.400)	Grad: 0.104, 0.076, 0.051, 0.041
[Epoch  28 (119.07s)]	ELBO: 1503.451, 1571.916, 1615.412, 1636.537 (1618.726)	Log prob: 1508.007, 1575.527, 1618.376, 1638.804 (1631.930)	KLD: 4.556, 3.610, 2.965, 2.269 (13.204)	Grad: 0.108, 0.076, 0.051, 0.041
[Epoch  29 (123.83s)]	ELBO: 1504.676, 1573.840, 1616.917, 1638.017 (1619.605)	Log prob: 1509.247, 1577.465, 1619.899, 1640.280 (1632.749)	KLD: 4.570, 3.625, 2.982, 2.264 (13.144)	Grad: 0.110, 0.075, 0.052, 0.041
[Epoch  30 (119.98s)]	ELBO: 1505.634, 1574.335, 1617.112, 1638.167 (1617.951)	Log prob: 1510.250, 1577.945, 1620.089, 1640.420 (1631.258)	KLD: 4.615, 3.608, 2.977, 2.252 (13.307)	Grad: 0.112, 0.077, 0.052, 0.041
[Epoch  31 (127.21s)]	ELBO: 1505.970, 1574.866, 1617.451, 1638.636 (1618.793)	Log prob: 1510.583, 1578.470, 1620.417, 1640.877 (1632.133)	KLD: 4.614, 3.605, 2.966, 2.242 (13.340)	Grad: 0.114, 0.075, 0.052, 0.042
[Epoch  32 (119.69s)]	ELBO: 1506.315, 1575.281, 1618.135, 1639.555 (1617.920)	Log prob: 1510.935, 1578.898, 1621.105, 1641.791 (1631.337)	KLD: 4.620, 3.617, 2.971, 2.234 (13.416)	Grad: 0.111, 0.075, 0.051, 0.041
[Epoch  33 (115.23s)]	ELBO: 1507.178, 1576.488, 1618.626, 1640.349 (1618.044)	Log prob: 1511.819, 1580.102, 1621.625, 1642.585 (1631.506)	KLD: 4.641, 3.615, 2.998, 2.237 (13.462)	Grad: 0.116, 0.076, 0.053, 0.042
[Epoch  34 (118.61s)]	ELBO: 1508.052, 1577.467, 1619.098, 1640.828 (1616.593)	Log prob: 1512.685, 1581.069, 1622.074, 1643.062 (1630.085)	KLD: 4.631, 3.601, 2.975, 2.233 (13.492)	Grad: 0.113, 0.075, 0.052, 0.042
[Epoch  35 (116.95s)]	ELBO: 1508.083, 1577.519, 1618.868, 1640.453 (1617.775)	Log prob: 1512.715, 1581.134, 1621.844, 1642.678 (1630.922)	KLD: 4.633, 3.615, 2.975, 2.225 (13.146)	Grad: 0.112, 0.078, 0.052, 0.042
[Epoch  36 (120.76s)]	ELBO: 1508.375, 1578.366, 1619.741, 1641.702 (1623.598)	Log prob: 1513.022, 1581.985, 1622.727, 1643.936 (1636.856)	KLD: 4.645, 3.620, 2.986, 2.234 (13.258)	Grad: 0.122, 0.079, 0.052, 0.042
[Epoch  37 (117.93s)]	ELBO: 1509.233, 1577.601, 1618.683, 1640.443 (1622.640)	Log prob: 1513.904, 1581.210, 1621.671, 1642.695 (1636.064)	KLD: 4.670, 3.608, 2.988, 2.251 (13.424)	Grad: 0.121, 0.080, 0.053, 0.042
[Epoch  38 (118.93s)]	ELBO: 1508.717, 1576.609, 1618.204, 1639.858 (1621.341)	Log prob: 1513.395, 1580.220, 1621.195, 1642.081 (1634.495)	KLD: 4.677, 3.611, 2.990, 2.222 (13.154)	Grad: 0.125, 0.079, 0.052, 0.042
[Epoch  39 (123.37s)]	ELBO: 1509.559, 1577.705, 1619.421, 1641.146 (1625.418)	Log prob: 1514.220, 1581.307, 1622.406, 1643.375 (1638.715)	KLD: 4.659, 3.602, 2.986, 2.230 (13.298)	Grad: 0.122, 0.077, 0.052, 0.041
[Epoch  40 (118.05s)]	ELBO: 1510.734, 1579.372, 1620.076, 1641.536 (1621.968)	Log prob: 1515.402, 1582.951, 1623.065, 1643.761 (1635.240)	KLD: 4.667, 3.579, 2.991, 2.225 (13.272)	Grad: 0.124, 0.080, 0.053, 0.042
[Epoch  41 (109.26s)]	ELBO: 1511.094, 1580.042, 1620.536, 1642.006 (1622.676)	Log prob: 1515.766, 1583.637, 1623.527, 1644.215 (1636.158)	KLD: 4.671, 3.595, 2.990, 2.208 (13.482)	Grad: 0.124, 0.081, 0.054, 0.043
[Epoch  42 (108.03s)]	ELBO: 1511.201, 1580.374, 1620.766, 1642.140 (1622.068)	Log prob: 1515.896, 1583.968, 1623.727, 1644.346 (1635.395)	KLD: 4.695, 3.594, 2.961, 2.205 (13.327)	Grad: 0.127, 0.082, 0.054, 0.043
[Epoch  43 (111.88s)]	ELBO: 1511.589, 1581.267, 1622.252, 1643.401 (1622.508)	Log prob: 1516.267, 1584.871, 1625.234, 1645.603 (1636.054)	KLD: 4.677, 3.605, 2.982, 2.201 (13.545)	Grad: 0.123, 0.080, 0.053, 0.043
[Epoch  44 (107.70s)]	ELBO: 1511.061, 1580.556, 1621.329, 1642.386 (1623.531)	Log prob: 1515.793, 1584.161, 1624.313, 1644.575 (1637.198)	KLD: 4.731, 3.604, 2.984, 2.188 (13.667)	Grad: 0.131, 0.079, 0.055, 0.043
[Epoch  45 (106.91s)]	ELBO: 1512.991, 1582.628, 1623.418, 1644.303 (1620.345)	Log prob: 1517.705, 1586.254, 1626.380, 1646.488 (1633.437)	KLD: 4.715, 3.626, 2.962, 2.185 (13.092)	Grad: 0.122, 0.080, 0.054, 0.043
[Epoch  46 (109.30s)]	ELBO: 1512.771, 1582.702, 1623.365, 1644.016 (1623.774)	Log prob: 1517.499, 1586.302, 1626.341, 1646.203 (1637.455)	KLD: 4.728, 3.602, 2.977, 2.187 (13.682)	Grad: 0.130, 0.080, 0.054, 0.044
[Epoch  47 (115.13s)]	ELBO: 1513.332, 1583.277, 1623.670, 1643.715 (1619.835)	Log prob: 1518.104, 1586.870, 1626.626, 1645.884 (1633.266)	KLD: 4.772, 3.595, 2.956, 2.168 (13.432)	Grad: 0.131, 0.081, 0.056, 0.044
[Epoch  48 (113.95s)]	ELBO: 1512.907, 1583.766, 1624.216, 1644.120 (1621.723)	Log prob: 1517.654, 1587.371, 1627.171, 1646.281 (1635.389)	KLD: 4.747, 3.605, 2.956, 2.160 (13.666)	Grad: 0.134, 0.078, 0.056, 0.044
No improvement after 10 epochs...
Best epoch(s): [39]	Training time(s): 5640.68s (5640.68s)	Best ELBO: 1644.303 (1625.418)	Best log prob: 1646.488 (1638.715)
Avg. mu: 0.080, -0.058, -0.031, -0.366
Avg. var: 0.000, 0.001, 0.005, 0.011
Max. mu: 2.404, 3.468, 4.621, 3.019
Max. var: 0.123, 0.038, 0.251, 0.065
Min. mu: -6.495, -3.582, -3.147, -2.768
Min. var: 0.000, 0.000, 0.000, 0.001
Cov. mu:
[[1.024 0.111 -0.046 0.004]
 [0.111 0.613 0.126 -0.022]
 [-0.046 0.126 1.069 0.080]
 [0.004 -0.022 0.080 0.489]]
