Seed: 2018
=================================================================
Layer (type:depth-idx)                   Param #
=================================================================
RNN                                      --
├─Canvas: 1-1                            --
│    └─Linear: 2-1                       784
├─Encoder: 1-2                           --
│    └─Linear: 2-2                       76,930
│    └─Linear: 2-3                       9,702
├─ModuleList: 1-3                        --
│    └─EncoderToLatents: 2-4             --
│    │    └─Linear: 3-1                  99
│    │    └─Linear: 3-2                  99
│    └─EncoderToLatents: 2-5             --
│    │    └─Linear: 3-3                  99
│    │    └─Linear: 3-4                  99
│    └─EncoderToLatents: 2-6             --
│    │    └─Linear: 3-5                  99
│    │    └─Linear: 3-6                  99
│    └─EncoderToLatents: 2-7             --
│    │    └─Linear: 3-7                  99
│    │    └─Linear: 3-8                  99
│    └─EncoderToLatents: 2-8             --
│    │    └─Linear: 3-9                  99
│    │    └─Linear: 3-10                 99
│    └─EncoderToLatents: 2-9             --
│    │    └─Linear: 3-11                 99
│    │    └─Linear: 3-12                 99
│    └─EncoderToLatents: 2-10            --
│    │    └─Linear: 3-13                 99
│    │    └─Linear: 3-14                 99
│    └─EncoderToLatents: 2-11            --
│    │    └─Linear: 3-15                 99
│    │    └─Linear: 3-16                 99
│    └─EncoderToLatents: 2-12            --
│    │    └─Linear: 3-17                 99
│    │    └─Linear: 3-18                 99
│    └─EncoderToLatents: 2-13            --
│    │    └─Linear: 3-19                 99
│    │    └─Linear: 3-20                 99
├─LatentsToLatentsComplicated: 1-4       --
│    └─Linear: 2-14                      500
│    └─Linear: 2-15                      10,100
│    └─Linear: 2-16                      10,100
│    └─Linear: 2-17                      101
│    └─Linear: 2-18                      101
├─ModuleList: 1-5                        --
│    └─LatentsToDecoder: 2-19            --
│    │    └─Linear: 3-21                 196
│    └─LatentsToDecoder: 2-20            --
│    │    └─Linear: 3-22                 196
│    └─LatentsToDecoder: 2-21            --
│    │    └─Linear: 3-23                 196
│    └─LatentsToDecoder: 2-22            --
│    │    └─Linear: 3-24                 196
│    └─LatentsToDecoder: 2-23            --
│    │    └─Linear: 3-25                 196
│    └─LatentsToDecoder: 2-24            --
│    │    └─Linear: 3-26                 196
│    └─LatentsToDecoder: 2-25            --
│    │    └─Linear: 3-27                 196
│    └─LatentsToDecoder: 2-26            --
│    │    └─Linear: 3-28                 196
│    └─LatentsToDecoder: 2-27            --
│    │    └─Linear: 3-29                 196
│    └─LatentsToDecoder: 2-28            --
│    │    └─Linear: 3-30                 196
├─Decoder: 1-6                           --
│    └─Linear: 2-29                      9,702
│    └─Linear: 2-30                      77,616
=================================================================
Total params: 199,576
Trainable params: 199,576
Non-trainable params: 0
=================================================================
[Epoch   1 (61.93s)]	ELBO (bits/dim): 2.16443, 2.31061, 2.36074, 2.38444, 2.39771, 2.40164, 2.39948, 2.39570, 2.38879, 2.37885 (2.60907)	Reconstruction error (/dim): 0.07793, 0.07932, 0.07830, 0.07937, 0.07909, 0.07859, 0.07954, 0.07981, 0.08015, 0.08081 (0.06709)	KLD: 5.737, 1.192, 0.820, 0.519, 0.537, 0.661, 0.249, 0.341, 0.400, 0.509 (12.932)	Grad: 1294.4
[Epoch   2 (62.77s)]	ELBO (bits/dim): 2.56116, 2.65764, 2.69549, 2.72169, 2.73419, 2.73465, 2.73557, 2.73622, 2.73597, 2.73496 (2.89934)	Reconstruction error (/dim): 0.07374, 0.06769, 0.06452, 0.06222, 0.06111, 0.06087, 0.06112, 0.06089, 0.06080, 0.06104 (0.04928)	KLD: 4.023, 3.246, 2.172, 1.693, 1.322, 0.843, 0.636, 0.488, 0.548, 0.563 (18.914)	Grad: 1104.3
[Epoch   3 (66.28s)]	ELBO (bits/dim): 2.59028, 2.70439, 2.77637, 2.84765, 2.89466, 2.91214, 2.93662, 2.94627, 2.94668, 2.94818 (3.01560)	Reconstruction error (/dim): 0.07190, 0.06604, 0.06083, 0.05549, 0.05038, 0.04905, 0.04706, 0.04611, 0.04615, 0.04598 (0.04023)	KLD: 3.877, 3.303, 2.681, 2.658, 2.177, 1.569, 1.795, 1.299, 0.782, 0.825 (22.045)	Grad: 1290.0
[Epoch   4 (68.27s)]	ELBO (bits/dim): 2.59458, 2.72064, 2.80251, 2.88986, 2.94042, 2.97249, 3.00482, 3.02159, 3.02835, 3.03225 (3.07437)	Reconstruction error (/dim): 0.07189, 0.06562, 0.05965, 0.05280, 0.04751, 0.04500, 0.04233, 0.04063, 0.03992, 0.03941 (0.03618)	KLD: 3.754, 3.306, 2.666, 2.726, 2.135, 1.960, 1.967, 1.638, 1.187, 1.067 (22.694)	Grad: 1375.3
[Epoch   5 (68.81s)]	ELBO (bits/dim): 2.60031, 2.73396, 2.82134, 2.91305, 2.96556, 2.99922, 3.03538, 3.05496, 3.06582, 3.07222 (3.10288)	Reconstruction error (/dim): 0.07104, 0.06463, 0.05818, 0.05100, 0.04584, 0.04343, 0.04038, 0.03837, 0.03733, 0.03658 (0.03438)	KLD: 3.678, 3.306, 2.654, 2.688, 2.123, 2.012, 1.987, 1.734, 1.397, 1.253 (23.230)	Grad: 1336.3
[Epoch   6 (69.59s)]	ELBO (bits/dim): 2.60398, 2.74253, 2.83532, 2.93022, 2.98323, 3.01884, 3.05545, 3.07645, 3.08916, 3.09526 (3.12100)	Reconstruction error (/dim): 0.07080, 0.06388, 0.05699, 0.04957, 0.04457, 0.04200, 0.03891, 0.03681, 0.03558, 0.03490 (0.03280)	KLD: 3.638, 3.315, 2.662, 2.686, 2.135, 2.047, 2.018, 1.786, 1.476, 1.314 (23.410)	Grad: 1469.5
[Epoch   7 (71.02s)]	ELBO (bits/dim): 2.60749, 2.74960, 2.84582, 2.94363, 2.99705, 3.03438, 3.07113, 3.09306, 3.10612, 3.11122 (3.13387)	Reconstruction error (/dim): 0.07070, 0.06324, 0.05611, 0.04853, 0.04361, 0.04085, 0.03772, 0.03558, 0.03430, 0.03372 (0.03153)	KLD: 3.605, 3.330, 2.670, 2.694, 2.145, 2.092, 2.046, 1.824, 1.504, 1.322 (23.025)	Grad: 1518.9
[Epoch   8 (70.57s)]	ELBO (bits/dim): 2.61105, 2.75617, 2.85451, 2.95436, 3.00820, 3.04691, 3.08366, 3.10603, 3.11957, 3.12415 (3.14642)	Reconstruction error (/dim): 0.07030, 0.06264, 0.05529, 0.04767, 0.04284, 0.03992, 0.03678, 0.03463, 0.03331, 0.03278 (0.03073)	KLD: 3.594, 3.339, 2.679, 2.710, 2.153, 2.133, 2.057, 1.819, 1.530, 1.303 (22.889)	Grad: 1425.4
[Epoch   9 (71.87s)]	ELBO (bits/dim): 2.61466, 2.76262, 2.86250, 2.96328, 3.01738, 3.05736, 3.09371, 3.11612, 3.13035, 3.13474 (3.15544)	Reconstruction error (/dim): 0.06988, 0.06206, 0.05458, 0.04697, 0.04222, 0.03915, 0.03605, 0.03395, 0.03257, 0.03205 (0.03030)	KLD: 3.597, 3.359, 2.690, 2.719, 2.160, 2.164, 2.069, 1.803, 1.540, 1.277 (23.632)	Grad: 1675.5
[Epoch  10 (71.23s)]	ELBO (bits/dim): 2.61881, 2.76925, 2.87034, 2.97145, 3.02583, 3.06644, 3.10263, 3.12513, 3.13976, 3.14399 (3.16320)	Reconstruction error (/dim): 0.06947, 0.06145, 0.05388, 0.04631, 0.04167, 0.03852, 0.03541, 0.03334, 0.03193, 0.03144 (0.02998)	KLD: 3.608, 3.376, 2.700, 2.736, 2.173, 2.177, 2.071, 1.805, 1.551, 1.264 (23.505)	Grad: 1533.1
[Epoch  11 (68.99s)]	ELBO (bits/dim): 2.62164, 2.77466, 2.87623, 2.97790, 3.03243, 3.07397, 3.10980, 3.13195, 3.14715, 3.15120 (3.16963)	Reconstruction error (/dim): 0.06920, 0.06089, 0.05336, 0.04584, 0.04125, 0.03800, 0.03491, 0.03291, 0.03146, 0.03097 (0.02944)	KLD: 3.616, 3.380, 2.705, 2.740, 2.186, 2.186, 2.064, 1.802, 1.557, 1.253 (23.396)	Grad: 1516.3
[Epoch  12 (69.53s)]	ELBO (bits/dim): 2.62451, 2.77999, 2.88215, 2.98329, 3.03826, 3.08038, 3.11588, 3.13782, 3.15310, 3.15725 (3.17616)	Reconstruction error (/dim): 0.06899, 0.06036, 0.05290, 0.04547, 0.04090, 0.03757, 0.03451, 0.03252, 0.03108, 0.03057 (0.02894)	KLD: 3.626, 3.393, 2.716, 2.756, 2.202, 2.193, 2.059, 1.785, 1.555, 1.235 (23.123)	Grad: 1562.8
[Epoch  13 (69.85s)]	ELBO (bits/dim): 2.62749, 2.78493, 2.88752, 2.98865, 3.04366, 3.08640, 3.12145, 3.14314, 3.15857, 3.16283 (3.18050)	Reconstruction error (/dim): 0.06886, 0.05988, 0.05250, 0.04510, 0.04053, 0.03716, 0.03413, 0.03218, 0.03073, 0.03020 (0.02893)	KLD: 3.637, 3.400, 2.729, 2.758, 2.218, 2.195, 2.044, 1.769, 1.556, 1.230 (23.527)	Grad: 1536.4
[Epoch  14 (71.44s)]	ELBO (bits/dim): 2.63011, 2.78973, 2.89254, 2.99336, 3.04833, 3.09170, 3.12669, 3.14821, 3.16348, 3.16780 (3.18544)	Reconstruction error (/dim): 0.06865, 0.05943, 0.05215, 0.04479, 0.04024, 0.03682, 0.03378, 0.03181, 0.03039, 0.02986 (0.02860)	KLD: 3.655, 3.415, 2.737, 2.767, 2.227, 2.210, 2.036, 1.762, 1.553, 1.227 (23.447)	Grad: 1676.3
[Epoch  15 (69.50s)]	ELBO (bits/dim): 2.63278, 2.79463, 2.89706, 2.99750, 3.05248, 3.09639, 3.13107, 3.15234, 3.16769, 3.17214 (3.18998)	Reconstruction error (/dim): 0.06846, 0.05902, 0.05185, 0.04455, 0.04000, 0.03654, 0.03351, 0.03156, 0.03012, 0.02956 (0.02816)	KLD: 3.663, 3.430, 2.749, 2.766, 2.237, 2.213, 2.030, 1.763, 1.562, 1.225 (23.830)	Grad: 1732.3
[Epoch  16 (69.63s)]	ELBO (bits/dim): 2.63493, 2.79893, 2.90130, 3.00119, 3.05613, 3.10018, 3.13482, 3.15615, 3.17129, 3.17590 (3.19348)	Reconstruction error (/dim): 0.06838, 0.05866, 0.05155, 0.04426, 0.03976, 0.03626, 0.03323, 0.03126, 0.02987, 0.02929 (0.02792)	KLD: 3.680, 3.441, 2.758, 2.779, 2.243, 2.208, 2.013, 1.758, 1.565, 1.226 (23.432)	Grad: 1751.0
[Epoch  17 (69.85s)]	ELBO (bits/dim): 2.63718, 2.80320, 2.90529, 3.00431, 3.05918, 3.10347, 3.13786, 3.15928, 3.17437, 3.17905 (3.19720)	Reconstruction error (/dim): 0.06827, 0.05833, 0.05125, 0.04407, 0.03956, 0.03605, 0.03303, 0.03106, 0.02967, 0.02909 (0.02759)	KLD: 3.684, 3.459, 2.770, 2.787, 2.246, 2.219, 2.005, 1.750, 1.570, 1.222 (23.597)	Grad: 1770.0
[Epoch  18 (69.21s)]	ELBO (bits/dim): 2.63900, 2.80688, 2.90909, 3.00733, 3.06247, 3.10670, 3.14075, 3.16209, 3.17708, 3.18188 (3.19849)	Reconstruction error (/dim): 0.06814, 0.05806, 0.05100, 0.04386, 0.03933, 0.03583, 0.03285, 0.03087, 0.02947, 0.02888 (0.02750)	KLD: 3.690, 3.469, 2.778, 2.784, 2.253, 2.225, 2.000, 1.749, 1.578, 1.224 (23.737)	Grad: 1711.1
[Epoch  19 (70.41s)]	ELBO (bits/dim): 2.64062, 2.80999, 2.91237, 3.00994, 3.06534, 3.10964, 3.14362, 3.16479, 3.17968, 3.18474 (3.20022)	Reconstruction error (/dim): 0.06802, 0.05789, 0.05080, 0.04369, 0.03915, 0.03561, 0.03265, 0.03069, 0.02931, 0.02869 (0.02725)	KLD: 3.706, 3.475, 2.794, 2.786, 2.259, 2.222, 1.996, 1.739, 1.572, 1.228 (24.152)	Grad: 1779.3
[Epoch  20 (69.50s)]	ELBO (bits/dim): 2.64220, 2.81291, 2.91552, 3.01251, 3.06755, 3.11160, 3.14533, 3.16653, 3.18149, 3.18655 (3.20250)	Reconstruction error (/dim): 0.06791, 0.05767, 0.05056, 0.04350, 0.03898, 0.03548, 0.03253, 0.03057, 0.02918, 0.02856 (0.02719)	KLD: 3.718, 3.493, 2.801, 2.795, 2.261, 2.225, 1.991, 1.737, 1.572, 1.221 (23.984)	Grad: 1691.3
[Epoch  21 (69.67s)]	ELBO (bits/dim): 2.64419, 2.81667, 2.91914, 3.01465, 3.06989, 3.11382, 3.14749, 3.16854, 3.18316, 3.18834 (3.20412)	Reconstruction error (/dim): 0.06781, 0.05737, 0.05031, 0.04336, 0.03881, 0.03533, 0.03237, 0.03042, 0.02907, 0.02844 (0.02717)	KLD: 3.720, 3.494, 2.808, 2.803, 2.260, 2.227, 1.989, 1.726, 1.571, 1.224 (23.888)	Grad: 1824.3
[Epoch  22 (75.51s)]	ELBO (bits/dim): 2.64605, 2.82003, 2.92220, 3.01670, 3.07192, 3.11610, 3.14962, 3.17066, 3.18522, 3.19034 (3.20304)	Reconstruction error (/dim): 0.06765, 0.05714, 0.05011, 0.04323, 0.03867, 0.03517, 0.03223, 0.03028, 0.02893, 0.02831 (0.02700)	KLD: 3.735, 3.505, 2.812, 2.802, 2.262, 2.231, 1.981, 1.727, 1.572, 1.222 (23.499)	Grad: 1740.0
[Epoch  23 (74.64s)]	ELBO (bits/dim): 2.64690, 2.82192, 2.92432, 3.01833, 3.07354, 3.11735, 3.15063, 3.17186, 3.18633, 3.19159 (3.20566)	Reconstruction error (/dim): 0.06761, 0.05701, 0.04995, 0.04311, 0.03855, 0.03506, 0.03215, 0.03020, 0.02886, 0.02822 (0.02723)	KLD: 3.747, 3.511, 2.818, 2.807, 2.260, 2.236, 1.981, 1.727, 1.570, 1.212 (23.860)	Grad: 1843.5
[Epoch  24 (80.59s)]	ELBO (bits/dim): 2.64768, 2.82431, 2.92669, 3.02020, 3.07546, 3.11916, 3.15235, 3.17354, 3.18796, 3.19318 (3.20545)	Reconstruction error (/dim): 0.06753, 0.05684, 0.04980, 0.04298, 0.03843, 0.03494, 0.03204, 0.03009, 0.02876, 0.02813 (0.02712)	KLD: 3.755, 3.518, 2.825, 2.804, 2.261, 2.237, 1.969, 1.718, 1.574, 1.218 (24.125)	Grad: 1820.8
[Epoch  25 (74.26s)]	ELBO (bits/dim): 2.64903, 2.82635, 2.92850, 3.02124, 3.07652, 3.12022, 3.15318, 3.17417, 3.18847, 3.19374 (3.20933)	Reconstruction error (/dim): 0.06746, 0.05667, 0.04966, 0.04288, 0.03834, 0.03487, 0.03199, 0.03004, 0.02870, 0.02808 (0.02677)	KLD: 3.761, 3.518, 2.829, 2.813, 2.257, 2.233, 1.969, 1.722, 1.574, 1.206 (23.743)	Grad: 1869.8
[Epoch  26 (72.19s)]	ELBO (bits/dim): 2.65153, 2.82925, 2.93116, 3.02270, 3.07768, 3.12124, 3.15408, 3.17523, 3.18940, 3.19472 (3.21053)	Reconstruction error (/dim): 0.06727, 0.05643, 0.04948, 0.04279, 0.03825, 0.03480, 0.03193, 0.02996, 0.02866, 0.02805 (0.02670)	KLD: 3.774, 3.524, 2.827, 2.810, 2.254, 2.231, 1.969, 1.728, 1.573, 1.208 (23.350)	Grad: 1889.7
[Epoch  27 (76.75s)]	ELBO (bits/dim): 2.65208, 2.83111, 2.93311, 3.02428, 3.07960, 3.12318, 3.15602, 3.17702, 3.19108, 3.19647 (3.20980)	Reconstruction error (/dim): 0.06729, 0.05632, 0.04935, 0.04268, 0.03813, 0.03465, 0.03179, 0.02983, 0.02851, 0.02789 (0.02686)	KLD: 3.794, 3.529, 2.833, 2.821, 2.259, 2.239, 1.965, 1.724, 1.568, 1.193 (23.405)	Grad: 1849.2
[Epoch  28 (73.35s)]	ELBO (bits/dim): 2.65256, 2.83253, 2.93450, 3.02520, 3.08031, 3.12416, 3.15666, 3.17751, 3.19168, 3.19696 (3.21207)	Reconstruction error (/dim): 0.06728, 0.05624, 0.04925, 0.04259, 0.03806, 0.03458, 0.03174, 0.02980, 0.02848, 0.02786 (0.02651)	KLD: 3.789, 3.522, 2.835, 2.824, 2.257, 2.241, 1.957, 1.728, 1.569, 1.184 (23.595)	Grad: 1865.6
[Epoch  29 (74.51s)]	ELBO (bits/dim): 2.65322, 2.83347, 2.93546, 3.02574, 3.08100, 3.12451, 3.15672, 3.17782, 3.19172, 3.19712 (3.21017)	Reconstruction error (/dim): 0.06719, 0.05611, 0.04920, 0.04255, 0.03799, 0.03454, 0.03173, 0.02977, 0.02848, 0.02786 (0.02665)	KLD: 3.795, 3.529, 2.844, 2.820, 2.253, 2.242, 1.959, 1.726, 1.573, 1.181 (24.035)	Grad: 1922.1
[Epoch  30 (74.47s)]	ELBO (bits/dim): 2.65452, 2.83512, 2.93706, 3.02791, 3.08271, 3.12610, 3.15814, 3.17922, 3.19300, 3.19837 (3.20745)	Reconstruction error (/dim): 0.06714, 0.05606, 0.04913, 0.04240, 0.03788, 0.03442, 0.03164, 0.02968, 0.02839, 0.02778 (0.02667)	KLD: 3.812, 3.537, 2.841, 2.830, 2.252, 2.240, 1.954, 1.724, 1.570, 1.169 (24.418)	Grad: 1857.9
[Epoch  31 (82.25s)]	ELBO (bits/dim): 2.65613, 2.83652, 2.93842, 3.02811, 3.08271, 3.12617, 3.15804, 3.17907, 3.19276, 3.19822 (3.21037)	Reconstruction error (/dim): 0.06702, 0.05593, 0.04903, 0.04238, 0.03788, 0.03441, 0.03164, 0.02969, 0.02841, 0.02780 (0.02666)	KLD: 3.805, 3.547, 2.848, 2.830, 2.247, 2.247, 1.948, 1.718, 1.566, 1.176 (24.190)	Grad: 2066.1
[Epoch  32 (73.75s)]	ELBO (bits/dim): 2.65647, 2.83859, 2.93988, 3.02847, 3.08320, 3.12668, 3.15833, 3.17950, 3.19315, 3.19854 (3.21506)	Reconstruction error (/dim): 0.06699, 0.05579, 0.04895, 0.04237, 0.03784, 0.03436, 0.03161, 0.02964, 0.02838, 0.02777 (0.02658)	KLD: 3.813, 3.540, 2.846, 2.833, 2.243, 2.245, 1.956, 1.722, 1.567, 1.177 (23.882)	Grad: 1967.1
[Epoch  33 (81.83s)]	ELBO (bits/dim): 2.65654, 2.83902, 2.93962, 3.02899, 3.08352, 3.12692, 3.15865, 3.17975, 3.19362, 3.19906 (3.21139)	Reconstruction error (/dim): 0.06697, 0.05577, 0.04896, 0.04233, 0.03782, 0.03435, 0.03160, 0.02964, 0.02835, 0.02774 (0.02683)	KLD: 3.828, 3.536, 2.850, 2.830, 2.238, 2.258, 1.949, 1.721, 1.572, 1.170 (24.104)	Grad: 1974.9
[Epoch  34 (82.19s)]	ELBO (bits/dim): 2.65825, 2.84125, 2.94286, 3.03073, 3.08527, 3.12899, 3.16074, 3.18169, 3.19520, 3.20062 (3.21109)	Reconstruction error (/dim): 0.06683, 0.05554, 0.04870, 0.04219, 0.03769, 0.03420, 0.03143, 0.02948, 0.02821, 0.02762 (0.02661)	KLD: 3.825, 3.544, 2.857, 2.833, 2.240, 2.259, 1.950, 1.732, 1.576, 1.161 (24.058)	Grad: 1859.4
[Epoch  35 (74.84s)]	ELBO (bits/dim): 2.65809, 2.84102, 2.94348, 3.03037, 3.08506, 3.12874, 3.16087, 3.18195, 3.19554, 3.20121 (3.21488)	Reconstruction error (/dim): 0.06690, 0.05557, 0.04866, 0.04222, 0.03772, 0.03423, 0.03144, 0.02950, 0.02821, 0.02758 (0.02651)	KLD: 3.818, 3.548, 2.855, 2.838, 2.239, 2.249, 1.950, 1.732, 1.571, 1.175 (23.991)	Grad: 1925.2
[Epoch  36 (74.84s)]	ELBO (bits/dim): 2.65936, 2.84190, 2.94408, 3.03174, 3.08606, 3.12964, 3.16161, 3.18252, 3.19618, 3.20182 (3.21477)	Reconstruction error (/dim): 0.06684, 0.05558, 0.04863, 0.04215, 0.03768, 0.03419, 0.03143, 0.02947, 0.02820, 0.02758 (0.02636)	KLD: 3.816, 3.552, 2.858, 2.827, 2.239, 2.261, 1.947, 1.721, 1.566, 1.187 (23.961)	Grad: 1970.4
[Epoch  37 (75.33s)]	ELBO (bits/dim): 2.65975, 2.84268, 2.94537, 3.03286, 3.08737, 3.13097, 3.16242, 3.18347, 3.19689, 3.20250 (3.21422)	Reconstruction error (/dim): 0.06682, 0.05554, 0.04853, 0.04206, 0.03757, 0.03409, 0.03135, 0.02942, 0.02816, 0.02755 (0.02666)	KLD: 3.839, 3.555, 2.865, 2.832, 2.236, 2.262, 1.938, 1.718, 1.569, 1.195 (24.545)	Grad: 2125.0
[Epoch  38 (76.43s)]	ELBO (bits/dim): 2.66225, 2.84498, 2.94726, 3.03295, 3.08757, 3.13126, 3.16269, 3.18367, 3.19734, 3.20296 (3.21574)	Reconstruction error (/dim): 0.06655, 0.05523, 0.04837, 0.04206, 0.03755, 0.03407, 0.03135, 0.02940, 0.02812, 0.02751 (0.02637)	KLD: 3.838, 3.547, 2.861, 2.832, 2.242, 2.260, 1.941, 1.714, 1.571, 1.185 (23.737)	Grad: 2075.5
[Epoch  39 (76.07s)]	ELBO (bits/dim): 2.66140, 2.84514, 2.94742, 3.03329, 3.08797, 3.13181, 3.16328, 3.18401, 3.19756, 3.20321 (3.21756)	Reconstruction error (/dim): 0.06666, 0.05523, 0.04834, 0.04203, 0.03752, 0.03403, 0.03131, 0.02938, 0.02810, 0.02750 (0.02623)	KLD: 3.844, 3.552, 2.866, 2.839, 2.240, 2.272, 1.940, 1.718, 1.563, 1.190 (23.943)	Grad: 2245.4
[Epoch  40 (77.09s)]	ELBO (bits/dim): 2.66173, 2.84468, 2.94720, 3.03236, 3.08691, 3.13077, 3.16202, 3.18313, 3.19661, 3.20232 (3.21459)	Reconstruction error (/dim): 0.06662, 0.05526, 0.04829, 0.04208, 0.03760, 0.03411, 0.03140, 0.02944, 0.02817, 0.02758 (0.02643)	KLD: 3.851, 3.536, 2.875, 2.833, 2.234, 2.266, 1.939, 1.729, 1.557, 1.179 (23.516)	Grad: 2028.9
[Epoch  41 (75.96s)]	ELBO (bits/dim): 2.66296, 2.84713, 2.94955, 3.03529, 3.08932, 3.13326, 3.16410, 3.18513, 3.19866, 3.20407 (3.21458)	Reconstruction error (/dim): 0.06653, 0.05507, 0.04815, 0.04187, 0.03741, 0.03392, 0.03124, 0.02929, 0.02801, 0.02744 (0.02649)	KLD: 3.863, 3.548, 2.872, 2.834, 2.238, 2.268, 1.924, 1.732, 1.569, 1.191 (24.082)	Grad: 2034.4
[Epoch  42 (77.38s)]	ELBO (bits/dim): 2.66205, 2.84614, 2.94983, 3.03532, 3.08942, 3.13320, 3.16399, 3.18489, 3.19847, 3.20407 (3.21884)	Reconstruction error (/dim): 0.06658, 0.05514, 0.04814, 0.04189, 0.03741, 0.03392, 0.03126, 0.02932, 0.02804, 0.02746 (0.02623)	KLD: 3.849, 3.556, 2.871, 2.838, 2.243, 2.269, 1.923, 1.726, 1.557, 1.193 (23.974)	Grad: 2253.8
[Epoch  43 (78.72s)]	ELBO (bits/dim): 2.66395, 2.84867, 2.95125, 3.03657, 3.09029, 3.13407, 3.16481, 3.18559, 3.19944, 3.20515 (3.21863)	Reconstruction error (/dim): 0.06647, 0.05495, 0.04804, 0.04179, 0.03735, 0.03385, 0.03120, 0.02928, 0.02799, 0.02737 (0.02602)	KLD: 3.878, 3.564, 2.880, 2.843, 2.237, 2.270, 1.923, 1.719, 1.558, 1.205 (24.151)	Grad: 2131.2
[Epoch  44 (83.91s)]	ELBO (bits/dim): 2.66385, 2.84888, 2.95105, 3.03690, 3.09067, 3.13433, 3.16488, 3.18574, 3.19912, 3.20509 (3.21907)	Reconstruction error (/dim): 0.06653, 0.05498, 0.04806, 0.04173, 0.03732, 0.03384, 0.03118, 0.02925, 0.02799, 0.02738 (0.02613)	KLD: 3.870, 3.556, 2.868, 2.840, 2.239, 2.270, 1.920, 1.712, 1.564, 1.209 (24.183)	Grad: 2176.6
[Epoch  45 (85.32s)]	ELBO (bits/dim): 2.66414, 2.85036, 2.95231, 3.03845, 3.09236, 3.13625, 3.16659, 3.18751, 3.20097, 3.20690 (3.22208)	Reconstruction error (/dim): 0.06655, 0.05497, 0.04801, 0.04166, 0.03721, 0.03372, 0.03108, 0.02915, 0.02788, 0.02729 (0.02594)	KLD: 3.888, 3.573, 2.865, 2.842, 2.239, 2.275, 1.913, 1.707, 1.552, 1.216 (23.763)	Grad: 2147.7
[Epoch  46 (78.13s)]	ELBO (bits/dim): 2.66648, 2.85192, 2.95422, 3.03890, 3.09246, 3.13637, 3.16690, 3.18773, 3.20133, 3.20740 (3.21938)	Reconstruction error (/dim): 0.06636, 0.05479, 0.04783, 0.04161, 0.03719, 0.03370, 0.03107, 0.02915, 0.02787, 0.02724 (0.02625)	KLD: 3.894, 3.571, 2.876, 2.846, 2.243, 2.283, 1.920, 1.697, 1.561, 1.220 (24.119)	Grad: 2127.9
[Epoch  47 (76.50s)]	ELBO (bits/dim): 2.66423, 2.84952, 2.95289, 3.03725, 3.09100, 3.13467, 3.16534, 3.18629, 3.19969, 3.20580 (3.21795)	Reconstruction error (/dim): 0.06660, 0.05506, 0.04795, 0.04171, 0.03730, 0.03382, 0.03117, 0.02924, 0.02796, 0.02736 (0.02617)	KLD: 3.864, 3.580, 2.869, 2.847, 2.239, 2.275, 1.922, 1.697, 1.558, 1.223 (24.000)	Grad: 2277.1
[Epoch  48 (79.89s)]	ELBO (bits/dim): 2.66582, 2.85189, 2.95461, 3.03859, 3.09241, 3.13592, 3.16648, 3.18741, 3.20096, 3.20706 (3.22077)	Reconstruction error (/dim): 0.06638, 0.05482, 0.04784, 0.04161, 0.03719, 0.03373, 0.03108, 0.02915, 0.02788, 0.02726 (0.02596)	KLD: 3.870, 3.580, 2.885, 2.845, 2.238, 2.288, 1.915, 1.699, 1.558, 1.244 (23.855)	Grad: 2245.1
[Epoch  49 (87.57s)]	ELBO (bits/dim): 2.66625, 2.85346, 2.95594, 3.04031, 3.09396, 3.13775, 3.16834, 3.18922, 3.20266, 3.20875 (3.21912)	Reconstruction error (/dim): 0.06633, 0.05468, 0.04772, 0.04148, 0.03707, 0.03357, 0.03093, 0.02903, 0.02777, 0.02715 (0.02606)	KLD: 3.885, 3.579, 2.882, 2.851, 2.235, 2.284, 1.909, 1.701, 1.558, 1.228 (24.302)	Grad: 2148.1
[Epoch  50 (91.57s)]	ELBO (bits/dim): 2.66615, 2.85263, 2.95438, 3.03907, 3.09243, 3.13602, 3.16604, 3.18675, 3.20026, 3.20622 (3.21862)	Reconstruction error (/dim): 0.06637, 0.05472, 0.04785, 0.04157, 0.03716, 0.03370, 0.03111, 0.02920, 0.02795, 0.02733 (0.02623)	KLD: 3.882, 3.574, 2.875, 2.848, 2.239, 2.291, 1.907, 1.701, 1.554, 1.243 (23.947)	Grad: 2257.6
[Epoch  51 (87.68s)]	ELBO (bits/dim): 2.66865, 2.85563, 2.95813, 3.04164, 3.09505, 3.13867, 3.16823, 3.18920, 3.20266, 3.20876 (3.22314)	Reconstruction error (/dim): 0.06621, 0.05451, 0.04754, 0.04139, 0.03698, 0.03353, 0.03096, 0.02903, 0.02778, 0.02715 (0.02597)	KLD: 3.910, 3.584, 2.882, 2.851, 2.240, 2.275, 1.908, 1.694, 1.560, 1.246 (24.216)	Grad: 2129.2
[Epoch  52 (85.99s)]	ELBO (bits/dim): 2.66903, 2.85631, 2.95779, 3.04061, 3.09403, 3.13737, 3.16711, 3.18795, 3.20141, 3.20758 (3.21899)	Reconstruction error (/dim): 0.06623, 0.05440, 0.04756, 0.04146, 0.03705, 0.03362, 0.03104, 0.02913, 0.02787, 0.02725 (0.02617)	KLD: 3.917, 3.585, 2.882, 2.848, 2.241, 2.274, 1.914, 1.699, 1.552, 1.250 (24.172)	Grad: 2385.0
[Epoch  53 (88.71s)]	ELBO (bits/dim): 2.66619, 2.85079, 2.95089, 3.03554, 3.08853, 3.13149, 3.16208, 3.18314, 3.19666, 3.20301 (3.21898)	Reconstruction error (/dim): 0.06649, 0.05495, 0.04816, 0.04188, 0.03752, 0.03407, 0.03144, 0.02952, 0.02826, 0.02763 (0.02626)	KLD: 3.931, 3.584, 2.891, 2.837, 2.232, 2.264, 1.922, 1.700, 1.570, 1.257 (23.818)	Grad: 2527.2
[Epoch  54 (84.01s)]	ELBO (bits/dim): 2.66988, 2.85651, 2.95812, 3.04236, 3.09538, 3.13876, 3.16831, 3.18927, 3.20267, 3.20905 (3.22160)	Reconstruction error (/dim): 0.06616, 0.05441, 0.04756, 0.04135, 0.03698, 0.03352, 0.03095, 0.02905, 0.02779, 0.02714 (0.02589)	KLD: 3.921, 3.594, 2.890, 2.842, 2.249, 2.264, 1.903, 1.697, 1.563, 1.242 (24.179)	Grad: 2175.6
[Epoch  55 (79.84s)]	ELBO (bits/dim): 2.67043, 2.85786, 2.95997, 3.04370, 3.09674, 3.14057, 3.17020, 3.19091, 3.20443, 3.21076 (3.22031)	Reconstruction error (/dim): 0.06606, 0.05427, 0.04741, 0.04125, 0.03688, 0.03337, 0.03081, 0.02892, 0.02766, 0.02702 (0.02601)	KLD: 3.916, 3.594, 2.901, 2.848, 2.244, 2.276, 1.908, 1.691, 1.568, 1.248 (24.179)	Grad: 2166.4
[Epoch  56 (80.78s)]	ELBO (bits/dim): 2.67009, 2.85708, 2.95961, 3.04238, 3.09504, 3.13903, 3.16875, 3.18967, 3.20298, 3.20922 (3.21784)	Reconstruction error (/dim): 0.06612, 0.05432, 0.04746, 0.04135, 0.03702, 0.03350, 0.03093, 0.02900, 0.02776, 0.02713 (0.02648)	KLD: 3.910, 3.597, 2.897, 2.848, 2.240, 2.280, 1.912, 1.689, 1.562, 1.257 (24.528)	Grad: 2394.2
[Epoch  57 (88.26s)]	ELBO (bits/dim): 2.67060, 2.85790, 2.95964, 3.04259, 3.09559, 3.13922, 3.16879, 3.18994, 3.20313, 3.20942 (3.21908)	Reconstruction error (/dim): 0.06614, 0.05427, 0.04746, 0.04136, 0.03699, 0.03350, 0.03095, 0.02901, 0.02777, 0.02714 (0.02612)	KLD: 3.935, 3.585, 2.901, 2.848, 2.243, 2.263, 1.917, 1.695, 1.552, 1.256 (24.071)	Grad: 2333.5
[Epoch  58 (88.18s)]	ELBO (bits/dim): 2.67173, 2.85925, 2.96268, 3.04429, 3.09718, 3.14058, 3.17026, 3.19100, 3.20425, 3.21054 (3.22298)	Reconstruction error (/dim): 0.06600, 0.05412, 0.04717, 0.04120, 0.03683, 0.03338, 0.03080, 0.02889, 0.02767, 0.02703 (0.02601)	KLD: 3.929, 3.585, 2.903, 2.851, 2.243, 2.271, 1.912, 1.699, 1.549, 1.265 (23.945)	Grad: 2184.8
[Epoch  59 (88.46s)]	ELBO (bits/dim): 2.67265, 2.85938, 2.96351, 3.04390, 3.09634, 3.14020, 3.17028, 3.19096, 3.20431, 3.21086 (3.21967)	Reconstruction error (/dim): 0.06584, 0.05406, 0.04711, 0.04125, 0.03693, 0.03341, 0.03081, 0.02890, 0.02766, 0.02701 (0.02620)	KLD: 3.927, 3.586, 2.911, 2.851, 2.234, 2.279, 1.923, 1.704, 1.557, 1.275 (24.281)	Grad: 2213.4
[Epoch  60 (90.46s)]	ELBO (bits/dim): 2.67252, 2.85834, 2.96164, 3.04286, 3.09530, 3.13860, 3.16821, 3.18890, 3.20227, 3.20881 (3.22059)	Reconstruction error (/dim): 0.06595, 0.05419, 0.04728, 0.04133, 0.03699, 0.03349, 0.03096, 0.02906, 0.02783, 0.02717 (0.02628)	KLD: 3.909, 3.589, 2.906, 2.852, 2.239, 2.278, 1.909, 1.699, 1.559, 1.270 (24.130)	Grad: 2367.8
No improvement after 10 epochs...
Best epoch(s): [51]	Training time(s): 4578.14s (4578.14s)	Best ELBO (bits/dim): 3.21086 (3.22314)	Best reconstruction error (/dim): 0.08081 (0.06709)
Avg. mu: -0.003, -0.071, -0.030, 0.110, -0.259, -0.100, -0.026, 0.051, 0.059, -0.044
Avg. var: 0.001, 0.002, 0.005, 0.004, 0.013, 0.012, 0.026, 0.033, 0.048, 0.084
Max. mu: 4.609, 4.009, 4.518, 3.211, 4.541, 4.946, 3.620, 3.050, 3.727, 3.617
Max. var: 0.025, 0.037, 0.044, 0.029, 0.081, 0.070, 0.241, 0.213, 0.242, 0.273
Min. mu: -4.666, -4.589, -3.995, -4.169, -3.860, -3.932, -3.951, -3.523, -3.209, -3.292
Min. var: 0.000, 0.000, 0.000, 0.001, 0.004, 0.001, 0.004, 0.005, 0.006, 0.011
Cov. mu:
[[1.788 0.195 -0.108 -0.183 -0.013 0.094 0.237 -0.025 0.024 0.092]
 [0.195 1.541 0.004 -0.090 -0.031 -0.139 0.052 0.009 0.034 0.050]
 [-0.108 0.004 1.159 0.131 -0.055 -0.057 0.036 0.011 -0.025 0.058]
 [-0.183 -0.090 0.131 0.963 -0.002 -0.013 0.135 -0.039 -0.074 -0.050]
 [-0.013 -0.031 -0.055 -0.002 1.015 0.027 -0.018 0.002 -0.012 -0.010]
 [0.094 -0.139 -0.057 -0.013 0.027 0.972 -0.011 0.025 0.018 0.013]
 [0.237 0.052 0.036 0.135 -0.018 -0.011 0.910 -0.032 -0.009 -0.010]
 [-0.025 0.009 0.011 -0.039 0.002 0.025 -0.032 0.737 -0.019 0.004]
 [0.024 0.034 -0.025 -0.074 -0.012 0.018 -0.009 -0.019 0.792 0.032]
 [0.092 0.050 0.058 -0.050 -0.010 0.013 -0.010 0.004 0.032 0.832]]
