Encoder
=================================================================
Layer (type:depth-idx)                   Param #
=================================================================
Encoder                                  --
├─Linear: 1-1                            76,930
├─Linear: 1-2                            9,702
=================================================================
Total params: 86,632
Trainable params: 86,632
Non-trainable params: 0
=================================================================
Encoder Latents to Latents 0
=================================================================
Layer (type:depth-idx)                   Param #
=================================================================
EncoderLatentsToLatents                  --
├─Linear: 1-1                            9,702
├─Linear: 1-2                            99
├─Linear: 1-3                            99
=================================================================
Total params: 9,900
Trainable params: 9,900
Non-trainable params: 0
=================================================================
Encoder Latents to Latents 1
=================================================================
Layer (type:depth-idx)                   Param #
=================================================================
EncoderLatentsToLatents                  --
├─Linear: 1-1                            10,100
├─Linear: 1-2                            101
├─Linear: 1-3                            101
=================================================================
Total params: 10,302
Trainable params: 10,302
Non-trainable params: 0
=================================================================
Encoder Latents to Latents 2
=================================================================
Layer (type:depth-idx)                   Param #
=================================================================
EncoderLatentsToLatents                  --
├─Linear: 1-1                            10,506
├─Linear: 1-2                            103
├─Linear: 1-3                            103
=================================================================
Total params: 10,712
Trainable params: 10,712
Non-trainable params: 0
=================================================================
Encoder Latents to Latents 3
=================================================================
Layer (type:depth-idx)                   Param #
=================================================================
EncoderLatentsToLatents                  --
├─Linear: 1-1                            10,920
├─Linear: 1-2                            105
├─Linear: 1-3                            105
=================================================================
Total params: 11,130
Trainable params: 11,130
Non-trainable params: 0
=================================================================
Encoder Latents to Latents 4
=================================================================
Layer (type:depth-idx)                   Param #
=================================================================
EncoderLatentsToLatents                  --
├─Linear: 1-1                            11,342
├─Linear: 1-2                            107
├─Linear: 1-3                            107
=================================================================
Total params: 11,556
Trainable params: 11,556
Non-trainable params: 0
=================================================================
Encoder Latents to Latents 5
=================================================================
Layer (type:depth-idx)                   Param #
=================================================================
EncoderLatentsToLatents                  --
├─Linear: 1-1                            11,772
├─Linear: 1-2                            109
├─Linear: 1-3                            109
=================================================================
Total params: 11,990
Trainable params: 11,990
Non-trainable params: 0
=================================================================
Encoder Latents to Latents 6
=================================================================
Layer (type:depth-idx)                   Param #
=================================================================
EncoderLatentsToLatents                  --
├─Linear: 1-1                            12,210
├─Linear: 1-2                            111
├─Linear: 1-3                            111
=================================================================
Total params: 12,432
Trainable params: 12,432
Non-trainable params: 0
=================================================================
Encoder Latents to Latents 7
=================================================================
Layer (type:depth-idx)                   Param #
=================================================================
EncoderLatentsToLatents                  --
├─Linear: 1-1                            12,656
├─Linear: 1-2                            113
├─Linear: 1-3                            113
=================================================================
Total params: 12,882
Trainable params: 12,882
Non-trainable params: 0
=================================================================
Encoder Latents to Latents 8
=================================================================
Layer (type:depth-idx)                   Param #
=================================================================
EncoderLatentsToLatents                  --
├─Linear: 1-1                            13,110
├─Linear: 1-2                            115
├─Linear: 1-3                            115
=================================================================
Total params: 13,340
Trainable params: 13,340
Non-trainable params: 0
=================================================================
Encoder Latents to Latents 9
=================================================================
Layer (type:depth-idx)                   Param #
=================================================================
EncoderLatentsToLatents                  --
├─Linear: 1-1                            13,572
├─Linear: 1-2                            117
├─Linear: 1-3                            117
=================================================================
Total params: 13,806
Trainable params: 13,806
Non-trainable params: 0
=================================================================
Latents to Decoder 0
=================================================================
Layer (type:depth-idx)                   Param #
=================================================================
LatentsToDecoder                         --
├─Linear: 1-1                            196
=================================================================
Total params: 196
Trainable params: 196
Non-trainable params: 0
=================================================================
Latents to Decoder 1
=================================================================
Layer (type:depth-idx)                   Param #
=================================================================
LatentsToDecoder                         --
├─Linear: 1-1                            196
=================================================================
Total params: 196
Trainable params: 196
Non-trainable params: 0
=================================================================
Latents to Decoder 2
=================================================================
Layer (type:depth-idx)                   Param #
=================================================================
LatentsToDecoder                         --
├─Linear: 1-1                            196
=================================================================
Total params: 196
Trainable params: 196
Non-trainable params: 0
=================================================================
Latents to Decoder 3
=================================================================
Layer (type:depth-idx)                   Param #
=================================================================
LatentsToDecoder                         --
├─Linear: 1-1                            196
=================================================================
Total params: 196
Trainable params: 196
Non-trainable params: 0
=================================================================
Latents to Decoder 4
=================================================================
Layer (type:depth-idx)                   Param #
=================================================================
LatentsToDecoder                         --
├─Linear: 1-1                            196
=================================================================
Total params: 196
Trainable params: 196
Non-trainable params: 0
=================================================================
Latents to Decoder 5
=================================================================
Layer (type:depth-idx)                   Param #
=================================================================
LatentsToDecoder                         --
├─Linear: 1-1                            196
=================================================================
Total params: 196
Trainable params: 196
Non-trainable params: 0
=================================================================
Latents to Decoder 6
=================================================================
Layer (type:depth-idx)                   Param #
=================================================================
LatentsToDecoder                         --
├─Linear: 1-1                            196
=================================================================
Total params: 196
Trainable params: 196
Non-trainable params: 0
=================================================================
Latents to Decoder 7
=================================================================
Layer (type:depth-idx)                   Param #
=================================================================
LatentsToDecoder                         --
├─Linear: 1-1                            196
=================================================================
Total params: 196
Trainable params: 196
Non-trainable params: 0
=================================================================
Latents to Decoder 8
=================================================================
Layer (type:depth-idx)                   Param #
=================================================================
LatentsToDecoder                         --
├─Linear: 1-1                            196
=================================================================
Total params: 196
Trainable params: 196
Non-trainable params: 0
=================================================================
Latents to Decoder 9
=================================================================
Layer (type:depth-idx)                   Param #
=================================================================
LatentsToDecoder                         --
├─Linear: 1-1                            196
=================================================================
Total params: 196
Trainable params: 196
Non-trainable params: 0
=================================================================
Decoder
=================================================================
Layer (type:depth-idx)                   Param #
=================================================================
Decoder                                  --
├─Linear: 1-1                            9,702
├─Linear: 1-2                            77,616
=================================================================
Total params: 87,318
Trainable params: 87,318
Non-trainable params: 0
=================================================================
Training model 1/10...
[Epoch   1 (8.54s)]	ELBO: 1262.832 (1388.606)	Log prob: 1270.745 (1393.458)	KLD: 7.912 (4.851)	Grad: 0.324
[Epoch   2 (11.40s)]	ELBO: 1406.332 (1415.813)	Log prob: 1410.686 (1419.748)	KLD: 4.355 (3.935)	Grad: 0.234
[Epoch   3 (13.80s)]	ELBO: 1422.104 (1426.024)	Log prob: 1425.784 (1429.542)	KLD: 3.681 (3.519)	Grad: 0.211
[Epoch   4 (10.88s)]	ELBO: 1431.525 (1435.228)	Log prob: 1435.094 (1438.855)	KLD: 3.569 (3.627)	Grad: 0.223
[Epoch   5 (16.10s)]	ELBO: 1438.916 (1442.352)	Log prob: 1442.656 (1446.204)	KLD: 3.741 (3.851)	Grad: 0.240
[Epoch   6 (13.32s)]	ELBO: 1446.578 (1449.496)	Log prob: 1450.523 (1453.683)	KLD: 3.946 (4.187)	Grad: 0.307
[Epoch   7 (14.45s)]	ELBO: 1455.997 (1460.979)	Log prob: 1460.169 (1465.237)	KLD: 4.172 (4.258)	Grad: 0.356
[Epoch   8 (16.14s)]	ELBO: 1464.781 (1468.164)	Log prob: 1469.152 (1472.526)	KLD: 4.371 (4.362)	Grad: 0.429
[Epoch   9 (14.73s)]	ELBO: 1471.635 (1472.294)	Log prob: 1476.077 (1476.703)	KLD: 4.441 (4.409)	Grad: 0.433
[Epoch  10 (23.20s)]	ELBO: 1477.166 (1476.779)	Log prob: 1481.729 (1481.148)	KLD: 4.563 (4.370)	Grad: 0.429
Training model 2/10...
[Epoch   1 (26.42s)]	ELBO: 1495.079 (1516.752)	Log prob: 1501.304 (1523.522)	KLD: 1.553 (6.770)	Grad: 0.179
[Epoch   2 (28.45s)]	ELBO: 1523.006 (1518.352)	Log prob: 1530.325 (1525.838)	KLD: 2.474 (7.487)	Grad: 0.204
[Epoch   3 (26.99s)]	ELBO: 1529.730 (1531.242)	Log prob: 1537.319 (1538.665)	KLD: 2.757 (7.422)	Grad: 0.217
[Epoch   4 (27.39s)]	ELBO: 1535.831 (1541.539)	Log prob: 1543.682 (1549.325)	KLD: 2.897 (7.787)	Grad: 0.210
[Epoch   5 (28.09s)]	ELBO: 1544.462 (1544.971)	Log prob: 1552.349 (1552.846)	KLD: 2.979 (7.875)	Grad: 0.246
[Epoch   6 (21.41s)]	ELBO: 1548.181 (1549.154)	Log prob: 1556.199 (1557.290)	KLD: 3.056 (8.136)	Grad: 0.243
[Epoch   7 (24.50s)]	ELBO: 1552.578 (1553.441)	Log prob: 1560.713 (1561.475)	KLD: 3.121 (8.034)	Grad: 0.252
[Epoch   8 (26.73s)]	ELBO: 1556.842 (1556.732)	Log prob: 1564.994 (1564.903)	KLD: 3.154 (8.171)	Grad: 0.242
[Epoch   9 (25.13s)]	ELBO: 1559.693 (1558.591)	Log prob: 1567.910 (1566.771)	KLD: 3.168 (8.180)	Grad: 0.258
[Epoch  10 (24.17s)]	ELBO: 1560.994 (1558.740)	Log prob: 1569.252 (1567.120)	KLD: 3.210 (8.380)	Grad: 0.264
Training model 3/10...
[Epoch   1 (33.53s)]	ELBO: 1560.818 (1570.245)	Log prob: 1571.072 (1580.956)	KLD: 1.878 (10.711)	Grad: 0.353
[Epoch   2 (36.64s)]	ELBO: 1578.313 (1581.227)	Log prob: 1588.957 (1591.931)	KLD: 2.210 (10.704)	Grad: 0.351
[Epoch   3 (34.76s)]	ELBO: 1583.212 (1565.709)	Log prob: 1593.975 (1576.738)	KLD: 2.207 (11.029)	Grad: 0.343
[Epoch   4 (28.13s)]	ELBO: 1580.529 (1586.412)	Log prob: 1591.368 (1597.268)	KLD: 2.181 (10.856)	Grad: 0.356
[Epoch   5 (31.43s)]	ELBO: 1591.552 (1593.473)	Log prob: 1602.251 (1603.944)	KLD: 2.163 (10.472)	Grad: 0.346
[Epoch   6 (36.55s)]	ELBO: 1596.948 (1594.312)	Log prob: 1607.665 (1605.191)	KLD: 2.149 (10.879)	Grad: 0.327
[Epoch   7 (36.62s)]	ELBO: 1599.180 (1593.491)	Log prob: 1609.895 (1604.027)	KLD: 2.130 (10.536)	Grad: 0.314
[Epoch   8 (33.13s)]	ELBO: 1601.177 (1599.869)	Log prob: 1611.957 (1610.720)	KLD: 2.129 (10.851)	Grad: 0.307
[Epoch   9 (28.30s)]	ELBO: 1602.916 (1601.589)	Log prob: 1613.720 (1612.224)	KLD: 2.124 (10.635)	Grad: 0.296
[Epoch  10 (28.86s)]	ELBO: 1604.765 (1604.374)	Log prob: 1615.523 (1615.108)	KLD: 2.132 (10.734)	Grad: 0.291
Training model 4/10...
[Epoch   1 (38.17s)]	ELBO: 1596.664 (1600.755)	Log prob: 1609.507 (1613.808)	KLD: 1.897 (13.053)	Grad: 0.373
[Epoch   2 (40.52s)]	ELBO: 1611.029 (1611.571)	Log prob: 1623.978 (1624.380)	KLD: 2.070 (12.809)	Grad: 0.347
[Epoch   3 (43.35s)]	ELBO: 1615.495 (1611.036)	Log prob: 1628.447 (1623.628)	KLD: 2.064 (12.593)	Grad: 0.353
[Epoch   4 (36.88s)]	ELBO: 1617.881 (1617.107)	Log prob: 1630.764 (1629.812)	KLD: 2.029 (12.705)	Grad: 0.300
[Epoch   5 (34.97s)]	ELBO: 1622.055 (1620.453)	Log prob: 1634.943 (1633.111)	KLD: 1.981 (12.658)	Grad: 0.305
[Epoch   6 (29.69s)]	ELBO: 1620.521 (1613.700)	Log prob: 1633.451 (1626.540)	KLD: 1.940 (12.840)	Grad: 0.300
[Epoch   7 (29.23s)]	ELBO: 1622.550 (1622.755)	Log prob: 1635.505 (1635.832)	KLD: 1.904 (13.078)	Grad: 0.300
[Epoch   8 (28.76s)]	ELBO: 1625.767 (1626.860)	Log prob: 1638.590 (1639.845)	KLD: 1.892 (12.985)	Grad: 0.286
[Epoch   9 (29.41s)]	ELBO: 1628.131 (1625.225)	Log prob: 1640.989 (1638.163)	KLD: 1.884 (12.938)	Grad: 0.275
[Epoch  10 (31.00s)]	ELBO: 1627.828 (1625.977)	Log prob: 1640.659 (1638.678)	KLD: 1.847 (12.701)	Grad: 0.270
Training model 5/10...
[Epoch   1 (37.49s)]	ELBO: 1616.150 (1627.203)	Log prob: 1630.976 (1642.035)	KLD: 1.969 (14.832)	Grad: 0.405
[Epoch   2 (40.62s)]	ELBO: 1630.450 (1633.053)	Log prob: 1645.332 (1647.587)	KLD: 1.969 (14.533)	Grad: 0.347
[Epoch   3 (39.24s)]	ELBO: 1634.653 (1630.587)	Log prob: 1649.590 (1645.231)	KLD: 1.959 (14.644)	Grad: 0.340
[Epoch   4 (39.03s)]	ELBO: 1637.719 (1638.128)	Log prob: 1652.635 (1653.072)	KLD: 1.911 (14.945)	Grad: 0.320
[Epoch   5 (38.35s)]	ELBO: 1641.854 (1643.947)	Log prob: 1656.744 (1658.645)	KLD: 1.858 (14.698)	Grad: 0.296
[Epoch   6 (36.35s)]	ELBO: 1644.668 (1643.787)	Log prob: 1659.516 (1658.409)	KLD: 1.826 (14.622)	Grad: 0.285
[Epoch   7 (36.62s)]	ELBO: 1642.773 (1646.086)	Log prob: 1657.539 (1660.905)	KLD: 1.775 (14.819)	Grad: 0.284
[Epoch   8 (36.16s)]	ELBO: 1647.307 (1647.649)	Log prob: 1662.053 (1662.373)	KLD: 1.734 (14.725)	Grad: 0.269
[Epoch   9 (36.34s)]	ELBO: 1649.008 (1647.783)	Log prob: 1663.760 (1662.452)	KLD: 1.715 (14.669)	Grad: 0.257
[Epoch  10 (36.53s)]	ELBO: 1651.546 (1642.707)	Log prob: 1666.304 (1657.172)	KLD: 1.697 (14.465)	Grad: 0.247
Training model 6/10...
[Epoch   1 (44.26s)]	ELBO: 1639.284 (1640.502)	Log prob: 1656.270 (1657.646)	KLD: 2.151 (17.144)	Grad: 0.388
[Epoch   2 (45.11s)]	ELBO: 1645.382 (1645.968)	Log prob: 1662.366 (1662.895)	KLD: 2.029 (16.927)	Grad: 0.313
[Epoch   3 (45.02s)]	ELBO: 1647.929 (1649.133)	Log prob: 1664.865 (1666.054)	KLD: 1.957 (16.921)	Grad: 0.303
[Epoch   4 (45.67s)]	ELBO: 1654.282 (1653.853)	Log prob: 1671.099 (1670.762)	KLD: 1.898 (16.909)	Grad: 0.277
[Epoch   5 (43.76s)]	ELBO: 1658.311 (1659.330)	Log prob: 1675.046 (1676.251)	KLD: 1.836 (16.921)	Grad: 0.259
[Epoch   6 (48.04s)]	ELBO: 1660.093 (1661.373)	Log prob: 1676.845 (1678.107)	KLD: 1.791 (16.733)	Grad: 0.263
[Epoch   7 (47.06s)]	ELBO: 1661.897 (1662.309)	Log prob: 1678.644 (1679.060)	KLD: 1.738 (16.751)	Grad: 0.242
[Epoch   8 (47.13s)]	ELBO: 1662.436 (1659.245)	Log prob: 1679.196 (1675.868)	KLD: 1.705 (16.623)	Grad: 0.255
[Epoch   9 (50.45s)]	ELBO: 1659.019 (1655.603)	Log prob: 1675.740 (1672.548)	KLD: 1.640 (16.945)	Grad: 0.259
[Epoch  10 (48.40s)]	ELBO: 1661.002 (1664.155)	Log prob: 1677.719 (1680.818)	KLD: 1.603 (16.663)	Grad: 0.259
Training model 7/10...
[Epoch   1 (66.58s)]	ELBO: 1654.232 (1662.955)	Log prob: 1672.616 (1681.418)	KLD: 1.727 (18.463)	Grad: 0.318
[Epoch   2 (71.78s)]	ELBO: 1664.324 (1665.717)	Log prob: 1682.693 (1683.725)	KLD: 1.801 (18.008)	Grad: 0.277
[Epoch   3 (76.47s)]	ELBO: 1667.833 (1658.165)	Log prob: 1686.156 (1676.439)	KLD: 1.759 (18.274)	Grad: 0.262
[Epoch   4 (78.71s)]	ELBO: 1667.937 (1670.880)	Log prob: 1686.219 (1689.107)	KLD: 1.720 (18.227)	Grad: 0.268
[Epoch   5 (80.53s)]	ELBO: 1672.558 (1670.729)	Log prob: 1690.864 (1688.774)	KLD: 1.711 (18.045)	Grad: 0.235
[Epoch   6 (75.97s)]	ELBO: 1671.967 (1674.343)	Log prob: 1690.323 (1692.790)	KLD: 1.695 (18.448)	Grad: 0.264
[Epoch   7 (69.29s)]	ELBO: 1674.938 (1670.528)	Log prob: 1693.194 (1688.902)	KLD: 1.644 (18.374)	Grad: 0.238
[Epoch   8 (66.33s)]	ELBO: 1676.180 (1673.920)	Log prob: 1694.395 (1691.929)	KLD: 1.618 (18.008)	Grad: 0.234
[Epoch   9 (67.43s)]	ELBO: 1677.765 (1677.495)	Log prob: 1695.921 (1695.586)	KLD: 1.568 (18.091)	Grad: 0.224
[Epoch  10 (67.45s)]	ELBO: 1678.579 (1677.283)	Log prob: 1696.722 (1695.459)	KLD: 1.519 (18.176)	Grad: 0.230
Training model 8/10...
[Epoch   1 (76.02s)]	ELBO: 1668.450 (1678.013)	Log prob: 1688.462 (1697.854)	KLD: 1.808 (19.841)	Grad: 0.350
[Epoch   2 (74.44s)]	ELBO: 1679.380 (1679.585)	Log prob: 1699.211 (1699.421)	KLD: 1.655 (19.836)	Grad: 0.275
[Epoch   3 (75.19s)]	ELBO: 1682.006 (1681.231)	Log prob: 1701.722 (1700.857)	KLD: 1.528 (19.626)	Grad: 0.252
[Epoch   4 (78.88s)]	ELBO: 1682.488 (1679.490)	Log prob: 1702.181 (1699.220)	KLD: 1.484 (19.730)	Grad: 0.262
[Epoch   5 (83.39s)]	ELBO: 1684.796 (1683.994)	Log prob: 1704.445 (1703.625)	KLD: 1.445 (19.632)	Grad: 0.247
[Epoch   6 (77.18s)]	ELBO: 1685.281 (1685.440)	Log prob: 1704.932 (1704.840)	KLD: 1.426 (19.400)	Grad: 0.245
[Epoch   7 (80.29s)]	ELBO: 1685.545 (1685.622)	Log prob: 1705.143 (1705.234)	KLD: 1.410 (19.611)	Grad: 0.246
[Epoch   8 (77.88s)]	ELBO: 1685.975 (1682.278)	Log prob: 1705.570 (1701.888)	KLD: 1.383 (19.610)	Grad: 0.243
[Epoch   9 (94.39s)]	ELBO: 1688.511 (1689.553)	Log prob: 1708.130 (1709.143)	KLD: 1.373 (19.591)	Grad: 0.244
[Epoch  10 (103.04s)]	ELBO: 1689.969 (1688.850)	Log prob: 1709.625 (1708.460)	KLD: 1.386 (19.610)	Grad: 0.243
Training model 9/10...
[Epoch   1 (121.72s)]	ELBO: 1679.054 (1686.505)	Log prob: 1700.875 (1708.313)	KLD: 2.057 (21.808)	Grad: 0.464
[Epoch   2 (141.24s)]	ELBO: 1690.175 (1691.268)	Log prob: 1711.665 (1712.368)	KLD: 1.741 (21.100)	Grad: 0.296
[Epoch   3 (138.48s)]	ELBO: 1692.084 (1694.275)	Log prob: 1713.236 (1715.497)	KLD: 1.410 (21.222)	Grad: 0.265
[Epoch   4 (135.64s)]	ELBO: 1695.529 (1696.194)	Log prob: 1716.497 (1716.896)	KLD: 1.263 (20.702)	Grad: 0.224
[Epoch   5 (138.78s)]	ELBO: 1693.543 (1693.627)	Log prob: 1714.389 (1714.391)	KLD: 1.128 (20.764)	Grad: 0.228
[Epoch   6 (139.32s)]	ELBO: 1698.208 (1700.393)	Log prob: 1719.066 (1721.153)	KLD: 1.132 (20.760)	Grad: 0.219
[Epoch   7 (132.09s)]	ELBO: 1700.808 (1698.916)	Log prob: 1721.643 (1719.640)	KLD: 1.055 (20.724)	Grad: 0.217
[Epoch   8 (106.33s)]	ELBO: 1696.672 (1697.241)	Log prob: 1717.601 (1717.802)	KLD: 1.067 (20.561)	Grad: 0.237
[Epoch   9 (95.05s)]	ELBO: 1701.139 (1701.628)	Log prob: 1721.980 (1722.370)	KLD: 1.015 (20.742)	Grad: 0.216
[Epoch  10 (86.87s)]	ELBO: 1702.728 (1704.438)	Log prob: 1723.548 (1725.293)	KLD: 0.983 (20.855)	Grad: 0.214
Training model 10/10...
[Epoch   1 (94.00s)]	ELBO: 1693.205 (1700.630)	Log prob: 1716.111 (1723.260)	KLD: 2.006 (22.630)	Grad: 0.453
[Epoch   2 (101.09s)]	ELBO: 1702.671 (1700.657)	Log prob: 1725.380 (1723.105)	KLD: 1.827 (22.448)	Grad: 0.324
[Epoch   3 (94.46s)]	ELBO: 1703.198 (1704.445)	Log prob: 1725.743 (1726.816)	KLD: 1.641 (22.371)	Grad: 0.295
[Epoch   4 (95.01s)]	ELBO: 1706.708 (1706.483)	Log prob: 1729.183 (1728.828)	KLD: 1.521 (22.344)	Grad: 0.246
[Epoch   5 (91.43s)]	ELBO: 1707.750 (1707.511)	Log prob: 1730.179 (1730.027)	KLD: 1.431 (22.516)	Grad: 0.247
[Epoch   6 (88.13s)]	ELBO: 1707.396 (1705.954)	Log prob: 1729.799 (1728.309)	KLD: 1.352 (22.355)	Grad: 0.242
[Epoch   7 (87.57s)]	ELBO: 1709.418 (1707.563)	Log prob: 1731.781 (1729.781)	KLD: 1.263 (22.218)	Grad: 0.225
[Epoch   8 (93.15s)]	ELBO: 1709.229 (1705.511)	Log prob: 1731.553 (1727.932)	KLD: 1.161 (22.421)	Grad: 0.226
[Epoch   9 (88.38s)]	ELBO: 1706.884 (1705.187)	Log prob: 1729.149 (1727.228)	KLD: 1.074 (22.041)	Grad: 0.234
[Epoch  10 (95.98s)]	ELBO: 1711.638 (1710.525)	Log prob: 1733.825 (1732.587)	KLD: 1.013 (22.062)	Grad: 0.208
Best epoch(s): [10, 10, 10, 8, 9, 10, 9, 9, 10, 10]	Training time(s): 142.54s, 259.28s, 327.96s, 341.97s, 376.72s, 464.88s, 720.55s, 820.70s, 1235.51s, 929.20s (5619.31s)	Best ELBO: 1711.638 (1710.525)	Best log prob: 1733.825 (1732.587)
Avg. mu: -0.134, 0.288, -0.176, 0.110, -0.116, -0.024, -0.066, -0.156, 0.058, -0.170
Avg. var: 0.001, 0.002, 0.008, 0.014, 0.025, 0.037, 0.050, 0.071, 0.126, 0.077
Max. mu: 5.468, 5.878, 5.629, 4.631, 4.188, 3.942, 4.357, 4.363, 3.853, 1.573
Max. var: 0.049, 0.022, 0.036, 0.082, 0.178, 0.290, 0.194, 0.323, 0.459, 0.270
Min. mu: -5.551, -4.046, -3.835, -4.663, -4.410, -4.510, -4.815, -3.996, -4.112, -1.831
Min. var: 0.000, 0.000, 0.001, 0.002, 0.005, 0.003, 0.009, 0.022, 0.014, 0.009
Cov. mu:
[[2.820 0.318 -0.069 0.002 -0.137 0.158 -0.046 -0.107 0.146 0.053]
 [0.318 1.303 0.076 0.036 -0.215 0.008 0.035 -0.041 -0.017 -0.086]
 [-0.069 0.076 1.154 -0.015 -0.106 -0.044 0.033 -0.043 -0.032 -0.023]
 [0.002 0.036 -0.015 1.094 -0.050 -0.058 -0.025 -0.009 0.005 0.007]
 [-0.137 -0.215 -0.106 -0.050 1.050 0.052 -0.004 0.044 -0.012 -0.004]
 [0.158 0.008 -0.044 -0.058 0.052 0.946 -0.023 0.022 -0.017 -0.013]
 [-0.046 0.035 0.033 -0.025 -0.004 -0.023 1.004 0.017 0.042 0.001]
 [-0.107 -0.041 -0.043 -0.009 0.044 0.022 0.017 0.940 -0.036 0.046]
 [0.146 -0.017 -0.032 0.005 -0.012 -0.017 0.042 -0.036 0.776 0.054]
 [0.053 -0.086 -0.023 0.007 -0.004 -0.013 0.001 0.046 0.054 0.214]]
