Encoder
=================================================================
Layer (type:depth-idx)                   Param #
=================================================================
Encoder                                  --
├─Linear: 1-1                            31,400
├─Linear: 1-2                            1,640
=================================================================
Total params: 33,040
Trainable params: 33,040
Non-trainable params: 0
=================================================================
Encoder to Latent
=================================================================
Layer (type:depth-idx)                   Param #
=================================================================
EncoderToLatents                         --
├─Linear: 1-1                            82
├─Linear: 1-2                            82
=================================================================
Total params: 164
Trainable params: 164
Non-trainable params: 0
=================================================================
Latents to Latents
=================================================================
Layer (type:depth-idx)                   Param #
=================================================================
LatentsToLatents                         --
├─Linear: 1-1                            72
├─Linear: 1-2                            18
├─Linear: 1-3                            18
=================================================================
Total params: 108
Trainable params: 108
Non-trainable params: 0
=================================================================
Latents to Decoder 0
=================================================================
Layer (type:depth-idx)                   Param #
=================================================================
LatentsToDecoder                         --
├─Linear: 1-1                            120
=================================================================
Total params: 120
Trainable params: 120
Non-trainable params: 0
=================================================================
Latents to Decoder 1
=================================================================
Layer (type:depth-idx)                   Param #
=================================================================
LatentsToDecoder                         --
├─Linear: 1-1                            120
=================================================================
Total params: 120
Trainable params: 120
Non-trainable params: 0
=================================================================
Latents to Decoder 2
=================================================================
Layer (type:depth-idx)                   Param #
=================================================================
LatentsToDecoder                         --
├─Linear: 1-1                            120
=================================================================
Total params: 120
Trainable params: 120
Non-trainable params: 0
=================================================================
Latents to Decoder 3
=================================================================
Layer (type:depth-idx)                   Param #
=================================================================
LatentsToDecoder                         --
├─Linear: 1-1                            120
=================================================================
Total params: 120
Trainable params: 120
Non-trainable params: 0
=================================================================
Latents to Decoder 4
=================================================================
Layer (type:depth-idx)                   Param #
=================================================================
LatentsToDecoder                         --
├─Linear: 1-1                            120
=================================================================
Total params: 120
Trainable params: 120
Non-trainable params: 0
=================================================================
Decoder
=================================================================
Layer (type:depth-idx)                   Param #
=================================================================
Decoder                                  --
├─Linear: 1-1                            1,640
├─Linear: 1-2                            32,144
=================================================================
Total params: 33,784
Trainable params: 33,784
Non-trainable params: 0
=================================================================
[Epoch   1 (66.33s)]	ELBO: 1110.050, 1181.273, 1207.639, 1211.537, 1209.097 (1347.084)	Log prob: 1126.050, 1198.111, 1225.198, 1229.787, 1228.026 (1358.753)	KLD: 16.000, 16.838, 17.560, 18.250, 18.929 (11.668)	Grad: 0.383, 0.518, 0.532, 0.511, 0.521
[Epoch   2 (63.58s)]	ELBO: 1365.023, 1371.117, 1370.799, 1369.524, 1367.837 (1393.712)	Log prob: 1371.838, 1379.011, 1379.771, 1379.571, 1378.957 (1404.703)	KLD: 6.815, 7.895, 8.972, 10.046, 11.120 (10.992)	Grad: 0.196, 0.253, 0.267, 0.277, 0.314
[Epoch   3 (56.43s)]	ELBO: 1406.889, 1408.703, 1407.903, 1406.945, 1405.737 (1418.607)	Log prob: 1413.628, 1416.612, 1416.965, 1417.149, 1417.090 (1429.757)	KLD: 6.739, 7.909, 9.061, 10.204, 11.352 (11.151)	Grad: 0.118, 0.176, 0.233, 0.296, 0.366
[Epoch   4 (55.31s)]	ELBO: 1434.004, 1438.235, 1438.179, 1437.510, 1436.811 (1460.252)	Log prob: 1440.763, 1445.959, 1446.830, 1447.083, 1447.308 (1471.150)	KLD: 6.758, 7.724, 8.650, 9.573, 10.497 (10.898)	Grad: 0.118, 0.197, 0.273, 0.355, 0.440
[Epoch   5 (60.56s)]	ELBO: 1465.944, 1475.400, 1476.370, 1475.993, 1475.226 (1499.032)	Log prob: 1473.379, 1484.005, 1485.986, 1486.583, 1486.764 (1511.500)	KLD: 7.435, 8.604, 9.617, 10.589, 11.538 (12.468)	Grad: 0.131, 0.241, 0.352, 0.461, 0.574
[Epoch   6 (58.05s)]	ELBO: 1483.002, 1510.820, 1511.795, 1511.380, 1510.522 (1521.760)	Log prob: 1490.540, 1520.510, 1522.674, 1523.387, 1523.619 (1535.199)	KLD: 7.538, 9.689, 10.879, 12.006, 13.096 (13.438)	Grad: 0.146, 0.265, 0.389, 0.515, 0.644
[Epoch   7 (58.87s)]	ELBO: 1494.527, 1533.842, 1534.838, 1533.910, 1532.609 (1543.491)	Log prob: 1502.095, 1544.260, 1547.018, 1547.832, 1548.236 (1559.788)	KLD: 7.568, 10.417, 12.179, 13.921, 15.628 (16.297)	Grad: 0.154, 0.276, 0.404, 0.535, 0.669
[Epoch   8 (55.48s)]	ELBO: 1497.912, 1551.545, 1551.816, 1550.430, 1548.612 (1555.940)	Log prob: 1505.323, 1562.420, 1564.766, 1565.388, 1565.537 (1572.804)	KLD: 7.410, 10.875, 12.948, 14.959, 16.926 (16.863)	Grad: 0.154, 0.273, 0.398, 0.526, 0.657
[Epoch   9 (60.07s)]	ELBO: 1500.722, 1562.933, 1562.857, 1561.417, 1559.621 (1564.419)	Log prob: 1508.054, 1573.991, 1575.989, 1576.558, 1576.726 (1581.441)	KLD: 7.333, 11.058, 13.130, 15.141, 17.104 (17.022)	Grad: 0.144, 0.242, 0.351, 0.463, 0.578
[Epoch  10 (62.15s)]	ELBO: 1503.036, 1571.259, 1570.936, 1569.427, 1567.582 (1572.066)	Log prob: 1510.358, 1582.477, 1584.222, 1584.722, 1584.846 (1589.358)	KLD: 7.323, 11.217, 13.286, 15.295, 17.263 (17.292)	Grad: 0.160, 0.268, 0.386, 0.510, 0.637
[Epoch  11 (59.17s)]	ELBO: 1504.783, 1578.069, 1577.548, 1575.994, 1574.135 (1578.146)	Log prob: 1512.082, 1589.434, 1591.008, 1591.488, 1591.631 (1595.614)	KLD: 7.299, 11.363, 13.460, 15.495, 17.496 (17.468)	Grad: 0.164, 0.266, 0.381, 0.502, 0.628
[Epoch  12 (60.32s)]	ELBO: 1506.559, 1583.594, 1582.975, 1581.290, 1579.372 (1582.062)	Log prob: 1513.844, 1595.078, 1596.583, 1596.964, 1597.084 (1599.576)	KLD: 7.283, 11.483, 13.608, 15.674, 17.712 (17.513)	Grad: 0.169, 0.271, 0.388, 0.512, 0.639
[Epoch  13 (70.98s)]	ELBO: 1508.083, 1588.457, 1587.734, 1586.017, 1584.035 (1587.177)	Log prob: 1515.355, 1600.009, 1601.439, 1601.821, 1601.912 (1605.020)	KLD: 7.271, 11.550, 13.706, 15.805, 17.879 (17.842)	Grad: 0.175, 0.274, 0.391, 0.515, 0.643
[Epoch  14 (63.61s)]	ELBO: 1509.520, 1592.622, 1591.884, 1590.086, 1588.075 (1590.567)	Log prob: 1516.768, 1604.219, 1605.675, 1606.013, 1606.119 (1608.311)	KLD: 7.248, 11.596, 13.791, 15.928, 18.044 (17.744)	Grad: 0.176, 0.276, 0.393, 0.519, 0.649
[Epoch  15 (69.31s)]	ELBO: 1510.992, 1596.144, 1595.456, 1593.548, 1591.539 (1594.033)	Log prob: 1518.226, 1607.786, 1609.332, 1609.603, 1609.751 (1612.270)	KLD: 7.234, 11.642, 13.877, 16.054, 18.211 (18.238)	Grad: 0.183, 0.286, 0.407, 0.537, 0.671
[Epoch  16 (71.23s)]	ELBO: 1512.578, 1599.499, 1598.721, 1596.891, 1594.743 (1595.658)	Log prob: 1519.810, 1611.186, 1612.691, 1613.084, 1613.138 (1613.839)	KLD: 7.232, 11.686, 13.969, 16.193, 18.396 (18.181)	Grad: 0.185, 0.290, 0.414, 0.548, 0.685
[Epoch  17 (71.67s)]	ELBO: 1513.997, 1602.075, 1601.463, 1599.508, 1597.434 (1598.797)	Log prob: 1521.224, 1613.764, 1615.475, 1615.783, 1615.948 (1617.425)	KLD: 7.226, 11.689, 14.013, 16.275, 18.515 (18.628)	Grad: 0.186, 0.289, 0.411, 0.543, 0.679
[Epoch  18 (72.41s)]	ELBO: 1515.146, 1604.573, 1603.797, 1601.754, 1599.597 (1601.261)	Log prob: 1522.381, 1616.301, 1617.900, 1618.172, 1618.306 (1619.705)	KLD: 7.235, 11.727, 14.104, 16.418, 18.710 (18.445)	Grad: 0.190, 0.300, 0.430, 0.571, 0.716
[Epoch  19 (70.31s)]	ELBO: 1516.739, 1606.715, 1605.964, 1604.006, 1601.774 (1603.058)	Log prob: 1523.961, 1618.425, 1620.090, 1620.478, 1620.572 (1621.718)	KLD: 7.224, 11.711, 14.125, 16.473, 18.797 (18.660)	Grad: 0.189, 0.297, 0.426, 0.563, 0.705
[Epoch  20 (76.87s)]	ELBO: 1517.594, 1608.597, 1607.867, 1605.825, 1603.556 (1604.709)	Log prob: 1524.833, 1620.354, 1622.077, 1622.418, 1622.508 (1623.484)	KLD: 7.240, 11.758, 14.211, 16.593, 18.953 (18.775)	Grad: 0.192, 0.300, 0.427, 0.566, 0.709
[Epoch  21 (69.17s)]	ELBO: 1518.592, 1610.376, 1609.602, 1607.478, 1605.182 (1606.384)	Log prob: 1525.835, 1622.151, 1623.861, 1624.149, 1624.245 (1625.082)	KLD: 7.243, 11.776, 14.258, 16.671, 19.062 (18.698)	Grad: 0.194, 0.301, 0.429, 0.566, 0.710
[Epoch  22 (70.23s)]	ELBO: 1519.761, 1612.191, 1611.372, 1609.292, 1606.979 (1606.807)	Log prob: 1527.011, 1623.990, 1625.690, 1626.060, 1626.172 (1625.962)	KLD: 7.249, 11.798, 14.317, 16.768, 19.192 (19.155)	Grad: 0.195, 0.303, 0.433, 0.573, 0.720
[Epoch  23 (84.68s)]	ELBO: 1520.603, 1613.758, 1612.952, 1610.803, 1608.427 (1608.396)	Log prob: 1527.861, 1625.575, 1627.316, 1627.642, 1627.717 (1627.564)	KLD: 7.258, 11.816, 14.363, 16.838, 19.289 (19.168)	Grad: 0.194, 0.303, 0.434, 0.576, 0.722
[Epoch  24 (80.31s)]	ELBO: 1521.708, 1615.278, 1614.422, 1612.205, 1609.849 (1609.517)	Log prob: 1528.974, 1627.120, 1628.841, 1629.129, 1629.253 (1628.957)	KLD: 7.267, 11.842, 14.419, 16.925, 19.406 (19.441)	Grad: 0.197, 0.310, 0.447, 0.594, 0.745
[Epoch  25 (83.13s)]	ELBO: 1522.650, 1616.495, 1615.592, 1613.336, 1610.938 (1611.449)	Log prob: 1529.923, 1628.347, 1630.053, 1630.334, 1630.449 (1630.909)	KLD: 7.273, 11.852, 14.461, 16.997, 19.510 (19.460)	Grad: 0.196, 0.310, 0.446, 0.593, 0.745
[Epoch  26 (71.48s)]	ELBO: 1523.596, 1617.870, 1616.910, 1614.678, 1612.199 (1611.939)	Log prob: 1530.877, 1629.741, 1631.399, 1631.714, 1631.756 (1631.122)	KLD: 7.282, 11.872, 14.489, 17.036, 19.560 (19.184)	Grad: 0.195, 0.304, 0.435, 0.579, 0.727
[Epoch  27 (74.66s)]	ELBO: 1524.418, 1619.101, 1618.082, 1615.847, 1613.349 (1612.334)	Log prob: 1531.699, 1630.981, 1632.609, 1632.948, 1632.999 (1632.024)	KLD: 7.280, 11.880, 14.526, 17.100, 19.651 (19.690)	Grad: 0.203, 0.324, 0.465, 0.617, 0.775
[Epoch  28 (70.01s)]	ELBO: 1525.464, 1620.162, 1619.123, 1616.862, 1614.355 (1613.778)	Log prob: 1532.764, 1632.060, 1633.684, 1634.014, 1634.079 (1633.227)	KLD: 7.300, 11.899, 14.562, 17.153, 19.723 (19.450)	Grad: 0.199, 0.313, 0.449, 0.596, 0.748
[Epoch  29 (66.04s)]	ELBO: 1526.333, 1621.123, 1620.051, 1617.724, 1615.246 (1614.618)	Log prob: 1533.642, 1633.024, 1634.634, 1634.919, 1635.032 (1634.392)	KLD: 7.310, 11.901, 14.583, 17.195, 19.786 (19.774)	Grad: 0.206, 0.332, 0.479, 0.637, 0.800
[Epoch  30 (63.99s)]	ELBO: 1527.327, 1622.144, 1621.001, 1618.710, 1616.147 (1615.025)	Log prob: 1534.665, 1634.084, 1635.635, 1635.969, 1636.011 (1634.273)	KLD: 7.338, 11.941, 14.635, 17.259, 19.863 (19.248)	Grad: 0.203, 0.324, 0.468, 0.622, 0.781
[Epoch  31 (58.14s)]	ELBO: 1528.288, 1623.260, 1622.005, 1619.678, 1617.114 (1616.272)	Log prob: 1535.638, 1635.214, 1636.667, 1636.982, 1637.042 (1635.907)	KLD: 7.351, 11.954, 14.662, 17.304, 19.927 (19.636)	Grad: 0.199, 0.311, 0.448, 0.596, 0.750
[Epoch  32 (54.62s)]	ELBO: 1529.031, 1624.070, 1622.831, 1620.517, 1617.892 (1616.232)	Log prob: 1536.392, 1636.039, 1637.514, 1637.851, 1637.857 (1635.823)	KLD: 7.361, 11.969, 14.684, 17.334, 19.965 (19.591)	Grad: 0.205, 0.331, 0.477, 0.633, 0.795
[Epoch  33 (52.65s)]	ELBO: 1530.071, 1625.139, 1623.829, 1621.432, 1618.911 (1616.960)	Log prob: 1537.448, 1637.122, 1638.538, 1638.802, 1638.925 (1637.161)	KLD: 7.377, 11.984, 14.708, 17.369, 20.012 (20.201)	Grad: 0.196, 0.308, 0.443, 0.588, 0.739
[Epoch  34 (53.82s)]	ELBO: 1530.899, 1625.852, 1624.494, 1622.145, 1619.533 (1618.152)	Log prob: 1538.286, 1637.843, 1639.221, 1639.545, 1639.588 (1637.831)	KLD: 7.388, 11.992, 14.728, 17.400, 20.055 (19.680)	Grad: 0.204, 0.328, 0.473, 0.628, 0.788
[Epoch  35 (56.48s)]	ELBO: 1531.399, 1626.394, 1624.975, 1622.664, 1620.084 (1619.312)	Log prob: 1538.795, 1638.394, 1639.723, 1640.095, 1640.182 (1638.925)	KLD: 7.397, 12.001, 14.748, 17.432, 20.097 (19.613)	Grad: 0.205, 0.332, 0.480, 0.638, 0.802
[Epoch  36 (61.74s)]	ELBO: 1532.324, 1627.310, 1625.915, 1623.499, 1620.958 (1619.453)	Log prob: 1539.736, 1639.335, 1640.691, 1640.968, 1641.100 (1639.500)	KLD: 7.414, 12.024, 14.777, 17.468, 20.143 (20.047)	Grad: 0.207, 0.334, 0.483, 0.642, 0.805
[Epoch  37 (59.61s)]	ELBO: 1533.115, 1628.049, 1626.692, 1624.208, 1621.636 (1619.104)	Log prob: 1540.545, 1640.099, 1641.511, 1641.735, 1641.855 (1639.263)	KLD: 7.429, 12.050, 14.819, 17.528, 20.220 (20.159)	Grad: 0.206, 0.331, 0.479, 0.636, 0.799
[Epoch  38 (60.70s)]	ELBO: 1533.666, 1628.633, 1627.147, 1624.731, 1622.077 (1620.353)	Log prob: 1541.105, 1640.683, 1641.977, 1642.284, 1642.335 (1640.539)	KLD: 7.439, 12.050, 14.831, 17.552, 20.258 (20.186)	Grad: 0.208, 0.336, 0.487, 0.648, 0.815
[Epoch  39 (63.57s)]	ELBO: 1534.537, 1629.362, 1627.959, 1625.464, 1622.798 (1621.031)	Log prob: 1541.992, 1641.437, 1642.821, 1643.053, 1643.101 (1641.109)	KLD: 7.457, 12.074, 14.862, 17.589, 20.302 (20.077)	Grad: 0.203, 0.326, 0.472, 0.628, 0.789
[Epoch  40 (66.60s)]	ELBO: 1535.170, 1629.742, 1628.351, 1625.834, 1623.224 (1621.454)	Log prob: 1542.632, 1641.804, 1643.203, 1643.420, 1643.527 (1641.688)	KLD: 7.461, 12.063, 14.853, 17.585, 20.303 (20.234)	Grad: 0.212, 0.349, 0.508, 0.675, 0.848
[Epoch  41 (66.07s)]	ELBO: 1535.591, 1630.273, 1628.861, 1626.404, 1623.700 (1621.189)	Log prob: 1543.066, 1642.341, 1643.723, 1644.005, 1644.024 (1641.331)	KLD: 7.474, 12.068, 14.864, 17.601, 20.323 (20.142)	Grad: 0.207, 0.337, 0.488, 0.649, 0.815
[Epoch  42 (63.73s)]	ELBO: 1536.335, 1630.739, 1629.280, 1626.850, 1624.151 (1621.992)	Log prob: 1543.817, 1642.822, 1644.165, 1644.478, 1644.507 (1641.948)	KLD: 7.483, 12.083, 14.885, 17.627, 20.355 (19.956)	Grad: 0.207, 0.339, 0.493, 0.657, 0.825
[Epoch  43 (60.93s)]	ELBO: 1537.060, 1631.469, 1630.044, 1627.541, 1624.870 (1621.852)	Log prob: 1544.553, 1643.557, 1644.945, 1645.202, 1645.274 (1642.199)	KLD: 7.494, 12.088, 14.903, 17.660, 20.404 (20.348)	Grad: 0.209, 0.343, 0.499, 0.664, 0.833
[Epoch  44 (68.70s)]	ELBO: 1537.484, 1631.670, 1630.251, 1627.771, 1625.078 (1622.519)	Log prob: 1544.986, 1643.759, 1645.157, 1645.439, 1645.489 (1642.728)	KLD: 7.502, 12.089, 14.906, 17.666, 20.411 (20.209)	Grad: 0.217, 0.360, 0.524, 0.696, 0.872
[Epoch  45 (71.53s)]	ELBO: 1538.095, 1632.385, 1630.895, 1628.427, 1625.771 (1621.966)	Log prob: 1545.618, 1644.496, 1645.826, 1646.122, 1646.218 (1642.469)	KLD: 7.522, 12.111, 14.931, 17.696, 20.447 (20.503)	Grad: 0.212, 0.354, 0.515, 0.685, 0.861
[Epoch  46 (72.02s)]	ELBO: 1538.759, 1632.905, 1631.501, 1628.931, 1626.268 (1622.819)	Log prob: 1546.279, 1645.002, 1646.425, 1646.625, 1646.720 (1643.382)	KLD: 7.521, 12.098, 14.925, 17.694, 20.451 (20.562)	Grad: 0.210, 0.347, 0.504, 0.672, 0.844
[Epoch  47 (73.69s)]	ELBO: 1539.368, 1633.323, 1631.971, 1629.416, 1626.723 (1623.759)	Log prob: 1546.910, 1645.430, 1646.904, 1647.119, 1647.183 (1643.887)	KLD: 7.541, 12.106, 14.933, 17.703, 20.459 (20.129)	Grad: 0.203, 0.333, 0.483, 0.643, 0.808
[Epoch  48 (76.80s)]	ELBO: 1539.613, 1633.602, 1632.114, 1629.598, 1626.971 (1624.074)	Log prob: 1547.147, 1645.711, 1647.055, 1647.317, 1647.450 (1644.859)	KLD: 7.534, 12.109, 14.942, 17.717, 20.480 (20.785)	Grad: 0.212, 0.353, 0.515, 0.686, 0.862
[Epoch  49 (71.96s)]	ELBO: 1540.127, 1634.039, 1632.558, 1630.121, 1627.347 (1624.616)	Log prob: 1547.666, 1646.146, 1647.495, 1647.830, 1647.814 (1644.906)	KLD: 7.538, 12.108, 14.937, 17.708, 20.468 (20.290)	Grad: 0.210, 0.347, 0.506, 0.675, 0.848
[Epoch  50 (66.70s)]	ELBO: 1540.747, 1634.504, 1633.036, 1630.442, 1627.814 (1625.618)	Log prob: 1548.299, 1646.615, 1647.985, 1648.172, 1648.313 (1645.738)	KLD: 7.551, 12.111, 14.949, 17.730, 20.499 (20.120)	Grad: 0.207, 0.344, 0.502, 0.668, 0.840
[Epoch  51 (67.15s)]	ELBO: 1541.284, 1634.761, 1633.265, 1630.736, 1628.106 (1625.545)	Log prob: 1548.843, 1646.881, 1648.228, 1648.483, 1648.626 (1645.723)	KLD: 7.558, 12.120, 14.963, 17.748, 20.520 (20.177)	Grad: 0.208, 0.349, 0.511, 0.682, 0.856
[Epoch  52 (77.65s)]	ELBO: 1541.604, 1635.356, 1633.832, 1631.318, 1628.631 (1625.860)	Log prob: 1549.159, 1647.467, 1648.785, 1649.057, 1649.141 (1646.189)	KLD: 7.554, 12.111, 14.952, 17.738, 20.510 (20.329)	Grad: 0.206, 0.342, 0.498, 0.664, 0.833
[Epoch  53 (74.13s)]	ELBO: 1541.987, 1635.465, 1634.010, 1631.495, 1628.872 (1626.371)	Log prob: 1549.563, 1647.597, 1648.982, 1649.250, 1649.398 (1646.429)	KLD: 7.575, 12.134, 14.973, 17.755, 20.525 (20.058)	Grad: 0.208, 0.347, 0.504, 0.672, 0.843
[Epoch  54 (64.81s)]	ELBO: 1542.539, 1636.049, 1634.583, 1631.981, 1629.333 (1626.280)	Log prob: 1550.119, 1648.186, 1649.558, 1649.743, 1649.869 (1646.974)	KLD: 7.581, 12.135, 14.976, 17.762, 20.536 (20.694)	Grad: 0.207, 0.345, 0.503, 0.670, 0.842
[Epoch  55 (68.75s)]	ELBO: 1543.128, 1636.520, 1635.028, 1632.507, 1629.681 (1627.147)	Log prob: 1550.702, 1648.642, 1649.992, 1650.261, 1650.209 (1647.448)	KLD: 7.574, 12.122, 14.965, 17.753, 20.529 (20.302)	Grad: 0.204, 0.339, 0.494, 0.659, 0.828
[Epoch  56 (61.60s)]	ELBO: 1543.312, 1636.766, 1635.168, 1632.707, 1629.962 (1626.426)	Log prob: 1550.891, 1648.890, 1650.146, 1650.486, 1650.526 (1646.642)	KLD: 7.580, 12.125, 14.978, 17.778, 20.564 (20.215)	Grad: 0.215, 0.362, 0.527, 0.702, 0.880
[Epoch  57 (59.71s)]	ELBO: 1543.743, 1637.060, 1635.585, 1633.009, 1630.209 (1627.333)	Log prob: 1551.341, 1649.204, 1650.582, 1650.805, 1650.791 (1647.890)	KLD: 7.596, 12.144, 14.997, 17.795, 20.580 (20.557)	Grad: 0.215, 0.363, 0.530, 0.706, 0.886
[Epoch  58 (56.86s)]	ELBO: 1544.233, 1637.434, 1635.907, 1633.320, 1630.576 (1627.124)	Log prob: 1551.826, 1649.566, 1650.893, 1651.105, 1651.147 (1647.615)	KLD: 7.594, 12.133, 14.986, 17.786, 20.571 (20.492)	Grad: 0.205, 0.342, 0.499, 0.665, 0.836
[Epoch  59 (66.94s)]	ELBO: 1544.351, 1637.661, 1636.162, 1633.603, 1630.929 (1627.517)	Log prob: 1551.960, 1649.809, 1651.161, 1651.399, 1651.508 (1647.912)	KLD: 7.608, 12.147, 14.999, 17.796, 20.578 (20.395)	Grad: 0.210, 0.353, 0.514, 0.682, 0.856
[Epoch  60 (66.35s)]	ELBO: 1545.054, 1638.242, 1636.701, 1634.154, 1631.401 (1628.041)	Log prob: 1552.652, 1650.381, 1651.699, 1651.957, 1651.995 (1648.559)	KLD: 7.598, 12.139, 14.997, 17.803, 20.595 (20.518)	Grad: 0.205, 0.341, 0.495, 0.659, 0.828
[Epoch  61 (72.18s)]	ELBO: 1545.393, 1638.549, 1637.004, 1634.443, 1631.721 (1627.115)	Log prob: 1553.008, 1650.694, 1652.001, 1652.236, 1652.299 (1647.775)	KLD: 7.613, 12.146, 14.997, 17.794, 20.578 (20.660)	Grad: 0.204, 0.341, 0.496, 0.661, 0.831
[Epoch  62 (72.48s)]	ELBO: 1545.594, 1638.587, 1637.036, 1634.482, 1631.764 (1627.973)	Log prob: 1553.203, 1650.732, 1652.047, 1652.301, 1652.378 (1648.917)	KLD: 7.609, 12.145, 15.009, 17.819, 20.613 (20.945)	Grad: 0.210, 0.357, 0.522, 0.697, 0.877
[Epoch  63 (77.12s)]	ELBO: 1545.907, 1638.890, 1637.309, 1634.745, 1632.008 (1629.017)	Log prob: 1553.527, 1651.051, 1652.330, 1652.571, 1652.622 (1649.412)	KLD: 7.620, 12.161, 15.021, 17.826, 20.615 (20.395)	Grad: 0.208, 0.350, 0.512, 0.684, 0.859
[Epoch  64 (73.64s)]	ELBO: 1546.283, 1639.023, 1637.481, 1634.954, 1632.239 (1629.157)	Log prob: 1553.902, 1651.171, 1652.468, 1652.725, 1652.777 (1649.778)	KLD: 7.619, 12.148, 14.987, 17.771, 20.539 (20.621)	Grad: 0.205, 0.343, 0.501, 0.667, 0.838
[Epoch  65 (75.72s)]	ELBO: 1546.750, 1639.656, 1638.102, 1635.556, 1632.920 (1629.438)	Log prob: 1554.368, 1651.821, 1653.099, 1653.330, 1653.457 (1649.818)	KLD: 7.617, 12.164, 14.997, 17.775, 20.537 (20.379)	Grad: 0.209, 0.354, 0.517, 0.690, 0.866
[Epoch  66 (87.34s)]	ELBO: 1547.220, 1639.918, 1638.357, 1635.757, 1633.140 (1629.007)	Log prob: 1554.851, 1652.093, 1653.364, 1653.540, 1653.683 (1649.423)	KLD: 7.632, 12.175, 15.006, 17.783, 20.544 (20.415)	Grad: 0.208, 0.351, 0.514, 0.686, 0.862
[Epoch  67 (91.21s)]	ELBO: 1547.532, 1640.304, 1638.698, 1636.158, 1633.496 (1629.431)	Log prob: 1555.157, 1652.466, 1653.685, 1653.918, 1654.008 (1649.992)	KLD: 7.623, 12.161, 14.986, 17.758, 20.513 (20.562)	Grad: 0.209, 0.353, 0.518, 0.691, 0.866
[Epoch  68 (93.78s)]	ELBO: 1547.875, 1640.557, 1638.985, 1636.419, 1633.661 (1628.963)	Log prob: 1555.504, 1652.721, 1653.965, 1654.159, 1654.148 (1649.219)	KLD: 7.630, 12.164, 14.979, 17.741, 20.487 (20.256)	Grad: 0.209, 0.354, 0.517, 0.689, 0.866
[Epoch  69 (75.76s)]	ELBO: 1548.113, 1640.593, 1639.015, 1636.482, 1633.752 (1628.927)	Log prob: 1555.745, 1652.764, 1654.006, 1654.241, 1654.265 (1649.429)	KLD: 7.632, 12.171, 14.992, 17.760, 20.512 (20.502)	Grad: 0.211, 0.362, 0.532, 0.711, 0.893
[Epoch  70 (71.03s)]	ELBO: 1548.304, 1640.746, 1639.189, 1636.613, 1633.909 (1630.766)	Log prob: 1555.938, 1652.918, 1654.177, 1654.365, 1654.410 (1651.266)	KLD: 7.634, 12.172, 14.988, 17.751, 20.499 (20.500)	Grad: 0.207, 0.350, 0.510, 0.680, 0.854
[Epoch  71 (69.05s)]	ELBO: 1548.880, 1641.381, 1639.717, 1637.210, 1634.563 (1631.831)	Log prob: 1556.522, 1653.567, 1654.720, 1654.980, 1655.082 (1651.951)	KLD: 7.641, 12.186, 15.003, 17.769, 20.519 (20.120)	Grad: 0.208, 0.352, 0.515, 0.688, 0.864
[Epoch  72 (79.76s)]	ELBO: 1549.108, 1641.460, 1639.888, 1637.321, 1634.680 (1631.139)	Log prob: 1556.754, 1653.645, 1654.891, 1655.088, 1655.194 (1651.296)	KLD: 7.645, 12.185, 15.003, 17.768, 20.515 (20.156)	Grad: 0.210, 0.355, 0.518, 0.691, 0.869
[Epoch  73 (70.39s)]	ELBO: 1549.384, 1641.746, 1640.163, 1637.652, 1634.957 (1631.237)	Log prob: 1557.036, 1653.927, 1655.162, 1655.418, 1655.473 (1651.862)	KLD: 7.650, 12.182, 15.000, 17.766, 20.516 (20.625)	Grad: 0.210, 0.360, 0.528, 0.702, 0.882
[Epoch  74 (80.58s)]	ELBO: 1549.913, 1642.092, 1640.572, 1637.989, 1635.293 (1631.775)	Log prob: 1557.567, 1654.293, 1655.591, 1655.772, 1655.826 (1651.971)	KLD: 7.655, 12.201, 15.018, 17.784, 20.534 (20.196)	Grad: 0.208, 0.355, 0.520, 0.693, 0.870
[Epoch  75 (73.08s)]	ELBO: 1550.139, 1642.523, 1640.842, 1638.249, 1635.601 (1631.935)	Log prob: 1557.797, 1654.719, 1655.853, 1656.023, 1656.121 (1652.216)	KLD: 7.658, 12.197, 15.010, 17.773, 20.521 (20.281)	Grad: 0.204, 0.344, 0.503, 0.673, 0.846
[Epoch  76 (71.78s)]	ELBO: 1550.394, 1642.696, 1641.081, 1638.521, 1635.757 (1631.904)	Log prob: 1558.049, 1654.891, 1656.100, 1656.313, 1656.307 (1652.365)	KLD: 7.656, 12.195, 15.020, 17.793, 20.550 (20.462)	Grad: 0.207, 0.353, 0.517, 0.690, 0.867
[Epoch  77 (59.39s)]	ELBO: 1550.812, 1643.006, 1641.285, 1638.785, 1636.128 (1631.732)	Log prob: 1558.464, 1655.196, 1656.294, 1656.564, 1656.661 (1651.895)	KLD: 7.652, 12.189, 15.009, 17.779, 20.534 (20.164)	Grad: 0.207, 0.353, 0.519, 0.693, 0.871
[Epoch  78 (69.89s)]	ELBO: 1551.004, 1643.026, 1641.418, 1638.864, 1636.204 (1631.992)	Log prob: 1558.659, 1655.215, 1656.411, 1656.611, 1656.692 (1652.171)	KLD: 7.656, 12.188, 14.993, 17.748, 20.488 (20.180)	Grad: 0.211, 0.362, 0.531, 0.710, 0.892
[Epoch  79 (60.17s)]	ELBO: 1551.349, 1643.453, 1641.754, 1639.291, 1636.526 (1633.105)	Log prob: 1559.010, 1655.654, 1656.769, 1657.068, 1657.053 (1653.323)	KLD: 7.660, 12.202, 15.015, 17.779, 20.527 (20.218)	Grad: 0.207, 0.356, 0.521, 0.696, 0.875
[Epoch  80 (57.06s)]	ELBO: 1551.440, 1643.725, 1642.006, 1639.481, 1636.835 (1633.016)	Log prob: 1559.100, 1655.929, 1657.006, 1657.230, 1657.315 (1653.596)	KLD: 7.659, 12.203, 15.000, 17.748, 20.480 (20.580)	Grad: 0.214, 0.364, 0.534, 0.712, 0.894
[Epoch  81 (62.26s)]	ELBO: 1551.641, 1643.738, 1642.062, 1639.658, 1636.958 (1633.258)	Log prob: 1559.310, 1655.965, 1657.060, 1657.379, 1657.388 (1653.623)	KLD: 7.670, 12.226, 14.999, 17.722, 20.430 (20.366)	Grad: 0.216, 0.371, 0.543, 0.724, 0.909
[Epoch  82 (67.63s)]	ELBO: 1552.119, 1644.224, 1642.433, 1640.033, 1637.347 (1633.883)	Log prob: 1559.791, 1656.450, 1657.420, 1657.731, 1657.737 (1654.029)	KLD: 7.673, 12.229, 14.987, 17.697, 20.391 (20.146)	Grad: 0.210, 0.357, 0.523, 0.696, 0.873
[Epoch  83 (64.50s)]	ELBO: 1552.353, 1644.365, 1642.711, 1640.170, 1637.528 (1631.780)	Log prob: 1560.019, 1656.598, 1657.700, 1657.866, 1657.915 (1652.318)	KLD: 7.667, 12.232, 14.990, 17.696, 20.387 (20.538)	Grad: 0.210, 0.358, 0.525, 0.701, 0.880
[Epoch  84 (66.35s)]	ELBO: 1552.484, 1644.586, 1642.822, 1640.330, 1637.712 (1632.361)	Log prob: 1560.154, 1656.828, 1657.806, 1658.005, 1658.062 (1653.032)	KLD: 7.669, 12.242, 14.984, 17.674, 20.349 (20.672)	Grad: 0.211, 0.360, 0.528, 0.705, 0.885
[Epoch  85 (62.64s)]	ELBO: 1552.819, 1644.794, 1643.024, 1640.521, 1637.888 (1633.210)	Log prob: 1560.489, 1657.037, 1657.987, 1658.153, 1658.173 (1653.514)	KLD: 7.670, 12.244, 14.963, 17.632, 20.285 (20.304)	Grad: 0.212, 0.362, 0.531, 0.709, 0.892
[Epoch  86 (59.62s)]	ELBO: 1552.990, 1645.019, 1643.220, 1640.748, 1638.267 (1634.185)	Log prob: 1560.650, 1657.275, 1658.161, 1658.320, 1658.458 (1654.278)	KLD: 7.660, 12.256, 14.939, 17.572, 20.188 (20.093)	Grad: 0.216, 0.372, 0.546, 0.729, 0.916
[Epoch  87 (63.73s)]	ELBO: 1553.085, 1645.053, 1643.264, 1640.881, 1638.321 (1634.032)	Log prob: 1560.751, 1657.316, 1658.164, 1658.369, 1658.380 (1653.710)	KLD: 7.666, 12.263, 14.899, 17.487, 20.059 (19.678)	Grad: 0.216, 0.372, 0.548, 0.732, 0.919
[Epoch  88 (64.50s)]	ELBO: 1553.490, 1645.626, 1643.767, 1641.378, 1638.851 (1633.974)	Log prob: 1561.151, 1657.890, 1658.648, 1658.832, 1658.861 (1654.030)	KLD: 7.661, 12.264, 14.882, 17.454, 20.009 (20.055)	Grad: 0.211, 0.362, 0.532, 0.710, 0.893
[Epoch  89 (64.74s)]	ELBO: 1553.770, 1645.630, 1643.870, 1641.441, 1638.909 (1634.493)	Log prob: 1561.436, 1657.900, 1658.744, 1658.874, 1658.882 (1653.859)	KLD: 7.665, 12.270, 14.873, 17.432, 19.973 (19.366)	Grad: 0.216, 0.375, 0.553, 0.739, 0.928
[Epoch  90 (57.42s)]	ELBO: 1553.822, 1645.810, 1643.927, 1641.653, 1639.197 (1634.706)	Log prob: 1561.481, 1658.075, 1658.772, 1659.036, 1659.100 (1654.377)	KLD: 7.659, 12.265, 14.845, 17.383, 19.902 (19.670)	Grad: 0.217, 0.375, 0.555, 0.741, 0.932
[Epoch  91 (52.54s)]	ELBO: 1554.130, 1646.123, 1644.166, 1641.870, 1639.406 (1635.277)	Log prob: 1561.802, 1658.417, 1659.025, 1659.257, 1659.302 (1655.356)	KLD: 7.672, 12.292, 14.858, 17.388, 19.896 (20.078)	Grad: 0.208, 0.356, 0.523, 0.700, 0.881
[Epoch  92 (50.85s)]	ELBO: 1554.327, 1646.129, 1644.264, 1641.915, 1639.457 (1635.426)	Log prob: 1561.998, 1658.419, 1659.111, 1659.275, 1659.316 (1655.016)	KLD: 7.671, 12.291, 14.846, 17.361, 19.858 (19.590)	Grad: 0.224, 0.391, 0.575, 0.769, 0.966
[Epoch  93 (49.53s)]	ELBO: 1554.611, 1646.506, 1644.592, 1642.334, 1639.857 (1634.750)	Log prob: 1562.289, 1658.806, 1659.436, 1659.680, 1659.691 (1654.561)	KLD: 7.677, 12.301, 14.844, 17.347, 19.833 (19.811)	Grad: 0.213, 0.367, 0.542, 0.724, 0.911
[Epoch  94 (49.82s)]	ELBO: 1554.690, 1646.601, 1644.771, 1642.445, 1639.987 (1635.615)	Log prob: 1562.365, 1658.907, 1659.598, 1659.757, 1659.765 (1655.058)	KLD: 7.675, 12.305, 14.828, 17.312, 19.779 (19.442)	Grad: 0.213, 0.369, 0.543, 0.727, 0.914
[Epoch  95 (56.46s)]	ELBO: 1554.725, 1646.638, 1644.727, 1642.458, 1640.054 (1635.062)	Log prob: 1562.406, 1658.947, 1659.557, 1659.771, 1659.836 (1654.839)	KLD: 7.681, 12.309, 14.829, 17.313, 19.780 (19.776)	Grad: 0.220, 0.382, 0.564, 0.754, 0.947
[Epoch  96 (58.43s)]	ELBO: 1555.301, 1647.034, 1645.203, 1642.934, 1640.527 (1635.542)	Log prob: 1562.994, 1659.354, 1660.038, 1660.243, 1660.292 (1655.052)	KLD: 7.693, 12.322, 14.835, 17.309, 19.764 (19.510)	Grad: 0.212, 0.363, 0.534, 0.713, 0.896
[Epoch  97 (46.09s)]	ELBO: 1555.250, 1647.143, 1645.287, 1643.045, 1640.604 (1635.110)	Log prob: 1562.940, 1659.464, 1660.106, 1660.325, 1660.327 (1654.814)	KLD: 7.690, 12.321, 14.820, 17.280, 19.722 (19.704)	Grad: 0.216, 0.375, 0.554, 0.739, 0.929
[Epoch  98 (44.29s)]	ELBO: 1555.623, 1647.424, 1645.555, 1643.293, 1640.970 (1635.466)	Log prob: 1563.311, 1659.743, 1660.352, 1660.533, 1660.629 (1655.097)	KLD: 7.688, 12.319, 14.798, 17.238, 19.659 (19.630)	Grad: 0.214, 0.368, 0.542, 0.725, 0.910
[Epoch  99 (43.51s)]	ELBO: 1555.486, 1647.371, 1645.458, 1643.247, 1640.811 (1636.477)	Log prob: 1563.183, 1659.706, 1660.266, 1660.491, 1660.471 (1656.289)	KLD: 7.696, 12.336, 14.808, 17.243, 19.660 (19.813)	Grad: 0.212, 0.366, 0.540, 0.722, 0.907
[Epoch 100 (44.42s)]	ELBO: 1555.816, 1647.502, 1645.580, 1643.390, 1641.078 (1636.612)	Log prob: 1563.510, 1659.834, 1660.374, 1660.611, 1660.703 (1656.066)	KLD: 7.694, 12.333, 14.794, 17.219, 19.625 (19.453)	Grad: 0.214, 0.368, 0.541, 0.722, 0.908
Best epoch(s): [100]	Training time(s): 6571.18s (6571.18s)	Best ELBO: 1641.078 (1636.612)	Best log prob: 1660.703 (1656.289)
Avg. mu: -0.158, -0.030, 0.097, -0.045, -0.079, 0.001, -0.082, 0.004, -0.085, 0.005
Avg. var: 0.001, 0.001, 0.020, 0.030, 0.086, 0.108, 0.090, 0.112, 0.092, 0.114
Max. mu: 3.742, 4.064, 4.593, 4.326, 2.642, 3.051, 2.057, 2.435, 2.105, 2.343
Max. var: 0.004, 0.003, 0.154, 0.270, 2.973, 2.373, 2.992, 2.837, 4.390, 3.988
Min. mu: -4.629, -4.012, -4.293, -4.978, -2.250, -2.364, -2.199, -2.165, -2.178, -2.135
Min. var: 0.000, 0.000, 0.003, 0.005, 0.005, 0.004, 0.005, 0.004, 0.005, 0.004
Cov. mu:
[[1.595 0.032 0.167 -0.085 0.091 -0.013 0.085 -0.016 0.081 -0.016]
 [0.032 1.875 -0.268 -0.131 -0.170 -0.078 -0.162 -0.068 -0.159 -0.067]
 [0.167 -0.268 1.520 0.069 0.502 0.004 0.479 -0.011 0.469 -0.013]
 [-0.085 -0.131 0.069 1.854 0.025 0.520 0.013 0.492 0.011 0.476]
 [0.091 -0.170 0.502 0.025 0.223 0.016 0.210 0.009 0.205 0.008]
 [-0.013 -0.078 0.004 0.520 0.016 0.232 0.011 0.217 0.010 0.208]
 [0.085 -0.162 0.479 0.013 0.210 0.011 0.199 0.005 0.194 0.004]
 [-0.016 -0.068 -0.011 0.492 0.009 0.217 0.005 0.203 0.004 0.196]
 [0.081 -0.159 0.469 0.011 0.205 0.010 0.194 0.004 0.190 0.003]
 [-0.016 -0.067 -0.013 0.476 0.008 0.208 0.004 0.196 0.003 0.189]]
Avg. mu: -0.158, -0.030, 0.097, -0.045, -0.079, 0.001, -0.082, 0.004, -0.085, 0.005
Avg. var: 0.001, 0.001, 0.020, 0.030, 0.086, 0.108, 0.090, 0.112, 0.092, 0.114
Max. mu: 3.742, 4.064, 4.593, 4.326, 2.642, 3.051, 2.057, 2.435, 2.105, 2.343
Max. var: 0.004, 0.003, 0.154, 0.270, 2.973, 2.373, 2.992, 2.837, 4.390, 3.988
Min. mu: -4.629, -4.012, -4.293, -4.978, -2.250, -2.364, -2.199, -2.165, -2.178, -2.135
Min. var: 0.000, 0.000, 0.003, 0.005, 0.005, 0.004, 0.005, 0.004, 0.005, 0.004
Cov. mu:
[[1.595 0.032 0.167 -0.085 0.091 -0.013 0.085 -0.016 0.081 -0.016]
 [0.032 1.875 -0.268 -0.131 -0.170 -0.078 -0.162 -0.068 -0.159 -0.067]
 [0.167 -0.268 1.520 0.069 0.502 0.004 0.479 -0.011 0.469 -0.013]
 [-0.085 -0.131 0.069 1.854 0.025 0.520 0.013 0.492 0.011 0.476]
 [0.091 -0.170 0.502 0.025 0.223 0.016 0.210 0.009 0.205 0.008]
 [-0.013 -0.078 0.004 0.520 0.016 0.232 0.011 0.217 0.010 0.208]
 [0.085 -0.162 0.479 0.013 0.210 0.011 0.199 0.005 0.194 0.004]
 [-0.016 -0.068 -0.011 0.492 0.009 0.217 0.005 0.203 0.004 0.196]
 [0.081 -0.159 0.469 0.011 0.205 0.010 0.194 0.004 0.190 0.003]
 [-0.016 -0.067 -0.013 0.476 0.008 0.208 0.004 0.196 0.003 0.189]]
