Encoder
=================================================================
Layer (type:depth-idx)                   Param #
=================================================================
Encoder                                  --
├─Linear: 1-1                            31,400
├─Linear: 1-2                            1,640
=================================================================
Total params: 33,040
Trainable params: 33,040
Non-trainable params: 0
=================================================================
Encoder to Latents 0
=================================================================
Layer (type:depth-idx)                   Param #
=================================================================
EncoderToLatents                         --
├─Linear: 1-1                            41
├─Linear: 1-2                            41
=================================================================
Total params: 82
Trainable params: 82
Non-trainable params: 0
=================================================================
Encoder to Latents 1
=================================================================
Layer (type:depth-idx)                   Param #
=================================================================
EncoderToLatents                         --
├─Linear: 1-1                            41
├─Linear: 1-2                            41
=================================================================
Total params: 82
Trainable params: 82
Non-trainable params: 0
=================================================================
Encoder to Latents 2
=================================================================
Layer (type:depth-idx)                   Param #
=================================================================
EncoderToLatents                         --
├─Linear: 1-1                            41
├─Linear: 1-2                            41
=================================================================
Total params: 82
Trainable params: 82
Non-trainable params: 0
=================================================================
Encoder to Latents 3
=================================================================
Layer (type:depth-idx)                   Param #
=================================================================
EncoderToLatents                         --
├─Linear: 1-1                            41
├─Linear: 1-2                            41
=================================================================
Total params: 82
Trainable params: 82
Non-trainable params: 0
=================================================================
Encoder to Latents 4
=================================================================
Layer (type:depth-idx)                   Param #
=================================================================
EncoderToLatents                         --
├─Linear: 1-1                            41
├─Linear: 1-2                            41
=================================================================
Total params: 82
Trainable params: 82
Non-trainable params: 0
=================================================================
Encoder to Latents 5
=================================================================
Layer (type:depth-idx)                   Param #
=================================================================
EncoderToLatents                         --
├─Linear: 1-1                            41
├─Linear: 1-2                            41
=================================================================
Total params: 82
Trainable params: 82
Non-trainable params: 0
=================================================================
Encoder to Latents 6
=================================================================
Layer (type:depth-idx)                   Param #
=================================================================
EncoderToLatents                         --
├─Linear: 1-1                            41
├─Linear: 1-2                            41
=================================================================
Total params: 82
Trainable params: 82
Non-trainable params: 0
=================================================================
Encoder to Latents 7
=================================================================
Layer (type:depth-idx)                   Param #
=================================================================
EncoderToLatents                         --
├─Linear: 1-1                            41
├─Linear: 1-2                            41
=================================================================
Total params: 82
Trainable params: 82
Non-trainable params: 0
=================================================================
Encoder to Latents 8
=================================================================
Layer (type:depth-idx)                   Param #
=================================================================
EncoderToLatents                         --
├─Linear: 1-1                            41
├─Linear: 1-2                            41
=================================================================
Total params: 82
Trainable params: 82
Non-trainable params: 0
=================================================================
Encoder to Latents 9
=================================================================
Layer (type:depth-idx)                   Param #
=================================================================
EncoderToLatents                         --
├─Linear: 1-1                            41
├─Linear: 1-2                            41
=================================================================
Total params: 82
Trainable params: 82
Non-trainable params: 0
=================================================================
Latents to Latents
=================================================================
Layer (type:depth-idx)                   Param #
=================================================================
LatentsToLatents                         --
├─Linear: 1-1                            20
├─Linear: 1-2                            5
├─Linear: 1-3                            5
=================================================================
Total params: 30
Trainable params: 30
Non-trainable params: 0
=================================================================
Latents to Decoder 0
=================================================================
Layer (type:depth-idx)                   Param #
=================================================================
LatentsToDecoder                         --
├─Linear: 1-1                            80
=================================================================
Total params: 80
Trainable params: 80
Non-trainable params: 0
=================================================================
Latents to Decoder 1
=================================================================
Layer (type:depth-idx)                   Param #
=================================================================
LatentsToDecoder                         --
├─Linear: 1-1                            80
=================================================================
Total params: 80
Trainable params: 80
Non-trainable params: 0
=================================================================
Latents to Decoder 2
=================================================================
Layer (type:depth-idx)                   Param #
=================================================================
LatentsToDecoder                         --
├─Linear: 1-1                            80
=================================================================
Total params: 80
Trainable params: 80
Non-trainable params: 0
=================================================================
Latents to Decoder 3
=================================================================
Layer (type:depth-idx)                   Param #
=================================================================
LatentsToDecoder                         --
├─Linear: 1-1                            80
=================================================================
Total params: 80
Trainable params: 80
Non-trainable params: 0
=================================================================
Latents to Decoder 4
=================================================================
Layer (type:depth-idx)                   Param #
=================================================================
LatentsToDecoder                         --
├─Linear: 1-1                            80
=================================================================
Total params: 80
Trainable params: 80
Non-trainable params: 0
=================================================================
Latents to Decoder 5
=================================================================
Layer (type:depth-idx)                   Param #
=================================================================
LatentsToDecoder                         --
├─Linear: 1-1                            80
=================================================================
Total params: 80
Trainable params: 80
Non-trainable params: 0
=================================================================
Latents to Decoder 6
=================================================================
Layer (type:depth-idx)                   Param #
=================================================================
LatentsToDecoder                         --
├─Linear: 1-1                            80
=================================================================
Total params: 80
Trainable params: 80
Non-trainable params: 0
=================================================================
Latents to Decoder 7
=================================================================
Layer (type:depth-idx)                   Param #
=================================================================
LatentsToDecoder                         --
├─Linear: 1-1                            80
=================================================================
Total params: 80
Trainable params: 80
Non-trainable params: 0
=================================================================
Latents to Decoder 8
=================================================================
Layer (type:depth-idx)                   Param #
=================================================================
LatentsToDecoder                         --
├─Linear: 1-1                            80
=================================================================
Total params: 80
Trainable params: 80
Non-trainable params: 0
=================================================================
Latents to Decoder 9
=================================================================
Layer (type:depth-idx)                   Param #
=================================================================
LatentsToDecoder                         --
├─Linear: 1-1                            80
=================================================================
Total params: 80
Trainable params: 80
Non-trainable params: 0
=================================================================
Decoder
=================================================================
Layer (type:depth-idx)                   Param #
=================================================================
Decoder                                  --
├─Linear: 1-1                            1,640
├─Linear: 1-2                            32,144
=================================================================
Total params: 33,784
Trainable params: 33,784
Non-trainable params: 0
=================================================================
[Epoch   1 (90.62s)]	ELBO: 1082.798, 1163.695, 1197.598, 1217.573, 1223.888, 1227.477, 1227.770, 1226.375, 1222.658, 1218.137 (1344.819)	Log prob: 1093.890, 1176.770, 1210.805, 1231.308, 1237.859, 1241.643, 1242.165, 1241.044, 1237.465, 1233.214 (1357.840)	KLD: 11.092, 1.982, 0.132, 0.529, 0.234, 0.196, 0.229, 0.275, 0.137, 0.270 (13.021)	Grad: 35.490, 2.856, 0.519, 0.528, 0.379, 0.197, 0.224, 0.154, 0.208, 0.267
[Epoch   2 (78.95s)]	ELBO: 1332.095, 1369.205, 1373.625, 1374.948, 1375.262, 1375.138, 1374.244, 1373.438, 1372.267, 1371.192 (1390.896)	Log prob: 1337.933, 1377.794, 1382.392, 1384.299, 1385.131, 1385.445, 1384.780, 1384.494, 1383.625, 1383.060 (1401.233)	KLD: 5.837, 2.751, 0.180, 0.584, 0.518, 0.437, 0.230, 0.519, 0.302, 0.509 (10.337)	Grad: 27.443, 0.910, 0.209, 0.143, 0.126, 0.222, 0.087, 0.099, 0.129, 0.131
[Epoch   3 (74.79s)]	ELBO: 1341.203, 1401.960, 1403.238, 1403.213, 1402.981, 1402.714, 1402.356, 1401.956, 1401.448, 1400.911 (1414.899)	Log prob: 1345.213, 1409.684, 1411.033, 1411.543, 1411.583, 1411.524, 1411.344, 1411.300, 1410.973, 1410.721 (1424.335)	KLD: 4.011, 3.714, 0.070, 0.534, 0.274, 0.208, 0.176, 0.356, 0.182, 0.285 (9.436)	Grad: 22.633, 1.030, 0.101, 0.142, 0.136, 0.237, 0.106, 0.126, 0.130, 0.135
[Epoch   4 (75.14s)]	ELBO: 1351.594, 1423.756, 1445.169, 1446.601, 1446.713, 1446.844, 1446.936, 1446.762, 1446.560, 1446.375 (1477.157)	Log prob: 1355.495, 1431.297, 1454.352, 1456.424, 1456.731, 1457.113, 1457.399, 1457.431, 1457.343, 1457.322 (1488.520)	KLD: 3.901, 3.639, 1.641, 0.642, 0.195, 0.253, 0.193, 0.205, 0.116, 0.163 (11.363)	Grad: 24.785, 1.867, 0.825, 0.275, 0.216, 0.214, 0.158, 0.179, 0.157, 0.164
[Epoch   5 (77.26s)]	ELBO: 1372.759, 1444.984, 1491.044, 1499.550, 1499.708, 1501.339, 1502.385, 1502.361, 1502.134, 1502.097 (1531.198)	Log prob: 1376.405, 1452.033, 1500.865, 1510.648, 1511.000, 1513.170, 1514.765, 1514.947, 1514.813, 1514.876 (1544.772)	KLD: 3.646, 3.403, 2.773, 1.274, 0.196, 0.540, 0.548, 0.205, 0.094, 0.100 (13.573)	Grad: 12.777, 2.951, 1.200, 0.685, 0.238, 0.359, 0.279, 0.213, 0.183, 0.185
[Epoch   6 (76.52s)]	ELBO: 1382.020, 1457.215, 1507.463, 1541.538, 1541.949, 1542.549, 1542.695, 1542.962, 1542.936, 1542.851 (1554.736)	Log prob: 1385.622, 1464.173, 1517.251, 1553.554, 1554.210, 1555.318, 1555.772, 1556.205, 1556.207, 1556.154 (1568.547)	KLD: 3.604, 3.353, 2.831, 2.227, 0.246, 0.506, 0.308, 0.167, 0.026, 0.035 (13.811)	Grad: 7.644, 3.180, 1.212, 0.908, 0.242, 0.301, 0.229, 0.204, 0.168, 0.166
[Epoch   7 (80.07s)]	ELBO: 1391.348, 1465.420, 1515.995, 1554.559, 1558.803, 1563.695, 1565.359, 1565.690, 1565.724, 1565.764 (1579.022)	Log prob: 1394.896, 1472.124, 1525.493, 1566.428, 1571.614, 1577.387, 1579.671, 1580.307, 1580.366, 1580.460 (1594.475)	KLD: 3.548, 3.156, 2.793, 2.373, 0.939, 0.882, 0.620, 0.306, 0.024, 0.053 (15.453)	Grad: 7.804, 3.207, 1.479, 1.104, 0.469, 0.542, 0.322, 0.233, 0.176, 0.179
[Epoch   8 (88.56s)]	ELBO: 1395.663, 1470.894, 1521.795, 1561.529, 1573.821, 1587.025, 1587.851, 1587.981, 1587.975, 1587.990 (1597.393)	Log prob: 1399.217, 1477.528, 1531.167, 1573.232, 1587.102, 1601.841, 1603.371, 1603.756, 1603.784, 1603.841 (1613.062)	KLD: 3.553, 3.081, 2.738, 2.331, 1.579, 1.534, 0.706, 0.253, 0.035, 0.042 (15.669)	Grad: 7.975, 3.403, 1.799, 1.136, 0.825, 0.583, 0.306, 0.225, 0.180, 0.181
[Epoch   9 (87.31s)]	ELBO: 1398.999, 1474.956, 1526.555, 1567.272, 1583.911, 1602.165, 1602.324, 1602.759, 1602.755, 1602.717 (1609.445)	Log prob: 1402.528, 1481.580, 1535.949, 1578.970, 1597.427, 1617.511, 1618.197, 1618.923, 1618.960, 1618.943 (1625.786)	KLD: 3.529, 3.094, 2.771, 2.303, 1.820, 1.828, 0.526, 0.292, 0.040, 0.022 (16.341)	Grad: 7.215, 3.253, 2.048, 1.311, 0.678, 0.529, 0.263, 0.233, 0.175, 0.156
[Epoch  10 (99.34s)]	ELBO: 1402.372, 1478.912, 1531.640, 1572.549, 1591.059, 1611.866, 1612.988, 1614.044, 1614.136, 1614.072 (1621.121)	Log prob: 1405.903, 1485.523, 1541.052, 1584.263, 1604.719, 1627.501, 1629.130, 1630.671, 1630.843, 1630.798 (1638.303)	KLD: 3.530, 3.080, 2.802, 2.303, 1.945, 1.976, 0.507, 0.487, 0.078, 0.018 (17.182)	Grad: 6.340, 3.154, 2.282, 1.497, 0.578, 0.489, 0.283, 0.255, 0.174, 0.146
[Epoch  11 (171.41s)]	ELBO: 1405.010, 1482.391, 1535.841, 1576.704, 1596.441, 1618.179, 1624.062, 1624.936, 1625.184, 1625.157 (1630.914)	Log prob: 1408.563, 1489.014, 1545.251, 1588.441, 1610.179, 1633.937, 1641.078, 1642.429, 1642.924, 1642.912 (1649.034)	KLD: 3.554, 3.071, 2.784, 2.327, 2.003, 2.019, 1.258, 0.477, 0.247, 0.015 (18.120)	Grad: 5.728, 3.159, 2.384, 1.554, 0.566, 0.503, 0.332, 0.255, 0.206, 0.152
[Epoch  12 (168.93s)]	ELBO: 1407.435, 1485.032, 1539.281, 1579.934, 1600.701, 1622.683, 1631.395, 1632.624, 1632.945, 1632.888 (1637.611)	Log prob: 1411.008, 1491.667, 1548.684, 1591.691, 1614.477, 1638.466, 1648.724, 1650.470, 1651.116, 1651.077 (1655.868)	KLD: 3.573, 3.062, 2.769, 2.353, 2.018, 2.008, 1.547, 0.516, 0.325, 0.016 (18.256)	Grad: 5.265, 3.049, 2.354, 1.629, 0.536, 0.480, 0.337, 0.247, 0.202, 0.148
[Epoch  13 (144.59s)]	ELBO: 1409.307, 1487.357, 1542.630, 1583.531, 1605.096, 1627.173, 1637.142, 1638.754, 1639.307, 1639.249 (1643.932)	Log prob: 1412.881, 1493.992, 1552.046, 1595.310, 1618.904, 1642.979, 1654.549, 1656.800, 1657.767, 1657.730 (1662.483)	KLD: 3.574, 3.061, 2.782, 2.363, 2.027, 1.998, 1.604, 0.636, 0.416, 0.021 (18.551)	Grad: 5.077, 3.141, 2.278, 1.616, 0.534, 0.499, 0.342, 0.254, 0.217, 0.151
[Epoch  14 (148.45s)]	ELBO: 1411.139, 1489.025, 1545.547, 1586.935, 1608.999, 1631.067, 1641.789, 1643.933, 1644.786, 1644.778 (1648.066)	Log prob: 1414.715, 1495.667, 1554.989, 1598.748, 1622.841, 1646.901, 1659.257, 1662.187, 1663.604, 1663.624 (1666.892)	KLD: 3.576, 3.066, 2.802, 2.370, 2.029, 1.991, 1.633, 0.787, 0.565, 0.026 (18.826)	Grad: 5.000, 3.333, 2.379, 1.532, 0.559, 0.545, 0.370, 0.266, 0.236, 0.150
[Epoch  15 (141.28s)]	ELBO: 1412.770, 1490.434, 1547.842, 1589.695, 1612.275, 1634.150, 1645.478, 1648.215, 1649.423, 1649.437 (1653.201)	Log prob: 1416.337, 1497.075, 1557.301, 1601.537, 1626.150, 1650.014, 1663.008, 1666.642, 1668.570, 1668.616 (1672.234)	KLD: 3.566, 3.074, 2.819, 2.381, 2.033, 1.989, 1.668, 0.897, 0.721, 0.031 (19.032)	Grad: 4.945, 3.384, 2.422, 1.505, 0.559, 0.578, 0.367, 0.278, 0.255, 0.154
[Epoch  16 (142.84s)]	ELBO: 1414.251, 1492.239, 1550.285, 1592.484, 1615.476, 1637.141, 1649.049, 1652.365, 1653.920, 1653.901 (1656.318)	Log prob: 1417.805, 1498.871, 1559.749, 1604.330, 1629.355, 1653.004, 1666.610, 1670.918, 1673.311, 1673.329 (1675.756)	KLD: 3.554, 3.078, 2.831, 2.383, 2.033, 1.984, 1.696, 0.992, 0.838, 0.038 (19.437)	Grad: 4.897, 3.391, 2.340, 1.404, 0.547, 0.525, 0.380, 0.280, 0.254, 0.144
[Epoch  17 (146.22s)]	ELBO: 1415.427, 1493.856, 1552.403, 1594.926, 1618.177, 1639.611, 1651.981, 1656.107, 1657.860, 1657.833 (1660.889)	Log prob: 1418.968, 1500.491, 1561.892, 1606.794, 1632.081, 1655.500, 1669.595, 1674.822, 1677.465, 1677.485 (1680.479)	KLD: 3.540, 3.095, 2.854, 2.379, 2.036, 1.984, 1.725, 1.102, 0.891, 0.045 (19.591)	Grad: 4.949, 3.329, 2.441, 1.380, 0.572, 0.532, 0.395, 0.316, 0.270, 0.151
[Epoch  18 (150.94s)]	ELBO: 1416.535, 1495.569, 1554.461, 1597.172, 1620.789, 1642.016, 1654.616, 1659.880, 1661.615, 1661.608 (1664.526)	Log prob: 1420.081, 1502.224, 1563.983, 1609.060, 1634.724, 1657.927, 1672.262, 1678.754, 1681.383, 1681.429 (1684.055)	KLD: 3.545, 3.110, 2.866, 2.368, 2.045, 1.978, 1.735, 1.228, 0.893, 0.054 (19.528)	Grad: 4.870, 3.376, 2.313, 1.328, 0.561, 0.485, 0.415, 0.338, 0.275, 0.152
[Epoch  19 (156.52s)]	ELBO: 1417.418, 1497.119, 1556.195, 1599.053, 1623.002, 1644.126, 1656.863, 1663.440, 1665.337, 1665.320 (1668.249)	Log prob: 1420.974, 1503.793, 1565.747, 1610.975, 1636.973, 1660.078, 1674.560, 1682.484, 1685.288, 1685.335 (1688.209)	KLD: 3.556, 3.118, 2.877, 2.371, 2.051, 1.979, 1.744, 1.348, 0.908, 0.062 (19.960)	Grad: 4.818, 3.213, 2.268, 1.312, 0.580, 0.475, 0.438, 0.376, 0.280, 0.150
[Epoch  20 (152.54s)]	ELBO: 1418.288, 1498.423, 1557.400, 1600.640, 1624.772, 1645.769, 1658.702, 1666.132, 1669.023, 1668.982 (1672.177)	Log prob: 1421.844, 1505.103, 1566.965, 1612.570, 1638.759, 1661.739, 1676.417, 1685.284, 1689.219, 1689.248 (1692.255)	KLD: 3.555, 3.125, 2.886, 2.365, 2.058, 1.982, 1.745, 1.436, 1.044, 0.072 (20.078)	Grad: 4.882, 3.302, 2.318, 1.348, 0.601, 0.508, 0.426, 0.426, 0.306, 0.159
[Epoch  21 (148.72s)]	ELBO: 1418.879, 1499.568, 1558.746, 1602.157, 1626.507, 1647.500, 1660.499, 1668.266, 1672.360, 1672.240 (1674.975)	Log prob: 1422.452, 1506.277, 1568.354, 1614.130, 1640.542, 1663.523, 1678.274, 1687.521, 1692.814, 1692.776 (1695.386)	KLD: 3.573, 3.137, 2.898, 2.366, 2.060, 1.990, 1.752, 1.479, 1.200, 0.080 (20.411)	Grad: 4.719, 3.062, 2.219, 1.322, 0.603, 0.518, 0.420, 0.439, 0.327, 0.151
[Epoch  22 (141.22s)]	ELBO: 1419.813, 1501.077, 1560.212, 1603.754, 1628.347, 1649.057, 1662.091, 1670.282, 1675.107, 1675.042 (1676.533)	Log prob: 1423.389, 1507.798, 1569.831, 1615.739, 1642.391, 1665.089, 1679.877, 1689.574, 1695.672, 1695.693 (1697.121)	KLD: 3.576, 3.146, 2.897, 2.366, 2.061, 1.988, 1.752, 1.506, 1.273, 0.087 (20.588)	Grad: 4.682, 3.015, 2.140, 1.288, 0.587, 0.512, 0.436, 0.436, 0.330, 0.145
[Epoch  23 (154.55s)]	ELBO: 1420.486, 1502.146, 1561.317, 1604.849, 1629.657, 1650.338, 1663.420, 1671.850, 1677.208, 1677.127 (1678.789)	Log prob: 1424.069, 1508.889, 1570.961, 1616.860, 1643.738, 1666.404, 1681.241, 1691.200, 1697.885, 1697.901 (1699.626)	KLD: 3.583, 3.158, 2.903, 2.367, 2.071, 1.984, 1.756, 1.528, 1.328, 0.095 (20.836)	Grad: 4.669, 3.066, 2.143, 1.293, 0.622, 0.515, 0.415, 0.442, 0.354, 0.145
[Epoch  24 (145.45s)]	ELBO: 1421.197, 1503.491, 1562.527, 1606.146, 1631.124, 1651.619, 1664.785, 1673.398, 1679.214, 1679.116 (1680.799)	Log prob: 1424.782, 1510.243, 1572.182, 1618.166, 1645.212, 1667.694, 1682.613, 1692.766, 1699.934, 1699.938 (1701.451)	KLD: 3.585, 3.167, 2.902, 2.365, 2.067, 1.987, 1.755, 1.540, 1.351, 0.102 (20.653)	Grad: 4.595, 2.910, 2.137, 1.263, 0.611, 0.512, 0.427, 0.424, 0.364, 0.141
[Epoch  25 (128.01s)]	ELBO: 1421.941, 1504.635, 1563.482, 1607.128, 1632.274, 1652.758, 1665.902, 1674.763, 1680.871, 1680.829 (1681.691)	Log prob: 1425.530, 1511.393, 1573.150, 1619.163, 1646.390, 1668.860, 1683.755, 1694.164, 1701.652, 1701.718 (1702.328)	KLD: 3.590, 3.168, 2.910, 2.366, 2.080, 1.988, 1.748, 1.551, 1.378, 0.107 (20.637)	Grad: 4.651, 2.946, 2.074, 1.278, 0.614, 0.526, 0.433, 0.424, 0.354, 0.144
[Epoch  26 (128.08s)]	ELBO: 1422.420, 1505.841, 1564.532, 1608.188, 1633.394, 1653.729, 1666.931, 1675.926, 1682.302, 1682.207 (1682.905)	Log prob: 1426.022, 1512.624, 1574.222, 1620.247, 1647.539, 1669.855, 1684.812, 1695.368, 1703.134, 1703.150 (1703.977)	KLD: 3.603, 3.180, 2.906, 2.371, 2.084, 1.981, 1.755, 1.561, 1.390, 0.110 (21.072)	Grad: 4.682, 3.041, 2.051, 1.246, 0.620, 0.522, 0.448, 0.424, 0.358, 0.147
[Epoch  27 (146.16s)]	ELBO: 1423.103, 1507.024, 1565.703, 1609.238, 1634.658, 1654.985, 1668.144, 1677.226, 1683.791, 1683.700 (1683.970)	Log prob: 1426.702, 1513.810, 1575.396, 1621.302, 1648.804, 1671.113, 1686.023, 1696.666, 1704.621, 1704.645 (1704.964)	KLD: 3.600, 3.186, 2.909, 2.372, 2.080, 1.982, 1.750, 1.562, 1.390, 0.114 (20.994)	Grad: 4.622, 2.990, 2.027, 1.241, 0.599, 0.536, 0.449, 0.407, 0.364, 0.145
[Epoch  28 (128.58s)]	ELBO: 1423.718, 1508.261, 1566.531, 1610.017, 1635.497, 1655.727, 1668.955, 1678.229, 1684.944, 1684.834 (1684.654)	Log prob: 1427.323, 1515.054, 1576.240, 1622.101, 1649.662, 1671.874, 1686.860, 1697.708, 1705.816, 1705.822 (1705.631)	KLD: 3.605, 3.189, 2.915, 2.374, 2.084, 1.979, 1.757, 1.575, 1.394, 0.116 (20.977)	Grad: 4.619, 3.077, 1.979, 1.207, 0.600, 0.560, 0.450, 0.400, 0.363, 0.144
[Epoch  29 (131.86s)]	ELBO: 1424.380, 1509.505, 1567.561, 1610.919, 1636.438, 1656.680, 1669.879, 1679.260, 1686.075, 1685.929 (1686.152)	Log prob: 1427.995, 1516.312, 1577.283, 1623.014, 1650.622, 1672.844, 1687.796, 1698.749, 1706.955, 1706.928 (1707.157)	KLD: 3.615, 3.190, 2.917, 2.374, 2.088, 1.979, 1.754, 1.571, 1.393, 0.118 (21.005)	Grad: 4.649, 3.078, 1.996, 1.252, 0.619, 0.568, 0.471, 0.407, 0.357, 0.149
[Epoch  30 (135.12s)]	ELBO: 1424.916, 1510.600, 1568.558, 1611.664, 1637.312, 1657.439, 1670.800, 1680.146, 1687.101, 1686.958 (1686.701)	Log prob: 1428.537, 1517.420, 1578.295, 1623.780, 1651.523, 1673.632, 1688.749, 1699.667, 1708.019, 1707.997 (1707.613)	KLD: 3.620, 3.200, 2.916, 2.379, 2.095, 1.983, 1.756, 1.571, 1.397, 0.122 (20.912)	Grad: 4.568, 3.000, 1.963, 1.205, 0.604, 0.568, 0.465, 0.401, 0.361, 0.150
[Epoch  31 (145.90s)]	ELBO: 1425.374, 1511.432, 1569.190, 1612.309, 1638.035, 1658.227, 1671.468, 1681.019, 1687.901, 1687.775 (1688.401)	Log prob: 1428.999, 1518.256, 1578.932, 1624.433, 1652.256, 1674.429, 1689.425, 1700.565, 1708.850, 1708.848 (1709.424)	KLD: 3.625, 3.198, 2.918, 2.383, 2.097, 1.982, 1.755, 1.588, 1.402, 0.126 (21.023)	Grad: 4.600, 3.035, 1.924, 1.251, 0.624, 0.543, 0.479, 0.405, 0.370, 0.157
[Epoch  32 (154.04s)]	ELBO: 1425.818, 1512.411, 1569.944, 1613.034, 1638.833, 1658.986, 1672.224, 1681.856, 1688.725, 1688.676 (1687.813)	Log prob: 1429.452, 1519.244, 1579.697, 1625.171, 1653.064, 1675.199, 1690.192, 1701.406, 1709.679, 1709.758 (1709.281)	KLD: 3.634, 3.199, 2.920, 2.385, 2.094, 1.982, 1.754, 1.583, 1.403, 0.127 (21.468)	Grad: 4.611, 3.033, 1.931, 1.212, 0.638, 0.559, 0.477, 0.413, 0.385, 0.161
[Epoch  33 (143.31s)]	ELBO: 1426.348, 1513.277, 1570.683, 1613.756, 1639.533, 1659.694, 1673.077, 1682.742, 1689.641, 1689.549 (1688.960)	Log prob: 1429.995, 1520.123, 1580.441, 1625.899, 1653.775, 1675.918, 1691.053, 1702.308, 1710.616, 1710.653 (1710.092)	KLD: 3.645, 3.200, 2.913, 2.386, 2.099, 1.980, 1.753, 1.590, 1.408, 0.129 (21.132)	Grad: 4.411, 3.127, 1.948, 1.200, 0.595, 0.560, 0.485, 0.407, 0.367, 0.156
[Epoch  34 (165.16s)]	ELBO: 1426.941, 1514.251, 1571.450, 1614.393, 1640.334, 1660.290, 1673.711, 1683.429, 1690.356, 1690.264 (1689.392)	Log prob: 1430.589, 1521.102, 1581.218, 1626.550, 1654.596, 1676.533, 1691.707, 1703.020, 1711.346, 1711.386 (1710.448)	KLD: 3.647, 3.205, 2.917, 2.390, 2.102, 1.983, 1.753, 1.594, 1.398, 0.132 (21.056)	Grad: 4.385, 3.026, 1.899, 1.232, 0.614, 0.576, 0.475, 0.399, 0.356, 0.157
[Epoch  35 (153.65s)]	ELBO: 1427.034, 1514.682, 1571.787, 1614.657, 1640.639, 1660.742, 1674.107, 1683.952, 1690.938, 1690.832 (1690.611)	Log prob: 1430.685, 1521.540, 1581.571, 1626.840, 1654.925, 1677.011, 1692.130, 1703.569, 1711.969, 1711.997 (1711.552)	KLD: 3.651, 3.206, 2.928, 2.397, 2.104, 1.983, 1.755, 1.594, 1.413, 0.133 (20.941)	Grad: 4.439, 3.241, 1.949, 1.263, 0.634, 0.566, 0.497, 0.398, 0.384, 0.162
[Epoch  36 (149.68s)]	ELBO: 1427.694, 1515.649, 1572.642, 1615.396, 1641.447, 1661.432, 1674.822, 1684.667, 1691.623, 1691.522 (1690.770)	Log prob: 1431.351, 1522.513, 1582.430, 1627.578, 1655.735, 1677.704, 1692.851, 1704.291, 1712.662, 1712.693 (1711.848)	KLD: 3.658, 3.208, 2.921, 2.395, 2.107, 1.983, 1.758, 1.594, 1.415, 0.132 (21.078)	Grad: 4.342, 3.066, 1.883, 1.247, 0.611, 0.564, 0.494, 0.399, 0.371, 0.159
[Epoch  37 (161.39s)]	ELBO: 1428.063, 1516.430, 1573.224, 1615.992, 1642.157, 1662.105, 1675.517, 1685.338, 1692.381, 1692.295 (1691.525)	Log prob: 1431.723, 1523.293, 1583.011, 1628.177, 1656.449, 1678.384, 1693.548, 1704.968, 1713.424, 1713.471 (1712.593)	KLD: 3.660, 3.205, 2.922, 2.400, 2.107, 1.984, 1.754, 1.598, 1.413, 0.134 (21.069)	Grad: 4.386, 3.185, 1.891, 1.239, 0.622, 0.579, 0.481, 0.402, 0.363, 0.162
[Epoch  38 (167.71s)]	ELBO: 1428.402, 1516.931, 1573.757, 1616.375, 1642.529, 1662.490, 1675.962, 1685.899, 1692.831, 1692.795 (1692.111)	Log prob: 1432.074, 1523.809, 1583.561, 1628.573, 1656.838, 1678.781, 1694.007, 1705.541, 1713.892, 1713.987 (1713.449)	KLD: 3.673, 3.205, 2.926, 2.395, 2.109, 1.982, 1.755, 1.598, 1.418, 0.130 (21.338)	Grad: 4.352, 3.075, 1.933, 1.246, 0.610, 0.565, 0.479, 0.395, 0.368, 0.158
[Epoch  39 (165.10s)]	ELBO: 1428.734, 1517.555, 1574.358, 1616.826, 1643.078, 1663.075, 1676.464, 1686.484, 1693.488, 1693.420 (1691.636)	Log prob: 1432.411, 1524.437, 1584.162, 1629.026, 1657.394, 1679.372, 1694.515, 1706.128, 1714.543, 1714.605 (1712.841)	KLD: 3.677, 3.206, 2.922, 2.397, 2.114, 1.981, 1.753, 1.595, 1.411, 0.130 (21.205)	Grad: 4.338, 3.177, 1.885, 1.306, 0.586, 0.576, 0.491, 0.397, 0.374, 0.156
[Epoch  40 (155.43s)]	ELBO: 1429.133, 1518.087, 1574.743, 1617.193, 1643.410, 1663.403, 1676.856, 1686.861, 1693.932, 1693.783 (1692.761)	Log prob: 1432.813, 1524.968, 1584.547, 1629.400, 1657.730, 1679.697, 1694.908, 1706.518, 1715.010, 1714.992 (1713.979)	KLD: 3.678, 3.203, 2.923, 2.404, 2.112, 1.976, 1.755, 1.605, 1.422, 0.130 (21.218)	Grad: 4.341, 3.193, 1.967, 1.266, 0.621, 0.579, 0.490, 0.405, 0.383, 0.164
[Epoch  41 (175.59s)]	ELBO: 1429.291, 1518.352, 1575.088, 1617.607, 1643.885, 1663.853, 1677.348, 1687.340, 1694.353, 1694.323 (1693.329)	Log prob: 1432.973, 1525.245, 1584.904, 1629.830, 1658.223, 1680.169, 1695.420, 1707.014, 1715.448, 1715.551 (1714.446)	KLD: 3.682, 3.211, 2.924, 2.407, 2.113, 1.979, 1.756, 1.604, 1.420, 0.131 (21.117)	Grad: 4.348, 3.277, 1.845, 1.282, 0.593, 0.581, 0.474, 0.416, 0.370, 0.163
[Epoch  42 (158.27s)]	ELBO: 1429.711, 1518.977, 1575.648, 1618.018, 1644.315, 1664.229, 1677.715, 1687.775, 1694.833, 1694.732 (1693.733)	Log prob: 1433.395, 1525.867, 1585.456, 1630.237, 1658.649, 1680.547, 1695.783, 1707.445, 1715.924, 1715.952 (1715.101)	KLD: 3.685, 3.205, 2.918, 2.412, 2.115, 1.981, 1.751, 1.600, 1.423, 0.128 (21.368)	Grad: 4.369, 3.214, 1.907, 1.278, 0.615, 0.576, 0.487, 0.414, 0.381, 0.161
[Epoch  43 (182.89s)]	ELBO: 1430.193, 1519.528, 1576.188, 1618.466, 1644.845, 1664.802, 1678.234, 1688.281, 1695.441, 1695.335 (1694.169)	Log prob: 1433.890, 1526.430, 1586.010, 1630.704, 1659.203, 1681.136, 1696.320, 1707.975, 1716.554, 1716.573 (1715.344)	KLD: 3.696, 3.207, 2.920, 2.414, 2.121, 1.977, 1.752, 1.606, 1.420, 0.124 (21.175)	Grad: 4.287, 3.261, 1.938, 1.262, 0.588, 0.555, 0.494, 0.400, 0.372, 0.159
[Epoch  44 (164.63s)]	ELBO: 1430.359, 1519.787, 1576.519, 1618.699, 1644.944, 1664.973, 1678.497, 1688.560, 1695.617, 1695.552 (1693.233)	Log prob: 1434.052, 1526.690, 1586.344, 1630.933, 1659.298, 1681.304, 1696.571, 1708.241, 1716.718, 1716.774 (1714.553)	KLD: 3.694, 3.208, 2.924, 2.409, 2.119, 1.978, 1.745, 1.606, 1.419, 0.122 (21.320)	Grad: 4.323, 3.252, 1.916, 1.333, 0.605, 0.576, 0.498, 0.406, 0.399, 0.169
[Epoch  45 (149.71s)]	ELBO: 1430.694, 1520.221, 1576.864, 1619.116, 1645.476, 1665.449, 1678.917, 1689.016, 1696.142, 1696.027 (1694.428)	Log prob: 1434.391, 1527.127, 1586.692, 1631.361, 1659.846, 1681.797, 1697.016, 1708.717, 1717.269, 1717.272 (1715.674)	KLD: 3.698, 3.209, 2.922, 2.418, 2.123, 1.980, 1.751, 1.601, 1.427, 0.119 (21.246)	Grad: 4.470, 3.261, 1.916, 1.288, 0.600, 0.563, 0.476, 0.403, 0.386, 0.169
[Epoch  46 (145.20s)]	ELBO: 1431.088, 1520.864, 1577.365, 1619.486, 1645.899, 1665.852, 1679.369, 1689.450, 1696.584, 1696.476 (1695.335)	Log prob: 1434.790, 1527.771, 1587.198, 1631.733, 1660.269, 1682.199, 1697.465, 1709.153, 1717.707, 1717.722 (1716.421)	KLD: 3.702, 3.207, 2.923, 2.414, 2.123, 1.978, 1.747, 1.609, 1.421, 0.122 (21.085)	Grad: 4.261, 3.346, 1.910, 1.339, 0.592, 0.594, 0.487, 0.416, 0.383, 0.170
[Epoch  47 (152.39s)]	ELBO: 1431.276, 1521.107, 1577.667, 1619.835, 1646.217, 1666.237, 1679.763, 1689.826, 1696.931, 1696.908 (1695.200)	Log prob: 1434.986, 1528.021, 1587.503, 1632.086, 1660.589, 1682.589, 1697.854, 1709.516, 1718.044, 1718.137 (1716.496)	KLD: 3.709, 3.204, 2.922, 2.415, 2.121, 1.981, 1.739, 1.600, 1.422, 0.116 (21.296)	Grad: 4.357, 3.258, 1.869, 1.270, 0.597, 0.556, 0.493, 0.395, 0.380, 0.167
[Epoch  48 (153.54s)]	ELBO: 1431.417, 1521.309, 1577.873, 1620.066, 1646.490, 1666.413, 1679.934, 1690.087, 1697.192, 1697.094 (1695.166)	Log prob: 1435.127, 1528.229, 1587.717, 1632.328, 1660.877, 1682.773, 1698.041, 1709.804, 1718.329, 1718.353 (1716.495)	KLD: 3.710, 3.210, 2.923, 2.417, 2.126, 1.975, 1.746, 1.610, 1.420, 0.122 (21.329)	Grad: 4.433, 3.348, 1.982, 1.270, 0.604, 0.596, 0.482, 0.404, 0.388, 0.175
[Epoch  49 (147.86s)]	ELBO: 1431.864, 1521.895, 1578.361, 1620.541, 1646.919, 1666.887, 1680.441, 1690.570, 1697.736, 1697.634 (1695.033)	Log prob: 1435.581, 1528.819, 1588.201, 1632.800, 1661.299, 1683.251, 1698.551, 1710.286, 1718.879, 1718.898 (1716.408)	KLD: 3.718, 3.208, 2.915, 2.419, 2.122, 1.983, 1.747, 1.606, 1.427, 0.119 (21.375)	Grad: 4.376, 3.337, 1.912, 1.292, 0.606, 0.560, 0.474, 0.397, 0.378, 0.169
[Epoch  50 (166.75s)]	ELBO: 1432.107, 1522.208, 1578.603, 1620.776, 1647.228, 1667.158, 1680.693, 1690.856, 1697.988, 1697.956 (1695.587)	Log prob: 1435.827, 1529.136, 1588.445, 1633.042, 1661.616, 1683.520, 1698.805, 1710.576, 1719.129, 1719.219 (1716.776)	KLD: 3.722, 3.205, 2.915, 2.424, 2.123, 1.974, 1.749, 1.608, 1.423, 0.121 (21.189)	Grad: 4.441, 3.332, 1.982, 1.323, 0.583, 0.572, 0.484, 0.397, 0.381, 0.171
[Epoch  51 (165.14s)]	ELBO: 1432.335, 1522.504, 1579.021, 1621.131, 1647.514, 1667.449, 1680.963, 1691.082, 1698.236, 1698.146 (1696.027)	Log prob: 1436.054, 1529.436, 1588.865, 1633.401, 1661.908, 1683.824, 1699.081, 1710.813, 1719.389, 1719.423 (1717.229)	KLD: 3.719, 3.212, 2.912, 2.428, 2.124, 1.979, 1.745, 1.612, 1.424, 0.124 (21.203)	Grad: 4.476, 3.366, 1.869, 1.332, 0.594, 0.605, 0.499, 0.405, 0.377, 0.176
[Epoch  52 (167.35s)]	ELBO: 1432.539, 1522.712, 1579.204, 1621.273, 1647.725, 1667.699, 1681.197, 1691.392, 1698.453, 1698.446 (1696.708)	Log prob: 1436.261, 1529.647, 1589.054, 1633.554, 1662.128, 1684.082, 1699.323, 1711.126, 1719.612, 1719.731 (1717.938)	KLD: 3.723, 3.212, 2.916, 2.430, 2.122, 1.979, 1.744, 1.607, 1.424, 0.129 (21.230)	Grad: 4.543, 3.407, 1.995, 1.321, 0.607, 0.587, 0.498, 0.404, 0.393, 0.184
[Epoch  53 (166.42s)]	ELBO: 1432.726, 1523.006, 1579.486, 1621.594, 1648.046, 1668.041, 1681.466, 1691.672, 1698.762, 1698.732 (1696.235)	Log prob: 1436.456, 1529.948, 1589.344, 1633.888, 1662.462, 1684.434, 1699.599, 1711.415, 1719.927, 1720.028 (1717.575)	KLD: 3.730, 3.213, 2.915, 2.437, 2.121, 1.977, 1.741, 1.609, 1.422, 0.133 (21.340)	Grad: 4.458, 3.347, 1.869, 1.329, 0.589, 0.561, 0.477, 0.389, 0.392, 0.177
[Epoch  54 (154.03s)]	ELBO: 1432.959, 1523.370, 1579.791, 1621.845, 1648.278, 1668.259, 1681.709, 1691.925, 1699.088, 1698.994 (1697.331)	Log prob: 1436.688, 1530.304, 1589.635, 1634.130, 1662.688, 1684.648, 1699.840, 1711.663, 1720.250, 1720.289 (1718.654)	KLD: 3.729, 3.206, 2.909, 2.442, 2.123, 1.980, 1.743, 1.608, 1.425, 0.131 (21.323)	Grad: 4.477, 3.370, 1.933, 1.346, 0.602, 0.576, 0.493, 0.398, 0.385, 0.181
[Epoch  55 (161.35s)]	ELBO: 1433.251, 1523.772, 1580.160, 1622.280, 1648.741, 1668.718, 1682.139, 1692.369, 1699.510, 1699.455 (1697.621)	Log prob: 1436.986, 1530.713, 1590.007, 1634.574, 1663.154, 1685.109, 1700.265, 1712.103, 1720.666, 1720.754 (1718.914)	KLD: 3.734, 3.205, 2.909, 2.445, 2.120, 1.977, 1.735, 1.609, 1.421, 0.142 (21.293)	Grad: 4.464, 3.301, 1.903, 1.309, 0.592, 0.572, 0.489, 0.414, 0.387, 0.180
[Epoch  56 (174.05s)]	ELBO: 1433.380, 1523.903, 1580.271, 1622.421, 1648.930, 1668.894, 1682.340, 1692.517, 1699.686, 1699.646 (1697.868)	Log prob: 1437.119, 1530.857, 1590.130, 1634.729, 1663.361, 1685.297, 1700.481, 1712.265, 1720.854, 1720.959 (1719.081)	KLD: 3.740, 3.213, 2.907, 2.448, 2.122, 1.974, 1.737, 1.608, 1.421, 0.144 (21.213)	Grad: 4.541, 3.326, 1.926, 1.328, 0.600, 0.581, 0.507, 0.411, 0.396, 0.185
[Epoch  57 (165.22s)]	ELBO: 1433.660, 1524.247, 1580.586, 1622.806, 1649.327, 1669.262, 1682.644, 1692.854, 1699.994, 1699.940 (1698.172)	Log prob: 1437.400, 1531.201, 1590.452, 1635.125, 1663.772, 1685.685, 1700.804, 1712.626, 1721.195, 1721.300 (1719.446)	KLD: 3.740, 3.214, 2.913, 2.451, 2.126, 1.979, 1.735, 1.613, 1.431, 0.158 (21.274)	Grad: 4.391, 3.324, 1.921, 1.317, 0.583, 0.563, 0.498, 0.402, 0.384, 0.187
[Epoch  58 (150.68s)]	ELBO: 1433.700, 1524.452, 1580.734, 1622.933, 1649.384, 1669.284, 1682.798, 1692.931, 1700.128, 1700.025 (1698.247)	Log prob: 1437.438, 1531.405, 1590.595, 1635.244, 1663.813, 1685.695, 1700.945, 1712.689, 1721.316, 1721.395 (1719.538)	KLD: 3.737, 3.215, 2.909, 2.449, 2.120, 1.979, 1.737, 1.612, 1.430, 0.180 (21.291)	Grad: 4.594, 3.441, 2.000, 1.360, 0.610, 0.572, 0.518, 0.430, 0.402, 0.206
[Epoch  59 (151.83s)]	ELBO: 1433.917, 1524.725, 1580.986, 1623.220, 1649.723, 1669.673, 1683.121, 1693.303, 1700.415, 1700.417 (1697.794)	Log prob: 1437.665, 1531.690, 1590.855, 1635.544, 1664.169, 1686.098, 1701.285, 1713.076, 1721.617, 1721.814 (1719.129)	KLD: 3.748, 3.217, 2.905, 2.455, 2.120, 1.979, 1.739, 1.611, 1.430, 0.195 (21.335)	Grad: 4.479, 3.308, 1.908, 1.339, 0.584, 0.570, 0.511, 0.413, 0.382, 0.203
[Epoch  60 (149.93s)]	ELBO: 1434.200, 1525.144, 1581.414, 1623.687, 1650.158, 1670.031, 1683.390, 1693.570, 1700.725, 1700.721 (1698.233)	Log prob: 1437.954, 1532.113, 1591.282, 1636.012, 1664.599, 1686.450, 1701.551, 1713.337, 1721.927, 1722.150 (1719.451)	KLD: 3.754, 3.215, 2.900, 2.455, 2.116, 1.978, 1.741, 1.607, 1.437, 0.226 (21.218)	Grad: 4.501, 3.332, 1.909, 1.339, 0.600, 0.560, 0.504, 0.403, 0.392, 0.215
[Epoch  61 (153.60s)]	ELBO: 1434.330, 1525.210, 1581.370, 1623.726, 1650.222, 1670.151, 1683.579, 1693.698, 1700.896, 1700.907 (1698.990)	Log prob: 1438.082, 1532.176, 1591.235, 1636.053, 1664.662, 1686.564, 1701.724, 1713.447, 1722.077, 1722.338 (1720.584)	KLD: 3.752, 3.214, 2.900, 2.461, 2.112, 1.973, 1.732, 1.604, 1.433, 0.248 (21.593)	Grad: 4.457, 3.357, 1.895, 1.351, 0.591, 0.569, 0.501, 0.422, 0.388, 0.233
[Epoch  62 (149.53s)]	ELBO: 1434.516, 1525.397, 1581.595, 1623.895, 1650.373, 1670.259, 1683.668, 1693.884, 1701.038, 1701.078 (1698.716)	Log prob: 1438.271, 1532.368, 1591.464, 1636.231, 1664.823, 1686.688, 1701.839, 1713.669, 1722.257, 1722.571 (1720.152)	KLD: 3.754, 3.216, 2.900, 2.466, 2.114, 1.980, 1.740, 1.614, 1.435, 0.274 (21.437)	Grad: 4.514, 3.384, 1.915, 1.378, 0.598, 0.562, 0.509, 0.403, 0.390, 0.235
[Epoch  63 (143.36s)]	ELBO: 1434.737, 1525.807, 1581.866, 1624.176, 1650.682, 1670.591, 1683.926, 1694.130, 1701.314, 1701.423 (1698.886)	Log prob: 1438.495, 1532.782, 1591.737, 1636.513, 1665.135, 1687.020, 1702.092, 1713.906, 1722.534, 1722.937 (1720.347)	KLD: 3.758, 3.216, 2.899, 2.465, 2.117, 1.975, 1.736, 1.611, 1.444, 0.295 (21.460)	Grad: 4.484, 3.278, 1.846, 1.350, 0.593, 0.567, 0.507, 0.414, 0.397, 0.241
[Epoch  64 (146.42s)]	ELBO: 1434.983, 1526.102, 1582.104, 1624.431, 1650.894, 1670.774, 1684.135, 1694.271, 1701.418, 1701.598 (1699.875)	Log prob: 1438.741, 1533.081, 1591.978, 1636.774, 1665.353, 1687.208, 1702.307, 1714.052, 1722.642, 1723.135 (1721.181)	KLD: 3.759, 3.219, 2.895, 2.470, 2.115, 1.978, 1.736, 1.609, 1.442, 0.315 (21.306)	Grad: 4.474, 3.261, 1.869, 1.388, 0.592, 0.571, 0.501, 0.413, 0.399, 0.246
[Epoch  65 (154.98s)]	ELBO: 1435.007, 1526.210, 1582.252, 1624.712, 1651.153, 1670.990, 1684.382, 1694.515, 1701.656, 1701.821 (1698.448)	Log prob: 1438.765, 1533.192, 1592.128, 1637.057, 1665.615, 1687.436, 1702.562, 1714.312, 1722.898, 1723.391 (1720.035)	KLD: 3.758, 3.224, 2.894, 2.469, 2.117, 1.982, 1.737, 1.614, 1.446, 0.330 (21.587)	Grad: 4.549, 3.388, 1.933, 1.326, 0.583, 0.573, 0.526, 0.410, 0.390, 0.256
[Epoch  66 (149.76s)]	ELBO: 1435.301, 1526.510, 1582.406, 1624.791, 1651.260, 1671.135, 1684.446, 1694.603, 1701.766, 1701.903 (1699.751)	Log prob: 1439.069, 1533.500, 1592.291, 1637.153, 1665.735, 1687.590, 1702.635, 1714.401, 1723.008, 1723.492 (1721.131)	KLD: 3.768, 3.222, 2.895, 2.476, 2.114, 1.981, 1.734, 1.608, 1.443, 0.346 (21.380)	Grad: 4.554, 3.409, 1.917, 1.364, 0.578, 0.571, 0.509, 0.417, 0.382, 0.264
[Epoch  67 (143.75s)]	ELBO: 1435.388, 1526.604, 1582.599, 1625.026, 1651.532, 1671.422, 1684.837, 1694.891, 1702.118, 1702.227 (1699.952)	Log prob: 1439.149, 1533.585, 1592.477, 1637.382, 1665.998, 1687.864, 1703.015, 1714.681, 1723.351, 1723.829 (1721.514)	KLD: 3.761, 3.220, 2.895, 2.479, 2.111, 1.976, 1.737, 1.609, 1.446, 0.368 (21.563)	Grad: 4.541, 3.332, 1.879, 1.308, 0.589, 0.571, 0.522, 0.402, 0.394, 0.259
[Epoch  68 (149.72s)]	ELBO: 1435.656, 1526.984, 1582.879, 1625.274, 1651.732, 1671.555, 1684.869, 1695.011, 1702.159, 1702.354 (1700.124)	Log prob: 1439.417, 1533.968, 1592.755, 1637.629, 1666.196, 1687.998, 1703.046, 1714.803, 1723.398, 1723.976 (1721.571)	KLD: 3.762, 3.221, 2.894, 2.479, 2.110, 1.976, 1.734, 1.616, 1.448, 0.382 (21.447)	Grad: 4.477, 3.298, 1.897, 1.374, 0.587, 0.581, 0.532, 0.418, 0.402, 0.275
[Epoch  69 (148.34s)]	ELBO: 1435.564, 1526.925, 1582.758, 1625.276, 1651.716, 1671.550, 1684.928, 1695.057, 1702.243, 1702.389 (1700.377)	Log prob: 1439.328, 1533.910, 1592.630, 1637.633, 1666.176, 1687.991, 1703.105, 1714.847, 1723.481, 1724.023 (1722.167)	KLD: 3.765, 3.220, 2.887, 2.485, 2.104, 1.980, 1.735, 1.614, 1.448, 0.395 (21.790)	Grad: 4.626, 3.342, 1.943, 1.369, 0.612, 0.600, 0.525, 0.422, 0.403, 0.285
[Epoch  70 (140.52s)]	ELBO: 1435.756, 1527.072, 1582.893, 1625.371, 1651.862, 1671.754, 1685.041, 1695.099, 1702.328, 1702.561 (1700.766)	Log prob: 1439.524, 1534.065, 1592.772, 1637.735, 1666.339, 1688.213, 1703.236, 1714.905, 1723.587, 1724.233 (1722.427)	KLD: 3.767, 3.227, 2.885, 2.485, 2.113, 1.984, 1.735, 1.609, 1.454, 0.414 (21.660)	Grad: 4.488, 3.298, 1.931, 1.378, 0.598, 0.594, 0.523, 0.424, 0.413, 0.285
[Epoch  71 (138.93s)]	ELBO: 1436.133, 1527.478, 1583.282, 1625.784, 1652.227, 1672.103, 1685.418, 1695.530, 1702.722, 1702.886 (1700.781)	Log prob: 1439.902, 1534.474, 1593.166, 1638.150, 1666.704, 1688.561, 1703.611, 1715.336, 1723.984, 1724.578 (1722.366)	KLD: 3.768, 3.228, 2.888, 2.482, 2.111, 1.981, 1.735, 1.614, 1.455, 0.429 (21.584)	Grad: 4.499, 3.313, 1.903, 1.349, 0.594, 0.572, 0.522, 0.420, 0.404, 0.290
[Epoch  72 (149.17s)]	ELBO: 1436.198, 1527.749, 1583.478, 1625.907, 1652.392, 1672.168, 1685.448, 1695.549, 1702.748, 1703.008 (1700.514)	Log prob: 1439.972, 1534.748, 1593.362, 1638.280, 1666.873, 1688.636, 1703.653, 1715.367, 1724.018, 1724.720 (1722.109)	KLD: 3.774, 3.224, 2.884, 2.489, 2.108, 1.987, 1.738, 1.613, 1.452, 0.442 (21.595)	Grad: 4.618, 3.416, 1.918, 1.387, 0.598, 0.601, 0.557, 0.426, 0.408, 0.299
[Epoch  73 (143.65s)]	ELBO: 1436.288, 1527.819, 1583.511, 1625.990, 1652.394, 1672.235, 1685.546, 1695.621, 1702.800, 1702.995 (1700.914)	Log prob: 1440.054, 1534.816, 1593.398, 1638.367, 1666.876, 1688.705, 1703.754, 1715.438, 1724.074, 1724.729 (1722.794)	KLD: 3.767, 3.231, 2.889, 2.489, 2.105, 1.988, 1.739, 1.609, 1.457, 0.458 (21.880)	Grad: 4.693, 3.481, 1.978, 1.342, 0.595, 0.599, 0.533, 0.433, 0.419, 0.308
[Epoch  74 (138.36s)]	ELBO: 1436.506, 1528.128, 1583.830, 1626.355, 1652.802, 1672.558, 1685.838, 1695.916, 1703.130, 1703.415 (1700.663)	Log prob: 1440.280, 1535.131, 1593.724, 1638.742, 1667.292, 1689.034, 1704.054, 1715.749, 1724.424, 1725.171 (1722.745)	KLD: 3.775, 3.227, 2.891, 2.493, 2.102, 1.988, 1.740, 1.615, 1.462, 0.460 (22.082)	Grad: 4.601, 3.330, 1.964, 1.369, 0.616, 0.591, 0.532, 0.418, 0.411, 0.307
[Epoch  75 (142.62s)]	ELBO: 1436.739, 1528.381, 1583.962, 1626.506, 1652.922, 1672.694, 1685.981, 1696.113, 1703.234, 1703.539 (1700.695)	Log prob: 1440.514, 1535.386, 1593.855, 1638.893, 1667.410, 1689.175, 1704.198, 1715.940, 1724.523, 1725.299 (1722.217)	KLD: 3.776, 3.229, 2.888, 2.493, 2.102, 1.992, 1.737, 1.610, 1.462, 0.470 (21.522)	Grad: 4.565, 3.339, 1.864, 1.376, 0.594, 0.571, 0.530, 0.419, 0.406, 0.302
[Epoch  76 (155.97s)]	ELBO: 1436.835, 1528.640, 1584.082, 1626.573, 1653.080, 1672.859, 1686.072, 1696.143, 1703.329, 1703.671 (1701.451)	Log prob: 1440.622, 1535.656, 1593.981, 1638.969, 1667.580, 1689.346, 1704.295, 1715.984, 1724.632, 1725.450 (1723.166)	KLD: 3.785, 3.231, 2.883, 2.497, 2.104, 1.988, 1.735, 1.618, 1.462, 0.476 (21.715)	Grad: 4.604, 3.446, 1.911, 1.360, 0.588, 0.578, 0.536, 0.417, 0.407, 0.313
[Epoch  77 (148.78s)]	ELBO: 1437.095, 1528.831, 1584.285, 1626.842, 1653.232, 1673.022, 1686.232, 1696.317, 1703.455, 1703.859 (1701.500)	Log prob: 1440.875, 1535.836, 1594.180, 1639.231, 1667.725, 1689.504, 1704.453, 1716.153, 1724.764, 1725.667 (1723.149)	KLD: 3.781, 3.226, 2.888, 2.496, 2.102, 1.989, 1.738, 1.616, 1.471, 0.502 (21.648)	Grad: 4.618, 3.445, 1.943, 1.375, 0.593, 0.602, 0.553, 0.434, 0.416, 0.321
[Epoch  78 (144.82s)]	ELBO: 1437.147, 1528.979, 1584.401, 1626.930, 1653.404, 1673.159, 1686.451, 1696.497, 1703.642, 1704.049 (1701.639)	Log prob: 1440.935, 1536.000, 1594.305, 1639.330, 1667.902, 1689.646, 1704.673, 1716.339, 1724.943, 1725.853 (1723.591)	KLD: 3.789, 3.232, 2.883, 2.498, 2.098, 1.986, 1.737, 1.618, 1.461, 0.503 (21.953)	Grad: 4.522, 3.424, 1.923, 1.357, 0.594, 0.580, 0.517, 0.422, 0.406, 0.317
[Epoch  79 (155.35s)]	ELBO: 1437.301, 1529.283, 1584.672, 1627.153, 1653.536, 1673.330, 1686.470, 1696.646, 1703.787, 1704.112 (1701.742)	Log prob: 1441.089, 1536.299, 1594.569, 1639.545, 1668.024, 1689.812, 1704.687, 1716.481, 1725.094, 1725.930 (1723.577)	KLD: 3.789, 3.226, 2.882, 2.494, 2.098, 1.992, 1.737, 1.617, 1.471, 0.510 (21.835)	Grad: 4.662, 3.329, 1.949, 1.378, 0.596, 0.591, 0.533, 0.433, 0.406, 0.323
[Epoch  80 (143.00s)]	ELBO: 1437.452, 1529.391, 1584.759, 1627.308, 1653.816, 1673.523, 1686.792, 1696.878, 1703.984, 1704.353 (1701.591)	Log prob: 1441.238, 1536.407, 1594.653, 1639.701, 1668.305, 1690.006, 1705.006, 1716.701, 1725.269, 1726.160 (1723.348)	KLD: 3.785, 3.230, 2.878, 2.499, 2.095, 1.994, 1.732, 1.611, 1.459, 0.522 (21.758)	Grad: 4.593, 3.331, 1.930, 1.371, 0.589, 0.586, 0.522, 0.417, 0.406, 0.319
[Epoch  81 (166.17s)]	ELBO: 1437.616, 1529.543, 1584.848, 1627.400, 1653.851, 1673.585, 1686.738, 1696.876, 1704.017, 1704.439 (1701.516)	Log prob: 1441.403, 1536.556, 1594.747, 1639.801, 1668.351, 1690.074, 1704.958, 1716.719, 1725.333, 1726.294 (1723.621)	KLD: 3.788, 3.227, 2.884, 2.503, 2.098, 1.989, 1.731, 1.622, 1.474, 0.539 (22.106)	Grad: 4.645, 3.353, 1.964, 1.325, 0.600, 0.603, 0.540, 0.437, 0.421, 0.329
[Epoch  82 (162.07s)]	ELBO: 1437.661, 1529.643, 1585.029, 1627.507, 1653.957, 1673.744, 1686.916, 1696.934, 1704.158, 1704.483 (1702.007)	Log prob: 1441.451, 1536.665, 1594.932, 1639.912, 1668.458, 1690.235, 1705.147, 1716.778, 1725.478, 1726.346 (1724.018)	KLD: 3.791, 3.231, 2.881, 2.502, 2.096, 1.992, 1.738, 1.615, 1.475, 0.544 (22.010)	Grad: 4.619, 3.434, 1.931, 1.324, 0.605, 0.599, 0.518, 0.429, 0.413, 0.340
[Epoch  83 (138.67s)]	ELBO: 1437.817, 1529.871, 1585.160, 1627.744, 1654.152, 1673.854, 1687.070, 1697.184, 1704.255, 1704.673 (1701.778)	Log prob: 1441.612, 1536.899, 1595.070, 1640.158, 1668.659, 1690.359, 1705.310, 1717.049, 1725.599, 1726.575 (1723.604)	KLD: 3.795, 3.234, 2.881, 2.505, 2.093, 1.997, 1.736, 1.623, 1.479, 0.558 (21.826)	Grad: 4.670, 3.387, 1.969, 1.372, 0.578, 0.600, 0.542, 0.428, 0.410, 0.348
[Epoch  84 (135.09s)]	ELBO: 1437.893, 1529.972, 1585.255, 1627.861, 1654.241, 1673.994, 1687.200, 1697.206, 1704.330, 1704.793 (1701.826)	Log prob: 1441.690, 1537.002, 1595.165, 1640.282, 1668.757, 1690.507, 1705.447, 1717.070, 1725.680, 1726.698 (1723.683)	KLD: 3.797, 3.234, 2.879, 2.511, 2.094, 1.997, 1.735, 1.616, 1.486, 0.555 (21.857)	Grad: 4.701, 3.431, 1.924, 1.366, 0.607, 0.595, 0.550, 0.429, 0.414, 0.345
[Epoch  85 (137.61s)]	ELBO: 1438.128, 1530.365, 1585.539, 1627.989, 1654.461, 1674.158, 1687.296, 1697.405, 1704.523, 1705.029 (1702.735)	Log prob: 1441.927, 1537.398, 1595.454, 1640.410, 1668.976, 1690.667, 1705.548, 1717.270, 1725.862, 1726.938 (1724.516)	KLD: 3.799, 3.234, 2.881, 2.507, 2.092, 1.993, 1.743, 1.613, 1.474, 0.572 (21.781)	Grad: 4.636, 3.396, 1.947, 1.378, 0.603, 0.604, 0.547, 0.434, 0.431, 0.359
[Epoch  86 (136.03s)]	ELBO: 1438.299, 1530.488, 1585.654, 1628.152, 1654.539, 1674.257, 1687.390, 1697.432, 1704.649, 1705.110 (1702.680)	Log prob: 1442.096, 1537.520, 1595.568, 1640.576, 1669.059, 1690.775, 1705.642, 1717.307, 1725.996, 1727.030 (1724.685)	KLD: 3.797, 3.236, 2.880, 2.512, 2.095, 1.998, 1.735, 1.623, 1.472, 0.573 (22.005)	Grad: 4.687, 3.380, 1.920, 1.374, 0.583, 0.589, 0.535, 0.440, 0.408, 0.356
[Epoch  87 (121.72s)]	ELBO: 1438.336, 1530.500, 1585.641, 1628.234, 1654.621, 1674.380, 1687.477, 1697.527, 1704.747, 1705.214 (1703.091)	Log prob: 1442.140, 1537.541, 1595.556, 1640.651, 1669.131, 1690.889, 1705.726, 1717.392, 1726.095, 1727.150 (1724.839)	KLD: 3.804, 3.236, 2.875, 2.502, 2.094, 1.997, 1.741, 1.616, 1.483, 0.588 (21.748)	Grad: 4.606, 3.378, 1.880, 1.301, 0.559, 0.606, 0.531, 0.424, 0.404, 0.355
[Epoch  88 (128.64s)]	ELBO: 1438.637, 1530.932, 1586.007, 1628.472, 1654.845, 1674.529, 1687.656, 1697.680, 1704.814, 1705.399 (1703.587)	Log prob: 1442.442, 1537.973, 1595.925, 1640.904, 1669.375, 1691.053, 1705.924, 1717.565, 1726.176, 1727.365 (1725.447)	KLD: 3.805, 3.236, 2.878, 2.512, 2.099, 1.994, 1.743, 1.618, 1.478, 0.603 (21.860)	Grad: 4.615, 3.338, 1.943, 1.355, 0.614, 0.588, 0.538, 0.435, 0.419, 0.365
[Epoch  89 (136.12s)]	ELBO: 1438.737, 1531.024, 1586.098, 1628.610, 1654.985, 1674.731, 1687.830, 1697.856, 1705.022, 1705.565 (1702.763)	Log prob: 1442.548, 1538.073, 1596.031, 1641.055, 1669.522, 1691.265, 1706.099, 1717.740, 1726.390, 1727.535 (1724.795)	KLD: 3.810, 3.238, 2.884, 2.512, 2.093, 1.997, 1.734, 1.617, 1.481, 0.603 (22.032)	Grad: 4.681, 3.399, 1.924, 1.325, 0.598, 0.598, 0.534, 0.424, 0.416, 0.372
[Epoch  90 (127.53s)]	ELBO: 1438.902, 1531.272, 1586.308, 1628.769, 1655.125, 1674.799, 1687.888, 1697.950, 1705.186, 1705.687 (1703.516)	Log prob: 1442.709, 1538.314, 1596.224, 1641.205, 1669.658, 1691.329, 1706.153, 1717.837, 1726.563, 1727.682 (1725.261)	KLD: 3.807, 3.235, 2.874, 2.520, 2.096, 1.998, 1.736, 1.622, 1.488, 0.618 (21.746)	Grad: 4.656, 3.353, 1.937, 1.328, 0.575, 0.586, 0.531, 0.427, 0.422, 0.369
[Epoch  91 (123.59s)]	ELBO: 1438.785, 1531.189, 1586.321, 1628.697, 1655.017, 1674.731, 1687.797, 1697.924, 1705.119, 1705.694 (1703.788)	Log prob: 1442.591, 1538.233, 1596.246, 1641.134, 1669.543, 1691.255, 1706.061, 1717.811, 1726.490, 1727.690 (1725.984)	KLD: 3.806, 3.237, 2.882, 2.512, 2.088, 1.998, 1.740, 1.626, 1.482, 0.624 (22.196)	Grad: 4.733, 3.524, 1.921, 1.334, 0.590, 0.628, 0.546, 0.431, 0.419, 0.386
[Epoch  92 (124.46s)]	ELBO: 1439.119, 1531.567, 1586.685, 1629.138, 1655.417, 1675.078, 1688.121, 1698.237, 1705.453, 1706.066 (1703.464)	Log prob: 1442.931, 1538.616, 1596.607, 1641.581, 1669.955, 1691.618, 1706.398, 1718.134, 1726.828, 1728.083 (1725.726)	KLD: 3.812, 3.238, 2.873, 2.521, 2.095, 2.001, 1.740, 1.618, 1.481, 0.639 (22.262)	Grad: 4.595, 3.368, 1.898, 1.338, 0.594, 0.594, 0.544, 0.428, 0.413, 0.379
[Epoch  93 (129.70s)]	ELBO: 1439.065, 1531.500, 1586.656, 1629.179, 1655.405, 1675.045, 1688.120, 1698.179, 1705.318, 1705.956 (1703.327)	Log prob: 1442.876, 1538.550, 1596.587, 1641.624, 1669.938, 1691.582, 1706.397, 1718.080, 1726.711, 1727.994 (1725.330)	KLD: 3.810, 3.240, 2.881, 2.515, 2.090, 2.002, 1.740, 1.625, 1.491, 0.646 (22.002)	Grad: 4.690, 3.490, 1.918, 1.344, 0.606, 0.626, 0.555, 0.447, 0.428, 0.395
[Epoch  94 (120.31s)]	ELBO: 1439.153, 1531.731, 1586.785, 1629.251, 1655.536, 1675.194, 1688.267, 1698.314, 1705.477, 1706.125 (1704.118)	Log prob: 1442.966, 1538.787, 1596.717, 1641.700, 1670.071, 1691.730, 1706.545, 1718.213, 1726.867, 1728.172 (1725.933)	KLD: 3.814, 3.243, 2.875, 2.518, 2.085, 2.000, 1.742, 1.623, 1.491, 0.656 (21.814)	Grad: 4.768, 3.393, 1.971, 1.346, 0.589, 0.603, 0.548, 0.433, 0.422, 0.396
[Epoch  95 (120.51s)]	ELBO: 1439.447, 1532.034, 1586.991, 1629.368, 1655.687, 1675.305, 1688.289, 1698.430, 1705.628, 1706.255 (1704.009)	Log prob: 1443.262, 1539.090, 1596.921, 1641.813, 1670.224, 1691.847, 1706.570, 1718.339, 1727.022, 1728.306 (1725.821)	KLD: 3.814, 3.241, 2.874, 2.517, 2.093, 2.002, 1.742, 1.625, 1.486, 0.657 (21.812)	Grad: 4.631, 3.324, 1.886, 1.328, 0.590, 0.603, 0.533, 0.423, 0.420, 0.392
[Epoch  96 (118.37s)]	ELBO: 1439.629, 1532.283, 1587.286, 1629.646, 1655.880, 1675.504, 1688.530, 1698.624, 1705.795, 1706.448 (1703.819)	Log prob: 1443.447, 1539.341, 1597.214, 1642.095, 1670.416, 1692.043, 1706.804, 1718.523, 1727.183, 1728.499 (1725.907)	KLD: 3.817, 3.241, 2.870, 2.521, 2.087, 2.004, 1.735, 1.623, 1.489, 0.664 (22.088)	Grad: 4.645, 3.347, 1.841, 1.322, 0.588, 0.607, 0.540, 0.436, 0.418, 0.391
[Epoch  97 (98.60s)]	ELBO: 1439.574, 1532.263, 1587.287, 1629.650, 1655.895, 1675.528, 1688.504, 1698.655, 1705.808, 1706.536 (1704.533)	Log prob: 1443.396, 1539.321, 1597.222, 1642.110, 1670.439, 1692.079, 1706.795, 1718.569, 1727.211, 1728.616 (1726.705)	KLD: 3.822, 3.236, 2.877, 2.525, 2.084, 2.008, 1.738, 1.623, 1.492, 0.673 (22.171)	Grad: 4.650, 3.340, 1.905, 1.278, 0.604, 0.601, 0.536, 0.426, 0.430, 0.388
[Epoch  98 (74.64s)]	ELBO: 1439.765, 1532.529, 1587.398, 1629.749, 1656.001, 1675.647, 1688.633, 1698.764, 1705.868, 1706.616 (1704.263)	Log prob: 1443.584, 1539.587, 1597.332, 1642.200, 1670.540, 1692.194, 1706.926, 1718.679, 1727.270, 1728.705 (1726.485)	KLD: 3.818, 3.239, 2.876, 2.518, 2.090, 2.007, 1.745, 1.621, 1.488, 0.687 (22.223)	Grad: 4.809, 3.404, 1.912, 1.309, 0.612, 0.592, 0.551, 0.436, 0.432, 0.395
[Epoch  99 (72.58s)]	ELBO: 1439.849, 1532.483, 1587.421, 1629.749, 1655.965, 1675.589, 1688.618, 1698.712, 1705.876, 1706.632 (1703.694)	Log prob: 1443.666, 1539.538, 1597.354, 1642.204, 1670.508, 1692.139, 1706.910, 1718.627, 1727.283, 1728.737 (1725.753)	KLD: 3.819, 3.237, 2.877, 2.522, 2.086, 2.008, 1.743, 1.621, 1.493, 0.699 (22.058)	Grad: 4.611, 3.378, 1.921, 1.326, 0.592, 0.609, 0.542, 0.431, 0.430, 0.412
[Epoch 100 (66.43s)]	ELBO: 1439.824, 1532.612, 1587.598, 1629.873, 1656.109, 1675.619, 1688.701, 1698.763, 1705.944, 1706.687 (1704.569)	Log prob: 1443.639, 1539.668, 1597.527, 1642.326, 1670.652, 1692.164, 1706.989, 1718.681, 1727.360, 1728.806 (1726.524)	KLD: 3.815, 3.240, 2.873, 2.524, 2.090, 2.002, 1.742, 1.631, 1.497, 0.702 (21.955)	Grad: 4.815, 3.309, 1.964, 1.334, 0.600, 0.601, 0.565, 0.446, 0.434, 0.424
Best epoch(s): [100]	Training time(s): 13883.76s (13883.76s)	Best ELBO: 1706.687 (1704.569)	Best log prob: 1728.806 (1726.705)
Avg. mu: 0.083, 0.001, 0.045, 0.124, -0.215, -0.061, 0.029, -0.067, -0.106, -0.311
Avg. var: 0.001, 0.002, 0.004, 0.007, 0.016, 0.017, 0.030, 0.036, 0.044, 0.213
Max. mu: 4.413, 3.683, 3.809, 3.186, 3.294, 3.415, 3.864, 4.244, 3.896, 0.230
Max. var: 0.007, 0.015, 0.030, 0.063, 0.043, 0.047, 0.130, 0.120, 0.191, 0.336
Min. mu: -4.147, -3.808, -3.724, -4.405, -4.316, -3.724, -3.709, -3.974, -2.878, -4.035
Min. var: 0.000, 0.000, 0.000, 0.001, 0.003, 0.003, 0.004, 0.006, 0.006, 0.013
Cov. mu:
[[1.714 0.227 -0.153 0.100 0.109 -0.028 -0.166 0.022 -0.053 0.076]
 [0.227 1.226 0.103 0.002 0.026 -0.016 -0.108 -0.029 -0.077 0.082]
 [-0.153 0.103 0.943 0.079 -0.001 -0.052 0.057 0.051 0.030 0.096]
 [0.100 0.002 0.079 0.926 0.040 0.010 -0.045 0.058 -0.002 0.054]
 [0.109 0.026 -0.001 0.040 0.855 0.039 0.010 -0.011 0.011 0.115]
 [-0.028 -0.016 -0.052 0.010 0.039 0.866 0.029 0.012 0.022 0.007]
 [-0.166 -0.108 0.057 -0.045 0.010 0.029 0.881 -0.016 0.008 0.022]
 [0.022 -0.029 0.051 0.058 -0.011 0.012 -0.016 0.870 -0.041 -0.006]
 [-0.053 -0.077 0.030 -0.002 0.011 0.022 0.008 -0.041 0.697 -0.014]
 [0.076 0.082 0.096 0.054 0.115 0.007 0.022 -0.006 -0.014 0.319]]
