Seed: 2018
=================================================================
Layer (type:depth-idx)                   Param #
=================================================================
VAE                                      --
├─Encoder: 1-1                           --
│    └─Linear: 2-1                       76,930
│    └─Linear: 2-2                       9,702
├─Decoder: 1-2                           --
│    └─Linear: 2-3                       9,702
│    └─Linear: 2-4                       77,616
=================================================================
Total params: 173,950
Trainable params: 173,950
Non-trainable params: 0
=================================================================
[Epoch   1 (5.52s)]	ELBO (bits/dim): 2.40554 (2.54263)	Reconstruction error (/dim): 0.08051 (0.06837)	KLD: 0.565, 0.397, 0.082, 0.134, 0.112, 0.112, 0.278, 0.354, 0.239, 0.096 (3.318)	Grad: 0.1
[Epoch   2 (5.35s)]	ELBO (bits/dim): 2.61730 (2.68224)	Reconstruction error (/dim): 0.06813 (0.06144)	KLD: 1.194, 0.779, 0.094, 0.451, 0.173, 0.105, 1.571, 0.742, 0.265, 0.149 (6.827)	Grad: 0.1
[Epoch   3 (6.54s)]	ELBO (bits/dim): 2.73270 (2.85376)	Reconstruction error (/dim): 0.05994 (0.04940)	KLD: 1.860, 0.888, 0.232, 0.939, 0.326, 0.333, 2.019, 1.281, 0.344, 0.265 (11.047)	Grad: 0.1
[Epoch   4 (6.23s)]	ELBO (bits/dim): 2.85621 (2.93374)	Reconstruction error (/dim): 0.04940 (0.04183)	KLD: 2.068, 1.349, 0.371, 1.590, 0.856, 0.779, 2.098, 1.623, 0.587, 0.918 (13.232)	Grad: 0.1
[Epoch   5 (5.97s)]	ELBO (bits/dim): 2.91263 (2.97888)	Reconstruction error (/dim): 0.04452 (0.03862)	KLD: 2.149, 1.602, 0.287, 1.703, 1.242, 1.132, 2.112, 1.694, 0.638, 1.314 (14.865)	Grad: 0.1
[Epoch   6 (5.98s)]	ELBO (bits/dim): 2.95491 (3.01526)	Reconstruction error (/dim): 0.04096 (0.03601)	KLD: 2.161, 1.671, 0.656, 1.758, 1.348, 1.359, 2.104, 1.704, 0.971, 1.449 (15.614)	Grad: 0.1
[Epoch   7 (5.72s)]	ELBO (bits/dim): 2.98533 (3.04138)	Reconstruction error (/dim): 0.03858 (0.03353)	KLD: 2.191, 1.712, 0.900, 1.777, 1.421, 1.461, 2.098, 1.712, 1.087, 1.487 (16.148)	Grad: 0.1
[Epoch   8 (5.54s)]	ELBO (bits/dim): 3.00587 (3.05638)	Reconstruction error (/dim): 0.03695 (0.03216)	KLD: 2.202, 1.741, 0.980, 1.787, 1.469, 1.525, 2.116, 1.731, 1.124, 1.517 (16.193)	Grad: 0.1
[Epoch   9 (6.15s)]	ELBO (bits/dim): 3.02104 (3.06727)	Reconstruction error (/dim): 0.03576 (0.03169)	KLD: 2.208, 1.761, 1.021, 1.807, 1.485, 1.548, 2.124, 1.746, 1.149, 1.533 (16.738)	Grad: 0.1
[Epoch  10 (5.84s)]	ELBO (bits/dim): 3.03313 (3.08022)	Reconstruction error (/dim): 0.03488 (0.03094)	KLD: 2.204, 1.774, 1.049, 1.824, 1.510, 1.582, 2.132, 1.763, 1.167, 1.553 (16.447)	Grad: 0.1
[Epoch  11 (6.63s)]	ELBO (bits/dim): 3.04263 (3.08801)	Reconstruction error (/dim): 0.03415 (0.03006)	KLD: 2.215, 1.786, 1.084, 1.835, 1.517, 1.601, 2.136, 1.771, 1.181, 1.566 (16.561)	Grad: 0.1
[Epoch  12 (6.97s)]	ELBO (bits/dim): 3.05194 (3.09947)	Reconstruction error (/dim): 0.03344 (0.02952)	KLD: 2.220, 1.792, 1.109, 1.844, 1.537, 1.624, 2.143, 1.779, 1.202, 1.575 (16.652)	Grad: 0.1
[Epoch  13 (6.88s)]	ELBO (bits/dim): 3.05958 (3.10274)	Reconstruction error (/dim): 0.03289 (0.02936)	KLD: 2.223, 1.797, 1.128, 1.854, 1.536, 1.637, 2.140, 1.792, 1.218, 1.584 (16.952)	Grad: 0.1
[Epoch  14 (5.99s)]	ELBO (bits/dim): 3.06635 (3.10906)	Reconstruction error (/dim): 0.03236 (0.02854)	KLD: 2.234, 1.798, 1.151, 1.861, 1.559, 1.643, 2.145, 1.801, 1.229, 1.594 (17.125)	Grad: 0.1
[Epoch  15 (7.00s)]	ELBO (bits/dim): 3.07224 (3.11547)	Reconstruction error (/dim): 0.03193 (0.02822)	KLD: 2.229, 1.814, 1.169, 1.864, 1.562, 1.652, 2.164, 1.807, 1.243, 1.612 (17.144)	Grad: 0.1
[Epoch  16 (8.35s)]	ELBO (bits/dim): 3.07744 (3.12094)	Reconstruction error (/dim): 0.03152 (0.02767)	KLD: 2.238, 1.818, 1.181, 1.879, 1.572, 1.667, 2.160, 1.818, 1.251, 1.617 (17.246)	Grad: 0.1
[Epoch  17 (7.71s)]	ELBO (bits/dim): 3.08263 (3.12400)	Reconstruction error (/dim): 0.03111 (0.02755)	KLD: 2.244, 1.827, 1.205, 1.879, 1.587, 1.669, 2.159, 1.826, 1.266, 1.626 (17.378)	Grad: 0.1
[Epoch  18 (8.19s)]	ELBO (bits/dim): 3.08725 (3.12891)	Reconstruction error (/dim): 0.03076 (0.02721)	KLD: 2.251, 1.835, 1.214, 1.893, 1.594, 1.678, 2.166, 1.831, 1.279, 1.641 (17.340)	Grad: 0.1
[Epoch  19 (7.78s)]	ELBO (bits/dim): 3.09101 (3.13170)	Reconstruction error (/dim): 0.03046 (0.02710)	KLD: 2.251, 1.845, 1.213, 1.900, 1.600, 1.691, 2.173, 1.832, 1.292, 1.638 (17.497)	Grad: 0.1
[Epoch  20 (7.73s)]	ELBO (bits/dim): 3.09427 (3.13601)	Reconstruction error (/dim): 0.03021 (0.02666)	KLD: 2.252, 1.847, 1.229, 1.911, 1.599, 1.696, 2.171, 1.837, 1.300, 1.644 (17.457)	Grad: 0.1
[Epoch  21 (7.72s)]	ELBO (bits/dim): 3.09740 (3.13826)	Reconstruction error (/dim): 0.02998 (0.02642)	KLD: 2.258, 1.851, 1.244, 1.920, 1.603, 1.693, 2.173, 1.845, 1.304, 1.650 (17.611)	Grad: 0.1
[Epoch  22 (7.79s)]	ELBO (bits/dim): 3.09994 (3.13946)	Reconstruction error (/dim): 0.02979 (0.02628)	KLD: 2.266, 1.862, 1.248, 1.919, 1.595, 1.702, 2.176, 1.851, 1.310, 1.655 (17.670)	Grad: 0.1
[Epoch  23 (7.89s)]	ELBO (bits/dim): 3.10243 (3.14272)	Reconstruction error (/dim): 0.02957 (0.02599)	KLD: 2.264, 1.866, 1.256, 1.917, 1.612, 1.708, 2.177, 1.852, 1.317, 1.662 (17.806)	Grad: 0.1
[Epoch  24 (8.02s)]	ELBO (bits/dim): 3.10471 (3.14414)	Reconstruction error (/dim): 0.02940 (0.02602)	KLD: 2.278, 1.866, 1.265, 1.927, 1.615, 1.712, 2.189, 1.861, 1.326, 1.661 (17.639)	Grad: 0.1
[Epoch  25 (7.96s)]	ELBO (bits/dim): 3.10702 (3.14650)	Reconstruction error (/dim): 0.02922 (0.02586)	KLD: 2.272, 1.867, 1.277, 1.921, 1.628, 1.710, 2.178, 1.860, 1.336, 1.672 (17.770)	Grad: 0.1
[Epoch  26 (7.86s)]	ELBO (bits/dim): 3.10907 (3.14898)	Reconstruction error (/dim): 0.02907 (0.02561)	KLD: 2.283, 1.877, 1.278, 1.931, 1.620, 1.728, 2.189, 1.869, 1.333, 1.668 (17.763)	Grad: 0.1
[Epoch  27 (7.89s)]	ELBO (bits/dim): 3.11071 (3.14981)	Reconstruction error (/dim): 0.02893 (0.02553)	KLD: 2.285, 1.876, 1.293, 1.929, 1.622, 1.726, 2.180, 1.877, 1.331, 1.682 (17.938)	Grad: 0.1
[Epoch  28 (7.88s)]	ELBO (bits/dim): 3.11242 (3.15243)	Reconstruction error (/dim): 0.02881 (0.02536)	KLD: 2.290, 1.883, 1.295, 1.934, 1.617, 1.728, 2.182, 1.870, 1.340, 1.679 (17.661)	Grad: 0.1
[Epoch  29 (7.90s)]	ELBO (bits/dim): 3.11385 (3.15208)	Reconstruction error (/dim): 0.02868 (0.02537)	KLD: 2.296, 1.890, 1.305, 1.934, 1.633, 1.733, 2.197, 1.881, 1.344, 1.681 (17.875)	Grad: 0.1
[Epoch  30 (7.88s)]	ELBO (bits/dim): 3.11561 (3.15589)	Reconstruction error (/dim): 0.02854 (0.02509)	KLD: 2.289, 1.891, 1.303, 1.939, 1.637, 1.741, 2.193, 1.885, 1.348, 1.680 (17.581)	Grad: 0.1
[Epoch  31 (7.95s)]	ELBO (bits/dim): 3.11685 (3.15569)	Reconstruction error (/dim): 0.02844 (0.02509)	KLD: 2.299, 1.885, 1.315, 1.940, 1.633, 1.735, 2.197, 1.889, 1.354, 1.682 (17.844)	Grad: 0.1
[Epoch  32 (8.09s)]	ELBO (bits/dim): 3.11783 (3.15757)	Reconstruction error (/dim): 0.02838 (0.02509)	KLD: 2.298, 1.890, 1.322, 1.946, 1.635, 1.740, 2.194, 1.894, 1.351, 1.685 (17.820)	Grad: 0.1
[Epoch  33 (7.91s)]	ELBO (bits/dim): 3.11940 (3.15892)	Reconstruction error (/dim): 0.02824 (0.02503)	KLD: 2.300, 1.897, 1.323, 1.946, 1.636, 1.741, 2.195, 1.902, 1.354, 1.689 (17.640)	Grad: 0.1
[Epoch  34 (8.27s)]	ELBO (bits/dim): 3.12058 (3.15917)	Reconstruction error (/dim): 0.02815 (0.02471)	KLD: 2.303, 1.895, 1.324, 1.945, 1.645, 1.743, 2.195, 1.903, 1.366, 1.690 (18.091)	Grad: 0.1
[Epoch  35 (7.89s)]	ELBO (bits/dim): 3.12184 (3.15908)	Reconstruction error (/dim): 0.02805 (0.02499)	KLD: 2.304, 1.893, 1.335, 1.950, 1.649, 1.749, 2.199, 1.905, 1.363, 1.695 (18.104)	Grad: 0.1
[Epoch  36 (7.97s)]	ELBO (bits/dim): 3.12284 (3.16016)	Reconstruction error (/dim): 0.02797 (0.02480)	KLD: 2.300, 1.905, 1.338, 1.949, 1.644, 1.750, 2.201, 1.906, 1.367, 1.697 (17.993)	Grad: 0.1
[Epoch  37 (8.01s)]	ELBO (bits/dim): 3.12372 (3.15943)	Reconstruction error (/dim): 0.02790 (0.02493)	KLD: 2.305, 1.909, 1.340, 1.947, 1.649, 1.752, 2.204, 1.914, 1.364, 1.697 (18.139)	Grad: 0.1
[Epoch  38 (7.91s)]	ELBO (bits/dim): 3.12490 (3.16322)	Reconstruction error (/dim): 0.02781 (0.02454)	KLD: 2.302, 1.909, 1.348, 1.948, 1.654, 1.748, 2.206, 1.919, 1.365, 1.694 (18.036)	Grad: 0.1
[Epoch  39 (7.96s)]	ELBO (bits/dim): 3.12573 (3.16390)	Reconstruction error (/dim): 0.02774 (0.02449)	KLD: 2.314, 1.900, 1.346, 1.953, 1.654, 1.753, 2.209, 1.916, 1.373, 1.701 (17.954)	Grad: 0.1
[Epoch  40 (8.05s)]	ELBO (bits/dim): 3.12657 (3.16488)	Reconstruction error (/dim): 0.02767 (0.02451)	KLD: 2.316, 1.910, 1.350, 1.957, 1.653, 1.748, 2.207, 1.917, 1.371, 1.701 (17.959)	Grad: 0.1
[Epoch  41 (7.92s)]	ELBO (bits/dim): 3.12732 (3.16506)	Reconstruction error (/dim): 0.02763 (0.02439)	KLD: 2.312, 1.916, 1.355, 1.955, 1.654, 1.754, 2.207, 1.922, 1.368, 1.698 (18.008)	Grad: 0.1
[Epoch  42 (7.99s)]	ELBO (bits/dim): 3.12814 (3.16443)	Reconstruction error (/dim): 0.02756 (0.02435)	KLD: 2.316, 1.913, 1.364, 1.950, 1.655, 1.761, 2.209, 1.922, 1.367, 1.706 (18.153)	Grad: 0.1
[Epoch  43 (7.97s)]	ELBO (bits/dim): 3.12898 (3.16342)	Reconstruction error (/dim): 0.02748 (0.02440)	KLD: 2.319, 1.913, 1.365, 1.965, 1.657, 1.764, 2.207, 1.924, 1.377, 1.709 (18.054)	Grad: 0.1
[Epoch  44 (7.99s)]	ELBO (bits/dim): 3.12974 (3.16750)	Reconstruction error (/dim): 0.02743 (0.02428)	KLD: 2.322, 1.909, 1.364, 1.954, 1.663, 1.759, 2.211, 1.931, 1.375, 1.708 (18.010)	Grad: 0.1
[Epoch  45 (8.02s)]	ELBO (bits/dim): 3.13022 (3.16902)	Reconstruction error (/dim): 0.02738 (0.02416)	KLD: 2.313, 1.919, 1.364, 1.964, 1.660, 1.762, 2.220, 1.922, 1.383, 1.705 (18.071)	Grad: 0.1
[Epoch  46 (8.14s)]	ELBO (bits/dim): 3.13129 (3.16664)	Reconstruction error (/dim): 0.02729 (0.02445)	KLD: 2.321, 1.912, 1.372, 1.962, 1.670, 1.763, 2.212, 1.927, 1.382, 1.706 (18.155)	Grad: 0.1
[Epoch  47 (8.37s)]	ELBO (bits/dim): 3.13210 (3.16944)	Reconstruction error (/dim): 0.02725 (0.02419)	KLD: 2.326, 1.915, 1.371, 1.962, 1.667, 1.763, 2.208, 1.932, 1.385, 1.709 (18.104)	Grad: 0.1
[Epoch  48 (8.23s)]	ELBO (bits/dim): 3.13244 (3.16953)	Reconstruction error (/dim): 0.02722 (0.02400)	KLD: 2.325, 1.916, 1.378, 1.967, 1.673, 1.771, 2.211, 1.933, 1.391, 1.708 (18.199)	Grad: 0.1
[Epoch  49 (8.23s)]	ELBO (bits/dim): 3.13292 (3.16959)	Reconstruction error (/dim): 0.02717 (0.02411)	KLD: 2.324, 1.916, 1.381, 1.967, 1.666, 1.768, 2.222, 1.928, 1.388, 1.711 (18.203)	Grad: 0.1
[Epoch  50 (9.15s)]	ELBO (bits/dim): 3.13379 (3.16913)	Reconstruction error (/dim): 0.02710 (0.02411)	KLD: 2.335, 1.922, 1.380, 1.965, 1.673, 1.767, 2.220, 1.935, 1.395, 1.715 (18.321)	Grad: 0.1
[Epoch  51 (8.77s)]	ELBO (bits/dim): 3.13398 (3.16760)	Reconstruction error (/dim): 0.02710 (0.02425)	KLD: 2.330, 1.922, 1.381, 1.969, 1.668, 1.766, 2.220, 1.927, 1.401, 1.715 (18.332)	Grad: 0.1
[Epoch  52 (8.43s)]	ELBO (bits/dim): 3.13468 (3.16982)	Reconstruction error (/dim): 0.02703 (0.02396)	KLD: 2.330, 1.918, 1.381, 1.970, 1.671, 1.770, 2.216, 1.936, 1.396, 1.717 (18.496)	Grad: 0.1
[Epoch  53 (8.34s)]	ELBO (bits/dim): 3.13529 (3.17042)	Reconstruction error (/dim): 0.02699 (0.02405)	KLD: 2.334, 1.933, 1.384, 1.968, 1.669, 1.771, 2.223, 1.940, 1.393, 1.707 (18.191)	Grad: 0.1
[Epoch  54 (8.10s)]	ELBO (bits/dim): 3.13564 (3.17218)	Reconstruction error (/dim): 0.02697 (0.02391)	KLD: 2.330, 1.928, 1.385, 1.968, 1.664, 1.769, 2.222, 1.940, 1.402, 1.720 (18.238)	Grad: 0.1
[Epoch  55 (8.14s)]	ELBO (bits/dim): 3.13612 (3.17093)	Reconstruction error (/dim): 0.02692 (0.02387)	KLD: 2.332, 1.924, 1.392, 1.967, 1.677, 1.778, 2.232, 1.942, 1.392, 1.720 (18.384)	Grad: 0.1
[Epoch  56 (8.08s)]	ELBO (bits/dim): 3.13686 (3.17336)	Reconstruction error (/dim): 0.02685 (0.02384)	KLD: 2.338, 1.926, 1.386, 1.972, 1.675, 1.775, 2.225, 1.941, 1.403, 1.719 (18.203)	Grad: 0.1
[Epoch  57 (8.03s)]	ELBO (bits/dim): 3.13702 (3.17227)	Reconstruction error (/dim): 0.02685 (0.02362)	KLD: 2.337, 1.922, 1.391, 1.969, 1.685, 1.775, 2.233, 1.943, 1.396, 1.724 (18.535)	Grad: 0.1
[Epoch  58 (8.14s)]	ELBO (bits/dim): 3.13762 (3.17534)	Reconstruction error (/dim): 0.02678 (0.02364)	KLD: 2.336, 1.935, 1.392, 1.980, 1.673, 1.776, 2.232, 1.948, 1.403, 1.722 (18.176)	Grad: 0.1
[Epoch  59 (8.02s)]	ELBO (bits/dim): 3.13813 (3.17465)	Reconstruction error (/dim): 0.02675 (0.02360)	KLD: 2.335, 1.930, 1.389, 1.980, 1.675, 1.780, 2.228, 1.949, 1.399, 1.718 (18.421)	Grad: 0.1
[Epoch  60 (7.61s)]	ELBO (bits/dim): 3.13820 (3.17601)	Reconstruction error (/dim): 0.02675 (0.02362)	KLD: 2.344, 1.931, 1.395, 1.977, 1.681, 1.780, 2.230, 1.950, 1.407, 1.717 (18.154)	Grad: 0.1
[Epoch  61 (6.76s)]	ELBO (bits/dim): 3.13878 (3.17453)	Reconstruction error (/dim): 0.02668 (0.02378)	KLD: 2.343, 1.930, 1.398, 1.982, 1.680, 1.780, 2.235, 1.956, 1.408, 1.719 (18.315)	Grad: 0.1
[Epoch  62 (6.98s)]	ELBO (bits/dim): 3.13935 (3.17356)	Reconstruction error (/dim): 0.02663 (0.02375)	KLD: 2.349, 1.936, 1.396, 1.983, 1.683, 1.780, 2.235, 1.955, 1.411, 1.716 (18.351)	Grad: 0.1
[Epoch  63 (6.84s)]	ELBO (bits/dim): 3.13987 (3.17095)	Reconstruction error (/dim): 0.02664 (0.02392)	KLD: 2.338, 1.937, 1.401, 1.974, 1.680, 1.775, 2.234, 1.943, 1.408, 1.720 (18.587)	Grad: 0.1
[Epoch  64 (6.88s)]	ELBO (bits/dim): 3.13998 (3.17722)	Reconstruction error (/dim): 0.02660 (0.02362)	KLD: 2.342, 1.940, 1.403, 1.984, 1.685, 1.779, 2.239, 1.952, 1.410, 1.716 (18.180)	Grad: 0.1
[Epoch  65 (6.70s)]	ELBO (bits/dim): 3.14056 (3.17753)	Reconstruction error (/dim): 0.02655 (0.02356)	KLD: 2.345, 1.939, 1.399, 1.978, 1.688, 1.781, 2.235, 1.953, 1.415, 1.720 (18.320)	Grad: 0.1
[Epoch  66 (6.79s)]	ELBO (bits/dim): 3.14093 (3.17408)	Reconstruction error (/dim): 0.02654 (0.02380)	KLD: 2.349, 1.937, 1.400, 1.980, 1.691, 1.774, 2.232, 1.954, 1.411, 1.719 (18.248)	Grad: 0.1
[Epoch  67 (6.71s)]	ELBO (bits/dim): 3.14122 (3.17591)	Reconstruction error (/dim): 0.02651 (0.02354)	KLD: 2.341, 1.942, 1.406, 1.978, 1.685, 1.778, 2.234, 1.956, 1.414, 1.720 (18.463)	Grad: 0.1
[Epoch  68 (6.77s)]	ELBO (bits/dim): 3.14151 (3.17847)	Reconstruction error (/dim): 0.02649 (0.02342)	KLD: 2.347, 1.945, 1.404, 1.983, 1.682, 1.791, 2.235, 1.951, 1.419, 1.719 (18.309)	Grad: 0.1
[Epoch  69 (6.79s)]	ELBO (bits/dim): 3.14223 (3.17614)	Reconstruction error (/dim): 0.02643 (0.02348)	KLD: 2.346, 1.933, 1.402, 1.982, 1.687, 1.781, 2.239, 1.959, 1.402, 1.726 (18.548)	Grad: 0.1
[Epoch  70 (6.64s)]	ELBO (bits/dim): 3.14203 (3.17663)	Reconstruction error (/dim): 0.02643 (0.02368)	KLD: 2.347, 1.940, 1.402, 1.983, 1.695, 1.784, 2.241, 1.964, 1.417, 1.722 (18.327)	Grad: 0.1
[Epoch  71 (6.74s)]	ELBO (bits/dim): 3.14274 (3.17612)	Reconstruction error (/dim): 0.02638 (0.02344)	KLD: 2.354, 1.941, 1.404, 1.982, 1.687, 1.783, 2.243, 1.962, 1.422, 1.720 (18.541)	Grad: 0.1
[Epoch  72 (6.67s)]	ELBO (bits/dim): 3.14284 (3.17807)	Reconstruction error (/dim): 0.02637 (0.02342)	KLD: 2.354, 1.945, 1.406, 1.981, 1.691, 1.784, 2.244, 1.961, 1.418, 1.728 (18.538)	Grad: 0.1
[Epoch  73 (6.67s)]	ELBO (bits/dim): 3.14318 (3.17887)	Reconstruction error (/dim): 0.02637 (0.02336)	KLD: 2.348, 1.942, 1.403, 1.976, 1.687, 1.781, 2.235, 1.964, 1.419, 1.726 (18.447)	Grad: 0.1
[Epoch  74 (6.75s)]	ELBO (bits/dim): 3.14366 (3.17620)	Reconstruction error (/dim): 0.02633 (0.02373)	KLD: 2.347, 1.934, 1.404, 1.984, 1.695, 1.779, 2.242, 1.972, 1.420, 1.725 (18.321)	Grad: 0.1
[Epoch  75 (6.66s)]	ELBO (bits/dim): 3.14379 (3.18046)	Reconstruction error (/dim): 0.02631 (0.02317)	KLD: 2.353, 1.946, 1.408, 1.986, 1.693, 1.782, 2.245, 1.970, 1.421, 1.721 (18.386)	Grad: 0.1
[Epoch  76 (6.75s)]	ELBO (bits/dim): 3.14413 (3.17742)	Reconstruction error (/dim): 0.02627 (0.02355)	KLD: 2.350, 1.946, 1.407, 1.992, 1.692, 1.788, 2.247, 1.968, 1.419, 1.721 (18.393)	Grad: 0.1
[Epoch  77 (6.73s)]	ELBO (bits/dim): 3.14466 (3.17857)	Reconstruction error (/dim): 0.02623 (0.02342)	KLD: 2.351, 1.941, 1.411, 1.988, 1.695, 1.790, 2.240, 1.964, 1.426, 1.722 (18.516)	Grad: 0.1
[Epoch  78 (6.74s)]	ELBO (bits/dim): 3.14464 (3.17781)	Reconstruction error (/dim): 0.02622 (0.02328)	KLD: 2.351, 1.946, 1.408, 1.988, 1.691, 1.785, 2.253, 1.972, 1.417, 1.725 (18.631)	Grad: 0.1
[Epoch  79 (6.66s)]	ELBO (bits/dim): 3.14495 (3.17714)	Reconstruction error (/dim): 0.02620 (0.02342)	KLD: 2.358, 1.947, 1.419, 1.986, 1.683, 1.792, 2.245, 1.971, 1.422, 1.727 (18.742)	Grad: 0.1
[Epoch  80 (6.78s)]	ELBO (bits/dim): 3.14546 (3.18182)	Reconstruction error (/dim): 0.02619 (0.02323)	KLD: 2.345, 1.943, 1.415, 1.988, 1.695, 1.785, 2.246, 1.967, 1.421, 1.720 (18.408)	Grad: 0.1
[Epoch  81 (6.69s)]	ELBO (bits/dim): 3.14547 (3.17987)	Reconstruction error (/dim): 0.02617 (0.02317)	KLD: 2.358, 1.947, 1.411, 1.991, 1.691, 1.794, 2.246, 1.968, 1.426, 1.723 (18.629)	Grad: 0.1
[Epoch  82 (6.69s)]	ELBO (bits/dim): 3.14547 (3.18185)	Reconstruction error (/dim): 0.02616 (0.02323)	KLD: 2.359, 1.947, 1.408, 1.998, 1.696, 1.791, 2.255, 1.974, 1.426, 1.723 (18.416)	Grad: 0.1
[Epoch  83 (6.69s)]	ELBO (bits/dim): 3.14608 (3.18074)	Reconstruction error (/dim): 0.02613 (0.02328)	KLD: 2.359, 1.940, 1.412, 1.988, 1.703, 1.786, 2.252, 1.966, 1.424, 1.725 (18.492)	Grad: 0.1
[Epoch  84 (6.74s)]	ELBO (bits/dim): 3.14619 (3.18297)	Reconstruction error (/dim): 0.02611 (0.02315)	KLD: 2.357, 1.948, 1.417, 1.992, 1.700, 1.791, 2.261, 1.975, 1.424, 1.731 (18.285)	Grad: 0.1
[Epoch  85 (6.74s)]	ELBO (bits/dim): 3.14638 (3.17940)	Reconstruction error (/dim): 0.02608 (0.02320)	KLD: 2.356, 1.941, 1.419, 1.997, 1.696, 1.785, 2.253, 1.978, 1.427, 1.728 (18.638)	Grad: 0.1
[Epoch  86 (6.90s)]	ELBO (bits/dim): 3.14676 (3.18134)	Reconstruction error (/dim): 0.02606 (0.02315)	KLD: 2.358, 1.949, 1.423, 1.997, 1.697, 1.784, 2.258, 1.978, 1.425, 1.722 (18.722)	Grad: 0.1
[Epoch  87 (6.75s)]	ELBO (bits/dim): 3.14680 (3.18139)	Reconstruction error (/dim): 0.02605 (0.02337)	KLD: 2.365, 1.948, 1.414, 1.994, 1.698, 1.788, 2.257, 1.978, 1.430, 1.727 (18.459)	Grad: 0.1
[Epoch  88 (6.87s)]	ELBO (bits/dim): 3.14673 (3.18237)	Reconstruction error (/dim): 0.02607 (0.02328)	KLD: 2.363, 1.949, 1.410, 1.997, 1.700, 1.791, 2.255, 1.978, 1.425, 1.730 (18.436)	Grad: 0.1
[Epoch  89 (6.72s)]	ELBO (bits/dim): 3.14729 (3.18290)	Reconstruction error (/dim): 0.02601 (0.02308)	KLD: 2.364, 1.952, 1.417, 1.995, 1.704, 1.791, 2.254, 1.976, 1.432, 1.730 (18.557)	Grad: 0.1
[Epoch  90 (6.80s)]	ELBO (bits/dim): 3.14769 (3.18338)	Reconstruction error (/dim): 0.02600 (0.02313)	KLD: 2.364, 1.942, 1.419, 1.995, 1.704, 1.788, 2.260, 1.980, 1.429, 1.726 (18.524)	Grad: 0.1
[Epoch  91 (6.76s)]	ELBO (bits/dim): 3.14838 (3.18151)	Reconstruction error (/dim): 0.02596 (0.02324)	KLD: 2.359, 1.942, 1.413, 1.996, 1.695, 1.786, 2.259, 1.974, 1.422, 1.725 (18.710)	Grad: 0.1
[Epoch  92 (6.76s)]	ELBO (bits/dim): 3.14779 (3.18094)	Reconstruction error (/dim): 0.02598 (0.02316)	KLD: 2.362, 1.946, 1.413, 2.002, 1.709, 1.795, 2.259, 1.979, 1.428, 1.726 (18.719)	Grad: 0.1
[Epoch  93 (6.76s)]	ELBO (bits/dim): 3.14852 (3.18385)	Reconstruction error (/dim): 0.02593 (0.02300)	KLD: 2.358, 1.950, 1.417, 1.997, 1.706, 1.786, 2.264, 1.981, 1.428, 1.732 (18.499)	Grad: 0.1
[Epoch  94 (6.82s)]	ELBO (bits/dim): 3.14843 (3.18290)	Reconstruction error (/dim): 0.02595 (0.02308)	KLD: 2.359, 1.944, 1.419, 1.995, 1.703, 1.796, 2.257, 1.983, 1.434, 1.734 (18.498)	Grad: 0.1
[Epoch  95 (6.83s)]	ELBO (bits/dim): 3.14856 (3.18250)	Reconstruction error (/dim): 0.02592 (0.02299)	KLD: 2.366, 1.945, 1.416, 1.991, 1.700, 1.792, 2.261, 1.992, 1.434, 1.733 (18.786)	Grad: 0.1
[Epoch  96 (6.85s)]	ELBO (bits/dim): 3.14880 (3.18392)	Reconstruction error (/dim): 0.02589 (0.02294)	KLD: 2.366, 1.953, 1.419, 2.007, 1.700, 1.785, 2.259, 1.987, 1.435, 1.738 (18.722)	Grad: 0.1
[Epoch  97 (6.78s)]	ELBO (bits/dim): 3.14912 (3.18380)	Reconstruction error (/dim): 0.02587 (0.02296)	KLD: 2.365, 1.950, 1.419, 2.002, 1.703, 1.785, 2.266, 1.989, 1.434, 1.730 (18.540)	Grad: 0.1
[Epoch  98 (6.82s)]	ELBO (bits/dim): 3.14944 (3.18456)	Reconstruction error (/dim): 0.02584 (0.02299)	KLD: 2.367, 1.951, 1.411, 2.003, 1.709, 1.786, 2.261, 1.987, 1.438, 1.729 (18.591)	Grad: 0.1
[Epoch  99 (6.81s)]	ELBO (bits/dim): 3.14952 (3.18337)	Reconstruction error (/dim): 0.02585 (0.02310)	KLD: 2.365, 1.959, 1.422, 2.008, 1.700, 1.793, 2.263, 1.983, 1.438, 1.729 (18.422)	Grad: 0.1
[Epoch 100 (6.87s)]	ELBO (bits/dim): 3.14971 (3.18409)	Reconstruction error (/dim): 0.02583 (0.02302)	KLD: 2.366, 1.956, 1.420, 2.005, 1.707, 1.784, 2.264, 1.986, 1.441, 1.726 (18.670)	Grad: 0.1
Best epoch(s): [98]	Training time(s): 725.20s (725.20s)	Best ELBO (bits/dim): 3.14971 (3.18456)	Best reconstruction error (/dim): 0.08051 (0.06837)
Avg. mu: -0.045, 0.022, -0.036, -0.040, -0.002, -0.014, 0.028, 0.008, -0.004, -0.127
Avg. var: 0.014, 0.023, 0.069, 0.023, 0.036, 0.028, 0.013, 0.026, 0.065, 0.033
Max. mu: 2.801, 3.494, 3.276, 3.230, 3.042, 3.368, 3.486, 3.379, 3.606, 3.172
Max. var: 0.065, 0.084, 0.280, 0.098, 0.105, 0.103, 0.058, 0.160, 0.271, 0.099
Min. mu: -3.033, -3.088, -3.524, -3.605, -3.666, -3.310, -3.026, -3.368, -3.985, -3.196
Min. var: 0.002, 0.005, 0.012, 0.004, 0.008, 0.008, 0.003, 0.003, 0.016, 0.009
Cov. mu:
[[1.280 -0.158 0.055 -0.069 -0.023 -0.053 -0.073 0.018 0.014 0.054]
 [-0.158 1.160 -0.028 0.106 0.018 -0.155 0.214 0.036 0.091 0.147]
 [0.055 -0.028 0.901 0.021 0.089 -0.023 -0.023 0.043 -0.038 0.006]
 [-0.069 0.106 0.021 1.051 -0.134 -0.150 0.007 -0.031 -0.076 -0.008]
 [-0.023 0.018 0.089 -0.134 1.036 -0.015 0.080 0.056 -0.011 0.040]
 [-0.053 -0.155 -0.023 -0.150 -0.015 0.954 0.113 0.192 0.047 -0.160]
 [-0.073 0.214 -0.023 0.007 0.080 0.113 1.128 0.164 -0.052 -0.024]
 [0.018 0.036 0.043 -0.031 0.056 0.192 0.164 1.013 -0.014 -0.080]
 [0.014 0.091 -0.038 -0.076 -0.011 0.047 -0.052 -0.014 0.948 0.062]
 [0.054 0.147 0.006 -0.008 0.040 -0.160 -0.024 -0.080 0.062 0.955]]
