Encoder
=================================================================
Layer (type:depth-idx)                   Param #
=================================================================
Encoder                                  --
├─Linear: 1-1                            76,930
├─Linear: 1-2                            9,702
=================================================================
Total params: 86,632
Trainable params: 86,632
Non-trainable params: 0
=================================================================
Encoder to Latent
=================================================================
Layer (type:depth-idx)                   Param #
=================================================================
EncoderToLatents                         --
├─Linear: 1-1                            99
├─Linear: 1-2                            99
=================================================================
Total params: 198
Trainable params: 198
Non-trainable params: 0
=================================================================
Latents to Decoder 0
=================================================================
Layer (type:depth-idx)                   Param #
=================================================================
LatentsToDecoder                         --
├─Linear: 1-1                            196
=================================================================
Total params: 196
Trainable params: 196
Non-trainable params: 0
=================================================================
Decoder
=================================================================
Layer (type:depth-idx)                   Param #
=================================================================
Decoder                                  --
├─Linear: 1-1                            9,702
├─Linear: 1-2                            77,616
=================================================================
Total params: 87,318
Trainable params: 87,318
Non-trainable params: 0
=================================================================
[Epoch   1 (11.55s)]	ELBO: 375.841 (891.760)	Log prob: 375.955 (892.062)	KLD: 0.114 (0.302)	Grad: 32943.863
[Epoch   2 (12.26s)]	ELBO: 815.695 (698.007)	Log prob: 816.201 (698.578)	KLD: 0.506 (0.571)	Grad: 307511.212
[Epoch   3 (11.27s)]	ELBO: 1096.943 (1273.157)	Log prob: 1098.487 (1274.875)	KLD: 1.544 (1.718)	Grad: 34495.758
[Epoch   4 (11.46s)]	ELBO: 1317.911 (1318.374)	Log prob: 1319.895 (1320.460)	KLD: 1.983 (2.086)	Grad: 207.698
[Epoch   5 (11.84s)]	ELBO: 1341.776 (1350.100)	Log prob: 1344.037 (1352.426)	KLD: 2.261 (2.326)	Grad: 376.522
[Epoch   6 (11.28s)]	ELBO: 1345.508 (1356.594)	Log prob: 1347.842 (1359.197)	KLD: 2.334 (2.604)	Grad: 1418.672
[Epoch   7 (11.73s)]	ELBO: 1345.021 (1282.483)	Log prob: 1347.563 (1284.645)	KLD: 2.542 (2.162)	Grad: 2403.637
[Epoch   8 (13.03s)]	ELBO: 1308.568 (1337.437)	Log prob: 1311.344 (1340.720)	KLD: 2.776 (3.283)	Grad: 20115.614
[Epoch   9 (12.94s)]	ELBO: 1363.434 (1373.081)	Log prob: 1366.334 (1376.139)	KLD: 2.901 (3.059)	Grad: 278.379
[Epoch  10 (13.48s)]	ELBO: 1365.378 (1350.718)	Log prob: 1368.652 (1354.178)	KLD: 3.274 (3.460)	Grad: 1116.444
[Epoch  11 (13.41s)]	ELBO: 1367.716 (1372.482)	Log prob: 1371.382 (1376.328)	KLD: 3.666 (3.847)	Grad: 1406.718
[Epoch  12 (12.89s)]	ELBO: 1374.093 (1381.322)	Log prob: 1378.126 (1385.552)	KLD: 4.034 (4.230)	Grad: 1169.898
[Epoch  13 (12.58s)]	ELBO: 1381.957 (1389.321)	Log prob: 1386.098 (1393.475)	KLD: 4.141 (4.154)	Grad: 749.931
[Epoch  14 (12.65s)]	ELBO: 1389.068 (1387.750)	Log prob: 1393.094 (1391.717)	KLD: 4.026 (3.967)	Grad: 472.300
[Epoch  15 (12.77s)]	ELBO: 1385.228 (1395.981)	Log prob: 1389.054 (1399.677)	KLD: 3.826 (3.696)	Grad: 1672.973
[Epoch  16 (13.78s)]	ELBO: 1400.148 (1402.192)	Log prob: 1403.984 (1406.123)	KLD: 3.836 (3.931)	Grad: 266.178
[Epoch  17 (14.36s)]	ELBO: 1404.076 (1404.330)	Log prob: 1407.976 (1408.265)	KLD: 3.901 (3.935)	Grad: 212.009
[Epoch  18 (15.07s)]	ELBO: 1405.438 (1404.939)	Log prob: 1409.426 (1409.351)	KLD: 3.988 (4.412)	Grad: 342.033
[Epoch  19 (13.57s)]	ELBO: 1405.785 (1408.545)	Log prob: 1410.377 (1413.369)	KLD: 4.592 (4.824)	Grad: 441.333
[Epoch  20 (12.70s)]	ELBO: 1408.738 (1403.930)	Log prob: 1413.490 (1408.654)	KLD: 4.752 (4.724)	Grad: 351.077
[Epoch  21 (14.18s)]	ELBO: 1410.656 (1411.329)	Log prob: 1415.433 (1416.324)	KLD: 4.777 (4.995)	Grad: 342.354
[Epoch  22 (14.73s)]	ELBO: 1413.685 (1417.245)	Log prob: 1418.255 (1421.631)	KLD: 4.570 (4.386)	Grad: 310.204
[Epoch  23 (14.16s)]	ELBO: 1420.110 (1420.060)	Log prob: 1424.296 (1424.201)	KLD: 4.186 (4.141)	Grad: 151.192
[Epoch  24 (13.02s)]	ELBO: 1422.902 (1421.571)	Log prob: 1427.041 (1425.758)	KLD: 4.139 (4.187)	Grad: 160.701
[Epoch  25 (12.81s)]	ELBO: 1425.148 (1423.827)	Log prob: 1429.231 (1427.867)	KLD: 4.083 (4.040)	Grad: 173.380
[Epoch  26 (16.37s)]	ELBO: 1426.852 (1425.023)	Log prob: 1430.945 (1429.338)	KLD: 4.093 (4.315)	Grad: 224.817
[Epoch  27 (16.73s)]	ELBO: 1428.343 (1425.818)	Log prob: 1432.492 (1429.890)	KLD: 4.150 (4.072)	Grad: 243.676
[Epoch  28 (17.67s)]	ELBO: 1429.683 (1427.633)	Log prob: 1433.849 (1431.994)	KLD: 4.166 (4.361)	Grad: 259.288
[Epoch  29 (16.13s)]	ELBO: 1431.126 (1428.851)	Log prob: 1435.316 (1432.979)	KLD: 4.190 (4.129)	Grad: 261.177
[Epoch  30 (11.55s)]	ELBO: 1432.228 (1427.679)	Log prob: 1436.454 (1431.888)	KLD: 4.226 (4.209)	Grad: 263.451
[Epoch  31 (11.16s)]	ELBO: 1432.948 (1430.351)	Log prob: 1437.144 (1434.773)	KLD: 4.196 (4.422)	Grad: 257.475
[Epoch  32 (13.39s)]	ELBO: 1434.804 (1431.558)	Log prob: 1439.042 (1435.762)	KLD: 4.238 (4.204)	Grad: 213.359
[Epoch  33 (11.84s)]	ELBO: 1436.129 (1433.524)	Log prob: 1440.367 (1437.882)	KLD: 4.238 (4.358)	Grad: 198.730
[Epoch  34 (11.31s)]	ELBO: 1436.155 (1434.857)	Log prob: 1440.448 (1439.520)	KLD: 4.293 (4.664)	Grad: 231.387
[Epoch  35 (10.93s)]	ELBO: 1433.964 (1432.639)	Log prob: 1438.347 (1437.468)	KLD: 4.383 (4.829)	Grad: 327.316
[Epoch  36 (10.84s)]	ELBO: 1435.494 (1434.690)	Log prob: 1440.022 (1439.510)	KLD: 4.528 (4.820)	Grad: 305.551
[Epoch  37 (10.56s)]	ELBO: 1437.365 (1431.349)	Log prob: 1441.903 (1435.705)	KLD: 4.538 (4.356)	Grad: 229.277
[Epoch  38 (11.05s)]	ELBO: 1438.593 (1437.607)	Log prob: 1443.176 (1442.292)	KLD: 4.583 (4.685)	Grad: 223.781
[Epoch  39 (10.94s)]	ELBO: 1440.174 (1437.916)	Log prob: 1444.725 (1442.772)	KLD: 4.551 (4.855)	Grad: 182.090
[Epoch  40 (10.68s)]	ELBO: 1440.973 (1440.417)	Log prob: 1445.557 (1444.933)	KLD: 4.585 (4.516)	Grad: 168.700
[Epoch  41 (10.59s)]	ELBO: 1442.001 (1440.556)	Log prob: 1446.543 (1445.036)	KLD: 4.542 (4.480)	Grad: 177.487
[Epoch  42 (10.88s)]	ELBO: 1443.843 (1437.639)	Log prob: 1448.382 (1442.497)	KLD: 4.539 (4.858)	Grad: 151.941
[Epoch  43 (10.53s)]	ELBO: 1444.704 (1439.220)	Log prob: 1449.311 (1443.605)	KLD: 4.607 (4.385)	Grad: 192.819
[Epoch  44 (10.74s)]	ELBO: 1445.642 (1443.836)	Log prob: 1450.206 (1448.621)	KLD: 4.563 (4.785)	Grad: 184.851
[Epoch  45 (10.78s)]	ELBO: 1446.964 (1447.180)	Log prob: 1451.618 (1451.697)	KLD: 4.654 (4.517)	Grad: 206.693
[Epoch  46 (10.73s)]	ELBO: 1448.314 (1448.648)	Log prob: 1452.927 (1453.463)	KLD: 4.613 (4.815)	Grad: 215.892
[Epoch  47 (10.52s)]	ELBO: 1448.455 (1450.037)	Log prob: 1453.164 (1454.729)	KLD: 4.709 (4.692)	Grad: 232.931
[Epoch  48 (10.50s)]	ELBO: 1451.564 (1451.442)	Log prob: 1456.219 (1456.300)	KLD: 4.655 (4.858)	Grad: 175.692
[Epoch  49 (10.48s)]	ELBO: 1453.183 (1450.960)	Log prob: 1457.837 (1455.432)	KLD: 4.654 (4.472)	Grad: 174.616
[Epoch  50 (10.51s)]	ELBO: 1454.625 (1451.597)	Log prob: 1459.306 (1456.567)	KLD: 4.681 (4.971)	Grad: 182.157
Best epoch(s): [50]	Training time(s): 620.90s (620.90s)	Best ELBO: 1454.625 (1451.597)	Best log prob: 1459.306 (1456.567)
