=================================================================
Layer (type:depth-idx)                   Param #
=================================================================
VAE                                      --
├─Encoder: 1-1                           --
│    └─Linear: 2-1                       76,930
│    └─Linear: 2-2                       4,851
├─EncoderToLatents: 1-2                  --
│    └─Linear: 2-3                       100
│    └─Linear: 2-4                       100
├─LatentsToDecoder: 1-3                  --
│    └─Linear: 2-5                       147
├─Decoder: 1-4                           --
│    └─Linear: 2-6                       4,900
│    └─Linear: 2-7                       77,616
=================================================================
Total params: 164,644
Trainable params: 164,644
Non-trainable params: 0
=================================================================
[Epoch   1] (137.99s)	ELBO: 1264.747 (1407.395)	Log prob: 1279.708 (1414.708)	KLD: 14.961 (7.313)	
[Epoch   2] (136.27s)	ELBO: 1442.459 (1466.869)	Log prob: 1450.324 (1475.091)	KLD: 7.865 (8.222)	
[Epoch   3] (115.19s)	ELBO: 1484.411 (1495.822)	Log prob: 1493.126 (1504.771)	KLD: 8.715 (8.949)	
[Epoch   4] (125.29s)	ELBO: 1507.570 (1515.438)	Log prob: 1516.207 (1523.741)	KLD: 8.638 (8.302)	
[Epoch   5] (128.48s)	ELBO: 1523.604 (1529.358)	Log prob: 1531.997 (1537.928)	KLD: 8.393 (8.570)	
[Epoch   6] (121.24s)	ELBO: 1535.753 (1538.590)	Log prob: 1543.974 (1546.687)	KLD: 8.221 (8.097)	
[Epoch   7] (154.61s)	ELBO: 1543.573 (1544.843)	Log prob: 1551.646 (1552.861)	KLD: 8.072 (8.018)	
[Epoch   8] (120.54s)	ELBO: 1549.270 (1548.654)	Log prob: 1557.261 (1556.770)	KLD: 7.991 (8.116)	
[Epoch   9] (119.53s)	ELBO: 1553.979 (1552.453)	Log prob: 1561.971 (1560.579)	KLD: 7.992 (8.126)	
[Epoch  10] (127.62s)	ELBO: 1557.826 (1556.273)	Log prob: 1565.813 (1564.160)	KLD: 7.987 (7.887)	
[Epoch  11] (115.29s)	ELBO: 1561.321 (1558.209)	Log prob: 1569.280 (1566.229)	KLD: 7.959 (8.020)	
[Epoch  12] (125.97s)	ELBO: 1563.502 (1561.114)	Log prob: 1571.454 (1569.131)	KLD: 7.951 (8.016)	
[Epoch  13] (130.10s)	ELBO: 1566.523 (1561.770)	Log prob: 1574.495 (1569.552)	KLD: 7.972 (7.782)	
[Epoch  14] (117.87s)	ELBO: 1569.012 (1564.684)	Log prob: 1576.972 (1572.890)	KLD: 7.960 (8.207)	
[Epoch  15] (123.84s)	ELBO: 1571.107 (1565.830)	Log prob: 1579.074 (1573.640)	KLD: 7.967 (7.810)	
[Epoch  16] (127.38s)	ELBO: 1572.688 (1568.108)	Log prob: 1580.639 (1576.185)	KLD: 7.951 (8.077)	
[Epoch  17] (119.98s)	ELBO: 1574.519 (1570.752)	Log prob: 1582.475 (1578.613)	KLD: 7.956 (7.861)	
[Epoch  18] (126.03s)	ELBO: 1576.139 (1570.300)	Log prob: 1584.103 (1578.079)	KLD: 7.964 (7.778)	
[Epoch  19] (128.97s)	ELBO: 1577.956 (1572.091)	Log prob: 1585.919 (1579.925)	KLD: 7.962 (7.834)	
[Epoch  20] (120.65s)	ELBO: 1579.510 (1573.860)	Log prob: 1587.507 (1581.571)	KLD: 7.997 (7.710)	
[Epoch  21] (125.33s)	ELBO: 1580.604 (1575.097)	Log prob: 1588.630 (1582.992)	KLD: 8.027 (7.895)	
[Epoch  22] (129.96s)	ELBO: 1581.940 (1576.108)	Log prob: 1589.987 (1584.408)	KLD: 8.047 (8.300)	
[Epoch  23] (118.59s)	ELBO: 1583.335 (1576.865)	Log prob: 1591.379 (1584.909)	KLD: 8.045 (8.044)	
[Epoch  24] (128.02s)	ELBO: 1584.922 (1578.676)	Log prob: 1592.988 (1586.709)	KLD: 8.066 (8.032)	
[Epoch  25] (126.90s)	ELBO: 1585.669 (1579.864)	Log prob: 1593.728 (1587.995)	KLD: 8.059 (8.131)	
[Epoch  26] (120.38s)	ELBO: 1586.681 (1580.306)	Log prob: 1594.786 (1588.391)	KLD: 8.105 (8.084)	
[Epoch  27] (127.50s)	ELBO: 1587.431 (1580.210)	Log prob: 1595.523 (1588.299)	KLD: 8.091 (8.089)	
[Epoch  28] (119.53s)	ELBO: 1588.947 (1582.267)	Log prob: 1597.072 (1590.515)	KLD: 8.124 (8.248)	
[Epoch  29] (123.85s)	ELBO: 1589.871 (1582.739)	Log prob: 1598.012 (1590.980)	KLD: 8.141 (8.241)	
[Epoch  30] (130.15s)	ELBO: 1590.641 (1581.981)	Log prob: 1598.773 (1590.338)	KLD: 8.132 (8.357)	
[Epoch  31] (115.27s)	ELBO: 1591.554 (1582.648)	Log prob: 1599.703 (1590.872)	KLD: 8.149 (8.224)	
[Epoch  32] (137.70s)	ELBO: 1592.655 (1584.100)	Log prob: 1600.805 (1592.310)	KLD: 8.150 (8.210)	
[Epoch  33] (127.91s)	ELBO: 1593.463 (1585.043)	Log prob: 1601.649 (1593.269)	KLD: 8.186 (8.225)	
[Epoch  34] (117.84s)	ELBO: 1593.939 (1585.436)	Log prob: 1602.125 (1593.689)	KLD: 8.186 (8.252)	
[Epoch  35] (130.06s)	ELBO: 1594.871 (1585.052)	Log prob: 1603.067 (1593.362)	KLD: 8.196 (8.309)	
[Epoch  36] (130.13s)	ELBO: 1595.328 (1584.593)	Log prob: 1603.543 (1592.800)	KLD: 8.215 (8.207)	
[Epoch  37] (116.82s)	ELBO: 1596.201 (1587.252)	Log prob: 1604.402 (1595.514)	KLD: 8.200 (8.262)	
[Epoch  38] (126.66s)	ELBO: 1596.973 (1586.727)	Log prob: 1605.211 (1594.903)	KLD: 8.238 (8.176)	
[Epoch  39] (128.66s)	ELBO: 1596.978 (1588.218)	Log prob: 1605.213 (1596.408)	KLD: 8.235 (8.190)	
[Epoch  40] (117.21s)	ELBO: 1598.027 (1589.716)	Log prob: 1606.281 (1598.038)	KLD: 8.254 (8.322)	
[Epoch  41] (129.45s)	ELBO: 1598.770 (1589.165)	Log prob: 1607.021 (1597.516)	KLD: 8.250 (8.350)	
[Epoch  42] (128.46s)	ELBO: 1599.302 (1589.387)	Log prob: 1607.582 (1597.734)	KLD: 8.280 (8.347)	
[Epoch  43] (133.06s)	ELBO: 1599.992 (1590.186)	Log prob: 1608.271 (1598.286)	KLD: 8.280 (8.100)	
[Epoch  44] (133.05s)	ELBO: 1600.591 (1590.287)	Log prob: 1608.877 (1598.475)	KLD: 8.285 (8.188)	
[Epoch  45] (119.14s)	ELBO: 1601.147 (1592.046)	Log prob: 1609.434 (1600.273)	KLD: 8.287 (8.227)	
[Epoch  46] (128.07s)	ELBO: 1601.589 (1590.411)	Log prob: 1609.912 (1598.662)	KLD: 8.323 (8.251)	
[Epoch  47] (139.23s)	ELBO: 1601.112 (1591.998)	Log prob: 1609.413 (1600.281)	KLD: 8.302 (8.283)	
[Epoch  48] (114.63s)	ELBO: 1602.351 (1593.136)	Log prob: 1610.658 (1601.493)	KLD: 8.307 (8.357)	
[Epoch  49] (125.61s)	ELBO: 1602.129 (1592.689)	Log prob: 1610.459 (1600.854)	KLD: 8.329 (8.165)	
[Epoch  50] (129.76s)	ELBO: 1603.093 (1592.828)	Log prob: 1611.411 (1601.215)	KLD: 8.317 (8.387)	
[Epoch  51] (112.51s)	ELBO: 1603.693 (1592.385)	Log prob: 1612.052 (1600.625)	KLD: 8.359 (8.240)	
[Epoch  52] (125.82s)	ELBO: 1603.928 (1594.303)	Log prob: 1612.267 (1602.695)	KLD: 8.339 (8.392)	
[Epoch  53] (127.63s)	ELBO: 1604.209 (1593.745)	Log prob: 1612.560 (1602.044)	KLD: 8.352 (8.299)	
[Epoch  54] (119.18s)	ELBO: 1605.152 (1593.521)	Log prob: 1613.502 (1601.746)	KLD: 8.350 (8.226)	
[Epoch  55] (135.98s)	ELBO: 1605.437 (1593.894)	Log prob: 1613.806 (1602.162)	KLD: 8.369 (8.268)	
[Epoch  56] (122.01s)	ELBO: 1606.081 (1594.056)	Log prob: 1614.438 (1602.333)	KLD: 8.357 (8.277)	
[Epoch  57] (122.92s)	ELBO: 1606.834 (1594.065)	Log prob: 1615.204 (1602.469)	KLD: 8.370 (8.404)	
[Epoch  58] (128.92s)	ELBO: 1606.906 (1595.447)	Log prob: 1615.297 (1603.811)	KLD: 8.391 (8.364)	
[Epoch  59] (145.36s)	ELBO: 1606.958 (1593.871)	Log prob: 1615.331 (1602.168)	KLD: 8.373 (8.297)	
[Epoch  60] (162.98s)	ELBO: 1607.248 (1594.894)	Log prob: 1615.616 (1603.221)	KLD: 8.368 (8.328)	
[Epoch  61] (173.16s)	ELBO: 1607.446 (1595.677)	Log prob: 1615.829 (1603.952)	KLD: 8.383 (8.275)	
[Epoch  62] (148.46s)	ELBO: 1608.086 (1594.173)	Log prob: 1616.477 (1602.488)	KLD: 8.391 (8.315)	
[Epoch  63] (168.85s)	ELBO: 1608.262 (1595.625)	Log prob: 1616.657 (1603.862)	KLD: 8.395 (8.237)	
[Epoch  64] (131.40s)	ELBO: 1608.839 (1595.337)	Log prob: 1617.231 (1603.808)	KLD: 8.392 (8.471)	
[Epoch  65] (143.42s)	ELBO: 1609.192 (1595.722)	Log prob: 1617.597 (1604.149)	KLD: 8.405 (8.428)	
[Epoch  66] (164.85s)	ELBO: 1609.534 (1597.195)	Log prob: 1617.935 (1605.628)	KLD: 8.402 (8.433)	
[Epoch  67] (149.25s)	ELBO: 1609.307 (1596.118)	Log prob: 1617.730 (1604.391)	KLD: 8.423 (8.273)	
[Epoch  68] (172.72s)	ELBO: 1610.184 (1597.783)	Log prob: 1618.601 (1606.088)	KLD: 8.417 (8.305)	
[Epoch  69] (154.87s)	ELBO: 1610.416 (1598.120)	Log prob: 1618.825 (1606.433)	KLD: 8.409 (8.312)	
[Epoch  70] (177.05s)	ELBO: 1610.681 (1597.351)	Log prob: 1619.111 (1605.795)	KLD: 8.430 (8.444)	
[Epoch  71] (140.16s)	ELBO: 1610.668 (1595.924)	Log prob: 1619.085 (1604.339)	KLD: 8.417 (8.415)	
[Epoch  72] (118.57s)	ELBO: 1610.793 (1598.408)	Log prob: 1619.218 (1606.727)	KLD: 8.426 (8.320)	
[Epoch  73] (130.19s)	ELBO: 1611.562 (1598.519)	Log prob: 1619.984 (1606.949)	KLD: 8.422 (8.431)	
[Epoch  74] (144.53s)	ELBO: 1611.892 (1597.899)	Log prob: 1620.336 (1606.240)	KLD: 8.444 (8.341)	
[Epoch  75] (121.62s)	ELBO: 1611.847 (1597.957)	Log prob: 1620.287 (1606.372)	KLD: 8.440 (8.415)	
[Epoch  76] (132.88s)	ELBO: 1612.242 (1597.415)	Log prob: 1620.672 (1605.858)	KLD: 8.430 (8.444)	
[Epoch  77] (92.27s)	ELBO: 1612.517 (1598.746)	Log prob: 1620.977 (1607.156)	KLD: 8.460 (8.410)	
[Epoch  78] (77.91s)	ELBO: 1612.554 (1598.298)	Log prob: 1621.009 (1606.587)	KLD: 8.456 (8.289)	
[Epoch  79] (91.35s)	ELBO: 1613.248 (1599.800)	Log prob: 1621.695 (1608.217)	KLD: 8.447 (8.417)	
[Epoch  80] (91.39s)	ELBO: 1613.275 (1598.945)	Log prob: 1621.756 (1607.453)	KLD: 8.481 (8.509)	
[Epoch  81] (89.63s)	ELBO: 1613.216 (1599.359)	Log prob: 1621.685 (1607.790)	KLD: 8.468 (8.431)	
[Epoch  82] (98.87s)	ELBO: 1612.483 (1599.783)	Log prob: 1620.926 (1608.107)	KLD: 8.443 (8.324)	
[Epoch  83] (103.13s)	ELBO: 1613.919 (1599.948)	Log prob: 1622.374 (1608.408)	KLD: 8.455 (8.460)	
[Epoch  84] (89.27s)	ELBO: 1614.211 (1597.156)	Log prob: 1622.683 (1605.630)	KLD: 8.471 (8.474)	
[Epoch  85] (71.23s)	ELBO: 1614.307 (1600.132)	Log prob: 1622.807 (1608.448)	KLD: 8.500 (8.316)	
[Epoch  86] (84.60s)	ELBO: 1614.504 (1600.898)	Log prob: 1622.969 (1609.295)	KLD: 8.465 (8.397)	
[Epoch  87] (73.67s)	ELBO: 1615.232 (1599.727)	Log prob: 1623.729 (1608.107)	KLD: 8.497 (8.380)	
[Epoch  88] (60.75s)	ELBO: 1615.098 (1600.899)	Log prob: 1623.600 (1609.453)	KLD: 8.502 (8.554)	
[Epoch  89] (56.33s)	ELBO: 1615.105 (1600.777)	Log prob: 1623.589 (1609.389)	KLD: 8.484 (8.612)	
[Epoch  90] (50.50s)	ELBO: 1615.175 (1599.788)	Log prob: 1623.660 (1608.235)	KLD: 8.485 (8.447)	
[Epoch  91] (64.41s)	ELBO: 1614.890 (1599.743)	Log prob: 1623.379 (1608.233)	KLD: 8.489 (8.490)	
[Epoch  92] (69.80s)	ELBO: 1615.931 (1600.115)	Log prob: 1624.450 (1608.558)	KLD: 8.518 (8.443)	
[Epoch  93] (73.54s)	ELBO: 1616.003 (1601.152)	Log prob: 1624.503 (1609.680)	KLD: 8.500 (8.527)	
[Epoch  94] (60.94s)	ELBO: 1616.514 (1600.385)	Log prob: 1625.039 (1608.756)	KLD: 8.525 (8.371)	
[Epoch  95] (48.99s)	ELBO: 1616.714 (1599.119)	Log prob: 1625.219 (1607.623)	KLD: 8.505 (8.504)	
[Epoch  96] (58.43s)	ELBO: 1616.400 (1601.059)	Log prob: 1624.921 (1609.503)	KLD: 8.521 (8.444)	
[Epoch  97] (32.39s)	ELBO: 1617.296 (1601.367)	Log prob: 1625.833 (1609.898)	KLD: 8.537 (8.531)	
[Epoch  98] (22.80s)	ELBO: 1617.081 (1600.266)	Log prob: 1625.613 (1608.796)	KLD: 8.532 (8.531)	
[Epoch  99] (36.88s)	ELBO: 1617.640 (1601.916)	Log prob: 1626.167 (1610.484)	KLD: 8.527 (8.567)	
[Epoch 100] (28.57s)	ELBO: 1617.246 (1601.883)	Log prob: 1625.767 (1610.544)	KLD: 8.521 (8.661)	
Best epoch: 99	Training time: 11604.67s	Best ELBO: 1617.640 (1601.916)	Best log prob: 1626.167 (1610.544)
Avg. mu: tensor([0.0398, 0.0688])
Avg. var: tensor([0.0006, 0.0010])
Avg. z: tensor([0.0399, 0.0686])
Max. mu: tensor([3.8159, 6.3521])
Max. var: tensor([0.0167, 0.0202])
Max. z: tensor([3.8263, 6.3144])
Min. mu: tensor([-4.8821, -4.4148])
Min. var: tensor([3.0049e-05, 5.2689e-05])
Min. z: tensor([-4.8761, -4.4118])
Cov. mu: [[ 2.02613308 -0.19649979]
 [-0.19649979  1.7075592 ]]
Cov. var: [[7.32615197e-07 4.07315087e-07]
 [4.07315087e-07 1.64484581e-06]]
Cov. z: [[ 2.02724287 -0.19698866]
 [-0.19698866  1.70855696]]

