=================================================================
Layer (type:depth-idx)                   Param #
=================================================================
VAE                                      --
├─Encoder: 1-1                           --
│    └─Conv2d: 2-1                       448
│    └─Conv2d: 2-2                       2,080
│    └─Conv2d: 2-3                       9,248
│    └─Conv2d: 2-4                       9,248
│    └─Conv2d: 2-5                       8,256
│    └─Conv2d: 2-6                       36,928
│    └─Conv2d: 2-7                       36,928
│    └─Conv2d: 2-8                       32,896
│    └─Linear: 2-9                       1,049,088
│    └─Linear: 2-10                      262,656
├─Decoder: 1-2                           --
│    └─Linear: 2-11                      262,656
│    └─Linear: 2-12                      1,050,624
│    └─ConvTranspose2d: 2-13             32,832
│    └─ConvTranspose2d: 2-14             36,928
│    └─ConvTranspose2d: 2-15             36,928
│    └─ConvTranspose2d: 2-16             8,224
│    └─ConvTranspose2d: 2-17             9,248
│    └─ConvTranspose2d: 2-18             9,248
│    └─ConvTranspose2d: 2-19             2,064
│    └─ConvTranspose2d: 2-20             435
=================================================================
Total params: 2,896,963
Trainable params: 2,896,963
Non-trainable params: 0
=================================================================
=================================================================
Layer (type:depth-idx)                   Param #
=================================================================
VAE                                      --
├─Encoder: 1-1                           --
│    └─Conv2d: 2-1                       448
│    └─Conv2d: 2-2                       2,080
│    └─Conv2d: 2-3                       9,248
│    └─Conv2d: 2-4                       9,248
│    └─Conv2d: 2-5                       8,256
│    └─Conv2d: 2-6                       36,928
│    └─Conv2d: 2-7                       36,928
│    └─Conv2d: 2-8                       32,896
│    └─Linear: 2-9                       1,049,088
│    └─Linear: 2-10                      262,656
├─Decoder: 1-2                           --
│    └─Linear: 2-11                      262,656
│    └─Linear: 2-12                      1,050,624
│    └─ConvTranspose2d: 2-13             32,832
│    └─ConvTranspose2d: 2-14             36,928
│    └─ConvTranspose2d: 2-15             36,928
│    └─ConvTranspose2d: 2-16             8,224
│    └─ConvTranspose2d: 2-17             9,248
│    └─ConvTranspose2d: 2-18             9,248
│    └─ConvTranspose2d: 2-19             2,064
│    └─ConvTranspose2d: 2-20             435
=================================================================
Total params: 2,896,963
Trainable params: 2,896,963
Non-trainable params: 0
=================================================================
[Epoch   1 (218.26s)]	ELBO: -18373.078 (-12729.739)	Log prob: -18194.778 (-12542.765)	KLD: 178.300 (186.974)
[Epoch   2 (217.90s)]	ELBO: -12410.692 (-12953.439)	Log prob: -12189.537 (-12642.435)	KLD: 221.156 (311.004)
[Epoch   3 (222.09s)]	ELBO: -10270.671 (-10306.688)	Log prob: -10023.587 (-10068.478)	KLD: 247.084 (238.210)
[Epoch   4 (218.40s)]	ELBO: -9454.530 (-8510.378)	Log prob: -9209.416 (-8263.346)	KLD: 245.114 (247.032)
[Epoch   5 (219.03s)]	ELBO: -8403.112 (-8799.719)	Log prob: -8151.246 (-8529.048)	KLD: 251.866 (270.671)
[Epoch   6 (213.29s)]	ELBO: -7611.196 (-6779.727)	Log prob: -7336.752 (-6502.276)	KLD: 274.444 (277.451)
[Epoch   7 (212.98s)]	ELBO: -6584.932 (-6777.224)	Log prob: -6312.931 (-6515.940)	KLD: 272.001 (261.284)
[Epoch   8 (213.30s)]	ELBO: -6336.797 (-6043.262)	Log prob: -6074.054 (-5792.010)	KLD: 262.743 (251.252)
[Epoch   9 (211.43s)]	ELBO: -6158.848 (-5935.313)	Log prob: -5904.637 (-5665.273)	KLD: 254.211 (270.040)
[Epoch  10 (217.24s)]	ELBO: -6114.759 (-5972.599)	Log prob: -5859.338 (-5713.613)	KLD: 255.422 (258.986)
[Epoch  11 (212.12s)]	ELBO: -5922.371 (-6730.133)	Log prob: -5659.992 (-6461.700)	KLD: 262.379 (268.433)
[Epoch  12 (216.50s)]	ELBO: -5543.729 (-5415.529)	Log prob: -5275.002 (-5134.365)	KLD: 268.727 (281.164)
[Epoch  13 (213.23s)]	ELBO: -5117.360 (-5074.427)	Log prob: -4835.268 (-4772.804)	KLD: 282.092 (301.622)
[Epoch  14 (214.15s)]	ELBO: -4805.252 (-4724.711)	Log prob: -4522.824 (-4446.354)	KLD: 282.429 (278.356)
[Epoch  15 (211.16s)]	ELBO: -4566.353 (-5052.255)	Log prob: -4295.695 (-4778.322)	KLD: 270.658 (273.933)
[Epoch  16 (217.86s)]	ELBO: -4559.909 (-5005.915)	Log prob: -4289.538 (-4720.813)	KLD: 270.371 (285.102)
[Epoch  17 (213.84s)]	ELBO: -4465.658 (-4522.311)	Log prob: -4194.908 (-4263.012)	KLD: 270.749 (259.299)
[Epoch  18 (213.47s)]	ELBO: -4405.137 (-4384.374)	Log prob: -4131.335 (-4100.993)	KLD: 273.803 (283.381)
[Epoch  19 (213.24s)]	ELBO: -4152.494 (-4057.375)	Log prob: -3878.095 (-3780.886)	KLD: 274.399 (276.489)
[Epoch  20 (213.97s)]	ELBO: -3996.701 (-4413.384)	Log prob: -3718.128 (-4120.448)	KLD: 278.573 (292.936)
[Epoch  21 (212.10s)]	ELBO: -3895.869 (-3810.336)	Log prob: -3616.299 (-3536.415)	KLD: 279.570 (273.921)
[Epoch  22 (213.74s)]	ELBO: -3848.626 (-3860.371)	Log prob: -3571.108 (-3579.985)	KLD: 277.518 (280.386)
[Epoch  23 (215.83s)]	ELBO: -3731.629 (-3751.312)	Log prob: -3450.348 (-3467.649)	KLD: 281.280 (283.663)
[Epoch  24 (213.93s)]	ELBO: -3523.388 (-3586.238)	Log prob: -3240.337 (-3306.519)	KLD: 283.051 (279.719)
[Epoch  25 (212.91s)]	ELBO: -3406.247 (-3679.031)	Log prob: -3124.712 (-3394.618)	KLD: 281.534 (284.413)
[Epoch  26 (213.88s)]	ELBO: -3429.836 (-3474.123)	Log prob: -3146.221 (-3195.301)	KLD: 283.615 (278.823)
[Epoch  27 (210.75s)]	ELBO: -3286.492 (-3405.383)	Log prob: -3008.737 (-3129.830)	KLD: 277.755 (275.553)
[Epoch  28 (217.43s)]	ELBO: -3270.654 (-3274.846)	Log prob: -2993.450 (-3001.393)	KLD: 277.204 (273.453)
[Epoch  29 (199.22s)]	ELBO: -3276.305 (-3394.619)	Log prob: -2996.239 (-3117.785)	KLD: 280.066 (276.835)
[Epoch  30 (158.71s)]	ELBO: -3236.252 (-3402.728)	Log prob: -2958.392 (-3117.470)	KLD: 277.859 (285.258)
[Epoch  31 (160.18s)]	ELBO: -3240.355 (-3343.752)	Log prob: -2960.622 (-3065.009)	KLD: 279.733 (278.742)
[Epoch  32 (161.52s)]	ELBO: -3155.367 (-3267.313)	Log prob: -2877.965 (-2996.596)	KLD: 277.402 (270.717)
[Epoch  33 (162.11s)]	ELBO: -3133.144 (-3316.102)	Log prob: -2856.386 (-3033.540)	KLD: 276.758 (282.562)
[Epoch  34 (159.43s)]	ELBO: -3120.156 (-3318.564)	Log prob: -2841.730 (-3041.474)	KLD: 278.426 (277.090)
[Epoch  35 (161.86s)]	ELBO: -3107.095 (-3319.542)	Log prob: -2826.189 (-3041.963)	KLD: 280.906 (277.579)
[Epoch  36 (157.22s)]	ELBO: -2939.937 (-3915.379)	Log prob: -2660.206 (-3630.545)	KLD: 279.731 (284.833)
[Epoch  37 (162.91s)]	ELBO: -2870.386 (-3363.091)	Log prob: -2586.639 (-3069.084)	KLD: 283.747 (294.008)
[Epoch  38 (160.40s)]	ELBO: -2793.860 (-3061.695)	Log prob: -2508.881 (-2775.973)	KLD: 284.979 (285.723)
[Epoch  39 (159.81s)]	ELBO: -2721.365 (-2825.546)	Log prob: -2441.008 (-2543.542)	KLD: 280.358 (282.005)
[Epoch  40 (161.91s)]	ELBO: -2671.423 (-2867.892)	Log prob: -2391.935 (-2589.534)	KLD: 279.488 (278.358)
[Epoch  41 (160.29s)]	ELBO: -2687.714 (-3269.525)	Log prob: -2407.628 (-2976.705)	KLD: 280.086 (292.821)
[Epoch  42 (159.97s)]	ELBO: -2651.867 (-2993.616)	Log prob: -2371.058 (-2718.963)	KLD: 280.809 (274.653)
[Epoch  43 (158.18s)]	ELBO: -2636.162 (-2765.410)	Log prob: -2355.183 (-2486.509)	KLD: 280.979 (278.901)
[Epoch  44 (162.77s)]	ELBO: -2586.070 (-2795.448)	Log prob: -2307.396 (-2523.022)	KLD: 278.674 (272.426)
[Epoch  45 (161.37s)]	ELBO: -2603.143 (-2879.773)	Log prob: -2323.000 (-2602.044)	KLD: 280.143 (277.729)
[Epoch  46 (159.12s)]	ELBO: -2590.103 (-2746.775)	Log prob: -2308.908 (-2468.031)	KLD: 281.195 (278.743)
[Epoch  47 (160.80s)]	ELBO: -2517.539 (-2699.900)	Log prob: -2239.529 (-2421.488)	KLD: 278.009 (278.412)
[Epoch  48 (159.23s)]	ELBO: -2554.541 (-2845.956)	Log prob: -2272.820 (-2567.324)	KLD: 281.722 (278.632)
[Epoch  49 (160.73s)]	ELBO: -2511.906 (-2749.781)	Log prob: -2229.561 (-2470.689)	KLD: 282.345 (279.091)
[Epoch  50 (158.58s)]	ELBO: -2431.859 (-2901.331)	Log prob: -2149.737 (-2622.121)	KLD: 282.123 (279.210)
[Epoch  51 (161.99s)]	ELBO: -2367.308 (-2552.503)	Log prob: -2086.427 (-2270.179)	KLD: 280.881 (282.324)
[Epoch  52 (159.27s)]	ELBO: -2346.446 (-2519.928)	Log prob: -2066.495 (-2242.542)	KLD: 279.951 (277.386)
[Epoch  53 (162.10s)]	ELBO: -2328.403 (-2698.213)	Log prob: -2048.336 (-2426.052)	KLD: 280.067 (272.161)
[Epoch  54 (158.46s)]	ELBO: -2302.998 (-2644.347)	Log prob: -2024.299 (-2365.191)	KLD: 278.700 (279.157)
[Epoch  55 (159.58s)]	ELBO: -2287.268 (-2594.630)	Log prob: -2007.865 (-2315.133)	KLD: 279.402 (279.497)
[Epoch  56 (161.31s)]	ELBO: -2313.005 (-2545.075)	Log prob: -2031.258 (-2264.939)	KLD: 281.747 (280.136)
[Epoch  57 (161.22s)]	ELBO: -2283.781 (-2540.871)	Log prob: -2003.243 (-2262.375)	KLD: 280.538 (278.496)
[Epoch  58 (158.39s)]	ELBO: -2326.767 (-2712.557)	Log prob: -2041.357 (-2428.365)	KLD: 285.410 (284.191)
[Epoch  59 (162.00s)]	ELBO: -2214.717 (-2386.672)	Log prob: -1930.211 (-2105.308)	KLD: 284.506 (281.364)
[Epoch  60 (159.94s)]	ELBO: -2135.009 (-2408.080)	Log prob: -1853.853 (-2131.086)	KLD: 281.156 (276.994)
[Epoch  61 (160.32s)]	ELBO: -2131.387 (-2494.771)	Log prob: -1850.667 (-2216.715)	KLD: 280.720 (278.055)
[Epoch  62 (162.07s)]	ELBO: -2117.364 (-2479.809)	Log prob: -1835.844 (-2199.306)	KLD: 281.521 (280.503)
[Epoch  63 (159.67s)]	ELBO: -2094.236 (-2563.523)	Log prob: -1814.052 (-2283.665)	KLD: 280.184 (279.858)
[Epoch  64 (161.23s)]	ELBO: -2068.425 (-2480.397)	Log prob: -1788.647 (-2196.918)	KLD: 279.777 (283.479)
[Epoch  65 (159.58s)]	ELBO: -2050.506 (-2480.889)	Log prob: -1770.751 (-2201.972)	KLD: 279.756 (278.917)
[Epoch  66 (159.92s)]	ELBO: -2091.105 (-2395.945)	Log prob: -1808.155 (-2111.320)	KLD: 282.950 (284.624)
[Epoch  67 (157.98s)]	ELBO: -2021.987 (-2392.525)	Log prob: -1742.177 (-2110.246)	KLD: 279.810 (282.280)
[Epoch  68 (162.91s)]	ELBO: -2036.119 (-2374.092)	Log prob: -1755.538 (-2095.669)	KLD: 280.582 (278.422)
[Epoch  69 (160.89s)]	ELBO: -2014.277 (-2424.594)	Log prob: -1733.664 (-2144.329)	KLD: 280.613 (280.264)
[Epoch  70 (158.90s)]	ELBO: -2007.415 (-2396.217)	Log prob: -1727.163 (-2116.536)	KLD: 280.253 (279.681)
[Epoch  71 (162.67s)]	ELBO: -2005.445 (-2406.851)	Log prob: -1725.368 (-2127.869)	KLD: 280.077 (278.982)
[Epoch  72 (159.15s)]	ELBO: -1982.772 (-2668.522)	Log prob: -1702.385 (-2383.221)	KLD: 280.387 (285.300)
[Epoch  73 (161.09s)]	ELBO: -1952.346 (-2349.444)	Log prob: -1673.113 (-2069.403)	KLD: 279.233 (280.042)
[Epoch  74 (158.90s)]	ELBO: -1968.839 (-2541.435)	Log prob: -1689.235 (-2261.478)	KLD: 279.604 (279.957)
[Epoch  75 (162.23s)]	ELBO: -1956.557 (-2428.569)	Log prob: -1676.270 (-2155.354)	KLD: 280.287 (273.215)
[Epoch  76 (160.47s)]	ELBO: -1948.146 (-2369.481)	Log prob: -1668.220 (-2092.152)	KLD: 279.925 (277.330)
[Epoch  77 (159.99s)]	ELBO: -1934.378 (-2725.271)	Log prob: -1654.957 (-2447.375)	KLD: 279.420 (277.897)
[Epoch  78 (160.17s)]	ELBO: -1935.408 (-2391.675)	Log prob: -1655.365 (-2109.942)	KLD: 280.043 (281.733)
[Epoch  79 (157.43s)]	ELBO: -1920.076 (-2346.972)	Log prob: -1639.952 (-2070.145)	KLD: 280.124 (276.827)
[Epoch  80 (164.17s)]	ELBO: -1904.946 (-2432.313)	Log prob: -1626.062 (-2161.824)	KLD: 278.884 (270.489)
[Epoch  81 (161.01s)]	ELBO: -1911.339 (-2394.089)	Log prob: -1631.253 (-2115.549)	KLD: 280.086 (278.540)
[Epoch  82 (160.06s)]	ELBO: -1886.785 (-2409.945)	Log prob: -1607.824 (-2135.758)	KLD: 278.962 (274.186)
[Epoch  83 (161.02s)]	ELBO: -1894.613 (-2550.628)	Log prob: -1614.648 (-2269.753)	KLD: 279.966 (280.875)
[Epoch  84 (159.04s)]	ELBO: -1880.662 (-2378.493)	Log prob: -1601.326 (-2097.387)	KLD: 279.336 (281.106)
[Epoch  85 (160.76s)]	ELBO: -1877.467 (-2370.358)	Log prob: -1597.219 (-2089.545)	KLD: 280.249 (280.813)
[Epoch  86 (159.63s)]	ELBO: -1849.480 (-2507.536)	Log prob: -1571.041 (-2234.649)	KLD: 278.439 (272.888)
[Epoch  87 (161.38s)]	ELBO: -1886.568 (-2370.513)	Log prob: -1605.696 (-2090.448)	KLD: 280.873 (280.066)
[Epoch  88 (158.80s)]	ELBO: -1846.967 (-2405.308)	Log prob: -1567.640 (-2123.294)	KLD: 279.327 (282.014)
[Epoch  89 (162.57s)]	ELBO: -1840.833 (-2311.364)	Log prob: -1562.244 (-2033.103)	KLD: 278.589 (278.261)
[Epoch  90 (158.04s)]	ELBO: -1834.333 (-2298.551)	Log prob: -1555.489 (-2023.600)	KLD: 278.844 (274.951)
[Epoch  91 (156.99s)]	ELBO: -1827.230 (-2600.979)	Log prob: -1547.248 (-2319.710)	KLD: 279.982 (281.269)
[Epoch  92 (164.49s)]	ELBO: -1814.733 (-2358.499)	Log prob: -1536.191 (-2082.314)	KLD: 278.542 (276.185)
[Epoch  93 (160.65s)]	ELBO: -1808.651 (-2635.918)	Log prob: -1528.990 (-2357.988)	KLD: 279.661 (277.930)
[Epoch  94 (160.30s)]	ELBO: -1813.809 (-2461.328)	Log prob: -1534.350 (-2184.259)	KLD: 279.459 (277.069)
[Epoch  95 (161.08s)]	ELBO: -1796.125 (-2486.234)	Log prob: -1517.089 (-2210.816)	KLD: 279.036 (275.418)
[Epoch  96 (158.56s)]	ELBO: -1799.225 (-2661.977)	Log prob: -1520.158 (-2378.399)	KLD: 279.066 (283.578)
[Epoch  97 (161.43s)]	ELBO: -1774.178 (-2466.108)	Log prob: -1495.022 (-2184.379)	KLD: 279.156 (281.729)
[Epoch  98 (159.86s)]	ELBO: -1787.789 (-2649.725)	Log prob: -1508.880 (-2369.688)	KLD: 278.909 (280.037)
[Epoch  99 (161.92s)]	ELBO: -1802.513 (-2514.510)	Log prob: -1523.201 (-2232.651)	KLD: 279.312 (281.859)
[Epoch 100 (159.99s)]	ELBO: -1803.465 (-2341.157)	Log prob: -1521.641 (-2065.900)	KLD: 281.824 (275.257)
Best epoch(s): [90]	Training time(s): 17601.97s (17601.97s)	Best ELBO: -1774.178 (-2298.551)	Best log prob: -1495.022 (-2023.600)
Avg. mu: 0.036, 0.046, -0.070, 0.118, 0.145, -0.125, 0.029, -0.091, -0.145, -0.043, 0.001, 0.146, -0.056, -0.113, -0.000, 0.215, -0.046, 0.004, 0.060, 0.211, 0.092, -0.091, 0.206, -0.067, 0.004, 0.005, 0.102, 0.002, 0.016, -0.150, -0.106, 0.219, 0.058, 0.097, 0.142, -0.225, 0.065, -0.208, 0.118, 0.039, 0.097, -0.138, -0.081, 0.198, -0.071, -0.090, -0.078, 0.220, 0.148, -0.152, 0.182, -0.151, 0.035, 0.092, -0.104, 0.143, -0.073, -0.064, 0.271, -0.123, 0.019, -0.149, -0.094, -0.146, 0.024, -0.141, -0.029, -0.035, -0.074, 0.120, 0.227, -0.018, -0.017, -0.078, 0.159, -0.015, 0.126, 0.072, 0.135, -0.007, -0.242, 0.013, -0.310, 0.038, 0.070, 0.216, 0.051, -0.007, 0.030, -0.019, 0.102, -0.235, 0.069, -0.027, 0.185, -0.211, -0.129, 0.036, -0.099, 0.057, -0.126, 0.026, 0.043, 0.161, -0.010, -0.148, -0.120, 0.159, -0.064, -0.084, 0.051, -0.124, 0.345, -0.152, 0.318, 0.017, 0.017, 0.038, 0.003, 0.027, -0.022, -0.240, 0.015, -0.040, -0.183, -0.208, -0.298, 0.005
Avg. var: 0.020, 0.009, 0.008, 0.026, 0.015, 0.012, 0.010, 0.024, 0.041, 0.112, 0.136, 0.030, 0.030, 0.041, 0.068, 0.038, 0.172, 0.015, 0.055, 0.145, 0.037, 0.030, 0.326, 0.034, 0.004, 0.056, 0.016, 0.020, 0.064, 0.017, 0.022, 0.019, 0.024, 0.012, 0.016, 0.067, 0.014, 0.048, 0.009, 0.043, 0.002, 0.027, 0.031, 0.022, 0.012, 0.040, 0.021, 0.074, 0.076, 0.022, 0.037, 0.017, 0.015, 0.019, 0.044, 0.017, 0.032, 0.085, 0.013, 0.012, 0.004, 0.770, 0.026, 0.056, 0.103, 0.012, 0.013, 0.021, 0.033, 0.036, 0.012, 0.025, 0.078, 0.065, 0.069, 0.022, 0.018, 0.027, 0.036, 0.010, 0.011, 0.059, 0.011, 0.031, 0.014, 0.029, 0.030, 0.133, 0.021, 0.014, 0.029, 0.055, 0.021, 0.017, 0.014, 0.044, 0.037, 0.022, 0.018, 0.045, 0.032, 0.203, 0.082, 0.021, 0.020, 0.079, 0.051, 0.022, 0.058, 0.058, 0.057, 0.020, 0.015, 0.013, 0.036, 0.046, 0.072, 0.024, 0.017, 0.013, 0.019, 0.139, 0.402, 0.025, 0.042, 0.014, 0.051, 0.007
Max. mu: 5.543, 8.675, 8.146, 5.557, 7.000, 6.070, 7.895, 4.082, 3.865, 2.860, 5.360, 6.200, 5.847, 7.583, 4.864, 4.650, 4.168, 6.303, 4.525, 3.330, 4.317, 4.504, 2.424, 4.925, 11.057, 4.684, 7.126, 4.900, 5.766, 7.475, 6.177, 6.882, 7.970, 8.247, 7.436, 3.275, 5.054, 5.127, 8.865, 4.964, 6.791, 3.809, 6.245, 7.961, 8.248, 3.810, 4.862, 4.629, 4.458, 4.919, 4.665, 6.463, 6.174, 6.089, 4.359, 7.115, 3.677, 2.371, 7.373, 9.496, 8.969, 2.273, 5.907, 5.665, 3.934, 8.024, 6.595, 8.074, 6.769, 5.027, 10.721, 6.872, 3.897, 3.436, 3.947, 5.325, 7.518, 5.963, 4.858, 9.972, 5.959, 4.310, 8.504, 6.122, 5.495, 4.946, 5.187, 4.053, 6.363, 6.272, 6.033, 3.259, 5.998, 8.042, 5.548, 6.363, 4.759, 9.377, 9.406, 5.111, 4.361, 1.630, 3.078, 5.130, 8.157, 4.499, 4.539, 5.059, 3.977, 4.345, 3.888, 5.984, 7.254, 7.036, 5.185, 5.160, 3.528, 6.785, 8.998, 5.535, 5.883, 4.447, 3.427, 6.000, 4.337, 8.264, 3.634, 7.602
Max. var: 0.183, 0.040, 0.115, 0.213, 0.074, 0.098, 0.111, 0.207, 0.168, 0.839, 0.358, 0.167, 0.116, 0.232, 0.258, 0.182, 0.682, 0.119, 0.225, 0.994, 0.214, 0.120, 2.183, 0.129, 0.032, 0.286, 0.110, 0.346, 0.480, 0.133, 0.144, 0.137, 0.328, 0.081, 0.123, 0.314, 0.069, 0.255, 0.045, 0.146, 0.043, 0.375, 0.167, 0.108, 0.118, 0.162, 0.108, 0.282, 0.290, 0.117, 0.135, 0.159, 0.208, 0.191, 0.140, 0.157, 0.356, 0.930, 0.116, 0.064, 0.288, 3.576, 0.141, 0.290, 0.321, 0.086, 0.087, 0.062, 0.164, 0.426, 0.082, 0.197, 0.339, 0.190, 0.370, 0.107, 0.153, 0.131, 0.185, 0.037, 0.066, 0.191, 0.077, 0.110, 0.117, 0.267, 0.166, 0.607, 0.078, 0.249, 0.142, 0.288, 0.187, 0.122, 0.179, 0.170, 0.142, 0.163, 0.143, 0.676, 0.166, 1.297, 0.490, 0.217, 0.115, 0.410, 0.162, 0.215, 0.256, 0.199, 0.480, 0.095, 0.064, 0.115, 0.223, 0.275, 0.188, 0.093, 0.134, 0.112, 0.213, 1.165, 1.568, 0.100, 0.161, 0.111, 0.204, 0.112
Min. mu: -5.725, -8.655, -7.734, -6.547, -5.866, -6.478, -7.814, -6.599, -5.163, -3.211, -4.489, -6.572, -6.325, -6.172, -4.454, -4.028, -3.385, -8.618, -5.679, -3.222, -4.616, -6.508, -1.785, -6.720, -8.527, -4.647, -6.268, -4.667, -4.474, -5.456, -5.363, -6.502, -7.950, -8.359, -4.999, -3.804, -5.247, -5.787, -10.229, -5.900, -5.447, -4.711, -5.226, -6.237, -5.965, -5.511, -4.687, -3.394, -4.848, -5.349, -3.592, -5.839, -6.731, -6.804, -5.599, -6.525, -5.072, -2.968, -6.035, -8.198, -8.648, -1.902, -5.332, -4.605, -3.771, -10.503, -8.589, -9.990, -6.375, -3.424, -7.878, -6.671, -3.730, -5.841, -4.631, -7.335, -6.461, -5.817, -5.744, -9.215, -8.497, -4.002, -6.608, -4.953, -7.119, -4.035, -4.973, -2.851, -4.624, -6.937, -4.706, -3.707, -6.749, -7.505, -4.931, -4.689, -7.574, -8.728, -7.007, -5.412, -4.659, -1.977, -2.637, -5.966, -6.849, -4.514, -4.937, -4.448, -4.312, -3.877, -4.997, -8.784, -8.976, -6.834, -5.343, -4.557, -4.682, -5.729, -5.523, -5.015, -5.892, -4.215, -2.904, -6.744, -4.772, -7.963, -4.748, -6.811
Min. var: 0.000, 0.000, 0.000, 0.000, 0.001, 0.000, 0.001, 0.000, 0.001, 0.003, 0.009, 0.002, 0.002, 0.004, 0.006, 0.002, 0.013, 0.001, 0.005, 0.008, 0.001, 0.000, 0.010, 0.001, 0.000, 0.000, 0.000, 0.000, 0.002, 0.000, 0.001, 0.001, 0.001, 0.000, 0.000, 0.004, 0.000, 0.004, 0.000, 0.001, 0.000, 0.001, 0.001, 0.001, 0.000, 0.002, 0.001, 0.000, 0.007, 0.000, 0.001, 0.000, 0.000, 0.001, 0.003, 0.001, 0.001, 0.002, 0.000, 0.000, 0.000, 0.092, 0.001, 0.003, 0.006, 0.000, 0.001, 0.001, 0.000, 0.001, 0.001, 0.000, 0.003, 0.005, 0.008, 0.000, 0.000, 0.002, 0.002, 0.000, 0.000, 0.008, 0.000, 0.001, 0.000, 0.000, 0.000, 0.002, 0.002, 0.001, 0.001, 0.001, 0.001, 0.000, 0.000, 0.004, 0.002, 0.000, 0.000, 0.001, 0.001, 0.005, 0.002, 0.000, 0.000, 0.005, 0.002, 0.001, 0.001, 0.002, 0.004, 0.000, 0.000, 0.000, 0.001, 0.005, 0.001, 0.000, 0.001, 0.000, 0.001, 0.019, 0.025, 0.001, 0.001, 0.000, 0.006, 0.000
Cov. mu:
[[1.312 -0.564 -0.519 ... -0.800 0.031 0.250]
 [-0.564 4.613 1.310 ... 1.925 0.193 -0.500]
 [-0.519 1.310 2.958 ... 0.965 -0.111 -0.666]
 ...
 [-0.800 1.925 0.965 ... 2.969 -0.167 -0.527]
 [0.031 0.193 -0.111 ... -0.167 0.811 0.209]
 [0.250 -0.500 -0.666 ... -0.527 0.209 2.740]]
