=================================================================
Layer (type:depth-idx)                   Param #
=================================================================
VAE                                      --
├─Encoder: 1-1                           --
│    └─Linear: 2-1                       76,930
│    └─Linear: 2-2                       9,702
├─Decoder: 1-2                           --
│    └─Linear: 2-3                       9,702
│    └─Linear: 2-4                       77,616
=================================================================
Total params: 173,950
Trainable params: 173,950
Non-trainable params: 0
=================================================================
[Epoch   1 (15.06s)]	ELBO: 1262.693 (1385.603)	Log prob: 1269.690 (1390.011)	KLD: 6.997 (4.408)
[Epoch   2 (14.45s)]	ELBO: 1404.519 (1415.311)	Log prob: 1408.295 (1419.002)	KLD: 3.776 (3.691)
[Epoch   3 (14.58s)]	ELBO: 1418.748 (1426.095)	Log prob: 1422.638 (1430.019)	KLD: 3.890 (3.925)
[Epoch   4 (15.98s)]	ELBO: 1427.113 (1431.837)	Log prob: 1431.099 (1435.721)	KLD: 3.986 (3.884)
[Epoch   5 (18.21s)]	ELBO: 1431.843 (1435.227)	Log prob: 1435.858 (1439.243)	KLD: 4.015 (4.016)
[Epoch   6 (16.32s)]	ELBO: 1435.990 (1439.809)	Log prob: 1440.104 (1444.027)	KLD: 4.114 (4.218)
[Epoch   7 (14.51s)]	ELBO: 1440.497 (1444.191)	Log prob: 1444.754 (1448.516)	KLD: 4.257 (4.324)
[Epoch   8 (14.61s)]	ELBO: 1445.894 (1450.837)	Log prob: 1450.333 (1455.325)	KLD: 4.439 (4.488)
[Epoch   9 (14.45s)]	ELBO: 1452.743 (1457.460)	Log prob: 1457.387 (1462.116)	KLD: 4.644 (4.656)
[Epoch  10 (15.64s)]	ELBO: 1459.669 (1463.126)	Log prob: 1464.630 (1467.970)	KLD: 4.961 (4.844)
[Epoch  11 (15.12s)]	ELBO: 1466.011 (1469.862)	Log prob: 1471.258 (1475.096)	KLD: 5.248 (5.234)
[Epoch  12 (15.82s)]	ELBO: 1472.212 (1474.170)	Log prob: 1477.762 (1479.778)	KLD: 5.550 (5.608)
[Epoch  13 (14.27s)]	ELBO: 1477.567 (1479.316)	Log prob: 1483.260 (1484.846)	KLD: 5.693 (5.530)
[Epoch  14 (14.97s)]	ELBO: 1482.464 (1484.074)	Log prob: 1488.285 (1489.705)	KLD: 5.821 (5.631)
[Epoch  15 (15.21s)]	ELBO: 1487.191 (1487.036)	Log prob: 1493.116 (1492.732)	KLD: 5.925 (5.696)
[Epoch  16 (15.42s)]	ELBO: 1490.714 (1489.930)	Log prob: 1496.635 (1495.637)	KLD: 5.921 (5.707)
[Epoch  17 (15.77s)]	ELBO: 1493.784 (1493.153)	Log prob: 1499.685 (1498.957)	KLD: 5.901 (5.804)
[Epoch  18 (17.56s)]	ELBO: 1496.327 (1495.304)	Log prob: 1502.236 (1500.891)	KLD: 5.909 (5.587)
[Epoch  19 (14.62s)]	ELBO: 1499.138 (1497.683)	Log prob: 1505.038 (1503.500)	KLD: 5.899 (5.817)
[Epoch  20 (15.34s)]	ELBO: 1500.433 (1499.483)	Log prob: 1506.301 (1505.177)	KLD: 5.869 (5.694)
[Epoch  21 (17.56s)]	ELBO: 1502.289 (1501.180)	Log prob: 1508.173 (1506.952)	KLD: 5.883 (5.773)
[Epoch  22 (16.46s)]	ELBO: 1504.288 (1502.143)	Log prob: 1510.184 (1507.921)	KLD: 5.896 (5.778)
[Epoch  23 (16.62s)]	ELBO: 1506.318 (1504.177)	Log prob: 1512.187 (1509.876)	KLD: 5.869 (5.699)
[Epoch  24 (16.07s)]	ELBO: 1508.057 (1505.776)	Log prob: 1513.948 (1511.548)	KLD: 5.891 (5.772)
[Epoch  25 (15.31s)]	ELBO: 1509.307 (1507.977)	Log prob: 1515.190 (1513.812)	KLD: 5.883 (5.835)
[Epoch  26 (15.80s)]	ELBO: 1511.143 (1508.681)	Log prob: 1517.040 (1514.467)	KLD: 5.896 (5.786)
[Epoch  27 (13.77s)]	ELBO: 1512.115 (1509.724)	Log prob: 1517.987 (1515.354)	KLD: 5.873 (5.630)
[Epoch  28 (13.61s)]	ELBO: 1513.343 (1511.210)	Log prob: 1519.217 (1516.907)	KLD: 5.874 (5.696)
[Epoch  29 (16.37s)]	ELBO: 1514.507 (1510.986)	Log prob: 1520.374 (1516.780)	KLD: 5.868 (5.794)
[Epoch  30 (14.83s)]	ELBO: 1514.675 (1512.040)	Log prob: 1520.558 (1517.861)	KLD: 5.883 (5.821)
[Epoch  31 (15.85s)]	ELBO: 1515.989 (1513.203)	Log prob: 1521.846 (1518.916)	KLD: 5.857 (5.713)
[Epoch  32 (14.56s)]	ELBO: 1516.880 (1513.732)	Log prob: 1522.761 (1519.431)	KLD: 5.881 (5.699)
[Epoch  33 (14.14s)]	ELBO: 1517.828 (1515.182)	Log prob: 1523.695 (1520.822)	KLD: 5.866 (5.640)
[Epoch  34 (14.14s)]	ELBO: 1518.362 (1516.173)	Log prob: 1524.233 (1521.929)	KLD: 5.870 (5.756)
[Epoch  35 (15.13s)]	ELBO: 1519.341 (1515.757)	Log prob: 1525.242 (1521.528)	KLD: 5.902 (5.771)
[Epoch  36 (15.33s)]	ELBO: 1519.901 (1518.775)	Log prob: 1525.791 (1524.449)	KLD: 5.890 (5.673)
[Epoch  37 (17.30s)]	ELBO: 1520.759 (1516.761)	Log prob: 1526.656 (1522.606)	KLD: 5.897 (5.845)
[Epoch  38 (17.09s)]	ELBO: 1521.493 (1518.452)	Log prob: 1527.416 (1524.315)	KLD: 5.924 (5.862)
[Epoch  39 (14.80s)]	ELBO: 1522.271 (1519.413)	Log prob: 1528.181 (1525.144)	KLD: 5.909 (5.731)
[Epoch  40 (17.23s)]	ELBO: 1523.203 (1519.061)	Log prob: 1529.134 (1524.824)	KLD: 5.932 (5.763)
[Epoch  41 (17.43s)]	ELBO: 1523.918 (1519.816)	Log prob: 1529.856 (1525.654)	KLD: 5.939 (5.839)
[Epoch  42 (17.96s)]	ELBO: 1523.589 (1521.537)	Log prob: 1529.523 (1527.331)	KLD: 5.935 (5.794)
[Epoch  43 (12.13s)]	ELBO: 1525.216 (1521.693)	Log prob: 1531.161 (1527.688)	KLD: 5.946 (5.995)
[Epoch  44 (12.36s)]	ELBO: 1525.212 (1521.252)	Log prob: 1531.215 (1527.131)	KLD: 6.003 (5.879)
[Epoch  45 (12.37s)]	ELBO: 1526.328 (1521.153)	Log prob: 1532.331 (1527.116)	KLD: 6.004 (5.963)
[Epoch  46 (13.45s)]	ELBO: 1526.928 (1524.082)	Log prob: 1532.941 (1529.922)	KLD: 6.013 (5.840)
[Epoch  47 (11.93s)]	ELBO: 1527.103 (1524.506)	Log prob: 1533.129 (1530.293)	KLD: 6.027 (5.788)
[Epoch  48 (12.30s)]	ELBO: 1527.840 (1524.463)	Log prob: 1533.869 (1530.433)	KLD: 6.029 (5.970)
[Epoch  49 (12.52s)]	ELBO: 1528.885 (1524.651)	Log prob: 1534.921 (1530.740)	KLD: 6.037 (6.089)
[Epoch  50 (12.54s)]	ELBO: 1529.032 (1525.241)	Log prob: 1535.090 (1531.234)	KLD: 6.058 (5.993)
Avg. mu: -0.232
Avg. var: 0.001
Max. mu: 7.254
Max. var: 0.014
Min. mu: -7.688
Min. var: 0.000
Cov. mu:
5.068846415921544
