Encoder
=================================================================
Layer (type:depth-idx)                   Param #
=================================================================
Encoder                                  --
├─Linear: 1-1                            76,930
├─Linear: 1-2                            4,851
=================================================================
Total params: 81,781
Trainable params: 81,781
Non-trainable params: 0
=================================================================
Encoder to Latents 0
=================================================================
Layer (type:depth-idx)                   Param #
=================================================================
EncoderToLatents                         --
├─Linear: 1-1                            100
├─Linear: 1-2                            100
=================================================================
Total params: 200
Trainable params: 200
Non-trainable params: 0
=================================================================
Encoder to Latents 1
=================================================================
Layer (type:depth-idx)                   Param #
=================================================================
EncoderToLatents                         --
├─Linear: 1-1                            100
├─Linear: 1-2                            100
=================================================================
Total params: 200
Trainable params: 200
Non-trainable params: 0
=================================================================
Encoder to Latents 2
=================================================================
Layer (type:depth-idx)                   Param #
=================================================================
EncoderToLatents                         --
├─Linear: 1-1                            100
├─Linear: 1-2                            100
=================================================================
Total params: 200
Trainable params: 200
Non-trainable params: 0
=================================================================
Encoder to Latents 3
=================================================================
Layer (type:depth-idx)                   Param #
=================================================================
EncoderToLatents                         --
├─Linear: 1-1                            100
├─Linear: 1-2                            100
=================================================================
Total params: 200
Trainable params: 200
Non-trainable params: 0
=================================================================
Encoder to Latents 4
=================================================================
Layer (type:depth-idx)                   Param #
=================================================================
EncoderToLatents                         --
├─Linear: 1-1                            100
├─Linear: 1-2                            100
=================================================================
Total params: 200
Trainable params: 200
Non-trainable params: 0
=================================================================
Latents to Decoder 0
=================================================================
Layer (type:depth-idx)                   Param #
=================================================================
LatentsToDecoder                         --
├─Linear: 1-1                            147
=================================================================
Total params: 147
Trainable params: 147
Non-trainable params: 0
=================================================================
Latents to Decoder 1
=================================================================
Layer (type:depth-idx)                   Param #
=================================================================
LatentsToDecoder                         --
├─Linear: 1-1                            147
=================================================================
Total params: 147
Trainable params: 147
Non-trainable params: 0
=================================================================
Latents to Decoder 2
=================================================================
Layer (type:depth-idx)                   Param #
=================================================================
LatentsToDecoder                         --
├─Linear: 1-1                            147
=================================================================
Total params: 147
Trainable params: 147
Non-trainable params: 0
=================================================================
Latents to Decoder 3
=================================================================
Layer (type:depth-idx)                   Param #
=================================================================
LatentsToDecoder                         --
├─Linear: 1-1                            147
=================================================================
Total params: 147
Trainable params: 147
Non-trainable params: 0
=================================================================
Latents to Decoder 4
=================================================================
Layer (type:depth-idx)                   Param #
=================================================================
LatentsToDecoder                         --
├─Linear: 1-1                            147
=================================================================
Total params: 147
Trainable params: 147
Non-trainable params: 0
=================================================================
Decoder
=================================================================
Layer (type:depth-idx)                   Param #
=================================================================
Decoder                                  --
├─Linear: 1-1                            4,900
├─Linear: 1-2                            77,616
=================================================================
Total params: 82,516
Trainable params: 82,516
Non-trainable params: 0
=================================================================
[Epoch   1 (74.25s)]	ELBO: 1204.554, 1283.655, 1298.539, 1301.792, 1301.131 (1416.194)	Log prob: 1211.492, 1295.783, 1311.809, 1316.117, 1316.276 (1429.014)	KLD: 6.937, 12.129, 13.270, 14.325, 15.144 (12.821)	Grad: 0.206, 0.301, 0.360, 0.410, 0.493
[Epoch   2 (69.77s)]	ELBO: 1426.604, 1455.810, 1456.349, 1455.636, 1455.099 (1505.975)	Log prob: 1434.171, 1466.639, 1468.618, 1468.845, 1469.035 (1521.046)	KLD: 7.568, 10.830, 12.268, 13.209, 13.938 (15.071)	Grad: 0.099, 0.134, 0.185, 0.233, 0.290
[Epoch   3 (69.32s)]	ELBO: 1452.936, 1530.325, 1531.062, 1531.690, 1531.604 (1557.684)	Log prob: 1460.571, 1542.939, 1544.951, 1546.429, 1546.905 (1573.482)	KLD: 7.633, 12.614, 13.888, 14.738, 15.300 (15.799)	Grad: 0.092, 0.131, 0.185, 0.246, 0.310
[Epoch   4 (66.95s)]	ELBO: 1468.075, 1559.433, 1582.660, 1585.243, 1585.670 (1612.108)	Log prob: 1475.579, 1572.545, 1598.398, 1602.085, 1603.095 (1630.235)	KLD: 7.504, 13.111, 15.739, 16.842, 17.426 (18.128)	Grad: 0.098, 0.150, 0.209, 0.276, 0.349
[Epoch   5 (69.79s)]	ELBO: 1476.189, 1576.767, 1618.556, 1619.992, 1620.082 (1634.448)	Log prob: 1483.567, 1589.985, 1635.512, 1637.708, 1638.273 (1653.331)	KLD: 7.377, 13.219, 16.956, 17.716, 18.192 (18.883)	Grad: 0.102, 0.160, 0.216, 0.285, 0.363
[Epoch   6 (71.03s)]	ELBO: 1482.070, 1588.395, 1633.716, 1639.016, 1639.728 (1653.562)	Log prob: 1489.296, 1601.439, 1650.783, 1657.409, 1658.675 (1672.991)	KLD: 7.226, 13.043, 17.067, 18.395, 18.946 (19.430)	Grad: 0.104, 0.168, 0.229, 0.303, 0.387
[Epoch   7 (72.50s)]	ELBO: 1487.446, 1597.055, 1643.378, 1654.589, 1655.882 (1667.774)	Log prob: 1494.600, 1609.970, 1660.340, 1673.650, 1675.699 (1687.371)	KLD: 7.154, 12.915, 16.962, 19.062, 19.816 (19.596)	Grad: 0.105, 0.167, 0.227, 0.301, 0.384
[Epoch   8 (74.47s)]	ELBO: 1491.546, 1603.177, 1650.984, 1665.833, 1667.706 (1677.260)	Log prob: 1498.650, 1616.012, 1667.902, 1685.263, 1687.977 (1697.787)	KLD: 7.103, 12.834, 16.919, 19.431, 20.271 (20.528)	Grad: 0.107, 0.170, 0.230, 0.303, 0.385
[Epoch   9 (73.46s)]	ELBO: 1494.569, 1607.932, 1656.758, 1673.772, 1676.856 (1686.006)	Log prob: 1501.638, 1620.724, 1673.680, 1693.433, 1697.538 (1706.681)	KLD: 7.068, 12.792, 16.921, 19.663, 20.684 (20.675)	Grad: 0.105, 0.169, 0.228, 0.301, 0.383
[Epoch  10 (71.38s)]	ELBO: 1496.746, 1611.850, 1661.556, 1680.271, 1684.305 (1692.509)	Log prob: 1503.760, 1624.589, 1678.438, 1700.034, 1705.249 (1713.487)	KLD: 7.014, 12.740, 16.883, 19.763, 20.945 (20.978)	Grad: 0.105, 0.173, 0.236, 0.311, 0.395
[Epoch  11 (73.03s)]	ELBO: 1498.747, 1615.364, 1665.619, 1685.669, 1690.670 (1698.926)	Log prob: 1505.734, 1628.083, 1682.512, 1705.522, 1711.920 (1720.099)	KLD: 6.987, 12.719, 16.893, 19.853, 21.250 (21.173)	Grad: 0.105, 0.171, 0.234, 0.308, 0.392
[Epoch  12 (70.84s)]	ELBO: 1500.387, 1618.118, 1669.034, 1690.084, 1696.515 (1703.750)	Log prob: 1507.358, 1630.820, 1685.920, 1709.972, 1718.094 (1725.433)	KLD: 6.971, 12.701, 16.885, 19.888, 21.578 (21.683)	Grad: 0.104, 0.174, 0.240, 0.317, 0.403
[Epoch  13 (73.84s)]	ELBO: 1501.967, 1620.598, 1671.923, 1693.676, 1701.260 (1708.113)	Log prob: 1508.922, 1633.292, 1688.819, 1713.649, 1723.145 (1730.086)	KLD: 6.957, 12.694, 16.898, 19.972, 21.886 (21.974)	Grad: 0.104, 0.172, 0.239, 0.318, 0.405
[Epoch  14 (77.60s)]	ELBO: 1503.465, 1622.775, 1674.624, 1697.004, 1705.343 (1711.369)	Log prob: 1510.410, 1635.473, 1691.539, 1717.027, 1727.399 (1733.636)	KLD: 6.945, 12.699, 16.914, 20.024, 22.055 (22.268)	Grad: 0.103, 0.171, 0.235, 0.311, 0.396
[Epoch  15 (81.08s)]	ELBO: 1504.726, 1624.385, 1676.656, 1699.610, 1708.385 (1714.507)	Log prob: 1511.682, 1637.097, 1693.593, 1719.684, 1730.570 (1736.966)	KLD: 6.956, 12.712, 16.937, 20.074, 22.186 (22.459)	Grad: 0.102, 0.173, 0.239, 0.318, 0.406
[Epoch  16 (76.84s)]	ELBO: 1506.220, 1626.315, 1678.718, 1702.154, 1711.302 (1716.959)	Log prob: 1513.158, 1639.012, 1695.638, 1722.233, 1733.527 (1739.186)	KLD: 6.939, 12.698, 16.920, 20.080, 22.226 (22.227)	Grad: 0.102, 0.173, 0.240, 0.319, 0.406
[Epoch  17 (76.68s)]	ELBO: 1507.581, 1627.889, 1680.396, 1704.283, 1713.707 (1719.061)	Log prob: 1514.506, 1640.574, 1697.318, 1724.399, 1736.005 (1741.647)	KLD: 6.926, 12.685, 16.923, 20.116, 22.296 (22.586)	Grad: 0.101, 0.172, 0.238, 0.315, 0.402
[Epoch  18 (76.10s)]	ELBO: 1508.832, 1629.259, 1681.963, 1706.268, 1715.921 (1720.235)	Log prob: 1515.777, 1641.988, 1698.942, 1726.452, 1738.319 (1743.006)	KLD: 6.946, 12.729, 16.978, 20.185, 22.397 (22.771)	Grad: 0.101, 0.172, 0.239, 0.317, 0.403
[Epoch  19 (75.69s)]	ELBO: 1510.233, 1630.667, 1683.439, 1708.096, 1717.875 (1723.176)	Log prob: 1517.172, 1643.380, 1700.396, 1728.271, 1740.277 (1745.458)	KLD: 6.940, 12.712, 16.956, 20.174, 22.402 (22.282)	Grad: 0.100, 0.171, 0.239, 0.318, 0.406
[Epoch  20 (78.51s)]	ELBO: 1511.491, 1631.794, 1684.669, 1709.735, 1719.605 (1724.831)	Log prob: 1518.449, 1644.538, 1701.662, 1729.964, 1742.064 (1747.079)	KLD: 6.957, 12.745, 16.993, 20.229, 22.459 (22.248)	Grad: 0.100, 0.172, 0.241, 0.321, 0.409
[Epoch  21 (76.04s)]	ELBO: 1512.823, 1632.923, 1685.924, 1711.249, 1721.213 (1724.782)	Log prob: 1519.783, 1645.672, 1702.926, 1731.501, 1743.710 (1747.737)	KLD: 6.960, 12.749, 17.000, 20.253, 22.498 (22.956)	Grad: 0.101, 0.175, 0.245, 0.326, 0.414
[Epoch  22 (71.74s)]	ELBO: 1514.021, 1634.009, 1687.017, 1712.641, 1722.706 (1727.949)	Log prob: 1520.972, 1646.752, 1704.004, 1732.889, 1745.190 (1750.168)	KLD: 6.952, 12.743, 16.987, 20.247, 22.484 (22.219)	Grad: 0.101, 0.174, 0.245, 0.327, 0.416
[Epoch  23 (71.60s)]	ELBO: 1515.295, 1635.066, 1688.155, 1714.033, 1724.172 (1729.006)	Log prob: 1522.275, 1647.843, 1705.195, 1734.332, 1746.711 (1751.336)	KLD: 6.980, 12.777, 17.040, 20.299, 22.539 (22.330)	Grad: 0.099, 0.173, 0.243, 0.324, 0.412
[Epoch  24 (69.69s)]	ELBO: 1516.522, 1635.914, 1689.101, 1715.099, 1725.264 (1729.155)	Log prob: 1523.509, 1648.712, 1706.176, 1735.449, 1747.874 (1751.816)	KLD: 6.989, 12.798, 17.074, 20.349, 22.610 (22.661)	Grad: 0.100, 0.174, 0.244, 0.323, 0.411
[Epoch  25 (70.66s)]	ELBO: 1518.033, 1636.839, 1690.106, 1716.255, 1726.454 (1730.401)	Log prob: 1525.042, 1649.654, 1707.185, 1736.620, 1749.074 (1753.401)	KLD: 7.009, 12.815, 17.079, 20.367, 22.621 (22.999)	Grad: 0.101, 0.174, 0.244, 0.324, 0.412
[Epoch  26 (70.31s)]	ELBO: 1519.219, 1637.842, 1691.006, 1717.317, 1727.633 (1730.270)	Log prob: 1526.225, 1650.653, 1708.067, 1737.674, 1750.251 (1753.170)	KLD: 7.005, 12.812, 17.062, 20.356, 22.619 (22.900)	Grad: 0.100, 0.173, 0.244, 0.324, 0.412
[Epoch  27 (72.44s)]	ELBO: 1520.554, 1638.715, 1691.826, 1718.240, 1728.573 (1732.429)	Log prob: 1527.564, 1651.536, 1708.915, 1738.623, 1751.220 (1755.163)	KLD: 7.011, 12.822, 17.088, 20.383, 22.647 (22.733)	Grad: 0.100, 0.173, 0.244, 0.324, 0.413
[Epoch  28 (72.87s)]	ELBO: 1521.711, 1639.455, 1692.712, 1719.223, 1729.554 (1733.627)	Log prob: 1528.749, 1652.312, 1709.849, 1739.665, 1752.262 (1756.735)	KLD: 7.037, 12.858, 17.137, 20.444, 22.709 (23.108)	Grad: 0.100, 0.173, 0.243, 0.323, 0.410
[Epoch  29 (70.61s)]	ELBO: 1522.939, 1640.153, 1693.387, 1720.055, 1730.413 (1733.399)	Log prob: 1529.976, 1653.010, 1710.504, 1740.489, 1753.121 (1756.196)	KLD: 7.038, 12.856, 17.117, 20.434, 22.707 (22.797)	Grad: 0.103, 0.177, 0.248, 0.329, 0.418
[Epoch  30 (69.56s)]	ELBO: 1524.058, 1640.727, 1693.989, 1720.701, 1731.088 (1734.041)	Log prob: 1531.122, 1653.614, 1711.147, 1741.193, 1753.852 (1756.731)	KLD: 7.065, 12.886, 17.159, 20.493, 22.766 (22.690)	Grad: 0.102, 0.176, 0.249, 0.330, 0.419
[Epoch  31 (67.70s)]	ELBO: 1525.113, 1641.437, 1694.689, 1721.506, 1731.925 (1734.783)	Log prob: 1532.199, 1654.338, 1711.857, 1742.007, 1754.703 (1757.411)	KLD: 7.085, 12.901, 17.166, 20.502, 22.778 (22.629)	Grad: 0.103, 0.177, 0.249, 0.331, 0.419
[Epoch  32 (69.65s)]	ELBO: 1526.157, 1641.931, 1695.263, 1722.148, 1732.549 (1734.012)	Log prob: 1533.246, 1654.834, 1712.456, 1742.674, 1755.342 (1757.065)	KLD: 7.088, 12.904, 17.193, 20.527, 22.793 (23.053)	Grad: 0.104, 0.178, 0.252, 0.335, 0.425
[Epoch  33 (74.38s)]	ELBO: 1527.420, 1642.765, 1696.000, 1722.893, 1733.233 (1736.522)	Log prob: 1534.506, 1655.688, 1713.197, 1743.450, 1756.064 (1758.767)	KLD: 7.085, 12.922, 17.195, 20.556, 22.831 (22.246)	Grad: 0.103, 0.177, 0.250, 0.332, 0.422
[Epoch  34 (75.08s)]	ELBO: 1528.257, 1643.189, 1696.444, 1723.369, 1733.803 (1737.208)	Log prob: 1535.373, 1656.137, 1713.675, 1743.937, 1756.644 (1759.704)	KLD: 7.116, 12.948, 17.231, 20.569, 22.839 (22.495)	Grad: 0.105, 0.180, 0.255, 0.339, 0.430
[Epoch  35 (70.95s)]	ELBO: 1529.272, 1643.769, 1697.035, 1724.073, 1734.505 (1736.769)	Log prob: 1536.400, 1656.735, 1714.294, 1744.709, 1757.407 (1760.089)	KLD: 7.129, 12.967, 17.259, 20.635, 22.902 (23.320)	Grad: 0.104, 0.178, 0.251, 0.333, 0.423
[Epoch  36 (68.69s)]	ELBO: 1530.170, 1644.306, 1697.551, 1724.583, 1735.082 (1737.197)	Log prob: 1537.302, 1657.259, 1714.792, 1745.164, 1757.936 (1760.497)	KLD: 7.132, 12.955, 17.241, 20.581, 22.854 (23.300)	Grad: 0.106, 0.180, 0.254, 0.337, 0.427
[Epoch  37 (68.35s)]	ELBO: 1531.205, 1644.957, 1698.180, 1725.288, 1735.745 (1739.100)	Log prob: 1538.346, 1657.943, 1715.440, 1745.911, 1758.630 (1761.811)	KLD: 7.142, 12.987, 17.260, 20.624, 22.887 (22.711)	Grad: 0.104, 0.176, 0.248, 0.329, 0.418
[Epoch  38 (67.68s)]	ELBO: 1532.092, 1645.356, 1698.593, 1725.632, 1736.172 (1739.094)	Log prob: 1539.246, 1658.348, 1715.868, 1746.277, 1759.083 (1761.973)	KLD: 7.154, 12.992, 17.272, 20.645, 22.911 (22.879)	Grad: 0.107, 0.182, 0.257, 0.341, 0.431
[Epoch  39 (68.26s)]	ELBO: 1532.848, 1645.846, 1699.130, 1726.183, 1736.663 (1739.763)	Log prob: 1540.014, 1658.848, 1716.408, 1746.848, 1759.615 (1762.615)	KLD: 7.165, 13.003, 17.279, 20.664, 22.951 (22.852)	Grad: 0.105, 0.178, 0.250, 0.331, 0.419
[Epoch  40 (70.14s)]	ELBO: 1533.720, 1646.262, 1699.430, 1726.501, 1737.064 (1739.855)	Log prob: 1540.912, 1659.302, 1716.759, 1747.207, 1760.054 (1763.038)	KLD: 7.193, 13.041, 17.328, 20.707, 22.990 (23.183)	Grad: 0.106, 0.180, 0.255, 0.339, 0.429
[Epoch  41 (69.74s)]	ELBO: 1534.564, 1646.797, 1699.993, 1727.099, 1737.584 (1739.652)	Log prob: 1541.748, 1659.816, 1717.308, 1747.788, 1760.558 (1762.812)	KLD: 7.184, 13.019, 17.316, 20.691, 22.975 (23.160)	Grad: 0.105, 0.178, 0.250, 0.331, 0.420
[Epoch  42 (69.49s)]	ELBO: 1535.501, 1647.242, 1700.324, 1727.399, 1737.974 (1739.861)	Log prob: 1542.702, 1660.281, 1717.640, 1748.085, 1760.938 (1762.823)	KLD: 7.199, 13.039, 17.317, 20.686, 22.965 (22.961)	Grad: 0.107, 0.181, 0.257, 0.342, 0.434
[Epoch  43 (67.20s)]	ELBO: 1536.036, 1647.573, 1700.617, 1727.742, 1738.339 (1740.643)	Log prob: 1543.241, 1660.636, 1717.965, 1748.471, 1761.333 (1763.330)	KLD: 7.206, 13.062, 17.347, 20.729, 22.995 (22.687)	Grad: 0.107, 0.182, 0.257, 0.340, 0.431
[Epoch  44 (66.34s)]	ELBO: 1536.874, 1647.983, 1701.201, 1728.261, 1738.851 (1741.282)	Log prob: 1544.083, 1661.031, 1718.528, 1748.954, 1761.838 (1764.113)	KLD: 7.209, 13.050, 17.328, 20.694, 22.986 (22.831)	Grad: 0.106, 0.180, 0.253, 0.335, 0.423
[Epoch  45 (65.92s)]	ELBO: 1537.424, 1648.266, 1701.423, 1728.526, 1739.135 (1741.084)	Log prob: 1544.632, 1661.335, 1718.767, 1749.253, 1762.147 (1764.059)	KLD: 7.208, 13.070, 17.345, 20.728, 23.011 (22.975)	Grad: 0.108, 0.184, 0.262, 0.348, 0.440
[Epoch  46 (67.23s)]	ELBO: 1538.253, 1648.598, 1701.777, 1728.879, 1739.541 (1741.169)	Log prob: 1545.493, 1661.697, 1719.149, 1749.636, 1762.591 (1764.027)	KLD: 7.240, 13.098, 17.373, 20.759, 23.049 (22.858)	Grad: 0.107, 0.181, 0.256, 0.339, 0.429
[Epoch  47 (69.67s)]	ELBO: 1538.753, 1648.980, 1702.066, 1729.142, 1739.802 (1741.407)	Log prob: 1546.002, 1662.077, 1719.450, 1749.905, 1762.856 (1764.819)	KLD: 7.250, 13.097, 17.383, 20.762, 23.053 (23.411)	Grad: 0.107, 0.182, 0.258, 0.342, 0.434
[Epoch  48 (62.59s)]	ELBO: 1539.567, 1649.383, 1702.528, 1729.609, 1740.289 (1742.891)	Log prob: 1546.801, 1662.457, 1719.872, 1750.324, 1763.291 (1766.148)	KLD: 7.233, 13.074, 17.344, 20.717, 23.002 (23.257)	Grad: 0.106, 0.181, 0.255, 0.339, 0.430
[Epoch  49 (61.34s)]	ELBO: 1540.042, 1649.800, 1702.877, 1729.885, 1740.630 (1742.450)	Log prob: 1547.289, 1662.889, 1720.250, 1750.645, 1763.677 (1765.503)	KLD: 7.246, 13.090, 17.374, 20.760, 23.047 (23.053)	Grad: 0.107, 0.180, 0.254, 0.338, 0.428
[Epoch  50 (61.19s)]	ELBO: 1540.631, 1649.930, 1703.101, 1730.159, 1740.895 (1743.043)	Log prob: 1547.897, 1663.040, 1720.494, 1750.939, 1763.965 (1766.140)	KLD: 7.265, 13.109, 17.393, 20.779, 23.072 (23.097)	Grad: 0.108, 0.183, 0.258, 0.342, 0.432
[Epoch  51 (59.56s)]	ELBO: 1541.414, 1650.496, 1703.464, 1730.535, 1741.262 (1742.729)	Log prob: 1548.682, 1663.623, 1720.861, 1751.317, 1764.350 (1765.897)	KLD: 7.268, 13.127, 17.397, 20.783, 23.089 (23.168)	Grad: 0.107, 0.180, 0.255, 0.338, 0.428
[Epoch  52 (59.71s)]	ELBO: 1541.847, 1650.732, 1703.785, 1730.816, 1741.504 (1742.496)	Log prob: 1549.106, 1663.845, 1721.180, 1751.598, 1764.615 (1765.280)	KLD: 7.261, 13.113, 17.394, 20.783, 23.113 (22.784)	Grad: 0.108, 0.182, 0.258, 0.342, 0.433
[Epoch  53 (62.56s)]	ELBO: 1542.295, 1650.929, 1703.946, 1731.029, 1741.776 (1742.957)	Log prob: 1549.576, 1664.071, 1721.354, 1751.800, 1764.845 (1766.070)	KLD: 7.281, 13.143, 17.408, 20.772, 23.068 (23.112)	Grad: 0.108, 0.182, 0.258, 0.343, 0.435
[Epoch  54 (58.26s)]	ELBO: 1542.972, 1651.306, 1704.277, 1731.408, 1742.101 (1744.136)	Log prob: 1550.263, 1664.460, 1721.701, 1752.211, 1765.199 (1767.180)	KLD: 7.289, 13.153, 17.425, 20.804, 23.098 (23.044)	Grad: 0.108, 0.182, 0.258, 0.342, 0.434
[Epoch  55 (52.41s)]	ELBO: 1543.389, 1651.566, 1704.571, 1731.636, 1742.346 (1743.384)	Log prob: 1550.684, 1664.732, 1722.020, 1752.466, 1765.488 (1766.820)	KLD: 7.296, 13.165, 17.449, 20.831, 23.142 (23.436)	Grad: 0.109, 0.183, 0.258, 0.341, 0.431
[Epoch  56 (51.87s)]	ELBO: 1543.994, 1651.956, 1704.985, 1731.977, 1742.746 (1743.995)	Log prob: 1551.288, 1665.117, 1722.425, 1752.801, 1765.878 (1766.967)	KLD: 7.294, 13.161, 17.439, 20.824, 23.132 (22.972)	Grad: 0.108, 0.180, 0.255, 0.338, 0.428
[Epoch  57 (52.19s)]	ELBO: 1544.314, 1652.152, 1705.127, 1732.106, 1742.837 (1743.220)	Log prob: 1551.605, 1665.312, 1722.539, 1752.895, 1765.932 (1766.353)	KLD: 7.291, 13.160, 17.412, 20.789, 23.095 (23.133)	Grad: 0.109, 0.182, 0.258, 0.343, 0.434
[Epoch  58 (58.49s)]	ELBO: 1544.715, 1652.189, 1705.256, 1732.273, 1743.074 (1744.513)	Log prob: 1552.028, 1665.362, 1722.708, 1753.115, 1766.218 (1767.616)	KLD: 7.313, 13.173, 17.454, 20.841, 23.144 (23.103)	Grad: 0.109, 0.182, 0.258, 0.342, 0.433
[Epoch  59 (53.96s)]	ELBO: 1545.239, 1652.608, 1705.580, 1732.547, 1743.305 (1743.156)	Log prob: 1552.531, 1665.772, 1723.022, 1753.379, 1766.440 (1766.640)	KLD: 7.292, 13.165, 17.442, 20.831, 23.137 (23.484)	Grad: 0.109, 0.183, 0.260, 0.344, 0.436
[Epoch  60 (45.63s)]	ELBO: 1545.774, 1652.863, 1705.851, 1732.827, 1743.558 (1745.021)	Log prob: 1553.090, 1666.037, 1723.294, 1753.666, 1766.700 (1768.547)	KLD: 7.316, 13.174, 17.444, 20.837, 23.141 (23.526)	Grad: 0.109, 0.183, 0.260, 0.345, 0.438
[Epoch  61 (42.71s)]	ELBO: 1546.227, 1653.168, 1706.172, 1733.192, 1743.982 (1744.782)	Log prob: 1553.539, 1666.356, 1723.638, 1754.031, 1767.130 (1768.100)	KLD: 7.311, 13.189, 17.466, 20.840, 23.148 (23.318)	Grad: 0.108, 0.181, 0.257, 0.340, 0.431
[Epoch  62 (43.43s)]	ELBO: 1546.702, 1653.394, 1706.358, 1733.375, 1744.118 (1745.208)	Log prob: 1554.027, 1666.592, 1723.831, 1754.231, 1767.271 (1768.492)	KLD: 7.326, 13.198, 17.471, 20.856, 23.153 (23.284)	Grad: 0.108, 0.181, 0.257, 0.342, 0.434
[Epoch  63 (43.17s)]	ELBO: 1546.972, 1653.602, 1706.519, 1733.503, 1744.251 (1744.769)	Log prob: 1554.300, 1666.791, 1723.986, 1754.359, 1767.409 (1767.931)	KLD: 7.328, 13.190, 17.467, 20.858, 23.158 (23.162)	Grad: 0.108, 0.181, 0.258, 0.342, 0.434
[Epoch  64 (43.60s)]	ELBO: 1547.338, 1653.698, 1706.726, 1733.742, 1744.530 (1744.987)	Log prob: 1554.677, 1666.901, 1724.212, 1754.630, 1767.722 (1768.269)	KLD: 7.339, 13.204, 17.486, 20.888, 23.192 (23.281)	Grad: 0.109, 0.182, 0.258, 0.342, 0.432
[Epoch  65 (43.75s)]	ELBO: 1547.852, 1654.103, 1707.146, 1734.075, 1744.860 (1745.364)	Log prob: 1555.195, 1667.301, 1724.623, 1754.943, 1768.032 (1768.689)	KLD: 7.344, 13.199, 17.477, 20.869, 23.173 (23.326)	Grad: 0.107, 0.180, 0.254, 0.337, 0.426
[Epoch  66 (44.42s)]	ELBO: 1548.217, 1654.439, 1707.354, 1734.314, 1745.044 (1747.069)	Log prob: 1555.560, 1667.641, 1724.831, 1755.170, 1768.212 (1769.620)	KLD: 7.342, 13.203, 17.478, 20.856, 23.170 (22.551)	Grad: 0.109, 0.182, 0.258, 0.342, 0.433
[Epoch  67 (44.48s)]	ELBO: 1548.532, 1654.526, 1707.474, 1734.367, 1745.086 (1746.072)	Log prob: 1555.880, 1667.758, 1724.988, 1755.254, 1768.279 (1769.275)	KLD: 7.349, 13.231, 17.515, 20.887, 23.193 (23.203)	Grad: 0.110, 0.184, 0.261, 0.347, 0.439
[Epoch  68 (44.46s)]	ELBO: 1548.954, 1654.759, 1707.667, 1734.562, 1745.246 (1746.239)	Log prob: 1556.301, 1667.976, 1725.159, 1755.443, 1768.427 (1769.630)	KLD: 7.345, 13.217, 17.489, 20.880, 23.179 (23.391)	Grad: 0.110, 0.183, 0.260, 0.344, 0.435
[Epoch  69 (44.29s)]	ELBO: 1549.264, 1654.921, 1707.922, 1734.846, 1745.572 (1746.125)	Log prob: 1556.631, 1668.158, 1725.430, 1755.737, 1768.764 (1769.079)	KLD: 7.367, 13.237, 17.508, 20.890, 23.193 (22.954)	Grad: 0.109, 0.182, 0.258, 0.343, 0.434
[Epoch  70 (44.41s)]	ELBO: 1549.678, 1655.096, 1708.123, 1734.956, 1745.676 (1746.804)	Log prob: 1557.025, 1668.308, 1725.618, 1755.834, 1768.863 (1770.290)	KLD: 7.348, 13.212, 17.494, 20.879, 23.186 (23.486)	Grad: 0.108, 0.183, 0.260, 0.345, 0.438
[Epoch  71 (43.51s)]	ELBO: 1550.121, 1655.403, 1708.423, 1735.239, 1745.950 (1746.439)	Log prob: 1557.491, 1668.640, 1725.933, 1756.128, 1769.132 (1769.366)	KLD: 7.368, 13.237, 17.511, 20.890, 23.183 (22.927)	Grad: 0.109, 0.183, 0.259, 0.343, 0.434
[Epoch  72 (43.63s)]	ELBO: 1550.328, 1655.541, 1708.571, 1735.389, 1746.078 (1747.055)	Log prob: 1557.700, 1668.803, 1726.116, 1756.317, 1769.288 (1770.113)	KLD: 7.372, 13.261, 17.545, 20.928, 23.209 (23.058)	Grad: 0.109, 0.182, 0.258, 0.341, 0.431
[Epoch  73 (41.51s)]	ELBO: 1550.659, 1655.731, 1708.659, 1735.515, 1746.237 (1747.189)	Log prob: 1558.033, 1668.975, 1726.173, 1756.411, 1769.422 (1770.561)	KLD: 7.375, 13.243, 17.514, 20.895, 23.186 (23.372)	Grad: 0.109, 0.183, 0.260, 0.345, 0.436
[Epoch  74 (37.75s)]	ELBO: 1551.139, 1655.991, 1708.906, 1735.670, 1746.263 (1746.568)	Log prob: 1558.514, 1669.232, 1726.416, 1756.563, 1769.449 (1769.942)	KLD: 7.376, 13.241, 17.510, 20.893, 23.186 (23.375)	Grad: 0.109, 0.182, 0.258, 0.343, 0.435
[Epoch  75 (33.62s)]	ELBO: 1551.351, 1656.184, 1709.170, 1736.005, 1746.663 (1746.895)	Log prob: 1558.738, 1669.448, 1726.731, 1756.933, 1769.880 (1769.883)	KLD: 7.387, 13.265, 17.563, 20.928, 23.217 (22.988)	Grad: 0.110, 0.184, 0.260, 0.344, 0.434
[Epoch  76 (34.20s)]	ELBO: 1551.719, 1656.332, 1709.293, 1736.094, 1746.712 (1747.636)	Log prob: 1559.102, 1669.602, 1726.853, 1757.027, 1769.940 (1770.573)	KLD: 7.384, 13.270, 17.559, 20.934, 23.230 (22.936)	Grad: 0.109, 0.183, 0.259, 0.343, 0.434
[Epoch  77 (33.63s)]	ELBO: 1551.840, 1656.448, 1709.473, 1736.302, 1746.952 (1747.138)	Log prob: 1559.219, 1669.705, 1727.002, 1757.203, 1770.148 (1770.095)	KLD: 7.379, 13.256, 17.529, 20.901, 23.195 (22.957)	Grad: 0.110, 0.183, 0.259, 0.343, 0.434
[Epoch  78 (33.58s)]	ELBO: 1552.270, 1656.756, 1709.836, 1736.549, 1747.168 (1747.605)	Log prob: 1559.652, 1670.014, 1727.379, 1757.474, 1770.379 (1770.543)	KLD: 7.381, 13.258, 17.541, 20.925, 23.211 (22.938)	Grad: 0.110, 0.183, 0.258, 0.342, 0.432
[Epoch  79 (38.89s)]	ELBO: 1552.560, 1656.841, 1709.883, 1736.570, 1747.197 (1747.915)	Log prob: 1559.959, 1670.130, 1727.450, 1757.513, 1770.430 (1771.275)	KLD: 7.398, 13.291, 17.565, 20.942, 23.233 (23.360)	Grad: 0.109, 0.181, 0.257, 0.340, 0.430
[Epoch  80 (37.39s)]	ELBO: 1552.718, 1657.047, 1710.121, 1736.810, 1747.393 (1748.628)	Log prob: 1560.111, 1670.317, 1727.671, 1757.737, 1770.607 (1772.016)	KLD: 7.392, 13.271, 17.550, 20.927, 23.215 (23.388)	Grad: 0.110, 0.184, 0.260, 0.345, 0.436
[Epoch  81 (33.97s)]	ELBO: 1552.934, 1657.199, 1710.202, 1736.972, 1747.567 (1748.171)	Log prob: 1560.334, 1670.490, 1727.779, 1757.932, 1770.801 (1771.410)	KLD: 7.400, 13.291, 17.576, 20.961, 23.234 (23.239)	Grad: 0.109, 0.182, 0.259, 0.343, 0.433
[Epoch  82 (33.78s)]	ELBO: 1553.397, 1657.459, 1710.463, 1737.109, 1747.693 (1746.885)	Log prob: 1560.792, 1670.741, 1728.020, 1758.045, 1770.918 (1770.227)	KLD: 7.395, 13.282, 17.557, 20.935, 23.226 (23.343)	Grad: 0.109, 0.182, 0.257, 0.340, 0.430
[Epoch  83 (35.04s)]	ELBO: 1553.593, 1657.635, 1710.694, 1737.404, 1747.958 (1748.492)	Log prob: 1560.994, 1670.920, 1728.264, 1758.343, 1771.185 (1771.357)	KLD: 7.402, 13.286, 17.570, 20.938, 23.227 (22.865)	Grad: 0.110, 0.183, 0.258, 0.341, 0.431
[Epoch  84 (34.32s)]	ELBO: 1553.874, 1657.632, 1710.680, 1737.326, 1747.890 (1748.372)	Log prob: 1561.281, 1670.929, 1728.266, 1758.308, 1771.159 (1771.685)	KLD: 7.408, 13.297, 17.587, 20.983, 23.269 (23.313)	Grad: 0.110, 0.184, 0.261, 0.346, 0.438
[Epoch  85 (34.17s)]	ELBO: 1554.106, 1657.951, 1711.027, 1737.677, 1748.193 (1749.432)	Log prob: 1561.511, 1671.242, 1728.595, 1758.613, 1771.412 (1772.442)	KLD: 7.406, 13.290, 17.567, 20.935, 23.219 (23.010)	Grad: 0.109, 0.183, 0.257, 0.340, 0.430
[Epoch  86 (34.28s)]	ELBO: 1554.201, 1658.021, 1711.185, 1737.774, 1748.271 (1748.718)	Log prob: 1561.613, 1671.313, 1728.757, 1758.716, 1771.495 (1771.825)	KLD: 7.412, 13.293, 17.573, 20.942, 23.225 (23.107)	Grad: 0.109, 0.182, 0.257, 0.340, 0.430
[Epoch  87 (35.48s)]	ELBO: 1554.616, 1658.293, 1711.363, 1737.981, 1748.477 (1748.034)	Log prob: 1562.035, 1671.593, 1728.934, 1758.924, 1771.701 (1771.549)	KLD: 7.418, 13.299, 17.572, 20.944, 23.225 (23.515)	Grad: 0.111, 0.184, 0.260, 0.344, 0.435
[Epoch  88 (34.72s)]	ELBO: 1554.751, 1658.438, 1711.539, 1738.130, 1748.631 (1749.006)	Log prob: 1562.168, 1671.740, 1729.120, 1759.084, 1771.860 (1771.919)	KLD: 7.417, 13.302, 17.580, 20.956, 23.230 (22.914)	Grad: 0.110, 0.182, 0.258, 0.341, 0.431
[Epoch  89 (34.59s)]	ELBO: 1554.903, 1658.332, 1711.509, 1738.159, 1748.635 (1748.061)	Log prob: 1562.322, 1671.645, 1729.102, 1759.124, 1771.881 (1771.140)	KLD: 7.419, 13.312, 17.591, 20.964, 23.246 (23.079)	Grad: 0.110, 0.183, 0.258, 0.340, 0.430
[Epoch  90 (34.82s)]	ELBO: 1555.128, 1658.484, 1711.597, 1738.169, 1748.701 (1749.164)	Log prob: 1562.559, 1671.807, 1729.207, 1759.151, 1771.964 (1772.195)	KLD: 7.432, 13.325, 17.609, 20.982, 23.263 (23.031)	Grad: 0.111, 0.183, 0.259, 0.343, 0.433
[Epoch  91 (34.76s)]	ELBO: 1555.515, 1658.784, 1711.809, 1738.367, 1748.877 (1748.806)	Log prob: 1562.948, 1672.115, 1729.415, 1759.337, 1772.125 (1771.793)	KLD: 7.433, 13.330, 17.605, 20.972, 23.248 (22.987)	Grad: 0.110, 0.183, 0.260, 0.344, 0.436
[Epoch  92 (25.75s)]	ELBO: 1555.681, 1658.853, 1711.984, 1738.576, 1749.045 (1748.440)	Log prob: 1563.108, 1672.166, 1729.586, 1759.555, 1772.305 (1771.663)	KLD: 7.427, 13.314, 17.603, 20.980, 23.259 (23.223)	Grad: 0.110, 0.183, 0.259, 0.343, 0.433
[Epoch  93 (25.70s)]	ELBO: 1555.827, 1659.075, 1712.194, 1738.698, 1749.181 (1748.839)	Log prob: 1563.248, 1672.382, 1729.778, 1759.645, 1772.401 (1771.965)	KLD: 7.422, 13.307, 17.585, 20.948, 23.220 (23.126)	Grad: 0.109, 0.181, 0.257, 0.340, 0.430
[Epoch  94 (28.62s)]	ELBO: 1556.125, 1659.197, 1712.310, 1738.817, 1749.273 (1748.907)	Log prob: 1563.558, 1672.522, 1729.900, 1759.768, 1772.510 (1772.278)	KLD: 7.433, 13.325, 17.590, 20.951, 23.237 (23.371)	Grad: 0.110, 0.182, 0.258, 0.342, 0.433
No improvement after 10 epochs...
Best epoch(s): [85]	Training time(s): 5381.29s (5381.29s)	Best ELBO: 1749.273 (1749.432)	Best log prob: 1772.510 (1772.442)
Avg. mu: 0.153, -0.072, 0.117, 0.025, -0.107, -0.032, 0.026, 0.140, -0.012, -0.052
Avg. var: 0.002, 0.002, 0.003, 0.005, 0.019, 0.019, 0.067, 0.053, 0.170, 0.241
Max. mu: 4.481, 4.370, 4.200, 4.228, 3.765, 4.518, 6.088, 4.759, 6.564, 6.062
Max. var: 0.027, 0.013, 0.032, 0.035, 0.092, 0.152, 0.516, 0.291, 1.528, 1.137
Min. mu: -4.082, -4.462, -4.342, -3.990, -3.983, -5.119, -4.589, -4.946, -4.656, -5.933
Min. var: 0.000, 0.000, 0.000, 0.001, 0.006, 0.002, 0.008, 0.010, 0.018, 0.043
Cov. mu:
[[1.617 0.085 0.197 0.105 -0.032 0.113 0.085 -0.099 0.046 0.069]
 [0.085 1.907 0.116 0.124 0.080 0.007 0.035 0.067 0.075 0.053]
 [0.197 0.116 1.128 0.084 -0.034 0.029 0.040 0.027 0.008 0.014]
 [0.105 0.124 0.084 0.974 0.031 -0.134 0.008 0.014 -0.052 0.044]
 [-0.032 0.080 -0.034 0.031 1.045 -0.040 0.023 -0.097 0.011 -0.009]
 [0.113 0.007 0.029 -0.134 -0.040 1.064 0.002 -0.025 -0.048 -0.054]
 [0.085 0.035 0.040 0.008 0.023 0.002 1.114 -0.087 -0.019 0.014]
 [-0.099 0.067 0.027 0.014 -0.097 -0.025 -0.087 1.179 0.033 -0.004]
 [0.046 0.075 0.008 -0.052 0.011 -0.048 -0.019 0.033 1.347 0.025]
 [0.069 0.053 0.014 0.044 -0.009 -0.054 0.014 -0.004 0.025 1.299]]
