=================================================================
Layer (type:depth-idx)                   Param #
=================================================================
VAE                                      --
├─Encoder: 1-1                           --
│    └─Linear: 2-1                       38,465
├─Decoder: 1-2                           --
│    └─Linear: 2-2                       39,200
=================================================================
Total params: 77,665
Trainable params: 77,665
Non-trainable params: 0
=================================================================
=================================================================
Layer (type:depth-idx)                   Param #
=================================================================
VAE                                      --
├─Encoder: 1-1                           --
│    └─Linear: 2-1                       38,465
├─Decoder: 1-2                           --
│    └─Linear: 2-2                       39,200
=================================================================
Total params: 77,665
Trainable params: 77,665
Non-trainable params: 0
=================================================================
=================================================================
Layer (type:depth-idx)                   Param #
=================================================================
VAE                                      --
├─Encoder: 1-1                           --
│    └─Linear: 2-1                       38,465
├─Decoder: 1-2                           --
│    └─Linear: 2-2                       39,200
=================================================================
Total params: 77,665
Trainable params: 77,665
Non-trainable params: 0
=================================================================
Training model 1/3...
[Epoch   1 (51.69s)]	ELBO: 1156.571 (1338.642)	Log prob: 1247.370 (1382.474)	KLD: 90.799 (43.832)	Grad: 0.129
[Epoch   2 (50.73s)]	ELBO: 1357.344 (1370.712)	Log prob: 1390.445 (1398.076)	KLD: 33.101 (27.364)	Grad: 0.127
[Epoch   3 (48.41s)]	ELBO: 1375.540 (1382.890)	Log prob: 1399.880 (1404.805)	KLD: 24.340 (21.915)	Grad: 0.133
[Epoch   4 (50.47s)]	ELBO: 1384.903 (1389.415)	Log prob: 1405.498 (1407.857)	KLD: 20.595 (18.442)	Grad: 0.156
[Epoch   5 (51.45s)]	ELBO: 1391.403 (1395.275)	Log prob: 1409.975 (1412.121)	KLD: 18.572 (16.846)	Grad: 0.184
[Epoch   6 (48.35s)]	ELBO: 1397.121 (1401.222)	Log prob: 1414.238 (1417.432)	KLD: 17.117 (16.210)	Grad: 0.169
[Epoch   7 (52.36s)]	ELBO: 1402.036 (1405.717)	Log prob: 1418.126 (1421.193)	KLD: 16.090 (15.476)	Grad: 0.184
[Epoch   8 (51.16s)]	ELBO: 1406.606 (1410.226)	Log prob: 1422.000 (1425.023)	KLD: 15.394 (14.797)	Grad: 0.195
[Epoch   9 (50.42s)]	ELBO: 1410.947 (1413.737)	Log prob: 1425.653 (1427.501)	KLD: 14.706 (13.763)	Grad: 0.199
[Epoch  10 (49.25s)]	ELBO: 1415.201 (1417.938)	Log prob: 1429.299 (1431.593)	KLD: 14.098 (13.655)	Grad: 0.180
[Epoch  11 (47.91s)]	ELBO: 1419.004 (1421.255)	Log prob: 1432.527 (1434.409)	KLD: 13.524 (13.154)	Grad: 0.177
[Epoch  12 (49.00s)]	ELBO: 1422.965 (1425.104)	Log prob: 1435.960 (1437.945)	KLD: 12.995 (12.842)	Grad: 0.166
[Epoch  13 (48.71s)]	ELBO: 1426.577 (1428.674)	Log prob: 1439.112 (1440.851)	KLD: 12.535 (12.176)	Grad: 0.164
[Epoch  14 (48.19s)]	ELBO: 1430.074 (1431.290)	Log prob: 1442.183 (1442.358)	KLD: 12.110 (11.068)	Grad: 0.174
[Epoch  15 (47.43s)]	ELBO: 1433.154 (1435.123)	Log prob: 1444.822 (1446.495)	KLD: 11.668 (11.373)	Grad: 0.181
[Epoch  16 (47.09s)]	ELBO: 1436.326 (1436.751)	Log prob: 1447.665 (1448.600)	KLD: 11.339 (11.849)	Grad: 0.176
[Epoch  17 (47.87s)]	ELBO: 1439.168 (1440.403)	Log prob: 1450.289 (1451.705)	KLD: 11.120 (11.302)	Grad: 0.188
[Epoch  18 (49.48s)]	ELBO: 1442.325 (1442.607)	Log prob: 1453.116 (1453.276)	KLD: 10.791 (10.668)	Grad: 0.182
[Epoch  19 (48.90s)]	ELBO: 1445.249 (1445.943)	Log prob: 1455.816 (1456.633)	KLD: 10.566 (10.690)	Grad: 0.204
[Epoch  20 (48.62s)]	ELBO: 1448.237 (1449.900)	Log prob: 1458.596 (1460.152)	KLD: 10.359 (10.252)	Grad: 0.208
[Epoch  21 (48.51s)]	ELBO: 1451.648 (1451.947)	Log prob: 1461.799 (1462.103)	KLD: 10.151 (10.156)	Grad: 0.174
[Epoch  22 (51.03s)]	ELBO: 1454.235 (1455.042)	Log prob: 1464.263 (1464.819)	KLD: 10.028 (9.776)	Grad: 0.193
[Epoch  23 (49.94s)]	ELBO: 1456.434 (1455.439)	Log prob: 1466.387 (1465.231)	KLD: 9.953 (9.792)	Grad: 0.211
[Epoch  24 (48.88s)]	ELBO: 1458.729 (1459.134)	Log prob: 1468.602 (1468.966)	KLD: 9.872 (9.832)	Grad: 0.197
[Epoch  25 (50.05s)]	ELBO: 1460.685 (1459.581)	Log prob: 1470.470 (1469.307)	KLD: 9.785 (9.726)	Grad: 0.194
[Epoch  26 (49.77s)]	ELBO: 1462.109 (1462.093)	Log prob: 1471.843 (1471.822)	KLD: 9.735 (9.729)	Grad: 0.204
[Epoch  27 (49.49s)]	ELBO: 1463.578 (1464.044)	Log prob: 1473.261 (1473.427)	KLD: 9.682 (9.383)	Grad: 0.208
[Epoch  28 (49.74s)]	ELBO: 1464.850 (1464.689)	Log prob: 1474.534 (1474.649)	KLD: 9.684 (9.959)	Grad: 0.216
[Epoch  29 (50.72s)]	ELBO: 1465.880 (1465.195)	Log prob: 1475.520 (1474.931)	KLD: 9.640 (9.736)	Grad: 0.238
[Epoch  30 (47.03s)]	ELBO: 1467.025 (1466.173)	Log prob: 1476.640 (1475.415)	KLD: 9.615 (9.241)	Grad: 0.207
[Epoch  31 (50.74s)]	ELBO: 1468.157 (1468.119)	Log prob: 1477.730 (1477.003)	KLD: 9.573 (8.884)	Grad: 0.200
[Epoch  32 (49.64s)]	ELBO: 1468.961 (1469.671)	Log prob: 1478.491 (1479.139)	KLD: 9.531 (9.469)	Grad: 0.223
[Epoch  33 (50.11s)]	ELBO: 1469.938 (1469.800)	Log prob: 1479.464 (1479.137)	KLD: 9.526 (9.338)	Grad: 0.222
[Epoch  34 (49.72s)]	ELBO: 1470.735 (1470.586)	Log prob: 1480.217 (1479.960)	KLD: 9.482 (9.374)	Grad: 0.211
[Epoch  35 (48.63s)]	ELBO: 1471.562 (1472.003)	Log prob: 1481.042 (1481.512)	KLD: 9.480 (9.509)	Grad: 0.214
[Epoch  36 (51.18s)]	ELBO: 1472.412 (1472.448)	Log prob: 1481.862 (1481.554)	KLD: 9.450 (9.107)	Grad: 0.200
[Epoch  37 (48.29s)]	ELBO: 1472.938 (1473.598)	Log prob: 1482.380 (1482.986)	KLD: 9.442 (9.388)	Grad: 0.220
[Epoch  38 (48.53s)]	ELBO: 1473.411 (1474.313)	Log prob: 1482.858 (1483.934)	KLD: 9.447 (9.621)	Grad: 0.244
[Epoch  39 (48.73s)]	ELBO: 1474.244 (1474.959)	Log prob: 1483.663 (1484.271)	KLD: 9.420 (9.312)	Grad: 0.227
[Epoch  40 (49.36s)]	ELBO: 1475.009 (1474.859)	Log prob: 1484.411 (1484.652)	KLD: 9.402 (9.793)	Grad: 0.208
[Epoch  41 (50.43s)]	ELBO: 1475.465 (1471.640)	Log prob: 1484.867 (1481.004)	KLD: 9.403 (9.364)	Grad: 0.218
[Epoch  42 (48.93s)]	ELBO: 1475.952 (1476.300)	Log prob: 1485.386 (1485.968)	KLD: 9.434 (9.668)	Grad: 0.243
[Epoch  43 (47.85s)]	ELBO: 1476.464 (1477.179)	Log prob: 1485.852 (1486.428)	KLD: 9.387 (9.249)	Grad: 0.232
[Epoch  44 (50.11s)]	ELBO: 1477.054 (1477.630)	Log prob: 1486.435 (1487.210)	KLD: 9.381 (9.579)	Grad: 0.229
[Epoch  45 (50.51s)]	ELBO: 1477.649 (1477.859)	Log prob: 1487.026 (1487.243)	KLD: 9.377 (9.384)	Grad: 0.217
[Epoch  46 (48.93s)]	ELBO: 1478.024 (1476.911)	Log prob: 1487.375 (1486.325)	KLD: 9.351 (9.413)	Grad: 0.221
[Epoch  47 (49.59s)]	ELBO: 1478.326 (1478.695)	Log prob: 1487.668 (1488.471)	KLD: 9.342 (9.776)	Grad: 0.239
[Epoch  48 (48.83s)]	ELBO: 1478.786 (1479.149)	Log prob: 1488.151 (1488.462)	KLD: 9.365 (9.314)	Grad: 0.230
[Epoch  49 (48.67s)]	ELBO: 1479.358 (1476.428)	Log prob: 1488.693 (1485.892)	KLD: 9.335 (9.465)	Grad: 0.228
[Epoch  50 (49.31s)]	ELBO: 1479.784 (1480.450)	Log prob: 1489.112 (1489.553)	KLD: 9.329 (9.103)	Grad: 0.216
[Epoch  51 (48.33s)]	ELBO: 1480.174 (1477.298)	Log prob: 1489.487 (1487.003)	KLD: 9.313 (9.705)	Grad: 0.229
[Epoch  52 (46.78s)]	ELBO: 1480.614 (1481.099)	Log prob: 1489.904 (1490.584)	KLD: 9.290 (9.485)	Grad: 0.223
[Epoch  53 (48.56s)]	ELBO: 1481.020 (1480.799)	Log prob: 1490.348 (1490.247)	KLD: 9.328 (9.448)	Grad: 0.214
[Epoch  54 (46.98s)]	ELBO: 1481.368 (1478.858)	Log prob: 1490.720 (1488.217)	KLD: 9.352 (9.359)	Grad: 0.232
[Epoch  55 (49.12s)]	ELBO: 1481.733 (1481.586)	Log prob: 1491.066 (1490.717)	KLD: 9.333 (9.131)	Grad: 0.231
[Epoch  56 (49.76s)]	ELBO: 1482.153 (1482.025)	Log prob: 1491.496 (1491.491)	KLD: 9.342 (9.467)	Grad: 0.226
[Epoch  57 (48.74s)]	ELBO: 1482.596 (1482.650)	Log prob: 1491.886 (1491.929)	KLD: 9.290 (9.278)	Grad: 0.215
[Epoch  58 (51.06s)]	ELBO: 1482.826 (1482.421)	Log prob: 1492.112 (1491.845)	KLD: 9.286 (9.424)	Grad: 0.212
[Epoch  59 (47.96s)]	ELBO: 1482.994 (1482.284)	Log prob: 1492.279 (1491.476)	KLD: 9.285 (9.192)	Grad: 0.244
[Epoch  60 (48.96s)]	ELBO: 1483.520 (1482.912)	Log prob: 1492.843 (1492.246)	KLD: 9.323 (9.335)	Grad: 0.229
[Epoch  61 (48.38s)]	ELBO: 1483.904 (1482.325)	Log prob: 1493.234 (1491.384)	KLD: 9.330 (9.059)	Grad: 0.222
[Epoch  62 (48.32s)]	ELBO: 1484.354 (1484.047)	Log prob: 1493.687 (1493.596)	KLD: 9.333 (9.549)	Grad: 0.212
[Epoch  63 (47.78s)]	ELBO: 1484.513 (1482.382)	Log prob: 1493.874 (1492.073)	KLD: 9.361 (9.691)	Grad: 0.227
[Epoch  64 (48.30s)]	ELBO: 1484.728 (1485.101)	Log prob: 1494.081 (1494.252)	KLD: 9.353 (9.151)	Grad: 0.232
[Epoch  65 (48.61s)]	ELBO: 1485.255 (1485.322)	Log prob: 1494.599 (1494.767)	KLD: 9.343 (9.445)	Grad: 0.215
[Epoch  66 (48.69s)]	ELBO: 1485.374 (1485.690)	Log prob: 1494.748 (1495.018)	KLD: 9.374 (9.328)	Grad: 0.232
[Epoch  67 (47.04s)]	ELBO: 1485.717 (1484.249)	Log prob: 1495.120 (1493.986)	KLD: 9.403 (9.738)	Grad: 0.220
[Epoch  68 (49.47s)]	ELBO: 1485.802 (1486.104)	Log prob: 1495.192 (1495.452)	KLD: 9.389 (9.349)	Grad: 0.233
[Epoch  69 (49.27s)]	ELBO: 1486.450 (1484.575)	Log prob: 1495.807 (1493.556)	KLD: 9.357 (8.981)	Grad: 0.208
[Epoch  70 (49.56s)]	ELBO: 1486.672 (1485.935)	Log prob: 1496.045 (1495.346)	KLD: 9.373 (9.411)	Grad: 0.227
[Epoch  71 (50.38s)]	ELBO: 1486.672 (1487.004)	Log prob: 1496.077 (1496.362)	KLD: 9.405 (9.359)	Grad: 0.235
[Epoch  72 (47.90s)]	ELBO: 1487.108 (1484.834)	Log prob: 1496.498 (1494.485)	KLD: 9.390 (9.651)	Grad: 0.227
[Epoch  73 (48.79s)]	ELBO: 1487.374 (1486.290)	Log prob: 1496.791 (1495.711)	KLD: 9.417 (9.422)	Grad: 0.216
[Epoch  74 (48.36s)]	ELBO: 1487.460 (1487.108)	Log prob: 1496.868 (1496.787)	KLD: 9.408 (9.679)	Grad: 0.234
[Epoch  75 (48.21s)]	ELBO: 1487.623 (1487.713)	Log prob: 1497.076 (1497.119)	KLD: 9.453 (9.406)	Grad: 0.235
[Epoch  76 (48.10s)]	ELBO: 1487.954 (1487.310)	Log prob: 1497.419 (1497.051)	KLD: 9.465 (9.742)	Grad: 0.234
[Epoch  77 (47.99s)]	ELBO: 1488.244 (1485.048)	Log prob: 1497.717 (1494.348)	KLD: 9.472 (9.301)	Grad: 0.224
[Epoch  78 (49.29s)]	ELBO: 1488.198 (1488.157)	Log prob: 1497.676 (1497.553)	KLD: 9.478 (9.397)	Grad: 0.254
[Epoch  79 (49.66s)]	ELBO: 1488.806 (1483.692)	Log prob: 1498.273 (1492.890)	KLD: 9.467 (9.198)	Grad: 0.217
[Epoch  80 (48.90s)]	ELBO: 1488.920 (1488.199)	Log prob: 1498.399 (1497.364)	KLD: 9.479 (9.165)	Grad: 0.228
[Epoch  81 (48.59s)]	ELBO: 1489.098 (1488.720)	Log prob: 1498.575 (1498.267)	KLD: 9.477 (9.546)	Grad: 0.230
[Epoch  82 (48.16s)]	ELBO: 1489.321 (1488.358)	Log prob: 1498.816 (1497.783)	KLD: 9.495 (9.426)	Grad: 0.238
[Epoch  83 (49.14s)]	ELBO: 1489.561 (1488.300)	Log prob: 1499.041 (1497.895)	KLD: 9.480 (9.595)	Grad: 0.225
[Epoch  84 (47.87s)]	ELBO: 1489.838 (1487.044)	Log prob: 1499.323 (1496.394)	KLD: 9.485 (9.350)	Grad: 0.226
[Epoch  85 (46.98s)]	ELBO: 1489.906 (1489.586)	Log prob: 1499.416 (1498.950)	KLD: 9.510 (9.364)	Grad: 0.237
[Epoch  86 (47.47s)]	ELBO: 1489.850 (1489.481)	Log prob: 1499.376 (1498.909)	KLD: 9.526 (9.427)	Grad: 0.238
[Epoch  87 (47.04s)]	ELBO: 1490.491 (1490.214)	Log prob: 1500.002 (1499.695)	KLD: 9.511 (9.481)	Grad: 0.225
[Epoch  88 (47.16s)]	ELBO: 1490.804 (1489.083)	Log prob: 1500.343 (1498.485)	KLD: 9.538 (9.403)	Grad: 0.215
[Epoch  89 (47.03s)]	ELBO: 1490.513 (1487.771)	Log prob: 1500.050 (1497.668)	KLD: 9.537 (9.896)	Grad: 0.242
[Epoch  90 (47.32s)]	ELBO: 1490.889 (1488.929)	Log prob: 1500.432 (1498.847)	KLD: 9.543 (9.918)	Grad: 0.230
[Epoch  91 (47.05s)]	ELBO: 1491.152 (1489.814)	Log prob: 1500.683 (1499.654)	KLD: 9.531 (9.840)	Grad: 0.235
[Epoch  92 (47.42s)]	ELBO: 1491.273 (1490.787)	Log prob: 1500.797 (1500.197)	KLD: 9.523 (9.410)	Grad: 0.230
[Epoch  93 (48.80s)]	ELBO: 1491.277 (1489.813)	Log prob: 1500.836 (1499.199)	KLD: 9.559 (9.386)	Grad: 0.249
[Epoch  94 (47.92s)]	ELBO: 1491.709 (1490.519)	Log prob: 1501.257 (1499.907)	KLD: 9.547 (9.388)	Grad: 0.225
[Epoch  95 (47.22s)]	ELBO: 1491.591 (1491.490)	Log prob: 1501.161 (1500.865)	KLD: 9.570 (9.376)	Grad: 0.261
[Epoch  96 (48.32s)]	ELBO: 1492.083 (1491.146)	Log prob: 1501.638 (1500.645)	KLD: 9.556 (9.499)	Grad: 0.229
[Epoch  97 (46.26s)]	ELBO: 1492.170 (1491.705)	Log prob: 1501.763 (1501.207)	KLD: 9.593 (9.502)	Grad: 0.229
[Epoch  98 (47.55s)]	ELBO: 1492.477 (1491.696)	Log prob: 1502.056 (1501.429)	KLD: 9.578 (9.733)	Grad: 0.219
[Epoch  99 (47.65s)]	ELBO: 1492.517 (1490.690)	Log prob: 1502.071 (1500.567)	KLD: 9.555 (9.878)	Grad: 0.241
[Epoch 100 (45.72s)]	ELBO: 1492.975 (1491.420)	Log prob: 1502.545 (1500.890)	KLD: 9.570 (9.469)	Grad: 0.227
[Epoch 101 (46.56s)]	ELBO: 1492.822 (1489.671)	Log prob: 1502.390 (1499.078)	KLD: 9.568 (9.407)	Grad: 0.250
[Epoch 102 (46.46s)]	ELBO: 1493.237 (1492.525)	Log prob: 1502.827 (1502.011)	KLD: 9.589 (9.486)	Grad: 0.220
[Epoch 103 (47.28s)]	ELBO: 1493.162 (1491.072)	Log prob: 1502.761 (1500.930)	KLD: 9.599 (9.858)	Grad: 0.244
[Epoch 104 (48.47s)]	ELBO: 1493.395 (1492.457)	Log prob: 1502.981 (1501.935)	KLD: 9.586 (9.477)	Grad: 0.236
[Epoch 105 (44.14s)]	ELBO: 1493.658 (1491.872)	Log prob: 1503.234 (1501.740)	KLD: 9.576 (9.868)	Grad: 0.241
[Epoch 106 (42.12s)]	ELBO: 1493.378 (1492.942)	Log prob: 1503.002 (1502.356)	KLD: 9.625 (9.414)	Grad: 0.273
[Epoch 107 (41.29s)]	ELBO: 1494.078 (1491.634)	Log prob: 1503.684 (1500.709)	KLD: 9.607 (9.075)	Grad: 0.234
[Epoch 108 (41.74s)]	ELBO: 1494.156 (1493.131)	Log prob: 1503.758 (1502.844)	KLD: 9.602 (9.714)	Grad: 0.242
[Epoch 109 (40.09s)]	ELBO: 1494.135 (1493.231)	Log prob: 1503.753 (1502.718)	KLD: 9.618 (9.487)	Grad: 0.250
[Epoch 110 (41.72s)]	ELBO: 1494.486 (1493.497)	Log prob: 1504.094 (1503.087)	KLD: 9.608 (9.590)	Grad: 0.241
[Epoch 111 (41.79s)]	ELBO: 1494.692 (1493.593)	Log prob: 1504.336 (1503.442)	KLD: 9.643 (9.849)	Grad: 0.223
[Epoch 112 (42.23s)]	ELBO: 1494.745 (1493.976)	Log prob: 1504.371 (1503.713)	KLD: 9.626 (9.737)	Grad: 0.244
[Epoch 113 (41.89s)]	ELBO: 1494.480 (1492.617)	Log prob: 1504.129 (1502.064)	KLD: 9.648 (9.446)	Grad: 0.270
[Epoch 114 (39.75s)]	ELBO: 1494.668 (1493.292)	Log prob: 1504.310 (1502.833)	KLD: 9.642 (9.541)	Grad: 0.260
[Epoch 115 (38.17s)]	ELBO: 1495.143 (1493.305)	Log prob: 1504.787 (1502.819)	KLD: 9.644 (9.514)	Grad: 0.254
[Epoch 116 (38.38s)]	ELBO: 1495.100 (1494.833)	Log prob: 1504.756 (1504.363)	KLD: 9.656 (9.531)	Grad: 0.254
[Epoch 117 (38.30s)]	ELBO: 1495.643 (1495.101)	Log prob: 1505.291 (1504.580)	KLD: 9.648 (9.479)	Grad: 0.230
[Epoch 118 (37.77s)]	ELBO: 1495.513 (1493.987)	Log prob: 1505.170 (1503.432)	KLD: 9.657 (9.445)	Grad: 0.246
[Epoch 119 (39.98s)]	ELBO: 1495.515 (1494.902)	Log prob: 1505.220 (1504.435)	KLD: 9.705 (9.533)	Grad: 0.258
[Epoch 120 (38.61s)]	ELBO: 1495.990 (1495.424)	Log prob: 1505.655 (1504.838)	KLD: 9.665 (9.414)	Grad: 0.229
[Epoch 121 (38.70s)]	ELBO: 1495.743 (1494.829)	Log prob: 1505.451 (1504.207)	KLD: 9.708 (9.378)	Grad: 0.256
[Epoch 122 (37.78s)]	ELBO: 1496.074 (1494.944)	Log prob: 1505.776 (1504.787)	KLD: 9.702 (9.843)	Grad: 0.256
[Epoch 123 (37.79s)]	ELBO: 1496.106 (1494.939)	Log prob: 1505.819 (1504.269)	KLD: 9.713 (9.330)	Grad: 0.253
[Epoch 124 (35.41s)]	ELBO: 1496.298 (1495.076)	Log prob: 1505.996 (1504.737)	KLD: 9.697 (9.661)	Grad: 0.255
[Epoch 125 (35.11s)]	ELBO: 1496.515 (1495.405)	Log prob: 1506.224 (1505.047)	KLD: 9.710 (9.642)	Grad: 0.255
[Epoch 126 (34.80s)]	ELBO: 1496.642 (1494.175)	Log prob: 1506.329 (1503.916)	KLD: 9.687 (9.742)	Grad: 0.235
[Epoch 127 (34.96s)]	ELBO: 1496.733 (1493.677)	Log prob: 1506.460 (1503.064)	KLD: 9.727 (9.387)	Grad: 0.260
[Epoch 128 (34.75s)]	ELBO: 1496.713 (1496.103)	Log prob: 1506.446 (1505.757)	KLD: 9.733 (9.655)	Grad: 0.273
[Epoch 129 (34.40s)]	ELBO: 1496.886 (1495.874)	Log prob: 1506.574 (1505.971)	KLD: 9.688 (10.098)	Grad: 0.256
[Epoch 130 (34.36s)]	ELBO: 1497.022 (1496.963)	Log prob: 1506.734 (1506.558)	KLD: 9.712 (9.595)	Grad: 0.262
[Epoch 131 (34.67s)]	ELBO: 1497.430 (1496.645)	Log prob: 1507.140 (1505.989)	KLD: 9.710 (9.344)	Grad: 0.246
[Epoch 132 (34.88s)]	ELBO: 1497.268 (1496.016)	Log prob: 1507.008 (1505.798)	KLD: 9.740 (9.782)	Grad: 0.261
[Epoch 133 (34.61s)]	ELBO: 1497.435 (1495.192)	Log prob: 1507.191 (1505.324)	KLD: 9.756 (10.132)	Grad: 0.252
[Epoch 134 (34.36s)]	ELBO: 1497.593 (1495.641)	Log prob: 1507.356 (1505.415)	KLD: 9.763 (9.774)	Grad: 0.266
[Epoch 135 (35.07s)]	ELBO: 1497.633 (1495.306)	Log prob: 1507.426 (1504.994)	KLD: 9.793 (9.689)	Grad: 0.273
[Epoch 136 (35.97s)]	ELBO: 1497.990 (1493.766)	Log prob: 1507.733 (1503.296)	KLD: 9.744 (9.530)	Grad: 0.247
[Epoch 137 (33.69s)]	ELBO: 1497.866 (1495.727)	Log prob: 1507.635 (1505.653)	KLD: 9.768 (9.926)	Grad: 0.254
[Epoch 138 (34.90s)]	ELBO: 1498.172 (1493.606)	Log prob: 1507.957 (1503.107)	KLD: 9.786 (9.501)	Grad: 0.245
[Epoch 139 (34.69s)]	ELBO: 1498.235 (1496.291)	Log prob: 1508.032 (1505.614)	KLD: 9.798 (9.323)	Grad: 0.257
[Epoch 140 (35.00s)]	ELBO: 1498.416 (1496.421)	Log prob: 1508.165 (1506.393)	KLD: 9.749 (9.972)	Grad: 0.247
[Epoch 141 (32.51s)]	ELBO: 1498.132 (1496.732)	Log prob: 1507.879 (1506.703)	KLD: 9.748 (9.971)	Grad: 0.272
[Epoch 142 (31.86s)]	ELBO: 1498.693 (1497.799)	Log prob: 1508.449 (1507.739)	KLD: 9.755 (9.940)	Grad: 0.257
[Epoch 143 (31.13s)]	ELBO: 1498.783 (1498.055)	Log prob: 1508.570 (1507.795)	KLD: 9.787 (9.740)	Grad: 0.247
[Epoch 144 (31.71s)]	ELBO: 1498.572 (1497.921)	Log prob: 1508.348 (1507.687)	KLD: 9.776 (9.766)	Grad: 0.280
[Epoch 145 (30.38s)]	ELBO: 1498.751 (1496.710)	Log prob: 1508.554 (1505.965)	KLD: 9.803 (9.255)	Grad: 0.276
[Epoch 146 (32.16s)]	ELBO: 1498.555 (1497.527)	Log prob: 1508.378 (1507.718)	KLD: 9.823 (10.192)	Grad: 0.293
[Epoch 147 (33.37s)]	ELBO: 1499.116 (1498.231)	Log prob: 1508.907 (1507.715)	KLD: 9.791 (9.485)	Grad: 0.258
[Epoch 148 (31.98s)]	ELBO: 1499.215 (1496.720)	Log prob: 1509.021 (1506.713)	KLD: 9.806 (9.993)	Grad: 0.260
[Epoch 149 (31.30s)]	ELBO: 1499.578 (1497.913)	Log prob: 1509.384 (1507.860)	KLD: 9.806 (9.947)	Grad: 0.255
[Epoch 150 (30.09s)]	ELBO: 1499.223 (1497.729)	Log prob: 1509.047 (1507.211)	KLD: 9.824 (9.483)	Grad: 0.293
[Epoch 151 (29.09s)]	ELBO: 1499.421 (1499.184)	Log prob: 1509.227 (1509.004)	KLD: 9.807 (9.820)	Grad: 0.275
[Epoch 152 (29.53s)]	ELBO: 1499.624 (1498.268)	Log prob: 1509.438 (1508.152)	KLD: 9.814 (9.884)	Grad: 0.283
[Epoch 153 (28.92s)]	ELBO: 1499.694 (1497.522)	Log prob: 1509.522 (1507.489)	KLD: 9.828 (9.967)	Grad: 0.282
[Epoch 154 (29.34s)]	ELBO: 1500.038 (1497.897)	Log prob: 1509.873 (1508.165)	KLD: 9.835 (10.268)	Grad: 0.243
[Epoch 155 (29.75s)]	ELBO: 1499.788 (1498.762)	Log prob: 1509.611 (1508.145)	KLD: 9.824 (9.384)	Grad: 0.271
[Epoch 156 (29.50s)]	ELBO: 1500.003 (1496.872)	Log prob: 1509.837 (1506.798)	KLD: 9.834 (9.926)	Grad: 0.270
[Epoch 157 (30.14s)]	ELBO: 1500.094 (1499.112)	Log prob: 1509.913 (1509.145)	KLD: 9.819 (10.033)	Grad: 0.274
[Epoch 158 (29.08s)]	ELBO: 1500.398 (1499.542)	Log prob: 1510.220 (1509.244)	KLD: 9.822 (9.702)	Grad: 0.262
[Epoch 159 (29.35s)]	ELBO: 1500.188 (1498.746)	Log prob: 1510.015 (1508.481)	KLD: 9.827 (9.735)	Grad: 0.270
[Epoch 160 (30.80s)]	ELBO: 1500.240 (1497.592)	Log prob: 1510.081 (1507.669)	KLD: 9.841 (10.077)	Grad: 0.277
[Epoch 161 (28.03s)]	ELBO: 1500.782 (1498.330)	Log prob: 1510.608 (1507.889)	KLD: 9.826 (9.559)	Grad: 0.253
[Epoch 162 (29.28s)]	ELBO: 1500.602 (1498.992)	Log prob: 1510.420 (1508.804)	KLD: 9.818 (9.811)	Grad: 0.275
[Epoch 163 (29.38s)]	ELBO: 1500.697 (1499.969)	Log prob: 1510.524 (1510.016)	KLD: 9.827 (10.047)	Grad: 0.277
[Epoch 164 (28.78s)]	ELBO: 1500.835 (1498.860)	Log prob: 1510.696 (1508.673)	KLD: 9.861 (9.812)	Grad: 0.267
[Epoch 165 (29.67s)]	ELBO: 1501.043 (1499.338)	Log prob: 1510.898 (1509.232)	KLD: 9.855 (9.895)	Grad: 0.273
[Epoch 166 (28.71s)]	ELBO: 1500.993 (1499.211)	Log prob: 1510.886 (1508.793)	KLD: 9.894 (9.582)	Grad: 0.267
[Epoch 167 (29.28s)]	ELBO: 1501.168 (1499.193)	Log prob: 1511.043 (1509.004)	KLD: 9.875 (9.812)	Grad: 0.274
[Epoch 168 (29.76s)]	ELBO: 1500.994 (1500.352)	Log prob: 1510.886 (1510.114)	KLD: 9.893 (9.762)	Grad: 0.302
[Epoch 169 (29.64s)]	ELBO: 1501.502 (1499.767)	Log prob: 1511.400 (1509.357)	KLD: 9.898 (9.589)	Grad: 0.269
[Epoch 170 (28.60s)]	ELBO: 1501.194 (1497.488)	Log prob: 1511.062 (1506.982)	KLD: 9.868 (9.494)	Grad: 0.290
[Epoch 171 (29.27s)]	ELBO: 1501.456 (1499.875)	Log prob: 1511.349 (1509.993)	KLD: 9.894 (10.118)	Grad: 0.276
[Epoch 172 (30.12s)]	ELBO: 1501.636 (1500.459)	Log prob: 1511.539 (1510.069)	KLD: 9.903 (9.610)	Grad: 0.279
[Epoch 173 (27.92s)]	ELBO: 1501.582 (1500.798)	Log prob: 1511.488 (1510.728)	KLD: 9.905 (9.930)	Grad: 0.285
[Epoch 174 (26.70s)]	ELBO: 1501.875 (1497.924)	Log prob: 1511.770 (1507.874)	KLD: 9.895 (9.950)	Grad: 0.270
[Epoch 175 (26.71s)]	ELBO: 1501.973 (1500.934)	Log prob: 1511.864 (1510.676)	KLD: 9.891 (9.742)	Grad: 0.289
[Epoch 176 (25.13s)]	ELBO: 1502.036 (1501.105)	Log prob: 1511.942 (1511.143)	KLD: 9.907 (10.038)	Grad: 0.269
[Epoch 177 (24.92s)]	ELBO: 1502.189 (1499.877)	Log prob: 1512.090 (1509.616)	KLD: 9.901 (9.739)	Grad: 0.280
[Epoch 178 (24.99s)]	ELBO: 1502.067 (1501.712)	Log prob: 1511.987 (1511.714)	KLD: 9.920 (10.002)	Grad: 0.294
[Epoch 179 (24.81s)]	ELBO: 1502.333 (1501.530)	Log prob: 1512.235 (1511.574)	KLD: 9.902 (10.044)	Grad: 0.286
[Epoch 180 (25.49s)]	ELBO: 1502.163 (1498.639)	Log prob: 1512.086 (1508.547)	KLD: 9.924 (9.908)	Grad: 0.303
[Epoch 181 (25.14s)]	ELBO: 1502.481 (1501.094)	Log prob: 1512.409 (1510.774)	KLD: 9.928 (9.679)	Grad: 0.285
[Epoch 182 (24.87s)]	ELBO: 1502.583 (1501.856)	Log prob: 1512.513 (1511.673)	KLD: 9.930 (9.818)	Grad: 0.278
[Epoch 183 (25.30s)]	ELBO: 1502.630 (1500.426)	Log prob: 1512.548 (1510.538)	KLD: 9.919 (10.112)	Grad: 0.281
[Epoch 184 (24.24s)]	ELBO: 1502.796 (1501.724)	Log prob: 1512.695 (1511.300)	KLD: 9.898 (9.576)	Grad: 0.263
[Epoch 185 (24.67s)]	ELBO: 1502.637 (1501.176)	Log prob: 1512.563 (1511.035)	KLD: 9.926 (9.859)	Grad: 0.296
[Epoch 186 (24.40s)]	ELBO: 1503.119 (1500.314)	Log prob: 1513.060 (1509.730)	KLD: 9.941 (9.417)	Grad: 0.279
[Epoch 187 (24.76s)]	ELBO: 1502.937 (1501.545)	Log prob: 1512.869 (1511.631)	KLD: 9.931 (10.086)	Grad: 0.295
[Epoch 188 (26.61s)]	ELBO: 1502.986 (1501.477)	Log prob: 1512.939 (1511.497)	KLD: 9.954 (10.020)	Grad: 0.292
[Epoch 189 (25.68s)]	ELBO: 1503.332 (1501.646)	Log prob: 1513.262 (1511.394)	KLD: 9.930 (9.747)	Grad: 0.268
[Epoch 190 (26.00s)]	ELBO: 1503.292 (1500.766)	Log prob: 1513.232 (1510.951)	KLD: 9.940 (10.185)	Grad: 0.295
[Epoch 191 (24.59s)]	ELBO: 1503.507 (1501.826)	Log prob: 1513.462 (1511.353)	KLD: 9.954 (9.527)	Grad: 0.274
[Epoch 192 (24.87s)]	ELBO: 1502.999 (1500.624)	Log prob: 1512.940 (1510.626)	KLD: 9.941 (10.003)	Grad: 0.327
[Epoch 193 (25.28s)]	ELBO: 1503.494 (1501.661)	Log prob: 1513.439 (1511.717)	KLD: 9.945 (10.056)	Grad: 0.289
[Epoch 194 (25.67s)]	ELBO: 1503.411 (1502.172)	Log prob: 1513.378 (1511.760)	KLD: 9.967 (9.588)	Grad: 0.298
[Epoch 195 (24.88s)]	ELBO: 1503.702 (1501.928)	Log prob: 1513.648 (1512.046)	KLD: 9.946 (10.118)	Grad: 0.281
[Epoch 196 (25.18s)]	ELBO: 1503.716 (1502.335)	Log prob: 1513.652 (1512.356)	KLD: 9.936 (10.021)	Grad: 0.284
[Epoch 197 (25.35s)]	ELBO: 1503.713 (1500.919)	Log prob: 1513.663 (1510.660)	KLD: 9.951 (9.741)	Grad: 0.292
[Epoch 198 (25.72s)]	ELBO: 1503.515 (1503.092)	Log prob: 1513.514 (1512.775)	KLD: 9.998 (9.683)	Grad: 0.307
[Epoch 199 (24.38s)]	ELBO: 1503.785 (1497.149)	Log prob: 1513.785 (1507.050)	KLD: 9.999 (9.902)	Grad: 0.309
[Epoch 200 (24.33s)]	ELBO: 1504.039 (1502.800)	Log prob: 1514.002 (1512.842)	KLD: 9.964 (10.042)	Grad: 0.299
[Epoch 201 (25.03s)]	ELBO: 1503.985 (1502.252)	Log prob: 1513.976 (1512.148)	KLD: 9.991 (9.896)	Grad: 0.301
[Epoch 202 (25.50s)]	ELBO: 1503.971 (1500.032)	Log prob: 1513.956 (1510.395)	KLD: 9.985 (10.363)	Grad: 0.310
[Epoch 203 (26.30s)]	ELBO: 1504.380 (1503.182)	Log prob: 1514.349 (1513.071)	KLD: 9.968 (9.889)	Grad: 0.267
[Epoch 204 (26.60s)]	ELBO: 1504.280 (1502.837)	Log prob: 1514.253 (1512.763)	KLD: 9.973 (9.926)	Grad: 0.284
[Epoch 205 (27.41s)]	ELBO: 1504.438 (1502.302)	Log prob: 1514.430 (1512.100)	KLD: 9.992 (9.798)	Grad: 0.285
[Epoch 206 (25.59s)]	ELBO: 1504.158 (1502.688)	Log prob: 1514.164 (1512.286)	KLD: 10.006 (9.598)	Grad: 0.314
[Epoch 207 (24.48s)]	ELBO: 1504.597 (1500.761)	Log prob: 1514.554 (1511.246)	KLD: 9.957 (10.485)	Grad: 0.294
[Epoch 208 (24.83s)]	ELBO: 1504.632 (1503.452)	Log prob: 1514.596 (1513.709)	KLD: 9.964 (10.257)	Grad: 0.292
[Epoch 209 (23.92s)]	ELBO: 1504.747 (1502.518)	Log prob: 1514.741 (1512.288)	KLD: 9.994 (9.770)	Grad: 0.286
[Epoch 210 (25.25s)]	ELBO: 1504.613 (1503.880)	Log prob: 1514.608 (1513.795)	KLD: 9.995 (9.915)	Grad: 0.296
[Epoch 211 (22.91s)]	ELBO: 1504.706 (1503.903)	Log prob: 1514.670 (1513.668)	KLD: 9.964 (9.765)	Grad: 0.297
[Epoch 212 (22.28s)]	ELBO: 1504.603 (1503.960)	Log prob: 1514.601 (1514.067)	KLD: 9.998 (10.106)	Grad: 0.317
[Epoch 213 (22.86s)]	ELBO: 1504.980 (1503.949)	Log prob: 1514.979 (1514.232)	KLD: 9.999 (10.283)	Grad: 0.286
[Epoch 214 (23.09s)]	ELBO: 1504.886 (1500.843)	Log prob: 1514.884 (1510.387)	KLD: 9.998 (9.544)	Grad: 0.322
[Epoch 215 (22.46s)]	ELBO: 1505.047 (1504.152)	Log prob: 1515.021 (1514.271)	KLD: 9.974 (10.119)	Grad: 0.305
[Epoch 216 (22.35s)]	ELBO: 1505.197 (1500.288)	Log prob: 1515.192 (1510.264)	KLD: 9.995 (9.976)	Grad: 0.292
[Epoch 217 (23.38s)]	ELBO: 1505.286 (1503.998)	Log prob: 1515.287 (1513.789)	KLD: 10.001 (9.791)	Grad: 0.284
[Epoch 218 (22.34s)]	ELBO: 1505.093 (1502.778)	Log prob: 1515.076 (1512.556)	KLD: 9.984 (9.778)	Grad: 0.319
[Epoch 219 (23.16s)]	ELBO: 1505.255 (1503.161)	Log prob: 1515.245 (1513.241)	KLD: 9.989 (10.080)	Grad: 0.300
[Epoch 220 (23.47s)]	ELBO: 1505.674 (1502.539)	Log prob: 1515.684 (1512.759)	KLD: 10.010 (10.220)	Grad: 0.280
[Epoch 221 (24.20s)]	ELBO: 1505.470 (1501.936)	Log prob: 1515.473 (1511.395)	KLD: 10.003 (9.459)	Grad: 0.295
[Epoch 222 (23.56s)]	ELBO: 1504.833 (1498.241)	Log prob: 1514.826 (1507.997)	KLD: 9.993 (9.756)	Grad: 0.362
[Epoch 223 (23.15s)]	ELBO: 1505.577 (1501.872)	Log prob: 1515.589 (1511.986)	KLD: 10.012 (10.114)	Grad: 0.315
[Epoch 224 (23.61s)]	ELBO: 1505.227 (1503.273)	Log prob: 1515.247 (1512.898)	KLD: 10.019 (9.625)	Grad: 0.350
[Epoch 225 (23.77s)]	ELBO: 1505.760 (1504.038)	Log prob: 1515.775 (1513.808)	KLD: 10.015 (9.770)	Grad: 0.287
[Epoch 226 (22.56s)]	ELBO: 1505.901 (1504.466)	Log prob: 1515.903 (1514.453)	KLD: 10.001 (9.987)	Grad: 0.299
[Epoch 227 (22.84s)]	ELBO: 1505.773 (1503.208)	Log prob: 1515.782 (1513.361)	KLD: 10.008 (10.153)	Grad: 0.301
[Epoch 228 (22.30s)]	ELBO: 1505.674 (1504.780)	Log prob: 1515.695 (1514.615)	KLD: 10.021 (9.835)	Grad: 0.332
[Epoch 229 (21.57s)]	ELBO: 1506.042 (1503.118)	Log prob: 1516.078 (1512.807)	KLD: 10.036 (9.689)	Grad: 0.293
[Epoch 230 (22.58s)]	ELBO: 1505.840 (1502.683)	Log prob: 1515.865 (1513.057)	KLD: 10.025 (10.374)	Grad: 0.309
[Epoch 231 (22.29s)]	ELBO: 1506.285 (1504.180)	Log prob: 1516.310 (1514.122)	KLD: 10.024 (9.943)	Grad: 0.296
[Epoch 232 (21.88s)]	ELBO: 1505.928 (1504.546)	Log prob: 1515.958 (1514.638)	KLD: 10.030 (10.092)	Grad: 0.305
[Epoch 233 (22.63s)]	ELBO: 1505.919 (1504.966)	Log prob: 1515.963 (1514.959)	KLD: 10.044 (9.993)	Grad: 0.327
[Epoch 234 (22.96s)]	ELBO: 1506.531 (1503.697)	Log prob: 1516.550 (1514.053)	KLD: 10.019 (10.356)	Grad: 0.287
[Epoch 235 (23.25s)]	ELBO: 1506.067 (1504.037)	Log prob: 1516.103 (1514.081)	KLD: 10.036 (10.044)	Grad: 0.326
[Epoch 236 (23.41s)]	ELBO: 1506.473 (1500.324)	Log prob: 1516.519 (1510.272)	KLD: 10.046 (9.948)	Grad: 0.306
[Epoch 237 (23.84s)]	ELBO: 1506.342 (1505.251)	Log prob: 1516.390 (1515.134)	KLD: 10.048 (9.882)	Grad: 0.316
[Epoch 238 (22.68s)]	ELBO: 1506.338 (1504.073)	Log prob: 1516.373 (1514.010)	KLD: 10.034 (9.936)	Grad: 0.330
[Epoch 239 (22.97s)]	ELBO: 1506.458 (1504.122)	Log prob: 1516.487 (1514.185)	KLD: 10.029 (10.064)	Grad: 0.301
[Epoch 240 (22.61s)]	ELBO: 1506.264 (1504.083)	Log prob: 1516.305 (1514.000)	KLD: 10.041 (9.917)	Grad: 0.333
[Epoch 241 (22.89s)]	ELBO: 1506.488 (1504.247)	Log prob: 1516.541 (1514.052)	KLD: 10.052 (9.805)	Grad: 0.318
[Epoch 242 (22.48s)]	ELBO: 1506.743 (1504.610)	Log prob: 1516.786 (1514.486)	KLD: 10.043 (9.876)	Grad: 0.289
[Epoch 243 (22.87s)]	ELBO: 1506.577 (1505.141)	Log prob: 1516.609 (1515.288)	KLD: 10.032 (10.147)	Grad: 0.337
[Epoch 244 (23.35s)]	ELBO: 1506.857 (1504.904)	Log prob: 1516.906 (1515.126)	KLD: 10.049 (10.222)	Grad: 0.312
[Epoch 245 (22.91s)]	ELBO: 1506.889 (1504.437)	Log prob: 1516.943 (1514.412)	KLD: 10.054 (9.975)	Grad: 0.308
[Epoch 246 (22.10s)]	ELBO: 1506.870 (1504.837)	Log prob: 1516.890 (1514.767)	KLD: 10.020 (9.930)	Grad: 0.315
[Epoch 247 (23.72s)]	ELBO: 1506.771 (1504.193)	Log prob: 1516.813 (1514.324)	KLD: 10.042 (10.132)	Grad: 0.320
[Epoch 248 (22.27s)]	ELBO: 1506.862 (1504.490)	Log prob: 1516.902 (1514.474)	KLD: 10.041 (9.983)	Grad: 0.334
[Epoch 249 (23.54s)]	ELBO: 1507.310 (1505.089)	Log prob: 1517.363 (1514.940)	KLD: 10.053 (9.851)	Grad: 0.287
[Epoch 250 (23.68s)]	ELBO: 1507.122 (1504.656)	Log prob: 1517.153 (1514.641)	KLD: 10.031 (9.985)	Grad: 0.322
Training model 2/3...
[Epoch   1 (24.99s)]	ELBO: 19.095 (1050.300)	Log prob: 23.601 (1064.361)	KLD: 4.506 (14.061)	Grad: 0.020
[Epoch   2 (25.41s)]	ELBO: 26.525 (1052.726)	Log prob: 31.178 (1066.789)	KLD: 4.653 (14.063)	Grad: 0.024
[Epoch   3 (23.79s)]	ELBO: 28.250 (1053.433)	Log prob: 32.947 (1067.478)	KLD: 4.697 (14.045)	Grad: 0.026
[Epoch   4 (24.50s)]	ELBO: 29.435 (1054.196)	Log prob: 34.181 (1068.368)	KLD: 4.746 (14.173)	Grad: 0.026
[Epoch   5 (24.22s)]	ELBO: 30.284 (1054.994)	Log prob: 35.078 (1069.259)	KLD: 4.794 (14.265)	Grad: 0.028
[Epoch   6 (24.33s)]	ELBO: 30.952 (1055.410)	Log prob: 35.782 (1069.607)	KLD: 4.829 (14.197)	Grad: 0.029
[Epoch   7 (24.97s)]	ELBO: 31.490 (1056.135)	Log prob: 36.320 (1070.468)	KLD: 4.830 (14.332)	Grad: 0.030
[Epoch   8 (24.48s)]	ELBO: 31.958 (1056.570)	Log prob: 36.807 (1070.776)	KLD: 4.849 (14.206)	Grad: 0.031
[Epoch   9 (24.89s)]	ELBO: 32.361 (1056.601)	Log prob: 37.184 (1070.921)	KLD: 4.823 (14.320)	Grad: 0.032
[Epoch  10 (24.81s)]	ELBO: 32.715 (1056.959)	Log prob: 37.552 (1071.386)	KLD: 4.838 (14.427)	Grad: 0.033
[Epoch  11 (24.71s)]	ELBO: 33.013 (1056.766)	Log prob: 37.831 (1070.975)	KLD: 4.818 (14.209)	Grad: 0.033
[Epoch  12 (24.00s)]	ELBO: 33.252 (1057.203)	Log prob: 38.085 (1071.544)	KLD: 4.833 (14.341)	Grad: 0.034
[Epoch  13 (25.34s)]	ELBO: 33.529 (1057.915)	Log prob: 38.357 (1072.132)	KLD: 4.828 (14.217)	Grad: 0.034
[Epoch  14 (24.83s)]	ELBO: 33.755 (1057.712)	Log prob: 38.575 (1072.087)	KLD: 4.820 (14.375)	Grad: 0.035
[Epoch  15 (26.12s)]	ELBO: 33.941 (1057.707)	Log prob: 38.763 (1072.127)	KLD: 4.821 (14.421)	Grad: 0.036
[Epoch  16 (24.72s)]	ELBO: 34.129 (1058.216)	Log prob: 38.974 (1072.504)	KLD: 4.844 (14.288)	Grad: 0.036
[Epoch  17 (23.69s)]	ELBO: 34.346 (1058.470)	Log prob: 39.200 (1072.740)	KLD: 4.855 (14.270)	Grad: 0.037
[Epoch  18 (24.15s)]	ELBO: 34.521 (1058.439)	Log prob: 39.373 (1072.863)	KLD: 4.852 (14.424)	Grad: 0.037
[Epoch  19 (24.65s)]	ELBO: 34.733 (1058.992)	Log prob: 39.573 (1073.348)	KLD: 4.840 (14.356)	Grad: 0.037
[Epoch  20 (24.83s)]	ELBO: 34.906 (1058.565)	Log prob: 39.773 (1072.966)	KLD: 4.867 (14.401)	Grad: 0.038
[Epoch  21 (24.47s)]	ELBO: 35.039 (1058.947)	Log prob: 39.908 (1073.238)	KLD: 4.870 (14.291)	Grad: 0.038
[Epoch  22 (24.62s)]	ELBO: 35.224 (1058.882)	Log prob: 40.086 (1073.238)	KLD: 4.862 (14.356)	Grad: 0.038
[Epoch  23 (25.37s)]	ELBO: 35.347 (1059.155)	Log prob: 40.213 (1073.531)	KLD: 4.866 (14.376)	Grad: 0.039
[Epoch  24 (25.04s)]	ELBO: 35.486 (1059.141)	Log prob: 40.355 (1073.518)	KLD: 4.869 (14.377)	Grad: 0.039
[Epoch  25 (24.62s)]	ELBO: 35.630 (1059.419)	Log prob: 40.509 (1073.765)	KLD: 4.879 (14.346)	Grad: 0.039
[Epoch  26 (24.39s)]	ELBO: 35.736 (1059.330)	Log prob: 40.636 (1073.703)	KLD: 4.899 (14.373)	Grad: 0.040
[Epoch  27 (23.85s)]	ELBO: 35.841 (1059.711)	Log prob: 40.731 (1074.098)	KLD: 4.891 (14.387)	Grad: 0.040
[Epoch  28 (24.25s)]	ELBO: 35.975 (1059.310)	Log prob: 40.870 (1073.696)	KLD: 4.896 (14.386)	Grad: 0.040
[Epoch  29 (25.57s)]	ELBO: 36.043 (1059.311)	Log prob: 40.954 (1073.811)	KLD: 4.910 (14.500)	Grad: 0.041
[Epoch  30 (24.56s)]	ELBO: 36.213 (1059.656)	Log prob: 41.139 (1074.161)	KLD: 4.926 (14.505)	Grad: 0.041
[Epoch  31 (26.01s)]	ELBO: 36.306 (1059.710)	Log prob: 41.228 (1074.218)	KLD: 4.922 (14.508)	Grad: 0.041
[Epoch  32 (25.00s)]	ELBO: 36.387 (1059.844)	Log prob: 41.330 (1074.326)	KLD: 4.943 (14.482)	Grad: 0.042
[Epoch  33 (25.23s)]	ELBO: 36.507 (1060.192)	Log prob: 41.435 (1074.619)	KLD: 4.927 (14.427)	Grad: 0.042
[Epoch  34 (24.41s)]	ELBO: 36.572 (1060.120)	Log prob: 41.495 (1074.569)	KLD: 4.924 (14.449)	Grad: 0.042
[Epoch  35 (24.92s)]	ELBO: 36.676 (1060.055)	Log prob: 41.627 (1074.604)	KLD: 4.951 (14.549)	Grad: 0.042
[Epoch  36 (25.21s)]	ELBO: 36.788 (1059.997)	Log prob: 41.747 (1074.424)	KLD: 4.960 (14.427)	Grad: 0.042
[Epoch  37 (24.79s)]	ELBO: 36.822 (1060.318)	Log prob: 41.765 (1074.825)	KLD: 4.942 (14.507)	Grad: 0.043
[Epoch  38 (26.00s)]	ELBO: 36.920 (1060.274)	Log prob: 41.880 (1074.747)	KLD: 4.960 (14.473)	Grad: 0.043
[Epoch  39 (24.51s)]	ELBO: 37.024 (1060.481)	Log prob: 41.972 (1074.951)	KLD: 4.948 (14.470)	Grad: 0.043
[Epoch  40 (24.18s)]	ELBO: 37.049 (1060.428)	Log prob: 42.027 (1074.910)	KLD: 4.978 (14.483)	Grad: 0.044
[Epoch  41 (24.34s)]	ELBO: 37.179 (1060.216)	Log prob: 42.149 (1074.724)	KLD: 4.970 (14.508)	Grad: 0.044
[Epoch  42 (24.51s)]	ELBO: 37.259 (1060.287)	Log prob: 42.230 (1074.807)	KLD: 4.971 (14.519)	Grad: 0.044
[Epoch  43 (24.53s)]	ELBO: 37.279 (1060.692)	Log prob: 42.264 (1075.240)	KLD: 4.985 (14.548)	Grad: 0.044
[Epoch  44 (25.54s)]	ELBO: 37.368 (1060.252)	Log prob: 42.347 (1074.674)	KLD: 4.979 (14.422)	Grad: 0.044
[Epoch  45 (24.54s)]	ELBO: 37.465 (1060.637)	Log prob: 42.447 (1075.088)	KLD: 4.982 (14.450)	Grad: 0.045
[Epoch  46 (24.21s)]	ELBO: 37.481 (1060.845)	Log prob: 42.484 (1075.459)	KLD: 5.003 (14.613)	Grad: 0.045
[Epoch  47 (24.58s)]	ELBO: 37.582 (1060.949)	Log prob: 42.583 (1075.457)	KLD: 5.001 (14.509)	Grad: 0.045
[Epoch  48 (25.16s)]	ELBO: 37.644 (1060.373)	Log prob: 42.645 (1074.902)	KLD: 5.000 (14.529)	Grad: 0.045
[Epoch  49 (21.61s)]	ELBO: 37.687 (1060.822)	Log prob: 42.693 (1075.402)	KLD: 5.006 (14.580)	Grad: 0.045
[Epoch  50 (20.53s)]	ELBO: 37.770 (1060.652)	Log prob: 42.789 (1075.262)	KLD: 5.019 (14.610)	Grad: 0.045
[Epoch  51 (19.99s)]	ELBO: 37.807 (1060.761)	Log prob: 42.824 (1075.301)	KLD: 5.017 (14.540)	Grad: 0.045
[Epoch  52 (19.67s)]	ELBO: 37.851 (1060.869)	Log prob: 42.861 (1075.361)	KLD: 5.010 (14.492)	Grad: 0.046
[Epoch  53 (19.55s)]	ELBO: 37.884 (1061.073)	Log prob: 42.931 (1075.710)	KLD: 5.046 (14.637)	Grad: 0.046
[Epoch  54 (19.07s)]	ELBO: 37.990 (1060.909)	Log prob: 43.012 (1075.486)	KLD: 5.022 (14.577)	Grad: 0.046
[Epoch  55 (20.06s)]	ELBO: 38.036 (1060.315)	Log prob: 43.060 (1074.803)	KLD: 5.025 (14.488)	Grad: 0.046
[Epoch  56 (19.41s)]	ELBO: 38.057 (1060.520)	Log prob: 43.089 (1074.984)	KLD: 5.032 (14.464)	Grad: 0.046
[Epoch  57 (19.51s)]	ELBO: 38.135 (1060.645)	Log prob: 43.181 (1075.229)	KLD: 5.045 (14.584)	Grad: 0.046
[Epoch  58 (18.93s)]	ELBO: 38.147 (1061.146)	Log prob: 43.201 (1075.640)	KLD: 5.054 (14.494)	Grad: 0.046
[Epoch  59 (19.89s)]	ELBO: 38.204 (1061.080)	Log prob: 43.262 (1075.660)	KLD: 5.058 (14.580)	Grad: 0.047
[Epoch  60 (20.72s)]	ELBO: 38.289 (1060.965)	Log prob: 43.351 (1075.527)	KLD: 5.062 (14.562)	Grad: 0.047
[Epoch  61 (21.52s)]	ELBO: 38.312 (1060.801)	Log prob: 43.374 (1075.315)	KLD: 5.062 (14.514)	Grad: 0.047
[Epoch  62 (20.38s)]	ELBO: 38.362 (1060.920)	Log prob: 43.435 (1075.522)	KLD: 5.073 (14.601)	Grad: 0.047
[Epoch  63 (19.71s)]	ELBO: 38.408 (1061.065)	Log prob: 43.468 (1075.599)	KLD: 5.061 (14.534)	Grad: 0.047
[Epoch  64 (19.74s)]	ELBO: 38.453 (1061.067)	Log prob: 43.513 (1075.630)	KLD: 5.060 (14.563)	Grad: 0.047
[Epoch  65 (19.67s)]	ELBO: 38.442 (1060.703)	Log prob: 43.512 (1075.236)	KLD: 5.069 (14.534)	Grad: 0.047
[Epoch  66 (20.08s)]	ELBO: 38.506 (1061.213)	Log prob: 43.591 (1075.814)	KLD: 5.085 (14.600)	Grad: 0.047
[Epoch  67 (19.84s)]	ELBO: 38.565 (1061.332)	Log prob: 43.640 (1075.891)	KLD: 5.075 (14.559)	Grad: 0.047
[Epoch  68 (20.03s)]	ELBO: 38.575 (1061.134)	Log prob: 43.653 (1075.719)	KLD: 5.078 (14.585)	Grad: 0.048
[Epoch  69 (19.96s)]	ELBO: 38.596 (1061.465)	Log prob: 43.693 (1076.022)	KLD: 5.096 (14.557)	Grad: 0.048
[Epoch  70 (19.91s)]	ELBO: 38.683 (1060.924)	Log prob: 43.787 (1075.560)	KLD: 5.104 (14.636)	Grad: 0.048
[Epoch  71 (19.51s)]	ELBO: 38.763 (1061.122)	Log prob: 43.854 (1075.719)	KLD: 5.091 (14.597)	Grad: 0.048
[Epoch  72 (19.62s)]	ELBO: 38.763 (1060.994)	Log prob: 43.862 (1075.571)	KLD: 5.099 (14.577)	Grad: 0.048
[Epoch  73 (19.15s)]	ELBO: 38.779 (1061.177)	Log prob: 43.890 (1075.812)	KLD: 5.110 (14.634)	Grad: 0.048
[Epoch  74 (20.13s)]	ELBO: 38.767 (1061.240)	Log prob: 43.870 (1075.839)	KLD: 5.103 (14.599)	Grad: 0.049
[Epoch  75 (18.19s)]	ELBO: 38.828 (1060.916)	Log prob: 43.950 (1075.494)	KLD: 5.122 (14.578)	Grad: 0.048
[Epoch  76 (17.30s)]	ELBO: 38.862 (1061.191)	Log prob: 43.975 (1075.880)	KLD: 5.113 (14.688)	Grad: 0.048
[Epoch  77 (16.84s)]	ELBO: 38.931 (1061.327)	Log prob: 44.039 (1076.021)	KLD: 5.108 (14.694)	Grad: 0.048
[Epoch  78 (16.88s)]	ELBO: 38.909 (1061.712)	Log prob: 44.031 (1076.362)	KLD: 5.122 (14.651)	Grad: 0.049
[Epoch  79 (17.70s)]	ELBO: 39.008 (1061.204)	Log prob: 44.136 (1075.891)	KLD: 5.128 (14.687)	Grad: 0.048
[Epoch  80 (17.48s)]	ELBO: 39.017 (1061.384)	Log prob: 44.138 (1076.059)	KLD: 5.121 (14.675)	Grad: 0.049
[Epoch  81 (17.78s)]	ELBO: 39.040 (1061.205)	Log prob: 44.184 (1075.831)	KLD: 5.145 (14.626)	Grad: 0.049
[Epoch  82 (17.27s)]	ELBO: 39.072 (1061.382)	Log prob: 44.194 (1076.009)	KLD: 5.122 (14.627)	Grad: 0.048
[Epoch  83 (16.23s)]	ELBO: 39.081 (1061.031)	Log prob: 44.222 (1075.689)	KLD: 5.140 (14.658)	Grad: 0.049
[Epoch  84 (17.10s)]	ELBO: 39.126 (1061.615)	Log prob: 44.267 (1076.238)	KLD: 5.141 (14.623)	Grad: 0.049
[Epoch  85 (16.98s)]	ELBO: 39.147 (1061.453)	Log prob: 44.284 (1076.159)	KLD: 5.138 (14.706)	Grad: 0.049
[Epoch  86 (17.52s)]	ELBO: 39.138 (1061.240)	Log prob: 44.284 (1075.946)	KLD: 5.145 (14.706)	Grad: 0.049
[Epoch  87 (16.33s)]	ELBO: 39.236 (1061.676)	Log prob: 44.395 (1076.312)	KLD: 5.159 (14.636)	Grad: 0.049
[Epoch  88 (17.04s)]	ELBO: 39.236 (1061.088)	Log prob: 44.391 (1075.749)	KLD: 5.155 (14.661)	Grad: 0.050
[Epoch  89 (17.20s)]	ELBO: 39.302 (1061.635)	Log prob: 44.454 (1076.271)	KLD: 5.152 (14.636)	Grad: 0.049
[Epoch  90 (16.87s)]	ELBO: 39.291 (1061.000)	Log prob: 44.467 (1075.678)	KLD: 5.176 (14.678)	Grad: 0.050
[Epoch  91 (16.23s)]	ELBO: 39.333 (1061.194)	Log prob: 44.506 (1075.910)	KLD: 5.173 (14.716)	Grad: 0.049
[Epoch  92 (16.67s)]	ELBO: 39.287 (1061.605)	Log prob: 44.460 (1076.336)	KLD: 5.173 (14.731)	Grad: 0.050
[Epoch  93 (15.75s)]	ELBO: 39.382 (1061.846)	Log prob: 44.560 (1076.510)	KLD: 5.178 (14.664)	Grad: 0.050
[Epoch  94 (17.39s)]	ELBO: 39.391 (1061.196)	Log prob: 44.569 (1075.859)	KLD: 5.177 (14.663)	Grad: 0.050
[Epoch  95 (17.53s)]	ELBO: 39.419 (1061.140)	Log prob: 44.600 (1075.861)	KLD: 5.181 (14.722)	Grad: 0.050
[Epoch  96 (16.79s)]	ELBO: 39.462 (1061.285)	Log prob: 44.662 (1075.995)	KLD: 5.200 (14.711)	Grad: 0.050
[Epoch  97 (15.90s)]	ELBO: 39.477 (1061.702)	Log prob: 44.666 (1076.443)	KLD: 5.189 (14.741)	Grad: 0.050
[Epoch  98 (17.27s)]	ELBO: 39.504 (1061.411)	Log prob: 44.705 (1076.142)	KLD: 5.201 (14.731)	Grad: 0.050
[Epoch  99 (16.88s)]	ELBO: 39.519 (1061.500)	Log prob: 44.697 (1076.252)	KLD: 5.177 (14.753)	Grad: 0.050
[Epoch 100 (18.71s)]	ELBO: 39.547 (1061.778)	Log prob: 44.729 (1076.467)	KLD: 5.182 (14.689)	Grad: 0.050
[Epoch 101 (18.10s)]	ELBO: 39.583 (1061.784)	Log prob: 44.780 (1076.442)	KLD: 5.196 (14.658)	Grad: 0.050
[Epoch 102 (17.69s)]	ELBO: 39.623 (1061.058)	Log prob: 44.817 (1075.688)	KLD: 5.194 (14.630)	Grad: 0.050
[Epoch 103 (18.23s)]	ELBO: 39.612 (1061.214)	Log prob: 44.812 (1075.980)	KLD: 5.200 (14.766)	Grad: 0.050
[Epoch 104 (16.82s)]	ELBO: 39.637 (1061.610)	Log prob: 44.845 (1076.223)	KLD: 5.208 (14.613)	Grad: 0.050
[Epoch 105 (17.27s)]	ELBO: 39.614 (1061.446)	Log prob: 44.825 (1076.198)	KLD: 5.211 (14.751)	Grad: 0.051
[Epoch 106 (17.75s)]	ELBO: 39.659 (1061.054)	Log prob: 44.881 (1075.715)	KLD: 5.222 (14.661)	Grad: 0.051
[Epoch 107 (18.51s)]	ELBO: 39.717 (1061.536)	Log prob: 44.938 (1076.241)	KLD: 5.221 (14.705)	Grad: 0.050
[Epoch 108 (17.17s)]	ELBO: 39.726 (1061.261)	Log prob: 44.940 (1075.990)	KLD: 5.214 (14.728)	Grad: 0.051
[Epoch 109 (17.38s)]	ELBO: 39.771 (1061.304)	Log prob: 44.995 (1075.954)	KLD: 5.224 (14.650)	Grad: 0.050
[Epoch 110 (15.95s)]	ELBO: 39.781 (1061.666)	Log prob: 44.999 (1076.389)	KLD: 5.218 (14.722)	Grad: 0.051
[Epoch 111 (12.66s)]	ELBO: 39.798 (1061.905)	Log prob: 45.020 (1076.654)	KLD: 5.222 (14.750)	Grad: 0.051
[Epoch 112 (12.12s)]	ELBO: 39.812 (1061.804)	Log prob: 45.032 (1076.634)	KLD: 5.220 (14.830)	Grad: 0.051
[Epoch 113 (13.01s)]	ELBO: 39.795 (1061.706)	Log prob: 45.019 (1076.475)	KLD: 5.224 (14.770)	Grad: 0.051
[Epoch 114 (12.59s)]	ELBO: 39.841 (1061.557)	Log prob: 45.079 (1076.259)	KLD: 5.238 (14.702)	Grad: 0.051
[Epoch 115 (12.91s)]	ELBO: 39.869 (1061.338)	Log prob: 45.102 (1076.026)	KLD: 5.233 (14.688)	Grad: 0.051
[Epoch 116 (12.15s)]	ELBO: 39.900 (1061.752)	Log prob: 45.150 (1076.508)	KLD: 5.250 (14.756)	Grad: 0.051
[Epoch 117 (13.21s)]	ELBO: 39.928 (1061.815)	Log prob: 45.166 (1076.549)	KLD: 5.238 (14.734)	Grad: 0.051
[Epoch 118 (12.32s)]	ELBO: 39.950 (1061.619)	Log prob: 45.188 (1076.340)	KLD: 5.238 (14.721)	Grad: 0.051
[Epoch 119 (12.70s)]	ELBO: 39.931 (1061.373)	Log prob: 45.175 (1076.111)	KLD: 5.245 (14.738)	Grad: 0.051
[Epoch 120 (12.24s)]	ELBO: 39.955 (1061.424)	Log prob: 45.201 (1076.173)	KLD: 5.246 (14.749)	Grad: 0.051
[Epoch 121 (12.62s)]	ELBO: 40.026 (1061.598)	Log prob: 45.295 (1076.363)	KLD: 5.269 (14.765)	Grad: 0.051
[Epoch 122 (10.90s)]	ELBO: 40.010 (1061.447)	Log prob: 45.258 (1076.202)	KLD: 5.249 (14.754)	Grad: 0.051
[Epoch 123 (12.30s)]	ELBO: 40.001 (1061.541)	Log prob: 45.256 (1076.275)	KLD: 5.255 (14.734)	Grad: 0.052
[Epoch 124 (12.55s)]	ELBO: 40.013 (1061.350)	Log prob: 45.261 (1076.168)	KLD: 5.248 (14.817)	Grad: 0.052
[Epoch 125 (11.21s)]	ELBO: 40.042 (1061.609)	Log prob: 45.304 (1076.357)	KLD: 5.262 (14.748)	Grad: 0.051
[Epoch 126 (11.00s)]	ELBO: 40.042 (1061.744)	Log prob: 45.317 (1076.533)	KLD: 5.274 (14.788)	Grad: 0.052
[Epoch 127 (10.37s)]	ELBO: 40.065 (1061.436)	Log prob: 45.333 (1076.165)	KLD: 5.268 (14.729)	Grad: 0.052
[Epoch 128 (10.24s)]	ELBO: 40.144 (1061.423)	Log prob: 45.414 (1076.165)	KLD: 5.270 (14.742)	Grad: 0.052
[Epoch 129 (9.83s)]	ELBO: 40.125 (1061.229)	Log prob: 45.400 (1076.020)	KLD: 5.274 (14.791)	Grad: 0.052
[Epoch 130 (10.34s)]	ELBO: 40.158 (1061.546)	Log prob: 45.418 (1076.301)	KLD: 5.260 (14.755)	Grad: 0.052
[Epoch 131 (10.66s)]	ELBO: 40.194 (1061.261)	Log prob: 45.462 (1075.979)	KLD: 5.268 (14.718)	Grad: 0.052
[Epoch 132 (10.56s)]	ELBO: 40.184 (1061.461)	Log prob: 45.461 (1076.212)	KLD: 5.277 (14.752)	Grad: 0.052
[Epoch 133 (10.15s)]	ELBO: 40.200 (1061.822)	Log prob: 45.476 (1076.676)	KLD: 5.276 (14.854)	Grad: 0.052
[Epoch 134 (10.12s)]	ELBO: 40.190 (1061.750)	Log prob: 45.468 (1076.470)	KLD: 5.278 (14.720)	Grad: 0.052
[Epoch 135 (10.23s)]	ELBO: 40.242 (1061.494)	Log prob: 45.536 (1076.270)	KLD: 5.294 (14.776)	Grad: 0.052
No improvement after 25 epochs...
Training model 3/3...
[Epoch   1 (10.62s)]	ELBO: 10.481 (1077.724)	Log prob: 13.563 (1095.284)	KLD: 3.081 (17.560)	Grad: 0.019
[Epoch   2 (11.14s)]	ELBO: 14.552 (1079.229)	Log prob: 18.077 (1097.035)	KLD: 3.525 (17.806)	Grad: 0.023
[Epoch   3 (10.95s)]	ELBO: 15.525 (1079.771)	Log prob: 19.166 (1097.577)	KLD: 3.642 (17.806)	Grad: 0.025
[Epoch   4 (10.90s)]	ELBO: 16.230 (1079.702)	Log prob: 19.950 (1097.658)	KLD: 3.720 (17.956)	Grad: 0.027
[Epoch   5 (10.74s)]	ELBO: 16.714 (1079.697)	Log prob: 20.486 (1097.632)	KLD: 3.771 (17.934)	Grad: 0.029
[Epoch   6 (10.79s)]	ELBO: 17.109 (1080.075)	Log prob: 20.909 (1098.133)	KLD: 3.800 (18.058)	Grad: 0.030
[Epoch   7 (10.82s)]	ELBO: 17.430 (1080.343)	Log prob: 21.251 (1098.365)	KLD: 3.820 (18.022)	Grad: 0.031
[Epoch   8 (10.65s)]	ELBO: 17.706 (1080.277)	Log prob: 21.533 (1098.335)	KLD: 3.827 (18.058)	Grad: 0.032
[Epoch   9 (10.91s)]	ELBO: 17.918 (1080.024)	Log prob: 21.755 (1098.069)	KLD: 3.837 (18.045)	Grad: 0.033
[Epoch  10 (11.08s)]	ELBO: 18.110 (1080.525)	Log prob: 21.971 (1098.648)	KLD: 3.861 (18.123)	Grad: 0.033
[Epoch  11 (11.87s)]	ELBO: 18.272 (1080.185)	Log prob: 22.147 (1098.380)	KLD: 3.875 (18.195)	Grad: 0.034
[Epoch  12 (11.80s)]	ELBO: 18.522 (1080.588)	Log prob: 22.398 (1098.739)	KLD: 3.876 (18.150)	Grad: 0.034
[Epoch  13 (10.79s)]	ELBO: 18.626 (1080.362)	Log prob: 22.499 (1098.606)	KLD: 3.873 (18.244)	Grad: 0.034
[Epoch  14 (10.64s)]	ELBO: 18.799 (1080.549)	Log prob: 22.704 (1098.695)	KLD: 3.906 (18.146)	Grad: 0.035
[Epoch  15 (10.60s)]	ELBO: 18.919 (1081.077)	Log prob: 22.830 (1099.287)	KLD: 3.911 (18.210)	Grad: 0.035
[Epoch  16 (10.76s)]	ELBO: 19.031 (1080.882)	Log prob: 22.944 (1099.262)	KLD: 3.913 (18.380)	Grad: 0.036
[Epoch  17 (10.39s)]	ELBO: 19.143 (1080.304)	Log prob: 23.069 (1098.488)	KLD: 3.926 (18.184)	Grad: 0.036
[Epoch  18 (10.50s)]	ELBO: 19.261 (1080.892)	Log prob: 23.193 (1099.197)	KLD: 3.932 (18.305)	Grad: 0.036
[Epoch  19 (10.49s)]	ELBO: 19.361 (1080.934)	Log prob: 23.315 (1099.173)	KLD: 3.954 (18.239)	Grad: 0.037
[Epoch  20 (10.18s)]	ELBO: 19.443 (1081.279)	Log prob: 23.400 (1099.639)	KLD: 3.957 (18.360)	Grad: 0.037
[Epoch  21 (10.46s)]	ELBO: 19.560 (1080.650)	Log prob: 23.535 (1098.981)	KLD: 3.975 (18.331)	Grad: 0.037
[Epoch  22 (10.60s)]	ELBO: 19.640 (1080.891)	Log prob: 23.617 (1099.217)	KLD: 3.977 (18.326)	Grad: 0.037
[Epoch  23 (10.55s)]	ELBO: 19.753 (1081.672)	Log prob: 23.742 (1099.994)	KLD: 3.989 (18.322)	Grad: 0.037
[Epoch  24 (10.43s)]	ELBO: 19.807 (1081.056)	Log prob: 23.799 (1099.469)	KLD: 3.992 (18.412)	Grad: 0.038
[Epoch  25 (10.38s)]	ELBO: 19.864 (1081.646)	Log prob: 23.877 (1099.962)	KLD: 4.013 (18.316)	Grad: 0.038
[Epoch  26 (10.70s)]	ELBO: 19.951 (1081.169)	Log prob: 23.954 (1099.561)	KLD: 4.003 (18.393)	Grad: 0.038
[Epoch  27 (11.80s)]	ELBO: 20.013 (1081.503)	Log prob: 24.042 (1099.875)	KLD: 4.029 (18.372)	Grad: 0.038
[Epoch  28 (11.37s)]	ELBO: 20.060 (1081.016)	Log prob: 24.105 (1099.419)	KLD: 4.046 (18.403)	Grad: 0.039
[Epoch  29 (9.76s)]	ELBO: 20.132 (1080.632)	Log prob: 24.186 (1099.086)	KLD: 4.054 (18.453)	Grad: 0.039
[Epoch  30 (10.22s)]	ELBO: 20.232 (1080.972)	Log prob: 24.277 (1099.470)	KLD: 4.045 (18.498)	Grad: 0.039
[Epoch  31 (9.97s)]	ELBO: 20.279 (1081.325)	Log prob: 24.344 (1099.805)	KLD: 4.065 (18.480)	Grad: 0.039
[Epoch  32 (9.79s)]	ELBO: 20.369 (1081.521)	Log prob: 24.443 (1099.944)	KLD: 4.074 (18.422)	Grad: 0.039
[Epoch  33 (8.91s)]	ELBO: 20.406 (1081.775)	Log prob: 24.482 (1100.188)	KLD: 4.076 (18.413)	Grad: 0.039
[Epoch  34 (8.80s)]	ELBO: 20.409 (1081.681)	Log prob: 24.503 (1100.156)	KLD: 4.095 (18.475)	Grad: 0.040
[Epoch  35 (8.84s)]	ELBO: 20.458 (1081.277)	Log prob: 24.557 (1099.824)	KLD: 4.099 (18.547)	Grad: 0.040
[Epoch  36 (8.81s)]	ELBO: 20.550 (1081.283)	Log prob: 24.658 (1099.703)	KLD: 4.109 (18.419)	Grad: 0.040
[Epoch  37 (8.80s)]	ELBO: 20.590 (1081.289)	Log prob: 24.710 (1099.903)	KLD: 4.120 (18.614)	Grad: 0.040
[Epoch  38 (8.67s)]	ELBO: 20.650 (1080.831)	Log prob: 24.770 (1099.392)	KLD: 4.120 (18.562)	Grad: 0.040
[Epoch  39 (8.89s)]	ELBO: 20.687 (1081.710)	Log prob: 24.814 (1100.296)	KLD: 4.126 (18.586)	Grad: 0.040
[Epoch  40 (8.69s)]	ELBO: 20.710 (1081.520)	Log prob: 24.844 (1100.094)	KLD: 4.134 (18.575)	Grad: 0.040
[Epoch  41 (8.61s)]	ELBO: 20.801 (1081.345)	Log prob: 24.940 (1099.980)	KLD: 4.139 (18.635)	Grad: 0.040
[Epoch  42 (8.58s)]	ELBO: 20.816 (1081.178)	Log prob: 24.976 (1099.822)	KLD: 4.160 (18.644)	Grad: 0.041
[Epoch  43 (8.64s)]	ELBO: 20.837 (1081.183)	Log prob: 25.005 (1099.956)	KLD: 4.167 (18.773)	Grad: 0.041
[Epoch  44 (8.65s)]	ELBO: 20.873 (1081.205)	Log prob: 25.040 (1099.936)	KLD: 4.168 (18.732)	Grad: 0.041
[Epoch  45 (8.57s)]	ELBO: 20.936 (1081.303)	Log prob: 25.113 (1100.012)	KLD: 4.177 (18.709)	Grad: 0.041
[Epoch  46 (8.59s)]	ELBO: 20.976 (1081.025)	Log prob: 25.152 (1099.747)	KLD: 4.176 (18.722)	Grad: 0.041
[Epoch  47 (8.64s)]	ELBO: 21.007 (1081.381)	Log prob: 25.188 (1100.179)	KLD: 4.181 (18.798)	Grad: 0.041
[Epoch  48 (8.63s)]	ELBO: 21.070 (1081.462)	Log prob: 25.267 (1100.267)	KLD: 4.197 (18.806)	Grad: 0.041
[Epoch  49 (8.67s)]	ELBO: 21.085 (1081.339)	Log prob: 25.274 (1100.167)	KLD: 4.189 (18.828)	Grad: 0.042
[Epoch  50 (8.63s)]	ELBO: 21.111 (1081.747)	Log prob: 25.323 (1100.470)	KLD: 4.212 (18.723)	Grad: 0.041
[Epoch  51 (8.58s)]	ELBO: 21.125 (1080.904)	Log prob: 25.349 (1099.699)	KLD: 4.223 (18.795)	Grad: 0.042
[Epoch  52 (8.55s)]	ELBO: 21.174 (1081.103)	Log prob: 25.379 (1099.954)	KLD: 4.206 (18.850)	Grad: 0.042
[Epoch  53 (8.58s)]	ELBO: 21.212 (1081.067)	Log prob: 25.443 (1099.948)	KLD: 4.231 (18.881)	Grad: 0.042
[Epoch  54 (8.51s)]	ELBO: 21.245 (1080.941)	Log prob: 25.473 (1099.819)	KLD: 4.228 (18.878)	Grad: 0.042
[Epoch  55 (8.53s)]	ELBO: 21.246 (1080.957)	Log prob: 25.473 (1099.843)	KLD: 4.228 (18.886)	Grad: 0.042
[Epoch  56 (8.89s)]	ELBO: 21.316 (1081.424)	Log prob: 25.556 (1100.408)	KLD: 4.240 (18.984)	Grad: 0.042
[Epoch  57 (8.93s)]	ELBO: 21.338 (1080.988)	Log prob: 25.585 (1100.012)	KLD: 4.247 (19.025)	Grad: 0.042
No improvement after 25 epochs...
Best epoch(s): [237, 111, 33]	Training time(s): 9266.08s, 2613.77s, 559.85s (12439.70s)	Best ELBO: 21.338 (1081.775)	Best log prob: 25.585 (1100.470)
Avg. mu: 0.913, 0.445, 0.022, -0.122, -0.173, 0.093
Avg. var: 0.006, 0.006, 0.022, 0.023, 0.059, 0.048
Max. mu: 6.205, 8.471, 5.129, 4.960, 5.647, 5.599
Max. var: 0.456, 0.342, 0.644, 0.448, 0.514, 2.906
Min. mu: -5.350, -5.126, -5.451, -5.544, -4.961, -4.557
Min. var: 0.000, 0.000, 0.001, 0.001, 0.000, 0.000
Cov. mu:
[[4.093 -2.199 -0.624 0.018 -0.656 -0.030]
 [-2.199 4.801 0.525 0.080 0.416 0.037]
 [-0.624 0.525 1.989 -0.259 0.161 0.028]
 [0.018 0.080 -0.259 1.683 -0.119 0.135]
 [-0.656 0.416 0.161 -0.119 1.404 -0.031]
 [-0.030 0.037 0.028 0.135 -0.031 1.429]]
