Seed: 2022
=================================================================
Layer (type:depth-idx)                   Param #
=================================================================
RNN                                      --
├─Canvas: 1-1                            --
│    └─Linear: 2-1                       784
├─Encoder: 1-2                           --
│    └─Linear: 2-2                       76,930
│    └─Linear: 2-3                       9,702
├─ModuleList: 1-3                        --
│    └─EncoderToLatents: 2-4             --
│    │    └─Linear: 3-1                  99
│    │    └─Linear: 3-2                  99
│    └─EncoderToLatents: 2-5             --
│    │    └─Linear: 3-3                  99
│    │    └─Linear: 3-4                  99
│    └─EncoderToLatents: 2-6             --
│    │    └─Linear: 3-5                  99
│    │    └─Linear: 3-6                  99
│    └─EncoderToLatents: 2-7             --
│    │    └─Linear: 3-7                  99
│    │    └─Linear: 3-8                  99
│    └─EncoderToLatents: 2-8             --
│    │    └─Linear: 3-9                  99
│    │    └─Linear: 3-10                 99
│    └─EncoderToLatents: 2-9             --
│    │    └─Linear: 3-11                 99
│    │    └─Linear: 3-12                 99
│    └─EncoderToLatents: 2-10            --
│    │    └─Linear: 3-13                 99
│    │    └─Linear: 3-14                 99
│    └─EncoderToLatents: 2-11            --
│    │    └─Linear: 3-15                 99
│    │    └─Linear: 3-16                 99
│    └─EncoderToLatents: 2-12            --
│    │    └─Linear: 3-17                 99
│    │    └─Linear: 3-18                 99
│    └─EncoderToLatents: 2-13            --
│    │    └─Linear: 3-19                 99
│    │    └─Linear: 3-20                 99
├─LatentsToLatentsComplicated: 1-4       --
│    └─Linear: 2-14                      500
│    └─Linear: 2-15                      10,100
│    └─Linear: 2-16                      10,100
│    └─Linear: 2-17                      101
│    └─Linear: 2-18                      101
├─ModuleList: 1-5                        --
│    └─LatentsToDecoder: 2-19            --
│    │    └─Linear: 3-21                 196
│    └─LatentsToDecoder: 2-20            --
│    │    └─Linear: 3-22                 196
│    └─LatentsToDecoder: 2-21            --
│    │    └─Linear: 3-23                 196
│    └─LatentsToDecoder: 2-22            --
│    │    └─Linear: 3-24                 196
│    └─LatentsToDecoder: 2-23            --
│    │    └─Linear: 3-25                 196
│    └─LatentsToDecoder: 2-24            --
│    │    └─Linear: 3-26                 196
│    └─LatentsToDecoder: 2-25            --
│    │    └─Linear: 3-27                 196
│    └─LatentsToDecoder: 2-26            --
│    │    └─Linear: 3-28                 196
│    └─LatentsToDecoder: 2-27            --
│    │    └─Linear: 3-29                 196
│    └─LatentsToDecoder: 2-28            --
│    │    └─Linear: 3-30                 196
├─Decoder: 1-6                           --
│    └─Linear: 2-29                      9,702
│    └─Linear: 2-30                      77,616
=================================================================
Total params: 199,576
Trainable params: 199,576
Non-trainable params: 0
=================================================================
[Epoch   1 (80.64s)]	ELBO (bits/dim): 2.25256, 2.36438, 2.39161, 2.40480, 2.41195, 2.41440, 2.41336, 2.40988, 2.40426, 2.39594 (2.61796)	Reconstruction error (/dim): 0.08186, 0.07790, 0.07728, 0.07781, 0.07832, 0.07867, 0.07932, 0.07983, 0.08033, 0.08105 (0.06624)	KLD: 8.604, 2.143, 1.334, 0.316, 0.456, 0.340, 0.360, 0.353, 0.433, 0.328 (13.297)	Grad: 1196.8
[Epoch   2 (73.31s)]	ELBO (bits/dim): 2.47073, 2.61525, 2.68598, 2.74637, 2.75867, 2.76535, 2.76663, 2.76831, 2.76697, 2.76564 (2.87522)	Reconstruction error (/dim): 0.07897, 0.07074, 0.06597, 0.06139, 0.06007, 0.05971, 0.05962, 0.05944, 0.05950, 0.05982 (0.05177)	KLD: 4.421, 3.928, 2.763, 2.344, 1.424, 1.266, 0.568, 0.581, 0.474, 0.355 (18.837)	Grad: 1589.4
[Epoch   3 (74.15s)]	ELBO (bits/dim): 2.52210, 2.65702, 2.75206, 2.84731, 2.88686, 2.90100, 2.91785, 2.92947, 2.93017, 2.92951 (2.99808)	Reconstruction error (/dim): 0.07582, 0.06925, 0.06301, 0.05605, 0.05175, 0.05050, 0.04859, 0.04722, 0.04711, 0.04717 (0.04201)	KLD: 3.916, 3.407, 2.737, 2.977, 2.073, 1.527, 1.502, 1.540, 0.844, 0.572 (21.947)	Grad: 1788.0
[Epoch   4 (73.96s)]	ELBO (bits/dim): 2.56523, 2.68175, 2.78231, 2.88307, 2.93592, 2.96411, 2.99043, 3.00824, 3.00875, 3.00984 (3.05093)	Reconstruction error (/dim): 0.07284, 0.06810, 0.06146, 0.05356, 0.04868, 0.04622, 0.04344, 0.04152, 0.04142, 0.04131 (0.03801)	KLD: 3.616, 3.133, 2.807, 2.836, 2.186, 1.903, 1.779, 1.689, 1.056, 0.942 (21.999)	Grad: 1717.5
[Epoch   5 (73.78s)]	ELBO (bits/dim): 2.58296, 2.70438, 2.81577, 2.91008, 2.96450, 2.99788, 3.02618, 3.04652, 3.04834, 3.05178 (3.08115)	Reconstruction error (/dim): 0.07202, 0.06668, 0.05847, 0.05131, 0.04665, 0.04365, 0.04080, 0.03891, 0.03866, 0.03822 (0.03549)	KLD: 3.569, 3.171, 2.831, 2.688, 2.223, 1.974, 1.763, 1.692, 1.172, 1.177 (22.242)	Grad: 1608.4
[Epoch   6 (72.59s)]	ELBO (bits/dim): 2.59150, 2.71954, 2.83750, 2.92771, 2.98321, 3.01908, 3.04784, 3.06863, 3.07251, 3.07767 (3.10492)	Reconstruction error (/dim): 0.07182, 0.06581, 0.05687, 0.04995, 0.04530, 0.04207, 0.03924, 0.03731, 0.03679, 0.03615 (0.03407)	KLD: 3.536, 3.260, 2.833, 2.615, 2.244, 1.979, 1.772, 1.734, 1.298, 1.310 (22.708)	Grad: 1587.1
[Epoch   7 (72.76s)]	ELBO (bits/dim): 2.59708, 2.72948, 2.85164, 2.94050, 2.99684, 3.03500, 3.06284, 3.08453, 3.09130, 3.09784 (3.12180)	Reconstruction error (/dim): 0.07146, 0.06517, 0.05601, 0.04906, 0.04432, 0.04090, 0.03823, 0.03619, 0.03533, 0.03457 (0.03291)	KLD: 3.516, 3.301, 2.846, 2.587, 2.273, 1.990, 1.769, 1.751, 1.470, 1.344 (22.794)	Grad: 1572.5
[Epoch   8 (72.92s)]	ELBO (bits/dim): 2.60134, 2.73668, 2.86130, 2.94990, 3.00622, 3.04599, 3.07307, 3.09515, 3.10511, 3.11215 (3.13548)	Reconstruction error (/dim): 0.07105, 0.06459, 0.05541, 0.04841, 0.04366, 0.04014, 0.03757, 0.03547, 0.03431, 0.03356 (0.03193)	KLD: 3.504, 3.309, 2.863, 2.585, 2.281, 2.006, 1.766, 1.755, 1.568, 1.322 (23.129)	Grad: 1663.8
[Epoch   9 (72.35s)]	ELBO (bits/dim): 2.60482, 2.74290, 2.87008, 2.95802, 3.01407, 3.05537, 3.08159, 3.10408, 3.11610, 3.12340 (3.14468)	Reconstruction error (/dim): 0.07070, 0.06403, 0.05479, 0.04777, 0.04307, 0.03943, 0.03702, 0.03486, 0.03356, 0.03279 (0.03126)	KLD: 3.501, 3.329, 2.873, 2.584, 2.279, 2.029, 1.765, 1.775, 1.564, 1.309 (22.907)	Grad: 1524.3
[Epoch  10 (73.16s)]	ELBO (bits/dim): 2.60862, 2.75069, 2.87939, 2.96460, 3.02035, 3.06322, 3.08896, 3.11164, 3.12566, 3.13287 (3.15058)	Reconstruction error (/dim): 0.07019, 0.06326, 0.05404, 0.04726, 0.04262, 0.03885, 0.03656, 0.03436, 0.03290, 0.03216 (0.03083)	KLD: 3.518, 3.349, 2.878, 2.596, 2.281, 2.036, 1.772, 1.790, 1.581, 1.322 (22.720)	Grad: 1538.5
[Epoch  11 (72.62s)]	ELBO (bits/dim): 2.61356, 2.75868, 2.88895, 2.97108, 3.02675, 3.07061, 3.09576, 3.11891, 3.13376, 3.14103 (3.15894)	Reconstruction error (/dim): 0.06972, 0.06249, 0.05330, 0.04673, 0.04214, 0.03827, 0.03609, 0.03386, 0.03235, 0.03158 (0.03032)	KLD: 3.540, 3.365, 2.902, 2.619, 2.291, 2.051, 1.769, 1.792, 1.583, 1.335 (23.062)	Grad: 1477.6
[Epoch  12 (72.12s)]	ELBO (bits/dim): 2.61727, 2.76495, 2.89572, 2.97667, 3.03216, 3.07689, 3.10168, 3.12508, 3.13989, 3.14713 (3.16497)	Reconstruction error (/dim): 0.06952, 0.06187, 0.05277, 0.04628, 0.04175, 0.03780, 0.03569, 0.03343, 0.03193, 0.03118 (0.02964)	KLD: 3.563, 3.388, 2.896, 2.634, 2.300, 2.063, 1.767, 1.793, 1.593, 1.319 (22.948)	Grad: 1587.5
[Epoch  13 (71.67s)]	ELBO (bits/dim): 2.62032, 2.77074, 2.90195, 2.98204, 3.03730, 3.08262, 3.10721, 3.13050, 3.14542, 3.15256 (3.17118)	Reconstruction error (/dim): 0.06939, 0.06134, 0.05223, 0.04585, 0.04138, 0.03740, 0.03531, 0.03308, 0.03158, 0.03084 (0.02935)	KLD: 3.585, 3.411, 2.909, 2.646, 2.308, 2.073, 1.755, 1.793, 1.601, 1.309 (23.363)	Grad: 1514.9
[Epoch  14 (71.66s)]	ELBO (bits/dim): 2.62279, 2.77605, 2.90726, 2.98670, 3.04197, 3.08767, 3.11191, 3.13524, 3.14991, 3.15703 (3.17443)	Reconstruction error (/dim): 0.06934, 0.06095, 0.05183, 0.04547, 0.04105, 0.03703, 0.03498, 0.03276, 0.03129, 0.03054 (0.02892)	KLD: 3.595, 3.429, 2.909, 2.664, 2.311, 2.074, 1.748, 1.783, 1.600, 1.286 (23.078)	Grad: 1639.0
[Epoch  15 (73.98s)]	ELBO (bits/dim): 2.62547, 2.77943, 2.91133, 2.99058, 3.04575, 3.09184, 3.11611, 3.13911, 3.15389, 3.16094 (3.17636)	Reconstruction error (/dim): 0.06918, 0.06074, 0.05154, 0.04520, 0.04081, 0.03677, 0.03472, 0.03250, 0.03103, 0.03029 (0.02895)	KLD: 3.608, 3.442, 2.917, 2.666, 2.309, 2.077, 1.743, 1.776, 1.598, 1.264 (23.631)	Grad: 1616.8
[Epoch  16 (71.73s)]	ELBO (bits/dim): 2.62910, 2.78272, 2.91465, 2.99407, 3.04889, 3.09535, 3.11944, 3.14235, 3.15702, 3.16400 (3.17894)	Reconstruction error (/dim): 0.06895, 0.06055, 0.05133, 0.04495, 0.04060, 0.03655, 0.03451, 0.03230, 0.03084, 0.03010 (0.02886)	KLD: 3.622, 3.462, 2.921, 2.675, 2.309, 2.079, 1.745, 1.776, 1.595, 1.255 (22.937)	Grad: 1673.9
[Epoch  17 (71.76s)]	ELBO (bits/dim): 2.63132, 2.78666, 2.91824, 2.99678, 3.05194, 3.09867, 3.12254, 3.14542, 3.15972, 3.16679 (3.18154)	Reconstruction error (/dim): 0.06886, 0.06028, 0.05105, 0.04475, 0.04038, 0.03631, 0.03428, 0.03208, 0.03067, 0.02992 (0.02857)	KLD: 3.624, 3.479, 2.919, 2.679, 2.311, 2.079, 1.737, 1.769, 1.598, 1.244 (23.640)	Grad: 1697.5
[Epoch  18 (71.63s)]	ELBO (bits/dim): 2.63303, 2.78917, 2.92145, 2.99946, 3.05473, 3.10168, 3.12571, 3.14849, 3.16261, 3.16961 (3.18193)	Reconstruction error (/dim): 0.06877, 0.06010, 0.05079, 0.04456, 0.04020, 0.03611, 0.03406, 0.03186, 0.03046, 0.02973 (0.02869)	KLD: 3.645, 3.494, 2.927, 2.682, 2.312, 2.082, 1.740, 1.768, 1.593, 1.242 (23.157)	Grad: 1759.6
[Epoch  19 (72.05s)]	ELBO (bits/dim): 2.63469, 2.79055, 2.92362, 3.00137, 3.05656, 3.10357, 3.12744, 3.15001, 3.16390, 3.17104 (3.18684)	Reconstruction error (/dim): 0.06869, 0.06000, 0.05060, 0.04439, 0.04005, 0.03596, 0.03393, 0.03174, 0.03038, 0.02963 (0.02847)	KLD: 3.646, 3.500, 2.924, 2.684, 2.313, 2.086, 1.739, 1.763, 1.582, 1.234 (23.580)	Grad: 1707.2
[Epoch  20 (72.95s)]	ELBO (bits/dim): 2.63572, 2.79416, 2.92618, 3.00415, 3.05956, 3.10704, 3.13074, 3.15330, 3.16693, 3.17385 (3.19035)	Reconstruction error (/dim): 0.06865, 0.05976, 0.05037, 0.04417, 0.03985, 0.03574, 0.03368, 0.03150, 0.03017, 0.02943 (0.02831)	KLD: 3.657, 3.515, 2.927, 2.688, 2.328, 2.095, 1.736, 1.765, 1.587, 1.236 (23.761)	Grad: 1655.9
[Epoch  21 (73.57s)]	ELBO (bits/dim): 2.63699, 2.79725, 2.92798, 3.00616, 3.06169, 3.10927, 3.13296, 3.15556, 3.16891, 3.17585 (3.18863)	Reconstruction error (/dim): 0.06852, 0.05953, 0.05026, 0.04405, 0.03972, 0.03558, 0.03351, 0.03132, 0.03003, 0.02930 (0.02830)	KLD: 3.673, 3.540, 2.925, 2.696, 2.326, 2.096, 1.732, 1.748, 1.580, 1.199 (23.206)	Grad: 1759.6
[Epoch  22 (73.20s)]	ELBO (bits/dim): 2.63822, 2.79930, 2.92828, 3.00768, 3.06254, 3.11020, 3.13385, 3.15671, 3.16970, 3.17665 (3.18654)	Reconstruction error (/dim): 0.06845, 0.05934, 0.05019, 0.04393, 0.03965, 0.03552, 0.03344, 0.03123, 0.03000, 0.02926 (0.02864)	KLD: 3.669, 3.538, 2.923, 2.708, 2.315, 2.106, 1.735, 1.761, 1.576, 1.203 (23.497)	Grad: 1869.4
[Epoch  23 (73.52s)]	ELBO (bits/dim): 2.63911, 2.79955, 2.92747, 3.00758, 3.06173, 3.10922, 3.13308, 3.15610, 3.16874, 3.17564 (3.19135)	Reconstruction error (/dim): 0.06836, 0.05927, 0.05019, 0.04395, 0.03974, 0.03563, 0.03350, 0.03129, 0.03009, 0.02938 (0.02804)	KLD: 3.671, 3.545, 2.924, 2.704, 2.314, 2.095, 1.734, 1.771, 1.564, 1.197 (23.261)	Grad: 1982.1
[Epoch  24 (74.23s)]	ELBO (bits/dim): 2.64049, 2.80508, 2.93259, 3.01147, 3.06642, 3.11444, 3.13827, 3.16099, 3.17352, 3.18027 (3.19348)	Reconstruction error (/dim): 0.06826, 0.05884, 0.04983, 0.04361, 0.03935, 0.03522, 0.03311, 0.03089, 0.02974, 0.02901 (0.02814)	KLD: 3.690, 3.559, 2.940, 2.708, 2.335, 2.099, 1.739, 1.760, 1.562, 1.190 (23.918)	Grad: 1826.1
[Epoch  25 (82.35s)]	ELBO (bits/dim): 2.64134, 2.80756, 2.93598, 3.01458, 3.06920, 3.11733, 3.14094, 3.16376, 3.17612, 3.18301 (3.19567)	Reconstruction error (/dim): 0.06820, 0.05868, 0.04959, 0.04339, 0.03916, 0.03503, 0.03291, 0.03071, 0.02955, 0.02882 (0.02770)	KLD: 3.696, 3.587, 2.943, 2.718, 2.337, 2.103, 1.729, 1.761, 1.556, 1.180 (23.315)	Grad: 1806.7
[Epoch  26 (83.30s)]	ELBO (bits/dim): 2.64203, 2.80838, 2.93577, 3.01414, 3.06901, 3.11732, 3.14124, 3.16416, 3.17616, 3.18334 (3.18676)	Reconstruction error (/dim): 0.06819, 0.05860, 0.04958, 0.04346, 0.03920, 0.03503, 0.03288, 0.03068, 0.02957, 0.02881 (0.02842)	KLD: 3.704, 3.580, 2.941, 2.719, 2.343, 2.106, 1.743, 1.766, 1.552, 1.191 (23.608)	Grad: 1971.5
[Epoch  27 (81.53s)]	ELBO (bits/dim): 2.64238, 2.80702, 2.93565, 3.01395, 3.06882, 3.11675, 3.14050, 3.16341, 3.17527, 3.18212 (3.19655)	Reconstruction error (/dim): 0.06817, 0.05869, 0.04958, 0.04344, 0.03921, 0.03510, 0.03293, 0.03073, 0.02963, 0.02892 (0.02803)	KLD: 3.697, 3.574, 2.957, 2.723, 2.336, 2.105, 1.750, 1.763, 1.539, 1.191 (23.554)	Grad: 2194.8
[Epoch  28 (78.65s)]	ELBO (bits/dim): 2.64367, 2.81186, 2.93893, 3.01681, 3.07118, 3.11939, 3.14316, 3.16638, 3.17796, 3.18486 (3.19009)	Reconstruction error (/dim): 0.06818, 0.05833, 0.04935, 0.04325, 0.03904, 0.03488, 0.03272, 0.03052, 0.02944, 0.02873 (0.02782)	KLD: 3.718, 3.597, 2.940, 2.734, 2.342, 2.106, 1.748, 1.756, 1.525, 1.184 (23.512)	Grad: 2058.9
[Epoch  29 (71.09s)]	ELBO (bits/dim): 2.64455, 2.81137, 2.93787, 3.01588, 3.07003, 3.11802, 3.14148, 3.16445, 3.17568, 3.18251 (3.20041)	Reconstruction error (/dim): 0.06804, 0.05832, 0.04936, 0.04329, 0.03911, 0.03499, 0.03284, 0.03066, 0.02962, 0.02889 (0.02769)	KLD: 3.709, 3.603, 2.945, 2.721, 2.338, 2.109, 1.761, 1.744, 1.520, 1.184 (23.591)	Grad: 2237.6
[Epoch  30 (71.05s)]	ELBO (bits/dim): 2.64540, 2.81471, 2.94015, 3.01885, 3.07313, 3.12120, 3.14497, 3.16742, 3.17883, 3.18580 (3.19968)	Reconstruction error (/dim): 0.06805, 0.05815, 0.04923, 0.04309, 0.03890, 0.03477, 0.03262, 0.03047, 0.02942, 0.02868 (0.02757)	KLD: 3.714, 3.604, 2.950, 2.739, 2.335, 2.103, 1.770, 1.740, 1.522, 1.199 (23.839)	Grad: 2245.5
[Epoch  31 (70.15s)]	ELBO (bits/dim): 2.64677, 2.81775, 2.94203, 3.02066, 3.07513, 3.12335, 3.14700, 3.16986, 3.18108, 3.18823 (3.20303)	Reconstruction error (/dim): 0.06792, 0.05795, 0.04911, 0.04298, 0.03878, 0.03463, 0.03247, 0.03030, 0.02926, 0.02851 (0.02722)	KLD: 3.728, 3.610, 2.950, 2.736, 2.354, 2.110, 1.769, 1.736, 1.513, 1.174 (23.792)	Grad: 2091.0
[Epoch  32 (70.47s)]	ELBO (bits/dim): 2.64596, 2.80813, 2.93623, 3.01360, 3.06872, 3.11643, 3.14017, 3.16312, 3.17439, 3.18112 (3.19853)	Reconstruction error (/dim): 0.06802, 0.05845, 0.04946, 0.04349, 0.03924, 0.03515, 0.03296, 0.03080, 0.02975, 0.02905 (0.02771)	KLD: 3.715, 3.585, 2.959, 2.741, 2.339, 2.093, 1.770, 1.750, 1.523, 1.178 (23.171)	Grad: 2492.3
[Epoch  33 (70.17s)]	ELBO (bits/dim): 2.64747, 2.81707, 2.94081, 3.02049, 3.07515, 3.12335, 3.14739, 3.16999, 3.18138, 3.18787 (3.19924)	Reconstruction error (/dim): 0.06792, 0.05793, 0.04905, 0.04295, 0.03874, 0.03464, 0.03241, 0.03027, 0.02923, 0.02854 (0.02751)	KLD: 3.726, 3.607, 2.953, 2.751, 2.350, 2.101, 1.782, 1.743, 1.504, 1.157 (23.157)	Grad: 2252.1
[Epoch  34 (74.77s)]	ELBO (bits/dim): 2.64815, 2.81821, 2.94178, 3.02145, 3.07563, 3.12343, 3.14744, 3.17049, 3.18186, 3.18884 (3.19999)	Reconstruction error (/dim): 0.06793, 0.05783, 0.04901, 0.04289, 0.03870, 0.03464, 0.03241, 0.03026, 0.02921, 0.02848 (0.02786)	KLD: 3.726, 3.613, 2.957, 2.747, 2.366, 2.092, 1.782, 1.748, 1.495, 1.168 (23.660)	Grad: 2406.6
[Epoch  35 (83.96s)]	ELBO (bits/dim): 2.64852, 2.82130, 2.94018, 3.02060, 3.07378, 3.12134, 3.14530, 3.16835, 3.17987, 3.18694 (3.19987)	Reconstruction error (/dim): 0.06788, 0.05758, 0.04912, 0.04300, 0.03887, 0.03482, 0.03260, 0.03043, 0.02936, 0.02862 (0.02738)	KLD: 3.721, 3.608, 2.942, 2.750, 2.349, 2.093, 1.801, 1.754, 1.510, 1.158 (23.720)	Grad: 2530.6
[Epoch  36 (82.00s)]	ELBO (bits/dim): 2.64857, 2.82299, 2.94142, 3.02055, 3.07358, 3.12097, 3.14541, 3.16831, 3.17991, 3.18757 (3.19624)	Reconstruction error (/dim): 0.06795, 0.05744, 0.04904, 0.04301, 0.03888, 0.03484, 0.03259, 0.03044, 0.02937, 0.02858 (0.02795)	KLD: 3.728, 3.594, 2.949, 2.753, 2.359, 2.083, 1.814, 1.756, 1.514, 1.197 (23.128)	Grad: 2389.4
[Epoch  37 (80.77s)]	ELBO (bits/dim): 2.64934, 2.82169, 2.93826, 3.01860, 3.07232, 3.11941, 3.14437, 3.16680, 3.17901, 3.18626 (3.19677)	Reconstruction error (/dim): 0.06796, 0.05753, 0.04931, 0.04317, 0.03898, 0.03499, 0.03268, 0.03056, 0.02943, 0.02869 (0.02790)	KLD: 3.713, 3.566, 2.949, 2.761, 2.359, 2.089, 1.832, 1.755, 1.546, 1.181 (23.565)	Grad: 2513.3
[Epoch  38 (82.27s)]	ELBO (bits/dim): 2.65008, 2.82326, 2.93713, 3.01656, 3.07213, 3.11857, 3.14329, 3.16573, 3.17789, 3.18516 (3.19620)	Reconstruction error (/dim): 0.06791, 0.05726, 0.04940, 0.04334, 0.03900, 0.03505, 0.03276, 0.03065, 0.02954, 0.02878 (0.02792)	KLD: 3.726, 3.558, 2.941, 2.754, 2.371, 2.100, 1.821, 1.733, 1.533, 1.185 (24.016)	Grad: 2637.5
[Epoch  39 (83.69s)]	ELBO (bits/dim): 2.64971, 2.82049, 2.93367, 3.01275, 3.06966, 3.11591, 3.14120, 3.16394, 3.17622, 3.18332 (3.19974)	Reconstruction error (/dim): 0.06806, 0.05742, 0.04957, 0.04357, 0.03913, 0.03523, 0.03291, 0.03077, 0.02963, 0.02891 (0.02757)	KLD: 3.730, 3.532, 2.945, 2.770, 2.374, 2.097, 1.843, 1.739, 1.531, 1.168 (23.849)	Grad: 2702.9
[Epoch  40 (83.98s)]	ELBO (bits/dim): 2.65165, 2.82112, 2.93801, 3.01969, 3.07369, 3.12055, 3.14499, 3.16728, 3.17926, 3.18595 (3.19772)	Reconstruction error (/dim): 0.06766, 0.05763, 0.04928, 0.04303, 0.03886, 0.03488, 0.03262, 0.03052, 0.02943, 0.02874 (0.02780)	KLD: 3.737, 3.571, 2.941, 2.769, 2.365, 2.094, 1.823, 1.753, 1.526, 1.143 (23.578)	Grad: 2883.9
No improvement after 10 epochs...
Best epoch(s): [31]	Training time(s): 3006.50s (3006.50s)	Best ELBO (bits/dim): 3.18884 (3.20303)	Best reconstruction error (/dim): 0.08105 (0.06624)
Avg. mu: -0.058, -0.083, 0.124, -0.035, -0.013, 0.206, 0.057, -0.093, -0.187, 0.030
Avg. var: 0.002, 0.003, 0.003, 0.006, 0.010, 0.014, 0.029, 0.033, 0.045, 0.090
Max. mu: 5.981, 5.510, 3.653, 4.981, 3.965, 4.312, 3.730, 3.362, 3.193, 2.494
Max. var: 0.034, 0.072, 0.031, 0.048, 0.083, 0.076, 0.162, 0.160, 0.153, 0.159
Min. mu: -4.442, -4.859, -4.384, -4.029, -3.626, -3.537, -3.294, -3.912, -3.992, -2.800
Min. var: 0.000, 0.000, 0.000, 0.000, 0.001, 0.004, 0.004, 0.004, 0.007, 0.007
Cov. mu:
[[1.861 0.335 0.045 -0.312 0.084 -0.093 0.053 -0.074 -0.032 -0.015]
 [0.335 1.825 0.121 0.150 0.159 -0.012 0.101 -0.026 -0.002 -0.130]
 [0.045 0.121 0.904 -0.029 0.071 0.018 0.012 -0.043 -0.066 -0.034]
 [-0.312 0.150 -0.029 1.256 0.021 -0.050 0.020 -0.006 -0.010 0.004]
 [0.084 0.159 0.071 0.021 0.877 0.004 0.040 -0.044 0.008 -0.008]
 [-0.093 -0.012 0.018 -0.050 0.004 0.905 0.019 0.011 -0.015 0.035]
 [0.053 0.101 0.012 0.020 0.040 0.019 0.783 -0.058 0.050 -0.021]
 [-0.074 -0.026 -0.043 -0.006 -0.044 0.011 -0.058 0.815 -0.021 0.028]
 [-0.032 -0.002 -0.066 -0.010 0.008 -0.015 0.050 -0.021 0.832 -0.008]
 [-0.015 -0.130 -0.034 0.004 -0.008 0.035 -0.021 0.028 -0.008 0.773]]
