Encoder
=================================================================
Layer (type:depth-idx)                   Param #
=================================================================
Encoder                                  --
├─Linear: 1-1                            76,930
├─Linear: 1-2                            9,702
=================================================================
Total params: 86,632
Trainable params: 86,632
Non-trainable params: 0
=================================================================
Encoder Latents to Latents 0
=================================================================
Layer (type:depth-idx)                   Param #
=================================================================
EncoderLatentsToLatents                  --
├─Linear: 1-1                            38,612
├─Linear: 1-2                            197
├─Linear: 1-3                            197
=================================================================
Total params: 39,006
Trainable params: 39,006
Non-trainable params: 0
=================================================================
Encoder Latents to Latents 1
=================================================================
Layer (type:depth-idx)                   Param #
=================================================================
EncoderLatentsToLatents                  --
├─Linear: 1-1                            39,402
├─Linear: 1-2                            199
├─Linear: 1-3                            199
=================================================================
Total params: 39,800
Trainable params: 39,800
Non-trainable params: 0
=================================================================
Encoder Latents to Latents 2
=================================================================
Layer (type:depth-idx)                   Param #
=================================================================
EncoderLatentsToLatents                  --
├─Linear: 1-1                            40,200
├─Linear: 1-2                            201
├─Linear: 1-3                            201
=================================================================
Total params: 40,602
Trainable params: 40,602
Non-trainable params: 0
=================================================================
Encoder Latents to Latents 3
=================================================================
Layer (type:depth-idx)                   Param #
=================================================================
EncoderLatentsToLatents                  --
├─Linear: 1-1                            41,006
├─Linear: 1-2                            203
├─Linear: 1-3                            203
=================================================================
Total params: 41,412
Trainable params: 41,412
Non-trainable params: 0
=================================================================
Encoder Latents to Latents 4
=================================================================
Layer (type:depth-idx)                   Param #
=================================================================
EncoderLatentsToLatents                  --
├─Linear: 1-1                            41,820
├─Linear: 1-2                            205
├─Linear: 1-3                            205
=================================================================
Total params: 42,230
Trainable params: 42,230
Non-trainable params: 0
=================================================================
Encoder Latents to Latents 5
=================================================================
Layer (type:depth-idx)                   Param #
=================================================================
EncoderLatentsToLatents                  --
├─Linear: 1-1                            42,642
├─Linear: 1-2                            207
├─Linear: 1-3                            207
=================================================================
Total params: 43,056
Trainable params: 43,056
Non-trainable params: 0
=================================================================
Encoder Latents to Latents 6
=================================================================
Layer (type:depth-idx)                   Param #
=================================================================
EncoderLatentsToLatents                  --
├─Linear: 1-1                            43,472
├─Linear: 1-2                            209
├─Linear: 1-3                            209
=================================================================
Total params: 43,890
Trainable params: 43,890
Non-trainable params: 0
=================================================================
Encoder Latents to Latents 7
=================================================================
Layer (type:depth-idx)                   Param #
=================================================================
EncoderLatentsToLatents                  --
├─Linear: 1-1                            44,310
├─Linear: 1-2                            211
├─Linear: 1-3                            211
=================================================================
Total params: 44,732
Trainable params: 44,732
Non-trainable params: 0
=================================================================
Encoder Latents to Latents 8
=================================================================
Layer (type:depth-idx)                   Param #
=================================================================
EncoderLatentsToLatents                  --
├─Linear: 1-1                            45,156
├─Linear: 1-2                            213
├─Linear: 1-3                            213
=================================================================
Total params: 45,582
Trainable params: 45,582
Non-trainable params: 0
=================================================================
Encoder Latents to Latents 9
=================================================================
Layer (type:depth-idx)                   Param #
=================================================================
EncoderLatentsToLatents                  --
├─Linear: 1-1                            46,010
├─Linear: 1-2                            215
├─Linear: 1-3                            215
=================================================================
Total params: 46,440
Trainable params: 46,440
Non-trainable params: 0
=================================================================
Latents to Decoder 0
=================================================================
Layer (type:depth-idx)                   Param #
=================================================================
LatentsToDecoder                         --
├─Linear: 1-1                            196
=================================================================
Total params: 196
Trainable params: 196
Non-trainable params: 0
=================================================================
Latents to Decoder 1
=================================================================
Layer (type:depth-idx)                   Param #
=================================================================
LatentsToDecoder                         --
├─Linear: 1-1                            196
=================================================================
Total params: 196
Trainable params: 196
Non-trainable params: 0
=================================================================
Latents to Decoder 2
=================================================================
Layer (type:depth-idx)                   Param #
=================================================================
LatentsToDecoder                         --
├─Linear: 1-1                            196
=================================================================
Total params: 196
Trainable params: 196
Non-trainable params: 0
=================================================================
Latents to Decoder 3
=================================================================
Layer (type:depth-idx)                   Param #
=================================================================
LatentsToDecoder                         --
├─Linear: 1-1                            196
=================================================================
Total params: 196
Trainable params: 196
Non-trainable params: 0
=================================================================
Latents to Decoder 4
=================================================================
Layer (type:depth-idx)                   Param #
=================================================================
LatentsToDecoder                         --
├─Linear: 1-1                            196
=================================================================
Total params: 196
Trainable params: 196
Non-trainable params: 0
=================================================================
Latents to Decoder 5
=================================================================
Layer (type:depth-idx)                   Param #
=================================================================
LatentsToDecoder                         --
├─Linear: 1-1                            196
=================================================================
Total params: 196
Trainable params: 196
Non-trainable params: 0
=================================================================
Latents to Decoder 6
=================================================================
Layer (type:depth-idx)                   Param #
=================================================================
LatentsToDecoder                         --
├─Linear: 1-1                            196
=================================================================
Total params: 196
Trainable params: 196
Non-trainable params: 0
=================================================================
Latents to Decoder 7
=================================================================
Layer (type:depth-idx)                   Param #
=================================================================
LatentsToDecoder                         --
├─Linear: 1-1                            196
=================================================================
Total params: 196
Trainable params: 196
Non-trainable params: 0
=================================================================
Latents to Decoder 8
=================================================================
Layer (type:depth-idx)                   Param #
=================================================================
LatentsToDecoder                         --
├─Linear: 1-1                            196
=================================================================
Total params: 196
Trainable params: 196
Non-trainable params: 0
=================================================================
Latents to Decoder 9
=================================================================
Layer (type:depth-idx)                   Param #
=================================================================
LatentsToDecoder                         --
├─Linear: 1-1                            196
=================================================================
Total params: 196
Trainable params: 196
Non-trainable params: 0
=================================================================
Decoder
=================================================================
Layer (type:depth-idx)                   Param #
=================================================================
Decoder                                  --
├─Linear: 1-1                            9,702
├─Linear: 1-2                            77,616
=================================================================
Total params: 87,318
Trainable params: 87,318
Non-trainable params: 0
=================================================================
Training model 1/10...
[Epoch   1 (21.19s)]	ELBO: 1295.064 (1391.537)	Log prob: 1308.480 (1396.992)	KLD: 13.416 (5.455)	Grad: 0.210
[Epoch   2 (18.52s)]	ELBO: 1411.198 (1420.490)	Log prob: 1415.719 (1424.380)	KLD: 4.522 (3.890)	Grad: 0.131
[Epoch   3 (19.07s)]	ELBO: 1426.036 (1429.346)	Log prob: 1429.807 (1432.985)	KLD: 3.771 (3.638)	Grad: 0.114
[Epoch   4 (18.39s)]	ELBO: 1433.460 (1435.587)	Log prob: 1437.190 (1439.284)	KLD: 3.731 (3.697)	Grad: 0.126
[Epoch   5 (17.13s)]	ELBO: 1440.744 (1445.380)	Log prob: 1444.645 (1449.434)	KLD: 3.901 (4.054)	Grad: 0.139
[Epoch   6 (21.96s)]	ELBO: 1449.096 (1451.402)	Log prob: 1453.245 (1455.531)	KLD: 4.149 (4.128)	Grad: 0.177
[Epoch   7 (17.93s)]	ELBO: 1455.043 (1457.127)	Log prob: 1459.261 (1461.284)	KLD: 4.218 (4.157)	Grad: 0.175
[Epoch   8 (17.34s)]	ELBO: 1458.796 (1460.921)	Log prob: 1463.128 (1465.292)	KLD: 4.332 (4.371)	Grad: 0.188
[Epoch   9 (18.21s)]	ELBO: 1464.127 (1465.268)	Log prob: 1468.494 (1469.838)	KLD: 4.367 (4.571)	Grad: 0.215
[Epoch  10 (18.09s)]	ELBO: 1471.027 (1472.698)	Log prob: 1475.651 (1477.221)	KLD: 4.623 (4.524)	Grad: 0.234
Training model 2/10...
[Epoch   1 (30.37s)]	ELBO: 1487.691 (1510.686)	Log prob: 1494.715 (1517.886)	KLD: 2.205 (7.200)	Grad: 0.118
[Epoch   2 (31.96s)]	ELBO: 1522.652 (1526.075)	Log prob: 1530.159 (1533.680)	KLD: 2.618 (7.605)	Grad: 0.128
[Epoch   3 (33.18s)]	ELBO: 1530.193 (1532.439)	Log prob: 1537.915 (1540.006)	KLD: 2.735 (7.566)	Grad: 0.155
[Epoch   4 (27.49s)]	ELBO: 1539.589 (1540.046)	Log prob: 1547.352 (1547.797)	KLD: 2.841 (7.750)	Grad: 0.151
[Epoch   5 (29.88s)]	ELBO: 1545.646 (1545.425)	Log prob: 1553.541 (1553.266)	KLD: 2.947 (7.841)	Grad: 0.148
[Epoch   6 (28.90s)]	ELBO: 1549.085 (1547.520)	Log prob: 1557.055 (1555.183)	KLD: 3.010 (7.663)	Grad: 0.157
[Epoch   7 (26.29s)]	ELBO: 1552.052 (1552.357)	Log prob: 1560.106 (1560.480)	KLD: 3.072 (8.123)	Grad: 0.163
[Epoch   8 (27.03s)]	ELBO: 1555.667 (1553.975)	Log prob: 1563.793 (1561.943)	KLD: 3.114 (7.968)	Grad: 0.161
[Epoch   9 (25.62s)]	ELBO: 1557.764 (1557.141)	Log prob: 1565.941 (1565.505)	KLD: 3.114 (8.364)	Grad: 0.160
[Epoch  10 (24.72s)]	ELBO: 1561.102 (1560.470)	Log prob: 1569.286 (1568.667)	KLD: 3.145 (8.197)	Grad: 0.163
Training model 3/10...
[Epoch   1 (37.04s)]	ELBO: 1555.799 (1566.817)	Log prob: 1565.927 (1576.828)	KLD: 1.849 (10.011)	Grad: 0.164
[Epoch   2 (36.42s)]	ELBO: 1575.354 (1576.157)	Log prob: 1585.523 (1586.320)	KLD: 1.845 (10.163)	Grad: 0.165
[Epoch   3 (36.21s)]	ELBO: 1580.691 (1580.934)	Log prob: 1590.878 (1591.251)	KLD: 1.906 (10.317)	Grad: 0.161
[Epoch   4 (35.64s)]	ELBO: 1587.474 (1587.747)	Log prob: 1597.769 (1598.041)	KLD: 1.976 (10.294)	Grad: 0.162
[Epoch   5 (35.84s)]	ELBO: 1591.137 (1588.881)	Log prob: 1601.552 (1598.948)	KLD: 2.021 (10.067)	Grad: 0.163
[Epoch   6 (36.33s)]	ELBO: 1591.230 (1591.569)	Log prob: 1601.713 (1602.269)	KLD: 2.057 (10.700)	Grad: 0.177
[Epoch   7 (35.04s)]	ELBO: 1593.867 (1594.877)	Log prob: 1604.392 (1605.224)	KLD: 2.074 (10.347)	Grad: 0.171
[Epoch   8 (37.40s)]	ELBO: 1597.833 (1595.505)	Log prob: 1608.349 (1605.659)	KLD: 2.078 (10.154)	Grad: 0.158
[Epoch   9 (34.97s)]	ELBO: 1599.392 (1593.245)	Log prob: 1609.982 (1603.768)	KLD: 2.082 (10.523)	Grad: 0.157
[Epoch  10 (36.48s)]	ELBO: 1600.266 (1599.882)	Log prob: 1610.814 (1610.553)	KLD: 2.070 (10.671)	Grad: 0.161
Training model 4/10...
[Epoch   1 (47.51s)]	ELBO: 1598.812 (1602.358)	Log prob: 1611.195 (1614.657)	KLD: 1.711 (12.299)	Grad: 0.202
[Epoch   2 (53.71s)]	ELBO: 1609.104 (1607.470)	Log prob: 1621.437 (1619.828)	KLD: 1.637 (12.357)	Grad: 0.155
[Epoch   3 (50.50s)]	ELBO: 1612.858 (1611.807)	Log prob: 1625.167 (1623.737)	KLD: 1.642 (11.930)	Grad: 0.153
[Epoch   4 (46.14s)]	ELBO: 1612.400 (1613.411)	Log prob: 1624.595 (1625.569)	KLD: 1.639 (12.158)	Grad: 0.150
[Epoch   5 (51.77s)]	ELBO: 1616.016 (1614.433)	Log prob: 1628.254 (1626.613)	KLD: 1.601 (12.180)	Grad: 0.146
[Epoch   6 (48.82s)]	ELBO: 1619.020 (1618.748)	Log prob: 1631.270 (1630.584)	KLD: 1.589 (11.836)	Grad: 0.137
[Epoch   7 (47.73s)]	ELBO: 1621.544 (1619.377)	Log prob: 1633.838 (1631.504)	KLD: 1.595 (12.127)	Grad: 0.138
[Epoch   8 (51.75s)]	ELBO: 1623.520 (1623.431)	Log prob: 1635.821 (1635.684)	KLD: 1.592 (12.253)	Grad: 0.141
[Epoch   9 (56.17s)]	ELBO: 1624.406 (1622.049)	Log prob: 1636.763 (1634.308)	KLD: 1.618 (12.259)	Grad: 0.141
[Epoch  10 (69.65s)]	ELBO: 1625.358 (1622.223)	Log prob: 1637.715 (1634.378)	KLD: 1.618 (12.155)	Grad: 0.141
Training model 5/10...
[Epoch   1 (84.25s)]	ELBO: 1619.560 (1625.063)	Log prob: 1633.817 (1638.969)	KLD: 1.769 (13.906)	Grad: 0.208
[Epoch   2 (85.79s)]	ELBO: 1630.563 (1630.201)	Log prob: 1644.746 (1644.531)	KLD: 1.703 (14.329)	Grad: 0.177
[Epoch   3 (95.32s)]	ELBO: 1634.674 (1632.784)	Log prob: 1648.925 (1646.692)	KLD: 1.668 (13.908)	Grad: 0.170
[Epoch   4 (104.34s)]	ELBO: 1634.506 (1635.035)	Log prob: 1648.834 (1649.309)	KLD: 1.636 (14.274)	Grad: 0.174
[Epoch   5 (92.64s)]	ELBO: 1638.304 (1634.255)	Log prob: 1652.645 (1648.475)	KLD: 1.645 (14.221)	Grad: 0.164
[Epoch   6 (94.25s)]	ELBO: 1639.587 (1637.658)	Log prob: 1653.882 (1651.873)	KLD: 1.598 (14.215)	Grad: 0.161
[Epoch   7 (95.58s)]	ELBO: 1642.344 (1642.256)	Log prob: 1656.670 (1656.613)	KLD: 1.595 (14.357)	Grad: 0.153
[Epoch   8 (95.25s)]	ELBO: 1644.601 (1644.215)	Log prob: 1658.934 (1658.424)	KLD: 1.575 (14.209)	Grad: 0.152
[Epoch   9 (94.15s)]	ELBO: 1645.981 (1644.178)	Log prob: 1660.341 (1658.494)	KLD: 1.577 (14.316)	Grad: 0.150
[Epoch  10 (93.57s)]	ELBO: 1646.226 (1645.694)	Log prob: 1660.613 (1659.866)	KLD: 1.585 (14.172)	Grad: 0.156
Training model 6/10...
[Epoch   1 (105.65s)]	ELBO: 1638.180 (1644.705)	Log prob: 1654.889 (1661.474)	KLD: 2.284 (16.769)	Grad: 0.284
[Epoch   2 (83.48s)]	ELBO: 1648.527 (1648.888)	Log prob: 1665.071 (1665.281)	KLD: 2.046 (16.393)	Grad: 0.205
[Epoch   3 (77.85s)]	ELBO: 1651.172 (1652.422)	Log prob: 1667.633 (1669.020)	KLD: 1.975 (16.598)	Grad: 0.190
[Epoch   4 (71.10s)]	ELBO: 1655.060 (1652.499)	Log prob: 1671.549 (1669.319)	KLD: 1.922 (16.821)	Grad: 0.169
[Epoch   5 (69.79s)]	ELBO: 1655.235 (1653.427)	Log prob: 1671.712 (1669.948)	KLD: 1.858 (16.522)	Grad: 0.165
[Epoch   6 (73.54s)]	ELBO: 1654.894 (1654.191)	Log prob: 1671.370 (1670.621)	KLD: 1.814 (16.431)	Grad: 0.168
[Epoch   7 (73.03s)]	ELBO: 1657.832 (1655.394)	Log prob: 1674.239 (1671.663)	KLD: 1.755 (16.269)	Grad: 0.157
[Epoch   8 (68.57s)]	ELBO: 1660.247 (1658.819)	Log prob: 1676.597 (1675.116)	KLD: 1.697 (16.297)	Grad: 0.152
[Epoch   9 (71.22s)]	ELBO: 1663.141 (1663.181)	Log prob: 1679.462 (1679.322)	KLD: 1.624 (16.141)	Grad: 0.145
[Epoch  10 (67.94s)]	ELBO: 1664.371 (1663.562)	Log prob: 1680.689 (1679.708)	KLD: 1.587 (16.146)	Grad: 0.145
Training model 7/10...
[Epoch   1 (77.32s)]	ELBO: 1655.235 (1660.624)	Log prob: 1673.514 (1678.857)	KLD: 1.871 (18.232)	Grad: 0.209
[Epoch   2 (73.44s)]	ELBO: 1661.568 (1663.861)	Log prob: 1679.725 (1681.617)	KLD: 1.705 (17.756)	Grad: 0.183
[Epoch   3 (75.40s)]	ELBO: 1666.174 (1666.545)	Log prob: 1684.248 (1684.464)	KLD: 1.661 (17.920)	Grad: 0.165
[Epoch   4 (77.55s)]	ELBO: 1669.327 (1671.992)	Log prob: 1687.417 (1689.813)	KLD: 1.661 (17.821)	Grad: 0.157
[Epoch   5 (78.43s)]	ELBO: 1670.587 (1672.025)	Log prob: 1688.689 (1690.127)	KLD: 1.654 (18.102)	Grad: 0.157
[Epoch   6 (76.98s)]	ELBO: 1671.721 (1671.747)	Log prob: 1689.846 (1689.693)	KLD: 1.630 (17.946)	Grad: 0.153
[Epoch   7 (85.04s)]	ELBO: 1672.040 (1665.629)	Log prob: 1690.175 (1683.880)	KLD: 1.580 (18.251)	Grad: 0.161
[Epoch   8 (53.02s)]	ELBO: 1669.546 (1671.584)	Log prob: 1687.714 (1689.437)	KLD: 1.548 (17.853)	Grad: 0.159
[Epoch   9 (48.20s)]	ELBO: 1673.562 (1669.580)	Log prob: 1691.681 (1687.571)	KLD: 1.489 (17.992)	Grad: 0.156
[Epoch  10 (47.63s)]	ELBO: 1675.685 (1675.133)	Log prob: 1693.770 (1693.096)	KLD: 1.460 (17.963)	Grad: 0.152
Training model 8/10...
[Epoch   1 (56.00s)]	ELBO: 1661.803 (1675.600)	Log prob: 1682.220 (1695.661)	KLD: 2.210 (20.061)	Grad: 0.291
[Epoch   2 (54.01s)]	ELBO: 1676.200 (1675.071)	Log prob: 1696.313 (1695.262)	KLD: 1.919 (20.192)	Grad: 0.206
[Epoch   3 (55.33s)]	ELBO: 1676.201 (1678.588)	Log prob: 1696.296 (1698.572)	KLD: 1.840 (19.984)	Grad: 0.200
[Epoch   4 (57.33s)]	ELBO: 1678.102 (1680.292)	Log prob: 1698.134 (1700.539)	KLD: 1.776 (20.247)	Grad: 0.187
[Epoch   5 (54.95s)]	ELBO: 1681.931 (1683.378)	Log prob: 1701.862 (1703.199)	KLD: 1.743 (19.821)	Grad: 0.169
[Epoch   6 (53.55s)]	ELBO: 1683.851 (1682.956)	Log prob: 1703.771 (1702.756)	KLD: 1.720 (19.800)	Grad: 0.160
[Epoch   7 (52.19s)]	ELBO: 1683.065 (1685.735)	Log prob: 1703.048 (1705.695)	KLD: 1.677 (19.960)	Grad: 0.166
[Epoch   8 (38.58s)]	ELBO: 1685.495 (1687.749)	Log prob: 1705.421 (1707.752)	KLD: 1.600 (20.003)	Grad: 0.153
[Epoch   9 (38.17s)]	ELBO: 1687.571 (1689.552)	Log prob: 1707.429 (1709.516)	KLD: 1.566 (19.964)	Grad: 0.150
[Epoch  10 (27.84s)]	ELBO: 1688.581 (1691.156)	Log prob: 1708.404 (1710.942)	KLD: 1.507 (19.786)	Grad: 0.149
Training model 9/10...
[Epoch   1 (31.19s)]	ELBO: 1672.204 (1684.424)	Log prob: 1694.217 (1706.106)	KLD: 2.037 (21.682)	Grad: 0.231
[Epoch   2 (31.24s)]	ELBO: 1687.990 (1691.601)	Log prob: 1709.593 (1712.812)	KLD: 1.752 (21.211)	Grad: 0.196
[Epoch   3 (33.02s)]	ELBO: 1692.049 (1694.263)	Log prob: 1713.417 (1715.736)	KLD: 1.563 (21.472)	Grad: 0.171
[Epoch   4 (31.53s)]	ELBO: 1693.774 (1694.664)	Log prob: 1715.001 (1715.995)	KLD: 1.474 (21.331)	Grad: 0.160
[Epoch   5 (31.93s)]	ELBO: 1695.161 (1694.577)	Log prob: 1716.314 (1715.731)	KLD: 1.406 (21.154)	Grad: 0.153
[Epoch   6 (33.81s)]	ELBO: 1696.180 (1696.886)	Log prob: 1717.298 (1717.982)	KLD: 1.339 (21.096)	Grad: 0.157
[Epoch   7 (35.03s)]	ELBO: 1697.143 (1698.692)	Log prob: 1718.186 (1719.834)	KLD: 1.257 (21.142)	Grad: 0.151
[Epoch   8 (37.33s)]	ELBO: 1698.519 (1700.504)	Log prob: 1719.486 (1721.131)	KLD: 1.164 (20.627)	Grad: 0.149
[Epoch   9 (37.48s)]	ELBO: 1698.804 (1700.018)	Log prob: 1719.706 (1720.969)	KLD: 1.137 (20.951)	Grad: 0.142
[Epoch  10 (31.67s)]	ELBO: 1700.710 (1698.976)	Log prob: 1721.519 (1719.825)	KLD: 1.078 (20.850)	Grad: 0.137
Training model 10/10...
[Epoch   1 (38.45s)]	ELBO: 1683.776 (1699.725)	Log prob: 1706.764 (1722.217)	KLD: 1.999 (22.492)	Grad: 0.240
[Epoch   2 (40.24s)]	ELBO: 1700.775 (1702.244)	Log prob: 1723.283 (1724.901)	KLD: 1.566 (22.657)	Grad: 0.159
[Epoch   3 (42.26s)]	ELBO: 1701.839 (1704.921)	Log prob: 1724.326 (1727.133)	KLD: 1.400 (22.212)	Grad: 0.157
[Epoch   4 (40.68s)]	ELBO: 1704.622 (1707.306)	Log prob: 1727.032 (1729.618)	KLD: 1.322 (22.312)	Grad: 0.146
[Epoch   5 (41.63s)]	ELBO: 1705.901 (1709.591)	Log prob: 1728.327 (1732.155)	KLD: 1.267 (22.564)	Grad: 0.145
[Epoch   6 (40.37s)]	ELBO: 1706.582 (1708.337)	Log prob: 1729.045 (1730.851)	KLD: 1.221 (22.514)	Grad: 0.144
[Epoch   7 (34.85s)]	ELBO: 1707.138 (1707.478)	Log prob: 1729.620 (1729.945)	KLD: 1.182 (22.467)	Grad: 0.146
[Epoch   8 (34.41s)]	ELBO: 1709.330 (1711.288)	Log prob: 1731.719 (1733.918)	KLD: 1.110 (22.630)	Grad: 0.141
[Epoch   9 (34.68s)]	ELBO: 1710.732 (1710.958)	Log prob: 1733.076 (1733.713)	KLD: 1.077 (22.755)	Grad: 0.139
[Epoch  10 (36.64s)]	ELBO: 1712.044 (1713.343)	Log prob: 1734.363 (1735.869)	KLD: 1.048 (22.527)	Grad: 0.132
Best epoch(s): [10, 10, 10, 8, 10, 10, 10, 10, 8, 10]	Training time(s): 187.83s, 285.45s, 361.36s, 523.74s, 935.15s, 762.18s, 693.00s, 487.95s, 334.24s, 384.21s (4955.12s)	Best ELBO: 1712.044 (1713.343)	Best log prob: 1734.363 (1735.869)
Avg. mu: -0.196, -0.009, 0.132, 0.069, 0.031, -0.023, 0.120, 0.051, -0.002, -0.432
Avg. var: 0.001, 0.002, 0.012, 0.014, 0.018, 0.038, 0.059, 0.077, 0.104, 0.118
Max. mu: 5.078, 4.854, 5.003, 5.367, 4.420, 6.022, 5.242, 6.675, 4.752, 1.969
Max. var: 0.026, 0.057, 0.169, 0.096, 0.130, 0.351, 0.416, 0.592, 0.532, 0.762
Min. mu: -5.613, -5.642, -5.190, -5.683, -5.192, -8.036, -5.617, -5.580, -3.995, -4.943
Min. var: 0.000, 0.000, 0.003, 0.003, 0.005, 0.005, 0.011, 0.018, 0.025, 0.010
Cov. mu:
[[3.013 0.020 0.083 -0.101 -0.133 -0.071 -0.015 0.021 0.068 0.015]
 [0.020 1.671 -0.001 0.083 -0.022 -0.055 -0.159 -0.044 0.040 -0.017]
 [0.083 -0.001 1.051 -0.002 -0.051 -0.017 -0.011 0.014 0.010 -0.042]
 [-0.101 0.083 -0.002 1.022 -0.074 -0.013 0.034 -0.013 -0.033 0.024]
 [-0.133 -0.022 -0.051 -0.074 1.232 0.005 -0.036 -0.050 -0.005 0.044]
 [-0.071 -0.055 -0.017 -0.013 0.005 1.038 0.022 0.014 0.023 -0.028]
 [-0.015 -0.159 -0.011 0.034 -0.036 0.022 0.985 -0.049 -0.003 0.023]
 [0.021 -0.044 0.014 -0.013 -0.050 0.014 -0.049 0.915 0.021 0.011]
 [0.068 0.040 0.010 -0.033 -0.005 0.023 -0.003 0.021 0.853 -0.014]
 [0.015 -0.017 -0.042 0.024 0.044 -0.028 0.023 0.011 -0.014 0.372]]
