Encoder
=================================================================
Layer (type:depth-idx)                   Param #
=================================================================
Encoder                                  --
├─Linear: 1-1                            76,930
├─Linear: 1-2                            9,702
=================================================================
Total params: 86,632
Trainable params: 86,632
Non-trainable params: 0
=================================================================
Encoder to Latents 0
=================================================================
Layer (type:depth-idx)                   Param #
=================================================================
EncoderToLatents                         --
├─Linear: 1-1                            99
├─Linear: 1-2                            99
=================================================================
Total params: 198
Trainable params: 198
Non-trainable params: 0
=================================================================
Encoder to Latents 1
=================================================================
Layer (type:depth-idx)                   Param #
=================================================================
EncoderToLatents                         --
├─Linear: 1-1                            99
├─Linear: 1-2                            99
=================================================================
Total params: 198
Trainable params: 198
Non-trainable params: 0
=================================================================
Encoder to Latents 2
=================================================================
Layer (type:depth-idx)                   Param #
=================================================================
EncoderToLatents                         --
├─Linear: 1-1                            99
├─Linear: 1-2                            99
=================================================================
Total params: 198
Trainable params: 198
Non-trainable params: 0
=================================================================
Encoder to Latents 3
=================================================================
Layer (type:depth-idx)                   Param #
=================================================================
EncoderToLatents                         --
├─Linear: 1-1                            99
├─Linear: 1-2                            99
=================================================================
Total params: 198
Trainable params: 198
Non-trainable params: 0
=================================================================
Encoder to Latents 4
=================================================================
Layer (type:depth-idx)                   Param #
=================================================================
EncoderToLatents                         --
├─Linear: 1-1                            99
├─Linear: 1-2                            99
=================================================================
Total params: 198
Trainable params: 198
Non-trainable params: 0
=================================================================
Encoder to Latents 5
=================================================================
Layer (type:depth-idx)                   Param #
=================================================================
EncoderToLatents                         --
├─Linear: 1-1                            99
├─Linear: 1-2                            99
=================================================================
Total params: 198
Trainable params: 198
Non-trainable params: 0
=================================================================
Encoder to Latents 6
=================================================================
Layer (type:depth-idx)                   Param #
=================================================================
EncoderToLatents                         --
├─Linear: 1-1                            99
├─Linear: 1-2                            99
=================================================================
Total params: 198
Trainable params: 198
Non-trainable params: 0
=================================================================
Encoder to Latents 7
=================================================================
Layer (type:depth-idx)                   Param #
=================================================================
EncoderToLatents                         --
├─Linear: 1-1                            99
├─Linear: 1-2                            99
=================================================================
Total params: 198
Trainable params: 198
Non-trainable params: 0
=================================================================
Encoder to Latents 8
=================================================================
Layer (type:depth-idx)                   Param #
=================================================================
EncoderToLatents                         --
├─Linear: 1-1                            99
├─Linear: 1-2                            99
=================================================================
Total params: 198
Trainable params: 198
Non-trainable params: 0
=================================================================
Encoder to Latents 9
=================================================================
Layer (type:depth-idx)                   Param #
=================================================================
EncoderToLatents                         --
├─Linear: 1-1                            99
├─Linear: 1-2                            99
=================================================================
Total params: 198
Trainable params: 198
Non-trainable params: 0
=================================================================
Latents to Latents
=================================================================
Layer (type:depth-idx)                   Param #
=================================================================
LatentsToLatents                         --
├─Linear: 1-1                            20
├─Linear: 1-2                            5
├─Linear: 1-3                            5
=================================================================
Total params: 30
Trainable params: 30
Non-trainable params: 0
=================================================================
Latents to Decoder 0
=================================================================
Layer (type:depth-idx)                   Param #
=================================================================
LatentsToDecoder                         --
├─Linear: 1-1                            196
=================================================================
Total params: 196
Trainable params: 196
Non-trainable params: 0
=================================================================
Latents to Decoder 1
=================================================================
Layer (type:depth-idx)                   Param #
=================================================================
LatentsToDecoder                         --
├─Linear: 1-1                            196
=================================================================
Total params: 196
Trainable params: 196
Non-trainable params: 0
=================================================================
Latents to Decoder 2
=================================================================
Layer (type:depth-idx)                   Param #
=================================================================
LatentsToDecoder                         --
├─Linear: 1-1                            196
=================================================================
Total params: 196
Trainable params: 196
Non-trainable params: 0
=================================================================
Latents to Decoder 3
=================================================================
Layer (type:depth-idx)                   Param #
=================================================================
LatentsToDecoder                         --
├─Linear: 1-1                            196
=================================================================
Total params: 196
Trainable params: 196
Non-trainable params: 0
=================================================================
Latents to Decoder 4
=================================================================
Layer (type:depth-idx)                   Param #
=================================================================
LatentsToDecoder                         --
├─Linear: 1-1                            196
=================================================================
Total params: 196
Trainable params: 196
Non-trainable params: 0
=================================================================
Latents to Decoder 5
=================================================================
Layer (type:depth-idx)                   Param #
=================================================================
LatentsToDecoder                         --
├─Linear: 1-1                            196
=================================================================
Total params: 196
Trainable params: 196
Non-trainable params: 0
=================================================================
Latents to Decoder 6
=================================================================
Layer (type:depth-idx)                   Param #
=================================================================
LatentsToDecoder                         --
├─Linear: 1-1                            196
=================================================================
Total params: 196
Trainable params: 196
Non-trainable params: 0
=================================================================
Latents to Decoder 7
=================================================================
Layer (type:depth-idx)                   Param #
=================================================================
LatentsToDecoder                         --
├─Linear: 1-1                            196
=================================================================
Total params: 196
Trainable params: 196
Non-trainable params: 0
=================================================================
Latents to Decoder 8
=================================================================
Layer (type:depth-idx)                   Param #
=================================================================
LatentsToDecoder                         --
├─Linear: 1-1                            196
=================================================================
Total params: 196
Trainable params: 196
Non-trainable params: 0
=================================================================
Latents to Decoder 9
=================================================================
Layer (type:depth-idx)                   Param #
=================================================================
LatentsToDecoder                         --
├─Linear: 1-1                            196
=================================================================
Total params: 196
Trainable params: 196
Non-trainable params: 0
=================================================================
Decoder
=================================================================
Layer (type:depth-idx)                   Param #
=================================================================
Decoder                                  --
├─Linear: 1-1                            9,702
├─Linear: 1-2                            77,616
=================================================================
Total params: 87,318
Trainable params: 87,318
Non-trainable params: 0
=================================================================
Training model 1/10...
[Epoch   1 (14.28s)]	ELBO: 1248.357 (1398.473)	Log prob: 1253.056 (1402.960)	KLD: 4.699 (4.488)	Grad: 0.956
[Epoch   2 (15.56s)]	ELBO: 1410.461 (1415.010)	Log prob: 1414.405 (1418.744)	KLD: 3.944 (3.734)	Grad: 0.600
[Epoch   3 (16.62s)]	ELBO: 1422.205 (1426.261)	Log prob: 1425.886 (1429.780)	KLD: 3.681 (3.519)	Grad: 0.827
[Epoch   4 (17.35s)]	ELBO: 1431.274 (1434.149)	Log prob: 1434.974 (1438.011)	KLD: 3.700 (3.862)	Grad: 1.365
[Epoch   5 (15.07s)]	ELBO: 1437.916 (1440.611)	Log prob: 1441.885 (1444.610)	KLD: 3.969 (3.998)	Grad: 1.296
[Epoch   6 (18.39s)]	ELBO: 1445.935 (1449.877)	Log prob: 1450.203 (1454.076)	KLD: 4.269 (4.198)	Grad: 1.578
[Epoch   7 (16.70s)]	ELBO: 1455.187 (1456.489)	Log prob: 1459.698 (1461.245)	KLD: 4.511 (4.756)	Grad: 2.024
[Epoch   8 (25.34s)]	ELBO: 1462.829 (1464.780)	Log prob: 1467.464 (1469.270)	KLD: 4.635 (4.489)	Grad: 2.674
[Epoch   9 (19.92s)]	ELBO: 1469.633 (1467.363)	Log prob: 1474.273 (1471.843)	KLD: 4.641 (4.480)	Grad: 2.824
[Epoch  10 (15.70s)]	ELBO: 1474.766 (1475.691)	Log prob: 1479.436 (1480.145)	KLD: 4.670 (4.454)	Grad: 3.295
Training model 2/10...
[Epoch   1 (37.43s)]	ELBO: 1491.289 (1511.353)	Log prob: 1497.893 (1518.655)	KLD: 1.809 (7.303)	Grad: 0.987
[Epoch   2 (31.00s)]	ELBO: 1521.776 (1524.862)	Log prob: 1529.330 (1532.369)	KLD: 2.706 (7.507)	Grad: 0.880
[Epoch   3 (31.94s)]	ELBO: 1530.165 (1528.760)	Log prob: 1537.824 (1536.538)	KLD: 2.738 (7.778)	Grad: 0.926
[Epoch   4 (24.99s)]	ELBO: 1535.377 (1534.679)	Log prob: 1543.077 (1542.185)	KLD: 2.758 (7.507)	Grad: 0.854
[Epoch   5 (29.65s)]	ELBO: 1541.459 (1540.288)	Log prob: 1549.231 (1547.989)	KLD: 2.814 (7.701)	Grad: 0.943
[Epoch   6 (30.04s)]	ELBO: 1544.852 (1542.282)	Log prob: 1552.705 (1549.940)	KLD: 2.870 (7.659)	Grad: 1.038
[Epoch   7 (28.33s)]	ELBO: 1547.446 (1546.624)	Log prob: 1555.351 (1554.318)	KLD: 2.883 (7.694)	Grad: 1.144
[Epoch   8 (28.37s)]	ELBO: 1550.150 (1546.375)	Log prob: 1558.071 (1554.250)	KLD: 2.894 (7.875)	Grad: 1.273
[Epoch   9 (29.87s)]	ELBO: 1552.924 (1551.019)	Log prob: 1560.869 (1558.840)	KLD: 2.925 (7.821)	Grad: 1.306
[Epoch  10 (31.51s)]	ELBO: 1554.449 (1550.848)	Log prob: 1562.419 (1558.501)	KLD: 2.930 (7.653)	Grad: 1.360
Training model 3/10...
[Epoch   1 (37.48s)]	ELBO: 1558.773 (1562.138)	Log prob: 1568.931 (1572.289)	KLD: 2.124 (10.151)	Grad: 1.246
[Epoch   2 (37.11s)]	ELBO: 1569.090 (1569.377)	Log prob: 1579.294 (1579.485)	KLD: 2.214 (10.107)	Grad: 0.849
[Epoch   3 (42.16s)]	ELBO: 1575.685 (1576.478)	Log prob: 1586.000 (1586.786)	KLD: 2.286 (10.307)	Grad: 0.878
[Epoch   4 (42.88s)]	ELBO: 1582.261 (1582.430)	Log prob: 1592.717 (1592.811)	KLD: 2.324 (10.381)	Grad: 0.911
[Epoch   5 (36.97s)]	ELBO: 1587.177 (1586.655)	Log prob: 1597.765 (1597.107)	KLD: 2.361 (10.452)	Grad: 0.921
[Epoch   6 (34.27s)]	ELBO: 1590.834 (1589.038)	Log prob: 1601.463 (1599.554)	KLD: 2.368 (10.515)	Grad: 0.956
[Epoch   7 (36.58s)]	ELBO: 1593.093 (1590.989)	Log prob: 1603.751 (1601.798)	KLD: 2.366 (10.809)	Grad: 1.004
[Epoch   8 (35.29s)]	ELBO: 1596.166 (1592.125)	Log prob: 1606.903 (1602.802)	KLD: 2.379 (10.677)	Grad: 1.095
[Epoch   9 (39.32s)]	ELBO: 1597.548 (1593.979)	Log prob: 1608.372 (1604.864)	KLD: 2.401 (10.885)	Grad: 1.253
[Epoch  10 (37.12s)]	ELBO: 1600.168 (1596.190)	Log prob: 1611.009 (1606.940)	KLD: 2.421 (10.750)	Grad: 1.275
Training model 4/10...
[Epoch   1 (42.23s)]	ELBO: 1596.541 (1598.589)	Log prob: 1608.531 (1610.665)	KLD: 1.045 (12.076)	Grad: 0.500
[Epoch   2 (35.94s)]	ELBO: 1604.903 (1604.252)	Log prob: 1617.263 (1616.687)	KLD: 1.395 (12.435)	Grad: 0.687
[Epoch   3 (34.77s)]	ELBO: 1607.102 (1606.842)	Log prob: 1619.734 (1619.373)	KLD: 1.699 (12.531)	Grad: 0.659
[Epoch   4 (34.04s)]	ELBO: 1612.115 (1610.593)	Log prob: 1624.839 (1623.469)	KLD: 1.758 (12.876)	Grad: 0.622
[Epoch   5 (33.94s)]	ELBO: 1615.584 (1613.899)	Log prob: 1628.357 (1626.673)	KLD: 1.758 (12.774)	Grad: 0.643
[Epoch   6 (35.95s)]	ELBO: 1617.767 (1615.958)	Log prob: 1630.571 (1628.745)	KLD: 1.766 (12.787)	Grad: 0.595
[Epoch   7 (37.50s)]	ELBO: 1620.376 (1615.794)	Log prob: 1633.185 (1628.662)	KLD: 1.768 (12.867)	Grad: 0.628
[Epoch   8 (38.34s)]	ELBO: 1622.755 (1620.062)	Log prob: 1635.603 (1632.713)	KLD: 1.793 (12.651)	Grad: 0.586
[Epoch   9 (37.89s)]	ELBO: 1623.997 (1620.523)	Log prob: 1636.865 (1633.308)	KLD: 1.819 (12.785)	Grad: 0.571
[Epoch  10 (36.87s)]	ELBO: 1624.772 (1623.428)	Log prob: 1637.643 (1636.207)	KLD: 1.840 (12.779)	Grad: 0.537
Training model 5/10...
[Epoch   1 (44.78s)]	ELBO: 1616.138 (1622.360)	Log prob: 1631.513 (1637.567)	KLD: 2.406 (15.207)	Grad: 1.347
[Epoch   2 (42.11s)]	ELBO: 1628.040 (1624.598)	Log prob: 1643.460 (1640.073)	KLD: 2.469 (15.476)	Grad: 1.223
[Epoch   3 (42.27s)]	ELBO: 1630.181 (1627.554)	Log prob: 1645.637 (1643.122)	KLD: 2.422 (15.568)	Grad: 1.165
[Epoch   4 (42.58s)]	ELBO: 1632.976 (1629.998)	Log prob: 1648.416 (1645.400)	KLD: 2.356 (15.403)	Grad: 0.975
[Epoch   5 (43.11s)]	ELBO: 1634.758 (1633.744)	Log prob: 1650.218 (1649.218)	KLD: 2.352 (15.474)	Grad: 0.962
[Epoch   6 (44.55s)]	ELBO: 1637.450 (1634.142)	Log prob: 1652.946 (1649.502)	KLD: 2.337 (15.360)	Grad: 0.975
[Epoch   7 (44.94s)]	ELBO: 1638.687 (1635.632)	Log prob: 1654.167 (1650.999)	KLD: 2.332 (15.367)	Grad: 0.960
[Epoch   8 (44.75s)]	ELBO: 1640.700 (1637.141)	Log prob: 1656.207 (1652.576)	KLD: 2.330 (15.435)	Grad: 0.944
[Epoch   9 (44.77s)]	ELBO: 1641.353 (1639.835)	Log prob: 1656.866 (1655.221)	KLD: 2.319 (15.386)	Grad: 0.888
[Epoch  10 (43.70s)]	ELBO: 1643.959 (1641.787)	Log prob: 1659.558 (1657.219)	KLD: 2.328 (15.433)	Grad: 0.983
Training model 6/10...
[Epoch   1 (57.21s)]	ELBO: 1639.805 (1643.441)	Log prob: 1657.386 (1661.046)	KLD: 1.940 (17.606)	Grad: 1.744
[Epoch   2 (55.40s)]	ELBO: 1647.122 (1647.854)	Log prob: 1664.758 (1665.301)	KLD: 2.054 (17.447)	Grad: 1.406
[Epoch   3 (58.34s)]	ELBO: 1650.762 (1650.553)	Log prob: 1668.399 (1668.144)	KLD: 2.083 (17.591)	Grad: 1.155
[Epoch   4 (56.95s)]	ELBO: 1653.398 (1651.545)	Log prob: 1671.015 (1668.964)	KLD: 2.102 (17.419)	Grad: 0.995
[Epoch   5 (64.55s)]	ELBO: 1654.797 (1653.939)	Log prob: 1672.395 (1671.396)	KLD: 2.112 (17.457)	Grad: 0.901
[Epoch   6 (71.11s)]	ELBO: 1656.976 (1654.443)	Log prob: 1674.564 (1671.907)	KLD: 2.131 (17.464)	Grad: 0.743
[Epoch   7 (79.21s)]	ELBO: 1659.164 (1657.521)	Log prob: 1676.760 (1675.030)	KLD: 2.129 (17.509)	Grad: 0.729
[Epoch   8 (81.40s)]	ELBO: 1660.932 (1657.855)	Log prob: 1678.564 (1675.089)	KLD: 2.117 (17.234)	Grad: 0.737
[Epoch   9 (80.54s)]	ELBO: 1660.523 (1658.895)	Log prob: 1678.166 (1676.305)	KLD: 2.105 (17.411)	Grad: 0.872
[Epoch  10 (78.44s)]	ELBO: 1662.196 (1661.519)	Log prob: 1679.852 (1678.897)	KLD: 2.088 (17.378)	Grad: 0.786
Training model 7/10...
[Epoch   1 (84.90s)]	ELBO: 1648.858 (1658.035)	Log prob: 1669.014 (1678.105)	KLD: 2.475 (20.069)	Grad: 2.100
[Epoch   2 (79.92s)]	ELBO: 1663.187 (1662.955)	Log prob: 1683.289 (1683.059)	KLD: 2.457 (20.105)	Grad: 1.945
[Epoch   3 (80.94s)]	ELBO: 1666.259 (1663.282)	Log prob: 1686.275 (1683.125)	KLD: 2.393 (19.843)	Grad: 1.530
[Epoch   4 (80.65s)]	ELBO: 1667.699 (1666.767)	Log prob: 1687.662 (1686.618)	KLD: 2.335 (19.851)	Grad: 1.354
[Epoch   5 (78.78s)]	ELBO: 1669.370 (1668.018)	Log prob: 1689.313 (1687.884)	KLD: 2.327 (19.866)	Grad: 1.259
[Epoch   6 (80.71s)]	ELBO: 1670.964 (1668.338)	Log prob: 1690.890 (1688.323)	KLD: 2.291 (19.985)	Grad: 1.087
[Epoch   7 (80.50s)]	ELBO: 1671.535 (1666.326)	Log prob: 1691.442 (1686.342)	KLD: 2.249 (20.017)	Grad: 1.165
[Epoch   8 (88.88s)]	ELBO: 1672.695 (1670.827)	Log prob: 1692.579 (1690.556)	KLD: 2.227 (19.729)	Grad: 1.010
[Epoch   9 (82.05s)]	ELBO: 1673.334 (1671.014)	Log prob: 1693.177 (1690.628)	KLD: 2.218 (19.614)	Grad: 0.945
[Epoch  10 (84.88s)]	ELBO: 1674.859 (1670.225)	Log prob: 1694.735 (1689.762)	KLD: 2.197 (19.536)	Grad: 1.048
Training model 8/10...
[Epoch   1 (95.23s)]	ELBO: 1657.795 (1670.730)	Log prob: 1679.860 (1692.772)	KLD: 2.156 (22.042)	Grad: 2.084
[Epoch   2 (122.27s)]	ELBO: 1675.429 (1675.181)	Log prob: 1697.506 (1697.119)	KLD: 2.347 (21.938)	Grad: 1.248
[Epoch   3 (132.17s)]	ELBO: 1677.891 (1675.925)	Log prob: 1699.984 (1697.979)	KLD: 2.400 (22.054)	Grad: 1.426
[Epoch   4 (145.81s)]	ELBO: 1678.832 (1677.765)	Log prob: 1700.902 (1699.911)	KLD: 2.385 (22.146)	Grad: 1.430
[Epoch   5 (156.66s)]	ELBO: 1680.505 (1678.910)	Log prob: 1702.577 (1701.166)	KLD: 2.393 (22.256)	Grad: 1.283
[Epoch   6 (148.67s)]	ELBO: 1681.318 (1679.042)	Log prob: 1703.404 (1701.426)	KLD: 2.381 (22.384)	Grad: 1.304
[Epoch   7 (150.62s)]	ELBO: 1682.978 (1681.315)	Log prob: 1705.075 (1703.503)	KLD: 2.357 (22.188)	Grad: 1.301
[Epoch   8 (149.77s)]	ELBO: 1684.120 (1680.588)	Log prob: 1706.151 (1702.319)	KLD: 2.318 (21.730)	Grad: 1.135
[Epoch   9 (144.18s)]	ELBO: 1681.909 (1679.106)	Log prob: 1704.011 (1701.123)	KLD: 2.301 (22.017)	Grad: 1.341
[Epoch  10 (109.44s)]	ELBO: 1683.179 (1683.160)	Log prob: 1705.274 (1705.289)	KLD: 2.248 (22.128)	Grad: 1.237
Training model 9/10...
[Epoch   1 (110.11s)]	ELBO: 1670.017 (1680.002)	Log prob: 1693.925 (1703.630)	KLD: 1.777 (23.628)	Grad: 1.819
[Epoch   2 (103.01s)]	ELBO: 1684.055 (1682.992)	Log prob: 1707.843 (1706.554)	KLD: 1.828 (23.561)	Grad: 1.424
[Epoch   3 (111.14s)]	ELBO: 1687.866 (1688.432)	Log prob: 1711.563 (1712.094)	KLD: 1.848 (23.662)	Grad: 1.013
[Epoch   4 (101.98s)]	ELBO: 1690.644 (1689.449)	Log prob: 1714.201 (1713.022)	KLD: 1.845 (23.573)	Grad: 0.865
[Epoch   5 (103.66s)]	ELBO: 1691.942 (1690.215)	Log prob: 1715.368 (1713.536)	KLD: 1.828 (23.321)	Grad: 0.777
[Epoch   6 (100.15s)]	ELBO: 1693.494 (1692.923)	Log prob: 1716.909 (1716.114)	KLD: 1.820 (23.191)	Grad: 0.917
[Epoch   7 (96.49s)]	ELBO: 1695.395 (1693.867)	Log prob: 1718.767 (1717.122)	KLD: 1.788 (23.254)	Grad: 0.766
[Epoch   8 (94.23s)]	ELBO: 1696.570 (1695.952)	Log prob: 1719.897 (1719.136)	KLD: 1.770 (23.184)	Grad: 0.676
[Epoch   9 (101.25s)]	ELBO: 1696.486 (1695.809)	Log prob: 1719.745 (1718.971)	KLD: 1.756 (23.162)	Grad: 0.640
[Epoch  10 (95.93s)]	ELBO: 1698.540 (1695.408)	Log prob: 1721.741 (1718.584)	KLD: 1.739 (23.177)	Grad: 0.678
Training model 10/10...
[Epoch   1 (109.33s)]	ELBO: 1681.698 (1683.691)	Log prob: 1707.432 (1709.346)	KLD: 2.397 (25.654)	Grad: 4.103
[Epoch   2 (70.89s)]	ELBO: 1695.486 (1694.470)	Log prob: 1721.248 (1720.188)	KLD: 2.464 (25.718)	Grad: 2.859
[Epoch   3 (66.87s)]	ELBO: 1699.238 (1698.303)	Log prob: 1724.953 (1724.114)	KLD: 2.412 (25.811)	Grad: 2.385
[Epoch   4 (68.94s)]	ELBO: 1700.619 (1699.071)	Log prob: 1726.331 (1724.742)	KLD: 2.347 (25.672)	Grad: 2.181
[Epoch   5 (65.94s)]	ELBO: 1702.391 (1700.667)	Log prob: 1728.044 (1726.317)	KLD: 2.293 (25.650)	Grad: 1.965
[Epoch   6 (71.93s)]	ELBO: 1702.883 (1700.859)	Log prob: 1728.484 (1726.172)	KLD: 2.242 (25.313)	Grad: 1.621
[Epoch   7 (68.04s)]	ELBO: 1703.812 (1703.168)	Log prob: 1729.402 (1728.629)	KLD: 2.215 (25.461)	Grad: 1.596
[Epoch   8 (66.28s)]	ELBO: 1705.152 (1702.509)	Log prob: 1730.636 (1727.848)	KLD: 2.161 (25.339)	Grad: 1.458
[Epoch   9 (56.85s)]	ELBO: 1705.593 (1704.863)	Log prob: 1731.076 (1730.309)	KLD: 2.119 (25.446)	Grad: 1.274
[Epoch  10 (49.07s)]	ELBO: 1706.346 (1706.762)	Log prob: 1731.815 (1732.236)	KLD: 2.076 (25.474)	Grad: 1.079
Best epoch(s): [10, 9, 10, 10, 10, 10, 9, 10, 8, 10]	Training time(s): 174.94s, 303.13s, 379.17s, 367.47s, 437.55s, 683.15s, 822.19s, 1354.82s, 1017.96s, 694.13s (6234.51s)	Best ELBO: 1706.346 (1706.762)	Best log prob: 1731.815 (1732.236)
Avg. mu: 0.158, -0.021, 0.066, 0.070, 0.053, 0.263, 0.207, 0.162, 0.112, 0.361
Avg. var: 0.001, 0.003, 0.006, 0.011, 0.010, 0.013, 0.013, 0.013, 0.015, 0.009
Max. mu: 5.167, 3.615, 3.264, 2.520, 2.625, 3.819, 2.446, 2.350, 2.393, 1.021
Max. var: 0.008, 0.024, 0.026, 0.038, 0.033, 0.069, 0.052, 0.040, 0.038, 0.031
Min. mu: -5.598, -6.879, -4.926, -5.016, -3.127, -3.620, -2.855, -2.127, -2.094, -0.381
Min. var: 0.000, 0.000, 0.000, 0.001, 0.001, 0.000, 0.001, 0.001, 0.001, 0.002
Cov. mu:
[[2.983 -0.010 -0.105 0.191 -0.038 -0.005 -0.133 -0.077 0.026 -0.346]
 [-0.010 1.566 -0.050 0.091 0.019 0.026 -0.027 0.007 0.025 0.001]
 [-0.105 -0.050 0.888 -0.069 0.007 -0.034 -0.045 0.008 0.013 0.008]
 [0.191 0.091 -0.069 0.949 0.007 -0.028 -0.026 -0.004 0.000 -0.030]
 [-0.038 0.019 0.007 0.007 0.787 -0.010 0.004 -0.028 -0.014 0.022]
 [-0.005 0.026 -0.034 -0.028 -0.010 0.609 -0.010 -0.003 0.002 0.005]
 [-0.133 -0.027 -0.045 -0.026 0.004 -0.010 0.380 0.005 0.005 0.045]
 [-0.077 0.007 0.008 -0.004 -0.028 -0.003 0.005 0.309 -0.001 0.008]
 [0.026 0.025 0.013 0.000 -0.014 0.002 0.005 -0.001 0.239 -0.003]
 [-0.346 0.001 0.008 -0.030 0.022 0.005 0.045 0.008 -0.003 0.082]]
