Seed: 2019
=================================================================
Layer (type:depth-idx)                   Param #
=================================================================
RNN                                      --
├─Canvas: 1-1                            --
│    └─Linear: 2-1                       784
├─Encoder: 1-2                           --
│    └─Linear: 2-2                       76,930
│    └─Linear: 2-3                       9,702
├─EncoderEncoderToEncoder: 1-3           --
│    └─Linear: 2-4                       19,306
│    └─Linear: 2-5                       9,702
├─ModuleList: 1-4                        --
│    └─EncoderToLatents: 2-6             --
│    │    └─Linear: 3-1                  99
│    │    └─Linear: 3-2                  99
│    └─EncoderToLatents: 2-7             --
│    │    └─Linear: 3-3                  99
│    │    └─Linear: 3-4                  99
│    └─EncoderToLatents: 2-8             --
│    │    └─Linear: 3-5                  99
│    │    └─Linear: 3-6                  99
│    └─EncoderToLatents: 2-9             --
│    │    └─Linear: 3-7                  99
│    │    └─Linear: 3-8                  99
│    └─EncoderToLatents: 2-10            --
│    │    └─Linear: 3-9                  99
│    │    └─Linear: 3-10                 99
│    └─EncoderToLatents: 2-11            --
│    │    └─Linear: 3-11                 99
│    │    └─Linear: 3-12                 99
│    └─EncoderToLatents: 2-12            --
│    │    └─Linear: 3-13                 99
│    │    └─Linear: 3-14                 99
│    └─EncoderToLatents: 2-13            --
│    │    └─Linear: 3-15                 99
│    │    └─Linear: 3-16                 99
│    └─EncoderToLatents: 2-14            --
│    │    └─Linear: 3-17                 99
│    │    └─Linear: 3-18                 99
│    └─EncoderToLatents: 2-15            --
│    │    └─Linear: 3-19                 99
│    │    └─Linear: 3-20                 99
├─ModuleList: 1-5                        --
│    └─LatentsToDecoder: 2-16            --
│    │    └─Linear: 3-21                 196
│    └─LatentsToDecoder: 2-17            --
│    │    └─Linear: 3-22                 196
│    └─LatentsToDecoder: 2-18            --
│    │    └─Linear: 3-23                 196
│    └─LatentsToDecoder: 2-19            --
│    │    └─Linear: 3-24                 196
│    └─LatentsToDecoder: 2-20            --
│    │    └─Linear: 3-25                 196
│    └─LatentsToDecoder: 2-21            --
│    │    └─Linear: 3-26                 196
│    └─LatentsToDecoder: 2-22            --
│    │    └─Linear: 3-27                 196
│    └─LatentsToDecoder: 2-23            --
│    │    └─Linear: 3-28                 196
│    └─LatentsToDecoder: 2-24            --
│    │    └─Linear: 3-29                 196
│    └─LatentsToDecoder: 2-25            --
│    │    └─Linear: 3-30                 196
├─Decoder: 1-6                           --
│    └─Linear: 2-26                      9,702
│    └─Linear: 2-27                      77,616
=================================================================
Total params: 207,682
Trainable params: 207,682
Non-trainable params: 0
=================================================================
[Epoch   1 (61.03s)]	ELBO (bits/dim): 2.24680, 2.37062, 2.40436, 2.42358, 2.42998, 2.43180, 2.43027, 2.42652, 2.42161, 2.41551 (2.61635)	Reconstruction error (/dim): 0.08218, 0.07757, 0.07695, 0.07706, 0.07772, 0.07776, 0.07838, 0.07863, 0.07899, 0.07946 (0.06679)	KLD: 8.175, 2.536, 1.157, 0.583, 0.340, 0.336, 0.335, 0.300, 0.442, 0.335 (11.903)	Grad: 1442.0
[Epoch   2 (72.09s)]	ELBO (bits/dim): 2.49813, 2.63669, 2.67405, 2.69771, 2.69825, 2.69901, 2.69864, 2.69847, 2.69714, 2.69583 (2.79024)	Reconstruction error (/dim): 0.07604, 0.06911, 0.06589, 0.06445, 0.06451, 0.06413, 0.06441, 0.06427, 0.06434, 0.06452 (0.05869)	KLD: 3.818, 3.620, 1.907, 1.465, 0.150, 0.251, 0.446, 0.126, 0.419, 0.363 (13.874)	Grad: 1704.1
[Epoch   3 (77.82s)]	ELBO (bits/dim): 2.54633, 2.67055, 2.75627, 2.82886, 2.85652, 2.85719, 2.85767, 2.85759, 2.85699, 2.85637 (2.91765)	Reconstruction error (/dim): 0.07353, 0.06788, 0.06227, 0.05750, 0.05428, 0.05417, 0.05431, 0.05432, 0.05446, 0.05462 (0.04921)	KLD: 3.310, 3.586, 2.603, 2.819, 1.609, 0.112, 0.646, 0.087, 0.247, 0.185 (16.201)	Grad: 1526.8
[Epoch   4 (74.34s)]	ELBO (bits/dim): 2.56326, 2.69292, 2.78378, 2.87507, 2.92489, 2.95283, 2.95522, 2.95529, 2.95493, 2.95433 (2.99811)	Reconstruction error (/dim): 0.07318, 0.06674, 0.06084, 0.05483, 0.04959, 0.04619, 0.04605, 0.04610, 0.04623, 0.04638 (0.04260)	KLD: 3.364, 3.402, 2.770, 3.300, 2.248, 1.608, 0.844, 0.042, 0.119, 0.121 (18.454)	Grad: 1440.8
[Epoch   5 (73.56s)]	ELBO (bits/dim): 2.57696, 2.70863, 2.80673, 2.90566, 2.95931, 3.00460, 3.00527, 3.00533, 3.00514, 3.00471 (3.03322)	Reconstruction error (/dim): 0.07254, 0.06542, 0.05901, 0.05237, 0.04711, 0.04224, 0.04224, 0.04232, 0.04241, 0.04251 (0.03994)	KLD: 3.442, 3.258, 2.785, 3.234, 2.321, 2.091, 0.564, 0.064, 0.095, 0.120 (18.298)	Grad: 1443.6
[Epoch   6 (74.29s)]	ELBO (bits/dim): 2.58585, 2.71805, 2.82312, 2.92625, 2.98314, 3.03045, 3.03961, 3.03983, 3.03984, 3.03964 (3.06467)	Reconstruction error (/dim): 0.07202, 0.06485, 0.05770, 0.05081, 0.04538, 0.04048, 0.03953, 0.03959, 0.03964, 0.03967 (0.03769)	KLD: 3.457, 3.175, 2.781, 3.082, 2.321, 2.083, 1.136, 0.181, 0.100, 0.163 (19.253)	Grad: 1546.6
[Epoch   7 (74.90s)]	ELBO (bits/dim): 2.59259, 2.72599, 2.83549, 2.94258, 3.00024, 3.04828, 3.06412, 3.06408, 3.06463, 3.06483 (3.08611)	Reconstruction error (/dim): 0.07162, 0.06411, 0.05672, 0.04955, 0.04410, 0.03934, 0.03775, 0.03783, 0.03780, 0.03777 (0.03599)	KLD: 3.449, 3.153, 2.808, 3.024, 2.299, 2.078, 1.479, 0.118, 0.204, 0.246 (19.270)	Grad: 1604.6
[Epoch   8 (73.30s)]	ELBO (bits/dim): 2.59856, 2.73275, 2.84576, 2.95475, 3.01260, 3.06101, 3.07923, 3.07912, 3.08387, 3.08421 (3.10460)	Reconstruction error (/dim): 0.07124, 0.06342, 0.05585, 0.04858, 0.04320, 0.03854, 0.03674, 0.03682, 0.03634, 0.03630 (0.03464)	KLD: 3.434, 3.152, 2.840, 2.973, 2.299, 2.081, 1.544, 0.079, 0.709, 0.352 (19.681)	Grad: 1471.5
[Epoch   9 (72.76s)]	ELBO (bits/dim): 2.60290, 2.73754, 2.85344, 2.96365, 3.02176, 3.07047, 3.09004, 3.09013, 3.10098, 3.10078 (3.11849)	Reconstruction error (/dim): 0.07111, 0.06313, 0.05525, 0.04782, 0.04251, 0.03793, 0.03604, 0.03608, 0.03500, 0.03503 (0.03315)	KLD: 3.432, 3.154, 2.856, 2.953, 2.302, 2.079, 1.578, 0.091, 1.281, 0.306 (19.691)	Grad: 1468.6
[Epoch  10 (72.96s)]	ELBO (bits/dim): 2.60653, 2.74237, 2.86046, 2.97093, 3.02974, 3.07837, 3.09951, 3.10280, 3.11318, 3.11277 (3.12854)	Reconstruction error (/dim): 0.07090, 0.06284, 0.05469, 0.04717, 0.04187, 0.03744, 0.03538, 0.03506, 0.03407, 0.03414 (0.03266)	KLD: 3.451, 3.164, 2.867, 2.931, 2.310, 2.084, 1.621, 0.378, 1.321, 0.200 (20.577)	Grad: 1533.7
[Epoch  11 (73.59s)]	ELBO (bits/dim): 2.61000, 2.74703, 2.86666, 2.97700, 3.03671, 3.08516, 3.10792, 3.11992, 3.12308, 3.12279 (3.13746)	Reconstruction error (/dim): 0.07068, 0.06259, 0.05421, 0.04665, 0.04136, 0.03701, 0.03480, 0.03357, 0.03335, 0.03340 (0.03197)	KLD: 3.461, 3.184, 2.881, 2.904, 2.326, 2.089, 1.674, 1.116, 0.977, 0.123 (20.106)	Grad: 1412.9
[Epoch  12 (74.02s)]	ELBO (bits/dim): 2.61281, 2.75117, 2.87231, 2.98200, 3.04249, 3.09103, 3.11509, 3.13092, 3.13203, 3.13168 (3.14368)	Reconstruction error (/dim): 0.07040, 0.06236, 0.05376, 0.04623, 0.04096, 0.03666, 0.03432, 0.03276, 0.03271, 0.03276 (0.03144)	KLD: 3.471, 3.205, 2.894, 2.882, 2.338, 2.097, 1.714, 1.412, 0.743, 0.083 (20.497)	Grad: 1481.8
[Epoch  13 (72.26s)]	ELBO (bits/dim): 2.61680, 2.75640, 2.87873, 2.98657, 3.04779, 3.09621, 3.12170, 3.13884, 3.14041, 3.14026 (3.15187)	Reconstruction error (/dim): 0.07005, 0.06196, 0.05325, 0.04584, 0.04058, 0.03635, 0.03389, 0.03226, 0.03213, 0.03216 (0.03106)	KLD: 3.493, 3.232, 2.901, 2.873, 2.342, 2.095, 1.739, 1.506, 0.732, 0.070 (21.557)	Grad: 1443.1
[Epoch  14 (72.64s)]	ELBO (bits/dim): 2.62013, 2.76109, 2.88423, 2.99104, 3.05276, 3.10101, 3.12712, 3.14502, 3.14857, 3.14837 (3.16122)	Reconstruction error (/dim): 0.06984, 0.06166, 0.05282, 0.04550, 0.04025, 0.03605, 0.03355, 0.03185, 0.03151, 0.03155 (0.03036)	KLD: 3.512, 3.263, 2.913, 2.870, 2.349, 2.095, 1.770, 1.552, 0.906, 0.061 (21.251)	Grad: 1531.6
[Epoch  15 (71.92s)]	ELBO (bits/dim): 2.62283, 2.76563, 2.88910, 2.99511, 3.05725, 3.10532, 3.13210, 3.15047, 3.15594, 3.15592 (3.16762)	Reconstruction error (/dim): 0.06968, 0.06138, 0.05250, 0.04519, 0.03996, 0.03577, 0.03323, 0.03150, 0.03096, 0.03096 (0.03001)	KLD: 3.529, 3.289, 2.922, 2.868, 2.362, 2.094, 1.779, 1.579, 1.048, 0.047 (21.985)	Grad: 1461.6
[Epoch  16 (71.96s)]	ELBO (bits/dim): 2.62487, 2.76927, 2.89388, 2.99890, 3.06129, 3.10939, 3.13655, 3.15527, 3.16179, 3.16155 (3.17294)	Reconstruction error (/dim): 0.06957, 0.06118, 0.05214, 0.04488, 0.03967, 0.03551, 0.03293, 0.03116, 0.03053, 0.03055 (0.02945)	KLD: 3.547, 3.316, 2.928, 2.862, 2.372, 2.098, 1.800, 1.599, 1.111, 0.036 (21.696)	Grad: 1391.9
[Epoch  17 (71.85s)]	ELBO (bits/dim): 2.62701, 2.77280, 2.89786, 3.00192, 3.06466, 3.11241, 3.14011, 3.15909, 3.16603, 3.16598 (3.17599)	Reconstruction error (/dim): 0.06943, 0.06098, 0.05187, 0.04465, 0.03945, 0.03533, 0.03270, 0.03092, 0.03024, 0.03025 (0.02926)	KLD: 3.566, 3.340, 2.936, 2.858, 2.386, 2.091, 1.808, 1.608, 1.143, 0.027 (21.629)	Grad: 1396.7
[Epoch  18 (71.93s)]	ELBO (bits/dim): 2.62956, 2.77697, 2.90185, 3.00487, 3.06796, 3.11562, 3.14365, 3.16277, 3.17016, 3.16999 (3.17873)	Reconstruction error (/dim): 0.06926, 0.06062, 0.05156, 0.04442, 0.03919, 0.03510, 0.03247, 0.03067, 0.02996, 0.02998 (0.02911)	KLD: 3.583, 3.361, 2.940, 2.855, 2.391, 2.088, 1.808, 1.612, 1.165, 0.021 (21.832)	Grad: 1407.6
[Epoch  19 (72.68s)]	ELBO (bits/dim): 2.63142, 2.78022, 2.90543, 3.00747, 3.07056, 3.11811, 3.14626, 3.16543, 3.17321, 3.17309 (3.18233)	Reconstruction error (/dim): 0.06918, 0.06037, 0.05130, 0.04419, 0.03900, 0.03493, 0.03231, 0.03050, 0.02973, 0.02975 (0.02885)	KLD: 3.598, 3.382, 2.946, 2.858, 2.403, 2.087, 1.818, 1.614, 1.176, 0.018 (22.136)	Grad: 1344.0
[Epoch  20 (72.51s)]	ELBO (bits/dim): 2.63316, 2.78328, 2.90887, 3.00992, 3.07303, 3.12039, 3.14871, 3.16793, 3.17590, 3.17583 (3.18533)	Reconstruction error (/dim): 0.06910, 0.06017, 0.05105, 0.04401, 0.03884, 0.03478, 0.03215, 0.03034, 0.02956, 0.02955 (0.02840)	KLD: 3.617, 3.406, 2.948, 2.857, 2.408, 2.085, 1.826, 1.617, 1.193, 0.016 (21.678)	Grad: 1478.4
[Epoch  21 (72.51s)]	ELBO (bits/dim): 2.63505, 2.78703, 2.91219, 3.01233, 3.07558, 3.12289, 3.15129, 3.17058, 3.17876, 3.17861 (3.18880)	Reconstruction error (/dim): 0.06898, 0.05981, 0.05080, 0.04380, 0.03863, 0.03460, 0.03196, 0.03015, 0.02936, 0.02935 (0.02851)	KLD: 3.637, 3.424, 2.953, 2.850, 2.413, 2.079, 1.827, 1.618, 1.202, 0.015 (21.830)	Grad: 1391.5
[Epoch  22 (73.74s)]	ELBO (bits/dim): 2.63629, 2.78971, 2.91537, 3.01450, 3.07755, 3.12440, 3.15284, 3.17224, 3.18046, 3.18050 (3.18724)	Reconstruction error (/dim): 0.06894, 0.05960, 0.05057, 0.04361, 0.03848, 0.03449, 0.03188, 0.03007, 0.02925, 0.02924 (0.02855)	KLD: 3.648, 3.439, 2.956, 2.849, 2.421, 2.076, 1.831, 1.617, 1.210, 0.014 (22.481)	Grad: 1524.5
[Epoch  23 (74.06s)]	ELBO (bits/dim): 2.63812, 2.79319, 2.91848, 3.01667, 3.07943, 3.12646, 3.15476, 3.17417, 3.18270, 3.18270 (3.19070)	Reconstruction error (/dim): 0.06876, 0.05932, 0.05033, 0.04345, 0.03835, 0.03437, 0.03176, 0.02993, 0.02910, 0.02908 (0.02857)	KLD: 3.666, 3.460, 2.963, 2.845, 2.425, 2.071, 1.833, 1.622, 1.214, 0.015 (22.214)	Grad: 1463.4
[Epoch  24 (73.58s)]	ELBO (bits/dim): 2.63965, 2.79637, 2.92141, 3.01905, 3.08153, 3.12836, 3.15667, 3.17611, 3.18485, 3.18478 (3.19346)	Reconstruction error (/dim): 0.06873, 0.05908, 0.05014, 0.04326, 0.03819, 0.03422, 0.03163, 0.02981, 0.02893, 0.02893 (0.02821)	KLD: 3.681, 3.479, 2.964, 2.847, 2.431, 2.073, 1.829, 1.616, 1.228, 0.015 (21.844)	Grad: 1412.3
[Epoch  25 (73.48s)]	ELBO (bits/dim): 2.64098, 2.79872, 2.92348, 3.02052, 3.08297, 3.12966, 3.15800, 3.17737, 3.18644, 3.18632 (3.19335)	Reconstruction error (/dim): 0.06861, 0.05888, 0.04998, 0.04315, 0.03810, 0.03414, 0.03155, 0.02974, 0.02883, 0.02883 (0.02808)	KLD: 3.694, 3.493, 2.966, 2.845, 2.431, 2.068, 1.834, 1.616, 1.226, 0.016 (21.878)	Grad: 1393.9
[Epoch  26 (74.37s)]	ELBO (bits/dim): 2.64234, 2.80147, 2.92574, 3.02207, 3.08435, 3.13087, 3.15909, 3.17863, 3.18758, 3.18762 (3.19451)	Reconstruction error (/dim): 0.06855, 0.05866, 0.04981, 0.04301, 0.03799, 0.03405, 0.03149, 0.02965, 0.02875, 0.02874 (0.02821)	KLD: 3.713, 3.514, 2.970, 2.840, 2.433, 2.068, 1.829, 1.619, 1.241, 0.017 (22.042)	Grad: 1572.9
[Epoch  27 (75.01s)]	ELBO (bits/dim): 2.64391, 2.80482, 2.92824, 3.02399, 3.08598, 3.13242, 3.16028, 3.17977, 3.18913, 3.18907 (3.19427)	Reconstruction error (/dim): 0.06842, 0.05843, 0.04965, 0.04286, 0.03786, 0.03394, 0.03141, 0.02960, 0.02864, 0.02864 (0.02828)	KLD: 3.725, 3.520, 2.967, 2.839, 2.436, 2.063, 1.830, 1.617, 1.249, 0.022 (22.712)	Grad: 1434.8
[Epoch  28 (76.48s)]	ELBO (bits/dim): 2.64531, 2.80778, 2.93087, 3.02572, 3.08765, 3.13386, 3.16170, 3.18118, 3.19069, 3.19077 (3.19777)	Reconstruction error (/dim): 0.06833, 0.05818, 0.04945, 0.04273, 0.03775, 0.03383, 0.03131, 0.02949, 0.02852, 0.02851 (0.02774)	KLD: 3.745, 3.540, 2.972, 2.834, 2.438, 2.061, 1.830, 1.621, 1.256, 0.029 (22.385)	Grad: 1448.8
[Epoch  29 (76.27s)]	ELBO (bits/dim): 2.64680, 2.81007, 2.93274, 3.02723, 3.08873, 3.13480, 3.16265, 3.18209, 3.19176, 3.19179 (3.19801)	Reconstruction error (/dim): 0.06825, 0.05799, 0.04929, 0.04260, 0.03765, 0.03375, 0.03123, 0.02942, 0.02846, 0.02844 (0.02805)	KLD: 3.765, 3.555, 2.971, 2.830, 2.436, 2.061, 1.834, 1.617, 1.264, 0.035 (22.497)	Grad: 1511.4
[Epoch  30 (76.60s)]	ELBO (bits/dim): 2.64797, 2.81239, 2.93462, 3.02833, 3.08997, 3.13601, 3.16368, 3.18310, 3.19310, 3.19312 (3.20027)	Reconstruction error (/dim): 0.06816, 0.05786, 0.04918, 0.04252, 0.03756, 0.03367, 0.03116, 0.02936, 0.02836, 0.02834 (0.02764)	KLD: 3.771, 3.567, 2.973, 2.831, 2.441, 2.058, 1.831, 1.615, 1.270, 0.044 (22.280)	Grad: 1569.6
[Epoch  31 (75.84s)]	ELBO (bits/dim): 2.64950, 2.81439, 2.93642, 3.02941, 3.09087, 3.13698, 3.16442, 3.18380, 3.19396, 3.19392 (3.19758)	Reconstruction error (/dim): 0.06807, 0.05771, 0.04905, 0.04243, 0.03752, 0.03360, 0.03114, 0.02934, 0.02830, 0.02830 (0.02785)	KLD: 3.791, 3.578, 2.979, 2.826, 2.443, 2.058, 1.826, 1.616, 1.282, 0.060 (22.546)	Grad: 1589.1
[Epoch  32 (74.90s)]	ELBO (bits/dim): 2.65048, 2.81671, 2.93810, 3.03038, 3.09168, 3.13779, 3.16515, 3.18447, 3.19480, 3.19484 (3.20078)	Reconstruction error (/dim): 0.06803, 0.05753, 0.04894, 0.04235, 0.03743, 0.03352, 0.03108, 0.02928, 0.02825, 0.02823 (0.02780)	KLD: 3.796, 3.587, 2.981, 2.820, 2.444, 2.055, 1.826, 1.617, 1.282, 0.079 (22.576)	Grad: 1500.1
[Epoch  33 (76.07s)]	ELBO (bits/dim): 2.65192, 2.81854, 2.93988, 3.03181, 3.09297, 3.13905, 3.16615, 3.18540, 3.19580, 3.19597 (3.20320)	Reconstruction error (/dim): 0.06795, 0.05740, 0.04881, 0.04225, 0.03734, 0.03344, 0.03102, 0.02924, 0.02818, 0.02815 (0.02749)	KLD: 3.819, 3.599, 2.980, 2.819, 2.441, 2.054, 1.828, 1.607, 1.293, 0.123 (23.002)	Grad: 1531.3
[Epoch  34 (76.37s)]	ELBO (bits/dim): 2.65288, 2.82028, 2.94135, 3.03253, 3.09373, 3.13953, 3.16675, 3.18600, 3.19649, 3.19677 (3.20177)	Reconstruction error (/dim): 0.06788, 0.05726, 0.04869, 0.04218, 0.03729, 0.03341, 0.03099, 0.02920, 0.02813, 0.02808 (0.02748)	KLD: 3.824, 3.602, 2.984, 2.819, 2.444, 2.047, 1.821, 1.616, 1.300, 0.213 (22.661)	Grad: 1569.5
[Epoch  35 (75.73s)]	ELBO (bits/dim): 2.65441, 2.82189, 2.94306, 3.03394, 3.09471, 3.14072, 3.16774, 3.18682, 3.19757, 3.19822 (3.20202)	Reconstruction error (/dim): 0.06776, 0.05718, 0.04858, 0.04209, 0.03723, 0.03332, 0.03092, 0.02915, 0.02806, 0.02799 (0.02775)	KLD: 3.839, 3.604, 2.985, 2.814, 2.441, 2.051, 1.820, 1.615, 1.299, 0.347 (22.695)	Grad: 1541.3
[Epoch  36 (76.24s)]	ELBO (bits/dim): 2.65505, 2.82236, 2.94303, 3.03334, 3.09425, 3.13994, 3.16701, 3.18604, 3.19675, 3.19769 (3.20436)	Reconstruction error (/dim): 0.06775, 0.05713, 0.04858, 0.04212, 0.03724, 0.03336, 0.03097, 0.02921, 0.02812, 0.02802 (0.02747)	KLD: 3.842, 3.606, 2.983, 2.812, 2.445, 2.052, 1.830, 1.612, 1.300, 0.494 (23.091)	Grad: 1603.6
[Epoch  37 (75.56s)]	ELBO (bits/dim): 2.65649, 2.82598, 2.94595, 3.03546, 3.09612, 3.14192, 3.16874, 3.18780, 3.19864, 3.20008 (3.20656)	Reconstruction error (/dim): 0.06766, 0.05688, 0.04837, 0.04197, 0.03712, 0.03322, 0.03084, 0.02910, 0.02800, 0.02783 (0.02722)	KLD: 3.856, 3.623, 2.988, 2.814, 2.447, 2.048, 1.817, 1.609, 1.308, 0.601 (23.435)	Grad: 1560.9
[Epoch  38 (76.21s)]	ELBO (bits/dim): 2.65747, 2.82736, 2.94719, 3.03636, 3.09698, 3.14265, 3.16932, 3.18836, 3.19926, 3.20136 (3.20921)	Reconstruction error (/dim): 0.06760, 0.05677, 0.04829, 0.04189, 0.03706, 0.03316, 0.03082, 0.02907, 0.02795, 0.02772 (0.02709)	KLD: 3.870, 3.629, 2.987, 2.810, 2.450, 2.046, 1.821, 1.611, 1.313, 0.704 (23.180)	Grad: 1595.3
[Epoch  39 (76.32s)]	ELBO (bits/dim): 2.65860, 2.82903, 2.94849, 3.03712, 3.09773, 3.14347, 3.17002, 3.18886, 3.19995, 3.20223 (3.21090)	Reconstruction error (/dim): 0.06749, 0.05666, 0.04818, 0.04183, 0.03700, 0.03309, 0.03076, 0.02901, 0.02790, 0.02765 (0.02681)	KLD: 3.883, 3.627, 2.987, 2.806, 2.448, 2.045, 1.819, 1.610, 1.324, 0.761 (23.325)	Grad: 1646.2
[Epoch  40 (75.59s)]	ELBO (bits/dim): 2.65962, 2.83115, 2.95022, 3.03875, 3.09936, 3.14490, 3.17148, 3.19040, 3.20116, 3.20392 (3.21255)	Reconstruction error (/dim): 0.06743, 0.05652, 0.04807, 0.04171, 0.03687, 0.03299, 0.03067, 0.02893, 0.02784, 0.02752 (0.02665)	KLD: 3.887, 3.646, 2.983, 2.802, 2.449, 2.042, 1.817, 1.605, 1.317, 0.800 (23.040)	Grad: 1595.7
[Epoch  41 (75.54s)]	ELBO (bits/dim): 2.66042, 2.83237, 2.95132, 3.03933, 3.09981, 3.14532, 3.17173, 3.19060, 3.20163, 3.20448 (3.21125)	Reconstruction error (/dim): 0.06742, 0.05642, 0.04797, 0.04167, 0.03684, 0.03296, 0.03065, 0.02891, 0.02778, 0.02747 (0.02680)	KLD: 3.899, 3.654, 2.992, 2.800, 2.453, 2.042, 1.819, 1.600, 1.318, 0.841 (23.472)	Grad: 1592.5
[Epoch  42 (75.41s)]	ELBO (bits/dim): 2.66167, 2.83359, 2.95310, 3.04030, 3.10076, 3.14642, 3.17270, 3.19152, 3.20266, 3.20581 (3.21112)	Reconstruction error (/dim): 0.06730, 0.05636, 0.04786, 0.04158, 0.03676, 0.03288, 0.03059, 0.02885, 0.02772, 0.02738 (0.02688)	KLD: 3.904, 3.661, 2.991, 2.800, 2.444, 2.041, 1.814, 1.601, 1.323, 0.861 (23.112)	Grad: 1592.4
[Epoch  43 (75.11s)]	ELBO (bits/dim): 2.66196, 2.83459, 2.95346, 3.04035, 3.10103, 3.14657, 3.17280, 3.19153, 3.20258, 3.20598 (3.21271)	Reconstruction error (/dim): 0.06733, 0.05633, 0.04785, 0.04159, 0.03676, 0.03289, 0.03060, 0.02886, 0.02775, 0.02739 (0.02660)	KLD: 3.911, 3.662, 2.990, 2.803, 2.454, 2.041, 1.817, 1.599, 1.329, 0.879 (23.427)	Grad: 1594.2
[Epoch  44 (76.12s)]	ELBO (bits/dim): 2.66252, 2.83591, 2.95372, 3.04041, 3.10114, 3.14703, 3.17325, 3.19170, 3.20286, 3.20646 (3.21543)	Reconstruction error (/dim): 0.06729, 0.05622, 0.04780, 0.04157, 0.03672, 0.03282, 0.03052, 0.02882, 0.02770, 0.02730 (0.02637)	KLD: 3.918, 3.666, 2.992, 2.800, 2.454, 2.041, 1.826, 1.594, 1.323, 0.907 (23.459)	Grad: 1666.4
[Epoch  45 (75.24s)]	ELBO (bits/dim): 2.66330, 2.83637, 2.95449, 3.04064, 3.10115, 3.14719, 3.17348, 3.19197, 3.20324, 3.20685 (3.21347)	Reconstruction error (/dim): 0.06718, 0.05618, 0.04777, 0.04157, 0.03674, 0.03282, 0.03054, 0.02883, 0.02769, 0.02731 (0.02666)	KLD: 3.924, 3.666, 2.992, 2.800, 2.458, 2.041, 1.820, 1.591, 1.326, 0.912 (23.664)	Grad: 1708.8
[Epoch  46 (75.29s)]	ELBO (bits/dim): 2.66461, 2.83853, 2.95633, 3.04182, 3.10229, 3.14808, 3.17431, 3.19280, 3.20417, 3.20790 (3.21366)	Reconstruction error (/dim): 0.06711, 0.05603, 0.04765, 0.04150, 0.03668, 0.03277, 0.03049, 0.02879, 0.02765, 0.02725 (0.02664)	KLD: 3.935, 3.658, 2.990, 2.800, 2.465, 2.039, 1.819, 1.592, 1.325, 0.938 (23.078)	Grad: 1653.5
[Epoch  47 (75.15s)]	ELBO (bits/dim): 2.66468, 2.83820, 2.95686, 3.04225, 3.10260, 3.14808, 3.17422, 3.19255, 3.20391, 3.20788 (3.21157)	Reconstruction error (/dim): 0.06710, 0.05606, 0.04759, 0.04143, 0.03663, 0.03276, 0.03049, 0.02880, 0.02766, 0.02723 (0.02669)	KLD: 3.940, 3.677, 2.993, 2.791, 2.456, 2.034, 1.816, 1.592, 1.328, 0.939 (23.884)	Grad: 1704.4
[Epoch  48 (75.39s)]	ELBO (bits/dim): 2.66572, 2.84014, 2.95831, 3.04385, 3.10420, 3.14991, 3.17581, 3.19397, 3.20522, 3.20914 (3.21577)	Reconstruction error (/dim): 0.06701, 0.05593, 0.04748, 0.04132, 0.03652, 0.03261, 0.03038, 0.02870, 0.02757, 0.02714 (0.02654)	KLD: 3.946, 3.694, 2.989, 2.785, 2.460, 2.036, 1.819, 1.589, 1.319, 0.933 (23.670)	Grad: 1644.3
[Epoch  49 (76.06s)]	ELBO (bits/dim): 2.66674, 2.84138, 2.95955, 3.04394, 3.10469, 3.15025, 3.17600, 3.19431, 3.20580, 3.20984 (3.21284)	Reconstruction error (/dim): 0.06693, 0.05586, 0.04745, 0.04134, 0.03651, 0.03262, 0.03038, 0.02869, 0.02755, 0.02711 (0.02691)	KLD: 3.951, 3.685, 2.993, 2.788, 2.460, 2.033, 1.809, 1.586, 1.327, 0.939 (23.844)	Grad: 1762.6
[Epoch  50 (75.48s)]	ELBO (bits/dim): 2.66722, 2.84231, 2.96018, 3.04397, 3.10476, 3.15021, 3.17618, 3.19443, 3.20579, 3.20977 (3.21638)	Reconstruction error (/dim): 0.06687, 0.05578, 0.04737, 0.04131, 0.03648, 0.03262, 0.03036, 0.02868, 0.02754, 0.02711 (0.02636)	KLD: 3.958, 3.690, 2.993, 2.787, 2.466, 2.032, 1.811, 1.588, 1.322, 0.949 (23.427)	Grad: 1738.7
[Epoch  51 (74.55s)]	ELBO (bits/dim): 2.66785, 2.84349, 2.96089, 3.04448, 3.10500, 3.15066, 3.17647, 3.19471, 3.20613, 3.21027 (3.21781)	Reconstruction error (/dim): 0.06687, 0.05570, 0.04729, 0.04125, 0.03645, 0.03256, 0.03033, 0.02865, 0.02751, 0.02704 (0.02658)	KLD: 3.960, 3.699, 2.992, 2.781, 2.466, 2.032, 1.815, 1.583, 1.328, 0.952 (23.187)	Grad: 1770.8
[Epoch  52 (75.73s)]	ELBO (bits/dim): 2.66863, 2.84432, 2.96191, 3.04498, 3.10550, 3.15141, 3.17714, 3.19525, 3.20684, 3.21115 (3.21785)	Reconstruction error (/dim): 0.06678, 0.05568, 0.04725, 0.04124, 0.03644, 0.03253, 0.03030, 0.02864, 0.02747, 0.02701 (0.02651)	KLD: 3.967, 3.694, 2.993, 2.777, 2.467, 2.031, 1.814, 1.584, 1.342, 0.969 (23.545)	Grad: 1681.3
[Epoch  53 (75.52s)]	ELBO (bits/dim): 2.66943, 2.84552, 2.96302, 3.04588, 3.10643, 3.15218, 3.17776, 3.19594, 3.20737, 3.21176 (3.21670)	Reconstruction error (/dim): 0.06672, 0.05556, 0.04718, 0.04117, 0.03636, 0.03248, 0.03025, 0.02859, 0.02745, 0.02698 (0.02645)	KLD: 3.968, 3.702, 2.994, 2.777, 2.467, 2.033, 1.805, 1.579, 1.333, 0.962 (23.230)	Grad: 1761.4
[Epoch  54 (76.01s)]	ELBO (bits/dim): 2.66935, 2.84608, 2.96324, 3.04581, 3.10637, 3.15230, 3.17807, 3.19596, 3.20756, 3.21184 (3.21319)	Reconstruction error (/dim): 0.06675, 0.05556, 0.04716, 0.04120, 0.03638, 0.03247, 0.03024, 0.02860, 0.02745, 0.02696 (0.02673)	KLD: 3.973, 3.704, 2.996, 2.779, 2.470, 2.029, 1.813, 1.586, 1.338, 0.965 (23.729)	Grad: 1820.5
[Epoch  55 (75.86s)]	ELBO (bits/dim): 2.67053, 2.84746, 2.96424, 3.04698, 3.10763, 3.15333, 3.17901, 3.19689, 3.20844, 3.21282 (3.21657)	Reconstruction error (/dim): 0.06664, 0.05545, 0.04708, 0.04109, 0.03627, 0.03238, 0.03017, 0.02853, 0.02738, 0.02689 (0.02645)	KLD: 3.980, 3.711, 2.997, 2.772, 2.467, 2.026, 1.810, 1.576, 1.334, 0.957 (23.684)	Grad: 1817.1
[Epoch  56 (74.78s)]	ELBO (bits/dim): 2.67059, 2.84810, 2.96453, 3.04640, 3.10686, 3.15261, 3.17833, 3.19628, 3.20809, 3.21243 (3.21922)	Reconstruction error (/dim): 0.06665, 0.05542, 0.04710, 0.04116, 0.03636, 0.03244, 0.03023, 0.02858, 0.02740, 0.02693 (0.02639)	KLD: 3.973, 3.704, 2.996, 2.770, 2.471, 2.028, 1.813, 1.575, 1.352, 0.974 (23.945)	Grad: 1828.8
[Epoch  57 (75.84s)]	ELBO (bits/dim): 2.67106, 2.84947, 2.96609, 3.04830, 3.10878, 3.15448, 3.18007, 3.19789, 3.20975, 3.21408 (3.21970)	Reconstruction error (/dim): 0.06659, 0.05533, 0.04696, 0.04102, 0.03619, 0.03230, 0.03010, 0.02846, 0.02727, 0.02680 (0.02603)	KLD: 3.991, 3.724, 2.993, 2.768, 2.473, 2.027, 1.805, 1.574, 1.337, 0.970 (24.128)	Grad: 1752.1
[Epoch  58 (75.91s)]	ELBO (bits/dim): 2.67216, 2.84990, 2.96676, 3.04869, 3.10893, 3.15461, 3.18014, 3.19795, 3.20948, 3.21391 (3.21763)	Reconstruction error (/dim): 0.06656, 0.05533, 0.04691, 0.04098, 0.03619, 0.03229, 0.03010, 0.02845, 0.02730, 0.02681 (0.02638)	KLD: 3.990, 3.723, 2.996, 2.766, 2.478, 2.028, 1.807, 1.580, 1.339, 0.975 (23.827)	Grad: 1816.4
[Epoch  59 (76.75s)]	ELBO (bits/dim): 2.67257, 2.85100, 2.96707, 3.04863, 3.10898, 3.15473, 3.18016, 3.19794, 3.20956, 3.21395 (3.21807)	Reconstruction error (/dim): 0.06646, 0.05524, 0.04690, 0.04100, 0.03618, 0.03226, 0.03009, 0.02845, 0.02729, 0.02681 (0.02625)	KLD: 3.996, 3.735, 2.996, 2.766, 2.474, 2.024, 1.808, 1.574, 1.339, 0.971 (23.803)	Grad: 1921.0
[Epoch  60 (78.73s)]	ELBO (bits/dim): 2.67356, 2.85205, 2.96769, 3.04871, 3.10926, 3.15506, 3.18057, 3.19830, 3.20997, 3.21449 (3.22009)	Reconstruction error (/dim): 0.06645, 0.05516, 0.04686, 0.04100, 0.03618, 0.03227, 0.03007, 0.02844, 0.02728, 0.02679 (0.02626)	KLD: 4.002, 3.725, 2.996, 2.763, 2.481, 2.026, 1.808, 1.572, 1.336, 0.980 (23.811)	Grad: 1926.5
[Epoch  61 (78.28s)]	ELBO (bits/dim): 2.67326, 2.85176, 2.96879, 3.04932, 3.10973, 3.15554, 3.18099, 3.19871, 3.21036, 3.21486 (3.21707)	Reconstruction error (/dim): 0.06641, 0.05521, 0.04677, 0.04095, 0.03612, 0.03223, 0.03004, 0.02840, 0.02725, 0.02677 (0.02632)	KLD: 4.011, 3.733, 2.998, 2.754, 2.482, 2.023, 1.808, 1.578, 1.340, 0.996 (23.760)	Grad: 1858.9
[Epoch  62 (77.58s)]	ELBO (bits/dim): 2.67396, 2.85334, 2.96905, 3.04856, 3.10896, 3.15498, 3.18049, 3.19802, 3.20968, 3.21444 (3.21914)	Reconstruction error (/dim): 0.06636, 0.05506, 0.04674, 0.04099, 0.03619, 0.03226, 0.03008, 0.02846, 0.02730, 0.02678 (0.02638)	KLD: 4.016, 3.723, 2.994, 2.759, 2.484, 2.027, 1.803, 1.563, 1.342, 0.992 (23.759)	Grad: 1933.6
[Epoch  63 (78.21s)]	ELBO (bits/dim): 2.67492, 2.85444, 2.97061, 3.05039, 3.11105, 3.15667, 3.18199, 3.19958, 3.21122, 3.21572 (3.21853)	Reconstruction error (/dim): 0.06632, 0.05499, 0.04662, 0.04087, 0.03603, 0.03213, 0.02997, 0.02834, 0.02719, 0.02670 (0.02620)	KLD: 4.019, 3.737, 3.000, 2.753, 2.491, 2.022, 1.804, 1.575, 1.340, 0.977 (23.655)	Grad: 1884.8
[Epoch  64 (78.22s)]	ELBO (bits/dim): 2.67536, 2.85408, 2.97041, 3.04992, 3.11042, 3.15628, 3.18151, 3.19909, 3.21081, 3.21524 (3.21935)	Reconstruction error (/dim): 0.06627, 0.05504, 0.04666, 0.04091, 0.03607, 0.03217, 0.03002, 0.02839, 0.02724, 0.02674 (0.02622)	KLD: 4.030, 3.729, 2.999, 2.753, 2.496, 2.023, 1.808, 1.572, 1.338, 0.992 (23.615)	Grad: 1940.8
[Epoch  65 (77.45s)]	ELBO (bits/dim): 2.67547, 2.85426, 2.96983, 3.04930, 3.10952, 3.15535, 3.18077, 3.19839, 3.21007, 3.21461 (3.21860)	Reconstruction error (/dim): 0.06630, 0.05500, 0.04673, 0.04098, 0.03618, 0.03227, 0.03009, 0.02847, 0.02730, 0.02681 (0.02634)	KLD: 4.026, 3.704, 2.994, 2.755, 2.490, 2.026, 1.801, 1.568, 1.331, 0.990 (23.444)	Grad: 2011.0
[Epoch  66 (76.88s)]	ELBO (bits/dim): 2.67630, 2.85607, 2.97251, 3.05213, 3.11268, 3.15823, 3.18341, 3.20091, 3.21248, 3.21692 (3.22327)	Reconstruction error (/dim): 0.06621, 0.05486, 0.04647, 0.04073, 0.03590, 0.03202, 0.02988, 0.02826, 0.02710, 0.02662 (0.02599)	KLD: 4.031, 3.737, 3.000, 2.743, 2.492, 2.021, 1.802, 1.562, 1.335, 0.984 (23.788)	Grad: 1880.6
[Epoch  67 (76.99s)]	ELBO (bits/dim): 2.67705, 2.85669, 2.97257, 3.05203, 3.11236, 3.15812, 3.18370, 3.20110, 3.21284, 3.21747 (3.22321)	Reconstruction error (/dim): 0.06618, 0.05485, 0.04650, 0.04078, 0.03596, 0.03207, 0.02988, 0.02827, 0.02711, 0.02662 (0.02603)	KLD: 4.036, 3.724, 2.999, 2.755, 2.495, 2.017, 1.810, 1.562, 1.347, 1.001 (23.684)	Grad: 1852.8
[Epoch  68 (78.39s)]	ELBO (bits/dim): 2.67763, 2.85711, 2.97375, 3.05232, 3.11250, 3.15790, 3.18308, 3.20049, 3.21209, 3.21667 (3.22153)	Reconstruction error (/dim): 0.06614, 0.05482, 0.04642, 0.04075, 0.03592, 0.03207, 0.02992, 0.02831, 0.02716, 0.02666 (0.02614)	KLD: 4.046, 3.743, 2.998, 2.741, 2.491, 2.012, 1.806, 1.563, 1.342, 1.001 (23.785)	Grad: 1969.0
[Epoch  69 (80.33s)]	ELBO (bits/dim): 2.67773, 2.85821, 2.97352, 3.05184, 3.11201, 3.15760, 3.18297, 3.20028, 3.21180, 3.21626 (3.22307)	Reconstruction error (/dim): 0.06612, 0.05471, 0.04642, 0.04077, 0.03596, 0.03208, 0.02993, 0.02832, 0.02719, 0.02669 (0.02597)	KLD: 4.047, 3.742, 2.998, 2.745, 2.488, 2.020, 1.809, 1.555, 1.331, 0.988 (23.662)	Grad: 2058.4
[Epoch  70 (75.84s)]	ELBO (bits/dim): 2.67862, 2.85893, 2.97521, 3.05341, 3.11343, 3.15921, 3.18448, 3.20178, 3.21330, 3.21776 (3.22292)	Reconstruction error (/dim): 0.06604, 0.05468, 0.04631, 0.04064, 0.03585, 0.03196, 0.02980, 0.02821, 0.02707, 0.02658 (0.02602)	KLD: 4.051, 3.749, 3.000, 2.739, 2.501, 2.016, 1.799, 1.559, 1.327, 0.998 (23.779)	Grad: 1955.9
[Epoch  71 (75.50s)]	ELBO (bits/dim): 2.67865, 2.85922, 2.97508, 3.05344, 3.11372, 3.15931, 3.18446, 3.20186, 3.21326, 3.21781 (3.22268)	Reconstruction error (/dim): 0.06612, 0.05468, 0.04630, 0.04066, 0.03584, 0.03196, 0.02982, 0.02822, 0.02709, 0.02659 (0.02591)	KLD: 4.056, 3.749, 3.004, 2.736, 2.499, 2.012, 1.802, 1.560, 1.340, 1.000 (23.389)	Grad: 2087.1
[Epoch  72 (74.56s)]	ELBO (bits/dim): 2.67934, 2.86065, 2.97632, 3.05424, 3.11461, 3.16025, 3.18548, 3.20267, 3.21419, 3.21876 (3.22102)	Reconstruction error (/dim): 0.06600, 0.05457, 0.04624, 0.04061, 0.03577, 0.03190, 0.02975, 0.02816, 0.02702, 0.02652 (0.02601)	KLD: 4.061, 3.749, 3.001, 2.736, 2.506, 2.015, 1.801, 1.559, 1.331, 0.986 (23.667)	Grad: 1963.1
[Epoch  73 (75.86s)]	ELBO (bits/dim): 2.67953, 2.86099, 2.97635, 3.05402, 3.11431, 3.15994, 3.18509, 3.20231, 3.21383, 3.21844 (3.22366)	Reconstruction error (/dim): 0.06603, 0.05454, 0.04622, 0.04063, 0.03579, 0.03194, 0.02978, 0.02819, 0.02705, 0.02656 (0.02584)	KLD: 4.061, 3.746, 3.000, 2.735, 2.507, 2.016, 1.801, 1.556, 1.332, 0.978 (23.900)	Grad: 2112.7
[Epoch  74 (77.90s)]	ELBO (bits/dim): 2.67972, 2.86139, 2.97663, 3.05351, 3.11364, 3.15963, 3.18470, 3.20181, 3.21361, 3.21819 (3.21902)	Reconstruction error (/dim): 0.06598, 0.05450, 0.04617, 0.04065, 0.03583, 0.03192, 0.02979, 0.02822, 0.02703, 0.02655 (0.02641)	KLD: 4.058, 3.747, 2.998, 2.735, 2.508, 2.017, 1.802, 1.556, 1.345, 1.011 (23.797)	Grad: 2074.7
[Epoch  75 (77.80s)]	ELBO (bits/dim): 2.68005, 2.86259, 2.97688, 3.05344, 3.11420, 3.15991, 3.18537, 3.20223, 3.21389, 3.21847 (3.22364)	Reconstruction error (/dim): 0.06593, 0.05440, 0.04617, 0.04066, 0.03579, 0.03192, 0.02975, 0.02819, 0.02703, 0.02653 (0.02574)	KLD: 4.072, 3.751, 2.998, 2.733, 2.509, 2.017, 1.804, 1.551, 1.344, 0.994 (23.566)	Grad: 2062.5
[Epoch  76 (76.98s)]	ELBO (bits/dim): 2.68094, 2.86326, 2.97778, 3.05489, 3.11520, 3.16103, 3.18631, 3.20336, 3.21502, 3.21960 (3.22334)	Reconstruction error (/dim): 0.06588, 0.05436, 0.04610, 0.04055, 0.03572, 0.03183, 0.02968, 0.02811, 0.02696, 0.02646 (0.02597)	KLD: 4.075, 3.751, 3.002, 2.727, 2.514, 2.016, 1.809, 1.553, 1.335, 1.000 (23.903)	Grad: 2059.3
[Epoch  77 (76.40s)]	ELBO (bits/dim): 2.68168, 2.86438, 2.97846, 3.05509, 3.11562, 3.16117, 3.18624, 3.20313, 3.21437, 3.21899 (3.22052)	Reconstruction error (/dim): 0.06583, 0.05432, 0.04606, 0.04054, 0.03567, 0.03181, 0.02966, 0.02811, 0.02700, 0.02650 (0.02617)	KLD: 4.081, 3.774, 3.001, 2.718, 2.512, 2.014, 1.798, 1.550, 1.327, 0.986 (23.683)	Grad: 2083.6
[Epoch  78 (77.42s)]	ELBO (bits/dim): 2.68170, 2.86464, 2.97713, 3.05432, 3.11467, 3.16048, 3.18545, 3.20237, 3.21369, 3.21816 (3.22286)	Reconstruction error (/dim): 0.06583, 0.05424, 0.04609, 0.04055, 0.03570, 0.03183, 0.02970, 0.02814, 0.02703, 0.02653 (0.02606)	KLD: 4.080, 3.778, 2.995, 2.718, 2.511, 2.012, 1.801, 1.553, 1.325, 0.995 (23.728)	Grad: 2032.0
[Epoch  79 (78.85s)]	ELBO (bits/dim): 2.68262, 2.86631, 2.97842, 3.05503, 3.11551, 3.16129, 3.18633, 3.20317, 3.21483, 3.21934 (3.22290)	Reconstruction error (/dim): 0.06579, 0.05417, 0.04606, 0.04053, 0.03566, 0.03179, 0.02966, 0.02811, 0.02697, 0.02648 (0.02601)	KLD: 4.085, 3.761, 2.997, 2.719, 2.516, 2.010, 1.802, 1.552, 1.335, 1.001 (24.048)	Grad: 2099.7
[Epoch  80 (76.72s)]	ELBO (bits/dim): 2.68251, 2.86636, 2.97871, 3.05485, 3.11524, 3.16136, 3.18643, 3.20335, 3.21485, 3.21946 (3.22586)	Reconstruction error (/dim): 0.06578, 0.05413, 0.04601, 0.04053, 0.03569, 0.03178, 0.02966, 0.02810, 0.02699, 0.02648 (0.02584)	KLD: 4.092, 3.761, 2.994, 2.726, 2.517, 2.015, 1.803, 1.553, 1.338, 0.996 (23.998)	Grad: 2132.0
[Epoch  81 (77.09s)]	ELBO (bits/dim): 2.68306, 2.86658, 2.97820, 3.05403, 3.11417, 3.16016, 3.18510, 3.20204, 3.21332, 3.21804 (3.22239)	Reconstruction error (/dim): 0.06572, 0.05413, 0.04601, 0.04056, 0.03575, 0.03186, 0.02974, 0.02817, 0.02705, 0.02655 (0.02599)	KLD: 4.100, 3.778, 2.995, 2.719, 2.519, 2.017, 1.804, 1.554, 1.334, 1.010 (23.679)	Grad: 2120.9
[Epoch  82 (76.80s)]	ELBO (bits/dim): 2.68318, 2.86701, 2.97970, 3.05504, 3.11520, 3.16115, 3.18611, 3.20300, 3.21453, 3.21911 (3.22547)	Reconstruction error (/dim): 0.06573, 0.05414, 0.04593, 0.04049, 0.03568, 0.03179, 0.02967, 0.02810, 0.02698, 0.02648 (0.02582)	KLD: 4.088, 3.774, 2.994, 2.713, 2.519, 2.013, 1.800, 1.554, 1.331, 1.006 (23.830)	Grad: 2170.4
[Epoch  83 (77.14s)]	ELBO (bits/dim): 2.68436, 2.86706, 2.98012, 3.05555, 3.11617, 3.16242, 3.18699, 3.20406, 3.21579, 3.22039 (3.22569)	Reconstruction error (/dim): 0.06566, 0.05418, 0.04598, 0.04053, 0.03567, 0.03173, 0.02965, 0.02806, 0.02693, 0.02641 (0.02572)	KLD: 4.099, 3.751, 2.993, 2.721, 2.529, 2.016, 1.797, 1.555, 1.339, 1.002 (23.493)	Grad: 2140.0
[Epoch  84 (77.81s)]	ELBO (bits/dim): 2.68400, 2.86722, 2.98055, 3.05617, 3.11669, 3.16247, 3.18731, 3.20419, 3.21564, 3.22023 (3.22420)	Reconstruction error (/dim): 0.06570, 0.05412, 0.04589, 0.04045, 0.03559, 0.03172, 0.02960, 0.02803, 0.02692, 0.02641 (0.02616)	KLD: 4.101, 3.772, 2.994, 2.711, 2.530, 2.012, 1.793, 1.548, 1.329, 1.003 (23.676)	Grad: 2228.3
[Epoch  85 (76.88s)]	ELBO (bits/dim): 2.68515, 2.86809, 2.98136, 3.05623, 3.11682, 3.16262, 3.18757, 3.20457, 3.21583, 3.22049 (3.22482)	Reconstruction error (/dim): 0.06562, 0.05407, 0.04587, 0.04046, 0.03561, 0.03175, 0.02962, 0.02804, 0.02694, 0.02644 (0.02595)	KLD: 4.104, 3.762, 2.995, 2.712, 2.535, 2.010, 1.803, 1.550, 1.330, 1.003 (23.658)	Grad: 2145.9
[Epoch  86 (77.02s)]	ELBO (bits/dim): 2.68552, 2.86961, 2.98253, 3.05791, 3.11841, 3.16386, 3.18843, 3.20532, 3.21665, 3.22109 (3.22624)	Reconstruction error (/dim): 0.06560, 0.05395, 0.04576, 0.04033, 0.03547, 0.03162, 0.02953, 0.02798, 0.02686, 0.02639 (0.02598)	KLD: 4.115, 3.775, 2.998, 2.709, 2.529, 2.011, 1.794, 1.547, 1.328, 0.984 (23.727)	Grad: 2131.1
[Epoch  87 (76.63s)]	ELBO (bits/dim): 2.68593, 2.86906, 2.98221, 3.05709, 3.11772, 3.16319, 3.18793, 3.20481, 3.21639, 3.22093 (3.22414)	Reconstruction error (/dim): 0.06558, 0.05403, 0.04583, 0.04041, 0.03554, 0.03170, 0.02959, 0.02803, 0.02691, 0.02640 (0.02594)	KLD: 4.119, 3.761, 2.998, 2.705, 2.533, 2.009, 1.795, 1.550, 1.338, 0.993 (23.941)	Grad: 2183.9
[Epoch  88 (77.49s)]	ELBO (bits/dim): 2.68603, 2.86871, 2.98346, 3.05823, 3.11827, 3.16413, 3.18891, 3.20590, 3.21705, 3.22165 (3.22577)	Reconstruction error (/dim): 0.06553, 0.05404, 0.04570, 0.04031, 0.03549, 0.03162, 0.02953, 0.02794, 0.02686, 0.02634 (0.02575)	KLD: 4.121, 3.765, 3.002, 2.708, 2.533, 2.013, 1.793, 1.556, 1.331, 1.007 (23.762)	Grad: 2239.2
[Epoch  89 (77.95s)]	ELBO (bits/dim): 2.68471, 2.86653, 2.98108, 3.05580, 3.11597, 3.16241, 3.18720, 3.20417, 3.21566, 3.22009 (3.22482)	Reconstruction error (/dim): 0.06563, 0.05418, 0.04583, 0.04047, 0.03564, 0.03174, 0.02964, 0.02806, 0.02694, 0.02646 (0.02594)	KLD: 4.119, 3.758, 2.999, 2.717, 2.533, 2.013, 1.796, 1.550, 1.343, 0.993 (24.011)	Grad: 2406.6
[Epoch  90 (76.40s)]	ELBO (bits/dim): 2.68608, 2.86981, 2.98310, 3.05769, 3.11786, 3.16402, 3.18875, 3.20567, 3.21712, 3.22155 (3.22316)	Reconstruction error (/dim): 0.06548, 0.05391, 0.04567, 0.04032, 0.03549, 0.03160, 0.02950, 0.02793, 0.02682, 0.02633 (0.02587)	KLD: 4.118, 3.779, 2.996, 2.709, 2.538, 2.013, 1.801, 1.550, 1.339, 1.005 (24.238)	Grad: 2183.9
[Epoch  91 (76.34s)]	ELBO (bits/dim): 2.68707, 2.87111, 2.98384, 3.05791, 3.11808, 3.16408, 3.18864, 3.20533, 3.21677, 3.22139 (3.22572)	Reconstruction error (/dim): 0.06548, 0.05383, 0.04564, 0.04031, 0.03549, 0.03160, 0.02952, 0.02798, 0.02686, 0.02636 (0.02589)	KLD: 4.134, 3.781, 3.000, 2.713, 2.540, 2.008, 1.795, 1.540, 1.331, 0.989 (24.021)	Grad: 2313.1
[Epoch  92 (76.97s)]	ELBO (bits/dim): 2.68789, 2.87163, 2.98398, 3.05793, 3.11825, 3.16423, 3.18891, 3.20584, 3.21720, 3.22162 (3.22515)	Reconstruction error (/dim): 0.06538, 0.05379, 0.04563, 0.04030, 0.03546, 0.03156, 0.02949, 0.02790, 0.02682, 0.02633 (0.02602)	KLD: 4.128, 3.784, 2.995, 2.703, 2.549, 2.009, 1.795, 1.553, 1.338, 0.986 (23.684)	Grad: 2236.6
[Epoch  93 (77.62s)]	ELBO (bits/dim): 2.68762, 2.87086, 2.98404, 3.05808, 3.11791, 3.16398, 3.18846, 3.20529, 3.21681, 3.22139 (3.22435)	Reconstruction error (/dim): 0.06539, 0.05387, 0.04560, 0.04030, 0.03548, 0.03159, 0.02952, 0.02796, 0.02684, 0.02633 (0.02579)	KLD: 4.125, 3.794, 2.995, 2.699, 2.538, 2.010, 1.797, 1.549, 1.336, 0.986 (24.083)	Grad: 2401.3
[Epoch  94 (78.95s)]	ELBO (bits/dim): 2.68702, 2.87060, 2.98261, 3.05785, 3.11742, 3.16355, 3.18808, 3.20486, 3.21603, 3.22052 (3.22620)	Reconstruction error (/dim): 0.06542, 0.05384, 0.04565, 0.04026, 0.03547, 0.03159, 0.02953, 0.02798, 0.02688, 0.02639 (0.02585)	KLD: 4.123, 3.820, 2.997, 2.690, 2.542, 2.008, 1.800, 1.555, 1.327, 0.981 (23.743)	Grad: 2356.3
[Epoch  95 (76.67s)]	ELBO (bits/dim): 2.68826, 2.87291, 2.98461, 3.05964, 3.11969, 3.16544, 3.18984, 3.20666, 3.21792, 3.22235 (3.22784)	Reconstruction error (/dim): 0.06535, 0.05370, 0.04555, 0.04016, 0.03533, 0.03146, 0.02941, 0.02785, 0.02675, 0.02626 (0.02569)	KLD: 4.134, 3.801, 2.991, 2.686, 2.548, 2.007, 1.794, 1.547, 1.328, 0.976 (23.786)	Grad: 2177.1
[Epoch  96 (76.23s)]	ELBO (bits/dim): 2.68854, 2.87331, 2.98484, 3.05973, 3.11965, 3.16527, 3.18977, 3.20657, 3.21789, 3.22239 (3.22726)	Reconstruction error (/dim): 0.06536, 0.05368, 0.04556, 0.04018, 0.03536, 0.03152, 0.02945, 0.02788, 0.02679, 0.02629 (0.02567)	KLD: 4.132, 3.806, 2.994, 2.687, 2.544, 2.004, 1.792, 1.543, 1.331, 0.988 (23.897)	Grad: 2279.4
[Epoch  97 (77.46s)]	ELBO (bits/dim): 2.68931, 2.87429, 2.98575, 3.06026, 3.12014, 3.16569, 3.19000, 3.20663, 3.21789, 3.22239 (3.22525)	Reconstruction error (/dim): 0.06526, 0.05361, 0.04552, 0.04015, 0.03531, 0.03148, 0.02943, 0.02787, 0.02679, 0.02629 (0.02570)	KLD: 4.137, 3.800, 2.991, 2.692, 2.548, 2.007, 1.791, 1.546, 1.327, 0.980 (23.574)	Grad: 2294.4
[Epoch  98 (78.27s)]	ELBO (bits/dim): 2.68920, 2.87290, 2.98474, 3.05999, 3.11978, 3.16561, 3.18971, 3.20664, 3.21769, 3.22216 (3.22813)	Reconstruction error (/dim): 0.06530, 0.05374, 0.04559, 0.04015, 0.03534, 0.03148, 0.02944, 0.02787, 0.02679, 0.02629 (0.02556)	KLD: 4.138, 3.815, 2.996, 2.685, 2.549, 2.005, 1.789, 1.550, 1.328, 1.003 (23.773)	Grad: 2323.6
[Epoch  99 (78.60s)]	ELBO (bits/dim): 2.68977, 2.87196, 2.98480, 3.05906, 3.11890, 3.16472, 3.18887, 3.20579, 3.21688, 3.22143 (3.22231)	Reconstruction error (/dim): 0.06522, 0.05379, 0.04554, 0.04019, 0.03537, 0.03152, 0.02950, 0.02793, 0.02685, 0.02635 (0.02605)	KLD: 4.142, 3.803, 3.001, 2.676, 2.555, 2.008, 1.789, 1.558, 1.315, 0.972 (23.759)	Grad: 2377.4
[Epoch 100 (68.16s)]	ELBO (bits/dim): 2.68946, 2.87079, 2.98399, 3.05885, 3.11768, 3.16311, 3.18727, 3.20430, 3.21512, 3.21960 (3.22562)	Reconstruction error (/dim): 0.06525, 0.05382, 0.04558, 0.04020, 0.03547, 0.03164, 0.02961, 0.02803, 0.02697, 0.02647 (0.02598)	KLD: 4.130, 3.811, 2.996, 2.672, 2.548, 2.000, 1.785, 1.546, 1.315, 0.989 (24.162)	Grad: 2564.8
Best epoch(s): [98]	Training time(s): 7554.44s (7554.44s)	Best ELBO (bits/dim): 3.22239 (3.22813)	Best reconstruction error (/dim): 0.07946 (0.06679)
Avg. mu: -0.000, 0.062, 0.115, -0.040, 0.028, 0.042, 0.066, 0.092, -0.040, -0.015
Avg. var: 0.001, 0.002, 0.003, 0.006, 0.009, 0.018, 0.034, 0.050, 0.082, 0.154
Max. mu: 5.287, 4.618, 4.449, 3.983, 3.150, 3.766, 4.038, 4.424, 4.536, 4.393
Max. var: 0.033, 0.024, 0.040, 0.072, 0.120, 0.102, 0.203, 0.184, 0.397, 0.652
Min. mu: -4.948, -4.125, -5.178, -4.533, -3.921, -3.690, -4.324, -5.350, -4.967, -6.097
Min. var: 0.000, 0.000, 0.000, 0.001, 0.001, 0.005, 0.005, 0.013, 0.018, 0.031
Cov. mu:
[[1.833 0.195 0.023 -0.048 0.241 0.067 0.142 0.041 0.034 -0.018]
 [0.195 1.806 0.041 0.014 0.018 -0.066 0.039 0.046 0.109 0.034]
 [0.023 0.041 0.943 -0.067 0.095 -0.051 -0.021 0.010 0.027 -0.014]
 [-0.048 0.014 -0.067 0.831 -0.002 0.020 0.003 0.016 -0.003 0.006]
 [0.241 0.018 0.095 -0.002 1.077 -0.003 -0.021 0.036 0.026 -0.070]
 [0.067 -0.066 -0.051 0.020 -0.003 0.960 -0.001 0.012 -0.026 0.010]
 [0.142 0.039 -0.021 0.003 -0.021 -0.001 0.919 0.050 0.040 -0.036]
 [0.041 0.046 0.010 0.016 0.036 0.012 0.050 0.923 0.014 -0.046]
 [0.034 0.109 0.027 -0.003 0.026 -0.026 0.040 0.014 0.881 -0.010]
 [-0.018 0.034 -0.014 0.006 -0.070 0.010 -0.036 -0.046 -0.010 0.807]]
