Encoder
=================================================================
Layer (type:depth-idx)                   Param #
=================================================================
Encoder                                  --
├─Linear: 1-1                            31,400
├─Linear: 1-2                            1,640
=================================================================
Total params: 33,040
Trainable params: 33,040
Non-trainable params: 0
=================================================================
Encoder 2
=================================================================
Layer (type:depth-idx)                   Param #
=================================================================
Encoder                                  --
├─Linear: 1-1                            31,400
├─Linear: 1-2                            1,640
=================================================================
Total params: 33,040
Trainable params: 33,040
Non-trainable params: 0
=================================================================
Encoder to Latents 0
=================================================================
Layer (type:depth-idx)                   Param #
=================================================================
EncoderToLatents                         --
├─Linear: 1-1                            41
├─Linear: 1-2                            41
=================================================================
Total params: 82
Trainable params: 82
Non-trainable params: 0
=================================================================
Encoder to Latents 1
=================================================================
Layer (type:depth-idx)                   Param #
=================================================================
EncoderToLatents                         --
├─Linear: 1-1                            41
├─Linear: 1-2                            41
=================================================================
Total params: 82
Trainable params: 82
Non-trainable params: 0
=================================================================
Encoder to Latents 2
=================================================================
Layer (type:depth-idx)                   Param #
=================================================================
EncoderToLatents                         --
├─Linear: 1-1                            41
├─Linear: 1-2                            41
=================================================================
Total params: 82
Trainable params: 82
Non-trainable params: 0
=================================================================
Encoder to Latents 3
=================================================================
Layer (type:depth-idx)                   Param #
=================================================================
EncoderToLatents                         --
├─Linear: 1-1                            41
├─Linear: 1-2                            41
=================================================================
Total params: 82
Trainable params: 82
Non-trainable params: 0
=================================================================
Encoder to Latents 4
=================================================================
Layer (type:depth-idx)                   Param #
=================================================================
EncoderToLatents                         --
├─Linear: 1-1                            41
├─Linear: 1-2                            41
=================================================================
Total params: 82
Trainable params: 82
Non-trainable params: 0
=================================================================
Encoder to Latents 5
=================================================================
Layer (type:depth-idx)                   Param #
=================================================================
EncoderToLatents                         --
├─Linear: 1-1                            41
├─Linear: 1-2                            41
=================================================================
Total params: 82
Trainable params: 82
Non-trainable params: 0
=================================================================
Encoder to Latents 6
=================================================================
Layer (type:depth-idx)                   Param #
=================================================================
EncoderToLatents                         --
├─Linear: 1-1                            41
├─Linear: 1-2                            41
=================================================================
Total params: 82
Trainable params: 82
Non-trainable params: 0
=================================================================
Encoder to Latents 7
=================================================================
Layer (type:depth-idx)                   Param #
=================================================================
EncoderToLatents                         --
├─Linear: 1-1                            41
├─Linear: 1-2                            41
=================================================================
Total params: 82
Trainable params: 82
Non-trainable params: 0
=================================================================
Encoder to Latents 8
=================================================================
Layer (type:depth-idx)                   Param #
=================================================================
EncoderToLatents                         --
├─Linear: 1-1                            41
├─Linear: 1-2                            41
=================================================================
Total params: 82
Trainable params: 82
Non-trainable params: 0
=================================================================
Encoder to Latents 9
=================================================================
Layer (type:depth-idx)                   Param #
=================================================================
EncoderToLatents                         --
├─Linear: 1-1                            41
├─Linear: 1-2                            41
=================================================================
Total params: 82
Trainable params: 82
Non-trainable params: 0
=================================================================
Latents to Latents
=================================================================
Layer (type:depth-idx)                   Param #
=================================================================
LatentsToLatents                         --
├─Linear: 1-1                            20
├─Linear: 1-2                            5
├─Linear: 1-3                            5
=================================================================
Total params: 30
Trainable params: 30
Non-trainable params: 0
=================================================================
Latents to Decoder 0
=================================================================
Layer (type:depth-idx)                   Param #
=================================================================
LatentsToDecoder                         --
├─Linear: 1-1                            80
=================================================================
Total params: 80
Trainable params: 80
Non-trainable params: 0
=================================================================
Latents to Decoder 1
=================================================================
Layer (type:depth-idx)                   Param #
=================================================================
LatentsToDecoder                         --
├─Linear: 1-1                            80
=================================================================
Total params: 80
Trainable params: 80
Non-trainable params: 0
=================================================================
Latents to Decoder 2
=================================================================
Layer (type:depth-idx)                   Param #
=================================================================
LatentsToDecoder                         --
├─Linear: 1-1                            80
=================================================================
Total params: 80
Trainable params: 80
Non-trainable params: 0
=================================================================
Latents to Decoder 3
=================================================================
Layer (type:depth-idx)                   Param #
=================================================================
LatentsToDecoder                         --
├─Linear: 1-1                            80
=================================================================
Total params: 80
Trainable params: 80
Non-trainable params: 0
=================================================================
Latents to Decoder 4
=================================================================
Layer (type:depth-idx)                   Param #
=================================================================
LatentsToDecoder                         --
├─Linear: 1-1                            80
=================================================================
Total params: 80
Trainable params: 80
Non-trainable params: 0
=================================================================
Latents to Decoder 5
=================================================================
Layer (type:depth-idx)                   Param #
=================================================================
LatentsToDecoder                         --
├─Linear: 1-1                            80
=================================================================
Total params: 80
Trainable params: 80
Non-trainable params: 0
=================================================================
Latents to Decoder 6
=================================================================
Layer (type:depth-idx)                   Param #
=================================================================
LatentsToDecoder                         --
├─Linear: 1-1                            80
=================================================================
Total params: 80
Trainable params: 80
Non-trainable params: 0
=================================================================
Latents to Decoder 7
=================================================================
Layer (type:depth-idx)                   Param #
=================================================================
LatentsToDecoder                         --
├─Linear: 1-1                            80
=================================================================
Total params: 80
Trainable params: 80
Non-trainable params: 0
=================================================================
Latents to Decoder 8
=================================================================
Layer (type:depth-idx)                   Param #
=================================================================
LatentsToDecoder                         --
├─Linear: 1-1                            80
=================================================================
Total params: 80
Trainable params: 80
Non-trainable params: 0
=================================================================
Latents to Decoder 9
=================================================================
Layer (type:depth-idx)                   Param #
=================================================================
LatentsToDecoder                         --
├─Linear: 1-1                            80
=================================================================
Total params: 80
Trainable params: 80
Non-trainable params: 0
=================================================================
Decoder
=================================================================
Layer (type:depth-idx)                   Param #
=================================================================
Decoder                                  --
├─Linear: 1-1                            1,640
├─Linear: 1-2                            32,144
=================================================================
Total params: 33,784
Trainable params: 33,784
Non-trainable params: 0
=================================================================
[Epoch   1 (159.76s)]	ELBO: 920.579, 1051.892, 1085.281, 1098.296, 1104.533, 1107.544, 1108.868, 1108.327, 1107.319, 1105.214 (1237.337)	Log prob: 1010.989, 1155.938, 1193.384, 1207.798, 1215.320, 1218.944, 1220.465, 1220.098, 1219.240, 1217.330 (1343.526)	KLD: 90.410, 13.636, 4.057, 1.399, 1.284, 0.614, 0.196, 0.175, 0.150, 0.195 (106.189)	Grad: 11.971, 2.220, 1.073, 0.600, 0.470, 0.397, 0.313, 0.363, 0.334, 0.325
[Epoch   2 (140.49s)]	ELBO: 1263.510, 1306.828, 1313.638, 1314.705, 1314.645, 1314.221, 1313.626, 1312.610, 1311.576, 1310.255 (1370.095)	Log prob: 1319.724, 1373.778, 1383.179, 1385.224, 1385.563, 1385.480, 1385.205, 1384.382, 1383.598, 1382.527 (1413.967)	KLD: 56.214, 10.737, 2.590, 0.978, 0.399, 0.342, 0.320, 0.193, 0.248, 0.252 (43.872)	Grad: 2.705, 0.930, 0.662, 0.407, 0.247, 0.226, 0.208, 0.129, 0.156, 0.112
[Epoch   3 (123.34s)]	ELBO: 1318.979, 1387.504, 1391.110, 1401.691, 1403.659, 1403.813, 1403.435, 1403.178, 1403.060, 1402.798 (1442.981)	Log prob: 1340.815, 1416.473, 1421.563, 1434.210, 1437.023, 1437.485, 1437.291, 1437.183, 1437.307, 1437.168 (1470.620)	KLD: 21.835, 7.132, 1.485, 2.066, 0.846, 0.309, 0.183, 0.148, 0.243, 0.123 (27.639)	Grad: 2.779, 1.025, 1.226, 1.220, 0.749, 0.266, 0.108, 0.125, 0.190, 0.095
[Epoch   4 (126.71s)]	ELBO: 1337.397, 1422.166, 1443.061, 1459.426, 1466.830, 1468.252, 1468.057, 1467.935, 1468.320, 1468.164 (1492.969)	Log prob: 1346.736, 1436.746, 1460.384, 1478.943, 1487.910, 1490.102, 1490.014, 1490.009, 1490.852, 1490.771 (1512.443)	KLD: 9.339, 5.240, 2.745, 2.194, 1.562, 0.769, 0.107, 0.118, 0.456, 0.075 (19.474)	Grad: 4.813, 2.567, 1.246, 1.136, 1.044, 0.656, 0.095, 0.170, 0.289, 0.090
[Epoch   5 (119.35s)]	ELBO: 1355.050, 1444.512, 1469.806, 1490.242, 1505.985, 1511.302, 1511.166, 1511.082, 1511.457, 1511.270 (1528.579)	Log prob: 1360.401, 1453.431, 1481.026, 1504.006, 1521.912, 1528.670, 1528.646, 1528.684, 1529.635, 1529.498 (1545.119)	KLD: 5.352, 3.567, 2.303, 2.541, 2.164, 1.443, 0.110, 0.120, 0.579, 0.050 (16.540)	Grad: 6.669, 5.076, 1.895, 1.200, 1.622, 1.091, 0.155, 0.177, 0.425, 0.093
[Epoch   6 (122.39s)]	ELBO: 1372.315, 1457.294, 1485.341, 1518.540, 1532.981, 1540.141, 1540.305, 1540.128, 1540.415, 1540.274 (1550.193)	Log prob: 1376.066, 1464.131, 1494.596, 1530.246, 1546.479, 1555.247, 1555.710, 1555.606, 1556.496, 1556.396 (1566.166)	KLD: 3.751, 3.085, 2.419, 2.450, 1.792, 1.609, 0.297, 0.073, 0.603, 0.041 (15.973)	Grad: 7.992, 6.463, 2.309, 1.177, 1.619, 1.327, 0.244, 0.154, 0.392, 0.106
[Epoch   7 (122.93s)]	ELBO: 1378.288, 1460.879, 1501.125, 1531.528, 1548.009, 1556.719, 1557.856, 1557.904, 1558.007, 1557.917 (1564.887)	Log prob: 1381.730, 1467.509, 1510.366, 1542.940, 1561.215, 1571.636, 1573.540, 1573.724, 1574.335, 1574.297 (1581.799)	KLD: 3.441, 3.189, 2.611, 2.172, 1.793, 1.713, 0.766, 0.135, 0.508, 0.052 (16.912)	Grad: 15.880, 8.576, 2.762, 1.285, 2.081, 1.351, 0.505, 0.259, 0.441, 0.178
[Epoch   8 (125.70s)]	ELBO: 1381.318, 1462.432, 1507.360, 1537.688, 1555.474, 1564.500, 1567.756, 1568.045, 1569.094, 1569.266 (1574.760)	Log prob: 1385.010, 1469.531, 1517.083, 1549.565, 1569.225, 1579.924, 1584.370, 1584.869, 1586.708, 1587.040 (1593.448)	KLD: 3.692, 3.406, 2.626, 2.155, 1.874, 1.671, 1.191, 0.208, 0.792, 0.160 (18.688)	Grad: 29.022, 11.328, 2.445, 1.348, 2.826, 1.425, 0.781, 0.366, 0.841, 0.305
[Epoch   9 (125.07s)]	ELBO: 1382.981, 1462.653, 1508.716, 1541.273, 1559.860, 1570.771, 1576.137, 1576.893, 1579.129, 1579.225 (1586.079)	Log prob: 1387.041, 1470.373, 1519.182, 1553.996, 1574.518, 1587.127, 1593.891, 1595.079, 1598.346, 1598.590 (1606.383)	KLD: 4.060, 3.659, 2.747, 2.257, 1.935, 1.698, 1.398, 0.433, 1.032, 0.147 (20.304)	Grad: 42.461, 12.551, 2.553, 1.509, 2.553, 1.375, 0.968, 0.487, 1.105, 0.346
[Epoch  10 (133.66s)]	ELBO: 1383.505, 1462.937, 1509.144, 1543.922, 1563.215, 1575.671, 1582.109, 1584.325, 1587.017, 1587.101 (1590.034)	Log prob: 1387.862, 1471.158, 1520.232, 1557.381, 1578.692, 1592.941, 1600.887, 1604.099, 1607.919, 1608.147 (1611.241)	KLD: 4.358, 3.864, 2.866, 2.371, 2.018, 1.794, 1.508, 0.994, 1.129, 0.144 (21.207)	Grad: 57.864, 14.407, 2.680, 1.700, 2.911, 1.296, 1.079, 0.640, 1.202, 0.405
[Epoch  11 (130.77s)]	ELBO: 1384.103, 1463.182, 1509.571, 1545.626, 1565.281, 1579.554, 1585.560, 1589.480, 1592.368, 1592.566 (1597.463)	Log prob: 1388.712, 1471.820, 1521.191, 1559.753, 1581.565, 1597.684, 1605.271, 1610.404, 1614.442, 1614.812 (1620.100)	KLD: 4.609, 4.030, 2.980, 2.509, 2.155, 1.846, 1.579, 1.213, 1.150, 0.175 (22.637)	Grad: 59.722, 19.305, 3.272, 1.875, 3.212, 1.340, 1.164, 0.772, 1.213, 0.457
[Epoch  12 (127.70s)]	ELBO: 1384.007, 1463.687, 1510.312, 1546.929, 1567.192, 1582.477, 1587.521, 1593.264, 1596.241, 1596.580 (1600.489)	Log prob: 1388.839, 1472.716, 1522.454, 1561.738, 1584.289, 1601.474, 1608.126, 1615.199, 1619.358, 1619.904 (1624.324)	KLD: 4.833, 4.196, 3.113, 2.668, 2.286, 1.902, 1.607, 1.330, 1.183, 0.208 (23.836)	Grad: 70.925, 21.441, 3.316, 2.171, 3.319, 1.406, 1.178, 0.897, 1.291, 0.511
[Epoch  13 (122.80s)]	ELBO: 1383.737, 1462.800, 1510.152, 1546.954, 1567.465, 1583.452, 1589.262, 1596.434, 1599.466, 1599.820 (1603.172)	Log prob: 1388.724, 1472.090, 1522.692, 1562.363, 1585.250, 1603.168, 1610.675, 1619.251, 1623.480, 1624.097 (1627.650)	KLD: 4.988, 4.302, 3.251, 2.869, 2.376, 1.931, 1.698, 1.402, 1.199, 0.262 (24.478)	Grad: 96.894, 19.950, 3.825, 2.453, 3.543, 1.603, 1.211, 1.080, 1.497, 0.603
[Epoch  14 (122.56s)]	ELBO: 1384.301, 1462.821, 1510.729, 1547.348, 1568.482, 1584.902, 1590.948, 1599.009, 1602.007, 1602.502 (1596.956)	Log prob: 1389.438, 1472.357, 1523.659, 1563.358, 1586.929, 1605.320, 1613.142, 1622.637, 1626.857, 1627.669 (1622.851)	KLD: 5.138, 4.399, 3.394, 3.078, 2.439, 1.971, 1.775, 1.435, 1.223, 0.315 (25.895)	Grad: 91.824, 20.325, 4.669, 2.759, 3.792, 1.573, 1.184, 1.030, 1.425, 0.640
[Epoch  15 (136.23s)]	ELBO: 1383.368, 1462.373, 1510.975, 1547.127, 1568.663, 1585.350, 1591.859, 1600.460, 1603.625, 1604.305 (1607.403)	Log prob: 1388.616, 1472.108, 1524.264, 1563.649, 1587.704, 1606.399, 1614.753, 1624.850, 1629.270, 1630.330 (1633.985)	KLD: 5.247, 4.488, 3.554, 3.233, 2.518, 2.008, 1.846, 1.496, 1.253, 0.381 (26.583)	Grad: 122.230, 21.319, 4.829, 3.161, 3.580, 1.712, 1.224, 1.125, 1.680, 0.847
[Epoch  16 (121.44s)]	ELBO: 1384.472, 1464.023, 1513.370, 1548.542, 1570.442, 1587.091, 1593.791, 1602.684, 1605.875, 1606.776 (1609.662)	Log prob: 1389.836, 1473.904, 1526.989, 1565.548, 1590.038, 1608.777, 1617.394, 1627.828, 1632.301, 1633.681 (1636.509)	KLD: 5.364, 4.517, 3.737, 3.388, 2.590, 2.090, 1.917, 1.541, 1.282, 0.479 (26.847)	Grad: 104.181, 23.762, 4.973, 3.419, 3.784, 1.599, 1.171, 1.131, 1.430, 0.819
[Epoch  17 (111.13s)]	ELBO: 1384.523, 1465.106, 1515.554, 1549.117, 1571.378, 1587.629, 1594.651, 1603.813, 1607.088, 1608.114 (1604.093)	Log prob: 1389.980, 1475.134, 1529.424, 1566.524, 1591.451, 1609.859, 1618.878, 1629.591, 1634.180, 1635.771 (1632.130)	KLD: 5.457, 4.570, 3.841, 3.538, 2.665, 2.157, 1.997, 1.551, 1.313, 0.568 (28.037)	Grad: 104.374, 21.095, 5.549, 3.593, 3.386, 1.707, 1.247, 1.148, 1.434, 0.802
[Epoch  18 (112.27s)]	ELBO: 1384.539, 1465.342, 1517.357, 1549.278, 1571.705, 1587.717, 1595.484, 1604.801, 1608.198, 1609.277 (1612.387)	Log prob: 1390.081, 1475.518, 1531.381, 1567.036, 1592.203, 1610.434, 1620.248, 1631.154, 1635.878, 1637.585 (1640.690)	KLD: 5.542, 4.635, 3.846, 3.734, 2.740, 2.220, 2.046, 1.589, 1.327, 0.630 (28.303)	Grad: 119.304, 23.990, 6.148, 3.869, 3.316, 1.896, 1.285, 1.180, 1.547, 0.896
[Epoch  19 (125.91s)]	ELBO: 1384.943, 1465.844, 1519.831, 1549.910, 1572.332, 1588.231, 1596.671, 1606.152, 1609.859, 1611.012 (1613.802)	Log prob: 1390.574, 1476.153, 1534.082, 1568.008, 1593.211, 1611.413, 1621.984, 1633.091, 1638.183, 1640.026 (1643.250)	KLD: 5.630, 4.678, 3.943, 3.846, 2.782, 2.302, 2.132, 1.626, 1.384, 0.688 (29.448)	Grad: 127.811, 20.122, 7.074, 4.459, 3.316, 2.032, 1.359, 1.216, 1.600, 0.936
[Epoch  20 (115.48s)]	ELBO: 1385.853, 1466.138, 1521.926, 1550.666, 1573.021, 1588.600, 1597.628, 1607.100, 1611.006, 1612.238 (1614.461)	Log prob: 1391.554, 1476.556, 1536.378, 1569.043, 1594.235, 1612.168, 1623.391, 1634.491, 1639.794, 1641.789 (1644.611)	KLD: 5.699, 4.719, 4.032, 3.927, 2.835, 2.354, 2.196, 1.628, 1.399, 0.761 (30.150)	Grad: 110.877, 21.354, 7.689, 4.849, 3.552, 2.099, 1.345, 1.181, 1.380, 0.901
[Epoch  21 (113.93s)]	ELBO: 1385.700, 1465.602, 1523.306, 1550.853, 1573.065, 1588.454, 1597.859, 1607.219, 1611.491, 1612.853 (1614.070)	Log prob: 1391.457, 1476.134, 1537.952, 1569.505, 1594.617, 1612.433, 1624.084, 1635.101, 1640.802, 1642.999 (1644.451)	KLD: 5.756, 4.776, 4.113, 4.007, 2.900, 2.426, 2.246, 1.657, 1.429, 0.835 (30.382)	Grad: 125.549, 26.323, 7.337, 5.079, 3.392, 2.214, 1.578, 1.268, 1.554, 1.040
[Epoch  22 (115.42s)]	ELBO: 1385.976, 1465.653, 1524.765, 1551.549, 1573.843, 1588.793, 1598.767, 1608.079, 1612.767, 1614.248 (1616.878)	Log prob: 1391.784, 1476.335, 1539.612, 1570.466, 1595.703, 1613.135, 1625.359, 1636.333, 1642.488, 1644.874 (1647.481)	KLD: 5.808, 4.874, 4.165, 4.068, 2.945, 2.483, 2.248, 1.664, 1.466, 0.907 (30.603)	Grad: 143.266, 27.389, 7.707, 5.636, 3.528, 2.470, 1.581, 1.414, 1.665, 1.186
[Epoch  23 (122.14s)]	ELBO: 1386.996, 1466.339, 1526.801, 1552.897, 1575.073, 1590.056, 1600.358, 1609.638, 1614.556, 1616.099 (1618.121)	Log prob: 1392.898, 1477.167, 1541.819, 1572.037, 1597.212, 1614.715, 1627.290, 1638.220, 1644.612, 1647.126 (1649.200)	KLD: 5.901, 4.927, 4.191, 4.121, 2.998, 2.520, 2.273, 1.651, 1.475, 0.969 (31.079)	Grad: 117.601, 28.404, 7.048, 5.823, 3.493, 2.645, 1.614, 1.333, 1.447, 1.054
[Epoch  24 (126.00s)]	ELBO: 1387.018, 1465.883, 1527.674, 1553.307, 1575.247, 1589.816, 1600.401, 1609.603, 1614.806, 1616.581 (1616.056)	Log prob: 1392.924, 1476.771, 1542.816, 1572.602, 1597.595, 1614.756, 1627.627, 1638.485, 1645.196, 1648.011 (1647.566)	KLD: 5.907, 4.982, 4.254, 4.153, 3.052, 2.593, 2.285, 1.657, 1.508, 1.039 (31.510)	Grad: 137.189, 25.938, 7.664, 5.998, 3.774, 2.744, 1.602, 1.348, 1.598, 1.228
[Epoch  25 (136.40s)]	ELBO: 1387.288, 1465.009, 1527.924, 1553.463, 1575.100, 1589.488, 1600.202, 1609.415, 1614.990, 1617.087 (1616.434)	Log prob: 1393.270, 1476.047, 1543.278, 1572.978, 1597.722, 1614.744, 1627.766, 1638.652, 1645.770, 1648.977 (1648.628)	KLD: 5.981, 5.056, 4.317, 4.161, 3.106, 2.635, 2.309, 1.672, 1.543, 1.110 (32.195)	Grad: 144.567, 29.341, 8.188, 6.371, 3.840, 3.326, 1.665, 1.468, 1.704, 1.348
[Epoch  26 (123.65s)]	ELBO: 1387.755, 1466.048, 1529.386, 1554.976, 1576.455, 1590.835, 1601.740, 1610.951, 1616.870, 1619.073 (1619.353)	Log prob: 1393.767, 1477.172, 1544.866, 1574.620, 1599.242, 1616.291, 1629.536, 1640.434, 1647.945, 1651.297 (1651.646)	KLD: 6.013, 5.111, 4.357, 4.163, 3.146, 2.668, 2.340, 1.688, 1.590, 1.151 (32.292)	Grad: 143.825, 30.454, 7.860, 6.182, 4.120, 3.096, 1.801, 1.492, 1.673, 1.320
[Epoch  27 (138.02s)]	ELBO: 1387.119, 1465.039, 1529.113, 1554.574, 1576.000, 1590.282, 1601.353, 1610.636, 1616.798, 1619.335 (1622.408)	Log prob: 1393.175, 1476.249, 1544.712, 1574.348, 1598.965, 1615.968, 1629.396, 1640.377, 1648.144, 1651.880 (1655.181)	KLD: 6.057, 5.154, 4.389, 4.174, 3.191, 2.721, 2.359, 1.696, 1.605, 1.200 (32.773)	Grad: 158.182, 34.953, 9.286, 7.016, 4.196, 3.242, 1.818, 1.608, 1.912, 1.505
[Epoch  28 (138.08s)]	ELBO: 1388.886, 1466.943, 1531.739, 1557.151, 1578.096, 1592.487, 1603.541, 1612.887, 1619.383, 1621.616 (1616.615)	Log prob: 1395.010, 1478.272, 1547.488, 1577.076, 1601.253, 1618.415, 1631.857, 1642.904, 1651.027, 1654.497 (1649.849)	KLD: 6.124, 5.205, 4.420, 4.177, 3.232, 2.771, 2.387, 1.700, 1.627, 1.239 (33.235)	Grad: 128.353, 30.201, 9.001, 6.968, 4.722, 2.936, 1.720, 1.454, 1.546, 1.263
[Epoch  29 (124.72s)]	ELBO: 1388.588, 1465.951, 1531.000, 1556.615, 1577.574, 1591.796, 1603.075, 1612.362, 1619.038, 1621.468 (1622.992)	Log prob: 1394.762, 1477.375, 1546.880, 1576.695, 1600.940, 1617.973, 1631.686, 1642.673, 1651.013, 1654.703 (1656.371)	KLD: 6.174, 5.250, 4.456, 4.201, 3.285, 2.813, 2.433, 1.700, 1.663, 1.262 (33.379)	Grad: 149.372, 36.145, 9.574, 7.782, 4.574, 3.579, 1.905, 1.573, 1.728, 1.431
[Epoch  30 (129.24s)]	ELBO: 1388.567, 1466.120, 1531.269, 1556.989, 1577.854, 1592.045, 1603.334, 1612.880, 1619.751, 1622.281 (1622.388)	Log prob: 1394.782, 1477.631, 1547.284, 1577.217, 1601.396, 1618.421, 1632.166, 1643.416, 1651.972, 1655.798 (1655.842)	KLD: 6.215, 5.297, 4.503, 4.214, 3.312, 2.836, 2.454, 1.704, 1.685, 1.296 (33.454)	Grad: 157.643, 30.962, 10.132, 7.458, 4.962, 3.628, 1.835, 1.577, 1.765, 1.456
[Epoch  31 (139.43s)]	ELBO: 1388.619, 1466.076, 1531.624, 1557.276, 1577.984, 1592.099, 1603.484, 1612.800, 1620.025, 1622.515 (1626.516)	Log prob: 1394.896, 1477.705, 1547.783, 1577.663, 1601.740, 1618.734, 1632.613, 1643.649, 1652.566, 1656.377 (1660.423)	KLD: 6.278, 5.352, 4.529, 4.229, 3.368, 2.880, 2.493, 1.722, 1.692, 1.319 (33.907)	Grad: 157.928, 36.917, 10.978, 7.645, 4.906, 3.487, 1.973, 1.703, 1.759, 1.486
[Epoch  32 (145.74s)]	ELBO: 1388.721, 1465.935, 1531.255, 1557.327, 1578.205, 1592.464, 1603.901, 1613.496, 1620.664, 1623.301 (1624.747)	Log prob: 1395.032, 1477.674, 1547.593, 1577.892, 1602.183, 1619.360, 1633.308, 1644.603, 1653.488, 1657.476 (1658.908)	KLD: 6.310, 5.430, 4.598, 4.227, 3.413, 2.919, 2.510, 1.701, 1.715, 1.352 (34.162)	Grad: 163.320, 42.371, 11.029, 7.177, 5.163, 3.590, 2.000, 1.741, 1.805, 1.530
[Epoch  33 (141.80s)]	ELBO: 1389.356, 1466.171, 1531.979, 1558.025, 1578.819, 1592.964, 1604.703, 1614.078, 1621.266, 1623.716 (1624.573)	Log prob: 1395.733, 1478.045, 1548.478, 1578.733, 1602.963, 1620.057, 1634.362, 1645.470, 1654.401, 1658.227 (1659.068)	KLD: 6.376, 5.500, 4.624, 4.209, 3.437, 2.948, 2.567, 1.733, 1.742, 1.378 (34.494)	Grad: 140.263, 34.558, 11.948, 6.874, 5.028, 3.496, 1.881, 1.585, 1.636, 1.404
[Epoch  34 (135.48s)]	ELBO: 1388.869, 1466.034, 1531.847, 1558.568, 1579.257, 1593.578, 1605.218, 1614.518, 1621.821, 1624.432 (1625.447)	Log prob: 1395.285, 1477.995, 1548.471, 1579.407, 1603.580, 1620.880, 1635.110, 1646.121, 1655.197, 1659.191 (1660.446)	KLD: 6.417, 5.544, 4.662, 4.216, 3.482, 2.981, 2.588, 1.713, 1.772, 1.384 (34.999)	Grad: 158.414, 37.059, 11.811, 7.119, 4.837, 3.973, 2.029, 1.728, 1.784, 1.527
[Epoch  35 (143.61s)]	ELBO: 1388.846, 1466.297, 1532.085, 1559.030, 1579.468, 1593.781, 1605.314, 1614.609, 1621.973, 1624.607 (1625.504)	Log prob: 1395.315, 1478.351, 1548.852, 1580.021, 1603.981, 1621.295, 1635.458, 1646.464, 1655.625, 1659.671 (1660.628)	KLD: 6.469, 5.587, 4.710, 4.224, 3.522, 3.002, 2.631, 1.711, 1.796, 1.411 (35.123)	Grad: 161.533, 37.278, 12.405, 6.783, 5.057, 3.902, 2.046, 1.730, 1.805, 1.538
[Epoch  36 (146.54s)]	ELBO: 1389.152, 1466.329, 1531.748, 1559.055, 1579.576, 1593.736, 1605.297, 1614.635, 1621.872, 1624.498 (1626.520)	Log prob: 1395.661, 1478.494, 1548.667, 1580.188, 1604.276, 1621.454, 1635.673, 1646.737, 1655.771, 1659.818 (1662.121)	KLD: 6.510, 5.655, 4.755, 4.213, 3.568, 3.017, 2.658, 1.726, 1.797, 1.420 (35.601)	Grad: 158.863, 38.515, 13.711, 7.545, 5.513, 4.270, 2.135, 1.781, 1.803, 1.564
[Epoch  37 (136.68s)]	ELBO: 1388.524, 1465.933, 1531.445, 1558.839, 1579.342, 1593.437, 1605.131, 1614.633, 1621.984, 1624.865 (1625.161)	Log prob: 1395.041, 1478.155, 1548.477, 1580.107, 1604.216, 1621.361, 1635.733, 1646.983, 1656.157, 1660.475 (1661.035)	KLD: 6.517, 5.705, 4.809, 4.237, 3.604, 3.049, 2.679, 1.749, 1.822, 1.437 (35.875)	Grad: 176.578, 42.967, 12.467, 7.418, 5.793, 4.055, 2.178, 1.877, 1.956, 1.703
[Epoch  38 (162.94s)]	ELBO: 1389.549, 1466.926, 1532.458, 1560.370, 1580.917, 1594.902, 1606.615, 1615.932, 1623.238, 1625.863 (1625.983)	Log prob: 1396.120, 1479.271, 1549.641, 1581.792, 1605.980, 1623.031, 1637.444, 1648.508, 1657.673, 1661.757 (1661.886)	KLD: 6.570, 5.774, 4.837, 4.242, 3.640, 3.065, 2.700, 1.749, 1.857, 1.460 (35.903)	Grad: 150.972, 40.135, 13.842, 6.977, 5.992, 3.894, 2.110, 1.754, 1.795, 1.494
[Epoch  39 (137.45s)]	ELBO: 1389.608, 1467.109, 1531.974, 1559.882, 1580.176, 1593.991, 1605.797, 1615.203, 1622.375, 1624.906 (1627.310)	Log prob: 1396.235, 1479.518, 1549.243, 1581.381, 1605.342, 1622.249, 1636.775, 1647.934, 1656.956, 1660.943 (1663.821)	KLD: 6.627, 5.781, 4.861, 4.230, 3.667, 3.092, 2.719, 1.753, 1.850, 1.457 (36.511)	Grad: 150.921, 41.077, 15.578, 7.675, 6.724, 4.172, 2.099, 1.768, 1.827, 1.547
[Epoch  40 (125.79s)]	ELBO: 1389.731, 1467.012, 1531.952, 1560.208, 1580.672, 1594.454, 1606.330, 1615.722, 1622.979, 1625.601 (1627.713)	Log prob: 1396.388, 1479.505, 1549.341, 1581.842, 1606.028, 1622.911, 1637.532, 1648.708, 1657.816, 1661.926 (1663.880)	KLD: 6.657, 5.837, 4.896, 4.245, 3.722, 3.101, 2.744, 1.784, 1.851, 1.490 (36.166)	Grad: 149.456, 45.361, 14.360, 7.147, 6.121, 4.066, 2.074, 1.837, 1.890, 1.624
[Epoch  41 (124.13s)]	ELBO: 1389.700, 1466.696, 1531.184, 1559.448, 1580.159, 1594.075, 1606.166, 1615.641, 1622.905, 1625.504 (1622.513)	Log prob: 1396.387, 1479.278, 1548.691, 1581.198, 1605.651, 1622.686, 1637.545, 1648.812, 1657.974, 1662.076 (1659.290)	KLD: 6.686, 5.895, 4.925, 4.243, 3.742, 3.120, 2.768, 1.792, 1.896, 1.505 (36.777)	Grad: 154.030, 43.778, 15.060, 6.916, 6.597, 4.181, 2.196, 1.869, 1.939, 1.614
[Epoch  42 (125.13s)]	ELBO: 1390.395, 1467.434, 1531.615, 1560.389, 1581.320, 1594.744, 1606.875, 1616.133, 1623.098, 1625.480 (1621.435)	Log prob: 1397.118, 1480.089, 1549.190, 1582.197, 1606.905, 1623.471, 1638.374, 1649.417, 1658.289, 1662.188 (1658.427)	KLD: 6.725, 5.931, 4.920, 4.233, 3.775, 3.144, 2.771, 1.785, 1.909, 1.514 (36.992)	Grad: 133.487, 43.644, 15.479, 7.242, 6.043, 4.185, 2.105, 1.806, 1.797, 1.568
[Epoch  43 (131.84s)]	ELBO: 1389.073, 1465.630, 1529.132, 1558.320, 1579.772, 1593.487, 1605.885, 1615.276, 1622.308, 1625.038 (1627.595)	Log prob: 1395.736, 1478.302, 1546.791, 1580.211, 1605.469, 1622.320, 1637.524, 1648.728, 1657.660, 1661.933 (1664.337)	KLD: 6.663, 6.008, 4.987, 4.232, 3.806, 3.137, 2.805, 1.810, 1.903, 1.543 (36.742)	Grad: 176.686, 47.880, 15.274, 7.473, 6.181, 4.290, 2.358, 2.081, 2.239, 1.814
[Epoch  44 (133.26s)]	ELBO: 1390.373, 1468.276, 1531.696, 1560.684, 1581.703, 1595.108, 1607.283, 1616.555, 1623.610, 1625.992 (1619.645)	Log prob: 1397.135, 1481.038, 1549.436, 1582.655, 1607.505, 1624.061, 1639.049, 1650.140, 1659.105, 1663.027 (1656.722)	KLD: 6.763, 6.000, 4.977, 4.231, 3.830, 3.152, 2.815, 1.818, 1.911, 1.538 (37.077)	Grad: 143.747, 41.792, 16.718, 7.193, 6.467, 4.040, 2.245, 1.827, 1.902, 1.568
[Epoch  45 (122.03s)]	ELBO: 1390.846, 1468.588, 1531.622, 1560.736, 1581.451, 1595.059, 1607.212, 1616.591, 1623.579, 1625.814 (1625.721)	Log prob: 1397.627, 1481.389, 1549.447, 1582.804, 1607.387, 1624.141, 1639.106, 1650.314, 1659.213, 1663.006 (1662.934)	KLD: 6.782, 6.019, 5.025, 4.244, 3.866, 3.146, 2.812, 1.830, 1.910, 1.558 (37.212)	Grad: 129.512, 46.561, 18.298, 8.666, 8.086, 4.239, 2.198, 1.873, 1.880, 1.613
[Epoch  46 (144.69s)]	ELBO: 1390.535, 1468.870, 1530.503, 1560.433, 1581.350, 1594.765, 1607.211, 1616.798, 1623.738, 1626.250 (1628.526)	Log prob: 1397.334, 1481.729, 1548.402, 1582.599, 1607.395, 1623.958, 1639.217, 1650.636, 1659.505, 1663.588 (1666.041)	KLD: 6.799, 6.059, 5.040, 4.268, 3.879, 3.147, 2.811, 1.833, 1.929, 1.572 (37.515)	Grad: 149.279, 46.732, 17.220, 8.284, 7.443, 4.950, 2.265, 2.003, 2.050, 1.673
[Epoch  47 (137.47s)]	ELBO: 1390.320, 1469.504, 1531.397, 1561.538, 1582.404, 1595.849, 1608.217, 1617.515, 1624.526, 1627.109 (1627.760)	Log prob: 1397.136, 1482.399, 1549.359, 1583.765, 1608.549, 1625.143, 1640.330, 1651.475, 1660.445, 1664.629 (1665.290)	KLD: 6.816, 6.079, 5.066, 4.266, 3.917, 3.149, 2.818, 1.849, 1.960, 1.599 (37.530)	Grad: 139.594, 39.247, 15.007, 7.295, 6.029, 3.861, 2.185, 1.895, 2.026, 1.550
[Epoch  48 (145.28s)]	ELBO: 1391.105, 1470.207, 1532.159, 1562.114, 1582.899, 1596.377, 1608.845, 1618.072, 1625.030, 1627.367 (1626.343)	Log prob: 1397.975, 1483.182, 1550.238, 1584.457, 1609.190, 1625.807, 1641.092, 1652.170, 1661.085, 1665.020 (1664.258)	KLD: 6.870, 6.105, 5.105, 4.264, 3.947, 3.139, 2.817, 1.852, 1.957, 1.598 (37.915)	Grad: 128.550, 42.255, 16.395, 7.522, 6.255, 4.021, 2.169, 1.876, 1.932, 1.545
[Epoch  49 (147.65s)]	ELBO: 1391.443, 1470.876, 1533.262, 1563.479, 1583.751, 1597.323, 1609.879, 1618.994, 1625.619, 1628.031 (1625.721)	Log prob: 1398.342, 1483.920, 1551.431, 1585.917, 1610.172, 1626.893, 1642.250, 1653.214, 1661.795, 1665.814 (1663.813)	KLD: 6.898, 6.145, 5.124, 4.270, 3.983, 3.149, 2.800, 1.849, 1.957, 1.606 (38.092)	Grad: 128.554, 37.167, 16.484, 7.839, 6.103, 3.972, 2.152, 1.872, 1.955, 1.519
[Epoch  50 (131.41s)]	ELBO: 1390.981, 1470.057, 1532.274, 1562.888, 1583.329, 1596.663, 1609.304, 1618.383, 1625.054, 1627.608 (1629.455)	Log prob: 1397.887, 1483.145, 1550.525, 1585.425, 1609.874, 1626.350, 1641.786, 1652.721, 1661.375, 1665.539 (1667.382)	KLD: 6.906, 6.181, 5.164, 4.285, 4.009, 3.142, 2.796, 1.855, 1.982, 1.612 (37.927)	Grad: 145.886, 48.470, 17.449, 7.763, 6.812, 4.350, 2.392, 2.072, 2.309, 1.739
[Epoch  51 (133.60s)]	ELBO: 1391.217, 1470.342, 1532.227, 1562.870, 1582.971, 1596.422, 1609.141, 1618.275, 1624.882, 1627.457 (1629.841)	Log prob: 1398.145, 1483.458, 1550.569, 1585.516, 1609.675, 1626.260, 1641.786, 1652.788, 1661.366, 1665.558 (1668.101)	KLD: 6.928, 6.188, 5.227, 4.302, 4.059, 3.133, 2.806, 1.868, 1.973, 1.615 (38.259)	Grad: 137.380, 40.579, 17.616, 8.500, 6.533, 4.286, 2.250, 1.981, 2.204, 1.645
[Epoch  52 (143.30s)]	ELBO: 1391.678, 1470.854, 1532.363, 1563.357, 1583.563, 1596.969, 1609.732, 1618.965, 1625.658, 1628.144 (1626.756)	Log prob: 1398.645, 1484.027, 1550.804, 1586.104, 1610.382, 1626.938, 1642.497, 1653.608, 1662.289, 1666.393 (1665.124)	KLD: 6.966, 6.207, 5.269, 4.305, 4.072, 3.150, 2.796, 1.876, 1.989, 1.620 (38.368)	Grad: 140.026, 46.843, 17.982, 8.484, 7.407, 4.344, 2.430, 2.049, 2.266, 1.700
[Epoch  53 (148.15s)]	ELBO: 1391.126, 1469.935, 1531.199, 1562.250, 1582.352, 1595.716, 1608.322, 1617.433, 1624.364, 1627.131 (1628.592)	Log prob: 1398.094, 1483.142, 1549.676, 1585.060, 1609.288, 1625.797, 1641.207, 1652.200, 1661.136, 1665.534 (1667.173)	KLD: 6.967, 6.241, 5.269, 4.332, 4.126, 3.147, 2.804, 1.882, 2.003, 1.633 (38.581)	Grad: 144.889, 50.378, 20.426, 9.749, 7.176, 4.825, 2.580, 2.209, 2.486, 1.862
[Epoch  54 (140.26s)]	ELBO: 1391.521, 1470.839, 1533.287, 1564.725, 1584.383, 1597.857, 1610.295, 1619.504, 1626.365, 1628.987 (1628.388)	Log prob: 1398.521, 1484.122, 1551.911, 1587.688, 1611.496, 1628.122, 1643.356, 1654.439, 1663.319, 1667.587 (1667.235)	KLD: 6.999, 6.283, 5.341, 4.339, 4.150, 3.152, 2.797, 1.875, 2.019, 1.643 (38.847)	Grad: 128.652, 42.166, 17.136, 8.765, 6.903, 4.170, 2.378, 2.008, 2.304, 1.688
[Epoch  55 (127.30s)]	ELBO: 1391.252, 1470.608, 1532.309, 1564.130, 1583.678, 1597.052, 1609.565, 1618.570, 1625.462, 1628.262 (1630.310)	Log prob: 1398.261, 1483.911, 1550.972, 1587.148, 1610.875, 1627.395, 1642.710, 1653.599, 1662.511, 1666.948 (1669.202)	KLD: 7.009, 6.295, 5.360, 4.356, 4.179, 3.147, 2.800, 1.885, 2.019, 1.637 (38.892)	Grad: 143.486, 38.611, 18.636, 8.759, 7.729, 4.749, 2.631, 2.165, 2.566, 1.815
[Epoch  56 (131.84s)]	ELBO: 1392.036, 1471.182, 1532.962, 1564.932, 1584.513, 1597.963, 1610.485, 1619.699, 1626.472, 1629.044 (1626.042)	Log prob: 1399.086, 1484.584, 1551.765, 1588.093, 1611.872, 1628.487, 1643.807, 1654.918, 1663.719, 1667.925 (1664.862)	KLD: 7.051, 6.352, 5.400, 4.357, 4.200, 3.165, 2.798, 1.896, 2.028, 1.635 (38.820)	Grad: 110.674, 45.755, 19.467, 8.942, 8.511, 4.542, 2.414, 2.035, 2.302, 1.710
[Epoch  57 (127.47s)]	ELBO: 1391.759, 1470.552, 1531.943, 1564.073, 1584.061, 1597.372, 1610.113, 1619.270, 1625.964, 1628.620 (1628.336)	Log prob: 1398.849, 1484.009, 1550.853, 1587.344, 1611.550, 1628.021, 1643.559, 1654.610, 1663.340, 1667.626 (1667.329)	KLD: 7.089, 6.367, 5.453, 4.360, 4.217, 3.161, 2.797, 1.894, 2.036, 1.629 (38.993)	Grad: 130.912, 47.100, 20.761, 10.389, 7.879, 5.104, 2.767, 2.188, 2.524, 1.936
[Epoch  58 (128.41s)]	ELBO: 1392.580, 1471.394, 1531.558, 1563.676, 1583.944, 1597.343, 1609.924, 1619.020, 1625.789, 1628.272 (1619.108)	Log prob: 1399.685, 1484.898, 1550.552, 1587.041, 1611.560, 1628.117, 1643.478, 1654.472, 1663.292, 1667.401 (1658.617)	KLD: 7.105, 6.398, 5.492, 4.371, 4.252, 3.156, 2.781, 1.896, 2.053, 1.625 (39.508)	Grad: 102.499, 46.967, 21.214, 9.582, 7.620, 4.613, 2.760, 2.055, 2.398, 1.821
[Epoch  59 (131.62s)]	ELBO: 1391.914, 1470.443, 1530.672, 1562.918, 1583.031, 1596.436, 1609.204, 1618.210, 1624.914, 1627.722 (1626.859)	Log prob: 1399.029, 1483.971, 1549.715, 1586.335, 1610.715, 1627.276, 1642.828, 1653.739, 1662.495, 1666.933 (1666.362)	KLD: 7.115, 6.413, 5.514, 4.376, 4.266, 3.157, 2.783, 1.905, 2.053, 1.630 (39.502)	Grad: 122.507, 51.361, 22.755, 9.962, 8.633, 5.210, 3.000, 2.312, 2.704, 2.028
[Epoch  60 (125.22s)]	ELBO: 1392.807, 1471.476, 1531.660, 1564.165, 1584.152, 1597.611, 1610.278, 1619.182, 1625.924, 1628.399 (1625.775)	Log prob: 1399.976, 1485.093, 1550.830, 1587.726, 1611.995, 1628.611, 1644.088, 1654.895, 1663.692, 1667.791 (1665.392)	KLD: 7.168, 6.450, 5.552, 4.391, 4.283, 3.156, 2.810, 1.902, 2.056, 1.625 (39.618)	Grad: 96.853, 44.290, 20.116, 8.961, 7.740, 4.763, 2.730, 2.047, 2.423, 1.790
[Epoch  61 (119.71s)]	ELBO: 1392.528, 1469.196, 1527.417, 1560.249, 1580.141, 1593.745, 1606.153, 1615.059, 1621.860, 1624.542 (1624.268)	Log prob: 1399.727, 1482.846, 1546.643, 1583.855, 1608.057, 1624.818, 1640.017, 1650.838, 1659.715, 1664.028 (1663.897)	KLD: 7.199, 6.452, 5.574, 4.384, 4.307, 3.158, 2.789, 1.915, 2.077, 1.632 (39.629)	Grad: 100.760, 59.366, 25.787, 9.948, 9.329, 5.274, 3.667, 2.538, 2.969, 2.251
[Epoch  62 (121.53s)]	ELBO: 1392.400, 1469.063, 1526.906, 1559.256, 1579.021, 1592.610, 1604.870, 1613.639, 1620.492, 1623.391 (1615.969)	Log prob: 1399.571, 1482.729, 1546.167, 1582.924, 1607.001, 1623.758, 1638.797, 1649.498, 1658.422, 1662.978 (1655.727)	KLD: 7.172, 6.495, 5.594, 4.407, 4.311, 3.169, 2.779, 1.933, 2.070, 1.658 (39.758)	Grad: 99.410, 50.622, 25.742, 9.295, 9.651, 5.199, 3.885, 2.617, 3.088, 2.285
[Epoch  63 (129.90s)]	ELBO: 1392.238, 1467.511, 1522.927, 1554.938, 1574.452, 1588.040, 1600.009, 1608.547, 1615.215, 1618.784 (1622.790)	Log prob: 1399.410, 1481.187, 1542.208, 1578.629, 1602.482, 1619.239, 1633.984, 1644.454, 1653.220, 1658.473 (1662.683)	KLD: 7.173, 6.504, 5.605, 4.408, 4.340, 3.172, 2.774, 1.931, 2.100, 1.682 (39.893)	Grad: 94.463, 53.397, 28.355, 10.427, 9.145, 5.073, 4.548, 3.030, 3.654, 2.499
[Epoch  64 (130.59s)]	ELBO: 1392.632, 1468.081, 1525.348, 1557.974, 1577.582, 1591.323, 1603.538, 1612.122, 1619.066, 1622.124 (1628.837)	Log prob: 1399.793, 1481.785, 1544.683, 1581.731, 1605.678, 1622.594, 1637.581, 1648.101, 1657.143, 1661.907 (1668.792)	KLD: 7.161, 6.543, 5.630, 4.423, 4.340, 3.174, 2.773, 1.934, 2.100, 1.707 (39.955)	Grad: 90.861, 49.961, 23.255, 9.654, 8.640, 4.621, 3.946, 2.700, 3.183, 2.155
[Epoch  65 (126.60s)]	ELBO: 1392.771, 1467.539, 1526.772, 1559.477, 1578.774, 1592.487, 1605.046, 1613.637, 1620.622, 1623.423 (1614.875)	Log prob: 1399.952, 1481.275, 1546.147, 1583.278, 1606.921, 1623.811, 1639.145, 1649.664, 1658.740, 1663.252 (1654.835)	KLD: 7.181, 6.555, 5.637, 4.426, 4.346, 3.177, 2.774, 1.929, 2.092, 1.710 (39.960)	Grad: 88.806, 58.254, 23.928, 10.345, 8.969, 4.604, 3.805, 2.662, 3.133, 2.357
[Epoch  66 (120.38s)]	ELBO: 1391.976, 1454.282, 1500.427, 1532.424, 1553.172, 1567.664, 1580.755, 1589.847, 1597.988, 1602.148 (1579.613)	Log prob: 1399.107, 1467.979, 1519.772, 1556.201, 1581.318, 1599.010, 1614.881, 1625.951, 1636.224, 1642.104 (1619.726)	KLD: 7.130, 6.566, 5.649, 4.432, 4.371, 3.197, 2.781, 1.979, 2.133, 1.719 (40.113)	Grad: 79.134, 77.030, 38.210, 12.557, 11.184, 5.467, 4.748, 3.355, 3.962, 2.880
[Epoch  67 (126.84s)]	ELBO: 1390.466, 1444.191, 1481.971, 1508.363, 1529.769, 1544.476, 1558.024, 1567.658, 1576.538, 1582.273 (1615.483)	Log prob: 1397.414, 1457.587, 1500.862, 1531.597, 1557.378, 1575.296, 1591.777, 1603.399, 1614.493, 1622.046 (1655.569)	KLD: 6.947, 6.448, 5.495, 4.343, 4.375, 3.211, 2.933, 1.989, 2.212, 1.819 (40.086)	Grad: 66.015, 54.953, 32.596, 19.059, 9.851, 5.608, 4.161, 3.219, 3.804, 2.781
[Epoch  68 (125.26s)]	ELBO: 1392.294, 1450.348, 1501.490, 1530.646, 1551.437, 1565.788, 1578.943, 1588.351, 1597.267, 1601.357 (1591.063)	Log prob: 1399.411, 1463.757, 1520.334, 1553.881, 1579.068, 1596.648, 1612.672, 1624.064, 1635.146, 1641.085 (1630.402)	KLD: 7.117, 6.292, 5.435, 4.391, 4.397, 3.230, 2.867, 1.986, 2.164, 1.850 (39.339)	Grad: 56.797, 57.490, 24.989, 16.970, 8.656, 5.414, 3.620, 2.878, 3.238, 2.494
[Epoch  69 (120.41s)]	ELBO: 1393.586, 1466.793, 1526.324, 1558.427, 1577.536, 1590.707, 1603.206, 1611.712, 1618.457, 1621.180 (1608.283)	Log prob: 1400.786, 1480.268, 1545.279, 1581.807, 1605.292, 1621.706, 1637.051, 1647.532, 1656.404, 1660.983 (1648.496)	KLD: 7.200, 6.275, 5.480, 4.426, 4.374, 3.243, 2.846, 1.976, 2.126, 1.857 (40.213)	Grad: 46.112, 30.129, 13.931, 7.645, 6.907, 4.518, 2.685, 1.985, 2.209, 1.760
[Epoch  70 (116.67s)]	ELBO: 1393.332, 1463.771, 1523.678, 1555.686, 1574.588, 1588.281, 1601.265, 1609.886, 1616.603, 1619.658 (1630.764)	Log prob: 1400.556, 1477.301, 1542.726, 1579.172, 1602.434, 1619.346, 1635.145, 1645.766, 1654.606, 1659.500 (1670.519)	KLD: 7.223, 6.307, 5.518, 4.436, 4.363, 3.216, 2.816, 1.998, 2.124, 1.840 (39.755)	Grad: 52.829, 31.281, 14.126, 7.997, 7.278, 4.913, 2.712, 2.221, 2.765, 1.893
[Epoch  71 (119.38s)]	ELBO: 1393.812, 1469.605, 1533.547, 1566.173, 1584.371, 1597.983, 1611.010, 1619.279, 1625.919, 1628.524 (1622.100)	Log prob: 1401.124, 1483.283, 1552.803, 1589.858, 1612.456, 1629.260, 1645.080, 1655.336, 1664.089, 1668.511 (1662.176)	KLD: 7.312, 6.366, 5.579, 4.427, 4.400, 3.194, 2.793, 1.986, 2.111, 1.818 (40.076)	Grad: 56.079, 27.324, 10.788, 7.250, 7.470, 4.791, 2.421, 2.115, 2.619, 1.991
[Epoch  72 (126.76s)]	ELBO: 1393.224, 1467.639, 1531.733, 1564.541, 1582.612, 1596.253, 1609.019, 1617.439, 1623.964, 1626.741 (1622.515)	Log prob: 1400.526, 1481.468, 1551.213, 1588.450, 1610.910, 1627.741, 1643.284, 1653.694, 1662.353, 1666.925 (1662.436)	KLD: 7.302, 6.526, 5.651, 4.429, 4.389, 3.192, 2.775, 1.990, 2.134, 1.794 (39.921)	Grad: 67.369, 32.416, 13.710, 8.782, 7.636, 6.202, 2.884, 2.484, 3.236, 2.336
[Epoch  73 (120.53s)]	ELBO: 1392.200, 1452.889, 1511.088, 1542.545, 1561.391, 1576.221, 1589.437, 1597.486, 1603.112, 1606.066 (1631.812)	Log prob: 1399.471, 1466.619, 1530.468, 1566.402, 1589.672, 1607.742, 1623.786, 1633.839, 1641.596, 1646.360 (1671.965)	KLD: 7.271, 6.459, 5.649, 4.479, 4.425, 3.239, 2.827, 2.004, 2.132, 1.809 (40.153)	Grad: 58.428, 33.856, 16.626, 8.747, 8.350, 4.939, 2.799, 2.663, 3.599, 2.369
[Epoch  74 (117.03s)]	ELBO: 1394.177, 1472.098, 1536.593, 1569.826, 1587.764, 1601.684, 1614.726, 1623.035, 1629.567, 1632.138 (1618.531)	Log prob: 1401.619, 1485.828, 1556.045, 1593.711, 1616.086, 1633.213, 1649.027, 1659.319, 1667.961, 1672.322 (1659.047)	KLD: 7.441, 6.290, 5.721, 4.432, 4.438, 3.207, 2.772, 1.981, 2.111, 1.791 (40.516)	Grad: 49.344, 16.918, 11.032, 7.135, 6.448, 3.323, 2.019, 1.850, 2.247, 1.512
[Epoch  75 (114.50s)]	ELBO: 1393.209, 1467.089, 1529.845, 1562.111, 1579.939, 1594.016, 1606.961, 1615.008, 1621.434, 1624.449 (1627.170)	Log prob: 1400.626, 1480.858, 1549.349, 1586.058, 1608.327, 1625.609, 1641.330, 1651.370, 1659.930, 1664.745 (1667.449)	KLD: 7.417, 6.352, 5.736, 4.441, 4.442, 3.204, 2.777, 1.994, 2.133, 1.800 (40.279)	Grad: 64.183, 25.343, 15.263, 9.087, 8.134, 4.745, 2.641, 2.505, 3.095, 2.047
[Epoch  76 (122.49s)]	ELBO: 1393.308, 1464.484, 1526.952, 1559.699, 1577.038, 1591.283, 1603.859, 1611.576, 1617.975, 1620.729 (1629.290)	Log prob: 1400.730, 1478.305, 1546.568, 1583.772, 1605.568, 1623.042, 1638.391, 1648.126, 1656.666, 1661.205 (1669.604)	KLD: 7.422, 6.398, 5.796, 4.456, 4.458, 3.230, 2.772, 2.016, 2.142, 1.785 (40.314)	Grad: 59.284, 27.417, 15.653, 8.943, 8.449, 4.864, 2.845, 2.679, 3.152, 2.139
[Epoch  77 (139.35s)]	ELBO: 1392.909, 1457.342, 1517.200, 1549.711, 1567.141, 1581.657, 1594.454, 1601.468, 1607.170, 1609.915 (1601.310)	Log prob: 1400.326, 1471.212, 1536.877, 1573.854, 1595.732, 1613.520, 1629.110, 1638.102, 1645.978, 1650.499 (1641.607)	KLD: 7.417, 6.454, 5.807, 4.466, 4.446, 3.274, 2.793, 1.977, 2.174, 1.775 (40.297)	Grad: 56.655, 31.646, 17.516, 8.508, 8.067, 5.247, 2.989, 2.845, 3.483, 2.246
[Epoch  78 (124.40s)]	ELBO: 1392.087, 1453.340, 1510.052, 1541.583, 1558.558, 1573.235, 1585.815, 1592.964, 1598.423, 1600.934 (1608.063)	Log prob: 1399.517, 1467.064, 1529.555, 1565.594, 1587.081, 1605.083, 1620.505, 1629.646, 1637.236, 1641.554 (1649.159)	KLD: 7.431, 6.293, 5.778, 4.508, 4.513, 3.324, 2.843, 1.993, 2.130, 1.808 (41.096)	Grad: 57.552, 33.062, 17.747, 9.190, 8.067, 5.586, 3.234, 2.699, 3.832, 2.506
[Epoch  79 (122.19s)]	ELBO: 1393.785, 1462.895, 1523.715, 1555.507, 1572.532, 1585.996, 1599.108, 1607.127, 1612.779, 1615.245 (1631.149)	Log prob: 1401.316, 1476.658, 1543.307, 1579.598, 1601.180, 1617.991, 1633.918, 1643.937, 1651.702, 1655.998 (1671.921)	KLD: 7.531, 6.231, 5.829, 4.499, 4.558, 3.346, 2.816, 2.000, 2.111, 1.831 (40.772)	Grad: 39.352, 21.511, 14.981, 7.277, 6.486, 4.035, 2.440, 1.960, 2.882, 1.772
[Epoch  80 (132.37s)]	ELBO: 1394.502, 1470.368, 1534.141, 1566.654, 1583.939, 1597.357, 1610.720, 1618.873, 1624.833, 1627.699 (1634.620)	Log prob: 1402.055, 1484.230, 1553.828, 1590.824, 1612.623, 1629.328, 1645.480, 1655.623, 1663.715, 1668.416 (1675.387)	KLD: 7.553, 6.308, 5.827, 4.482, 4.515, 3.286, 2.789, 1.992, 2.130, 1.836 (40.767)	Grad: 43.449, 15.386, 14.332, 6.954, 5.809, 3.539, 2.122, 1.753, 2.516, 1.532
[Epoch  81 (120.57s)]	ELBO: 1394.602, 1473.138, 1538.444, 1571.166, 1588.385, 1602.154, 1615.757, 1624.031, 1630.188, 1632.899 (1632.330)	Log prob: 1402.152, 1487.049, 1558.239, 1595.454, 1617.213, 1634.244, 1650.607, 1660.894, 1669.179, 1673.715 (1673.048)	KLD: 7.550, 6.360, 5.885, 4.492, 4.540, 3.262, 2.759, 2.013, 2.129, 1.825 (40.718)	Grad: 51.813, 11.720, 12.787, 6.908, 6.043, 3.443, 2.114, 1.710, 2.466, 1.437
[Epoch  82 (139.64s)]	ELBO: 1394.187, 1472.474, 1537.875, 1570.783, 1587.376, 1601.292, 1614.844, 1623.102, 1628.990, 1631.735 (1628.662)	Log prob: 1401.747, 1486.487, 1557.769, 1595.175, 1616.318, 1633.501, 1649.800, 1660.069, 1668.084, 1672.642 (1669.290)	KLD: 7.560, 6.451, 5.883, 4.498, 4.551, 3.267, 2.746, 2.010, 2.128, 1.813 (40.627)	Grad: 57.116, 13.890, 13.276, 7.608, 6.993, 3.872, 2.312, 1.917, 2.745, 1.647
[Epoch  83 (136.38s)]	ELBO: 1394.744, 1473.568, 1539.026, 1571.607, 1588.270, 1602.139, 1615.869, 1624.092, 1629.871, 1632.900 (1627.370)	Log prob: 1402.337, 1487.647, 1559.028, 1596.109, 1617.336, 1634.481, 1650.952, 1661.200, 1669.128, 1673.972 (1668.797)	KLD: 7.594, 6.484, 5.922, 4.502, 4.563, 3.277, 2.741, 2.024, 2.149, 1.815 (41.427)	Grad: 53.485, 13.144, 16.489, 8.167, 6.869, 3.789, 2.229, 1.932, 2.704, 1.575
[Epoch  84 (138.18s)]	ELBO: 1394.585, 1473.817, 1538.491, 1570.612, 1587.270, 1601.255, 1615.077, 1623.349, 1628.959, 1632.285 (1623.318)	Log prob: 1402.198, 1487.928, 1558.506, 1595.107, 1616.360, 1633.619, 1650.186, 1660.492, 1668.268, 1673.408 (1664.395)	KLD: 7.613, 6.498, 5.904, 4.481, 4.595, 3.271, 2.748, 2.031, 2.166, 1.815 (41.077)	Grad: 57.829, 14.066, 19.172, 9.977, 7.134, 4.167, 2.394, 2.029, 2.874, 1.719
[Epoch  85 (117.77s)]	ELBO: 1394.733, 1474.200, 1540.225, 1572.614, 1588.840, 1603.055, 1616.869, 1625.192, 1630.684, 1633.740 (1635.267)	Log prob: 1402.367, 1488.355, 1560.310, 1597.210, 1618.063, 1635.548, 1652.112, 1662.473, 1670.120, 1674.994 (1676.410)	KLD: 7.635, 6.519, 5.931, 4.510, 4.627, 3.271, 2.750, 2.038, 2.156, 1.817 (41.143)	Grad: 63.189, 13.566, 18.098, 10.072, 7.427, 4.255, 2.491, 2.093, 3.024, 1.720
[Epoch  86 (115.86s)]	ELBO: 1394.975, 1474.374, 1539.611, 1572.025, 1588.085, 1602.426, 1616.147, 1624.472, 1629.792, 1633.101 (1632.011)	Log prob: 1402.622, 1488.588, 1559.760, 1596.679, 1617.391, 1635.023, 1651.474, 1661.845, 1669.314, 1674.437 (1673.070)	KLD: 7.646, 6.569, 5.934, 4.505, 4.653, 3.290, 2.731, 2.046, 2.150, 1.813 (41.059)	Grad: 62.452, 14.994, 20.756, 11.605, 7.433, 4.452, 2.450, 2.105, 2.967, 1.677
[Epoch  87 (116.58s)]	ELBO: 1394.617, 1473.628, 1537.119, 1569.142, 1585.571, 1600.023, 1613.897, 1622.054, 1627.551, 1631.295 (1634.236)	Log prob: 1402.282, 1487.932, 1557.305, 1593.822, 1614.921, 1632.663, 1649.279, 1659.477, 1667.129, 1672.692 (1675.317)	KLD: 7.666, 6.638, 5.881, 4.495, 4.670, 3.290, 2.740, 2.044, 2.153, 1.820 (41.082)	Grad: 65.640, 15.558, 23.640, 12.779, 7.750, 4.877, 2.734, 2.299, 3.305, 1.888
[Epoch  88 (123.18s)]	ELBO: 1395.257, 1474.089, 1537.578, 1568.756, 1585.178, 1599.628, 1613.403, 1621.669, 1626.883, 1630.776 (1637.939)	Log prob: 1402.963, 1488.448, 1557.817, 1593.482, 1614.562, 1632.311, 1648.823, 1659.149, 1666.528, 1672.249 (1679.286)	KLD: 7.707, 6.651, 5.881, 4.486, 4.658, 3.299, 2.737, 2.059, 2.166, 1.828 (41.347)	Grad: 56.637, 15.519, 23.510, 14.614, 7.821, 5.028, 2.702, 2.191, 3.196, 1.842
[Epoch  89 (105.76s)]	ELBO: 1394.652, 1473.748, 1539.852, 1571.792, 1588.241, 1602.748, 1616.517, 1624.588, 1629.883, 1633.212 (1636.698)	Log prob: 1402.350, 1488.130, 1560.118, 1596.563, 1617.687, 1635.490, 1652.008, 1662.143, 1669.611, 1674.763 (1677.924)	KLD: 7.698, 6.684, 5.883, 4.505, 4.677, 3.295, 2.750, 2.064, 2.171, 1.823 (41.227)	Grad: 74.352, 16.754, 21.035, 12.164, 8.399, 5.224, 2.917, 2.449, 3.559, 1.951
[Epoch  90 (109.29s)]	ELBO: 1395.588, 1474.666, 1540.900, 1572.925, 1589.236, 1603.539, 1617.478, 1625.503, 1630.482, 1633.825 (1632.887)	Log prob: 1403.295, 1489.096, 1561.205, 1597.748, 1618.773, 1636.382, 1653.064, 1663.151, 1670.292, 1675.451 (1674.731)	KLD: 7.707, 6.723, 5.874, 4.520, 4.713, 3.307, 2.741, 2.064, 2.161, 1.816 (41.844)	Grad: 61.208, 16.284, 20.729, 11.671, 7.135, 4.751, 2.667, 2.225, 3.217, 1.832
[Epoch  91 (116.20s)]	ELBO: 1394.823, 1474.258, 1540.749, 1572.649, 1589.212, 1603.506, 1617.593, 1625.664, 1630.800, 1634.158 (1631.553)	Log prob: 1402.568, 1488.736, 1561.114, 1597.531, 1618.813, 1636.421, 1653.249, 1663.399, 1670.708, 1675.865 (1673.717)	KLD: 7.744, 6.734, 5.886, 4.517, 4.720, 3.314, 2.742, 2.079, 2.173, 1.799 (42.165)	Grad: 78.354, 17.439, 21.011, 11.559, 8.490, 5.427, 3.012, 2.481, 3.652, 2.003
[Epoch  92 (120.30s)]	ELBO: 1395.235, 1474.515, 1541.290, 1573.594, 1590.202, 1604.720, 1618.646, 1626.737, 1631.968, 1634.980 (1638.398)	Log prob: 1402.970, 1489.010, 1561.666, 1598.534, 1619.892, 1637.729, 1654.399, 1664.561, 1671.959, 1676.769 (1680.222)	KLD: 7.736, 6.759, 5.881, 4.564, 4.749, 3.322, 2.741, 2.073, 2.166, 1.798 (41.825)	Grad: 73.778, 16.420, 17.590, 9.085, 8.015, 4.920, 2.893, 2.315, 3.402, 1.872
[Epoch  93 (108.74s)]	ELBO: 1395.703, 1474.144, 1540.874, 1572.933, 1589.663, 1604.177, 1618.052, 1625.999, 1631.158, 1634.192 (1632.835)	Log prob: 1403.505, 1488.763, 1561.365, 1597.989, 1619.477, 1637.325, 1653.939, 1663.964, 1671.298, 1676.130 (1674.646)	KLD: 7.801, 6.818, 5.872, 4.565, 4.757, 3.337, 2.738, 2.075, 2.176, 1.799 (41.811)	Grad: 69.943, 18.058, 19.299, 9.453, 7.762, 5.282, 2.905, 2.392, 3.384, 1.913
[Epoch  94 (107.56s)]	ELBO: 1395.472, 1474.448, 1541.137, 1573.410, 1589.959, 1604.362, 1618.412, 1626.412, 1631.411, 1634.610 (1637.006)	Log prob: 1403.262, 1489.039, 1561.603, 1598.469, 1619.794, 1637.542, 1654.336, 1664.422, 1671.582, 1676.581 (1679.058)	KLD: 7.790, 6.802, 5.875, 4.592, 4.776, 3.345, 2.743, 2.087, 2.162, 1.800 (42.052)	Grad: 75.300, 17.041, 19.855, 9.160, 8.381, 5.349, 3.010, 2.382, 3.556, 1.935
[Epoch  95 (107.78s)]	ELBO: 1395.307, 1474.422, 1542.069, 1574.277, 1590.746, 1605.319, 1619.229, 1627.184, 1631.992, 1635.009 (1631.914)	Log prob: 1403.088, 1489.090, 1562.618, 1599.427, 1620.673, 1638.595, 1655.249, 1665.300, 1672.278, 1677.091 (1674.106)	KLD: 7.781, 6.886, 5.882, 4.601, 4.778, 3.348, 2.743, 2.097, 2.170, 1.798 (42.193)	Grad: 76.518, 16.751, 19.884, 9.658, 8.151, 5.843, 3.056, 2.418, 3.719, 2.058
[Epoch  96 (115.13s)]	ELBO: 1396.002, 1474.629, 1539.687, 1571.301, 1587.642, 1602.590, 1616.547, 1624.565, 1629.428, 1632.969 (1636.790)	Log prob: 1403.836, 1489.348, 1560.281, 1596.491, 1617.621, 1635.926, 1652.628, 1662.736, 1669.752, 1675.101 (1678.950)	KLD: 7.833, 6.884, 5.876, 4.596, 4.788, 3.359, 2.744, 2.089, 2.153, 1.809 (42.160)	Grad: 63.420, 18.373, 24.093, 12.975, 9.194, 5.259, 2.846, 2.332, 3.441, 1.992
[Epoch  97 (109.43s)]	ELBO: 1395.301, 1472.762, 1531.935, 1561.532, 1578.007, 1592.761, 1606.799, 1614.700, 1619.604, 1624.969 (1622.946)	Log prob: 1403.067, 1487.518, 1552.468, 1586.590, 1607.860, 1625.993, 1642.795, 1652.801, 1659.877, 1667.073 (1664.661)	KLD: 7.766, 6.990, 5.777, 4.526, 4.795, 3.378, 2.765, 2.104, 2.171, 1.831 (41.715)	Grad: 75.233, 21.460, 33.160, 18.389, 9.346, 6.520, 3.691, 3.018, 4.688, 2.507
[Epoch  98 (102.48s)]	ELBO: 1396.150, 1473.789, 1534.298, 1565.263, 1581.848, 1596.565, 1610.518, 1618.409, 1623.299, 1628.239 (1633.324)	Log prob: 1403.943, 1488.561, 1554.808, 1590.316, 1611.699, 1629.785, 1646.498, 1656.490, 1663.541, 1670.325 (1675.524)	KLD: 7.793, 6.979, 5.738, 4.544, 4.796, 3.370, 2.761, 2.100, 2.161, 1.845 (42.200)	Grad: 63.033, 19.001, 28.506, 14.788, 8.746, 6.196, 3.301, 2.521, 3.897, 2.207
[Epoch  99 (107.94s)]	ELBO: 1396.095, 1474.820, 1543.573, 1575.636, 1591.876, 1606.668, 1620.432, 1628.182, 1632.951, 1635.928 (1638.056)	Log prob: 1403.963, 1489.604, 1564.110, 1600.745, 1621.791, 1639.961, 1656.492, 1666.350, 1673.270, 1678.072 (1679.903)	KLD: 7.866, 6.918, 5.756, 4.570, 4.806, 3.378, 2.766, 2.110, 2.149, 1.825 (41.847)	Grad: 77.786, 17.416, 16.760, 9.354, 7.637, 5.432, 3.042, 2.357, 3.609, 1.941
[Epoch 100 (102.00s)]	ELBO: 1396.621, 1475.171, 1542.626, 1574.578, 1590.854, 1605.543, 1619.377, 1627.178, 1631.842, 1635.388 (1637.764)	Log prob: 1404.509, 1490.039, 1563.249, 1599.782, 1620.885, 1638.943, 1655.516, 1665.438, 1672.246, 1677.613 (1680.052)	KLD: 7.890, 6.979, 5.754, 4.582, 4.826, 3.370, 2.740, 2.118, 2.146, 1.821 (42.289)	Grad: 67.216, 17.147, 20.364, 10.871, 7.784, 5.706, 2.920, 2.259, 3.526, 1.905
Best epoch(s): [92]	Training time(s): 12686.43s (12686.43s)	Best ELBO: 1635.928 (1638.398)	Best log prob: 1678.072 (1680.222)
Avg. mu: -0.022, -0.001, 1.711, 0.106, -0.112, 0.082, 0.451, 0.018, 0.444, 0.457
Avg. var: 0.000, 0.000, 0.000, 0.000, 0.000, 0.001, 0.004, 0.007, 0.016, 0.017
Max. mu: -0.012, 0.223, 2.360, 0.431, 0.197, 1.493, 3.011, 1.712, 3.865, 3.026
Max. var: 0.000, 0.000, 0.001, 0.000, 0.000, 0.010, 0.152, 0.012, 0.500, 0.275
Min. mu: -0.037, -0.090, 1.221, -0.145, -0.207, -0.368, -0.309, -1.070, -0.821, -0.525
Min. var: 0.000, 0.000, 0.000, 0.000, 0.000, 0.000, 0.000, 0.001, 0.000, 0.000
Cov. mu:
[[0.000 0.000 -0.000 -0.000 0.000 0.000 -0.000 0.000 -0.000 0.000]
 [0.000 0.001 -0.002 0.000 -0.000 -0.000 -0.000 0.000 0.001 -0.001]
 [-0.000 -0.002 0.059 -0.004 -0.001 0.006 0.002 -0.001 -0.032 0.002]
 [-0.000 0.000 -0.004 0.005 0.001 -0.005 0.004 -0.001 -0.001 -0.001]
 [0.000 -0.000 -0.001 0.001 0.003 0.000 -0.000 -0.000 -0.000 0.000]
 [0.000 -0.000 0.006 -0.005 0.000 0.051 0.003 -0.001 -0.010 -0.003]
 [-0.000 -0.000 0.002 0.004 -0.000 0.003 0.177 0.006 0.007 -0.000]
 [0.000 0.000 -0.001 -0.001 -0.000 -0.001 0.006 0.147 -0.006 0.004]
 [-0.000 0.001 -0.032 -0.001 -0.000 -0.010 0.007 -0.006 0.360 -0.027]
 [0.000 -0.001 0.002 -0.001 0.000 -0.003 -0.000 0.004 -0.027 0.189]]
