Encoder
=================================================================
Layer (type:depth-idx)                   Param #
=================================================================
Encoder                                  --
├─Linear: 1-1                            31,400
├─Linear: 1-2                            1,640
=================================================================
Total params: 33,040
Trainable params: 33,040
Non-trainable params: 0
=================================================================
Encoder 2
=================================================================
Layer (type:depth-idx)                   Param #
=================================================================
Encoder                                  --
├─Linear: 1-1                            31,400
├─Linear: 1-2                            1,640
=================================================================
Total params: 33,040
Trainable params: 33,040
Non-trainable params: 0
=================================================================
Encoder to Latents 0
=================================================================
Layer (type:depth-idx)                   Param #
=================================================================
EncoderToLatents                         --
├─Linear: 1-1                            41
├─Linear: 1-2                            41
=================================================================
Total params: 82
Trainable params: 82
Non-trainable params: 0
=================================================================
Encoder to Latents 1
=================================================================
Layer (type:depth-idx)                   Param #
=================================================================
EncoderToLatents                         --
├─Linear: 1-1                            41
├─Linear: 1-2                            41
=================================================================
Total params: 82
Trainable params: 82
Non-trainable params: 0
=================================================================
Encoder to Latents 2
=================================================================
Layer (type:depth-idx)                   Param #
=================================================================
EncoderToLatents                         --
├─Linear: 1-1                            41
├─Linear: 1-2                            41
=================================================================
Total params: 82
Trainable params: 82
Non-trainable params: 0
=================================================================
Encoder to Latents 3
=================================================================
Layer (type:depth-idx)                   Param #
=================================================================
EncoderToLatents                         --
├─Linear: 1-1                            41
├─Linear: 1-2                            41
=================================================================
Total params: 82
Trainable params: 82
Non-trainable params: 0
=================================================================
Encoder to Latents 4
=================================================================
Layer (type:depth-idx)                   Param #
=================================================================
EncoderToLatents                         --
├─Linear: 1-1                            41
├─Linear: 1-2                            41
=================================================================
Total params: 82
Trainable params: 82
Non-trainable params: 0
=================================================================
Encoder to Latents 5
=================================================================
Layer (type:depth-idx)                   Param #
=================================================================
EncoderToLatents                         --
├─Linear: 1-1                            41
├─Linear: 1-2                            41
=================================================================
Total params: 82
Trainable params: 82
Non-trainable params: 0
=================================================================
Encoder to Latents 6
=================================================================
Layer (type:depth-idx)                   Param #
=================================================================
EncoderToLatents                         --
├─Linear: 1-1                            41
├─Linear: 1-2                            41
=================================================================
Total params: 82
Trainable params: 82
Non-trainable params: 0
=================================================================
Encoder to Latents 7
=================================================================
Layer (type:depth-idx)                   Param #
=================================================================
EncoderToLatents                         --
├─Linear: 1-1                            41
├─Linear: 1-2                            41
=================================================================
Total params: 82
Trainable params: 82
Non-trainable params: 0
=================================================================
Encoder to Latents 8
=================================================================
Layer (type:depth-idx)                   Param #
=================================================================
EncoderToLatents                         --
├─Linear: 1-1                            41
├─Linear: 1-2                            41
=================================================================
Total params: 82
Trainable params: 82
Non-trainable params: 0
=================================================================
Encoder to Latents 9
=================================================================
Layer (type:depth-idx)                   Param #
=================================================================
EncoderToLatents                         --
├─Linear: 1-1                            41
├─Linear: 1-2                            41
=================================================================
Total params: 82
Trainable params: 82
Non-trainable params: 0
=================================================================
Latents to Latents
=================================================================
Layer (type:depth-idx)                   Param #
=================================================================
LatentsToLatents                         --
├─Linear: 1-1                            20
├─Linear: 1-2                            5
├─Linear: 1-3                            5
=================================================================
Total params: 30
Trainable params: 30
Non-trainable params: 0
=================================================================
Latents to Decoder 0
=================================================================
Layer (type:depth-idx)                   Param #
=================================================================
LatentsToDecoder                         --
├─Linear: 1-1                            80
=================================================================
Total params: 80
Trainable params: 80
Non-trainable params: 0
=================================================================
Latents to Decoder 1
=================================================================
Layer (type:depth-idx)                   Param #
=================================================================
LatentsToDecoder                         --
├─Linear: 1-1                            80
=================================================================
Total params: 80
Trainable params: 80
Non-trainable params: 0
=================================================================
Latents to Decoder 2
=================================================================
Layer (type:depth-idx)                   Param #
=================================================================
LatentsToDecoder                         --
├─Linear: 1-1                            80
=================================================================
Total params: 80
Trainable params: 80
Non-trainable params: 0
=================================================================
Latents to Decoder 3
=================================================================
Layer (type:depth-idx)                   Param #
=================================================================
LatentsToDecoder                         --
├─Linear: 1-1                            80
=================================================================
Total params: 80
Trainable params: 80
Non-trainable params: 0
=================================================================
Latents to Decoder 4
=================================================================
Layer (type:depth-idx)                   Param #
=================================================================
LatentsToDecoder                         --
├─Linear: 1-1                            80
=================================================================
Total params: 80
Trainable params: 80
Non-trainable params: 0
=================================================================
Latents to Decoder 5
=================================================================
Layer (type:depth-idx)                   Param #
=================================================================
LatentsToDecoder                         --
├─Linear: 1-1                            80
=================================================================
Total params: 80
Trainable params: 80
Non-trainable params: 0
=================================================================
Latents to Decoder 6
=================================================================
Layer (type:depth-idx)                   Param #
=================================================================
LatentsToDecoder                         --
├─Linear: 1-1                            80
=================================================================
Total params: 80
Trainable params: 80
Non-trainable params: 0
=================================================================
Latents to Decoder 7
=================================================================
Layer (type:depth-idx)                   Param #
=================================================================
LatentsToDecoder                         --
├─Linear: 1-1                            80
=================================================================
Total params: 80
Trainable params: 80
Non-trainable params: 0
=================================================================
Latents to Decoder 8
=================================================================
Layer (type:depth-idx)                   Param #
=================================================================
LatentsToDecoder                         --
├─Linear: 1-1                            80
=================================================================
Total params: 80
Trainable params: 80
Non-trainable params: 0
=================================================================
Latents to Decoder 9
=================================================================
Layer (type:depth-idx)                   Param #
=================================================================
LatentsToDecoder                         --
├─Linear: 1-1                            80
=================================================================
Total params: 80
Trainable params: 80
Non-trainable params: 0
=================================================================
Decoder
=================================================================
Layer (type:depth-idx)                   Param #
=================================================================
Decoder                                  --
├─Linear: 1-1                            1,640
├─Linear: 1-2                            32,144
=================================================================
Total params: 33,784
Trainable params: 33,784
Non-trainable params: 0
=================================================================
[Epoch   1 (90.62s)]	ELBO: 1046.972, 1170.999, 1213.083, 1230.686, 1239.426, 1243.844, 1244.785, 1243.087, 1240.091, 1234.480 (1382.444)	Log prob: 1057.811, 1184.689, 1227.962, 1246.192, 1255.436, 1260.461, 1261.633, 1260.223, 1257.623, 1252.316 (1396.826)	KLD: 10.839, 2.851, 1.189, 0.627, 0.506, 0.606, 0.230, 0.288, 0.396, 0.304 (14.382)	Grad: 36.329, 6.037, 1.865, 0.735, 0.606, 0.323, 0.244, 0.343, 0.352, 0.497
[Epoch   2 (81.35s)]	ELBO: 1319.524, 1387.192, 1395.602, 1396.767, 1396.762, 1396.232, 1395.359, 1394.229, 1393.097, 1391.850 (1404.150)	Log prob: 1324.098, 1394.753, 1404.988, 1406.935, 1407.274, 1407.335, 1406.891, 1406.020, 1405.491, 1404.517 (1415.452)	KLD: 4.573, 2.988, 1.825, 0.782, 0.344, 0.592, 0.428, 0.258, 0.604, 0.274 (11.303)	Grad: 24.533, 3.555, 1.536, 0.388, 0.247, 0.292, 0.201, 0.113, 0.209, 0.262
[Epoch   3 (74.64s)]	ELBO: 1332.097, 1401.828, 1413.943, 1440.965, 1443.296, 1443.941, 1444.080, 1443.904, 1443.352, 1442.879 (1491.086)	Log prob: 1335.455, 1408.372, 1422.611, 1452.017, 1455.177, 1456.460, 1457.270, 1457.160, 1456.968, 1456.684 (1507.114)	KLD: 3.358, 3.185, 2.124, 2.384, 0.829, 0.638, 0.671, 0.066, 0.360, 0.189 (16.028)	Grad: 20.781, 2.607, 2.295, 1.498, 0.362, 0.377, 0.287, 0.137, 0.209, 0.181
[Epoch   4 (74.89s)]	ELBO: 1345.397, 1418.594, 1462.177, 1505.878, 1514.738, 1516.720, 1517.517, 1517.511, 1517.384, 1517.003 (1539.725)	Log prob: 1348.567, 1425.056, 1471.570, 1517.823, 1528.332, 1531.235, 1533.045, 1533.118, 1533.253, 1533.099 (1555.910)	KLD: 3.171, 3.291, 2.931, 2.552, 1.648, 0.922, 1.011, 0.081, 0.260, 0.227 (16.185)	Grad: 13.743, 7.127, 3.410, 2.251, 0.989, 0.675, 0.551, 0.171, 0.229, 0.217
[Epoch   5 (76.70s)]	ELBO: 1368.792, 1433.532, 1489.547, 1536.548, 1553.129, 1554.944, 1555.238, 1555.337, 1555.338, 1555.081 (1569.743)	Log prob: 1371.954, 1440.044, 1499.151, 1548.855, 1567.465, 1570.193, 1571.270, 1571.517, 1571.805, 1571.771 (1586.556)	KLD: 3.162, 3.351, 3.091, 2.703, 2.030, 0.911, 0.783, 0.149, 0.287, 0.223 (16.813)	Grad: 7.666, 10.841, 3.969, 3.297, 1.223, 0.730, 0.575, 0.219, 0.234, 0.229
[Epoch   6 (75.55s)]	ELBO: 1379.238, 1441.316, 1499.813, 1552.662, 1573.458, 1577.600, 1579.813, 1580.800, 1580.887, 1580.791 (1593.713)	Log prob: 1382.284, 1447.647, 1509.208, 1564.979, 1587.850, 1593.020, 1596.254, 1597.664, 1598.003, 1598.001 (1611.374)	KLD: 3.046, 3.285, 3.064, 2.922, 2.077, 1.027, 1.020, 0.424, 0.251, 0.095 (17.661)	Grad: 6.160, 9.481, 4.091, 2.831, 1.385, 0.855, 0.610, 0.297, 0.249, 0.134
[Epoch   7 (77.57s)]	ELBO: 1384.377, 1447.968, 1505.965, 1560.447, 1582.755, 1594.366, 1599.204, 1600.610, 1600.684, 1600.685 (1609.855)	Log prob: 1387.466, 1454.236, 1515.305, 1572.616, 1596.966, 1610.142, 1616.379, 1618.437, 1618.693, 1618.764 (1628.395)	KLD: 3.088, 3.178, 3.073, 2.830, 2.041, 1.565, 1.399, 0.651, 0.183, 0.071 (18.540)	Grad: 6.349, 8.162, 5.607, 3.336, 1.362, 1.096, 0.753, 0.431, 0.266, 0.141
[Epoch   8 (87.45s)]	ELBO: 1389.022, 1454.310, 1513.250, 1566.019, 1589.192, 1605.925, 1614.335, 1614.757, 1614.743, 1614.650 (1622.153)	Log prob: 1392.205, 1460.641, 1522.678, 1578.186, 1603.397, 1622.029, 1632.087, 1632.997, 1633.111, 1633.055 (1640.453)	KLD: 3.183, 3.148, 3.097, 2.740, 2.038, 1.899, 1.648, 0.489, 0.127, 0.037 (18.300)	Grad: 6.454, 7.076, 5.564, 3.547, 1.540, 1.250, 0.851, 0.374, 0.217, 0.145
[Epoch   9 (86.76s)]	ELBO: 1393.003, 1460.368, 1520.604, 1571.536, 1595.325, 1614.426, 1624.804, 1624.993, 1624.969, 1625.023 (1628.561)	Log prob: 1396.237, 1466.754, 1530.101, 1583.725, 1609.558, 1630.640, 1642.701, 1643.279, 1643.372, 1643.442 (1647.420)	KLD: 3.235, 3.151, 3.110, 2.693, 2.043, 1.982, 1.683, 0.386, 0.119, 0.016 (18.859)	Grad: 6.921, 6.425, 5.858, 3.406, 1.663, 1.284, 0.865, 0.342, 0.228, 0.149
[Epoch  10 (92.33s)]	ELBO: 1395.537, 1465.503, 1526.655, 1576.419, 1600.264, 1620.864, 1632.302, 1632.914, 1632.955, 1632.943 (1638.033)	Log prob: 1398.813, 1471.967, 1536.231, 1588.649, 1614.553, 1637.181, 1650.332, 1651.437, 1651.603, 1651.604 (1656.923)	KLD: 3.276, 3.188, 3.112, 2.653, 2.060, 2.030, 1.711, 0.494, 0.125, 0.014 (18.890)	Grad: 7.089, 5.664, 6.280, 3.469, 1.530, 1.188, 0.889, 0.400, 0.238, 0.150
[Epoch  11 (158.57s)]	ELBO: 1398.310, 1469.853, 1531.764, 1581.110, 1605.063, 1626.283, 1638.612, 1640.850, 1640.809, 1640.823 (1646.701)	Log prob: 1401.613, 1476.358, 1541.374, 1593.364, 1619.383, 1642.663, 1656.734, 1659.825, 1659.939, 1659.971 (1666.234)	KLD: 3.304, 3.201, 3.105, 2.643, 2.066, 2.059, 1.743, 0.851, 0.156, 0.018 (19.532)	Grad: 6.494, 5.081, 5.560, 3.509, 1.573, 1.250, 0.870, 0.538, 0.244, 0.146
[Epoch  12 (176.16s)]	ELBO: 1400.294, 1473.004, 1535.562, 1584.922, 1609.019, 1631.110, 1643.937, 1648.031, 1648.040, 1648.052 (1652.285)	Log prob: 1403.622, 1479.544, 1545.201, 1597.220, 1623.402, 1647.571, 1662.157, 1667.381, 1667.594, 1667.629 (1671.866)	KLD: 3.328, 3.214, 3.099, 2.656, 2.088, 2.078, 1.758, 1.130, 0.206, 0.022 (19.581)	Grad: 6.219, 5.639, 5.366, 3.429, 1.656, 1.263, 0.879, 0.594, 0.263, 0.147
[Epoch  13 (142.69s)]	ELBO: 1401.872, 1474.953, 1538.274, 1587.908, 1612.214, 1635.144, 1648.167, 1653.363, 1653.531, 1653.436 (1657.203)	Log prob: 1405.215, 1481.506, 1547.919, 1600.214, 1626.613, 1651.628, 1666.412, 1672.865, 1673.238, 1673.169 (1677.034)	KLD: 3.343, 3.209, 3.092, 2.659, 2.095, 2.085, 1.762, 1.255, 0.206, 0.025 (19.831)	Grad: 5.800, 5.490, 5.224, 3.498, 1.708, 1.234, 0.930, 0.683, 0.274, 0.145
[Epoch  14 (148.68s)]	ELBO: 1403.164, 1476.445, 1540.301, 1590.393, 1614.916, 1638.542, 1651.604, 1657.726, 1657.827, 1657.813 (1660.654)	Log prob: 1406.520, 1483.003, 1549.953, 1602.708, 1629.333, 1655.059, 1669.888, 1677.375, 1677.692, 1677.708 (1680.675)	KLD: 3.356, 3.202, 3.095, 2.663, 2.102, 2.098, 1.767, 1.367, 0.214, 0.033 (20.020)	Grad: 6.002, 5.744, 5.274, 3.610, 1.573, 1.443, 0.999, 0.767, 0.280, 0.146
[Epoch  15 (140.22s)]	ELBO: 1404.402, 1477.661, 1542.162, 1592.427, 1617.006, 1641.288, 1654.276, 1661.464, 1661.563, 1661.499 (1664.545)	Log prob: 1407.775, 1484.234, 1551.831, 1604.755, 1631.442, 1657.831, 1672.580, 1681.213, 1681.594, 1681.571 (1684.418)	KLD: 3.373, 3.201, 3.095, 2.659, 2.109, 2.107, 1.762, 1.443, 0.281, 0.043 (19.873)	Grad: 5.823, 5.547, 5.348, 3.490, 1.632, 1.255, 1.026, 0.811, 0.296, 0.143
[Epoch  16 (142.98s)]	ELBO: 1405.495, 1478.734, 1543.788, 1594.408, 1619.173, 1643.785, 1656.803, 1664.481, 1664.712, 1664.657 (1666.903)	Log prob: 1408.877, 1485.292, 1553.434, 1606.710, 1633.586, 1660.297, 1675.069, 1684.189, 1684.812, 1684.811 (1686.810)	KLD: 3.382, 3.176, 3.089, 2.656, 2.108, 2.100, 1.757, 1.440, 0.391, 0.056 (19.907)	Grad: 5.783, 5.979, 5.085, 3.402, 1.649, 1.260, 1.042, 0.876, 0.346, 0.141
[Epoch  17 (144.72s)]	ELBO: 1406.299, 1479.509, 1545.233, 1596.176, 1620.976, 1645.826, 1658.859, 1666.959, 1667.345, 1667.306 (1668.318)	Log prob: 1409.700, 1486.088, 1554.892, 1608.489, 1635.401, 1662.353, 1677.151, 1686.704, 1687.597, 1687.630 (1688.880)	KLD: 3.401, 3.178, 3.081, 2.654, 2.111, 2.103, 1.765, 1.453, 0.507, 0.072 (20.562)	Grad: 5.618, 5.921, 5.149, 3.530, 1.675, 1.258, 0.978, 0.876, 0.380, 0.146
[Epoch  18 (150.17s)]	ELBO: 1407.196, 1480.344, 1546.483, 1597.761, 1622.575, 1647.676, 1660.824, 1669.034, 1669.768, 1669.687 (1671.108)	Log prob: 1410.601, 1486.914, 1556.139, 1610.063, 1636.991, 1664.193, 1679.110, 1688.791, 1690.140, 1690.141 (1691.445)	KLD: 3.405, 3.165, 3.086, 2.646, 2.112, 2.102, 1.768, 1.471, 0.615, 0.083 (20.336)	Grad: 5.748, 6.013, 4.964, 3.231, 1.791, 1.436, 0.929, 0.870, 0.445, 0.162
[Epoch  19 (147.81s)]	ELBO: 1407.856, 1481.115, 1547.712, 1599.153, 1624.182, 1649.384, 1662.618, 1670.956, 1671.986, 1671.969 (1673.066)	Log prob: 1411.276, 1487.699, 1557.380, 1611.465, 1638.610, 1665.916, 1680.915, 1690.735, 1692.490, 1692.542 (1693.799)	KLD: 3.419, 3.166, 3.082, 2.646, 2.115, 2.105, 1.764, 1.482, 0.726, 0.068 (20.733)	Grad: 5.648, 5.838, 4.862, 3.240, 1.721, 1.460, 1.021, 0.877, 0.505, 0.189
[Epoch  20 (156.24s)]	ELBO: 1408.557, 1481.705, 1548.810, 1600.437, 1625.528, 1650.866, 1664.099, 1672.638, 1674.186, 1674.189 (1676.430)	Log prob: 1411.984, 1488.293, 1558.478, 1612.743, 1639.957, 1667.394, 1682.406, 1692.443, 1694.836, 1694.910 (1697.123)	KLD: 3.429, 3.159, 3.081, 2.638, 2.122, 2.098, 1.780, 1.497, 0.846, 0.070 (20.692)	Grad: 5.444, 5.725, 4.574, 3.030, 1.769, 1.543, 0.884, 0.943, 0.622, 0.202
[Epoch  21 (149.88s)]	ELBO: 1409.000, 1482.130, 1549.615, 1601.524, 1626.696, 1652.136, 1665.383, 1674.034, 1676.449, 1676.433 (1678.493)	Log prob: 1412.436, 1488.723, 1559.291, 1613.839, 1641.135, 1668.683, 1683.719, 1693.889, 1697.311, 1697.381 (1699.572)	KLD: 3.435, 3.158, 3.083, 2.638, 2.124, 2.108, 1.790, 1.520, 1.007, 0.086 (21.079)	Grad: 5.526, 5.639, 4.266, 2.978, 1.779, 1.365, 0.973, 0.935, 0.767, 0.215
[Epoch  22 (141.44s)]	ELBO: 1409.840, 1482.933, 1550.766, 1602.641, 1627.977, 1653.252, 1666.651, 1675.411, 1678.893, 1678.938 (1680.137)	Log prob: 1413.273, 1489.520, 1560.437, 1614.953, 1642.411, 1669.788, 1684.987, 1695.296, 1699.925, 1700.068 (1701.333)	KLD: 3.433, 3.154, 3.084, 2.640, 2.122, 2.105, 1.799, 1.548, 1.148, 0.098 (21.196)	Grad: 5.398, 5.805, 4.615, 3.217, 1.777, 1.476, 0.959, 0.905, 0.946, 0.222
[Epoch  23 (147.93s)]	ELBO: 1410.651, 1483.577, 1551.611, 1603.668, 1628.929, 1654.261, 1667.668, 1676.490, 1680.933, 1680.915 (1682.439)	Log prob: 1414.096, 1490.173, 1561.289, 1615.986, 1643.374, 1670.815, 1686.029, 1696.412, 1702.103, 1702.191 (1703.829)	KLD: 3.446, 3.150, 3.083, 2.640, 2.127, 2.108, 1.807, 1.563, 1.247, 0.107 (21.389)	Grad: 5.530, 5.595, 4.661, 3.037, 1.699, 1.485, 0.871, 0.928, 1.095, 0.241
[Epoch  24 (153.89s)]	ELBO: 1411.877, 1484.269, 1552.718, 1604.847, 1630.073, 1655.289, 1668.808, 1677.691, 1682.669, 1682.622 (1684.067)	Log prob: 1415.335, 1490.882, 1562.420, 1617.191, 1644.542, 1671.870, 1687.199, 1697.650, 1703.923, 1703.986 (1705.258)	KLD: 3.458, 3.154, 3.088, 2.643, 2.125, 2.112, 1.810, 1.568, 1.294, 0.111 (21.191)	Grad: 5.609, 5.563, 4.658, 2.875, 1.673, 1.451, 0.911, 0.909, 1.173, 0.227
[Epoch  25 (131.76s)]	ELBO: 1413.207, 1484.900, 1553.552, 1605.611, 1630.891, 1656.156, 1669.776, 1678.747, 1684.080, 1684.115 (1684.889)	Log prob: 1416.668, 1491.513, 1563.251, 1617.946, 1645.356, 1672.729, 1688.170, 1698.719, 1705.364, 1705.519 (1706.405)	KLD: 3.462, 3.151, 3.084, 2.638, 2.129, 2.109, 1.821, 1.577, 1.311, 0.119 (21.516)	Grad: 5.307, 5.622, 4.395, 2.832, 1.631, 1.476, 0.856, 0.895, 1.147, 0.229
[Epoch  26 (127.60s)]	ELBO: 1414.389, 1485.536, 1554.454, 1606.499, 1631.749, 1657.028, 1670.604, 1679.670, 1685.166, 1685.243 (1686.050)	Log prob: 1417.871, 1492.172, 1564.176, 1618.860, 1646.239, 1673.631, 1689.032, 1699.688, 1706.512, 1706.719 (1707.426)	KLD: 3.482, 3.154, 3.086, 2.639, 2.130, 2.111, 1.827, 1.590, 1.326, 0.131 (21.376)	Grad: 5.190, 5.657, 4.553, 2.695, 1.714, 1.467, 0.881, 0.989, 1.193, 0.250
[Epoch  27 (140.81s)]	ELBO: 1415.255, 1486.102, 1555.208, 1607.381, 1632.626, 1657.864, 1671.563, 1680.720, 1686.454, 1686.462 (1686.842)	Log prob: 1418.745, 1492.745, 1564.940, 1619.750, 1647.120, 1674.470, 1689.993, 1700.741, 1707.819, 1707.978 (1708.380)	KLD: 3.491, 3.154, 3.087, 2.637, 2.125, 2.111, 1.825, 1.590, 1.345, 0.151 (21.538)	Grad: 5.372, 5.683, 4.722, 2.809, 1.550, 1.432, 0.878, 0.937, 1.144, 0.275
[Epoch  28 (131.69s)]	ELBO: 1415.937, 1486.492, 1555.899, 1608.078, 1633.317, 1658.448, 1672.255, 1681.384, 1687.432, 1687.476 (1688.518)	Log prob: 1419.437, 1493.142, 1565.642, 1620.465, 1647.830, 1675.072, 1690.707, 1701.429, 1708.827, 1709.051 (1710.229)	KLD: 3.500, 3.149, 3.094, 2.642, 2.128, 2.112, 1.825, 1.593, 1.352, 0.180 (21.711)	Grad: 5.278, 5.956, 4.423, 2.666, 1.613, 1.436, 0.834, 1.016, 1.160, 0.285
[Epoch  29 (128.58s)]	ELBO: 1416.577, 1487.219, 1556.852, 1608.969, 1634.220, 1659.329, 1673.153, 1682.452, 1688.521, 1688.621 (1689.546)	Log prob: 1420.084, 1493.878, 1566.598, 1621.354, 1648.735, 1675.953, 1691.603, 1702.493, 1709.919, 1710.227 (1711.145)	KLD: 3.507, 3.152, 3.085, 2.640, 2.130, 2.110, 1.826, 1.591, 1.356, 0.207 (21.599)	Grad: 5.114, 5.205, 4.409, 2.607, 1.562, 1.284, 0.879, 1.055, 1.042, 0.303
[Epoch  30 (130.91s)]	ELBO: 1417.105, 1487.562, 1557.293, 1609.563, 1634.767, 1659.889, 1673.670, 1683.051, 1689.259, 1689.479 (1689.651)	Log prob: 1420.614, 1494.223, 1567.043, 1621.959, 1649.292, 1676.519, 1692.127, 1703.093, 1710.659, 1711.130 (1711.262)	KLD: 3.509, 3.152, 3.090, 2.645, 2.129, 2.107, 1.826, 1.584, 1.360, 0.248 (21.611)	Grad: 5.327, 5.607, 4.628, 2.613, 1.572, 1.464, 0.893, 0.990, 1.093, 0.332
[Epoch  31 (146.34s)]	ELBO: 1417.708, 1488.154, 1558.094, 1610.332, 1635.493, 1660.523, 1674.413, 1683.769, 1690.070, 1690.206 (1690.919)	Log prob: 1421.228, 1494.823, 1567.851, 1622.730, 1650.019, 1677.162, 1692.882, 1703.817, 1711.478, 1711.896 (1712.548)	KLD: 3.519, 3.150, 3.088, 2.641, 2.129, 2.114, 1.830, 1.578, 1.362, 0.283 (21.629)	Grad: 5.150, 5.609, 4.311, 2.669, 1.585, 1.504, 0.908, 1.079, 1.034, 0.366
[Epoch  32 (148.70s)]	ELBO: 1418.207, 1488.562, 1558.706, 1611.016, 1636.147, 1661.151, 1675.072, 1684.534, 1690.888, 1691.161 (1691.742)	Log prob: 1421.732, 1495.246, 1568.473, 1623.426, 1650.690, 1677.807, 1693.564, 1704.589, 1712.302, 1712.902 (1713.272)	KLD: 3.526, 3.158, 3.084, 2.644, 2.130, 2.115, 1.834, 1.563, 1.361, 0.326 (21.530)	Grad: 5.221, 5.343, 4.383, 2.564, 1.424, 1.459, 0.822, 1.053, 1.032, 0.379
[Epoch  33 (146.78s)]	ELBO: 1418.656, 1488.975, 1559.279, 1611.424, 1636.565, 1661.567, 1675.530, 1685.004, 1691.437, 1691.762 (1693.198)	Log prob: 1422.187, 1495.663, 1569.052, 1623.840, 1651.111, 1678.232, 1694.034, 1705.072, 1712.874, 1713.569 (1715.227)	KLD: 3.532, 3.156, 3.087, 2.641, 2.131, 2.119, 1.839, 1.564, 1.369, 0.370 (22.030)	Grad: 5.459, 5.407, 4.481, 2.691, 1.529, 1.436, 0.830, 1.106, 1.025, 0.416
[Epoch  34 (151.51s)]	ELBO: 1419.207, 1489.486, 1559.983, 1612.176, 1637.226, 1662.221, 1676.176, 1685.719, 1692.134, 1692.664 (1692.549)	Log prob: 1422.746, 1496.184, 1569.771, 1624.611, 1651.787, 1678.902, 1694.697, 1705.796, 1713.587, 1714.541 (1714.220)	KLD: 3.539, 3.157, 3.092, 2.647, 2.125, 2.121, 1.839, 1.557, 1.376, 0.423 (21.671)	Grad: 5.056, 5.365, 4.474, 2.726, 1.456, 1.443, 0.797, 1.047, 1.008, 0.429
[Epoch  35 (160.97s)]	ELBO: 1419.553, 1489.711, 1560.435, 1612.655, 1637.677, 1662.683, 1676.618, 1686.133, 1692.648, 1693.255 (1693.796)	Log prob: 1423.092, 1496.406, 1570.219, 1625.079, 1652.233, 1679.358, 1695.142, 1706.211, 1714.110, 1715.223 (1715.675)	KLD: 3.538, 3.157, 3.087, 2.642, 2.130, 2.120, 1.848, 1.554, 1.385, 0.505 (21.879)	Grad: 5.319, 5.380, 4.299, 2.436, 1.500, 1.377, 0.827, 1.046, 1.078, 0.457
[Epoch  36 (146.18s)]	ELBO: 1420.089, 1490.299, 1561.085, 1613.229, 1638.240, 1663.248, 1677.303, 1686.749, 1693.281, 1694.113 (1694.743)	Log prob: 1423.632, 1497.004, 1570.879, 1625.662, 1652.800, 1679.937, 1695.841, 1706.835, 1714.758, 1716.220 (1716.831)	KLD: 3.543, 3.162, 3.089, 2.640, 2.128, 2.129, 1.848, 1.548, 1.390, 0.631 (22.088)	Grad: 5.068, 5.262, 4.268, 2.453, 1.388, 1.441, 0.811, 1.045, 0.998, 0.487
[Epoch  37 (156.16s)]	ELBO: 1420.511, 1490.711, 1561.711, 1613.737, 1638.726, 1663.808, 1677.845, 1687.301, 1693.868, 1695.090 (1695.131)	Log prob: 1424.057, 1497.422, 1571.514, 1626.178, 1653.292, 1680.505, 1696.391, 1707.395, 1715.365, 1717.329 (1717.365)	KLD: 3.546, 3.165, 3.091, 2.640, 2.124, 2.132, 1.848, 1.548, 1.403, 0.744 (22.234)	Grad: 5.209, 5.205, 4.175, 2.344, 1.460, 1.359, 0.795, 1.063, 0.954, 0.544
[Epoch  38 (166.05s)]	ELBO: 1420.844, 1491.098, 1562.029, 1614.135, 1639.083, 1664.118, 1678.218, 1687.704, 1694.228, 1695.833 (1696.529)	Log prob: 1424.406, 1497.815, 1571.834, 1626.584, 1653.656, 1680.820, 1696.760, 1707.795, 1715.726, 1718.161 (1718.759)	KLD: 3.561, 3.157, 3.088, 2.641, 2.124, 2.131, 1.841, 1.546, 1.407, 0.830 (22.230)	Grad: 5.318, 5.255, 4.399, 2.289, 1.517, 1.345, 0.761, 1.061, 1.009, 0.567
[Epoch  39 (165.88s)]	ELBO: 1421.276, 1491.578, 1562.540, 1614.589, 1639.546, 1664.602, 1678.726, 1688.218, 1694.736, 1696.505 (1696.928)	Log prob: 1424.841, 1498.300, 1572.347, 1627.040, 1654.120, 1681.312, 1697.283, 1708.315, 1716.242, 1718.903 (1719.326)	KLD: 3.566, 3.157, 3.085, 2.642, 2.124, 2.135, 1.848, 1.540, 1.410, 0.889 (22.398)	Grad: 5.101, 5.257, 4.483, 2.431, 1.455, 1.291, 0.795, 1.084, 1.033, 0.652
[Epoch  40 (157.91s)]	ELBO: 1421.800, 1491.981, 1563.082, 1614.930, 1639.873, 1665.044, 1679.102, 1688.492, 1695.123, 1697.173 (1698.120)	Log prob: 1425.366, 1498.711, 1572.903, 1627.395, 1654.461, 1681.770, 1697.677, 1708.610, 1716.654, 1719.655 (1720.488)	KLD: 3.567, 3.161, 3.092, 2.644, 2.125, 2.138, 1.848, 1.542, 1.414, 0.950 (22.368)	Grad: 5.317, 5.402, 4.265, 2.392, 1.498, 1.405, 0.824, 1.154, 0.973, 0.624
[Epoch  41 (169.60s)]	ELBO: 1422.152, 1492.221, 1563.430, 1615.196, 1640.214, 1665.383, 1679.432, 1688.950, 1695.483, 1697.827 (1697.634)	Log prob: 1425.730, 1498.957, 1573.252, 1627.659, 1654.803, 1682.110, 1698.007, 1709.069, 1717.026, 1720.347 (1720.083)	KLD: 3.577, 3.158, 3.085, 2.641, 2.126, 2.139, 1.849, 1.542, 1.424, 0.978 (22.449)	Grad: 5.248, 5.152, 4.167, 2.694, 1.343, 1.424, 0.828, 1.035, 0.971, 0.646
[Epoch  42 (163.33s)]	ELBO: 1422.660, 1492.686, 1564.101, 1615.721, 1640.647, 1665.669, 1679.774, 1689.235, 1695.809, 1698.345 (1698.932)	Log prob: 1426.242, 1499.427, 1573.932, 1628.190, 1655.244, 1682.412, 1698.361, 1709.367, 1717.369, 1720.913 (1721.458)	KLD: 3.582, 3.157, 3.090, 2.639, 2.127, 2.147, 1.845, 1.544, 1.427, 1.011 (22.526)	Grad: 5.026, 5.137, 4.258, 2.472, 1.438, 1.612, 0.891, 1.034, 1.004, 0.644
[Epoch  43 (174.06s)]	ELBO: 1423.162, 1493.233, 1564.788, 1616.280, 1641.121, 1666.247, 1680.357, 1689.831, 1696.417, 1699.091 (1699.137)	Log prob: 1426.751, 1499.982, 1574.625, 1628.758, 1655.729, 1683.004, 1698.960, 1709.974, 1717.991, 1721.706 (1721.801)	KLD: 3.588, 3.161, 3.088, 2.642, 2.129, 2.149, 1.846, 1.540, 1.432, 1.042 (22.663)	Grad: 5.328, 5.338, 4.016, 2.314, 1.427, 1.526, 0.776, 1.072, 0.915, 0.627
[Epoch  44 (174.59s)]	ELBO: 1423.563, 1493.768, 1565.147, 1616.604, 1641.392, 1666.571, 1680.720, 1690.132, 1696.823, 1699.518 (1700.450)	Log prob: 1427.162, 1500.521, 1574.995, 1629.091, 1656.008, 1683.335, 1699.326, 1710.280, 1718.406, 1722.161 (1723.050)	KLD: 3.598, 3.155, 3.096, 2.639, 2.129, 2.148, 1.842, 1.541, 1.435, 1.060 (22.600)	Grad: 4.937, 5.070, 4.221, 2.304, 1.374, 1.471, 0.803, 1.040, 1.002, 0.668
[Epoch  45 (146.64s)]	ELBO: 1423.902, 1494.249, 1565.494, 1616.927, 1641.741, 1666.890, 1681.106, 1690.543, 1697.135, 1699.975 (1700.936)	Log prob: 1427.502, 1501.011, 1575.352, 1629.421, 1656.365, 1683.665, 1699.723, 1710.706, 1718.744, 1722.677 (1723.588)	KLD: 3.600, 3.161, 3.096, 2.638, 2.130, 2.151, 1.843, 1.545, 1.446, 1.093 (22.652)	Grad: 5.288, 5.394, 4.121, 2.551, 1.349, 1.445, 0.805, 0.973, 0.920, 0.701
[Epoch  46 (146.97s)]	ELBO: 1424.362, 1494.852, 1566.076, 1617.518, 1642.334, 1667.549, 1681.742, 1691.147, 1697.755, 1700.757 (1701.194)	Log prob: 1427.965, 1501.607, 1575.932, 1630.012, 1656.958, 1684.324, 1700.356, 1711.307, 1719.356, 1723.466 (1723.773)	KLD: 3.602, 3.154, 3.100, 2.639, 2.130, 2.151, 1.839, 1.544, 1.443, 1.107 (22.579)	Grad: 5.132, 5.141, 4.133, 2.146, 1.382, 1.510, 0.807, 1.007, 0.933, 0.718
[Epoch  47 (147.59s)]	ELBO: 1424.596, 1495.274, 1566.473, 1617.987, 1642.671, 1667.915, 1682.065, 1691.508, 1698.132, 1701.211 (1701.403)	Log prob: 1428.211, 1502.045, 1576.347, 1630.494, 1657.306, 1684.700, 1700.686, 1711.675, 1719.751, 1723.956 (1724.228)	KLD: 3.616, 3.155, 3.104, 2.633, 2.128, 2.150, 1.836, 1.546, 1.452, 1.126 (22.826)	Grad: 5.187, 5.251, 4.136, 2.335, 1.366, 1.396, 0.781, 0.996, 0.860, 0.692
[Epoch  48 (153.97s)]	ELBO: 1424.859, 1495.733, 1566.827, 1618.181, 1643.001, 1668.197, 1682.412, 1691.810, 1698.454, 1701.624 (1701.436)	Log prob: 1428.477, 1502.511, 1576.705, 1630.697, 1657.646, 1684.997, 1701.048, 1711.991, 1720.092, 1724.408 (1724.334)	KLD: 3.619, 3.160, 3.101, 2.637, 2.129, 2.156, 1.836, 1.546, 1.455, 1.146 (22.898)	Grad: 5.188, 5.214, 4.220, 2.353, 1.404, 1.459, 0.847, 1.023, 0.913, 0.735
[Epoch  49 (151.57s)]	ELBO: 1425.216, 1496.219, 1567.259, 1618.602, 1643.301, 1668.600, 1682.853, 1692.241, 1698.907, 1702.184 (1702.036)	Log prob: 1428.838, 1503.002, 1577.146, 1631.116, 1657.946, 1685.403, 1701.493, 1712.426, 1720.550, 1724.973 (1724.803)	KLD: 3.621, 3.163, 3.103, 2.628, 2.131, 2.158, 1.836, 1.546, 1.457, 1.147 (22.767)	Grad: 5.169, 5.310, 4.437, 2.304, 1.369, 1.475, 0.799, 1.006, 0.908, 0.709
[Epoch  50 (160.73s)]	ELBO: 1425.753, 1496.743, 1567.723, 1619.001, 1643.767, 1669.096, 1683.279, 1692.663, 1699.301, 1702.702 (1702.887)	Log prob: 1429.378, 1503.531, 1577.612, 1631.525, 1658.422, 1685.905, 1701.918, 1712.849, 1720.952, 1725.506 (1725.717)	KLD: 3.625, 3.161, 3.103, 2.634, 2.132, 2.155, 1.828, 1.550, 1.463, 1.153 (22.830)	Grad: 5.101, 5.228, 4.184, 2.376, 1.319, 1.424, 0.793, 1.007, 0.939, 0.677
[Epoch  51 (154.80s)]	ELBO: 1425.901, 1497.085, 1568.205, 1619.499, 1644.090, 1669.468, 1683.593, 1693.027, 1699.712, 1703.130 (1701.309)	Log prob: 1429.534, 1503.882, 1578.106, 1632.034, 1658.756, 1686.296, 1702.247, 1713.235, 1721.385, 1725.979 (1724.168)	KLD: 3.632, 3.164, 3.104, 2.634, 2.132, 2.162, 1.826, 1.553, 1.467, 1.175 (22.859)	Grad: 4.951, 5.039, 4.187, 2.441, 1.406, 1.463, 0.800, 1.013, 0.920, 0.670
[Epoch  52 (172.69s)]	ELBO: 1426.267, 1497.400, 1568.401, 1619.546, 1644.215, 1669.560, 1683.759, 1693.281, 1699.822, 1703.391 (1703.223)	Log prob: 1429.895, 1504.194, 1578.303, 1632.078, 1658.877, 1686.389, 1702.419, 1713.496, 1721.504, 1726.263 (1726.125)	KLD: 3.627, 3.167, 3.108, 2.631, 2.129, 2.168, 1.833, 1.552, 1.467, 1.191 (22.902)	Grad: 5.151, 5.105, 4.579, 2.392, 1.400, 1.434, 0.815, 1.000, 0.939, 0.713
[Epoch  53 (170.00s)]	ELBO: 1426.397, 1497.615, 1568.806, 1619.859, 1644.621, 1669.998, 1684.106, 1693.633, 1700.300, 1703.989 (1704.222)	Log prob: 1430.038, 1504.420, 1578.718, 1632.395, 1659.289, 1686.834, 1702.769, 1713.853, 1721.994, 1726.890 (1726.923)	KLD: 3.640, 3.164, 3.108, 2.623, 2.132, 2.167, 1.826, 1.557, 1.476, 1.206 (22.701)	Grad: 5.073, 5.149, 3.992, 2.264, 1.357, 1.419, 0.767, 0.934, 0.835, 0.662
[Epoch  54 (153.68s)]	ELBO: 1426.864, 1498.177, 1569.252, 1620.256, 1644.959, 1670.323, 1684.420, 1693.901, 1700.573, 1704.278 (1703.383)	Log prob: 1430.509, 1504.984, 1579.168, 1632.797, 1659.627, 1687.155, 1703.078, 1714.114, 1722.267, 1727.172 (1726.312)	KLD: 3.645, 3.161, 3.110, 2.623, 2.128, 2.165, 1.825, 1.556, 1.480, 1.201 (22.929)	Grad: 5.261, 5.130, 4.530, 2.386, 1.340, 1.449, 0.852, 0.966, 0.888, 0.681
[Epoch  55 (158.91s)]	ELBO: 1427.019, 1498.379, 1569.652, 1620.587, 1645.276, 1670.575, 1684.743, 1694.176, 1700.863, 1704.574 (1704.894)	Log prob: 1430.664, 1505.187, 1579.573, 1633.127, 1659.944, 1687.407, 1703.401, 1714.401, 1722.567, 1727.498 (1727.825)	KLD: 3.645, 3.162, 3.115, 2.619, 2.127, 2.165, 1.827, 1.563, 1.482, 1.220 (22.931)	Grad: 5.321, 5.269, 4.253, 2.133, 1.312, 1.438, 0.854, 1.010, 0.885, 0.692
[Epoch  56 (171.66s)]	ELBO: 1427.451, 1498.890, 1569.982, 1620.898, 1645.628, 1670.914, 1685.120, 1694.546, 1701.272, 1705.121 (1705.502)	Log prob: 1431.103, 1505.701, 1579.912, 1633.451, 1660.307, 1687.761, 1703.799, 1714.790, 1723.001, 1728.072 (1728.401)	KLD: 3.651, 3.162, 3.118, 2.622, 2.127, 2.167, 1.830, 1.565, 1.485, 1.221 (22.899)	Grad: 5.160, 4.981, 4.299, 2.136, 1.288, 1.355, 0.757, 0.908, 0.827, 0.667
[Epoch  57 (163.64s)]	ELBO: 1427.847, 1499.172, 1570.379, 1621.094, 1645.813, 1671.139, 1685.189, 1694.687, 1701.435, 1705.316 (1705.994)	Log prob: 1431.505, 1505.993, 1580.316, 1633.650, 1660.498, 1687.991, 1703.863, 1714.923, 1723.159, 1728.279 (1728.976)	KLD: 3.659, 3.161, 3.118, 2.619, 2.128, 2.168, 1.822, 1.562, 1.488, 1.239 (22.982)	Grad: 4.937, 5.240, 4.296, 2.162, 1.287, 1.571, 0.829, 0.961, 0.813, 0.655
[Epoch  58 (153.63s)]	ELBO: 1427.880, 1499.308, 1570.664, 1621.369, 1646.002, 1671.312, 1685.485, 1694.932, 1701.650, 1705.529 (1706.199)	Log prob: 1431.537, 1506.130, 1580.609, 1633.932, 1660.691, 1688.165, 1704.161, 1715.168, 1723.379, 1728.492 (1728.926)	KLD: 3.657, 3.166, 3.122, 2.619, 2.125, 2.163, 1.824, 1.561, 1.491, 1.237 (22.727)	Grad: 5.495, 5.017, 4.313, 2.128, 1.318, 1.392, 0.775, 0.894, 0.832, 0.621
[Epoch  59 (154.12s)]	ELBO: 1428.117, 1499.601, 1570.961, 1621.628, 1646.291, 1671.485, 1685.652, 1695.088, 1701.854, 1705.868 (1706.311)	Log prob: 1431.778, 1506.428, 1580.908, 1634.192, 1660.987, 1688.347, 1704.341, 1715.342, 1723.604, 1728.853 (1729.252)	KLD: 3.661, 3.165, 3.122, 2.617, 2.131, 2.168, 1.825, 1.564, 1.498, 1.235 (22.941)	Grad: 5.319, 5.233, 4.245, 2.155, 1.285, 1.545, 0.777, 0.911, 0.875, 0.643
[Epoch  60 (148.11s)]	ELBO: 1428.555, 1500.061, 1571.471, 1621.980, 1646.672, 1671.818, 1685.937, 1695.377, 1702.221, 1706.111 (1706.900)	Log prob: 1432.220, 1506.894, 1581.431, 1634.552, 1661.368, 1688.688, 1704.630, 1715.637, 1723.976, 1729.107 (1729.756)	KLD: 3.663, 3.169, 3.128, 2.613, 2.124, 2.172, 1.822, 1.566, 1.499, 1.240 (22.856)	Grad: 5.011, 4.890, 4.057, 2.109, 1.251, 1.418, 0.813, 0.976, 0.866, 0.620
[Epoch  61 (152.21s)]	ELBO: 1428.907, 1500.450, 1571.725, 1622.093, 1646.837, 1672.032, 1686.153, 1695.658, 1702.501, 1706.402 (1706.525)	Log prob: 1432.577, 1507.286, 1581.689, 1634.675, 1661.537, 1688.898, 1704.845, 1715.916, 1724.258, 1729.397 (1729.458)	KLD: 3.670, 3.168, 3.127, 2.618, 2.119, 2.166, 1.825, 1.566, 1.499, 1.239 (22.933)	Grad: 5.220, 5.174, 4.274, 2.270, 1.291, 1.452, 0.779, 0.954, 0.892, 0.652
[Epoch  62 (150.89s)]	ELBO: 1429.125, 1500.733, 1571.973, 1622.348, 1646.999, 1672.167, 1686.285, 1695.823, 1702.618, 1706.608 (1706.972)	Log prob: 1432.794, 1507.567, 1581.936, 1634.922, 1661.700, 1689.039, 1704.982, 1716.088, 1724.385, 1729.624 (1730.031)	KLD: 3.669, 3.167, 3.127, 2.611, 2.126, 2.172, 1.823, 1.568, 1.502, 1.249 (23.059)	Grad: 5.033, 5.267, 4.177, 2.045, 1.304, 1.347, 0.783, 0.972, 0.841, 0.598
[Epoch  63 (142.37s)]	ELBO: 1429.416, 1501.102, 1572.405, 1622.561, 1647.225, 1672.317, 1686.408, 1695.946, 1702.724, 1706.733 (1707.772)	Log prob: 1433.098, 1507.955, 1582.390, 1635.161, 1661.943, 1689.206, 1705.118, 1716.227, 1724.515, 1729.773 (1730.847)	KLD: 3.682, 3.170, 3.132, 2.615, 2.120, 2.170, 1.822, 1.569, 1.512, 1.249 (23.075)	Grad: 5.064, 5.131, 4.223, 2.408, 1.339, 1.371, 0.776, 0.919, 0.827, 0.660
[Epoch  64 (141.26s)]	ELBO: 1429.622, 1501.474, 1572.775, 1622.952, 1647.612, 1672.615, 1686.789, 1696.307, 1703.167, 1707.152 (1707.711)	Log prob: 1433.304, 1508.327, 1582.759, 1635.550, 1662.329, 1689.506, 1705.502, 1716.589, 1724.958, 1730.206 (1730.763)	KLD: 3.683, 3.168, 3.132, 2.615, 2.119, 2.173, 1.823, 1.568, 1.511, 1.261 (23.052)	Grad: 5.132, 5.049, 4.099, 2.056, 1.315, 1.494, 0.782, 0.988, 0.813, 0.595
[Epoch  65 (151.64s)]	ELBO: 1429.925, 1501.621, 1572.970, 1623.048, 1647.789, 1672.844, 1686.990, 1696.458, 1703.271, 1707.368 (1707.498)	Log prob: 1433.614, 1508.479, 1582.960, 1635.653, 1662.516, 1689.743, 1705.710, 1716.752, 1725.082, 1730.439 (1730.652)	KLD: 3.689, 3.169, 3.133, 2.614, 2.122, 2.172, 1.823, 1.573, 1.517, 1.259 (23.154)	Grad: 5.298, 5.065, 4.238, 2.201, 1.282, 1.386, 0.759, 1.006, 0.889, 0.626
[Epoch  66 (150.64s)]	ELBO: 1430.234, 1502.005, 1573.354, 1623.330, 1647.935, 1672.918, 1686.994, 1696.547, 1703.398, 1707.487 (1708.214)	Log prob: 1433.922, 1508.864, 1583.348, 1635.935, 1662.654, 1689.809, 1705.706, 1716.832, 1725.199, 1730.548 (1731.140)	KLD: 3.688, 3.171, 3.135, 2.611, 2.115, 2.173, 1.820, 1.574, 1.515, 1.261 (22.927)	Grad: 5.092, 5.139, 4.220, 2.198, 1.333, 1.550, 0.769, 1.019, 0.873, 0.630
[Epoch  67 (147.76s)]	ELBO: 1430.413, 1502.215, 1573.414, 1623.452, 1648.092, 1673.093, 1687.213, 1696.736, 1703.636, 1707.747 (1707.872)	Log prob: 1434.105, 1509.078, 1583.415, 1636.063, 1662.816, 1689.985, 1705.920, 1717.020, 1725.437, 1730.805 (1730.990)	KLD: 3.691, 3.173, 3.136, 2.611, 2.114, 2.166, 1.814, 1.578, 1.518, 1.257 (23.118)	Grad: 5.270, 5.129, 4.345, 2.244, 1.232, 1.506, 0.788, 0.949, 0.802, 0.602
[Epoch  68 (145.04s)]	ELBO: 1430.657, 1502.522, 1573.920, 1623.754, 1648.448, 1673.322, 1687.522, 1696.968, 1703.941, 1707.987 (1707.751)	Log prob: 1434.348, 1509.385, 1583.924, 1636.369, 1663.173, 1690.214, 1706.229, 1717.249, 1725.741, 1731.055 (1730.878)	KLD: 3.691, 3.172, 3.142, 2.609, 2.112, 2.168, 1.815, 1.574, 1.519, 1.267 (23.127)	Grad: 5.091, 4.964, 4.060, 2.151, 1.254, 1.331, 0.757, 0.924, 0.803, 0.593
[Epoch  69 (145.52s)]	ELBO: 1430.854, 1502.622, 1573.991, 1623.831, 1648.421, 1673.360, 1687.522, 1697.040, 1703.995, 1708.073 (1708.403)	Log prob: 1434.556, 1509.500, 1584.011, 1636.451, 1663.149, 1690.256, 1706.239, 1717.337, 1725.818, 1731.152 (1731.337)	KLD: 3.703, 3.175, 3.141, 2.601, 2.107, 2.169, 1.819, 1.581, 1.525, 1.256 (22.934)	Grad: 5.374, 4.982, 4.104, 2.318, 1.325, 1.401, 0.742, 0.933, 0.786, 0.623
[Epoch  70 (144.41s)]	ELBO: 1431.263, 1502.986, 1574.277, 1624.109, 1648.735, 1673.601, 1687.753, 1697.256, 1704.171, 1708.382 (1709.066)	Log prob: 1434.966, 1509.867, 1584.297, 1636.740, 1663.476, 1690.509, 1706.480, 1717.566, 1726.008, 1731.472 (1732.202)	KLD: 3.703, 3.178, 3.141, 2.608, 2.111, 2.168, 1.820, 1.581, 1.528, 1.252 (23.136)	Grad: 5.016, 4.920, 4.432, 2.188, 1.284, 1.359, 0.786, 0.957, 0.780, 0.580
[Epoch  71 (138.35s)]	ELBO: 1431.537, 1503.401, 1574.677, 1624.420, 1649.076, 1673.948, 1688.126, 1697.586, 1704.543, 1708.703 (1708.864)	Log prob: 1435.244, 1510.283, 1584.702, 1637.057, 1663.817, 1690.854, 1706.849, 1717.893, 1726.378, 1731.793 (1731.788)	KLD: 3.708, 3.175, 3.143, 2.612, 2.103, 2.166, 1.818, 1.581, 1.528, 1.257 (22.924)	Grad: 4.995, 5.054, 4.175, 2.009, 1.300, 1.243, 0.790, 0.910, 0.787, 0.569
[Epoch  72 (144.61s)]	ELBO: 1431.632, 1503.394, 1574.771, 1624.379, 1649.094, 1673.903, 1688.057, 1697.571, 1704.524, 1708.712 (1709.865)	Log prob: 1435.344, 1510.281, 1584.802, 1637.021, 1663.839, 1690.816, 1706.782, 1717.880, 1726.364, 1731.822 (1732.854)	KLD: 3.710, 3.177, 3.145, 2.609, 2.104, 2.168, 1.814, 1.582, 1.533, 1.268 (22.989)	Grad: 5.397, 5.185, 4.298, 2.233, 1.279, 1.337, 0.822, 0.988, 0.812, 0.658
[Epoch  73 (147.90s)]	ELBO: 1432.116, 1503.873, 1575.110, 1624.744, 1649.420, 1674.204, 1688.296, 1697.720, 1704.764, 1708.966 (1709.577)	Log prob: 1435.831, 1510.765, 1585.149, 1637.389, 1664.170, 1691.119, 1707.025, 1718.034, 1726.618, 1732.080 (1732.833)	KLD: 3.715, 3.177, 3.145, 2.608, 2.104, 2.165, 1.814, 1.585, 1.540, 1.260 (23.256)	Grad: 5.345, 4.974, 4.043, 2.210, 1.247, 1.360, 0.745, 0.981, 0.840, 0.588
[Epoch  74 (137.58s)]	ELBO: 1432.208, 1504.069, 1575.309, 1624.950, 1649.587, 1674.252, 1688.354, 1697.909, 1704.862, 1709.121 (1709.631)	Log prob: 1435.929, 1510.966, 1585.353, 1637.603, 1664.340, 1691.172, 1707.086, 1718.229, 1726.727, 1732.242 (1732.937)	KLD: 3.720, 3.176, 3.149, 2.606, 2.101, 2.167, 1.812, 1.589, 1.543, 1.259 (23.306)	Grad: 5.545, 5.034, 4.269, 2.046, 1.278, 1.466, 0.792, 0.921, 0.826, 0.610
[Epoch  75 (136.39s)]	ELBO: 1432.562, 1504.217, 1575.511, 1625.002, 1649.653, 1674.335, 1688.484, 1697.990, 1705.028, 1709.160 (1709.269)	Log prob: 1436.278, 1511.115, 1585.555, 1637.647, 1664.399, 1691.249, 1707.214, 1718.303, 1726.885, 1732.287 (1732.557)	KLD: 3.717, 3.182, 3.145, 2.603, 2.100, 2.167, 1.816, 1.584, 1.544, 1.270 (23.288)	Grad: 5.353, 5.203, 4.134, 2.250, 1.308, 1.349, 0.786, 0.975, 0.827, 0.654
[Epoch  76 (144.26s)]	ELBO: 1432.881, 1504.673, 1575.928, 1625.373, 1649.993, 1674.614, 1688.828, 1698.209, 1705.303, 1709.491 (1710.266)	Log prob: 1436.607, 1511.578, 1585.981, 1638.031, 1664.755, 1691.537, 1707.566, 1718.531, 1727.170, 1732.618 (1733.375)	KLD: 3.727, 3.178, 3.147, 2.608, 2.101, 2.162, 1.813, 1.587, 1.545, 1.260 (23.109)	Grad: 5.161, 4.888, 4.191, 2.120, 1.263, 1.398, 0.784, 0.928, 0.823, 0.595
[Epoch  77 (161.27s)]	ELBO: 1433.205, 1504.912, 1576.061, 1625.398, 1650.052, 1674.697, 1688.856, 1698.267, 1705.382, 1709.518 (1710.342)	Log prob: 1436.932, 1511.817, 1586.115, 1638.058, 1664.807, 1691.619, 1707.589, 1718.587, 1727.249, 1732.650 (1733.536)	KLD: 3.727, 3.177, 3.149, 2.606, 2.095, 2.168, 1.810, 1.587, 1.547, 1.264 (23.194)	Grad: 5.867, 5.292, 4.191, 2.044, 1.237, 1.447, 0.761, 0.964, 0.865, 0.645
[Epoch  78 (144.70s)]	ELBO: 1433.305, 1505.155, 1576.299, 1625.573, 1650.247, 1674.882, 1689.010, 1698.422, 1705.515, 1709.705 (1709.428)	Log prob: 1437.043, 1512.071, 1586.367, 1638.236, 1665.010, 1691.814, 1707.752, 1718.753, 1727.395, 1732.846 (1732.649)	KLD: 3.738, 3.178, 3.150, 2.596, 2.099, 2.169, 1.812, 1.589, 1.548, 1.261 (23.221)	Grad: 5.357, 4.999, 4.202, 2.234, 1.255, 1.432, 0.773, 0.975, 0.851, 0.620
[Epoch  79 (147.43s)]	ELBO: 1433.754, 1505.616, 1576.656, 1625.882, 1650.480, 1675.125, 1689.156, 1698.609, 1705.702, 1709.889 (1710.126)	Log prob: 1437.491, 1512.528, 1586.718, 1638.542, 1665.240, 1692.053, 1707.891, 1718.931, 1727.574, 1733.023 (1733.482)	KLD: 3.737, 3.176, 3.149, 2.599, 2.100, 2.168, 1.807, 1.587, 1.549, 1.263 (23.356)	Grad: 5.398, 5.113, 3.970, 2.038, 1.235, 1.456, 0.788, 0.987, 0.800, 0.639
[Epoch  80 (150.40s)]	ELBO: 1433.906, 1505.725, 1576.854, 1625.873, 1650.651, 1675.118, 1689.253, 1698.671, 1705.789, 1710.001 (1709.682)	Log prob: 1437.639, 1512.637, 1586.920, 1638.539, 1665.413, 1692.047, 1707.993, 1719.000, 1727.669, 1733.139 (1732.739)	KLD: 3.734, 3.178, 3.154, 2.600, 2.094, 2.170, 1.811, 1.588, 1.552, 1.257 (23.058)	Grad: 5.413, 5.004, 4.063, 2.078, 1.209, 1.361, 0.813, 0.991, 0.812, 0.644
[Epoch  81 (156.34s)]	ELBO: 1434.039, 1505.888, 1576.941, 1625.951, 1650.606, 1675.082, 1689.205, 1698.634, 1705.802, 1709.990 (1710.742)	Log prob: 1437.781, 1512.811, 1587.017, 1638.626, 1665.378, 1692.023, 1707.962, 1718.986, 1727.709, 1733.155 (1733.947)	KLD: 3.741, 3.182, 3.153, 2.600, 2.095, 2.168, 1.817, 1.594, 1.555, 1.260 (23.205)	Grad: 5.512, 5.189, 4.426, 2.162, 1.269, 1.411, 0.810, 0.938, 0.861, 0.642
[Epoch  82 (164.15s)]	ELBO: 1434.352, 1506.231, 1577.290, 1626.286, 1650.963, 1675.423, 1689.502, 1698.878, 1706.003, 1710.216 (1710.683)	Log prob: 1438.097, 1513.158, 1587.370, 1638.966, 1665.737, 1692.357, 1708.251, 1719.219, 1727.897, 1733.373 (1733.817)	KLD: 3.745, 3.182, 3.153, 2.598, 2.097, 2.159, 1.814, 1.592, 1.555, 1.263 (23.134)	Grad: 5.399, 5.084, 4.277, 2.085, 1.241, 1.446, 0.794, 0.966, 0.834, 0.644
[Epoch  83 (154.70s)]	ELBO: 1434.699, 1506.523, 1577.576, 1626.405, 1651.117, 1675.483, 1689.688, 1699.035, 1706.180, 1710.448 (1710.905)	Log prob: 1438.446, 1513.452, 1587.666, 1639.091, 1665.896, 1692.429, 1708.444, 1719.391, 1728.097, 1733.627 (1734.043)	KLD: 3.746, 3.185, 3.159, 2.596, 2.093, 2.167, 1.811, 1.598, 1.563, 1.261 (23.138)	Grad: 5.598, 5.148, 3.955, 2.158, 1.207, 1.431, 0.759, 0.942, 0.838, 0.647
[Epoch  84 (135.36s)]	ELBO: 1434.945, 1506.557, 1577.623, 1626.474, 1651.165, 1675.509, 1689.630, 1698.955, 1706.156, 1710.332 (1709.247)	Log prob: 1438.697, 1513.492, 1587.709, 1639.161, 1665.943, 1692.459, 1708.392, 1719.308, 1728.066, 1733.504 (1732.337)	KLD: 3.753, 3.182, 3.152, 2.599, 2.094, 2.171, 1.810, 1.592, 1.558, 1.263 (23.090)	Grad: 5.520, 5.382, 4.238, 2.172, 1.260, 1.466, 0.783, 0.964, 0.815, 0.633
[Epoch  85 (134.54s)]	ELBO: 1435.169, 1507.014, 1578.012, 1626.813, 1651.510, 1675.857, 1689.957, 1699.288, 1706.570, 1710.690 (1710.633)	Log prob: 1438.925, 1513.956, 1588.109, 1639.505, 1666.294, 1692.802, 1708.708, 1719.634, 1728.476, 1733.872 (1733.970)	KLD: 3.757, 3.184, 3.157, 2.593, 2.091, 2.164, 1.806, 1.593, 1.562, 1.275 (23.337)	Grad: 5.550, 5.191, 4.151, 1.960, 1.186, 1.328, 0.735, 0.955, 0.810, 0.580
[Epoch  86 (138.42s)]	ELBO: 1435.385, 1507.108, 1578.162, 1626.828, 1651.616, 1675.854, 1689.977, 1699.280, 1706.547, 1710.645 (1711.002)	Log prob: 1439.144, 1514.052, 1588.266, 1639.526, 1666.399, 1692.806, 1708.736, 1719.631, 1728.459, 1733.825 (1734.114)	KLD: 3.760, 3.184, 3.159, 2.595, 2.086, 2.168, 1.808, 1.591, 1.561, 1.268 (23.112)	Grad: 5.475, 5.210, 3.976, 1.952, 1.239, 1.374, 0.769, 0.946, 0.788, 0.659
[Epoch  87 (126.57s)]	ELBO: 1435.574, 1507.225, 1578.204, 1626.838, 1651.625, 1675.835, 1690.055, 1699.302, 1706.573, 1710.736 (1711.403)	Log prob: 1439.339, 1514.171, 1588.306, 1639.538, 1666.413, 1692.789, 1708.811, 1719.650, 1728.486, 1733.915 (1734.450)	KLD: 3.764, 3.181, 3.158, 2.596, 2.089, 2.166, 1.804, 1.591, 1.565, 1.269 (23.047)	Grad: 5.688, 5.168, 4.003, 2.094, 1.234, 1.348, 0.762, 1.019, 0.816, 0.620
[Epoch  88 (123.23s)]	ELBO: 1436.120, 1507.732, 1578.715, 1627.165, 1651.867, 1676.087, 1690.226, 1699.434, 1706.692, 1710.876 (1710.834)	Log prob: 1439.894, 1514.693, 1588.834, 1639.879, 1666.669, 1693.055, 1708.997, 1719.797, 1728.617, 1734.064 (1734.073)	KLD: 3.774, 3.188, 3.157, 2.596, 2.087, 2.166, 1.802, 1.594, 1.563, 1.262 (23.239)	Grad: 5.398, 5.010, 4.011, 2.112, 1.269, 1.451, 0.786, 0.984, 0.818, 0.635
[Epoch  89 (131.27s)]	ELBO: 1436.281, 1507.986, 1578.883, 1627.305, 1652.091, 1676.301, 1690.345, 1699.684, 1706.926, 1711.050 (1711.655)	Log prob: 1440.058, 1514.952, 1589.007, 1640.021, 1666.894, 1693.267, 1709.119, 1720.055, 1728.867, 1734.258 (1734.860)	KLD: 3.777, 3.189, 3.158, 2.594, 2.086, 2.164, 1.807, 1.599, 1.568, 1.267 (23.205)	Grad: 5.726, 5.017, 4.111, 2.240, 1.211, 1.384, 0.790, 0.914, 0.842, 0.625
[Epoch  90 (133.86s)]	ELBO: 1436.578, 1508.163, 1579.140, 1627.488, 1652.286, 1676.394, 1690.474, 1699.763, 1707.031, 1711.223 (1711.056)	Log prob: 1440.362, 1515.137, 1589.273, 1640.215, 1667.097, 1693.373, 1709.258, 1720.147, 1728.990, 1734.443 (1734.356)	KLD: 3.784, 3.190, 3.159, 2.594, 2.084, 2.168, 1.805, 1.600, 1.573, 1.264 (23.301)	Grad: 5.411, 4.982, 3.997, 2.046, 1.231, 1.474, 0.759, 0.974, 0.863, 0.635
[Epoch  91 (121.95s)]	ELBO: 1436.724, 1508.352, 1579.321, 1627.533, 1652.292, 1676.330, 1690.432, 1699.706, 1707.033, 1711.198 (1711.110)	Log prob: 1440.508, 1515.320, 1589.445, 1640.250, 1667.100, 1693.296, 1709.199, 1720.075, 1728.976, 1734.399 (1734.230)	KLD: 3.784, 3.184, 3.156, 2.592, 2.091, 2.159, 1.800, 1.602, 1.573, 1.258 (23.120)	Grad: 5.421, 5.301, 4.066, 2.129, 1.271, 1.471, 0.786, 1.006, 0.838, 0.655
[Epoch  92 (124.38s)]	ELBO: 1437.116, 1508.762, 1579.679, 1627.819, 1652.611, 1676.710, 1690.723, 1699.955, 1707.343, 1711.455 (1711.303)	Log prob: 1440.902, 1515.739, 1589.816, 1640.545, 1667.417, 1693.686, 1709.504, 1720.333, 1729.294, 1734.662 (1734.522)	KLD: 3.786, 3.191, 3.160, 2.590, 2.081, 2.168, 1.806, 1.597, 1.571, 1.259 (23.219)	Grad: 5.532, 5.154, 3.854, 2.150, 1.212, 1.307, 0.833, 0.932, 0.848, 0.661
[Epoch  93 (125.84s)]	ELBO: 1437.096, 1508.719, 1579.676, 1627.927, 1652.668, 1676.688, 1690.731, 1699.962, 1707.326, 1711.478 (1711.119)	Log prob: 1440.884, 1515.698, 1589.816, 1640.651, 1667.478, 1693.663, 1709.511, 1720.339, 1729.275, 1734.693 (1734.454)	KLD: 3.787, 3.191, 3.162, 2.584, 2.086, 2.165, 1.805, 1.597, 1.572, 1.264 (23.335)	Grad: 5.494, 5.096, 4.119, 2.132, 1.212, 1.367, 0.787, 0.957, 0.779, 0.639
[Epoch  94 (127.50s)]	ELBO: 1437.504, 1509.051, 1579.843, 1628.040, 1652.835, 1676.767, 1690.842, 1700.065, 1707.408, 1711.560 (1711.124)	Log prob: 1441.293, 1516.032, 1589.991, 1640.777, 1667.658, 1693.749, 1709.632, 1720.454, 1729.370, 1734.789 (1734.354)	KLD: 3.789, 3.193, 3.166, 2.589, 2.087, 2.157, 1.807, 1.601, 1.573, 1.267 (23.230)	Grad: 6.153, 5.234, 4.042, 2.179, 1.201, 1.399, 0.787, 0.956, 0.790, 0.641
[Epoch  95 (115.13s)]	ELBO: 1437.726, 1509.286, 1580.199, 1628.190, 1653.061, 1676.882, 1690.936, 1700.132, 1707.560, 1711.675 (1711.203)	Log prob: 1441.523, 1516.281, 1590.356, 1640.936, 1667.893, 1693.882, 1709.737, 1720.530, 1729.529, 1734.904 (1734.473)	KLD: 3.798, 3.197, 3.162, 2.588, 2.086, 2.168, 1.801, 1.597, 1.574, 1.259 (23.270)	Grad: 5.705, 4.992, 3.941, 1.937, 1.222, 1.382, 0.783, 0.931, 0.879, 0.635
[Epoch  96 (121.94s)]	ELBO: 1438.070, 1509.623, 1580.462, 1628.425, 1653.280, 1677.029, 1691.076, 1700.287, 1707.622, 1711.798 (1711.565)	Log prob: 1441.865, 1516.611, 1590.617, 1641.168, 1668.106, 1694.013, 1709.862, 1720.678, 1729.587, 1735.035 (1734.653)	KLD: 3.795, 3.193, 3.167, 2.588, 2.084, 2.159, 1.801, 1.604, 1.576, 1.270 (23.088)	Grad: 5.888, 5.182, 4.102, 2.101, 1.183, 1.349, 0.768, 1.025, 0.873, 0.670
[Epoch  97 (116.06s)]	ELBO: 1438.214, 1509.832, 1580.594, 1628.510, 1653.293, 1677.128, 1691.138, 1700.355, 1707.718, 1711.918 (1711.634)	Log prob: 1442.012, 1516.826, 1590.755, 1641.251, 1668.117, 1694.119, 1709.932, 1720.747, 1729.682, 1735.140 (1734.658)	KLD: 3.799, 3.194, 3.167, 2.580, 2.085, 2.165, 1.804, 1.597, 1.573, 1.258 (23.025)	Grad: 5.652, 5.105, 4.056, 2.078, 1.233, 1.370, 0.811, 0.897, 0.793, 0.624
[Epoch  98 (85.31s)]	ELBO: 1438.525, 1510.160, 1580.931, 1628.711, 1653.563, 1677.250, 1691.350, 1700.505, 1707.888, 1712.071 (1711.551)	Log prob: 1442.330, 1517.163, 1591.095, 1641.457, 1668.391, 1694.238, 1710.135, 1720.886, 1729.841, 1735.285 (1734.845)	KLD: 3.805, 3.198, 3.163, 2.580, 2.083, 2.160, 1.797, 1.595, 1.573, 1.261 (23.295)	Grad: 5.798, 5.195, 4.004, 2.047, 1.207, 1.337, 0.761, 0.955, 0.853, 0.678
[Epoch  99 (69.48s)]	ELBO: 1438.668, 1510.271, 1581.014, 1628.730, 1653.516, 1677.336, 1691.336, 1700.582, 1707.909, 1712.092 (1712.039)	Log prob: 1442.482, 1517.278, 1591.182, 1641.479, 1668.339, 1694.323, 1710.121, 1720.965, 1729.866, 1735.314 (1735.216)	KLD: 3.813, 3.195, 3.159, 2.580, 2.076, 2.165, 1.798, 1.598, 1.573, 1.265 (23.177)	Grad: 5.992, 5.222, 3.939, 2.071, 1.191, 1.509, 0.809, 0.938, 0.848, 0.615
[Epoch 100 (72.63s)]	ELBO: 1438.842, 1510.459, 1581.185, 1628.744, 1653.658, 1677.309, 1691.344, 1700.541, 1707.843, 1712.095 (1711.833)	Log prob: 1442.652, 1517.468, 1591.353, 1641.497, 1668.490, 1694.302, 1710.132, 1720.928, 1729.806, 1735.322 (1735.026)	KLD: 3.810, 3.198, 3.161, 2.586, 2.077, 2.159, 1.796, 1.600, 1.574, 1.266 (23.193)	Grad: 5.919, 5.230, 4.021, 2.032, 1.239, 1.410, 0.779, 0.926, 0.811, 0.683
Best epoch(s): [99]	Training time(s): 13850.66s (13850.66s)	Best ELBO: 1712.095 (1712.039)	Best log prob: 1735.322 (1735.216)
Avg. mu: -0.030, -0.038, -0.030, 0.010, -0.062, -0.006, 0.011, -0.045, -0.122, -0.034
Avg. var: 0.001, 0.003, 0.003, 0.006, 0.016, 0.014, 0.025, 0.040, 0.037, 0.078
Max. mu: 4.081, 5.547, 4.085, 4.546, 3.276, 4.189, 4.069, 3.872, 4.097, 4.039
Max. var: 0.004, 0.034, 0.035, 0.045, 0.164, 0.242, 0.105, 0.257, 0.175, 0.239
Min. mu: -5.121, -3.807, -4.948, -4.088, -3.193, -3.345, -3.065, -4.035, -3.687, -4.206
Min. var: 0.000, 0.001, 0.001, 0.001, 0.004, 0.003, 0.008, 0.030, 0.015, 0.009
Cov. mu:
[[1.701 0.325 -0.081 0.045 0.082 0.145 -0.020 -0.076 0.097 -0.002]
 [0.325 1.214 -0.050 0.046 0.029 0.034 -0.068 0.012 0.069 0.046]
 [-0.081 -0.050 1.273 0.053 -0.004 -0.079 0.022 0.098 -0.027 -0.048]
 [0.045 0.046 0.053 0.838 0.055 0.062 -0.010 -0.002 0.018 -0.069]
 [0.082 0.029 -0.004 0.055 0.897 0.046 -0.062 -0.028 0.058 0.023]
 [0.145 0.034 -0.079 0.062 0.046 0.856 -0.030 0.010 0.027 -0.006]
 [-0.020 -0.068 0.022 -0.010 -0.062 -0.030 0.833 -0.078 0.030 -0.009]
 [-0.076 0.012 0.098 -0.002 -0.028 0.010 -0.078 0.922 0.003 0.013]
 [0.097 0.069 -0.027 0.018 0.058 0.027 0.030 0.003 0.744 0.042]
 [-0.002 0.046 -0.048 -0.069 0.023 -0.006 -0.009 0.013 0.042 0.746]]
