=================================================================
Layer (type:depth-idx)                   Param #
=================================================================
VAE                                      --
├─Encoder: 1-1                           --
│    └─Linear: 2-1                       76,930
│    └─Linear: 2-2                       4,851
├─EncoderToLatents: 1-2                  --
│    └─Linear: 2-3                       500
│    └─Linear: 2-4                       500
├─LatentsToDecoder: 1-3                  --
│    └─Linear: 2-5                       539
├─Decoder: 1-4                           --
│    └─Linear: 2-6                       4,900
│    └─Linear: 2-7                       77,616
=================================================================
Total params: 165,836
Trainable params: 165,836
Non-trainable params: 0
=================================================================
[Epoch   1 (149.43s)]	ELBO: 1262.114 (1401.264)	Log prob: 1281.006 (1413.099)	KLD: 18.892 (11.835)
[Epoch   2 (171.87s)]	ELBO: 1452.674 (1517.460)	Log prob: 1468.126 (1536.964)	KLD: 15.452 (19.504)
[Epoch   3 (167.47s)]	ELBO: 1548.286 (1586.323)	Log prob: 1569.343 (1610.252)	KLD: 21.057 (23.929)
[Epoch   4 (156.61s)]	ELBO: 1612.854 (1640.925)	Log prob: 1637.235 (1666.459)	KLD: 24.381 (25.534)
[Epoch   5 (167.00s)]	ELBO: 1651.713 (1667.345)	Log prob: 1677.229 (1692.873)	KLD: 25.516 (25.529)
[Epoch   6 (168.08s)]	ELBO: 1674.654 (1685.588)	Log prob: 1700.524 (1711.886)	KLD: 25.870 (26.298)
[Epoch   7 (158.67s)]	ELBO: 1690.241 (1699.136)	Log prob: 1716.192 (1725.334)	KLD: 25.951 (26.198)
[Epoch   8 (172.80s)]	ELBO: 1701.944 (1709.574)	Log prob: 1727.926 (1735.691)	KLD: 25.982 (26.117)
[Epoch   9 (165.38s)]	ELBO: 1712.536 (1718.913)	Log prob: 1738.710 (1744.885)	KLD: 26.173 (25.973)
[Epoch  10 (155.25s)]	ELBO: 1720.801 (1726.074)	Log prob: 1747.116 (1752.595)	KLD: 26.315 (26.521)
[Epoch  11 (167.64s)]	ELBO: 1727.507 (1731.868)	Log prob: 1753.909 (1758.639)	KLD: 26.403 (26.771)
[Epoch  12 (158.83s)]	ELBO: 1732.848 (1736.014)	Log prob: 1759.243 (1762.408)	KLD: 26.395 (26.393)
[Epoch  13 (162.55s)]	ELBO: 1737.098 (1739.622)	Log prob: 1763.488 (1765.988)	KLD: 26.391 (26.366)
[Epoch  14 (162.04s)]	ELBO: 1740.661 (1743.013)	Log prob: 1767.102 (1769.281)	KLD: 26.441 (26.268)
[Epoch  15 (176.76s)]	ELBO: 1743.743 (1744.977)	Log prob: 1770.178 (1771.414)	KLD: 26.435 (26.437)
[Epoch  16 (167.41s)]	ELBO: 1746.277 (1747.774)	Log prob: 1772.764 (1774.309)	KLD: 26.487 (26.535)
[Epoch  17 (164.24s)]	ELBO: 1748.940 (1749.472)	Log prob: 1775.466 (1775.877)	KLD: 26.526 (26.405)
[Epoch  18 (159.93s)]	ELBO: 1750.998 (1752.069)	Log prob: 1777.485 (1778.327)	KLD: 26.487 (26.257)
[Epoch  19 (148.49s)]	ELBO: 1753.214 (1754.148)	Log prob: 1779.728 (1780.955)	KLD: 26.514 (26.807)
[Epoch  20 (263.57s)]	ELBO: 1755.007 (1754.909)	Log prob: 1781.607 (1781.584)	KLD: 26.600 (26.675)
[Epoch  21 (154.24s)]	ELBO: 1756.621 (1756.509)	Log prob: 1783.205 (1783.122)	KLD: 26.584 (26.613)
[Epoch  22 (5982.19s)]	ELBO: 1758.249 (1757.764)	Log prob: 1784.862 (1784.480)	KLD: 26.613 (26.716)
[Epoch  23 (157.64s)]	ELBO: 1759.703 (1758.841)	Log prob: 1786.335 (1785.474)	KLD: 26.632 (26.633)
[Epoch  24 (141.98s)]	ELBO: 1761.161 (1760.944)	Log prob: 1787.835 (1787.749)	KLD: 26.674 (26.805)
[Epoch  25 (156.26s)]	ELBO: 1762.314 (1761.810)	Log prob: 1788.958 (1788.880)	KLD: 26.644 (27.069)
[Epoch  26 (167.83s)]	ELBO: 1763.550 (1762.009)	Log prob: 1790.288 (1788.535)	KLD: 26.738 (26.526)
[Epoch  27 (148.20s)]	ELBO: 1764.608 (1762.732)	Log prob: 1791.327 (1789.536)	KLD: 26.720 (26.804)
[Epoch  28 (161.60s)]	ELBO: 1765.536 (1763.728)	Log prob: 1792.310 (1790.216)	KLD: 26.774 (26.489)
[Epoch  29 (170.93s)]	ELBO: 1766.600 (1764.835)	Log prob: 1793.369 (1791.184)	KLD: 26.770 (26.349)
[Epoch  30 (166.97s)]	ELBO: 1767.479 (1766.955)	Log prob: 1794.268 (1793.756)	KLD: 26.789 (26.802)
[Epoch  31 (160.15s)]	ELBO: 1768.407 (1767.295)	Log prob: 1795.255 (1794.165)	KLD: 26.847 (26.870)
[Epoch  32 (153.89s)]	ELBO: 1769.205 (1767.616)	Log prob: 1796.018 (1794.412)	KLD: 26.813 (26.795)
[Epoch  33 (157.83s)]	ELBO: 1769.911 (1768.638)	Log prob: 1796.762 (1795.190)	KLD: 26.851 (26.552)
[Epoch  34 (157.54s)]	ELBO: 1770.703 (1769.132)	Log prob: 1797.551 (1796.342)	KLD: 26.848 (27.211)
[Epoch  35 (153.02s)]	ELBO: 1771.411 (1770.215)	Log prob: 1798.306 (1796.957)	KLD: 26.895 (26.742)
[Epoch  36 (159.07s)]	ELBO: 1771.944 (1770.573)	Log prob: 1798.849 (1797.558)	KLD: 26.905 (26.985)
[Epoch  37 (163.39s)]	ELBO: 1772.612 (1770.473)	Log prob: 1799.527 (1797.508)	KLD: 26.915 (27.035)
[Epoch  38 (156.42s)]	ELBO: 1773.224 (1770.474)	Log prob: 1800.169 (1797.479)	KLD: 26.945 (27.005)
[Epoch  39 (156.30s)]	ELBO: 1773.899 (1771.010)	Log prob: 1800.820 (1797.767)	KLD: 26.921 (26.756)
[Epoch  40 (159.51s)]	ELBO: 1774.430 (1772.936)	Log prob: 1801.337 (1799.501)	KLD: 26.906 (26.565)
[Epoch  41 (161.85s)]	ELBO: 1774.988 (1773.190)	Log prob: 1801.965 (1800.955)	KLD: 26.977 (27.765)
[Epoch  42 (157.79s)]	ELBO: 1775.386 (1773.410)	Log prob: 1802.408 (1800.516)	KLD: 27.023 (27.106)
[Epoch  43 (150.27s)]	ELBO: 1775.950 (1773.871)	Log prob: 1802.967 (1800.572)	KLD: 27.018 (26.701)
[Epoch  44 (168.06s)]	ELBO: 1776.400 (1774.794)	Log prob: 1803.417 (1801.345)	KLD: 27.017 (26.550)
[Epoch  45 (161.94s)]	ELBO: 1776.797 (1774.188)	Log prob: 1803.840 (1800.669)	KLD: 27.042 (26.481)
[Epoch  46 (158.16s)]	ELBO: 1777.270 (1775.634)	Log prob: 1804.344 (1801.951)	KLD: 27.074 (26.317)
[Epoch  47 (158.95s)]	ELBO: 1777.678 (1775.371)	Log prob: 1804.718 (1802.208)	KLD: 27.040 (26.836)
[Epoch  48 (174.27s)]	ELBO: 1778.100 (1775.192)	Log prob: 1805.173 (1802.365)	KLD: 27.073 (27.173)
[Epoch  49 (150.56s)]	ELBO: 1778.564 (1775.485)	Log prob: 1805.622 (1802.347)	KLD: 27.059 (26.862)
[Epoch  50 (160.81s)]	ELBO: 1778.933 (1776.349)	Log prob: 1806.055 (1803.194)	KLD: 27.122 (26.845)
[Epoch  51 (184.64s)]	ELBO: 1779.178 (1777.135)	Log prob: 1806.271 (1804.283)	KLD: 27.093 (27.149)
[Epoch  52 (164.46s)]	ELBO: 1779.595 (1776.057)	Log prob: 1806.731 (1802.845)	KLD: 27.136 (26.789)
[Epoch  53 (162.64s)]	ELBO: 1779.891 (1777.639)	Log prob: 1807.029 (1804.569)	KLD: 27.138 (26.930)
[Epoch  54 (160.50s)]	ELBO: 1780.294 (1776.223)	Log prob: 1807.460 (1803.074)	KLD: 27.166 (26.851)
[Epoch  55 (168.51s)]	ELBO: 1780.659 (1777.951)	Log prob: 1807.778 (1804.899)	KLD: 27.119 (26.948)
[Epoch  56 (166.51s)]	ELBO: 1781.014 (1778.141)	Log prob: 1808.193 (1804.880)	KLD: 27.179 (26.739)
[Epoch  57 (169.45s)]	ELBO: 1781.291 (1778.275)	Log prob: 1808.442 (1805.098)	KLD: 27.152 (26.823)
[Epoch  58 (173.26s)]	ELBO: 1781.649 (1779.291)	Log prob: 1808.780 (1806.885)	KLD: 27.131 (27.593)
[Epoch  59 (175.82s)]	ELBO: 1781.955 (1779.734)	Log prob: 1809.148 (1807.286)	KLD: 27.194 (27.552)
[Epoch  60 (160.88s)]	ELBO: 1782.212 (1779.255)	Log prob: 1809.380 (1806.799)	KLD: 27.168 (27.544)
[Epoch  61 (171.04s)]	ELBO: 1782.433 (1779.207)	Log prob: 1809.655 (1806.049)	KLD: 27.222 (26.843)
[Epoch  62 (155.32s)]	ELBO: 1782.718 (1779.510)	Log prob: 1809.932 (1806.599)	KLD: 27.214 (27.089)
[Epoch  63 (175.00s)]	ELBO: 1782.963 (1780.354)	Log prob: 1810.198 (1807.529)	KLD: 27.235 (27.176)
[Epoch  64 (170.67s)]	ELBO: 1783.247 (1780.518)	Log prob: 1810.462 (1807.696)	KLD: 27.216 (27.178)
[Epoch  65 (161.32s)]	ELBO: 1783.588 (1780.028)	Log prob: 1810.815 (1806.975)	KLD: 27.226 (26.948)
[Epoch  66 (177.86s)]	ELBO: 1783.833 (1781.225)	Log prob: 1811.072 (1808.456)	KLD: 27.240 (27.231)
[Epoch  67 (165.55s)]	ELBO: 1783.954 (1781.406)	Log prob: 1811.255 (1808.519)	KLD: 27.300 (27.113)
[Epoch  68 (168.39s)]	ELBO: 1784.318 (1779.896)	Log prob: 1811.608 (1806.930)	KLD: 27.290 (27.034)
[Epoch  69 (177.07s)]	ELBO: 1784.463 (1781.117)	Log prob: 1811.717 (1808.263)	KLD: 27.254 (27.146)
[Epoch  70 (153.75s)]	ELBO: 1784.773 (1782.072)	Log prob: 1812.057 (1809.573)	KLD: 27.283 (27.501)
[Epoch  71 (170.74s)]	ELBO: 1785.007 (1781.769)	Log prob: 1812.286 (1809.081)	KLD: 27.279 (27.312)
[Epoch  72 (167.45s)]	ELBO: 1785.178 (1782.084)	Log prob: 1812.441 (1809.484)	KLD: 27.263 (27.400)
[Epoch  73 (159.21s)]	ELBO: 1785.434 (1782.114)	Log prob: 1812.724 (1809.112)	KLD: 27.290 (26.999)
[Epoch  74 (173.67s)]	ELBO: 1785.599 (1781.638)	Log prob: 1812.880 (1808.752)	KLD: 27.280 (27.114)
[Epoch  75 (159.46s)]	ELBO: 1785.723 (1782.491)	Log prob: 1813.006 (1809.360)	KLD: 27.283 (26.869)
[Epoch  76 (165.01s)]	ELBO: 1785.998 (1782.601)	Log prob: 1813.316 (1809.692)	KLD: 27.317 (27.091)
[Epoch  77 (170.01s)]	ELBO: 1786.210 (1782.573)	Log prob: 1813.512 (1809.785)	KLD: 27.302 (27.213)
[Epoch  78 (157.12s)]	ELBO: 1786.437 (1783.205)	Log prob: 1813.760 (1810.498)	KLD: 27.323 (27.293)
[Epoch  79 (162.06s)]	ELBO: 1786.608 (1783.144)	Log prob: 1813.925 (1810.655)	KLD: 27.317 (27.512)
[Epoch  80 (163.50s)]	ELBO: 1786.795 (1782.246)	Log prob: 1814.123 (1809.232)	KLD: 27.328 (26.986)
[Epoch  81 (161.61s)]	ELBO: 1787.015 (1782.950)	Log prob: 1814.360 (1810.422)	KLD: 27.346 (27.472)
[Epoch  82 (159.91s)]	ELBO: 1787.149 (1783.584)	Log prob: 1814.520 (1810.658)	KLD: 27.371 (27.074)
[Epoch  83 (171.71s)]	ELBO: 1787.386 (1783.918)	Log prob: 1814.687 (1810.856)	KLD: 27.301 (26.938)
[Epoch  84 (152.83s)]	ELBO: 1787.524 (1783.317)	Log prob: 1814.891 (1810.492)	KLD: 27.368 (27.175)
[Epoch  85 (174.03s)]	ELBO: 1787.680 (1784.081)	Log prob: 1815.027 (1811.205)	KLD: 27.347 (27.124)
[Epoch  86 (171.78s)]	ELBO: 1787.715 (1783.850)	Log prob: 1815.069 (1811.622)	KLD: 27.354 (27.772)
[Epoch  87 (165.23s)]	ELBO: 1787.894 (1784.327)	Log prob: 1815.260 (1811.716)	KLD: 27.366 (27.389)
[Epoch  88 (169.72s)]	ELBO: 1788.113 (1784.045)	Log prob: 1815.458 (1811.049)	KLD: 27.346 (27.005)
[Epoch  89 (169.97s)]	ELBO: 1788.255 (1784.857)	Log prob: 1815.622 (1812.006)	KLD: 27.367 (27.150)
[Epoch  90 (164.58s)]	ELBO: 1788.360 (1785.247)	Log prob: 1815.747 (1813.122)	KLD: 27.387 (27.874)
[Epoch  91 (170.57s)]	ELBO: 1788.573 (1784.521)	Log prob: 1815.973 (1811.951)	KLD: 27.400 (27.430)
[Epoch  92 (475.30s)]	ELBO: 1788.812 (1784.541)	Log prob: 1816.178 (1811.964)	KLD: 27.366 (27.424)
[Epoch  93 (155.63s)]	ELBO: 1788.861 (1784.887)	Log prob: 1816.226 (1812.312)	KLD: 27.364 (27.425)
[Epoch  94 (187.79s)]	ELBO: 1788.963 (1784.854)	Log prob: 1816.374 (1812.224)	KLD: 27.411 (27.370)
[Epoch  95 (149.66s)]	ELBO: 1789.163 (1785.194)	Log prob: 1816.551 (1812.518)	KLD: 27.388 (27.324)
[Epoch  96 (160.71s)]	ELBO: 1789.383 (1785.043)	Log prob: 1816.765 (1812.170)	KLD: 27.382 (27.127)
[Epoch  97 (163.24s)]	ELBO: 1789.427 (1785.664)	Log prob: 1816.846 (1813.001)	KLD: 27.419 (27.337)
[Epoch  98 (155.55s)]	ELBO: 1789.597 (1785.057)	Log prob: 1817.005 (1812.318)	KLD: 27.409 (27.262)
[Epoch  99 (175.35s)]	ELBO: 1789.675 (1784.906)	Log prob: 1817.079 (1811.711)	KLD: 27.404 (26.806)
[Epoch 100 (164.87s)]	ELBO: 1789.874 (1786.134)	Log prob: 1817.264 (1813.247)	KLD: 27.390 (27.113)
Best epoch: 100	Training time: 22582.59s	Best ELBO: 1789.874 (1786.134)	Best log prob: -1281.006 (-1413.099)
Avg. mu: -0.046, -0.031, 0.138, 0.017, -0.016, 0.034, -0.031, 0.057, -0.026, 0.239
Avg. var: 0.007, 0.003, 0.005, 0.010, 0.004, 0.003, 0.007, 0.004, 0.004, 0.009
Max. mu: 2.861, 3.137, 3.646, 3.504, 2.849, 3.788, 3.539, 3.266, 3.716, 2.995
Max. var: 0.022, 0.019, 0.020, 0.036, 0.010, 0.012, 0.021, 0.014, 0.015, 0.023
Min. mu: -3.704, -3.265, -3.261, -3.561, -3.599, -3.222, -3.438, -3.275, -3.076, -3.088
Min. var: 0.002, 0.001, 0.001, 0.003, 0.001, 0.001, 0.002, 0.001, 0.001, 0.002
Cov. mu:
[[1.027 0.067 -0.113 0.148 0.103 -0.097 -0.148 -0.010 -0.194 0.024]
 [0.067 1.132 -0.069 0.115 0.096 -0.147 -0.060 -0.075 -0.267 -0.022]
 [-0.113 -0.069 1.022 0.008 0.001 0.127 0.050 -0.132 0.210 0.040]
 [0.148 0.115 0.008 1.059 -0.096 -0.054 0.007 0.071 0.005 -0.118]
 [0.103 0.096 0.001 -0.096 1.178 0.058 -0.045 -0.059 -0.130 0.066]
 [-0.097 -0.147 0.127 -0.054 0.058 1.104 0.307 0.127 -0.049 0.126]
 [-0.148 -0.060 0.050 0.007 -0.045 0.307 0.993 0.327 0.040 0.099]
 [-0.010 -0.075 -0.132 0.071 -0.059 0.127 0.327 1.149 0.009 0.090]
 [-0.194 -0.267 0.210 0.005 -0.130 -0.049 0.040 0.009 1.094 0.009]
 [0.024 -0.022 0.040 -0.118 0.066 0.126 0.099 0.090 0.009 0.945]]
