Seed: 2021
=================================================================
Layer (type:depth-idx)                   Param #
=================================================================
RNN                                      --
├─Canvas: 1-1                            --
│    └─Linear: 2-1                       784
├─Encoder: 1-2                           --
│    └─Linear: 2-2                       76,930
│    └─Linear: 2-3                       9,702
├─EncoderEncoderToEncoder: 1-3           --
│    └─Linear: 2-4                       19,306
│    └─Linear: 2-5                       9,702
├─ModuleList: 1-4                        --
│    └─EncoderToLatents: 2-6             --
│    │    └─Linear: 3-1                  99
│    │    └─Linear: 3-2                  99
│    └─EncoderToLatents: 2-7             --
│    │    └─Linear: 3-3                  99
│    │    └─Linear: 3-4                  99
│    └─EncoderToLatents: 2-8             --
│    │    └─Linear: 3-5                  99
│    │    └─Linear: 3-6                  99
│    └─EncoderToLatents: 2-9             --
│    │    └─Linear: 3-7                  99
│    │    └─Linear: 3-8                  99
│    └─EncoderToLatents: 2-10            --
│    │    └─Linear: 3-9                  99
│    │    └─Linear: 3-10                 99
│    └─EncoderToLatents: 2-11            --
│    │    └─Linear: 3-11                 99
│    │    └─Linear: 3-12                 99
│    └─EncoderToLatents: 2-12            --
│    │    └─Linear: 3-13                 99
│    │    └─Linear: 3-14                 99
│    └─EncoderToLatents: 2-13            --
│    │    └─Linear: 3-15                 99
│    │    └─Linear: 3-16                 99
│    └─EncoderToLatents: 2-14            --
│    │    └─Linear: 3-17                 99
│    │    └─Linear: 3-18                 99
│    └─EncoderToLatents: 2-15            --
│    │    └─Linear: 3-19                 99
│    │    └─Linear: 3-20                 99
├─ModuleList: 1-5                        --
│    └─LatentsToDecoder: 2-16            --
│    │    └─Linear: 3-21                 196
│    └─LatentsToDecoder: 2-17            --
│    │    └─Linear: 3-22                 196
│    └─LatentsToDecoder: 2-18            --
│    │    └─Linear: 3-23                 196
│    └─LatentsToDecoder: 2-19            --
│    │    └─Linear: 3-24                 196
│    └─LatentsToDecoder: 2-20            --
│    │    └─Linear: 3-25                 196
│    └─LatentsToDecoder: 2-21            --
│    │    └─Linear: 3-26                 196
│    └─LatentsToDecoder: 2-22            --
│    │    └─Linear: 3-27                 196
│    └─LatentsToDecoder: 2-23            --
│    │    └─Linear: 3-28                 196
│    └─LatentsToDecoder: 2-24            --
│    │    └─Linear: 3-29                 196
│    └─LatentsToDecoder: 2-25            --
│    │    └─Linear: 3-30                 196
├─Decoder: 1-6                           --
│    └─Linear: 2-26                      9,702
│    └─Linear: 2-27                      77,616
=================================================================
Total params: 207,682
Trainable params: 207,682
Non-trainable params: 0
=================================================================
[Epoch   1 (65.75s)]	ELBO (bits/dim): 2.22789, 2.34689, 2.39772, 2.41529, 2.42169, 2.42313, 2.42194, 2.41798, 2.41243, 2.40451 (2.58184)	Reconstruction error (/dim): 0.08159, 0.07830, 0.07717, 0.07751, 0.07774, 0.07805, 0.07846, 0.07882, 0.07924, 0.07972 (0.06900)	KLD: 9.481, 1.821, 1.219, 0.436, 0.361, 0.310, 0.325, 0.403, 0.363, 0.288 (12.149)	Grad: 1531.4
[Epoch   2 (65.55s)]	ELBO (bits/dim): 2.47152, 2.61941, 2.63820, 2.66712, 2.66871, 2.67142, 2.67183, 2.67106, 2.66993, 2.66851 (2.79743)	Reconstruction error (/dim): 0.07863, 0.06956, 0.06841, 0.06601, 0.06564, 0.06532, 0.06538, 0.06536, 0.06549, 0.06563 (0.05775)	KLD: 4.353, 3.523, 1.690, 1.594, 0.549, 0.452, 0.523, 0.405, 0.167, 0.191 (15.713)	Grad: 1530.7
[Epoch   3 (67.16s)]	ELBO (bits/dim): 2.52551, 2.66744, 2.74792, 2.83209, 2.85156, 2.86451, 2.86652, 2.86635, 2.86595, 2.86515 (2.92389)	Reconstruction error (/dim): 0.07464, 0.06822, 0.06331, 0.05683, 0.05440, 0.05280, 0.05288, 0.05301, 0.05305, 0.05325 (0.04782)	KLD: 3.720, 3.579, 2.778, 2.688, 1.661, 1.246, 0.634, 0.349, 0.196, 0.167 (18.164)	Grad: 1810.8
[Epoch   4 (76.16s)]	ELBO (bits/dim): 2.55428, 2.68396, 2.78406, 2.88398, 2.92571, 2.95743, 2.95876, 2.95869, 2.95839, 2.95788 (2.98468)	Reconstruction error (/dim): 0.07374, 0.06832, 0.06174, 0.05390, 0.04938, 0.04555, 0.04562, 0.04571, 0.04570, 0.04581 (0.04319)	KLD: 3.398, 3.617, 3.259, 2.766, 2.129, 1.808, 0.702, 0.245, 0.097, 0.088 (17.907)	Grad: 1738.7
[Epoch   5 (75.83s)]	ELBO (bits/dim): 2.56653, 2.70543, 2.81074, 2.91793, 2.96422, 3.00306, 3.00962, 3.00998, 3.01015, 3.00977 (3.03120)	Reconstruction error (/dim): 0.07346, 0.06621, 0.05984, 0.05115, 0.04654, 0.04239, 0.04164, 0.04173, 0.04173, 0.04180 (0.04007)	KLD: 3.370, 3.512, 3.219, 2.723, 2.107, 2.052, 0.974, 0.293, 0.274, 0.079 (19.066)	Grad: 1493.9
[Epoch   6 (76.59s)]	ELBO (bits/dim): 2.57083, 2.71844, 2.83075, 2.94002, 2.98964, 3.02971, 3.04454, 3.04506, 3.04485, 3.04448 (3.05486)	Reconstruction error (/dim): 0.07334, 0.06513, 0.05830, 0.04933, 0.04459, 0.04060, 0.03899, 0.03904, 0.03909, 0.03917 (0.03768)	KLD: 3.369, 3.454, 3.170, 2.684, 2.132, 2.057, 1.420, 0.408, 0.241, 0.044 (18.327)	Grad: 1698.2
[Epoch   7 (75.74s)]	ELBO (bits/dim): 2.57454, 2.72651, 2.84642, 2.95443, 3.00592, 3.04692, 3.06472, 3.06653, 3.06635, 3.06611 (3.07395)	Reconstruction error (/dim): 0.07319, 0.06453, 0.05694, 0.04810, 0.04330, 0.03940, 0.03756, 0.03743, 0.03746, 0.03752 (0.03646)	KLD: 3.373, 3.437, 3.178, 2.656, 2.149, 2.045, 1.574, 0.612, 0.152, 0.044 (19.469)	Grad: 1586.5
[Epoch   8 (78.37s)]	ELBO (bits/dim): 2.57943, 2.73259, 2.85810, 2.96445, 3.01689, 3.05856, 3.07877, 3.08376, 3.08379, 3.08352 (3.09010)	Reconstruction error (/dim): 0.07288, 0.06410, 0.05599, 0.04731, 0.04251, 0.03864, 0.03666, 0.03612, 0.03613, 0.03619 (0.03557)	KLD: 3.381, 3.419, 3.183, 2.647, 2.162, 2.053, 1.662, 0.969, 0.139, 0.056 (20.246)	Grad: 1624.1
[Epoch   9 (78.52s)]	ELBO (bits/dim): 2.58585, 2.73839, 2.86775, 2.97253, 3.02520, 3.06739, 3.08979, 3.09803, 3.09841, 3.09836 (3.10237)	Reconstruction error (/dim): 0.07225, 0.06372, 0.05527, 0.04672, 0.04199, 0.03813, 0.03597, 0.03510, 0.03509, 0.03513 (0.03444)	KLD: 3.419, 3.409, 3.177, 2.643, 2.169, 2.062, 1.706, 1.201, 0.252, 0.094 (20.047)	Grad: 1504.3
[Epoch  10 (77.89s)]	ELBO (bits/dim): 2.59061, 2.74327, 2.87613, 2.97982, 3.03212, 3.07519, 3.09899, 3.10966, 3.11233, 3.11222 (3.11942)	Reconstruction error (/dim): 0.07192, 0.06344, 0.05462, 0.04618, 0.04157, 0.03768, 0.03541, 0.03430, 0.03401, 0.03405 (0.03307)	KLD: 3.432, 3.403, 3.176, 2.651, 2.169, 2.074, 1.733, 1.321, 0.640, 0.132 (20.727)	Grad: 1497.7
[Epoch  11 (77.53s)]	ELBO (bits/dim): 2.59568, 2.74769, 2.88288, 2.98571, 3.03795, 3.08173, 3.10676, 3.11894, 3.12442, 3.12441 (3.12934)	Reconstruction error (/dim): 0.07150, 0.06317, 0.05411, 0.04579, 0.04122, 0.03732, 0.03494, 0.03370, 0.03308, 0.03312 (0.03227)	KLD: 3.453, 3.397, 3.175, 2.656, 2.178, 2.086, 1.763, 1.389, 0.976, 0.108 (20.649)	Grad: 1536.8
[Epoch  12 (77.74s)]	ELBO (bits/dim): 2.60009, 2.75177, 2.88863, 2.99107, 3.04274, 3.08714, 3.11355, 3.12686, 3.13422, 3.13416 (3.14016)	Reconstruction error (/dim): 0.07119, 0.06286, 0.05360, 0.04537, 0.04089, 0.03699, 0.03450, 0.03319, 0.03240, 0.03244 (0.03178)	KLD: 3.478, 3.399, 3.187, 2.666, 2.179, 2.104, 1.781, 1.437, 1.102, 0.087 (21.601)	Grad: 1495.0
[Epoch  13 (72.13s)]	ELBO (bits/dim): 2.60374, 2.75521, 2.89387, 2.99575, 3.04708, 3.09199, 3.11918, 3.13319, 3.14208, 3.14196 (3.14614)	Reconstruction error (/dim): 0.07089, 0.06252, 0.05314, 0.04503, 0.04058, 0.03669, 0.03414, 0.03277, 0.03184, 0.03189 (0.03126)	KLD: 3.494, 3.402, 3.188, 2.670, 2.186, 2.110, 1.795, 1.456, 1.200, 0.069 (20.800)	Grad: 1592.7
[Epoch  14 (67.21s)]	ELBO (bits/dim): 2.60703, 2.75870, 2.89890, 3.00000, 3.05118, 3.09651, 3.12423, 3.13882, 3.14875, 3.14851 (3.14893)	Reconstruction error (/dim): 0.07062, 0.06222, 0.05266, 0.04468, 0.04026, 0.03639, 0.03382, 0.03241, 0.03138, 0.03145 (0.03076)	KLD: 3.518, 3.410, 3.193, 2.679, 2.183, 2.115, 1.803, 1.476, 1.260, 0.059 (21.617)	Grad: 1464.7
[Epoch  15 (70.21s)]	ELBO (bits/dim): 2.60985, 2.76151, 2.90336, 3.00355, 3.05452, 3.10009, 3.12832, 3.14330, 3.15412, 3.15407 (3.15701)	Reconstruction error (/dim): 0.07041, 0.06198, 0.05226, 0.04443, 0.04001, 0.03614, 0.03353, 0.03211, 0.03100, 0.03103 (0.03053)	KLD: 3.539, 3.414, 3.205, 2.683, 2.185, 2.123, 1.810, 1.487, 1.316, 0.049 (22.031)	Grad: 1498.1
[Epoch  16 (66.69s)]	ELBO (bits/dim): 2.61243, 2.76423, 2.90696, 3.00625, 3.05705, 3.10312, 3.13173, 3.14731, 3.15887, 3.15875 (3.16263)	Reconstruction error (/dim): 0.07023, 0.06174, 0.05192, 0.04422, 0.03984, 0.03597, 0.03331, 0.03184, 0.03067, 0.03071 (0.03008)	KLD: 3.554, 3.416, 3.210, 2.689, 2.184, 2.131, 1.818, 1.502, 1.343, 0.051 (21.617)	Grad: 1481.6
[Epoch  17 (66.35s)]	ELBO (bits/dim): 2.61476, 2.76699, 2.91033, 3.00914, 3.05993, 3.10632, 3.13550, 3.15145, 3.16336, 3.16344 (3.16594)	Reconstruction error (/dim): 0.07008, 0.06147, 0.05162, 0.04401, 0.03961, 0.03575, 0.03306, 0.03155, 0.03034, 0.03037 (0.02973)	KLD: 3.579, 3.417, 3.208, 2.696, 2.188, 2.138, 1.828, 1.519, 1.371, 0.068 (21.923)	Grad: 1468.3
[Epoch  18 (67.54s)]	ELBO (bits/dim): 2.61719, 2.76942, 2.91361, 3.01195, 3.06285, 3.10921, 3.13862, 3.15487, 3.16702, 3.16722 (3.16862)	Reconstruction error (/dim): 0.06986, 0.06121, 0.05132, 0.04381, 0.03941, 0.03555, 0.03284, 0.03132, 0.03008, 0.03009 (0.02948)	KLD: 3.590, 3.417, 3.220, 2.697, 2.190, 2.137, 1.831, 1.529, 1.391, 0.136 (21.900)	Grad: 1440.5
[Epoch  19 (67.55s)]	ELBO (bits/dim): 2.61940, 2.77131, 2.91620, 3.01404, 3.06468, 3.11125, 3.14097, 3.15759, 3.16992, 3.17055 (3.17476)	Reconstruction error (/dim): 0.06966, 0.06104, 0.05111, 0.04365, 0.03927, 0.03542, 0.03269, 0.03113, 0.02988, 0.02984 (0.02916)	KLD: 3.608, 3.426, 3.217, 2.699, 2.184, 2.139, 1.835, 1.531, 1.390, 0.305 (21.932)	Grad: 1402.0
[Epoch  20 (66.26s)]	ELBO (bits/dim): 2.62149, 2.77317, 2.91860, 3.01614, 3.06687, 3.11339, 3.14345, 3.16009, 3.17275, 3.17396 (3.17733)	Reconstruction error (/dim): 0.06954, 0.06086, 0.05088, 0.04351, 0.03912, 0.03530, 0.03253, 0.03098, 0.02970, 0.02958 (0.02895)	KLD: 3.622, 3.430, 3.218, 2.705, 2.187, 2.144, 1.836, 1.531, 1.397, 0.539 (22.897)	Grad: 1420.6
[Epoch  21 (66.45s)]	ELBO (bits/dim): 2.62387, 2.77622, 2.92156, 3.01882, 3.06947, 3.11611, 3.14614, 3.16305, 3.17564, 3.17783 (3.18027)	Reconstruction error (/dim): 0.06934, 0.06059, 0.05063, 0.04330, 0.03892, 0.03509, 0.03233, 0.03076, 0.02949, 0.02926 (0.02874)	KLD: 3.641, 3.438, 3.225, 2.707, 2.185, 2.145, 1.841, 1.530, 1.401, 0.689 (23.097)	Grad: 1438.5
[Epoch  22 (66.40s)]	ELBO (bits/dim): 2.62543, 2.77798, 2.92356, 3.02063, 3.07125, 3.11781, 3.14830, 3.16537, 3.17799, 3.18042 (3.18435)	Reconstruction error (/dim): 0.06921, 0.06042, 0.05048, 0.04317, 0.03880, 0.03499, 0.03220, 0.03061, 0.02934, 0.02908 (0.02829)	KLD: 3.661, 3.453, 3.226, 2.712, 2.181, 2.145, 1.844, 1.537, 1.399, 0.772 (22.962)	Grad: 1424.5
[Epoch  23 (65.83s)]	ELBO (bits/dim): 2.62733, 2.77985, 2.92532, 3.02210, 3.07265, 3.11973, 3.15037, 3.16745, 3.18009, 3.18295 (3.18476)	Reconstruction error (/dim): 0.06907, 0.06027, 0.05032, 0.04307, 0.03870, 0.03486, 0.03204, 0.03046, 0.02919, 0.02887 (0.02842)	KLD: 3.664, 3.459, 3.226, 2.713, 2.179, 2.151, 1.846, 1.543, 1.402, 0.811 (23.120)	Grad: 1482.4
[Epoch  24 (68.41s)]	ELBO (bits/dim): 2.62923, 2.78155, 2.92704, 3.02361, 3.07431, 3.12130, 3.15178, 3.16910, 3.18188, 3.18503 (3.18474)	Reconstruction error (/dim): 0.06895, 0.06010, 0.05018, 0.04294, 0.03856, 0.03475, 0.03196, 0.03036, 0.02910, 0.02875 (0.02850)	KLD: 3.682, 3.470, 3.229, 2.722, 2.178, 2.148, 1.846, 1.551, 1.402, 0.841 (23.080)	Grad: 1470.7
[Epoch  25 (66.27s)]	ELBO (bits/dim): 2.63076, 2.78350, 2.92912, 3.02514, 3.07588, 3.12285, 3.15356, 3.17105, 3.18379, 3.18702 (3.19010)	Reconstruction error (/dim): 0.06881, 0.05992, 0.05000, 0.04282, 0.03845, 0.03464, 0.03183, 0.03021, 0.02897, 0.02860 (0.02778)	KLD: 3.689, 3.477, 3.227, 2.718, 2.176, 2.151, 1.847, 1.556, 1.400, 0.864 (23.300)	Grad: 1592.2
[Epoch  26 (66.30s)]	ELBO (bits/dim): 2.63238, 2.78530, 2.93094, 3.02671, 3.07742, 3.12459, 3.15554, 3.17317, 3.18572, 3.18927 (3.19147)	Reconstruction error (/dim): 0.06873, 0.05974, 0.04985, 0.04271, 0.03833, 0.03451, 0.03169, 0.03008, 0.02884, 0.02844 (0.02785)	KLD: 3.702, 3.478, 3.232, 2.724, 2.177, 2.152, 1.850, 1.550, 1.404, 0.862 (23.645)	Grad: 1484.8
[Epoch  27 (65.99s)]	ELBO (bits/dim): 2.63419, 2.78763, 2.93265, 3.02813, 3.07890, 3.12618, 3.15702, 3.17472, 3.18734, 3.19080 (3.19568)	Reconstruction error (/dim): 0.06858, 0.05955, 0.04972, 0.04261, 0.03825, 0.03440, 0.03159, 0.02996, 0.02874, 0.02834 (0.02752)	KLD: 3.714, 3.485, 3.229, 2.725, 2.177, 2.159, 1.857, 1.563, 1.398, 0.891 (22.796)	Grad: 1524.6
[Epoch  28 (66.60s)]	ELBO (bits/dim): 2.63543, 2.78931, 2.93461, 3.02975, 3.08060, 3.12790, 3.15892, 3.17667, 3.18943, 3.19299 (3.19705)	Reconstruction error (/dim): 0.06853, 0.05938, 0.04953, 0.04245, 0.03810, 0.03427, 0.03144, 0.02983, 0.02859, 0.02818 (0.02744)	KLD: 3.728, 3.494, 3.234, 2.725, 2.175, 2.157, 1.860, 1.557, 1.410, 0.898 (23.268)	Grad: 1434.2
[Epoch  29 (67.05s)]	ELBO (bits/dim): 2.63721, 2.79103, 2.93614, 3.03059, 3.08153, 3.12877, 3.16008, 3.17796, 3.19066, 3.19443 (3.19616)	Reconstruction error (/dim): 0.06837, 0.05924, 0.04944, 0.04242, 0.03806, 0.03421, 0.03137, 0.02974, 0.02851, 0.02809 (0.02755)	KLD: 3.737, 3.499, 3.232, 2.728, 2.175, 2.162, 1.856, 1.565, 1.409, 0.899 (23.568)	Grad: 1531.0
[Epoch  30 (66.83s)]	ELBO (bits/dim): 2.63889, 2.79269, 2.93805, 3.03159, 3.08266, 3.13006, 3.16113, 3.17901, 3.19177, 3.19569 (3.19777)	Reconstruction error (/dim): 0.06819, 0.05906, 0.04925, 0.04233, 0.03795, 0.03410, 0.03129, 0.02967, 0.02843, 0.02799 (0.02751)	KLD: 3.745, 3.515, 3.239, 2.728, 2.174, 2.164, 1.865, 1.569, 1.406, 0.923 (23.508)	Grad: 1520.4
[Epoch  31 (65.84s)]	ELBO (bits/dim): 2.64043, 2.79511, 2.93945, 3.03296, 3.08414, 3.13132, 3.16234, 3.18029, 3.19307, 3.19691 (3.19861)	Reconstruction error (/dim): 0.06811, 0.05888, 0.04913, 0.04221, 0.03783, 0.03401, 0.03121, 0.02959, 0.02837, 0.02794 (0.02728)	KLD: 3.757, 3.510, 3.234, 2.733, 2.172, 2.166, 1.862, 1.572, 1.410, 0.923 (23.455)	Grad: 1528.9
[Epoch  32 (66.13s)]	ELBO (bits/dim): 2.64210, 2.79694, 2.94094, 3.03398, 3.08528, 3.13247, 3.16357, 3.18142, 3.19415, 3.19816 (3.19850)	Reconstruction error (/dim): 0.06799, 0.05872, 0.04901, 0.04215, 0.03775, 0.03393, 0.03114, 0.02953, 0.02829, 0.02784 (0.02754)	KLD: 3.769, 3.518, 3.235, 2.739, 2.171, 2.164, 1.863, 1.569, 1.411, 0.925 (23.294)	Grad: 1571.6
[Epoch  33 (66.56s)]	ELBO (bits/dim): 2.64295, 2.79888, 2.94183, 3.03503, 3.08627, 3.13372, 3.16444, 3.18238, 3.19523, 3.19923 (3.20033)	Reconstruction error (/dim): 0.06795, 0.05859, 0.04893, 0.04206, 0.03767, 0.03382, 0.03107, 0.02946, 0.02823, 0.02778 (0.02730)	KLD: 3.780, 3.523, 3.239, 2.737, 2.170, 2.167, 1.860, 1.572, 1.404, 0.941 (24.222)	Grad: 1588.4
[Epoch  34 (67.52s)]	ELBO (bits/dim): 2.64454, 2.79978, 2.94368, 3.03631, 3.08757, 3.13451, 3.16531, 3.18319, 3.19603, 3.20014 (3.20149)	Reconstruction error (/dim): 0.06784, 0.05850, 0.04878, 0.04195, 0.03757, 0.03376, 0.03100, 0.02940, 0.02817, 0.02772 (0.02731)	KLD: 3.793, 3.536, 3.243, 2.742, 2.169, 2.169, 1.863, 1.573, 1.411, 0.938 (23.038)	Grad: 1543.9
[Epoch  35 (68.75s)]	ELBO (bits/dim): 2.64555, 2.80168, 2.94505, 3.03699, 3.08843, 3.13538, 3.16620, 3.18424, 3.19709, 3.20125 (3.20325)	Reconstruction error (/dim): 0.06782, 0.05836, 0.04868, 0.04191, 0.03751, 0.03370, 0.03095, 0.02933, 0.02810, 0.02763 (0.02712)	KLD: 3.797, 3.537, 3.241, 2.741, 2.168, 2.171, 1.858, 1.581, 1.412, 0.958 (23.237)	Grad: 1598.2
[Epoch  36 (68.13s)]	ELBO (bits/dim): 2.64677, 2.80347, 2.94663, 3.03861, 3.08993, 3.13672, 3.16761, 3.18560, 3.19843, 3.20266 (3.20332)	Reconstruction error (/dim): 0.06772, 0.05819, 0.04856, 0.04177, 0.03739, 0.03359, 0.03084, 0.02924, 0.02802, 0.02753 (0.02721)	KLD: 3.812, 3.542, 3.243, 2.740, 2.168, 2.171, 1.862, 1.577, 1.412, 0.946 (23.916)	Grad: 1583.7
[Epoch  37 (67.50s)]	ELBO (bits/dim): 2.64771, 2.80495, 2.94811, 3.03971, 3.09114, 3.13781, 3.16845, 3.18643, 3.19928, 3.20351 (3.20408)	Reconstruction error (/dim): 0.06766, 0.05809, 0.04843, 0.04169, 0.03730, 0.03351, 0.03080, 0.02919, 0.02796, 0.02749 (0.02710)	KLD: 3.812, 3.546, 3.247, 2.745, 2.163, 2.173, 1.857, 1.573, 1.404, 0.948 (23.810)	Grad: 1579.3
[Epoch  38 (69.34s)]	ELBO (bits/dim): 2.64857, 2.80566, 2.94931, 3.04041, 3.09197, 3.13845, 3.16893, 3.18721, 3.19985, 3.20424 (3.20628)	Reconstruction error (/dim): 0.06762, 0.05805, 0.04835, 0.04164, 0.03723, 0.03346, 0.03078, 0.02912, 0.02794, 0.02744 (0.02696)	KLD: 3.820, 3.559, 3.252, 2.744, 2.161, 2.170, 1.861, 1.578, 1.418, 0.958 (23.313)	Grad: 1505.3
[Epoch  39 (75.93s)]	ELBO (bits/dim): 2.64961, 2.80706, 2.95056, 3.04179, 3.09327, 3.13968, 3.17002, 3.18810, 3.20092, 3.20524 (3.20617)	Reconstruction error (/dim): 0.06757, 0.05795, 0.04825, 0.04154, 0.03713, 0.03338, 0.03069, 0.02908, 0.02787, 0.02738 (0.02693)	KLD: 3.826, 3.565, 3.253, 2.745, 2.164, 2.176, 1.859, 1.581, 1.401, 0.957 (23.256)	Grad: 1631.3
[Epoch  40 (80.82s)]	ELBO (bits/dim): 2.65034, 2.80913, 2.95137, 3.04243, 3.09404, 3.14064, 3.17095, 3.18910, 3.20187, 3.20629 (3.20518)	Reconstruction error (/dim): 0.06756, 0.05779, 0.04820, 0.04150, 0.03710, 0.03332, 0.03065, 0.02903, 0.02781, 0.02733 (0.02706)	KLD: 3.832, 3.564, 3.247, 2.749, 2.158, 2.176, 1.856, 1.580, 1.399, 0.958 (23.589)	Grad: 1622.0
[Epoch  41 (75.95s)]	ELBO (bits/dim): 2.65098, 2.80952, 2.95195, 3.04256, 3.09444, 3.14061, 3.17105, 3.18920, 3.20173, 3.20621 (3.20656)	Reconstruction error (/dim): 0.06751, 0.05773, 0.04814, 0.04148, 0.03705, 0.03331, 0.03063, 0.02901, 0.02781, 0.02732 (0.02704)	KLD: 3.838, 3.564, 3.250, 2.749, 2.158, 2.176, 1.851, 1.582, 1.413, 0.969 (23.670)	Grad: 1718.2
[Epoch  42 (74.05s)]	ELBO (bits/dim): 2.65152, 2.81088, 2.95262, 3.04251, 3.09420, 3.14034, 3.17070, 3.18893, 3.20163, 3.20617 (3.20828)	Reconstruction error (/dim): 0.06747, 0.05763, 0.04809, 0.04148, 0.03707, 0.03334, 0.03067, 0.02904, 0.02784, 0.02733 (0.02689)	KLD: 3.838, 3.564, 3.248, 2.747, 2.160, 2.178, 1.858, 1.581, 1.397, 0.975 (23.826)	Grad: 1658.6
[Epoch  43 (64.52s)]	ELBO (bits/dim): 2.65247, 2.81187, 2.95403, 3.04397, 3.09585, 3.14178, 3.17219, 3.19052, 3.20334, 3.20800 (3.21016)	Reconstruction error (/dim): 0.06744, 0.05755, 0.04800, 0.04138, 0.03695, 0.03325, 0.03058, 0.02894, 0.02772, 0.02721 (0.02671)	KLD: 3.841, 3.564, 3.255, 2.754, 2.158, 2.176, 1.858, 1.589, 1.411, 0.981 (23.517)	Grad: 1647.1
[Epoch  44 (65.11s)]	ELBO (bits/dim): 2.65292, 2.81228, 2.95477, 3.04476, 3.09673, 3.14256, 3.17267, 3.19104, 3.20378, 3.20848 (3.21109)	Reconstruction error (/dim): 0.06736, 0.05751, 0.04793, 0.04133, 0.03687, 0.03317, 0.03053, 0.02889, 0.02768, 0.02717 (0.02676)	KLD: 3.853, 3.575, 3.254, 2.751, 2.155, 2.177, 1.852, 1.587, 1.410, 0.976 (23.302)	Grad: 1680.0
[Epoch  45 (64.81s)]	ELBO (bits/dim): 2.65380, 2.81427, 2.95641, 3.04601, 3.09781, 3.14344, 3.17361, 3.19191, 3.20445, 3.20934 (3.20866)	Reconstruction error (/dim): 0.06731, 0.05735, 0.04779, 0.04123, 0.03678, 0.03312, 0.03048, 0.02885, 0.02766, 0.02712 (0.02669)	KLD: 3.858, 3.584, 3.257, 2.755, 2.157, 2.175, 1.849, 1.587, 1.406, 0.971 (24.026)	Grad: 1740.2
[Epoch  46 (64.87s)]	ELBO (bits/dim): 2.65439, 2.81503, 2.95749, 3.04683, 3.09868, 3.14396, 3.17398, 3.19222, 3.20490, 3.20980 (3.21141)	Reconstruction error (/dim): 0.06729, 0.05735, 0.04773, 0.04116, 0.03672, 0.03308, 0.03045, 0.02883, 0.02762, 0.02708 (0.02668)	KLD: 3.865, 3.599, 3.255, 2.755, 2.154, 2.180, 1.850, 1.590, 1.406, 0.994 (23.906)	Grad: 1716.8
[Epoch  47 (64.83s)]	ELBO (bits/dim): 2.65521, 2.81665, 2.95823, 3.04781, 3.09958, 3.14519, 3.17499, 3.19336, 3.20609, 3.21106 (3.21275)	Reconstruction error (/dim): 0.06729, 0.05722, 0.04769, 0.04110, 0.03666, 0.03300, 0.03041, 0.02876, 0.02754, 0.02701 (0.02664)	KLD: 3.873, 3.596, 3.253, 2.755, 2.154, 2.175, 1.847, 1.587, 1.400, 0.991 (23.781)	Grad: 1799.5
[Epoch  48 (64.69s)]	ELBO (bits/dim): 2.65601, 2.81799, 2.95825, 3.04734, 3.09925, 3.14502, 3.17495, 3.19343, 3.20612, 3.21108 (3.21060)	Reconstruction error (/dim): 0.06720, 0.05712, 0.04770, 0.04114, 0.03669, 0.03303, 0.03042, 0.02876, 0.02754, 0.02701 (0.02667)	KLD: 3.878, 3.587, 3.252, 2.758, 2.154, 2.184, 1.849, 1.590, 1.403, 1.003 (23.606)	Grad: 1809.7
[Epoch  49 (70.09s)]	ELBO (bits/dim): 2.65638, 2.81870, 2.95995, 3.04850, 3.10045, 3.14590, 3.17558, 3.19392, 3.20656, 3.21168 (3.21304)	Reconstruction error (/dim): 0.06718, 0.05703, 0.04754, 0.04105, 0.03658, 0.03294, 0.03037, 0.02872, 0.02752, 0.02697 (0.02649)	KLD: 3.880, 3.594, 3.259, 2.757, 2.151, 2.180, 1.844, 1.591, 1.407, 1.000 (23.800)	Grad: 1757.2
[Epoch  50 (75.28s)]	ELBO (bits/dim): 2.65717, 2.81999, 2.96104, 3.04947, 3.10137, 3.14642, 3.17599, 3.19431, 3.20694, 3.21194 (3.21337)	Reconstruction error (/dim): 0.06711, 0.05693, 0.04747, 0.04096, 0.03651, 0.03291, 0.03034, 0.02869, 0.02749, 0.02695 (0.02650)	KLD: 3.887, 3.612, 3.263, 2.762, 2.152, 2.178, 1.843, 1.582, 1.407, 1.010 (23.908)	Grad: 1812.3
[Epoch  51 (76.28s)]	ELBO (bits/dim): 2.65794, 2.82125, 2.96116, 3.04973, 3.10170, 3.14672, 3.17625, 3.19464, 3.20712, 3.21227 (3.20957)	Reconstruction error (/dim): 0.06708, 0.05682, 0.04744, 0.04094, 0.03650, 0.03289, 0.03033, 0.02868, 0.02750, 0.02693 (0.02700)	KLD: 3.883, 3.614, 3.260, 2.759, 2.149, 2.180, 1.844, 1.584, 1.394, 1.020 (24.277)	Grad: 1750.5
[Epoch  52 (77.74s)]	ELBO (bits/dim): 2.65677, 2.82001, 2.96143, 3.04945, 3.10137, 3.14600, 3.17536, 3.19330, 3.20583, 3.21100 (3.21329)	Reconstruction error (/dim): 0.06716, 0.05691, 0.04743, 0.04097, 0.03651, 0.03294, 0.03041, 0.02880, 0.02761, 0.02705 (0.02661)	KLD: 3.878, 3.607, 3.275, 2.763, 2.148, 2.178, 1.844, 1.585, 1.390, 1.015 (23.894)	Grad: 1855.1
[Epoch  53 (76.50s)]	ELBO (bits/dim): 2.65856, 2.82292, 2.96342, 3.05094, 3.10271, 3.14724, 3.17675, 3.19502, 3.20730, 3.21253 (3.21331)	Reconstruction error (/dim): 0.06709, 0.05673, 0.04727, 0.04085, 0.03642, 0.03286, 0.03033, 0.02867, 0.02750, 0.02694 (0.02658)	KLD: 3.890, 3.619, 3.266, 2.758, 2.144, 2.177, 1.849, 1.584, 1.385, 1.022 (23.470)	Grad: 1892.8
[Epoch  54 (77.53s)]	ELBO (bits/dim): 2.65954, 2.82462, 2.96427, 3.05215, 3.10403, 3.14843, 3.17790, 3.19619, 3.20844, 3.21378 (3.21417)	Reconstruction error (/dim): 0.06697, 0.05662, 0.04718, 0.04077, 0.03633, 0.03277, 0.03024, 0.02858, 0.02743, 0.02684 (0.02660)	KLD: 3.896, 3.625, 3.261, 2.760, 2.148, 2.173, 1.841, 1.584, 1.392, 1.032 (23.816)	Grad: 1746.7
[Epoch  55 (77.93s)]	ELBO (bits/dim): 2.66006, 2.82538, 2.96500, 3.05250, 3.10458, 3.14886, 3.17833, 3.19647, 3.20864, 3.21410 (3.21185)	Reconstruction error (/dim): 0.06697, 0.05658, 0.04715, 0.04073, 0.03628, 0.03275, 0.03021, 0.02857, 0.02742, 0.02682 (0.02663)	KLD: 3.904, 3.624, 3.264, 2.763, 2.142, 2.182, 1.844, 1.581, 1.385, 1.027 (24.079)	Grad: 1918.7
[Epoch  56 (77.68s)]	ELBO (bits/dim): 2.66034, 2.82547, 2.96636, 3.05325, 3.10526, 3.14912, 3.17868, 3.19683, 3.20888, 3.21429 (3.21525)	Reconstruction error (/dim): 0.06696, 0.05656, 0.04703, 0.04067, 0.03621, 0.03271, 0.03017, 0.02851, 0.02738, 0.02680 (0.02635)	KLD: 3.902, 3.636, 3.274, 2.759, 2.142, 2.174, 1.841, 1.584, 1.388, 1.034 (23.853)	Grad: 1860.9
[Epoch  57 (79.15s)]	ELBO (bits/dim): 2.66078, 2.82705, 2.96705, 3.05408, 3.10617, 3.15008, 3.17949, 3.19769, 3.20974, 3.21514 (3.21676)	Reconstruction error (/dim): 0.06694, 0.05647, 0.04700, 0.04060, 0.03614, 0.03263, 0.03011, 0.02846, 0.02732, 0.02674 (0.02646)	KLD: 3.905, 3.643, 3.276, 2.766, 2.140, 2.179, 1.841, 1.586, 1.384, 1.041 (23.678)	Grad: 1812.7
[Epoch  58 (76.12s)]	ELBO (bits/dim): 2.66145, 2.82868, 2.96687, 3.05413, 3.10618, 3.15026, 3.17975, 3.19803, 3.21020, 3.21569 (3.21355)	Reconstruction error (/dim): 0.06691, 0.05636, 0.04704, 0.04063, 0.03618, 0.03267, 0.03013, 0.02847, 0.02732, 0.02673 (0.02664)	KLD: 3.909, 3.634, 3.265, 2.761, 2.145, 2.178, 1.843, 1.589, 1.394, 1.030 (23.551)	Grad: 1823.2
[Epoch  59 (67.20s)]	ELBO (bits/dim): 2.66179, 2.82984, 2.96788, 3.05463, 3.10664, 3.15072, 3.17991, 3.19812, 3.21035, 3.21592 (3.21728)	Reconstruction error (/dim): 0.06686, 0.05624, 0.04690, 0.04058, 0.03612, 0.03260, 0.03008, 0.02845, 0.02728, 0.02669 (0.02624)	KLD: 3.914, 3.632, 3.259, 2.768, 2.139, 2.181, 1.845, 1.585, 1.396, 1.039 (24.028)	Grad: 1899.2
[Epoch  60 (66.89s)]	ELBO (bits/dim): 2.66222, 2.82916, 2.96851, 3.05501, 3.10683, 3.15016, 3.17960, 3.19780, 3.20995, 3.21560 (3.21152)	Reconstruction error (/dim): 0.06683, 0.05635, 0.04689, 0.04055, 0.03610, 0.03265, 0.03013, 0.02848, 0.02734, 0.02674 (0.02686)	KLD: 3.911, 3.646, 3.274, 2.762, 2.142, 2.182, 1.845, 1.581, 1.382, 1.044 (23.045)	Grad: 1941.7
[Epoch  61 (67.50s)]	ELBO (bits/dim): 2.66255, 2.83032, 2.96861, 3.05468, 3.10672, 3.15015, 3.17957, 3.19780, 3.21005, 3.21557 (3.21564)	Reconstruction error (/dim): 0.06687, 0.05622, 0.04688, 0.04056, 0.03611, 0.03266, 0.03013, 0.02849, 0.02733, 0.02675 (0.02649)	KLD: 3.913, 3.632, 3.272, 2.763, 2.139, 2.179, 1.840, 1.583, 1.384, 1.043 (23.600)	Grad: 1888.6
[Epoch  62 (68.64s)]	ELBO (bits/dim): 2.66306, 2.83149, 2.97065, 3.05680, 3.10879, 3.15220, 3.18157, 3.19954, 3.21176, 3.21733 (3.21782)	Reconstruction error (/dim): 0.06674, 0.05619, 0.04672, 0.04039, 0.03594, 0.03248, 0.02997, 0.02834, 0.02718, 0.02660 (0.02628)	KLD: 3.928, 3.651, 3.270, 2.767, 2.138, 2.180, 1.843, 1.578, 1.379, 1.038 (23.790)	Grad: 1903.1
[Epoch  63 (66.64s)]	ELBO (bits/dim): 2.66375, 2.83278, 2.97063, 3.05711, 3.10887, 3.15241, 3.18134, 3.19949, 3.21163, 3.21741 (3.21562)	Reconstruction error (/dim): 0.06674, 0.05615, 0.04674, 0.04039, 0.03596, 0.03248, 0.03001, 0.02836, 0.02721, 0.02660 (0.02645)	KLD: 3.932, 3.650, 3.266, 2.769, 2.132, 2.178, 1.845, 1.586, 1.392, 1.050 (23.995)	Grad: 1968.1
[Epoch  64 (66.02s)]	ELBO (bits/dim): 2.66372, 2.83284, 2.97117, 3.05739, 3.10930, 3.15268, 3.18163, 3.19975, 3.21187, 3.21763 (3.21866)	Reconstruction error (/dim): 0.06670, 0.05612, 0.04668, 0.04037, 0.03591, 0.03244, 0.02998, 0.02833, 0.02719, 0.02657 (0.02625)	KLD: 3.929, 3.663, 3.271, 2.769, 2.135, 2.170, 1.839, 1.586, 1.391, 1.050 (23.599)	Grad: 1915.7
[Epoch  65 (66.63s)]	ELBO (bits/dim): 2.66460, 2.83432, 2.97237, 3.05806, 3.10993, 3.15322, 3.18224, 3.20031, 3.21260, 3.21821 (3.21886)	Reconstruction error (/dim): 0.06672, 0.05606, 0.04660, 0.04032, 0.03588, 0.03242, 0.02994, 0.02830, 0.02715, 0.02654 (0.02638)	KLD: 3.932, 3.667, 3.272, 2.771, 2.132, 2.179, 1.842, 1.583, 1.389, 1.048 (23.843)	Grad: 1916.5
[Epoch  66 (66.22s)]	ELBO (bits/dim): 2.66488, 2.83534, 2.97240, 3.05783, 3.10948, 3.15285, 3.18145, 3.19998, 3.21232, 3.21807 (3.21957)	Reconstruction error (/dim): 0.06666, 0.05591, 0.04660, 0.04032, 0.03592, 0.03246, 0.03000, 0.02832, 0.02717, 0.02656 (0.02622)	KLD: 3.934, 3.652, 3.270, 2.768, 2.133, 2.181, 1.836, 1.589, 1.390, 1.047 (23.729)	Grad: 1952.9
[Epoch  67 (66.35s)]	ELBO (bits/dim): 2.66482, 2.83504, 2.97293, 3.05816, 3.11007, 3.15309, 3.18184, 3.19994, 3.21196, 3.21760 (3.21817)	Reconstruction error (/dim): 0.06659, 0.05595, 0.04654, 0.04030, 0.03585, 0.03242, 0.02996, 0.02833, 0.02720, 0.02659 (0.02612)	KLD: 3.932, 3.676, 3.279, 2.772, 2.137, 2.180, 1.835, 1.578, 1.384, 1.055 (23.599)	Grad: 1963.3
[Epoch  68 (67.92s)]	ELBO (bits/dim): 2.66548, 2.83660, 2.97361, 3.05907, 3.11087, 3.15376, 3.18245, 3.20074, 3.21274, 3.21851 (3.21869)	Reconstruction error (/dim): 0.06660, 0.05585, 0.04652, 0.04024, 0.03582, 0.03238, 0.02993, 0.02828, 0.02714, 0.02654 (0.02631)	KLD: 3.936, 3.677, 3.276, 2.767, 2.131, 2.172, 1.836, 1.590, 1.380, 1.068 (23.751)	Grad: 2048.2
[Epoch  69 (66.49s)]	ELBO (bits/dim): 2.66621, 2.83651, 2.97350, 3.05880, 3.11046, 3.15348, 3.18214, 3.20013, 3.21228, 3.21794 (3.21773)	Reconstruction error (/dim): 0.06650, 0.05587, 0.04652, 0.04026, 0.03585, 0.03240, 0.02998, 0.02833, 0.02718, 0.02658 (0.02636)	KLD: 3.940, 3.684, 3.282, 2.770, 2.128, 2.182, 1.839, 1.583, 1.381, 1.060 (24.069)	Grad: 2057.1
[Epoch  70 (66.25s)]	ELBO (bits/dim): 2.66647, 2.83793, 2.97329, 3.05821, 3.10986, 3.15316, 3.18153, 3.19971, 3.21204, 3.21782 (3.21771)	Reconstruction error (/dim): 0.06647, 0.05576, 0.04655, 0.04032, 0.03591, 0.03243, 0.03002, 0.02838, 0.02721, 0.02658 (0.02649)	KLD: 3.945, 3.665, 3.269, 2.764, 2.129, 2.184, 1.834, 1.588, 1.402, 1.067 (23.835)	Grad: 2104.3
[Epoch  71 (66.12s)]	ELBO (bits/dim): 2.66540, 2.83667, 2.97145, 3.05641, 3.10825, 3.15137, 3.18056, 3.19906, 3.21140, 3.21724 (3.21723)	Reconstruction error (/dim): 0.06666, 0.05585, 0.04669, 0.04046, 0.03603, 0.03259, 0.03010, 0.02843, 0.02726, 0.02664 (0.02621)	KLD: 3.931, 3.641, 3.265, 2.767, 2.129, 2.185, 1.838, 1.591, 1.402, 1.068 (23.536)	Grad: 2062.6
[Epoch  72 (66.39s)]	ELBO (bits/dim): 2.66751, 2.83890, 2.97523, 3.05946, 3.11108, 3.15370, 3.18219, 3.20049, 3.21249, 3.21833 (3.22190)	Reconstruction error (/dim): 0.06642, 0.05568, 0.04640, 0.04022, 0.03578, 0.03239, 0.02995, 0.02829, 0.02717, 0.02655 (0.02587)	KLD: 3.944, 3.670, 3.274, 2.770, 2.125, 2.176, 1.837, 1.582, 1.386, 1.067 (23.973)	Grad: 2080.9
[Epoch  73 (66.82s)]	ELBO (bits/dim): 2.66873, 2.84107, 2.97719, 3.06159, 3.11325, 3.15597, 3.18429, 3.20250, 3.21450, 3.22036 (3.22161)	Reconstruction error (/dim): 0.06636, 0.05555, 0.04624, 0.04005, 0.03562, 0.03218, 0.02979, 0.02814, 0.02701, 0.02638 (0.02612)	KLD: 3.954, 3.692, 3.283, 2.769, 2.128, 2.183, 1.839, 1.582, 1.381, 1.064 (23.818)	Grad: 1975.7
[Epoch  74 (67.65s)]	ELBO (bits/dim): 2.66791, 2.84117, 2.97613, 3.06002, 3.11177, 3.15498, 3.18363, 3.20172, 3.21385, 3.21970 (3.21725)	Reconstruction error (/dim): 0.06644, 0.05556, 0.04635, 0.04018, 0.03576, 0.03229, 0.02985, 0.02821, 0.02707, 0.02646 (0.02633)	KLD: 3.954, 3.681, 3.277, 2.767, 2.123, 2.185, 1.831, 1.581, 1.384, 1.068 (23.930)	Grad: 2137.9
[Epoch  75 (66.94s)]	ELBO (bits/dim): 2.66731, 2.84058, 2.97311, 3.05677, 3.10863, 3.15163, 3.18095, 3.19933, 3.21146, 3.21746 (3.21711)	Reconstruction error (/dim): 0.06653, 0.05560, 0.04664, 0.04044, 0.03601, 0.03259, 0.03007, 0.02841, 0.02727, 0.02664 (0.02635)	KLD: 3.938, 3.650, 3.260, 2.763, 2.127, 2.186, 1.842, 1.594, 1.396, 1.078 (24.079)	Grad: 2206.5
[Epoch  76 (66.24s)]	ELBO (bits/dim): 2.66798, 2.84163, 2.97708, 3.06032, 3.11215, 3.15477, 3.18367, 3.20192, 3.21390, 3.21976 (3.22228)	Reconstruction error (/dim): 0.06643, 0.05552, 0.04628, 0.04016, 0.03574, 0.03232, 0.02986, 0.02821, 0.02707, 0.02645 (0.02604)	KLD: 3.943, 3.678, 3.274, 2.768, 2.127, 2.191, 1.840, 1.577, 1.383, 1.070 (23.538)	Grad: 2118.1
[Epoch  77 (66.36s)]	ELBO (bits/dim): 2.66923, 2.84357, 2.97744, 3.06132, 3.11302, 3.15575, 3.18447, 3.20283, 3.21512, 3.22088 (3.21934)	Reconstruction error (/dim): 0.06633, 0.05542, 0.04625, 0.04009, 0.03568, 0.03226, 0.02981, 0.02815, 0.02700, 0.02639 (0.02625)	KLD: 3.961, 3.682, 3.271, 2.772, 2.119, 2.187, 1.844, 1.584, 1.390, 1.078 (24.211)	Grad: 2091.5
[Epoch  78 (66.95s)]	ELBO (bits/dim): 2.66948, 2.84399, 2.97730, 3.06088, 3.11255, 3.15566, 3.18413, 3.20231, 3.21473, 3.22045 (3.21641)	Reconstruction error (/dim): 0.06635, 0.05539, 0.04629, 0.04014, 0.03572, 0.03226, 0.02983, 0.02820, 0.02701, 0.02641 (0.02628)	KLD: 3.959, 3.669, 3.269, 2.771, 2.122, 2.188, 1.839, 1.582, 1.400, 1.070 (24.367)	Grad: 2179.2
[Epoch  79 (67.89s)]	ELBO (bits/dim): 2.66991, 2.84393, 2.97908, 3.06261, 3.11412, 3.15699, 3.18501, 3.20325, 3.21532, 3.22106 (3.22038)	Reconstruction error (/dim): 0.06630, 0.05547, 0.04614, 0.04000, 0.03560, 0.03216, 0.02977, 0.02812, 0.02697, 0.02637 (0.02611)	KLD: 3.969, 3.699, 3.282, 2.772, 2.120, 2.188, 1.835, 1.587, 1.393, 1.074 (23.961)	Grad: 2131.1
[Epoch  80 (68.31s)]	ELBO (bits/dim): 2.67052, 2.84471, 2.98006, 3.06383, 3.11528, 3.15793, 3.18615, 3.20440, 3.21643, 3.22218 (3.22209)	Reconstruction error (/dim): 0.06623, 0.05541, 0.04605, 0.03992, 0.03551, 0.03208, 0.02968, 0.02804, 0.02690, 0.02629 (0.02595)	KLD: 3.971, 3.706, 3.276, 2.777, 2.117, 2.189, 1.835, 1.576, 1.382, 1.078 (24.042)	Grad: 2102.6
[Epoch  81 (67.90s)]	ELBO (bits/dim): 2.67097, 2.84481, 2.97979, 3.06321, 3.11463, 3.15719, 3.18545, 3.20349, 3.21570, 3.22139 (3.22258)	Reconstruction error (/dim): 0.06622, 0.05537, 0.04608, 0.03996, 0.03558, 0.03214, 0.02974, 0.02811, 0.02695, 0.02634 (0.02607)	KLD: 3.975, 3.702, 3.282, 2.774, 2.118, 2.192, 1.835, 1.584, 1.384, 1.067 (23.485)	Grad: 2186.9
[Epoch  82 (68.37s)]	ELBO (bits/dim): 2.67133, 2.84673, 2.97998, 3.06314, 3.11470, 3.15750, 3.18562, 3.20381, 3.21621, 3.22200 (3.22311)	Reconstruction error (/dim): 0.06621, 0.05519, 0.04606, 0.03996, 0.03555, 0.03213, 0.02974, 0.02808, 0.02691, 0.02630 (0.02584)	KLD: 3.980, 3.700, 3.271, 2.771, 2.121, 2.191, 1.836, 1.587, 1.390, 1.065 (24.122)	Grad: 2027.2
[Epoch  83 (67.60s)]	ELBO (bits/dim): 2.67085, 2.84536, 2.97959, 3.06239, 3.11376, 3.15653, 3.18444, 3.20262, 3.21468, 3.22039 (3.21214)	Reconstruction error (/dim): 0.06620, 0.05532, 0.04609, 0.04000, 0.03561, 0.03216, 0.02980, 0.02815, 0.02701, 0.02641 (0.02659)	KLD: 3.982, 3.713, 3.272, 2.770, 2.119, 2.189, 1.834, 1.581, 1.392, 1.063 (23.786)	Grad: 2325.8
[Epoch  84 (77.03s)]	ELBO (bits/dim): 2.67134, 2.84527, 2.97824, 3.06055, 3.11168, 3.15457, 3.18255, 3.20043, 3.21261, 3.21837 (3.21907)	Reconstruction error (/dim): 0.06618, 0.05531, 0.04619, 0.04016, 0.03576, 0.03232, 0.02995, 0.02832, 0.02718, 0.02656 (0.02631)	KLD: 3.978, 3.699, 3.260, 2.769, 2.115, 2.195, 1.829, 1.585, 1.391, 1.076 (23.845)	Grad: 2403.5
[Epoch  85 (78.12s)]	ELBO (bits/dim): 2.67219, 2.84766, 2.98028, 3.06236, 3.11354, 3.15638, 3.18449, 3.20258, 3.21490, 3.22086 (3.22060)	Reconstruction error (/dim): 0.06614, 0.05517, 0.04603, 0.04003, 0.03564, 0.03219, 0.02981, 0.02817, 0.02702, 0.02639 (0.02606)	KLD: 3.985, 3.694, 3.266, 2.767, 2.115, 2.192, 1.831, 1.588, 1.389, 1.064 (24.162)	Grad: 2273.1
[Epoch  86 (76.21s)]	ELBO (bits/dim): 2.67267, 2.84661, 2.98040, 3.06347, 3.11478, 3.15767, 3.18537, 3.20351, 3.21572, 3.22165 (3.22345)	Reconstruction error (/dim): 0.06611, 0.05531, 0.04608, 0.03998, 0.03558, 0.03211, 0.02977, 0.02812, 0.02698, 0.02636 (0.02601)	KLD: 3.981, 3.693, 3.267, 2.778, 2.115, 2.196, 1.829, 1.590, 1.388, 1.072 (23.882)	Grad: 2251.0
[Epoch  87 (76.13s)]	ELBO (bits/dim): 2.67295, 2.84760, 2.97948, 3.06237, 3.11383, 3.15696, 3.18503, 3.20299, 3.21548, 3.22131 (3.21537)	Reconstruction error (/dim): 0.06606, 0.05519, 0.04613, 0.04007, 0.03566, 0.03219, 0.02980, 0.02815, 0.02699, 0.02638 (0.02634)	KLD: 3.988, 3.682, 3.257, 2.770, 2.117, 2.197, 1.831, 1.591, 1.396, 1.070 (24.172)	Grad: 2301.7
[Epoch  88 (66.97s)]	ELBO (bits/dim): 2.67339, 2.84975, 2.98059, 3.06362, 3.11506, 3.15821, 3.18624, 3.20405, 3.21628, 3.22213 (3.22068)	Reconstruction error (/dim): 0.06607, 0.05503, 0.04603, 0.03994, 0.03556, 0.03207, 0.02969, 0.02807, 0.02692, 0.02631 (0.02612)	KLD: 3.993, 3.693, 3.253, 2.775, 2.120, 2.200, 1.840, 1.575, 1.382, 1.076 (23.915)	Grad: 2293.4
[Epoch  89 (65.62s)]	ELBO (bits/dim): 2.67450, 2.85037, 2.98097, 3.06382, 3.11532, 3.15851, 3.18632, 3.20431, 3.21669, 3.22246 (3.22096)	Reconstruction error (/dim): 0.06600, 0.05500, 0.04603, 0.03997, 0.03557, 0.03208, 0.02971, 0.02808, 0.02692, 0.02631 (0.02593)	KLD: 3.994, 3.688, 3.256, 2.777, 2.115, 2.203, 1.837, 1.582, 1.388, 1.070 (23.839)	Grad: 2352.8
[Epoch  90 (65.97s)]	ELBO (bits/dim): 2.67404, 2.85012, 2.98135, 3.06394, 3.11536, 3.15860, 3.18641, 3.20418, 3.21619, 3.22202 (3.22239)	Reconstruction error (/dim): 0.06600, 0.05502, 0.04599, 0.03992, 0.03553, 0.03203, 0.02967, 0.02806, 0.02693, 0.02632 (0.02591)	KLD: 3.996, 3.695, 3.259, 2.782, 2.120, 2.207, 1.838, 1.581, 1.378, 1.061 (23.778)	Grad: 2303.5
[Epoch  91 (65.07s)]	ELBO (bits/dim): 2.67364, 2.85017, 2.98335, 3.06532, 3.11661, 3.15914, 3.18676, 3.20442, 3.21645, 3.22211 (3.22115)	Reconstruction error (/dim): 0.06599, 0.05504, 0.04582, 0.03983, 0.03544, 0.03197, 0.02964, 0.02802, 0.02690, 0.02629 (0.02613)	KLD: 3.996, 3.711, 3.268, 2.770, 2.114, 2.195, 1.844, 1.575, 1.368, 1.070 (23.773)	Grad: 2384.1
[Epoch  92 (65.07s)]	ELBO (bits/dim): 2.67407, 2.84966, 2.98495, 3.06683, 3.11794, 3.16037, 3.18807, 3.20575, 3.21743, 3.22317 (3.22355)	Reconstruction error (/dim): 0.06592, 0.05512, 0.04570, 0.03969, 0.03533, 0.03187, 0.02954, 0.02793, 0.02682, 0.02622 (0.02580)	KLD: 3.997, 3.736, 3.281, 2.778, 2.113, 2.200, 1.833, 1.570, 1.369, 1.062 (23.912)	Grad: 2315.1
[Epoch  93 (64.76s)]	ELBO (bits/dim): 2.67387, 2.85004, 2.98376, 3.06565, 3.11673, 3.15890, 3.18674, 3.20464, 3.21664, 3.22253 (3.22398)	Reconstruction error (/dim): 0.06596, 0.05508, 0.04581, 0.03981, 0.03543, 0.03201, 0.02963, 0.02802, 0.02690, 0.02628 (0.02596)	KLD: 3.988, 3.722, 3.277, 2.778, 2.117, 2.199, 1.840, 1.582, 1.365, 1.062 (23.746)	Grad: 2373.7
[Epoch  94 (70.36s)]	ELBO (bits/dim): 2.67529, 2.85287, 2.98531, 3.06732, 3.11846, 3.16100, 3.18885, 3.20654, 3.21868, 3.22449 (3.22267)	Reconstruction error (/dim): 0.06585, 0.05485, 0.04570, 0.03969, 0.03532, 0.03188, 0.02952, 0.02790, 0.02676, 0.02613 (0.02613)	KLD: 4.001, 3.717, 3.271, 2.782, 2.115, 2.203, 1.838, 1.584, 1.385, 1.070 (24.090)	Grad: 2271.2
[Epoch  95 (77.82s)]	ELBO (bits/dim): 2.67554, 2.85374, 2.98450, 3.06675, 3.11807, 3.16054, 3.18814, 3.20598, 3.21817, 3.22400 (3.22269)	Reconstruction error (/dim): 0.06590, 0.05479, 0.04572, 0.03972, 0.03534, 0.03191, 0.02955, 0.02793, 0.02679, 0.02617 (0.02583)	KLD: 4.011, 3.722, 3.262, 2.782, 2.114, 2.206, 1.834, 1.581, 1.386, 1.080 (24.142)	Grad: 2274.5
[Epoch  96 (76.68s)]	ELBO (bits/dim): 2.67595, 2.85258, 2.98224, 3.06459, 3.11574, 3.15895, 3.18639, 3.20417, 3.21634, 3.22234 (3.22213)	Reconstruction error (/dim): 0.06588, 0.05487, 0.04590, 0.03987, 0.03551, 0.03201, 0.02968, 0.02807, 0.02694, 0.02631 (0.02610)	KLD: 4.007, 3.705, 3.252, 2.779, 2.114, 2.209, 1.837, 1.579, 1.380, 1.086 (23.944)	Grad: 2514.6
[Epoch  97 (75.41s)]	ELBO (bits/dim): 2.67638, 2.85368, 2.98577, 3.06774, 3.11909, 3.16129, 3.18874, 3.20640, 3.21840, 3.22403 (3.22150)	Reconstruction error (/dim): 0.06581, 0.05484, 0.04564, 0.03965, 0.03527, 0.03184, 0.02951, 0.02791, 0.02679, 0.02619 (0.02605)	KLD: 4.011, 3.732, 3.268, 2.781, 2.116, 2.201, 1.835, 1.581, 1.378, 1.059 (24.244)	Grad: 2323.6
[Epoch  98 (76.57s)]	ELBO (bits/dim): 2.67578, 2.85306, 2.98602, 3.06760, 3.11889, 3.16083, 3.18855, 3.20607, 3.21781, 3.22351 (3.21754)	Reconstruction error (/dim): 0.06582, 0.05489, 0.04561, 0.03965, 0.03526, 0.03186, 0.02952, 0.02792, 0.02682, 0.02623 (0.02636)	KLD: 4.012, 3.740, 3.273, 2.780, 2.114, 2.200, 1.837, 1.572, 1.376, 1.067 (23.836)	Grad: 2515.0
[Epoch  99 (77.54s)]	ELBO (bits/dim): 2.67625, 2.85424, 2.98679, 3.06752, 3.11884, 3.16078, 3.18850, 3.20606, 3.21781, 3.22360 (3.22593)	Reconstruction error (/dim): 0.06582, 0.05478, 0.04556, 0.03965, 0.03526, 0.03184, 0.02950, 0.02792, 0.02682, 0.02620 (0.02574)	KLD: 4.015, 3.739, 3.271, 2.779, 2.111, 2.205, 1.838, 1.577, 1.373, 1.079 (23.719)	Grad: 2576.9
[Epoch 100 (78.81s)]	ELBO (bits/dim): 2.67703, 2.85522, 2.98726, 3.06793, 3.11919, 3.16112, 3.18886, 3.20656, 3.21835, 3.22406 (3.22292)	Reconstruction error (/dim): 0.06581, 0.05470, 0.04551, 0.03962, 0.03524, 0.03184, 0.02949, 0.02788, 0.02677, 0.02618 (0.02595)	KLD: 4.017, 3.743, 3.279, 2.777, 2.111, 2.203, 1.839, 1.580, 1.368, 1.070 (24.025)	Grad: 2402.4
Best epoch(s): [99]	Training time(s): 7013.01s (7013.01s)	Best ELBO (bits/dim): 3.22449 (3.22593)	Best reconstruction error (/dim): 0.07972 (0.06900)
Avg. mu: 0.017, 0.013, 0.002, 0.017, 0.079, 0.045, -0.024, -0.136, 0.030, 0.205
Avg. var: 0.001, 0.001, 0.002, 0.006, 0.017, 0.019, 0.033, 0.057, 0.088, 0.156
Max. mu: 4.814, 4.301, 3.951, 4.515, 4.450, 4.880, 6.702, 4.130, 3.619, 4.438
Max. var: 0.054, 0.039, 0.035, 0.071, 0.085, 0.205, 0.168, 0.203, 0.588, 0.724
Min. mu: -4.364, -4.315, -3.726, -3.978, -4.126, -3.720, -4.986, -3.982, -5.570, -3.703
Min. var: 0.000, 0.000, 0.000, 0.001, 0.005, 0.003, 0.005, 0.016, 0.015, 0.044
Cov. mu:
[[1.783 -0.473 -0.283 -0.043 0.098 0.102 -0.073 0.004 -0.032 -0.015]
 [-0.473 1.546 -0.088 0.118 -0.048 -0.158 0.132 0.168 0.083 -0.009]
 [-0.283 -0.088 1.050 0.067 0.049 -0.027 -0.013 -0.022 -0.012 -0.005]
 [-0.043 0.118 0.067 0.959 -0.016 -0.054 0.043 -0.010 0.000 0.010]
 [0.098 -0.048 0.049 -0.016 1.046 0.053 0.006 0.033 0.007 -0.025]
 [0.102 -0.158 -0.027 -0.054 0.053 1.102 -0.052 0.056 -0.039 0.037]
 [-0.073 0.132 -0.013 0.043 0.006 -0.052 0.965 0.059 -0.012 -0.081]
 [0.004 0.168 -0.022 -0.010 0.033 0.056 0.059 0.980 -0.035 0.005]
 [-0.032 0.083 -0.012 0.000 0.007 -0.039 -0.012 -0.035 0.917 -0.010]
 [-0.015 -0.009 -0.005 0.010 -0.025 0.037 -0.081 0.005 -0.010 0.901]]
