=================================================================
Layer (type:depth-idx)                   Param #
=================================================================
VAE                                      --
├─Encoder: 1-1                           --
│    └─Conv2d: 2-1                       448
│    └─Conv2d: 2-2                       2,080
│    └─Conv2d: 2-3                       9,248
│    └─Conv2d: 2-4                       8,256
│    └─Conv2d: 2-5                       36,928
│    └─Conv2d: 2-6                       32,896
│    └─Linear: 2-7                       524,544
│    └─Linear: 2-8                       65,792
├─Decoder: 1-2                           --
│    └─Linear: 2-9                       65,792
│    └─Linear: 2-10                      526,336
│    └─ConvTranspose2d: 2-11             32,832
│    └─ConvTranspose2d: 2-12             36,928
│    └─ConvTranspose2d: 2-13             8,224
│    └─ConvTranspose2d: 2-14             9,248
│    └─ConvTranspose2d: 2-15             2,064
│    └─ConvTranspose2d: 2-16             435
=================================================================
Total params: 1,362,051
Trainable params: 1,362,051
Non-trainable params: 0
=================================================================
[Epoch   1 (152.45s)]	ELBO: -18524.156 (-13081.164)	Log prob: -18373.911 (-12919.153)	KLD: 150.245 (162.011)
[Epoch   2 (177.71s)]	ELBO: -11779.941 (-10072.282)	Log prob: -11612.414 (-9884.105)	KLD: 167.528 (188.177)
[Epoch   3 (193.41s)]	ELBO: -9675.425 (-9053.816)	Log prob: -9493.253 (-8868.918)	KLD: 182.171 (184.898)
[Epoch   4 (187.68s)]	ELBO: -8320.930 (-7477.215)	Log prob: -8121.764 (-7270.533)	KLD: 199.166 (206.682)
[Epoch   5 (214.54s)]	ELBO: -6760.102 (-6379.687)	Log prob: -6546.830 (-6170.208)	KLD: 213.272 (209.479)
[Epoch   6 (175.85s)]	ELBO: -6009.895 (-5468.319)	Log prob: -5802.607 (-5255.164)	KLD: 207.288 (213.155)
[Epoch   7 (181.77s)]	ELBO: -5544.934 (-5590.855)	Log prob: -5335.286 (-5382.470)	KLD: 209.648 (208.386)
[Epoch   8 (208.99s)]	ELBO: -5092.851 (-4659.019)	Log prob: -4879.474 (-4442.225)	KLD: 213.378 (216.794)
[Epoch   9 (225.03s)]	ELBO: -4677.649 (-4285.321)	Log prob: -4462.502 (-4064.311)	KLD: 215.147 (221.011)
[Epoch  10 (212.38s)]	ELBO: -4316.357 (-5712.894)	Log prob: -4099.610 (-5492.355)	KLD: 216.747 (220.539)
[Epoch  11 (194.53s)]	ELBO: -4021.475 (-4845.748)	Log prob: -3804.077 (-4625.024)	KLD: 217.397 (220.724)
[Epoch  12 (189.34s)]	ELBO: -3830.272 (-3938.740)	Log prob: -3614.391 (-3722.991)	KLD: 215.881 (215.750)
[Epoch  13 (192.53s)]	ELBO: -3683.270 (-3620.115)	Log prob: -3467.619 (-3393.772)	KLD: 215.651 (226.343)
[Epoch  14 (185.25s)]	ELBO: -3516.649 (-3527.655)	Log prob: -3301.455 (-3318.789)	KLD: 215.194 (208.865)
[Epoch  15 (190.58s)]	ELBO: -3384.245 (-3587.349)	Log prob: -3170.806 (-3374.037)	KLD: 213.440 (213.313)
[Epoch  16 (190.28s)]	ELBO: -3253.655 (-3152.641)	Log prob: -3040.194 (-2936.189)	KLD: 213.461 (216.452)
[Epoch  17 (196.04s)]	ELBO: -3123.946 (-3027.546)	Log prob: -2908.840 (-2813.301)	KLD: 215.106 (214.244)
[Epoch  18 (210.89s)]	ELBO: -3004.184 (-2900.820)	Log prob: -2790.692 (-2687.931)	KLD: 213.492 (212.889)
[Epoch  19 (234.67s)]	ELBO: -2899.835 (-3040.219)	Log prob: -2689.463 (-2825.521)	KLD: 210.372 (214.698)
[Epoch  20 (195.37s)]	ELBO: -2890.053 (-2925.355)	Log prob: -2676.771 (-2712.327)	KLD: 213.282 (213.029)
[Epoch  21 (206.82s)]	ELBO: -2682.314 (-2888.047)	Log prob: -2468.273 (-2676.847)	KLD: 214.042 (211.200)
[Epoch  22 (240.05s)]	ELBO: -2596.335 (-2603.962)	Log prob: -2383.581 (-2382.365)	KLD: 212.754 (221.598)
[Epoch  23 (251.90s)]	ELBO: -2500.713 (-2946.271)	Log prob: -2286.697 (-2730.001)	KLD: 214.016 (216.270)
[Epoch  24 (238.23s)]	ELBO: -2382.115 (-2254.947)	Log prob: -2168.606 (-2038.763)	KLD: 213.509 (216.185)
[Epoch  25 (208.52s)]	ELBO: -2294.398 (-2243.585)	Log prob: -2081.357 (-2029.334)	KLD: 213.041 (214.251)
[Epoch  26 (187.01s)]	ELBO: -2189.307 (-2077.711)	Log prob: -1974.871 (-1862.780)	KLD: 214.436 (214.931)
[Epoch  27 (186.04s)]	ELBO: -2106.362 (-1999.904)	Log prob: -1892.360 (-1793.118)	KLD: 214.002 (206.787)
[Epoch  28 (184.13s)]	ELBO: -2028.373 (-2175.391)	Log prob: -1814.605 (-1964.748)	KLD: 213.768 (210.643)
[Epoch  29 (187.85s)]	ELBO: -1982.059 (-2198.417)	Log prob: -1768.585 (-1987.108)	KLD: 213.474 (211.309)
[Epoch  30 (174.51s)]	ELBO: -1936.085 (-2155.642)	Log prob: -1724.343 (-1943.957)	KLD: 211.742 (211.685)
[Epoch  31 (178.90s)]	ELBO: -1900.710 (-2284.762)	Log prob: -1688.900 (-2072.418)	KLD: 211.810 (212.344)
[Epoch  32 (196.31s)]	ELBO: -1861.987 (-1698.469)	Log prob: -1648.655 (-1486.383)	KLD: 213.332 (212.085)
[Epoch  33 (184.53s)]	ELBO: -1700.039 (-1764.043)	Log prob: -1487.213 (-1551.639)	KLD: 212.826 (212.404)
[Epoch  34 (168.77s)]	ELBO: -1639.383 (-1608.406)	Log prob: -1426.059 (-1402.017)	KLD: 213.324 (206.389)
[Epoch  35 (188.38s)]	ELBO: -1563.675 (-1872.589)	Log prob: -1348.820 (-1658.152)	KLD: 214.855 (214.437)
[Epoch  36 (205.88s)]	ELBO: -1466.564 (-1483.109)	Log prob: -1252.041 (-1267.732)	KLD: 214.523 (215.377)
[Epoch  37 (209.15s)]	ELBO: -1401.092 (-1514.615)	Log prob: -1186.628 (-1297.762)	KLD: 214.464 (216.853)
[Epoch  38 (192.81s)]	ELBO: -1355.618 (-1421.116)	Log prob: -1140.930 (-1206.553)	KLD: 214.687 (214.563)
[Epoch  39 (170.82s)]	ELBO: -1329.980 (-1624.089)	Log prob: -1115.631 (-1411.911)	KLD: 214.349 (212.179)
[Epoch  40 (173.73s)]	ELBO: -1296.256 (-1478.151)	Log prob: -1081.928 (-1263.725)	KLD: 214.328 (214.425)
[Epoch  41 (172.21s)]	ELBO: -1268.326 (-1318.588)	Log prob: -1053.801 (-1102.356)	KLD: 214.525 (216.232)
[Epoch  42 (174.34s)]	ELBO: -1198.431 (-1264.237)	Log prob: -984.180 (-1052.319)	KLD: 214.252 (211.919)
[Epoch  43 (172.67s)]	ELBO: -1143.093 (-1286.085)	Log prob: -928.970 (-1078.560)	KLD: 214.123 (207.525)
[Epoch  44 (176.66s)]	ELBO: -1129.659 (-1348.086)	Log prob: -915.808 (-1132.070)	KLD: 213.850 (216.016)
[Epoch  45 (199.40s)]	ELBO: -1106.914 (-1621.823)	Log prob: -893.123 (-1415.682)	KLD: 213.791 (206.141)
[Epoch  46 (175.35s)]	ELBO: -1097.595 (-1159.217)	Log prob: -883.126 (-946.104)	KLD: 214.468 (213.113)
[Epoch  47 (129.45s)]	ELBO: -1056.465 (-999.374)	Log prob: -842.779 (-786.210)	KLD: 213.686 (213.164)
[Epoch  48 (151.27s)]	ELBO: -1009.899 (-1186.591)	Log prob: -797.124 (-974.600)	KLD: 212.775 (211.991)
[Epoch  49 (161.34s)]	ELBO: -979.889 (-1126.787)	Log prob: -766.368 (-911.401)	KLD: 213.521 (215.386)
[Epoch  50 (159.55s)]	ELBO: -933.157 (-1232.792)	Log prob: -719.873 (-1021.093)	KLD: 213.284 (211.699)
[Epoch  51 (150.33s)]	ELBO: -904.147 (-918.200)	Log prob: -690.510 (-698.704)	KLD: 213.637 (219.497)
[Epoch  52 (146.08s)]	ELBO: -826.389 (-883.063)	Log prob: -612.889 (-674.391)	KLD: 213.500 (208.671)
[Epoch  53 (147.34s)]	ELBO: -808.109 (-982.971)	Log prob: -593.815 (-768.242)	KLD: 214.294 (214.730)
[Epoch  54 (148.66s)]	ELBO: -724.257 (-723.568)	Log prob: -509.712 (-508.755)	KLD: 214.545 (214.813)
[Epoch  55 (145.74s)]	ELBO: -670.112 (-703.159)	Log prob: -454.493 (-489.558)	KLD: 215.620 (213.601)
[Epoch  56 (151.01s)]	ELBO: -643.954 (-615.324)	Log prob: -428.289 (-398.944)	KLD: 215.665 (216.380)
[Epoch  57 (169.46s)]	ELBO: -613.567 (-638.512)	Log prob: -398.502 (-426.494)	KLD: 215.064 (212.018)
[Epoch  58 (186.05s)]	ELBO: -598.438 (-609.428)	Log prob: -383.716 (-396.114)	KLD: 214.722 (213.313)
[Epoch  59 (159.87s)]	ELBO: -564.384 (-625.560)	Log prob: -350.390 (-409.548)	KLD: 213.994 (216.012)
[Epoch  60 (203.56s)]	ELBO: -588.107 (-606.992)	Log prob: -373.221 (-392.057)	KLD: 214.886 (214.935)
[Epoch  61 (247.31s)]	ELBO: -535.728 (-650.250)	Log prob: -321.583 (-434.880)	KLD: 214.145 (215.370)
[Epoch  62 (221.63s)]	ELBO: -546.628 (-621.479)	Log prob: -332.414 (-404.615)	KLD: 214.214 (216.864)
[Epoch  63 (219.93s)]	ELBO: -526.857 (-573.759)	Log prob: -313.232 (-356.274)	KLD: 213.624 (217.486)
[Epoch  64 (190.86s)]	ELBO: -517.230 (-579.005)	Log prob: -302.967 (-368.110)	KLD: 214.263 (210.894)
[Epoch  65 (202.34s)]	ELBO: -520.800 (-961.184)	Log prob: -306.639 (-750.047)	KLD: 214.161 (211.137)
[Epoch  66 (176.87s)]	ELBO: -493.097 (-626.240)	Log prob: -279.669 (-410.224)	KLD: 213.428 (216.016)
[Epoch  67 (191.90s)]	ELBO: -490.542 (-623.532)	Log prob: -276.644 (-408.909)	KLD: 213.898 (214.623)
[Epoch  68 (188.93s)]	ELBO: -474.712 (-626.829)	Log prob: -261.331 (-412.049)	KLD: 213.381 (214.780)
[Epoch  69 (190.64s)]	ELBO: -484.798 (-660.659)	Log prob: -271.593 (-441.022)	KLD: 213.205 (219.638)
[Epoch  70 (193.11s)]	ELBO: -454.489 (-519.938)	Log prob: -241.004 (-304.201)	KLD: 213.485 (215.738)
[Epoch  71 (214.48s)]	ELBO: -459.414 (-616.006)	Log prob: -246.225 (-401.565)	KLD: 213.189 (214.441)
[Epoch  72 (208.20s)]	ELBO: -433.010 (-697.584)	Log prob: -219.717 (-485.468)	KLD: 213.294 (212.116)
[Epoch  73 (182.19s)]	ELBO: -431.018 (-476.919)	Log prob: -217.767 (-258.583)	KLD: 213.251 (218.336)
[Epoch  74 (204.68s)]	ELBO: -390.776 (-433.724)	Log prob: -176.586 (-218.344)	KLD: 214.189 (215.380)
[Epoch  75 (228.96s)]	ELBO: -382.016 (-378.365)	Log prob: -168.151 (-161.407)	KLD: 213.864 (216.958)
[Epoch  76 (233.35s)]	ELBO: -343.860 (-454.895)	Log prob: -130.357 (-238.136)	KLD: 213.503 (216.760)
[Epoch  77 (220.37s)]	ELBO: -339.905 (-665.886)	Log prob: -126.590 (-453.089)	KLD: 213.315 (212.797)
[Epoch  78 (204.72s)]	ELBO: -338.336 (-423.815)	Log prob: -124.185 (-207.570)	KLD: 214.151 (216.244)
[Epoch  79 (194.46s)]	ELBO: -309.604 (-573.561)	Log prob: -95.603 (-356.995)	KLD: 214.001 (216.566)
[Epoch  80 (179.37s)]	ELBO: -278.437 (-350.149)	Log prob: -64.303 (-138.066)	KLD: 214.134 (212.082)
[Epoch  81 (180.11s)]	ELBO: -259.111 (-1236.526)	Log prob: -45.308 (-1022.455)	KLD: 213.803 (214.072)
[Epoch  82 (178.41s)]	ELBO: -261.918 (-343.835)	Log prob: -48.017 (-130.306)	KLD: 213.902 (213.528)
[Epoch  83 (187.59s)]	ELBO: -258.305 (-401.751)	Log prob: -44.678 (-187.240)	KLD: 213.627 (214.511)
[Epoch  84 (186.73s)]	ELBO: -221.016 (-580.555)	Log prob: -7.623 (-368.025)	KLD: 213.392 (212.531)
[Epoch  85 (195.56s)]	ELBO: -218.400 (-371.797)	Log prob: -4.947 (-156.852)	KLD: 213.453 (214.945)
[Epoch  86 (168.26s)]	ELBO: -174.551 (-426.413)	Log prob: 39.513 (-214.317)	KLD: 214.063 (212.096)
[Epoch  87 (194.83s)]	ELBO: -177.615 (-348.476)	Log prob: 36.572 (-135.208)	KLD: 214.187 (213.268)
[Epoch  88 (202.25s)]	ELBO: -149.891 (-330.951)	Log prob: 63.524 (-110.414)	KLD: 213.415 (220.537)
[Epoch  89 (207.18s)]	ELBO: -141.202 (-351.998)	Log prob: 73.073 (-131.537)	KLD: 214.274 (220.461)
[Epoch  90 (180.68s)]	ELBO: -127.226 (-315.685)	Log prob: 87.080 (-97.556)	KLD: 214.306 (218.130)
[Epoch  91 (168.48s)]	ELBO: -116.752 (-439.392)	Log prob: 97.099 (-226.263)	KLD: 213.851 (213.129)
[Epoch  92 (171.68s)]	ELBO: -100.251 (-224.849)	Log prob: 114.137 (-10.779)	KLD: 214.388 (214.071)
[Epoch  93 (173.03s)]	ELBO: -70.802 (-157.528)	Log prob: 143.231 (59.258)	KLD: 214.034 (216.786)
[Epoch  94 (174.79s)]	ELBO: -56.807 (-187.241)	Log prob: 157.142 (29.255)	KLD: 213.949 (216.495)
[Epoch  95 (176.08s)]	ELBO: -44.801 (-271.090)	Log prob: 169.103 (-55.040)	KLD: 213.903 (216.050)
[Epoch  96 (200.34s)]	ELBO: -43.201 (-365.025)	Log prob: 171.058 (-146.351)	KLD: 214.259 (218.674)
[Epoch  97 (174.67s)]	ELBO: -37.718 (-245.212)	Log prob: 176.539 (-36.805)	KLD: 214.257 (208.407)
[Epoch  98 (178.78s)]	ELBO: -7.491 (-410.811)	Log prob: 207.239 (-192.663)	KLD: 214.730 (218.148)
[Epoch  99 (201.55s)]	ELBO: 16.925 (-265.727)	Log prob: 231.322 (-47.698)	KLD: 214.397 (218.029)
[Epoch 100 (205.19s)]	ELBO: 61.555 (-187.072)	Log prob: 276.442 (29.627)	KLD: 214.886 (216.699)
[Epoch 101 (198.22s)]	ELBO: 61.153 (-122.375)	Log prob: 276.746 (86.581)	KLD: 215.593 (208.956)
[Epoch 102 (176.04s)]	ELBO: 104.611 (-153.738)	Log prob: 319.813 (59.700)	KLD: 215.202 (213.438)
[Epoch 103 (173.01s)]	ELBO: 99.794 (-150.060)	Log prob: 315.216 (71.620)	KLD: 215.422 (221.680)
[Epoch 104 (175.03s)]	ELBO: 129.191 (-62.430)	Log prob: 344.495 (153.286)	KLD: 215.305 (215.715)
[Epoch 105 (173.02s)]	ELBO: 137.811 (-199.468)	Log prob: 352.585 (18.222)	KLD: 214.774 (217.689)
[Epoch 106 (179.97s)]	ELBO: 140.033 (-85.439)	Log prob: 355.082 (130.383)	KLD: 215.049 (215.822)
[Epoch 107 (191.52s)]	ELBO: 146.683 (-218.212)	Log prob: 362.121 (-2.526)	KLD: 215.438 (215.686)
[Epoch 108 (189.79s)]	ELBO: 152.276 (-28.582)	Log prob: 368.068 (187.860)	KLD: 215.792 (216.442)
[Epoch 109 (171.85s)]	ELBO: 199.792 (-69.451)	Log prob: 414.743 (144.677)	KLD: 214.950 (214.127)
[Epoch 110 (195.66s)]	ELBO: 193.058 (93.033)	Log prob: 408.584 (305.409)	KLD: 215.526 (212.375)
[Epoch 111 (206.69s)]	ELBO: 207.573 (-162.715)	Log prob: 422.873 (55.595)	KLD: 215.300 (218.310)
[Epoch 112 (209.31s)]	ELBO: 225.649 (-396.268)	Log prob: 440.849 (-181.488)	KLD: 215.200 (214.780)
[Epoch 113 (179.88s)]	ELBO: 221.012 (-60.224)	Log prob: 436.321 (157.479)	KLD: 215.309 (217.703)
[Epoch 114 (173.46s)]	ELBO: 242.671 (-60.498)	Log prob: 458.128 (157.002)	KLD: 215.457 (217.499)
[Epoch 115 (178.66s)]	ELBO: 233.553 (61.981)	Log prob: 449.161 (277.057)	KLD: 215.608 (215.076)
[Epoch 116 (172.14s)]	ELBO: 256.749 (106.121)	Log prob: 471.521 (318.846)	KLD: 214.772 (212.724)
[Epoch 117 (177.06s)]	ELBO: 243.856 (-69.279)	Log prob: 458.818 (145.169)	KLD: 214.961 (214.448)
[Epoch 118 (184.52s)]	ELBO: 278.382 (97.180)	Log prob: 493.467 (307.293)	KLD: 215.085 (210.113)
[Epoch 119 (198.85s)]	ELBO: 251.951 (-459.511)	Log prob: 467.619 (-240.240)	KLD: 215.668 (219.270)
[Epoch 120 (166.90s)]	ELBO: 266.007 (21.740)	Log prob: 481.302 (238.079)	KLD: 215.295 (216.340)
[Epoch 121 (186.52s)]	ELBO: 283.780 (5.189)	Log prob: 498.923 (216.308)	KLD: 215.142 (211.119)
[Epoch 122 (210.78s)]	ELBO: 286.939 (97.237)	Log prob: 501.818 (314.856)	KLD: 214.880 (217.619)
[Epoch 123 (201.78s)]	ELBO: 292.947 (131.263)	Log prob: 508.115 (349.263)	KLD: 215.169 (218.000)
[Epoch 124 (189.48s)]	ELBO: 301.970 (190.969)	Log prob: 516.923 (405.778)	KLD: 214.953 (214.809)
[Epoch 125 (170.60s)]	ELBO: 305.604 (170.349)	Log prob: 520.458 (385.516)	KLD: 214.854 (215.167)
[Epoch 126 (177.94s)]	ELBO: 333.005 (16.541)	Log prob: 547.895 (235.355)	KLD: 214.890 (218.814)
[Epoch 127 (169.06s)]	ELBO: 357.869 (173.479)	Log prob: 572.814 (387.743)	KLD: 214.945 (214.264)
[Epoch 128 (174.86s)]	ELBO: 346.282 (160.828)	Log prob: 561.458 (375.877)	KLD: 215.177 (215.049)
[Epoch 129 (173.33s)]	ELBO: 355.430 (87.951)	Log prob: 570.352 (300.437)	KLD: 214.921 (212.486)
[Epoch 130 (195.97s)]	ELBO: 364.018 (255.543)	Log prob: 579.078 (466.250)	KLD: 215.060 (210.707)
[Epoch 131 (172.62s)]	ELBO: 388.667 (245.727)	Log prob: 603.546 (459.788)	KLD: 214.879 (214.061)
[Epoch 132 (179.52s)]	ELBO: 370.529 (82.607)	Log prob: 585.463 (298.916)	KLD: 214.934 (216.309)
[Epoch 133 (196.53s)]	ELBO: 376.931 (150.080)	Log prob: 592.133 (363.137)	KLD: 215.201 (213.057)
[Epoch 134 (207.80s)]	ELBO: 377.031 (279.210)	Log prob: 591.940 (494.103)	KLD: 214.909 (214.892)
[Epoch 135 (196.05s)]	ELBO: 399.526 (210.823)	Log prob: 613.953 (427.240)	KLD: 214.427 (216.418)
[Epoch 136 (174.61s)]	ELBO: 397.919 (146.757)	Log prob: 612.587 (359.997)	KLD: 214.668 (213.240)
[Epoch 137 (172.01s)]	ELBO: 398.576 (126.334)	Log prob: 613.849 (341.134)	KLD: 215.273 (214.799)
[Epoch 138 (168.74s)]	ELBO: 404.391 (201.293)	Log prob: 619.381 (416.246)	KLD: 214.990 (214.953)
[Epoch 139 (173.86s)]	ELBO: 392.926 (232.371)	Log prob: 607.587 (449.456)	KLD: 214.661 (217.085)
[Epoch 140 (170.88s)]	ELBO: 404.850 (-200.675)	Log prob: 619.895 (14.292)	KLD: 215.045 (214.966)
[Epoch 141 (191.67s)]	ELBO: 418.412 (126.088)	Log prob: 632.862 (339.989)	KLD: 214.450 (213.901)
[Epoch 142 (184.74s)]	ELBO: 406.376 (157.050)	Log prob: 621.026 (374.146)	KLD: 214.650 (217.096)
[Epoch 143 (164.21s)]	ELBO: 436.270 (185.958)	Log prob: 650.872 (401.652)	KLD: 214.602 (215.694)
[Epoch 144 (198.07s)]	ELBO: 427.796 (181.861)	Log prob: 642.605 (396.389)	KLD: 214.809 (214.528)
[Epoch 145 (205.73s)]	ELBO: 438.862 (140.722)	Log prob: 652.962 (355.434)	KLD: 214.100 (214.712)
[Epoch 146 (208.06s)]	ELBO: 434.034 (254.957)	Log prob: 648.458 (469.700)	KLD: 214.423 (214.743)
[Epoch 147 (180.36s)]	ELBO: 459.602 (166.821)	Log prob: 673.882 (385.038)	KLD: 214.280 (218.217)
[Epoch 148 (167.58s)]	ELBO: 450.469 (67.075)	Log prob: 665.192 (276.905)	KLD: 214.723 (209.830)
[Epoch 149 (168.63s)]	ELBO: 454.510 (92.054)	Log prob: 669.538 (307.590)	KLD: 215.028 (215.536)
[Epoch 150 (171.16s)]	ELBO: 475.136 (235.338)	Log prob: 689.635 (449.592)	KLD: 214.499 (214.254)
[Epoch 151 (171.00s)]	ELBO: 489.915 (166.948)	Log prob: 704.885 (383.029)	KLD: 214.970 (216.081)
[Epoch 152 (182.79s)]	ELBO: 488.829 (251.790)	Log prob: 703.408 (465.548)	KLD: 214.579 (213.758)
[Epoch 153 (190.57s)]	ELBO: 477.398 (300.383)	Log prob: 692.161 (516.617)	KLD: 214.763 (216.233)
[Epoch 154 (177.42s)]	ELBO: 508.735 (255.216)	Log prob: 722.929 (471.146)	KLD: 214.194 (215.930)
[Epoch 155 (178.60s)]	ELBO: 513.297 (270.467)	Log prob: 727.602 (482.661)	KLD: 214.304 (212.193)
[Epoch 156 (203.14s)]	ELBO: 513.987 (149.174)	Log prob: 728.247 (361.850)	KLD: 214.260 (212.677)
[Epoch 157 (206.90s)]	ELBO: 502.290 (227.220)	Log prob: 717.120 (443.303)	KLD: 214.829 (216.083)
[Epoch 158 (196.04s)]	ELBO: 521.545 (172.355)	Log prob: 735.746 (384.674)	KLD: 214.201 (212.319)
[Epoch 159 (175.52s)]	ELBO: 506.620 (247.208)	Log prob: 721.107 (461.735)	KLD: 214.488 (214.527)
[Epoch 160 (171.64s)]	ELBO: 529.763 (191.403)	Log prob: 744.128 (406.307)	KLD: 214.366 (214.904)
[Epoch 161 (177.24s)]	ELBO: 525.506 (261.908)	Log prob: 739.721 (474.175)	KLD: 214.215 (212.267)
[Epoch 162 (171.05s)]	ELBO: 521.328 (145.492)	Log prob: 735.655 (358.634)	KLD: 214.326 (213.142)
[Epoch 163 (174.33s)]	ELBO: 525.216 (308.177)	Log prob: 739.530 (520.335)	KLD: 214.314 (212.158)
[Epoch 164 (194.80s)]	ELBO: 537.486 (203.142)	Log prob: 751.659 (418.287)	KLD: 214.173 (215.145)
[Epoch 165 (187.02s)]	ELBO: 540.978 (328.594)	Log prob: 755.403 (539.271)	KLD: 214.425 (210.676)
[Epoch 166 (166.30s)]	ELBO: 544.878 (251.551)	Log prob: 759.568 (464.940)	KLD: 214.690 (213.389)
[Epoch 167 (203.37s)]	ELBO: 554.137 (279.458)	Log prob: 768.390 (495.313)	KLD: 214.253 (215.856)
[Epoch 168 (208.75s)]	ELBO: 563.132 (336.988)	Log prob: 777.852 (553.025)	KLD: 214.720 (216.037)
[Epoch 169 (202.65s)]	ELBO: 579.278 (273.575)	Log prob: 793.801 (494.025)	KLD: 214.522 (220.450)
[Epoch 170 (178.14s)]	ELBO: 583.088 (332.868)	Log prob: 798.080 (548.967)	KLD: 214.992 (216.099)
[Epoch 171 (171.69s)]	ELBO: 598.741 (282.634)	Log prob: 813.234 (498.535)	KLD: 214.493 (215.901)
[Epoch 172 (169.91s)]	ELBO: 585.546 (287.276)	Log prob: 800.428 (504.865)	KLD: 214.882 (217.589)
[Epoch 173 (171.76s)]	ELBO: 586.389 (75.585)	Log prob: 801.272 (290.695)	KLD: 214.883 (215.110)
[Epoch 174 (173.97s)]	ELBO: 605.383 (270.916)	Log prob: 819.953 (487.988)	KLD: 214.570 (217.072)
[Epoch 175 (179.57s)]	ELBO: 610.214 (432.264)	Log prob: 824.975 (645.378)	KLD: 214.761 (213.114)
[Epoch 176 (194.93s)]	ELBO: 627.475 (415.964)	Log prob: 841.841 (631.498)	KLD: 214.365 (215.534)
[Epoch 177 (172.03s)]	ELBO: 623.536 (258.206)	Log prob: 838.479 (470.774)	KLD: 214.943 (212.569)
[Epoch 178 (178.49s)]	ELBO: 625.978 (325.473)	Log prob: 840.799 (538.056)	KLD: 214.821 (212.583)
[Epoch 179 (197.68s)]	ELBO: 620.774 (202.914)	Log prob: 836.046 (421.086)	KLD: 215.272 (218.171)
[Epoch 180 (201.32s)]	ELBO: 649.732 (467.510)	Log prob: 864.901 (680.700)	KLD: 215.169 (213.190)
[Epoch 181 (199.35s)]	ELBO: 656.075 (148.059)	Log prob: 870.719 (367.266)	KLD: 214.643 (219.208)
[Epoch 182 (169.37s)]	ELBO: 645.321 (441.551)	Log prob: 860.658 (655.808)	KLD: 215.337 (214.257)
[Epoch 183 (172.84s)]	ELBO: 665.690 (484.725)	Log prob: 880.558 (699.190)	KLD: 214.868 (214.465)
[Epoch 184 (170.84s)]	ELBO: 674.071 (327.318)	Log prob: 888.967 (541.220)	KLD: 214.897 (213.902)
[Epoch 185 (170.44s)]	ELBO: 668.551 (383.879)	Log prob: 883.394 (599.978)	KLD: 214.843 (216.099)
[Epoch 186 (176.21s)]	ELBO: 669.115 (451.814)	Log prob: 883.788 (665.508)	KLD: 214.673 (213.693)
[Epoch 187 (191.68s)]	ELBO: 168.319 (385.970)	Log prob: 388.409 (598.604)	KLD: 220.090 (212.634)
[Epoch 188 (170.83s)]	ELBO: 728.030 (287.383)	Log prob: 942.074 (501.116)	KLD: 214.045 (213.733)
[Epoch 189 (185.79s)]	ELBO: 702.528 (334.098)	Log prob: 916.579 (546.941)	KLD: 214.050 (212.843)
[Epoch 190 (202.70s)]	ELBO: 688.171 (360.128)	Log prob: 902.581 (575.725)	KLD: 214.410 (215.597)
[Epoch 191 (201.27s)]	ELBO: 692.729 (400.396)	Log prob: 907.215 (615.441)	KLD: 214.486 (215.046)
[Epoch 192 (189.23s)]	ELBO: 696.392 (389.824)	Log prob: 911.056 (603.608)	KLD: 214.664 (213.785)
[Epoch 193 (167.51s)]	ELBO: 695.668 (355.299)	Log prob: 909.982 (567.218)	KLD: 214.313 (211.919)
[Epoch 194 (169.00s)]	ELBO: 680.688 (378.402)	Log prob: 895.292 (593.342)	KLD: 214.603 (214.940)
[Epoch 195 (165.81s)]	ELBO: 699.447 (271.349)	Log prob: 913.614 (485.826)	KLD: 214.167 (214.477)
[Epoch 196 (162.56s)]	ELBO: 699.532 (-5.405)	Log prob: 914.152 (209.605)	KLD: 214.619 (215.010)
[Epoch 197 (137.25s)]	ELBO: 690.738 (378.784)	Log prob: 905.650 (592.960)	KLD: 214.912 (214.176)
[Epoch 198 (138.76s)]	ELBO: 711.238 (477.682)	Log prob: 925.797 (693.142)	KLD: 214.559 (215.459)
[Epoch 199 (148.79s)]	ELBO: 704.099 (499.084)	Log prob: 918.264 (713.507)	KLD: 214.165 (214.423)
[Epoch 200 (138.79s)]	ELBO: 712.810 (362.780)	Log prob: 927.062 (575.631)	KLD: 214.252 (212.851)
Best epoch(s): [199]	Training time(s): 37056.83s (37056.83s)	Best ELBO: 728.030 (499.084)	Best log prob: 942.074 (713.507)
Avg. mu: -0.244, -0.084, 0.128, -0.136, -0.013, 0.061, 0.070, -0.343, 0.008, 0.178, -0.395, 0.079, -0.365, 0.037, -0.326, 0.170, -0.156, -0.106, 0.089, 0.319, -0.076, 0.235, -0.354, -0.361, -0.081, -0.238, 0.530, 0.113, -0.057, 0.184, 0.568, -0.123, 0.098, 0.205, 0.244, 0.158, 0.095, -0.051, -0.099, 0.160, 0.044, 0.162, -0.004, -0.328, -0.184, 0.010, 0.212, 0.160, -0.445, 0.166, 0.044, 0.078, -0.070, -0.206, -0.126, -0.029, -0.186, 0.069, 0.021, 0.004, 0.019, -0.027, 0.310, -0.125
Avg. var: 0.008, 0.010, 0.007, 0.001, 0.006, 0.003, 0.004, 0.006, 0.015, 0.007, 0.009, 0.002, 0.006, 0.003, 0.008, 0.005, 0.004, 0.002, 0.003, 0.004, 0.003, 0.004, 0.011, 0.013, 0.013, 0.005, 0.006, 0.004, 0.006, 0.010, 0.004, 0.006, 0.002, 0.003, 0.006, 0.002, 0.002, 0.001, 0.003, 0.003, 0.005, 0.006, 0.000, 0.004, 0.013, 0.007, 0.005, 0.003, 0.003, 0.005, 0.003, 0.003, 0.003, 0.011, 0.007, 0.002, 0.001, 0.015, 0.001, 0.004, 0.007, 0.004, 0.007, 0.000
Max. mu: 4.901, 4.765, 7.712, 9.839, 4.420, 6.808, 5.933, 4.764, 3.768, 6.495, 3.879, 7.336, 6.188, 6.574, 4.239, 7.670, 5.925, 8.225, 5.635, 8.452, 5.650, 6.236, 6.278, 4.959, 4.987, 6.845, 6.336, 8.117, 6.245, 4.330, 7.848, 5.838, 8.649, 6.790, 4.344, 8.946, 8.878, 9.072, 10.657, 7.254, 5.699, 7.794, 7.416, 4.736, 5.335, 7.740, 4.305, 7.043, 6.559, 5.746, 5.285, 7.469, 4.896, 3.706, 5.342, 8.277, 6.544, 5.685, 5.433, 8.423, 6.260, 7.920, 4.491, 5.653
Max. var: 0.052, 0.131, 0.081, 0.019, 0.045, 0.024, 0.068, 0.107, 0.085, 0.053, 0.070, 0.024, 0.048, 0.029, 0.102, 0.066, 0.036, 0.020, 0.027, 0.033, 0.028, 0.063, 0.078, 0.074, 0.123, 0.046, 0.054, 0.036, 0.056, 0.141, 0.046, 0.061, 0.035, 0.037, 0.058, 0.028, 0.049, 0.012, 0.038, 0.031, 0.058, 0.078, 0.009, 0.039, 0.081, 0.039, 0.053, 0.034, 0.087, 0.060, 0.065, 0.024, 0.085, 0.095, 0.059, 0.024, 0.037, 0.112, 0.098, 0.041, 0.095, 0.044, 0.087, 0.013
Min. mu: -5.945, -5.367, -4.901, -6.112, -4.878, -6.333, -8.149, -6.654, -3.874, -6.889, -4.951, -6.943, -5.308, -7.478, -4.960, -6.756, -7.393, -8.908, -4.869, -7.263, -5.690, -6.681, -5.805, -5.710, -4.716, -7.122, -4.025, -5.379, -6.273, -3.961, -5.891, -5.048, -6.938, -6.932, -4.031, -7.079, -6.567, -8.436, -8.492, -6.843, -4.407, -5.207, -8.391, -5.943, -5.161, -6.414, -4.724, -7.761, -5.706, -5.325, -6.326, -6.548, -4.444, -4.441, -5.886, -8.823, -8.624, -4.205, -4.918, -8.147, -4.872, -6.801, -4.603, -7.332
Min. var: 0.000, 0.000, 0.000, 0.000, 0.000, 0.000, 0.000, 0.000, 0.000, 0.000, 0.000, 0.000, 0.000, 0.000, 0.000, 0.000, 0.000, 0.000, 0.000, 0.000, 0.000, 0.000, 0.000, 0.000, 0.000, 0.000, 0.000, 0.000, 0.000, 0.000, 0.000, 0.000, 0.000, 0.000, 0.000, 0.000, 0.000, 0.000, 0.000, 0.000, 0.000, 0.000, 0.000, 0.000, 0.000, 0.000, 0.000, 0.000, 0.000, 0.000, 0.000, 0.000, 0.000, 0.000, 0.000, 0.000, 0.000, 0.000, 0.000, 0.000, 0.000, 0.000, 0.000, 0.000
Cov. mu:
[[1.025 0.000 -0.034 ... -0.101 0.146 -0.146]
 [0.000 1.215 -0.206 ... -0.104 -0.068 -0.089]
 [-0.034 -0.206 1.470 ... -0.043 0.007 0.125]
 ...
 [-0.101 -0.104 -0.043 ... 2.417 -0.170 -0.584]
 [0.146 -0.068 0.007 ... -0.170 0.956 0.215]
 [-0.146 -0.089 0.125 ... -0.584 0.215 1.789]]
