Seed: 2019
=================================================================
Layer (type:depth-idx)                   Param #
=================================================================
RNN                                      --
├─Canvas: 1-1                            --
│    └─Linear: 2-1                       784
├─Encoder: 1-2                           --
│    └─Linear: 2-2                       76,930
│    └─Linear: 2-3                       9,702
├─ModuleList: 1-3                        --
│    └─EncoderToLatents: 2-4             --
│    │    └─Linear: 3-1                  99
│    │    └─Linear: 3-2                  99
│    └─EncoderToLatents: 2-5             --
│    │    └─Linear: 3-3                  99
│    │    └─Linear: 3-4                  99
│    └─EncoderToLatents: 2-6             --
│    │    └─Linear: 3-5                  99
│    │    └─Linear: 3-6                  99
│    └─EncoderToLatents: 2-7             --
│    │    └─Linear: 3-7                  99
│    │    └─Linear: 3-8                  99
│    └─EncoderToLatents: 2-8             --
│    │    └─Linear: 3-9                  99
│    │    └─Linear: 3-10                 99
│    └─EncoderToLatents: 2-9             --
│    │    └─Linear: 3-11                 99
│    │    └─Linear: 3-12                 99
│    └─EncoderToLatents: 2-10            --
│    │    └─Linear: 3-13                 99
│    │    └─Linear: 3-14                 99
│    └─EncoderToLatents: 2-11            --
│    │    └─Linear: 3-15                 99
│    │    └─Linear: 3-16                 99
│    └─EncoderToLatents: 2-12            --
│    │    └─Linear: 3-17                 99
│    │    └─Linear: 3-18                 99
│    └─EncoderToLatents: 2-13            --
│    │    └─Linear: 3-19                 99
│    │    └─Linear: 3-20                 99
├─LatentsToLatents: 1-4                  --
│    └─Linear: 2-14                      20
│    └─Linear: 2-15                      5
│    └─Linear: 2-16                      5
├─ModuleList: 1-5                        --
│    └─LatentsToDecoder: 2-17            --
│    │    └─Linear: 3-21                 196
│    └─LatentsToDecoder: 2-18            --
│    │    └─Linear: 3-22                 196
│    └─LatentsToDecoder: 2-19            --
│    │    └─Linear: 3-23                 196
│    └─LatentsToDecoder: 2-20            --
│    │    └─Linear: 3-24                 196
│    └─LatentsToDecoder: 2-21            --
│    │    └─Linear: 3-25                 196
│    └─LatentsToDecoder: 2-22            --
│    │    └─Linear: 3-26                 196
│    └─LatentsToDecoder: 2-23            --
│    │    └─Linear: 3-27                 196
│    └─LatentsToDecoder: 2-24            --
│    │    └─Linear: 3-28                 196
│    └─LatentsToDecoder: 2-25            --
│    │    └─Linear: 3-29                 196
│    └─LatentsToDecoder: 2-26            --
│    │    └─Linear: 3-30                 196
├─Decoder: 1-6                           --
│    └─Linear: 2-27                      9,702
│    └─Linear: 2-28                      77,616
=================================================================
Total params: 178,704
Trainable params: 178,704
Non-trainable params: 0
=================================================================
[Epoch   1 (67.03s)]	ELBO (bits/dim): 2.17886, 2.32869, 2.37850, 2.40960, 2.41792, 2.42047, 2.41856, 2.41532, 2.40731, 2.40181 (2.61156)	Reconstruction error (/dim): 0.08054, 0.07736, 0.07596, 0.07604, 0.07676, 0.07699, 0.07747, 0.07797, 0.07870, 0.07918 (0.06765)	KLD: 7.533, 1.296, 1.190, 0.453, 0.106, 0.107, 0.331, 0.326, 0.066, 0.389 (11.718)	Grad: 2906.8
[Epoch   2 (79.87s)]	ELBO (bits/dim): 2.50403, 2.61970, 2.67930, 2.69017, 2.69209, 2.69318, 2.69316, 2.69267, 2.69180, 2.69062 (2.81702)	Reconstruction error (/dim): 0.07428, 0.07095, 0.06561, 0.06366, 0.06395, 0.06346, 0.06339, 0.06334, 0.06344, 0.06345 (0.05608)	KLD: 4.419, 2.866, 2.562, 1.422, 0.423, 0.282, 0.324, 0.140, 0.165, 0.145 (16.275)	Grad: 3681.0
[Epoch   3 (77.69s)]	ELBO (bits/dim): 2.56686, 2.67004, 2.76720, 2.81897, 2.86118, 2.87818, 2.88601, 2.88598, 2.88602, 2.88535 (2.95238)	Reconstruction error (/dim): 0.07340, 0.06809, 0.06213, 0.05787, 0.05339, 0.05136, 0.05056, 0.05060, 0.05065, 0.05075 (0.04491)	KLD: 3.893, 3.321, 3.075, 2.624, 2.318, 1.402, 1.539, 0.268, 0.420, 0.077 (19.571)	Grad: 3230.7
[Epoch   4 (75.71s)]	ELBO (bits/dim): 2.58660, 2.68596, 2.79591, 2.86666, 2.92010, 2.95342, 2.96203, 2.96316, 2.96259, 2.96225 (2.99683)	Reconstruction error (/dim): 0.07259, 0.06667, 0.06000, 0.05482, 0.04958, 0.04578, 0.04523, 0.04514, 0.04529, 0.04537 (0.04252)	KLD: 3.817, 3.380, 3.155, 2.921, 2.357, 1.869, 1.691, 0.524, 0.318, 0.048 (20.043)	Grad: 2857.2
[Epoch   5 (76.18s)]	ELBO (bits/dim): 2.59353, 2.70011, 2.81845, 2.89521, 2.95059, 2.98993, 2.99534, 2.99959, 2.99944, 2.99924 (3.02762)	Reconstruction error (/dim): 0.07266, 0.06592, 0.05843, 0.05290, 0.04755, 0.04314, 0.04296, 0.04250, 0.04260, 0.04265 (0.04022)	KLD: 3.784, 3.305, 3.120, 2.902, 2.317, 1.965, 1.573, 0.858, 0.234, 0.072 (20.241)	Grad: 2794.2
[Epoch   6 (77.11s)]	ELBO (bits/dim): 2.59976, 2.71249, 2.83597, 2.91420, 2.97010, 3.01279, 3.01907, 3.02970, 3.02986, 3.02963 (3.05650)	Reconstruction error (/dim): 0.07252, 0.06538, 0.05720, 0.05157, 0.04619, 0.04163, 0.04126, 0.04019, 0.04023, 0.04028 (0.03799)	KLD: 3.727, 3.272, 3.096, 2.825, 2.280, 2.007, 1.563, 1.324, 0.259, 0.124 (20.698)	Grad: 2374.8
[Epoch   7 (75.75s)]	ELBO (bits/dim): 2.60496, 2.72232, 2.84947, 2.92704, 2.98346, 3.02813, 3.04299, 3.05616, 3.05716, 3.05719 (3.07982)	Reconstruction error (/dim): 0.07207, 0.06483, 0.05626, 0.05061, 0.04527, 0.04073, 0.03946, 0.03821, 0.03817, 0.03818 (0.03623)	KLD: 3.665, 3.266, 3.051, 2.728, 2.295, 2.034, 1.640, 1.553, 0.412, 0.259 (21.066)	Grad: 2653.6
[Epoch   8 (75.26s)]	ELBO (bits/dim): 2.61016, 2.73228, 2.86208, 2.93785, 2.99486, 3.04208, 3.06195, 3.07806, 3.08021, 3.08025 (3.09873)	Reconstruction error (/dim): 0.07145, 0.06415, 0.05529, 0.04972, 0.04447, 0.03989, 0.03820, 0.03660, 0.03645, 0.03646 (0.03485)	KLD: 3.611, 3.292, 3.026, 2.646, 2.311, 2.119, 1.716, 1.616, 0.586, 0.321 (21.173)	Grad: 2285.4
[Epoch   9 (75.20s)]	ELBO (bits/dim): 2.61548, 2.74054, 2.87180, 2.94600, 3.00349, 3.05292, 3.07401, 3.09207, 3.09568, 3.09573 (3.11327)	Reconstruction error (/dim): 0.07072, 0.06349, 0.05457, 0.04903, 0.04390, 0.03925, 0.03743, 0.03566, 0.03538, 0.03538 (0.03371)	KLD: 3.605, 3.318, 3.020, 2.617, 2.318, 2.121, 1.726, 1.663, 0.734, 0.360 (21.508)	Grad: 2482.1
[Epoch  10 (75.53s)]	ELBO (bits/dim): 2.61981, 2.74773, 2.88008, 2.95390, 3.01134, 3.06153, 3.08311, 3.10260, 3.10808, 3.10827 (3.12306)	Reconstruction error (/dim): 0.07026, 0.06294, 0.05390, 0.04835, 0.04331, 0.03870, 0.03683, 0.03493, 0.03446, 0.03445 (0.03299)	KLD: 3.621, 3.350, 3.017, 2.603, 2.317, 2.122, 1.731, 1.703, 0.933, 0.419 (22.203)	Grad: 2487.7
[Epoch  11 (76.85s)]	ELBO (bits/dim): 2.62345, 2.75393, 2.88702, 2.96049, 3.01787, 3.06877, 3.09058, 3.11134, 3.11842, 3.11942 (3.13365)	Reconstruction error (/dim): 0.06986, 0.06248, 0.05335, 0.04782, 0.04289, 0.03825, 0.03635, 0.03435, 0.03369, 0.03359 (0.03232)	KLD: 3.635, 3.364, 3.016, 2.596, 2.317, 2.118, 1.742, 1.734, 1.109, 0.501 (22.382)	Grad: 2441.8
[Epoch  12 (75.53s)]	ELBO (bits/dim): 2.62623, 2.76030, 2.89291, 2.96633, 3.02326, 3.07446, 3.09684, 3.11838, 3.12673, 3.12855 (3.14283)	Reconstruction error (/dim): 0.06956, 0.06183, 0.05279, 0.04734, 0.04253, 0.03790, 0.03593, 0.03388, 0.03307, 0.03289 (0.03129)	KLD: 3.649, 3.372, 3.018, 2.596, 2.317, 2.128, 1.750, 1.758, 1.194, 0.611 (22.537)	Grad: 2698.2
[Epoch  13 (74.71s)]	ELBO (bits/dim): 2.62905, 2.76515, 2.89828, 2.97144, 3.02830, 3.07982, 3.10277, 3.12479, 3.13403, 3.13694 (3.14976)	Reconstruction error (/dim): 0.06923, 0.06148, 0.05234, 0.04691, 0.04217, 0.03753, 0.03554, 0.03346, 0.03255, 0.03225 (0.03080)	KLD: 3.667, 3.392, 3.020, 2.592, 2.322, 2.131, 1.766, 1.774, 1.240, 0.721 (22.743)	Grad: 2561.6
[Epoch  14 (73.64s)]	ELBO (bits/dim): 2.63099, 2.76972, 2.90334, 2.97642, 3.03333, 3.08517, 3.10859, 3.13096, 3.14070, 3.14466 (3.15766)	Reconstruction error (/dim): 0.06904, 0.06117, 0.05196, 0.04652, 0.04180, 0.03716, 0.03512, 0.03302, 0.03205, 0.03166 (0.03041)	KLD: 3.678, 3.411, 3.018, 2.590, 2.323, 2.131, 1.776, 1.784, 1.254, 0.811 (22.857)	Grad: 2689.7
[Epoch  15 (73.15s)]	ELBO (bits/dim): 2.63315, 2.77400, 2.90773, 2.98025, 3.03760, 3.08964, 3.11329, 3.13588, 3.14643, 3.15117 (3.16295)	Reconstruction error (/dim): 0.06880, 0.06086, 0.05164, 0.04624, 0.04152, 0.03685, 0.03480, 0.03269, 0.03165, 0.03118 (0.03012)	KLD: 3.681, 3.425, 3.019, 2.576, 2.331, 2.147, 1.778, 1.797, 1.287, 0.898 (23.148)	Grad: 2645.8
[Epoch  16 (73.90s)]	ELBO (bits/dim): 2.63490, 2.77766, 2.91218, 2.98414, 3.04169, 3.09375, 3.11778, 3.14075, 3.15179, 3.15706 (3.16792)	Reconstruction error (/dim): 0.06868, 0.06064, 0.05132, 0.04593, 0.04123, 0.03656, 0.03447, 0.03234, 0.03126, 0.03076 (0.02974)	KLD: 3.693, 3.435, 3.023, 2.582, 2.324, 2.152, 1.791, 1.806, 1.297, 0.970 (23.107)	Grad: 2767.2
[Epoch  17 (73.62s)]	ELBO (bits/dim): 2.63675, 2.78128, 2.91580, 2.98729, 3.04516, 3.09734, 3.12149, 3.14442, 3.15595, 3.16153 (3.17172)	Reconstruction error (/dim): 0.06847, 0.06040, 0.05106, 0.04572, 0.04098, 0.03630, 0.03422, 0.03211, 0.03099, 0.03044 (0.02938)	KLD: 3.703, 3.448, 3.016, 2.583, 2.339, 2.157, 1.790, 1.819, 1.308, 1.072 (23.127)	Grad: 2540.7
[Epoch  18 (74.47s)]	ELBO (bits/dim): 2.63842, 2.78491, 2.91945, 2.99031, 3.04854, 3.10062, 3.12472, 3.14794, 3.15959, 3.16573 (3.17466)	Reconstruction error (/dim): 0.06836, 0.06013, 0.05078, 0.04547, 0.04072, 0.03605, 0.03398, 0.03186, 0.03073, 0.03012 (0.02930)	KLD: 3.705, 3.454, 3.023, 2.566, 2.336, 2.153, 1.789, 1.824, 1.306, 1.159 (23.299)	Grad: 2771.1
[Epoch  19 (74.07s)]	ELBO (bits/dim): 2.63960, 2.78806, 2.92233, 2.99275, 3.05132, 3.10329, 3.12750, 3.15082, 3.16261, 3.16902 (3.17752)	Reconstruction error (/dim): 0.06830, 0.05992, 0.05057, 0.04530, 0.04052, 0.03587, 0.03380, 0.03169, 0.03054, 0.02989 (0.02933)	KLD: 3.713, 3.455, 3.024, 2.565, 2.337, 2.157, 1.802, 1.824, 1.328, 1.229 (23.387)	Grad: 2593.2
[Epoch  20 (74.79s)]	ELBO (bits/dim): 2.64127, 2.79174, 2.92541, 2.99530, 3.05405, 3.10604, 3.13022, 3.15353, 3.16551, 3.17208 (3.18065)	Reconstruction error (/dim): 0.06815, 0.05966, 0.05036, 0.04512, 0.04032, 0.03568, 0.03361, 0.03149, 0.03032, 0.02966 (0.02882)	KLD: 3.728, 3.460, 3.027, 2.565, 2.347, 2.171, 1.800, 1.830, 1.347, 1.274 (23.477)	Grad: 2577.7
[Epoch  21 (74.91s)]	ELBO (bits/dim): 2.64263, 2.79455, 2.92785, 2.99730, 3.05623, 3.10844, 3.13269, 3.15600, 3.16799, 3.17470 (3.18282)	Reconstruction error (/dim): 0.06812, 0.05943, 0.05018, 0.04497, 0.04015, 0.03550, 0.03344, 0.03133, 0.03017, 0.02949 (0.02882)	KLD: 3.737, 3.461, 3.027, 2.571, 2.354, 2.162, 1.806, 1.834, 1.366, 1.303 (23.745)	Grad: 2699.5
[Epoch  22 (76.57s)]	ELBO (bits/dim): 2.64368, 2.79751, 2.93015, 2.99911, 3.05846, 3.11058, 3.13469, 3.15806, 3.16994, 3.17697 (3.18462)	Reconstruction error (/dim): 0.06806, 0.05920, 0.04998, 0.04481, 0.03997, 0.03533, 0.03329, 0.03118, 0.03003, 0.02931 (0.02850)	KLD: 3.747, 3.470, 3.029, 2.569, 2.361, 2.167, 1.811, 1.827, 1.378, 1.336 (23.586)	Grad: 2695.0
[Epoch  23 (75.38s)]	ELBO (bits/dim): 2.64510, 2.80031, 2.93244, 3.00102, 3.06058, 3.11265, 3.13678, 3.16023, 3.17208, 3.17928 (3.18705)	Reconstruction error (/dim): 0.06794, 0.05900, 0.04982, 0.04469, 0.03982, 0.03520, 0.03315, 0.03102, 0.02988, 0.02914 (0.02854)	KLD: 3.756, 3.480, 3.023, 2.567, 2.362, 2.172, 1.815, 1.842, 1.391, 1.360 (23.689)	Grad: 2783.6
[Epoch  24 (75.96s)]	ELBO (bits/dim): 2.64635, 2.80306, 2.93459, 3.00306, 3.06254, 3.11461, 3.13877, 3.16223, 3.17409, 3.18120 (3.18660)	Reconstruction error (/dim): 0.06789, 0.05879, 0.04965, 0.04452, 0.03967, 0.03504, 0.03302, 0.03089, 0.02974, 0.02902 (0.02832)	KLD: 3.765, 3.485, 3.025, 2.573, 2.371, 2.171, 1.826, 1.840, 1.397, 1.380 (23.897)	Grad: 2397.2
[Epoch  25 (76.37s)]	ELBO (bits/dim): 2.64733, 2.80524, 2.93625, 3.00446, 3.06422, 3.11603, 3.14028, 3.16352, 3.17552, 3.18274 (3.19067)	Reconstruction error (/dim): 0.06786, 0.05864, 0.04952, 0.04443, 0.03954, 0.03496, 0.03292, 0.03081, 0.02964, 0.02891 (0.02823)	KLD: 3.778, 3.485, 3.026, 2.574, 2.370, 2.169, 1.827, 1.846, 1.408, 1.403 (23.750)	Grad: 2924.7
[Epoch  26 (77.56s)]	ELBO (bits/dim): 2.64857, 2.80785, 2.93820, 3.00597, 3.06592, 3.11780, 3.14204, 3.16535, 3.17723, 3.18449 (3.19181)	Reconstruction error (/dim): 0.06774, 0.05845, 0.04938, 0.04432, 0.03943, 0.03484, 0.03280, 0.03070, 0.02953, 0.02878 (0.02828)	KLD: 3.787, 3.493, 3.029, 2.569, 2.375, 2.172, 1.825, 1.852, 1.413, 1.407 (23.780)	Grad: 2626.6
[Epoch  27 (78.27s)]	ELBO (bits/dim): 2.64972, 2.81016, 2.94014, 3.00779, 3.06780, 3.11952, 3.14376, 3.16691, 3.17892, 3.18626 (3.19179)	Reconstruction error (/dim): 0.06772, 0.05828, 0.04923, 0.04418, 0.03929, 0.03471, 0.03267, 0.03060, 0.02940, 0.02867 (0.02813)	KLD: 3.791, 3.502, 3.020, 2.575, 2.380, 2.176, 1.836, 1.834, 1.410, 1.421 (23.946)	Grad: 2627.4
[Epoch  28 (77.93s)]	ELBO (bits/dim): 2.65044, 2.81210, 2.94173, 3.00894, 3.06901, 3.12075, 3.14505, 3.16824, 3.18010, 3.18761 (3.19486)	Reconstruction error (/dim): 0.06765, 0.05814, 0.04910, 0.04408, 0.03919, 0.03463, 0.03257, 0.03049, 0.02933, 0.02855 (0.02785)	KLD: 3.799, 3.508, 3.022, 2.580, 2.383, 2.178, 1.844, 1.848, 1.420, 1.439 (23.860)	Grad: 2711.8
[Epoch  29 (78.18s)]	ELBO (bits/dim): 2.65173, 2.81431, 2.94345, 3.01045, 3.07071, 3.12223, 3.14654, 3.16960, 3.18157, 3.18903 (3.19483)	Reconstruction error (/dim): 0.06759, 0.05797, 0.04895, 0.04397, 0.03907, 0.03453, 0.03248, 0.03041, 0.02923, 0.02847 (0.02792)	KLD: 3.816, 3.509, 3.019, 2.575, 2.381, 2.175, 1.842, 1.842, 1.417, 1.431 (23.833)	Grad: 2796.3
[Epoch  30 (77.23s)]	ELBO (bits/dim): 2.65236, 2.81588, 2.94467, 3.01136, 3.07176, 3.12330, 3.14756, 3.17074, 3.18261, 3.19019 (3.19525)	Reconstruction error (/dim): 0.06757, 0.05785, 0.04886, 0.04391, 0.03899, 0.03446, 0.03243, 0.03033, 0.02917, 0.02839 (0.02785)	KLD: 3.821, 3.512, 3.027, 2.579, 2.386, 2.170, 1.841, 1.843, 1.412, 1.432 (24.170)	Grad: 2693.6
[Epoch  31 (77.03s)]	ELBO (bits/dim): 2.65359, 2.81790, 2.94626, 3.01256, 3.07309, 3.12459, 3.14876, 3.17177, 3.18364, 3.19120 (3.19579)	Reconstruction error (/dim): 0.06750, 0.05772, 0.04875, 0.04381, 0.03889, 0.03438, 0.03234, 0.03028, 0.02911, 0.02833 (0.02784)	KLD: 3.830, 3.513, 3.030, 2.579, 2.393, 2.172, 1.848, 1.834, 1.418, 1.435 (23.978)	Grad: 2797.5
[Epoch  32 (79.06s)]	ELBO (bits/dim): 2.65464, 2.81988, 2.94743, 3.01380, 3.07412, 3.12538, 3.14985, 3.17269, 3.18472, 3.19228 (3.19473)	Reconstruction error (/dim): 0.06743, 0.05757, 0.04866, 0.04373, 0.03882, 0.03433, 0.03227, 0.03022, 0.02904, 0.02826 (0.02799)	KLD: 3.829, 3.518, 3.029, 2.576, 2.392, 2.176, 1.839, 1.843, 1.421, 1.450 (24.051)	Grad: 2909.3
[Epoch  33 (77.03s)]	ELBO (bits/dim): 2.65503, 2.82141, 2.94841, 3.01478, 3.07533, 3.12651, 3.15086, 3.17359, 3.18541, 3.19304 (3.19584)	Reconstruction error (/dim): 0.06743, 0.05747, 0.04859, 0.04364, 0.03872, 0.03423, 0.03219, 0.03014, 0.02898, 0.02821 (0.02813)	KLD: 3.845, 3.522, 3.023, 2.580, 2.391, 2.173, 1.855, 1.837, 1.426, 1.448 (24.511)	Grad: 2958.5
[Epoch  34 (77.96s)]	ELBO (bits/dim): 2.65606, 2.82310, 2.95015, 3.01610, 3.07663, 3.12775, 3.15207, 3.17472, 3.18662, 3.19433 (3.19953)	Reconstruction error (/dim): 0.06733, 0.05734, 0.04844, 0.04353, 0.03863, 0.03416, 0.03211, 0.03007, 0.02891, 0.02811 (0.02749)	KLD: 3.848, 3.532, 3.028, 2.592, 2.396, 2.170, 1.848, 1.849, 1.430, 1.455 (24.050)	Grad: 2983.8
[Epoch  35 (77.93s)]	ELBO (bits/dim): 2.65693, 2.82482, 2.95134, 3.01716, 3.07757, 3.12873, 3.15315, 3.17560, 3.18752, 3.19528 (3.20013)	Reconstruction error (/dim): 0.06728, 0.05724, 0.04838, 0.04347, 0.03857, 0.03409, 0.03205, 0.03001, 0.02884, 0.02805 (0.02765)	KLD: 3.858, 3.541, 3.030, 2.589, 2.400, 2.168, 1.855, 1.838, 1.435, 1.454 (23.916)	Grad: 2695.6
[Epoch  36 (77.23s)]	ELBO (bits/dim): 2.65758, 2.82615, 2.95218, 3.01799, 3.07864, 3.12961, 3.15395, 3.17645, 3.18821, 3.19606 (3.20004)	Reconstruction error (/dim): 0.06724, 0.05712, 0.04829, 0.04340, 0.03847, 0.03402, 0.03199, 0.02996, 0.02881, 0.02802 (0.02742)	KLD: 3.861, 3.535, 3.026, 2.583, 2.399, 2.174, 1.854, 1.833, 1.435, 1.459 (24.189)	Grad: 2881.4
[Epoch  37 (78.93s)]	ELBO (bits/dim): 2.65834, 2.82781, 2.95331, 3.01897, 3.07957, 3.13047, 3.15482, 3.17734, 3.18903, 3.19686 (3.20119)	Reconstruction error (/dim): 0.06717, 0.05699, 0.04821, 0.04334, 0.03843, 0.03399, 0.03194, 0.02991, 0.02876, 0.02796 (0.02748)	KLD: 3.867, 3.542, 3.023, 2.594, 2.399, 2.167, 1.863, 1.839, 1.426, 1.461 (24.302)	Grad: 2814.8
[Epoch  38 (76.96s)]	ELBO (bits/dim): 2.65909, 2.82930, 2.95446, 3.02010, 3.08074, 3.13152, 3.15599, 3.17816, 3.18994, 3.19787 (3.19789)	Reconstruction error (/dim): 0.06713, 0.05689, 0.04812, 0.04324, 0.03834, 0.03390, 0.03184, 0.02986, 0.02868, 0.02789 (0.02772)	KLD: 3.872, 3.546, 3.024, 2.591, 2.398, 2.171, 1.861, 1.841, 1.436, 1.460 (24.144)	Grad: 2974.9
[Epoch  39 (76.94s)]	ELBO (bits/dim): 2.65987, 2.83068, 2.95549, 3.02099, 3.08167, 3.13233, 3.15680, 3.17886, 3.19055, 3.19858 (3.20389)	Reconstruction error (/dim): 0.06707, 0.05678, 0.04803, 0.04318, 0.03827, 0.03386, 0.03180, 0.02981, 0.02866, 0.02784 (0.02727)	KLD: 3.872, 3.549, 3.032, 2.599, 2.405, 2.167, 1.861, 1.841, 1.445, 1.465 (24.285)	Grad: 3103.0
[Epoch  40 (77.01s)]	ELBO (bits/dim): 2.66064, 2.83189, 2.95657, 3.02195, 3.08254, 3.13323, 3.15766, 3.17969, 3.19143, 3.19943 (3.20268)	Reconstruction error (/dim): 0.06703, 0.05671, 0.04796, 0.04311, 0.03820, 0.03379, 0.03174, 0.02976, 0.02861, 0.02779 (0.02730)	KLD: 3.878, 3.555, 3.030, 2.593, 2.404, 2.161, 1.868, 1.838, 1.443, 1.449 (24.461)	Grad: 2993.5
[Epoch  41 (76.96s)]	ELBO (bits/dim): 2.66109, 2.83319, 2.95754, 3.02278, 3.08330, 3.13403, 3.15856, 3.18036, 3.19213, 3.20025 (3.20352)	Reconstruction error (/dim): 0.06696, 0.05660, 0.04788, 0.04304, 0.03814, 0.03373, 0.03167, 0.02972, 0.02854, 0.02772 (0.02745)	KLD: 3.880, 3.564, 3.027, 2.590, 2.411, 2.169, 1.874, 1.840, 1.449, 1.465 (24.180)	Grad: 2928.6
[Epoch  42 (78.49s)]	ELBO (bits/dim): 2.66163, 2.83425, 2.95831, 3.02352, 3.08417, 3.13478, 3.15931, 3.18097, 3.19269, 3.20068 (3.20405)	Reconstruction error (/dim): 0.06693, 0.05652, 0.04783, 0.04297, 0.03808, 0.03367, 0.03161, 0.02968, 0.02851, 0.02769 (0.02744)	KLD: 3.883, 3.564, 3.028, 2.598, 2.406, 2.170, 1.866, 1.837, 1.454, 1.475 (24.217)	Grad: 2970.4
[Epoch  43 (76.55s)]	ELBO (bits/dim): 2.66194, 2.83535, 2.95909, 3.02416, 3.08473, 3.13530, 3.15985, 3.18159, 3.19312, 3.20130 (3.20379)	Reconstruction error (/dim): 0.06694, 0.05646, 0.04777, 0.04295, 0.03804, 0.03366, 0.03159, 0.02964, 0.02849, 0.02767 (0.02738)	KLD: 3.895, 3.570, 3.034, 2.601, 2.415, 2.170, 1.870, 1.837, 1.455, 1.456 (24.232)	Grad: 3070.5
[Epoch  44 (76.55s)]	ELBO (bits/dim): 2.66265, 2.83648, 2.95972, 3.02477, 3.08553, 3.13601, 3.16056, 3.18185, 3.19340, 3.20159 (3.20355)	Reconstruction error (/dim): 0.06689, 0.05635, 0.04773, 0.04290, 0.03798, 0.03359, 0.03154, 0.02962, 0.02848, 0.02764 (0.02736)	KLD: 3.894, 3.572, 3.029, 2.595, 2.407, 2.167, 1.864, 1.838, 1.454, 1.468 (24.134)	Grad: 3237.5
[Epoch  45 (76.90s)]	ELBO (bits/dim): 2.66321, 2.83762, 2.96104, 3.02584, 3.08656, 3.13702, 3.16148, 3.18293, 3.19455, 3.20266 (3.20566)	Reconstruction error (/dim): 0.06682, 0.05624, 0.04761, 0.04280, 0.03790, 0.03353, 0.03147, 0.02954, 0.02838, 0.02755 (0.02718)	KLD: 3.899, 3.576, 3.031, 2.605, 2.416, 2.172, 1.870, 1.836, 1.454, 1.461 (24.309)	Grad: 3218.9
[Epoch  46 (76.64s)]	ELBO (bits/dim): 2.66386, 2.83895, 2.96176, 3.02650, 3.08708, 3.13754, 3.16216, 3.18330, 3.19495, 3.20314 (3.20614)	Reconstruction error (/dim): 0.06677, 0.05618, 0.04756, 0.04276, 0.03787, 0.03350, 0.03143, 0.02953, 0.02836, 0.02753 (0.02720)	KLD: 3.906, 3.584, 3.026, 2.599, 2.412, 2.161, 1.868, 1.840, 1.453, 1.456 (24.405)	Grad: 3006.3
[Epoch  47 (77.85s)]	ELBO (bits/dim): 2.66397, 2.83945, 2.96244, 3.02698, 3.08768, 3.13816, 3.16270, 3.18382, 3.19528, 3.20357 (3.20536)	Reconstruction error (/dim): 0.06675, 0.05614, 0.04750, 0.04271, 0.03782, 0.03346, 0.03139, 0.02949, 0.02835, 0.02750 (0.02725)	KLD: 3.908, 3.588, 3.032, 2.597, 2.417, 2.161, 1.868, 1.834, 1.456, 1.465 (24.052)	Grad: 3306.4
[Epoch  48 (77.00s)]	ELBO (bits/dim): 2.66494, 2.84126, 2.96380, 3.02831, 3.08900, 3.13922, 3.16382, 3.18461, 3.19631, 3.20433 (3.20584)	Reconstruction error (/dim): 0.06670, 0.05600, 0.04739, 0.04262, 0.03772, 0.03338, 0.03130, 0.02943, 0.02827, 0.02747 (0.02716)	KLD: 3.915, 3.586, 3.028, 2.614, 2.409, 2.156, 1.878, 1.839, 1.457, 1.469 (24.126)	Grad: 3008.4
[Epoch  49 (77.34s)]	ELBO (bits/dim): 2.66521, 2.84178, 2.96428, 3.02873, 3.08929, 3.13960, 3.16418, 3.18486, 3.19647, 3.20464 (3.20636)	Reconstruction error (/dim): 0.06665, 0.05596, 0.04734, 0.04259, 0.03770, 0.03336, 0.03129, 0.02944, 0.02828, 0.02744 (0.02719)	KLD: 3.914, 3.594, 3.029, 2.609, 2.416, 2.158, 1.865, 1.841, 1.457, 1.460 (24.261)	Grad: 3099.0
[Epoch  50 (77.43s)]	ELBO (bits/dim): 2.66529, 2.84219, 2.96436, 3.02853, 3.08940, 3.13958, 3.16421, 3.18496, 3.19649, 3.20470 (3.20733)	Reconstruction error (/dim): 0.06662, 0.05592, 0.04735, 0.04261, 0.03770, 0.03336, 0.03129, 0.02942, 0.02826, 0.02743 (0.02713)	KLD: 3.909, 3.598, 3.030, 2.617, 2.413, 2.162, 1.875, 1.838, 1.464, 1.462 (24.151)	Grad: 3770.7
[Epoch  51 (77.34s)]	ELBO (bits/dim): 2.66574, 2.84347, 2.96550, 3.02998, 3.09044, 3.14069, 3.16540, 3.18597, 3.19751, 3.20573 (3.20674)	Reconstruction error (/dim): 0.06662, 0.05582, 0.04725, 0.04250, 0.03763, 0.03327, 0.03120, 0.02936, 0.02820, 0.02736 (0.02714)	KLD: 3.915, 3.604, 3.030, 2.611, 2.418, 2.159, 1.871, 1.833, 1.467, 1.475 (24.550)	Grad: 3432.8
[Epoch  52 (77.39s)]	ELBO (bits/dim): 2.66629, 2.84425, 2.96624, 3.03040, 3.09104, 3.14114, 3.16579, 3.18622, 3.19778, 3.20598 (3.20664)	Reconstruction error (/dim): 0.06657, 0.05579, 0.04718, 0.04247, 0.03758, 0.03326, 0.03118, 0.02934, 0.02818, 0.02735 (0.02720)	KLD: 3.934, 3.608, 3.028, 2.610, 2.416, 2.151, 1.867, 1.840, 1.463, 1.463 (24.043)	Grad: 3267.4
[Epoch  53 (77.40s)]	ELBO (bits/dim): 2.66691, 2.84533, 2.96688, 3.03103, 3.09170, 3.14181, 3.16644, 3.18690, 3.19839, 3.20672 (3.20890)	Reconstruction error (/dim): 0.06652, 0.05571, 0.04716, 0.04244, 0.03753, 0.03321, 0.03114, 0.02931, 0.02815, 0.02730 (0.02695)	KLD: 3.924, 3.609, 3.028, 2.618, 2.417, 2.150, 1.867, 1.845, 1.462, 1.449 (24.237)	Grad: 3589.1
[Epoch  54 (76.93s)]	ELBO (bits/dim): 2.66703, 2.84595, 2.96747, 3.03167, 3.09223, 3.14227, 3.16707, 3.18729, 3.19878, 3.20707 (3.20697)	Reconstruction error (/dim): 0.06650, 0.05567, 0.04709, 0.04238, 0.03750, 0.03319, 0.03107, 0.02927, 0.02811, 0.02727 (0.02718)	KLD: 3.927, 3.613, 3.027, 2.618, 2.413, 2.156, 1.871, 1.841, 1.474, 1.445 (24.358)	Grad: 3464.0
[Epoch  55 (77.41s)]	ELBO (bits/dim): 2.66767, 2.84685, 2.96836, 3.03242, 3.09283, 3.14299, 3.16770, 3.18766, 3.19911, 3.20748 (3.20814)	Reconstruction error (/dim): 0.06644, 0.05559, 0.04702, 0.04232, 0.03746, 0.03314, 0.03105, 0.02926, 0.02809, 0.02725 (0.02710)	KLD: 3.925, 3.619, 3.025, 2.620, 2.414, 2.154, 1.867, 1.833, 1.468, 1.469 (24.349)	Grad: 3346.6
[Epoch  56 (77.76s)]	ELBO (bits/dim): 2.66820, 2.84781, 2.96904, 3.03293, 3.09345, 3.14356, 3.16816, 3.18828, 3.19981, 3.20795 (3.20818)	Reconstruction error (/dim): 0.06639, 0.05552, 0.04696, 0.04229, 0.03742, 0.03308, 0.03099, 0.02920, 0.02804, 0.02721 (0.02698)	KLD: 3.932, 3.623, 3.028, 2.621, 2.415, 2.147, 1.863, 1.831, 1.472, 1.456 (24.521)	Grad: 3148.0
[Epoch  57 (79.80s)]	ELBO (bits/dim): 2.66806, 2.84819, 2.96935, 3.03328, 3.09369, 3.14383, 3.16842, 3.18833, 3.19973, 3.20810 (3.20718)	Reconstruction error (/dim): 0.06642, 0.05551, 0.04695, 0.04227, 0.03740, 0.03307, 0.03098, 0.02920, 0.02807, 0.02722 (0.02694)	KLD: 3.937, 3.621, 3.027, 2.622, 2.414, 2.150, 1.873, 1.834, 1.466, 1.464 (24.456)	Grad: 3539.8
[Epoch  58 (80.00s)]	ELBO (bits/dim): 2.66875, 2.84929, 2.97008, 3.03400, 3.09445, 3.14442, 3.16909, 3.18886, 3.20028, 3.20873 (3.20768)	Reconstruction error (/dim): 0.06638, 0.05543, 0.04688, 0.04221, 0.03734, 0.03303, 0.03094, 0.02917, 0.02802, 0.02716 (0.02714)	KLD: 3.943, 3.627, 3.025, 2.627, 2.413, 2.150, 1.868, 1.839, 1.473, 1.458 (24.452)	Grad: 3315.7
[Epoch  59 (80.19s)]	ELBO (bits/dim): 2.66891, 2.84985, 2.97055, 3.03453, 3.09493, 3.14481, 3.16949, 3.18931, 3.20084, 3.20919 (3.20640)	Reconstruction error (/dim): 0.06636, 0.05538, 0.04685, 0.04218, 0.03731, 0.03301, 0.03094, 0.02915, 0.02799, 0.02714 (0.02728)	KLD: 3.935, 3.629, 3.024, 2.627, 2.411, 2.155, 1.871, 1.839, 1.470, 1.456 (24.509)	Grad: 3277.3
[Epoch  60 (79.29s)]	ELBO (bits/dim): 2.66944, 2.85086, 2.97154, 3.03545, 3.09565, 3.14556, 3.17021, 3.18992, 3.20139, 3.20984 (3.20979)	Reconstruction error (/dim): 0.06632, 0.05531, 0.04676, 0.04209, 0.03725, 0.03296, 0.03087, 0.02911, 0.02795, 0.02709 (0.02694)	KLD: 3.945, 3.631, 3.026, 2.632, 2.411, 2.150, 1.867, 1.836, 1.472, 1.460 (24.353)	Grad: 3618.5
[Epoch  61 (80.08s)]	ELBO (bits/dim): 2.66949, 2.85112, 2.97178, 3.03569, 3.09600, 3.14606, 3.17069, 3.19017, 3.20166, 3.20997 (3.20847)	Reconstruction error (/dim): 0.06629, 0.05529, 0.04676, 0.04208, 0.03722, 0.03292, 0.03083, 0.02910, 0.02793, 0.02709 (0.02697)	KLD: 3.952, 3.641, 3.024, 2.630, 2.416, 2.150, 1.868, 1.831, 1.470, 1.462 (24.335)	Grad: 3836.7
[Epoch  62 (79.54s)]	ELBO (bits/dim): 2.67001, 2.85208, 2.97228, 3.03614, 3.09641, 3.14641, 3.17115, 3.19048, 3.20196, 3.21034 (3.21005)	Reconstruction error (/dim): 0.06623, 0.05522, 0.04670, 0.04206, 0.03719, 0.03290, 0.03080, 0.02908, 0.02791, 0.02707 (0.02691)	KLD: 3.951, 3.638, 3.027, 2.627, 2.414, 2.148, 1.867, 1.834, 1.471, 1.461 (24.322)	Grad: 3241.1
[Epoch  63 (79.72s)]	ELBO (bits/dim): 2.67017, 2.85251, 2.97278, 3.03672, 3.09700, 3.14670, 3.17155, 3.19097, 3.20223, 3.21070 (3.21143)	Reconstruction error (/dim): 0.06623, 0.05520, 0.04666, 0.04200, 0.03715, 0.03288, 0.03078, 0.02904, 0.02789, 0.02703 (0.02691)	KLD: 3.947, 3.638, 3.023, 2.630, 2.414, 2.149, 1.866, 1.834, 1.474, 1.465 (24.336)	Grad: 3685.1
[Epoch  64 (78.40s)]	ELBO (bits/dim): 2.67032, 2.85312, 2.97325, 3.03711, 3.09738, 3.14717, 3.17199, 3.19117, 3.20277, 3.21103 (3.21168)	Reconstruction error (/dim): 0.06623, 0.05517, 0.04663, 0.04198, 0.03712, 0.03286, 0.03075, 0.02903, 0.02787, 0.02703 (0.02679)	KLD: 3.950, 3.640, 3.022, 2.632, 2.421, 2.142, 1.862, 1.831, 1.474, 1.462 (24.472)	Grad: 3759.2
[Epoch  65 (79.22s)]	ELBO (bits/dim): 2.67086, 2.85412, 2.97412, 3.03811, 3.09837, 3.14811, 3.17280, 3.19199, 3.20340, 3.21173 (3.21062)	Reconstruction error (/dim): 0.06619, 0.05508, 0.04656, 0.04191, 0.03704, 0.03278, 0.03069, 0.02899, 0.02782, 0.02698 (0.02702)	KLD: 3.958, 3.652, 3.023, 2.627, 2.420, 2.141, 1.867, 1.825, 1.477, 1.464 (24.352)	Grad: 3433.3
[Epoch  66 (81.02s)]	ELBO (bits/dim): 2.67116, 2.85448, 2.97436, 3.03826, 3.09846, 3.14821, 3.17301, 3.19209, 3.20360, 3.21183 (3.21239)	Reconstruction error (/dim): 0.06617, 0.05506, 0.04654, 0.04189, 0.03704, 0.03277, 0.03067, 0.02896, 0.02779, 0.02695 (0.02692)	KLD: 3.966, 3.648, 3.024, 2.631, 2.415, 2.148, 1.869, 1.833, 1.476, 1.463 (24.328)	Grad: 3658.6
[Epoch  67 (80.97s)]	ELBO (bits/dim): 2.67161, 2.85523, 2.97506, 3.03892, 3.09906, 3.14877, 3.17359, 3.19274, 3.20401, 3.21229 (3.21297)	Reconstruction error (/dim): 0.06611, 0.05502, 0.04649, 0.04184, 0.03700, 0.03273, 0.03063, 0.02891, 0.02778, 0.02693 (0.02673)	KLD: 3.963, 3.654, 3.020, 2.636, 2.421, 2.144, 1.872, 1.832, 1.472, 1.473 (24.338)	Grad: 3623.1
[Epoch  68 (77.97s)]	ELBO (bits/dim): 2.67195, 2.85569, 2.97527, 3.03929, 3.09952, 3.14920, 3.17388, 3.19280, 3.20433, 3.21258 (3.21153)	Reconstruction error (/dim): 0.06611, 0.05498, 0.04648, 0.04181, 0.03696, 0.03272, 0.03060, 0.02891, 0.02775, 0.02692 (0.02690)	KLD: 3.964, 3.658, 3.017, 2.645, 2.419, 2.139, 1.867, 1.827, 1.475, 1.473 (24.264)	Grad: 3761.8
[Epoch  69 (76.36s)]	ELBO (bits/dim): 2.67205, 2.85626, 2.97594, 3.03969, 3.09968, 3.14935, 3.17409, 3.19315, 3.20447, 3.21280 (3.21150)	Reconstruction error (/dim): 0.06610, 0.05493, 0.04641, 0.04179, 0.03696, 0.03270, 0.03059, 0.02889, 0.02775, 0.02691 (0.02683)	KLD: 3.966, 3.658, 3.018, 2.645, 2.421, 2.143, 1.869, 1.822, 1.466, 1.467 (24.639)	Grad: 3473.9
[Epoch  70 (77.60s)]	ELBO (bits/dim): 2.67248, 2.85682, 2.97649, 3.04043, 3.10036, 3.15010, 3.17495, 3.19375, 3.20514, 3.21351 (3.21183)	Reconstruction error (/dim): 0.06608, 0.05493, 0.04638, 0.04175, 0.03691, 0.03264, 0.03053, 0.02887, 0.02770, 0.02686 (0.02692)	KLD: 3.968, 3.657, 3.023, 2.641, 2.414, 2.138, 1.865, 1.827, 1.476, 1.455 (24.084)	Grad: 3459.8
[Epoch  71 (78.18s)]	ELBO (bits/dim): 2.67237, 2.85720, 2.97661, 3.04053, 3.10068, 3.15033, 3.17516, 3.19390, 3.20527, 3.21361 (3.21219)	Reconstruction error (/dim): 0.06608, 0.05489, 0.04637, 0.04173, 0.03688, 0.03264, 0.03051, 0.02885, 0.02770, 0.02685 (0.02675)	KLD: 3.969, 3.663, 3.018, 2.649, 2.420, 2.137, 1.863, 1.828, 1.477, 1.461 (24.458)	Grad: 3657.6
[Epoch  72 (79.07s)]	ELBO (bits/dim): 2.67279, 2.85755, 2.97694, 3.04082, 3.10073, 3.15045, 3.17513, 3.19381, 3.20523, 3.21361 (3.21365)	Reconstruction error (/dim): 0.06604, 0.05486, 0.04635, 0.04171, 0.03689, 0.03263, 0.03051, 0.02885, 0.02770, 0.02686 (0.02682)	KLD: 3.972, 3.662, 3.018, 2.648, 2.417, 2.139, 1.866, 1.825, 1.479, 1.462 (24.267)	Grad: 3998.0
[Epoch  73 (79.78s)]	ELBO (bits/dim): 2.67300, 2.85813, 2.97762, 3.04161, 3.10134, 3.15081, 3.17566, 3.19443, 3.20571, 3.21410 (3.21273)	Reconstruction error (/dim): 0.06608, 0.05484, 0.04629, 0.04164, 0.03682, 0.03262, 0.03049, 0.02882, 0.02768, 0.02682 (0.02685)	KLD: 3.971, 3.659, 3.018, 2.654, 2.418, 2.137, 1.860, 1.828, 1.479, 1.468 (24.327)	Grad: 3801.5
[Epoch  74 (78.07s)]	ELBO (bits/dim): 2.67342, 2.85883, 2.97813, 3.04197, 3.10191, 3.15158, 3.17625, 3.19485, 3.20624, 3.21431 (3.21221)	Reconstruction error (/dim): 0.06600, 0.05478, 0.04626, 0.04162, 0.03679, 0.03255, 0.03044, 0.02880, 0.02763, 0.02680 (0.02682)	KLD: 3.972, 3.667, 3.016, 2.646, 2.416, 2.138, 1.861, 1.823, 1.489, 1.470 (24.544)	Grad: 3627.2
[Epoch  75 (78.62s)]	ELBO (bits/dim): 2.67310, 2.85893, 2.97828, 3.04223, 3.10191, 3.15153, 3.17641, 3.19482, 3.20630, 3.21453 (3.21299)	Reconstruction error (/dim): 0.06604, 0.05477, 0.04626, 0.04160, 0.03678, 0.03255, 0.03042, 0.02877, 0.02761, 0.02679 (0.02655)	KLD: 3.976, 3.671, 3.019, 2.654, 2.421, 2.139, 1.873, 1.829, 1.481, 1.467 (24.573)	Grad: 3900.8
[Epoch  76 (80.31s)]	ELBO (bits/dim): 2.67369, 2.85973, 2.97883, 3.04289, 3.10246, 3.15216, 3.17688, 3.19535, 3.20678, 3.21507 (3.21244)	Reconstruction error (/dim): 0.06600, 0.05473, 0.04621, 0.04155, 0.03676, 0.03252, 0.03039, 0.02875, 0.02760, 0.02676 (0.02684)	KLD: 3.981, 3.672, 3.017, 2.656, 2.417, 2.137, 1.858, 1.831, 1.474, 1.465 (24.583)	Grad: 3571.9
[Epoch  77 (78.92s)]	ELBO (bits/dim): 2.67396, 2.86009, 2.97908, 3.04308, 3.10284, 3.15229, 3.17719, 3.19555, 3.20693, 3.21512 (3.21432)	Reconstruction error (/dim): 0.06600, 0.05470, 0.04619, 0.04154, 0.03673, 0.03250, 0.03037, 0.02873, 0.02758, 0.02675 (0.02677)	KLD: 3.980, 3.676, 3.014, 2.653, 2.422, 2.138, 1.861, 1.833, 1.480, 1.463 (24.448)	Grad: 4002.4
[Epoch  78 (79.30s)]	ELBO (bits/dim): 2.67425, 2.86045, 2.97953, 3.04369, 3.10318, 3.15278, 3.17743, 3.19584, 3.20727, 3.21548 (3.21306)	Reconstruction error (/dim): 0.06596, 0.05468, 0.04616, 0.04149, 0.03670, 0.03246, 0.03035, 0.02871, 0.02756, 0.02671 (0.02683)	KLD: 3.980, 3.671, 3.020, 2.658, 2.415, 2.136, 1.852, 1.822, 1.475, 1.463 (24.471)	Grad: 3874.7
[Epoch  79 (78.39s)]	ELBO (bits/dim): 2.67467, 2.86077, 2.97997, 3.04403, 3.10368, 3.15316, 3.17800, 3.19633, 3.20775, 3.21590 (3.21246)	Reconstruction error (/dim): 0.06590, 0.05465, 0.04612, 0.04148, 0.03666, 0.03245, 0.03033, 0.02868, 0.02752, 0.02671 (0.02679)	KLD: 3.983, 3.679, 3.017, 2.658, 2.420, 2.136, 1.859, 1.829, 1.477, 1.467 (24.677)	Grad: 3908.2
[Epoch  80 (78.97s)]	ELBO (bits/dim): 2.67454, 2.86126, 2.98016, 3.04431, 3.10395, 3.15343, 3.17808, 3.19653, 3.20782, 3.21602 (3.21414)	Reconstruction error (/dim): 0.06591, 0.05462, 0.04611, 0.04146, 0.03665, 0.03242, 0.03031, 0.02866, 0.02753, 0.02670 (0.02679)	KLD: 3.989, 3.681, 3.014, 2.656, 2.418, 2.134, 1.861, 1.828, 1.480, 1.470 (24.626)	Grad: 3907.0
[Epoch  81 (80.40s)]	ELBO (bits/dim): 2.67492, 2.86174, 2.98060, 3.04464, 3.10427, 3.15380, 3.17842, 3.19652, 3.20796, 3.21610 (3.21482)	Reconstruction error (/dim): 0.06588, 0.05459, 0.04607, 0.04142, 0.03662, 0.03240, 0.03028, 0.02868, 0.02753, 0.02669 (0.02655)	KLD: 3.994, 3.679, 3.016, 2.668, 2.417, 2.137, 1.853, 1.826, 1.476, 1.463 (24.399)	Grad: 4092.3
[Epoch  82 (79.47s)]	ELBO (bits/dim): 2.67511, 2.86207, 2.98093, 3.04492, 3.10451, 3.15397, 3.17879, 3.19680, 3.20824, 3.21657 (3.21426)	Reconstruction error (/dim): 0.06585, 0.05456, 0.04605, 0.04141, 0.03660, 0.03239, 0.03026, 0.02864, 0.02750, 0.02665 (0.02672)	KLD: 3.994, 3.685, 3.012, 2.656, 2.420, 2.130, 1.860, 1.828, 1.474, 1.471 (24.419)	Grad: 4105.7
[Epoch  83 (78.38s)]	ELBO (bits/dim): 2.67546, 2.86254, 2.98136, 3.04514, 3.10464, 3.15404, 3.17884, 3.19708, 3.20837, 3.21658 (3.21546)	Reconstruction error (/dim): 0.06583, 0.05456, 0.04602, 0.04140, 0.03660, 0.03239, 0.03026, 0.02863, 0.02749, 0.02666 (0.02664)	KLD: 3.992, 3.686, 3.013, 2.662, 2.418, 2.133, 1.857, 1.819, 1.477, 1.477 (24.312)	Grad: 4069.5
[Epoch  84 (78.97s)]	ELBO (bits/dim): 2.67530, 2.86277, 2.98157, 3.04567, 3.10501, 3.15471, 3.17930, 3.19730, 3.20878, 3.21694 (3.21518)	Reconstruction error (/dim): 0.06586, 0.05453, 0.04600, 0.04135, 0.03657, 0.03233, 0.03022, 0.02861, 0.02746, 0.02664 (0.02662)	KLD: 3.988, 3.693, 3.017, 2.665, 2.412, 2.134, 1.858, 1.819, 1.471, 1.464 (24.533)	Grad: 3842.0
[Epoch  85 (79.36s)]	ELBO (bits/dim): 2.67565, 2.86318, 2.98203, 3.04612, 3.10561, 3.15501, 3.17981, 3.19781, 3.20914, 3.21723 (3.21487)	Reconstruction error (/dim): 0.06583, 0.05451, 0.04597, 0.04132, 0.03652, 0.03233, 0.03018, 0.02858, 0.02744, 0.02662 (0.02666)	KLD: 3.998, 3.690, 3.016, 2.664, 2.413, 2.134, 1.854, 1.818, 1.476, 1.478 (24.561)	Grad: 3916.8
[Epoch  86 (79.83s)]	ELBO (bits/dim): 2.67578, 2.86334, 2.98237, 3.04634, 3.10579, 3.15509, 3.17973, 3.19773, 3.20900, 3.21717 (3.21487)	Reconstruction error (/dim): 0.06581, 0.05451, 0.04593, 0.04130, 0.03651, 0.03231, 0.03019, 0.02859, 0.02744, 0.02662 (0.02686)	KLD: 3.996, 3.690, 3.017, 2.671, 2.419, 2.137, 1.857, 1.821, 1.477, 1.477 (24.289)	Grad: 4363.0
[Epoch  87 (78.48s)]	ELBO (bits/dim): 2.67625, 2.86387, 2.98269, 3.04668, 3.10611, 3.15555, 3.18016, 3.19806, 3.20956, 3.21771 (3.21441)	Reconstruction error (/dim): 0.06579, 0.05447, 0.04594, 0.04128, 0.03648, 0.03228, 0.03016, 0.02857, 0.02741, 0.02658 (0.02670)	KLD: 4.003, 3.690, 3.013, 2.669, 2.418, 2.139, 1.854, 1.822, 1.475, 1.474 (24.806)	Grad: 3721.4
[Epoch  88 (78.56s)]	ELBO (bits/dim): 2.67644, 2.86456, 2.98316, 3.04749, 3.10661, 3.15602, 3.18058, 3.19859, 3.20985, 3.21808 (3.21545)	Reconstruction error (/dim): 0.06576, 0.05440, 0.04588, 0.04121, 0.03644, 0.03224, 0.03012, 0.02852, 0.02739, 0.02655 (0.02671)	KLD: 4.006, 3.697, 3.018, 2.668, 2.413, 2.134, 1.858, 1.812, 1.477, 1.480 (24.537)	Grad: 3690.1
[Epoch  89 (78.32s)]	ELBO (bits/dim): 2.67643, 2.86472, 2.98332, 3.04738, 3.10664, 3.15606, 3.18063, 3.19850, 3.20990, 3.21809 (3.21499)	Reconstruction error (/dim): 0.06578, 0.05442, 0.04586, 0.04123, 0.03645, 0.03224, 0.03013, 0.02853, 0.02738, 0.02654 (0.02673)	KLD: 4.011, 3.691, 3.017, 2.672, 2.413, 2.133, 1.854, 1.825, 1.480, 1.475 (24.341)	Grad: 4480.0
[Epoch  90 (79.22s)]	ELBO (bits/dim): 2.67656, 2.86480, 2.98375, 3.04790, 3.10705, 3.15649, 3.18101, 3.19890, 3.21025, 3.21850 (3.21550)	Reconstruction error (/dim): 0.06576, 0.05441, 0.04583, 0.04118, 0.03641, 0.03222, 0.03010, 0.02849, 0.02736, 0.02653 (0.02647)	KLD: 4.004, 3.698, 3.015, 2.676, 2.416, 2.135, 1.860, 1.815, 1.476, 1.465 (24.548)	Grad: 3835.8
[Epoch  91 (80.78s)]	ELBO (bits/dim): 2.67674, 2.86531, 2.98393, 3.04822, 3.10729, 3.15666, 3.18143, 3.19909, 3.21036, 3.21866 (3.21392)	Reconstruction error (/dim): 0.06576, 0.05439, 0.04582, 0.04116, 0.03641, 0.03221, 0.03007, 0.02849, 0.02736, 0.02651 (0.02676)	KLD: 4.006, 3.701, 3.016, 2.680, 2.422, 2.136, 1.859, 1.810, 1.477, 1.464 (24.492)	Grad: 4456.5
[Epoch  92 (78.08s)]	ELBO (bits/dim): 2.67707, 2.86578, 2.98439, 3.04867, 3.10772, 3.15706, 3.18175, 3.19928, 3.21076, 3.21884 (3.21710)	Reconstruction error (/dim): 0.06572, 0.05432, 0.04578, 0.04112, 0.03637, 0.03216, 0.03004, 0.02849, 0.02732, 0.02651 (0.02659)	KLD: 4.013, 3.703, 3.017, 2.675, 2.416, 2.130, 1.859, 1.811, 1.474, 1.465 (24.501)	Grad: 4033.5
[Epoch  93 (78.07s)]	ELBO (bits/dim): 2.67740, 2.86607, 2.98477, 3.04896, 3.10800, 3.15724, 3.18188, 3.19948, 3.21098, 3.21912 (3.21644)	Reconstruction error (/dim): 0.06569, 0.05432, 0.04575, 0.04110, 0.03634, 0.03217, 0.03004, 0.02846, 0.02731, 0.02648 (0.02658)	KLD: 4.016, 3.701, 3.015, 2.676, 2.414, 2.137, 1.856, 1.816, 1.472, 1.468 (24.444)	Grad: 3985.1
[Epoch  94 (79.29s)]	ELBO (bits/dim): 2.67735, 2.86610, 2.98493, 3.04908, 3.10786, 3.15732, 3.18193, 3.19958, 3.21093, 3.21906 (3.21631)	Reconstruction error (/dim): 0.06568, 0.05432, 0.04575, 0.04108, 0.03635, 0.03216, 0.03004, 0.02846, 0.02731, 0.02651 (0.02663)	KLD: 4.016, 3.710, 3.017, 2.679, 2.417, 2.134, 1.856, 1.817, 1.481, 1.457 (24.773)	Grad: 4236.3
[Epoch  95 (79.62s)]	ELBO (bits/dim): 2.67757, 2.86646, 2.98512, 3.04936, 3.10837, 3.15783, 3.18226, 3.19983, 3.21111, 3.21931 (3.21693)	Reconstruction error (/dim): 0.06568, 0.05430, 0.04573, 0.04107, 0.03632, 0.03212, 0.03000, 0.02845, 0.02729, 0.02646 (0.02663)	KLD: 4.021, 3.710, 3.013, 2.681, 2.416, 2.132, 1.859, 1.808, 1.481, 1.473 (24.461)	Grad: 3907.7
[Epoch  96 (80.70s)]	ELBO (bits/dim): 2.67777, 2.86702, 2.98572, 3.04981, 3.10866, 3.15798, 3.18256, 3.20013, 3.21156, 3.21959 (3.21683)	Reconstruction error (/dim): 0.06567, 0.05426, 0.04568, 0.04104, 0.03631, 0.03212, 0.02999, 0.02842, 0.02727, 0.02645 (0.02658)	KLD: 4.022, 3.711, 3.015, 2.682, 2.416, 2.137, 1.859, 1.808, 1.474, 1.465 (24.452)	Grad: 4316.1
[Epoch  97 (69.83s)]	ELBO (bits/dim): 2.67769, 2.86704, 2.98573, 3.05002, 3.10880, 3.15820, 3.18278, 3.20021, 3.21159, 3.21956 (3.21521)	Reconstruction error (/dim): 0.06565, 0.05427, 0.04569, 0.04103, 0.03630, 0.03210, 0.02997, 0.02842, 0.02729, 0.02647 (0.02682)	KLD: 4.018, 3.714, 3.012, 2.690, 2.405, 2.134, 1.853, 1.813, 1.469, 1.478 (24.524)	Grad: 4268.5
[Epoch  98 (68.32s)]	ELBO (bits/dim): 2.67818, 2.86767, 2.98637, 3.05064, 3.10933, 3.15871, 3.18332, 3.20079, 3.21207, 3.22012 (3.21615)	Reconstruction error (/dim): 0.06563, 0.05422, 0.04564, 0.04096, 0.03624, 0.03205, 0.02993, 0.02837, 0.02723, 0.02641 (0.02655)	KLD: 4.020, 3.715, 3.016, 2.690, 2.415, 2.134, 1.859, 1.808, 1.472, 1.470 (24.566)	Grad: 3829.5
[Epoch  99 (69.78s)]	ELBO (bits/dim): 2.67811, 2.86749, 2.98633, 3.05051, 3.10928, 3.15857, 3.18313, 3.20050, 3.21180, 3.21994 (3.21554)	Reconstruction error (/dim): 0.06561, 0.05423, 0.04564, 0.04098, 0.03626, 0.03206, 0.02994, 0.02839, 0.02726, 0.02643 (0.02679)	KLD: 4.026, 3.718, 3.010, 2.689, 2.423, 2.133, 1.855, 1.814, 1.474, 1.479 (24.396)	Grad: 4341.3
[Epoch 100 (76.90s)]	ELBO (bits/dim): 2.67838, 2.86809, 2.98673, 3.05108, 3.10973, 3.15906, 3.18344, 3.20098, 3.21223, 3.22031 (3.21728)	Reconstruction error (/dim): 0.06559, 0.05421, 0.04562, 0.04096, 0.03623, 0.03205, 0.02993, 0.02835, 0.02723, 0.02640 (0.02660)	KLD: 4.025, 3.711, 3.015, 2.688, 2.410, 2.131, 1.850, 1.809, 1.476, 1.477 (24.675)	Grad: 3887.3
Best epoch(s): [100]	Training time(s): 7732.61s (7732.61s)	Best ELBO (bits/dim): 3.22031 (3.21728)	Best reconstruction error (/dim): 0.07918 (0.06765)
Avg. mu: -0.059, 0.102, 0.109, 0.017, 0.001, -0.130, 0.036, 0.066, 0.142, -0.013
Avg. var: 0.001, 0.001, 0.003, 0.005, 0.010, 0.012, 0.028, 0.025, 0.051, 0.045
Max. mu: 4.964, 4.449, 3.991, 4.017, 3.421, 2.807, 3.176, 3.467, 3.132, 2.540
Max. var: 0.021, 0.010, 0.018, 0.045, 0.066, 0.060, 0.275, 0.242, 0.157, 0.164
Min. mu: -3.929, -4.060, -4.415, -3.438, -5.530, -3.700, -4.250, -2.643, -4.204, -2.486
Min. var: 0.000, 0.000, 0.000, 0.001, 0.001, 0.002, 0.001, 0.001, 0.001, 0.001
Cov. mu:
[[1.654 -0.387 -0.102 -0.163 0.104 0.055 0.121 0.025 -0.005 0.007]
 [-0.387 1.426 -0.065 -0.119 -0.012 -0.089 -0.121 0.050 0.082 -0.055]
 [-0.102 -0.065 0.913 0.055 0.083 -0.042 -0.009 -0.014 -0.017 -0.017]
 [-0.163 -0.119 0.055 1.020 0.047 0.013 0.022 -0.029 -0.012 0.005]
 [0.104 -0.012 0.083 0.047 1.031 -0.012 0.035 -0.022 0.028 -0.017]
 [0.055 -0.089 -0.042 0.013 -0.012 0.850 0.058 0.000 -0.010 0.009]
 [0.121 -0.121 -0.009 0.022 0.035 0.058 0.825 0.009 0.012 0.014]
 [0.025 0.050 -0.014 -0.029 -0.022 0.000 0.009 0.579 -0.020 0.014]
 [-0.005 0.082 -0.017 -0.012 0.028 -0.010 0.012 -0.020 0.750 -0.001]
 [0.007 -0.055 -0.017 0.005 -0.017 0.009 0.014 0.014 -0.001 0.445]]
