Encoder
=================================================================
Layer (type:depth-idx)                   Param #
=================================================================
Encoder                                  --
├─Linear: 1-1                            31,400
├─Linear: 1-2                            1,640
=================================================================
Total params: 33,040
Trainable params: 33,040
Non-trainable params: 0
=================================================================
Encoder to Latent
=================================================================
Layer (type:depth-idx)                   Param #
=================================================================
EncoderToLatents                         --
├─Linear: 1-1                            82
├─Linear: 1-2                            82
=================================================================
Total params: 164
Trainable params: 164
Non-trainable params: 0
=================================================================
Latents to Latents
=================================================================
Layer (type:depth-idx)                   Param #
=================================================================
LatentsToLatents                         --
├─Linear: 1-1                            72
├─Linear: 1-2                            18
├─Linear: 1-3                            18
=================================================================
Total params: 108
Trainable params: 108
Non-trainable params: 0
=================================================================
Latents to Decoder 0
=================================================================
Layer (type:depth-idx)                   Param #
=================================================================
LatentsToDecoder                         --
├─Linear: 1-1                            120
=================================================================
Total params: 120
Trainable params: 120
Non-trainable params: 0
=================================================================
Latents to Decoder 1
=================================================================
Layer (type:depth-idx)                   Param #
=================================================================
LatentsToDecoder                         --
├─Linear: 1-1                            120
=================================================================
Total params: 120
Trainable params: 120
Non-trainable params: 0
=================================================================
Latents to Decoder 2
=================================================================
Layer (type:depth-idx)                   Param #
=================================================================
LatentsToDecoder                         --
├─Linear: 1-1                            120
=================================================================
Total params: 120
Trainable params: 120
Non-trainable params: 0
=================================================================
Latents to Decoder 3
=================================================================
Layer (type:depth-idx)                   Param #
=================================================================
LatentsToDecoder                         --
├─Linear: 1-1                            120
=================================================================
Total params: 120
Trainable params: 120
Non-trainable params: 0
=================================================================
Latents to Decoder 4
=================================================================
Layer (type:depth-idx)                   Param #
=================================================================
LatentsToDecoder                         --
├─Linear: 1-1                            120
=================================================================
Total params: 120
Trainable params: 120
Non-trainable params: 0
=================================================================
Decoder
=================================================================
Layer (type:depth-idx)                   Param #
=================================================================
Decoder                                  --
├─Linear: 1-1                            1,640
├─Linear: 1-2                            32,144
=================================================================
Total params: 33,784
Trainable params: 33,784
Non-trainable params: 0
=================================================================
[Epoch   1 (15.41s)]	ELBO: 1053.183, 1113.312, 1135.752, 1139.104, 1138.421 (1265.566)	Log prob: 1119.016, 1180.823, 1204.473, 1208.845, 1209.095 (1321.226)	KLD: 65.833, 1.678, 1.211, 1.019, 0.932 (55.660)	Grad: 4.632, 3.545, 3.341, 3.301, 3.369
[Epoch   2 (17.96s)]	ELBO: 1263.683, 1297.585, 1302.965, 1302.122, 1299.769 (1336.497)	Log prob: 1300.189, 1336.077, 1343.091, 1343.729, 1342.787 (1370.961)	KLD: 36.506, 1.986, 1.632, 1.482, 1.411 (34.463)	Grad: 2.341, 1.703, 1.579, 1.524, 1.558
[Epoch   3 (16.53s)]	ELBO: 1363.932, 1376.900, 1376.722, 1375.508, 1374.330 (1395.254)	Log prob: 1382.636, 1397.683, 1398.813, 1398.805, 1398.772 (1415.926)	KLD: 18.705, 2.078, 1.309, 1.206, 1.145 (20.673)	Grad: 1.169, 0.766, 0.784, 0.768, 0.806
[Epoch   4 (16.14s)]	ELBO: 1404.047, 1415.313, 1415.527, 1414.563, 1413.382 (1436.994)	Log prob: 1416.540, 1430.236, 1431.824, 1432.133, 1432.181 (1456.543)	KLD: 12.491, 2.431, 1.376, 1.272, 1.229 (19.550)	Grad: 2.184, 2.107, 2.150, 2.171, 2.208
[Epoch   5 (16.86s)]	ELBO: 1429.191, 1469.292, 1469.195, 1468.311, 1467.232 (1493.754)	Log prob: 1440.154, 1484.535, 1485.684, 1485.944, 1485.969 (1509.842)	KLD: 10.964, 4.279, 1.247, 1.144, 1.104 (16.088)	Grad: 5.503, 5.581, 5.608, 5.639, 5.651
[Epoch   6 (17.41s)]	ELBO: 1461.463, 1505.522, 1505.305, 1504.725, 1503.869 (1515.020)	Log prob: 1470.290, 1517.911, 1518.741, 1519.133, 1519.222 (1529.695)	KLD: 8.827, 3.562, 1.047, 0.972, 0.945 (14.675)	Grad: 8.813, 9.002, 9.011, 9.032, 9.051
[Epoch   7 (23.50s)]	ELBO: 1473.329, 1521.273, 1521.430, 1520.943, 1520.152 (1529.789)	Log prob: 1481.434, 1533.097, 1534.406, 1534.998, 1535.252 (1544.800)	KLD: 8.105, 3.718, 1.153, 1.080, 1.043 (15.011)	Grad: 14.844, 14.983, 14.953, 14.972, 15.005
[Epoch   8 (20.52s)]	ELBO: 1479.665, 1536.316, 1536.170, 1535.386, 1534.370 (1544.414)	Log prob: 1487.475, 1548.411, 1549.626, 1550.123, 1550.354 (1559.955)	KLD: 7.810, 4.285, 1.362, 1.282, 1.246 (15.541)	Grad: 15.992, 16.044, 15.989, 15.993, 16.016
[Epoch   9 (18.28s)]	ELBO: 1484.564, 1548.281, 1548.374, 1547.593, 1546.394 (1551.886)	Log prob: 1492.062, 1560.333, 1561.876, 1562.442, 1562.556 (1567.192)	KLD: 7.498, 4.554, 1.450, 1.349, 1.311 (15.305)	Grad: 23.415, 23.303, 23.195, 23.171, 23.188
[Epoch  10 (17.29s)]	ELBO: 1488.995, 1555.082, 1555.316, 1554.352, 1553.232 (1559.996)	Log prob: 1496.370, 1567.075, 1568.748, 1569.114, 1569.293 (1575.519)	KLD: 7.375, 4.620, 1.437, 1.331, 1.297 (15.522)	Grad: 26.472, 26.304, 26.170, 26.165, 26.176
[Epoch  11 (18.30s)]	ELBO: 1492.687, 1560.854, 1560.835, 1559.843, 1558.787 (1565.802)	Log prob: 1500.022, 1572.817, 1574.206, 1574.536, 1574.772 (1581.439)	KLD: 7.336, 4.629, 1.407, 1.322, 1.291 (15.637)	Grad: 30.727, 30.576, 30.438, 30.450, 30.471
[Epoch  12 (17.72s)]	ELBO: 1494.804, 1565.329, 1565.079, 1564.220, 1562.996 (1558.591)	Log prob: 1502.165, 1577.421, 1578.580, 1579.055, 1579.132 (1574.081)	KLD: 7.361, 4.730, 1.409, 1.336, 1.302 (15.490)	Grad: 36.131, 35.864, 35.697, 35.712, 35.726
[Epoch  13 (18.15s)]	ELBO: 1497.167, 1570.452, 1570.161, 1569.214, 1567.912 (1573.365)	Log prob: 1504.563, 1582.611, 1583.750, 1584.167, 1584.205 (1589.100)	KLD: 7.395, 4.763, 1.430, 1.365, 1.338 (15.735)	Grad: 36.873, 36.678, 36.487, 36.494, 36.501
[Epoch  14 (19.50s)]	ELBO: 1499.428, 1576.298, 1575.889, 1574.850, 1573.453 (1573.616)	Log prob: 1506.865, 1588.542, 1589.580, 1589.943, 1589.918 (1589.722)	KLD: 7.439, 4.805, 1.448, 1.401, 1.373 (16.106)	Grad: 34.822, 34.692, 34.484, 34.477, 34.488
[Epoch  15 (18.94s)]	ELBO: 1501.286, 1580.891, 1580.288, 1579.133, 1577.962 (1581.926)	Log prob: 1508.775, 1593.227, 1594.097, 1594.374, 1594.607 (1598.301)	KLD: 7.489, 4.847, 1.474, 1.431, 1.404 (16.376)	Grad: 38.399, 38.315, 38.099, 38.087, 38.092
[Epoch  16 (18.79s)]	ELBO: 1502.630, 1584.322, 1583.610, 1582.440, 1581.131 (1582.026)	Log prob: 1510.198, 1596.743, 1597.524, 1597.807, 1597.921 (1598.640)	KLD: 7.568, 4.853, 1.495, 1.451, 1.424 (16.614)	Grad: 47.118, 46.986, 46.727, 46.708, 46.701
[Epoch  17 (17.95s)]	ELBO: 1504.325, 1587.093, 1586.393, 1585.257, 1583.891 (1584.734)	Log prob: 1511.987, 1599.573, 1600.416, 1600.779, 1600.885 (1601.426)	KLD: 7.662, 4.816, 1.545, 1.499, 1.472 (16.692)	Grad: 49.239, 49.109, 48.838, 48.793, 48.785
[Epoch  18 (17.54s)]	ELBO: 1505.838, 1589.721, 1588.913, 1587.713, 1586.276 (1584.806)	Log prob: 1513.599, 1602.293, 1603.061, 1603.391, 1603.458 (1601.947)	KLD: 7.761, 4.812, 1.576, 1.531, 1.502 (17.141)	Grad: 47.383, 47.270, 46.984, 46.942, 46.929
[Epoch  19 (18.32s)]	ELBO: 1507.199, 1591.751, 1590.859, 1589.679, 1588.267 (1590.866)	Log prob: 1515.061, 1604.400, 1605.115, 1605.495, 1605.610 (1608.179)	KLD: 7.861, 4.787, 1.607, 1.559, 1.527 (17.313)	Grad: 48.646, 48.509, 48.221, 48.176, 48.161
[Epoch  20 (17.94s)]	ELBO: 1508.081, 1593.220, 1592.455, 1591.116, 1589.655 (1592.865)	Log prob: 1516.039, 1606.003, 1606.876, 1607.124, 1607.218 (1610.093)	KLD: 7.957, 4.825, 1.638, 1.587, 1.556 (17.227)	Grad: 53.309, 53.183, 52.869, 52.823, 52.810
[Epoch  21 (18.82s)]	ELBO: 1509.109, 1594.645, 1593.768, 1592.448, 1590.989 (1590.470)	Log prob: 1517.188, 1607.537, 1608.307, 1608.585, 1608.691 (1607.999)	KLD: 8.079, 4.814, 1.647, 1.596, 1.566 (17.530)	Grad: 54.860, 54.672, 54.345, 54.290, 54.276
[Epoch  22 (16.66s)]	ELBO: 1510.156, 1596.041, 1595.137, 1593.907, 1592.328 (1594.325)	Log prob: 1518.344, 1609.072, 1609.853, 1610.255, 1610.272 (1611.991)	KLD: 8.189, 4.841, 1.686, 1.632, 1.598 (17.666)	Grad: 59.161, 58.977, 58.625, 58.565, 58.553
[Epoch  23 (15.61s)]	ELBO: 1510.605, 1596.730, 1595.767, 1594.416, 1592.960 (1595.337)	Log prob: 1518.903, 1609.825, 1610.558, 1610.852, 1611.007 (1613.269)	KLD: 8.297, 4.798, 1.696, 1.646, 1.612 (17.932)	Grad: 65.106, 64.806, 64.427, 64.370, 64.350
[Epoch  24 (18.16s)]	ELBO: 1512.045, 1598.188, 1597.235, 1595.891, 1594.429 (1595.450)	Log prob: 1520.418, 1611.383, 1612.160, 1612.491, 1612.672 (1613.567)	KLD: 8.372, 4.823, 1.731, 1.675, 1.643 (18.117)	Grad: 62.368, 62.122, 61.748, 61.692, 61.666
[Epoch  25 (22.57s)]	ELBO: 1512.756, 1598.741, 1597.917, 1596.538, 1594.978 (1594.699)	Log prob: 1521.260, 1612.059, 1612.972, 1613.276, 1613.363 (1612.848)	KLD: 8.505, 4.812, 1.736, 1.684, 1.650 (18.149)	Grad: 67.565, 67.221, 66.836, 66.776, 66.752
[Epoch  26 (22.09s)]	ELBO: 1513.948, 1599.961, 1599.120, 1597.758, 1596.246 (1595.908)	Log prob: 1522.496, 1613.336, 1614.234, 1614.564, 1614.707 (1614.235)	KLD: 8.549, 4.827, 1.740, 1.690, 1.656 (18.328)	Grad: 59.451, 59.144, 58.779, 58.728, 58.710
[Epoch  27 (26.03s)]	ELBO: 1514.372, 1600.544, 1599.708, 1598.298, 1596.842 (1598.994)	Log prob: 1523.018, 1614.031, 1614.948, 1615.238, 1615.451 (1617.630)	KLD: 8.647, 4.840, 1.753, 1.701, 1.669 (18.636)	Grad: 70.510, 70.177, 69.766, 69.703, 69.683
[Epoch  28 (21.27s)]	ELBO: 1515.188, 1601.092, 1600.302, 1598.854, 1597.378 (1596.273)	Log prob: 1523.939, 1614.657, 1615.631, 1615.899, 1616.103 (1614.860)	KLD: 8.752, 4.814, 1.764, 1.714, 1.682 (18.586)	Grad: 70.547, 70.140, 69.721, 69.679, 69.660
[Epoch  29 (19.47s)]	ELBO: 1516.468, 1602.095, 1601.326, 1599.877, 1598.400 (1600.029)	Log prob: 1525.321, 1615.790, 1616.778, 1617.041, 1617.242 (1618.538)	KLD: 8.852, 4.842, 1.758, 1.712, 1.680 (18.509)	Grad: 64.667, 64.313, 63.894, 63.841, 63.818
[Epoch  30 (20.94s)]	ELBO: 1516.624, 1602.176, 1601.375, 1600.057, 1598.516 (1600.812)	Log prob: 1525.565, 1615.958, 1616.921, 1617.322, 1617.467 (1619.801)	KLD: 8.942, 4.841, 1.764, 1.717, 1.686 (18.988)	Grad: 68.347, 67.967, 67.524, 67.472, 67.456
[Epoch  31 (21.82s)]	ELBO: 1517.430, 1603.018, 1602.288, 1600.856, 1599.276 (1599.035)	Log prob: 1526.440, 1616.902, 1617.940, 1618.227, 1618.335 (1618.122)	KLD: 9.011, 4.875, 1.767, 1.718, 1.687 (19.087)	Grad: 71.533, 71.135, 70.687, 70.625, 70.598
[Epoch  32 (20.94s)]	ELBO: 1517.774, 1603.119, 1602.488, 1601.018, 1599.505 (1597.724)	Log prob: 1526.874, 1617.105, 1618.252, 1618.514, 1618.704 (1616.885)	KLD: 9.099, 4.887, 1.778, 1.731, 1.703 (19.160)	Grad: 76.744, 76.265, 75.787, 75.726, 75.704
[Epoch  33 (20.40s)]	ELBO: 1518.399, 1603.776, 1603.068, 1601.656, 1600.045 (1600.179)	Log prob: 1527.629, 1617.873, 1618.938, 1619.250, 1619.334 (1619.361)	KLD: 9.230, 4.867, 1.772, 1.725, 1.695 (19.182)	Grad: 74.658, 74.160, 73.684, 73.621, 73.586
[Epoch  34 (20.43s)]	ELBO: 1518.627, 1604.113, 1603.476, 1602.041, 1600.458 (1601.521)	Log prob: 1527.889, 1618.276, 1619.421, 1619.724, 1619.846 (1620.882)	KLD: 9.262, 4.901, 1.782, 1.737, 1.706 (19.361)	Grad: 77.391, 76.857, 76.345, 76.277, 76.242
[Epoch  35 (20.86s)]	ELBO: 1518.861, 1604.196, 1603.587, 1602.099, 1600.594 (1599.666)	Log prob: 1528.272, 1618.493, 1619.666, 1619.908, 1620.107 (1618.820)	KLD: 9.411, 4.886, 1.781, 1.731, 1.704 (19.154)	Grad: 79.178, 78.566, 78.065, 78.002, 77.973
[Epoch  36 (19.65s)]	ELBO: 1519.050, 1604.588, 1603.919, 1602.473, 1600.855 (1601.862)	Log prob: 1528.501, 1618.923, 1620.030, 1620.314, 1620.399 (1620.947)	KLD: 9.452, 4.883, 1.777, 1.729, 1.704 (19.085)	Grad: 81.452, 80.811, 80.281, 80.201, 80.161
[Epoch  37 (20.47s)]	ELBO: 1519.470, 1604.721, 1604.054, 1602.627, 1601.080 (1602.801)	Log prob: 1529.046, 1619.200, 1620.324, 1620.646, 1620.819 (1622.712)	KLD: 9.575, 4.904, 1.792, 1.748, 1.720 (19.911)	Grad: 87.361, 86.654, 86.105, 86.020, 85.980
[Epoch  38 (18.40s)]	ELBO: 1519.101, 1604.523, 1603.938, 1602.466, 1600.858 (1600.037)	Log prob: 1528.774, 1619.108, 1620.313, 1620.586, 1620.694 (1620.150)	KLD: 9.673, 4.911, 1.791, 1.745, 1.715 (20.113)	Grad: 91.793, 90.955, 90.393, 90.319, 90.284
[Epoch  39 (18.28s)]	ELBO: 1520.545, 1605.583, 1604.987, 1603.574, 1601.985 (1603.339)	Log prob: 1530.326, 1620.288, 1621.476, 1621.799, 1621.918 (1622.829)	KLD: 9.780, 4.925, 1.785, 1.735, 1.707 (19.490)	Grad: 79.266, 78.636, 78.087, 77.999, 77.946
[Epoch  40 (20.00s)]	ELBO: 1519.992, 1605.344, 1604.746, 1603.432, 1601.732 (1603.579)	Log prob: 1529.768, 1620.065, 1621.269, 1621.704, 1621.728 (1623.615)	KLD: 9.776, 4.944, 1.802, 1.750, 1.723 (20.035)	Grad: 96.551, 95.635, 95.036, 94.949, 94.901
[Epoch  41 (22.86s)]	ELBO: 1520.237, 1605.434, 1604.906, 1603.443, 1601.766 (1603.598)	Log prob: 1530.106, 1620.256, 1621.531, 1621.822, 1621.870 (1623.721)	KLD: 9.869, 4.953, 1.801, 1.755, 1.727 (20.123)	Grad: 95.073, 94.171, 93.559, 93.464, 93.408
[Epoch  42 (19.36s)]	ELBO: 1520.319, 1605.575, 1605.014, 1603.515, 1601.862 (1605.082)	Log prob: 1530.321, 1620.472, 1621.708, 1621.958, 1622.031 (1625.143)	KLD: 10.000, 4.896, 1.797, 1.749, 1.725 (20.061)	Grad: 93.400, 92.498, 91.867, 91.773, 91.721
[Epoch  43 (15.82s)]	ELBO: 1520.597, 1605.959, 1605.363, 1603.885, 1602.263 (1604.625)	Log prob: 1530.684, 1620.994, 1622.201, 1622.481, 1622.594 (1624.595)	KLD: 10.087, 4.947, 1.804, 1.758, 1.735 (19.970)	Grad: 92.749, 91.775, 91.134, 91.048, 90.988
[Epoch  44 (17.27s)]	ELBO: 1521.654, 1606.818, 1606.232, 1604.704, 1603.095 (1604.691)	Log prob: 1531.829, 1621.901, 1623.114, 1623.342, 1623.464 (1625.036)	KLD: 10.175, 4.908, 1.800, 1.754, 1.732 (20.345)	Grad: 84.354, 83.533, 82.901, 82.793, 82.747
[Epoch  45 (16.53s)]	ELBO: 1519.925, 1605.006, 1604.347, 1602.867, 1601.314 (1604.733)	Log prob: 1530.173, 1620.131, 1621.270, 1621.545, 1621.724 (1624.918)	KLD: 10.247, 4.878, 1.799, 1.754, 1.732 (20.185)	Grad: 111.529, 110.372, 109.699, 109.580, 109.517
[Epoch  46 (15.51s)]	ELBO: 1521.508, 1606.721, 1606.085, 1604.756, 1603.093 (1603.642)	Log prob: 1531.876, 1621.986, 1623.159, 1623.597, 1623.674 (1624.153)	KLD: 10.369, 4.896, 1.809, 1.765, 1.742 (20.511)	Grad: 87.870, 86.931, 86.262, 86.152, 86.091
[Epoch  47 (16.24s)]	ELBO: 1521.390, 1606.949, 1606.342, 1604.851, 1603.237 (1604.568)	Log prob: 1531.843, 1622.333, 1623.531, 1623.803, 1623.928 (1625.034)	KLD: 10.452, 4.932, 1.805, 1.762, 1.739 (20.466)	Grad: 94.235, 93.220, 92.552, 92.444, 92.384
[Epoch  48 (18.44s)]	ELBO: 1521.001, 1606.454, 1605.887, 1604.432, 1602.776 (1605.208)	Log prob: 1531.549, 1621.922, 1623.156, 1623.456, 1623.532 (1625.746)	KLD: 10.549, 4.919, 1.800, 1.756, 1.734 (20.539)	Grad: 103.094, 101.860, 101.148, 101.030, 100.963
[Epoch  49 (20.75s)]	ELBO: 1519.122, 1604.549, 1603.867, 1602.344, 1600.722 (1581.194)	Log prob: 1529.803, 1620.128, 1621.255, 1621.497, 1621.619 (1601.708)	KLD: 10.681, 4.899, 1.809, 1.764, 1.744 (20.514)	Grad: 130.508, 128.844, 128.063, 127.934, 127.841
[Epoch  50 (20.74s)]	ELBO: 1521.641, 1607.247, 1606.716, 1605.280, 1603.594 (1604.888)	Log prob: 1532.337, 1622.856, 1624.136, 1624.461, 1624.515 (1625.714)	KLD: 10.695, 4.915, 1.811, 1.761, 1.739 (20.827)	Grad: 93.812, 92.588, 91.882, 91.749, 91.672
[Epoch  51 (19.43s)]	ELBO: 1521.719, 1607.311, 1606.700, 1605.200, 1603.628 (1606.486)	Log prob: 1532.552, 1623.060, 1624.241, 1624.486, 1624.641 (1627.410)	KLD: 10.833, 4.916, 1.791, 1.746, 1.726 (20.924)	Grad: 96.594, 95.299, 94.539, 94.408, 94.332
[Epoch  52 (17.99s)]	ELBO: 1521.540, 1607.459, 1606.909, 1605.367, 1603.812 (1593.513)	Log prob: 1532.465, 1623.334, 1624.588, 1624.801, 1624.979 (1614.465)	KLD: 10.925, 4.951, 1.802, 1.756, 1.732 (20.951)	Grad: 101.902, 100.425, 99.650, 99.511, 99.433
[Epoch  53 (17.88s)]	ELBO: 1521.251, 1606.889, 1606.353, 1604.861, 1603.217 (1605.063)	Log prob: 1532.319, 1622.857, 1624.121, 1624.382, 1624.472 (1626.188)	KLD: 11.069, 4.898, 1.800, 1.754, 1.732 (21.125)	Grad: 105.878, 104.323, 103.559, 103.413, 103.333
[Epoch  54 (17.12s)]	ELBO: 1521.364, 1607.168, 1606.704, 1605.159, 1603.526 (1604.575)	Log prob: 1532.534, 1623.249, 1624.588, 1624.796, 1624.898 (1626.229)	KLD: 11.171, 4.910, 1.803, 1.754, 1.735 (21.654)	Grad: 108.722, 106.984, 106.190, 106.041, 105.945
[Epoch  55 (19.37s)]	ELBO: 1521.399, 1607.472, 1606.885, 1605.457, 1603.826 (1604.742)	Log prob: 1532.714, 1623.687, 1624.889, 1625.202, 1625.292 (1626.090)	KLD: 11.315, 4.902, 1.788, 1.741, 1.721 (21.348)	Grad: 109.121, 107.453, 106.618, 106.456, 106.366
[Epoch  56 (19.60s)]	ELBO: 1522.157, 1608.075, 1607.564, 1606.024, 1604.388 (1598.194)	Log prob: 1533.583, 1624.383, 1625.680, 1625.898, 1626.007 (1619.559)	KLD: 11.426, 4.881, 1.808, 1.762, 1.744 (21.365)	Grad: 103.181, 101.619, 100.800, 100.655, 100.564
[Epoch  57 (18.30s)]	ELBO: 1521.635, 1607.729, 1607.189, 1605.711, 1604.014 (1606.116)	Log prob: 1533.124, 1624.101, 1625.351, 1625.622, 1625.651 (1627.678)	KLD: 11.488, 4.885, 1.788, 1.749, 1.726 (21.562)	Grad: 107.787, 105.972, 105.116, 104.954, 104.866
[Epoch  58 (18.47s)]	ELBO: 1522.336, 1608.238, 1607.666, 1606.169, 1604.469 (1591.425)	Log prob: 1533.999, 1624.823, 1626.032, 1626.276, 1626.296 (1613.925)	KLD: 11.664, 4.921, 1.782, 1.739, 1.720 (22.500)	Grad: 98.877, 97.148, 96.293, 96.145, 96.065
[Epoch  59 (18.76s)]	ELBO: 1521.556, 1607.881, 1607.252, 1605.799, 1604.204 (1605.991)	Log prob: 1533.311, 1624.564, 1625.713, 1625.997, 1626.118 (1627.822)	KLD: 11.755, 4.927, 1.779, 1.736, 1.716 (21.831)	Grad: 108.557, 106.514, 105.611, 105.461, 105.369
[Epoch  60 (17.40s)]	ELBO: 1520.712, 1607.049, 1606.409, 1604.985, 1603.321 (1602.665)	Log prob: 1532.604, 1623.811, 1624.948, 1625.256, 1625.304 (1624.638)	KLD: 11.893, 4.869, 1.777, 1.731, 1.713 (21.973)	Grad: 121.960, 119.582, 118.625, 118.456, 118.352
[Epoch  61 (17.16s)]	ELBO: 1520.845, 1606.796, 1606.167, 1604.684, 1603.006 (1606.015)	Log prob: 1532.905, 1623.724, 1624.898, 1625.176, 1625.239 (1627.933)	KLD: 12.060, 4.868, 1.804, 1.760, 1.742 (21.918)	Grad: 122.343, 119.923, 118.963, 118.792, 118.693
[Epoch  62 (17.65s)]	ELBO: 1521.937, 1608.517, 1607.935, 1606.339, 1604.643 (1598.580)	Log prob: 1534.045, 1625.514, 1626.715, 1626.859, 1626.890 (1620.520)	KLD: 12.109, 4.888, 1.783, 1.741, 1.726 (21.941)	Grad: 104.487, 102.297, 101.339, 101.187, 101.093
[Epoch  63 (17.28s)]	ELBO: 1522.098, 1608.432, 1607.901, 1606.348, 1604.768 (1593.394)	Log prob: 1534.386, 1625.598, 1626.833, 1627.005, 1627.134 (1616.037)	KLD: 12.288, 4.877, 1.766, 1.725, 1.707 (22.643)	Grad: 101.168, 99.006, 98.041, 97.879, 97.779
[Epoch  64 (20.36s)]	ELBO: 1521.654, 1608.042, 1607.504, 1605.799, 1604.245 (1607.065)	Log prob: 1534.101, 1625.356, 1626.594, 1626.620, 1626.782 (1629.539)	KLD: 12.446, 4.868, 1.776, 1.732, 1.716 (22.474)	Grad: 116.098, 113.462, 112.451, 112.273, 112.156
[Epoch  65 (19.40s)]	ELBO: 1522.616, 1609.094, 1608.481, 1607.013, 1605.393 (1606.794)	Log prob: 1535.224, 1626.625, 1627.786, 1628.047, 1628.141 (1629.432)	KLD: 12.609, 4.922, 1.773, 1.730, 1.714 (22.638)	Grad: 99.312, 96.998, 96.000, 95.839, 95.733
[Epoch  66 (18.65s)]	ELBO: 1521.108, 1607.707, 1607.099, 1605.567, 1603.924 (1598.870)	Log prob: 1533.873, 1625.375, 1626.524, 1626.702, 1626.755 (1621.333)	KLD: 12.765, 4.903, 1.756, 1.711, 1.697 (22.463)	Grad: 122.015, 118.854, 117.793, 117.605, 117.493
[Epoch  67 (19.85s)]	ELBO: 1518.747, 1605.622, 1604.997, 1603.447, 1601.853 (1604.195)	Log prob: 1531.656, 1623.399, 1624.517, 1624.669, 1624.759 (1627.106)	KLD: 12.908, 4.871, 1.741, 1.702, 1.686 (22.912)	Grad: 119.548, 116.287, 115.161, 114.972, 114.863
[Epoch  68 (19.20s)]	ELBO: 1522.102, 1608.885, 1608.272, 1606.701, 1605.119 (1606.033)	Log prob: 1535.114, 1626.802, 1627.943, 1628.081, 1628.195 (1629.263)	KLD: 13.013, 4.903, 1.755, 1.709, 1.695 (23.230)	Grad: 97.527, 94.814, 93.770, 93.596, 93.481
[Epoch  69 (21.99s)]	ELBO: 1521.385, 1607.971, 1607.299, 1605.802, 1604.222 (1606.728)	Log prob: 1534.633, 1626.130, 1627.207, 1627.417, 1627.527 (1629.465)	KLD: 13.248, 4.911, 1.751, 1.706, 1.689 (22.737)	Grad: 108.101, 105.236, 104.125, 103.952, 103.828
[Epoch  70 (19.06s)]	ELBO: 1521.512, 1608.458, 1607.820, 1606.357, 1604.711 (1597.028)	Log prob: 1534.864, 1626.736, 1627.854, 1628.104, 1628.153 (1620.494)	KLD: 13.353, 4.924, 1.758, 1.711, 1.696 (23.466)	Grad: 116.016, 112.734, 111.612, 111.423, 111.300
[Epoch  71 (19.11s)]	ELBO: 1521.293, 1608.098, 1607.460, 1605.932, 1604.402 (1606.212)	Log prob: 1534.899, 1626.608, 1627.722, 1627.903, 1628.070 (1629.733)	KLD: 13.607, 4.902, 1.753, 1.710, 1.695 (23.521)	Grad: 114.673, 111.079, 109.967, 109.790, 109.627
[Epoch  72 (20.75s)]	ELBO: 1521.656, 1608.831, 1608.226, 1606.669, 1605.151 (1604.894)	Log prob: 1535.423, 1627.534, 1628.674, 1628.819, 1628.987 (1628.388)	KLD: 13.768, 4.933, 1.748, 1.702, 1.685 (23.494)	Grad: 109.936, 106.469, 105.309, 105.135, 104.973
[Epoch  73 (22.37s)]	ELBO: 1520.985, 1607.851, 1607.316, 1605.799, 1604.179 (1603.363)	Log prob: 1534.996, 1626.807, 1628.032, 1628.230, 1628.306 (1627.319)	KLD: 14.011, 4.945, 1.762, 1.713, 1.696 (23.956)	Grad: 121.773, 117.717, 116.532, 116.345, 116.175
[Epoch  74 (21.52s)]	ELBO: 1521.090, 1608.175, 1607.505, 1606.139, 1604.446 (1594.092)	Log prob: 1535.282, 1627.314, 1628.383, 1628.708, 1628.687 (1618.516)	KLD: 14.193, 4.945, 1.739, 1.692, 1.673 (24.424)	Grad: 113.129, 109.193, 107.971, 107.778, 107.607
[Epoch  75 (22.57s)]	ELBO: 1521.350, 1608.433, 1607.703, 1606.228, 1604.723 (1593.727)	Log prob: 1535.806, 1627.831, 1628.825, 1629.030, 1629.188 (1618.194)	KLD: 14.456, 4.943, 1.723, 1.680, 1.664 (24.467)	Grad: 109.373, 105.362, 104.174, 103.993, 103.820
[Epoch  76 (23.03s)]	ELBO: 1520.707, 1607.844, 1607.143, 1605.683, 1603.960 (1603.316)	Log prob: 1535.379, 1627.478, 1628.498, 1628.717, 1628.659 (1627.689)	KLD: 14.673, 4.961, 1.720, 1.680, 1.664 (24.373)	Grad: 113.127, 108.699, 107.441, 107.268, 107.080
[Epoch  77 (22.81s)]	ELBO: 1520.158, 1607.683, 1606.913, 1605.401, 1603.833 (1603.591)	Log prob: 1535.085, 1627.588, 1628.537, 1628.705, 1628.798 (1628.410)	KLD: 14.926, 4.981, 1.719, 1.678, 1.662 (24.819)	Grad: 112.143, 107.504, 106.224, 106.042, 105.872
[Epoch  78 (20.37s)]	ELBO: 1519.602, 1606.815, 1606.115, 1604.626, 1603.131 (1599.494)	Log prob: 1534.824, 1626.982, 1628.006, 1628.202, 1628.377 (1624.601)	KLD: 15.223, 4.943, 1.724, 1.686, 1.669 (25.107)	Grad: 128.383, 123.227, 121.945, 121.808, 121.577
[Epoch  79 (21.54s)]	ELBO: 1520.064, 1607.393, 1606.819, 1605.246, 1603.714 (1594.245)	Log prob: 1535.499, 1627.801, 1628.944, 1629.043, 1629.169 (1619.794)	KLD: 15.435, 4.973, 1.716, 1.674, 1.657 (25.549)	Grad: 114.618, 109.789, 108.470, 108.324, 108.106
[Epoch  80 (21.50s)]	ELBO: 1520.066, 1607.628, 1606.938, 1605.489, 1603.936 (1602.998)	Log prob: 1535.773, 1628.332, 1629.361, 1629.593, 1629.708 (1628.713)	KLD: 15.707, 4.996, 1.720, 1.682, 1.666 (25.715)	Grad: 114.329, 109.231, 107.894, 107.781, 107.543
[Epoch  81 (19.83s)]	ELBO: 1519.836, 1607.347, 1606.697, 1605.275, 1603.674 (1603.857)	Log prob: 1535.888, 1628.365, 1629.435, 1629.695, 1629.757 (1629.912)	KLD: 16.051, 4.968, 1.719, 1.683, 1.661 (26.055)	Grad: 111.192, 106.179, 104.841, 104.711, 104.481
[Epoch  82 (19.71s)]	ELBO: 1518.942, 1606.605, 1605.940, 1604.440, 1602.902 (1604.730)	Log prob: 1535.253, 1627.924, 1628.972, 1629.140, 1629.256 (1630.932)	KLD: 16.311, 5.009, 1.712, 1.671, 1.652 (26.202)	Grad: 114.618, 109.155, 107.763, 107.632, 107.414
[Epoch  83 (19.16s)]	ELBO: 1518.247, 1606.125, 1605.455, 1603.817, 1602.380 (1601.848)	Log prob: 1534.927, 1627.837, 1628.872, 1628.900, 1629.109 (1628.288)	KLD: 16.681, 5.031, 1.706, 1.665, 1.645 (26.440)	Grad: 126.802, 120.286, 118.832, 118.706, 118.469
[Epoch  84 (19.74s)]	ELBO: 1518.951, 1606.401, 1605.591, 1604.172, 1602.516 (1602.898)	Log prob: 1536.040, 1628.479, 1629.373, 1629.617, 1629.604 (1629.813)	KLD: 17.090, 4.989, 1.703, 1.661, 1.646 (26.915)	Grad: 114.576, 108.424, 107.012, 106.866, 106.661
[Epoch  85 (21.30s)]	ELBO: 1516.513, 1603.340, 1602.460, 1601.021, 1599.476 (1604.666)	Log prob: 1533.992, 1625.714, 1626.551, 1626.789, 1626.904 (1631.920)	KLD: 17.478, 4.897, 1.717, 1.677, 1.660 (27.255)	Grad: 139.776, 132.314, 130.825, 130.650, 130.436
[Epoch  86 (20.32s)]	ELBO: 1518.657, 1606.427, 1605.689, 1604.360, 1602.714 (1598.447)	Log prob: 1536.427, 1629.200, 1630.142, 1630.454, 1630.430 (1626.354)	KLD: 17.771, 5.002, 1.679, 1.642, 1.624 (27.907)	Grad: 109.158, 103.112, 101.673, 101.518, 101.333
[Epoch  87 (22.19s)]	ELBO: 1517.622, 1605.583, 1604.920, 1603.431, 1601.945 (1600.901)	Log prob: 1535.824, 1628.825, 1629.854, 1630.017, 1630.166 (1629.203)	KLD: 18.202, 5.040, 1.691, 1.652, 1.634 (28.302)	Grad: 118.442, 111.691, 110.219, 110.059, 109.882
[Epoch  88 (23.73s)]	ELBO: 1517.460, 1605.411, 1604.809, 1603.238, 1601.853 (1598.420)	Log prob: 1536.154, 1629.154, 1630.237, 1630.311, 1630.556 (1627.132)	KLD: 18.694, 5.050, 1.684, 1.645, 1.629 (28.713)	Grad: 119.906, 112.441, 111.013, 110.832, 110.664
No improvement after 25 epochs...
Best epoch(s): [64]	Training time(s): 1705.92s (1705.92s)	Best ELBO: 1605.393 (1607.065)	Best log prob: 1630.556 (1631.920)
Avg. mu: 2.246, -0.010, -0.396, -0.138, -0.061, 0.022, -0.051, 0.018, -0.052, 0.024
Avg. var: 0.000, 0.000, 0.047, 0.063, 0.098, 0.140, 0.099, 0.142, 0.100, 0.143
Max. mu: 3.190, 2.137, 3.993, 6.626, 1.245, 1.700, 1.146, 1.682, 1.120, 1.655
Max. var: 0.001, 0.001, 0.909, 1.269, 1.233, 2.008, 1.172, 1.845, 1.164, 1.857
Min. mu: 1.857, -0.318, -5.534, -6.198, -2.140, -4.536, -2.957, -2.287, -2.776, -2.336
Min. var: 0.000, 0.000, 0.000, 0.000, 0.008, 0.010, 0.011, 0.015, 0.011, 0.015
Cov. mu:
[[0.041 0.032 -0.008 0.044 0.007 0.028 0.008 0.029 0.007 0.028]
 [0.032 0.101 -0.034 0.039 -0.044 -0.002 -0.041 0.002 -0.040 0.003]
 [-0.008 -0.034 2.239 0.346 0.327 -0.119 0.299 -0.112 0.295 -0.116]
 [0.044 0.039 0.346 2.914 0.371 0.552 0.368 0.488 0.359 0.477]
 [0.007 -0.044 0.327 0.371 0.192 0.085 0.181 0.070 0.175 0.066]
 [0.028 -0.002 -0.119 0.552 0.085 0.304 0.088 0.266 0.085 0.258]
 [0.008 -0.041 0.299 0.368 0.181 0.088 0.172 0.074 0.167 0.069]
 [0.029 0.002 -0.112 0.488 0.070 0.266 0.074 0.245 0.071 0.238]
 [0.007 -0.040 0.295 0.359 0.175 0.085 0.167 0.071 0.162 0.067]
 [0.028 0.003 -0.116 0.477 0.066 0.258 0.069 0.238 0.067 0.232]]
