Encoder
=================================================================
Layer (type:depth-idx)                   Param #
=================================================================
Encoder                                  --
├─Linear: 1-1                            76,930
├─Linear: 1-2                            9,702
=================================================================
Total params: 86,632
Trainable params: 86,632
Non-trainable params: 0
=================================================================
Encoder Encoder to Encoder
=================================================================
Layer (type:depth-idx)                   Param #
=================================================================
EncoderEncoderToEncoder                  --
├─Linear: 1-1                            19,306
├─Linear: 1-2                            9,702
=================================================================
Total params: 29,008
Trainable params: 29,008
Non-trainable params: 0
=================================================================
Encoder to Latents 0
=================================================================
Layer (type:depth-idx)                   Param #
=================================================================
EncoderToLatents                         --
├─Linear: 1-1                            99
├─Linear: 1-2                            99
=================================================================
Total params: 198
Trainable params: 198
Non-trainable params: 0
=================================================================
Encoder to Latents 1
=================================================================
Layer (type:depth-idx)                   Param #
=================================================================
EncoderToLatents                         --
├─Linear: 1-1                            99
├─Linear: 1-2                            99
=================================================================
Total params: 198
Trainable params: 198
Non-trainable params: 0
=================================================================
Encoder to Latents 2
=================================================================
Layer (type:depth-idx)                   Param #
=================================================================
EncoderToLatents                         --
├─Linear: 1-1                            99
├─Linear: 1-2                            99
=================================================================
Total params: 198
Trainable params: 198
Non-trainable params: 0
=================================================================
Encoder to Latents 3
=================================================================
Layer (type:depth-idx)                   Param #
=================================================================
EncoderToLatents                         --
├─Linear: 1-1                            99
├─Linear: 1-2                            99
=================================================================
Total params: 198
Trainable params: 198
Non-trainable params: 0
=================================================================
Encoder to Latents 4
=================================================================
Layer (type:depth-idx)                   Param #
=================================================================
EncoderToLatents                         --
├─Linear: 1-1                            99
├─Linear: 1-2                            99
=================================================================
Total params: 198
Trainable params: 198
Non-trainable params: 0
=================================================================
Encoder to Latents 5
=================================================================
Layer (type:depth-idx)                   Param #
=================================================================
EncoderToLatents                         --
├─Linear: 1-1                            99
├─Linear: 1-2                            99
=================================================================
Total params: 198
Trainable params: 198
Non-trainable params: 0
=================================================================
Encoder to Latents 6
=================================================================
Layer (type:depth-idx)                   Param #
=================================================================
EncoderToLatents                         --
├─Linear: 1-1                            99
├─Linear: 1-2                            99
=================================================================
Total params: 198
Trainable params: 198
Non-trainable params: 0
=================================================================
Encoder to Latents 7
=================================================================
Layer (type:depth-idx)                   Param #
=================================================================
EncoderToLatents                         --
├─Linear: 1-1                            99
├─Linear: 1-2                            99
=================================================================
Total params: 198
Trainable params: 198
Non-trainable params: 0
=================================================================
Encoder to Latents 8
=================================================================
Layer (type:depth-idx)                   Param #
=================================================================
EncoderToLatents                         --
├─Linear: 1-1                            99
├─Linear: 1-2                            99
=================================================================
Total params: 198
Trainable params: 198
Non-trainable params: 0
=================================================================
Encoder to Latents 9
=================================================================
Layer (type:depth-idx)                   Param #
=================================================================
EncoderToLatents                         --
├─Linear: 1-1                            99
├─Linear: 1-2                            99
=================================================================
Total params: 198
Trainable params: 198
Non-trainable params: 0
=================================================================
Latents to Decoder 0
=================================================================
Layer (type:depth-idx)                   Param #
=================================================================
LatentsToDecoder                         --
├─Linear: 1-1                            196
=================================================================
Total params: 196
Trainable params: 196
Non-trainable params: 0
=================================================================
Latents to Decoder 1
=================================================================
Layer (type:depth-idx)                   Param #
=================================================================
LatentsToDecoder                         --
├─Linear: 1-1                            196
=================================================================
Total params: 196
Trainable params: 196
Non-trainable params: 0
=================================================================
Latents to Decoder 2
=================================================================
Layer (type:depth-idx)                   Param #
=================================================================
LatentsToDecoder                         --
├─Linear: 1-1                            196
=================================================================
Total params: 196
Trainable params: 196
Non-trainable params: 0
=================================================================
Latents to Decoder 3
=================================================================
Layer (type:depth-idx)                   Param #
=================================================================
LatentsToDecoder                         --
├─Linear: 1-1                            196
=================================================================
Total params: 196
Trainable params: 196
Non-trainable params: 0
=================================================================
Latents to Decoder 4
=================================================================
Layer (type:depth-idx)                   Param #
=================================================================
LatentsToDecoder                         --
├─Linear: 1-1                            196
=================================================================
Total params: 196
Trainable params: 196
Non-trainable params: 0
=================================================================
Latents to Decoder 5
=================================================================
Layer (type:depth-idx)                   Param #
=================================================================
LatentsToDecoder                         --
├─Linear: 1-1                            196
=================================================================
Total params: 196
Trainable params: 196
Non-trainable params: 0
=================================================================
Latents to Decoder 6
=================================================================
Layer (type:depth-idx)                   Param #
=================================================================
LatentsToDecoder                         --
├─Linear: 1-1                            196
=================================================================
Total params: 196
Trainable params: 196
Non-trainable params: 0
=================================================================
Latents to Decoder 7
=================================================================
Layer (type:depth-idx)                   Param #
=================================================================
LatentsToDecoder                         --
├─Linear: 1-1                            196
=================================================================
Total params: 196
Trainable params: 196
Non-trainable params: 0
=================================================================
Latents to Decoder 8
=================================================================
Layer (type:depth-idx)                   Param #
=================================================================
LatentsToDecoder                         --
├─Linear: 1-1                            196
=================================================================
Total params: 196
Trainable params: 196
Non-trainable params: 0
=================================================================
Latents to Decoder 9
=================================================================
Layer (type:depth-idx)                   Param #
=================================================================
LatentsToDecoder                         --
├─Linear: 1-1                            196
=================================================================
Total params: 196
Trainable params: 196
Non-trainable params: 0
=================================================================
Decoder
=================================================================
Layer (type:depth-idx)                   Param #
=================================================================
Decoder                                  --
├─Linear: 1-1                            9,702
├─Linear: 1-2                            77,616
=================================================================
Total params: 87,318
Trainable params: 87,318
Non-trainable params: 0
=================================================================
Training model 1/10...
[Epoch   1 (12.63s)]	ELBO: 1266.713 (1397.630)	Log prob: 1275.665 (1402.299)	KLD: 8.952 (4.669)	Grad: 4.710
[Epoch   2 (13.99s)]	ELBO: 1412.171 (1420.594)	Log prob: 1416.297 (1424.252)	KLD: 4.126 (3.658)	Grad: 4.076
[Epoch   3 (13.16s)]	ELBO: 1428.077 (1431.643)	Log prob: 1431.790 (1435.266)	KLD: 3.714 (3.623)	Grad: 4.612
[Epoch   4 (17.66s)]	ELBO: 1436.983 (1441.554)	Log prob: 1440.828 (1445.502)	KLD: 3.845 (3.949)	Grad: 4.527
[Epoch   5 (12.59s)]	ELBO: 1444.501 (1449.509)	Log prob: 1448.484 (1453.523)	KLD: 3.983 (4.014)	Grad: 4.750
[Epoch   6 (15.45s)]	ELBO: 1450.278 (1452.160)	Log prob: 1454.459 (1456.366)	KLD: 4.181 (4.206)	Grad: 4.899
[Epoch   7 (16.63s)]	ELBO: 1457.823 (1459.418)	Log prob: 1462.162 (1463.824)	KLD: 4.339 (4.405)	Grad: 4.871
[Epoch   8 (15.55s)]	ELBO: 1462.477 (1467.076)	Log prob: 1466.855 (1471.420)	KLD: 4.378 (4.345)	Grad: 5.694
[Epoch   9 (24.75s)]	ELBO: 1468.577 (1469.949)	Log prob: 1472.958 (1474.299)	KLD: 4.381 (4.350)	Grad: 6.182
[Epoch  10 (18.58s)]	ELBO: 1472.569 (1475.564)	Log prob: 1477.048 (1480.009)	KLD: 4.479 (4.445)	Grad: 7.480
Training model 2/10...
[Epoch   1 (30.46s)]	ELBO: 1488.073 (1507.486)	Log prob: 1494.929 (1514.535)	KLD: 2.071 (7.050)	Grad: 1.971
[Epoch   2 (29.01s)]	ELBO: 1514.005 (1517.217)	Log prob: 1521.223 (1524.392)	KLD: 2.336 (7.176)	Grad: 1.763
[Epoch   3 (32.31s)]	ELBO: 1526.293 (1528.920)	Log prob: 1533.679 (1536.165)	KLD: 2.460 (7.245)	Grad: 1.571
[Epoch   4 (27.92s)]	ELBO: 1532.441 (1535.635)	Log prob: 1539.922 (1543.021)	KLD: 2.503 (7.386)	Grad: 1.637
[Epoch   5 (21.97s)]	ELBO: 1537.285 (1533.135)	Log prob: 1544.898 (1540.549)	KLD: 2.537 (7.414)	Grad: 1.602
[Epoch   6 (29.31s)]	ELBO: 1538.095 (1537.213)	Log prob: 1545.831 (1545.030)	KLD: 2.585 (7.816)	Grad: 1.563
[Epoch   7 (27.93s)]	ELBO: 1543.064 (1546.336)	Log prob: 1550.951 (1554.088)	KLD: 2.628 (7.752)	Grad: 1.647
[Epoch   8 (26.95s)]	ELBO: 1547.370 (1549.861)	Log prob: 1555.261 (1557.587)	KLD: 2.645 (7.726)	Grad: 1.519
[Epoch   9 (26.79s)]	ELBO: 1550.823 (1552.713)	Log prob: 1558.760 (1560.516)	KLD: 2.691 (7.803)	Grad: 1.707
[Epoch  10 (26.21s)]	ELBO: 1549.574 (1540.856)	Log prob: 1557.602 (1548.657)	KLD: 2.731 (7.801)	Grad: 1.833
Training model 3/10...
[Epoch   1 (43.11s)]	ELBO: 1546.784 (1558.439)	Log prob: 1556.484 (1568.213)	KLD: 1.518 (9.774)	Grad: 1.768
[Epoch   2 (34.14s)]	ELBO: 1561.368 (1564.776)	Log prob: 1571.510 (1574.868)	KLD: 1.796 (10.092)	Grad: 1.406
[Epoch   3 (33.85s)]	ELBO: 1569.701 (1574.618)	Log prob: 1579.890 (1584.811)	KLD: 1.900 (10.192)	Grad: 1.537
[Epoch   4 (40.02s)]	ELBO: 1577.353 (1582.882)	Log prob: 1587.715 (1593.404)	KLD: 1.943 (10.522)	Grad: 1.378
[Epoch   5 (40.53s)]	ELBO: 1582.336 (1581.439)	Log prob: 1592.860 (1591.737)	KLD: 1.955 (10.298)	Grad: 1.342
[Epoch   6 (36.64s)]	ELBO: 1585.796 (1586.103)	Log prob: 1596.315 (1596.581)	KLD: 1.998 (10.478)	Grad: 1.336
[Epoch   7 (32.17s)]	ELBO: 1590.522 (1587.819)	Log prob: 1601.089 (1598.257)	KLD: 2.019 (10.438)	Grad: 1.275
[Epoch   8 (34.09s)]	ELBO: 1588.397 (1590.784)	Log prob: 1598.957 (1601.129)	KLD: 2.059 (10.346)	Grad: 1.323
[Epoch   9 (33.64s)]	ELBO: 1592.964 (1592.196)	Log prob: 1603.579 (1602.774)	KLD: 2.049 (10.578)	Grad: 1.378
[Epoch  10 (36.39s)]	ELBO: 1596.792 (1592.571)	Log prob: 1607.519 (1603.374)	KLD: 2.061 (10.803)	Grad: 1.225
Training model 4/10...
[Epoch   1 (46.63s)]	ELBO: 1584.792 (1595.053)	Log prob: 1597.220 (1607.711)	KLD: 1.525 (12.658)	Grad: 2.597
[Epoch   2 (41.53s)]	ELBO: 1601.339 (1602.678)	Log prob: 1614.026 (1615.472)	KLD: 1.711 (12.794)	Grad: 1.421
[Epoch   3 (35.57s)]	ELBO: 1604.921 (1601.744)	Log prob: 1617.630 (1614.566)	KLD: 1.665 (12.822)	Grad: 1.347
[Epoch   4 (31.65s)]	ELBO: 1603.716 (1598.302)	Log prob: 1616.460 (1610.811)	KLD: 1.613 (12.510)	Grad: 1.186
[Epoch   5 (31.97s)]	ELBO: 1600.872 (1599.377)	Log prob: 1613.789 (1612.827)	KLD: 1.647 (13.450)	Grad: 1.235
[Epoch   6 (32.24s)]	ELBO: 1605.976 (1604.411)	Log prob: 1619.014 (1617.590)	KLD: 1.685 (13.179)	Grad: 1.165
[Epoch   7 (34.72s)]	ELBO: 1610.451 (1612.229)	Log prob: 1623.304 (1625.055)	KLD: 1.672 (12.826)	Grad: 1.088
[Epoch   8 (34.51s)]	ELBO: 1616.713 (1615.187)	Log prob: 1629.491 (1628.022)	KLD: 1.696 (12.835)	Grad: 0.991
[Epoch   9 (36.61s)]	ELBO: 1619.265 (1618.182)	Log prob: 1632.051 (1630.988)	KLD: 1.726 (12.806)	Grad: 0.987
[Epoch  10 (36.66s)]	ELBO: 1622.411 (1621.808)	Log prob: 1635.331 (1634.628)	KLD: 1.765 (12.819)	Grad: 1.032
Training model 5/10...
[Epoch   1 (43.61s)]	ELBO: 1611.374 (1621.133)	Log prob: 1626.070 (1636.237)	KLD: 1.605 (15.105)	Grad: 2.389
[Epoch   2 (43.84s)]	ELBO: 1623.567 (1612.670)	Log prob: 1638.567 (1627.474)	KLD: 1.858 (14.805)	Grad: 1.705
[Epoch   3 (41.48s)]	ELBO: 1623.401 (1624.368)	Log prob: 1638.413 (1639.130)	KLD: 1.827 (14.762)	Grad: 1.570
[Epoch   4 (40.42s)]	ELBO: 1628.871 (1627.937)	Log prob: 1643.705 (1642.519)	KLD: 1.772 (14.582)	Grad: 1.505
[Epoch   5 (40.46s)]	ELBO: 1625.162 (1598.401)	Log prob: 1639.835 (1612.807)	KLD: 1.716 (14.406)	Grad: 1.392
[Epoch   6 (41.92s)]	ELBO: 1613.343 (1621.434)	Log prob: 1628.157 (1636.037)	KLD: 1.662 (14.604)	Grad: 1.271
[Epoch   7 (41.74s)]	ELBO: 1624.315 (1618.654)	Log prob: 1639.056 (1632.996)	KLD: 1.595 (14.342)	Grad: 1.232
[Epoch   8 (42.93s)]	ELBO: 1626.996 (1625.898)	Log prob: 1641.669 (1640.458)	KLD: 1.613 (14.560)	Grad: 1.067
[Epoch   9 (43.16s)]	ELBO: 1626.520 (1627.808)	Log prob: 1640.939 (1641.951)	KLD: 1.626 (14.143)	Grad: 1.090
[Epoch  10 (43.10s)]	ELBO: 1629.440 (1626.620)	Log prob: 1643.652 (1640.562)	KLD: 1.595 (13.943)	Grad: 1.057
Training model 6/10...
[Epoch   1 (49.36s)]	ELBO: 1619.683 (1632.420)	Log prob: 1635.351 (1648.122)	KLD: 1.389 (15.702)	Grad: 2.168
[Epoch   2 (49.58s)]	ELBO: 1634.370 (1635.061)	Log prob: 1650.129 (1650.525)	KLD: 1.439 (15.464)	Grad: 1.148
[Epoch   3 (56.41s)]	ELBO: 1634.596 (1633.900)	Log prob: 1650.347 (1649.437)	KLD: 1.478 (15.537)	Grad: 1.268
[Epoch   4 (53.18s)]	ELBO: 1636.349 (1633.955)	Log prob: 1651.955 (1649.312)	KLD: 1.477 (15.358)	Grad: 1.244
[Epoch   5 (57.33s)]	ELBO: 1639.068 (1639.532)	Log prob: 1654.652 (1655.074)	KLD: 1.483 (15.542)	Grad: 1.246
[Epoch   6 (56.24s)]	ELBO: 1642.606 (1641.749)	Log prob: 1658.178 (1657.209)	KLD: 1.467 (15.460)	Grad: 1.148
[Epoch   7 (64.65s)]	ELBO: 1643.509 (1644.926)	Log prob: 1659.256 (1660.418)	KLD: 1.393 (15.492)	Grad: 1.055
[Epoch   8 (71.20s)]	ELBO: 1644.896 (1645.607)	Log prob: 1660.630 (1661.201)	KLD: 1.349 (15.594)	Grad: 1.025
[Epoch   9 (79.61s)]	ELBO: 1649.681 (1647.732)	Log prob: 1665.346 (1663.396)	KLD: 1.362 (15.664)	Grad: 0.904
[Epoch  10 (71.52s)]	ELBO: 1649.617 (1643.838)	Log prob: 1665.452 (1659.493)	KLD: 1.345 (15.655)	Grad: 0.908
Training model 7/10...
[Epoch   1 (96.97s)]	ELBO: 1633.056 (1642.290)	Log prob: 1650.779 (1660.090)	KLD: 1.468 (17.800)	Grad: 2.633
[Epoch   2 (85.62s)]	ELBO: 1642.397 (1633.910)	Log prob: 1660.490 (1652.257)	KLD: 1.731 (18.347)	Grad: 1.312
[Epoch   3 (79.46s)]	ELBO: 1648.412 (1650.172)	Log prob: 1666.448 (1667.872)	KLD: 1.794 (17.700)	Grad: 1.323
[Epoch   4 (77.30s)]	ELBO: 1655.193 (1656.576)	Log prob: 1673.066 (1674.067)	KLD: 1.779 (17.492)	Grad: 1.293
[Epoch   5 (77.92s)]	ELBO: 1658.036 (1658.049)	Log prob: 1675.842 (1675.527)	KLD: 1.776 (17.478)	Grad: 1.338
[Epoch   6 (78.33s)]	ELBO: 1659.694 (1658.201)	Log prob: 1677.527 (1675.824)	KLD: 1.744 (17.623)	Grad: 1.280
[Epoch   7 (75.49s)]	ELBO: 1659.632 (1658.972)	Log prob: 1677.585 (1676.913)	KLD: 1.742 (17.941)	Grad: 1.299
[Epoch   8 (76.38s)]	ELBO: 1662.786 (1663.388)	Log prob: 1680.765 (1680.860)	KLD: 1.755 (17.472)	Grad: 1.216
[Epoch   9 (80.30s)]	ELBO: 1661.078 (1661.876)	Log prob: 1679.173 (1680.151)	KLD: 1.718 (18.275)	Grad: 1.134
[Epoch  10 (84.27s)]	ELBO: 1661.302 (1662.099)	Log prob: 1679.438 (1680.131)	KLD: 1.690 (18.033)	Grad: 1.173
Training model 8/10...
[Epoch   1 (92.95s)]	ELBO: 1652.762 (1660.830)	Log prob: 1672.523 (1680.923)	KLD: 1.464 (20.093)	Grad: 2.635
[Epoch   2 (91.81s)]	ELBO: 1664.002 (1665.271)	Log prob: 1683.850 (1684.622)	KLD: 1.589 (19.351)	Grad: 1.373
[Epoch   3 (94.35s)]	ELBO: 1667.515 (1667.876)	Log prob: 1687.224 (1687.466)	KLD: 1.414 (19.590)	Grad: 1.128
[Epoch   4 (127.51s)]	ELBO: 1667.451 (1671.072)	Log prob: 1687.069 (1690.745)	KLD: 1.297 (19.672)	Grad: 1.056
[Epoch   5 (131.88s)]	ELBO: 1667.913 (1664.772)	Log prob: 1687.505 (1684.163)	KLD: 1.262 (19.391)	Grad: 1.016
[Epoch   6 (149.89s)]	ELBO: 1666.554 (1669.950)	Log prob: 1686.082 (1689.317)	KLD: 1.180 (19.367)	Grad: 0.984
[Epoch   7 (148.51s)]	ELBO: 1671.494 (1674.603)	Log prob: 1690.790 (1693.753)	KLD: 1.167 (19.150)	Grad: 0.980
[Epoch   8 (145.95s)]	ELBO: 1675.148 (1675.066)	Log prob: 1694.384 (1694.065)	KLD: 1.095 (18.999)	Grad: 0.878
[Epoch   9 (149.06s)]	ELBO: 1673.203 (1671.825)	Log prob: 1692.254 (1690.681)	KLD: 1.140 (18.856)	Grad: 0.952
[Epoch  10 (146.42s)]	ELBO: 1676.323 (1678.738)	Log prob: 1695.343 (1697.573)	KLD: 1.107 (18.835)	Grad: 0.888
Training model 9/10...
[Epoch   1 (153.54s)]	ELBO: 1659.715 (1669.604)	Log prob: 1680.682 (1690.566)	KLD: 1.734 (20.962)	Grad: 3.330
[Epoch   2 (118.97s)]	ELBO: 1673.907 (1676.770)	Log prob: 1694.834 (1697.486)	KLD: 1.773 (20.716)	Grad: 1.442
[Epoch   3 (103.09s)]	ELBO: 1676.214 (1678.403)	Log prob: 1697.079 (1699.138)	KLD: 1.594 (20.735)	Grad: 1.279
[Epoch   4 (101.54s)]	ELBO: 1676.409 (1676.466)	Log prob: 1697.243 (1697.369)	KLD: 1.434 (20.903)	Grad: 1.255
[Epoch   5 (107.46s)]	ELBO: 1681.229 (1682.786)	Log prob: 1701.879 (1703.450)	KLD: 1.362 (20.663)	Grad: 1.102
[Epoch   6 (100.99s)]	ELBO: 1681.315 (1682.228)	Log prob: 1701.819 (1702.951)	KLD: 1.279 (20.723)	Grad: 1.057
[Epoch   7 (101.94s)]	ELBO: 1680.689 (1682.118)	Log prob: 1701.201 (1702.605)	KLD: 1.193 (20.487)	Grad: 1.053
[Epoch   8 (96.47s)]	ELBO: 1682.346 (1682.740)	Log prob: 1702.776 (1703.064)	KLD: 1.102 (20.323)	Grad: 1.029
[Epoch   9 (93.04s)]	ELBO: 1685.938 (1684.278)	Log prob: 1706.297 (1704.512)	KLD: 1.038 (20.234)	Grad: 0.944
[Epoch  10 (94.51s)]	ELBO: 1683.515 (1682.046)	Log prob: 1703.949 (1702.338)	KLD: 0.939 (20.292)	Grad: 0.882
Training model 10/10...
[Epoch   1 (111.12s)]	ELBO: 1675.485 (1684.313)	Log prob: 1697.225 (1706.189)	KLD: 1.198 (21.877)	Grad: 2.649
[Epoch   2 (111.01s)]	ELBO: 1683.058 (1682.582)	Log prob: 1705.069 (1704.843)	KLD: 1.369 (22.261)	Grad: 1.315
[Epoch   3 (92.24s)]	ELBO: 1684.215 (1688.863)	Log prob: 1706.261 (1710.647)	KLD: 1.243 (21.784)	Grad: 1.123
[Epoch   4 (67.59s)]	ELBO: 1687.439 (1688.493)	Log prob: 1709.193 (1710.141)	KLD: 1.117 (21.648)	Grad: 1.006
[Epoch   5 (68.06s)]	ELBO: 1691.150 (1692.783)	Log prob: 1712.773 (1714.255)	KLD: 1.011 (21.472)	Grad: 0.927
[Epoch   6 (67.15s)]	ELBO: 1692.975 (1693.717)	Log prob: 1714.446 (1714.862)	KLD: 0.894 (21.145)	Grad: 0.863
[Epoch   7 (68.42s)]	ELBO: 1692.443 (1692.060)	Log prob: 1713.852 (1713.335)	KLD: 0.850 (21.274)	Grad: 0.900
[Epoch   8 (70.08s)]	ELBO: 1693.584 (1695.117)	Log prob: 1715.077 (1716.641)	KLD: 0.803 (21.524)	Grad: 0.842
[Epoch   9 (66.45s)]	ELBO: 1695.781 (1697.865)	Log prob: 1717.275 (1719.211)	KLD: 0.725 (21.346)	Grad: 0.743
[Epoch  10 (67.47s)]	ELBO: 1695.806 (1696.104)	Log prob: 1717.258 (1717.300)	KLD: 0.716 (21.196)	Grad: 0.722
Best epoch(s): [10, 9, 10, 10, 4, 9, 8, 10, 9, 9]	Training time(s): 161.00s, 278.86s, 364.58s, 362.09s, 422.66s, 609.06s, 812.04s, 1278.33s, 1071.56s, 789.59s (6149.78s)	Best ELBO: 1695.806 (1697.865)	Best log prob: 1717.275 (1719.211)
Avg. mu: 0.034, -0.020, -0.125, 0.077, -0.009, 0.111, -0.130, 0.248, 0.027, -0.310
Avg. var: 0.000, 0.003, 0.012, 0.018, 0.027, 0.042, 0.058, 0.092, 0.135, 0.172
Max. mu: 6.077, 4.125, 4.216, 4.668, 4.731, 5.288, 4.702, 7.972, 4.235, 1.516
Max. var: 0.005, 0.026, 0.159, 0.207, 0.281, 0.378, 0.482, 0.509, 0.897, 0.917
Min. mu: -5.104, -4.362, -4.681, -4.699, -4.529, -3.417, -5.259, -4.998, -3.679, -2.650
Min. var: 0.000, 0.000, 0.003, 0.004, 0.004, 0.007, 0.013, 0.013, 0.011, 0.004
Cov. mu:
[[3.430 -0.022 -0.301 -0.081 0.025 0.090 0.079 0.003 -0.026 0.067]
 [-0.022 1.456 -0.010 -0.100 0.066 -0.056 -0.059 -0.045 0.019 -0.083]
 [-0.301 -0.010 1.099 0.031 0.063 0.046 -0.050 0.047 0.056 0.028]
 [-0.081 -0.100 0.031 1.049 -0.077 0.054 -0.035 -0.009 0.080 0.017]
 [0.025 0.066 0.063 -0.077 1.079 -0.017 0.011 0.017 -0.032 0.047]
 [0.090 -0.056 0.046 0.054 -0.017 0.971 0.016 -0.002 -0.030 0.026]
 [0.079 -0.059 -0.050 -0.035 0.011 0.016 1.018 -0.003 -0.053 0.035]
 [0.003 -0.045 0.047 -0.009 0.017 -0.002 -0.003 0.919 0.033 -0.025]
 [-0.026 0.019 0.056 0.080 -0.032 -0.030 -0.053 0.033 0.545 -0.050]
 [0.067 -0.083 0.028 0.017 0.047 0.026 0.035 -0.025 -0.050 0.196]]
