Encoder
=================================================================
Layer (type:depth-idx)                   Param #
=================================================================
Encoder                                  --
├─Linear: 1-1                            76,930
├─Linear: 1-2                            4,851
=================================================================
Total params: 81,781
Trainable params: 81,781
Non-trainable params: 0
=================================================================
Encoder to Latents 0
=================================================================
Layer (type:depth-idx)                   Param #
=================================================================
EncoderToLatents                         --
├─Linear: 1-1                            50
├─Linear: 1-2                            50
=================================================================
Total params: 100
Trainable params: 100
Non-trainable params: 0
=================================================================
Encoder to Latents 1
=================================================================
Layer (type:depth-idx)                   Param #
=================================================================
EncoderToLatents                         --
├─Linear: 1-1                            50
├─Linear: 1-2                            50
=================================================================
Total params: 100
Trainable params: 100
Non-trainable params: 0
=================================================================
Encoder to Latents 2
=================================================================
Layer (type:depth-idx)                   Param #
=================================================================
EncoderToLatents                         --
├─Linear: 1-1                            50
├─Linear: 1-2                            50
=================================================================
Total params: 100
Trainable params: 100
Non-trainable params: 0
=================================================================
Latents to Decoder 0
=================================================================
Layer (type:depth-idx)                   Param #
=================================================================
LatentsToDecoder                         --
├─Linear: 1-1                            98
=================================================================
Total params: 98
Trainable params: 98
Non-trainable params: 0
=================================================================
Latents to Decoder 1
=================================================================
Layer (type:depth-idx)                   Param #
=================================================================
LatentsToDecoder                         --
├─Linear: 1-1                            98
=================================================================
Total params: 98
Trainable params: 98
Non-trainable params: 0
=================================================================
Latents to Decoder 2
=================================================================
Layer (type:depth-idx)                   Param #
=================================================================
LatentsToDecoder                         --
├─Linear: 1-1                            98
=================================================================
Total params: 98
Trainable params: 98
Non-trainable params: 0
=================================================================
Decoder
=================================================================
Layer (type:depth-idx)                   Param #
=================================================================
Decoder                                  --
├─Linear: 1-1                            4,900
├─Linear: 1-2                            77,616
=================================================================
Total params: 82,516
Trainable params: 82,516
Non-trainable params: 0
=================================================================
[Epoch   1 (171.70s)]	ELBO: 1210.182, 1265.602, 1271.354 (1374.042)	Log prob: 1236.193, 1269.788, 1272.265 (1392.722)	KLD: 26.012, 4.187, 0.911 (18.680)
[Epoch   2 (252.54s)]	ELBO: 1370.680, 1420.591, 1427.270 (1436.025)	Log prob: 1383.056, 1424.042, 1428.258 (1449.260)	KLD: 12.375, 3.450, 0.989 (13.235)
[Epoch   3 (293.33s)]	ELBO: 1397.421, 1455.753, 1471.873 (1473.720)	Log prob: 1404.280, 1459.235, 1473.883 (1484.934)	KLD: 6.859, 3.482, 2.011 (11.214)
[Epoch   4 (255.76s)]	ELBO: 1404.829, 1472.443, 1497.234 (1491.122)	Log prob: 1409.894, 1476.170, 1499.533 (1501.534)	KLD: 5.065, 3.727, 2.299 (10.412)
[Epoch   5 (243.61s)]	ELBO: 1410.081, 1485.515, 1515.256 (1512.764)	Log prob: 1414.314, 1489.318, 1517.591 (1522.698)	KLD: 4.232, 3.804, 2.333 (9.934)
[Epoch   6 (271.79s)]	ELBO: 1413.734, 1494.247, 1533.540 (1528.010)	Log prob: 1417.683, 1497.995, 1535.949 (1538.212)	KLD: 3.949, 3.748, 2.408 (10.202)
[Epoch   7 (263.05s)]	ELBO: 1417.211, 1500.936, 1544.564 (1534.390)	Log prob: 1421.062, 1504.574, 1547.082 (1544.324)	KLD: 3.852, 3.638, 2.518 (9.933)
[Epoch   8 (258.68s)]	ELBO: 1420.223, 1506.801, 1551.862 (1542.689)	Log prob: 1424.032, 1510.358, 1554.440 (1552.726)	KLD: 3.809, 3.556, 2.578 (10.036)
[Epoch   9 (287.19s)]	ELBO: 1423.120, 1512.249, 1557.161 (1546.855)	Log prob: 1426.895, 1515.764, 1559.757 (1556.810)	KLD: 3.774, 3.515, 2.596 (9.955)
[Epoch  10 (273.28s)]	ELBO: 1425.532, 1516.778, 1561.672 (1551.506)	Log prob: 1429.319, 1520.337, 1564.269 (1561.767)	KLD: 3.786, 3.560, 2.598 (10.262)
[Epoch  11 (241.63s)]	ELBO: 1427.821, 1521.166, 1566.042 (1555.076)	Log prob: 1431.623, 1524.790, 1568.628 (1565.330)	KLD: 3.802, 3.624, 2.587 (10.254)
[Epoch  12 (261.02s)]	ELBO: 1430.493, 1525.074, 1569.900 (1559.391)	Log prob: 1434.312, 1528.729, 1572.496 (1569.722)	KLD: 3.818, 3.654, 2.596 (10.331)
[Epoch  13 (249.07s)]	ELBO: 1432.875, 1528.113, 1572.221 (1561.505)	Log prob: 1436.717, 1531.792, 1574.842 (1571.437)	KLD: 3.842, 3.678, 2.621 (9.933)
[Epoch  14 (265.19s)]	ELBO: 1435.777, 1531.833, 1575.652 (1564.270)	Log prob: 1439.639, 1535.540, 1578.284 (1574.302)	KLD: 3.863, 3.708, 2.631 (10.033)
[Epoch  15 (276.31s)]	ELBO: 1438.948, 1534.103, 1577.394 (1565.537)	Log prob: 1442.876, 1537.797, 1580.024 (1575.789)	KLD: 3.927, 3.694, 2.629 (10.252)
[Epoch  16 (260.42s)]	ELBO: 1442.592, 1536.378, 1579.146 (1567.619)	Log prob: 1446.582, 1540.091, 1581.771 (1578.087)	KLD: 3.991, 3.714, 2.624 (10.468)
[Epoch  17 (262.71s)]	ELBO: 1446.339, 1538.262, 1580.314 (1567.164)	Log prob: 1450.454, 1541.971, 1582.953 (1577.835)	KLD: 4.115, 3.709, 2.639 (10.671)
[Epoch  18 (271.74s)]	ELBO: 1450.473, 1540.273, 1581.687 (1567.378)	Log prob: 1454.697, 1543.981, 1584.344 (1577.979)	KLD: 4.225, 3.708, 2.658 (10.602)
[Epoch  19 (260.71s)]	ELBO: 1453.933, 1541.874, 1583.404 (1570.311)	Log prob: 1458.312, 1545.560, 1586.073 (1581.195)	KLD: 4.379, 3.687, 2.670 (10.883)
[Epoch  20 (264.33s)]	ELBO: 1456.700, 1543.048, 1584.665 (1571.394)	Log prob: 1461.139, 1546.764, 1587.374 (1582.216)	KLD: 4.439, 3.716, 2.709 (10.823)
[Epoch  21 (268.29s)]	ELBO: 1459.765, 1545.105, 1586.408 (1574.580)	Log prob: 1464.336, 1548.847, 1589.117 (1585.371)	KLD: 4.571, 3.743, 2.708 (10.791)
[Epoch  22 (261.72s)]	ELBO: 1462.658, 1545.880, 1587.226 (1573.763)	Log prob: 1467.296, 1549.619, 1589.951 (1585.104)	KLD: 4.638, 3.739, 2.725 (11.341)
[Epoch  23 (266.94s)]	ELBO: 1465.464, 1546.269, 1587.675 (1574.836)	Log prob: 1470.203, 1550.028, 1590.419 (1585.881)	KLD: 4.739, 3.761, 2.744 (11.045)
[Epoch  24 (270.57s)]	ELBO: 1468.693, 1548.294, 1589.152 (1577.355)	Log prob: 1473.456, 1552.034, 1591.905 (1588.472)	KLD: 4.763, 3.741, 2.753 (11.117)
[Epoch  25 (258.68s)]	ELBO: 1471.980, 1548.949, 1589.770 (1576.405)	Log prob: 1476.781, 1552.702, 1592.523 (1587.881)	KLD: 4.800, 3.753, 2.755 (11.476)
