Seed: 2019
=================================================================
Layer (type:depth-idx)                   Param #
=================================================================
VAE                                      --
├─Encoder: 1-1                           --
│    └─Linear: 2-1                       76,930
│    └─Linear: 2-2                       9,702
├─Decoder: 1-2                           --
│    └─Linear: 2-3                       9,702
│    └─Linear: 2-4                       77,616
=================================================================
Total params: 173,950
Trainable params: 173,950
Non-trainable params: 0
=================================================================
[Epoch   1 (20.53s)]	ELBO (bits/dim): 2.44482 (2.68392)	Reconstruction error (/dim): 0.07810 (0.06386)	KLD: 0.342, 0.717, 0.597, 0.166, 0.506, 0.631, 1.283, 2.234, 0.401, 0.397 (13.854)	Grad: 0.1
[Epoch   2 (16.91s)]	ELBO (bits/dim): 2.80555 (2.89605)	Reconstruction error (/dim): 0.05652 (0.05030)	KLD: 1.024, 2.086, 2.334, 0.848, 1.774, 2.366, 3.105, 3.754, 0.815, 1.203 (21.791)	Grad: 0.1
[Epoch   3 (18.02s)]	ELBO (bits/dim): 2.92940 (2.99380)	Reconstruction error (/dim): 0.04753 (0.04244)	KLD: 2.040, 2.418, 2.850, 1.352, 2.513, 2.472, 3.253, 3.667, 1.519, 1.812 (25.636)	Grad: 0.1
[Epoch   4 (16.90s)]	ELBO (bits/dim): 3.00675 (3.04822)	Reconstruction error (/dim): 0.04180 (0.03866)	KLD: 2.330, 2.651, 2.946, 1.697, 2.700, 2.629, 3.404, 3.519, 2.102, 2.316 (27.185)	Grad: 0.1
[Epoch   5 (15.99s)]	ELBO (bits/dim): 3.05902 (3.09951)	Reconstruction error (/dim): 0.03790 (0.03481)	KLD: 2.566, 2.736, 3.013, 2.113, 2.812, 2.772, 3.357, 3.529, 2.271, 2.440 (27.974)	Grad: 0.1
[Epoch   6 (15.95s)]	ELBO (bits/dim): 3.09589 (3.12130)	Reconstruction error (/dim): 0.03532 (0.03345)	KLD: 2.673, 2.767, 3.005, 2.299, 2.856, 2.881, 3.303, 3.542, 2.345, 2.467 (28.164)	Grad: 0.1
[Epoch   7 (15.60s)]	ELBO (bits/dim): 3.11276 (3.13273)	Reconstruction error (/dim): 0.03420 (0.03266)	KLD: 2.736, 2.766, 2.991, 2.368, 2.876, 2.873, 3.272, 3.508, 2.374, 2.489 (28.164)	Grad: 0.1
[Epoch   8 (15.35s)]	ELBO (bits/dim): 3.12611 (3.14522)	Reconstruction error (/dim): 0.03331 (0.03174)	KLD: 2.766, 2.763, 2.976, 2.404, 2.875, 2.863, 3.240, 3.458, 2.397, 2.493 (28.305)	Grad: 0.1
[Epoch   9 (14.31s)]	ELBO (bits/dim): 3.13895 (3.15513)	Reconstruction error (/dim): 0.03238 (0.03120)	KLD: 2.770, 2.741, 2.970, 2.431, 2.903, 2.856, 3.201, 3.403, 2.442, 2.497 (28.119)	Grad: 0.1
[Epoch  10 (13.78s)]	ELBO (bits/dim): 3.15032 (3.16737)	Reconstruction error (/dim): 0.03158 (0.03023)	KLD: 2.763, 2.715, 2.948, 2.439, 2.913, 2.842, 3.184, 3.365, 2.473, 2.500 (28.089)	Grad: 0.1
[Epoch  11 (13.26s)]	ELBO (bits/dim): 3.15968 (3.17376)	Reconstruction error (/dim): 0.03093 (0.02981)	KLD: 2.763, 2.702, 2.939, 2.440, 2.911, 2.829, 3.181, 3.331, 2.484, 2.502 (27.926)	Grad: 0.1
[Epoch  12 (13.02s)]	ELBO (bits/dim): 3.16732 (3.18172)	Reconstruction error (/dim): 0.03043 (0.02927)	KLD: 2.767, 2.693, 2.913, 2.452, 2.906, 2.822, 3.151, 3.303, 2.495, 2.514 (27.988)	Grad: 0.1
[Epoch  13 (12.96s)]	ELBO (bits/dim): 3.17482 (3.18726)	Reconstruction error (/dim): 0.02991 (0.02891)	KLD: 2.767, 2.659, 2.903, 2.461, 2.919, 2.813, 3.146, 3.278, 2.494, 2.513 (27.831)	Grad: 0.1
[Epoch  14 (13.28s)]	ELBO (bits/dim): 3.18210 (3.19491)	Reconstruction error (/dim): 0.02942 (0.02849)	KLD: 2.763, 2.642, 2.901, 2.462, 2.901, 2.799, 3.140, 3.250, 2.490, 2.525 (27.808)	Grad: 0.1
[Epoch  15 (14.23s)]	ELBO (bits/dim): 3.18772 (3.20020)	Reconstruction error (/dim): 0.02905 (0.02816)	KLD: 2.752, 2.627, 2.893, 2.475, 2.905, 2.802, 3.135, 3.235, 2.491, 2.541 (27.933)	Grad: 0.1
[Epoch  16 (14.26s)]	ELBO (bits/dim): 3.19313 (3.20303)	Reconstruction error (/dim): 0.02870 (0.02795)	KLD: 2.757, 2.620, 2.885, 2.479, 2.920, 2.784, 3.134, 3.225, 2.493, 2.540 (27.750)	Grad: 0.1
[Epoch  17 (13.78s)]	ELBO (bits/dim): 3.19806 (3.20877)	Reconstruction error (/dim): 0.02837 (0.02740)	KLD: 2.756, 2.614, 2.884, 2.484, 2.912, 2.791, 3.107, 3.205, 2.482, 2.546 (27.761)	Grad: 0.1
[Epoch  18 (12.90s)]	ELBO (bits/dim): 3.20248 (3.21247)	Reconstruction error (/dim): 0.02806 (0.02724)	KLD: 2.739, 2.611, 2.886, 2.482, 2.917, 2.798, 3.109, 3.186, 2.489, 2.554 (27.837)	Grad: 0.1
[Epoch  19 (13.45s)]	ELBO (bits/dim): 3.20582 (3.21602)	Reconstruction error (/dim): 0.02784 (0.02700)	KLD: 2.743, 2.593, 2.877, 2.475, 2.926, 2.780, 3.102, 3.188, 2.485, 2.553 (27.865)	Grad: 0.1
[Epoch  20 (14.13s)]	ELBO (bits/dim): 3.20986 (3.21839)	Reconstruction error (/dim): 0.02757 (0.02681)	KLD: 2.743, 2.581, 2.889, 2.480, 2.941, 2.775, 3.093, 3.197, 2.479, 2.543 (27.630)	Grad: 0.1
[Epoch  21 (15.16s)]	ELBO (bits/dim): 3.21292 (3.22184)	Reconstruction error (/dim): 0.02737 (0.02659)	KLD: 2.746, 2.569, 2.885, 2.479, 2.944, 2.776, 3.080, 3.173, 2.471, 2.552 (27.603)	Grad: 0.1
[Epoch  22 (14.63s)]	ELBO (bits/dim): 3.21557 (3.22404)	Reconstruction error (/dim): 0.02718 (0.02638)	KLD: 2.734, 2.564, 2.877, 2.480, 2.949, 2.776, 3.063, 3.169, 2.457, 2.546 (27.611)	Grad: 0.1
[Epoch  23 (14.35s)]	ELBO (bits/dim): 3.21844 (3.22760)	Reconstruction error (/dim): 0.02698 (0.02618)	KLD: 2.739, 2.561, 2.889, 2.483, 2.955, 2.774, 3.062, 3.179, 2.469, 2.550 (27.803)	Grad: 0.1
[Epoch  24 (16.37s)]	ELBO (bits/dim): 3.22060 (3.22862)	Reconstruction error (/dim): 0.02684 (0.02612)	KLD: 2.729, 2.558, 2.886, 2.479, 2.958, 2.770, 3.046, 3.165, 2.474, 2.545 (27.438)	Grad: 0.1
[Epoch  25 (15.29s)]	ELBO (bits/dim): 3.22311 (3.23123)	Reconstruction error (/dim): 0.02667 (0.02600)	KLD: 2.725, 2.548, 2.883, 2.482, 2.958, 2.782, 3.041, 3.164, 2.473, 2.543 (27.275)	Grad: 0.1
[Epoch  26 (15.74s)]	ELBO (bits/dim): 3.22528 (3.23215)	Reconstruction error (/dim): 0.02652 (0.02589)	KLD: 2.714, 2.551, 2.881, 2.479, 2.962, 2.774, 3.022, 3.151, 2.473, 2.544 (27.498)	Grad: 0.1
[Epoch  27 (15.37s)]	ELBO (bits/dim): 3.22733 (3.23515)	Reconstruction error (/dim): 0.02639 (0.02564)	KLD: 2.719, 2.558, 2.865, 2.479, 2.968, 2.775, 3.020, 3.160, 2.470, 2.550 (27.568)	Grad: 0.1
[Epoch  28 (15.65s)]	ELBO (bits/dim): 3.22946 (3.23700)	Reconstruction error (/dim): 0.02625 (0.02557)	KLD: 2.712, 2.563, 2.862, 2.471, 2.956, 2.776, 3.002, 3.150, 2.460, 2.540 (27.413)	Grad: 0.1
[Epoch  29 (16.10s)]	ELBO (bits/dim): 3.23107 (3.23822)	Reconstruction error (/dim): 0.02614 (0.02548)	KLD: 2.691, 2.574, 2.878, 2.482, 2.963, 2.766, 2.999, 3.144, 2.483, 2.541 (27.603)	Grad: 0.1
[Epoch  30 (18.07s)]	ELBO (bits/dim): 3.23292 (3.23956)	Reconstruction error (/dim): 0.02601 (0.02538)	KLD: 2.710, 2.566, 2.865, 2.477, 2.969, 2.771, 3.000, 3.139, 2.473, 2.549 (27.474)	Grad: 0.1
[Epoch  31 (18.32s)]	ELBO (bits/dim): 3.23465 (3.24045)	Reconstruction error (/dim): 0.02591 (0.02534)	KLD: 2.693, 2.561, 2.859, 2.468, 2.961, 2.776, 2.991, 3.135, 2.482, 2.540 (27.562)	Grad: 0.1
[Epoch  32 (18.23s)]	ELBO (bits/dim): 3.23614 (3.24321)	Reconstruction error (/dim): 0.02580 (0.02523)	KLD: 2.696, 2.555, 2.862, 2.481, 2.966, 2.771, 2.985, 3.130, 2.491, 2.542 (27.245)	Grad: 0.1
[Epoch  33 (19.64s)]	ELBO (bits/dim): 3.23781 (3.24397)	Reconstruction error (/dim): 0.02568 (0.02503)	KLD: 2.698, 2.562, 2.857, 2.484, 2.969, 2.773, 2.974, 3.125, 2.484, 2.538 (27.376)	Grad: 0.1
[Epoch  34 (19.17s)]	ELBO (bits/dim): 3.23938 (3.24478)	Reconstruction error (/dim): 0.02558 (0.02506)	KLD: 2.687, 2.565, 2.848, 2.484, 2.960, 2.769, 2.974, 3.131, 2.487, 2.539 (27.596)	Grad: 0.1
[Epoch  35 (19.39s)]	ELBO (bits/dim): 3.24111 (3.24595)	Reconstruction error (/dim): 0.02546 (0.02511)	KLD: 2.686, 2.557, 2.853, 2.491, 2.958, 2.784, 2.969, 3.119, 2.490, 2.538 (27.399)	Grad: 0.1
[Epoch  36 (20.30s)]	ELBO (bits/dim): 3.24236 (3.24754)	Reconstruction error (/dim): 0.02539 (0.02497)	KLD: 2.685, 2.568, 2.847, 2.485, 2.953, 2.773, 2.966, 3.127, 2.485, 2.531 (27.220)	Grad: 0.1
[Epoch  37 (19.54s)]	ELBO (bits/dim): 3.24334 (3.24886)	Reconstruction error (/dim): 0.02533 (0.02487)	KLD: 2.673, 2.564, 2.851, 2.490, 2.961, 2.777, 2.961, 3.118, 2.487, 2.527 (27.572)	Grad: 0.1
[Epoch  38 (19.43s)]	ELBO (bits/dim): 3.24467 (3.24980)	Reconstruction error (/dim): 0.02523 (0.02478)	KLD: 2.673, 2.556, 2.851, 2.488, 2.965, 2.767, 2.958, 3.123, 2.499, 2.532 (27.269)	Grad: 0.1
[Epoch  39 (18.89s)]	ELBO (bits/dim): 3.24622 (3.25044)	Reconstruction error (/dim): 0.02512 (0.02471)	KLD: 2.674, 2.572, 2.853, 2.484, 2.958, 2.778, 2.961, 3.115, 2.496, 2.532 (27.517)	Grad: 0.1
[Epoch  40 (19.22s)]	ELBO (bits/dim): 3.24691 (3.25230)	Reconstruction error (/dim): 0.02508 (0.02459)	KLD: 2.679, 2.564, 2.851, 2.489, 2.959, 2.778, 2.957, 3.115, 2.510, 2.538 (27.254)	Grad: 0.1
[Epoch  41 (19.45s)]	ELBO (bits/dim): 3.24808 (3.25270)	Reconstruction error (/dim): 0.02499 (0.02452)	KLD: 2.670, 2.563, 2.851, 2.483, 2.958, 2.784, 2.953, 3.107, 2.501, 2.543 (27.417)	Grad: 0.1
[Epoch  42 (18.90s)]	ELBO (bits/dim): 3.24920 (3.25340)	Reconstruction error (/dim): 0.02492 (0.02450)	KLD: 2.669, 2.566, 2.844, 2.484, 2.962, 2.786, 2.958, 3.106, 2.503, 2.537 (27.288)	Grad: 0.1
[Epoch  43 (19.58s)]	ELBO (bits/dim): 3.25003 (3.25524)	Reconstruction error (/dim): 0.02487 (0.02432)	KLD: 2.666, 2.561, 2.848, 2.482, 2.962, 2.776, 2.946, 3.109, 2.508, 2.536 (27.399)	Grad: 0.1
[Epoch  44 (19.05s)]	ELBO (bits/dim): 3.25057 (3.25442)	Reconstruction error (/dim): 0.02483 (0.02437)	KLD: 2.670, 2.572, 2.851, 2.482, 2.951, 2.783, 2.944, 3.100, 2.506, 2.539 (27.417)	Grad: 0.1
[Epoch  45 (18.98s)]	ELBO (bits/dim): 3.25176 (3.25512)	Reconstruction error (/dim): 0.02474 (0.02450)	KLD: 2.668, 2.573, 2.847, 2.484, 2.952, 2.785, 2.945, 3.101, 2.506, 2.538 (27.592)	Grad: 0.1
[Epoch  46 (18.79s)]	ELBO (bits/dim): 3.25281 (3.25674)	Reconstruction error (/dim): 0.02468 (0.02436)	KLD: 2.669, 2.569, 2.844, 2.490, 2.962, 2.782, 2.941, 3.094, 2.511, 2.542 (27.511)	Grad: 0.1
[Epoch  47 (19.60s)]	ELBO (bits/dim): 3.25355 (3.25729)	Reconstruction error (/dim): 0.02462 (0.02430)	KLD: 2.666, 2.571, 2.846, 2.493, 2.964, 2.792, 2.950, 3.100, 2.511, 2.538 (27.198)	Grad: 0.1
[Epoch  48 (19.38s)]	ELBO (bits/dim): 3.25450 (3.25901)	Reconstruction error (/dim): 0.02457 (0.02417)	KLD: 2.661, 2.573, 2.839, 2.489, 2.960, 2.784, 2.943, 3.094, 2.509, 2.541 (27.534)	Grad: 0.1
[Epoch  49 (19.41s)]	ELBO (bits/dim): 3.25530 (3.25897)	Reconstruction error (/dim): 0.02450 (0.02426)	KLD: 2.665, 2.573, 2.843, 2.486, 2.967, 2.792, 2.948, 3.101, 2.511, 2.535 (27.319)	Grad: 0.1
[Epoch  50 (21.41s)]	ELBO (bits/dim): 3.25577 (3.25983)	Reconstruction error (/dim): 0.02449 (0.02411)	KLD: 2.661, 2.571, 2.845, 2.484, 2.966, 2.794, 2.943, 3.099, 2.505, 2.536 (27.477)	Grad: 0.1
[Epoch  51 (19.92s)]	ELBO (bits/dim): 3.25649 (3.25971)	Reconstruction error (/dim): 0.02442 (0.02399)	KLD: 2.666, 2.581, 2.844, 2.499, 2.970, 2.786, 2.942, 3.087, 2.516, 2.545 (27.545)	Grad: 0.1
[Epoch  52 (20.60s)]	ELBO (bits/dim): 3.25727 (3.26094)	Reconstruction error (/dim): 0.02439 (0.02417)	KLD: 2.665, 2.564, 2.841, 2.495, 2.969, 2.788, 2.944, 3.091, 2.511, 2.537 (27.432)	Grad: 0.1
[Epoch  53 (20.64s)]	ELBO (bits/dim): 3.25817 (3.26139)	Reconstruction error (/dim): 0.02432 (0.02409)	KLD: 2.661, 2.570, 2.839, 2.491, 2.962, 2.787, 2.935, 3.094, 2.513, 2.539 (27.375)	Grad: 0.1
[Epoch  54 (20.83s)]	ELBO (bits/dim): 3.25867 (3.26263)	Reconstruction error (/dim): 0.02427 (0.02400)	KLD: 2.662, 2.572, 2.842, 2.497, 2.969, 2.792, 2.938, 3.096, 2.511, 2.542 (27.447)	Grad: 0.1
[Epoch  55 (19.09s)]	ELBO (bits/dim): 3.25933 (3.26268)	Reconstruction error (/dim): 0.02424 (0.02395)	KLD: 2.661, 2.570, 2.841, 2.491, 2.963, 2.793, 2.939, 3.095, 2.508, 2.541 (27.274)	Grad: 0.1
[Epoch  56 (19.01s)]	ELBO (bits/dim): 3.26005 (3.26308)	Reconstruction error (/dim): 0.02417 (0.02391)	KLD: 2.661, 2.575, 2.838, 2.504, 2.963, 2.794, 2.944, 3.100, 2.509, 2.538 (27.617)	Grad: 0.1
[Epoch  57 (18.48s)]	ELBO (bits/dim): 3.26070 (3.26515)	Reconstruction error (/dim): 0.02415 (0.02380)	KLD: 2.661, 2.579, 2.840, 2.501, 2.966, 2.784, 2.940, 3.100, 2.522, 2.536 (27.385)	Grad: 0.1
[Epoch  58 (18.08s)]	ELBO (bits/dim): 3.26133 (3.26338)	Reconstruction error (/dim): 0.02410 (0.02396)	KLD: 2.659, 2.575, 2.840, 2.499, 2.963, 2.793, 2.937, 3.091, 2.523, 2.538 (27.460)	Grad: 0.1
[Epoch  59 (17.53s)]	ELBO (bits/dim): 3.26182 (3.26568)	Reconstruction error (/dim): 0.02407 (0.02370)	KLD: 2.669, 2.569, 2.837, 2.501, 2.969, 2.788, 2.943, 3.098, 2.522, 2.541 (27.252)	Grad: 0.1
[Epoch  60 (18.32s)]	ELBO (bits/dim): 3.26256 (3.26501)	Reconstruction error (/dim): 0.02402 (0.02380)	KLD: 2.654, 2.578, 2.841, 2.496, 2.958, 2.791, 2.934, 3.081, 2.519, 2.538 (27.466)	Grad: 0.1
[Epoch  61 (17.87s)]	ELBO (bits/dim): 3.26298 (3.26429)	Reconstruction error (/dim): 0.02400 (0.02389)	KLD: 2.655, 2.580, 2.844, 2.503, 2.958, 2.796, 2.931, 3.092, 2.517, 2.546 (27.367)	Grad: 0.1
[Epoch  62 (18.05s)]	ELBO (bits/dim): 3.26322 (3.26643)	Reconstruction error (/dim): 0.02398 (0.02373)	KLD: 2.662, 2.579, 2.837, 2.499, 2.962, 2.790, 2.934, 3.090, 2.528, 2.538 (27.375)	Grad: 0.1
[Epoch  63 (17.43s)]	ELBO (bits/dim): 3.26397 (3.26517)	Reconstruction error (/dim): 0.02393 (0.02377)	KLD: 2.660, 2.588, 2.844, 2.496, 2.970, 2.780, 2.934, 3.091, 2.529, 2.536 (27.407)	Grad: 0.1
[Epoch  64 (18.34s)]	ELBO (bits/dim): 3.26450 (3.26653)	Reconstruction error (/dim): 0.02389 (0.02366)	KLD: 2.655, 2.584, 2.846, 2.505, 2.964, 2.788, 2.936, 3.092, 2.528, 2.540 (27.391)	Grad: 0.1
[Epoch  65 (18.51s)]	ELBO (bits/dim): 3.26483 (3.26658)	Reconstruction error (/dim): 0.02387 (0.02376)	KLD: 2.661, 2.576, 2.835, 2.504, 2.968, 2.790, 2.932, 3.096, 2.523, 2.543 (27.291)	Grad: 0.1
[Epoch  66 (18.57s)]	ELBO (bits/dim): 3.26522 (3.26694)	Reconstruction error (/dim): 0.02385 (0.02375)	KLD: 2.657, 2.587, 2.840, 2.497, 2.959, 2.791, 2.927, 3.097, 2.534, 2.544 (27.510)	Grad: 0.1
[Epoch  67 (18.05s)]	ELBO (bits/dim): 3.26586 (3.26778)	Reconstruction error (/dim): 0.02380 (0.02367)	KLD: 2.664, 2.584, 2.837, 2.503, 2.967, 2.798, 2.932, 3.101, 2.526, 2.542 (27.425)	Grad: 0.1
[Epoch  68 (22.95s)]	ELBO (bits/dim): 3.26623 (3.26783)	Reconstruction error (/dim): 0.02377 (0.02366)	KLD: 2.661, 2.584, 2.842, 2.506, 2.971, 2.792, 2.928, 3.098, 2.533, 2.545 (27.536)	Grad: 0.1
[Epoch  69 (22.02s)]	ELBO (bits/dim): 3.26663 (3.26807)	Reconstruction error (/dim): 0.02374 (0.02354)	KLD: 2.664, 2.586, 2.836, 2.512, 2.964, 2.798, 2.930, 3.099, 2.533, 2.547 (27.661)	Grad: 0.1
[Epoch  70 (19.08s)]	ELBO (bits/dim): 3.26713 (3.26900)	Reconstruction error (/dim): 0.02373 (0.02357)	KLD: 2.659, 2.592, 2.838, 2.503, 2.974, 2.800, 2.923, 3.102, 2.527, 2.548 (27.508)	Grad: 0.1
[Epoch  71 (17.43s)]	ELBO (bits/dim): 3.26715 (3.26787)	Reconstruction error (/dim): 0.02372 (0.02366)	KLD: 2.666, 2.597, 2.841, 2.505, 2.973, 2.799, 2.928, 3.099, 2.541, 2.554 (27.353)	Grad: 0.1
[Epoch  72 (16.73s)]	ELBO (bits/dim): 3.26763 (3.26879)	Reconstruction error (/dim): 0.02368 (0.02363)	KLD: 2.663, 2.593, 2.849, 2.509, 2.972, 2.802, 2.934, 3.096, 2.537, 2.548 (27.544)	Grad: 0.1
[Epoch  73 (14.58s)]	ELBO (bits/dim): 3.26836 (3.26924)	Reconstruction error (/dim): 0.02362 (0.02359)	KLD: 2.667, 2.587, 2.832, 2.511, 2.966, 2.799, 2.935, 3.092, 2.541, 2.542 (27.526)	Grad: 0.1
[Epoch  74 (14.45s)]	ELBO (bits/dim): 3.26842 (3.26994)	Reconstruction error (/dim): 0.02363 (0.02347)	KLD: 2.661, 2.587, 2.836, 2.509, 2.965, 2.795, 2.930, 3.092, 2.537, 2.543 (27.593)	Grad: 0.1
[Epoch  75 (14.51s)]	ELBO (bits/dim): 3.26903 (3.27033)	Reconstruction error (/dim): 0.02359 (0.02348)	KLD: 2.664, 2.584, 2.832, 2.513, 2.968, 2.796, 2.932, 3.100, 2.540, 2.546 (27.561)	Grad: 0.1
[Epoch  76 (15.26s)]	ELBO (bits/dim): 3.26943 (3.27059)	Reconstruction error (/dim): 0.02356 (0.02339)	KLD: 2.663, 2.590, 2.837, 2.516, 2.967, 2.797, 2.933, 3.099, 2.543, 2.542 (27.501)	Grad: 0.1
[Epoch  77 (14.72s)]	ELBO (bits/dim): 3.26965 (3.27106)	Reconstruction error (/dim): 0.02354 (0.02338)	KLD: 2.660, 2.586, 2.836, 2.508, 2.973, 2.802, 2.930, 3.096, 2.545, 2.547 (27.427)	Grad: 0.1
[Epoch  78 (14.74s)]	ELBO (bits/dim): 3.26986 (3.26970)	Reconstruction error (/dim): 0.02352 (0.02358)	KLD: 2.661, 2.588, 2.838, 2.505, 2.972, 2.803, 2.926, 3.105, 2.540, 2.553 (27.571)	Grad: 0.1
[Epoch  79 (15.00s)]	ELBO (bits/dim): 3.27032 (3.26848)	Reconstruction error (/dim): 0.02351 (0.02366)	KLD: 2.658, 2.596, 2.840, 2.508, 2.967, 2.798, 2.928, 3.101, 2.548, 2.550 (27.551)	Grad: 0.1
[Epoch  80 (14.76s)]	ELBO (bits/dim): 3.27056 (3.27204)	Reconstruction error (/dim): 0.02349 (0.02338)	KLD: 2.661, 2.591, 2.839, 2.519, 2.970, 2.807, 2.930, 3.094, 2.544, 2.550 (27.543)	Grad: 0.1
[Epoch  81 (14.98s)]	ELBO (bits/dim): 3.27072 (3.27189)	Reconstruction error (/dim): 0.02347 (0.02336)	KLD: 2.663, 2.591, 2.833, 2.517, 2.973, 2.800, 2.931, 3.104, 2.545, 2.549 (27.676)	Grad: 0.1
[Epoch  82 (14.79s)]	ELBO (bits/dim): 3.27128 (3.27140)	Reconstruction error (/dim): 0.02342 (0.02336)	KLD: 2.672, 2.599, 2.832, 2.512, 2.976, 2.794, 2.934, 3.100, 2.547, 2.550 (27.443)	Grad: 0.1
[Epoch  83 (14.71s)]	ELBO (bits/dim): 3.27117 (3.26868)	Reconstruction error (/dim): 0.02345 (0.02364)	KLD: 2.671, 2.602, 2.832, 2.512, 2.970, 2.796, 2.931, 3.094, 2.538, 2.550 (27.471)	Grad: 0.1
[Epoch  84 (14.62s)]	ELBO (bits/dim): 3.27162 (3.27162)	Reconstruction error (/dim): 0.02341 (0.02346)	KLD: 2.668, 2.606, 2.837, 2.522, 2.978, 2.803, 2.932, 3.098, 2.546, 2.554 (27.216)	Grad: 0.1
[Epoch  85 (11.62s)]	ELBO (bits/dim): 3.27188 (3.27301)	Reconstruction error (/dim): 0.02341 (0.02330)	KLD: 2.664, 2.600, 2.837, 2.515, 2.973, 2.805, 2.927, 3.100, 2.548, 2.552 (27.673)	Grad: 0.1
[Epoch  86 (11.61s)]	ELBO (bits/dim): 3.27221 (3.27270)	Reconstruction error (/dim): 0.02338 (0.02330)	KLD: 2.674, 2.607, 2.834, 2.516, 2.980, 2.801, 2.923, 3.102, 2.546, 2.563 (27.629)	Grad: 0.1
[Epoch  87 (11.68s)]	ELBO (bits/dim): 3.27242 (3.27260)	Reconstruction error (/dim): 0.02336 (0.02334)	KLD: 2.678, 2.604, 2.837, 2.522, 2.987, 2.805, 2.933, 3.102, 2.547, 2.561 (27.487)	Grad: 0.1
[Epoch  88 (11.65s)]	ELBO (bits/dim): 3.27291 (3.27341)	Reconstruction error (/dim): 0.02332 (0.02325)	KLD: 2.672, 2.595, 2.838, 2.517, 2.977, 2.804, 2.934, 3.099, 2.548, 2.562 (27.443)	Grad: 0.1
[Epoch  89 (11.58s)]	ELBO (bits/dim): 3.27316 (3.27254)	Reconstruction error (/dim): 0.02331 (0.02330)	KLD: 2.666, 2.601, 2.837, 2.527, 2.971, 2.806, 2.937, 3.098, 2.560, 2.556 (27.687)	Grad: 0.1
[Epoch  90 (11.67s)]	ELBO (bits/dim): 3.27337 (3.27162)	Reconstruction error (/dim): 0.02329 (0.02345)	KLD: 2.666, 2.603, 2.838, 2.520, 2.978, 2.805, 2.928, 3.100, 2.551, 2.560 (27.562)	Grad: 0.1
[Epoch  91 (11.41s)]	ELBO (bits/dim): 3.27365 (3.27283)	Reconstruction error (/dim): 0.02326 (0.02333)	KLD: 2.669, 2.605, 2.838, 2.529, 2.982, 2.811, 2.931, 3.104, 2.559, 2.565 (27.668)	Grad: 0.1
[Epoch  92 (11.50s)]	ELBO (bits/dim): 3.27380 (3.27422)	Reconstruction error (/dim): 0.02327 (0.02323)	KLD: 2.670, 2.599, 2.839, 2.521, 2.983, 2.807, 2.927, 3.093, 2.554, 2.560 (27.502)	Grad: 0.1
[Epoch  93 (12.00s)]	ELBO (bits/dim): 3.27421 (3.27206)	Reconstruction error (/dim): 0.02322 (0.02351)	KLD: 2.679, 2.600, 2.833, 2.517, 2.991, 2.804, 2.929, 3.098, 2.551, 2.566 (27.479)	Grad: 0.1
[Epoch  94 (11.73s)]	ELBO (bits/dim): 3.27433 (3.27317)	Reconstruction error (/dim): 0.02323 (0.02331)	KLD: 2.669, 2.590, 2.834, 2.518, 2.975, 2.802, 2.930, 3.104, 2.550, 2.558 (27.556)	Grad: 0.1
[Epoch  95 (12.47s)]	ELBO (bits/dim): 3.27454 (3.27557)	Reconstruction error (/dim): 0.02321 (0.02309)	KLD: 2.669, 2.607, 2.839, 2.529, 2.979, 2.809, 2.929, 3.099, 2.552, 2.562 (27.604)	Grad: 0.1
[Epoch  96 (12.88s)]	ELBO (bits/dim): 3.27483 (3.27532)	Reconstruction error (/dim): 0.02319 (0.02310)	KLD: 2.674, 2.605, 2.840, 2.527, 2.983, 2.805, 2.933, 3.112, 2.551, 2.560 (27.512)	Grad: 0.1
[Epoch  97 (12.03s)]	ELBO (bits/dim): 3.27490 (3.27317)	Reconstruction error (/dim): 0.02319 (0.02333)	KLD: 2.674, 2.603, 2.838, 2.533, 2.978, 2.814, 2.929, 3.101, 2.545, 2.563 (27.581)	Grad: 0.1
[Epoch  98 (11.88s)]	ELBO (bits/dim): 3.27552 (3.27410)	Reconstruction error (/dim): 0.02314 (0.02333)	KLD: 2.668, 2.600, 2.834, 2.528, 2.978, 2.804, 2.924, 3.103, 2.557, 2.560 (27.595)	Grad: 0.1
[Epoch  99 (12.51s)]	ELBO (bits/dim): 3.27525 (3.27532)	Reconstruction error (/dim): 0.02317 (0.02314)	KLD: 2.671, 2.605, 2.836, 2.526, 2.975, 2.808, 2.929, 3.102, 2.560, 2.560 (27.435)	Grad: 0.1
[Epoch 100 (14.28s)]	ELBO (bits/dim): 3.27553 (3.27466)	Reconstruction error (/dim): 0.02315 (0.02315)	KLD: 2.677, 2.608, 2.838, 2.527, 2.976, 2.809, 2.929, 3.105, 2.555, 2.564 (27.807)	Grad: 0.1
Best epoch(s): [95]	Training time(s): 1629.21s (1629.21s)	Best ELBO (bits/dim): 3.27553 (3.27557)	Best reconstruction error (/dim): 0.07810 (0.06386)
Avg. mu: -0.085, 0.059, 0.170, -0.301, -0.009, -0.059, -0.175, -0.150, 0.029, -0.104
Avg. var: 0.007, 0.007, 0.006, 0.008, 0.004, 0.005, 0.004, 0.004, 0.008, 0.008
Max. mu: 3.492, 3.348, 3.405, 3.298, 4.125, 3.108, 3.575, 4.084, 3.027, 4.536
Max. var: 0.030, 0.022, 0.021, 0.041, 0.025, 0.019, 0.045, 0.018, 0.028, 0.039
Min. mu: -3.385, -4.298, -4.070, -3.384, -4.133, -4.173, -3.264, -3.760, -3.494, -3.800
Min. var: 0.001, 0.001, 0.001, 0.000, 0.001, 0.001, 0.000, 0.001, 0.001, 0.001
Cov. mu:
[[1.308 0.018 0.333 0.065 0.044 -0.173 0.037 -0.041 -0.233 0.170]
 [0.018 1.174 0.114 -0.112 -0.344 -0.104 0.075 0.035 -0.273 0.281]
 [0.333 0.114 1.291 0.130 -0.152 -0.220 0.027 0.228 -0.277 0.184]
 [0.065 -0.112 0.130 1.043 -0.048 -0.115 -0.166 0.264 0.208 -0.047]
 [0.044 -0.344 -0.152 -0.048 1.450 -0.364 -0.202 0.150 -0.064 0.101]
 [-0.173 -0.104 -0.220 -0.115 -0.364 1.264 -0.097 -0.153 0.065 -0.194]
 [0.037 0.075 0.027 -0.166 -0.202 -0.097 1.239 -0.569 -0.007 -0.225]
 [-0.041 0.035 0.228 0.264 0.150 -0.153 -0.569 1.623 -0.052 0.237]
 [-0.233 -0.273 -0.277 0.208 -0.064 0.065 -0.007 -0.052 1.192 -0.310]
 [0.170 0.281 0.184 -0.047 0.101 -0.194 -0.225 0.237 -0.310 1.095]]
