Seed: 2019
=================================================================
Layer (type:depth-idx)                   Param #
=================================================================
VAE                                      --
├─Encoder: 1-1                           --
│    └─Linear: 2-1                       76,930
│    └─Linear: 2-2                       9,702
├─Decoder: 1-2                           --
│    └─Linear: 2-3                       9,702
│    └─Linear: 2-4                       77,616
=================================================================
Total params: 173,950
Trainable params: 173,950
Non-trainable params: 0
=================================================================
[Epoch   1 (6.62s)]	ELBO (bits/dim): 2.40290 (2.58835)	Reconstruction error (/dim): 0.08030 (0.06706)	KLD: 0.114, 0.110, 0.131, 0.075, 0.150, 0.139, 0.635, 0.751, 0.155, 0.108 (4.647)	Grad: 0.1
[Epoch   2 (6.75s)]	ELBO (bits/dim): 2.63912 (2.73889)	Reconstruction error (/dim): 0.06707 (0.05788)	KLD: 0.080, 0.297, 0.810, 0.113, 0.140, 0.803, 1.544, 1.463, 0.570, 0.387 (8.213)	Grad: 0.1
[Epoch   3 (6.92s)]	ELBO (bits/dim): 2.77318 (2.85655)	Reconstruction error (/dim): 0.05653 (0.04833)	KLD: 0.297, 0.898, 1.261, 0.223, 0.553, 1.203, 2.045, 1.860, 1.069, 0.611 (11.690)	Grad: 0.1
[Epoch   4 (6.52s)]	ELBO (bits/dim): 2.85398 (2.92882)	Reconstruction error (/dim): 0.04943 (0.04205)	KLD: 0.747, 1.187, 1.605, 0.316, 1.123, 1.412, 2.048, 1.922, 1.321, 0.830 (13.627)	Grad: 0.1
[Epoch   5 (6.58s)]	ELBO (bits/dim): 2.91052 (2.97334)	Reconstruction error (/dim): 0.04460 (0.03898)	KLD: 0.902, 1.407, 1.703, 0.396, 1.298, 1.522, 2.092, 1.952, 1.586, 1.084 (14.446)	Grad: 0.1
[Epoch   6 (6.61s)]	ELBO (bits/dim): 2.95189 (3.01532)	Reconstruction error (/dim): 0.04119 (0.03539)	KLD: 1.007, 1.509, 1.807, 0.701, 1.373, 1.631, 2.148, 1.939, 1.660, 1.159 (15.438)	Grad: 0.1
[Epoch   7 (6.61s)]	ELBO (bits/dim): 2.98861 (3.03858)	Reconstruction error (/dim): 0.03821 (0.03371)	KLD: 1.216, 1.577, 1.863, 0.948, 1.456, 1.718, 2.177, 1.970, 1.701, 1.269 (16.059)	Grad: 0.1
[Epoch   8 (6.55s)]	ELBO (bits/dim): 3.00576 (3.05193)	Reconstruction error (/dim): 0.03695 (0.03310)	KLD: 1.277, 1.594, 1.874, 1.058, 1.466, 1.750, 2.186, 1.995, 1.727, 1.306 (16.156)	Grad: 0.1
[Epoch   9 (6.70s)]	ELBO (bits/dim): 3.01760 (3.06261)	Reconstruction error (/dim): 0.03604 (0.03198)	KLD: 1.304, 1.601, 1.892, 1.106, 1.493, 1.772, 2.188, 2.006, 1.751, 1.324 (16.466)	Grad: 0.1
[Epoch  10 (6.63s)]	ELBO (bits/dim): 3.02916 (3.07444)	Reconstruction error (/dim): 0.03512 (0.03117)	KLD: 1.339, 1.623, 1.903, 1.140, 1.506, 1.784, 2.191, 2.016, 1.779, 1.327 (16.502)	Grad: 0.1
[Epoch  11 (6.78s)]	ELBO (bits/dim): 3.04020 (3.08130)	Reconstruction error (/dim): 0.03427 (0.03052)	KLD: 1.371, 1.652, 1.915, 1.165, 1.523, 1.801, 2.199, 2.034, 1.794, 1.330 (17.026)	Grad: 0.1
[Epoch  12 (6.80s)]	ELBO (bits/dim): 3.05067 (3.09322)	Reconstruction error (/dim): 0.03345 (0.02963)	KLD: 1.394, 1.667, 1.936, 1.181, 1.554, 1.821, 2.195, 2.047, 1.821, 1.339 (16.987)	Grad: 0.1
[Epoch  13 (6.85s)]	ELBO (bits/dim): 3.05943 (3.10053)	Reconstruction error (/dim): 0.03279 (0.02898)	KLD: 1.406, 1.678, 1.948, 1.195, 1.586, 1.832, 2.199, 2.060, 1.829, 1.347 (17.191)	Grad: 0.1
[Epoch  14 (7.63s)]	ELBO (bits/dim): 3.06794 (3.10817)	Reconstruction error (/dim): 0.03215 (0.02873)	KLD: 1.427, 1.683, 1.950, 1.213, 1.603, 1.847, 2.198, 2.060, 1.844, 1.360 (17.172)	Grad: 0.1
[Epoch  15 (7.49s)]	ELBO (bits/dim): 3.07425 (3.11541)	Reconstruction error (/dim): 0.03167 (0.02806)	KLD: 1.441, 1.698, 1.969, 1.227, 1.628, 1.852, 2.200, 2.072, 1.871, 1.366 (17.226)	Grad: 0.1
[Epoch  16 (7.78s)]	ELBO (bits/dim): 3.08032 (3.12076)	Reconstruction error (/dim): 0.03118 (0.02790)	KLD: 1.455, 1.712, 1.967, 1.250, 1.653, 1.865, 2.214, 2.080, 1.878, 1.376 (17.187)	Grad: 0.1
[Epoch  17 (7.86s)]	ELBO (bits/dim): 3.08573 (3.12562)	Reconstruction error (/dim): 0.03081 (0.02739)	KLD: 1.459, 1.720, 1.969, 1.257, 1.668, 1.875, 2.202, 2.073, 1.889, 1.378 (17.369)	Grad: 0.1
[Epoch  18 (7.51s)]	ELBO (bits/dim): 3.09072 (3.12873)	Reconstruction error (/dim): 0.03044 (0.02704)	KLD: 1.456, 1.739, 1.969, 1.272, 1.673, 1.884, 2.217, 2.074, 1.895, 1.385 (17.474)	Grad: 0.1
[Epoch  19 (7.63s)]	ELBO (bits/dim): 3.09422 (3.13144)	Reconstruction error (/dim): 0.03017 (0.02709)	KLD: 1.467, 1.742, 1.978, 1.274, 1.682, 1.882, 2.214, 2.085, 1.905, 1.390 (17.674)	Grad: 0.1
[Epoch  20 (7.57s)]	ELBO (bits/dim): 3.09779 (3.13636)	Reconstruction error (/dim): 0.02989 (0.02643)	KLD: 1.469, 1.748, 1.989, 1.281, 1.693, 1.903, 2.223, 2.093, 1.913, 1.396 (17.555)	Grad: 0.1
[Epoch  21 (7.55s)]	ELBO (bits/dim): 3.10092 (3.13736)	Reconstruction error (/dim): 0.02966 (0.02663)	KLD: 1.476, 1.755, 1.985, 1.293, 1.705, 1.898, 2.223, 2.098, 1.908, 1.400 (17.820)	Grad: 0.1
[Epoch  22 (7.61s)]	ELBO (bits/dim): 3.10387 (3.13951)	Reconstruction error (/dim): 0.02946 (0.02623)	KLD: 1.484, 1.761, 1.986, 1.293, 1.711, 1.904, 2.227, 2.095, 1.908, 1.395 (17.838)	Grad: 0.1
[Epoch  23 (7.51s)]	ELBO (bits/dim): 3.10653 (3.14516)	Reconstruction error (/dim): 0.02924 (0.02601)	KLD: 1.482, 1.764, 1.995, 1.297, 1.715, 1.909, 2.223, 2.107, 1.930, 1.399 (17.676)	Grad: 0.1
[Epoch  24 (7.52s)]	ELBO (bits/dim): 3.10902 (3.14407)	Reconstruction error (/dim): 0.02903 (0.02600)	KLD: 1.486, 1.775, 2.004, 1.312, 1.728, 1.918, 2.226, 2.110, 1.927, 1.400 (17.875)	Grad: 0.1
[Epoch  25 (7.95s)]	ELBO (bits/dim): 3.11153 (3.14621)	Reconstruction error (/dim): 0.02882 (0.02586)	KLD: 1.483, 1.778, 2.011, 1.317, 1.728, 1.919, 2.235, 2.111, 1.938, 1.403 (17.747)	Grad: 0.1
[Epoch  26 (7.88s)]	ELBO (bits/dim): 3.11351 (3.14755)	Reconstruction error (/dim): 0.02870 (0.02576)	KLD: 1.490, 1.780, 2.009, 1.317, 1.735, 1.922, 2.229, 2.117, 1.936, 1.398 (18.005)	Grad: 0.1
[Epoch  27 (7.75s)]	ELBO (bits/dim): 3.11549 (3.14744)	Reconstruction error (/dim): 0.02854 (0.02578)	KLD: 1.503, 1.792, 2.008, 1.316, 1.735, 1.932, 2.236, 2.123, 1.942, 1.403 (18.130)	Grad: 0.1
[Epoch  28 (7.64s)]	ELBO (bits/dim): 3.11696 (3.14974)	Reconstruction error (/dim): 0.02842 (0.02545)	KLD: 1.501, 1.797, 2.018, 1.319, 1.745, 1.935, 2.238, 2.119, 1.940, 1.404 (18.189)	Grad: 0.1
[Epoch  29 (7.54s)]	ELBO (bits/dim): 3.11912 (3.15256)	Reconstruction error (/dim): 0.02825 (0.02528)	KLD: 1.497, 1.800, 2.020, 1.329, 1.745, 1.931, 2.239, 2.134, 1.954, 1.405 (18.039)	Grad: 0.1
[Epoch  30 (7.44s)]	ELBO (bits/dim): 3.12069 (3.15426)	Reconstruction error (/dim): 0.02813 (0.02517)	KLD: 1.509, 1.803, 2.011, 1.327, 1.758, 1.936, 2.241, 2.132, 1.959, 1.411 (17.853)	Grad: 0.1
[Epoch  31 (7.46s)]	ELBO (bits/dim): 3.12234 (3.15518)	Reconstruction error (/dim): 0.02802 (0.02511)	KLD: 1.503, 1.796, 2.012, 1.332, 1.752, 1.936, 2.244, 2.131, 1.963, 1.412 (18.217)	Grad: 0.1
[Epoch  32 (7.72s)]	ELBO (bits/dim): 3.12317 (3.15683)	Reconstruction error (/dim): 0.02793 (0.02497)	KLD: 1.510, 1.799, 2.017, 1.338, 1.763, 1.940, 2.245, 2.136, 1.963, 1.409 (18.184)	Grad: 0.1
[Epoch  33 (7.55s)]	ELBO (bits/dim): 3.12492 (3.16050)	Reconstruction error (/dim): 0.02778 (0.02487)	KLD: 1.510, 1.805, 2.009, 1.341, 1.763, 1.957, 2.245, 2.140, 1.957, 1.404 (17.959)	Grad: 0.1
[Epoch  34 (7.61s)]	ELBO (bits/dim): 3.12607 (3.15821)	Reconstruction error (/dim): 0.02770 (0.02493)	KLD: 1.504, 1.811, 2.011, 1.334, 1.765, 1.955, 2.253, 2.148, 1.958, 1.414 (18.146)	Grad: 0.1
[Epoch  35 (7.55s)]	ELBO (bits/dim): 3.12700 (3.15737)	Reconstruction error (/dim): 0.02765 (0.02512)	KLD: 1.521, 1.811, 2.018, 1.343, 1.769, 1.951, 2.249, 2.150, 1.967, 1.408 (18.239)	Grad: 0.1
[Epoch  36 (7.47s)]	ELBO (bits/dim): 3.12810 (3.16268)	Reconstruction error (/dim): 0.02757 (0.02460)	KLD: 1.508, 1.817, 2.011, 1.343, 1.766, 1.954, 2.248, 2.151, 1.975, 1.407 (18.120)	Grad: 0.1
[Epoch  37 (7.51s)]	ELBO (bits/dim): 3.12884 (3.16163)	Reconstruction error (/dim): 0.02749 (0.02453)	KLD: 1.510, 1.819, 2.023, 1.349, 1.784, 1.966, 2.248, 2.145, 1.977, 1.410 (18.347)	Grad: 0.1
[Epoch  38 (7.61s)]	ELBO (bits/dim): 3.12995 (3.16442)	Reconstruction error (/dim): 0.02742 (0.02445)	KLD: 1.512, 1.811, 2.017, 1.350, 1.782, 1.957, 2.253, 2.159, 1.976, 1.409 (18.166)	Grad: 0.1
[Epoch  39 (7.54s)]	ELBO (bits/dim): 3.13133 (3.16206)	Reconstruction error (/dim): 0.02733 (0.02465)	KLD: 1.519, 1.821, 2.013, 1.345, 1.783, 1.971, 2.252, 2.155, 1.975, 1.403 (18.224)	Grad: 0.1
[Epoch  40 (7.88s)]	ELBO (bits/dim): 3.13177 (3.16348)	Reconstruction error (/dim): 0.02727 (0.02463)	KLD: 1.522, 1.826, 2.027, 1.348, 1.777, 1.966, 2.254, 2.157, 1.984, 1.405 (18.095)	Grad: 0.1
[Epoch  41 (7.60s)]	ELBO (bits/dim): 3.13270 (3.16232)	Reconstruction error (/dim): 0.02722 (0.02449)	KLD: 1.521, 1.828, 2.020, 1.345, 1.785, 1.964, 2.261, 2.155, 1.984, 1.408 (18.298)	Grad: 0.1
[Epoch  42 (7.66s)]	ELBO (bits/dim): 3.13361 (3.16590)	Reconstruction error (/dim): 0.02713 (0.02440)	KLD: 1.520, 1.828, 2.020, 1.348, 1.785, 1.974, 2.259, 2.156, 1.984, 1.409 (18.226)	Grad: 0.1
[Epoch  43 (7.56s)]	ELBO (bits/dim): 3.13425 (3.16457)	Reconstruction error (/dim): 0.02709 (0.02433)	KLD: 1.519, 1.830, 2.024, 1.357, 1.787, 1.971, 2.260, 2.161, 1.987, 1.404 (18.310)	Grad: 0.1
[Epoch  44 (7.51s)]	ELBO (bits/dim): 3.13510 (3.16635)	Reconstruction error (/dim): 0.02702 (0.02439)	KLD: 1.518, 1.835, 2.021, 1.350, 1.785, 1.972, 2.257, 2.161, 1.991, 1.412 (18.378)	Grad: 0.1
[Epoch  45 (7.60s)]	ELBO (bits/dim): 3.13611 (3.16813)	Reconstruction error (/dim): 0.02695 (0.02437)	KLD: 1.522, 1.835, 2.017, 1.357, 1.789, 1.979, 2.265, 2.160, 1.989, 1.411 (18.239)	Grad: 0.1
[Epoch  46 (7.51s)]	ELBO (bits/dim): 3.13669 (3.16933)	Reconstruction error (/dim): 0.02691 (0.02420)	KLD: 1.528, 1.832, 2.022, 1.359, 1.795, 1.983, 2.262, 2.162, 1.998, 1.407 (18.178)	Grad: 0.1
[Epoch  47 (7.65s)]	ELBO (bits/dim): 3.13737 (3.16982)	Reconstruction error (/dim): 0.02685 (0.02413)	KLD: 1.528, 1.837, 2.019, 1.353, 1.791, 1.975, 2.260, 2.165, 1.996, 1.404 (18.051)	Grad: 0.1
[Epoch  48 (7.49s)]	ELBO (bits/dim): 3.13816 (3.16826)	Reconstruction error (/dim): 0.02679 (0.02413)	KLD: 1.528, 1.847, 2.016, 1.358, 1.794, 1.988, 2.259, 2.164, 1.998, 1.408 (18.397)	Grad: 0.1
[Epoch  49 (7.56s)]	ELBO (bits/dim): 3.13892 (3.17007)	Reconstruction error (/dim): 0.02671 (0.02412)	KLD: 1.527, 1.842, 2.022, 1.359, 1.798, 1.990, 2.264, 2.171, 1.999, 1.408 (18.301)	Grad: 0.1
[Epoch  50 (7.34s)]	ELBO (bits/dim): 3.13922 (3.17047)	Reconstruction error (/dim): 0.02674 (0.02401)	KLD: 1.532, 1.838, 2.020, 1.353, 1.798, 1.989, 2.267, 2.166, 1.990, 1.405 (18.268)	Grad: 0.1
[Epoch  51 (7.64s)]	ELBO (bits/dim): 3.13984 (3.17139)	Reconstruction error (/dim): 0.02667 (0.02387)	KLD: 1.534, 1.847, 2.022, 1.361, 1.803, 1.985, 2.253, 2.167, 1.996, 1.403 (18.316)	Grad: 0.1
[Epoch  52 (7.37s)]	ELBO (bits/dim): 3.14031 (3.17368)	Reconstruction error (/dim): 0.02663 (0.02389)	KLD: 1.533, 1.842, 2.016, 1.355, 1.799, 2.001, 2.264, 2.175, 2.000, 1.404 (18.224)	Grad: 0.1
[Epoch  53 (7.63s)]	ELBO (bits/dim): 3.14086 (3.17053)	Reconstruction error (/dim): 0.02660 (0.02398)	KLD: 1.530, 1.848, 2.018, 1.364, 1.806, 1.993, 2.263, 2.170, 2.000, 1.404 (18.468)	Grad: 0.1
[Epoch  54 (7.66s)]	ELBO (bits/dim): 3.14154 (3.17269)	Reconstruction error (/dim): 0.02655 (0.02408)	KLD: 1.534, 1.848, 2.022, 1.364, 1.799, 1.988, 2.266, 2.173, 2.001, 1.399 (18.255)	Grad: 0.1
[Epoch  55 (7.70s)]	ELBO (bits/dim): 3.14167 (3.17187)	Reconstruction error (/dim): 0.02653 (0.02406)	KLD: 1.537, 1.849, 2.017, 1.363, 1.807, 1.999, 2.257, 2.177, 2.001, 1.408 (18.303)	Grad: 0.1
[Epoch  56 (7.17s)]	ELBO (bits/dim): 3.14207 (3.17213)	Reconstruction error (/dim): 0.02649 (0.02404)	KLD: 1.535, 1.852, 2.026, 1.359, 1.802, 2.000, 2.264, 2.184, 2.002, 1.408 (18.330)	Grad: 0.1
[Epoch  57 (6.42s)]	ELBO (bits/dim): 3.14243 (3.17325)	Reconstruction error (/dim): 0.02646 (0.02369)	KLD: 1.540, 1.861, 2.016, 1.362, 1.807, 1.996, 2.264, 2.177, 2.000, 1.406 (18.486)	Grad: 0.1
[Epoch  58 (6.51s)]	ELBO (bits/dim): 3.14312 (3.17482)	Reconstruction error (/dim): 0.02641 (0.02365)	KLD: 1.537, 1.862, 2.024, 1.361, 1.808, 2.005, 2.270, 2.179, 2.013, 1.403 (18.398)	Grad: 0.1
[Epoch  59 (6.30s)]	ELBO (bits/dim): 3.14345 (3.17356)	Reconstruction error (/dim): 0.02637 (0.02385)	KLD: 1.542, 1.854, 2.029, 1.368, 1.812, 2.002, 2.269, 2.182, 2.009, 1.404 (18.252)	Grad: 0.1
[Epoch  60 (6.23s)]	ELBO (bits/dim): 3.14411 (3.17330)	Reconstruction error (/dim): 0.02635 (0.02394)	KLD: 1.540, 1.858, 2.024, 1.360, 1.802, 2.007, 2.268, 2.171, 2.010, 1.406 (18.411)	Grad: 0.1
[Epoch  61 (6.24s)]	ELBO (bits/dim): 3.14463 (3.17422)	Reconstruction error (/dim): 0.02630 (0.02378)	KLD: 1.532, 1.862, 2.018, 1.364, 1.809, 2.003, 2.264, 2.183, 2.009, 1.404 (18.426)	Grad: 0.1
[Epoch  62 (6.16s)]	ELBO (bits/dim): 3.14460 (3.17449)	Reconstruction error (/dim): 0.02630 (0.02371)	KLD: 1.537, 1.870, 2.024, 1.366, 1.815, 2.010, 2.272, 2.179, 2.015, 1.402 (18.413)	Grad: 0.1
[Epoch  63 (6.23s)]	ELBO (bits/dim): 3.14507 (3.17468)	Reconstruction error (/dim): 0.02628 (0.02365)	KLD: 1.536, 1.869, 2.021, 1.367, 1.816, 2.008, 2.271, 2.176, 2.011, 1.401 (18.286)	Grad: 0.1
[Epoch  64 (6.30s)]	ELBO (bits/dim): 3.14518 (3.17298)	Reconstruction error (/dim): 0.02624 (0.02393)	KLD: 1.542, 1.866, 2.030, 1.366, 1.810, 2.010, 2.273, 2.180, 2.021, 1.398 (18.477)	Grad: 0.1
[Epoch  65 (6.68s)]	ELBO (bits/dim): 3.14574 (3.17499)	Reconstruction error (/dim): 0.02622 (0.02374)	KLD: 1.540, 1.870, 2.026, 1.361, 1.812, 2.009, 2.273, 2.184, 2.013, 1.408 (18.459)	Grad: 0.1
[Epoch  66 (6.16s)]	ELBO (bits/dim): 3.14592 (3.17406)	Reconstruction error (/dim): 0.02620 (0.02379)	KLD: 1.539, 1.868, 2.025, 1.365, 1.814, 2.019, 2.276, 2.182, 2.011, 1.404 (18.491)	Grad: 0.1
[Epoch  67 (6.18s)]	ELBO (bits/dim): 3.14633 (3.17439)	Reconstruction error (/dim): 0.02616 (0.02363)	KLD: 1.541, 1.867, 2.026, 1.366, 1.816, 2.009, 2.273, 2.190, 2.019, 1.402 (18.839)	Grad: 0.1
[Epoch  68 (6.28s)]	ELBO (bits/dim): 3.14698 (3.17697)	Reconstruction error (/dim): 0.02610 (0.02363)	KLD: 1.541, 1.874, 2.037, 1.364, 1.813, 2.011, 2.272, 2.188, 2.013, 1.400 (18.359)	Grad: 0.1
[Epoch  69 (6.45s)]	ELBO (bits/dim): 3.14721 (3.17715)	Reconstruction error (/dim): 0.02610 (0.02362)	KLD: 1.537, 1.869, 2.030, 1.367, 1.815, 2.011, 2.275, 2.195, 2.022, 1.400 (18.643)	Grad: 0.1
[Epoch  70 (6.97s)]	ELBO (bits/dim): 3.14763 (3.17760)	Reconstruction error (/dim): 0.02608 (0.02348)	KLD: 1.543, 1.880, 2.028, 1.370, 1.824, 2.019, 2.268, 2.192, 2.017, 1.396 (18.426)	Grad: 0.1
[Epoch  71 (7.39s)]	ELBO (bits/dim): 3.14751 (3.17933)	Reconstruction error (/dim): 0.02607 (0.02336)	KLD: 1.545, 1.876, 2.030, 1.366, 1.817, 2.023, 2.280, 2.192, 2.024, 1.401 (18.328)	Grad: 0.1
[Epoch  72 (7.66s)]	ELBO (bits/dim): 3.14797 (3.17608)	Reconstruction error (/dim): 0.02602 (0.02360)	KLD: 1.546, 1.875, 2.033, 1.372, 1.823, 2.023, 2.275, 2.190, 2.025, 1.395 (18.672)	Grad: 0.1
[Epoch  73 (7.42s)]	ELBO (bits/dim): 3.14807 (3.17781)	Reconstruction error (/dim): 0.02602 (0.02347)	KLD: 1.550, 1.871, 2.027, 1.373, 1.822, 2.015, 2.278, 2.191, 2.024, 1.399 (18.374)	Grad: 0.1
[Epoch  74 (7.46s)]	ELBO (bits/dim): 3.14841 (3.17608)	Reconstruction error (/dim): 0.02600 (0.02363)	KLD: 1.541, 1.876, 2.025, 1.373, 1.817, 2.018, 2.273, 2.194, 2.024, 1.397 (18.756)	Grad: 0.1
[Epoch  75 (7.49s)]	ELBO (bits/dim): 3.14900 (3.17837)	Reconstruction error (/dim): 0.02594 (0.02335)	KLD: 1.552, 1.879, 2.030, 1.367, 1.821, 2.023, 2.280, 2.195, 2.029, 1.400 (18.647)	Grad: 0.1
[Epoch  76 (7.51s)]	ELBO (bits/dim): 3.14926 (3.17875)	Reconstruction error (/dim): 0.02594 (0.02340)	KLD: 1.544, 1.880, 2.028, 1.371, 1.817, 2.026, 2.273, 2.197, 2.023, 1.402 (18.348)	Grad: 0.1
[Epoch  77 (7.58s)]	ELBO (bits/dim): 3.14937 (3.17817)	Reconstruction error (/dim): 0.02591 (0.02340)	KLD: 1.544, 1.882, 2.031, 1.369, 1.826, 2.033, 2.277, 2.198, 2.025, 1.403 (18.661)	Grad: 0.1
[Epoch  78 (7.40s)]	ELBO (bits/dim): 3.14979 (3.17969)	Reconstruction error (/dim): 0.02590 (0.02339)	KLD: 1.542, 1.880, 2.027, 1.369, 1.828, 2.029, 2.274, 2.207, 2.031, 1.396 (18.378)	Grad: 0.1
[Epoch  79 (7.44s)]	ELBO (bits/dim): 3.14986 (3.17600)	Reconstruction error (/dim): 0.02591 (0.02351)	KLD: 1.543, 1.889, 2.028, 1.369, 1.826, 2.023, 2.272, 2.201, 2.033, 1.397 (18.714)	Grad: 0.1
[Epoch  80 (7.55s)]	ELBO (bits/dim): 3.14997 (3.17910)	Reconstruction error (/dim): 0.02588 (0.02341)	KLD: 1.552, 1.878, 2.034, 1.379, 1.826, 2.030, 2.279, 2.190, 2.034, 1.400 (18.520)	Grad: 0.1
[Epoch  81 (7.63s)]	ELBO (bits/dim): 3.15061 (3.17906)	Reconstruction error (/dim): 0.02584 (0.02324)	KLD: 1.545, 1.881, 2.031, 1.375, 1.824, 2.029, 2.276, 2.198, 2.028, 1.394 (18.416)	Grad: 0.1
[Epoch  82 (7.76s)]	ELBO (bits/dim): 3.15074 (3.17927)	Reconstruction error (/dim): 0.02580 (0.02325)	KLD: 1.547, 1.882, 2.030, 1.377, 1.825, 2.025, 2.279, 2.203, 2.031, 1.397 (18.633)	Grad: 0.1
[Epoch  83 (7.69s)]	ELBO (bits/dim): 3.15055 (3.17917)	Reconstruction error (/dim): 0.02582 (0.02339)	KLD: 1.549, 1.887, 2.037, 1.375, 1.824, 2.026, 2.281, 2.206, 2.038, 1.401 (18.735)	Grad: 0.1
[Epoch  84 (7.74s)]	ELBO (bits/dim): 3.15110 (3.17941)	Reconstruction error (/dim): 0.02578 (0.02337)	KLD: 1.543, 1.892, 2.038, 1.375, 1.828, 2.031, 2.278, 2.198, 2.033, 1.396 (18.611)	Grad: 0.1
[Epoch  85 (7.92s)]	ELBO (bits/dim): 3.15135 (3.18191)	Reconstruction error (/dim): 0.02579 (0.02335)	KLD: 1.545, 1.889, 2.025, 1.371, 1.827, 2.030, 2.272, 2.207, 2.035, 1.396 (18.444)	Grad: 0.1
[Epoch  86 (7.58s)]	ELBO (bits/dim): 3.15157 (3.17890)	Reconstruction error (/dim): 0.02577 (0.02343)	KLD: 1.549, 1.888, 2.031, 1.375, 1.833, 2.022, 2.265, 2.202, 2.034, 1.397 (18.650)	Grad: 0.1
[Epoch  87 (7.72s)]	ELBO (bits/dim): 3.15157 (3.18186)	Reconstruction error (/dim): 0.02574 (0.02341)	KLD: 1.551, 1.890, 2.031, 1.380, 1.835, 2.030, 2.276, 2.206, 2.040, 1.397 (18.390)	Grad: 0.1
[Epoch  88 (7.76s)]	ELBO (bits/dim): 3.15161 (3.18071)	Reconstruction error (/dim): 0.02574 (0.02329)	KLD: 1.556, 1.890, 2.034, 1.374, 1.833, 2.037, 2.281, 2.201, 2.035, 1.392 (18.532)	Grad: 0.1
[Epoch  89 (7.75s)]	ELBO (bits/dim): 3.15236 (3.17952)	Reconstruction error (/dim): 0.02566 (0.02336)	KLD: 1.548, 1.893, 2.039, 1.380, 1.832, 2.038, 2.279, 2.211, 2.041, 1.390 (18.521)	Grad: 0.1
[Epoch  90 (7.70s)]	ELBO (bits/dim): 3.15231 (3.18193)	Reconstruction error (/dim): 0.02570 (0.02326)	KLD: 1.548, 1.896, 2.041, 1.379, 1.831, 2.035, 2.276, 2.208, 2.036, 1.395 (18.468)	Grad: 0.1
[Epoch  91 (7.74s)]	ELBO (bits/dim): 3.15253 (3.18118)	Reconstruction error (/dim): 0.02565 (0.02316)	KLD: 1.547, 1.898, 2.034, 1.384, 1.840, 2.033, 2.276, 2.207, 2.044, 1.396 (18.614)	Grad: 0.1
[Epoch  92 (7.66s)]	ELBO (bits/dim): 3.15302 (3.18268)	Reconstruction error (/dim): 0.02564 (0.02326)	KLD: 1.552, 1.900, 2.036, 1.376, 1.829, 2.034, 2.274, 2.201, 2.028, 1.400 (18.497)	Grad: 0.1
[Epoch  93 (7.66s)]	ELBO (bits/dim): 3.15303 (3.18025)	Reconstruction error (/dim): 0.02564 (0.02331)	KLD: 1.557, 1.894, 2.034, 1.378, 1.838, 2.029, 2.274, 2.206, 2.037, 1.394 (18.646)	Grad: 0.1
[Epoch  94 (7.73s)]	ELBO (bits/dim): 3.15327 (3.17931)	Reconstruction error (/dim): 0.02565 (0.02321)	KLD: 1.551, 1.893, 2.036, 1.374, 1.834, 2.032, 2.280, 2.206, 2.031, 1.390 (18.720)	Grad: 0.1
[Epoch  95 (7.88s)]	ELBO (bits/dim): 3.15301 (3.18275)	Reconstruction error (/dim): 0.02564 (0.02312)	KLD: 1.549, 1.899, 2.036, 1.383, 1.842, 2.038, 2.281, 2.211, 2.041, 1.398 (18.531)	Grad: 0.1
[Epoch  96 (7.92s)]	ELBO (bits/dim): 3.15351 (3.17912)	Reconstruction error (/dim): 0.02560 (0.02337)	KLD: 1.552, 1.898, 2.045, 1.379, 1.841, 2.038, 2.278, 2.214, 2.035, 1.394 (18.754)	Grad: 0.1
[Epoch  97 (7.98s)]	ELBO (bits/dim): 3.15383 (3.18018)	Reconstruction error (/dim): 0.02558 (0.02319)	KLD: 1.558, 1.892, 2.033, 1.374, 1.832, 2.035, 2.278, 2.206, 2.036, 1.395 (18.726)	Grad: 0.1
[Epoch  98 (7.98s)]	ELBO (bits/dim): 3.15375 (3.18060)	Reconstruction error (/dim): 0.02558 (0.02315)	KLD: 1.551, 1.899, 2.036, 1.380, 1.845, 2.038, 2.279, 2.222, 2.045, 1.392 (18.721)	Grad: 0.1
[Epoch  99 (7.86s)]	ELBO (bits/dim): 3.15397 (3.18485)	Reconstruction error (/dim): 0.02554 (0.02306)	KLD: 1.549, 1.911, 2.033, 1.374, 1.838, 2.034, 2.280, 2.217, 2.043, 1.389 (18.348)	Grad: 0.1
[Epoch 100 (8.11s)]	ELBO (bits/dim): 3.15441 (3.18301)	Reconstruction error (/dim): 0.02555 (0.02321)	KLD: 1.552, 1.899, 2.039, 1.376, 1.834, 2.032, 2.278, 2.213, 2.039, 1.389 (18.486)	Grad: 0.1
Best epoch(s): [99]	Training time(s): 733.09s (733.09s)	Best ELBO (bits/dim): 3.15441 (3.18485)	Best reconstruction error (/dim): 0.08030 (0.06706)
Avg. mu: -0.103, -0.162, -0.006, -0.099, -0.011, -0.052, -0.041, -0.038, -0.014, -0.021
Avg. var: 0.048, 0.026, 0.022, 0.070, 0.029, 0.021, 0.015, 0.016, 0.024, 0.073
Max. mu: 3.130, 3.180, 3.104, 4.242, 3.625, 2.834, 2.907, 3.406, 3.463, 3.707
Max. var: 0.153, 0.074, 0.083, 0.336, 0.117, 0.078, 0.107, 0.069, 0.096, 0.349
Min. mu: -3.529, -3.835, -3.447, -3.626, -3.256, -3.930, -3.481, -2.737, -3.758, -3.594
Min. var: 0.012, 0.005, 0.003, 0.013, 0.005, 0.005, 0.003, 0.004, 0.003, 0.014
Cov. mu:
[[0.948 -0.024 -0.027 0.030 -0.054 -0.028 0.013 0.012 0.088 0.012]
 [-0.024 0.966 0.077 -0.061 -0.153 0.173 0.011 -0.071 -0.155 0.026]
 [-0.027 0.077 1.035 -0.047 -0.059 -0.192 0.001 0.055 -0.203 -0.015]
 [0.030 -0.061 -0.047 0.880 0.000 0.030 0.089 -0.004 0.011 0.007]
 [-0.054 -0.153 -0.059 0.000 0.992 -0.166 -0.029 -0.036 -0.002 0.124]
 [-0.028 0.173 -0.192 0.030 -0.166 1.053 0.067 -0.075 0.072 -0.030]
 [0.013 0.011 0.001 0.089 -0.029 0.067 1.114 -0.322 0.084 0.067]
 [0.012 -0.071 0.055 -0.004 -0.036 -0.075 -0.322 1.063 -0.147 0.026]
 [0.088 -0.155 -0.203 0.011 -0.002 0.072 0.084 -0.147 1.195 -0.092]
 [0.012 0.026 -0.015 0.007 0.124 -0.030 0.067 0.026 -0.092 0.861]]
