=================================================================
Layer (type:depth-idx)                   Param #
=================================================================
VAE                                      --
├─Encoder: 1-1                           --
│    └─Linear: 2-1                       38,465
├─Decoder: 1-2                           --
│    └─Linear: 2-2                       39,200
=================================================================
Total params: 77,665
Trainable params: 77,665
Non-trainable params: 0
=================================================================
=================================================================
Layer (type:depth-idx)                   Param #
=================================================================
VAE                                      --
├─Encoder: 1-1                           --
│    └─Linear: 2-1                       38,465
├─Decoder: 1-2                           --
│    └─Linear: 2-2                       39,200
=================================================================
Total params: 77,665
Trainable params: 77,665
Non-trainable params: 0
=================================================================
=================================================================
Layer (type:depth-idx)                   Param #
=================================================================
VAE                                      --
├─Encoder: 1-1                           --
│    └─Linear: 2-1                       38,465
├─Decoder: 1-2                           --
│    └─Linear: 2-2                       39,200
=================================================================
Total params: 77,665
Trainable params: 77,665
Non-trainable params: 0
=================================================================
Training model 1/3...
[Epoch   1 (57.38s)]	ELBO: 1156.571 (1338.642)	Log prob: 1247.370 (1382.474)	KLD: 90.799 (43.832)	Grad: 0.129
[Epoch   2 (53.57s)]	ELBO: 1357.344 (1370.712)	Log prob: 1390.445 (1398.076)	KLD: 33.101 (27.364)	Grad: 0.127
[Epoch   3 (52.21s)]	ELBO: 1375.540 (1382.890)	Log prob: 1399.880 (1404.805)	KLD: 24.340 (21.915)	Grad: 0.133
[Epoch   4 (51.98s)]	ELBO: 1384.903 (1389.415)	Log prob: 1405.498 (1407.857)	KLD: 20.595 (18.442)	Grad: 0.156
[Epoch   5 (52.14s)]	ELBO: 1391.403 (1395.275)	Log prob: 1409.975 (1412.121)	KLD: 18.572 (16.846)	Grad: 0.184
[Epoch   6 (49.10s)]	ELBO: 1397.121 (1401.222)	Log prob: 1414.238 (1417.432)	KLD: 17.117 (16.210)	Grad: 0.169
[Epoch   7 (54.61s)]	ELBO: 1402.036 (1405.717)	Log prob: 1418.126 (1421.193)	KLD: 16.090 (15.476)	Grad: 0.184
[Epoch   8 (52.90s)]	ELBO: 1406.606 (1410.226)	Log prob: 1422.000 (1425.023)	KLD: 15.394 (14.797)	Grad: 0.195
[Epoch   9 (52.88s)]	ELBO: 1410.947 (1413.737)	Log prob: 1425.653 (1427.501)	KLD: 14.706 (13.763)	Grad: 0.199
[Epoch  10 (51.16s)]	ELBO: 1415.201 (1417.938)	Log prob: 1429.299 (1431.593)	KLD: 14.098 (13.655)	Grad: 0.180
[Epoch  11 (48.52s)]	ELBO: 1419.004 (1421.255)	Log prob: 1432.527 (1434.409)	KLD: 13.524 (13.154)	Grad: 0.177
[Epoch  12 (50.47s)]	ELBO: 1422.965 (1425.104)	Log prob: 1435.960 (1437.945)	KLD: 12.995 (12.842)	Grad: 0.166
[Epoch  13 (49.64s)]	ELBO: 1426.577 (1428.674)	Log prob: 1439.112 (1440.851)	KLD: 12.535 (12.176)	Grad: 0.164
[Epoch  14 (49.51s)]	ELBO: 1430.074 (1431.290)	Log prob: 1442.183 (1442.358)	KLD: 12.110 (11.068)	Grad: 0.174
[Epoch  15 (50.73s)]	ELBO: 1433.154 (1435.123)	Log prob: 1444.822 (1446.495)	KLD: 11.668 (11.373)	Grad: 0.181
[Epoch  16 (49.23s)]	ELBO: 1436.326 (1436.751)	Log prob: 1447.665 (1448.600)	KLD: 11.339 (11.849)	Grad: 0.176
[Epoch  17 (51.47s)]	ELBO: 1439.168 (1440.403)	Log prob: 1450.289 (1451.705)	KLD: 11.120 (11.302)	Grad: 0.188
[Epoch  18 (49.59s)]	ELBO: 1442.325 (1442.607)	Log prob: 1453.116 (1453.276)	KLD: 10.791 (10.668)	Grad: 0.182
[Epoch  19 (50.12s)]	ELBO: 1445.249 (1445.943)	Log prob: 1455.816 (1456.633)	KLD: 10.566 (10.690)	Grad: 0.204
[Epoch  20 (51.90s)]	ELBO: 1448.237 (1449.900)	Log prob: 1458.596 (1460.152)	KLD: 10.359 (10.252)	Grad: 0.208
[Epoch  21 (53.37s)]	ELBO: 1451.648 (1451.947)	Log prob: 1461.799 (1462.103)	KLD: 10.151 (10.156)	Grad: 0.174
[Epoch  22 (53.22s)]	ELBO: 1454.235 (1455.042)	Log prob: 1464.263 (1464.819)	KLD: 10.028 (9.776)	Grad: 0.193
[Epoch  23 (53.31s)]	ELBO: 1456.434 (1455.439)	Log prob: 1466.387 (1465.231)	KLD: 9.953 (9.792)	Grad: 0.211
[Epoch  24 (51.17s)]	ELBO: 1458.729 (1459.134)	Log prob: 1468.602 (1468.966)	KLD: 9.872 (9.832)	Grad: 0.197
[Epoch  25 (52.33s)]	ELBO: 1460.685 (1459.581)	Log prob: 1470.470 (1469.307)	KLD: 9.785 (9.726)	Grad: 0.194
[Epoch  26 (53.48s)]	ELBO: 1462.109 (1462.093)	Log prob: 1471.843 (1471.822)	KLD: 9.735 (9.729)	Grad: 0.204
[Epoch  27 (52.86s)]	ELBO: 1463.578 (1464.044)	Log prob: 1473.261 (1473.427)	KLD: 9.682 (9.383)	Grad: 0.208
[Epoch  28 (53.00s)]	ELBO: 1464.850 (1464.689)	Log prob: 1474.534 (1474.649)	KLD: 9.684 (9.959)	Grad: 0.216
[Epoch  29 (52.23s)]	ELBO: 1465.880 (1465.195)	Log prob: 1475.520 (1474.931)	KLD: 9.640 (9.736)	Grad: 0.238
[Epoch  30 (51.39s)]	ELBO: 1467.025 (1466.173)	Log prob: 1476.640 (1475.415)	KLD: 9.615 (9.241)	Grad: 0.207
[Epoch  31 (51.43s)]	ELBO: 1468.157 (1468.119)	Log prob: 1477.730 (1477.003)	KLD: 9.573 (8.884)	Grad: 0.200
[Epoch  32 (51.14s)]	ELBO: 1468.961 (1469.671)	Log prob: 1478.491 (1479.139)	KLD: 9.531 (9.469)	Grad: 0.223
[Epoch  33 (50.78s)]	ELBO: 1469.938 (1469.800)	Log prob: 1479.464 (1479.137)	KLD: 9.526 (9.338)	Grad: 0.222
[Epoch  34 (54.90s)]	ELBO: 1470.735 (1470.586)	Log prob: 1480.217 (1479.960)	KLD: 9.482 (9.374)	Grad: 0.211
[Epoch  35 (49.56s)]	ELBO: 1471.562 (1472.003)	Log prob: 1481.042 (1481.512)	KLD: 9.480 (9.509)	Grad: 0.214
[Epoch  36 (50.17s)]	ELBO: 1472.412 (1472.448)	Log prob: 1481.862 (1481.554)	KLD: 9.450 (9.107)	Grad: 0.200
[Epoch  37 (51.17s)]	ELBO: 1472.938 (1473.598)	Log prob: 1482.380 (1482.986)	KLD: 9.442 (9.388)	Grad: 0.220
[Epoch  38 (50.05s)]	ELBO: 1473.411 (1474.313)	Log prob: 1482.858 (1483.934)	KLD: 9.447 (9.621)	Grad: 0.244
[Epoch  39 (51.81s)]	ELBO: 1474.244 (1474.959)	Log prob: 1483.663 (1484.271)	KLD: 9.420 (9.312)	Grad: 0.227
[Epoch  40 (49.25s)]	ELBO: 1475.009 (1474.859)	Log prob: 1484.411 (1484.652)	KLD: 9.402 (9.793)	Grad: 0.208
[Epoch  41 (49.89s)]	ELBO: 1475.465 (1471.640)	Log prob: 1484.867 (1481.004)	KLD: 9.403 (9.364)	Grad: 0.218
[Epoch  42 (52.11s)]	ELBO: 1475.952 (1476.300)	Log prob: 1485.386 (1485.968)	KLD: 9.434 (9.668)	Grad: 0.243
[Epoch  43 (52.88s)]	ELBO: 1476.464 (1477.179)	Log prob: 1485.852 (1486.428)	KLD: 9.387 (9.249)	Grad: 0.232
[Epoch  44 (50.72s)]	ELBO: 1477.054 (1477.630)	Log prob: 1486.435 (1487.210)	KLD: 9.381 (9.579)	Grad: 0.229
[Epoch  45 (51.77s)]	ELBO: 1477.649 (1477.859)	Log prob: 1487.026 (1487.243)	KLD: 9.377 (9.384)	Grad: 0.217
[Epoch  46 (49.91s)]	ELBO: 1478.024 (1476.911)	Log prob: 1487.375 (1486.325)	KLD: 9.351 (9.413)	Grad: 0.221
[Epoch  47 (49.54s)]	ELBO: 1478.326 (1478.695)	Log prob: 1487.668 (1488.471)	KLD: 9.342 (9.776)	Grad: 0.239
[Epoch  48 (50.67s)]	ELBO: 1478.786 (1479.149)	Log prob: 1488.151 (1488.462)	KLD: 9.365 (9.314)	Grad: 0.230
[Epoch  49 (49.79s)]	ELBO: 1479.358 (1476.428)	Log prob: 1488.693 (1485.892)	KLD: 9.335 (9.465)	Grad: 0.228
[Epoch  50 (52.02s)]	ELBO: 1479.784 (1480.450)	Log prob: 1489.112 (1489.553)	KLD: 9.329 (9.103)	Grad: 0.216
[Epoch  51 (49.50s)]	ELBO: 1480.174 (1477.298)	Log prob: 1489.487 (1487.003)	KLD: 9.313 (9.705)	Grad: 0.229
[Epoch  52 (50.27s)]	ELBO: 1480.614 (1481.099)	Log prob: 1489.904 (1490.584)	KLD: 9.290 (9.485)	Grad: 0.223
[Epoch  53 (51.07s)]	ELBO: 1481.020 (1480.799)	Log prob: 1490.348 (1490.247)	KLD: 9.328 (9.448)	Grad: 0.214
[Epoch  54 (50.40s)]	ELBO: 1481.368 (1478.858)	Log prob: 1490.720 (1488.217)	KLD: 9.352 (9.359)	Grad: 0.232
[Epoch  55 (51.61s)]	ELBO: 1481.733 (1481.586)	Log prob: 1491.066 (1490.717)	KLD: 9.333 (9.131)	Grad: 0.231
[Epoch  56 (51.99s)]	ELBO: 1482.153 (1482.025)	Log prob: 1491.496 (1491.491)	KLD: 9.342 (9.467)	Grad: 0.226
[Epoch  57 (50.66s)]	ELBO: 1482.596 (1482.650)	Log prob: 1491.886 (1491.929)	KLD: 9.290 (9.278)	Grad: 0.215
[Epoch  58 (51.20s)]	ELBO: 1482.826 (1482.421)	Log prob: 1492.112 (1491.845)	KLD: 9.286 (9.424)	Grad: 0.212
[Epoch  59 (51.00s)]	ELBO: 1482.994 (1482.284)	Log prob: 1492.279 (1491.476)	KLD: 9.285 (9.192)	Grad: 0.244
[Epoch  60 (50.36s)]	ELBO: 1483.520 (1482.912)	Log prob: 1492.843 (1492.246)	KLD: 9.323 (9.335)	Grad: 0.229
[Epoch  61 (50.07s)]	ELBO: 1483.904 (1482.325)	Log prob: 1493.234 (1491.384)	KLD: 9.330 (9.059)	Grad: 0.222
[Epoch  62 (50.11s)]	ELBO: 1484.354 (1484.047)	Log prob: 1493.687 (1493.596)	KLD: 9.333 (9.549)	Grad: 0.212
[Epoch  63 (49.03s)]	ELBO: 1484.513 (1482.382)	Log prob: 1493.874 (1492.073)	KLD: 9.361 (9.691)	Grad: 0.227
[Epoch  64 (49.41s)]	ELBO: 1484.728 (1485.101)	Log prob: 1494.081 (1494.252)	KLD: 9.353 (9.151)	Grad: 0.232
[Epoch  65 (50.02s)]	ELBO: 1485.255 (1485.322)	Log prob: 1494.599 (1494.767)	KLD: 9.343 (9.445)	Grad: 0.215
[Epoch  66 (50.94s)]	ELBO: 1485.374 (1485.690)	Log prob: 1494.748 (1495.018)	KLD: 9.374 (9.328)	Grad: 0.232
[Epoch  67 (50.10s)]	ELBO: 1485.717 (1484.249)	Log prob: 1495.120 (1493.986)	KLD: 9.403 (9.738)	Grad: 0.220
[Epoch  68 (52.72s)]	ELBO: 1485.802 (1486.104)	Log prob: 1495.192 (1495.452)	KLD: 9.389 (9.349)	Grad: 0.233
[Epoch  69 (51.45s)]	ELBO: 1486.450 (1484.575)	Log prob: 1495.807 (1493.556)	KLD: 9.357 (8.981)	Grad: 0.208
[Epoch  70 (49.28s)]	ELBO: 1486.672 (1485.935)	Log prob: 1496.045 (1495.346)	KLD: 9.373 (9.411)	Grad: 0.227
[Epoch  71 (51.52s)]	ELBO: 1486.672 (1487.004)	Log prob: 1496.077 (1496.362)	KLD: 9.405 (9.359)	Grad: 0.235
[Epoch  72 (50.81s)]	ELBO: 1487.108 (1484.834)	Log prob: 1496.498 (1494.485)	KLD: 9.390 (9.651)	Grad: 0.227
[Epoch  73 (51.64s)]	ELBO: 1487.374 (1486.290)	Log prob: 1496.791 (1495.711)	KLD: 9.417 (9.422)	Grad: 0.216
[Epoch  74 (50.76s)]	ELBO: 1487.460 (1487.108)	Log prob: 1496.868 (1496.787)	KLD: 9.408 (9.679)	Grad: 0.234
[Epoch  75 (50.47s)]	ELBO: 1487.623 (1487.713)	Log prob: 1497.076 (1497.119)	KLD: 9.453 (9.406)	Grad: 0.235
[Epoch  76 (50.66s)]	ELBO: 1487.954 (1487.310)	Log prob: 1497.419 (1497.051)	KLD: 9.465 (9.742)	Grad: 0.234
[Epoch  77 (51.20s)]	ELBO: 1488.244 (1485.048)	Log prob: 1497.717 (1494.348)	KLD: 9.472 (9.301)	Grad: 0.224
[Epoch  78 (52.06s)]	ELBO: 1488.198 (1488.157)	Log prob: 1497.676 (1497.553)	KLD: 9.478 (9.397)	Grad: 0.254
[Epoch  79 (51.50s)]	ELBO: 1488.806 (1483.692)	Log prob: 1498.273 (1492.890)	KLD: 9.467 (9.198)	Grad: 0.217
[Epoch  80 (51.41s)]	ELBO: 1488.920 (1488.199)	Log prob: 1498.399 (1497.364)	KLD: 9.479 (9.165)	Grad: 0.228
[Epoch  81 (50.93s)]	ELBO: 1489.098 (1488.720)	Log prob: 1498.575 (1498.267)	KLD: 9.477 (9.546)	Grad: 0.230
[Epoch  82 (49.51s)]	ELBO: 1489.321 (1488.358)	Log prob: 1498.816 (1497.783)	KLD: 9.495 (9.426)	Grad: 0.238
[Epoch  83 (48.10s)]	ELBO: 1489.561 (1488.300)	Log prob: 1499.041 (1497.895)	KLD: 9.480 (9.595)	Grad: 0.225
[Epoch  84 (48.65s)]	ELBO: 1489.838 (1487.044)	Log prob: 1499.323 (1496.394)	KLD: 9.485 (9.350)	Grad: 0.226
[Epoch  85 (48.92s)]	ELBO: 1489.906 (1489.586)	Log prob: 1499.416 (1498.950)	KLD: 9.510 (9.364)	Grad: 0.237
[Epoch  86 (48.89s)]	ELBO: 1489.850 (1489.481)	Log prob: 1499.376 (1498.909)	KLD: 9.526 (9.427)	Grad: 0.238
[Epoch  87 (48.45s)]	ELBO: 1490.491 (1490.214)	Log prob: 1500.002 (1499.695)	KLD: 9.511 (9.481)	Grad: 0.225
[Epoch  88 (49.91s)]	ELBO: 1490.804 (1489.083)	Log prob: 1500.343 (1498.485)	KLD: 9.538 (9.403)	Grad: 0.215
[Epoch  89 (48.62s)]	ELBO: 1490.513 (1487.771)	Log prob: 1500.050 (1497.668)	KLD: 9.537 (9.896)	Grad: 0.242
[Epoch  90 (48.82s)]	ELBO: 1490.889 (1488.929)	Log prob: 1500.432 (1498.847)	KLD: 9.543 (9.918)	Grad: 0.230
[Epoch  91 (49.07s)]	ELBO: 1491.152 (1489.814)	Log prob: 1500.683 (1499.654)	KLD: 9.531 (9.840)	Grad: 0.235
[Epoch  92 (47.62s)]	ELBO: 1491.273 (1490.787)	Log prob: 1500.797 (1500.197)	KLD: 9.523 (9.410)	Grad: 0.230
[Epoch  93 (49.15s)]	ELBO: 1491.277 (1489.813)	Log prob: 1500.836 (1499.199)	KLD: 9.559 (9.386)	Grad: 0.249
[Epoch  94 (49.35s)]	ELBO: 1491.709 (1490.519)	Log prob: 1501.257 (1499.907)	KLD: 9.547 (9.388)	Grad: 0.225
[Epoch  95 (47.95s)]	ELBO: 1491.591 (1491.490)	Log prob: 1501.161 (1500.865)	KLD: 9.570 (9.376)	Grad: 0.261
[Epoch  96 (46.35s)]	ELBO: 1492.083 (1491.146)	Log prob: 1501.638 (1500.645)	KLD: 9.556 (9.499)	Grad: 0.229
[Epoch  97 (48.16s)]	ELBO: 1492.170 (1491.705)	Log prob: 1501.763 (1501.207)	KLD: 9.593 (9.502)	Grad: 0.229
[Epoch  98 (49.61s)]	ELBO: 1492.477 (1491.696)	Log prob: 1502.056 (1501.429)	KLD: 9.578 (9.733)	Grad: 0.219
[Epoch  99 (50.25s)]	ELBO: 1492.517 (1490.690)	Log prob: 1502.071 (1500.567)	KLD: 9.555 (9.878)	Grad: 0.241
[Epoch 100 (49.10s)]	ELBO: 1492.975 (1491.420)	Log prob: 1502.545 (1500.890)	KLD: 9.570 (9.469)	Grad: 0.227
[Epoch 101 (44.94s)]	ELBO: 1492.822 (1489.671)	Log prob: 1502.390 (1499.078)	KLD: 9.568 (9.407)	Grad: 0.250
[Epoch 102 (43.65s)]	ELBO: 1493.237 (1492.525)	Log prob: 1502.827 (1502.011)	KLD: 9.589 (9.486)	Grad: 0.220
[Epoch 103 (42.69s)]	ELBO: 1493.162 (1491.072)	Log prob: 1502.761 (1500.930)	KLD: 9.599 (9.858)	Grad: 0.244
[Epoch 104 (42.54s)]	ELBO: 1493.395 (1492.457)	Log prob: 1502.981 (1501.935)	KLD: 9.586 (9.477)	Grad: 0.236
[Epoch 105 (42.43s)]	ELBO: 1493.658 (1491.872)	Log prob: 1503.234 (1501.740)	KLD: 9.576 (9.868)	Grad: 0.241
[Epoch 106 (41.19s)]	ELBO: 1493.378 (1492.942)	Log prob: 1503.002 (1502.356)	KLD: 9.625 (9.414)	Grad: 0.273
[Epoch 107 (42.70s)]	ELBO: 1494.078 (1491.634)	Log prob: 1503.684 (1500.709)	KLD: 9.607 (9.075)	Grad: 0.234
[Epoch 108 (43.78s)]	ELBO: 1494.156 (1493.131)	Log prob: 1503.758 (1502.844)	KLD: 9.602 (9.714)	Grad: 0.242
[Epoch 109 (42.16s)]	ELBO: 1494.135 (1493.231)	Log prob: 1503.753 (1502.718)	KLD: 9.618 (9.487)	Grad: 0.250
[Epoch 110 (41.49s)]	ELBO: 1494.486 (1493.497)	Log prob: 1504.094 (1503.087)	KLD: 9.608 (9.590)	Grad: 0.241
[Epoch 111 (41.02s)]	ELBO: 1494.692 (1493.593)	Log prob: 1504.336 (1503.442)	KLD: 9.643 (9.849)	Grad: 0.223
[Epoch 112 (39.71s)]	ELBO: 1494.745 (1493.976)	Log prob: 1504.371 (1503.713)	KLD: 9.626 (9.737)	Grad: 0.244
[Epoch 113 (38.87s)]	ELBO: 1494.480 (1492.617)	Log prob: 1504.129 (1502.064)	KLD: 9.648 (9.446)	Grad: 0.270
[Epoch 114 (41.24s)]	ELBO: 1494.668 (1493.292)	Log prob: 1504.310 (1502.833)	KLD: 9.642 (9.541)	Grad: 0.260
[Epoch 115 (39.48s)]	ELBO: 1495.143 (1493.305)	Log prob: 1504.787 (1502.819)	KLD: 9.644 (9.514)	Grad: 0.254
[Epoch 116 (39.74s)]	ELBO: 1495.100 (1494.833)	Log prob: 1504.756 (1504.363)	KLD: 9.656 (9.531)	Grad: 0.254
[Epoch 117 (40.63s)]	ELBO: 1495.643 (1495.101)	Log prob: 1505.291 (1504.580)	KLD: 9.648 (9.479)	Grad: 0.230
[Epoch 118 (39.28s)]	ELBO: 1495.513 (1493.987)	Log prob: 1505.170 (1503.432)	KLD: 9.657 (9.445)	Grad: 0.246
[Epoch 119 (36.55s)]	ELBO: 1495.515 (1494.902)	Log prob: 1505.220 (1504.435)	KLD: 9.705 (9.533)	Grad: 0.258
[Epoch 120 (36.40s)]	ELBO: 1495.990 (1495.424)	Log prob: 1505.655 (1504.838)	KLD: 9.665 (9.414)	Grad: 0.229
[Epoch 121 (37.08s)]	ELBO: 1495.743 (1494.829)	Log prob: 1505.451 (1504.207)	KLD: 9.708 (9.378)	Grad: 0.256
[Epoch 122 (36.87s)]	ELBO: 1496.074 (1494.944)	Log prob: 1505.776 (1504.787)	KLD: 9.702 (9.843)	Grad: 0.256
[Epoch 123 (36.50s)]	ELBO: 1496.106 (1494.939)	Log prob: 1505.819 (1504.269)	KLD: 9.713 (9.330)	Grad: 0.253
[Epoch 124 (35.57s)]	ELBO: 1496.298 (1495.076)	Log prob: 1505.996 (1504.737)	KLD: 9.697 (9.661)	Grad: 0.255
[Epoch 125 (36.10s)]	ELBO: 1496.515 (1495.405)	Log prob: 1506.224 (1505.047)	KLD: 9.710 (9.642)	Grad: 0.255
[Epoch 126 (35.52s)]	ELBO: 1496.642 (1494.175)	Log prob: 1506.329 (1503.916)	KLD: 9.687 (9.742)	Grad: 0.235
[Epoch 127 (36.76s)]	ELBO: 1496.733 (1493.677)	Log prob: 1506.460 (1503.064)	KLD: 9.727 (9.387)	Grad: 0.260
[Epoch 128 (37.31s)]	ELBO: 1496.713 (1496.103)	Log prob: 1506.446 (1505.757)	KLD: 9.733 (9.655)	Grad: 0.273
[Epoch 129 (36.99s)]	ELBO: 1496.886 (1495.874)	Log prob: 1506.574 (1505.971)	KLD: 9.688 (10.098)	Grad: 0.256
[Epoch 130 (36.15s)]	ELBO: 1497.022 (1496.963)	Log prob: 1506.734 (1506.558)	KLD: 9.712 (9.595)	Grad: 0.262
[Epoch 131 (34.81s)]	ELBO: 1497.430 (1496.645)	Log prob: 1507.140 (1505.989)	KLD: 9.710 (9.344)	Grad: 0.246
[Epoch 132 (37.75s)]	ELBO: 1497.268 (1496.016)	Log prob: 1507.008 (1505.798)	KLD: 9.740 (9.782)	Grad: 0.261
[Epoch 133 (36.61s)]	ELBO: 1497.435 (1495.192)	Log prob: 1507.191 (1505.324)	KLD: 9.756 (10.132)	Grad: 0.252
[Epoch 134 (36.72s)]	ELBO: 1497.593 (1495.641)	Log prob: 1507.356 (1505.415)	KLD: 9.763 (9.774)	Grad: 0.266
[Epoch 135 (35.03s)]	ELBO: 1497.633 (1495.306)	Log prob: 1507.426 (1504.994)	KLD: 9.793 (9.689)	Grad: 0.273
[Epoch 136 (34.61s)]	ELBO: 1497.990 (1493.766)	Log prob: 1507.733 (1503.296)	KLD: 9.744 (9.530)	Grad: 0.247
[Epoch 137 (33.56s)]	ELBO: 1497.866 (1495.727)	Log prob: 1507.635 (1505.653)	KLD: 9.768 (9.926)	Grad: 0.254
[Epoch 138 (33.60s)]	ELBO: 1498.172 (1493.606)	Log prob: 1507.957 (1503.107)	KLD: 9.786 (9.501)	Grad: 0.245
[Epoch 139 (32.47s)]	ELBO: 1498.235 (1496.291)	Log prob: 1508.032 (1505.614)	KLD: 9.798 (9.323)	Grad: 0.257
[Epoch 140 (34.25s)]	ELBO: 1498.416 (1496.421)	Log prob: 1508.165 (1506.393)	KLD: 9.749 (9.972)	Grad: 0.247
[Epoch 141 (35.09s)]	ELBO: 1498.132 (1496.732)	Log prob: 1507.879 (1506.703)	KLD: 9.748 (9.971)	Grad: 0.272
[Epoch 142 (33.29s)]	ELBO: 1498.693 (1497.799)	Log prob: 1508.449 (1507.739)	KLD: 9.755 (9.940)	Grad: 0.257
[Epoch 143 (33.39s)]	ELBO: 1498.783 (1498.055)	Log prob: 1508.570 (1507.795)	KLD: 9.787 (9.740)	Grad: 0.247
[Epoch 144 (33.49s)]	ELBO: 1498.572 (1497.921)	Log prob: 1508.348 (1507.687)	KLD: 9.776 (9.766)	Grad: 0.280
[Epoch 145 (30.63s)]	ELBO: 1498.751 (1496.710)	Log prob: 1508.554 (1505.965)	KLD: 9.803 (9.255)	Grad: 0.276
[Epoch 146 (30.98s)]	ELBO: 1498.555 (1497.527)	Log prob: 1508.378 (1507.718)	KLD: 9.823 (10.192)	Grad: 0.293
[Epoch 147 (30.64s)]	ELBO: 1499.116 (1498.231)	Log prob: 1508.907 (1507.715)	KLD: 9.791 (9.485)	Grad: 0.258
[Epoch 148 (31.16s)]	ELBO: 1499.215 (1496.720)	Log prob: 1509.021 (1506.713)	KLD: 9.806 (9.993)	Grad: 0.260
[Epoch 149 (31.34s)]	ELBO: 1499.578 (1497.913)	Log prob: 1509.384 (1507.860)	KLD: 9.806 (9.947)	Grad: 0.255
[Epoch 150 (32.57s)]	ELBO: 1499.223 (1497.729)	Log prob: 1509.047 (1507.211)	KLD: 9.824 (9.483)	Grad: 0.293
[Epoch 151 (30.14s)]	ELBO: 1499.421 (1499.184)	Log prob: 1509.227 (1509.004)	KLD: 9.807 (9.820)	Grad: 0.275
[Epoch 152 (29.11s)]	ELBO: 1499.624 (1498.268)	Log prob: 1509.438 (1508.152)	KLD: 9.814 (9.884)	Grad: 0.283
[Epoch 153 (31.00s)]	ELBO: 1499.694 (1497.522)	Log prob: 1509.522 (1507.489)	KLD: 9.828 (9.967)	Grad: 0.282
[Epoch 154 (31.70s)]	ELBO: 1500.038 (1497.897)	Log prob: 1509.873 (1508.165)	KLD: 9.835 (10.268)	Grad: 0.243
[Epoch 155 (30.48s)]	ELBO: 1499.788 (1498.762)	Log prob: 1509.611 (1508.145)	KLD: 9.824 (9.384)	Grad: 0.271
[Epoch 156 (30.66s)]	ELBO: 1500.003 (1496.872)	Log prob: 1509.837 (1506.798)	KLD: 9.834 (9.926)	Grad: 0.270
[Epoch 157 (30.08s)]	ELBO: 1500.094 (1499.112)	Log prob: 1509.913 (1509.145)	KLD: 9.819 (10.033)	Grad: 0.274
[Epoch 158 (30.42s)]	ELBO: 1500.398 (1499.542)	Log prob: 1510.220 (1509.244)	KLD: 9.822 (9.702)	Grad: 0.262
[Epoch 159 (30.28s)]	ELBO: 1500.188 (1498.746)	Log prob: 1510.015 (1508.481)	KLD: 9.827 (9.735)	Grad: 0.270
[Epoch 160 (31.59s)]	ELBO: 1500.240 (1497.592)	Log prob: 1510.081 (1507.669)	KLD: 9.841 (10.077)	Grad: 0.277
[Epoch 161 (31.20s)]	ELBO: 1500.782 (1498.330)	Log prob: 1510.608 (1507.889)	KLD: 9.826 (9.559)	Grad: 0.253
[Epoch 162 (30.05s)]	ELBO: 1500.602 (1498.992)	Log prob: 1510.420 (1508.804)	KLD: 9.818 (9.811)	Grad: 0.275
[Epoch 163 (29.19s)]	ELBO: 1500.697 (1499.969)	Log prob: 1510.524 (1510.016)	KLD: 9.827 (10.047)	Grad: 0.277
[Epoch 164 (30.01s)]	ELBO: 1500.835 (1498.860)	Log prob: 1510.696 (1508.673)	KLD: 9.861 (9.812)	Grad: 0.267
[Epoch 165 (30.86s)]	ELBO: 1501.043 (1499.338)	Log prob: 1510.898 (1509.232)	KLD: 9.855 (9.895)	Grad: 0.273
[Epoch 166 (30.46s)]	ELBO: 1500.993 (1499.211)	Log prob: 1510.886 (1508.793)	KLD: 9.894 (9.582)	Grad: 0.267
[Epoch 167 (27.36s)]	ELBO: 1501.168 (1499.193)	Log prob: 1511.043 (1509.004)	KLD: 9.875 (9.812)	Grad: 0.274
[Epoch 168 (26.75s)]	ELBO: 1500.994 (1500.352)	Log prob: 1510.886 (1510.114)	KLD: 9.893 (9.762)	Grad: 0.302
[Epoch 169 (25.71s)]	ELBO: 1501.502 (1499.767)	Log prob: 1511.400 (1509.357)	KLD: 9.898 (9.589)	Grad: 0.269
[Epoch 170 (25.98s)]	ELBO: 1501.194 (1497.488)	Log prob: 1511.062 (1506.982)	KLD: 9.868 (9.494)	Grad: 0.290
[Epoch 171 (25.41s)]	ELBO: 1501.456 (1499.875)	Log prob: 1511.349 (1509.993)	KLD: 9.894 (10.118)	Grad: 0.276
[Epoch 172 (26.21s)]	ELBO: 1501.636 (1500.459)	Log prob: 1511.539 (1510.069)	KLD: 9.903 (9.610)	Grad: 0.279
[Epoch 173 (26.10s)]	ELBO: 1501.582 (1500.798)	Log prob: 1511.488 (1510.728)	KLD: 9.905 (9.930)	Grad: 0.285
[Epoch 174 (26.79s)]	ELBO: 1501.875 (1497.924)	Log prob: 1511.770 (1507.874)	KLD: 9.895 (9.950)	Grad: 0.270
[Epoch 175 (26.08s)]	ELBO: 1501.973 (1500.934)	Log prob: 1511.864 (1510.676)	KLD: 9.891 (9.742)	Grad: 0.289
[Epoch 176 (26.25s)]	ELBO: 1502.036 (1501.105)	Log prob: 1511.942 (1511.143)	KLD: 9.907 (10.038)	Grad: 0.269
[Epoch 177 (25.88s)]	ELBO: 1502.189 (1499.877)	Log prob: 1512.090 (1509.616)	KLD: 9.901 (9.739)	Grad: 0.280
[Epoch 178 (26.75s)]	ELBO: 1502.067 (1501.712)	Log prob: 1511.987 (1511.714)	KLD: 9.920 (10.002)	Grad: 0.294
[Epoch 179 (26.36s)]	ELBO: 1502.333 (1501.530)	Log prob: 1512.235 (1511.574)	KLD: 9.902 (10.044)	Grad: 0.286
[Epoch 180 (27.66s)]	ELBO: 1502.163 (1498.639)	Log prob: 1512.086 (1508.547)	KLD: 9.924 (9.908)	Grad: 0.303
[Epoch 181 (26.90s)]	ELBO: 1502.481 (1501.094)	Log prob: 1512.409 (1510.774)	KLD: 9.928 (9.679)	Grad: 0.285
[Epoch 182 (27.86s)]	ELBO: 1502.583 (1501.856)	Log prob: 1512.513 (1511.673)	KLD: 9.930 (9.818)	Grad: 0.278
[Epoch 183 (26.30s)]	ELBO: 1502.630 (1500.426)	Log prob: 1512.548 (1510.538)	KLD: 9.919 (10.112)	Grad: 0.281
[Epoch 184 (26.06s)]	ELBO: 1502.796 (1501.724)	Log prob: 1512.695 (1511.300)	KLD: 9.898 (9.576)	Grad: 0.263
[Epoch 185 (27.73s)]	ELBO: 1502.637 (1501.176)	Log prob: 1512.563 (1511.035)	KLD: 9.926 (9.859)	Grad: 0.296
[Epoch 186 (24.96s)]	ELBO: 1503.119 (1500.314)	Log prob: 1513.060 (1509.730)	KLD: 9.941 (9.417)	Grad: 0.279
[Epoch 187 (25.61s)]	ELBO: 1502.937 (1501.545)	Log prob: 1512.869 (1511.631)	KLD: 9.931 (10.086)	Grad: 0.295
[Epoch 188 (25.75s)]	ELBO: 1502.986 (1501.477)	Log prob: 1512.939 (1511.497)	KLD: 9.954 (10.020)	Grad: 0.292
[Epoch 189 (26.86s)]	ELBO: 1503.332 (1501.646)	Log prob: 1513.262 (1511.394)	KLD: 9.930 (9.747)	Grad: 0.268
[Epoch 190 (26.43s)]	ELBO: 1503.292 (1500.766)	Log prob: 1513.232 (1510.951)	KLD: 9.940 (10.185)	Grad: 0.295
[Epoch 191 (26.02s)]	ELBO: 1503.507 (1501.826)	Log prob: 1513.462 (1511.353)	KLD: 9.954 (9.527)	Grad: 0.274
[Epoch 192 (26.90s)]	ELBO: 1502.999 (1500.624)	Log prob: 1512.940 (1510.626)	KLD: 9.941 (10.003)	Grad: 0.327
[Epoch 193 (26.54s)]	ELBO: 1503.494 (1501.661)	Log prob: 1513.439 (1511.717)	KLD: 9.945 (10.056)	Grad: 0.289
[Epoch 194 (27.95s)]	ELBO: 1503.411 (1502.172)	Log prob: 1513.378 (1511.760)	KLD: 9.967 (9.588)	Grad: 0.298
[Epoch 195 (27.88s)]	ELBO: 1503.702 (1501.928)	Log prob: 1513.648 (1512.046)	KLD: 9.946 (10.118)	Grad: 0.281
[Epoch 196 (27.91s)]	ELBO: 1503.716 (1502.335)	Log prob: 1513.652 (1512.356)	KLD: 9.936 (10.021)	Grad: 0.284
[Epoch 197 (27.60s)]	ELBO: 1503.713 (1500.919)	Log prob: 1513.663 (1510.660)	KLD: 9.951 (9.741)	Grad: 0.292
[Epoch 198 (25.51s)]	ELBO: 1503.515 (1503.092)	Log prob: 1513.514 (1512.775)	KLD: 9.998 (9.683)	Grad: 0.307
[Epoch 199 (26.04s)]	ELBO: 1503.785 (1497.149)	Log prob: 1513.785 (1507.050)	KLD: 9.999 (9.902)	Grad: 0.309
[Epoch 200 (26.65s)]	ELBO: 1504.039 (1502.800)	Log prob: 1514.002 (1512.842)	KLD: 9.964 (10.042)	Grad: 0.299
[Epoch 201 (26.39s)]	ELBO: 1503.985 (1502.252)	Log prob: 1513.976 (1512.148)	KLD: 9.991 (9.896)	Grad: 0.301
[Epoch 202 (23.86s)]	ELBO: 1503.971 (1500.032)	Log prob: 1513.956 (1510.395)	KLD: 9.985 (10.363)	Grad: 0.310
[Epoch 203 (23.51s)]	ELBO: 1504.380 (1503.182)	Log prob: 1514.349 (1513.071)	KLD: 9.968 (9.889)	Grad: 0.267
[Epoch 204 (24.11s)]	ELBO: 1504.280 (1502.837)	Log prob: 1514.253 (1512.763)	KLD: 9.973 (9.926)	Grad: 0.284
[Epoch 205 (23.26s)]	ELBO: 1504.438 (1502.302)	Log prob: 1514.430 (1512.100)	KLD: 9.992 (9.798)	Grad: 0.285
[Epoch 206 (24.22s)]	ELBO: 1504.158 (1502.688)	Log prob: 1514.164 (1512.286)	KLD: 10.006 (9.598)	Grad: 0.314
[Epoch 207 (23.44s)]	ELBO: 1504.597 (1500.761)	Log prob: 1514.554 (1511.246)	KLD: 9.957 (10.485)	Grad: 0.294
[Epoch 208 (23.33s)]	ELBO: 1504.632 (1503.452)	Log prob: 1514.596 (1513.709)	KLD: 9.964 (10.257)	Grad: 0.292
[Epoch 209 (24.98s)]	ELBO: 1504.747 (1502.518)	Log prob: 1514.741 (1512.288)	KLD: 9.994 (9.770)	Grad: 0.286
[Epoch 210 (24.73s)]	ELBO: 1504.613 (1503.880)	Log prob: 1514.608 (1513.795)	KLD: 9.995 (9.915)	Grad: 0.296
[Epoch 211 (25.19s)]	ELBO: 1504.706 (1503.903)	Log prob: 1514.670 (1513.668)	KLD: 9.964 (9.765)	Grad: 0.297
[Epoch 212 (24.89s)]	ELBO: 1504.603 (1503.960)	Log prob: 1514.601 (1514.067)	KLD: 9.998 (10.106)	Grad: 0.317
[Epoch 213 (23.94s)]	ELBO: 1504.980 (1503.949)	Log prob: 1514.979 (1514.232)	KLD: 9.999 (10.283)	Grad: 0.286
[Epoch 214 (24.48s)]	ELBO: 1504.886 (1500.843)	Log prob: 1514.884 (1510.387)	KLD: 9.998 (9.544)	Grad: 0.322
[Epoch 215 (24.77s)]	ELBO: 1505.047 (1504.152)	Log prob: 1515.021 (1514.271)	KLD: 9.974 (10.119)	Grad: 0.305
[Epoch 216 (23.98s)]	ELBO: 1505.197 (1500.288)	Log prob: 1515.192 (1510.264)	KLD: 9.995 (9.976)	Grad: 0.292
[Epoch 217 (24.51s)]	ELBO: 1505.286 (1503.998)	Log prob: 1515.287 (1513.789)	KLD: 10.001 (9.791)	Grad: 0.284
[Epoch 218 (23.22s)]	ELBO: 1505.093 (1502.778)	Log prob: 1515.076 (1512.556)	KLD: 9.984 (9.778)	Grad: 0.319
[Epoch 219 (23.18s)]	ELBO: 1505.255 (1503.161)	Log prob: 1515.245 (1513.241)	KLD: 9.989 (10.080)	Grad: 0.300
[Epoch 220 (24.09s)]	ELBO: 1505.674 (1502.539)	Log prob: 1515.684 (1512.759)	KLD: 10.010 (10.220)	Grad: 0.280
[Epoch 221 (22.78s)]	ELBO: 1505.470 (1501.936)	Log prob: 1515.473 (1511.395)	KLD: 10.003 (9.459)	Grad: 0.295
[Epoch 222 (23.10s)]	ELBO: 1504.833 (1498.241)	Log prob: 1514.826 (1507.997)	KLD: 9.993 (9.756)	Grad: 0.362
[Epoch 223 (23.79s)]	ELBO: 1505.577 (1501.872)	Log prob: 1515.589 (1511.986)	KLD: 10.012 (10.114)	Grad: 0.315
[Epoch 224 (24.21s)]	ELBO: 1505.227 (1503.273)	Log prob: 1515.247 (1512.898)	KLD: 10.019 (9.625)	Grad: 0.350
[Epoch 225 (24.34s)]	ELBO: 1505.760 (1504.038)	Log prob: 1515.775 (1513.808)	KLD: 10.015 (9.770)	Grad: 0.287
[Epoch 226 (23.93s)]	ELBO: 1505.901 (1504.466)	Log prob: 1515.903 (1514.453)	KLD: 10.001 (9.987)	Grad: 0.299
[Epoch 227 (24.23s)]	ELBO: 1505.773 (1503.208)	Log prob: 1515.782 (1513.361)	KLD: 10.008 (10.153)	Grad: 0.301
[Epoch 228 (23.28s)]	ELBO: 1505.674 (1504.780)	Log prob: 1515.695 (1514.615)	KLD: 10.021 (9.835)	Grad: 0.332
[Epoch 229 (23.78s)]	ELBO: 1506.042 (1503.118)	Log prob: 1516.078 (1512.807)	KLD: 10.036 (9.689)	Grad: 0.293
[Epoch 230 (24.02s)]	ELBO: 1505.840 (1502.683)	Log prob: 1515.865 (1513.057)	KLD: 10.025 (10.374)	Grad: 0.309
[Epoch 231 (22.90s)]	ELBO: 1506.285 (1504.180)	Log prob: 1516.310 (1514.122)	KLD: 10.024 (9.943)	Grad: 0.296
[Epoch 232 (24.24s)]	ELBO: 1505.928 (1504.546)	Log prob: 1515.958 (1514.638)	KLD: 10.030 (10.092)	Grad: 0.305
[Epoch 233 (22.88s)]	ELBO: 1505.919 (1504.966)	Log prob: 1515.963 (1514.959)	KLD: 10.044 (9.993)	Grad: 0.327
[Epoch 234 (23.22s)]	ELBO: 1506.531 (1503.697)	Log prob: 1516.550 (1514.053)	KLD: 10.019 (10.356)	Grad: 0.287
[Epoch 235 (23.70s)]	ELBO: 1506.067 (1504.037)	Log prob: 1516.103 (1514.081)	KLD: 10.036 (10.044)	Grad: 0.326
[Epoch 236 (23.52s)]	ELBO: 1506.473 (1500.324)	Log prob: 1516.519 (1510.272)	KLD: 10.046 (9.948)	Grad: 0.306
[Epoch 237 (23.11s)]	ELBO: 1506.342 (1505.251)	Log prob: 1516.390 (1515.134)	KLD: 10.048 (9.882)	Grad: 0.316
[Epoch 238 (23.86s)]	ELBO: 1506.338 (1504.073)	Log prob: 1516.373 (1514.010)	KLD: 10.034 (9.936)	Grad: 0.330
[Epoch 239 (24.98s)]	ELBO: 1506.458 (1504.122)	Log prob: 1516.487 (1514.185)	KLD: 10.029 (10.064)	Grad: 0.301
[Epoch 240 (24.99s)]	ELBO: 1506.264 (1504.083)	Log prob: 1516.305 (1514.000)	KLD: 10.041 (9.917)	Grad: 0.333
[Epoch 241 (24.00s)]	ELBO: 1506.488 (1504.247)	Log prob: 1516.541 (1514.052)	KLD: 10.052 (9.805)	Grad: 0.318
[Epoch 242 (24.08s)]	ELBO: 1506.743 (1504.610)	Log prob: 1516.786 (1514.486)	KLD: 10.043 (9.876)	Grad: 0.289
[Epoch 243 (24.10s)]	ELBO: 1506.577 (1505.141)	Log prob: 1516.609 (1515.288)	KLD: 10.032 (10.147)	Grad: 0.337
[Epoch 244 (23.64s)]	ELBO: 1506.857 (1504.904)	Log prob: 1516.906 (1515.126)	KLD: 10.049 (10.222)	Grad: 0.312
[Epoch 245 (23.50s)]	ELBO: 1506.889 (1504.437)	Log prob: 1516.943 (1514.412)	KLD: 10.054 (9.975)	Grad: 0.308
[Epoch 246 (25.08s)]	ELBO: 1506.870 (1504.837)	Log prob: 1516.890 (1514.767)	KLD: 10.020 (9.930)	Grad: 0.315
[Epoch 247 (23.34s)]	ELBO: 1506.771 (1504.193)	Log prob: 1516.813 (1514.324)	KLD: 10.042 (10.132)	Grad: 0.320
[Epoch 248 (23.78s)]	ELBO: 1506.862 (1504.490)	Log prob: 1516.902 (1514.474)	KLD: 10.041 (9.983)	Grad: 0.334
[Epoch 249 (23.59s)]	ELBO: 1507.310 (1505.089)	Log prob: 1517.363 (1514.940)	KLD: 10.053 (9.851)	Grad: 0.287
[Epoch 250 (24.74s)]	ELBO: 1507.122 (1504.656)	Log prob: 1517.153 (1514.641)	KLD: 10.031 (9.985)	Grad: 0.322
Training model 2/3...
[Epoch   1 (24.37s)]	ELBO: 2.000 (1017.426)	Log prob: 2.778 (1028.531)	KLD: 0.778 (11.105)	Grad: 0.017
[Epoch   2 (25.50s)]	ELBO: 3.940 (1017.283)	Log prob: 5.387 (1028.847)	KLD: 1.447 (11.563)	Grad: 0.019
[Epoch   3 (25.24s)]	ELBO: 4.602 (1016.701)	Log prob: 6.412 (1028.726)	KLD: 1.810 (12.025)	Grad: 0.023
[Epoch   4 (25.97s)]	ELBO: 5.179 (1016.512)	Log prob: 7.267 (1028.649)	KLD: 2.088 (12.137)	Grad: 0.027
[Epoch   5 (26.34s)]	ELBO: 5.481 (1016.873)	Log prob: 7.683 (1029.084)	KLD: 2.202 (12.211)	Grad: 0.029
[Epoch   6 (25.73s)]	ELBO: 5.731 (1017.075)	Log prob: 8.023 (1029.192)	KLD: 2.292 (12.116)	Grad: 0.029
[Epoch   7 (25.40s)]	ELBO: 5.834 (1017.125)	Log prob: 8.187 (1029.468)	KLD: 2.353 (12.344)	Grad: 0.030
[Epoch   8 (24.18s)]	ELBO: 6.057 (1017.339)	Log prob: 8.460 (1029.504)	KLD: 2.404 (12.166)	Grad: 0.029
[Epoch   9 (24.99s)]	ELBO: 6.115 (1017.318)	Log prob: 8.559 (1029.639)	KLD: 2.444 (12.322)	Grad: 0.031
[Epoch  10 (25.22s)]	ELBO: 6.220 (1016.266)	Log prob: 8.718 (1028.750)	KLD: 2.498 (12.484)	Grad: 0.032
[Epoch  11 (25.83s)]	ELBO: 6.246 (1016.505)	Log prob: 8.804 (1028.960)	KLD: 2.558 (12.455)	Grad: 0.035
[Epoch  12 (25.15s)]	ELBO: 6.459 (1016.820)	Log prob: 9.033 (1029.265)	KLD: 2.574 (12.445)	Grad: 0.033
[Epoch  13 (24.98s)]	ELBO: 6.517 (1016.569)	Log prob: 9.121 (1029.189)	KLD: 2.604 (12.620)	Grad: 0.033
[Epoch  14 (25.27s)]	ELBO: 6.563 (1016.941)	Log prob: 9.203 (1029.408)	KLD: 2.641 (12.467)	Grad: 0.033
[Epoch  15 (24.78s)]	ELBO: 6.654 (1016.595)	Log prob: 9.317 (1029.257)	KLD: 2.664 (12.663)	Grad: 0.034
[Epoch  16 (24.59s)]	ELBO: 6.643 (1016.879)	Log prob: 9.348 (1029.563)	KLD: 2.705 (12.684)	Grad: 0.038
[Epoch  17 (24.90s)]	ELBO: 6.774 (1016.159)	Log prob: 9.496 (1028.862)	KLD: 2.722 (12.703)	Grad: 0.034
[Epoch  18 (25.44s)]	ELBO: 6.770 (1016.356)	Log prob: 9.531 (1029.135)	KLD: 2.761 (12.779)	Grad: 0.037
[Epoch  19 (27.00s)]	ELBO: 6.858 (1016.962)	Log prob: 9.627 (1029.622)	KLD: 2.769 (12.659)	Grad: 0.037
[Epoch  20 (26.29s)]	ELBO: 6.931 (1016.485)	Log prob: 9.735 (1029.338)	KLD: 2.804 (12.853)	Grad: 0.035
[Epoch  21 (25.39s)]	ELBO: 6.976 (1015.273)	Log prob: 9.802 (1028.218)	KLD: 2.826 (12.944)	Grad: 0.036
[Epoch  22 (26.28s)]	ELBO: 7.006 (1016.647)	Log prob: 9.824 (1029.467)	KLD: 2.817 (12.819)	Grad: 0.038
[Epoch  23 (25.62s)]	ELBO: 7.154 (1017.286)	Log prob: 9.967 (1029.945)	KLD: 2.814 (12.659)	Grad: 0.035
[Epoch  24 (25.33s)]	ELBO: 7.057 (1016.006)	Log prob: 9.914 (1028.899)	KLD: 2.857 (12.893)	Grad: 0.040
[Epoch  25 (25.62s)]	ELBO: 7.137 (1016.444)	Log prob: 10.012 (1029.322)	KLD: 2.875 (12.877)	Grad: 0.037
No improvement after 25 epochs...
Training model 3/3...
[Epoch   1 (26.51s)]	ELBO: 2.766 (1030.249)	Log prob: 3.472 (1044.337)	KLD: 0.705 (14.088)	Grad: 0.005
[Epoch   2 (26.74s)]	ELBO: 4.176 (1030.884)	Log prob: 5.477 (1045.070)	KLD: 1.301 (14.186)	Grad: 0.006
[Epoch   3 (25.22s)]	ELBO: 4.460 (1030.936)	Log prob: 5.876 (1045.356)	KLD: 1.416 (14.420)	Grad: 0.006
[Epoch   4 (26.20s)]	ELBO: 4.630 (1031.068)	Log prob: 6.101 (1045.505)	KLD: 1.471 (14.438)	Grad: 0.006
[Epoch   5 (25.18s)]	ELBO: 4.749 (1031.118)	Log prob: 6.261 (1045.564)	KLD: 1.513 (14.446)	Grad: 0.006
[Epoch   6 (25.02s)]	ELBO: 4.801 (1031.364)	Log prob: 6.369 (1045.892)	KLD: 1.568 (14.528)	Grad: 0.006
[Epoch   7 (27.56s)]	ELBO: 4.870 (1031.620)	Log prob: 6.461 (1046.102)	KLD: 1.591 (14.482)	Grad: 0.006
[Epoch   8 (27.18s)]	ELBO: 4.920 (1031.306)	Log prob: 6.541 (1045.831)	KLD: 1.621 (14.525)	Grad: 0.006
[Epoch   9 (25.12s)]	ELBO: 4.984 (1031.413)	Log prob: 6.620 (1045.882)	KLD: 1.636 (14.469)	Grad: 0.006
[Epoch  10 (24.45s)]	ELBO: 5.003 (1031.496)	Log prob: 6.681 (1046.083)	KLD: 1.678 (14.587)	Grad: 0.006
[Epoch  11 (25.73s)]	ELBO: 5.054 (1031.452)	Log prob: 6.750 (1045.952)	KLD: 1.697 (14.500)	Grad: 0.006
[Epoch  12 (24.97s)]	ELBO: 5.112 (1031.658)	Log prob: 6.806 (1046.244)	KLD: 1.695 (14.585)	Grad: 0.006
[Epoch  13 (20.84s)]	ELBO: 5.132 (1031.579)	Log prob: 6.861 (1046.127)	KLD: 1.729 (14.548)	Grad: 0.006
[Epoch  14 (21.63s)]	ELBO: 5.175 (1031.341)	Log prob: 6.909 (1045.948)	KLD: 1.734 (14.606)	Grad: 0.006
[Epoch  15 (20.07s)]	ELBO: 5.218 (1031.635)	Log prob: 6.953 (1046.232)	KLD: 1.735 (14.597)	Grad: 0.006
[Epoch  16 (21.15s)]	ELBO: 5.187 (1031.413)	Log prob: 6.957 (1046.025)	KLD: 1.770 (14.612)	Grad: 0.006
[Epoch  17 (20.81s)]	ELBO: 5.249 (1031.415)	Log prob: 7.018 (1046.109)	KLD: 1.769 (14.694)	Grad: 0.006
[Epoch  18 (20.03s)]	ELBO: 5.282 (1031.300)	Log prob: 7.055 (1046.016)	KLD: 1.773 (14.716)	Grad: 0.006
[Epoch  19 (19.99s)]	ELBO: 5.320 (1031.528)	Log prob: 7.100 (1046.066)	KLD: 1.780 (14.538)	Grad: 0.006
[Epoch  20 (19.89s)]	ELBO: 5.350 (1031.218)	Log prob: 7.144 (1045.888)	KLD: 1.794 (14.670)	Grad: 0.006
[Epoch  21 (20.60s)]	ELBO: 5.315 (1031.564)	Log prob: 7.147 (1046.234)	KLD: 1.832 (14.670)	Grad: 0.006
[Epoch  22 (21.68s)]	ELBO: 5.379 (1031.541)	Log prob: 7.201 (1046.108)	KLD: 1.822 (14.567)	Grad: 0.006
[Epoch  23 (21.99s)]	ELBO: 5.368 (1031.314)	Log prob: 7.212 (1045.988)	KLD: 1.845 (14.674)	Grad: 0.006
[Epoch  24 (22.21s)]	ELBO: 5.414 (1031.231)	Log prob: 7.248 (1045.894)	KLD: 1.835 (14.663)	Grad: 0.006
[Epoch  25 (20.35s)]	ELBO: 5.403 (1030.944)	Log prob: 7.252 (1045.697)	KLD: 1.849 (14.752)	Grad: 0.006
[Epoch  26 (20.62s)]	ELBO: 5.461 (1031.077)	Log prob: 7.311 (1045.842)	KLD: 1.850 (14.765)	Grad: 0.006
[Epoch  27 (20.40s)]	ELBO: 5.455 (1031.517)	Log prob: 7.317 (1046.244)	KLD: 1.862 (14.727)	Grad: 0.006
[Epoch  28 (20.68s)]	ELBO: 5.466 (1031.569)	Log prob: 7.335 (1046.272)	KLD: 1.868 (14.703)	Grad: 0.006
[Epoch  29 (20.71s)]	ELBO: 5.480 (1031.338)	Log prob: 7.357 (1046.152)	KLD: 1.877 (14.814)	Grad: 0.006
[Epoch  30 (21.01s)]	ELBO: 5.498 (1030.911)	Log prob: 7.384 (1045.663)	KLD: 1.886 (14.752)	Grad: 0.006
[Epoch  31 (21.28s)]	ELBO: 5.504 (1031.578)	Log prob: 7.400 (1046.340)	KLD: 1.895 (14.762)	Grad: 0.006
[Epoch  32 (20.46s)]	ELBO: 5.526 (1030.947)	Log prob: 7.414 (1045.714)	KLD: 1.888 (14.768)	Grad: 0.006
[Epoch  33 (20.50s)]	ELBO: 5.561 (1031.390)	Log prob: 7.456 (1046.141)	KLD: 1.895 (14.751)	Grad: 0.006
[Epoch  34 (20.07s)]	ELBO: 5.561 (1031.268)	Log prob: 7.459 (1046.147)	KLD: 1.898 (14.879)	Grad: 0.006
[Epoch  35 (20.06s)]	ELBO: 5.583 (1031.233)	Log prob: 7.488 (1045.950)	KLD: 1.905 (14.717)	Grad: 0.006
[Epoch  36 (21.06s)]	ELBO: 5.565 (1031.087)	Log prob: 7.471 (1045.888)	KLD: 1.906 (14.800)	Grad: 0.006
No improvement after 25 epochs...
Best epoch(s): [237, 1, 12]	Training time(s): 9521.72s, 635.41s, 807.99s (10965.12s)	Best ELBO: 5.583 (1031.658)	Best log prob: 7.488 (1046.340)
Avg. mu: 0.913, 0.445, -0.228, 0.275, 0.203, 0.196
Avg. var: 0.006, 0.006, 0.072, 0.105, 0.202, 0.204
Max. mu: 6.205, 8.471, 3.781, 2.511, 2.811, 2.335
Max. var: 0.456, 0.342, 0.214, 0.220, 0.345, 0.314
Min. mu: -5.350, -5.126, -2.447, -3.208, -4.464, -2.954
Min. var: 0.000, 0.000, 0.031, 0.045, 0.040, 0.014
Cov. mu:
[[4.093 -2.199 -1.534 0.774 0.942 0.728]
 [-2.199 4.801 0.600 -1.544 -1.234 0.216]
 [-1.534 0.600 1.377 -0.056 -0.184 -0.776]
 [0.774 -1.544 -0.056 1.097 0.523 -0.213]
 [0.942 -1.234 -0.184 0.523 0.826 -0.111]
 [0.728 0.216 -0.776 -0.213 -0.111 0.722]]
