Encoder
=================================================================
Layer (type:depth-idx)                   Param #
=================================================================
Encoder                                  --
├─Linear: 1-1                            31,400
├─Linear: 1-2                            1,640
=================================================================
Total params: 33,040
Trainable params: 33,040
Non-trainable params: 0
=================================================================
Encoder 2
=================================================================
Layer (type:depth-idx)                   Param #
=================================================================
Encoder                                  --
├─Linear: 1-1                            31,400
├─Linear: 1-2                            1,640
=================================================================
Total params: 33,040
Trainable params: 33,040
Non-trainable params: 0
=================================================================
Encoder Encoder to Encoder
=================================================================
Layer (type:depth-idx)                   Param #
=================================================================
EncoderEncoderToEncoder                  --
├─Linear: 1-1                            3,240
├─Linear: 1-2                            1,640
=================================================================
Total params: 4,880
Trainable params: 4,880
Non-trainable params: 0
=================================================================
Encoder to Latents 0
=================================================================
Layer (type:depth-idx)                   Param #
=================================================================
EncoderToLatents                         --
├─Linear: 1-1                            41
├─Linear: 1-2                            41
=================================================================
Total params: 82
Trainable params: 82
Non-trainable params: 0
=================================================================
Encoder to Latents 1
=================================================================
Layer (type:depth-idx)                   Param #
=================================================================
EncoderToLatents                         --
├─Linear: 1-1                            41
├─Linear: 1-2                            41
=================================================================
Total params: 82
Trainable params: 82
Non-trainable params: 0
=================================================================
Encoder to Latents 2
=================================================================
Layer (type:depth-idx)                   Param #
=================================================================
EncoderToLatents                         --
├─Linear: 1-1                            41
├─Linear: 1-2                            41
=================================================================
Total params: 82
Trainable params: 82
Non-trainable params: 0
=================================================================
Encoder to Latents 3
=================================================================
Layer (type:depth-idx)                   Param #
=================================================================
EncoderToLatents                         --
├─Linear: 1-1                            41
├─Linear: 1-2                            41
=================================================================
Total params: 82
Trainable params: 82
Non-trainable params: 0
=================================================================
Encoder to Latents 4
=================================================================
Layer (type:depth-idx)                   Param #
=================================================================
EncoderToLatents                         --
├─Linear: 1-1                            41
├─Linear: 1-2                            41
=================================================================
Total params: 82
Trainable params: 82
Non-trainable params: 0
=================================================================
Encoder to Latents 5
=================================================================
Layer (type:depth-idx)                   Param #
=================================================================
EncoderToLatents                         --
├─Linear: 1-1                            41
├─Linear: 1-2                            41
=================================================================
Total params: 82
Trainable params: 82
Non-trainable params: 0
=================================================================
Encoder to Latents 6
=================================================================
Layer (type:depth-idx)                   Param #
=================================================================
EncoderToLatents                         --
├─Linear: 1-1                            41
├─Linear: 1-2                            41
=================================================================
Total params: 82
Trainable params: 82
Non-trainable params: 0
=================================================================
Encoder to Latents 7
=================================================================
Layer (type:depth-idx)                   Param #
=================================================================
EncoderToLatents                         --
├─Linear: 1-1                            41
├─Linear: 1-2                            41
=================================================================
Total params: 82
Trainable params: 82
Non-trainable params: 0
=================================================================
Encoder to Latents 8
=================================================================
Layer (type:depth-idx)                   Param #
=================================================================
EncoderToLatents                         --
├─Linear: 1-1                            41
├─Linear: 1-2                            41
=================================================================
Total params: 82
Trainable params: 82
Non-trainable params: 0
=================================================================
Encoder to Latents 9
=================================================================
Layer (type:depth-idx)                   Param #
=================================================================
EncoderToLatents                         --
├─Linear: 1-1                            41
├─Linear: 1-2                            41
=================================================================
Total params: 82
Trainable params: 82
Non-trainable params: 0
=================================================================
Latents to Decoder 0
=================================================================
Layer (type:depth-idx)                   Param #
=================================================================
LatentsToDecoder                         --
├─Linear: 1-1                            80
=================================================================
Total params: 80
Trainable params: 80
Non-trainable params: 0
=================================================================
Latents to Decoder 1
=================================================================
Layer (type:depth-idx)                   Param #
=================================================================
LatentsToDecoder                         --
├─Linear: 1-1                            80
=================================================================
Total params: 80
Trainable params: 80
Non-trainable params: 0
=================================================================
Latents to Decoder 2
=================================================================
Layer (type:depth-idx)                   Param #
=================================================================
LatentsToDecoder                         --
├─Linear: 1-1                            80
=================================================================
Total params: 80
Trainable params: 80
Non-trainable params: 0
=================================================================
Latents to Decoder 3
=================================================================
Layer (type:depth-idx)                   Param #
=================================================================
LatentsToDecoder                         --
├─Linear: 1-1                            80
=================================================================
Total params: 80
Trainable params: 80
Non-trainable params: 0
=================================================================
Latents to Decoder 4
=================================================================
Layer (type:depth-idx)                   Param #
=================================================================
LatentsToDecoder                         --
├─Linear: 1-1                            80
=================================================================
Total params: 80
Trainable params: 80
Non-trainable params: 0
=================================================================
Latents to Decoder 5
=================================================================
Layer (type:depth-idx)                   Param #
=================================================================
LatentsToDecoder                         --
├─Linear: 1-1                            80
=================================================================
Total params: 80
Trainable params: 80
Non-trainable params: 0
=================================================================
Latents to Decoder 6
=================================================================
Layer (type:depth-idx)                   Param #
=================================================================
LatentsToDecoder                         --
├─Linear: 1-1                            80
=================================================================
Total params: 80
Trainable params: 80
Non-trainable params: 0
=================================================================
Latents to Decoder 7
=================================================================
Layer (type:depth-idx)                   Param #
=================================================================
LatentsToDecoder                         --
├─Linear: 1-1                            80
=================================================================
Total params: 80
Trainable params: 80
Non-trainable params: 0
=================================================================
Latents to Decoder 8
=================================================================
Layer (type:depth-idx)                   Param #
=================================================================
LatentsToDecoder                         --
├─Linear: 1-1                            80
=================================================================
Total params: 80
Trainable params: 80
Non-trainable params: 0
=================================================================
Latents to Decoder 9
=================================================================
Layer (type:depth-idx)                   Param #
=================================================================
LatentsToDecoder                         --
├─Linear: 1-1                            80
=================================================================
Total params: 80
Trainable params: 80
Non-trainable params: 0
=================================================================
Decoder
=================================================================
Layer (type:depth-idx)                   Param #
=================================================================
Decoder                                  --
├─Linear: 1-1                            1,640
├─Linear: 1-2                            32,144
=================================================================
Total params: 33,784
Trainable params: 33,784
Non-trainable params: 0
=================================================================
[Epoch   1 (145.20s)]	ELBO: 1131.617, 1148.621, 1168.835, 1173.928, 1176.391, 1177.888, 1177.754, 1177.110, 1175.725, 1173.922 (1347.186)	Log prob: 1198.416, 1218.823, 1242.716, 1248.862, 1252.032, 1254.422, 1254.596, 1254.151, 1253.005, 1251.456 (1396.182)	KLD: 66.800, 3.403, 3.677, 1.054, 0.707, 0.892, 0.309, 0.199, 0.238, 0.254 (48.996)	Grad: 5.094, 1.162, 0.724, 0.392, 0.579, 0.404, 0.406, 0.315, 0.296, 0.311
[Epoch   2 (143.94s)]	ELBO: 1317.325, 1354.401, 1370.615, 1370.738, 1371.312, 1371.455, 1371.671, 1371.518, 1371.212, 1370.676 (1395.714)	Log prob: 1344.682, 1387.826, 1407.660, 1408.479, 1409.562, 1410.319, 1410.935, 1411.032, 1410.881, 1410.585 (1424.929)	KLD: 27.358, 6.067, 3.621, 0.696, 0.508, 0.616, 0.400, 0.249, 0.154, 0.240 (29.214)	Grad: 1.376, 0.650, 0.855, 0.353, 0.256, 0.242, 0.247, 0.221, 0.201, 0.219
[Epoch   3 (113.14s)]	ELBO: 1332.590, 1398.015, 1421.698, 1424.203, 1426.412, 1430.688, 1431.103, 1431.272, 1431.120, 1430.790 (1480.088)	Log prob: 1345.613, 1417.504, 1443.940, 1447.309, 1450.465, 1456.216, 1457.031, 1457.643, 1457.625, 1457.566 (1504.916)	KLD: 13.023, 6.466, 2.754, 0.863, 0.946, 1.476, 0.400, 0.442, 0.135, 0.271 (24.828)	Grad: 1.989, 1.201, 0.762, 0.397, 0.320, 0.373, 0.322, 0.283, 0.209, 0.257
[Epoch   4 (117.90s)]	ELBO: 1354.225, 1426.144, 1469.070, 1490.544, 1501.212, 1503.836, 1503.714, 1504.305, 1504.126, 1503.913 (1524.389)	Log prob: 1360.471, 1436.266, 1481.616, 1506.384, 1519.077, 1523.244, 1523.579, 1524.849, 1524.790, 1524.847 (1542.231)	KLD: 6.245, 3.878, 2.423, 3.294, 2.025, 1.541, 0.457, 0.680, 0.119, 0.270 (17.842)	Grad: 4.399, 2.585, 1.449, 0.700, 0.636, 0.828, 0.501, 0.460, 0.259, 0.399
[Epoch   5 (116.53s)]	ELBO: 1375.255, 1445.372, 1490.609, 1514.804, 1536.694, 1538.438, 1538.874, 1539.456, 1539.731, 1539.667 (1554.590)	Log prob: 1379.347, 1452.673, 1500.355, 1526.790, 1550.817, 1553.975, 1554.862, 1556.263, 1556.846, 1557.049 (1571.638)	KLD: 4.091, 3.210, 2.446, 2.239, 2.136, 1.415, 0.451, 0.819, 0.307, 0.268 (17.048)	Grad: 7.569, 3.111, 2.731, 1.001, 0.738, 0.967, 0.428, 0.534, 0.278, 0.315
[Epoch   6 (112.70s)]	ELBO: 1385.065, 1456.056, 1500.755, 1524.869, 1553.546, 1558.206, 1558.990, 1559.836, 1559.764, 1559.602 (1565.411)	Log prob: 1388.686, 1462.862, 1510.315, 1536.530, 1567.291, 1573.560, 1574.975, 1576.706, 1576.924, 1576.888 (1583.010)	KLD: 3.621, 3.185, 2.755, 2.102, 2.083, 1.608, 0.631, 0.885, 0.290, 0.126 (17.598)	Grad: 15.313, 3.495, 4.518, 1.329, 0.980, 1.044, 0.461, 0.615, 0.305, 0.255
[Epoch   7 (113.22s)]	ELBO: 1390.358, 1462.520, 1505.981, 1529.713, 1558.629, 1564.862, 1566.013, 1566.797, 1566.752, 1566.624 (1571.415)	Log prob: 1394.134, 1469.534, 1516.062, 1542.008, 1572.984, 1580.899, 1582.794, 1584.432, 1584.527, 1584.492 (1589.609)	KLD: 3.774, 3.240, 3.067, 2.213, 2.060, 1.681, 0.745, 0.852, 0.144, 0.091 (18.194)	Grad: 17.559, 3.917, 7.224, 1.467, 1.258, 0.917, 0.507, 0.554, 0.265, 0.229
[Epoch   8 (114.54s)]	ELBO: 1392.425, 1466.713, 1509.992, 1533.697, 1561.379, 1568.528, 1570.417, 1571.064, 1570.988, 1570.887 (1575.137)	Log prob: 1396.430, 1474.044, 1520.584, 1546.643, 1576.525, 1585.401, 1588.235, 1589.592, 1589.622, 1589.606 (1593.975)	KLD: 4.006, 3.325, 3.262, 2.355, 2.198, 1.728, 0.945, 0.711, 0.106, 0.084 (18.837)	Grad: 29.661, 4.279, 7.122, 1.662, 1.538, 1.001, 0.633, 0.528, 0.280, 0.247
[Epoch   9 (117.75s)]	ELBO: 1393.621, 1470.320, 1513.428, 1537.980, 1564.561, 1572.634, 1575.154, 1576.951, 1576.979, 1576.926 (1578.869)	Log prob: 1397.894, 1477.974, 1524.508, 1551.576, 1580.585, 1590.443, 1594.023, 1596.695, 1596.805, 1596.848 (1599.880)	KLD: 4.272, 3.381, 3.428, 2.515, 2.428, 1.787, 1.059, 0.875, 0.080, 0.096 (21.011)	Grad: 29.446, 5.404, 8.929, 2.044, 2.008, 0.956, 0.624, 0.551, 0.284, 0.253
[Epoch  10 (116.60s)]	ELBO: 1394.872, 1472.539, 1515.692, 1541.112, 1566.531, 1576.423, 1579.586, 1582.859, 1582.808, 1582.718 (1586.289)	Log prob: 1399.382, 1480.521, 1527.254, 1555.394, 1583.516, 1595.264, 1599.650, 1604.038, 1604.049, 1604.075 (1608.035)	KLD: 4.510, 3.472, 3.583, 2.718, 2.702, 1.855, 1.223, 1.116, 0.062, 0.114 (21.746)	Grad: 41.887, 6.179, 7.956, 2.556, 2.813, 1.090, 0.747, 0.617, 0.316, 0.285
[Epoch  11 (124.78s)]	ELBO: 1395.384, 1475.195, 1517.025, 1542.792, 1567.903, 1578.653, 1582.117, 1586.496, 1586.425, 1586.381 (1587.780)	Log prob: 1400.122, 1483.512, 1529.103, 1557.773, 1585.841, 1598.556, 1603.351, 1609.037, 1609.032, 1609.110 (1610.978)	KLD: 4.738, 3.579, 3.760, 2.903, 2.959, 1.965, 1.330, 1.307, 0.066, 0.121 (23.198)	Grad: 48.905, 7.441, 9.665, 3.242, 3.016, 1.342, 0.813, 0.712, 0.371, 0.313
[Epoch  12 (123.24s)]	ELBO: 1395.758, 1477.390, 1517.928, 1543.612, 1568.086, 1579.558, 1583.148, 1588.606, 1588.591, 1588.489 (1589.819)	Log prob: 1400.708, 1486.053, 1530.510, 1559.281, 1586.931, 1600.484, 1605.486, 1612.418, 1612.493, 1612.514 (1614.572)	KLD: 4.949, 3.714, 3.918, 3.089, 3.175, 2.080, 1.413, 1.474, 0.090, 0.125 (24.753)	Grad: 56.251, 8.263, 10.863, 3.277, 3.782, 1.378, 0.888, 0.753, 0.407, 0.325
[Epoch  13 (122.12s)]	ELBO: 1395.828, 1479.373, 1518.183, 1543.418, 1567.695, 1580.032, 1583.816, 1589.523, 1589.583, 1589.485 (1591.971)	Log prob: 1400.959, 1488.339, 1531.224, 1559.679, 1587.317, 1601.828, 1607.096, 1614.367, 1614.558, 1614.590 (1617.252)	KLD: 5.131, 3.835, 4.075, 3.219, 3.362, 2.173, 1.486, 1.563, 0.132, 0.129 (25.282)	Grad: 58.089, 9.229, 14.959, 4.259, 4.547, 1.508, 0.903, 0.847, 0.454, 0.356
[Epoch  14 (114.16s)]	ELBO: 1395.493, 1481.263, 1519.332, 1544.078, 1568.219, 1581.717, 1585.952, 1591.756, 1591.832, 1591.758 (1594.532)	Log prob: 1400.758, 1490.505, 1532.772, 1560.860, 1588.515, 1604.280, 1610.036, 1617.434, 1617.702, 1617.772 (1620.873)	KLD: 5.264, 3.979, 4.198, 3.342, 3.513, 2.267, 1.522, 1.594, 0.192, 0.145 (26.342)	Grad: 71.336, 10.629, 14.199, 4.364, 5.207, 1.646, 0.972, 0.864, 0.510, 0.376
[Epoch  15 (114.91s)]	ELBO: 1395.550, 1483.034, 1520.346, 1545.060, 1568.828, 1583.092, 1587.691, 1593.475, 1593.680, 1593.682 (1592.609)	Log prob: 1400.968, 1492.546, 1534.151, 1562.341, 1589.781, 1606.373, 1612.507, 1619.916, 1620.446, 1620.611 (1620.552)	KLD: 5.418, 4.094, 4.294, 3.475, 3.671, 2.328, 1.536, 1.626, 0.324, 0.163 (27.943)	Grad: 75.047, 12.430, 15.448, 4.365, 4.814, 1.676, 0.948, 0.882, 0.558, 0.389
[Epoch  16 (125.71s)]	ELBO: 1396.368, 1484.949, 1521.910, 1547.065, 1569.721, 1584.669, 1589.754, 1595.271, 1595.716, 1595.764 (1596.012)	Log prob: 1401.902, 1494.668, 1536.007, 1564.722, 1591.174, 1608.517, 1615.136, 1622.282, 1623.228, 1623.478 (1623.901)	KLD: 5.533, 4.185, 4.379, 3.560, 3.797, 2.395, 1.533, 1.631, 0.501, 0.201 (27.889)	Grad: 71.402, 12.187, 17.229, 4.861, 6.753, 1.733, 0.969, 0.930, 0.641, 0.412
[Epoch  17 (120.66s)]	ELBO: 1397.196, 1485.903, 1523.371, 1547.816, 1570.267, 1583.925, 1589.866, 1595.954, 1596.856, 1596.882 (1597.905)	Log prob: 1402.839, 1495.779, 1537.695, 1565.787, 1592.170, 1608.248, 1615.754, 1623.486, 1625.091, 1625.355 (1626.871)	KLD: 5.642, 4.234, 4.449, 3.647, 3.932, 2.420, 1.564, 1.646, 0.705, 0.235 (28.965)	Grad: 87.959, 12.383, 18.495, 5.334, 6.753, 1.956, 0.983, 1.051, 0.791, 0.467
[Epoch  18 (108.73s)]	ELBO: 1397.889, 1487.407, 1524.284, 1549.731, 1571.042, 1585.863, 1592.506, 1597.962, 1599.296, 1599.454 (1602.878)	Log prob: 1403.655, 1497.479, 1538.881, 1568.027, 1593.380, 1610.642, 1618.860, 1625.950, 1628.159, 1628.566 (1632.450)	KLD: 5.767, 4.304, 4.525, 3.699, 4.043, 2.441, 1.574, 1.634, 0.877, 0.248 (29.572)	Grad: 98.232, 14.725, 19.547, 5.385, 7.683, 1.808, 1.011, 1.073, 0.898, 0.490
[Epoch  19 (104.79s)]	ELBO: 1398.436, 1488.675, 1526.178, 1551.411, 1572.424, 1587.306, 1594.675, 1600.050, 1602.247, 1602.230 (1604.565)	Log prob: 1404.344, 1498.928, 1541.016, 1570.026, 1595.183, 1612.539, 1621.490, 1628.470, 1631.645, 1631.892 (1634.766)	KLD: 5.907, 4.346, 4.585, 3.777, 4.143, 2.476, 1.580, 1.606, 0.978, 0.265 (30.200)	Grad: 95.887, 17.883, 21.012, 5.929, 9.781, 1.865, 0.997, 1.100, 0.961, 0.515
[Epoch  20 (109.04s)]	ELBO: 1398.620, 1489.845, 1527.520, 1552.967, 1573.554, 1588.472, 1596.561, 1601.905, 1604.831, 1604.773 (1607.318)	Log prob: 1404.635, 1500.279, 1542.595, 1571.875, 1596.695, 1614.102, 1623.818, 1630.759, 1634.745, 1634.937 (1637.497)	KLD: 6.016, 4.417, 4.643, 3.831, 4.235, 2.489, 1.626, 1.596, 1.060, 0.251 (30.179)	Grad: 104.459, 14.710, 19.198, 6.064, 9.103, 1.991, 1.092, 1.156, 0.990, 0.540
[Epoch  21 (116.99s)]	ELBO: 1398.820, 1490.603, 1528.022, 1554.182, 1574.040, 1589.567, 1598.540, 1603.500, 1607.081, 1606.922 (1611.279)	Log prob: 1404.929, 1501.171, 1543.280, 1573.319, 1597.502, 1615.531, 1626.154, 1632.704, 1637.420, 1637.495 (1642.065)	KLD: 6.109, 4.460, 4.689, 3.879, 4.324, 2.503, 1.649, 1.593, 1.133, 0.235 (30.786)	Grad: 118.685, 15.339, 19.767, 6.348, 10.126, 2.009, 1.202, 1.234, 1.046, 0.590
[Epoch  22 (106.72s)]	ELBO: 1399.395, 1491.485, 1528.543, 1555.049, 1574.313, 1590.593, 1600.214, 1605.042, 1609.036, 1608.902 (1612.472)	Log prob: 1405.580, 1502.175, 1543.986, 1574.412, 1598.070, 1616.866, 1628.169, 1634.590, 1639.758, 1639.832 (1643.269)	KLD: 6.186, 4.505, 4.752, 3.920, 4.394, 2.517, 1.683, 1.591, 1.173, 0.210 (30.797)	Grad: 119.987, 16.110, 20.162, 5.576, 10.001, 1.985, 1.310, 1.312, 1.090, 0.607
[Epoch  23 (105.79s)]	ELBO: 1399.929, 1490.941, 1524.785, 1551.744, 1570.142, 1587.203, 1597.384, 1602.610, 1606.949, 1606.857 (1597.407)	Log prob: 1406.189, 1501.720, 1540.323, 1571.223, 1594.073, 1613.673, 1625.553, 1632.356, 1637.890, 1637.986 (1625.422)	KLD: 6.260, 4.517, 4.760, 3.943, 4.451, 2.540, 1.698, 1.578, 1.194, 0.189 (28.015)	Grad: 110.906, 22.470, 37.610, 7.027, 13.373, 2.254, 1.459, 1.512, 1.231, 0.658
[Epoch  24 (110.27s)]	ELBO: 1400.841, 1493.826, 1530.775, 1557.675, 1575.495, 1591.863, 1602.365, 1607.271, 1611.601, 1611.550 (1611.489)	Log prob: 1407.187, 1504.775, 1546.501, 1577.417, 1599.795, 1618.740, 1630.966, 1637.487, 1643.030, 1643.149 (1642.949)	KLD: 6.348, 4.600, 4.779, 4.016, 4.557, 2.579, 1.723, 1.614, 1.214, 0.168 (31.460)	Grad: 90.833, 12.273, 13.431, 5.677, 8.675, 1.755, 1.163, 1.164, 1.022, 0.545
[Epoch  25 (117.15s)]	ELBO: 1400.939, 1494.511, 1531.814, 1559.184, 1576.341, 1592.499, 1603.614, 1609.023, 1613.632, 1613.595 (1616.909)	Log prob: 1407.327, 1505.522, 1547.657, 1579.047, 1600.797, 1619.530, 1632.397, 1639.418, 1645.292, 1645.425 (1648.920)	KLD: 6.387, 4.624, 4.831, 4.022, 4.592, 2.575, 1.752, 1.614, 1.263, 0.171 (32.011)	Grad: 119.852, 14.590, 14.639, 5.618, 11.547, 1.959, 1.360, 1.341, 1.189, 0.656
[Epoch  26 (120.15s)]	ELBO: 1401.876, 1494.654, 1531.362, 1559.355, 1575.340, 1592.516, 1603.982, 1609.179, 1614.174, 1614.149 (1616.550)	Log prob: 1408.299, 1505.719, 1547.296, 1579.320, 1599.930, 1619.689, 1632.919, 1639.733, 1645.996, 1646.139 (1648.716)	KLD: 6.424, 4.640, 4.869, 4.032, 4.625, 2.583, 1.764, 1.616, 1.269, 0.171 (32.165)	Grad: 97.150, 15.557, 22.091, 6.580, 16.581, 1.885, 1.281, 1.313, 1.170, 0.636
[Epoch  27 (129.11s)]	ELBO: 1402.473, 1495.329, 1532.196, 1560.017, 1575.642, 1592.131, 1603.874, 1609.522, 1614.755, 1614.718 (1619.463)	Log prob: 1408.917, 1506.427, 1548.220, 1580.108, 1600.410, 1619.513, 1633.031, 1640.308, 1646.844, 1646.970 (1652.060)	KLD: 6.445, 4.655, 4.924, 4.067, 4.678, 2.613, 1.777, 1.629, 1.302, 0.164 (32.597)	Grad: 90.525, 16.504, 21.391, 5.125, 15.367, 1.836, 1.295, 1.265, 1.159, 0.631
[Epoch  28 (118.63s)]	ELBO: 1403.451, 1496.900, 1533.814, 1562.105, 1576.981, 1593.505, 1605.550, 1611.126, 1616.696, 1616.748 (1619.193)	Log prob: 1409.915, 1508.047, 1549.927, 1582.299, 1601.908, 1621.048, 1634.882, 1642.086, 1648.981, 1649.209 (1651.589)	KLD: 6.465, 4.682, 4.966, 4.082, 4.733, 2.616, 1.788, 1.628, 1.326, 0.174 (32.396)	Grad: 89.435, 14.083, 19.109, 5.803, 11.759, 1.918, 1.281, 1.253, 1.151, 0.637
[Epoch  29 (125.75s)]	ELBO: 1404.329, 1497.408, 1533.859, 1562.380, 1576.555, 1593.550, 1605.819, 1611.381, 1617.305, 1617.199 (1619.844)	Log prob: 1410.767, 1508.555, 1550.015, 1582.653, 1601.606, 1621.214, 1635.292, 1642.479, 1649.756, 1649.822 (1652.269)	KLD: 6.439, 4.707, 5.012, 4.115, 4.778, 2.614, 1.807, 1.627, 1.353, 0.172 (32.425)	Grad: 97.413, 13.874, 23.605, 6.163, 11.970, 1.947, 1.355, 1.371, 1.215, 0.686
[Epoch  30 (132.97s)]	ELBO: 1405.187, 1498.400, 1535.073, 1563.773, 1577.068, 1593.459, 1605.902, 1611.830, 1617.892, 1617.907 (1619.462)	Log prob: 1411.630, 1509.554, 1551.275, 1584.104, 1602.221, 1621.234, 1635.486, 1643.047, 1650.470, 1650.648 (1651.881)	KLD: 6.441, 4.713, 5.048, 4.130, 4.821, 2.623, 1.810, 1.631, 1.362, 0.162 (32.420)	Grad: 84.432, 13.665, 27.558, 6.152, 13.739, 2.017, 1.320, 1.324, 1.158, 0.657
[Epoch  31 (121.10s)]	ELBO: 1406.342, 1498.410, 1534.196, 1563.894, 1576.266, 1593.230, 1605.743, 1611.703, 1618.066, 1618.062 (1616.057)	Log prob: 1412.786, 1509.606, 1550.493, 1584.345, 1601.570, 1621.186, 1635.518, 1643.114, 1650.847, 1650.990 (1649.061)	KLD: 6.443, 4.753, 5.101, 4.153, 4.853, 2.652, 1.818, 1.636, 1.371, 0.148 (33.004)	Grad: 74.301, 13.227, 22.979, 6.241, 14.370, 1.908, 1.276, 1.260, 1.111, 0.615
[Epoch  32 (119.68s)]	ELBO: 1407.827, 1497.445, 1532.557, 1562.991, 1574.859, 1591.928, 1604.506, 1610.766, 1617.368, 1617.304 (1621.284)	Log prob: 1414.227, 1508.622, 1548.865, 1583.463, 1600.224, 1619.953, 1634.346, 1642.241, 1650.237, 1650.321 (1654.253)	KLD: 6.400, 4.776, 5.132, 4.165, 4.894, 2.659, 1.814, 1.634, 1.395, 0.146 (32.970)	Grad: 80.736, 15.217, 28.571, 5.808, 14.351, 1.956, 1.355, 1.343, 1.172, 0.655
[Epoch  33 (129.92s)]	ELBO: 1409.083, 1499.864, 1535.908, 1565.949, 1576.936, 1592.604, 1605.475, 1611.974, 1618.674, 1618.610 (1619.327)	Log prob: 1415.475, 1511.012, 1552.211, 1586.431, 1602.331, 1620.650, 1635.339, 1643.484, 1651.582, 1651.664 (1652.386)	KLD: 6.392, 4.757, 5.154, 4.179, 4.914, 2.650, 1.818, 1.647, 1.398, 0.145 (33.060)	Grad: 64.192, 12.023, 26.670, 5.810, 14.515, 1.866, 1.256, 1.229, 1.081, 0.578
[Epoch  34 (134.99s)]	ELBO: 1410.744, 1500.490, 1535.936, 1566.061, 1576.446, 1593.157, 1606.005, 1612.385, 1619.167, 1619.176 (1621.556)	Log prob: 1417.097, 1511.616, 1552.236, 1586.557, 1601.887, 1621.245, 1635.906, 1643.923, 1652.114, 1652.254 (1654.960)	KLD: 6.353, 4.771, 5.176, 4.196, 4.945, 2.646, 1.813, 1.636, 1.411, 0.130 (33.404)	Grad: 60.960, 12.508, 24.892, 6.409, 13.872, 1.872, 1.219, 1.214, 1.076, 0.559
[Epoch  35 (137.62s)]	ELBO: 1412.002, 1501.072, 1536.535, 1566.848, 1576.664, 1592.695, 1605.679, 1612.443, 1619.267, 1619.240 (1622.666)	Log prob: 1418.353, 1512.205, 1552.870, 1587.397, 1602.174, 1620.871, 1635.680, 1644.091, 1652.320, 1652.422 (1655.609)	KLD: 6.351, 4.782, 5.203, 4.212, 4.963, 2.666, 1.823, 1.647, 1.406, 0.129 (32.943)	Grad: 60.444, 13.419, 27.879, 5.075, 16.490, 1.805, 1.248, 1.220, 1.095, 0.569
[Epoch  36 (128.67s)]	ELBO: 1413.120, 1501.296, 1537.176, 1567.250, 1576.751, 1592.783, 1605.865, 1612.691, 1619.686, 1619.696 (1615.013)	Log prob: 1419.437, 1512.402, 1553.515, 1587.837, 1602.314, 1621.020, 1635.928, 1644.380, 1652.796, 1652.957 (1648.219)	KLD: 6.316, 4.790, 5.233, 4.248, 4.976, 2.673, 1.827, 1.626, 1.420, 0.152 (33.206)	Grad: 66.303, 14.203, 24.056, 6.714, 15.198, 1.912, 1.292, 1.258, 1.150, 0.622
[Epoch  37 (125.86s)]	ELBO: 1414.300, 1503.155, 1538.664, 1568.603, 1577.486, 1593.943, 1607.244, 1613.978, 1621.073, 1621.096 (1623.070)	Log prob: 1420.628, 1514.275, 1555.048, 1589.250, 1603.119, 1622.242, 1637.364, 1645.718, 1654.241, 1654.417 (1656.670)	KLD: 6.328, 4.792, 5.264, 4.264, 4.986, 2.665, 1.822, 1.619, 1.428, 0.152 (33.600)	Grad: 59.778, 14.576, 23.640, 5.987, 16.470, 1.938, 1.250, 1.207, 1.121, 0.619
[Epoch  38 (142.72s)]	ELBO: 1415.306, 1503.284, 1538.458, 1568.596, 1577.208, 1594.030, 1607.434, 1614.119, 1621.526, 1621.616 (1620.869)	Log prob: 1421.637, 1514.439, 1554.897, 1589.318, 1602.940, 1622.433, 1637.673, 1645.974, 1654.815, 1655.082 (1654.233)	KLD: 6.330, 4.826, 5.281, 4.285, 5.010, 2.671, 1.834, 1.616, 1.435, 0.175 (33.364)	Grad: 54.933, 13.242, 28.121, 6.661, 15.538, 1.838, 1.271, 1.183, 1.107, 0.605
[Epoch  39 (130.70s)]	ELBO: 1415.612, 1503.564, 1539.761, 1568.700, 1577.058, 1592.825, 1606.484, 1613.679, 1621.105, 1621.223 (1619.587)	Log prob: 1421.920, 1514.680, 1556.153, 1589.408, 1602.800, 1621.236, 1636.734, 1645.542, 1654.407, 1654.748 (1653.110)	KLD: 6.307, 4.810, 5.276, 4.316, 5.033, 2.669, 1.840, 1.613, 1.436, 0.225 (33.523)	Grad: 63.535, 13.483, 26.301, 6.561, 17.557, 2.006, 1.321, 1.276, 1.208, 0.632
[Epoch  40 (139.99s)]	ELBO: 1417.229, 1504.307, 1539.389, 1568.179, 1576.002, 1591.878, 1605.470, 1613.164, 1620.851, 1620.977 (1624.429)	Log prob: 1423.534, 1515.429, 1555.804, 1588.942, 1601.811, 1620.346, 1635.779, 1645.128, 1654.259, 1654.645 (1658.182)	KLD: 6.304, 4.818, 5.292, 4.350, 5.046, 2.660, 1.841, 1.654, 1.443, 0.260 (33.753)	Grad: 55.747, 13.129, 33.725, 6.786, 17.963, 1.973, 1.308, 1.271, 1.202, 0.648
[Epoch  41 (145.71s)]	ELBO: 1418.147, 1505.220, 1540.450, 1569.182, 1577.039, 1593.423, 1607.121, 1614.570, 1622.514, 1622.751 (1623.169)	Log prob: 1424.431, 1516.359, 1556.901, 1589.989, 1602.904, 1621.960, 1637.526, 1646.614, 1656.016, 1656.550 (1657.138)	KLD: 6.284, 4.855, 5.311, 4.357, 5.056, 2.672, 1.868, 1.641, 1.457, 0.296 (33.969)	Grad: 59.447, 14.452, 32.628, 7.136, 15.329, 1.876, 1.317, 1.239, 1.215, 0.658
[Epoch  42 (125.88s)]	ELBO: 1418.837, 1504.723, 1540.765, 1568.288, 1575.909, 1591.634, 1605.545, 1613.686, 1621.482, 1621.807 (1626.146)	Log prob: 1425.137, 1515.849, 1557.188, 1589.092, 1601.788, 1620.191, 1635.991, 1645.797, 1655.060, 1655.757 (1659.808)	KLD: 6.300, 4.826, 5.298, 4.379, 5.077, 2.678, 1.889, 1.664, 1.469, 0.371 (33.662)	Grad: 51.230, 12.621, 28.813, 6.766, 21.291, 1.988, 1.297, 1.236, 1.198, 0.669
[Epoch  43 (116.41s)]	ELBO: 1420.183, 1506.790, 1541.513, 1570.203, 1577.516, 1594.118, 1607.874, 1615.669, 1623.795, 1624.125 (1626.584)	Log prob: 1426.482, 1517.936, 1558.003, 1591.103, 1603.506, 1622.808, 1638.449, 1647.896, 1657.498, 1658.252 (1660.548)	KLD: 6.298, 4.849, 5.344, 4.408, 5.093, 2.698, 1.885, 1.653, 1.475, 0.424 (33.964)	Grad: 59.044, 14.253, 29.479, 6.773, 13.664, 2.049, 1.327, 1.214, 1.227, 0.669
[Epoch  44 (114.72s)]	ELBO: 1421.139, 1506.726, 1541.003, 1570.170, 1577.456, 1594.908, 1608.533, 1616.116, 1624.428, 1624.896 (1626.288)	Log prob: 1427.415, 1517.891, 1557.534, 1591.119, 1603.499, 1623.665, 1639.172, 1648.405, 1658.188, 1659.128 (1660.462)	KLD: 6.276, 4.891, 5.366, 4.416, 5.095, 2.714, 1.883, 1.648, 1.472, 0.471 (34.174)	Grad: 51.983, 14.558, 26.525, 7.506, 15.958, 1.939, 1.284, 1.173, 1.193, 0.678
[Epoch  45 (115.88s)]	ELBO: 1421.824, 1505.139, 1539.049, 1568.263, 1575.645, 1592.495, 1606.047, 1613.803, 1622.000, 1622.403 (1623.674)	Log prob: 1428.064, 1516.273, 1555.541, 1589.159, 1601.651, 1621.244, 1636.682, 1646.077, 1655.747, 1656.670 (1658.527)	KLD: 6.239, 4.895, 5.357, 4.405, 5.109, 2.743, 1.887, 1.639, 1.474, 0.519 (34.854)	Grad: 51.189, 14.877, 31.866, 7.758, 18.484, 2.076, 1.352, 1.169, 1.248, 0.700
[Epoch  46 (123.10s)]	ELBO: 1423.729, 1505.693, 1539.071, 1568.337, 1575.771, 1593.377, 1607.002, 1614.741, 1622.988, 1623.473 (1624.692)	Log prob: 1429.962, 1516.840, 1555.576, 1589.269, 1601.819, 1622.189, 1637.711, 1647.099, 1656.818, 1657.882 (1659.153)	KLD: 6.233, 4.915, 5.357, 4.426, 5.117, 2.762, 1.898, 1.651, 1.471, 0.577 (34.461)	Grad: 44.758, 16.333, 28.057, 6.755, 14.490, 2.028, 1.199, 1.052, 1.134, 0.670
[Epoch  47 (120.58s)]	ELBO: 1424.586, 1505.965, 1539.091, 1568.141, 1575.586, 1593.264, 1607.125, 1615.188, 1623.435, 1624.177 (1624.272)	Log prob: 1430.744, 1517.063, 1555.541, 1589.020, 1601.594, 1622.056, 1637.833, 1647.547, 1657.269, 1658.643 (1658.428)	KLD: 6.158, 4.940, 5.352, 4.429, 5.128, 2.785, 1.916, 1.652, 1.475, 0.632 (34.157)	Grad: 51.226, 15.493, 29.775, 6.827, 16.556, 2.037, 1.263, 1.110, 1.186, 0.712
[Epoch  48 (118.09s)]	ELBO: 1424.112, 1505.100, 1538.468, 1567.307, 1574.831, 1592.470, 1606.442, 1614.585, 1622.735, 1623.590 (1626.189)	Log prob: 1430.306, 1516.234, 1554.961, 1588.260, 1600.899, 1621.335, 1637.229, 1647.027, 1656.650, 1658.170 (1660.540)	KLD: 6.195, 4.940, 5.360, 4.459, 5.116, 2.797, 1.922, 1.656, 1.472, 0.666 (34.351)	Grad: 54.727, 16.110, 30.905, 6.687, 17.149, 1.988, 1.272, 1.128, 1.235, 0.731
[Epoch  49 (134.51s)]	ELBO: 1425.588, 1507.078, 1541.108, 1569.728, 1576.635, 1594.422, 1608.760, 1617.362, 1625.901, 1626.882 (1629.295)	Log prob: 1431.787, 1518.254, 1557.654, 1590.740, 1602.790, 1623.391, 1639.671, 1649.941, 1659.968, 1661.683 (1664.212)	KLD: 6.199, 4.978, 5.368, 4.467, 5.144, 2.814, 1.940, 1.672, 1.486, 0.733 (34.917)	Grad: 55.822, 15.580, 27.311, 7.157, 16.752, 2.021, 1.256, 1.107, 1.203, 0.730
[Epoch  50 (121.13s)]	ELBO: 1426.883, 1507.412, 1542.004, 1570.266, 1577.688, 1594.328, 1608.636, 1617.486, 1626.091, 1627.113 (1624.756)	Log prob: 1432.997, 1518.503, 1558.449, 1591.197, 1603.764, 1623.236, 1639.504, 1650.045, 1660.136, 1661.898 (1659.383)	KLD: 6.114, 4.976, 5.354, 4.487, 5.146, 2.831, 1.961, 1.693, 1.485, 0.739 (34.627)	Grad: 41.691, 14.940, 29.678, 6.808, 15.580, 1.949, 1.247, 1.078, 1.139, 0.690
[Epoch  51 (138.59s)]	ELBO: 1428.422, 1507.481, 1541.171, 1569.500, 1576.975, 1594.668, 1608.935, 1617.356, 1625.997, 1626.985 (1625.519)	Log prob: 1434.547, 1518.604, 1557.659, 1590.506, 1603.127, 1623.664, 1639.903, 1650.010, 1660.146, 1661.894 (1660.505)	KLD: 6.125, 4.998, 5.365, 4.518, 5.145, 2.846, 1.971, 1.686, 1.495, 0.761 (34.987)	Grad: 39.663, 15.890, 27.975, 6.525, 13.830, 1.895, 1.235, 1.064, 1.112, 0.658
[Epoch  52 (134.87s)]	ELBO: 1428.824, 1506.897, 1541.844, 1569.703, 1577.314, 1593.621, 1608.205, 1616.939, 1625.593, 1626.756 (1629.787)	Log prob: 1434.983, 1518.052, 1558.365, 1590.751, 1603.491, 1622.615, 1639.179, 1649.620, 1659.782, 1661.736 (1664.894)	KLD: 6.159, 4.996, 5.368, 4.526, 5.128, 2.817, 1.981, 1.707, 1.508, 0.790 (35.107)	Grad: 50.942, 17.876, 24.835, 8.534, 18.809, 2.068, 1.395, 1.204, 1.289, 0.751
[Epoch  53 (136.43s)]	ELBO: 1429.425, 1508.173, 1542.989, 1570.950, 1578.452, 1595.128, 1609.619, 1618.290, 1627.041, 1628.371 (1625.394)	Log prob: 1435.568, 1519.335, 1559.514, 1592.008, 1604.633, 1624.150, 1640.631, 1651.007, 1661.259, 1663.422 (1660.689)	KLD: 6.142, 5.019, 5.363, 4.533, 5.123, 2.841, 1.990, 1.704, 1.503, 0.832 (35.294)	Grad: 46.762, 17.621, 28.681, 7.296, 12.860, 2.094, 1.277, 1.137, 1.164, 0.698
[Epoch  54 (121.22s)]	ELBO: 1430.154, 1506.780, 1541.116, 1569.227, 1576.914, 1594.213, 1608.446, 1616.869, 1625.732, 1627.112 (1624.722)	Log prob: 1436.196, 1517.862, 1557.565, 1590.224, 1603.016, 1623.175, 1639.410, 1649.506, 1659.879, 1662.102 (1659.498)	KLD: 6.040, 5.043, 5.367, 4.545, 5.106, 2.860, 2.001, 1.675, 1.510, 0.843 (34.777)	Grad: 40.021, 16.878, 28.309, 6.988, 14.101, 2.003, 1.223, 1.060, 1.127, 0.679
[Epoch  55 (128.46s)]	ELBO: 1430.376, 1507.038, 1542.754, 1569.718, 1577.597, 1592.988, 1607.303, 1616.137, 1625.009, 1626.477 (1630.300)	Log prob: 1436.461, 1518.178, 1559.275, 1590.824, 1603.773, 1621.997, 1638.328, 1648.875, 1659.245, 1661.597 (1665.370)	KLD: 6.085, 5.054, 5.381, 4.586, 5.070, 2.832, 2.016, 1.714, 1.498, 0.885 (35.070)	Grad: 46.859, 17.453, 26.792, 8.165, 15.284, 1.968, 1.347, 1.197, 1.243, 0.723
[Epoch  56 (137.94s)]	ELBO: 1430.494, 1506.759, 1541.678, 1568.630, 1576.892, 1592.979, 1607.407, 1615.897, 1624.831, 1626.389 (1626.718)	Log prob: 1436.567, 1517.909, 1558.207, 1589.749, 1603.070, 1622.006, 1638.489, 1648.672, 1659.114, 1661.568 (1662.047)	KLD: 6.075, 5.075, 5.380, 4.589, 5.060, 2.847, 2.056, 1.693, 1.508, 0.894 (35.329)	Grad: 48.391, 16.051, 28.322, 8.620, 14.186, 1.961, 1.362, 1.166, 1.244, 0.723
[Epoch  57 (134.43s)]	ELBO: 1432.908, 1508.818, 1543.802, 1570.899, 1579.464, 1595.941, 1610.135, 1618.580, 1627.639, 1629.291 (1625.545)	Log prob: 1438.990, 1519.991, 1560.359, 1592.054, 1605.665, 1624.988, 1641.246, 1651.387, 1661.962, 1664.537 (1661.231)	KLD: 6.082, 5.089, 5.386, 4.599, 5.044, 2.847, 2.064, 1.697, 1.516, 0.923 (35.685)	Grad: 42.585, 17.573, 23.511, 7.443, 12.419, 1.889, 1.216, 1.079, 1.144, 0.673
[Epoch  58 (133.89s)]	ELBO: 1433.493, 1506.633, 1540.264, 1568.110, 1576.536, 1594.293, 1608.313, 1616.597, 1625.885, 1627.608 (1627.840)	Log prob: 1439.515, 1517.781, 1556.809, 1589.258, 1602.714, 1623.350, 1639.454, 1649.425, 1660.256, 1662.938 (1662.875)	KLD: 6.024, 5.126, 5.396, 4.603, 5.029, 2.880, 2.083, 1.687, 1.544, 0.958 (35.035)	Grad: 38.383, 17.739, 25.790, 7.632, 14.666, 2.070, 1.272, 1.118, 1.209, 0.704
[Epoch  59 (117.86s)]	ELBO: 1433.945, 1509.044, 1543.955, 1570.896, 1579.876, 1596.049, 1610.185, 1618.815, 1627.967, 1629.925 (1627.607)	Log prob: 1439.990, 1520.223, 1560.524, 1592.091, 1606.074, 1625.112, 1641.343, 1651.674, 1662.356, 1665.295 (1663.300)	KLD: 6.045, 5.135, 5.389, 4.627, 5.002, 2.867, 2.093, 1.703, 1.529, 0.981 (35.694)	Grad: 42.401, 16.005, 24.329, 7.510, 13.263, 1.938, 1.257, 1.086, 1.174, 0.699
[Epoch  60 (121.86s)]	ELBO: 1434.536, 1509.029, 1544.281, 1570.803, 1580.153, 1595.731, 1609.533, 1618.063, 1627.219, 1629.446 (1632.238)	Log prob: 1440.573, 1520.219, 1560.862, 1591.997, 1606.324, 1624.763, 1640.655, 1650.877, 1661.569, 1664.818 (1667.369)	KLD: 6.037, 5.154, 5.389, 4.613, 4.979, 2.860, 2.092, 1.690, 1.536, 1.024 (35.131)	Grad: 35.050, 20.592, 26.641, 8.041, 10.931, 1.889, 1.266, 1.090, 1.149, 0.682
[Epoch  61 (119.16s)]	ELBO: 1434.819, 1509.723, 1546.321, 1572.693, 1581.634, 1596.684, 1610.664, 1619.306, 1628.764, 1631.009 (1631.097)	Log prob: 1440.868, 1520.931, 1562.910, 1593.904, 1607.798, 1625.720, 1641.804, 1652.156, 1663.160, 1666.443 (1667.087)	KLD: 6.049, 5.158, 5.380, 4.624, 4.952, 2.872, 2.104, 1.711, 1.544, 1.039 (35.990)	Grad: 48.842, 19.075, 26.598, 8.611, 12.625, 2.093, 1.339, 1.164, 1.223, 0.739
[Epoch  62 (120.18s)]	ELBO: 1433.744, 1509.220, 1546.561, 1573.402, 1582.089, 1596.946, 1610.740, 1619.463, 1629.142, 1631.488 (1632.048)	Log prob: 1439.790, 1520.478, 1563.201, 1594.679, 1608.315, 1626.048, 1641.969, 1652.399, 1663.628, 1667.032 (1667.145)	KLD: 6.046, 5.211, 5.384, 4.637, 4.950, 2.875, 2.127, 1.706, 1.552, 1.057 (35.097)	Grad: 49.339, 20.125, 25.363, 7.748, 11.565, 1.932, 1.308, 1.118, 1.192, 0.713
[Epoch  63 (121.00s)]	ELBO: 1435.526, 1509.599, 1546.441, 1573.050, 1582.278, 1596.977, 1610.774, 1619.323, 1628.811, 1631.457 (1630.444)	Log prob: 1441.544, 1520.855, 1563.068, 1594.333, 1608.488, 1626.047, 1641.965, 1652.213, 1663.262, 1666.972 (1665.882)	KLD: 6.018, 5.239, 5.371, 4.654, 4.930, 2.858, 2.121, 1.701, 1.561, 1.063 (35.438)	Grad: 39.738, 24.590, 25.646, 7.347, 11.439, 2.093, 1.325, 1.119, 1.177, 0.709
[Epoch  64 (121.60s)]	ELBO: 1436.895, 1509.946, 1547.196, 1573.398, 1582.446, 1596.376, 1609.943, 1618.290, 1627.716, 1630.527 (1631.934)	Log prob: 1442.847, 1521.135, 1563.752, 1594.607, 1608.570, 1625.355, 1641.037, 1651.097, 1662.094, 1666.010 (1667.340)	KLD: 5.953, 5.236, 5.366, 4.654, 4.914, 2.856, 2.116, 1.712, 1.572, 1.105 (35.407)	Grad: 33.997, 22.943, 25.418, 9.089, 11.232, 1.895, 1.313, 1.084, 1.171, 0.707
[Epoch  65 (112.98s)]	ELBO: 1436.966, 1510.881, 1547.767, 1574.738, 1583.710, 1597.810, 1611.343, 1619.800, 1629.530, 1632.306 (1634.635)	Log prob: 1443.015, 1522.197, 1564.469, 1596.100, 1609.956, 1626.920, 1642.580, 1652.731, 1664.039, 1667.912 (1670.419)	KLD: 6.048, 5.269, 5.384, 4.660, 4.886, 2.863, 2.127, 1.694, 1.578, 1.097 (35.783)	Grad: 42.062, 21.831, 24.881, 7.028, 10.403, 1.884, 1.302, 1.105, 1.171, 0.727
[Epoch  66 (114.32s)]	ELBO: 1437.775, 1510.475, 1548.536, 1575.308, 1584.023, 1596.934, 1610.565, 1619.368, 1628.870, 1631.972 (1633.143)	Log prob: 1443.720, 1521.705, 1565.138, 1596.588, 1610.153, 1625.906, 1641.671, 1652.185, 1663.259, 1667.500 (1668.618)	KLD: 5.945, 5.286, 5.371, 4.676, 4.851, 2.843, 2.133, 1.712, 1.572, 1.139 (35.476)	Grad: 41.375, 22.857, 24.649, 8.394, 9.398, 1.947, 1.358, 1.110, 1.180, 0.771
[Epoch  67 (117.97s)]	ELBO: 1439.597, 1511.803, 1548.918, 1575.886, 1584.661, 1597.956, 1611.167, 1619.650, 1629.156, 1632.325 (1631.560)	Log prob: 1445.552, 1523.064, 1565.564, 1597.192, 1610.801, 1626.922, 1642.260, 1652.429, 1663.521, 1667.823 (1666.935)	KLD: 5.955, 5.305, 5.386, 4.661, 4.834, 2.827, 2.126, 1.688, 1.584, 1.133 (35.375)	Grad: 32.978, 24.181, 24.917, 7.343, 9.656, 1.886, 1.278, 1.098, 1.160, 0.756
[Epoch  68 (124.00s)]	ELBO: 1440.645, 1511.943, 1547.825, 1574.859, 1584.153, 1598.005, 1610.804, 1619.015, 1628.561, 1631.853 (1621.617)	Log prob: 1446.561, 1523.186, 1564.472, 1596.168, 1610.267, 1626.932, 1641.855, 1651.756, 1662.877, 1667.305 (1657.399)	KLD: 5.916, 5.328, 5.403, 4.661, 4.807, 2.813, 2.122, 1.690, 1.575, 1.135 (35.782)	Grad: 35.097, 25.807, 28.249, 8.051, 9.067, 1.921, 1.348, 1.139, 1.183, 0.839
[Epoch  69 (117.85s)]	ELBO: 1439.083, 1510.187, 1546.696, 1574.008, 1582.850, 1596.802, 1609.317, 1617.630, 1627.446, 1630.894 (1633.509)	Log prob: 1445.085, 1521.531, 1563.434, 1595.424, 1609.043, 1625.806, 1640.428, 1650.426, 1661.838, 1666.421 (1669.050)	KLD: 6.000, 5.344, 5.393, 4.680, 4.774, 2.812, 2.106, 1.685, 1.597, 1.135 (35.541)	Grad: 46.545, 26.278, 24.933, 8.324, 7.805, 1.980, 1.382, 1.176, 1.265, 0.902
[Epoch  70 (117.45s)]	ELBO: 1441.120, 1508.135, 1543.543, 1570.482, 1580.113, 1592.712, 1604.772, 1613.184, 1623.089, 1626.814 (1628.455)	Log prob: 1446.937, 1519.312, 1560.153, 1591.765, 1606.126, 1621.498, 1635.659, 1645.765, 1657.264, 1662.171 (1664.007)	KLD: 5.815, 5.360, 5.436, 4.671, 4.730, 2.776, 2.099, 1.693, 1.595, 1.181 (35.552)	Grad: 26.920, 24.736, 29.594, 8.247, 8.484, 1.917, 1.215, 1.092, 1.149, 0.883
[Epoch  71 (116.86s)]	ELBO: 1442.972, 1512.663, 1548.320, 1575.161, 1584.902, 1597.468, 1609.590, 1617.867, 1627.462, 1631.378 (1633.219)	Log prob: 1448.839, 1523.897, 1565.004, 1596.516, 1610.943, 1626.259, 1640.486, 1650.454, 1661.647, 1666.764 (1668.643)	KLD: 5.867, 5.367, 5.449, 4.673, 4.683, 2.751, 2.106, 1.689, 1.599, 1.203 (35.424)	Grad: 30.615, 24.574, 24.992, 7.429, 8.165, 1.718, 1.258, 1.080, 1.135, 0.877
[Epoch  72 (116.28s)]	ELBO: 1443.414, 1513.677, 1549.308, 1576.058, 1585.724, 1598.347, 1610.341, 1618.755, 1628.424, 1632.539 (1632.288)	Log prob: 1449.280, 1524.939, 1566.024, 1597.464, 1611.767, 1627.146, 1641.241, 1651.349, 1662.622, 1667.948 (1667.652)	KLD: 5.866, 5.396, 5.453, 4.692, 4.636, 2.756, 2.101, 1.696, 1.603, 1.209 (35.364)	Grad: 35.298, 26.102, 28.535, 8.953, 7.602, 1.841, 1.277, 1.122, 1.204, 0.900
[Epoch  73 (116.80s)]	ELBO: 1443.193, 1510.578, 1544.756, 1571.134, 1581.188, 1594.374, 1606.090, 1614.381, 1624.277, 1628.573 (1632.310)	Log prob: 1449.025, 1521.825, 1561.484, 1592.550, 1607.193, 1623.112, 1636.924, 1646.904, 1658.411, 1663.935 (1667.936)	KLD: 5.833, 5.414, 5.480, 4.687, 4.592, 2.733, 2.095, 1.690, 1.611, 1.228 (35.626)	Grad: 26.733, 27.459, 27.322, 7.553, 7.378, 1.845, 1.205, 1.111, 1.162, 0.858
[Epoch  74 (111.85s)]	ELBO: 1441.623, 1504.273, 1535.421, 1561.463, 1571.848, 1584.259, 1595.851, 1603.746, 1614.195, 1618.904 (1626.271)	Log prob: 1447.316, 1515.378, 1552.058, 1582.761, 1597.676, 1612.789, 1626.465, 1636.023, 1648.113, 1654.082 (1661.561)	KLD: 5.694, 5.412, 5.532, 4.661, 4.531, 2.701, 2.084, 1.662, 1.642, 1.259 (35.291)	Grad: 34.959, 28.326, 32.721, 7.951, 6.283, 1.868, 1.311, 1.174, 1.190, 0.938
[Epoch  75 (109.79s)]	ELBO: 1444.849, 1507.515, 1538.862, 1565.704, 1576.146, 1589.274, 1601.141, 1608.750, 1618.623, 1623.197 (1628.443)	Log prob: 1450.557, 1518.661, 1555.558, 1587.081, 1602.035, 1617.867, 1631.816, 1641.069, 1652.570, 1658.412 (1663.882)	KLD: 5.707, 5.439, 5.548, 4.683, 4.512, 2.704, 2.081, 1.645, 1.627, 1.269 (35.439)	Grad: 37.193, 28.844, 31.354, 7.638, 6.479, 1.751, 1.239, 1.101, 1.138, 0.894
[Epoch  76 (113.19s)]	ELBO: 1445.957, 1511.269, 1543.778, 1571.073, 1581.451, 1594.156, 1605.974, 1613.844, 1623.159, 1627.797 (1632.407)	Log prob: 1451.685, 1522.440, 1560.468, 1592.454, 1607.276, 1622.646, 1636.534, 1646.064, 1656.990, 1662.870 (1668.320)	KLD: 5.728, 5.442, 5.518, 4.694, 4.443, 2.665, 2.069, 1.661, 1.610, 1.244 (35.913)	Grad: 44.299, 28.589, 30.445, 7.594, 6.700, 1.738, 1.307, 1.138, 1.150, 0.870
[Epoch  77 (117.62s)]	ELBO: 1447.525, 1512.589, 1544.769, 1572.001, 1582.831, 1595.376, 1606.893, 1614.774, 1623.906, 1628.669 (1628.222)	Log prob: 1453.198, 1523.718, 1561.441, 1593.372, 1608.588, 1623.784, 1637.356, 1646.898, 1657.641, 1663.665 (1663.015)	KLD: 5.673, 5.456, 5.544, 4.697, 4.387, 2.651, 2.056, 1.660, 1.611, 1.262 (34.793)	Grad: 35.183, 24.341, 25.383, 7.855, 5.925, 1.675, 1.269, 1.107, 1.098, 0.871
[Epoch  78 (114.11s)]	ELBO: 1447.926, 1513.107, 1545.217, 1571.866, 1582.962, 1595.425, 1606.801, 1614.726, 1623.605, 1628.524 (1623.680)	Log prob: 1453.639, 1524.309, 1561.957, 1593.320, 1608.740, 1623.824, 1637.248, 1646.826, 1657.301, 1663.476 (1658.064)	KLD: 5.712, 5.489, 5.540, 4.712, 4.326, 2.620, 2.047, 1.655, 1.594, 1.257 (34.384)	Grad: 31.598, 29.003, 29.343, 8.385, 5.048, 1.727, 1.299, 1.126, 1.085, 0.872
[Epoch  79 (110.24s)]	ELBO: 1447.672, 1506.413, 1536.559, 1564.919, 1576.376, 1588.531, 1600.102, 1608.113, 1616.522, 1621.169 (1628.463)	Log prob: 1453.272, 1517.518, 1553.210, 1586.252, 1601.976, 1616.718, 1630.319, 1639.990, 1649.992, 1655.902 (1663.950)	KLD: 5.602, 5.503, 5.546, 4.682, 4.268, 2.587, 2.030, 1.662, 1.591, 1.263 (35.487)	Grad: 36.088, 31.285, 28.488, 9.484, 5.617, 1.846, 1.392, 1.218, 1.145, 0.920
[Epoch  80 (110.52s)]	ELBO: 1448.111, 1512.851, 1546.299, 1574.197, 1585.381, 1597.379, 1608.920, 1617.150, 1624.958, 1630.010 (1632.981)	Log prob: 1453.858, 1524.157, 1563.138, 1595.776, 1611.159, 1625.736, 1639.318, 1649.223, 1658.616, 1664.942 (1668.052)	KLD: 5.747, 5.558, 5.534, 4.741, 4.199, 2.580, 2.038, 1.677, 1.584, 1.274 (35.071)	Grad: 44.275, 32.263, 29.883, 7.357, 5.390, 1.757, 1.382, 1.216, 1.116, 0.881
[Epoch  81 (114.88s)]	ELBO: 1449.679, 1504.530, 1533.194, 1562.622, 1574.737, 1586.801, 1598.111, 1606.284, 1614.229, 1619.020 (1607.949)	Log prob: 1455.088, 1515.463, 1549.693, 1583.796, 1600.069, 1614.686, 1628.022, 1637.836, 1647.360, 1653.420 (1642.387)	KLD: 5.409, 5.523, 5.567, 4.676, 4.157, 2.553, 2.025, 1.641, 1.579, 1.269 (34.438)	Grad: 22.629, 30.213, 30.828, 8.527, 4.929, 1.694, 1.308, 1.166, 1.050, 0.895
[Epoch  82 (128.70s)]	ELBO: 1452.800, 1505.857, 1532.777, 1561.553, 1573.531, 1585.465, 1597.124, 1604.939, 1612.623, 1617.425 (1623.312)	Log prob: 1458.125, 1516.683, 1549.186, 1582.611, 1598.719, 1613.187, 1626.872, 1636.305, 1645.565, 1651.637 (1657.755)	KLD: 5.326, 5.501, 5.581, 4.650, 4.130, 2.534, 2.026, 1.617, 1.578, 1.270 (34.443)	Grad: 18.714, 28.415, 30.132, 9.279, 4.540, 1.627, 1.159, 1.116, 1.025, 0.853
[Epoch  83 (118.28s)]	ELBO: 1453.798, 1512.984, 1543.108, 1570.789, 1582.245, 1594.247, 1605.890, 1614.190, 1621.240, 1626.027 (1625.772)	Log prob: 1459.335, 1524.048, 1559.735, 1592.125, 1607.666, 1622.171, 1635.831, 1645.783, 1654.391, 1660.464 (1660.016)	KLD: 5.537, 5.528, 5.564, 4.708, 4.086, 2.503, 2.015, 1.653, 1.558, 1.284 (34.245)	Grad: 35.089, 36.193, 30.194, 7.883, 4.192, 1.639, 1.267, 1.141, 1.026, 0.834
[Epoch  84 (115.73s)]	ELBO: 1454.297, 1506.071, 1531.441, 1561.280, 1573.498, 1585.814, 1597.385, 1605.597, 1612.472, 1617.158 (1623.505)	Log prob: 1459.570, 1516.857, 1547.825, 1582.326, 1598.592, 1613.376, 1626.950, 1636.787, 1645.212, 1651.157 (1657.688)	KLD: 5.273, 5.514, 5.597, 4.662, 4.047, 2.469, 2.002, 1.625, 1.550, 1.259 (34.183)	Grad: 22.453, 30.280, 33.836, 8.454, 4.258, 1.637, 1.251, 1.140, 1.045, 0.859
[Epoch  85 (118.49s)]	ELBO: 1455.288, 1509.950, 1535.265, 1564.218, 1575.624, 1588.066, 1599.751, 1607.719, 1614.593, 1619.294 (1628.954)	Log prob: 1460.615, 1520.772, 1551.654, 1585.284, 1600.737, 1615.619, 1629.316, 1638.894, 1647.319, 1653.294 (1663.370)	KLD: 5.328, 5.495, 5.567, 4.677, 4.047, 2.440, 2.013, 1.609, 1.551, 1.276 (34.415)	Grad: 29.822, 30.906, 38.725, 8.419, 4.231, 1.589, 1.236, 1.168, 1.038, 0.883
[Epoch  86 (122.29s)]	ELBO: 1456.801, 1515.196, 1540.878, 1568.328, 1579.424, 1591.767, 1603.422, 1611.732, 1618.694, 1623.319 (1618.603)	Log prob: 1462.221, 1526.162, 1557.454, 1589.612, 1604.727, 1619.491, 1633.150, 1643.088, 1651.581, 1657.470 (1652.495)	KLD: 5.420, 5.545, 5.611, 4.707, 4.020, 2.421, 2.004, 1.628, 1.530, 1.266 (33.892)	Grad: 24.674, 32.256, 37.474, 7.448, 3.906, 1.548, 1.237, 1.147, 1.016, 0.867
[Epoch  87 (112.82s)]	ELBO: 1456.793, 1508.525, 1530.938, 1558.828, 1570.628, 1583.840, 1594.668, 1602.993, 1609.970, 1614.478 (1617.360)	Log prob: 1461.977, 1519.260, 1547.293, 1579.859, 1595.690, 1611.288, 1624.111, 1634.037, 1642.549, 1648.322 (1651.018)	KLD: 5.185, 5.550, 5.621, 4.674, 4.031, 2.387, 1.995, 1.603, 1.533, 1.265 (33.658)	Grad: 19.423, 33.499, 40.466, 8.936, 4.152, 1.566, 1.290, 1.186, 1.032, 0.908
[Epoch  88 (137.87s)]	ELBO: 1444.370, 1485.480, 1500.064, 1528.706, 1542.301, 1558.203, 1568.465, 1577.966, 1585.885, 1590.983 (1608.382)	Log prob: 1449.297, 1495.875, 1516.012, 1549.303, 1567.001, 1585.287, 1597.543, 1608.624, 1618.091, 1624.489 (1642.320)	KLD: 4.927, 5.468, 5.552, 4.649, 4.102, 2.386, 1.995, 1.578, 1.547, 1.300 (33.938)	Grad: 15.626, 46.560, 73.069, 8.903, 5.642, 1.918, 1.645, 1.684, 1.356, 1.294
[Epoch  89 (130.76s)]	ELBO: 1458.921, 1511.784, 1535.493, 1562.847, 1574.609, 1587.934, 1599.251, 1607.528, 1613.277, 1617.661 (1623.642)	Log prob: 1464.312, 1522.805, 1552.001, 1584.099, 1599.990, 1615.700, 1629.034, 1638.901, 1646.151, 1651.784 (1657.621)	KLD: 5.391, 5.630, 5.486, 4.747, 4.127, 2.386, 2.016, 1.590, 1.502, 1.248 (33.979)	Grad: 29.084, 27.198, 22.274, 7.650, 4.601, 1.555, 1.228, 1.150, 0.989, 0.864
No improvement after 25 epochs...
Best epoch(s): [65]	Training time(s): 10839.56s (10839.56s)	Best ELBO: 1632.539 (1634.635)	Best log prob: 1667.948 (1670.419)
Avg. mu: 0.101, 0.220, -0.031, 0.530, -0.023, 0.268, -0.132, -0.056, -0.186, 0.074
Avg. var: 0.000, 0.000, 0.000, 0.000, 0.000, 0.002, 0.007, 0.024, 0.042, 0.105
Max. mu: 2.084, 0.829, 0.067, 0.903, 0.110, 1.783, 1.587, 3.593, 3.026, 3.911
Max. var: 0.020, 0.001, 0.000, 0.001, 0.000, 0.015, 0.022, 0.166, 0.140, 0.547
Min. mu: -0.173, 0.011, -0.326, 0.169, -0.145, -0.863, -2.079, -3.039, -4.096, -5.016
Min. var: 0.000, 0.000, 0.000, 0.000, 0.000, 0.000, 0.002, 0.007, 0.020, 0.057
Cov. mu:
[[0.040 -0.005 0.000 0.003 0.001 -0.001 0.002 0.004 -0.005 0.002]
 [-0.005 0.009 -0.000 -0.001 -0.000 -0.006 -0.001 -0.003 0.002 -0.006]
 [0.000 -0.000 0.002 0.000 -0.000 0.001 0.001 0.001 0.003 -0.004]
 [0.003 -0.001 0.000 0.006 -0.000 0.001 0.002 0.007 -0.005 -0.009]
 [0.001 -0.000 -0.000 -0.000 0.001 -0.001 0.001 0.000 -0.000 0.001]
 [-0.001 -0.006 0.001 0.001 -0.001 0.091 -0.020 -0.011 0.020 0.029]
 [0.002 -0.001 0.001 0.002 0.001 -0.020 0.236 0.011 -0.061 -0.016]
 [0.004 -0.003 0.001 0.007 0.000 -0.011 0.011 0.582 -0.032 0.037]
 [-0.005 0.002 0.003 -0.005 -0.000 0.020 -0.061 -0.032 0.840 0.101]
 [0.002 -0.006 -0.004 -0.009 0.001 0.029 -0.016 0.037 0.101 0.847]]
