Encoder
=================================================================
Layer (type:depth-idx)                   Param #
=================================================================
Encoder                                  --
├─Linear: 1-1                            786,688
├─Linear: 1-2                            65,792
=================================================================
Total params: 852,480
Trainable params: 852,480
Non-trainable params: 0
=================================================================
Encoder Encoder to Encoder
=================================================================
Layer (type:depth-idx)                   Param #
=================================================================
EncoderEncoderToEncoder                  --
├─Linear: 1-1                            131,328
├─Linear: 1-2                            65,792
=================================================================
Total params: 197,120
Trainable params: 197,120
Non-trainable params: 0
=================================================================
Encoder to Latents 0
=================================================================
Layer (type:depth-idx)                   Param #
=================================================================
EncoderToLatents                         --
├─Linear: 1-1                            1,028
├─Linear: 1-2                            1,028
=================================================================
Total params: 2,056
Trainable params: 2,056
Non-trainable params: 0
=================================================================
Encoder to Latents 1
=================================================================
Layer (type:depth-idx)                   Param #
=================================================================
EncoderToLatents                         --
├─Linear: 1-1                            1,028
├─Linear: 1-2                            1,028
=================================================================
Total params: 2,056
Trainable params: 2,056
Non-trainable params: 0
=================================================================
Encoder to Latents 2
=================================================================
Layer (type:depth-idx)                   Param #
=================================================================
EncoderToLatents                         --
├─Linear: 1-1                            1,028
├─Linear: 1-2                            1,028
=================================================================
Total params: 2,056
Trainable params: 2,056
Non-trainable params: 0
=================================================================
Encoder to Latents 3
=================================================================
Layer (type:depth-idx)                   Param #
=================================================================
EncoderToLatents                         --
├─Linear: 1-1                            1,028
├─Linear: 1-2                            1,028
=================================================================
Total params: 2,056
Trainable params: 2,056
Non-trainable params: 0
=================================================================
Encoder to Latents 4
=================================================================
Layer (type:depth-idx)                   Param #
=================================================================
EncoderToLatents                         --
├─Linear: 1-1                            1,028
├─Linear: 1-2                            1,028
=================================================================
Total params: 2,056
Trainable params: 2,056
Non-trainable params: 0
=================================================================
Encoder to Latents 5
=================================================================
Layer (type:depth-idx)                   Param #
=================================================================
EncoderToLatents                         --
├─Linear: 1-1                            1,028
├─Linear: 1-2                            1,028
=================================================================
Total params: 2,056
Trainable params: 2,056
Non-trainable params: 0
=================================================================
Encoder to Latents 6
=================================================================
Layer (type:depth-idx)                   Param #
=================================================================
EncoderToLatents                         --
├─Linear: 1-1                            1,028
├─Linear: 1-2                            1,028
=================================================================
Total params: 2,056
Trainable params: 2,056
Non-trainable params: 0
=================================================================
Encoder to Latents 7
=================================================================
Layer (type:depth-idx)                   Param #
=================================================================
EncoderToLatents                         --
├─Linear: 1-1                            1,028
├─Linear: 1-2                            1,028
=================================================================
Total params: 2,056
Trainable params: 2,056
Non-trainable params: 0
=================================================================
Encoder to Latents 8
=================================================================
Layer (type:depth-idx)                   Param #
=================================================================
EncoderToLatents                         --
├─Linear: 1-1                            1,028
├─Linear: 1-2                            1,028
=================================================================
Total params: 2,056
Trainable params: 2,056
Non-trainable params: 0
=================================================================
Encoder to Latents 9
=================================================================
Layer (type:depth-idx)                   Param #
=================================================================
EncoderToLatents                         --
├─Linear: 1-1                            1,028
├─Linear: 1-2                            1,028
=================================================================
Total params: 2,056
Trainable params: 2,056
Non-trainable params: 0
=================================================================
Encoder to Latents 10
=================================================================
Layer (type:depth-idx)                   Param #
=================================================================
EncoderToLatents                         --
├─Linear: 1-1                            1,028
├─Linear: 1-2                            1,028
=================================================================
Total params: 2,056
Trainable params: 2,056
Non-trainable params: 0
=================================================================
Encoder to Latents 11
=================================================================
Layer (type:depth-idx)                   Param #
=================================================================
EncoderToLatents                         --
├─Linear: 1-1                            1,028
├─Linear: 1-2                            1,028
=================================================================
Total params: 2,056
Trainable params: 2,056
Non-trainable params: 0
=================================================================
Encoder to Latents 12
=================================================================
Layer (type:depth-idx)                   Param #
=================================================================
EncoderToLatents                         --
├─Linear: 1-1                            1,028
├─Linear: 1-2                            1,028
=================================================================
Total params: 2,056
Trainable params: 2,056
Non-trainable params: 0
=================================================================
Encoder to Latents 13
=================================================================
Layer (type:depth-idx)                   Param #
=================================================================
EncoderToLatents                         --
├─Linear: 1-1                            1,028
├─Linear: 1-2                            1,028
=================================================================
Total params: 2,056
Trainable params: 2,056
Non-trainable params: 0
=================================================================
Encoder to Latents 14
=================================================================
Layer (type:depth-idx)                   Param #
=================================================================
EncoderToLatents                         --
├─Linear: 1-1                            1,028
├─Linear: 1-2                            1,028
=================================================================
Total params: 2,056
Trainable params: 2,056
Non-trainable params: 0
=================================================================
Encoder to Latents 15
=================================================================
Layer (type:depth-idx)                   Param #
=================================================================
EncoderToLatents                         --
├─Linear: 1-1                            1,028
├─Linear: 1-2                            1,028
=================================================================
Total params: 2,056
Trainable params: 2,056
Non-trainable params: 0
=================================================================
Latents to Decoder 0
=================================================================
Layer (type:depth-idx)                   Param #
=================================================================
LatentsToDecoder                         --
├─Linear: 1-1                            1,280
=================================================================
Total params: 1,280
Trainable params: 1,280
Non-trainable params: 0
=================================================================
Latents to Decoder 1
=================================================================
Layer (type:depth-idx)                   Param #
=================================================================
LatentsToDecoder                         --
├─Linear: 1-1                            1,280
=================================================================
Total params: 1,280
Trainable params: 1,280
Non-trainable params: 0
=================================================================
Latents to Decoder 2
=================================================================
Layer (type:depth-idx)                   Param #
=================================================================
LatentsToDecoder                         --
├─Linear: 1-1                            1,280
=================================================================
Total params: 1,280
Trainable params: 1,280
Non-trainable params: 0
=================================================================
Latents to Decoder 3
=================================================================
Layer (type:depth-idx)                   Param #
=================================================================
LatentsToDecoder                         --
├─Linear: 1-1                            1,280
=================================================================
Total params: 1,280
Trainable params: 1,280
Non-trainable params: 0
=================================================================
Latents to Decoder 4
=================================================================
Layer (type:depth-idx)                   Param #
=================================================================
LatentsToDecoder                         --
├─Linear: 1-1                            1,280
=================================================================
Total params: 1,280
Trainable params: 1,280
Non-trainable params: 0
=================================================================
Latents to Decoder 5
=================================================================
Layer (type:depth-idx)                   Param #
=================================================================
LatentsToDecoder                         --
├─Linear: 1-1                            1,280
=================================================================
Total params: 1,280
Trainable params: 1,280
Non-trainable params: 0
=================================================================
Latents to Decoder 6
=================================================================
Layer (type:depth-idx)                   Param #
=================================================================
LatentsToDecoder                         --
├─Linear: 1-1                            1,280
=================================================================
Total params: 1,280
Trainable params: 1,280
Non-trainable params: 0
=================================================================
Latents to Decoder 7
=================================================================
Layer (type:depth-idx)                   Param #
=================================================================
LatentsToDecoder                         --
├─Linear: 1-1                            1,280
=================================================================
Total params: 1,280
Trainable params: 1,280
Non-trainable params: 0
=================================================================
Latents to Decoder 8
=================================================================
Layer (type:depth-idx)                   Param #
=================================================================
LatentsToDecoder                         --
├─Linear: 1-1                            1,280
=================================================================
Total params: 1,280
Trainable params: 1,280
Non-trainable params: 0
=================================================================
Latents to Decoder 9
=================================================================
Layer (type:depth-idx)                   Param #
=================================================================
LatentsToDecoder                         --
├─Linear: 1-1                            1,280
=================================================================
Total params: 1,280
Trainable params: 1,280
Non-trainable params: 0
=================================================================
Latents to Decoder 10
=================================================================
Layer (type:depth-idx)                   Param #
=================================================================
LatentsToDecoder                         --
├─Linear: 1-1                            1,280
=================================================================
Total params: 1,280
Trainable params: 1,280
Non-trainable params: 0
=================================================================
Latents to Decoder 11
=================================================================
Layer (type:depth-idx)                   Param #
=================================================================
LatentsToDecoder                         --
├─Linear: 1-1                            1,280
=================================================================
Total params: 1,280
Trainable params: 1,280
Non-trainable params: 0
=================================================================
Latents to Decoder 12
=================================================================
Layer (type:depth-idx)                   Param #
=================================================================
LatentsToDecoder                         --
├─Linear: 1-1                            1,280
=================================================================
Total params: 1,280
Trainable params: 1,280
Non-trainable params: 0
=================================================================
Latents to Decoder 13
=================================================================
Layer (type:depth-idx)                   Param #
=================================================================
LatentsToDecoder                         --
├─Linear: 1-1                            1,280
=================================================================
Total params: 1,280
Trainable params: 1,280
Non-trainable params: 0
=================================================================
Latents to Decoder 14
=================================================================
Layer (type:depth-idx)                   Param #
=================================================================
LatentsToDecoder                         --
├─Linear: 1-1                            1,280
=================================================================
Total params: 1,280
Trainable params: 1,280
Non-trainable params: 0
=================================================================
Latents to Decoder 15
=================================================================
Layer (type:depth-idx)                   Param #
=================================================================
LatentsToDecoder                         --
├─Linear: 1-1                            1,280
=================================================================
Total params: 1,280
Trainable params: 1,280
Non-trainable params: 0
=================================================================
Decoder
=================================================================
Layer (type:depth-idx)                   Param #
=================================================================
Decoder                                  --
├─Linear: 1-1                            65,792
├─Linear: 1-2                            789,504
=================================================================
Total params: 855,296
Trainable params: 855,296
Non-trainable params: 0
=================================================================
Training model 1/16...
[Epoch   1 (32.69s)]	ELBO: -15853.768 (-12416.628)	Log prob: -15834.732 (-12396.476)	KLD: 19.035 (20.152)	Grad: 141.040
[Epoch   2 (25.97s)]	ELBO: -12214.437 (-12225.297)	Log prob: -12195.171 (-12205.647)	KLD: 19.266 (19.650)	Grad: 82.928
[Epoch   3 (25.19s)]	ELBO: -11847.872 (-11735.906)	Log prob: -11828.257 (-11715.068)	KLD: 19.615 (20.838)	Grad: 89.893
[Epoch   4 (24.45s)]	ELBO: -11556.596 (-11450.308)	Log prob: -11535.968 (-11429.675)	KLD: 20.629 (20.633)	Grad: 84.422
[Epoch   5 (24.82s)]	ELBO: -11495.535 (-11623.010)	Log prob: -11474.669 (-11601.829)	KLD: 20.866 (21.182)	Grad: 101.857
[Epoch   6 (24.72s)]	ELBO: -11458.863 (-11558.171)	Log prob: -11437.826 (-11536.942)	KLD: 21.036 (21.229)	Grad: 100.438
[Epoch   7 (25.41s)]	ELBO: -11338.714 (-11437.552)	Log prob: -11317.385 (-11415.865)	KLD: 21.328 (21.687)	Grad: 80.105
[Epoch   8 (25.21s)]	ELBO: -11366.007 (-11242.481)	Log prob: -11344.767 (-11220.778)	KLD: 21.239 (21.702)	Grad: 99.242
[Epoch   9 (24.85s)]	ELBO: -11219.854 (-11224.206)	Log prob: -11198.615 (-11202.652)	KLD: 21.240 (21.553)	Grad: 80.823
[Epoch  10 (25.49s)]	ELBO: -11297.701 (-11966.029)	Log prob: -11276.183 (-11942.225)	KLD: 21.519 (23.804)	Grad: 94.056
Training model 2/16...
[Epoch   1 (39.86s)]	ELBO: -10639.925 (-9271.237)	Log prob: -10606.976 (-9233.160)	KLD: 11.092 (38.077)	Grad: 43.733
[Epoch   2 (41.46s)]	ELBO: -8931.883 (-8533.478)	Log prob: -8892.354 (-8494.562)	KLD: 17.640 (38.916)	Grad: 65.389
[Epoch   3 (42.62s)]	ELBO: -8372.869 (-8926.077)	Log prob: -8333.688 (-8882.624)	KLD: 17.792 (43.453)	Grad: 57.273
[Epoch   4 (41.55s)]	ELBO: -8337.000 (-8469.716)	Log prob: -8297.790 (-8431.577)	KLD: 17.953 (38.139)	Grad: 50.264
[Epoch   5 (39.03s)]	ELBO: -8217.773 (-8206.202)	Log prob: -8178.323 (-8166.993)	KLD: 17.754 (39.208)	Grad: 53.087
[Epoch   6 (40.23s)]	ELBO: -8199.649 (-8332.945)	Log prob: -8160.677 (-8293.627)	KLD: 17.390 (39.318)	Grad: 53.315
[Epoch   7 (38.57s)]	ELBO: -8106.749 (-8100.683)	Log prob: -8067.965 (-8059.059)	KLD: 17.217 (41.624)	Grad: 44.779
[Epoch   8 (35.92s)]	ELBO: -8051.465 (-8133.246)	Log prob: -8012.586 (-8096.279)	KLD: 17.246 (36.966)	Grad: 48.669
[Epoch   9 (36.44s)]	ELBO: -8038.763 (-8080.298)	Log prob: -7999.527 (-8040.410)	KLD: 17.260 (39.888)	Grad: 55.476
[Epoch  10 (36.05s)]	ELBO: -8022.289 (-8231.333)	Log prob: -7983.093 (-8191.978)	KLD: 17.466 (39.355)	Grad: 47.429
Training model 3/16...
[Epoch   1 (50.45s)]	ELBO: -7765.139 (-7399.160)	Log prob: -7717.789 (-7349.009)	KLD: 8.163 (50.151)	Grad: 34.158
[Epoch   2 (51.81s)]	ELBO: -7232.355 (-7283.404)	Log prob: -7180.458 (-7231.943)	KLD: 13.320 (51.461)	Grad: 30.650
[Epoch   3 (52.76s)]	ELBO: -7156.861 (-7264.835)	Log prob: -7102.874 (-7211.309)	KLD: 14.950 (53.526)	Grad: 33.486
[Epoch   4 (52.95s)]	ELBO: -7128.352 (-7200.613)	Log prob: -7072.343 (-7148.906)	KLD: 15.664 (51.707)	Grad: 33.651
[Epoch   5 (52.01s)]	ELBO: -7111.120 (-7152.672)	Log prob: -7053.788 (-7096.119)	KLD: 15.869 (56.553)	Grad: 34.381
[Epoch   6 (52.22s)]	ELBO: -7064.204 (-7137.511)	Log prob: -7008.047 (-7080.289)	KLD: 15.761 (57.222)	Grad: 31.371
[Epoch   7 (50.71s)]	ELBO: -7018.771 (-7105.024)	Log prob: -6963.314 (-7050.488)	KLD: 15.750 (54.536)	Grad: 29.808
[Epoch   8 (50.21s)]	ELBO: -6879.653 (-6775.324)	Log prob: -6821.898 (-6715.980)	KLD: 16.119 (59.343)	Grad: 38.979
[Epoch   9 (50.87s)]	ELBO: -6698.375 (-6913.353)	Log prob: -6640.209 (-6860.765)	KLD: 16.383 (52.588)	Grad: 37.554
[Epoch  10 (49.16s)]	ELBO: -6694.367 (-6682.347)	Log prob: -6636.784 (-6622.837)	KLD: 16.560 (59.510)	Grad: 38.967
Training model 4/16...
[Epoch   1 (68.02s)]	ELBO: -6733.624 (-6534.805)	Log prob: -6670.708 (-6472.313)	KLD: 6.426 (62.491)	Grad: 19.110
[Epoch   2 (69.27s)]	ELBO: -6185.147 (-6205.612)	Log prob: -6118.366 (-6137.020)	KLD: 11.127 (68.593)	Grad: 24.410
[Epoch   3 (68.06s)]	ELBO: -6011.720 (-6109.791)	Log prob: -5941.546 (-6036.365)	KLD: 13.780 (73.426)	Grad: 28.719
[Epoch   4 (68.42s)]	ELBO: -5845.793 (-5949.666)	Log prob: -5773.655 (-5878.392)	KLD: 15.037 (71.274)	Grad: 32.123
[Epoch   5 (67.67s)]	ELBO: -5748.529 (-5842.105)	Log prob: -5677.149 (-5771.073)	KLD: 15.343 (71.031)	Grad: 35.644
[Epoch   6 (67.82s)]	ELBO: -5654.163 (-5738.483)	Log prob: -5581.097 (-5665.565)	KLD: 16.027 (72.918)	Grad: 31.041
[Epoch   7 (69.70s)]	ELBO: -5626.903 (-5876.894)	Log prob: -5554.385 (-5805.499)	KLD: 15.676 (71.395)	Grad: 33.266
[Epoch   8 (70.81s)]	ELBO: -5501.768 (-5901.812)	Log prob: -5429.542 (-5831.067)	KLD: 16.135 (70.745)	Grad: 38.262
[Epoch   9 (71.31s)]	ELBO: -5412.180 (-5502.653)	Log prob: -5339.968 (-5430.435)	KLD: 16.263 (72.218)	Grad: 41.073
[Epoch  10 (72.07s)]	ELBO: -5354.424 (-5479.895)	Log prob: -5277.794 (-5406.783)	KLD: 16.052 (73.111)	Grad: 39.926
Training model 5/16...
[Epoch   1 (90.65s)]	ELBO: -5415.808 (-5587.462)	Log prob: -5333.482 (-5504.983)	KLD: 7.381 (82.479)	Grad: 20.280
[Epoch   2 (83.18s)]	ELBO: -5205.125 (-5303.014)	Log prob: -5120.822 (-5219.942)	KLD: 9.869 (83.072)	Grad: 14.335
[Epoch   3 (83.55s)]	ELBO: -5131.483 (-5306.118)	Log prob: -5046.148 (-5221.790)	KLD: 11.635 (84.328)	Grad: 17.726
[Epoch   4 (82.52s)]	ELBO: -5089.205 (-5193.958)	Log prob: -5003.939 (-5108.251)	KLD: 12.790 (85.707)	Grad: 18.973
[Epoch   5 (89.09s)]	ELBO: -5073.588 (-5230.466)	Log prob: -4988.903 (-5145.632)	KLD: 13.569 (84.833)	Grad: 21.899
[Epoch   6 (89.84s)]	ELBO: -5016.021 (-5146.022)	Log prob: -4932.357 (-5062.758)	KLD: 13.955 (83.264)	Grad: 30.823
[Epoch   7 (88.14s)]	ELBO: -4887.316 (-5286.651)	Log prob: -4802.139 (-5202.409)	KLD: 15.269 (84.241)	Grad: 30.022
[Epoch   8 (88.09s)]	ELBO: -4801.557 (-4945.090)	Log prob: -4717.261 (-4854.475)	KLD: 15.252 (90.615)	Grad: 24.070
[Epoch   9 (90.09s)]	ELBO: -4770.799 (-4992.993)	Log prob: -4684.094 (-4906.679)	KLD: 15.063 (86.314)	Grad: 28.042
[Epoch  10 (91.02s)]	ELBO: -4666.717 (-4713.169)	Log prob: -4580.689 (-4628.498)	KLD: 14.749 (84.670)	Grad: 26.836
Training model 6/16...
[Epoch   1 (112.29s)]	ELBO: -4898.903 (-4879.098)	Log prob: -4808.250 (-4788.471)	KLD: 6.254 (90.626)	Grad: 25.963
[Epoch   2 (111.26s)]	ELBO: -4567.764 (-4589.841)	Log prob: -4476.182 (-4499.804)	KLD: 9.676 (90.037)	Grad: 18.683
[Epoch   3 (107.37s)]	ELBO: -4423.886 (-4527.941)	Log prob: -4330.149 (-4429.629)	KLD: 10.619 (98.312)	Grad: 19.222
[Epoch   4 (103.00s)]	ELBO: -4300.436 (-4362.062)	Log prob: -4203.655 (-4265.303)	KLD: 11.161 (96.759)	Grad: 21.251
[Epoch   5 (105.55s)]	ELBO: -4181.469 (-4305.530)	Log prob: -4083.174 (-4208.416)	KLD: 12.514 (97.114)	Grad: 19.450
[Epoch   6 (104.78s)]	ELBO: -4225.585 (-4446.831)	Log prob: -4130.451 (-4358.862)	KLD: 12.853 (87.969)	Grad: 26.624
[Epoch   7 (102.73s)]	ELBO: -4164.438 (-4218.640)	Log prob: -4068.578 (-4123.300)	KLD: 13.331 (95.340)	Grad: 23.841
[Epoch   8 (101.53s)]	ELBO: -4062.167 (-4270.124)	Log prob: -3964.730 (-4174.020)	KLD: 13.577 (96.104)	Grad: 23.550
[Epoch   9 (105.09s)]	ELBO: -4062.752 (-4320.319)	Log prob: -3965.054 (-4223.328)	KLD: 13.865 (96.991)	Grad: 26.258
[Epoch  10 (106.07s)]	ELBO: -3985.666 (-4067.678)	Log prob: -3887.874 (-3971.108)	KLD: 13.972 (96.570)	Grad: 25.386
Training model 7/16...
[Epoch   1 (126.00s)]	ELBO: -4217.690 (-4301.635)	Log prob: -4111.976 (-4196.870)	KLD: 6.718 (104.765)	Grad: 26.802
[Epoch   2 (127.18s)]	ELBO: -3888.663 (-4052.761)	Log prob: -3781.527 (-3944.982)	KLD: 9.493 (107.780)	Grad: 14.464
[Epoch   3 (132.45s)]	ELBO: -3857.454 (-3988.259)	Log prob: -3749.135 (-3877.250)	KLD: 10.725 (111.009)	Grad: 17.847
[Epoch   4 (132.67s)]	ELBO: -3801.821 (-3999.143)	Log prob: -3691.965 (-3886.867)	KLD: 11.724 (112.276)	Grad: 19.534
[Epoch   5 (126.89s)]	ELBO: -3750.427 (-3853.389)	Log prob: -3641.692 (-3748.790)	KLD: 12.182 (104.599)	Grad: 19.543
[Epoch   6 (122.04s)]	ELBO: -3740.513 (-3921.529)	Log prob: -3630.755 (-3806.557)	KLD: 12.851 (114.971)	Grad: 22.697
[Epoch   7 (125.14s)]	ELBO: -3646.186 (-3721.725)	Log prob: -3535.109 (-3611.943)	KLD: 13.643 (109.782)	Grad: 23.503
[Epoch   8 (129.52s)]	ELBO: -3551.924 (-3718.030)	Log prob: -3441.540 (-3605.757)	KLD: 13.799 (112.273)	Grad: 20.524
[Epoch   9 (105.93s)]	ELBO: -4896.068 (-9629.179)	Log prob: -4762.978 (-9506.127)	KLD: 14.172 (123.051)	Grad: 54.668
[Epoch  10 (108.76s)]	ELBO: -6518.764 (-5351.366)	Log prob: -6410.041 (-5239.158)	KLD: 12.668 (112.208)	Grad: 27.045
Training model 8/16...
[Epoch   1 (126.53s)]	ELBO: -5154.223 (-4739.335)	Log prob: -5036.892 (-4619.872)	KLD: 6.057 (119.463)	Grad: 33.810
[Epoch   2 (126.77s)]	ELBO: -4455.536 (-4391.301)	Log prob: -4335.307 (-4271.330)	KLD: 9.748 (119.971)	Grad: 32.436
[Epoch   3 (127.56s)]	ELBO: -4171.432 (-4112.221)	Log prob: -4049.752 (-3989.219)	KLD: 11.191 (123.002)	Grad: 30.036
[Epoch   4 (124.89s)]	ELBO: -3892.285 (-3852.178)	Log prob: -3769.365 (-3732.539)	KLD: 12.321 (119.639)	Grad: 25.378
[Epoch   5 (125.40s)]	ELBO: -3672.692 (-3677.144)	Log prob: -3549.781 (-3552.443)	KLD: 12.593 (124.702)	Grad: 24.892
[Epoch   6 (124.29s)]	ELBO: -3540.175 (-3691.800)	Log prob: -3417.153 (-3570.397)	KLD: 12.935 (121.403)	Grad: 25.183
[Epoch   7 (125.19s)]	ELBO: -3504.043 (-3671.517)	Log prob: -3380.555 (-3544.626)	KLD: 12.949 (126.891)	Grad: 27.022
[Epoch   8 (123.63s)]	ELBO: -3456.366 (-3586.620)	Log prob: -3333.831 (-3468.608)	KLD: 13.111 (118.012)	Grad: 27.511
[Epoch   9 (123.93s)]	ELBO: -3415.894 (-3643.438)	Log prob: -3293.161 (-3517.693)	KLD: 13.316 (125.745)	Grad: 29.538
[Epoch  10 (125.74s)]	ELBO: -3342.608 (-3481.777)	Log prob: -3218.931 (-3356.675)	KLD: 13.429 (125.102)	Grad: 25.544
Training model 9/16...
[Epoch   1 (146.79s)]	ELBO: -3792.219 (-3449.027)	Log prob: -3662.348 (-3317.906)	KLD: 6.524 (131.121)	Grad: 41.924
[Epoch   2 (146.24s)]	ELBO: -3344.495 (-3457.351)	Log prob: -3212.611 (-3323.867)	KLD: 9.425 (133.484)	Grad: 20.308
[Epoch   3 (141.39s)]	ELBO: -3315.695 (-3435.428)	Log prob: -3183.563 (-3305.230)	KLD: 10.467 (130.199)	Grad: 18.829
[Epoch   4 (147.96s)]	ELBO: -3285.705 (-3403.076)	Log prob: -3155.394 (-3269.830)	KLD: 11.232 (133.246)	Grad: 19.092
[Epoch   5 (147.01s)]	ELBO: -3239.681 (-3357.916)	Log prob: -3107.412 (-3225.023)	KLD: 11.733 (132.894)	Grad: 19.175
[Epoch   6 (148.08s)]	ELBO: -3231.900 (-3335.553)	Log prob: -3100.017 (-3204.819)	KLD: 12.198 (130.734)	Grad: 20.502
[Epoch   7 (147.99s)]	ELBO: -3195.736 (-3312.997)	Log prob: -3064.773 (-3185.165)	KLD: 12.262 (127.832)	Grad: 19.463
[Epoch   8 (148.82s)]	ELBO: -3199.186 (-3468.369)	Log prob: -3067.047 (-3333.117)	KLD: 12.780 (135.251)	Grad: 20.902
[Epoch   9 (144.07s)]	ELBO: -3149.654 (-3409.852)	Log prob: -3017.463 (-3273.265)	KLD: 13.002 (136.587)	Grad: 23.122
[Epoch  10 (143.96s)]	ELBO: -3112.317 (-3206.155)	Log prob: -2981.114 (-3077.509)	KLD: 12.721 (128.646)	Grad: 23.499
Training model 10/16...
[Epoch   1 (168.30s)]	ELBO: -3439.100 (-3289.095)	Log prob: -3300.516 (-3147.503)	KLD: 7.555 (141.592)	Grad: 37.726
[Epoch   2 (167.39s)]	ELBO: -3073.391 (-3354.796)	Log prob: -2932.281 (-3207.445)	KLD: 10.514 (147.351)	Grad: 21.823
[Epoch   3 (170.07s)]	ELBO: -3018.760 (-3087.806)	Log prob: -2876.737 (-2944.552)	KLD: 11.426 (143.253)	Grad: 22.393
[Epoch   4 (168.22s)]	ELBO: -2927.500 (-3002.221)	Log prob: -2784.382 (-2862.317)	KLD: 12.135 (139.904)	Grad: 21.622
[Epoch   5 (169.18s)]	ELBO: -2982.896 (-3038.659)	Log prob: -2841.962 (-2897.206)	KLD: 12.390 (141.452)	Grad: 25.892
[Epoch   6 (163.16s)]	ELBO: -3039.594 (-3103.014)	Log prob: -2897.708 (-2961.140)	KLD: 12.610 (141.873)	Grad: 28.363
[Epoch   7 (167.07s)]	ELBO: -2985.370 (-3182.157)	Log prob: -2844.573 (-3037.152)	KLD: 13.377 (145.005)	Grad: 29.305
[Epoch   8 (165.83s)]	ELBO: -2954.378 (-3157.573)	Log prob: -2813.568 (-3014.665)	KLD: 13.914 (142.908)	Grad: 31.156
[Epoch   9 (169.59s)]	ELBO: -2852.352 (-3016.340)	Log prob: -2712.042 (-2879.147)	KLD: 13.828 (137.193)	Grad: 26.456
[Epoch  10 (168.26s)]	ELBO: -2836.014 (-2945.188)	Log prob: -2697.573 (-2806.812)	KLD: 13.226 (138.377)	Grad: 26.378
Training model 11/16...
[Epoch   1 (193.47s)]	ELBO: -3130.999 (-2938.848)	Log prob: -2984.373 (-2793.227)	KLD: 8.022 (145.621)	Grad: 47.885
[Epoch   2 (190.00s)]	ELBO: -109411869504045056.000 (-7932.180)	Log prob: -9254.534 (-7329.624)	KLD: 109411869504045056.000 (602.556)	Grad: 84917915227724144.000
[Epoch   3 (189.25s)]	ELBO: -6704.941 (-6380.842)	Log prob: -6222.177 (-5983.227)	KLD: 60.552 (397.615)	Grad: 394.426
[Epoch   4 (191.04s)]	ELBO: -219706.672 (-6059.795)	Log prob: -5742.370 (-5689.967)	KLD: 53.058 (369.828)	Grad: 1504.247
[Epoch   5 (192.45s)]	ELBO: -5685.816 (-5352.536)	Log prob: -5341.435 (-5023.526)	KLD: 52.640 (329.010)	Grad: 290.599
[Epoch   6 (190.58s)]	ELBO: -5465.727 (-5827.568)	Log prob: -5139.837 (-5491.941)	KLD: 51.744 (335.628)	Grad: 287.019
[Epoch   7 (152.27s)]	ELBO: -5480.437 (-5325.910)	Log prob: -5160.573 (-5033.367)	KLD: 51.292 (292.542)	Grad: 252.110
[Epoch   8 (133.26s)]	ELBO: -5167.102 (-5801.500)	Log prob: -4864.606 (-5500.083)	KLD: 50.026 (301.417)	Grad: 209.909
[Epoch   9 (137.49s)]	ELBO: -5258.066 (-5466.135)	Log prob: -4943.000 (-5143.790)	KLD: 49.660 (322.345)	Grad: 237.179
[Epoch  10 (138.54s)]	ELBO: -5190.300 (-4887.739)	Log prob: -4889.698 (-4596.665)	KLD: 48.584 (291.074)	Grad: 202.901
No improvement after 10 epochs...
Training model 12/16...
[Epoch   1 (154.82s)]	ELBO: -327064736.000 (-7426.366)	Log prob: -15240.933 (-5790.461)	KLD: 327049120.000 (1635.904)	Grad: 463730758.948
[Epoch   2 (157.22s)]	ELBO: -9104.671 (-6965.977)	Log prob: -7387.122 (-5340.451)	KLD: 1425.137 (1625.525)	Grad: 3079.165
[Epoch   3 (154.47s)]	ELBO: -8676.973 (-6731.343)	Log prob: -6968.558 (-5183.885)	KLD: 1417.767 (1547.458)	Grad: 2790.003
[Epoch   4 (152.97s)]	ELBO: -8429.029 (-6469.931)	Log prob: -6716.323 (-4818.971)	KLD: 1423.864 (1650.960)	Grad: 2666.507
[Epoch   5 (151.77s)]	ELBO: -8374.299 (-6748.492)	Log prob: -6652.239 (-4968.860)	KLD: 1431.341 (1779.631)	Grad: 2662.663
[Epoch   6 (154.29s)]	ELBO: -8184.525 (-6004.168)	Log prob: -6486.269 (-4607.563)	KLD: 1403.255 (1396.606)	Grad: 2518.543
[Epoch   7 (152.90s)]	ELBO: -8033.698 (-6535.709)	Log prob: -6333.192 (-4744.544)	KLD: 1412.502 (1791.165)	Grad: 2468.170
[Epoch   8 (150.78s)]	ELBO: -7968.607 (-6105.928)	Log prob: -6267.080 (-4886.943)	KLD: 1408.066 (1218.985)	Grad: 2445.660
[Epoch   9 (154.56s)]	ELBO: -7823.706 (-6300.070)	Log prob: -6138.618 (-4721.736)	KLD: 1397.731 (1578.334)	Grad: 2418.503
[Epoch  10 (154.90s)]	ELBO: -7616.661 (-6752.977)	Log prob: -5957.918 (-5054.009)	KLD: 1373.925 (1698.969)	Grad: 2311.861
Training model 13/16...
[Epoch   1 (175.09s)]	ELBO: -344809.406 (-6980.585)	Log prob: -8861.626 (-5342.580)	KLD: 334257.375 (1638.006)	Grad: 460460.348
[Epoch   2 (139.88s)]	ELBO: -7871.146 (-6552.902)	Log prob: -6017.902 (-5168.376)	KLD: 209.167 (1384.527)	Grad: 568.935
[Epoch   3 (131.36s)]	ELBO: -7443.216 (-6907.890)	Log prob: -5725.664 (-5335.109)	KLD: 44.778 (1572.781)	Grad: 365.259
[Epoch   4 (128.42s)]	ELBO: -7240.012 (-6587.271)	Log prob: -5555.882 (-4609.467)	KLD: 43.016 (1977.804)	Grad: 300.570
[Epoch   5 (133.34s)]	ELBO: -6994.372 (-6249.902)	Log prob: -5337.797 (-4601.146)	KLD: 29.017 (1648.756)	Grad: 238.568
[Epoch   6 (129.48s)]	ELBO: -7003.845 (-5724.551)	Log prob: -5367.615 (-4548.014)	KLD: 20.828 (1176.537)	Grad: 232.919
[Epoch   7 (133.14s)]	ELBO: -6914.438 (-5724.279)	Log prob: -5286.404 (-4300.466)	KLD: 25.642 (1423.813)	Grad: 224.478
[Epoch   8 (139.97s)]	ELBO: -6834.127 (-6661.282)	Log prob: -5221.018 (-5124.470)	KLD: 17.974 (1536.812)	Grad: 204.560
[Epoch   9 (138.52s)]	ELBO: -6852.666 (-6418.967)	Log prob: -5266.684 (-4590.886)	KLD: 15.438 (1828.081)	Grad: 193.181
[Epoch  10 (137.10s)]	ELBO: -6655.464 (-5857.829)	Log prob: -5105.488 (-4415.841)	KLD: 13.651 (1441.988)	Grad: 158.582
Training model 14/16...
[Epoch   1 (150.73s)]	ELBO: -8752.710 (-6326.689)	Log prob: -7026.470 (-4703.568)	KLD: 192.719 (1623.121)	Grad: 744.336
[Epoch   2 (140.68s)]	ELBO: -6484.621 (-6318.028)	Log prob: -5011.764 (-4475.250)	KLD: 13.531 (1842.779)	Grad: 297.494
[Epoch   3 (132.33s)]	ELBO: -6186.268 (-5757.784)	Log prob: -4781.333 (-4441.862)	KLD: 12.549 (1315.922)	Grad: 242.245
[Epoch   4 (129.39s)]	ELBO: -6158.663 (-5834.623)	Log prob: -4804.368 (-4706.945)	KLD: 11.878 (1127.678)	Grad: 232.111
[Epoch   5 (129.29s)]	ELBO: -6241.946 (-6219.170)	Log prob: -4934.583 (-4751.783)	KLD: 12.206 (1467.387)	Grad: 231.852
[Epoch   6 (129.67s)]	ELBO: -6048.175 (-6158.540)	Log prob: -4798.317 (-5178.304)	KLD: 11.608 (980.235)	Grad: 189.730
[Epoch   7 (130.29s)]	ELBO: -5730.828 (-5681.192)	Log prob: -4549.544 (-4443.599)	KLD: 11.191 (1237.593)	Grad: 189.167
[Epoch   8 (129.48s)]	ELBO: -5733.479 (-5199.683)	Log prob: -4596.562 (-4283.452)	KLD: 10.728 (916.231)	Grad: 170.108
[Epoch   9 (130.36s)]	ELBO: -5582.563 (-5211.748)	Log prob: -4505.038 (-4247.506)	KLD: 11.051 (964.242)	Grad: 160.316
[Epoch  10 (131.05s)]	ELBO: -5393.008 (-5169.325)	Log prob: -4390.619 (-4296.044)	KLD: 9.158 (873.281)	Grad: 122.925
Training model 15/16...
[Epoch   1 (142.05s)]	ELBO: -6779.775 (-5389.252)	Log prob: -5815.366 (-4611.081)	KLD: 25.579 (778.171)	Grad: 600.531
[Epoch   2 (143.68s)]	ELBO: -5411.597 (-5088.345)	Log prob: -4548.313 (-4342.620)	KLD: 15.189 (745.725)	Grad: 334.720
[Epoch   3 (141.93s)]	ELBO: -5174.299 (-5232.594)	Log prob: -4422.736 (-4486.488)	KLD: 14.109 (746.106)	Grad: 248.260
[Epoch   4 (142.22s)]	ELBO: -5053.994 (-5171.520)	Log prob: -4363.912 (-4539.051)	KLD: 13.060 (632.469)	Grad: 234.289
[Epoch   5 (143.59s)]	ELBO: -4900.804 (-4702.465)	Log prob: -4274.346 (-4184.742)	KLD: 12.143 (517.724)	Grad: 204.297
[Epoch   6 (141.48s)]	ELBO: -4874.056 (-4984.814)	Log prob: -4283.702 (-4374.377)	KLD: 11.603 (610.437)	Grad: 215.213
[Epoch   7 (143.26s)]	ELBO: -4848.468 (-5264.397)	Log prob: -4305.466 (-4697.994)	KLD: 11.814 (566.403)	Grad: 221.411
[Epoch   8 (141.47s)]	ELBO: -4673.393 (-5161.185)	Log prob: -4184.907 (-4669.467)	KLD: 15.924 (491.719)	Grad: 173.569
[Epoch   9 (143.28s)]	ELBO: -4705.169 (-4812.409)	Log prob: -4244.766 (-4381.129)	KLD: 10.467 (431.280)	Grad: 167.203
[Epoch  10 (143.19s)]	ELBO: -4634.532 (-5216.778)	Log prob: -4202.210 (-4828.092)	KLD: 10.631 (388.687)	Grad: 162.761
Training model 16/16...
[Epoch   1 (154.88s)]	ELBO: -42697.422 (-5039.856)	Log prob: -7273.433 (-4660.101)	KLD: 35025.766 (379.755)	Grad: 41938.333
[Epoch   2 (156.06s)]	ELBO: -4837.906 (-4802.891)	Log prob: -4433.516 (-4345.493)	KLD: 18.067 (457.398)	Grad: 415.087
[Epoch   3 (155.13s)]	ELBO: -4739.196 (-4570.798)	Log prob: -4336.308 (-4253.161)	KLD: 14.041 (317.636)	Grad: 312.729
[Epoch   4 (156.37s)]	ELBO: -4580.564 (-4972.400)	Log prob: -4233.688 (-4579.467)	KLD: 11.765 (392.933)	Grad: 227.683
[Epoch   5 (154.93s)]	ELBO: -4543.040 (-4637.697)	Log prob: -4181.352 (-4316.561)	KLD: 10.734 (321.136)	Grad: 206.879
[Epoch   6 (155.80s)]	ELBO: -4517.577 (-4736.361)	Log prob: -4182.841 (-4372.330)	KLD: 10.684 (364.031)	Grad: 232.311
[Epoch   7 (155.05s)]	ELBO: -4454.157 (-5311.824)	Log prob: -4136.359 (-4940.897)	KLD: 9.953 (370.927)	Grad: 187.656
[Epoch   8 (155.00s)]	ELBO: -4440.886 (-4439.403)	Log prob: -4129.423 (-4169.915)	KLD: 10.007 (269.488)	Grad: 169.105
[Epoch   9 (155.27s)]	ELBO: -4361.168 (-5100.588)	Log prob: -4057.148 (-4823.608)	KLD: 8.935 (276.980)	Grad: 143.908
[Epoch  10 (154.18s)]	ELBO: -4405.083 (-4495.228)	Log prob: -4108.689 (-4210.650)	KLD: 9.684 (284.578)	Grad: 148.701
Best epoch(s): [9, 9, 10, 10, 10, 10, 8, 10, 10, 10, 1, 6, 7, 10, 5, 8]	Training time(s): 258.80s, 391.72s, 513.16s, 693.14s, 876.16s, 1059.67s, 1236.58s, 1253.93s, 1462.30s, 1677.09s, 1708.36s, 1538.69s, 1386.28s, 1333.28s, 1426.14s, 1552.67s (18367.97s)	Best ELBO: -4361.168 (-4439.403)	Best log prob: -4057.148 (-4169.915)
Avg. mu: 1.153, -0.890, 0.478, -1.950, -0.684, -0.530, -0.499, -0.082, 0.009, 0.776, -0.327, 0.415, -0.262, -0.726, 0.387, 0.322, -0.366, -1.426, -0.116, 0.052, 0.466, 0.760, 0.230, 1.505, 0.123, 0.155, -0.356, 0.058, 0.504, -2.051, -1.352, -1.166, 0.637, -0.958, 1.176, 1.659, 0.115, 0.883, -0.327, 0.018, -1.000, -0.538, -0.328, 1.140, -0.311, -0.663, 1.107, -1.367, 1.442, 1.083, 0.198, 0.751, 1.751, 0.744, -2.527, 3.122, -0.158, -1.271, 0.405, 1.670, 1.731, 0.010, 0.258, 0.063
Avg. var: 0.001, 0.000, 0.001, 0.000, 0.003, 0.003, 0.003, 0.001, 0.005, 0.006, 0.004, 0.003, 0.002, 0.003, 0.004, 0.006, 0.006, 0.003, 0.006, 0.038, 0.004, 0.012, 0.015, 0.012, 0.007, 0.035, 0.005, 0.010, 0.040, 0.017, 0.036, 0.099, 0.647, 0.224, 0.187, 0.036, 0.661, 0.161, 0.731, 0.000, 0.000, 0.560, 0.000, 1.010, 0.042, 48.505, 0.048, 0.054, 0.082, 0.059, 0.295, 0.194, 0.136, 0.034, 0.070, 0.036, 0.043, 0.076, 0.176, 0.011, 0.014, 0.008, 2.753, 0.025
Max. mu: 21.766, 9.024, 15.910, 8.926, 17.418, 18.605, 12.782, 12.656, 9.748, 20.392, 11.607, 12.341, 9.988, 8.699, 9.454, 9.497, 5.877, 8.109, 9.245, 11.670, 6.046, 6.293, 12.101, 8.415, 5.212, 6.868, 7.883, 7.027, 5.286, 2.095, 6.395, 4.178, 4.777, 3.279, 11.108, 4.688, 1.850, 5.030, 2.153, 1.328, 0.251, 0.724, 0.930, 2.814, 1.343, 1.020, 3.552, 0.569, 4.006, 4.317, 2.171, 1.898, 3.427, 2.102, -0.504, 6.146, 1.847, -0.300, 1.622, 3.485, 3.177, 5.178, 1.733, 1.197
Max. var: 0.007, 0.001, 0.010, 0.006, 0.009, 0.011, 0.011, 0.006, 0.034, 0.028, 0.014, 0.014, 0.025, 0.013, 0.026, 0.054, 0.021, 0.027, 0.165, 0.388, 0.033, 0.071, 0.080, 64.053, 0.441, 0.906, 0.044, 0.140, 0.233, 0.964, 0.435, 1.140, 1.661, 0.939, 0.780, 0.426, 1.704, 0.519, 2.196, 0.030, 0.001, 4.853, 0.000, 7.974, 0.475, 1086.890, 0.266, 0.366, 0.472, 0.314, 1.226, 3.890, 0.552, 0.485, 0.399, 1.334, 0.373, 0.447, 0.652, 0.342, 0.767, 0.268, 249.000, 1.608
Min. mu: -10.455, -14.066, -10.533, -9.526, -18.124, -15.472, -21.642, -15.956, -10.955, -10.271, -11.988, -11.008, -7.568, -18.847, -9.985, -8.815, -13.139, -9.977, -10.394, -8.902, -6.740, -9.479, -6.079, -4.482, -6.855, -7.792, -7.898, -6.368, -6.588, -9.018, -9.714, -10.180, -1.692, -2.484, -0.635, -2.215, -1.247, -0.573, -4.184, -5.519, -4.233, -1.609, -1.597, -0.687, -4.079, -2.084, -0.423, -4.116, 0.441, -0.009, -0.927, -0.167, -0.981, -0.425, -5.232, 0.777, -1.149, -5.953, -2.370, 0.448, -0.009, -1.359, -2.199, -2.084
Min. var: 0.000, 0.000, 0.000, 0.000, 0.000, 0.001, 0.001, 0.000, 0.002, 0.002, 0.002, 0.001, 0.000, 0.001, 0.001, 0.002, 0.000, 0.001, 0.002, 0.006, 0.001, 0.003, 0.001, 0.000, 0.000, 0.001, 0.000, 0.000, 0.000, 0.000, 0.003, 0.002, 0.010, 0.000, 0.058, 0.004, 0.009, 0.003, 0.001, 0.000, 0.000, 0.059, 0.000, 0.082, 0.002, 0.203, 0.001, 0.000, 0.007, 0.000, 0.079, 0.000, 0.007, 0.000, 0.005, 0.000, 0.002, 0.000, 0.000, 0.000, 0.000, 0.000, 0.086, 0.000
Cov. mu:
[[10.865 1.402 0.568 ... 0.320 0.118 -0.070]
 [1.402 5.371 0.115 ... -0.007 -0.115 0.123]
 [0.568 0.115 8.090 ... 0.187 -0.195 -0.074]
 ...
 [0.320 -0.007 0.187 ... 0.071 0.009 -0.017]
 [0.118 -0.115 -0.195 ... 0.009 0.074 -0.017]
 [-0.070 0.123 -0.074 ... -0.017 -0.017 0.029]]
