Seed: 2020
=================================================================
Layer (type:depth-idx)                   Param #
=================================================================
VAE                                      --
├─Encoder: 1-1                           --
│    └─Linear: 2-1                       76,930
│    └─Linear: 2-2                       9,702
├─Decoder: 1-2                           --
│    └─Linear: 2-3                       9,702
│    └─Linear: 2-4                       77,616
=================================================================
Total params: 173,950
Trainable params: 173,950
Non-trainable params: 0
=================================================================
[Epoch   1 (12.64s)]	ELBO (bits/dim): 2.44608 (2.66849)	Reconstruction error (/dim): 0.07798 (0.06498)	KLD: 0.594, 0.384, 1.447, 0.450, 1.162, 0.368, 0.306, 0.340, 1.542, 0.242 (12.452)	Grad: 0.1
[Epoch   2 (12.60s)]	ELBO (bits/dim): 2.82159 (2.90934)	Reconstruction error (/dim): 0.05525 (0.04925)	KLD: 1.705, 1.574, 3.337, 2.126, 2.603, 1.440, 0.547, 1.979, 2.957, 1.755 (22.541)	Grad: 0.1
[Epoch   3 (13.35s)]	ELBO (bits/dim): 2.95535 (3.02703)	Reconstruction error (/dim): 0.04542 (0.03962)	KLD: 2.236, 2.076, 3.439, 2.445, 2.921, 2.437, 1.428, 2.498, 2.935, 2.228 (26.879)	Grad: 0.1
[Epoch   4 (12.72s)]	ELBO (bits/dim): 3.04003 (3.08042)	Reconstruction error (/dim): 0.03919 (0.03622)	KLD: 2.359, 2.521, 3.343, 2.615, 3.064, 2.599, 2.241, 2.850, 2.920, 2.461 (27.678)	Grad: 0.1
[Epoch   5 (12.67s)]	ELBO (bits/dim): 3.08513 (3.11648)	Reconstruction error (/dim): 0.03606 (0.03377)	KLD: 2.428, 2.590, 3.417, 2.763, 3.030, 2.717, 2.329, 2.823, 3.035, 2.508 (28.052)	Grad: 0.1
[Epoch   6 (12.62s)]	ELBO (bits/dim): 3.11113 (3.13562)	Reconstruction error (/dim): 0.03437 (0.03223)	KLD: 2.453, 2.602, 3.488, 2.724, 3.018, 2.702, 2.361, 2.791, 2.993, 2.529 (28.036)	Grad: 0.1
[Epoch   7 (12.89s)]	ELBO (bits/dim): 3.12962 (3.15313)	Reconstruction error (/dim): 0.03313 (0.03124)	KLD: 2.477, 2.617, 3.459, 2.713, 2.996, 2.683, 2.402, 2.823, 2.945, 2.534 (27.995)	Grad: 0.1
[Epoch   8 (12.39s)]	ELBO (bits/dim): 3.14490 (3.16495)	Reconstruction error (/dim): 0.03209 (0.03065)	KLD: 2.522, 2.631, 3.439, 2.711, 2.995, 2.674, 2.433, 2.819, 2.883, 2.530 (27.976)	Grad: 0.1
[Epoch   9 (12.60s)]	ELBO (bits/dim): 3.15657 (3.17540)	Reconstruction error (/dim): 0.03132 (0.02959)	KLD: 2.542, 2.631, 3.405, 2.693, 2.976, 2.655, 2.440, 2.808, 2.848, 2.534 (27.588)	Grad: 0.1
[Epoch  10 (12.34s)]	ELBO (bits/dim): 3.16725 (3.18476)	Reconstruction error (/dim): 0.03054 (0.02915)	KLD: 2.578, 2.636, 3.397, 2.678, 2.978, 2.638, 2.443, 2.817, 2.831, 2.528 (27.528)	Grad: 0.1
[Epoch  11 (13.22s)]	ELBO (bits/dim): 3.17586 (3.19222)	Reconstruction error (/dim): 0.02996 (0.02858)	KLD: 2.613, 2.618, 3.382, 2.680, 2.962, 2.622, 2.453, 2.796, 2.819, 2.536 (27.289)	Grad: 0.1
[Epoch  12 (12.18s)]	ELBO (bits/dim): 3.18291 (3.19801)	Reconstruction error (/dim): 0.02948 (0.02828)	KLD: 2.624, 2.599, 3.349, 2.682, 2.949, 2.627, 2.464, 2.794, 2.792, 2.537 (27.744)	Grad: 0.1
[Epoch  13 (12.00s)]	ELBO (bits/dim): 3.18925 (3.20532)	Reconstruction error (/dim): 0.02906 (0.02768)	KLD: 2.642, 2.595, 3.335, 2.669, 2.939, 2.615, 2.468, 2.783, 2.769, 2.543 (27.303)	Grad: 0.1
[Epoch  14 (11.71s)]	ELBO (bits/dim): 3.19548 (3.20966)	Reconstruction error (/dim): 0.02863 (0.02745)	KLD: 2.631, 2.571, 3.330, 2.682, 2.932, 2.602, 2.483, 2.797, 2.753, 2.543 (27.512)	Grad: 0.1
[Epoch  15 (12.06s)]	ELBO (bits/dim): 3.20035 (3.21446)	Reconstruction error (/dim): 0.02830 (0.02714)	KLD: 2.645, 2.561, 3.319, 2.673, 2.922, 2.594, 2.462, 2.769, 2.743, 2.546 (27.587)	Grad: 0.1
[Epoch  16 (12.16s)]	ELBO (bits/dim): 3.20502 (3.21735)	Reconstruction error (/dim): 0.02799 (0.02692)	KLD: 2.649, 2.565, 3.314, 2.661, 2.917, 2.593, 2.466, 2.775, 2.730, 2.549 (27.249)	Grad: 0.1
[Epoch  17 (12.13s)]	ELBO (bits/dim): 3.20901 (3.22188)	Reconstruction error (/dim): 0.02771 (0.02661)	KLD: 2.656, 2.563, 3.309, 2.665, 2.914, 2.582, 2.473, 2.773, 2.706, 2.550 (27.339)	Grad: 0.1
[Epoch  18 (12.63s)]	ELBO (bits/dim): 3.21275 (3.22422)	Reconstruction error (/dim): 0.02745 (0.02651)	KLD: 2.658, 2.551, 3.304, 2.659, 2.910, 2.585, 2.473, 2.773, 2.692, 2.549 (27.170)	Grad: 0.1
[Epoch  19 (12.08s)]	ELBO (bits/dim): 3.21632 (3.22870)	Reconstruction error (/dim): 0.02721 (0.02622)	KLD: 2.651, 2.549, 3.302, 2.658, 2.904, 2.576, 2.474, 2.762, 2.693, 2.557 (27.140)	Grad: 0.1
[Epoch  20 (11.87s)]	ELBO (bits/dim): 3.21949 (3.23240)	Reconstruction error (/dim): 0.02698 (0.02589)	KLD: 2.664, 2.551, 3.303, 2.658, 2.920, 2.591, 2.473, 2.766, 2.677, 2.568 (27.191)	Grad: 0.1
[Epoch  21 (11.72s)]	ELBO (bits/dim): 3.22240 (3.23462)	Reconstruction error (/dim): 0.02679 (0.02581)	KLD: 2.671, 2.555, 3.292, 2.656, 2.910, 2.580, 2.471, 2.755, 2.675, 2.557 (27.259)	Grad: 0.1
[Epoch  22 (11.80s)]	ELBO (bits/dim): 3.22550 (3.23815)	Reconstruction error (/dim): 0.02657 (0.02553)	KLD: 2.675, 2.553, 3.279, 2.664, 2.917, 2.583, 2.480, 2.765, 2.658, 2.571 (27.040)	Grad: 0.1
[Epoch  23 (11.82s)]	ELBO (bits/dim): 3.22762 (3.23797)	Reconstruction error (/dim): 0.02642 (0.02553)	KLD: 2.684, 2.547, 3.274, 2.652, 2.910, 2.579, 2.481, 2.758, 2.662, 2.577 (27.538)	Grad: 0.1
[Epoch  24 (11.88s)]	ELBO (bits/dim): 3.22992 (3.23966)	Reconstruction error (/dim): 0.02625 (0.02557)	KLD: 2.677, 2.559, 3.265, 2.654, 2.915, 2.584, 2.479, 2.772, 2.668, 2.569 (27.228)	Grad: 0.1
[Epoch  25 (11.81s)]	ELBO (bits/dim): 3.23232 (3.24227)	Reconstruction error (/dim): 0.02610 (0.02526)	KLD: 2.691, 2.556, 3.262, 2.648, 2.914, 2.580, 2.481, 2.770, 2.660, 2.578 (27.354)	Grad: 0.1
[Epoch  26 (11.87s)]	ELBO (bits/dim): 3.23406 (3.24432)	Reconstruction error (/dim): 0.02599 (0.02510)	KLD: 2.697, 2.553, 3.255, 2.656, 2.926, 2.576, 2.484, 2.774, 2.658, 2.580 (27.227)	Grad: 0.1
[Epoch  27 (12.15s)]	ELBO (bits/dim): 3.23615 (3.24597)	Reconstruction error (/dim): 0.02582 (0.02499)	KLD: 2.679, 2.554, 3.249, 2.649, 2.923, 2.576, 2.483, 2.773, 2.649, 2.572 (27.581)	Grad: 0.1
[Epoch  28 (12.04s)]	ELBO (bits/dim): 3.23779 (3.24748)	Reconstruction error (/dim): 0.02572 (0.02492)	KLD: 2.690, 2.561, 3.246, 2.648, 2.919, 2.587, 2.491, 2.772, 2.658, 2.575 (27.276)	Grad: 0.1
[Epoch  29 (11.85s)]	ELBO (bits/dim): 3.23958 (3.24848)	Reconstruction error (/dim): 0.02560 (0.02485)	KLD: 2.689, 2.557, 3.249, 2.662, 2.925, 2.581, 2.490, 2.769, 2.661, 2.572 (26.985)	Grad: 0.1
[Epoch  30 (11.95s)]	ELBO (bits/dim): 3.24091 (3.25114)	Reconstruction error (/dim): 0.02550 (0.02460)	KLD: 2.707, 2.560, 3.248, 2.651, 2.932, 2.594, 2.494, 2.766, 2.652, 2.590 (27.282)	Grad: 0.1
[Epoch  31 (12.16s)]	ELBO (bits/dim): 3.24217 (3.25048)	Reconstruction error (/dim): 0.02541 (0.02476)	KLD: 2.692, 2.568, 3.256, 2.654, 2.929, 2.587, 2.496, 2.780, 2.651, 2.594 (27.310)	Grad: 0.1
[Epoch  32 (11.61s)]	ELBO (bits/dim): 3.24346 (3.25286)	Reconstruction error (/dim): 0.02533 (0.02447)	KLD: 2.689, 2.560, 3.238, 2.649, 2.926, 2.590, 2.496, 2.766, 2.644, 2.592 (27.264)	Grad: 0.1
[Epoch  33 (11.87s)]	ELBO (bits/dim): 3.24489 (3.25369)	Reconstruction error (/dim): 0.02521 (0.02447)	KLD: 2.697, 2.564, 3.238, 2.652, 2.927, 2.587, 2.497, 2.772, 2.648, 2.584 (27.284)	Grad: 0.1
[Epoch  34 (12.13s)]	ELBO (bits/dim): 3.24610 (3.25425)	Reconstruction error (/dim): 0.02515 (0.02444)	KLD: 2.699, 2.568, 3.233, 2.658, 2.937, 2.583, 2.506, 2.776, 2.653, 2.596 (27.151)	Grad: 0.1
[Epoch  35 (11.77s)]	ELBO (bits/dim): 3.24705 (3.25315)	Reconstruction error (/dim): 0.02507 (0.02469)	KLD: 2.700, 2.567, 3.241, 2.653, 2.926, 2.586, 2.505, 2.782, 2.653, 2.599 (27.195)	Grad: 0.1
[Epoch  36 (12.14s)]	ELBO (bits/dim): 3.24813 (3.25581)	Reconstruction error (/dim): 0.02498 (0.02437)	KLD: 2.698, 2.560, 3.240, 2.661, 2.944, 2.594, 2.505, 2.785, 2.658, 2.593 (27.690)	Grad: 0.1
[Epoch  37 (11.93s)]	ELBO (bits/dim): 3.24935 (3.25576)	Reconstruction error (/dim): 0.02492 (0.02432)	KLD: 2.699, 2.562, 3.232, 2.651, 2.929, 2.593, 2.495, 2.784, 2.655, 2.602 (27.323)	Grad: 0.1
[Epoch  38 (11.86s)]	ELBO (bits/dim): 3.25040 (3.25721)	Reconstruction error (/dim): 0.02485 (0.02432)	KLD: 2.710, 2.564, 3.231, 2.654, 2.928, 2.588, 2.500, 2.775, 2.649, 2.606 (27.057)	Grad: 0.1
[Epoch  39 (12.20s)]	ELBO (bits/dim): 3.25096 (3.25741)	Reconstruction error (/dim): 0.02480 (0.02424)	KLD: 2.708, 2.577, 3.236, 2.660, 2.932, 2.595, 2.509, 2.790, 2.649, 2.604 (27.176)	Grad: 0.1
[Epoch  40 (12.29s)]	ELBO (bits/dim): 3.25192 (3.25839)	Reconstruction error (/dim): 0.02475 (0.02420)	KLD: 2.709, 2.578, 3.230, 2.656, 2.939, 2.596, 2.505, 2.784, 2.650, 2.600 (27.177)	Grad: 0.1
[Epoch  41 (12.27s)]	ELBO (bits/dim): 3.25296 (3.26008)	Reconstruction error (/dim): 0.02466 (0.02407)	KLD: 2.712, 2.578, 3.218, 2.662, 2.929, 2.595, 2.508, 2.786, 2.651, 2.610 (27.190)	Grad: 0.1
[Epoch  42 (12.12s)]	ELBO (bits/dim): 3.25392 (3.26023)	Reconstruction error (/dim): 0.02459 (0.02410)	KLD: 2.715, 2.564, 3.226, 2.662, 2.926, 2.597, 2.508, 2.787, 2.650, 2.602 (27.457)	Grad: 0.1
[Epoch  43 (11.81s)]	ELBO (bits/dim): 3.25485 (3.26068)	Reconstruction error (/dim): 0.02453 (0.02395)	KLD: 2.716, 2.575, 3.221, 2.657, 2.941, 2.610, 2.512, 2.794, 2.653, 2.617 (27.199)	Grad: 0.1
[Epoch  44 (11.92s)]	ELBO (bits/dim): 3.25552 (3.26168)	Reconstruction error (/dim): 0.02448 (0.02400)	KLD: 2.714, 2.577, 3.223, 2.663, 2.938, 2.606, 2.513, 2.798, 2.652, 2.618 (27.330)	Grad: 0.1
[Epoch  45 (11.70s)]	ELBO (bits/dim): 3.25646 (3.26195)	Reconstruction error (/dim): 0.02441 (0.02391)	KLD: 2.722, 2.565, 3.218, 2.666, 2.944, 2.594, 2.516, 2.801, 2.645, 2.614 (27.426)	Grad: 0.1
[Epoch  46 (11.79s)]	ELBO (bits/dim): 3.25684 (3.26200)	Reconstruction error (/dim): 0.02441 (0.02406)	KLD: 2.716, 2.575, 3.218, 2.659, 2.943, 2.603, 2.509, 2.795, 2.641, 2.611 (27.152)	Grad: 0.1
[Epoch  47 (11.79s)]	ELBO (bits/dim): 3.25778 (3.26164)	Reconstruction error (/dim): 0.02432 (0.02400)	KLD: 2.719, 2.578, 3.216, 2.652, 2.946, 2.608, 2.501, 2.793, 2.653, 2.624 (27.543)	Grad: 0.1
[Epoch  48 (11.88s)]	ELBO (bits/dim): 3.25849 (3.26460)	Reconstruction error (/dim): 0.02428 (0.02373)	KLD: 2.724, 2.575, 3.212, 2.652, 2.948, 2.610, 2.510, 2.803, 2.642, 2.618 (27.245)	Grad: 0.1
[Epoch  49 (11.59s)]	ELBO (bits/dim): 3.25924 (3.26539)	Reconstruction error (/dim): 0.02425 (0.02373)	KLD: 2.724, 2.576, 3.210, 2.662, 2.941, 2.605, 2.515, 2.805, 2.651, 2.616 (27.384)	Grad: 0.1
[Epoch  50 (11.53s)]	ELBO (bits/dim): 3.25960 (3.26565)	Reconstruction error (/dim): 0.02421 (0.02374)	KLD: 2.730, 2.579, 3.217, 2.658, 2.943, 2.606, 2.512, 2.797, 2.643, 2.620 (27.411)	Grad: 0.1
[Epoch  51 (11.57s)]	ELBO (bits/dim): 3.26045 (3.26482)	Reconstruction error (/dim): 0.02415 (0.02377)	KLD: 2.729, 2.578, 3.215, 2.656, 2.939, 2.614, 2.514, 2.804, 2.643, 2.624 (27.360)	Grad: 0.1
[Epoch  52 (11.92s)]	ELBO (bits/dim): 3.26080 (3.26663)	Reconstruction error (/dim): 0.02412 (0.02369)	KLD: 2.735, 2.575, 3.218, 2.661, 2.940, 2.613, 2.523, 2.815, 2.646, 2.629 (27.217)	Grad: 0.1
[Epoch  53 (11.89s)]	ELBO (bits/dim): 3.26141 (3.26786)	Reconstruction error (/dim): 0.02408 (0.02350)	KLD: 2.741, 2.575, 3.212, 2.663, 2.942, 2.611, 2.517, 2.816, 2.641, 2.632 (27.122)	Grad: 0.1
[Epoch  54 (12.11s)]	ELBO (bits/dim): 3.26184 (3.26822)	Reconstruction error (/dim): 0.02405 (0.02351)	KLD: 2.749, 2.577, 3.212, 2.671, 2.947, 2.618, 2.516, 2.817, 2.652, 2.640 (27.275)	Grad: 0.1
[Epoch  55 (11.90s)]	ELBO (bits/dim): 3.26255 (3.26791)	Reconstruction error (/dim): 0.02400 (0.02362)	KLD: 2.741, 2.570, 3.208, 2.665, 2.941, 2.609, 2.513, 2.805, 2.640, 2.642 (27.225)	Grad: 0.1
[Epoch  56 (11.78s)]	ELBO (bits/dim): 3.26313 (3.26778)	Reconstruction error (/dim): 0.02396 (0.02356)	KLD: 2.740, 2.577, 3.208, 2.659, 2.942, 2.621, 2.519, 2.815, 2.650, 2.634 (27.556)	Grad: 0.1
[Epoch  57 (12.59s)]	ELBO (bits/dim): 3.26353 (3.26780)	Reconstruction error (/dim): 0.02393 (0.02356)	KLD: 2.745, 2.573, 3.199, 2.661, 2.950, 2.623, 2.522, 2.815, 2.646, 2.634 (27.420)	Grad: 0.1
[Epoch  58 (11.97s)]	ELBO (bits/dim): 3.26403 (3.26908)	Reconstruction error (/dim): 0.02390 (0.02343)	KLD: 2.747, 2.585, 3.206, 2.665, 2.940, 2.627, 2.511, 2.818, 2.650, 2.647 (27.386)	Grad: 0.1
[Epoch  59 (11.66s)]	ELBO (bits/dim): 3.26461 (3.26953)	Reconstruction error (/dim): 0.02387 (0.02345)	KLD: 2.750, 2.576, 3.207, 2.662, 2.944, 2.630, 2.517, 2.817, 2.650, 2.639 (27.119)	Grad: 0.1
[Epoch  60 (11.75s)]	ELBO (bits/dim): 3.26496 (3.26848)	Reconstruction error (/dim): 0.02384 (0.02360)	KLD: 2.752, 2.578, 3.202, 2.663, 2.948, 2.625, 2.521, 2.822, 2.647, 2.641 (27.054)	Grad: 0.1
[Epoch  61 (11.98s)]	ELBO (bits/dim): 3.26571 (3.27048)	Reconstruction error (/dim): 0.02378 (0.02337)	KLD: 2.747, 2.579, 3.204, 2.666, 2.950, 2.625, 2.519, 2.826, 2.650, 2.637 (27.352)	Grad: 0.1
[Epoch  62 (11.94s)]	ELBO (bits/dim): 3.26584 (3.27062)	Reconstruction error (/dim): 0.02377 (0.02340)	KLD: 2.745, 2.580, 3.207, 2.670, 2.952, 2.626, 2.514, 2.832, 2.651, 2.640 (27.400)	Grad: 0.1
[Epoch  63 (11.95s)]	ELBO (bits/dim): 3.26632 (3.27052)	Reconstruction error (/dim): 0.02373 (0.02340)	KLD: 2.746, 2.586, 3.202, 2.676, 2.955, 2.634, 2.511, 2.831, 2.648, 2.651 (27.361)	Grad: 0.1
[Epoch  64 (11.85s)]	ELBO (bits/dim): 3.26695 (3.27056)	Reconstruction error (/dim): 0.02369 (0.02325)	KLD: 2.752, 2.582, 3.193, 2.666, 2.956, 2.631, 2.527, 2.830, 2.642, 2.647 (27.258)	Grad: 0.1
[Epoch  65 (12.05s)]	ELBO (bits/dim): 3.26719 (3.27128)	Reconstruction error (/dim): 0.02367 (0.02330)	KLD: 2.753, 2.580, 3.199, 2.665, 2.957, 2.639, 2.518, 2.840, 2.649, 2.649 (27.054)	Grad: 0.1
[Epoch  66 (11.83s)]	ELBO (bits/dim): 3.26776 (3.27255)	Reconstruction error (/dim): 0.02365 (0.02322)	KLD: 2.765, 2.583, 3.192, 2.664, 2.950, 2.629, 2.513, 2.838, 2.641, 2.638 (27.607)	Grad: 0.1
[Epoch  67 (11.52s)]	ELBO (bits/dim): 3.26796 (3.27300)	Reconstruction error (/dim): 0.02363 (0.02324)	KLD: 2.761, 2.578, 3.197, 2.665, 2.958, 2.639, 2.530, 2.834, 2.647, 2.653 (27.393)	Grad: 0.1
[Epoch  68 (11.63s)]	ELBO (bits/dim): 3.26852 (3.27285)	Reconstruction error (/dim): 0.02357 (0.02324)	KLD: 2.765, 2.582, 3.193, 2.664, 2.958, 2.632, 2.521, 2.833, 2.646, 2.659 (27.369)	Grad: 0.1
[Epoch  69 (11.53s)]	ELBO (bits/dim): 3.26881 (3.27375)	Reconstruction error (/dim): 0.02357 (0.02311)	KLD: 2.761, 2.584, 3.184, 2.672, 2.957, 2.637, 2.521, 2.831, 2.645, 2.653 (27.367)	Grad: 0.1
[Epoch  70 (11.82s)]	ELBO (bits/dim): 3.26909 (3.27355)	Reconstruction error (/dim): 0.02354 (0.02316)	KLD: 2.759, 2.589, 3.194, 2.662, 2.960, 2.645, 2.515, 2.834, 2.643, 2.649 (27.322)	Grad: 0.1
[Epoch  71 (11.96s)]	ELBO (bits/dim): 3.26956 (3.27258)	Reconstruction error (/dim): 0.02351 (0.02329)	KLD: 2.755, 2.580, 3.192, 2.665, 2.948, 2.645, 2.519, 2.837, 2.640, 2.645 (27.486)	Grad: 0.1
[Epoch  72 (11.90s)]	ELBO (bits/dim): 3.26989 (3.27446)	Reconstruction error (/dim): 0.02349 (0.02313)	KLD: 2.769, 2.590, 3.186, 2.671, 2.951, 2.644, 2.524, 2.836, 2.648, 2.645 (27.348)	Grad: 0.1
[Epoch  73 (11.55s)]	ELBO (bits/dim): 3.27053 (3.27321)	Reconstruction error (/dim): 0.02345 (0.02322)	KLD: 2.764, 2.586, 3.191, 2.669, 2.954, 2.639, 2.524, 2.836, 2.642, 2.644 (27.466)	Grad: 0.1
[Epoch  74 (11.78s)]	ELBO (bits/dim): 3.27045 (3.27486)	Reconstruction error (/dim): 0.02345 (0.02312)	KLD: 2.777, 2.588, 3.187, 2.662, 2.952, 2.642, 2.519, 2.844, 2.651, 2.655 (27.269)	Grad: 0.1
[Epoch  75 (12.06s)]	ELBO (bits/dim): 3.27084 (3.27537)	Reconstruction error (/dim): 0.02343 (0.02300)	KLD: 2.770, 2.579, 3.188, 2.667, 2.953, 2.648, 2.527, 2.844, 2.640, 2.654 (27.481)	Grad: 0.1
[Epoch  76 (11.83s)]	ELBO (bits/dim): 3.27142 (3.27354)	Reconstruction error (/dim): 0.02339 (0.02329)	KLD: 2.772, 2.582, 3.186, 2.671, 2.952, 2.657, 2.524, 2.840, 2.635, 2.656 (27.574)	Grad: 0.1
[Epoch  77 (11.94s)]	ELBO (bits/dim): 3.27155 (3.27606)	Reconstruction error (/dim): 0.02337 (0.02304)	KLD: 2.777, 2.592, 3.186, 2.679, 2.956, 2.648, 2.525, 2.854, 2.641, 2.646 (27.357)	Grad: 0.1
[Epoch  78 (11.91s)]	ELBO (bits/dim): 3.27197 (3.27530)	Reconstruction error (/dim): 0.02335 (0.02305)	KLD: 2.768, 2.591, 3.189, 2.677, 2.955, 2.647, 2.526, 2.851, 2.637, 2.651 (27.328)	Grad: 0.1
[Epoch  79 (12.51s)]	ELBO (bits/dim): 3.27234 (3.27425)	Reconstruction error (/dim): 0.02332 (0.02311)	KLD: 2.773, 2.583, 3.186, 2.673, 2.952, 2.656, 2.529, 2.848, 2.646, 2.657 (27.607)	Grad: 0.1
[Epoch  80 (12.49s)]	ELBO (bits/dim): 3.27271 (3.27620)	Reconstruction error (/dim): 0.02330 (0.02302)	KLD: 2.777, 2.584, 3.185, 2.672, 2.958, 2.648, 2.525, 2.848, 2.642, 2.655 (27.527)	Grad: 0.1
[Epoch  81 (12.40s)]	ELBO (bits/dim): 3.27292 (3.27357)	Reconstruction error (/dim): 0.02328 (0.02316)	KLD: 2.774, 2.592, 3.185, 2.676, 2.965, 2.653, 2.525, 2.853, 2.644, 2.659 (27.443)	Grad: 0.1
[Epoch  82 (12.27s)]	ELBO (bits/dim): 3.27313 (3.27530)	Reconstruction error (/dim): 0.02327 (0.02312)	KLD: 2.780, 2.588, 3.181, 2.668, 2.951, 2.656, 2.521, 2.856, 2.641, 2.659 (27.630)	Grad: 0.1
[Epoch  83 (12.05s)]	ELBO (bits/dim): 3.27335 (3.27638)	Reconstruction error (/dim): 0.02325 (0.02295)	KLD: 2.781, 2.602, 3.179, 2.679, 2.960, 2.663, 2.521, 2.855, 2.646, 2.663 (27.767)	Grad: 0.1
[Epoch  84 (12.21s)]	ELBO (bits/dim): 3.27371 (3.27631)	Reconstruction error (/dim): 0.02323 (0.02296)	KLD: 2.776, 2.598, 3.176, 2.672, 2.959, 2.660, 2.522, 2.849, 2.638, 2.664 (27.686)	Grad: 0.1
[Epoch  85 (12.49s)]	ELBO (bits/dim): 3.27417 (3.27702)	Reconstruction error (/dim): 0.02321 (0.02300)	KLD: 2.781, 2.598, 3.176, 2.666, 2.949, 2.655, 2.519, 2.848, 2.638, 2.654 (27.551)	Grad: 0.1
[Epoch  86 (12.31s)]	ELBO (bits/dim): 3.27419 (3.27497)	Reconstruction error (/dim): 0.02319 (0.02323)	KLD: 2.789, 2.601, 3.185, 2.667, 2.959, 2.660, 2.532, 2.862, 2.644, 2.659 (27.635)	Grad: 0.1
[Epoch  87 (12.05s)]	ELBO (bits/dim): 3.27476 (3.27646)	Reconstruction error (/dim): 0.02315 (0.02290)	KLD: 2.785, 2.599, 3.175, 2.673, 2.960, 2.658, 2.533, 2.858, 2.640, 2.653 (27.387)	Grad: 0.1
[Epoch  88 (12.56s)]	ELBO (bits/dim): 3.27474 (3.27574)	Reconstruction error (/dim): 0.02315 (0.02311)	KLD: 2.786, 2.604, 3.177, 2.672, 2.960, 2.665, 2.529, 2.865, 2.644, 2.667 (27.442)	Grad: 0.1
[Epoch  89 (12.33s)]	ELBO (bits/dim): 3.27507 (3.27795)	Reconstruction error (/dim): 0.02313 (0.02297)	KLD: 2.793, 2.597, 3.180, 2.671, 2.960, 2.661, 2.519, 2.854, 2.642, 2.666 (27.510)	Grad: 0.1
[Epoch  90 (12.31s)]	ELBO (bits/dim): 3.27542 (3.27802)	Reconstruction error (/dim): 0.02311 (0.02289)	KLD: 2.789, 2.592, 3.176, 2.675, 2.963, 2.652, 2.529, 2.862, 2.642, 2.658 (27.303)	Grad: 0.1
[Epoch  91 (11.93s)]	ELBO (bits/dim): 3.27586 (3.27774)	Reconstruction error (/dim): 0.02308 (0.02286)	KLD: 2.791, 2.599, 3.182, 2.679, 2.961, 2.658, 2.528, 2.865, 2.636, 2.670 (27.582)	Grad: 0.1
[Epoch  92 (12.39s)]	ELBO (bits/dim): 3.27572 (3.27817)	Reconstruction error (/dim): 0.02309 (0.02283)	KLD: 2.792, 2.594, 3.180, 2.676, 2.953, 2.664, 2.528, 2.858, 2.633, 2.662 (27.710)	Grad: 0.1
[Epoch  93 (11.89s)]	ELBO (bits/dim): 3.27594 (3.27717)	Reconstruction error (/dim): 0.02308 (0.02292)	KLD: 2.797, 2.600, 3.178, 2.680, 2.964, 2.666, 2.533, 2.854, 2.637, 2.667 (27.632)	Grad: 0.1
[Epoch  94 (12.02s)]	ELBO (bits/dim): 3.27617 (3.27853)	Reconstruction error (/dim): 0.02305 (0.02291)	KLD: 2.799, 2.599, 3.176, 2.682, 2.962, 2.662, 2.534, 2.861, 2.638, 2.669 (27.568)	Grad: 0.1
[Epoch  95 (11.68s)]	ELBO (bits/dim): 3.27647 (3.27820)	Reconstruction error (/dim): 0.02303 (0.02286)	KLD: 2.796, 2.604, 3.179, 2.668, 2.956, 2.669, 2.535, 2.869, 2.643, 2.669 (27.601)	Grad: 0.1
[Epoch  96 (12.20s)]	ELBO (bits/dim): 3.27662 (3.27921)	Reconstruction error (/dim): 0.02303 (0.02281)	KLD: 2.799, 2.608, 3.171, 2.679, 2.960, 2.666, 2.533, 2.870, 2.637, 2.664 (27.482)	Grad: 0.1
[Epoch  97 (12.88s)]	ELBO (bits/dim): 3.27699 (3.27782)	Reconstruction error (/dim): 0.02301 (0.02290)	KLD: 2.797, 2.598, 3.182, 2.675, 2.958, 2.666, 2.535, 2.875, 2.636, 2.668 (27.557)	Grad: 0.1
[Epoch  98 (11.89s)]	ELBO (bits/dim): 3.27741 (3.27892)	Reconstruction error (/dim): 0.02298 (0.02278)	KLD: 2.793, 2.598, 3.173, 2.678, 2.960, 2.661, 2.536, 2.877, 2.640, 2.664 (27.519)	Grad: 0.1
[Epoch  99 (13.61s)]	ELBO (bits/dim): 3.27742 (3.27676)	Reconstruction error (/dim): 0.02298 (0.02309)	KLD: 2.792, 2.601, 3.175, 2.690, 2.958, 2.668, 2.532, 2.875, 2.632, 2.665 (27.654)	Grad: 0.1
[Epoch 100 (13.85s)]	ELBO (bits/dim): 3.27765 (3.27879)	Reconstruction error (/dim): 0.02296 (0.02282)	KLD: 2.804, 2.602, 3.183, 2.678, 2.961, 2.664, 2.533, 2.869, 2.635, 2.672 (27.684)	Grad: 0.1
Best epoch(s): [96]	Training time(s): 1210.56s (1210.56s)	Best ELBO (bits/dim): 3.27765 (3.27921)	Best reconstruction error (/dim): 0.07798 (0.06498)
Avg. mu: -0.027, -0.073, -0.008, -0.116, 0.093, -0.049, -0.002, -0.028, 0.136, -0.021
Avg. var: 0.006, 0.007, 0.004, 0.006, 0.005, 0.007, 0.008, 0.005, 0.005, 0.007
Max. mu: 4.771, 3.752, 3.906, 3.699, 3.256, 4.220, 4.357, 3.666, 3.194, 3.608
Max. var: 0.065, 0.032, 0.019, 0.026, 0.016, 0.023, 0.044, 0.018, 0.022, 0.020
Min. mu: -4.073, -4.500, -4.440, -3.912, -4.356, -3.673, -3.452, -3.758, -2.895, -3.957
Min. var: 0.001, 0.001, 0.000, 0.000, 0.001, 0.001, 0.001, 0.000, 0.000, 0.001
Cov. mu:
[[1.353 0.096 0.281 -0.193 -0.161 -0.012 -0.240 -0.068 0.086 -0.179]
 [0.096 1.219 0.222 0.016 0.220 0.155 0.214 -0.198 -0.063 -0.174]
 [0.281 0.222 1.856 0.285 -0.046 0.025 -0.229 -0.086 -0.260 -0.054]
 [-0.193 0.016 0.285 1.179 0.118 0.319 -0.016 -0.164 -0.195 -0.121]
 [-0.161 0.220 -0.046 0.118 1.471 0.058 0.078 0.225 -0.417 0.017]
 [-0.012 0.155 0.025 0.319 0.058 1.210 0.033 -0.051 -0.030 0.155]
 [-0.240 0.214 -0.229 -0.016 0.078 0.033 1.052 -0.152 0.021 -0.086]
 [-0.068 -0.198 -0.086 -0.164 0.225 -0.051 -0.152 1.258 -0.204 0.190]
 [0.086 -0.063 -0.260 -0.195 -0.417 -0.030 0.021 -0.204 0.952 0.061]
 [-0.179 -0.174 -0.054 -0.121 0.017 0.155 -0.086 0.190 0.061 1.199]]
