Encoder
=================================================================
Layer (type:depth-idx)                   Param #
=================================================================
Encoder                                  --
├─Linear: 1-1                            786,688
├─Linear: 1-2                            65,792
=================================================================
Total params: 852,480
Trainable params: 852,480
Non-trainable params: 0
=================================================================
Encoder to Latents 0
=================================================================
Layer (type:depth-idx)                   Param #
=================================================================
EncoderToLatents                         --
├─Linear: 1-1                            1,028
├─Linear: 1-2                            1,028
=================================================================
Total params: 2,056
Trainable params: 2,056
Non-trainable params: 0
=================================================================
Encoder to Latents 1
=================================================================
Layer (type:depth-idx)                   Param #
=================================================================
EncoderToLatents                         --
├─Linear: 1-1                            1,028
├─Linear: 1-2                            1,028
=================================================================
Total params: 2,056
Trainable params: 2,056
Non-trainable params: 0
=================================================================
Encoder to Latents 2
=================================================================
Layer (type:depth-idx)                   Param #
=================================================================
EncoderToLatents                         --
├─Linear: 1-1                            1,028
├─Linear: 1-2                            1,028
=================================================================
Total params: 2,056
Trainable params: 2,056
Non-trainable params: 0
=================================================================
Encoder to Latents 3
=================================================================
Layer (type:depth-idx)                   Param #
=================================================================
EncoderToLatents                         --
├─Linear: 1-1                            1,028
├─Linear: 1-2                            1,028
=================================================================
Total params: 2,056
Trainable params: 2,056
Non-trainable params: 0
=================================================================
Encoder to Latents 4
=================================================================
Layer (type:depth-idx)                   Param #
=================================================================
EncoderToLatents                         --
├─Linear: 1-1                            1,028
├─Linear: 1-2                            1,028
=================================================================
Total params: 2,056
Trainable params: 2,056
Non-trainable params: 0
=================================================================
Encoder to Latents 5
=================================================================
Layer (type:depth-idx)                   Param #
=================================================================
EncoderToLatents                         --
├─Linear: 1-1                            1,028
├─Linear: 1-2                            1,028
=================================================================
Total params: 2,056
Trainable params: 2,056
Non-trainable params: 0
=================================================================
Encoder to Latents 6
=================================================================
Layer (type:depth-idx)                   Param #
=================================================================
EncoderToLatents                         --
├─Linear: 1-1                            1,028
├─Linear: 1-2                            1,028
=================================================================
Total params: 2,056
Trainable params: 2,056
Non-trainable params: 0
=================================================================
Encoder to Latents 7
=================================================================
Layer (type:depth-idx)                   Param #
=================================================================
EncoderToLatents                         --
├─Linear: 1-1                            1,028
├─Linear: 1-2                            1,028
=================================================================
Total params: 2,056
Trainable params: 2,056
Non-trainable params: 0
=================================================================
Encoder to Latents 8
=================================================================
Layer (type:depth-idx)                   Param #
=================================================================
EncoderToLatents                         --
├─Linear: 1-1                            1,028
├─Linear: 1-2                            1,028
=================================================================
Total params: 2,056
Trainable params: 2,056
Non-trainable params: 0
=================================================================
Encoder to Latents 9
=================================================================
Layer (type:depth-idx)                   Param #
=================================================================
EncoderToLatents                         --
├─Linear: 1-1                            1,028
├─Linear: 1-2                            1,028
=================================================================
Total params: 2,056
Trainable params: 2,056
Non-trainable params: 0
=================================================================
Encoder to Latents 10
=================================================================
Layer (type:depth-idx)                   Param #
=================================================================
EncoderToLatents                         --
├─Linear: 1-1                            1,028
├─Linear: 1-2                            1,028
=================================================================
Total params: 2,056
Trainable params: 2,056
Non-trainable params: 0
=================================================================
Encoder to Latents 11
=================================================================
Layer (type:depth-idx)                   Param #
=================================================================
EncoderToLatents                         --
├─Linear: 1-1                            1,028
├─Linear: 1-2                            1,028
=================================================================
Total params: 2,056
Trainable params: 2,056
Non-trainable params: 0
=================================================================
Encoder to Latents 12
=================================================================
Layer (type:depth-idx)                   Param #
=================================================================
EncoderToLatents                         --
├─Linear: 1-1                            1,028
├─Linear: 1-2                            1,028
=================================================================
Total params: 2,056
Trainable params: 2,056
Non-trainable params: 0
=================================================================
Encoder to Latents 13
=================================================================
Layer (type:depth-idx)                   Param #
=================================================================
EncoderToLatents                         --
├─Linear: 1-1                            1,028
├─Linear: 1-2                            1,028
=================================================================
Total params: 2,056
Trainable params: 2,056
Non-trainable params: 0
=================================================================
Encoder to Latents 14
=================================================================
Layer (type:depth-idx)                   Param #
=================================================================
EncoderToLatents                         --
├─Linear: 1-1                            1,028
├─Linear: 1-2                            1,028
=================================================================
Total params: 2,056
Trainable params: 2,056
Non-trainable params: 0
=================================================================
Encoder to Latents 15
=================================================================
Layer (type:depth-idx)                   Param #
=================================================================
EncoderToLatents                         --
├─Linear: 1-1                            1,028
├─Linear: 1-2                            1,028
=================================================================
Total params: 2,056
Trainable params: 2,056
Non-trainable params: 0
=================================================================
Latents to Latents
=================================================================
Layer (type:depth-idx)                   Param #
=================================================================
LatentsToLatents                         --
├─Linear: 1-1                            272
├─Linear: 1-2                            68
├─Linear: 1-3                            68
=================================================================
Total params: 408
Trainable params: 408
Non-trainable params: 0
=================================================================
Latents to Decoder 0
=================================================================
Layer (type:depth-idx)                   Param #
=================================================================
LatentsToDecoder                         --
├─Linear: 1-1                            1,280
=================================================================
Total params: 1,280
Trainable params: 1,280
Non-trainable params: 0
=================================================================
Latents to Decoder 1
=================================================================
Layer (type:depth-idx)                   Param #
=================================================================
LatentsToDecoder                         --
├─Linear: 1-1                            1,280
=================================================================
Total params: 1,280
Trainable params: 1,280
Non-trainable params: 0
=================================================================
Latents to Decoder 2
=================================================================
Layer (type:depth-idx)                   Param #
=================================================================
LatentsToDecoder                         --
├─Linear: 1-1                            1,280
=================================================================
Total params: 1,280
Trainable params: 1,280
Non-trainable params: 0
=================================================================
Latents to Decoder 3
=================================================================
Layer (type:depth-idx)                   Param #
=================================================================
LatentsToDecoder                         --
├─Linear: 1-1                            1,280
=================================================================
Total params: 1,280
Trainable params: 1,280
Non-trainable params: 0
=================================================================
Latents to Decoder 4
=================================================================
Layer (type:depth-idx)                   Param #
=================================================================
LatentsToDecoder                         --
├─Linear: 1-1                            1,280
=================================================================
Total params: 1,280
Trainable params: 1,280
Non-trainable params: 0
=================================================================
Latents to Decoder 5
=================================================================
Layer (type:depth-idx)                   Param #
=================================================================
LatentsToDecoder                         --
├─Linear: 1-1                            1,280
=================================================================
Total params: 1,280
Trainable params: 1,280
Non-trainable params: 0
=================================================================
Latents to Decoder 6
=================================================================
Layer (type:depth-idx)                   Param #
=================================================================
LatentsToDecoder                         --
├─Linear: 1-1                            1,280
=================================================================
Total params: 1,280
Trainable params: 1,280
Non-trainable params: 0
=================================================================
Latents to Decoder 7
=================================================================
Layer (type:depth-idx)                   Param #
=================================================================
LatentsToDecoder                         --
├─Linear: 1-1                            1,280
=================================================================
Total params: 1,280
Trainable params: 1,280
Non-trainable params: 0
=================================================================
Latents to Decoder 8
=================================================================
Layer (type:depth-idx)                   Param #
=================================================================
LatentsToDecoder                         --
├─Linear: 1-1                            1,280
=================================================================
Total params: 1,280
Trainable params: 1,280
Non-trainable params: 0
=================================================================
Latents to Decoder 9
=================================================================
Layer (type:depth-idx)                   Param #
=================================================================
LatentsToDecoder                         --
├─Linear: 1-1                            1,280
=================================================================
Total params: 1,280
Trainable params: 1,280
Non-trainable params: 0
=================================================================
Latents to Decoder 10
=================================================================
Layer (type:depth-idx)                   Param #
=================================================================
LatentsToDecoder                         --
├─Linear: 1-1                            1,280
=================================================================
Total params: 1,280
Trainable params: 1,280
Non-trainable params: 0
=================================================================
Latents to Decoder 11
=================================================================
Layer (type:depth-idx)                   Param #
=================================================================
LatentsToDecoder                         --
├─Linear: 1-1                            1,280
=================================================================
Total params: 1,280
Trainable params: 1,280
Non-trainable params: 0
=================================================================
Latents to Decoder 12
=================================================================
Layer (type:depth-idx)                   Param #
=================================================================
LatentsToDecoder                         --
├─Linear: 1-1                            1,280
=================================================================
Total params: 1,280
Trainable params: 1,280
Non-trainable params: 0
=================================================================
Latents to Decoder 13
=================================================================
Layer (type:depth-idx)                   Param #
=================================================================
LatentsToDecoder                         --
├─Linear: 1-1                            1,280
=================================================================
Total params: 1,280
Trainable params: 1,280
Non-trainable params: 0
=================================================================
Latents to Decoder 14
=================================================================
Layer (type:depth-idx)                   Param #
=================================================================
LatentsToDecoder                         --
├─Linear: 1-1                            1,280
=================================================================
Total params: 1,280
Trainable params: 1,280
Non-trainable params: 0
=================================================================
Latents to Decoder 15
=================================================================
Layer (type:depth-idx)                   Param #
=================================================================
LatentsToDecoder                         --
├─Linear: 1-1                            1,280
=================================================================
Total params: 1,280
Trainable params: 1,280
Non-trainable params: 0
=================================================================
Decoder
=================================================================
Layer (type:depth-idx)                   Param #
=================================================================
Decoder                                  --
├─Linear: 1-1                            65,792
├─Linear: 1-2                            789,504
=================================================================
Total params: 855,296
Trainable params: 855,296
Non-trainable params: 0
=================================================================
Training model 1/16...
[Epoch   1 (16.23s)]	ELBO: -17028.629 (-13855.351)	Log prob: -16995.564 (-13818.360)	KLD: 33.064 (36.991)	Grad: 185.608
[Epoch   2 (18.91s)]	ELBO: -12695.804 (-12271.096)	Log prob: -12666.733 (-12244.250)	KLD: 29.069 (26.847)	Grad: 166.220
[Epoch   3 (17.96s)]	ELBO: -12200.914 (-12121.672)	Log prob: -12175.188 (-12096.385)	KLD: 25.726 (25.287)	Grad: 145.312
[Epoch   4 (18.08s)]	ELBO: -11978.433 (-12069.124)	Log prob: -11954.678 (-12047.588)	KLD: 23.756 (21.537)	Grad: 118.977
[Epoch   5 (17.94s)]	ELBO: -11846.503 (-11896.594)	Log prob: -11823.793 (-11874.368)	KLD: 22.710 (22.225)	Grad: 118.840
[Epoch   6 (18.80s)]	ELBO: -11730.053 (-11751.256)	Log prob: -11708.322 (-11729.904)	KLD: 21.729 (21.351)	Grad: 115.135
[Epoch   7 (18.46s)]	ELBO: -11572.353 (-11624.340)	Log prob: -11551.212 (-11604.689)	KLD: 21.138 (19.651)	Grad: 117.705
[Epoch   8 (20.20s)]	ELBO: -11463.907 (-11529.648)	Log prob: -11443.233 (-11509.949)	KLD: 20.673 (19.700)	Grad: 113.624
[Epoch   9 (19.44s)]	ELBO: -11364.570 (-11391.841)	Log prob: -11344.007 (-11372.208)	KLD: 20.564 (19.633)	Grad: 118.027
[Epoch  10 (19.04s)]	ELBO: -11270.130 (-11154.160)	Log prob: -11249.488 (-11133.001)	KLD: 20.642 (21.159)	Grad: 116.052
Training model 2/16...
[Epoch   1 (30.76s)]	ELBO: -9792.182 (-8445.151)	Log prob: -9751.828 (-8403.420)	KLD: 19.498 (41.731)	Grad: 48.754
[Epoch   2 (30.56s)]	ELBO: -8230.428 (-8143.793)	Log prob: -8187.391 (-8101.454)	KLD: 22.730 (42.339)	Grad: 43.983
[Epoch   3 (30.68s)]	ELBO: -8014.881 (-7840.432)	Log prob: -7972.673 (-7798.700)	KLD: 22.067 (41.732)	Grad: 37.613
[Epoch   4 (31.00s)]	ELBO: -7913.166 (-7841.766)	Log prob: -7871.277 (-7799.861)	KLD: 21.759 (41.905)	Grad: 36.966
[Epoch   5 (30.78s)]	ELBO: -7842.250 (-7697.645)	Log prob: -7800.640 (-7656.655)	KLD: 21.446 (40.989)	Grad: 35.239
[Epoch   6 (30.53s)]	ELBO: -7775.999 (-7681.178)	Log prob: -7734.609 (-7639.432)	KLD: 21.281 (41.746)	Grad: 32.617
[Epoch   7 (34.47s)]	ELBO: -7730.261 (-7685.752)	Log prob: -7689.236 (-7644.490)	KLD: 20.945 (41.262)	Grad: 31.604
[Epoch   8 (37.08s)]	ELBO: -7696.321 (-7653.311)	Log prob: -7655.226 (-7611.448)	KLD: 20.962 (41.862)	Grad: 30.764
[Epoch   9 (35.26s)]	ELBO: -7669.239 (-7571.148)	Log prob: -7628.418 (-7529.788)	KLD: 20.801 (41.360)	Grad: 28.268
[Epoch  10 (34.31s)]	ELBO: -7640.742 (-7604.300)	Log prob: -7599.939 (-7563.404)	KLD: 20.663 (40.896)	Grad: 27.394
Training model 3/16...
[Epoch   1 (46.29s)]	ELBO: -7406.662 (-6798.894)	Log prob: -7342.587 (-6738.384)	KLD: 24.398 (60.509)	Grad: 21.867
[Epoch   2 (47.24s)]	ELBO: -6490.064 (-6121.947)	Log prob: -6430.313 (-6061.712)	KLD: 19.892 (60.235)	Grad: 22.043
[Epoch   3 (48.87s)]	ELBO: -6064.149 (-5801.123)	Log prob: -6004.844 (-5741.596)	KLD: 19.442 (59.527)	Grad: 23.285
[Epoch   4 (46.29s)]	ELBO: -5820.911 (-5740.192)	Log prob: -5762.007 (-5682.285)	KLD: 19.017 (57.906)	Grad: 22.898
[Epoch   5 (43.37s)]	ELBO: -5741.586 (-5600.726)	Log prob: -5683.035 (-5541.883)	KLD: 18.678 (58.842)	Grad: 23.229
[Epoch   6 (42.77s)]	ELBO: -5697.586 (-5649.661)	Log prob: -5639.147 (-5592.202)	KLD: 18.752 (57.459)	Grad: 19.545
[Epoch   7 (41.90s)]	ELBO: -5668.856 (-5550.885)	Log prob: -5610.541 (-5492.265)	KLD: 18.616 (58.620)	Grad: 19.357
[Epoch   8 (41.55s)]	ELBO: -5631.095 (-5581.293)	Log prob: -5573.145 (-5522.581)	KLD: 18.415 (58.712)	Grad: 17.882
[Epoch   9 (41.06s)]	ELBO: -5602.834 (-5489.256)	Log prob: -5545.054 (-5431.163)	KLD: 18.314 (58.094)	Grad: 16.323
[Epoch  10 (44.09s)]	ELBO: -5559.411 (-5480.051)	Log prob: -5502.024 (-5424.004)	KLD: 18.272 (56.047)	Grad: 16.180
Training model 4/16...
[Epoch   1 (63.41s)]	ELBO: -5634.001 (-5328.593)	Log prob: -5548.450 (-5251.924)	KLD: 29.512 (76.669)	Grad: 17.559
[Epoch   2 (62.33s)]	ELBO: -5142.276 (-4781.631)	Log prob: -5066.484 (-4707.957)	KLD: 19.762 (73.674)	Grad: 13.745
[Epoch   3 (61.28s)]	ELBO: -4717.894 (-4526.089)	Log prob: -4642.988 (-4447.740)	KLD: 18.755 (78.349)	Grad: 14.972
[Epoch   4 (60.02s)]	ELBO: -4488.214 (-4389.471)	Log prob: -4413.396 (-4314.360)	KLD: 18.656 (75.111)	Grad: 16.318
[Epoch   5 (59.93s)]	ELBO: -4399.472 (-4351.977)	Log prob: -4325.000 (-4278.155)	KLD: 18.386 (73.822)	Grad: 12.406
[Epoch   6 (59.47s)]	ELBO: -4329.465 (-4242.286)	Log prob: -4255.436 (-4166.532)	KLD: 18.096 (75.754)	Grad: 12.935
[Epoch   7 (57.92s)]	ELBO: -4266.838 (-4200.920)	Log prob: -4192.900 (-4126.448)	KLD: 18.146 (74.472)	Grad: 13.690
[Epoch   8 (58.86s)]	ELBO: -4245.644 (-4247.137)	Log prob: -4172.039 (-4173.868)	KLD: 18.055 (73.269)	Grad: 12.133
[Epoch   9 (59.62s)]	ELBO: -4225.189 (-4194.311)	Log prob: -4151.897 (-4120.470)	KLD: 17.877 (73.841)	Grad: 12.098
[Epoch  10 (59.03s)]	ELBO: -4184.141 (-4165.543)	Log prob: -4110.840 (-4092.230)	KLD: 17.939 (73.313)	Grad: 11.243
Training model 5/16...
[Epoch   1 (73.64s)]	ELBO: -4335.700 (-4116.150)	Log prob: -4229.126 (-4019.349)	KLD: 34.709 (96.801)	Grad: 13.422
[Epoch   2 (70.15s)]	ELBO: -4048.937 (-3929.098)	Log prob: -3957.128 (-3840.519)	KLD: 19.685 (88.579)	Grad: 7.705
[Epoch   3 (66.37s)]	ELBO: -3901.748 (-3816.033)	Log prob: -3812.029 (-3724.352)	KLD: 17.510 (91.682)	Grad: 7.589
[Epoch   4 (67.24s)]	ELBO: -3769.064 (-3704.465)	Log prob: -3679.586 (-3617.089)	KLD: 17.341 (87.377)	Grad: 7.083
[Epoch   5 (73.01s)]	ELBO: -3684.089 (-3663.280)	Log prob: -3594.913 (-3572.321)	KLD: 17.195 (90.959)	Grad: 6.662
[Epoch   6 (71.47s)]	ELBO: -3616.992 (-3553.119)	Log prob: -3528.143 (-3466.271)	KLD: 17.088 (86.849)	Grad: 6.256
[Epoch   7 (83.52s)]	ELBO: -3562.089 (-3527.134)	Log prob: -3473.655 (-3441.071)	KLD: 16.909 (86.063)	Grad: 6.122
[Epoch   8 (82.40s)]	ELBO: -3519.493 (-3517.734)	Log prob: -3431.072 (-3430.689)	KLD: 16.950 (87.045)	Grad: 5.850
[Epoch   9 (87.23s)]	ELBO: -3492.442 (-3480.581)	Log prob: -3404.399 (-3393.768)	KLD: 16.804 (86.813)	Grad: 5.471
[Epoch  10 (87.50s)]	ELBO: -3451.162 (-3422.157)	Log prob: -3363.372 (-3337.795)	KLD: 16.739 (84.361)	Grad: 5.941
Training model 6/16...
[Epoch   1 (116.81s)]	ELBO: -3485.288 (-3355.206)	Log prob: -3375.307 (-3250.383)	KLD: 22.911 (104.822)	Grad: 7.809
[Epoch   2 (113.19s)]	ELBO: -3263.200 (-3149.247)	Log prob: -3158.533 (-3042.389)	KLD: 17.173 (106.858)	Grad: 5.750
[Epoch   3 (119.03s)]	ELBO: -3160.708 (-3114.049)	Log prob: -3056.114 (-3010.683)	KLD: 17.148 (103.367)	Grad: 5.416
[Epoch   4 (117.58s)]	ELBO: -3058.279 (-3017.495)	Log prob: -2954.013 (-2913.809)	KLD: 17.017 (103.686)	Grad: 5.430
[Epoch   5 (113.40s)]	ELBO: -2996.511 (-2929.034)	Log prob: -2892.412 (-2827.610)	KLD: 16.958 (101.424)	Grad: 5.400
[Epoch   6 (121.90s)]	ELBO: -2925.372 (-2855.429)	Log prob: -2821.543 (-2753.773)	KLD: 16.764 (101.656)	Grad: 4.821
[Epoch   7 (102.74s)]	ELBO: -2853.802 (-2828.716)	Log prob: -2750.311 (-2724.026)	KLD: 16.582 (104.690)	Grad: 4.745
[Epoch   8 (90.77s)]	ELBO: -2826.231 (-2843.546)	Log prob: -2722.809 (-2741.536)	KLD: 16.559 (102.011)	Grad: 4.447
[Epoch   9 (93.47s)]	ELBO: -2784.891 (-2755.484)	Log prob: -2681.741 (-2653.927)	KLD: 16.437 (101.556)	Grad: 4.314
[Epoch  10 (110.60s)]	ELBO: -2740.092 (-2723.878)	Log prob: -2637.207 (-2620.075)	KLD: 16.458 (103.803)	Grad: 4.293
Training model 7/16...
[Epoch   1 (102.76s)]	ELBO: -2926.137 (-2720.332)	Log prob: -2798.187 (-2599.063)	KLD: 24.485 (121.268)	Grad: 39.256
[Epoch   2 (77.82s)]	ELBO: -2679.537 (-2639.554)	Log prob: -2559.477 (-2519.840)	KLD: 17.432 (119.714)	Grad: 10.900
[Epoch   3 (72.10s)]	ELBO: -2590.771 (-2591.542)	Log prob: -2471.973 (-2473.810)	KLD: 16.170 (117.731)	Grad: 10.088
[Epoch   4 (73.11s)]	ELBO: -2528.626 (-2494.257)	Log prob: -2409.456 (-2376.103)	KLD: 16.377 (118.154)	Grad: 10.388
[Epoch   5 (77.31s)]	ELBO: -2485.768 (-2471.743)	Log prob: -2366.577 (-2351.409)	KLD: 16.444 (120.335)	Grad: 9.955
[Epoch   6 (80.13s)]	ELBO: -2444.478 (-2453.001)	Log prob: -2325.415 (-2332.263)	KLD: 16.520 (120.737)	Grad: 9.081
[Epoch   7 (80.43s)]	ELBO: -2415.469 (-2422.236)	Log prob: -2296.314 (-2304.946)	KLD: 16.670 (117.290)	Grad: 8.852
[Epoch   8 (79.03s)]	ELBO: -2395.275 (-2413.502)	Log prob: -2276.220 (-2294.558)	KLD: 16.597 (118.943)	Grad: 9.031
[Epoch   9 (81.34s)]	ELBO: -2361.375 (-2366.301)	Log prob: -2242.433 (-2249.515)	KLD: 16.611 (116.786)	Grad: 8.729
[Epoch  10 (98.66s)]	ELBO: -2322.229 (-2329.193)	Log prob: -2203.400 (-2211.014)	KLD: 16.561 (118.179)	Grad: 7.886
Training model 8/16...
[Epoch   1 (119.07s)]	ELBO: -2438.735 (-2300.857)	Log prob: -2302.637 (-2166.852)	KLD: 18.020 (134.005)	Grad: 5.709
[Epoch   2 (99.38s)]	ELBO: -2250.966 (-2201.467)	Log prob: -2116.355 (-2066.110)	KLD: 16.515 (135.357)	Grad: 4.070
[Epoch   3 (96.64s)]	ELBO: -2176.537 (-2230.452)	Log prob: -2041.799 (-2096.457)	KLD: 16.757 (133.995)	Grad: 3.839
[Epoch   4 (92.51s)]	ELBO: -2121.590 (-2105.910)	Log prob: -1987.160 (-1971.747)	KLD: 16.766 (134.163)	Grad: 4.082
[Epoch   5 (91.58s)]	ELBO: -2057.933 (-2036.555)	Log prob: -1923.220 (-1900.318)	KLD: 16.863 (136.238)	Grad: 3.980
[Epoch   6 (90.37s)]	ELBO: -2018.081 (-2003.483)	Log prob: -1883.379 (-1866.637)	KLD: 16.992 (136.847)	Grad: 3.890
[Epoch   7 (100.35s)]	ELBO: -1992.190 (-2004.470)	Log prob: -1857.799 (-1865.037)	KLD: 16.936 (139.433)	Grad: 3.802
[Epoch   8 (96.81s)]	ELBO: -1960.064 (-2004.949)	Log prob: -1825.694 (-1874.567)	KLD: 16.956 (130.382)	Grad: 3.719
[Epoch   9 (97.96s)]	ELBO: -1940.423 (-1949.606)	Log prob: -1806.291 (-1819.628)	KLD: 16.883 (129.979)	Grad: 3.461
[Epoch  10 (99.62s)]	ELBO: -1911.105 (-1898.516)	Log prob: -1777.258 (-1763.803)	KLD: 16.668 (134.714)	Grad: 3.564
Training model 9/16...
[Epoch   1 (134.72s)]	ELBO: -2057.146 (-1872.130)	Log prob: -1905.153 (-1722.145)	KLD: 18.764 (149.984)	Grad: 5.479
[Epoch   2 (124.42s)]	ELBO: -1838.076 (-1800.320)	Log prob: -1687.745 (-1648.573)	KLD: 16.883 (151.747)	Grad: 3.688
[Epoch   3 (106.78s)]	ELBO: -1791.607 (-1788.381)	Log prob: -1641.415 (-1636.482)	KLD: 16.886 (151.899)	Grad: 3.656
[Epoch   4 (94.95s)]	ELBO: -1766.174 (-1747.018)	Log prob: -1615.971 (-1599.306)	KLD: 16.989 (147.712)	Grad: 3.657
[Epoch   5 (100.79s)]	ELBO: -1740.046 (-1728.620)	Log prob: -1589.955 (-1578.560)	KLD: 16.994 (150.060)	Grad: 3.542
[Epoch   6 (105.01s)]	ELBO: -1715.254 (-1778.210)	Log prob: -1565.401 (-1629.329)	KLD: 16.896 (148.881)	Grad: 3.509
[Epoch   7 (107.66s)]	ELBO: -1682.936 (-1657.676)	Log prob: -1533.487 (-1508.010)	KLD: 16.820 (149.666)	Grad: 3.347
[Epoch   8 (108.37s)]	ELBO: -1638.203 (-1625.392)	Log prob: -1488.904 (-1475.811)	KLD: 16.760 (149.582)	Grad: 3.301
[Epoch   9 (107.34s)]	ELBO: -1606.449 (-1613.013)	Log prob: -1457.484 (-1461.664)	KLD: 16.662 (151.349)	Grad: 3.265
[Epoch  10 (107.98s)]	ELBO: -1575.257 (-1570.953)	Log prob: -1426.400 (-1421.644)	KLD: 16.620 (149.308)	Grad: 3.171
Training model 10/16...
[Epoch   1 (120.39s)]	ELBO: -1763.782 (-1599.959)	Log prob: -1581.723 (-1422.156)	KLD: 34.864 (177.803)	Grad: 12.217
[Epoch   2 (114.46s)]	ELBO: -1532.370 (-1523.658)	Log prob: -1358.473 (-1352.391)	KLD: 26.611 (171.268)	Grad: 3.693
[Epoch   3 (113.29s)]	ELBO: -1488.552 (-1471.094)	Log prob: -1320.517 (-1305.239)	KLD: 20.675 (165.855)	Grad: 3.239
[Epoch   4 (114.65s)]	ELBO: -1455.791 (-1438.210)	Log prob: -1290.267 (-1273.862)	KLD: 18.159 (164.348)	Grad: 3.021
[Epoch   5 (115.89s)]	ELBO: -1423.541 (-1390.818)	Log prob: -1258.833 (-1226.812)	KLD: 17.415 (164.006)	Grad: 2.960
[Epoch   6 (117.34s)]	ELBO: -1379.048 (-1348.544)	Log prob: -1214.922 (-1185.460)	KLD: 16.994 (163.084)	Grad: 2.968
[Epoch   7 (121.30s)]	ELBO: -1352.411 (-1371.873)	Log prob: -1188.402 (-1207.288)	KLD: 16.844 (164.585)	Grad: 2.846
[Epoch   8 (127.43s)]	ELBO: -1335.425 (-1320.338)	Log prob: -1171.514 (-1155.215)	KLD: 16.713 (165.123)	Grad: 2.716
[Epoch   9 (121.43s)]	ELBO: -1319.012 (-1307.196)	Log prob: -1155.452 (-1144.464)	KLD: 16.644 (162.732)	Grad: 2.791
[Epoch  10 (123.82s)]	ELBO: -1305.100 (-1305.654)	Log prob: -1141.658 (-1141.151)	KLD: 16.691 (164.502)	Grad: 2.662
Training model 11/16...
[Epoch   1 (142.60s)]	ELBO: -1608.520 (-1367.629)	Log prob: -1419.538 (-1182.542)	KLD: 26.586 (185.087)	Grad: 33.424
[Epoch   2 (143.69s)]	ELBO: -1348.941 (-1316.153)	Log prob: -1161.495 (-1129.200)	KLD: 25.826 (186.953)	Grad: 3.887
[Epoch   3 (148.13s)]	ELBO: -1305.143 (-1287.882)	Log prob: -1119.463 (-1101.549)	KLD: 24.090 (186.333)	Grad: 3.329
[Epoch   4 (148.83s)]	ELBO: -1269.331 (-1289.196)	Log prob: -1085.376 (-1108.495)	KLD: 22.564 (180.701)	Grad: 3.243
[Epoch   5 (151.43s)]	ELBO: -1234.925 (-1254.887)	Log prob: -1052.671 (-1074.030)	KLD: 20.979 (180.858)	Grad: 3.113
[Epoch   6 (147.83s)]	ELBO: -1211.821 (-1231.734)	Log prob: -1030.771 (-1052.661)	KLD: 19.879 (179.073)	Grad: 3.023
[Epoch   7 (146.45s)]	ELBO: -1184.583 (-1185.984)	Log prob: -1004.773 (-1005.718)	KLD: 18.929 (180.266)	Grad: 2.872
[Epoch   8 (145.37s)]	ELBO: -1165.739 (-1172.316)	Log prob: -986.769 (-992.006)	KLD: 18.266 (180.310)	Grad: 2.919
[Epoch   9 (154.41s)]	ELBO: -1148.820 (-1140.007)	Log prob: -970.400 (-960.684)	KLD: 18.032 (179.324)	Grad: 2.875
[Epoch  10 (156.88s)]	ELBO: -1124.591 (-1133.346)	Log prob: -946.629 (-955.618)	KLD: 17.545 (177.728)	Grad: 2.687
Training model 12/16...
[Epoch   1 (185.72s)]	ELBO: -1397.105 (-1161.237)	Log prob: -1206.971 (-969.668)	KLD: 13.372 (191.569)	Grad: 24.322
[Epoch   2 (188.16s)]	ELBO: -1124.122 (-1105.049)	Log prob: -933.084 (-911.592)	KLD: 14.715 (193.457)	Grad: 10.260
[Epoch   3 (161.90s)]	ELBO: -1081.027 (-1114.697)	Log prob: -890.157 (-922.578)	KLD: 14.914 (192.119)	Grad: 9.540
[Epoch   4 (178.94s)]	ELBO: -1050.237 (-1043.736)	Log prob: -859.466 (-853.164)	KLD: 14.977 (190.572)	Grad: 7.598
[Epoch   5 (195.89s)]	ELBO: -1011.799 (-1014.740)	Log prob: -821.420 (-822.884)	KLD: 14.931 (191.856)	Grad: 6.347
[Epoch   6 (182.95s)]	ELBO: -980.600 (-988.757)	Log prob: -790.567 (-800.614)	KLD: 14.870 (188.143)	Grad: 5.722
[Epoch   7 (168.14s)]	ELBO: -963.657 (-950.331)	Log prob: -773.904 (-760.540)	KLD: 14.854 (189.790)	Grad: 5.085
[Epoch   8 (162.64s)]	ELBO: -933.766 (-927.233)	Log prob: -744.383 (-739.185)	KLD: 14.754 (188.048)	Grad: 5.460
[Epoch   9 (168.76s)]	ELBO: -900.581 (-898.955)	Log prob: -711.458 (-710.696)	KLD: 14.797 (188.259)	Grad: 5.420
[Epoch  10 (158.73s)]	ELBO: -875.517 (-889.318)	Log prob: -686.667 (-699.127)	KLD: 14.834 (190.191)	Grad: 5.461
Training model 13/16...
[Epoch   1 (171.50s)]	ELBO: -1161.500 (-966.544)	Log prob: -956.028 (-761.528)	KLD: 16.868 (205.016)	Grad: 17.076
[Epoch   2 (175.95s)]	ELBO: -888.806 (-862.678)	Log prob: -683.835 (-657.116)	KLD: 16.677 (205.561)	Grad: 7.713
[Epoch   3 (134.19s)]	ELBO: -840.217 (-860.951)	Log prob: -635.639 (-657.126)	KLD: 16.306 (203.825)	Grad: 7.241
[Epoch   4 (138.01s)]	ELBO: -815.136 (-791.677)	Log prob: -610.352 (-587.515)	KLD: 16.102 (204.162)	Grad: 7.089
[Epoch   5 (136.54s)]	ELBO: -771.264 (-787.052)	Log prob: -567.319 (-582.791)	KLD: 15.989 (204.261)	Grad: 6.064
[Epoch   6 (147.19s)]	ELBO: -756.357 (-769.691)	Log prob: -552.590 (-567.071)	KLD: 15.899 (202.620)	Grad: 5.433
[Epoch   7 (143.77s)]	ELBO: -732.465 (-744.809)	Log prob: -529.244 (-542.224)	KLD: 15.790 (202.585)	Grad: 5.236
[Epoch   8 (142.13s)]	ELBO: -725.693 (-746.748)	Log prob: -522.855 (-544.787)	KLD: 15.705 (201.961)	Grad: 4.952
[Epoch   9 (124.99s)]	ELBO: -715.061 (-721.978)	Log prob: -512.491 (-519.607)	KLD: 15.651 (202.372)	Grad: 5.314
[Epoch  10 (130.75s)]	ELBO: -704.894 (-732.088)	Log prob: -502.847 (-529.358)	KLD: 15.567 (202.730)	Grad: 5.137
Training model 14/16...
[Epoch   1 (144.59s)]	ELBO: -990.938 (-774.866)	Log prob: -774.952 (-558.821)	KLD: 13.918 (216.045)	Grad: 18.898
[Epoch   2 (157.57s)]	ELBO: -742.427 (-729.022)	Log prob: -526.629 (-513.792)	KLD: 14.299 (215.230)	Grad: 11.793
[Epoch   3 (160.89s)]	ELBO: -704.244 (-711.549)	Log prob: -488.586 (-495.902)	KLD: 14.425 (215.647)	Grad: 8.912
[Epoch   4 (168.15s)]	ELBO: -669.727 (-675.145)	Log prob: -454.341 (-460.680)	KLD: 14.488 (214.465)	Grad: 7.866
[Epoch   5 (157.49s)]	ELBO: -645.685 (-657.179)	Log prob: -430.702 (-440.927)	KLD: 14.508 (216.252)	Grad: 6.416
[Epoch   6 (147.32s)]	ELBO: -634.771 (-647.710)	Log prob: -420.301 (-433.574)	KLD: 14.488 (214.136)	Grad: 5.599
[Epoch   7 (140.73s)]	ELBO: -619.891 (-620.514)	Log prob: -405.906 (-407.251)	KLD: 14.462 (213.263)	Grad: 5.790
[Epoch   8 (135.56s)]	ELBO: -602.170 (-616.844)	Log prob: -388.541 (-403.201)	KLD: 14.496 (213.642)	Grad: 6.870
[Epoch   9 (137.35s)]	ELBO: -569.375 (-587.478)	Log prob: -356.263 (-374.808)	KLD: 14.499 (212.670)	Grad: 6.696
[Epoch  10 (141.44s)]	ELBO: -541.462 (-546.920)	Log prob: -328.696 (-334.943)	KLD: 14.467 (211.977)	Grad: 6.952
Training model 15/16...
[Epoch   1 (163.01s)]	ELBO: -760.581 (-580.725)	Log prob: -532.448 (-352.567)	KLD: 15.621 (228.157)	Grad: 16.102
[Epoch   2 (169.38s)]	ELBO: -551.126 (-539.859)	Log prob: -323.143 (-311.089)	KLD: 15.780 (228.770)	Grad: 6.469
[Epoch   3 (168.15s)]	ELBO: -514.832 (-558.399)	Log prob: -287.267 (-331.399)	KLD: 15.716 (227.000)	Grad: 6.878
[Epoch   4 (150.34s)]	ELBO: -488.686 (-503.060)	Log prob: -261.816 (-276.870)	KLD: 15.586 (226.190)	Grad: 6.295
[Epoch   5 (154.16s)]	ELBO: -475.418 (-500.368)	Log prob: -249.187 (-274.929)	KLD: 15.479 (225.439)	Grad: 5.719
[Epoch   6 (165.13s)]	ELBO: -460.685 (-524.969)	Log prob: -235.055 (-300.270)	KLD: 15.449 (224.700)	Grad: 5.612
[Epoch   7 (286.99s)]	ELBO: -446.838 (-485.889)	Log prob: -221.752 (-261.982)	KLD: 15.417 (223.908)	Grad: 5.567
[Epoch   8 (356.99s)]	ELBO: -432.197 (-504.495)	Log prob: -207.792 (-278.797)	KLD: 15.370 (225.699)	Grad: 5.614
[Epoch   9 (339.37s)]	ELBO: -421.696 (-474.310)	Log prob: -197.782 (-249.914)	KLD: 15.324 (224.397)	Grad: 5.339
[Epoch  10 (335.38s)]	ELBO: -411.949 (-447.119)	Log prob: -188.584 (-223.316)	KLD: 15.269 (223.803)	Grad: 4.733
Training model 16/16...
[Epoch   1 (366.51s)]	ELBO: -632.006 (-540.620)	Log prob: -393.518 (-303.313)	KLD: 15.959 (237.306)	Grad: 8.338
[Epoch   2 (374.62s)]	ELBO: -422.712 (-424.536)	Log prob: -184.872 (-187.299)	KLD: 15.597 (237.237)	Grad: 3.827
[Epoch   3 (355.09s)]	ELBO: -377.225 (-416.335)	Log prob: -139.678 (-179.260)	KLD: 15.678 (237.076)	Grad: 2.852
[Epoch   4 (368.48s)]	ELBO: -351.196 (-365.580)	Log prob: -114.154 (-127.553)	KLD: 15.627 (238.027)	Grad: 2.626
[Epoch   5 (376.57s)]	ELBO: -329.982 (-357.041)	Log prob: -93.274 (-120.907)	KLD: 15.656 (236.134)	Grad: 2.336
[Epoch   6 (358.72s)]	ELBO: -307.698 (-330.643)	Log prob: -71.358 (-95.496)	KLD: 15.682 (235.147)	Grad: 2.138
[Epoch   7 (357.56s)]	ELBO: -295.707 (-352.156)	Log prob: -59.973 (-115.904)	KLD: 15.659 (236.252)	Grad: 2.086
[Epoch   8 (359.77s)]	ELBO: -276.547 (-301.893)	Log prob: -41.238 (-65.397)	KLD: 15.656 (236.496)	Grad: 1.970
[Epoch   9 (370.14s)]	ELBO: -264.586 (-274.848)	Log prob: -29.771 (-41.053)	KLD: 15.689 (233.795)	Grad: 1.968
[Epoch  10 (357.35s)]	ELBO: -254.126 (-282.357)	Log prob: -19.933 (-49.129)	KLD: 15.698 (233.228)	Grad: 1.947
Best epoch(s): [10, 9, 10, 10, 10, 10, 10, 10, 10, 10, 10, 10, 9, 10, 10, 9]	Training time(s): 185.06s, 325.44s, 443.43s, 601.86s, 762.52s, 1099.50s, 822.69s, 984.29s, 1098.02s, 1190.00s, 1485.63s, 1751.83s, 1445.02s, 1491.09s, 2288.90s, 3644.82s (19620.10s)	Best ELBO: -254.126 (-274.848)	Best log prob: -19.933 (-41.053)
Avg. mu: 0.242, 0.243, -0.064, 0.245, -0.148, 0.218, -0.107, 0.134, -0.068, 0.201, -0.126, 0.156, -0.108, 0.187, -0.073, 0.156, -0.066, 0.202, -0.029, 0.142, -0.062, 0.205, -0.061, 0.192, -0.053, 0.238, -0.036, 0.184, -0.068, 0.263, -0.016, 0.183, -0.108, 0.252, -0.044, 0.075, -0.039, 0.238, -0.096, 0.158, -0.109, 0.278, -0.042, 0.163, 0.093, 0.262, 0.316, 0.184, 0.152, 0.281, 0.188, 0.154, 0.034, 0.203, 0.289, 0.163, 0.180, 0.267, 0.132, 0.198, -0.096, 0.264, -0.107, 0.130
Avg. var: 0.000, 0.000, 0.000, 0.000, 0.000, 0.000, 0.000, 0.000, 0.000, 0.000, 0.000, 0.000, 0.000, 0.000, 0.000, 0.000, 0.000, 0.000, 0.000, 0.001, 0.001, 0.000, 0.001, 0.001, 0.000, 0.000, 0.000, 0.000, 0.000, 0.000, 0.000, 0.000, 0.000, 0.000, 0.000, 0.000, 0.000, 0.000, 0.000, 0.000, 0.000, 0.000, 0.000, 0.000, 0.000, 0.000, 0.001, 0.003, 0.000, 0.000, 0.000, 0.001, 0.000, 0.000, 0.000, 0.001, 0.000, 0.000, 0.000, 0.000, 0.000, 0.000, 0.000, 0.000
Max. mu: 3.849, 3.421, 4.016, 3.506, 3.361, 3.595, 3.313, 3.584, 4.016, 4.619, 2.957, 3.073, 2.686, 2.665, 2.368, 2.817, 1.841, 2.234, 2.615, 2.888, 2.352, 2.077, 1.959, 2.203, 1.863, 1.953, 2.284, 2.008, 1.563, 1.773, 1.789, 1.889, 1.543, 1.456, 1.949, 1.636, 0.993, 1.217, 1.116, 1.586, 1.007, 1.650, 1.262, 2.392, 1.261, 0.619, 0.993, 0.554, 0.616, 0.594, 1.197, 0.449, 0.461, 0.370, 1.473, 0.716, 0.486, 0.458, 0.493, 0.315, 0.477, 0.453, 0.121, 0.341
Max. var: 0.000, 0.000, 0.000, 0.000, 0.001, 0.000, 0.001, 0.001, 0.002, 0.001, 0.001, 0.001, 0.006, 0.004, 0.004, 0.005, 0.005, 0.003, 0.003, 0.003, 0.002, 0.002, 0.003, 0.003, 0.001, 0.001, 0.001, 0.003, 0.002, 0.003, 0.003, 0.003, 0.003, 0.002, 0.003, 0.005, 0.001, 0.001, 0.001, 0.001, 0.002, 0.001, 0.001, 0.002, 0.003, 0.005, 0.004, 0.021, 0.001, 0.001, 0.002, 0.013, 0.001, 0.000, 0.001, 0.041, 0.000, 0.000, 0.000, 0.001, 0.000, 0.000, 0.000, 0.000
Min. mu: -3.056, -2.574, -4.670, -4.899, -3.462, -2.413, -3.484, -3.519, -3.146, -2.710, -2.908, -3.676, -2.147, -2.388, -2.398, -3.417, -2.224, -1.745, -2.504, -2.203, -2.170, -1.619, -2.271, -1.650, -2.863, -1.226, -2.123, -1.694, -2.164, -1.045, -2.010, -2.384, -1.799, -0.965, -2.109, -1.427, -1.163, -0.990, -1.557, -1.112, -1.498, -0.696, -0.835, -0.693, -0.521, -0.214, -0.210, -0.353, -0.289, -0.081, -0.148, -0.083, -0.424, -0.043, -0.129, -0.220, -0.023, 0.023, -0.080, 0.055, -0.365, 0.123, -0.346, -0.115
Min. var: 0.000, 0.000, 0.000, 0.000, 0.000, 0.000, 0.000, 0.000, 0.000, 0.000, 0.000, 0.000, 0.000, 0.000, 0.000, 0.000, 0.000, 0.000, 0.000, 0.000, 0.000, 0.000, 0.000, 0.000, 0.000, 0.000, 0.000, 0.000, 0.000, 0.000, 0.000, 0.000, 0.000, 0.000, 0.000, 0.000, 0.000, 0.000, 0.000, 0.000, 0.000, 0.000, 0.000, 0.000, 0.000, 0.000, 0.000, 0.000, 0.000, 0.000, 0.000, 0.000, 0.000, 0.000, 0.000, 0.000, 0.000, 0.000, 0.000, 0.000, 0.000, 0.000, 0.000, 0.000
Cov. mu:
[[0.691 0.031 0.023 ... -0.000 0.001 0.003]
 [0.031 0.709 -0.017 ... -0.000 0.000 -0.000]
 [0.023 -0.017 0.763 ... -0.002 0.003 0.001]
 ...
 [-0.000 -0.000 -0.002 ... 0.000 -0.000 0.000]
 [0.001 0.000 0.003 ... -0.000 0.001 -0.000]
 [0.003 -0.000 0.001 ... 0.000 -0.000 0.001]]
