=================================================================
Layer (type:depth-idx)                   Param #
=================================================================
VAE                                      --
├─Encoder: 1-1                           --
│    └─Linear: 2-1                       38,465
├─Decoder: 1-2                           --
│    └─Linear: 2-2                       39,200
=================================================================
Total params: 77,665
Trainable params: 77,665
Non-trainable params: 0
=================================================================
=================================================================
Layer (type:depth-idx)                   Param #
=================================================================
VAE                                      --
├─Encoder: 1-1                           --
│    └─Linear: 2-1                       38,465
├─Decoder: 1-2                           --
│    └─Linear: 2-2                       39,200
=================================================================
Total params: 77,665
Trainable params: 77,665
Non-trainable params: 0
=================================================================
=================================================================
Layer (type:depth-idx)                   Param #
=================================================================
VAE                                      --
├─Encoder: 1-1                           --
│    └─Linear: 2-1                       38,465
├─Decoder: 1-2                           --
│    └─Linear: 2-2                       39,200
=================================================================
Total params: 77,665
Trainable params: 77,665
Non-trainable params: 0
=================================================================
=================================================================
Layer (type:depth-idx)                   Param #
=================================================================
VAE                                      --
├─Encoder: 1-1                           --
│    └─Linear: 2-1                       38,465
├─Decoder: 1-2                           --
│    └─Linear: 2-2                       39,200
=================================================================
Total params: 77,665
Trainable params: 77,665
Non-trainable params: 0
=================================================================
Training model 1/4...
[Epoch   1 (50.59s)]	ELBO: 1125.588 (1265.796)	Log prob: 1214.631 (1315.897)	KLD: 89.044 (50.101)	Grad: 0.109
[Epoch   2 (50.04s)]	ELBO: 1278.134 (1292.623)	Log prob: 1317.459 (1325.330)	KLD: 39.325 (32.707)	Grad: 0.073
[Epoch   3 (48.85s)]	ELBO: 1297.738 (1307.833)	Log prob: 1326.486 (1332.454)	KLD: 28.747 (24.621)	Grad: 0.071
[Epoch   4 (46.21s)]	ELBO: 1311.471 (1320.319)	Log prob: 1335.241 (1341.907)	KLD: 23.770 (21.589)	Grad: 0.076
[Epoch   5 (50.39s)]	ELBO: 1322.454 (1329.748)	Log prob: 1342.623 (1348.433)	KLD: 20.169 (18.685)	Grad: 0.061
[Epoch   6 (48.34s)]	ELBO: 1330.686 (1336.190)	Log prob: 1347.943 (1353.189)	KLD: 17.257 (16.998)	Grad: 0.069
[Epoch   7 (50.26s)]	ELBO: 1336.995 (1341.144)	Log prob: 1351.938 (1354.078)	KLD: 14.943 (12.933)	Grad: 0.068
[Epoch   8 (51.25s)]	ELBO: 1342.084 (1346.517)	Log prob: 1355.190 (1358.648)	KLD: 13.106 (12.131)	Grad: 0.062
[Epoch   9 (50.74s)]	ELBO: 1346.322 (1350.598)	Log prob: 1357.917 (1361.397)	KLD: 11.595 (10.799)	Grad: 0.072
[Epoch  10 (51.26s)]	ELBO: 1350.088 (1353.927)	Log prob: 1360.416 (1363.670)	KLD: 10.328 (9.743)	Grad: 0.070
[Epoch  11 (49.80s)]	ELBO: 1353.382 (1357.166)	Log prob: 1362.712 (1366.257)	KLD: 9.331 (9.091)	Grad: 0.075
[Epoch  12 (47.66s)]	ELBO: 1356.414 (1358.807)	Log prob: 1364.924 (1366.371)	KLD: 8.510 (7.565)	Grad: 0.072
[Epoch  13 (47.12s)]	ELBO: 1358.930 (1362.473)	Log prob: 1366.803 (1370.109)	KLD: 7.872 (7.636)	Grad: 0.088
[Epoch  14 (47.41s)]	ELBO: 1361.521 (1364.960)	Log prob: 1368.890 (1372.146)	KLD: 7.369 (7.186)	Grad: 0.094
[Epoch  15 (48.43s)]	ELBO: 1363.827 (1367.452)	Log prob: 1370.771 (1374.185)	KLD: 6.944 (6.733)	Grad: 0.086
[Epoch  16 (47.64s)]	ELBO: 1366.605 (1369.827)	Log prob: 1373.117 (1376.603)	KLD: 6.513 (6.776)	Grad: 0.091
[Epoch  17 (48.13s)]	ELBO: 1370.095 (1374.617)	Log prob: 1376.144 (1380.569)	KLD: 6.049 (5.952)	Grad: 0.118
[Epoch  18 (48.52s)]	ELBO: 1375.806 (1381.943)	Log prob: 1381.435 (1387.285)	KLD: 5.629 (5.341)	Grad: 0.131
[Epoch  19 (48.70s)]	ELBO: 1383.045 (1387.259)	Log prob: 1388.377 (1392.455)	KLD: 5.333 (5.196)	Grad: 0.115
[Epoch  20 (47.01s)]	ELBO: 1387.302 (1389.747)	Log prob: 1392.452 (1395.068)	KLD: 5.149 (5.321)	Grad: 0.090
[Epoch  21 (48.98s)]	ELBO: 1389.754 (1392.261)	Log prob: 1394.810 (1397.395)	KLD: 5.055 (5.133)	Grad: 0.102
[Epoch  22 (49.97s)]	ELBO: 1391.457 (1393.193)	Log prob: 1396.459 (1398.276)	KLD: 5.003 (5.083)	Grad: 0.093
[Epoch  23 (50.82s)]	ELBO: 1392.674 (1394.944)	Log prob: 1397.607 (1399.848)	KLD: 4.933 (4.905)	Grad: 0.102
[Epoch  24 (49.30s)]	ELBO: 1393.743 (1393.222)	Log prob: 1398.636 (1398.509)	KLD: 4.893 (5.287)	Grad: 0.104
[Epoch  25 (48.78s)]	ELBO: 1394.817 (1395.451)	Log prob: 1399.680 (1400.515)	KLD: 4.864 (5.064)	Grad: 0.091
[Epoch  26 (48.14s)]	ELBO: 1395.688 (1397.920)	Log prob: 1400.518 (1402.800)	KLD: 4.831 (4.880)	Grad: 0.100
[Epoch  27 (50.26s)]	ELBO: 1396.527 (1398.789)	Log prob: 1401.361 (1403.671)	KLD: 4.834 (4.882)	Grad: 0.099
[Epoch  28 (51.03s)]	ELBO: 1397.446 (1396.975)	Log prob: 1402.272 (1401.464)	KLD: 4.825 (4.489)	Grad: 0.105
[Epoch  29 (51.39s)]	ELBO: 1398.363 (1400.588)	Log prob: 1403.200 (1405.378)	KLD: 4.838 (4.790)	Grad: 0.091
[Epoch  30 (50.52s)]	ELBO: 1399.064 (1401.579)	Log prob: 1403.914 (1406.411)	KLD: 4.850 (4.833)	Grad: 0.094
[Epoch  31 (48.87s)]	ELBO: 1399.950 (1402.255)	Log prob: 1404.789 (1407.192)	KLD: 4.839 (4.937)	Grad: 0.089
[Epoch  32 (49.53s)]	ELBO: 1400.726 (1403.079)	Log prob: 1405.623 (1407.935)	KLD: 4.897 (4.857)	Grad: 0.098
[Epoch  33 (50.52s)]	ELBO: 1401.620 (1403.592)	Log prob: 1406.541 (1408.466)	KLD: 4.921 (4.874)	Grad: 0.093
[Epoch  34 (48.75s)]	ELBO: 1402.366 (1404.528)	Log prob: 1407.325 (1409.526)	KLD: 4.959 (4.998)	Grad: 0.091
[Epoch  35 (47.63s)]	ELBO: 1403.081 (1405.422)	Log prob: 1408.074 (1410.309)	KLD: 4.992 (4.888)	Grad: 0.098
[Epoch  36 (50.34s)]	ELBO: 1403.875 (1405.739)	Log prob: 1408.925 (1411.029)	KLD: 5.049 (5.290)	Grad: 0.114
[Epoch  37 (49.39s)]	ELBO: 1404.903 (1406.111)	Log prob: 1409.995 (1411.443)	KLD: 5.093 (5.333)	Grad: 0.097
[Epoch  38 (48.51s)]	ELBO: 1405.772 (1407.816)	Log prob: 1410.914 (1412.996)	KLD: 5.142 (5.180)	Grad: 0.105
[Epoch  39 (47.82s)]	ELBO: 1406.658 (1408.557)	Log prob: 1411.853 (1413.908)	KLD: 5.194 (5.351)	Grad: 0.109
[Epoch  40 (50.12s)]	ELBO: 1407.823 (1408.927)	Log prob: 1413.101 (1413.933)	KLD: 5.278 (5.006)	Grad: 0.107
[Epoch  41 (49.99s)]	ELBO: 1409.003 (1409.512)	Log prob: 1414.366 (1415.292)	KLD: 5.363 (5.780)	Grad: 0.099
[Epoch  42 (47.71s)]	ELBO: 1410.249 (1411.972)	Log prob: 1415.724 (1417.502)	KLD: 5.476 (5.529)	Grad: 0.112
[Epoch  43 (48.10s)]	ELBO: 1411.479 (1412.710)	Log prob: 1417.055 (1417.867)	KLD: 5.576 (5.157)	Grad: 0.106
[Epoch  44 (47.65s)]	ELBO: 1412.330 (1414.371)	Log prob: 1418.026 (1419.992)	KLD: 5.696 (5.621)	Grad: 0.141
[Epoch  45 (50.33s)]	ELBO: 1413.839 (1413.919)	Log prob: 1419.624 (1419.493)	KLD: 5.785 (5.574)	Grad: 0.110
[Epoch  46 (49.30s)]	ELBO: 1414.756 (1416.041)	Log prob: 1420.649 (1422.068)	KLD: 5.893 (6.028)	Grad: 0.118
[Epoch  47 (49.45s)]	ELBO: 1415.425 (1415.873)	Log prob: 1421.405 (1421.300)	KLD: 5.980 (5.427)	Grad: 0.127
[Epoch  48 (48.26s)]	ELBO: 1416.282 (1417.555)	Log prob: 1422.331 (1423.741)	KLD: 6.049 (6.185)	Grad: 0.128
[Epoch  49 (48.27s)]	ELBO: 1417.106 (1416.832)	Log prob: 1423.205 (1422.948)	KLD: 6.098 (6.116)	Grad: 0.123
[Epoch  50 (47.43s)]	ELBO: 1417.844 (1416.682)	Log prob: 1423.994 (1423.265)	KLD: 6.149 (6.582)	Grad: 0.115
[Epoch  51 (48.84s)]	ELBO: 1418.046 (1418.247)	Log prob: 1424.252 (1423.960)	KLD: 6.205 (5.713)	Grad: 0.144
[Epoch  52 (47.38s)]	ELBO: 1418.796 (1418.896)	Log prob: 1425.026 (1424.794)	KLD: 6.230 (5.898)	Grad: 0.126
[Epoch  53 (47.94s)]	ELBO: 1419.237 (1419.877)	Log prob: 1425.517 (1425.950)	KLD: 6.280 (6.072)	Grad: 0.118
[Epoch  54 (48.29s)]	ELBO: 1419.834 (1419.755)	Log prob: 1426.116 (1425.986)	KLD: 6.282 (6.231)	Grad: 0.124
[Epoch  55 (48.48s)]	ELBO: 1420.219 (1420.999)	Log prob: 1426.553 (1427.210)	KLD: 6.334 (6.210)	Grad: 0.127
[Epoch  56 (48.83s)]	ELBO: 1420.585 (1420.994)	Log prob: 1426.908 (1427.450)	KLD: 6.323 (6.456)	Grad: 0.122
[Epoch  57 (46.02s)]	ELBO: 1420.654 (1421.371)	Log prob: 1427.031 (1427.607)	KLD: 6.377 (6.236)	Grad: 0.146
[Epoch  58 (49.76s)]	ELBO: 1421.091 (1421.781)	Log prob: 1427.489 (1427.958)	KLD: 6.398 (6.177)	Grad: 0.137
[Epoch  59 (48.83s)]	ELBO: 1421.592 (1421.795)	Log prob: 1427.938 (1428.495)	KLD: 6.347 (6.700)	Grad: 0.126
[Epoch  60 (46.48s)]	ELBO: 1421.819 (1421.652)	Log prob: 1428.230 (1427.715)	KLD: 6.411 (6.063)	Grad: 0.135
[Epoch  61 (47.33s)]	ELBO: 1421.986 (1422.578)	Log prob: 1428.447 (1428.849)	KLD: 6.460 (6.271)	Grad: 0.147
[Epoch  62 (47.24s)]	ELBO: 1422.426 (1422.978)	Log prob: 1428.878 (1429.234)	KLD: 6.453 (6.255)	Grad: 0.130
[Epoch  63 (48.55s)]	ELBO: 1422.500 (1422.442)	Log prob: 1428.969 (1429.097)	KLD: 6.468 (6.656)	Grad: 0.135
[Epoch  64 (47.71s)]	ELBO: 1422.899 (1423.288)	Log prob: 1429.415 (1429.735)	KLD: 6.516 (6.447)	Grad: 0.139
[Epoch  65 (48.83s)]	ELBO: 1423.315 (1422.571)	Log prob: 1429.801 (1429.040)	KLD: 6.486 (6.469)	Grad: 0.125
[Epoch  66 (46.57s)]	ELBO: 1423.305 (1423.049)	Log prob: 1429.819 (1429.030)	KLD: 6.514 (5.981)	Grad: 0.150
[Epoch  67 (48.99s)]	ELBO: 1423.740 (1423.715)	Log prob: 1430.251 (1430.459)	KLD: 6.512 (6.744)	Grad: 0.132
[Epoch  68 (48.35s)]	ELBO: 1424.026 (1423.756)	Log prob: 1430.557 (1430.367)	KLD: 6.532 (6.610)	Grad: 0.131
[Epoch  69 (49.26s)]	ELBO: 1424.002 (1423.829)	Log prob: 1430.553 (1429.986)	KLD: 6.551 (6.158)	Grad: 0.138
[Epoch  70 (47.51s)]	ELBO: 1424.244 (1424.692)	Log prob: 1430.823 (1431.113)	KLD: 6.578 (6.421)	Grad: 0.153
[Epoch  71 (49.39s)]	ELBO: 1424.725 (1424.923)	Log prob: 1431.309 (1431.262)	KLD: 6.584 (6.339)	Grad: 0.127
[Epoch  72 (49.48s)]	ELBO: 1424.798 (1422.274)	Log prob: 1431.378 (1427.966)	KLD: 6.580 (5.692)	Grad: 0.132
[Epoch  73 (48.19s)]	ELBO: 1424.834 (1424.957)	Log prob: 1431.447 (1431.351)	KLD: 6.613 (6.393)	Grad: 0.143
[Epoch  74 (46.57s)]	ELBO: 1425.051 (1424.954)	Log prob: 1431.644 (1431.426)	KLD: 6.593 (6.472)	Grad: 0.149
[Epoch  75 (48.88s)]	ELBO: 1425.295 (1423.268)	Log prob: 1431.907 (1429.360)	KLD: 6.612 (6.093)	Grad: 0.144
[Epoch  76 (46.86s)]	ELBO: 1425.612 (1425.310)	Log prob: 1432.261 (1431.848)	KLD: 6.649 (6.538)	Grad: 0.123
[Epoch  77 (48.51s)]	ELBO: 1425.631 (1425.574)	Log prob: 1432.256 (1432.085)	KLD: 6.625 (6.511)	Grad: 0.148
[Epoch  78 (49.62s)]	ELBO: 1425.796 (1425.481)	Log prob: 1432.419 (1432.053)	KLD: 6.624 (6.572)	Grad: 0.142
[Epoch  79 (47.44s)]	ELBO: 1426.081 (1425.110)	Log prob: 1432.739 (1431.748)	KLD: 6.658 (6.639)	Grad: 0.140
[Epoch  80 (48.31s)]	ELBO: 1426.261 (1426.167)	Log prob: 1432.944 (1432.846)	KLD: 6.683 (6.679)	Grad: 0.139
[Epoch  81 (47.83s)]	ELBO: 1426.414 (1425.598)	Log prob: 1433.077 (1432.049)	KLD: 6.663 (6.451)	Grad: 0.146
[Epoch  82 (48.74s)]	ELBO: 1426.476 (1425.965)	Log prob: 1433.167 (1432.339)	KLD: 6.690 (6.373)	Grad: 0.157
[Epoch  83 (48.77s)]	ELBO: 1426.647 (1426.029)	Log prob: 1433.357 (1432.675)	KLD: 6.711 (6.645)	Grad: 0.145
[Epoch  84 (49.21s)]	ELBO: 1426.959 (1425.917)	Log prob: 1433.659 (1432.220)	KLD: 6.700 (6.303)	Grad: 0.135
[Epoch  85 (46.60s)]	ELBO: 1427.007 (1425.003)	Log prob: 1433.720 (1431.702)	KLD: 6.713 (6.699)	Grad: 0.144
[Epoch  86 (47.13s)]	ELBO: 1427.172 (1426.737)	Log prob: 1433.899 (1433.606)	KLD: 6.727 (6.869)	Grad: 0.143
[Epoch  87 (44.78s)]	ELBO: 1427.208 (1426.613)	Log prob: 1433.965 (1433.160)	KLD: 6.757 (6.547)	Grad: 0.164
[Epoch  88 (47.00s)]	ELBO: 1427.509 (1427.183)	Log prob: 1434.251 (1433.975)	KLD: 6.742 (6.792)	Grad: 0.145
[Epoch  89 (47.37s)]	ELBO: 1427.401 (1426.934)	Log prob: 1434.183 (1433.783)	KLD: 6.782 (6.849)	Grad: 0.156
[Epoch  90 (47.26s)]	ELBO: 1427.705 (1426.711)	Log prob: 1434.472 (1433.399)	KLD: 6.767 (6.689)	Grad: 0.148
[Epoch  91 (47.26s)]	ELBO: 1427.717 (1427.092)	Log prob: 1434.513 (1433.476)	KLD: 6.797 (6.385)	Grad: 0.157
[Epoch  92 (46.86s)]	ELBO: 1428.067 (1427.275)	Log prob: 1434.861 (1433.700)	KLD: 6.794 (6.425)	Grad: 0.136
[Epoch  93 (46.79s)]	ELBO: 1428.163 (1427.331)	Log prob: 1434.949 (1434.178)	KLD: 6.786 (6.847)	Grad: 0.151
[Epoch  94 (48.24s)]	ELBO: 1428.166 (1427.291)	Log prob: 1434.977 (1433.913)	KLD: 6.811 (6.621)	Grad: 0.157
[Epoch  95 (47.41s)]	ELBO: 1428.314 (1427.780)	Log prob: 1435.107 (1434.609)	KLD: 6.792 (6.829)	Grad: 0.151
[Epoch  96 (45.86s)]	ELBO: 1428.491 (1427.848)	Log prob: 1435.289 (1434.495)	KLD: 6.797 (6.646)	Grad: 0.147
[Epoch  97 (46.16s)]	ELBO: 1428.679 (1427.588)	Log prob: 1435.498 (1434.059)	KLD: 6.819 (6.471)	Grad: 0.151
[Epoch  98 (45.87s)]	ELBO: 1428.614 (1427.546)	Log prob: 1435.460 (1434.148)	KLD: 6.847 (6.602)	Grad: 0.155
[Epoch  99 (46.39s)]	ELBO: 1428.891 (1427.316)	Log prob: 1435.717 (1433.730)	KLD: 6.826 (6.414)	Grad: 0.157
[Epoch 100 (46.30s)]	ELBO: 1428.899 (1427.920)	Log prob: 1435.735 (1434.935)	KLD: 6.836 (7.015)	Grad: 0.153
[Epoch 101 (45.85s)]	ELBO: 1429.103 (1428.306)	Log prob: 1435.973 (1435.073)	KLD: 6.870 (6.767)	Grad: 0.152
[Epoch 102 (47.80s)]	ELBO: 1429.164 (1427.288)	Log prob: 1436.000 (1434.241)	KLD: 6.835 (6.952)	Grad: 0.162
[Epoch 103 (45.23s)]	ELBO: 1429.267 (1427.470)	Log prob: 1436.134 (1434.167)	KLD: 6.867 (6.697)	Grad: 0.153
[Epoch 104 (47.69s)]	ELBO: 1429.504 (1427.977)	Log prob: 1436.341 (1435.090)	KLD: 6.837 (7.114)	Grad: 0.144
[Epoch 105 (48.19s)]	ELBO: 1429.635 (1428.213)	Log prob: 1436.500 (1435.239)	KLD: 6.866 (7.026)	Grad: 0.147
[Epoch 106 (44.47s)]	ELBO: 1429.572 (1428.597)	Log prob: 1436.432 (1435.235)	KLD: 6.860 (6.638)	Grad: 0.147
[Epoch 107 (41.76s)]	ELBO: 1429.671 (1428.524)	Log prob: 1436.563 (1435.051)	KLD: 6.892 (6.526)	Grad: 0.157
[Epoch 108 (41.48s)]	ELBO: 1429.904 (1428.595)	Log prob: 1436.792 (1435.513)	KLD: 6.888 (6.919)	Grad: 0.154
[Epoch 109 (40.77s)]	ELBO: 1430.015 (1428.745)	Log prob: 1436.868 (1435.868)	KLD: 6.853 (7.123)	Grad: 0.142
[Epoch 110 (40.57s)]	ELBO: 1430.044 (1428.953)	Log prob: 1436.926 (1435.797)	KLD: 6.883 (6.843)	Grad: 0.142
[Epoch 111 (40.01s)]	ELBO: 1430.159 (1429.034)	Log prob: 1437.052 (1435.972)	KLD: 6.893 (6.938)	Grad: 0.147
[Epoch 112 (40.46s)]	ELBO: 1430.062 (1426.121)	Log prob: 1436.980 (1433.269)	KLD: 6.918 (7.148)	Grad: 0.173
[Epoch 113 (40.82s)]	ELBO: 1430.225 (1428.971)	Log prob: 1437.156 (1435.654)	KLD: 6.931 (6.684)	Grad: 0.159
[Epoch 114 (41.54s)]	ELBO: 1430.329 (1429.038)	Log prob: 1437.246 (1435.835)	KLD: 6.917 (6.798)	Grad: 0.154
[Epoch 115 (39.22s)]	ELBO: 1430.554 (1428.164)	Log prob: 1437.466 (1434.693)	KLD: 6.912 (6.529)	Grad: 0.156
[Epoch 116 (38.92s)]	ELBO: 1430.602 (1425.918)	Log prob: 1437.533 (1432.807)	KLD: 6.931 (6.889)	Grad: 0.158
[Epoch 117 (37.97s)]	ELBO: 1430.793 (1429.999)	Log prob: 1437.719 (1436.943)	KLD: 6.926 (6.944)	Grad: 0.154
[Epoch 118 (38.81s)]	ELBO: 1430.733 (1429.377)	Log prob: 1437.688 (1435.959)	KLD: 6.955 (6.581)	Grad: 0.154
[Epoch 119 (38.56s)]	ELBO: 1430.721 (1429.462)	Log prob: 1437.678 (1436.335)	KLD: 6.958 (6.873)	Grad: 0.160
[Epoch 120 (37.58s)]	ELBO: 1430.717 (1429.549)	Log prob: 1437.672 (1436.148)	KLD: 6.956 (6.599)	Grad: 0.163
[Epoch 121 (37.93s)]	ELBO: 1430.861 (1428.952)	Log prob: 1437.826 (1435.425)	KLD: 6.964 (6.473)	Grad: 0.170
[Epoch 122 (37.39s)]	ELBO: 1431.314 (1429.858)	Log prob: 1438.237 (1436.418)	KLD: 6.923 (6.559)	Grad: 0.142
[Epoch 123 (38.77s)]	ELBO: 1431.297 (1428.554)	Log prob: 1438.160 (1435.116)	KLD: 6.863 (6.562)	Grad: 0.165
[Epoch 124 (37.61s)]	ELBO: 1431.429 (1430.139)	Log prob: 1438.280 (1437.194)	KLD: 6.851 (7.054)	Grad: 0.175
[Epoch 125 (36.34s)]	ELBO: 1431.536 (1429.974)	Log prob: 1438.379 (1436.742)	KLD: 6.844 (6.768)	Grad: 0.172
[Epoch 126 (34.16s)]	ELBO: 1431.876 (1430.239)	Log prob: 1438.719 (1437.233)	KLD: 6.843 (6.994)	Grad: 0.148
[Epoch 127 (35.21s)]	ELBO: 1431.820 (1431.037)	Log prob: 1438.685 (1437.743)	KLD: 6.866 (6.706)	Grad: 0.167
[Epoch 128 (35.75s)]	ELBO: 1431.838 (1430.786)	Log prob: 1438.711 (1437.699)	KLD: 6.874 (6.913)	Grad: 0.168
[Epoch 129 (35.11s)]	ELBO: 1431.832 (1430.545)	Log prob: 1438.679 (1436.974)	KLD: 6.848 (6.429)	Grad: 0.165
[Epoch 130 (34.15s)]	ELBO: 1432.161 (1429.504)	Log prob: 1439.050 (1436.573)	KLD: 6.889 (7.069)	Grad: 0.164
[Epoch 131 (34.87s)]	ELBO: 1432.006 (1430.182)	Log prob: 1438.858 (1436.754)	KLD: 6.852 (6.572)	Grad: 0.170
[Epoch 132 (35.57s)]	ELBO: 1432.238 (1431.469)	Log prob: 1439.110 (1438.112)	KLD: 6.872 (6.643)	Grad: 0.163
[Epoch 133 (34.74s)]	ELBO: 1432.399 (1429.473)	Log prob: 1439.257 (1436.049)	KLD: 6.858 (6.576)	Grad: 0.160
[Epoch 134 (35.98s)]	ELBO: 1432.317 (1429.880)	Log prob: 1439.199 (1436.397)	KLD: 6.883 (6.516)	Grad: 0.172
[Epoch 135 (34.92s)]	ELBO: 1432.537 (1430.694)	Log prob: 1439.426 (1437.433)	KLD: 6.888 (6.740)	Grad: 0.165
[Epoch 136 (34.50s)]	ELBO: 1432.447 (1431.222)	Log prob: 1439.314 (1438.047)	KLD: 6.867 (6.824)	Grad: 0.178
[Epoch 137 (34.76s)]	ELBO: 1432.647 (1431.410)	Log prob: 1439.516 (1438.032)	KLD: 6.869 (6.623)	Grad: 0.148
[Epoch 138 (34.69s)]	ELBO: 1432.694 (1431.109)	Log prob: 1439.578 (1438.030)	KLD: 6.884 (6.921)	Grad: 0.167
[Epoch 139 (34.71s)]	ELBO: 1432.863 (1431.311)	Log prob: 1439.709 (1437.834)	KLD: 6.846 (6.523)	Grad: 0.175
[Epoch 140 (34.27s)]	ELBO: 1432.566 (1430.693)	Log prob: 1439.433 (1437.567)	KLD: 6.868 (6.874)	Grad: 0.191
[Epoch 141 (35.43s)]	ELBO: 1433.047 (1431.887)	Log prob: 1439.905 (1438.477)	KLD: 6.858 (6.590)	Grad: 0.151
[Epoch 142 (33.23s)]	ELBO: 1433.200 (1431.180)	Log prob: 1440.078 (1438.046)	KLD: 6.878 (6.867)	Grad: 0.156
[Epoch 143 (31.89s)]	ELBO: 1433.058 (1431.874)	Log prob: 1439.939 (1438.473)	KLD: 6.881 (6.600)	Grad: 0.167
[Epoch 144 (32.05s)]	ELBO: 1433.064 (1431.992)	Log prob: 1439.958 (1438.703)	KLD: 6.894 (6.712)	Grad: 0.176
[Epoch 145 (30.90s)]	ELBO: 1433.228 (1432.028)	Log prob: 1440.088 (1438.872)	KLD: 6.860 (6.844)	Grad: 0.164
[Epoch 146 (30.86s)]	ELBO: 1433.291 (1431.461)	Log prob: 1440.185 (1437.962)	KLD: 6.894 (6.501)	Grad: 0.167
[Epoch 147 (31.58s)]	ELBO: 1433.271 (1431.041)	Log prob: 1440.139 (1437.625)	KLD: 6.868 (6.584)	Grad: 0.174
[Epoch 148 (32.78s)]	ELBO: 1433.252 (1431.326)	Log prob: 1440.152 (1438.548)	KLD: 6.900 (7.223)	Grad: 0.167
[Epoch 149 (31.67s)]	ELBO: 1433.523 (1430.869)	Log prob: 1440.437 (1437.865)	KLD: 6.914 (6.996)	Grad: 0.170
[Epoch 150 (30.82s)]	ELBO: 1433.280 (1432.204)	Log prob: 1440.168 (1438.988)	KLD: 6.889 (6.785)	Grad: 0.197
[Epoch 151 (31.31s)]	ELBO: 1433.682 (1431.671)	Log prob: 1440.546 (1438.042)	KLD: 6.864 (6.371)	Grad: 0.164
[Epoch 152 (28.62s)]	ELBO: 1433.732 (1432.125)	Log prob: 1440.609 (1438.699)	KLD: 6.877 (6.574)	Grad: 0.161
[Epoch 153 (29.46s)]	ELBO: 1433.504 (1432.476)	Log prob: 1440.391 (1439.121)	KLD: 6.887 (6.644)	Grad: 0.190
[Epoch 154 (29.23s)]	ELBO: 1433.621 (1431.970)	Log prob: 1440.509 (1439.008)	KLD: 6.887 (7.038)	Grad: 0.191
[Epoch 155 (29.08s)]	ELBO: 1433.825 (1431.981)	Log prob: 1440.674 (1438.754)	KLD: 6.849 (6.772)	Grad: 0.171
[Epoch 156 (30.47s)]	ELBO: 1433.883 (1432.540)	Log prob: 1440.763 (1439.535)	KLD: 6.881 (6.994)	Grad: 0.161
[Epoch 157 (28.93s)]	ELBO: 1433.923 (1431.992)	Log prob: 1440.817 (1438.827)	KLD: 6.894 (6.835)	Grad: 0.182
[Epoch 158 (28.90s)]	ELBO: 1433.980 (1432.459)	Log prob: 1440.873 (1439.013)	KLD: 6.893 (6.554)	Grad: 0.181
[Epoch 159 (29.02s)]	ELBO: 1433.835 (1432.090)	Log prob: 1440.709 (1438.446)	KLD: 6.874 (6.356)	Grad: 0.189
[Epoch 160 (28.85s)]	ELBO: 1434.245 (1430.651)	Log prob: 1441.102 (1437.971)	KLD: 6.857 (7.321)	Grad: 0.172
[Epoch 161 (30.03s)]	ELBO: 1434.089 (1432.265)	Log prob: 1440.967 (1438.751)	KLD: 6.878 (6.486)	Grad: 0.185
[Epoch 162 (30.31s)]	ELBO: 1434.500 (1432.383)	Log prob: 1441.369 (1439.387)	KLD: 6.869 (7.004)	Grad: 0.142
[Epoch 163 (28.79s)]	ELBO: 1434.301 (1432.798)	Log prob: 1441.174 (1439.860)	KLD: 6.873 (7.061)	Grad: 0.174
[Epoch 164 (28.64s)]	ELBO: 1434.161 (1428.446)	Log prob: 1441.049 (1435.545)	KLD: 6.889 (7.099)	Grad: 0.190
[Epoch 165 (28.79s)]	ELBO: 1434.565 (1432.693)	Log prob: 1441.442 (1439.609)	KLD: 6.876 (6.916)	Grad: 0.157
[Epoch 166 (30.38s)]	ELBO: 1434.459 (1432.208)	Log prob: 1441.338 (1439.201)	KLD: 6.879 (6.993)	Grad: 0.171
[Epoch 167 (29.22s)]	ELBO: 1434.370 (1431.845)	Log prob: 1441.257 (1438.514)	KLD: 6.887 (6.669)	Grad: 0.183
[Epoch 168 (29.35s)]	ELBO: 1434.465 (1431.761)	Log prob: 1441.330 (1438.945)	KLD: 6.865 (7.184)	Grad: 0.189
[Epoch 169 (29.16s)]	ELBO: 1434.568 (1432.919)	Log prob: 1441.455 (1439.462)	KLD: 6.887 (6.543)	Grad: 0.186
[Epoch 170 (27.94s)]	ELBO: 1434.719 (1432.491)	Log prob: 1441.608 (1438.958)	KLD: 6.889 (6.466)	Grad: 0.172
[Epoch 171 (27.48s)]	ELBO: 1434.890 (1432.625)	Log prob: 1441.748 (1439.766)	KLD: 6.857 (7.141)	Grad: 0.164
[Epoch 172 (29.13s)]	ELBO: 1434.770 (1433.027)	Log prob: 1441.665 (1440.191)	KLD: 6.896 (7.164)	Grad: 0.182
[Epoch 173 (28.16s)]	ELBO: 1435.034 (1433.226)	Log prob: 1441.904 (1440.112)	KLD: 6.870 (6.886)	Grad: 0.163
[Epoch 174 (29.87s)]	ELBO: 1434.831 (1432.927)	Log prob: 1441.733 (1440.002)	KLD: 6.902 (7.075)	Grad: 0.183
[Epoch 175 (29.05s)]	ELBO: 1434.957 (1432.476)	Log prob: 1441.854 (1439.352)	KLD: 6.898 (6.876)	Grad: 0.173
[Epoch 176 (26.85s)]	ELBO: 1435.220 (1433.774)	Log prob: 1442.103 (1440.482)	KLD: 6.883 (6.708)	Grad: 0.158
[Epoch 177 (24.51s)]	ELBO: 1434.896 (1433.721)	Log prob: 1441.759 (1440.578)	KLD: 6.862 (6.858)	Grad: 0.199
[Epoch 178 (24.92s)]	ELBO: 1435.071 (1433.244)	Log prob: 1441.956 (1440.030)	KLD: 6.885 (6.786)	Grad: 0.187
[Epoch 179 (25.06s)]	ELBO: 1435.150 (1431.568)	Log prob: 1442.023 (1438.818)	KLD: 6.873 (7.251)	Grad: 0.194
[Epoch 180 (24.93s)]	ELBO: 1435.243 (1432.795)	Log prob: 1442.105 (1439.167)	KLD: 6.862 (6.371)	Grad: 0.188
[Epoch 181 (25.02s)]	ELBO: 1435.359 (1432.785)	Log prob: 1442.248 (1439.362)	KLD: 6.889 (6.577)	Grad: 0.177
[Epoch 182 (25.01s)]	ELBO: 1435.515 (1433.344)	Log prob: 1442.383 (1439.776)	KLD: 6.868 (6.432)	Grad: 0.172
[Epoch 183 (24.61s)]	ELBO: 1435.151 (1433.224)	Log prob: 1442.027 (1440.236)	KLD: 6.876 (7.011)	Grad: 0.202
[Epoch 184 (24.75s)]	ELBO: 1435.606 (1433.102)	Log prob: 1442.488 (1439.586)	KLD: 6.883 (6.484)	Grad: 0.168
[Epoch 185 (24.83s)]	ELBO: 1435.353 (1432.677)	Log prob: 1442.211 (1439.325)	KLD: 6.858 (6.648)	Grad: 0.192
[Epoch 186 (25.48s)]	ELBO: 1435.786 (1431.559)	Log prob: 1442.668 (1438.619)	KLD: 6.882 (7.060)	Grad: 0.171
[Epoch 187 (24.95s)]	ELBO: 1435.578 (1432.128)	Log prob: 1442.457 (1439.189)	KLD: 6.878 (7.061)	Grad: 0.183
[Epoch 188 (24.25s)]	ELBO: 1435.721 (1434.160)	Log prob: 1442.591 (1441.072)	KLD: 6.870 (6.912)	Grad: 0.174
[Epoch 189 (26.05s)]	ELBO: 1435.568 (1434.239)	Log prob: 1442.439 (1441.219)	KLD: 6.871 (6.979)	Grad: 0.190
[Epoch 190 (25.28s)]	ELBO: 1435.857 (1434.227)	Log prob: 1442.747 (1441.140)	KLD: 6.889 (6.913)	Grad: 0.176
[Epoch 191 (26.54s)]	ELBO: 1436.073 (1434.517)	Log prob: 1442.946 (1441.380)	KLD: 6.873 (6.863)	Grad: 0.172
[Epoch 192 (25.29s)]	ELBO: 1435.750 (1433.364)	Log prob: 1442.663 (1440.295)	KLD: 6.913 (6.930)	Grad: 0.190
[Epoch 193 (24.87s)]	ELBO: 1435.952 (1433.247)	Log prob: 1442.830 (1440.316)	KLD: 6.878 (7.069)	Grad: 0.177
[Epoch 194 (24.76s)]	ELBO: 1435.888 (1432.957)	Log prob: 1442.778 (1439.402)	KLD: 6.890 (6.445)	Grad: 0.188
[Epoch 195 (25.45s)]	ELBO: 1435.704 (1433.766)	Log prob: 1442.601 (1440.603)	KLD: 6.897 (6.837)	Grad: 0.204
[Epoch 196 (25.45s)]	ELBO: 1436.053 (1433.067)	Log prob: 1442.913 (1439.474)	KLD: 6.860 (6.407)	Grad: 0.181
[Epoch 197 (25.74s)]	ELBO: 1436.154 (1434.401)	Log prob: 1443.021 (1441.005)	KLD: 6.867 (6.604)	Grad: 0.187
[Epoch 198 (24.44s)]	ELBO: 1436.034 (1433.345)	Log prob: 1442.888 (1440.402)	KLD: 6.855 (7.057)	Grad: 0.186
[Epoch 199 (24.94s)]	ELBO: 1436.108 (1434.621)	Log prob: 1442.979 (1441.645)	KLD: 6.871 (7.023)	Grad: 0.181
[Epoch 200 (24.09s)]	ELBO: 1436.289 (1434.884)	Log prob: 1443.159 (1441.608)	KLD: 6.870 (6.724)	Grad: 0.176
[Epoch 201 (24.96s)]	ELBO: 1436.312 (1434.292)	Log prob: 1443.159 (1441.113)	KLD: 6.846 (6.821)	Grad: 0.170
[Epoch 202 (24.20s)]	ELBO: 1436.378 (1434.213)	Log prob: 1443.267 (1441.148)	KLD: 6.889 (6.936)	Grad: 0.176
[Epoch 203 (24.43s)]	ELBO: 1436.570 (1435.067)	Log prob: 1443.429 (1441.771)	KLD: 6.859 (6.704)	Grad: 0.165
[Epoch 204 (26.25s)]	ELBO: 1436.227 (1433.821)	Log prob: 1443.107 (1440.772)	KLD: 6.880 (6.951)	Grad: 0.195
[Epoch 205 (25.40s)]	ELBO: 1436.487 (1433.551)	Log prob: 1443.336 (1440.413)	KLD: 6.850 (6.862)	Grad: 0.192
[Epoch 206 (26.48s)]	ELBO: 1436.378 (1433.892)	Log prob: 1443.223 (1440.888)	KLD: 6.845 (6.995)	Grad: 0.186
[Epoch 207 (26.34s)]	ELBO: 1436.515 (1434.362)	Log prob: 1443.369 (1440.744)	KLD: 6.854 (6.382)	Grad: 0.188
[Epoch 208 (24.15s)]	ELBO: 1436.510 (1434.115)	Log prob: 1443.385 (1440.966)	KLD: 6.874 (6.850)	Grad: 0.192
[Epoch 209 (24.12s)]	ELBO: 1436.908 (1435.013)	Log prob: 1443.764 (1441.582)	KLD: 6.856 (6.568)	Grad: 0.161
[Epoch 210 (24.12s)]	ELBO: 1436.713 (1433.446)	Log prob: 1443.573 (1440.184)	KLD: 6.860 (6.738)	Grad: 0.181
[Epoch 211 (25.04s)]	ELBO: 1436.556 (1434.114)	Log prob: 1443.437 (1440.751)	KLD: 6.881 (6.638)	Grad: 0.189
[Epoch 212 (23.22s)]	ELBO: 1436.775 (1434.058)	Log prob: 1443.663 (1440.677)	KLD: 6.888 (6.619)	Grad: 0.190
[Epoch 213 (21.73s)]	ELBO: 1436.842 (1429.899)	Log prob: 1443.706 (1437.306)	KLD: 6.865 (7.407)	Grad: 0.189
[Epoch 214 (21.84s)]	ELBO: 1437.008 (1434.528)	Log prob: 1443.892 (1441.312)	KLD: 6.885 (6.783)	Grad: 0.177
[Epoch 215 (22.76s)]	ELBO: 1437.082 (1432.729)	Log prob: 1443.908 (1439.492)	KLD: 6.827 (6.763)	Grad: 0.179
[Epoch 216 (22.73s)]	ELBO: 1436.759 (1435.199)	Log prob: 1443.619 (1442.052)	KLD: 6.860 (6.853)	Grad: 0.218
[Epoch 217 (22.70s)]	ELBO: 1437.055 (1434.407)	Log prob: 1443.916 (1441.213)	KLD: 6.861 (6.806)	Grad: 0.194
[Epoch 218 (23.03s)]	ELBO: 1437.024 (1434.981)	Log prob: 1443.864 (1441.919)	KLD: 6.840 (6.937)	Grad: 0.190
[Epoch 219 (22.69s)]	ELBO: 1437.290 (1432.430)	Log prob: 1444.159 (1438.749)	KLD: 6.868 (6.319)	Grad: 0.171
[Epoch 220 (23.17s)]	ELBO: 1437.150 (1435.282)	Log prob: 1444.016 (1442.217)	KLD: 6.866 (6.934)	Grad: 0.199
[Epoch 221 (24.46s)]	ELBO: 1437.272 (1435.419)	Log prob: 1444.142 (1442.283)	KLD: 6.869 (6.864)	Grad: 0.183
[Epoch 222 (23.66s)]	ELBO: 1436.967 (1435.821)	Log prob: 1443.839 (1442.660)	KLD: 6.872 (6.838)	Grad: 0.203
[Epoch 223 (23.91s)]	ELBO: 1437.285 (1434.876)	Log prob: 1444.148 (1441.960)	KLD: 6.863 (7.084)	Grad: 0.185
[Epoch 224 (24.25s)]	ELBO: 1437.152 (1435.408)	Log prob: 1444.041 (1442.373)	KLD: 6.889 (6.965)	Grad: 0.203
[Epoch 225 (23.11s)]	ELBO: 1437.217 (1433.515)	Log prob: 1444.100 (1440.072)	KLD: 6.884 (6.556)	Grad: 0.196
[Epoch 226 (23.16s)]	ELBO: 1437.530 (1435.491)	Log prob: 1444.395 (1442.209)	KLD: 6.864 (6.718)	Grad: 0.180
[Epoch 227 (22.63s)]	ELBO: 1437.464 (1435.763)	Log prob: 1444.322 (1442.514)	KLD: 6.858 (6.751)	Grad: 0.185
[Epoch 228 (21.86s)]	ELBO: 1437.429 (1434.470)	Log prob: 1444.281 (1440.784)	KLD: 6.852 (6.314)	Grad: 0.187
[Epoch 229 (21.76s)]	ELBO: 1437.455 (1435.074)	Log prob: 1444.313 (1441.963)	KLD: 6.858 (6.889)	Grad: 0.209
[Epoch 230 (22.91s)]	ELBO: 1437.727 (1435.163)	Log prob: 1444.589 (1442.144)	KLD: 6.862 (6.981)	Grad: 0.169
[Epoch 231 (22.15s)]	ELBO: 1437.627 (1434.579)	Log prob: 1444.490 (1440.937)	KLD: 6.864 (6.358)	Grad: 0.193
[Epoch 232 (21.88s)]	ELBO: 1437.898 (1435.998)	Log prob: 1444.753 (1442.678)	KLD: 6.855 (6.680)	Grad: 0.168
[Epoch 233 (22.91s)]	ELBO: 1437.426 (1435.852)	Log prob: 1444.307 (1442.665)	KLD: 6.881 (6.813)	Grad: 0.209
[Epoch 234 (22.50s)]	ELBO: 1437.500 (1435.461)	Log prob: 1444.387 (1442.599)	KLD: 6.887 (7.138)	Grad: 0.212
[Epoch 235 (22.35s)]	ELBO: 1437.694 (1434.903)	Log prob: 1444.568 (1441.280)	KLD: 6.874 (6.377)	Grad: 0.191
[Epoch 236 (23.96s)]	ELBO: 1437.678 (1435.690)	Log prob: 1444.521 (1442.483)	KLD: 6.844 (6.793)	Grad: 0.208
[Epoch 237 (22.87s)]	ELBO: 1437.720 (1435.449)	Log prob: 1444.592 (1442.174)	KLD: 6.872 (6.726)	Grad: 0.200
[Epoch 238 (23.03s)]	ELBO: 1437.969 (1436.030)	Log prob: 1444.826 (1442.902)	KLD: 6.858 (6.872)	Grad: 0.190
[Epoch 239 (22.48s)]	ELBO: 1437.738 (1435.262)	Log prob: 1444.583 (1441.637)	KLD: 6.845 (6.375)	Grad: 0.200
[Epoch 240 (22.29s)]	ELBO: 1437.979 (1436.089)	Log prob: 1444.828 (1442.814)	KLD: 6.850 (6.725)	Grad: 0.185
[Epoch 241 (22.67s)]	ELBO: 1438.366 (1436.077)	Log prob: 1445.219 (1442.808)	KLD: 6.853 (6.731)	Grad: 0.167
[Epoch 242 (22.40s)]	ELBO: 1437.980 (1435.812)	Log prob: 1444.855 (1442.667)	KLD: 6.875 (6.855)	Grad: 0.184
[Epoch 243 (22.54s)]	ELBO: 1438.067 (1435.995)	Log prob: 1444.915 (1442.488)	KLD: 6.848 (6.493)	Grad: 0.184
[Epoch 244 (23.11s)]	ELBO: 1438.083 (1434.134)	Log prob: 1444.911 (1440.838)	KLD: 6.828 (6.704)	Grad: 0.203
[Epoch 245 (22.28s)]	ELBO: 1438.230 (1430.580)	Log prob: 1445.108 (1437.857)	KLD: 6.879 (7.277)	Grad: 0.173
[Epoch 246 (21.43s)]	ELBO: 1438.096 (1435.152)	Log prob: 1444.966 (1441.828)	KLD: 6.870 (6.677)	Grad: 0.204
[Epoch 247 (22.40s)]	ELBO: 1438.281 (1436.785)	Log prob: 1445.162 (1443.531)	KLD: 6.881 (6.745)	Grad: 0.185
[Epoch 248 (22.91s)]	ELBO: 1438.455 (1435.744)	Log prob: 1445.348 (1442.235)	KLD: 6.893 (6.491)	Grad: 0.171
[Epoch 249 (22.45s)]	ELBO: 1438.302 (1436.010)	Log prob: 1445.179 (1442.476)	KLD: 6.877 (6.466)	Grad: 0.195
[Epoch 250 (22.41s)]	ELBO: 1438.152 (1436.244)	Log prob: 1445.020 (1442.946)	KLD: 6.868 (6.702)	Grad: 0.203
Training model 2/4...
[Epoch   1 (24.26s)]	ELBO: 17.709 (999.999)	Log prob: 20.586 (1009.142)	KLD: 2.877 (9.142)	Grad: 0.018
[Epoch   2 (25.24s)]	ELBO: 22.935 (1002.976)	Log prob: 25.778 (1012.085)	KLD: 2.843 (9.109)	Grad: 0.020
[Epoch   3 (25.36s)]	ELBO: 24.247 (1004.179)	Log prob: 27.067 (1013.257)	KLD: 2.820 (9.078)	Grad: 0.021
[Epoch   4 (24.12s)]	ELBO: 25.031 (1004.891)	Log prob: 27.869 (1013.932)	KLD: 2.838 (9.041)	Grad: 0.023
[Epoch   5 (23.86s)]	ELBO: 25.677 (1005.837)	Log prob: 28.544 (1014.991)	KLD: 2.867 (9.154)	Grad: 0.024
[Epoch   6 (24.37s)]	ELBO: 26.317 (1006.641)	Log prob: 29.252 (1015.870)	KLD: 2.935 (9.228)	Grad: 0.025
[Epoch   7 (24.14s)]	ELBO: 26.923 (1007.509)	Log prob: 29.941 (1016.800)	KLD: 3.018 (9.291)	Grad: 0.025
[Epoch   8 (24.82s)]	ELBO: 27.484 (1007.472)	Log prob: 30.594 (1016.744)	KLD: 3.110 (9.272)	Grad: 0.027
[Epoch   9 (23.30s)]	ELBO: 28.009 (1008.395)	Log prob: 31.174 (1017.882)	KLD: 3.165 (9.487)	Grad: 0.027
[Epoch  10 (24.66s)]	ELBO: 28.565 (1008.560)	Log prob: 31.789 (1017.966)	KLD: 3.225 (9.406)	Grad: 0.028
[Epoch  11 (24.00s)]	ELBO: 28.987 (1008.633)	Log prob: 32.255 (1018.037)	KLD: 3.267 (9.404)	Grad: 0.029
[Epoch  12 (24.09s)]	ELBO: 29.419 (1009.309)	Log prob: 32.705 (1018.779)	KLD: 3.287 (9.470)	Grad: 0.029
[Epoch  13 (24.62s)]	ELBO: 29.744 (1009.535)	Log prob: 33.069 (1019.048)	KLD: 3.324 (9.513)	Grad: 0.031
[Epoch  14 (23.77s)]	ELBO: 30.090 (1010.014)	Log prob: 33.416 (1019.531)	KLD: 3.326 (9.517)	Grad: 0.031
[Epoch  15 (24.27s)]	ELBO: 30.417 (1010.070)	Log prob: 33.758 (1019.520)	KLD: 3.341 (9.449)	Grad: 0.031
[Epoch  16 (25.05s)]	ELBO: 30.643 (1010.783)	Log prob: 34.008 (1020.344)	KLD: 3.364 (9.561)	Grad: 0.032
[Epoch  17 (25.71s)]	ELBO: 30.871 (1010.519)	Log prob: 34.256 (1020.090)	KLD: 3.386 (9.571)	Grad: 0.033
[Epoch  18 (25.07s)]	ELBO: 31.157 (1011.322)	Log prob: 34.555 (1021.000)	KLD: 3.398 (9.677)	Grad: 0.032
[Epoch  19 (24.58s)]	ELBO: 31.376 (1011.372)	Log prob: 34.794 (1021.077)	KLD: 3.417 (9.706)	Grad: 0.033
[Epoch  20 (24.66s)]	ELBO: 31.548 (1011.295)	Log prob: 34.984 (1020.982)	KLD: 3.437 (9.687)	Grad: 0.034
[Epoch  21 (24.64s)]	ELBO: 31.741 (1011.801)	Log prob: 35.165 (1021.506)	KLD: 3.423 (9.706)	Grad: 0.034
[Epoch  22 (24.17s)]	ELBO: 31.844 (1011.918)	Log prob: 35.300 (1021.647)	KLD: 3.456 (9.730)	Grad: 0.035
[Epoch  23 (24.50s)]	ELBO: 32.143 (1012.431)	Log prob: 35.587 (1022.195)	KLD: 3.444 (9.764)	Grad: 0.034
[Epoch  24 (24.34s)]	ELBO: 32.205 (1011.471)	Log prob: 35.681 (1021.223)	KLD: 3.475 (9.752)	Grad: 0.035
[Epoch  25 (24.21s)]	ELBO: 32.395 (1012.218)	Log prob: 35.876 (1021.940)	KLD: 3.481 (9.723)	Grad: 0.035
[Epoch  26 (24.60s)]	ELBO: 32.532 (1012.007)	Log prob: 36.025 (1021.672)	KLD: 3.493 (9.665)	Grad: 0.036
[Epoch  27 (24.65s)]	ELBO: 32.602 (1012.274)	Log prob: 36.103 (1022.007)	KLD: 3.501 (9.732)	Grad: 0.036
[Epoch  28 (24.85s)]	ELBO: 32.807 (1012.298)	Log prob: 36.319 (1022.047)	KLD: 3.513 (9.749)	Grad: 0.036
[Epoch  29 (23.56s)]	ELBO: 32.922 (1013.077)	Log prob: 36.434 (1022.853)	KLD: 3.512 (9.776)	Grad: 0.036
[Epoch  30 (24.87s)]	ELBO: 33.014 (1012.554)	Log prob: 36.550 (1022.306)	KLD: 3.536 (9.752)	Grad: 0.037
[Epoch  31 (26.25s)]	ELBO: 33.118 (1012.846)	Log prob: 36.663 (1022.655)	KLD: 3.545 (9.810)	Grad: 0.037
[Epoch  32 (25.48s)]	ELBO: 33.249 (1012.849)	Log prob: 36.784 (1022.617)	KLD: 3.535 (9.768)	Grad: 0.037
[Epoch  33 (24.56s)]	ELBO: 33.394 (1013.049)	Log prob: 36.936 (1022.888)	KLD: 3.542 (9.840)	Grad: 0.037
[Epoch  34 (24.90s)]	ELBO: 33.470 (1012.901)	Log prob: 37.040 (1022.717)	KLD: 3.570 (9.816)	Grad: 0.038
[Epoch  35 (25.16s)]	ELBO: 33.595 (1013.189)	Log prob: 37.171 (1023.014)	KLD: 3.576 (9.824)	Grad: 0.038
[Epoch  36 (24.78s)]	ELBO: 33.664 (1013.628)	Log prob: 37.252 (1023.456)	KLD: 3.588 (9.828)	Grad: 0.038
[Epoch  37 (24.82s)]	ELBO: 33.719 (1013.230)	Log prob: 37.307 (1023.106)	KLD: 3.589 (9.876)	Grad: 0.039
[Epoch  38 (24.39s)]	ELBO: 33.831 (1013.760)	Log prob: 37.424 (1023.691)	KLD: 3.593 (9.931)	Grad: 0.039
[Epoch  39 (25.67s)]	ELBO: 33.924 (1014.183)	Log prob: 37.533 (1024.126)	KLD: 3.609 (9.943)	Grad: 0.039
[Epoch  40 (24.62s)]	ELBO: 34.022 (1014.110)	Log prob: 37.632 (1024.001)	KLD: 3.609 (9.892)	Grad: 0.039
[Epoch  41 (24.23s)]	ELBO: 34.143 (1014.083)	Log prob: 37.749 (1024.075)	KLD: 3.606 (9.991)	Grad: 0.038
[Epoch  42 (24.13s)]	ELBO: 34.215 (1014.032)	Log prob: 37.833 (1023.971)	KLD: 3.618 (9.939)	Grad: 0.039
[Epoch  43 (24.16s)]	ELBO: 34.211 (1013.744)	Log prob: 37.834 (1023.582)	KLD: 3.623 (9.839)	Grad: 0.040
[Epoch  44 (23.91s)]	ELBO: 34.348 (1013.673)	Log prob: 37.984 (1023.522)	KLD: 3.636 (9.848)	Grad: 0.039
[Epoch  45 (24.83s)]	ELBO: 34.428 (1013.733)	Log prob: 38.060 (1023.712)	KLD: 3.632 (9.979)	Grad: 0.039
[Epoch  46 (25.53s)]	ELBO: 34.459 (1014.036)	Log prob: 38.099 (1024.028)	KLD: 3.640 (9.992)	Grad: 0.040
[Epoch  47 (25.03s)]	ELBO: 34.559 (1014.672)	Log prob: 38.203 (1024.793)	KLD: 3.644 (10.120)	Grad: 0.040
[Epoch  48 (24.14s)]	ELBO: 34.588 (1014.202)	Log prob: 38.248 (1024.213)	KLD: 3.660 (10.011)	Grad: 0.040
[Epoch  49 (23.79s)]	ELBO: 34.699 (1014.087)	Log prob: 38.342 (1024.070)	KLD: 3.643 (9.982)	Grad: 0.040
[Epoch  50 (24.23s)]	ELBO: 34.782 (1013.833)	Log prob: 38.448 (1023.862)	KLD: 3.666 (10.029)	Grad: 0.040
[Epoch  51 (20.55s)]	ELBO: 34.818 (1013.422)	Log prob: 38.479 (1023.370)	KLD: 3.660 (9.948)	Grad: 0.040
[Epoch  52 (19.86s)]	ELBO: 34.889 (1014.536)	Log prob: 38.559 (1024.501)	KLD: 3.670 (9.965)	Grad: 0.040
[Epoch  53 (20.59s)]	ELBO: 34.955 (1014.501)	Log prob: 38.636 (1024.519)	KLD: 3.681 (10.018)	Grad: 0.041
[Epoch  54 (18.24s)]	ELBO: 35.001 (1014.678)	Log prob: 38.694 (1024.719)	KLD: 3.693 (10.041)	Grad: 0.041
[Epoch  55 (18.99s)]	ELBO: 35.089 (1014.471)	Log prob: 38.780 (1024.515)	KLD: 3.692 (10.044)	Grad: 0.041
[Epoch  56 (20.04s)]	ELBO: 35.154 (1014.296)	Log prob: 38.841 (1024.245)	KLD: 3.688 (9.949)	Grad: 0.041
[Epoch  57 (18.39s)]	ELBO: 35.195 (1014.112)	Log prob: 38.899 (1024.188)	KLD: 3.704 (10.076)	Grad: 0.041
[Epoch  58 (19.53s)]	ELBO: 35.234 (1014.463)	Log prob: 38.940 (1024.466)	KLD: 3.706 (10.004)	Grad: 0.041
[Epoch  59 (19.93s)]	ELBO: 35.330 (1015.068)	Log prob: 39.036 (1025.106)	KLD: 3.707 (10.038)	Grad: 0.041
[Epoch  60 (19.94s)]	ELBO: 35.350 (1014.241)	Log prob: 39.068 (1024.267)	KLD: 3.718 (10.027)	Grad: 0.042
[Epoch  61 (19.60s)]	ELBO: 35.436 (1014.494)	Log prob: 39.140 (1024.492)	KLD: 3.704 (9.998)	Grad: 0.041
[Epoch  62 (19.91s)]	ELBO: 35.478 (1014.296)	Log prob: 39.195 (1024.313)	KLD: 3.717 (10.017)	Grad: 0.042
[Epoch  63 (20.45s)]	ELBO: 35.518 (1014.535)	Log prob: 39.246 (1024.579)	KLD: 3.728 (10.043)	Grad: 0.042
[Epoch  64 (20.45s)]	ELBO: 35.584 (1014.781)	Log prob: 39.302 (1024.896)	KLD: 3.718 (10.115)	Grad: 0.042
[Epoch  65 (20.31s)]	ELBO: 35.614 (1014.291)	Log prob: 39.347 (1024.343)	KLD: 3.733 (10.051)	Grad: 0.042
[Epoch  66 (20.11s)]	ELBO: 35.655 (1014.773)	Log prob: 39.394 (1024.928)	KLD: 3.738 (10.155)	Grad: 0.042
[Epoch  67 (19.57s)]	ELBO: 35.739 (1014.451)	Log prob: 39.473 (1024.481)	KLD: 3.733 (10.029)	Grad: 0.042
[Epoch  68 (19.87s)]	ELBO: 35.753 (1014.921)	Log prob: 39.497 (1024.972)	KLD: 3.745 (10.051)	Grad: 0.043
[Epoch  69 (19.70s)]	ELBO: 35.802 (1014.772)	Log prob: 39.560 (1024.894)	KLD: 3.759 (10.122)	Grad: 0.043
[Epoch  70 (20.22s)]	ELBO: 35.856 (1015.046)	Log prob: 39.609 (1025.091)	KLD: 3.753 (10.045)	Grad: 0.043
[Epoch  71 (19.52s)]	ELBO: 35.897 (1014.832)	Log prob: 39.639 (1024.890)	KLD: 3.742 (10.058)	Grad: 0.043
[Epoch  72 (20.06s)]	ELBO: 35.938 (1014.589)	Log prob: 39.693 (1024.740)	KLD: 3.755 (10.151)	Grad: 0.043
[Epoch  73 (19.39s)]	ELBO: 36.047 (1014.910)	Log prob: 39.800 (1025.011)	KLD: 3.754 (10.101)	Grad: 0.043
[Epoch  74 (19.19s)]	ELBO: 36.044 (1014.679)	Log prob: 39.812 (1024.806)	KLD: 3.768 (10.127)	Grad: 0.043
[Epoch  75 (19.20s)]	ELBO: 36.115 (1015.208)	Log prob: 39.869 (1025.277)	KLD: 3.754 (10.069)	Grad: 0.043
[Epoch  76 (19.12s)]	ELBO: 36.144 (1014.978)	Log prob: 39.910 (1025.074)	KLD: 3.766 (10.096)	Grad: 0.044
[Epoch  77 (18.39s)]	ELBO: 36.161 (1015.504)	Log prob: 39.936 (1025.686)	KLD: 3.775 (10.182)	Grad: 0.044
[Epoch  78 (17.42s)]	ELBO: 36.229 (1015.027)	Log prob: 39.999 (1025.093)	KLD: 3.770 (10.067)	Grad: 0.044
[Epoch  79 (15.88s)]	ELBO: 36.275 (1014.872)	Log prob: 40.045 (1024.999)	KLD: 3.770 (10.128)	Grad: 0.044
[Epoch  80 (17.78s)]	ELBO: 36.318 (1014.943)	Log prob: 40.094 (1025.169)	KLD: 3.776 (10.227)	Grad: 0.044
[Epoch  81 (16.99s)]	ELBO: 36.291 (1015.130)	Log prob: 40.076 (1025.194)	KLD: 3.785 (10.064)	Grad: 0.044
[Epoch  82 (17.26s)]	ELBO: 36.376 (1015.300)	Log prob: 40.172 (1025.413)	KLD: 3.797 (10.113)	Grad: 0.044
[Epoch  83 (17.29s)]	ELBO: 36.442 (1014.924)	Log prob: 40.226 (1025.092)	KLD: 3.785 (10.167)	Grad: 0.044
[Epoch  84 (18.14s)]	ELBO: 36.436 (1015.143)	Log prob: 40.235 (1025.275)	KLD: 3.799 (10.131)	Grad: 0.045
[Epoch  85 (16.96s)]	ELBO: 36.534 (1015.096)	Log prob: 40.328 (1025.197)	KLD: 3.794 (10.101)	Grad: 0.044
[Epoch  86 (16.79s)]	ELBO: 36.533 (1015.423)	Log prob: 40.335 (1025.661)	KLD: 3.802 (10.238)	Grad: 0.045
[Epoch  87 (16.36s)]	ELBO: 36.594 (1014.891)	Log prob: 40.407 (1025.043)	KLD: 3.814 (10.151)	Grad: 0.045
[Epoch  88 (17.37s)]	ELBO: 36.601 (1015.161)	Log prob: 40.411 (1025.369)	KLD: 3.809 (10.208)	Grad: 0.045
[Epoch  89 (16.52s)]	ELBO: 36.651 (1015.390)	Log prob: 40.468 (1025.572)	KLD: 3.817 (10.183)	Grad: 0.045
[Epoch  90 (16.65s)]	ELBO: 36.655 (1014.442)	Log prob: 40.474 (1024.577)	KLD: 3.819 (10.135)	Grad: 0.045
[Epoch  91 (17.70s)]	ELBO: 36.736 (1014.803)	Log prob: 40.561 (1024.986)	KLD: 3.826 (10.183)	Grad: 0.045
[Epoch  92 (16.33s)]	ELBO: 36.774 (1014.884)	Log prob: 40.606 (1025.192)	KLD: 3.832 (10.308)	Grad: 0.045
[Epoch  93 (16.99s)]	ELBO: 36.734 (1015.089)	Log prob: 40.563 (1025.199)	KLD: 3.829 (10.110)	Grad: 0.046
[Epoch  94 (16.84s)]	ELBO: 36.844 (1015.228)	Log prob: 40.674 (1025.443)	KLD: 3.829 (10.216)	Grad: 0.045
[Epoch  95 (16.83s)]	ELBO: 36.857 (1015.031)	Log prob: 40.690 (1025.158)	KLD: 3.833 (10.128)	Grad: 0.045
[Epoch  96 (17.18s)]	ELBO: 36.921 (1014.958)	Log prob: 40.753 (1025.212)	KLD: 3.832 (10.253)	Grad: 0.045
[Epoch  97 (16.86s)]	ELBO: 36.910 (1015.404)	Log prob: 40.749 (1025.640)	KLD: 3.839 (10.237)	Grad: 0.046
[Epoch  98 (17.08s)]	ELBO: 36.945 (1015.220)	Log prob: 40.787 (1025.464)	KLD: 3.842 (10.244)	Grad: 0.046
[Epoch  99 (17.50s)]	ELBO: 36.977 (1015.190)	Log prob: 40.819 (1025.418)	KLD: 3.842 (10.228)	Grad: 0.046
[Epoch 100 (16.95s)]	ELBO: 36.994 (1015.101)	Log prob: 40.851 (1025.289)	KLD: 3.857 (10.188)	Grad: 0.046
[Epoch 101 (16.92s)]	ELBO: 37.037 (1015.621)	Log prob: 40.890 (1025.829)	KLD: 3.852 (10.207)	Grad: 0.046
[Epoch 102 (17.12s)]	ELBO: 37.113 (1014.937)	Log prob: 40.964 (1025.141)	KLD: 3.851 (10.204)	Grad: 0.046
[Epoch 103 (17.18s)]	ELBO: 37.104 (1015.360)	Log prob: 40.962 (1025.523)	KLD: 3.857 (10.163)	Grad: 0.047
[Epoch 104 (17.33s)]	ELBO: 37.133 (1015.543)	Log prob: 40.986 (1025.736)	KLD: 3.852 (10.193)	Grad: 0.047
[Epoch 105 (17.65s)]	ELBO: 37.196 (1015.388)	Log prob: 41.068 (1025.581)	KLD: 3.872 (10.194)	Grad: 0.046
[Epoch 106 (16.77s)]	ELBO: 37.163 (1015.040)	Log prob: 41.035 (1025.227)	KLD: 3.872 (10.187)	Grad: 0.047
[Epoch 107 (17.26s)]	ELBO: 37.242 (1014.994)	Log prob: 41.107 (1025.236)	KLD: 3.865 (10.242)	Grad: 0.047
[Epoch 108 (15.78s)]	ELBO: 37.250 (1015.225)	Log prob: 41.116 (1025.421)	KLD: 3.866 (10.196)	Grad: 0.048
[Epoch 109 (16.82s)]	ELBO: 37.316 (1014.717)	Log prob: 41.181 (1025.049)	KLD: 3.865 (10.332)	Grad: 0.047
[Epoch 110 (16.89s)]	ELBO: 37.306 (1015.380)	Log prob: 41.191 (1025.665)	KLD: 3.885 (10.285)	Grad: 0.048
[Epoch 111 (16.86s)]	ELBO: 37.363 (1015.445)	Log prob: 41.254 (1025.655)	KLD: 3.891 (10.211)	Grad: 0.047
[Epoch 112 (15.46s)]	ELBO: 37.394 (1015.295)	Log prob: 41.277 (1025.556)	KLD: 3.883 (10.261)	Grad: 0.047
[Epoch 113 (14.53s)]	ELBO: 37.375 (1015.525)	Log prob: 41.263 (1025.691)	KLD: 3.888 (10.166)	Grad: 0.048
[Epoch 114 (12.21s)]	ELBO: 37.411 (1015.500)	Log prob: 41.311 (1025.692)	KLD: 3.900 (10.192)	Grad: 0.048
[Epoch 115 (12.10s)]	ELBO: 37.465 (1016.322)	Log prob: 41.349 (1026.562)	KLD: 3.884 (10.240)	Grad: 0.048
[Epoch 116 (12.66s)]	ELBO: 37.476 (1015.227)	Log prob: 41.375 (1025.418)	KLD: 3.899 (10.191)	Grad: 0.048
[Epoch 117 (12.18s)]	ELBO: 37.501 (1015.276)	Log prob: 41.400 (1025.560)	KLD: 3.898 (10.284)	Grad: 0.048
[Epoch 118 (11.86s)]	ELBO: 37.599 (1014.786)	Log prob: 41.499 (1025.070)	KLD: 3.900 (10.284)	Grad: 0.048
[Epoch 119 (12.61s)]	ELBO: 37.506 (1015.338)	Log prob: 41.417 (1025.633)	KLD: 3.910 (10.295)	Grad: 0.049
[Epoch 120 (12.54s)]	ELBO: 37.646 (1015.358)	Log prob: 41.552 (1025.696)	KLD: 3.906 (10.337)	Grad: 0.048
[Epoch 121 (12.39s)]	ELBO: 37.629 (1015.785)	Log prob: 41.538 (1026.126)	KLD: 3.909 (10.341)	Grad: 0.048
[Epoch 122 (12.37s)]	ELBO: 37.622 (1015.874)	Log prob: 41.544 (1026.111)	KLD: 3.921 (10.237)	Grad: 0.048
[Epoch 123 (12.09s)]	ELBO: 37.680 (1015.500)	Log prob: 41.589 (1025.791)	KLD: 3.908 (10.290)	Grad: 0.048
[Epoch 124 (12.38s)]	ELBO: 37.656 (1015.611)	Log prob: 41.571 (1025.885)	KLD: 3.916 (10.274)	Grad: 0.049
[Epoch 125 (13.05s)]	ELBO: 37.730 (1015.919)	Log prob: 41.641 (1026.200)	KLD: 3.911 (10.281)	Grad: 0.048
[Epoch 126 (12.29s)]	ELBO: 37.731 (1015.726)	Log prob: 41.653 (1025.967)	KLD: 3.921 (10.242)	Grad: 0.049
[Epoch 127 (11.93s)]	ELBO: 37.761 (1015.431)	Log prob: 41.680 (1025.637)	KLD: 3.918 (10.206)	Grad: 0.049
[Epoch 128 (11.01s)]	ELBO: 37.818 (1015.164)	Log prob: 41.737 (1025.437)	KLD: 3.919 (10.273)	Grad: 0.049
[Epoch 129 (10.05s)]	ELBO: 37.804 (1015.548)	Log prob: 41.741 (1025.827)	KLD: 3.937 (10.279)	Grad: 0.049
[Epoch 130 (10.24s)]	ELBO: 37.820 (1015.456)	Log prob: 41.752 (1025.721)	KLD: 3.932 (10.265)	Grad: 0.050
[Epoch 131 (10.35s)]	ELBO: 37.874 (1014.655)	Log prob: 41.811 (1024.956)	KLD: 3.937 (10.300)	Grad: 0.050
[Epoch 132 (10.35s)]	ELBO: 37.907 (1015.009)	Log prob: 41.830 (1025.307)	KLD: 3.923 (10.298)	Grad: 0.049
[Epoch 133 (10.44s)]	ELBO: 37.903 (1015.171)	Log prob: 41.851 (1025.473)	KLD: 3.947 (10.302)	Grad: 0.050
[Epoch 134 (10.73s)]	ELBO: 37.957 (1015.844)	Log prob: 41.909 (1026.147)	KLD: 3.951 (10.303)	Grad: 0.049
[Epoch 135 (10.51s)]	ELBO: 37.979 (1015.388)	Log prob: 41.922 (1025.681)	KLD: 3.942 (10.294)	Grad: 0.050
[Epoch 136 (10.18s)]	ELBO: 38.003 (1015.785)	Log prob: 41.955 (1026.139)	KLD: 3.953 (10.354)	Grad: 0.049
[Epoch 137 (10.18s)]	ELBO: 37.989 (1015.221)	Log prob: 41.943 (1025.471)	KLD: 3.955 (10.250)	Grad: 0.050
[Epoch 138 (9.96s)]	ELBO: 38.045 (1015.881)	Log prob: 41.993 (1026.112)	KLD: 3.948 (10.231)	Grad: 0.050
[Epoch 139 (10.21s)]	ELBO: 38.072 (1015.402)	Log prob: 42.021 (1025.762)	KLD: 3.949 (10.360)	Grad: 0.049
No improvement after 25 epochs...
Training model 3/4...
[Epoch   1 (10.80s)]	ELBO: 14.812 (1036.981)	Log prob: 17.492 (1049.808)	KLD: 2.679 (12.827)	Grad: 0.018
[Epoch   2 (10.78s)]	ELBO: 19.390 (1036.272)	Log prob: 22.116 (1049.109)	KLD: 2.726 (12.837)	Grad: 0.022
[Epoch   3 (10.67s)]	ELBO: 20.564 (1036.107)	Log prob: 23.250 (1048.823)	KLD: 2.686 (12.716)	Grad: 0.023
[Epoch   4 (10.84s)]	ELBO: 21.360 (1036.283)	Log prob: 24.021 (1048.984)	KLD: 2.661 (12.701)	Grad: 0.025
[Epoch   5 (10.67s)]	ELBO: 21.893 (1036.794)	Log prob: 24.571 (1049.564)	KLD: 2.677 (12.770)	Grad: 0.026
[Epoch   6 (10.69s)]	ELBO: 22.320 (1037.275)	Log prob: 25.020 (1050.120)	KLD: 2.700 (12.845)	Grad: 0.027
[Epoch   7 (10.78s)]	ELBO: 22.683 (1037.341)	Log prob: 25.431 (1050.150)	KLD: 2.748 (12.809)	Grad: 0.028
[Epoch   8 (10.96s)]	ELBO: 23.069 (1038.142)	Log prob: 25.832 (1050.979)	KLD: 2.763 (12.837)	Grad: 0.029
[Epoch   9 (11.28s)]	ELBO: 23.405 (1038.061)	Log prob: 26.200 (1050.937)	KLD: 2.795 (12.876)	Grad: 0.030
[Epoch  10 (12.27s)]	ELBO: 23.640 (1038.113)	Log prob: 26.455 (1051.009)	KLD: 2.815 (12.897)	Grad: 0.031
[Epoch  11 (11.65s)]	ELBO: 23.882 (1037.655)	Log prob: 26.736 (1050.593)	KLD: 2.855 (12.938)	Grad: 0.031
[Epoch  12 (10.99s)]	ELBO: 24.100 (1038.942)	Log prob: 26.990 (1051.870)	KLD: 2.890 (12.928)	Grad: 0.032
[Epoch  13 (10.67s)]	ELBO: 24.310 (1038.769)	Log prob: 27.229 (1051.853)	KLD: 2.919 (13.084)	Grad: 0.032
[Epoch  14 (10.51s)]	ELBO: 24.491 (1039.527)	Log prob: 27.427 (1052.568)	KLD: 2.936 (13.041)	Grad: 0.032
[Epoch  15 (10.34s)]	ELBO: 24.707 (1039.356)	Log prob: 27.666 (1052.379)	KLD: 2.959 (13.023)	Grad: 0.032
[Epoch  16 (10.19s)]	ELBO: 24.891 (1039.811)	Log prob: 27.869 (1052.832)	KLD: 2.977 (13.022)	Grad: 0.033
[Epoch  17 (10.32s)]	ELBO: 25.019 (1039.639)	Log prob: 28.030 (1052.806)	KLD: 3.010 (13.167)	Grad: 0.033
[Epoch  18 (10.46s)]	ELBO: 25.184 (1039.155)	Log prob: 28.209 (1052.301)	KLD: 3.025 (13.146)	Grad: 0.034
[Epoch  19 (10.54s)]	ELBO: 25.321 (1039.809)	Log prob: 28.373 (1052.942)	KLD: 3.052 (13.133)	Grad: 0.034
[Epoch  20 (10.53s)]	ELBO: 25.469 (1039.709)	Log prob: 28.528 (1052.885)	KLD: 3.059 (13.176)	Grad: 0.034
[Epoch  21 (10.38s)]	ELBO: 25.561 (1040.010)	Log prob: 28.640 (1053.164)	KLD: 3.079 (13.154)	Grad: 0.034
[Epoch  22 (10.49s)]	ELBO: 25.726 (1039.725)	Log prob: 28.817 (1052.827)	KLD: 3.090 (13.102)	Grad: 0.034
[Epoch  23 (10.34s)]	ELBO: 25.868 (1040.095)	Log prob: 28.961 (1053.318)	KLD: 3.093 (13.224)	Grad: 0.035
[Epoch  24 (10.44s)]	ELBO: 25.942 (1039.976)	Log prob: 29.067 (1053.095)	KLD: 3.126 (13.119)	Grad: 0.035
[Epoch  25 (11.12s)]	ELBO: 26.030 (1039.415)	Log prob: 29.175 (1052.609)	KLD: 3.145 (13.194)	Grad: 0.035
[Epoch  26 (11.60s)]	ELBO: 26.147 (1039.882)	Log prob: 29.313 (1053.130)	KLD: 3.165 (13.248)	Grad: 0.035
[Epoch  27 (11.35s)]	ELBO: 26.221 (1040.051)	Log prob: 29.395 (1053.237)	KLD: 3.174 (13.186)	Grad: 0.036
[Epoch  28 (9.79s)]	ELBO: 26.366 (1040.830)	Log prob: 29.549 (1054.046)	KLD: 3.184 (13.216)	Grad: 0.036
[Epoch  29 (10.22s)]	ELBO: 26.477 (1040.383)	Log prob: 29.670 (1053.688)	KLD: 3.193 (13.305)	Grad: 0.036
[Epoch  30 (10.17s)]	ELBO: 26.521 (1040.580)	Log prob: 29.723 (1053.797)	KLD: 3.202 (13.217)	Grad: 0.036
[Epoch  31 (9.38s)]	ELBO: 26.630 (1040.360)	Log prob: 29.846 (1053.678)	KLD: 3.216 (13.317)	Grad: 0.036
[Epoch  32 (9.07s)]	ELBO: 26.686 (1040.151)	Log prob: 29.898 (1053.415)	KLD: 3.212 (13.264)	Grad: 0.037
[Epoch  33 (8.93s)]	ELBO: 26.788 (1040.251)	Log prob: 30.025 (1053.502)	KLD: 3.237 (13.250)	Grad: 0.036
[Epoch  34 (8.78s)]	ELBO: 26.870 (1040.098)	Log prob: 30.106 (1053.425)	KLD: 3.236 (13.326)	Grad: 0.037
[Epoch  35 (8.70s)]	ELBO: 26.924 (1040.476)	Log prob: 30.170 (1053.848)	KLD: 3.246 (13.373)	Grad: 0.037
[Epoch  36 (8.92s)]	ELBO: 27.044 (1041.229)	Log prob: 30.303 (1054.645)	KLD: 3.259 (13.416)	Grad: 0.037
[Epoch  37 (8.75s)]	ELBO: 27.092 (1040.897)	Log prob: 30.357 (1054.204)	KLD: 3.266 (13.307)	Grad: 0.037
[Epoch  38 (8.77s)]	ELBO: 27.185 (1040.141)	Log prob: 30.449 (1053.422)	KLD: 3.264 (13.281)	Grad: 0.037
[Epoch  39 (8.58s)]	ELBO: 27.279 (1040.496)	Log prob: 30.556 (1053.846)	KLD: 3.276 (13.349)	Grad: 0.037
[Epoch  40 (8.64s)]	ELBO: 27.306 (1040.921)	Log prob: 30.600 (1054.281)	KLD: 3.294 (13.360)	Grad: 0.037
[Epoch  41 (8.59s)]	ELBO: 27.366 (1040.556)	Log prob: 30.662 (1053.917)	KLD: 3.297 (13.360)	Grad: 0.038
[Epoch  42 (8.52s)]	ELBO: 27.415 (1040.626)	Log prob: 30.731 (1054.036)	KLD: 3.315 (13.410)	Grad: 0.038
[Epoch  43 (8.68s)]	ELBO: 27.517 (1041.037)	Log prob: 30.828 (1054.367)	KLD: 3.311 (13.330)	Grad: 0.038
[Epoch  44 (8.76s)]	ELBO: 27.583 (1040.739)	Log prob: 30.898 (1054.028)	KLD: 3.315 (13.289)	Grad: 0.038
[Epoch  45 (8.75s)]	ELBO: 27.624 (1041.033)	Log prob: 30.941 (1054.452)	KLD: 3.317 (13.419)	Grad: 0.039
[Epoch  46 (8.58s)]	ELBO: 27.710 (1041.265)	Log prob: 31.044 (1054.628)	KLD: 3.335 (13.363)	Grad: 0.038
[Epoch  47 (8.57s)]	ELBO: 27.751 (1040.514)	Log prob: 31.094 (1053.874)	KLD: 3.343 (13.360)	Grad: 0.039
[Epoch  48 (8.52s)]	ELBO: 27.781 (1041.041)	Log prob: 31.123 (1054.413)	KLD: 3.342 (13.372)	Grad: 0.039
[Epoch  49 (8.75s)]	ELBO: 27.870 (1041.299)	Log prob: 31.212 (1054.629)	KLD: 3.342 (13.329)	Grad: 0.039
[Epoch  50 (8.57s)]	ELBO: 27.954 (1041.076)	Log prob: 31.300 (1054.443)	KLD: 3.346 (13.367)	Grad: 0.039
[Epoch  51 (8.61s)]	ELBO: 27.947 (1040.790)	Log prob: 31.306 (1054.346)	KLD: 3.359 (13.556)	Grad: 0.039
[Epoch  52 (8.46s)]	ELBO: 28.002 (1041.086)	Log prob: 31.358 (1054.491)	KLD: 3.356 (13.405)	Grad: 0.040
[Epoch  53 (8.50s)]	ELBO: 28.064 (1040.985)	Log prob: 31.429 (1054.379)	KLD: 3.365 (13.393)	Grad: 0.039
[Epoch  54 (8.55s)]	ELBO: 28.117 (1041.050)	Log prob: 31.480 (1054.412)	KLD: 3.363 (13.362)	Grad: 0.040
[Epoch  55 (8.68s)]	ELBO: 28.144 (1041.228)	Log prob: 31.506 (1054.586)	KLD: 3.361 (13.358)	Grad: 0.040
[Epoch  56 (8.60s)]	ELBO: 28.210 (1040.864)	Log prob: 31.585 (1054.302)	KLD: 3.375 (13.438)	Grad: 0.040
[Epoch  57 (7.62s)]	ELBO: 28.285 (1041.169)	Log prob: 31.651 (1054.535)	KLD: 3.366 (13.366)	Grad: 0.039
[Epoch  58 (6.75s)]	ELBO: 28.331 (1041.407)	Log prob: 31.721 (1054.768)	KLD: 3.390 (13.361)	Grad: 0.040
[Epoch  59 (6.81s)]	ELBO: 28.357 (1040.966)	Log prob: 31.736 (1054.387)	KLD: 3.379 (13.421)	Grad: 0.040
[Epoch  60 (6.73s)]	ELBO: 28.350 (1040.821)	Log prob: 31.742 (1054.300)	KLD: 3.392 (13.479)	Grad: 0.041
[Epoch  61 (6.78s)]	ELBO: 28.410 (1041.206)	Log prob: 31.804 (1054.591)	KLD: 3.394 (13.386)	Grad: 0.041
[Epoch  62 (6.70s)]	ELBO: 28.444 (1041.834)	Log prob: 31.842 (1055.307)	KLD: 3.398 (13.473)	Grad: 0.041
[Epoch  63 (6.73s)]	ELBO: 28.552 (1041.364)	Log prob: 31.944 (1054.849)	KLD: 3.392 (13.485)	Grad: 0.040
[Epoch  64 (6.70s)]	ELBO: 28.558 (1041.111)	Log prob: 31.956 (1054.530)	KLD: 3.398 (13.419)	Grad: 0.041
[Epoch  65 (6.55s)]	ELBO: 28.618 (1041.685)	Log prob: 32.031 (1055.167)	KLD: 3.413 (13.482)	Grad: 0.041
[Epoch  66 (6.52s)]	ELBO: 28.658 (1041.095)	Log prob: 32.081 (1054.592)	KLD: 3.423 (13.497)	Grad: 0.041
[Epoch  67 (6.49s)]	ELBO: 28.645 (1041.239)	Log prob: 32.067 (1054.746)	KLD: 3.422 (13.507)	Grad: 0.041
[Epoch  68 (6.58s)]	ELBO: 28.711 (1041.269)	Log prob: 32.135 (1054.763)	KLD: 3.423 (13.495)	Grad: 0.042
[Epoch  69 (6.45s)]	ELBO: 28.779 (1041.329)	Log prob: 32.213 (1054.816)	KLD: 3.434 (13.487)	Grad: 0.041
[Epoch  70 (6.52s)]	ELBO: 28.748 (1041.363)	Log prob: 32.183 (1054.771)	KLD: 3.436 (13.407)	Grad: 0.042
[Epoch  71 (6.56s)]	ELBO: 28.788 (1041.501)	Log prob: 32.239 (1055.112)	KLD: 3.451 (13.611)	Grad: 0.042
[Epoch  72 (7.55s)]	ELBO: 28.859 (1041.109)	Log prob: 32.309 (1054.678)	KLD: 3.450 (13.569)	Grad: 0.042
[Epoch  73 (7.33s)]	ELBO: 28.929 (1041.253)	Log prob: 32.370 (1054.760)	KLD: 3.440 (13.507)	Grad: 0.042
[Epoch  74 (7.34s)]	ELBO: 28.913 (1041.004)	Log prob: 32.365 (1054.535)	KLD: 3.452 (13.531)	Grad: 0.042
[Epoch  75 (6.33s)]	ELBO: 28.928 (1041.157)	Log prob: 32.391 (1054.603)	KLD: 3.463 (13.447)	Grad: 0.042
[Epoch  76 (6.37s)]	ELBO: 29.037 (1041.650)	Log prob: 32.493 (1055.152)	KLD: 3.456 (13.501)	Grad: 0.042
[Epoch  77 (6.42s)]	ELBO: 28.992 (1041.505)	Log prob: 32.461 (1055.060)	KLD: 3.469 (13.556)	Grad: 0.043
[Epoch  78 (6.19s)]	ELBO: 29.081 (1041.467)	Log prob: 32.534 (1054.945)	KLD: 3.454 (13.478)	Grad: 0.042
[Epoch  79 (6.20s)]	ELBO: 29.139 (1041.678)	Log prob: 32.584 (1055.261)	KLD: 3.445 (13.583)	Grad: 0.043
[Epoch  80 (6.29s)]	ELBO: 29.144 (1041.331)	Log prob: 32.607 (1054.790)	KLD: 3.463 (13.460)	Grad: 0.042
[Epoch  81 (6.41s)]	ELBO: 29.173 (1041.382)	Log prob: 32.647 (1054.910)	KLD: 3.474 (13.528)	Grad: 0.042
[Epoch  82 (6.43s)]	ELBO: 29.170 (1041.284)	Log prob: 32.650 (1054.818)	KLD: 3.480 (13.534)	Grad: 0.043
[Epoch  83 (6.28s)]	ELBO: 29.237 (1041.862)	Log prob: 32.703 (1055.360)	KLD: 3.466 (13.498)	Grad: 0.043
[Epoch  84 (6.33s)]	ELBO: 29.267 (1041.813)	Log prob: 32.746 (1055.374)	KLD: 3.479 (13.561)	Grad: 0.043
[Epoch  85 (6.79s)]	ELBO: 29.302 (1041.226)	Log prob: 32.795 (1054.781)	KLD: 3.493 (13.555)	Grad: 0.043
[Epoch  86 (7.43s)]	ELBO: 29.319 (1041.127)	Log prob: 32.813 (1054.629)	KLD: 3.494 (13.503)	Grad: 0.043
[Epoch  87 (7.45s)]	ELBO: 29.381 (1041.359)	Log prob: 32.858 (1054.886)	KLD: 3.477 (13.528)	Grad: 0.043
[Epoch  88 (7.70s)]	ELBO: 29.357 (1041.611)	Log prob: 32.847 (1055.130)	KLD: 3.491 (13.519)	Grad: 0.044
[Epoch  89 (7.53s)]	ELBO: 29.409 (1041.446)	Log prob: 32.903 (1054.977)	KLD: 3.495 (13.531)	Grad: 0.044
[Epoch  90 (7.64s)]	ELBO: 29.441 (1041.762)	Log prob: 32.944 (1055.324)	KLD: 3.503 (13.562)	Grad: 0.044
[Epoch  91 (7.60s)]	ELBO: 29.401 (1041.597)	Log prob: 32.909 (1055.166)	KLD: 3.507 (13.569)	Grad: 0.044
[Epoch  92 (6.77s)]	ELBO: 29.482 (1041.518)	Log prob: 32.984 (1055.120)	KLD: 3.502 (13.602)	Grad: 0.044
[Epoch  93 (6.58s)]	ELBO: 29.515 (1041.439)	Log prob: 33.042 (1054.941)	KLD: 3.526 (13.502)	Grad: 0.044
[Epoch  94 (6.55s)]	ELBO: 29.532 (1041.626)	Log prob: 33.048 (1055.161)	KLD: 3.516 (13.535)	Grad: 0.044
[Epoch  95 (6.65s)]	ELBO: 29.533 (1041.551)	Log prob: 33.052 (1055.123)	KLD: 3.519 (13.572)	Grad: 0.045
[Epoch  96 (6.69s)]	ELBO: 29.567 (1041.484)	Log prob: 33.089 (1055.028)	KLD: 3.522 (13.544)	Grad: 0.045
[Epoch  97 (6.56s)]	ELBO: 29.610 (1041.922)	Log prob: 33.128 (1055.428)	KLD: 3.518 (13.506)	Grad: 0.044
[Epoch  98 (6.67s)]	ELBO: 29.673 (1041.782)	Log prob: 33.185 (1055.318)	KLD: 3.511 (13.536)	Grad: 0.045
[Epoch  99 (6.54s)]	ELBO: 29.704 (1042.008)	Log prob: 33.223 (1055.507)	KLD: 3.520 (13.500)	Grad: 0.044
[Epoch 100 (6.60s)]	ELBO: 29.739 (1041.001)	Log prob: 33.266 (1054.540)	KLD: 3.527 (13.540)	Grad: 0.044
[Epoch 101 (6.72s)]	ELBO: 29.685 (1041.366)	Log prob: 33.227 (1054.858)	KLD: 3.542 (13.492)	Grad: 0.045
[Epoch 102 (6.54s)]	ELBO: 29.722 (1041.440)	Log prob: 33.256 (1055.027)	KLD: 3.534 (13.586)	Grad: 0.045
[Epoch 103 (6.59s)]	ELBO: 29.780 (1042.106)	Log prob: 33.315 (1055.675)	KLD: 3.535 (13.569)	Grad: 0.045
[Epoch 104 (6.48s)]	ELBO: 29.838 (1042.104)	Log prob: 33.378 (1055.700)	KLD: 3.540 (13.596)	Grad: 0.045
[Epoch 105 (6.58s)]	ELBO: 29.814 (1041.599)	Log prob: 33.359 (1055.100)	KLD: 3.545 (13.501)	Grad: 0.045
[Epoch 106 (6.58s)]	ELBO: 29.848 (1041.615)	Log prob: 33.396 (1055.198)	KLD: 3.548 (13.583)	Grad: 0.045
[Epoch 107 (6.51s)]	ELBO: 29.887 (1041.480)	Log prob: 33.439 (1055.075)	KLD: 3.552 (13.596)	Grad: 0.045
[Epoch 108 (6.62s)]	ELBO: 29.915 (1041.176)	Log prob: 33.463 (1054.729)	KLD: 3.548 (13.553)	Grad: 0.045
[Epoch 109 (6.50s)]	ELBO: 29.890 (1041.223)	Log prob: 33.440 (1054.837)	KLD: 3.550 (13.614)	Grad: 0.045
[Epoch 110 (6.58s)]	ELBO: 29.946 (1041.957)	Log prob: 33.516 (1055.509)	KLD: 3.571 (13.552)	Grad: 0.045
[Epoch 111 (6.58s)]	ELBO: 29.958 (1041.681)	Log prob: 33.519 (1055.184)	KLD: 3.561 (13.503)	Grad: 0.045
[Epoch 112 (6.75s)]	ELBO: 29.981 (1041.108)	Log prob: 33.538 (1054.745)	KLD: 3.556 (13.637)	Grad: 0.045
[Epoch 113 (6.69s)]	ELBO: 30.038 (1041.647)	Log prob: 33.607 (1055.222)	KLD: 3.569 (13.574)	Grad: 0.045
[Epoch 114 (6.74s)]	ELBO: 30.026 (1041.101)	Log prob: 33.593 (1054.680)	KLD: 3.567 (13.579)	Grad: 0.046
[Epoch 115 (6.77s)]	ELBO: 30.044 (1041.438)	Log prob: 33.599 (1054.913)	KLD: 3.555 (13.474)	Grad: 0.046
[Epoch 116 (6.65s)]	ELBO: 30.055 (1041.555)	Log prob: 33.641 (1055.079)	KLD: 3.586 (13.524)	Grad: 0.046
[Epoch 117 (6.57s)]	ELBO: 30.085 (1041.553)	Log prob: 33.652 (1055.172)	KLD: 3.567 (13.620)	Grad: 0.046
[Epoch 118 (6.64s)]	ELBO: 30.117 (1041.279)	Log prob: 33.687 (1054.914)	KLD: 3.570 (13.635)	Grad: 0.046
[Epoch 119 (6.81s)]	ELBO: 30.162 (1041.398)	Log prob: 33.740 (1054.954)	KLD: 3.578 (13.555)	Grad: 0.046
[Epoch 120 (6.79s)]	ELBO: 30.101 (1042.088)	Log prob: 33.692 (1055.751)	KLD: 3.591 (13.663)	Grad: 0.047
[Epoch 121 (6.60s)]	ELBO: 30.209 (1041.710)	Log prob: 33.790 (1055.353)	KLD: 3.581 (13.643)	Grad: 0.046
[Epoch 122 (6.50s)]	ELBO: 30.137 (1041.719)	Log prob: 33.724 (1055.331)	KLD: 3.586 (13.612)	Grad: 0.048
[Epoch 123 (6.48s)]	ELBO: 30.227 (1041.274)	Log prob: 33.815 (1054.931)	KLD: 3.588 (13.658)	Grad: 0.047
[Epoch 124 (6.56s)]	ELBO: 30.235 (1041.540)	Log prob: 33.820 (1055.137)	KLD: 3.585 (13.597)	Grad: 0.047
[Epoch 125 (6.62s)]	ELBO: 30.255 (1041.761)	Log prob: 33.837 (1055.398)	KLD: 3.582 (13.637)	Grad: 0.047
[Epoch 126 (6.68s)]	ELBO: 30.261 (1041.442)	Log prob: 33.857 (1055.172)	KLD: 3.595 (13.730)	Grad: 0.047
[Epoch 127 (7.25s)]	ELBO: 30.225 (1041.714)	Log prob: 33.821 (1055.433)	KLD: 3.596 (13.719)	Grad: 0.048
No improvement after 25 epochs...
Training model 4/4...
[Epoch   1 (7.91s)]	ELBO: 14.738 (1023.378)	Log prob: 16.725 (1038.939)	KLD: 1.987 (15.561)	Grad: 0.018
[Epoch   2 (8.15s)]	ELBO: 20.031 (1022.525)	Log prob: 22.410 (1038.188)	KLD: 2.379 (15.663)	Grad: 0.021
[Epoch   3 (7.01s)]	ELBO: 21.153 (1022.147)	Log prob: 23.527 (1037.797)	KLD: 2.373 (15.650)	Grad: 0.022
[Epoch   4 (6.57s)]	ELBO: 21.805 (1022.031)	Log prob: 24.195 (1037.782)	KLD: 2.390 (15.751)	Grad: 0.023
[Epoch   5 (6.69s)]	ELBO: 22.302 (1021.705)	Log prob: 24.717 (1037.502)	KLD: 2.414 (15.797)	Grad: 0.024
[Epoch   6 (6.70s)]	ELBO: 22.689 (1021.080)	Log prob: 25.118 (1036.917)	KLD: 2.429 (15.837)	Grad: 0.025
[Epoch   7 (6.69s)]	ELBO: 23.046 (1024.001)	Log prob: 25.496 (1039.765)	KLD: 2.451 (15.764)	Grad: 0.025
[Epoch   8 (6.72s)]	ELBO: 23.348 (1022.444)	Log prob: 25.832 (1038.312)	KLD: 2.484 (15.868)	Grad: 0.026
[Epoch   9 (6.62s)]	ELBO: 23.632 (1023.473)	Log prob: 26.132 (1039.315)	KLD: 2.500 (15.842)	Grad: 0.026
[Epoch  10 (6.64s)]	ELBO: 23.827 (1023.459)	Log prob: 26.344 (1039.295)	KLD: 2.516 (15.836)	Grad: 0.027
[Epoch  11 (6.65s)]	ELBO: 24.114 (1023.406)	Log prob: 26.654 (1039.284)	KLD: 2.540 (15.878)	Grad: 0.027
[Epoch  12 (6.69s)]	ELBO: 24.312 (1022.749)	Log prob: 26.867 (1038.699)	KLD: 2.555 (15.949)	Grad: 0.027
[Epoch  13 (7.32s)]	ELBO: 24.519 (1022.760)	Log prob: 27.081 (1038.758)	KLD: 2.563 (15.998)	Grad: 0.027
[Epoch  14 (7.92s)]	ELBO: 24.699 (1024.234)	Log prob: 27.287 (1040.152)	KLD: 2.588 (15.918)	Grad: 0.027
[Epoch  15 (7.85s)]	ELBO: 24.871 (1023.701)	Log prob: 27.477 (1039.668)	KLD: 2.605 (15.967)	Grad: 0.028
[Epoch  16 (8.15s)]	ELBO: 25.017 (1023.114)	Log prob: 27.632 (1039.155)	KLD: 2.615 (16.041)	Grad: 0.028
[Epoch  17 (8.00s)]	ELBO: 25.174 (1023.325)	Log prob: 27.798 (1039.379)	KLD: 2.624 (16.054)	Grad: 0.028
[Epoch  18 (8.07s)]	ELBO: 25.304 (1022.079)	Log prob: 27.950 (1038.183)	KLD: 2.646 (16.103)	Grad: 0.029
[Epoch  19 (7.54s)]	ELBO: 25.410 (1024.139)	Log prob: 28.071 (1040.181)	KLD: 2.661 (16.042)	Grad: 0.029
[Epoch  20 (6.89s)]	ELBO: 25.573 (1023.946)	Log prob: 28.239 (1040.019)	KLD: 2.666 (16.072)	Grad: 0.029
[Epoch  21 (6.84s)]	ELBO: 25.696 (1022.900)	Log prob: 28.369 (1039.008)	KLD: 2.673 (16.108)	Grad: 0.029
[Epoch  22 (6.98s)]	ELBO: 25.798 (1021.842)	Log prob: 28.481 (1038.021)	KLD: 2.684 (16.178)	Grad: 0.029
[Epoch  23 (7.03s)]	ELBO: 25.870 (1022.117)	Log prob: 28.575 (1038.290)	KLD: 2.704 (16.173)	Grad: 0.029
[Epoch  24 (6.96s)]	ELBO: 25.964 (1022.496)	Log prob: 28.678 (1038.657)	KLD: 2.715 (16.161)	Grad: 0.030
[Epoch  25 (6.86s)]	ELBO: 26.050 (1022.219)	Log prob: 28.771 (1038.377)	KLD: 2.720 (16.159)	Grad: 0.030
[Epoch  26 (6.94s)]	ELBO: 26.145 (1022.254)	Log prob: 28.872 (1038.409)	KLD: 2.727 (16.155)	Grad: 0.030
[Epoch  27 (6.77s)]	ELBO: 26.241 (1024.046)	Log prob: 28.984 (1040.191)	KLD: 2.743 (16.146)	Grad: 0.030
[Epoch  28 (7.02s)]	ELBO: 26.297 (1022.530)	Log prob: 29.053 (1038.695)	KLD: 2.755 (16.165)	Grad: 0.031
[Epoch  29 (6.79s)]	ELBO: 26.369 (1022.517)	Log prob: 29.114 (1038.755)	KLD: 2.745 (16.238)	Grad: 0.031
[Epoch  30 (6.83s)]	ELBO: 26.450 (1022.552)	Log prob: 29.220 (1038.775)	KLD: 2.770 (16.222)	Grad: 0.031
[Epoch  31 (6.77s)]	ELBO: 26.539 (1022.439)	Log prob: 29.305 (1038.687)	KLD: 2.766 (16.248)	Grad: 0.031
[Epoch  32 (6.86s)]	ELBO: 26.577 (1022.808)	Log prob: 29.350 (1039.039)	KLD: 2.773 (16.231)	Grad: 0.032
[Epoch  33 (6.97s)]	ELBO: 26.626 (1023.450)	Log prob: 29.421 (1039.689)	KLD: 2.795 (16.238)	Grad: 0.032
[Epoch  34 (6.91s)]	ELBO: 26.715 (1025.270)	Log prob: 29.517 (1041.480)	KLD: 2.801 (16.211)	Grad: 0.032
[Epoch  35 (6.94s)]	ELBO: 26.810 (1024.389)	Log prob: 29.617 (1040.624)	KLD: 2.808 (16.235)	Grad: 0.031
[Epoch  36 (7.03s)]	ELBO: 26.816 (1023.307)	Log prob: 29.622 (1039.548)	KLD: 2.806 (16.241)	Grad: 0.032
[Epoch  37 (6.97s)]	ELBO: 26.935 (1023.277)	Log prob: 29.755 (1039.498)	KLD: 2.820 (16.221)	Grad: 0.032
[Epoch  38 (7.08s)]	ELBO: 26.943 (1023.157)	Log prob: 29.769 (1039.461)	KLD: 2.826 (16.304)	Grad: 0.032
[Epoch  39 (7.06s)]	ELBO: 27.015 (1022.303)	Log prob: 29.848 (1038.630)	KLD: 2.832 (16.326)	Grad: 0.032
[Epoch  40 (7.05s)]	ELBO: 27.062 (1023.976)	Log prob: 29.886 (1040.259)	KLD: 2.823 (16.282)	Grad: 0.032
[Epoch  41 (7.13s)]	ELBO: 27.101 (1023.067)	Log prob: 29.948 (1039.374)	KLD: 2.848 (16.306)	Grad: 0.033
[Epoch  42 (7.07s)]	ELBO: 27.180 (1022.768)	Log prob: 30.024 (1039.119)	KLD: 2.843 (16.351)	Grad: 0.033
[Epoch  43 (7.06s)]	ELBO: 27.180 (1024.328)	Log prob: 30.036 (1040.636)	KLD: 2.856 (16.307)	Grad: 0.033
[Epoch  44 (7.06s)]	ELBO: 27.269 (1023.304)	Log prob: 30.126 (1039.603)	KLD: 2.857 (16.299)	Grad: 0.033
[Epoch  45 (7.14s)]	ELBO: 27.316 (1022.836)	Log prob: 30.180 (1039.168)	KLD: 2.864 (16.332)	Grad: 0.033
[Epoch  46 (7.01s)]	ELBO: 27.402 (1023.583)	Log prob: 30.268 (1039.962)	KLD: 2.867 (16.379)	Grad: 0.033
[Epoch  47 (7.20s)]	ELBO: 27.401 (1023.108)	Log prob: 30.269 (1039.426)	KLD: 2.867 (16.318)	Grad: 0.033
[Epoch  48 (7.04s)]	ELBO: 27.453 (1022.920)	Log prob: 30.327 (1039.236)	KLD: 2.874 (16.316)	Grad: 0.033
[Epoch  49 (7.04s)]	ELBO: 27.446 (1023.790)	Log prob: 30.320 (1040.134)	KLD: 2.874 (16.344)	Grad: 0.034
[Epoch  50 (7.03s)]	ELBO: 27.563 (1022.684)	Log prob: 30.441 (1039.121)	KLD: 2.879 (16.437)	Grad: 0.033
[Epoch  51 (6.95s)]	ELBO: 27.585 (1023.299)	Log prob: 30.470 (1039.681)	KLD: 2.885 (16.381)	Grad: 0.034
[Epoch  52 (7.07s)]	ELBO: 27.626 (1023.681)	Log prob: 30.525 (1040.037)	KLD: 2.899 (16.356)	Grad: 0.034
[Epoch  53 (6.87s)]	ELBO: 27.677 (1024.823)	Log prob: 30.579 (1041.195)	KLD: 2.902 (16.371)	Grad: 0.034
[Epoch  54 (8.05s)]	ELBO: 27.735 (1023.361)	Log prob: 30.625 (1039.748)	KLD: 2.890 (16.387)	Grad: 0.034
[Epoch  55 (7.89s)]	ELBO: 27.731 (1023.331)	Log prob: 30.646 (1039.756)	KLD: 2.916 (16.425)	Grad: 0.034
[Epoch  56 (7.65s)]	ELBO: 27.823 (1022.639)	Log prob: 30.736 (1039.029)	KLD: 2.913 (16.390)	Grad: 0.034
[Epoch  57 (6.53s)]	ELBO: 27.817 (1021.543)	Log prob: 30.733 (1038.023)	KLD: 2.916 (16.480)	Grad: 0.035
[Epoch  58 (6.63s)]	ELBO: 27.835 (1023.898)	Log prob: 30.774 (1040.256)	KLD: 2.939 (16.358)	Grad: 0.035
No improvement after 25 epochs...
Best epoch(s): [247, 115, 103, 34]	Training time(s): 9232.49s, 2665.19s, 1025.15s, 411.86s (13334.70s)	Best ELBO: 27.835 (1025.270)	Best log prob: 30.774 (1041.480)
Avg. mu: 1.451, 0.055, -0.167, -0.128
Avg. var: 0.007, 0.014, 0.018, 0.037
Max. mu: 9.125, 6.454, 7.658, 5.700
Max. var: 0.566, 0.751, 14.705, 37.450
Min. mu: -5.413, -6.930, -7.563, -10.111
Min. var: 0.000, 0.000, 0.000, 0.000
Cov. mu:
[[5.022 0.211 -0.778 0.716]
 [0.211 3.789 0.345 -0.469]
 [-0.778 0.345 3.245 -0.877]
 [0.716 -0.469 -0.877 2.053]]
