Seed: 2022
=================================================================
Layer (type:depth-idx)                   Param #
=================================================================
RNN                                      --
├─Canvas: 1-1                            --
│    └─Linear: 2-1                       784
├─Encoder: 1-2                           --
│    └─Linear: 2-2                       76,930
│    └─Linear: 2-3                       9,702
├─ModuleList: 1-3                        --
│    └─EncoderEncoderToLatents: 2-4      --
│    │    └─Linear: 3-1                  19,306
│    │    └─Linear: 3-2                  99
│    │    └─Linear: 3-3                  99
│    └─EncoderEncoderToLatents: 2-5      --
│    │    └─Linear: 3-4                  19,306
│    │    └─Linear: 3-5                  99
│    │    └─Linear: 3-6                  99
│    └─EncoderEncoderToLatents: 2-6      --
│    │    └─Linear: 3-7                  19,306
│    │    └─Linear: 3-8                  99
│    │    └─Linear: 3-9                  99
│    └─EncoderEncoderToLatents: 2-7      --
│    │    └─Linear: 3-10                 19,306
│    │    └─Linear: 3-11                 99
│    │    └─Linear: 3-12                 99
│    └─EncoderEncoderToLatents: 2-8      --
│    │    └─Linear: 3-13                 19,306
│    │    └─Linear: 3-14                 99
│    │    └─Linear: 3-15                 99
│    └─EncoderEncoderToLatents: 2-9      --
│    │    └─Linear: 3-16                 19,306
│    │    └─Linear: 3-17                 99
│    │    └─Linear: 3-18                 99
│    └─EncoderEncoderToLatents: 2-10     --
│    │    └─Linear: 3-19                 19,306
│    │    └─Linear: 3-20                 99
│    │    └─Linear: 3-21                 99
│    └─EncoderEncoderToLatents: 2-11     --
│    │    └─Linear: 3-22                 19,306
│    │    └─Linear: 3-23                 99
│    │    └─Linear: 3-24                 99
│    └─EncoderEncoderToLatents: 2-12     --
│    │    └─Linear: 3-25                 19,306
│    │    └─Linear: 3-26                 99
│    │    └─Linear: 3-27                 99
│    └─EncoderEncoderToLatents: 2-13     --
│    │    └─Linear: 3-28                 19,306
│    │    └─Linear: 3-29                 99
│    │    └─Linear: 3-30                 99
├─ModuleList: 1-4                        --
│    └─LatentsToDecoder: 2-14            --
│    │    └─Linear: 3-31                 196
│    └─LatentsToDecoder: 2-15            --
│    │    └─Linear: 3-32                 196
│    └─LatentsToDecoder: 2-16            --
│    │    └─Linear: 3-33                 196
│    └─LatentsToDecoder: 2-17            --
│    │    └─Linear: 3-34                 196
│    └─LatentsToDecoder: 2-18            --
│    │    └─Linear: 3-35                 196
│    └─LatentsToDecoder: 2-19            --
│    │    └─Linear: 3-36                 196
│    └─LatentsToDecoder: 2-20            --
│    │    └─Linear: 3-37                 196
│    └─LatentsToDecoder: 2-21            --
│    │    └─Linear: 3-38                 196
│    └─LatentsToDecoder: 2-22            --
│    │    └─Linear: 3-39                 196
│    └─LatentsToDecoder: 2-23            --
│    │    └─Linear: 3-40                 196
├─Decoder: 1-5                           --
│    └─Linear: 2-24                      9,702
│    └─Linear: 2-25                      77,616
=================================================================
Total params: 371,734
Trainable params: 371,734
Non-trainable params: 0
=================================================================
[Epoch   1 (47.20s)]	ELBO (bits/dim): 2.30967, 2.43340, 2.44858, 2.45880, 2.46247, 2.46422, 2.46330, 2.45952, 2.45506, 2.45070 (2.65860)	Reconstruction error (/dim): 0.08272, 0.07609, 0.07587, 0.07589, 0.07607, 0.07612, 0.07629, 0.07683, 0.07715, 0.07746 (0.06487)	KLD: 9.729, 3.793, 0.586, 0.610, 0.338, 0.708, 0.411, 0.443, 0.375, 0.280 (14.523)	Grad: 1176.8
[Epoch   2 (47.64s)]	ELBO (bits/dim): 2.48195, 2.62334, 2.71309, 2.74894, 2.79369, 2.81708, 2.81984, 2.81997, 2.81953, 2.81855 (2.95019)	Reconstruction error (/dim): 0.07749, 0.07058, 0.06441, 0.06140, 0.05737, 0.05460, 0.05446, 0.05470, 0.05485, 0.05500 (0.04603)	KLD: 4.816, 3.719, 3.000, 2.143, 2.233, 1.616, 1.066, 0.497, 0.313, 0.117 (21.412)	Grad: 1353.4
[Epoch   3 (47.79s)]	ELBO (bits/dim): 2.53829, 2.66341, 2.79636, 2.86581, 2.92224, 2.96214, 2.97183, 2.97663, 2.97678, 2.97689 (3.03074)	Reconstruction error (/dim): 0.07324, 0.06867, 0.06009, 0.05452, 0.04958, 0.04524, 0.04425, 0.04384, 0.04393, 0.04387 (0.03983)	KLD: 4.174, 3.599, 3.261, 2.431, 2.362, 2.033, 1.243, 0.964, 0.490, 0.245 (21.300)	Grad: 1308.3
[Epoch   4 (47.44s)]	ELBO (bits/dim): 2.56222, 2.68476, 2.81968, 2.90019, 2.95714, 2.99842, 3.02121, 3.03248, 3.03305, 3.03439 (3.06669)	Reconstruction error (/dim): 0.07282, 0.06742, 0.05905, 0.05237, 0.04738, 0.04321, 0.04090, 0.03980, 0.03984, 0.03961 (0.03721)	KLD: 3.616, 3.441, 3.123, 2.488, 2.290, 2.049, 1.779, 1.377, 0.509, 0.545 (21.726)	Grad: 1160.5
[Epoch   5 (47.15s)]	ELBO (bits/dim): 2.57399, 2.69911, 2.83558, 2.92276, 2.97865, 3.02029, 3.04485, 3.05767, 3.06010, 3.06473 (3.09333)	Reconstruction error (/dim): 0.07244, 0.06603, 0.05789, 0.05053, 0.04579, 0.04176, 0.03949, 0.03824, 0.03801, 0.03737 (0.03531)	KLD: 3.575, 3.341, 3.080, 2.548, 2.249, 2.054, 1.793, 1.443, 0.695, 0.997 (22.377)	Grad: 1065.4
[Epoch   6 (47.26s)]	ELBO (bits/dim): 2.58007, 2.70968, 2.84966, 2.93986, 2.99502, 3.03750, 3.06246, 3.07689, 3.08283, 3.08754 (3.11368)	Reconstruction error (/dim): 0.07203, 0.06487, 0.05676, 0.04917, 0.04459, 0.04056, 0.03833, 0.03695, 0.03628, 0.03568 (0.03367)	KLD: 3.537, 3.317, 3.086, 2.566, 2.236, 2.066, 1.791, 1.488, 1.073, 1.040 (22.342)	Grad: 1063.7
[Epoch   7 (47.18s)]	ELBO (bits/dim): 2.58524, 2.71705, 2.85990, 2.95242, 3.00786, 3.05140, 3.07688, 3.09249, 3.10135, 3.10677 (3.12926)	Reconstruction error (/dim): 0.07158, 0.06432, 0.05600, 0.04826, 0.04368, 0.03962, 0.03738, 0.03588, 0.03490, 0.03427 (0.03240)	KLD: 3.476, 3.309, 3.088, 2.590, 2.246, 2.077, 1.800, 1.527, 1.283, 1.068 (22.182)	Grad: 1091.7
[Epoch   8 (46.98s)]	ELBO (bits/dim): 2.59040, 2.72330, 2.86716, 2.96160, 3.01787, 3.06200, 3.08825, 3.10463, 3.11596, 3.12178 (3.14440)	Reconstruction error (/dim): 0.07091, 0.06389, 0.05554, 0.04762, 0.04298, 0.03892, 0.03664, 0.03504, 0.03386, 0.03319 (0.03163)	KLD: 3.450, 3.303, 3.083, 2.595, 2.269, 2.086, 1.828, 1.553, 1.406, 1.110 (23.129)	Grad: 1028.9
[Epoch   9 (47.38s)]	ELBO (bits/dim): 2.59320, 2.72799, 2.87295, 2.96895, 3.02630, 3.07066, 3.09807, 3.11531, 3.12828, 3.13426 (3.15531)	Reconstruction error (/dim): 0.07074, 0.06367, 0.05519, 0.04712, 0.04237, 0.03832, 0.03594, 0.03428, 0.03292, 0.03227 (0.03047)	KLD: 3.424, 3.303, 3.090, 2.609, 2.292, 2.092, 1.852, 1.580, 1.462, 1.129 (22.586)	Grad: 1065.9
[Epoch  10 (47.15s)]	ELBO (bits/dim): 2.59700, 2.73230, 2.87796, 2.97508, 3.03307, 3.07766, 3.10664, 3.12455, 3.13846, 3.14440 (3.16512)	Reconstruction error (/dim): 0.07041, 0.06339, 0.05487, 0.04669, 0.04187, 0.03783, 0.03531, 0.03361, 0.03217, 0.03151 (0.02994)	KLD: 3.415, 3.312, 3.095, 2.614, 2.307, 2.095, 1.874, 1.606, 1.494, 1.147 (22.904)	Grad: 1047.1
[Epoch  11 (47.08s)]	ELBO (bits/dim): 2.60139, 2.73672, 2.88322, 2.98098, 3.03945, 3.08424, 3.11459, 3.13344, 3.14720, 3.15341 (3.17127)	Reconstruction error (/dim): 0.07015, 0.06310, 0.05454, 0.04630, 0.04143, 0.03740, 0.03475, 0.03298, 0.03154, 0.03085 (0.02942)	KLD: 3.425, 3.326, 3.103, 2.612, 2.323, 2.098, 1.903, 1.626, 1.498, 1.155 (23.332)	Grad: 1101.3
[Epoch  12 (47.15s)]	ELBO (bits/dim): 2.60400, 2.74091, 2.88778, 2.98572, 3.04465, 3.08986, 3.12146, 3.14080, 3.15426, 3.16070 (3.17891)	Reconstruction error (/dim): 0.07008, 0.06282, 0.05427, 0.04599, 0.04107, 0.03702, 0.03427, 0.03245, 0.03101, 0.03032 (0.02910)	KLD: 3.427, 3.344, 3.107, 2.614, 2.328, 2.091, 1.919, 1.642, 1.496, 1.166 (23.453)	Grad: 1141.7
[Epoch  13 (47.07s)]	ELBO (bits/dim): 2.60635, 2.74505, 2.89229, 2.99017, 3.04948, 3.09466, 3.12724, 3.14707, 3.16037, 3.16700 (3.18465)	Reconstruction error (/dim): 0.07002, 0.06251, 0.05391, 0.04567, 0.04071, 0.03668, 0.03385, 0.03200, 0.03058, 0.02988 (0.02844)	KLD: 3.437, 3.359, 3.111, 2.624, 2.332, 2.091, 1.939, 1.657, 1.490, 1.169 (23.017)	Grad: 1030.2
[Epoch  14 (47.21s)]	ELBO (bits/dim): 2.60860, 2.74865, 2.89641, 2.99403, 3.05365, 3.09891, 3.13228, 3.15277, 3.16563, 3.17238 (3.18988)	Reconstruction error (/dim): 0.06994, 0.06229, 0.05362, 0.04540, 0.04039, 0.03637, 0.03348, 0.03160, 0.03023, 0.02951 (0.02830)	KLD: 3.449, 3.372, 3.118, 2.617, 2.337, 2.093, 1.949, 1.672, 1.489, 1.179 (23.055)	Grad: 1029.7
[Epoch  15 (47.21s)]	ELBO (bits/dim): 2.61047, 2.75220, 2.89964, 2.99739, 3.05717, 3.10240, 3.13641, 3.15708, 3.16988, 3.17676 (3.19269)	Reconstruction error (/dim): 0.06985, 0.06206, 0.05338, 0.04514, 0.04016, 0.03614, 0.03321, 0.03131, 0.02995, 0.02921 (0.02782)	KLD: 3.462, 3.381, 3.124, 2.617, 2.341, 2.091, 1.954, 1.672, 1.483, 1.169 (23.268)	Grad: 1136.7
[Epoch  16 (47.54s)]	ELBO (bits/dim): 2.61310, 2.75596, 2.90314, 3.00061, 3.06099, 3.10598, 3.14052, 3.16150, 3.17419, 3.18118 (3.19642)	Reconstruction error (/dim): 0.06960, 0.06175, 0.05311, 0.04491, 0.03987, 0.03589, 0.03292, 0.03099, 0.02964, 0.02893 (0.02763)	KLD: 3.479, 3.396, 3.131, 2.617, 2.350, 2.089, 1.960, 1.684, 1.483, 1.177 (23.103)	Grad: 1035.8
[Epoch  17 (47.08s)]	ELBO (bits/dim): 2.61590, 2.75981, 2.90631, 3.00339, 3.06406, 3.10902, 3.14382, 3.16510, 3.17763, 3.18474 (3.20017)	Reconstruction error (/dim): 0.06937, 0.06147, 0.05286, 0.04470, 0.03965, 0.03568, 0.03269, 0.03076, 0.02945, 0.02872 (0.02775)	KLD: 3.490, 3.408, 3.132, 2.620, 2.359, 2.087, 1.962, 1.686, 1.487, 1.180 (22.668)	Grad: 1183.4
[Epoch  18 (47.87s)]	ELBO (bits/dim): 2.61875, 2.76422, 2.91009, 3.00617, 3.06740, 3.11242, 3.14713, 3.16870, 3.18118, 3.18836 (3.20371)	Reconstruction error (/dim): 0.06919, 0.06109, 0.05252, 0.04447, 0.03939, 0.03541, 0.03245, 0.03049, 0.02920, 0.02846 (0.02752)	KLD: 3.509, 3.416, 3.140, 2.628, 2.369, 2.084, 1.966, 1.693, 1.482, 1.182 (23.251)	Grad: 1120.9
[Epoch  19 (47.11s)]	ELBO (bits/dim): 2.62118, 2.76771, 2.91300, 3.00860, 3.07010, 3.11504, 3.14995, 3.17159, 3.18416, 3.19138 (3.20575)	Reconstruction error (/dim): 0.06911, 0.06088, 0.05227, 0.04429, 0.03922, 0.03525, 0.03226, 0.03032, 0.02901, 0.02829 (0.02731)	KLD: 3.524, 3.421, 3.144, 2.631, 2.370, 2.081, 1.977, 1.703, 1.483, 1.186 (23.480)	Grad: 1109.8
[Epoch  20 (47.56s)]	ELBO (bits/dim): 2.62349, 2.77095, 2.91549, 3.01051, 3.07244, 3.11733, 3.15238, 3.17413, 3.18668, 3.19403 (3.20778)	Reconstruction error (/dim): 0.06895, 0.06061, 0.05207, 0.04413, 0.03903, 0.03509, 0.03210, 0.03014, 0.02883, 0.02809 (0.02722)	KLD: 3.543, 3.423, 3.147, 2.640, 2.380, 2.079, 1.976, 1.703, 1.486, 1.192 (23.184)	Grad: 1190.3
[Epoch  21 (47.13s)]	ELBO (bits/dim): 2.62607, 2.77448, 2.91838, 3.01277, 3.07490, 3.11969, 3.15468, 3.17659, 3.18908, 3.19664 (3.21171)	Reconstruction error (/dim): 0.06882, 0.06034, 0.05179, 0.04395, 0.03882, 0.03491, 0.03194, 0.02995, 0.02868, 0.02792 (0.02684)	KLD: 3.565, 3.431, 3.153, 2.640, 2.386, 2.073, 1.976, 1.707, 1.483, 1.200 (23.326)	Grad: 1203.3
[Epoch  22 (46.96s)]	ELBO (bits/dim): 2.62815, 2.77741, 2.92053, 3.01475, 3.07708, 3.12197, 3.15690, 3.17876, 3.19126, 3.19869 (3.21335)	Reconstruction error (/dim): 0.06871, 0.06014, 0.05164, 0.04380, 0.03867, 0.03474, 0.03178, 0.02981, 0.02852, 0.02778 (0.02687)	KLD: 3.579, 3.440, 3.157, 2.641, 2.394, 2.069, 1.977, 1.708, 1.485, 1.216 (23.694)	Grad: 1152.1
[Epoch  23 (46.87s)]	ELBO (bits/dim): 2.62993, 2.78015, 2.92272, 3.01642, 3.07890, 3.12382, 3.15865, 3.18064, 3.19304, 3.20072 (3.21491)	Reconstruction error (/dim): 0.06865, 0.05994, 0.05143, 0.04365, 0.03854, 0.03462, 0.03165, 0.02967, 0.02841, 0.02763 (0.02662)	KLD: 3.595, 3.438, 3.163, 2.647, 2.391, 2.070, 1.985, 1.718, 1.481, 1.220 (23.495)	Grad: 1174.2
[Epoch  24 (46.89s)]	ELBO (bits/dim): 2.63177, 2.78267, 2.92477, 3.01821, 3.08092, 3.12567, 3.16039, 3.18229, 3.19468, 3.20234 (3.21521)	Reconstruction error (/dim): 0.06856, 0.05974, 0.05124, 0.04350, 0.03838, 0.03448, 0.03153, 0.02956, 0.02830, 0.02755 (0.02667)	KLD: 3.615, 3.442, 3.165, 2.649, 2.399, 2.061, 1.985, 1.704, 1.479, 1.215 (23.809)	Grad: 1210.6
[Epoch  25 (46.88s)]	ELBO (bits/dim): 2.63363, 2.78551, 2.92674, 3.01961, 3.08269, 3.12744, 3.16190, 3.18374, 3.19612, 3.20387 (3.21781)	Reconstruction error (/dim): 0.06852, 0.05955, 0.05105, 0.04338, 0.03824, 0.03437, 0.03141, 0.02945, 0.02820, 0.02744 (0.02652)	KLD: 3.636, 3.451, 3.170, 2.654, 2.408, 2.060, 1.983, 1.711, 1.483, 1.211 (23.486)	Grad: 1294.4
[Epoch  26 (47.23s)]	ELBO (bits/dim): 2.63541, 2.78780, 2.92867, 3.02130, 3.08465, 3.12936, 3.16371, 3.18536, 3.19779, 3.20560 (3.21863)	Reconstruction error (/dim): 0.06840, 0.05938, 0.05088, 0.04326, 0.03809, 0.03422, 0.03129, 0.02936, 0.02809, 0.02733 (0.02640)	KLD: 3.648, 3.447, 3.178, 2.656, 2.409, 2.055, 1.980, 1.713, 1.493, 1.219 (24.202)	Grad: 1204.9
[Epoch  27 (46.69s)]	ELBO (bits/dim): 2.63705, 2.78999, 2.93044, 3.02261, 3.08594, 3.13060, 3.16488, 3.18653, 3.19889, 3.20665 (3.21768)	Reconstruction error (/dim): 0.06834, 0.05922, 0.05073, 0.04315, 0.03800, 0.03414, 0.03122, 0.02926, 0.02802, 0.02725 (0.02644)	KLD: 3.659, 3.453, 3.182, 2.665, 2.403, 2.054, 1.985, 1.707, 1.486, 1.231 (23.602)	Grad: 1267.1
[Epoch  28 (46.60s)]	ELBO (bits/dim): 2.63905, 2.79235, 2.93231, 3.02435, 3.08765, 3.13228, 3.16632, 3.18793, 3.20015, 3.20804 (3.22135)	Reconstruction error (/dim): 0.06824, 0.05909, 0.05058, 0.04302, 0.03788, 0.03402, 0.03111, 0.02917, 0.02793, 0.02716 (0.02613)	KLD: 3.683, 3.456, 3.176, 2.664, 2.407, 2.052, 1.976, 1.704, 1.485, 1.223 (23.853)	Grad: 1293.2
[Epoch  29 (46.69s)]	ELBO (bits/dim): 2.64039, 2.79416, 2.93375, 3.02553, 3.08915, 3.13379, 3.16736, 3.18886, 3.20126, 3.20908 (3.22038)	Reconstruction error (/dim): 0.06815, 0.05890, 0.05045, 0.04290, 0.03774, 0.03390, 0.03103, 0.02910, 0.02785, 0.02709 (0.02626)	KLD: 3.692, 3.468, 3.185, 2.662, 2.416, 2.052, 1.980, 1.701, 1.480, 1.222 (23.530)	Grad: 1320.5
[Epoch  30 (46.56s)]	ELBO (bits/dim): 2.64191, 2.79612, 2.93517, 3.02687, 3.09054, 3.13495, 3.16868, 3.19004, 3.20234, 3.21021 (3.22286)	Reconstruction error (/dim): 0.06808, 0.05877, 0.05032, 0.04280, 0.03765, 0.03382, 0.03093, 0.02901, 0.02778, 0.02701 (0.02601)	KLD: 3.708, 3.465, 3.187, 2.675, 2.417, 2.048, 1.977, 1.697, 1.494, 1.219 (23.436)	Grad: 1322.8
[Epoch  31 (46.92s)]	ELBO (bits/dim): 2.64366, 2.79810, 2.93676, 3.02830, 3.09204, 3.13651, 3.16994, 3.19125, 3.20347, 3.21141 (3.22308)	Reconstruction error (/dim): 0.06796, 0.05860, 0.05018, 0.04268, 0.03753, 0.03371, 0.03084, 0.02892, 0.02770, 0.02692 (0.02584)	KLD: 3.724, 3.471, 3.194, 2.673, 2.419, 2.049, 1.974, 1.699, 1.494, 1.226 (23.913)	Grad: 1336.6
[Epoch  32 (46.46s)]	ELBO (bits/dim): 2.64481, 2.79964, 2.93794, 3.02917, 3.09283, 3.13743, 3.17073, 3.19197, 3.20418, 3.21209 (3.22225)	Reconstruction error (/dim): 0.06792, 0.05853, 0.05008, 0.04262, 0.03748, 0.03366, 0.03079, 0.02889, 0.02767, 0.02689 (0.02604)	KLD: 3.737, 3.480, 3.199, 2.682, 2.425, 2.044, 1.974, 1.692, 1.491, 1.226 (24.176)	Grad: 1346.1
[Epoch  33 (46.87s)]	ELBO (bits/dim): 2.64644, 2.80166, 2.93946, 3.03037, 3.09443, 3.13910, 3.17198, 3.19299, 3.20522, 3.21304 (3.22555)	Reconstruction error (/dim): 0.06783, 0.05838, 0.04995, 0.04252, 0.03735, 0.03353, 0.03070, 0.02882, 0.02757, 0.02681 (0.02594)	KLD: 3.747, 3.477, 3.206, 2.684, 2.424, 2.046, 1.976, 1.692, 1.496, 1.224 (23.701)	Grad: 1277.4
[Epoch  34 (46.66s)]	ELBO (bits/dim): 2.64771, 2.80322, 2.94094, 3.03164, 3.09563, 3.14015, 3.17297, 3.19395, 3.20628, 3.21393 (3.22584)	Reconstruction error (/dim): 0.06777, 0.05828, 0.04982, 0.04242, 0.03725, 0.03345, 0.03062, 0.02873, 0.02752, 0.02677 (0.02591)	KLD: 3.761, 3.485, 3.211, 2.686, 2.433, 2.042, 1.967, 1.684, 1.492, 1.228 (23.737)	Grad: 1326.4
[Epoch  35 (46.88s)]	ELBO (bits/dim): 2.64927, 2.80478, 2.94200, 3.03233, 3.09641, 3.14112, 3.17367, 3.19459, 3.20683, 3.21456 (3.22530)	Reconstruction error (/dim): 0.06769, 0.05816, 0.04973, 0.04237, 0.03721, 0.03339, 0.03057, 0.02869, 0.02748, 0.02672 (0.02583)	KLD: 3.768, 3.488, 3.214, 2.687, 2.432, 2.046, 1.970, 1.682, 1.494, 1.231 (24.074)	Grad: 1426.3
[Epoch  36 (46.86s)]	ELBO (bits/dim): 2.65041, 2.80624, 2.94313, 3.03327, 3.09735, 3.14191, 3.17440, 3.19511, 3.20740, 3.21504 (3.22765)	Reconstruction error (/dim): 0.06763, 0.05807, 0.04962, 0.04228, 0.03712, 0.03333, 0.03051, 0.02865, 0.02742, 0.02668 (0.02579)	KLD: 3.785, 3.492, 3.222, 2.692, 2.441, 2.042, 1.963, 1.679, 1.487, 1.227 (23.844)	Grad: 1419.6
[Epoch  37 (46.60s)]	ELBO (bits/dim): 2.65216, 2.80817, 2.94440, 3.03422, 3.09852, 3.14314, 3.17554, 3.19619, 3.20836, 3.21618 (3.22639)	Reconstruction error (/dim): 0.06743, 0.05795, 0.04952, 0.04223, 0.03704, 0.03325, 0.03043, 0.02857, 0.02737, 0.02660 (0.02598)	KLD: 3.791, 3.497, 3.228, 2.699, 2.441, 2.040, 1.965, 1.683, 1.484, 1.223 (24.359)	Grad: 1433.9
[Epoch  38 (46.57s)]	ELBO (bits/dim): 2.65381, 2.80939, 2.94550, 3.03492, 3.09921, 3.14383, 3.17607, 3.19677, 3.20897, 3.21666 (3.22695)	Reconstruction error (/dim): 0.06729, 0.05786, 0.04943, 0.04216, 0.03699, 0.03319, 0.03039, 0.02855, 0.02734, 0.02659 (0.02586)	KLD: 3.806, 3.496, 3.229, 2.699, 2.443, 2.040, 1.960, 1.682, 1.489, 1.226 (24.345)	Grad: 1469.7
[Epoch  39 (46.56s)]	ELBO (bits/dim): 2.65497, 2.81094, 2.94661, 3.03573, 3.10008, 3.14473, 3.17676, 3.19720, 3.20946, 3.21718 (3.22811)	Reconstruction error (/dim): 0.06725, 0.05778, 0.04933, 0.04212, 0.03693, 0.03313, 0.03035, 0.02851, 0.02731, 0.02655 (0.02582)	KLD: 3.821, 3.502, 3.235, 2.698, 2.447, 2.040, 1.956, 1.673, 1.485, 1.222 (23.821)	Grad: 1473.5
[Epoch  40 (46.91s)]	ELBO (bits/dim): 2.65656, 2.81250, 2.94787, 3.03666, 3.10103, 3.14570, 3.17762, 3.19810, 3.21039, 3.21796 (3.22739)	Reconstruction error (/dim): 0.06710, 0.05764, 0.04920, 0.04203, 0.03685, 0.03304, 0.03027, 0.02844, 0.02722, 0.02647 (0.02577)	KLD: 3.829, 3.499, 3.235, 2.700, 2.456, 2.039, 1.961, 1.674, 1.492, 1.224 (23.731)	Grad: 1475.3
[Epoch  41 (46.80s)]	ELBO (bits/dim): 2.65784, 2.81378, 2.94912, 3.03747, 3.10205, 3.14667, 3.17849, 3.19886, 3.21107, 3.21878 (3.22757)	Reconstruction error (/dim): 0.06706, 0.05759, 0.04910, 0.04197, 0.03679, 0.03300, 0.03023, 0.02838, 0.02719, 0.02643 (0.02565)	KLD: 3.837, 3.505, 3.241, 2.704, 2.453, 2.039, 1.962, 1.671, 1.489, 1.221 (24.309)	Grad: 1490.5
[Epoch  42 (46.61s)]	ELBO (bits/dim): 2.65928, 2.81533, 2.95013, 3.03820, 3.10275, 3.14754, 3.17925, 3.19962, 3.21176, 3.21941 (3.22970)	Reconstruction error (/dim): 0.06696, 0.05744, 0.04899, 0.04191, 0.03673, 0.03293, 0.03017, 0.02834, 0.02715, 0.02638 (0.02568)	KLD: 3.851, 3.509, 3.245, 2.710, 2.459, 2.039, 1.958, 1.670, 1.485, 1.224 (23.822)	Grad: 1465.9
[Epoch  43 (46.65s)]	ELBO (bits/dim): 2.66041, 2.81636, 2.95111, 3.03898, 3.10357, 3.14826, 3.17992, 3.20011, 3.21234, 3.21989 (3.23054)	Reconstruction error (/dim): 0.06690, 0.05739, 0.04892, 0.04185, 0.03667, 0.03287, 0.03010, 0.02829, 0.02710, 0.02635 (0.02561)	KLD: 3.859, 3.509, 3.252, 2.706, 2.457, 2.036, 1.961, 1.662, 1.489, 1.220 (23.755)	Grad: 1500.7
[Epoch  44 (46.50s)]	ELBO (bits/dim): 2.66146, 2.81741, 2.95187, 3.03960, 3.10423, 3.14902, 3.18049, 3.20074, 3.21292, 3.22046 (3.23127)	Reconstruction error (/dim): 0.06685, 0.05731, 0.04883, 0.04180, 0.03662, 0.03282, 0.03007, 0.02826, 0.02706, 0.02632 (0.02566)	KLD: 3.868, 3.510, 3.258, 2.708, 2.464, 2.038, 1.953, 1.656, 1.490, 1.206 (23.600)	Grad: 1513.9
[Epoch  45 (46.76s)]	ELBO (bits/dim): 2.66276, 2.81903, 2.95315, 3.04046, 3.10516, 3.14982, 3.18120, 3.20129, 3.21345, 3.22113 (3.23024)	Reconstruction error (/dim): 0.06675, 0.05716, 0.04871, 0.04174, 0.03654, 0.03276, 0.03002, 0.02822, 0.02702, 0.02626 (0.02553)	KLD: 3.880, 3.510, 3.261, 2.711, 2.466, 2.039, 1.951, 1.660, 1.488, 1.229 (24.223)	Grad: 1543.6
[Epoch  46 (46.64s)]	ELBO (bits/dim): 2.66393, 2.82032, 2.95418, 3.04104, 3.10576, 3.15040, 3.18171, 3.20177, 3.21397, 3.22140 (3.23088)	Reconstruction error (/dim): 0.06668, 0.05707, 0.04863, 0.04169, 0.03653, 0.03272, 0.02999, 0.02820, 0.02701, 0.02625 (0.02558)	KLD: 3.884, 3.515, 3.265, 2.716, 2.467, 2.035, 1.952, 1.662, 1.485, 1.224 (24.144)	Grad: 1608.1
[Epoch  47 (46.72s)]	ELBO (bits/dim): 2.66500, 2.82129, 2.95481, 3.04145, 3.10639, 3.15100, 3.18226, 3.20224, 3.21459, 3.22192 (3.23157)	Reconstruction error (/dim): 0.06664, 0.05700, 0.04855, 0.04166, 0.03646, 0.03267, 0.02996, 0.02816, 0.02696, 0.02622 (0.02555)	KLD: 3.897, 3.520, 3.268, 2.718, 2.475, 2.036, 1.952, 1.655, 1.491, 1.221 (24.010)	Grad: 1616.7
[Epoch  48 (47.03s)]	ELBO (bits/dim): 2.66589, 2.82232, 2.95572, 3.04210, 3.10678, 3.15158, 3.18284, 3.20277, 3.21503, 3.22257 (3.23217)	Reconstruction error (/dim): 0.06658, 0.05693, 0.04847, 0.04161, 0.03644, 0.03265, 0.02992, 0.02812, 0.02693, 0.02618 (0.02548)	KLD: 3.905, 3.517, 3.272, 2.721, 2.479, 2.038, 1.951, 1.650, 1.487, 1.203 (24.134)	Grad: 1629.8
[Epoch  49 (46.68s)]	ELBO (bits/dim): 2.66714, 2.82334, 2.95662, 3.04266, 3.10742, 3.15227, 3.18331, 3.20327, 3.21545, 3.22294 (3.23031)	Reconstruction error (/dim): 0.06651, 0.05685, 0.04838, 0.04155, 0.03639, 0.03258, 0.02988, 0.02808, 0.02689, 0.02615 (0.02572)	KLD: 3.914, 3.519, 3.276, 2.719, 2.479, 2.038, 1.948, 1.653, 1.493, 1.209 (23.832)	Grad: 1691.4
[Epoch  50 (46.62s)]	ELBO (bits/dim): 2.66782, 2.82429, 2.95723, 3.04293, 3.10795, 3.15256, 3.18386, 3.20367, 3.21589, 3.22332 (3.23222)	Reconstruction error (/dim): 0.06648, 0.05681, 0.04834, 0.04156, 0.03636, 0.03257, 0.02984, 0.02806, 0.02688, 0.02612 (0.02547)	KLD: 3.915, 3.521, 3.281, 2.726, 2.475, 2.033, 1.943, 1.652, 1.495, 1.206 (24.242)	Grad: 1620.0
[Epoch  51 (46.74s)]	ELBO (bits/dim): 2.66881, 2.82534, 2.95833, 3.04390, 3.10862, 3.15347, 3.18442, 3.20427, 3.21641, 3.22378 (3.23147)	Reconstruction error (/dim): 0.06641, 0.05671, 0.04825, 0.04148, 0.03631, 0.03248, 0.02980, 0.02802, 0.02683, 0.02609 (0.02570)	KLD: 3.925, 3.523, 3.281, 2.722, 2.481, 2.034, 1.945, 1.649, 1.496, 1.210 (23.907)	Grad: 1721.4
[Epoch  52 (46.69s)]	ELBO (bits/dim): 2.67015, 2.82632, 2.95904, 3.04434, 3.10912, 3.15411, 3.18499, 3.20476, 3.21702, 3.22449 (3.23471)	Reconstruction error (/dim): 0.06633, 0.05665, 0.04818, 0.04144, 0.03628, 0.03246, 0.02976, 0.02799, 0.02679, 0.02605 (0.02525)	KLD: 3.937, 3.527, 3.286, 2.727, 2.486, 2.033, 1.948, 1.643, 1.495, 1.207 (24.346)	Grad: 1627.6
[Epoch  53 (46.72s)]	ELBO (bits/dim): 2.67131, 2.82753, 2.95998, 3.04472, 3.10968, 3.15454, 3.18551, 3.20520, 3.21741, 3.22492 (3.23417)	Reconstruction error (/dim): 0.06622, 0.05657, 0.04810, 0.04143, 0.03624, 0.03242, 0.02972, 0.02796, 0.02677, 0.02602 (0.02521)	KLD: 3.946, 3.527, 3.283, 2.731, 2.490, 2.034, 1.943, 1.639, 1.488, 1.200 (24.303)	Grad: 1635.0
[Epoch  54 (46.74s)]	ELBO (bits/dim): 2.67222, 2.82848, 2.96064, 3.04534, 3.11042, 3.15526, 3.18616, 3.20580, 3.21805, 3.22543 (3.23222)	Reconstruction error (/dim): 0.06622, 0.05650, 0.04806, 0.04138, 0.03618, 0.03238, 0.02968, 0.02791, 0.02672, 0.02598 (0.02535)	KLD: 3.951, 3.530, 3.290, 2.730, 2.489, 2.031, 1.943, 1.640, 1.491, 1.199 (24.209)	Grad: 1710.3
[Epoch  55 (46.51s)]	ELBO (bits/dim): 2.67263, 2.82920, 2.96094, 3.04570, 3.11062, 3.15562, 3.18643, 3.20594, 3.21827, 3.22567 (3.23564)	Reconstruction error (/dim): 0.06616, 0.05645, 0.04801, 0.04133, 0.03616, 0.03234, 0.02965, 0.02790, 0.02669, 0.02596 (0.02517)	KLD: 3.956, 3.527, 3.297, 2.735, 2.496, 2.038, 1.932, 1.639, 1.491, 1.211 (24.604)	Grad: 1712.0
[Epoch  56 (46.77s)]	ELBO (bits/dim): 2.67375, 2.82988, 2.96176, 3.04622, 3.11122, 3.15614, 3.18686, 3.20647, 3.21863, 3.22594 (3.23504)	Reconstruction error (/dim): 0.06605, 0.05640, 0.04794, 0.04130, 0.03611, 0.03230, 0.02963, 0.02786, 0.02668, 0.02595 (0.02534)	KLD: 3.964, 3.532, 3.297, 2.737, 2.494, 2.033, 1.936, 1.636, 1.490, 1.208 (24.370)	Grad: 1774.0
[Epoch  57 (46.51s)]	ELBO (bits/dim): 2.67470, 2.83107, 2.96251, 3.04693, 3.11186, 3.15683, 3.18737, 3.20692, 3.21910, 3.22660 (3.23562)	Reconstruction error (/dim): 0.06601, 0.05634, 0.04788, 0.04125, 0.03608, 0.03227, 0.02959, 0.02783, 0.02665, 0.02589 (0.02534)	KLD: 3.972, 3.537, 3.295, 2.737, 2.501, 2.035, 1.941, 1.634, 1.484, 1.203 (24.438)	Grad: 1841.2
[Epoch  58 (46.63s)]	ELBO (bits/dim): 2.67560, 2.83176, 2.96329, 3.04725, 3.11239, 3.15709, 3.18776, 3.20738, 3.21950, 3.22691 (3.23525)	Reconstruction error (/dim): 0.06594, 0.05626, 0.04781, 0.04124, 0.03605, 0.03225, 0.02956, 0.02781, 0.02664, 0.02589 (0.02519)	KLD: 3.977, 3.533, 3.308, 2.740, 2.503, 2.037, 1.934, 1.633, 1.489, 1.208 (24.212)	Grad: 1802.3
[Epoch  59 (46.33s)]	ELBO (bits/dim): 2.67644, 2.83277, 2.96396, 3.04788, 3.11308, 3.15794, 3.18842, 3.20797, 3.22007, 3.22751 (3.23473)	Reconstruction error (/dim): 0.06586, 0.05618, 0.04774, 0.04117, 0.03598, 0.03218, 0.02952, 0.02776, 0.02659, 0.02584 (0.02550)	KLD: 3.987, 3.537, 3.307, 2.739, 2.503, 2.032, 1.934, 1.635, 1.493, 1.206 (24.534)	Grad: 1757.6
[Epoch  60 (46.57s)]	ELBO (bits/dim): 2.67729, 2.83355, 2.96443, 3.04811, 3.11329, 3.15814, 3.18874, 3.20811, 3.22039, 3.22763 (3.23495)	Reconstruction error (/dim): 0.06583, 0.05614, 0.04773, 0.04117, 0.03598, 0.03217, 0.02950, 0.02776, 0.02657, 0.02584 (0.02523)	KLD: 3.992, 3.535, 3.312, 2.743, 2.507, 2.035, 1.939, 1.637, 1.497, 1.205 (24.184)	Grad: 1798.0
[Epoch  61 (46.68s)]	ELBO (bits/dim): 2.67808, 2.83430, 2.96497, 3.04835, 3.11356, 3.15839, 3.18890, 3.20842, 3.22059, 3.22784 (3.23454)	Reconstruction error (/dim): 0.06575, 0.05608, 0.04766, 0.04114, 0.03595, 0.03216, 0.02950, 0.02772, 0.02656, 0.02583 (0.02529)	KLD: 4.000, 3.541, 3.313, 2.740, 2.504, 2.034, 1.934, 1.635, 1.481, 1.209 (24.200)	Grad: 1835.5
[Epoch  62 (46.55s)]	ELBO (bits/dim): 2.67884, 2.83494, 2.96560, 3.04903, 3.11419, 3.15921, 3.18978, 3.20909, 3.22128, 3.22851 (3.23573)	Reconstruction error (/dim): 0.06575, 0.05604, 0.04763, 0.04112, 0.03593, 0.03210, 0.02944, 0.02770, 0.02652, 0.02579 (0.02515)	KLD: 4.007, 3.538, 3.316, 2.743, 2.507, 2.037, 1.927, 1.634, 1.486, 1.206 (24.474)	Grad: 1844.4
[Epoch  63 (46.55s)]	ELBO (bits/dim): 2.67957, 2.83569, 2.96597, 3.04920, 3.11451, 3.15952, 3.19000, 3.20937, 3.22149, 3.22888 (3.23681)	Reconstruction error (/dim): 0.06566, 0.05598, 0.04759, 0.04110, 0.03590, 0.03206, 0.02940, 0.02766, 0.02649, 0.02575 (0.02524)	KLD: 4.007, 3.544, 3.320, 2.744, 2.511, 2.033, 1.927, 1.631, 1.492, 1.213 (24.391)	Grad: 1785.2
[Epoch  64 (46.70s)]	ELBO (bits/dim): 2.68053, 2.83647, 2.96678, 3.04969, 3.11503, 3.16014, 3.19033, 3.20971, 3.22197, 3.22914 (3.23565)	Reconstruction error (/dim): 0.06560, 0.05593, 0.04753, 0.04104, 0.03585, 0.03202, 0.02939, 0.02763, 0.02644, 0.02573 (0.02524)	KLD: 4.016, 3.542, 3.323, 2.744, 2.515, 2.033, 1.924, 1.630, 1.495, 1.197 (24.202)	Grad: 1785.5
[Epoch  65 (46.62s)]	ELBO (bits/dim): 2.68088, 2.83676, 2.96667, 3.04971, 3.11515, 3.16020, 3.19062, 3.20994, 3.22229, 3.22946 (3.23543)	Reconstruction error (/dim): 0.06557, 0.05590, 0.04753, 0.04105, 0.03584, 0.03202, 0.02937, 0.02763, 0.02643, 0.02571 (0.02536)	KLD: 4.024, 3.541, 3.323, 2.744, 2.514, 2.036, 1.925, 1.636, 1.492, 1.195 (24.343)	Grad: 1951.2
[Epoch  66 (46.81s)]	ELBO (bits/dim): 2.68165, 2.83744, 2.96725, 3.05010, 3.11545, 3.16063, 3.19095, 3.21018, 3.22244, 3.22967 (3.23534)	Reconstruction error (/dim): 0.06553, 0.05586, 0.04748, 0.04102, 0.03583, 0.03200, 0.02935, 0.02762, 0.02643, 0.02571 (0.02527)	KLD: 4.027, 3.541, 3.327, 2.750, 2.519, 2.039, 1.920, 1.635, 1.493, 1.200 (24.170)	Grad: 2029.7
[Epoch  67 (46.56s)]	ELBO (bits/dim): 2.68263, 2.83852, 2.96796, 3.05065, 3.11610, 3.16125, 3.19134, 3.21077, 3.22299, 3.23021 (3.23780)	Reconstruction error (/dim): 0.06545, 0.05576, 0.04742, 0.04097, 0.03577, 0.03194, 0.02931, 0.02757, 0.02639, 0.02566 (0.02515)	KLD: 4.037, 3.543, 3.327, 2.752, 2.522, 2.035, 1.921, 1.631, 1.486, 1.208 (24.455)	Grad: 1956.4
[Epoch  68 (47.10s)]	ELBO (bits/dim): 2.68306, 2.83902, 2.96850, 3.05104, 3.11661, 3.16172, 3.19198, 3.21127, 3.22347, 3.23076 (3.23733)	Reconstruction error (/dim): 0.06543, 0.05574, 0.04739, 0.04095, 0.03574, 0.03191, 0.02926, 0.02753, 0.02636, 0.02563 (0.02516)	KLD: 4.040, 3.548, 3.331, 2.754, 2.522, 2.036, 1.917, 1.632, 1.489, 1.196 (24.491)	Grad: 1915.6
[Epoch  69 (46.68s)]	ELBO (bits/dim): 2.68370, 2.83955, 2.96903, 3.05132, 3.11689, 3.16196, 3.19223, 3.21152, 3.22369, 3.23083 (3.23556)	Reconstruction error (/dim): 0.06537, 0.05569, 0.04734, 0.04093, 0.03573, 0.03191, 0.02925, 0.02751, 0.02636, 0.02562 (0.02530)	KLD: 4.047, 3.549, 3.334, 2.755, 2.525, 2.037, 1.925, 1.633, 1.485, 1.196 (24.493)	Grad: 1893.4
[Epoch  70 (46.85s)]	ELBO (bits/dim): 2.68435, 2.84033, 2.96939, 3.05169, 3.11710, 3.16235, 3.19252, 3.21178, 3.22393, 3.23106 (3.23839)	Reconstruction error (/dim): 0.06533, 0.05563, 0.04729, 0.04090, 0.03572, 0.03187, 0.02922, 0.02749, 0.02632, 0.02560 (0.02536)	KLD: 4.055, 3.551, 3.336, 2.759, 2.527, 2.035, 1.917, 1.630, 1.482, 1.190 (24.293)	Grad: 1847.8
[Epoch  71 (46.69s)]	ELBO (bits/dim): 2.68506, 2.84080, 2.96971, 3.05177, 3.11730, 3.16259, 3.19269, 3.21195, 3.22413, 3.23126 (3.23602)	Reconstruction error (/dim): 0.06527, 0.05558, 0.04728, 0.04091, 0.03571, 0.03185, 0.02922, 0.02750, 0.02632, 0.02560 (0.02522)	KLD: 4.058, 3.552, 3.340, 2.756, 2.526, 2.038, 1.922, 1.626, 1.492, 1.199 (24.405)	Grad: 1961.3
[Epoch  72 (46.24s)]	ELBO (bits/dim): 2.68559, 2.84139, 2.97020, 3.05199, 3.11791, 3.16314, 3.19313, 3.21244, 3.22464, 3.23171 (3.23843)	Reconstruction error (/dim): 0.06524, 0.05557, 0.04724, 0.04088, 0.03567, 0.03180, 0.02919, 0.02745, 0.02628, 0.02557 (0.02514)	KLD: 4.057, 3.553, 3.340, 2.758, 2.527, 2.036, 1.918, 1.628, 1.485, 1.196 (24.370)	Grad: 2026.4
[Epoch  73 (46.44s)]	ELBO (bits/dim): 2.68633, 2.84207, 2.97064, 3.05261, 3.11838, 3.16363, 3.19356, 3.21286, 3.22508, 3.23224 (3.23912)	Reconstruction error (/dim): 0.06518, 0.05551, 0.04723, 0.04084, 0.03562, 0.03178, 0.02918, 0.02743, 0.02627, 0.02553 (0.02509)	KLD: 4.066, 3.557, 3.343, 2.763, 2.533, 2.035, 1.915, 1.634, 1.488, 1.194 (24.353)	Grad: 1925.1
[Epoch  74 (46.96s)]	ELBO (bits/dim): 2.68642, 2.84216, 2.97051, 3.05226, 3.11791, 3.16320, 3.19332, 3.21256, 3.22472, 3.23183 (3.23917)	Reconstruction error (/dim): 0.06518, 0.05550, 0.04723, 0.04086, 0.03567, 0.03181, 0.02918, 0.02746, 0.02629, 0.02556 (0.02509)	KLD: 4.068, 3.555, 3.342, 2.764, 2.536, 2.037, 1.912, 1.633, 1.482, 1.195 (24.557)	Grad: 2104.5
[Epoch  75 (46.61s)]	ELBO (bits/dim): 2.68707, 2.84276, 2.97084, 3.05262, 3.11846, 3.16374, 3.19379, 3.21295, 3.22514, 3.23219 (3.23858)	Reconstruction error (/dim): 0.06510, 0.05544, 0.04719, 0.04084, 0.03563, 0.03177, 0.02914, 0.02742, 0.02625, 0.02555 (0.02509)	KLD: 4.070, 3.556, 3.348, 2.761, 2.536, 2.033, 1.915, 1.628, 1.485, 1.192 (24.282)	Grad: 1923.1
[Epoch  76 (46.38s)]	ELBO (bits/dim): 2.68776, 2.84349, 2.97179, 3.05349, 3.11912, 3.16447, 3.19445, 3.21368, 3.22583, 3.23290 (3.23976)	Reconstruction error (/dim): 0.06508, 0.05541, 0.04712, 0.04078, 0.03558, 0.03171, 0.02909, 0.02736, 0.02620, 0.02548 (0.02498)	KLD: 4.076, 3.554, 3.348, 2.767, 2.538, 2.036, 1.911, 1.626, 1.485, 1.197 (24.282)	Grad: 2015.0
[Epoch  77 (46.89s)]	ELBO (bits/dim): 2.68858, 2.84426, 2.97234, 3.05389, 3.11982, 3.16482, 3.19491, 3.21406, 3.22617, 3.23337 (3.23722)	Reconstruction error (/dim): 0.06501, 0.05534, 0.04708, 0.04075, 0.03552, 0.03169, 0.02907, 0.02735, 0.02619, 0.02545 (0.02504)	KLD: 4.082, 3.555, 3.352, 2.768, 2.538, 2.036, 1.913, 1.631, 1.481, 1.199 (24.364)	Grad: 2083.2
[Epoch  78 (46.49s)]	ELBO (bits/dim): 2.68870, 2.84444, 2.97245, 3.05377, 3.11960, 3.16461, 3.19470, 3.21391, 3.22611, 3.23307 (3.23903)	Reconstruction error (/dim): 0.06502, 0.05533, 0.04707, 0.04076, 0.03554, 0.03172, 0.02909, 0.02735, 0.02619, 0.02548 (0.02500)	KLD: 4.084, 3.555, 3.354, 2.773, 2.541, 2.034, 1.910, 1.626, 1.481, 1.197 (24.391)	Grad: 2195.7
[Epoch  79 (47.18s)]	ELBO (bits/dim): 2.68919, 2.84486, 2.97282, 3.05421, 3.11997, 3.16524, 3.19515, 3.21436, 3.22648, 3.23366 (3.23975)	Reconstruction error (/dim): 0.06499, 0.05530, 0.04704, 0.04073, 0.03553, 0.03167, 0.02905, 0.02731, 0.02615, 0.02543 (0.02506)	KLD: 4.091, 3.559, 3.349, 2.770, 2.543, 2.039, 1.911, 1.632, 1.491, 1.195 (24.373)	Grad: 2127.2
[Epoch  80 (46.96s)]	ELBO (bits/dim): 2.69001, 2.84575, 2.97342, 3.05469, 3.12063, 3.16575, 3.19562, 3.21474, 3.22683, 3.23390 (3.23865)	Reconstruction error (/dim): 0.06490, 0.05522, 0.04700, 0.04069, 0.03546, 0.03162, 0.02901, 0.02728, 0.02614, 0.02541 (0.02512)	KLD: 4.099, 3.561, 3.354, 2.772, 2.545, 2.033, 1.913, 1.629, 1.482, 1.197 (24.507)	Grad: 1950.5
[Epoch  81 (46.67s)]	ELBO (bits/dim): 2.69038, 2.84600, 2.97356, 3.05483, 3.12078, 3.16607, 3.19577, 3.21501, 3.22713, 3.23414 (3.23862)	Reconstruction error (/dim): 0.06488, 0.05520, 0.04699, 0.04068, 0.03545, 0.03160, 0.02900, 0.02727, 0.02611, 0.02541 (0.02517)	KLD: 4.097, 3.562, 3.360, 2.771, 2.547, 2.038, 1.910, 1.630, 1.488, 1.200 (24.429)	Grad: 2056.9
[Epoch  82 (46.37s)]	ELBO (bits/dim): 2.69098, 2.84666, 2.97406, 3.05501, 3.12093, 3.16610, 3.19591, 3.21513, 3.22720, 3.23434 (3.24172)	Reconstruction error (/dim): 0.06485, 0.05514, 0.04695, 0.04068, 0.03545, 0.03161, 0.02900, 0.02728, 0.02612, 0.02541 (0.02494)	KLD: 4.106, 3.564, 3.362, 2.771, 2.546, 2.037, 1.906, 1.630, 1.485, 1.184 (24.430)	Grad: 2027.5
[Epoch  83 (46.36s)]	ELBO (bits/dim): 2.69127, 2.84701, 2.97419, 3.05529, 3.12127, 3.16641, 3.19620, 3.21545, 3.22755, 3.23460 (3.23918)	Reconstruction error (/dim): 0.06486, 0.05515, 0.04694, 0.04065, 0.03543, 0.03159, 0.02899, 0.02726, 0.02610, 0.02537 (0.02520)	KLD: 4.109, 3.562, 3.362, 2.775, 2.550, 2.042, 1.907, 1.625, 1.487, 1.194 (24.535)	Grad: 2027.5
[Epoch  84 (46.52s)]	ELBO (bits/dim): 2.69156, 2.84743, 2.97458, 3.05552, 3.12153, 3.16669, 3.19642, 3.21566, 3.22772, 3.23485 (3.24016)	Reconstruction error (/dim): 0.06483, 0.05510, 0.04690, 0.04064, 0.03540, 0.03157, 0.02897, 0.02723, 0.02609, 0.02536 (0.02503)	KLD: 4.108, 3.563, 3.363, 2.780, 2.549, 2.038, 1.905, 1.631, 1.477, 1.198 (24.462)	Grad: 2180.7
[Epoch  85 (46.47s)]	ELBO (bits/dim): 2.69196, 2.84755, 2.97453, 3.05554, 3.12171, 3.16689, 3.19669, 3.21599, 3.22813, 3.23502 (3.24007)	Reconstruction error (/dim): 0.06479, 0.05508, 0.04691, 0.04064, 0.03539, 0.03155, 0.02894, 0.02722, 0.02605, 0.02536 (0.02507)	KLD: 4.115, 3.571, 3.365, 2.782, 2.549, 2.038, 1.902, 1.628, 1.481, 1.190 (24.495)	Grad: 2067.2
[Epoch  86 (46.78s)]	ELBO (bits/dim): 2.69269, 2.84848, 2.97540, 3.05630, 3.12233, 3.16748, 3.19706, 3.21630, 3.22845, 3.23549 (3.23941)	Reconstruction error (/dim): 0.06472, 0.05499, 0.04684, 0.04058, 0.03534, 0.03150, 0.02892, 0.02718, 0.02602, 0.02531 (0.02512)	KLD: 4.121, 3.568, 3.374, 2.780, 2.555, 2.039, 1.902, 1.631, 1.476, 1.192 (24.473)	Grad: 2066.2
[Epoch  87 (46.49s)]	ELBO (bits/dim): 2.69314, 2.84890, 2.97589, 3.05638, 3.12258, 3.16758, 3.19737, 3.21647, 3.22855, 3.23554 (3.24017)	Reconstruction error (/dim): 0.06471, 0.05498, 0.04680, 0.04058, 0.03534, 0.03151, 0.02890, 0.02719, 0.02603, 0.02532 (0.02502)	KLD: 4.124, 3.567, 3.368, 2.780, 2.550, 2.037, 1.902, 1.630, 1.480, 1.191 (24.613)	Grad: 2035.9
[Epoch  88 (46.55s)]	ELBO (bits/dim): 2.69322, 2.84886, 2.97541, 3.05600, 3.12227, 3.16744, 3.19711, 3.21621, 3.22825, 3.23523 (3.23867)	Reconstruction error (/dim): 0.06475, 0.05500, 0.04685, 0.04062, 0.03535, 0.03150, 0.02892, 0.02720, 0.02605, 0.02534 (0.02528)	KLD: 4.125, 3.571, 3.370, 2.784, 2.560, 2.043, 1.906, 1.630, 1.484, 1.197 (24.671)	Grad: 2203.2
[Epoch  89 (46.39s)]	ELBO (bits/dim): 2.69338, 2.84910, 2.97554, 3.05625, 3.12242, 3.16751, 3.19720, 3.21637, 3.22848, 3.23543 (3.24090)	Reconstruction error (/dim): 0.06468, 0.05494, 0.04684, 0.04059, 0.03535, 0.03150, 0.02892, 0.02719, 0.02603, 0.02533 (0.02510)	KLD: 4.124, 3.568, 3.376, 2.780, 2.553, 2.039, 1.902, 1.632, 1.476, 1.186 (24.293)	Grad: 2247.6
[Epoch  90 (46.47s)]	ELBO (bits/dim): 2.69392, 2.84983, 2.97618, 3.05690, 3.12296, 3.16809, 3.19771, 3.21680, 3.22886, 3.23593 (3.24082)	Reconstruction error (/dim): 0.06466, 0.05491, 0.04678, 0.04054, 0.03531, 0.03147, 0.02888, 0.02716, 0.02601, 0.02529 (0.02489)	KLD: 4.124, 3.574, 3.374, 2.784, 2.557, 2.036, 1.896, 1.623, 1.478, 1.190 (24.650)	Grad: 2112.1
[Epoch  91 (46.52s)]	ELBO (bits/dim): 2.69469, 2.85034, 2.97679, 3.05730, 3.12360, 3.16888, 3.19833, 3.21754, 3.22949, 3.23655 (3.24046)	Reconstruction error (/dim): 0.06461, 0.05487, 0.04676, 0.04052, 0.03526, 0.03140, 0.02883, 0.02711, 0.02595, 0.02524 (0.02481)	KLD: 4.132, 3.576, 3.377, 2.787, 2.563, 2.041, 1.900, 1.629, 1.476, 1.184 (24.945)	Grad: 2105.8
No improvement after 10 epochs...
Best epoch(s): [82]	Training time(s): 4260.63s (4260.63s)	Best ELBO (bits/dim): 3.23655 (3.24172)	Best reconstruction error (/dim): 0.07746 (0.06487)
Avg. mu: -0.043, 0.014, -0.032, 0.040, 0.013, -0.014, -0.050, -0.070, 0.028, -0.003
Avg. var: 0.001, 0.001, 0.002, 0.006, 0.008, 0.019, 0.027, 0.048, 0.061, 0.090
Max. mu: 4.634, 4.429, 4.097, 3.556, 3.552, 4.149, 6.439, 4.590, 4.486, 4.659
Max. var: 0.010, 0.033, 0.031, 0.059, 0.060, 0.092, 0.134, 0.334, 0.434, 0.355
Min. mu: -3.812, -4.183, -4.251, -4.407, -4.316, -5.368, -4.675, -4.729, -4.781, -10.489
Min. var: 0.000, 0.000, 0.000, 0.001, 0.001, 0.005, 0.003, 0.008, 0.005, 0.020
Cov. mu:
[[1.636 -0.710 0.583 0.095 -0.076 -0.069 -0.013 -0.009 -0.079 -0.089]
 [-0.710 1.114 -0.308 0.014 0.072 -0.043 0.074 -0.014 0.010 0.037]
 [0.583 -0.308 1.134 0.008 -0.056 0.023 0.057 0.000 -0.126 -0.088]
 [0.095 0.014 0.008 1.053 -0.040 0.017 0.056 0.054 -0.020 0.068]
 [-0.076 0.072 -0.056 -0.040 0.873 0.004 -0.017 -0.089 -0.012 0.101]
 [-0.069 -0.043 0.023 0.017 0.004 0.949 0.056 -0.031 0.003 0.015]
 [-0.013 0.074 0.057 0.056 -0.017 0.056 0.938 -0.029 -0.003 -0.018]
 [-0.009 -0.014 0.000 0.054 -0.089 -0.031 -0.029 0.955 -0.058 0.029]
 [-0.079 0.010 -0.126 -0.020 -0.012 0.003 -0.003 -0.058 0.946 0.046]
 [-0.089 0.037 -0.088 0.068 0.101 0.015 -0.018 0.029 0.046 0.857]]
