Encoder
=================================================================
Layer (type:depth-idx)                   Param #
=================================================================
Encoder                                  --
├─Linear: 1-1                            31,400
├─Linear: 1-2                            1,640
=================================================================
Total params: 33,040
Trainable params: 33,040
Non-trainable params: 0
=================================================================
Encoder to Latents 0
=================================================================
Layer (type:depth-idx)                   Param #
=================================================================
EncoderToLatents                         --
├─Linear: 1-1                            41
├─Linear: 1-2                            41
=================================================================
Total params: 82
Trainable params: 82
Non-trainable params: 0
=================================================================
Encoder to Latents 1
=================================================================
Layer (type:depth-idx)                   Param #
=================================================================
EncoderToLatents                         --
├─Linear: 1-1                            41
├─Linear: 1-2                            41
=================================================================
Total params: 82
Trainable params: 82
Non-trainable params: 0
=================================================================
Encoder to Latents 2
=================================================================
Layer (type:depth-idx)                   Param #
=================================================================
EncoderToLatents                         --
├─Linear: 1-1                            41
├─Linear: 1-2                            41
=================================================================
Total params: 82
Trainable params: 82
Non-trainable params: 0
=================================================================
Encoder to Latents 3
=================================================================
Layer (type:depth-idx)                   Param #
=================================================================
EncoderToLatents                         --
├─Linear: 1-1                            41
├─Linear: 1-2                            41
=================================================================
Total params: 82
Trainable params: 82
Non-trainable params: 0
=================================================================
Encoder to Latents 4
=================================================================
Layer (type:depth-idx)                   Param #
=================================================================
EncoderToLatents                         --
├─Linear: 1-1                            41
├─Linear: 1-2                            41
=================================================================
Total params: 82
Trainable params: 82
Non-trainable params: 0
=================================================================
Encoder to Latents 5
=================================================================
Layer (type:depth-idx)                   Param #
=================================================================
EncoderToLatents                         --
├─Linear: 1-1                            41
├─Linear: 1-2                            41
=================================================================
Total params: 82
Trainable params: 82
Non-trainable params: 0
=================================================================
Encoder to Latents 6
=================================================================
Layer (type:depth-idx)                   Param #
=================================================================
EncoderToLatents                         --
├─Linear: 1-1                            41
├─Linear: 1-2                            41
=================================================================
Total params: 82
Trainable params: 82
Non-trainable params: 0
=================================================================
Encoder to Latents 7
=================================================================
Layer (type:depth-idx)                   Param #
=================================================================
EncoderToLatents                         --
├─Linear: 1-1                            41
├─Linear: 1-2                            41
=================================================================
Total params: 82
Trainable params: 82
Non-trainable params: 0
=================================================================
Encoder to Latents 8
=================================================================
Layer (type:depth-idx)                   Param #
=================================================================
EncoderToLatents                         --
├─Linear: 1-1                            41
├─Linear: 1-2                            41
=================================================================
Total params: 82
Trainable params: 82
Non-trainable params: 0
=================================================================
Encoder to Latents 9
=================================================================
Layer (type:depth-idx)                   Param #
=================================================================
EncoderToLatents                         --
├─Linear: 1-1                            41
├─Linear: 1-2                            41
=================================================================
Total params: 82
Trainable params: 82
Non-trainable params: 0
=================================================================
Latents to Decoder 0
=================================================================
Layer (type:depth-idx)                   Param #
=================================================================
LatentsToDecoder                         --
├─Linear: 1-1                            80
=================================================================
Total params: 80
Trainable params: 80
Non-trainable params: 0
=================================================================
Latents to Decoder 1
=================================================================
Layer (type:depth-idx)                   Param #
=================================================================
LatentsToDecoder                         --
├─Linear: 1-1                            80
=================================================================
Total params: 80
Trainable params: 80
Non-trainable params: 0
=================================================================
Latents to Decoder 2
=================================================================
Layer (type:depth-idx)                   Param #
=================================================================
LatentsToDecoder                         --
├─Linear: 1-1                            80
=================================================================
Total params: 80
Trainable params: 80
Non-trainable params: 0
=================================================================
Latents to Decoder 3
=================================================================
Layer (type:depth-idx)                   Param #
=================================================================
LatentsToDecoder                         --
├─Linear: 1-1                            80
=================================================================
Total params: 80
Trainable params: 80
Non-trainable params: 0
=================================================================
Latents to Decoder 4
=================================================================
Layer (type:depth-idx)                   Param #
=================================================================
LatentsToDecoder                         --
├─Linear: 1-1                            80
=================================================================
Total params: 80
Trainable params: 80
Non-trainable params: 0
=================================================================
Latents to Decoder 5
=================================================================
Layer (type:depth-idx)                   Param #
=================================================================
LatentsToDecoder                         --
├─Linear: 1-1                            80
=================================================================
Total params: 80
Trainable params: 80
Non-trainable params: 0
=================================================================
Latents to Decoder 6
=================================================================
Layer (type:depth-idx)                   Param #
=================================================================
LatentsToDecoder                         --
├─Linear: 1-1                            80
=================================================================
Total params: 80
Trainable params: 80
Non-trainable params: 0
=================================================================
Latents to Decoder 7
=================================================================
Layer (type:depth-idx)                   Param #
=================================================================
LatentsToDecoder                         --
├─Linear: 1-1                            80
=================================================================
Total params: 80
Trainable params: 80
Non-trainable params: 0
=================================================================
Latents to Decoder 8
=================================================================
Layer (type:depth-idx)                   Param #
=================================================================
LatentsToDecoder                         --
├─Linear: 1-1                            80
=================================================================
Total params: 80
Trainable params: 80
Non-trainable params: 0
=================================================================
Latents to Decoder 9
=================================================================
Layer (type:depth-idx)                   Param #
=================================================================
LatentsToDecoder                         --
├─Linear: 1-1                            80
=================================================================
Total params: 80
Trainable params: 80
Non-trainable params: 0
=================================================================
Decoder
=================================================================
Layer (type:depth-idx)                   Param #
=================================================================
Decoder                                  --
├─Linear: 1-1                            1,640
├─Linear: 1-2                            32,144
=================================================================
Total params: 33,784
Trainable params: 33,784
Non-trainable params: 0
=================================================================
[Epoch   1 (121.62s)]	ELBO: 1084.862, 1196.074, 1221.059, 1234.206, 1240.668, 1242.596, 1244.074, 1244.339, 1244.825, 1243.459 (1309.258)	Log prob: 1145.099, 1204.425, 1223.402, 1236.860, 1241.717, 1243.498, 1244.645, 1244.697, 1245.055, 1243.855 (1375.490)	KLD: 60.236, 8.351, 2.342, 2.655, 1.049, 0.902, 0.572, 0.358, 0.230, 0.396 (66.232)	Grad: 0.239, 0.131, 0.113, 0.109, 0.105, 0.109, 0.117, 0.127, 0.136, 0.151
[Epoch   2 (124.39s)]	ELBO: 1299.954, 1387.385, 1396.623, 1397.779, 1398.458, 1398.246, 1398.085, 1398.051, 1397.780, 1397.280 (1380.782)	Log prob: 1332.175, 1394.681, 1397.269, 1398.243, 1398.604, 1398.422, 1398.249, 1398.173, 1397.899, 1397.591 (1411.483)	KLD: 32.220, 7.297, 0.647, 0.464, 0.145, 0.176, 0.163, 0.123, 0.120, 0.311 (30.700)	Grad: 0.162, 0.082, 0.069, 0.071, 0.070, 0.071, 0.075, 0.078, 0.082, 0.086
[Epoch   3 (101.64s)]	ELBO: 1332.171, 1405.292, 1420.521, 1429.235, 1432.414, 1433.913, 1434.459, 1434.611, 1434.592, 1434.509 (1441.545)	Log prob: 1348.654, 1409.980, 1422.960, 1430.989, 1433.058, 1434.465, 1434.605, 1434.851, 1434.713, 1434.725 (1469.803)	KLD: 16.483, 4.687, 2.439, 1.754, 0.645, 0.553, 0.146, 0.238, 0.123, 0.215 (28.258)	Grad: 0.158, 0.067, 0.057, 0.061, 0.061, 0.063, 0.066, 0.067, 0.069, 0.071
[Epoch   4 (101.70s)]	ELBO: 1350.962, 1409.994, 1459.950, 1465.536, 1485.040, 1488.968, 1489.858, 1490.225, 1490.321, 1490.343 (1486.698)	Log prob: 1361.053, 1413.298, 1465.256, 1466.411, 1487.648, 1489.714, 1489.978, 1490.443, 1490.422, 1490.521 (1505.466)	KLD: 10.091, 3.304, 5.308, 0.875, 2.607, 0.747, 0.120, 0.217, 0.101, 0.177 (18.768)	Grad: 0.174, 0.088, 0.050, 0.060, 0.058, 0.061, 0.063, 0.066, 0.067, 0.069
[Epoch   5 (108.38s)]	ELBO: 1373.246, 1419.938, 1475.824, 1495.335, 1512.862, 1517.630, 1518.979, 1519.615, 1520.008, 1520.080 (1514.984)	Log prob: 1379.877, 1422.709, 1479.148, 1497.649, 1515.010, 1518.583, 1519.259, 1520.149, 1520.147, 1520.248 (1534.396)	KLD: 6.632, 2.771, 3.324, 2.315, 2.147, 0.952, 0.281, 0.533, 0.140, 0.167 (19.412)	Grad: 0.191, 0.096, 0.049, 0.053, 0.053, 0.058, 0.058, 0.063, 0.063, 0.066
[Epoch   6 (78.64s)]	ELBO: 1385.610, 1434.257, 1492.083, 1524.492, 1533.158, 1540.142, 1543.874, 1544.771, 1545.482, 1545.784 (1541.356)	Log prob: 1390.315, 1436.987, 1495.196, 1528.014, 1534.489, 1541.478, 1545.017, 1545.266, 1545.776, 1546.195 (1560.089)	KLD: 4.707, 2.729, 3.113, 3.522, 1.330, 1.335, 1.143, 0.495, 0.293, 0.411 (18.732)	Grad: 0.239, 0.077, 0.048, 0.046, 0.054, 0.057, 0.055, 0.058, 0.060, 0.062
[Epoch   7 (66.94s)]	ELBO: 1392.933, 1445.446, 1501.137, 1535.727, 1555.771, 1562.581, 1565.346, 1566.320, 1567.105, 1567.805 (1557.438)	Log prob: 1396.926, 1448.356, 1504.306, 1538.880, 1557.644, 1564.015, 1566.224, 1566.587, 1567.807, 1568.147 (1576.093)	KLD: 3.993, 2.909, 3.171, 3.153, 1.873, 1.435, 0.877, 0.267, 0.703, 0.343 (18.655)	Grad: 0.230, 0.073, 0.053, 0.045, 0.050, 0.056, 0.052, 0.055, 0.058, 0.058
[Epoch   8 (71.26s)]	ELBO: 1395.814, 1454.381, 1508.495, 1545.646, 1569.237, 1576.031, 1581.713, 1583.460, 1584.266, 1584.837 (1575.607)	Log prob: 1399.551, 1457.457, 1511.567, 1548.552, 1571.227, 1577.531, 1582.804, 1583.947, 1584.801, 1585.222 (1594.511)	KLD: 3.738, 3.074, 3.072, 2.907, 1.991, 1.501, 1.092, 0.487, 0.533, 0.385 (18.904)	Grad: 0.318, 0.071, 0.052, 0.051, 0.050, 0.061, 0.054, 0.057, 0.060, 0.060
[Epoch   9 (84.27s)]	ELBO: 1397.450, 1459.996, 1513.663, 1553.624, 1576.639, 1584.734, 1595.958, 1597.820, 1599.135, 1600.329 (1589.548)	Log prob: 1401.034, 1463.197, 1516.586, 1556.389, 1578.621, 1586.276, 1597.560, 1598.256, 1599.979, 1600.855 (1609.487)	KLD: 3.583, 3.201, 2.923, 2.765, 1.982, 1.541, 1.602, 0.436, 0.844, 0.527 (19.939)	Grad: 0.291, 0.071, 0.053, 0.051, 0.051, 0.057, 0.053, 0.056, 0.059, 0.059
[Epoch  10 (91.17s)]	ELBO: 1398.245, 1463.434, 1517.914, 1558.598, 1580.389, 1590.875, 1605.036, 1607.379, 1609.524, 1611.314 (1597.014)	Log prob: 1401.764, 1466.657, 1520.802, 1561.239, 1582.336, 1592.457, 1606.799, 1607.967, 1610.575, 1612.081 (1616.766)	KLD: 3.520, 3.222, 2.888, 2.641, 1.945, 1.580, 1.763, 0.588, 1.050, 0.767 (19.751)	Grad: 0.419, 0.059, 0.060, 0.053, 0.052, 0.058, 0.057, 0.061, 0.062, 0.061
[Epoch  11 (99.45s)]	ELBO: 1399.823, 1466.650, 1522.066, 1563.320, 1584.146, 1598.507, 1610.861, 1614.547, 1617.576, 1619.412 (1602.937)	Log prob: 1403.354, 1469.823, 1524.922, 1565.920, 1586.070, 1600.178, 1612.525, 1615.465, 1618.725, 1620.265 (1623.619)	KLD: 3.531, 3.173, 2.855, 2.599, 1.924, 1.672, 1.663, 0.919, 1.151, 0.854 (20.681)	Grad: 0.360, 0.069, 0.062, 0.051, 0.049, 0.053, 0.055, 0.058, 0.059, 0.058
[Epoch  12 (98.22s)]	ELBO: 1400.536, 1468.662, 1525.633, 1565.849, 1585.890, 1604.168, 1614.090, 1618.807, 1622.560, 1624.585 (1608.309)	Log prob: 1404.072, 1471.864, 1528.523, 1568.419, 1587.823, 1606.073, 1615.612, 1619.932, 1623.798, 1625.442 (1629.932)	KLD: 3.536, 3.202, 2.890, 2.571, 1.933, 1.903, 1.522, 1.126, 1.236, 0.857 (21.623)	Grad: 0.393, 0.074, 0.061, 0.053, 0.050, 0.055, 0.058, 0.059, 0.061, 0.060
[Epoch  13 (93.87s)]	ELBO: 1401.501, 1472.278, 1530.334, 1568.353, 1587.916, 1607.907, 1617.849, 1623.068, 1627.265, 1629.567 (1612.977)	Log prob: 1405.027, 1475.555, 1533.249, 1570.880, 1589.852, 1609.898, 1619.402, 1624.297, 1628.501, 1630.481 (1633.903)	KLD: 3.526, 3.276, 2.915, 2.528, 1.937, 1.989, 1.553, 1.229, 1.237, 0.913 (20.926)	Grad: 0.372, 0.067, 0.071, 0.051, 0.049, 0.055, 0.057, 0.056, 0.059, 0.058
[Epoch  14 (67.21s)]	ELBO: 1401.762, 1474.827, 1534.572, 1570.170, 1589.602, 1610.432, 1620.526, 1625.943, 1630.505, 1633.025 (1615.942)	Log prob: 1405.267, 1478.177, 1537.515, 1572.636, 1591.533, 1612.398, 1622.092, 1627.201, 1631.759, 1633.980 (1637.205)	KLD: 3.505, 3.350, 2.943, 2.465, 1.932, 1.965, 1.569, 1.257, 1.255, 0.956 (21.263)	Grad: 0.458, 0.065, 0.071, 0.053, 0.052, 0.058, 0.061, 0.060, 0.063, 0.061
[Epoch  15 (68.83s)]	ELBO: 1403.191, 1477.727, 1538.900, 1572.019, 1591.757, 1612.869, 1623.299, 1628.863, 1633.863, 1636.609 (1618.017)	Log prob: 1406.707, 1481.109, 1541.862, 1574.473, 1593.735, 1614.814, 1624.882, 1630.116, 1635.134, 1637.576 (1639.535)	KLD: 3.516, 3.383, 2.962, 2.454, 1.978, 1.945, 1.583, 1.254, 1.270, 0.967 (21.518)	Grad: 0.356, 0.077, 0.071, 0.055, 0.050, 0.056, 0.058, 0.057, 0.059, 0.058
[Epoch  16 (78.73s)]	ELBO: 1404.397, 1480.079, 1542.295, 1573.240, 1593.069, 1614.368, 1624.639, 1630.468, 1635.908, 1638.902 (1621.231)	Log prob: 1407.872, 1483.438, 1545.255, 1575.680, 1595.059, 1616.295, 1626.251, 1631.741, 1637.208, 1639.935 (1642.594)	KLD: 3.476, 3.360, 2.960, 2.439, 1.990, 1.927, 1.611, 1.273, 1.298, 1.032 (21.363)	Grad: 0.323, 0.090, 0.079, 0.051, 0.050, 0.054, 0.057, 0.057, 0.059, 0.058
[Epoch  17 (84.95s)]	ELBO: 1405.746, 1481.518, 1545.421, 1574.686, 1594.153, 1615.373, 1625.676, 1631.849, 1637.635, 1641.009 (1621.948)	Log prob: 1409.134, 1484.892, 1548.412, 1577.093, 1596.158, 1617.282, 1627.294, 1633.144, 1638.946, 1642.116 (1643.398)	KLD: 3.388, 3.374, 2.992, 2.406, 2.004, 1.910, 1.618, 1.294, 1.310, 1.108 (21.450)	Grad: 0.268, 0.107, 0.075, 0.054, 0.051, 0.054, 0.058, 0.056, 0.058, 0.058
[Epoch  18 (83.15s)]	ELBO: 1406.937, 1483.401, 1547.577, 1575.528, 1594.872, 1615.678, 1625.867, 1632.659, 1638.738, 1642.433 (1622.653)	Log prob: 1410.204, 1486.774, 1550.567, 1577.937, 1596.909, 1617.593, 1627.500, 1633.989, 1640.058, 1643.626 (1643.957)	KLD: 3.269, 3.374, 2.989, 2.408, 2.037, 1.915, 1.632, 1.330, 1.321, 1.194 (21.304)	Grad: 0.252, 0.137, 0.084, 0.051, 0.051, 0.056, 0.061, 0.059, 0.060, 0.060
[Epoch  19 (64.65s)]	ELBO: 1408.275, 1484.297, 1549.102, 1575.832, 1595.084, 1615.196, 1625.231, 1632.907, 1638.924, 1643.160 (1620.697)	Log prob: 1411.442, 1487.672, 1552.099, 1578.245, 1597.128, 1617.107, 1626.880, 1634.295, 1640.281, 1644.424 (1642.471)	KLD: 3.166, 3.374, 2.997, 2.412, 2.046, 1.911, 1.648, 1.390, 1.356, 1.263 (21.774)	Grad: 0.225, 0.157, 0.074, 0.055, 0.053, 0.056, 0.065, 0.061, 0.063, 0.062
[Epoch  20 (64.44s)]	ELBO: 1409.772, 1483.893, 1549.295, 1575.365, 1594.768, 1613.814, 1623.463, 1632.289, 1638.048, 1642.581 (1620.724)	Log prob: 1412.887, 1487.261, 1552.313, 1577.777, 1596.844, 1615.721, 1625.104, 1633.744, 1639.425, 1643.874 (1642.552)	KLD: 3.115, 3.367, 3.019, 2.411, 2.076, 1.907, 1.641, 1.455, 1.377, 1.294 (21.828)	Grad: 0.204, 0.179, 0.084, 0.056, 0.054, 0.058, 0.069, 0.063, 0.066, 0.065
[Epoch  21 (75.75s)]	ELBO: 1410.390, 1483.499, 1549.913, 1575.796, 1595.935, 1613.767, 1623.240, 1633.013, 1638.358, 1642.949 (1623.259)	Log prob: 1413.503, 1486.872, 1552.947, 1578.211, 1598.060, 1615.660, 1624.873, 1634.531, 1639.738, 1644.233 (1645.677)	KLD: 3.112, 3.374, 3.034, 2.416, 2.126, 1.892, 1.632, 1.518, 1.380, 1.285 (22.418)	Grad: 0.223, 0.187, 0.083, 0.056, 0.056, 0.061, 0.072, 0.067, 0.068, 0.068
[Epoch  22 (78.71s)]	ELBO: 1411.456, 1484.506, 1550.712, 1576.426, 1597.576, 1614.454, 1623.792, 1633.860, 1639.313, 1644.100 (1623.501)	Log prob: 1414.595, 1487.901, 1553.763, 1578.855, 1599.745, 1616.333, 1625.431, 1635.402, 1640.672, 1645.368 (1645.626)	KLD: 3.137, 3.396, 3.050, 2.429, 2.168, 1.881, 1.639, 1.541, 1.359, 1.269 (22.125)	Grad: 0.202, 0.164, 0.095, 0.056, 0.057, 0.059, 0.069, 0.064, 0.066, 0.065
[Epoch  23 (94.79s)]	ELBO: 1412.782, 1485.446, 1551.490, 1576.992, 1599.216, 1615.336, 1624.614, 1634.677, 1639.863, 1644.583 (1621.277)	Log prob: 1415.949, 1488.861, 1554.550, 1579.425, 1601.436, 1617.193, 1626.245, 1636.234, 1641.198, 1645.842 (1643.314)	KLD: 3.167, 3.415, 3.060, 2.433, 2.220, 1.857, 1.631, 1.557, 1.335, 1.259 (22.037)	Grad: 0.205, 0.157, 0.102, 0.055, 0.057, 0.058, 0.068, 0.064, 0.066, 0.066
[Epoch  24 (90.57s)]	ELBO: 1414.083, 1485.362, 1551.482, 1576.822, 1599.638, 1615.628, 1625.294, 1635.178, 1640.253, 1645.348 (1625.186)	Log prob: 1417.309, 1488.796, 1554.578, 1579.273, 1601.895, 1617.498, 1626.969, 1636.744, 1641.544, 1646.639 (1647.781)	KLD: 3.225, 3.433, 3.095, 2.452, 2.257, 1.871, 1.673, 1.566, 1.292, 1.291 (22.595)	Grad: 0.242, 0.165, 0.108, 0.054, 0.061, 0.060, 0.075, 0.068, 0.070, 0.069
[Epoch  25 (87.30s)]	ELBO: 1415.649, 1485.345, 1551.772, 1577.052, 1599.956, 1615.818, 1625.969, 1635.761, 1641.042, 1646.344 (1625.879)	Log prob: 1418.933, 1488.746, 1554.898, 1579.515, 1602.255, 1617.711, 1627.667, 1637.325, 1642.350, 1647.629 (1648.406)	KLD: 3.285, 3.401, 3.126, 2.462, 2.298, 1.893, 1.698, 1.564, 1.306, 1.286 (22.527)	Grad: 0.222, 0.157, 0.092, 0.059, 0.067, 0.062, 0.076, 0.067, 0.071, 0.071
[Epoch  26 (87.17s)]	ELBO: 1416.865, 1485.160, 1552.083, 1577.309, 1600.602, 1616.439, 1626.503, 1636.225, 1641.508, 1647.388 (1627.243)	Log prob: 1420.149, 1488.554, 1555.196, 1579.743, 1602.927, 1618.296, 1628.218, 1637.792, 1642.848, 1648.664 (1649.379)	KLD: 3.285, 3.395, 3.113, 2.434, 2.328, 1.858, 1.716, 1.567, 1.338, 1.275 (22.137)	Grad: 0.216, 0.164, 0.099, 0.056, 0.068, 0.064, 0.079, 0.071, 0.076, 0.078
[Epoch  27 (90.66s)]	ELBO: 1418.432, 1484.366, 1551.086, 1576.023, 1599.661, 1615.703, 1626.401, 1635.859, 1641.411, 1647.514 (1626.265)	Log prob: 1421.771, 1487.704, 1554.230, 1578.457, 1602.002, 1617.571, 1628.135, 1637.430, 1642.748, 1648.811 (1648.916)	KLD: 3.339, 3.338, 3.144, 2.434, 2.341, 1.869, 1.732, 1.572, 1.336, 1.296 (22.651)	Grad: 0.232, 0.158, 0.104, 0.060, 0.065, 0.064, 0.081, 0.070, 0.075, 0.077
[Epoch  28 (91.83s)]	ELBO: 1420.323, 1484.504, 1551.110, 1575.727, 1599.372, 1615.088, 1626.296, 1635.641, 1641.332, 1647.369 (1624.295)	Log prob: 1423.729, 1487.812, 1554.215, 1578.165, 1601.734, 1616.953, 1628.064, 1637.204, 1642.721, 1648.653 (1646.450)	KLD: 3.406, 3.308, 3.106, 2.436, 2.362, 1.866, 1.767, 1.563, 1.389, 1.284 (22.155)	Grad: 0.215, 0.158, 0.107, 0.055, 0.069, 0.065, 0.084, 0.073, 0.080, 0.081
[Epoch  29 (74.63s)]	ELBO: 1422.105, 1485.142, 1551.350, 1575.810, 1599.328, 1615.034, 1626.959, 1636.255, 1642.427, 1648.770 (1627.778)	Log prob: 1425.559, 1488.446, 1554.451, 1578.233, 1601.707, 1616.907, 1628.757, 1637.833, 1643.840, 1650.067 (1649.969)	KLD: 3.453, 3.304, 3.102, 2.422, 2.379, 1.873, 1.798, 1.577, 1.413, 1.298 (22.191)	Grad: 0.203, 0.157, 0.108, 0.053, 0.069, 0.060, 0.074, 0.065, 0.072, 0.071
[Epoch  30 (74.33s)]	ELBO: 1423.142, 1486.715, 1552.580, 1577.236, 1600.574, 1615.789, 1627.932, 1637.215, 1643.438, 1649.820 (1626.628)	Log prob: 1426.616, 1490.043, 1555.717, 1579.667, 1602.972, 1617.655, 1629.728, 1638.776, 1644.900, 1651.141 (1649.763)	KLD: 3.474, 3.329, 3.138, 2.431, 2.400, 1.866, 1.795, 1.562, 1.461, 1.321 (23.135)	Grad: 0.186, 0.139, 0.106, 0.054, 0.070, 0.062, 0.075, 0.068, 0.074, 0.074
[Epoch  31 (73.96s)]	ELBO: 1423.887, 1487.901, 1551.585, 1576.008, 1599.649, 1615.275, 1627.886, 1636.740, 1643.295, 1649.949 (1629.699)	Log prob: 1427.409, 1491.204, 1554.722, 1578.418, 1602.023, 1617.174, 1629.683, 1638.309, 1644.755, 1651.276 (1652.010)	KLD: 3.523, 3.303, 3.138, 2.409, 2.375, 1.899, 1.797, 1.570, 1.460, 1.327 (22.311)	Grad: 0.187, 0.135, 0.103, 0.060, 0.071, 0.067, 0.081, 0.072, 0.080, 0.081
[Epoch  32 (73.49s)]	ELBO: 1424.943, 1489.504, 1552.547, 1576.999, 1601.015, 1616.553, 1629.510, 1638.094, 1644.604, 1651.182 (1629.425)	Log prob: 1428.543, 1492.828, 1555.692, 1579.389, 1603.425, 1618.480, 1631.291, 1639.648, 1646.047, 1652.550 (1652.208)	KLD: 3.600, 3.323, 3.145, 2.391, 2.410, 1.927, 1.781, 1.554, 1.444, 1.368 (22.782)	Grad: 0.198, 0.151, 0.108, 0.055, 0.071, 0.067, 0.074, 0.068, 0.077, 0.077
[Epoch  33 (75.32s)]	ELBO: 1426.130, 1491.438, 1553.360, 1577.747, 1601.944, 1617.596, 1630.831, 1639.067, 1645.595, 1652.233 (1629.867)	Log prob: 1429.776, 1494.763, 1556.501, 1580.116, 1604.354, 1619.531, 1632.600, 1640.622, 1647.039, 1653.583 (1652.785)	KLD: 3.647, 3.325, 3.140, 2.368, 2.412, 1.935, 1.768, 1.555, 1.444, 1.350 (22.917)	Grad: 0.183, 0.132, 0.104, 0.054, 0.066, 0.066, 0.071, 0.065, 0.072, 0.072
[Epoch  34 (76.90s)]	ELBO: 1427.022, 1492.268, 1552.755, 1576.765, 1601.189, 1617.420, 1630.836, 1639.153, 1645.898, 1652.523 (1627.775)	Log prob: 1430.719, 1495.582, 1555.889, 1579.117, 1603.614, 1619.384, 1632.609, 1640.685, 1647.356, 1653.882 (1651.387)	KLD: 3.697, 3.314, 3.134, 2.352, 2.425, 1.964, 1.772, 1.532, 1.459, 1.359 (23.612)	Grad: 0.197, 0.134, 0.099, 0.058, 0.073, 0.071, 0.078, 0.073, 0.081, 0.080
[Epoch  35 (76.66s)]	ELBO: 1427.997, 1493.150, 1552.960, 1576.635, 1601.064, 1617.393, 1631.179, 1639.483, 1646.626, 1652.708 (1628.302)	Log prob: 1431.728, 1496.465, 1556.096, 1578.984, 1603.488, 1619.366, 1632.978, 1640.998, 1648.106, 1654.077 (1651.236)	KLD: 3.731, 3.315, 3.136, 2.350, 2.426, 1.972, 1.799, 1.517, 1.481, 1.369 (22.934)	Grad: 0.201, 0.139, 0.095, 0.061, 0.077, 0.072, 0.078, 0.072, 0.082, 0.082
[Epoch  36 (74.27s)]	ELBO: 1429.484, 1493.601, 1552.527, 1575.783, 1600.377, 1616.903, 1630.866, 1639.638, 1647.171, 1652.795 (1628.145)	Log prob: 1433.296, 1496.911, 1555.660, 1578.115, 1602.806, 1618.875, 1632.655, 1641.152, 1648.687, 1654.130 (1651.870)	KLD: 3.812, 3.310, 3.133, 2.332, 2.429, 1.972, 1.789, 1.514, 1.516, 1.336 (23.725)	Grad: 0.201, 0.145, 0.092, 0.062, 0.075, 0.070, 0.073, 0.068, 0.077, 0.077
[Epoch  37 (75.73s)]	ELBO: 1431.189, 1494.802, 1552.662, 1575.679, 1599.672, 1616.587, 1630.724, 1639.727, 1647.747, 1653.182 (1629.778)	Log prob: 1435.106, 1498.098, 1555.799, 1578.013, 1602.096, 1618.584, 1632.508, 1641.243, 1649.298, 1654.516 (1652.838)	KLD: 3.916, 3.296, 3.137, 2.336, 2.424, 1.997, 1.783, 1.516, 1.553, 1.333 (23.060)	Grad: 0.197, 0.137, 0.091, 0.059, 0.074, 0.070, 0.071, 0.071, 0.078, 0.078
[Epoch  38 (77.04s)]	ELBO: 1432.566, 1496.184, 1553.755, 1576.329, 1600.065, 1617.144, 1631.275, 1640.394, 1648.501, 1653.860 (1632.273)	Log prob: 1436.535, 1499.497, 1556.893, 1578.657, 1602.499, 1619.161, 1633.058, 1641.905, 1650.057, 1655.172 (1655.280)	KLD: 3.969, 3.313, 3.138, 2.328, 2.433, 2.017, 1.782, 1.512, 1.557, 1.311 (23.007)	Grad: 0.190, 0.151, 0.094, 0.058, 0.073, 0.070, 0.076, 0.070, 0.079, 0.079
[Epoch  39 (77.78s)]	ELBO: 1433.853, 1497.641, 1555.341, 1577.745, 1601.053, 1617.844, 1631.793, 1640.845, 1648.668, 1654.041 (1629.940)	Log prob: 1437.922, 1501.002, 1558.487, 1580.046, 1603.509, 1619.854, 1633.564, 1642.345, 1650.194, 1655.366 (1653.120)	KLD: 4.068, 3.360, 3.146, 2.301, 2.456, 2.011, 1.772, 1.499, 1.526, 1.326 (23.181)	Grad: 0.190, 0.147, 0.097, 0.059, 0.075, 0.072, 0.073, 0.070, 0.078, 0.077
[Epoch  40 (78.27s)]	ELBO: 1435.893, 1499.356, 1556.893, 1578.999, 1601.698, 1618.161, 1631.908, 1641.182, 1648.820, 1654.312 (1633.639)	Log prob: 1440.025, 1502.726, 1560.070, 1581.296, 1604.128, 1620.173, 1633.697, 1642.668, 1650.331, 1655.657 (1656.586)	KLD: 4.131, 3.369, 3.177, 2.297, 2.429, 2.012, 1.787, 1.488, 1.511, 1.346 (22.947)	Grad: 0.174, 0.139, 0.088, 0.064, 0.075, 0.068, 0.073, 0.070, 0.077, 0.078
[Epoch  41 (83.54s)]	ELBO: 1437.385, 1500.643, 1557.543, 1579.478, 1601.659, 1618.224, 1632.060, 1641.589, 1649.159, 1654.594 (1632.136)	Log prob: 1441.569, 1504.025, 1560.698, 1581.774, 1604.083, 1620.260, 1633.866, 1643.084, 1650.641, 1655.899 (1655.338)	KLD: 4.184, 3.383, 3.155, 2.297, 2.423, 2.035, 1.806, 1.496, 1.482, 1.306 (23.202)	Grad: 0.177, 0.148, 0.093, 0.057, 0.072, 0.069, 0.071, 0.069, 0.075, 0.075
[Epoch  42 (81.62s)]	ELBO: 1438.946, 1501.697, 1558.135, 1579.979, 1601.481, 1618.352, 1631.936, 1641.543, 1648.927, 1654.559 (1631.899)	Log prob: 1443.046, 1505.083, 1561.324, 1582.261, 1603.916, 1620.394, 1633.744, 1643.047, 1650.413, 1655.900 (1655.245)	KLD: 4.099, 3.386, 3.191, 2.282, 2.436, 2.042, 1.808, 1.503, 1.485, 1.342 (23.346)	Grad: 0.178, 0.139, 0.097, 0.064, 0.072, 0.068, 0.071, 0.071, 0.079, 0.080
[Epoch  43 (80.02s)]	ELBO: 1441.343, 1503.831, 1558.722, 1580.566, 1601.248, 1618.499, 1631.987, 1641.743, 1649.124, 1654.679 (1633.966)	Log prob: 1445.427, 1507.219, 1561.926, 1582.879, 1603.696, 1620.551, 1633.785, 1643.243, 1650.605, 1656.008 (1657.963)	KLD: 4.083, 3.388, 3.205, 2.313, 2.448, 2.051, 1.798, 1.500, 1.482, 1.329 (23.997)	Grad: 0.174, 0.145, 0.103, 0.060, 0.076, 0.070, 0.074, 0.075, 0.080, 0.084
[Epoch  44 (75.71s)]	ELBO: 1443.317, 1506.187, 1559.860, 1581.791, 1602.214, 1619.437, 1632.878, 1642.627, 1649.957, 1655.644 (1628.860)	Log prob: 1447.449, 1509.610, 1563.061, 1584.119, 1604.642, 1621.488, 1634.655, 1644.127, 1651.429, 1656.947 (1652.175)	KLD: 4.132, 3.425, 3.201, 2.329, 2.428, 2.051, 1.778, 1.500, 1.473, 1.303 (23.315)	Grad: 0.172, 0.138, 0.094, 0.061, 0.074, 0.063, 0.068, 0.068, 0.073, 0.074
[Epoch  45 (68.81s)]	ELBO: 1445.569, 1508.322, 1560.839, 1583.141, 1603.219, 1620.357, 1633.566, 1643.356, 1650.698, 1656.288 (1631.482)	Log prob: 1449.789, 1511.734, 1564.042, 1585.473, 1605.634, 1622.381, 1635.336, 1644.857, 1652.173, 1657.597 (1654.676)	KLD: 4.220, 3.412, 3.202, 2.332, 2.415, 2.024, 1.768, 1.503, 1.476, 1.309 (23.194)	Grad: 0.166, 0.137, 0.111, 0.055, 0.067, 0.063, 0.066, 0.066, 0.071, 0.073
[Epoch  46 (69.25s)]	ELBO: 1447.629, 1510.274, 1561.220, 1583.100, 1602.645, 1620.219, 1633.383, 1643.323, 1650.643, 1656.314 (1634.813)	Log prob: 1451.955, 1513.668, 1564.430, 1585.433, 1605.045, 1622.269, 1635.158, 1644.832, 1652.107, 1657.621 (1658.322)	KLD: 4.325, 3.395, 3.210, 2.333, 2.401, 2.049, 1.775, 1.510, 1.463, 1.308 (23.509)	Grad: 0.165, 0.130, 0.098, 0.058, 0.068, 0.065, 0.068, 0.068, 0.073, 0.076
[Epoch  47 (69.56s)]	ELBO: 1449.240, 1511.596, 1559.941, 1581.733, 1600.487, 1618.715, 1631.945, 1641.560, 1649.106, 1654.963 (1634.041)	Log prob: 1453.673, 1514.994, 1563.155, 1584.049, 1602.859, 1620.779, 1633.688, 1643.096, 1650.575, 1656.268 (1657.803)	KLD: 4.433, 3.398, 3.213, 2.315, 2.373, 2.064, 1.743, 1.536, 1.470, 1.305 (23.761)	Grad: 0.162, 0.129, 0.099, 0.063, 0.067, 0.063, 0.066, 0.066, 0.070, 0.072
[Epoch  48 (70.71s)]	ELBO: 1450.662, 1512.771, 1560.732, 1583.094, 1601.449, 1619.646, 1632.979, 1642.682, 1650.295, 1656.052 (1634.438)	Log prob: 1455.226, 1516.147, 1563.928, 1585.421, 1603.799, 1621.705, 1634.728, 1644.197, 1651.762, 1657.386 (1658.490)	KLD: 4.564, 3.377, 3.196, 2.329, 2.349, 2.058, 1.750, 1.515, 1.466, 1.334 (24.052)	Grad: 0.174, 0.130, 0.110, 0.060, 0.068, 0.063, 0.066, 0.067, 0.071, 0.073
[Epoch  49 (68.00s)]	ELBO: 1452.073, 1514.240, 1562.096, 1584.370, 1602.383, 1620.502, 1633.576, 1642.990, 1650.640, 1656.534 (1634.600)	Log prob: 1456.640, 1517.614, 1565.292, 1586.724, 1604.743, 1622.561, 1635.295, 1644.497, 1652.099, 1657.874 (1658.387)	KLD: 4.568, 3.374, 3.194, 2.355, 2.360, 2.060, 1.719, 1.508, 1.458, 1.339 (23.786)	Grad: 0.173, 0.125, 0.111, 0.063, 0.069, 0.064, 0.067, 0.070, 0.074, 0.077
[Epoch  50 (53.44s)]	ELBO: 1453.888, 1515.443, 1562.732, 1585.218, 1603.219, 1620.756, 1633.699, 1643.403, 1651.048, 1656.987 (1634.622)	Log prob: 1458.526, 1518.798, 1565.914, 1587.598, 1605.554, 1622.795, 1635.440, 1644.916, 1652.514, 1658.337 (1658.815)	KLD: 4.639, 3.355, 3.182, 2.380, 2.334, 2.039, 1.741, 1.512, 1.465, 1.349 (24.193)	Grad: 0.167, 0.127, 0.107, 0.063, 0.068, 0.065, 0.067, 0.069, 0.073, 0.074
[Epoch  51 (52.63s)]	ELBO: 1455.104, 1516.867, 1563.218, 1585.824, 1603.999, 1621.609, 1634.489, 1643.946, 1651.494, 1657.443 (1636.657)	Log prob: 1459.770, 1520.228, 1566.395, 1588.218, 1606.331, 1623.636, 1636.228, 1645.464, 1652.940, 1658.809 (1660.662)	KLD: 4.666, 3.360, 3.177, 2.395, 2.333, 2.027, 1.738, 1.518, 1.446, 1.367 (24.005)	Grad: 0.170, 0.124, 0.097, 0.064, 0.064, 0.060, 0.064, 0.064, 0.067, 0.069
[Epoch  52 (60.70s)]	ELBO: 1456.159, 1517.875, 1564.191, 1587.057, 1605.047, 1622.785, 1635.290, 1644.721, 1652.335, 1658.245 (1637.132)	Log prob: 1460.845, 1521.253, 1567.403, 1589.450, 1607.380, 1624.808, 1637.008, 1646.236, 1653.805, 1659.601 (1660.742)	KLD: 4.685, 3.378, 3.212, 2.394, 2.333, 2.023, 1.716, 1.515, 1.469, 1.357 (23.610)	Grad: 0.170, 0.123, 0.094, 0.064, 0.065, 0.063, 0.067, 0.067, 0.071, 0.073
[Epoch  53 (55.71s)]	ELBO: 1457.207, 1518.840, 1564.870, 1587.997, 1605.885, 1623.529, 1635.610, 1644.765, 1652.181, 1658.333 (1637.038)	Log prob: 1461.903, 1522.230, 1568.065, 1590.388, 1608.231, 1625.545, 1637.323, 1646.263, 1653.616, 1659.710 (1660.987)	KLD: 4.696, 3.390, 3.195, 2.391, 2.345, 2.017, 1.715, 1.497, 1.436, 1.376 (23.949)	Grad: 0.176, 0.121, 0.098, 0.066, 0.064, 0.062, 0.063, 0.067, 0.071, 0.072
[Epoch  54 (50.76s)]	ELBO: 1458.040, 1519.446, 1564.909, 1588.353, 1606.372, 1623.637, 1635.892, 1645.130, 1652.575, 1658.845 (1638.376)	Log prob: 1462.734, 1522.843, 1568.114, 1590.795, 1608.703, 1625.668, 1637.605, 1646.609, 1654.037, 1660.243 (1662.456)	KLD: 4.695, 3.396, 3.203, 2.441, 2.331, 2.032, 1.713, 1.480, 1.462, 1.399 (24.080)	Grad: 0.175, 0.121, 0.098, 0.063, 0.063, 0.062, 0.063, 0.065, 0.069, 0.073
[Epoch  55 (49.15s)]	ELBO: 1459.266, 1520.483, 1565.914, 1589.522, 1607.514, 1624.647, 1636.609, 1645.703, 1653.445, 1659.557 (1638.707)	Log prob: 1463.958, 1523.861, 1569.131, 1591.967, 1609.839, 1626.677, 1638.313, 1647.173, 1654.895, 1660.944 (1662.858)	KLD: 4.692, 3.378, 3.217, 2.446, 2.326, 2.030, 1.705, 1.470, 1.451, 1.387 (24.151)	Grad: 0.168, 0.119, 0.086, 0.064, 0.061, 0.061, 0.063, 0.063, 0.068, 0.068
[Epoch  56 (48.15s)]	ELBO: 1459.959, 1520.922, 1565.291, 1588.667, 1606.388, 1623.977, 1635.726, 1645.064, 1652.756, 1658.986 (1637.381)	Log prob: 1464.663, 1524.285, 1568.504, 1591.134, 1608.730, 1626.009, 1637.425, 1646.547, 1654.193, 1660.397 (1661.263)	KLD: 4.703, 3.363, 3.215, 2.467, 2.342, 2.032, 1.699, 1.483, 1.437, 1.411 (23.881)	Grad: 0.173, 0.117, 0.094, 0.067, 0.059, 0.063, 0.065, 0.065, 0.069, 0.070
[Epoch  57 (48.48s)]	ELBO: 1460.869, 1522.601, 1566.237, 1589.809, 1607.482, 1624.632, 1636.288, 1645.707, 1653.565, 1659.656 (1637.786)	Log prob: 1465.586, 1525.986, 1569.457, 1592.275, 1609.820, 1626.655, 1637.984, 1647.195, 1655.021, 1661.051 (1662.070)	KLD: 4.718, 3.385, 3.220, 2.465, 2.339, 2.022, 1.697, 1.487, 1.456, 1.394 (24.284)	Grad: 0.178, 0.108, 0.095, 0.062, 0.060, 0.062, 0.063, 0.062, 0.067, 0.069
[Epoch  58 (50.05s)]	ELBO: 1461.595, 1523.623, 1566.978, 1590.403, 1608.031, 1624.929, 1636.768, 1646.254, 1653.980, 1660.064 (1639.705)	Log prob: 1466.344, 1527.020, 1570.210, 1592.887, 1610.379, 1626.967, 1638.464, 1647.737, 1655.414, 1661.464 (1663.936)	KLD: 4.749, 3.397, 3.231, 2.484, 2.347, 2.038, 1.696, 1.482, 1.434, 1.402 (24.231)	Grad: 0.177, 0.117, 0.091, 0.065, 0.061, 0.064, 0.066, 0.066, 0.071, 0.073
[Epoch  59 (49.34s)]	ELBO: 1461.987, 1523.964, 1566.827, 1590.391, 1607.964, 1624.379, 1636.379, 1646.290, 1654.300, 1660.381 (1638.251)	Log prob: 1466.750, 1527.371, 1570.068, 1592.884, 1610.316, 1626.415, 1638.072, 1647.785, 1655.749, 1661.771 (1662.359)	KLD: 4.763, 3.407, 3.240, 2.492, 2.352, 2.037, 1.693, 1.495, 1.450, 1.390 (24.108)	Grad: 0.183, 0.119, 0.093, 0.064, 0.063, 0.064, 0.065, 0.066, 0.070, 0.071
[Epoch  60 (50.80s)]	ELBO: 1462.815, 1525.694, 1568.335, 1591.767, 1609.422, 1625.578, 1637.267, 1646.942, 1654.925, 1660.970 (1636.237)	Log prob: 1467.601, 1529.096, 1571.569, 1594.256, 1611.797, 1627.606, 1638.951, 1648.430, 1656.357, 1662.354 (1661.134)	KLD: 4.785, 3.402, 3.234, 2.489, 2.374, 2.027, 1.685, 1.487, 1.432, 1.385 (24.897)	Grad: 0.187, 0.116, 0.089, 0.064, 0.061, 0.064, 0.066, 0.067, 0.072, 0.073
[Epoch  61 (52.37s)]	ELBO: 1462.933, 1526.142, 1567.941, 1591.577, 1609.564, 1625.173, 1637.045, 1646.704, 1654.747, 1660.969 (1638.805)	Log prob: 1467.752, 1529.573, 1571.152, 1594.086, 1611.937, 1627.203, 1638.717, 1648.192, 1656.179, 1662.358 (1663.466)	KLD: 4.819, 3.431, 3.210, 2.507, 2.372, 2.029, 1.671, 1.487, 1.431, 1.388 (24.662)	Grad: 0.186, 0.116, 0.086, 0.067, 0.062, 0.064, 0.066, 0.066, 0.071, 0.071
[Epoch  62 (52.10s)]	ELBO: 1463.573, 1527.004, 1568.330, 1592.115, 1609.974, 1625.374, 1637.407, 1646.970, 1654.981, 1660.942 (1638.894)	Log prob: 1468.443, 1530.452, 1571.559, 1594.627, 1612.366, 1627.400, 1639.078, 1648.451, 1656.416, 1662.322 (1663.659)	KLD: 4.870, 3.448, 3.228, 2.512, 2.390, 2.026, 1.671, 1.481, 1.435, 1.380 (24.764)	Grad: 0.181, 0.129, 0.090, 0.064, 0.063, 0.067, 0.067, 0.069, 0.073, 0.074
[Epoch  63 (50.42s)]	ELBO: 1464.223, 1528.452, 1569.142, 1592.931, 1610.876, 1626.031, 1638.031, 1647.473, 1655.561, 1661.476 (1635.522)	Log prob: 1469.178, 1531.946, 1572.342, 1595.460, 1613.262, 1628.047, 1639.684, 1648.952, 1656.986, 1662.852 (1659.957)	KLD: 4.955, 3.493, 3.199, 2.530, 2.386, 2.016, 1.652, 1.480, 1.426, 1.375 (24.435)	Grad: 0.174, 0.128, 0.091, 0.067, 0.061, 0.068, 0.066, 0.068, 0.072, 0.074
[Epoch  64 (49.48s)]	ELBO: 1464.421, 1528.791, 1568.918, 1592.646, 1610.636, 1625.887, 1638.204, 1647.786, 1655.911, 1662.048 (1637.594)	Log prob: 1469.371, 1532.304, 1572.146, 1595.208, 1613.023, 1627.887, 1639.854, 1649.272, 1657.363, 1663.436 (1661.896)	KLD: 4.949, 3.513, 3.226, 2.563, 2.388, 2.001, 1.650, 1.484, 1.452, 1.389 (24.302)	Grad: 0.173, 0.130, 0.091, 0.067, 0.061, 0.065, 0.064, 0.066, 0.070, 0.071
[Epoch  65 (49.49s)]	ELBO: 1465.099, 1529.800, 1569.410, 1593.156, 1611.274, 1626.256, 1638.481, 1648.145, 1656.247, 1662.486 (1641.296)	Log prob: 1470.020, 1533.337, 1572.635, 1595.721, 1613.672, 1628.256, 1640.142, 1649.635, 1657.694, 1663.856 (1665.584)	KLD: 4.922, 3.537, 3.225, 2.565, 2.398, 1.999, 1.660, 1.490, 1.448, 1.372 (24.288)	Grad: 0.178, 0.119, 0.089, 0.067, 0.061, 0.064, 0.066, 0.067, 0.071, 0.073
[Epoch  66 (50.26s)]	ELBO: 1465.499, 1530.926, 1569.761, 1593.526, 1611.636, 1626.746, 1638.978, 1648.778, 1656.946, 1662.990 (1639.811)	Log prob: 1470.427, 1534.460, 1572.993, 1596.109, 1614.022, 1628.724, 1640.635, 1650.268, 1658.381, 1664.370 (1664.876)	KLD: 4.929, 3.534, 3.231, 2.585, 2.386, 1.979, 1.658, 1.491, 1.436, 1.379 (25.065)	Grad: 0.174, 0.107, 0.089, 0.061, 0.062, 0.060, 0.063, 0.064, 0.066, 0.067
[Epoch  67 (47.56s)]	ELBO: 1465.321, 1531.430, 1569.209, 1592.934, 1611.073, 1626.361, 1638.611, 1648.478, 1656.517, 1662.608 (1639.898)	Log prob: 1470.280, 1534.986, 1572.440, 1595.530, 1613.477, 1628.349, 1640.288, 1650.000, 1657.961, 1663.987 (1664.781)	KLD: 4.960, 3.556, 3.231, 2.596, 2.404, 1.988, 1.677, 1.522, 1.445, 1.378 (24.883)	Grad: 0.182, 0.105, 0.090, 0.067, 0.062, 0.063, 0.064, 0.067, 0.072, 0.073
[Epoch  68 (39.17s)]	ELBO: 1465.535, 1531.774, 1568.830, 1592.860, 1611.082, 1626.210, 1638.398, 1648.333, 1656.370, 1662.559 (1639.365)	Log prob: 1470.473, 1535.335, 1572.065, 1595.475, 1613.463, 1628.201, 1640.052, 1649.855, 1657.812, 1663.926 (1663.833)	KLD: 4.939, 3.560, 3.234, 2.615, 2.380, 1.991, 1.653, 1.521, 1.442, 1.367 (24.467)	Grad: 0.180, 0.114, 0.092, 0.069, 0.062, 0.063, 0.064, 0.067, 0.071, 0.072
[Epoch  69 (38.99s)]	ELBO: 1465.795, 1532.111, 1568.864, 1592.881, 1611.198, 1626.511, 1638.604, 1648.673, 1656.676, 1662.899 (1639.698)	Log prob: 1470.709, 1535.692, 1572.093, 1595.517, 1613.585, 1628.476, 1640.263, 1650.215, 1658.115, 1664.286 (1664.218)	KLD: 4.915, 3.580, 3.229, 2.636, 2.387, 1.965, 1.660, 1.542, 1.439, 1.386 (24.520)	Grad: 0.171, 0.110, 0.098, 0.064, 0.061, 0.063, 0.063, 0.066, 0.069, 0.069
[Epoch  70 (40.36s)]	ELBO: 1465.945, 1532.521, 1569.248, 1593.453, 1611.922, 1626.907, 1638.890, 1649.147, 1657.318, 1663.547 (1640.885)	Log prob: 1470.868, 1536.081, 1572.467, 1596.116, 1614.312, 1628.860, 1640.565, 1650.690, 1658.764, 1664.914 (1665.631)	KLD: 4.925, 3.560, 3.220, 2.662, 2.389, 1.953, 1.675, 1.545, 1.444, 1.365 (24.746)	Grad: 0.171, 0.111, 0.088, 0.068, 0.061, 0.063, 0.064, 0.067, 0.070, 0.070
[Epoch  71 (39.26s)]	ELBO: 1466.379, 1532.762, 1569.052, 1593.219, 1611.885, 1626.806, 1638.749, 1649.096, 1657.183, 1663.574 (1640.041)	Log prob: 1471.331, 1536.312, 1572.248, 1595.867, 1614.267, 1628.735, 1640.418, 1650.632, 1658.628, 1664.932 (1664.788)	KLD: 4.953, 3.551, 3.195, 2.647, 2.384, 1.929, 1.669, 1.537, 1.446, 1.359 (24.747)	Grad: 0.181, 0.107, 0.090, 0.062, 0.064, 0.062, 0.064, 0.065, 0.069, 0.069
[Epoch  72 (38.92s)]	ELBO: 1466.407, 1533.256, 1568.294, 1592.271, 1611.124, 1625.787, 1637.682, 1647.981, 1655.973, 1662.351 (1634.582)	Log prob: 1471.400, 1536.835, 1571.425, 1594.945, 1613.514, 1627.707, 1639.341, 1649.522, 1657.424, 1663.712 (1659.577)	KLD: 4.991, 3.579, 3.131, 2.674, 2.390, 1.920, 1.660, 1.543, 1.451, 1.362 (24.995)	Grad: 0.169, 0.112, 0.090, 0.066, 0.066, 0.062, 0.066, 0.068, 0.072, 0.074
[Epoch  73 (38.71s)]	ELBO: 1466.268, 1533.372, 1568.640, 1592.187, 1611.038, 1625.926, 1637.875, 1648.191, 1656.005, 1662.161 (1640.240)	Log prob: 1471.270, 1536.954, 1571.805, 1594.855, 1613.429, 1627.827, 1639.541, 1649.729, 1657.461, 1663.511 (1664.569)	KLD: 5.002, 3.582, 3.165, 2.668, 2.391, 1.899, 1.665, 1.539, 1.456, 1.349 (24.329)	Grad: 0.171, 0.113, 0.089, 0.070, 0.066, 0.064, 0.066, 0.069, 0.073, 0.073
[Epoch  74 (39.32s)]	ELBO: 1466.351, 1533.169, 1568.499, 1592.140, 1611.036, 1625.882, 1637.801, 1648.080, 1656.117, 1662.417 (1639.479)	Log prob: 1471.389, 1536.772, 1571.644, 1594.823, 1613.438, 1627.771, 1639.474, 1649.627, 1657.569, 1663.767 (1664.452)	KLD: 5.037, 3.603, 3.144, 2.682, 2.402, 1.889, 1.674, 1.545, 1.452, 1.350 (24.973)	Grad: 0.170, 0.120, 0.092, 0.067, 0.067, 0.065, 0.068, 0.072, 0.075, 0.074
[Epoch  75 (38.62s)]	ELBO: 1466.456, 1533.453, 1568.698, 1592.137, 1610.971, 1625.903, 1637.725, 1648.023, 1655.885, 1662.010 (1639.643)	Log prob: 1471.459, 1537.080, 1571.872, 1594.800, 1613.363, 1627.772, 1639.390, 1649.572, 1657.338, 1663.343 (1663.931)	KLD: 5.002, 3.626, 3.175, 2.664, 2.391, 1.868, 1.665, 1.549, 1.452, 1.332 (24.288)	Grad: 0.173, 0.119, 0.088, 0.069, 0.069, 0.065, 0.070, 0.073, 0.078, 0.077
[Epoch  76 (38.74s)]	ELBO: 1466.804, 1534.542, 1569.227, 1592.817, 1611.628, 1626.268, 1638.291, 1648.615, 1656.541, 1662.644 (1639.963)	Log prob: 1471.729, 1538.171, 1572.407, 1595.483, 1614.021, 1628.168, 1639.977, 1650.154, 1657.991, 1663.971 (1664.677)	KLD: 4.925, 3.630, 3.181, 2.665, 2.392, 1.901, 1.686, 1.541, 1.452, 1.328 (24.714)	Grad: 0.173, 0.115, 0.086, 0.066, 0.067, 0.065, 0.068, 0.070, 0.074, 0.073
[Epoch  77 (38.61s)]	ELBO: 1467.211, 1535.038, 1569.488, 1593.338, 1612.102, 1626.760, 1638.833, 1649.149, 1657.063, 1662.847 (1639.668)	Log prob: 1472.167, 1538.664, 1572.680, 1596.010, 1614.505, 1628.647, 1640.507, 1650.685, 1658.507, 1664.146 (1663.869)	KLD: 4.956, 3.627, 3.191, 2.672, 2.404, 1.887, 1.674, 1.536, 1.441, 1.300 (24.201)	Grad: 0.170, 0.120, 0.087, 0.067, 0.068, 0.062, 0.064, 0.066, 0.071, 0.071
[Epoch  78 (38.38s)]	ELBO: 1467.323, 1535.432, 1569.497, 1593.364, 1611.984, 1626.571, 1638.467, 1648.783, 1656.736, 1662.572 (1638.555)	Log prob: 1472.242, 1539.075, 1572.694, 1596.040, 1614.399, 1628.451, 1640.149, 1650.316, 1658.189, 1663.870 (1662.832)	KLD: 4.919, 3.644, 3.197, 2.676, 2.415, 1.879, 1.682, 1.532, 1.453, 1.296 (24.277)	Grad: 0.169, 0.113, 0.098, 0.062, 0.069, 0.064, 0.067, 0.069, 0.075, 0.074
[Epoch  79 (38.98s)]	ELBO: 1467.416, 1535.801, 1569.608, 1593.702, 1612.241, 1626.380, 1638.098, 1648.325, 1656.365, 1662.225 (1639.734)	Log prob: 1472.378, 1539.487, 1572.768, 1596.379, 1614.663, 1628.251, 1639.778, 1649.868, 1657.815, 1663.518 (1664.290)	KLD: 4.961, 3.686, 3.161, 2.678, 2.421, 1.870, 1.680, 1.544, 1.450, 1.293 (24.557)	Grad: 0.175, 0.116, 0.091, 0.068, 0.069, 0.067, 0.068, 0.071, 0.076, 0.075
[Epoch  80 (39.23s)]	ELBO: 1466.953, 1535.857, 1570.014, 1594.260, 1612.567, 1626.967, 1638.770, 1649.100, 1656.843, 1662.626 (1639.374)	Log prob: 1471.912, 1539.563, 1573.161, 1596.919, 1614.972, 1628.845, 1640.434, 1650.633, 1658.302, 1663.925 (1664.502)	KLD: 4.959, 3.707, 3.147, 2.660, 2.404, 1.878, 1.665, 1.533, 1.459, 1.299 (25.127)	Grad: 0.176, 0.113, 0.091, 0.062, 0.071, 0.063, 0.067, 0.069, 0.075, 0.073
[Epoch  81 (38.96s)]	ELBO: 1467.797, 1537.413, 1571.339, 1595.655, 1613.756, 1628.025, 1639.729, 1649.738, 1657.301, 1662.797 (1639.986)	Log prob: 1472.736, 1541.155, 1574.465, 1598.323, 1616.153, 1629.903, 1641.387, 1651.279, 1658.736, 1664.079 (1664.350)	KLD: 4.938, 3.741, 3.126, 2.668, 2.398, 1.877, 1.659, 1.541, 1.435, 1.281 (24.364)	Grad: 0.173, 0.115, 0.093, 0.063, 0.069, 0.068, 0.072, 0.075, 0.080, 0.079
[Epoch  82 (39.07s)]	ELBO: 1468.012, 1538.082, 1572.558, 1596.552, 1614.357, 1628.988, 1640.803, 1650.805, 1658.371, 1663.783 (1640.583)	Log prob: 1472.978, 1541.883, 1575.706, 1599.208, 1616.739, 1630.895, 1642.455, 1652.325, 1659.815, 1665.068 (1665.609)	KLD: 4.966, 3.800, 3.148, 2.656, 2.383, 1.906, 1.653, 1.521, 1.444, 1.285 (25.026)	Grad: 0.169, 0.114, 0.086, 0.063, 0.068, 0.063, 0.066, 0.068, 0.073, 0.072
[Epoch  83 (38.98s)]	ELBO: 1468.202, 1538.216, 1572.203, 1595.941, 1613.707, 1628.666, 1640.313, 1650.181, 1657.762, 1663.069 (1642.966)	Log prob: 1473.165, 1542.018, 1575.385, 1598.595, 1616.082, 1630.561, 1641.973, 1651.718, 1659.215, 1664.343 (1667.692)	KLD: 4.962, 3.799, 3.182, 2.654, 2.375, 1.896, 1.659, 1.537, 1.452, 1.274 (24.726)	Grad: 0.167, 0.122, 0.091, 0.064, 0.072, 0.066, 0.067, 0.070, 0.076, 0.075
[Epoch  84 (38.74s)]	ELBO: 1468.180, 1538.524, 1572.108, 1595.651, 1613.147, 1628.600, 1640.302, 1650.253, 1657.790, 1663.140 (1638.784)	Log prob: 1473.152, 1542.365, 1575.310, 1598.282, 1615.543, 1630.517, 1641.956, 1651.774, 1659.239, 1664.397 (1663.821)	KLD: 4.971, 3.842, 3.203, 2.632, 2.397, 1.917, 1.655, 1.522, 1.450, 1.258 (25.037)	Grad: 0.179, 0.115, 0.094, 0.065, 0.075, 0.068, 0.069, 0.072, 0.079, 0.077
[Epoch  85 (40.15s)]	ELBO: 1468.709, 1538.942, 1573.028, 1596.683, 1614.275, 1629.565, 1641.290, 1651.214, 1658.574, 1663.961 (1642.564)	Log prob: 1473.710, 1542.818, 1576.200, 1599.328, 1616.650, 1631.474, 1642.946, 1652.718, 1660.000, 1665.240 (1667.274)	KLD: 5.000, 3.876, 3.173, 2.645, 2.375, 1.910, 1.656, 1.504, 1.427, 1.279 (24.709)	Grad: 0.163, 0.116, 0.089, 0.062, 0.071, 0.065, 0.067, 0.069, 0.075, 0.073
[Epoch  86 (39.91s)]	ELBO: 1469.054, 1539.492, 1573.698, 1597.081, 1614.443, 1629.963, 1641.457, 1651.384, 1658.503, 1663.697 (1642.708)	Log prob: 1474.025, 1543.371, 1576.888, 1599.721, 1616.799, 1631.862, 1643.113, 1652.906, 1659.932, 1664.963 (1667.607)	KLD: 4.970, 3.879, 3.189, 2.641, 2.356, 1.899, 1.657, 1.523, 1.429, 1.267 (24.899)	Grad: 0.183, 0.112, 0.091, 0.069, 0.071, 0.069, 0.070, 0.072, 0.079, 0.076
[Epoch  87 (40.23s)]	ELBO: 1469.527, 1540.402, 1574.379, 1597.672, 1615.063, 1630.548, 1642.086, 1651.804, 1659.011, 1664.162 (1641.318)	Log prob: 1474.511, 1544.316, 1577.552, 1600.312, 1617.428, 1632.461, 1643.743, 1653.314, 1660.429, 1665.429 (1665.894)	KLD: 4.985, 3.914, 3.174, 2.639, 2.365, 1.913, 1.656, 1.510, 1.418, 1.267 (24.575)	Grad: 0.174, 0.109, 0.091, 0.068, 0.072, 0.067, 0.068, 0.071, 0.076, 0.073
[Epoch  88 (42.63s)]	ELBO: 1469.597, 1541.214, 1574.481, 1598.249, 1615.576, 1630.627, 1642.328, 1651.964, 1658.755, 1663.872 (1641.244)	Log prob: 1474.570, 1545.178, 1577.595, 1600.898, 1617.920, 1632.523, 1643.988, 1653.476, 1660.155, 1665.119 (1665.634)	KLD: 4.973, 3.964, 3.114, 2.648, 2.344, 1.896, 1.660, 1.513, 1.400, 1.247 (24.390)	Grad: 0.178, 0.109, 0.092, 0.066, 0.068, 0.066, 0.066, 0.069, 0.074, 0.072
[Epoch  89 (48.01s)]	ELBO: 1469.247, 1540.510, 1574.094, 1597.723, 1615.359, 1630.517, 1642.193, 1651.783, 1658.911, 1664.145 (1639.744)	Log prob: 1474.210, 1544.511, 1577.199, 1600.395, 1617.708, 1632.407, 1643.844, 1653.297, 1660.338, 1665.408 (1664.912)	KLD: 4.963, 4.001, 3.105, 2.670, 2.349, 1.889, 1.651, 1.512, 1.426, 1.263 (25.168)	Grad: 0.170, 0.107, 0.087, 0.065, 0.067, 0.065, 0.065, 0.067, 0.071, 0.070
[Epoch  90 (51.04s)]	ELBO: 1469.501, 1540.209, 1574.276, 1597.847, 1615.483, 1630.872, 1642.142, 1651.900, 1659.309, 1664.129 (1642.626)	Log prob: 1474.415, 1544.198, 1577.466, 1600.528, 1617.844, 1632.743, 1643.796, 1653.442, 1660.747, 1665.361 (1667.079)	KLD: 4.915, 3.989, 3.190, 2.681, 2.361, 1.871, 1.653, 1.542, 1.438, 1.232 (24.453)	Grad: 0.175, 0.107, 0.085, 0.065, 0.066, 0.067, 0.067, 0.069, 0.075, 0.072
[Epoch  91 (48.09s)]	ELBO: 1470.304, 1541.691, 1576.113, 1599.730, 1616.900, 1632.318, 1643.829, 1653.735, 1660.663, 1665.626 (1643.312)	Log prob: 1475.195, 1545.679, 1579.297, 1602.395, 1619.247, 1634.226, 1645.480, 1655.281, 1662.073, 1666.862 (1667.867)	KLD: 4.893, 3.989, 3.185, 2.665, 2.347, 1.909, 1.650, 1.546, 1.412, 1.236 (24.554)	Grad: 0.183, 0.109, 0.088, 0.062, 0.066, 0.066, 0.066, 0.069, 0.074, 0.071
[Epoch  92 (53.21s)]	ELBO: 1471.112, 1542.654, 1577.173, 1600.840, 1617.800, 1632.942, 1644.512, 1654.263, 1661.227, 1665.992 (1640.631)	Log prob: 1475.991, 1546.631, 1580.354, 1603.509, 1620.150, 1634.831, 1646.168, 1655.811, 1662.657, 1667.200 (1665.639)	KLD: 4.879, 3.977, 3.181, 2.669, 2.349, 1.889, 1.655, 1.548, 1.429, 1.208 (25.007)	Grad: 0.171, 0.118, 0.087, 0.062, 0.066, 0.064, 0.065, 0.067, 0.073, 0.071
[Epoch  93 (47.85s)]	ELBO: 1470.936, 1541.667, 1576.265, 1599.871, 1616.961, 1632.176, 1643.604, 1653.343, 1660.311, 1665.200 (1641.852)	Log prob: 1475.849, 1545.651, 1579.468, 1602.537, 1619.295, 1634.055, 1645.261, 1654.889, 1661.742, 1666.415 (1666.252)	KLD: 4.913, 3.984, 3.202, 2.665, 2.335, 1.878, 1.657, 1.547, 1.430, 1.216 (24.400)	Grad: 0.174, 0.116, 0.087, 0.061, 0.067, 0.065, 0.064, 0.066, 0.073, 0.071
[Epoch  94 (42.40s)]	ELBO: 1471.423, 1542.755, 1577.296, 1600.779, 1617.497, 1632.678, 1644.116, 1653.980, 1661.058, 1665.979 (1643.323)	Log prob: 1476.264, 1546.712, 1580.486, 1603.445, 1619.834, 1634.557, 1645.790, 1655.528, 1662.494, 1667.190 (1668.122)	KLD: 4.841, 3.956, 3.192, 2.666, 2.338, 1.878, 1.674, 1.548, 1.435, 1.212 (24.799)	Grad: 0.187, 0.113, 0.089, 0.060, 0.064, 0.065, 0.065, 0.066, 0.074, 0.070
[Epoch  95 (40.39s)]	ELBO: 1472.313, 1543.590, 1577.587, 1601.159, 1617.867, 1632.885, 1644.496, 1654.028, 1661.039, 1665.921 (1641.334)	Log prob: 1477.118, 1547.537, 1580.754, 1603.853, 1620.191, 1634.746, 1646.181, 1655.574, 1662.471, 1667.120 (1666.059)	KLD: 4.806, 3.947, 3.166, 2.693, 2.323, 1.861, 1.685, 1.545, 1.432, 1.197 (24.724)	Grad: 0.162, 0.120, 0.085, 0.059, 0.061, 0.062, 0.062, 0.065, 0.068, 0.066
[Epoch  96 (49.27s)]	ELBO: 1472.138, 1542.672, 1576.737, 1600.235, 1616.966, 1632.098, 1643.647, 1653.102, 1660.146, 1665.014 (1641.737)	Log prob: 1476.950, 1546.606, 1579.912, 1602.918, 1619.277, 1634.001, 1645.327, 1654.651, 1661.585, 1666.219 (1666.081)	KLD: 4.810, 3.933, 3.177, 2.683, 2.311, 1.903, 1.680, 1.551, 1.438, 1.206 (24.344)	Grad: 0.191, 0.119, 0.093, 0.062, 0.063, 0.065, 0.063, 0.065, 0.072, 0.070
[Epoch  97 (46.21s)]	ELBO: 1472.311, 1542.747, 1576.519, 1600.133, 1616.806, 1632.142, 1643.673, 1653.216, 1660.273, 1665.287 (1643.314)	Log prob: 1477.142, 1546.641, 1579.660, 1602.817, 1619.128, 1634.033, 1645.365, 1654.780, 1661.716, 1666.480 (1667.365)	KLD: 4.831, 3.894, 3.140, 2.683, 2.321, 1.891, 1.690, 1.565, 1.442, 1.192 (24.051)	Grad: 0.182, 0.115, 0.088, 0.058, 0.062, 0.063, 0.063, 0.064, 0.068, 0.066
[Epoch  98 (41.50s)]	ELBO: 1473.374, 1543.998, 1577.594, 1600.917, 1617.644, 1633.105, 1644.455, 1653.896, 1660.832, 1665.807 (1640.082)	Log prob: 1478.160, 1547.896, 1580.745, 1603.614, 1619.958, 1635.022, 1646.110, 1655.445, 1662.263, 1666.991 (1664.446)	KLD: 4.787, 3.899, 3.151, 2.697, 2.314, 1.916, 1.654, 1.549, 1.432, 1.183 (24.364)	Grad: 0.176, 0.127, 0.088, 0.059, 0.061, 0.063, 0.062, 0.067, 0.072, 0.069
[Epoch  99 (51.62s)]	ELBO: 1472.953, 1541.764, 1575.097, 1598.784, 1616.138, 1631.849, 1643.095, 1652.608, 1659.807, 1664.827 (1641.724)	Log prob: 1477.761, 1545.655, 1578.287, 1601.464, 1618.469, 1633.762, 1644.767, 1654.155, 1661.255, 1666.039 (1666.615)	KLD: 4.808, 3.892, 3.190, 2.681, 2.332, 1.912, 1.672, 1.548, 1.448, 1.211 (24.891)	Grad: 0.179, 0.121, 0.090, 0.058, 0.065, 0.062, 0.062, 0.064, 0.070, 0.068
[Epoch 100 (55.15s)]	ELBO: 1474.002, 1543.813, 1576.858, 1600.289, 1617.448, 1633.056, 1644.268, 1653.743, 1660.897, 1665.908 (1644.790)	Log prob: 1478.787, 1547.670, 1580.037, 1602.970, 1619.762, 1634.978, 1645.886, 1655.310, 1662.340, 1667.101 (1669.370)	KLD: 4.784, 3.857, 3.180, 2.681, 2.314, 1.922, 1.620, 1.567, 1.443, 1.193 (24.580)	Grad: 0.186, 0.119, 0.088, 0.054, 0.062, 0.061, 0.060, 0.061, 0.067, 0.064
Best epoch(s): [100]	Training time(s): 6347.49s (6347.49s)	Best ELBO: 1665.992 (1644.790)	Best log prob: 1667.200 (1669.370)
Avg. mu: 0.247, 0.651, 0.097, 0.040, 0.035, -0.087, -0.138, 0.019, 0.183, -0.147
Avg. var: 0.001, 0.002, 0.001, 0.004, 0.006, 0.024, 0.035, 0.034, 0.046, 0.096
Max. mu: 7.327, 5.030, 1.546, 2.533, 2.088, 3.206, 4.058, 2.899, 3.151, 2.849
Max. var: 0.087, 0.028, 0.016, 0.114, 0.039, 0.175, 0.143, 0.229, 0.409, 0.428
Min. mu: -6.188, -1.467, -1.662, -5.519, -3.548, -3.888, -3.824, -3.026, -2.928, -3.337
Min. var: 0.000, 0.000, 0.000, 0.000, 0.001, 0.004, 0.009, 0.012, 0.006, 0.013
Cov. mu:
[[3.180 -0.306 0.047 -0.053 0.148 -0.087 -0.233 -0.039 0.001 -0.105]
 [-0.306 1.497 -0.229 0.044 0.098 -0.051 -0.186 -0.048 0.026 -0.054]
 [0.047 -0.229 0.322 0.033 -0.019 -0.011 -0.036 -0.032 0.005 0.020]
 [-0.053 0.044 0.033 0.362 -0.007 -0.014 -0.044 -0.011 -0.007 0.023]
 [0.148 0.098 -0.019 -0.007 0.339 -0.006 -0.022 0.005 0.020 0.022]
 [-0.087 -0.051 -0.011 -0.014 -0.006 0.691 0.096 0.012 0.008 -0.012]
 [-0.233 -0.186 -0.036 -0.044 -0.022 0.096 0.758 0.082 -0.005 -0.040]
 [-0.039 -0.048 -0.032 -0.011 0.005 0.012 0.082 0.560 0.001 0.008]
 [0.001 0.026 0.005 -0.007 0.020 0.008 -0.005 0.001 0.511 0.060]
 [-0.105 -0.054 0.020 0.023 0.022 -0.012 -0.040 0.008 0.060 0.729]]
