Seed: 2021
=================================================================
Layer (type:depth-idx)                   Param #
=================================================================
RNN                                      --
├─Canvas: 1-1                            --
│    └─Linear: 2-1                       784
├─Encoder: 1-2                           --
│    └─Linear: 2-2                       76,930
│    └─Linear: 2-3                       9,702
├─ModuleList: 1-3                        --
│    └─EncoderToLatents: 2-4             --
│    │    └─Linear: 3-1                  99
│    │    └─Linear: 3-2                  99
│    └─EncoderToLatents: 2-5             --
│    │    └─Linear: 3-3                  99
│    │    └─Linear: 3-4                  99
│    └─EncoderToLatents: 2-6             --
│    │    └─Linear: 3-5                  99
│    │    └─Linear: 3-6                  99
│    └─EncoderToLatents: 2-7             --
│    │    └─Linear: 3-7                  99
│    │    └─Linear: 3-8                  99
│    └─EncoderToLatents: 2-8             --
│    │    └─Linear: 3-9                  99
│    │    └─Linear: 3-10                 99
│    └─EncoderToLatents: 2-9             --
│    │    └─Linear: 3-11                 99
│    │    └─Linear: 3-12                 99
│    └─EncoderToLatents: 2-10            --
│    │    └─Linear: 3-13                 99
│    │    └─Linear: 3-14                 99
│    └─EncoderToLatents: 2-11            --
│    │    └─Linear: 3-15                 99
│    │    └─Linear: 3-16                 99
│    └─EncoderToLatents: 2-12            --
│    │    └─Linear: 3-17                 99
│    │    └─Linear: 3-18                 99
│    └─EncoderToLatents: 2-13            --
│    │    └─Linear: 3-19                 99
│    │    └─Linear: 3-20                 99
├─ModuleList: 1-4                        --
│    └─LatentsToDecoder: 2-14            --
│    │    └─Linear: 3-21                 196
│    └─LatentsToDecoder: 2-15            --
│    │    └─Linear: 3-22                 196
│    └─LatentsToDecoder: 2-16            --
│    │    └─Linear: 3-23                 196
│    └─LatentsToDecoder: 2-17            --
│    │    └─Linear: 3-24                 196
│    └─LatentsToDecoder: 2-18            --
│    │    └─Linear: 3-25                 196
│    └─LatentsToDecoder: 2-19            --
│    │    └─Linear: 3-26                 196
│    └─LatentsToDecoder: 2-20            --
│    │    └─Linear: 3-27                 196
│    └─LatentsToDecoder: 2-21            --
│    │    └─Linear: 3-28                 196
│    └─LatentsToDecoder: 2-22            --
│    │    └─Linear: 3-29                 196
│    └─LatentsToDecoder: 2-23            --
│    │    └─Linear: 3-30                 196
├─Decoder: 1-5                           --
│    └─Linear: 2-24                      9,702
│    └─Linear: 2-25                      77,616
=================================================================
Total params: 178,674
Trainable params: 178,674
Non-trainable params: 0
=================================================================
[Epoch   1 (27.04s)]	ELBO (bits/dim): 2.23666, 2.36460, 2.40167, 2.41500, 2.42439, 2.42544, 2.42483, 2.42180, 2.41617, 2.41170 (2.62527)	Reconstruction error (/dim): 0.08282, 0.07759, 0.07704, 0.07672, 0.07701, 0.07761, 0.07778, 0.07816, 0.07863, 0.07877 (0.06819)	KLD: 7.843, 3.239, 0.654, 0.575, 0.631, 0.310, 0.417, 0.488, 0.592, 0.469 (13.419)	Grad: 967.7
[Epoch   2 (27.49s)]	ELBO (bits/dim): 2.49721, 2.61552, 2.69689, 2.72288, 2.73993, 2.74328, 2.74379, 2.74365, 2.74259, 2.74149 (2.85527)	Reconstruction error (/dim): 0.07854, 0.07152, 0.06589, 0.06280, 0.06128, 0.06105, 0.06074, 0.06088, 0.06098, 0.06103 (0.05261)	KLD: 4.173, 3.609, 2.840, 1.743, 1.037, 0.715, 0.543, 0.511, 0.526, 0.264 (18.308)	Grad: 1044.0
[Epoch   3 (27.60s)]	ELBO (bits/dim): 2.54881, 2.65726, 2.76061, 2.83194, 2.88550, 2.90212, 2.92224, 2.92329, 2.92266, 2.92199 (2.96322)	Reconstruction error (/dim): 0.07594, 0.06832, 0.06204, 0.05697, 0.05231, 0.05040, 0.04786, 0.04800, 0.04816, 0.04818 (0.04501)	KLD: 3.580, 3.266, 2.968, 2.868, 2.249, 1.442, 1.417, 0.730, 0.384, 0.213 (19.514)	Grad: 1260.6
[Epoch   4 (27.37s)]	ELBO (bits/dim): 2.58681, 2.68350, 2.78872, 2.87219, 2.92494, 2.95981, 2.98610, 2.98676, 2.98650, 2.98613 (3.00514)	Reconstruction error (/dim): 0.07270, 0.06615, 0.06049, 0.05473, 0.05015, 0.04658, 0.04383, 0.04394, 0.04404, 0.04409 (0.04224)	KLD: 3.499, 3.102, 2.904, 2.912, 2.218, 1.933, 1.670, 0.525, 0.184, 0.111 (19.009)	Grad: 1272.3
[Epoch   5 (27.96s)]	ELBO (bits/dim): 2.59777, 2.70009, 2.80784, 2.89518, 2.95177, 2.99168, 3.01962, 3.02148, 3.02171, 3.02155 (3.03522)	Reconstruction error (/dim): 0.07194, 0.06483, 0.05913, 0.05300, 0.04787, 0.04404, 0.04143, 0.04133, 0.04139, 0.04144 (0.03985)	KLD: 3.525, 3.152, 2.899, 2.844, 2.257, 1.998, 1.748, 0.542, 0.209, 0.161 (19.939)	Grad: 1324.9
[Epoch   6 (27.26s)]	ELBO (bits/dim): 2.60191, 2.71288, 2.82197, 2.91075, 2.97141, 3.01319, 3.03991, 3.04846, 3.05131, 3.05100 (3.06489)	Reconstruction error (/dim): 0.07152, 0.06386, 0.05804, 0.05175, 0.04624, 0.04239, 0.03999, 0.03915, 0.03887, 0.03896 (0.03750)	KLD: 3.474, 3.185, 2.894, 2.762, 2.312, 2.023, 1.739, 1.131, 0.654, 0.199 (20.830)	Grad: 1536.5
[Epoch   7 (27.32s)]	ELBO (bits/dim): 2.60420, 2.72150, 2.83136, 2.92206, 2.98626, 3.02925, 3.05533, 3.06926, 3.07730, 3.07749 (3.08726)	Reconstruction error (/dim): 0.07126, 0.06349, 0.05741, 0.05094, 0.04513, 0.04127, 0.03898, 0.03760, 0.03680, 0.03680 (0.03567)	KLD: 3.440, 3.193, 2.912, 2.739, 2.368, 2.033, 1.738, 1.428, 1.164, 0.177 (21.510)	Grad: 1506.3
[Epoch   8 (27.70s)]	ELBO (bits/dim): 2.60723, 2.72808, 2.83907, 2.93300, 3.00005, 3.04372, 3.07027, 3.08619, 3.09679, 3.09762 (3.10457)	Reconstruction error (/dim): 0.07103, 0.06326, 0.05680, 0.05013, 0.04412, 0.04025, 0.03797, 0.03642, 0.03541, 0.03529 (0.03428)	KLD: 3.424, 3.206, 2.936, 2.735, 2.391, 2.037, 1.741, 1.524, 1.281, 0.362 (22.281)	Grad: 1429.7
[Epoch   9 (27.51s)]	ELBO (bits/dim): 2.60953, 2.73341, 2.84556, 2.94151, 3.01083, 3.05543, 3.08203, 3.09902, 3.11037, 3.11215 (3.11900)	Reconstruction error (/dim): 0.07074, 0.06288, 0.05633, 0.04952, 0.04335, 0.03945, 0.03718, 0.03554, 0.03448, 0.03424 (0.03328)	KLD: 3.414, 3.211, 2.947, 2.730, 2.393, 2.038, 1.748, 1.550, 1.328, 0.556 (21.787)	Grad: 1431.0
[Epoch  10 (27.37s)]	ELBO (bits/dim): 2.61175, 2.73790, 2.85103, 2.94857, 3.01898, 3.06413, 3.09067, 3.10851, 3.12056, 3.12338 (3.12766)	Reconstruction error (/dim): 0.07045, 0.06248, 0.05595, 0.04904, 0.04280, 0.03885, 0.03662, 0.03491, 0.03375, 0.03342 (0.03275)	KLD: 3.413, 3.223, 2.961, 2.725, 2.393, 2.044, 1.750, 1.572, 1.354, 0.722 (22.563)	Grad: 1504.7
[Epoch  11 (27.36s)]	ELBO (bits/dim): 2.61397, 2.74221, 2.85593, 2.95391, 3.02521, 3.07079, 3.09726, 3.11569, 3.12831, 3.13198 (3.13637)	Reconstruction error (/dim): 0.07021, 0.06208, 0.05560, 0.04870, 0.04239, 0.03843, 0.03618, 0.03443, 0.03321, 0.03279 (0.03205)	KLD: 3.414, 3.230, 2.964, 2.726, 2.398, 2.049, 1.749, 1.589, 1.371, 0.870 (22.384)	Grad: 1519.4
[Epoch  12 (27.40s)]	ELBO (bits/dim): 2.61605, 2.74651, 2.86101, 2.95870, 3.03079, 3.07659, 3.10290, 3.12199, 3.13478, 3.13949 (3.14492)	Reconstruction error (/dim): 0.07004, 0.06168, 0.05520, 0.04838, 0.04200, 0.03804, 0.03581, 0.03399, 0.03276, 0.03224 (0.03169)	KLD: 3.421, 3.249, 2.975, 2.725, 2.407, 2.052, 1.751, 1.604, 1.376, 0.956 (22.053)	Grad: 1437.2
[Epoch  13 (27.63s)]	ELBO (bits/dim): 2.61799, 2.75069, 2.86535, 2.96319, 3.03563, 3.08176, 3.10803, 3.12776, 3.14062, 3.14593 (3.14936)	Reconstruction error (/dim): 0.06982, 0.06129, 0.05485, 0.04810, 0.04167, 0.03771, 0.03547, 0.03361, 0.03238, 0.03183 (0.03113)	KLD: 3.428, 3.260, 2.987, 2.731, 2.413, 2.047, 1.756, 1.614, 1.393, 1.030 (23.006)	Grad: 1500.8
[Epoch  14 (27.32s)]	ELBO (bits/dim): 2.62078, 2.75497, 2.86967, 2.96745, 3.04018, 3.08649, 3.11294, 3.13313, 3.14617, 3.15194 (3.15329)	Reconstruction error (/dim): 0.06951, 0.06086, 0.05449, 0.04780, 0.04140, 0.03740, 0.03515, 0.03325, 0.03202, 0.03142 (0.03077)	KLD: 3.436, 3.266, 2.995, 2.734, 2.422, 2.050, 1.763, 1.629, 1.389, 1.068 (22.911)	Grad: 1423.5
[Epoch  15 (28.96s)]	ELBO (bits/dim): 2.62273, 2.75883, 2.87341, 2.97123, 3.04396, 3.09085, 3.11742, 3.13800, 3.15116, 3.15736 (3.15746)	Reconstruction error (/dim): 0.06937, 0.06058, 0.05417, 0.04750, 0.04113, 0.03710, 0.03483, 0.03289, 0.03168, 0.03105 (0.03072)	KLD: 3.453, 3.278, 3.005, 2.743, 2.424, 2.052, 1.762, 1.632, 1.399, 1.102 (23.648)	Grad: 1519.4
[Epoch  16 (27.40s)]	ELBO (bits/dim): 2.62414, 2.76146, 2.87690, 2.97419, 3.04723, 3.09424, 3.12095, 3.14206, 3.15524, 3.16147 (3.16285)	Reconstruction error (/dim): 0.06930, 0.06045, 0.05387, 0.04728, 0.04089, 0.03686, 0.03458, 0.03260, 0.03138, 0.03075 (0.03048)	KLD: 3.466, 3.279, 3.003, 2.745, 2.432, 2.059, 1.768, 1.647, 1.400, 1.124 (23.482)	Grad: 1445.5
[Epoch  17 (27.62s)]	ELBO (bits/dim): 2.62706, 2.76457, 2.87994, 2.97712, 3.05005, 3.09759, 3.12448, 3.14599, 3.15920, 3.16559 (3.16680)	Reconstruction error (/dim): 0.06905, 0.06030, 0.05363, 0.04704, 0.04067, 0.03660, 0.03430, 0.03229, 0.03108, 0.03046 (0.03003)	KLD: 3.481, 3.291, 3.010, 2.753, 2.438, 2.063, 1.776, 1.659, 1.401, 1.114 (23.460)	Grad: 1415.8
[Epoch  18 (28.29s)]	ELBO (bits/dim): 2.62945, 2.76780, 2.88351, 2.97985, 3.05293, 3.10031, 3.12769, 3.14967, 3.16265, 3.16908 (3.17078)	Reconstruction error (/dim): 0.06891, 0.06009, 0.05331, 0.04680, 0.04044, 0.03639, 0.03406, 0.03202, 0.03085, 0.03023 (0.02983)	KLD: 3.499, 3.298, 3.014, 2.755, 2.444, 2.060, 1.776, 1.671, 1.398, 1.129 (23.553)	Grad: 1495.9
[Epoch  19 (28.35s)]	ELBO (bits/dim): 2.63091, 2.77057, 2.88695, 2.98220, 3.05504, 3.10276, 3.13064, 3.15292, 3.16592, 3.17252 (3.17208)	Reconstruction error (/dim): 0.06884, 0.05992, 0.05300, 0.04656, 0.04028, 0.03621, 0.03385, 0.03178, 0.03059, 0.02999 (0.02967)	KLD: 3.506, 3.302, 3.018, 2.765, 2.447, 2.063, 1.785, 1.676, 1.388, 1.120 (22.973)	Grad: 1464.4
[Epoch  20 (27.51s)]	ELBO (bits/dim): 2.63227, 2.77336, 2.89015, 2.98481, 3.05744, 3.10527, 3.13341, 3.15579, 3.16893, 3.17543 (3.17705)	Reconstruction error (/dim): 0.06873, 0.05969, 0.05271, 0.04632, 0.04008, 0.03600, 0.03362, 0.03155, 0.03037, 0.02975 (0.02952)	KLD: 3.518, 3.315, 3.017, 2.771, 2.450, 2.068, 1.792, 1.684, 1.406, 1.128 (23.285)	Grad: 1430.7
[Epoch  21 (27.61s)]	ELBO (bits/dim): 2.63405, 2.77619, 2.89314, 2.98730, 3.05964, 3.10752, 3.13616, 3.15888, 3.17179, 3.17846 (3.17798)	Reconstruction error (/dim): 0.06864, 0.05954, 0.05246, 0.04613, 0.03992, 0.03585, 0.03344, 0.03133, 0.03016, 0.02956 (0.02925)	KLD: 3.527, 3.315, 3.027, 2.775, 2.452, 2.067, 1.803, 1.689, 1.403, 1.118 (23.275)	Grad: 1422.8
[Epoch  22 (27.58s)]	ELBO (bits/dim): 2.63525, 2.77848, 2.89571, 2.98902, 3.06136, 3.10945, 3.13829, 3.16125, 3.17432, 3.18083 (3.18202)	Reconstruction error (/dim): 0.06854, 0.05941, 0.05224, 0.04598, 0.03979, 0.03570, 0.03329, 0.03118, 0.02999, 0.02939 (0.02896)	KLD: 3.546, 3.326, 3.027, 2.781, 2.458, 2.069, 1.804, 1.691, 1.403, 1.140 (23.374)	Grad: 1444.6
[Epoch  23 (27.26s)]	ELBO (bits/dim): 2.63641, 2.78071, 2.89807, 2.99082, 3.06306, 3.11130, 3.14034, 3.16339, 3.17659, 3.18292 (3.18377)	Reconstruction error (/dim): 0.06845, 0.05926, 0.05203, 0.04582, 0.03967, 0.03556, 0.03314, 0.03103, 0.02983, 0.02925 (0.02900)	KLD: 3.554, 3.337, 3.034, 2.785, 2.458, 2.060, 1.809, 1.692, 1.401, 1.146 (23.070)	Grad: 1429.1
[Epoch  24 (27.24s)]	ELBO (bits/dim): 2.63779, 2.78286, 2.90036, 2.99272, 3.06445, 3.11256, 3.14202, 3.16518, 3.17814, 3.18472 (3.18377)	Reconstruction error (/dim): 0.06834, 0.05913, 0.05184, 0.04567, 0.03956, 0.03548, 0.03302, 0.03090, 0.02972, 0.02912 (0.02887)	KLD: 3.564, 3.344, 3.034, 2.793, 2.461, 2.062, 1.811, 1.700, 1.401, 1.134 (23.506)	Grad: 1489.0
[Epoch  25 (27.41s)]	ELBO (bits/dim): 2.63904, 2.78485, 2.90268, 2.99452, 3.06588, 3.11411, 3.14376, 3.16683, 3.17990, 3.18638 (3.18672)	Reconstruction error (/dim): 0.06823, 0.05900, 0.05164, 0.04551, 0.03947, 0.03537, 0.03289, 0.03078, 0.02959, 0.02900 (0.02872)	KLD: 3.575, 3.349, 3.040, 2.792, 2.457, 2.061, 1.823, 1.704, 1.405, 1.122 (23.267)	Grad: 1531.5
[Epoch  26 (27.33s)]	ELBO (bits/dim): 2.63996, 2.78652, 2.90462, 2.99601, 3.06705, 3.11509, 3.14506, 3.16818, 3.18127, 3.18785 (3.18703)	Reconstruction error (/dim): 0.06819, 0.05888, 0.05148, 0.04538, 0.03937, 0.03531, 0.03279, 0.03068, 0.02947, 0.02888 (0.02875)	KLD: 3.587, 3.361, 3.044, 2.794, 2.462, 2.064, 1.827, 1.695, 1.405, 1.127 (23.297)	Grad: 1558.3
[Epoch  27 (28.41s)]	ELBO (bits/dim): 2.64122, 2.78847, 2.90672, 2.99763, 3.06851, 3.11663, 3.14665, 3.16972, 3.18281, 3.18944 (3.18805)	Reconstruction error (/dim): 0.06810, 0.05878, 0.05129, 0.04525, 0.03927, 0.03519, 0.03267, 0.03057, 0.02938, 0.02877 (0.02858)	KLD: 3.597, 3.373, 3.047, 2.792, 2.468, 2.058, 1.826, 1.702, 1.410, 1.136 (23.633)	Grad: 1476.1
[Epoch  28 (27.78s)]	ELBO (bits/dim): 2.64243, 2.79027, 2.90882, 2.99932, 3.06970, 3.11785, 3.14817, 3.17141, 3.18439, 3.19112 (3.18835)	Reconstruction error (/dim): 0.06801, 0.05865, 0.05108, 0.04510, 0.03919, 0.03509, 0.03255, 0.03045, 0.02925, 0.02865 (0.02856)	KLD: 3.612, 3.375, 3.054, 2.795, 2.460, 2.058, 1.826, 1.703, 1.417, 1.141 (23.765)	Grad: 1454.4
[Epoch  29 (27.49s)]	ELBO (bits/dim): 2.64351, 2.79189, 2.91063, 3.00056, 3.07071, 3.11881, 3.14941, 3.17252, 3.18548, 3.19231 (3.19046)	Reconstruction error (/dim): 0.06795, 0.05855, 0.05096, 0.04503, 0.03912, 0.03504, 0.03248, 0.03038, 0.02919, 0.02857 (0.02834)	KLD: 3.617, 3.383, 3.059, 2.798, 2.468, 2.059, 1.835, 1.702, 1.415, 1.142 (23.703)	Grad: 1511.6
[Epoch  30 (27.62s)]	ELBO (bits/dim): 2.64471, 2.79349, 2.91238, 3.00202, 3.07161, 3.11983, 3.15032, 3.17345, 3.18639, 3.19334 (3.19114)	Reconstruction error (/dim): 0.06785, 0.05842, 0.05081, 0.04493, 0.03907, 0.03497, 0.03242, 0.03033, 0.02913, 0.02850 (0.02854)	KLD: 3.628, 3.395, 3.066, 2.798, 2.466, 2.060, 1.835, 1.703, 1.421, 1.157 (23.806)	Grad: 1492.0
[Epoch  31 (27.77s)]	ELBO (bits/dim): 2.64567, 2.79504, 2.91356, 3.00297, 3.07240, 3.12075, 3.15113, 3.17431, 3.18742, 3.19450 (3.19166)	Reconstruction error (/dim): 0.06780, 0.05831, 0.05070, 0.04482, 0.03900, 0.03490, 0.03234, 0.03027, 0.02905, 0.02841 (0.02832)	KLD: 3.640, 3.395, 3.070, 2.798, 2.468, 2.060, 1.840, 1.704, 1.414, 1.154 (23.838)	Grad: 1486.3
[Epoch  32 (27.55s)]	ELBO (bits/dim): 2.64685, 2.79640, 2.91519, 3.00416, 3.07347, 3.12160, 3.15215, 3.17513, 3.18822, 3.19522 (3.19246)	Reconstruction error (/dim): 0.06772, 0.05826, 0.05059, 0.04475, 0.03893, 0.03484, 0.03228, 0.03022, 0.02901, 0.02837 (0.02817)	KLD: 3.660, 3.407, 3.070, 2.807, 2.469, 2.062, 1.843, 1.702, 1.424, 1.149 (23.387)	Grad: 1533.0
[Epoch  33 (27.43s)]	ELBO (bits/dim): 2.64797, 2.79807, 2.91671, 3.00546, 3.07423, 3.12245, 3.15328, 3.17619, 3.18933, 3.19627 (3.19312)	Reconstruction error (/dim): 0.06767, 0.05813, 0.05045, 0.04464, 0.03889, 0.03478, 0.03219, 0.03014, 0.02892, 0.02827 (0.02812)	KLD: 3.667, 3.406, 3.074, 2.809, 2.468, 2.059, 1.844, 1.705, 1.414, 1.148 (23.983)	Grad: 1551.4
[Epoch  34 (28.15s)]	ELBO (bits/dim): 2.64926, 2.79987, 2.91823, 3.00677, 3.07524, 3.12345, 3.15422, 3.17702, 3.19013, 3.19712 (3.19301)	Reconstruction error (/dim): 0.06757, 0.05799, 0.05035, 0.04454, 0.03881, 0.03472, 0.03212, 0.03009, 0.02886, 0.02822 (0.02835)	KLD: 3.679, 3.414, 3.080, 2.805, 2.467, 2.056, 1.840, 1.703, 1.420, 1.154 (23.856)	Grad: 1562.8
[Epoch  35 (27.67s)]	ELBO (bits/dim): 2.65063, 2.80149, 2.91985, 3.00795, 3.07580, 3.12422, 3.15493, 3.17779, 3.19085, 3.19796 (3.19399)	Reconstruction error (/dim): 0.06753, 0.05791, 0.05021, 0.04444, 0.03877, 0.03466, 0.03208, 0.03003, 0.02881, 0.02816 (0.02830)	KLD: 3.697, 3.425, 3.084, 2.809, 2.465, 2.061, 1.842, 1.710, 1.418, 1.154 (23.460)	Grad: 1525.7
[Epoch  36 (27.93s)]	ELBO (bits/dim): 2.65178, 2.80309, 2.92095, 3.00896, 3.07671, 3.12493, 3.15584, 3.17865, 3.19154, 3.19860 (3.19609)	Reconstruction error (/dim): 0.06744, 0.05777, 0.05013, 0.04437, 0.03871, 0.03461, 0.03200, 0.02996, 0.02876, 0.02811 (0.02811)	KLD: 3.703, 3.428, 3.091, 2.815, 2.465, 2.062, 1.848, 1.707, 1.418, 1.169 (23.771)	Grad: 1516.3
[Epoch  37 (27.93s)]	ELBO (bits/dim): 2.65263, 2.80411, 2.92202, 3.00993, 3.07738, 3.12575, 3.15665, 3.17936, 3.19241, 3.19939 (3.19520)	Reconstruction error (/dim): 0.06739, 0.05768, 0.05005, 0.04428, 0.03865, 0.03455, 0.03193, 0.02993, 0.02872, 0.02806 (0.02791)	KLD: 3.719, 3.431, 3.093, 2.810, 2.461, 2.061, 1.848, 1.704, 1.415, 1.150 (24.159)	Grad: 1544.3
[Epoch  38 (27.60s)]	ELBO (bits/dim): 2.65353, 2.80524, 2.92301, 3.01070, 3.07813, 3.12635, 3.15727, 3.17989, 3.19301, 3.20003 (3.19754)	Reconstruction error (/dim): 0.06732, 0.05761, 0.04996, 0.04422, 0.03860, 0.03450, 0.03188, 0.02988, 0.02864, 0.02801 (0.02793)	KLD: 3.726, 3.438, 3.098, 2.811, 2.466, 2.062, 1.846, 1.711, 1.418, 1.154 (23.747)	Grad: 1547.1
[Epoch  39 (27.96s)]	ELBO (bits/dim): 2.65484, 2.80707, 2.92444, 3.01174, 3.07904, 3.12723, 3.15817, 3.18087, 3.19388, 3.20086 (3.19615)	Reconstruction error (/dim): 0.06729, 0.05747, 0.04987, 0.04415, 0.03853, 0.03445, 0.03183, 0.02981, 0.02860, 0.02795 (0.02789)	KLD: 3.736, 3.441, 3.102, 2.812, 2.461, 2.060, 1.853, 1.700, 1.415, 1.145 (23.660)	Grad: 1547.9
[Epoch  40 (28.18s)]	ELBO (bits/dim): 2.65603, 2.80786, 2.92515, 3.01227, 3.07948, 3.12783, 3.15871, 3.18126, 3.19433, 3.20142 (3.19654)	Reconstruction error (/dim): 0.06716, 0.05744, 0.04981, 0.04412, 0.03851, 0.03441, 0.03179, 0.02978, 0.02856, 0.02791 (0.02805)	KLD: 3.750, 3.447, 3.103, 2.814, 2.464, 2.061, 1.850, 1.697, 1.418, 1.152 (23.686)	Grad: 1656.2
[Epoch  41 (30.97s)]	ELBO (bits/dim): 2.65691, 2.80941, 2.92630, 3.01340, 3.08031, 3.12873, 3.15953, 3.18208, 3.19510, 3.20207 (3.19819)	Reconstruction error (/dim): 0.06713, 0.05730, 0.04971, 0.04401, 0.03844, 0.03434, 0.03173, 0.02972, 0.02851, 0.02787 (0.02776)	KLD: 3.758, 3.450, 3.106, 2.814, 2.459, 2.063, 1.849, 1.702, 1.424, 1.154 (23.848)	Grad: 1533.5
[Epoch  42 (29.90s)]	ELBO (bits/dim): 2.65810, 2.81089, 2.92750, 3.01443, 3.08094, 3.12933, 3.16013, 3.18275, 3.19573, 3.20275 (3.19939)	Reconstruction error (/dim): 0.06703, 0.05722, 0.04963, 0.04394, 0.03840, 0.03431, 0.03167, 0.02967, 0.02847, 0.02781 (0.02793)	KLD: 3.774, 3.456, 3.112, 2.812, 2.459, 2.061, 1.850, 1.695, 1.422, 1.150 (24.140)	Grad: 1647.4
[Epoch  43 (30.40s)]	ELBO (bits/dim): 2.65918, 2.81206, 2.92835, 3.01512, 3.08157, 3.12999, 3.16089, 3.18339, 3.19647, 3.20348 (3.19911)	Reconstruction error (/dim): 0.06698, 0.05712, 0.04956, 0.04388, 0.03837, 0.03426, 0.03163, 0.02964, 0.02843, 0.02779 (0.02799)	KLD: 3.780, 3.452, 3.113, 2.817, 2.461, 2.062, 1.852, 1.694, 1.422, 1.148 (23.731)	Grad: 1593.5
[Epoch  44 (29.79s)]	ELBO (bits/dim): 2.65991, 2.81306, 2.92936, 3.01585, 3.08192, 3.13041, 3.16127, 3.18358, 3.19663, 3.20364 (3.19807)	Reconstruction error (/dim): 0.06693, 0.05705, 0.04948, 0.04380, 0.03834, 0.03424, 0.03159, 0.02962, 0.02841, 0.02775 (0.02775)	KLD: 3.796, 3.462, 3.114, 2.816, 2.454, 2.062, 1.847, 1.690, 1.424, 1.145 (23.468)	Grad: 1603.3
[Epoch  45 (28.93s)]	ELBO (bits/dim): 2.66102, 2.81443, 2.93020, 3.01679, 3.08272, 3.13102, 3.16184, 3.18428, 3.19720, 3.20414 (3.19761)	Reconstruction error (/dim): 0.06688, 0.05697, 0.04941, 0.04374, 0.03828, 0.03419, 0.03156, 0.02958, 0.02837, 0.02773 (0.02806)	KLD: 3.808, 3.467, 3.117, 2.814, 2.463, 2.063, 1.852, 1.697, 1.419, 1.141 (24.070)	Grad: 1636.2
[Epoch  46 (29.42s)]	ELBO (bits/dim): 2.66211, 2.81569, 2.93114, 3.01746, 3.08325, 3.13168, 3.16258, 3.18491, 3.19793, 3.20487 (3.19854)	Reconstruction error (/dim): 0.06678, 0.05687, 0.04935, 0.04368, 0.03825, 0.03416, 0.03150, 0.02954, 0.02833, 0.02767 (0.02771)	KLD: 3.814, 3.470, 3.122, 2.812, 2.463, 2.064, 1.849, 1.699, 1.425, 1.143 (24.214)	Grad: 1638.6
[Epoch  47 (33.65s)]	ELBO (bits/dim): 2.66308, 2.81681, 2.93202, 3.01847, 3.08416, 3.13250, 3.16321, 3.18552, 3.19853, 3.20555 (3.20113)	Reconstruction error (/dim): 0.06670, 0.05679, 0.04930, 0.04360, 0.03819, 0.03410, 0.03146, 0.02950, 0.02828, 0.02763 (0.02780)	KLD: 3.830, 3.473, 3.121, 2.812, 2.462, 2.061, 1.846, 1.692, 1.420, 1.143 (23.682)	Grad: 1581.9
[Epoch  48 (31.78s)]	ELBO (bits/dim): 2.66391, 2.81782, 2.93285, 3.01894, 3.08453, 3.13284, 3.16360, 3.18570, 3.19885, 3.20590 (3.19993)	Reconstruction error (/dim): 0.06665, 0.05673, 0.04924, 0.04357, 0.03816, 0.03408, 0.03144, 0.02950, 0.02826, 0.02760 (0.02774)	KLD: 3.830, 3.472, 3.124, 2.816, 2.463, 2.062, 1.857, 1.698, 1.422, 1.144 (23.800)	Grad: 1625.5
[Epoch  49 (33.12s)]	ELBO (bits/dim): 2.66494, 2.81850, 2.93345, 3.01957, 3.08499, 3.13361, 3.16420, 3.18634, 3.19944, 3.20644 (3.19985)	Reconstruction error (/dim): 0.06656, 0.05666, 0.04918, 0.04351, 0.03812, 0.03401, 0.03139, 0.02944, 0.02822, 0.02756 (0.02768)	KLD: 3.840, 3.478, 3.136, 2.812, 2.460, 2.066, 1.852, 1.698, 1.423, 1.140 (23.954)	Grad: 1700.8
[Epoch  50 (31.31s)]	ELBO (bits/dim): 2.66537, 2.81995, 2.93419, 3.02000, 3.08526, 3.13376, 3.16469, 3.18667, 3.19988, 3.20687 (3.20188)	Reconstruction error (/dim): 0.06652, 0.05655, 0.04913, 0.04348, 0.03812, 0.03401, 0.03136, 0.02943, 0.02819, 0.02754 (0.02753)	KLD: 3.848, 3.481, 3.134, 2.813, 2.462, 2.066, 1.853, 1.694, 1.424, 1.141 (24.006)	Grad: 1771.5
[Epoch  51 (30.69s)]	ELBO (bits/dim): 2.66653, 2.82095, 2.93484, 3.02052, 3.08611, 3.13452, 3.16522, 3.18724, 3.20022, 3.20720 (3.20091)	Reconstruction error (/dim): 0.06641, 0.05652, 0.04909, 0.04344, 0.03803, 0.03394, 0.03132, 0.02937, 0.02817, 0.02752 (0.02778)	KLD: 3.852, 3.484, 3.131, 2.817, 2.468, 2.065, 1.854, 1.693, 1.417, 1.146 (24.089)	Grad: 1752.0
[Epoch  52 (29.73s)]	ELBO (bits/dim): 2.66714, 2.82183, 2.93569, 3.02136, 3.08658, 3.13511, 3.16539, 3.18742, 3.20047, 3.20745 (3.19999)	Reconstruction error (/dim): 0.06641, 0.05645, 0.04903, 0.04335, 0.03801, 0.03390, 0.03132, 0.02938, 0.02816, 0.02751 (0.02767)	KLD: 3.865, 3.489, 3.134, 2.812, 2.462, 2.067, 1.850, 1.697, 1.427, 1.137 (24.619)	Grad: 1649.0
[Epoch  53 (29.79s)]	ELBO (bits/dim): 2.66857, 2.82332, 2.93685, 3.02233, 3.08735, 3.13588, 3.16625, 3.18824, 3.20115, 3.20807 (3.20304)	Reconstruction error (/dim): 0.06634, 0.05633, 0.04894, 0.04328, 0.03794, 0.03385, 0.03124, 0.02929, 0.02810, 0.02744 (0.02747)	KLD: 3.882, 3.491, 3.140, 2.819, 2.463, 2.063, 1.855, 1.692, 1.425, 1.144 (23.635)	Grad: 1667.3
[Epoch  54 (30.04s)]	ELBO (bits/dim): 2.66865, 2.82382, 2.93698, 3.02263, 3.08766, 3.13606, 3.16638, 3.18846, 3.20145, 3.20853 (3.20327)	Reconstruction error (/dim): 0.06629, 0.05628, 0.04891, 0.04326, 0.03793, 0.03385, 0.03125, 0.02931, 0.02809, 0.02741 (0.02759)	KLD: 3.881, 3.491, 3.142, 2.813, 2.463, 2.063, 1.856, 1.695, 1.422, 1.141 (23.962)	Grad: 1770.9
[Epoch  55 (29.92s)]	ELBO (bits/dim): 2.66927, 2.82465, 2.93771, 3.02323, 3.08810, 3.13656, 3.16701, 3.18880, 3.20182, 3.20888 (3.20274)	Reconstruction error (/dim): 0.06627, 0.05623, 0.04888, 0.04320, 0.03791, 0.03382, 0.03119, 0.02929, 0.02807, 0.02739 (0.02747)	KLD: 3.894, 3.497, 3.147, 2.815, 2.460, 2.066, 1.850, 1.695, 1.424, 1.136 (23.910)	Grad: 1811.5
[Epoch  56 (29.51s)]	ELBO (bits/dim): 2.67049, 2.82586, 2.93876, 3.02421, 3.08892, 3.13741, 3.16779, 3.18958, 3.20262, 3.20962 (3.20164)	Reconstruction error (/dim): 0.06616, 0.05618, 0.04880, 0.04313, 0.03785, 0.03376, 0.03114, 0.02923, 0.02802, 0.02734 (0.02758)	KLD: 3.904, 3.502, 3.151, 2.813, 2.458, 2.065, 1.853, 1.691, 1.427, 1.137 (24.147)	Grad: 1758.5
[Epoch  57 (29.43s)]	ELBO (bits/dim): 2.67086, 2.82600, 2.93885, 3.02423, 3.08906, 3.13745, 3.16776, 3.18959, 3.20274, 3.20948 (3.20293)	Reconstruction error (/dim): 0.06609, 0.05618, 0.04879, 0.04312, 0.03783, 0.03376, 0.03114, 0.02921, 0.02799, 0.02735 (0.02752)	KLD: 3.915, 3.497, 3.150, 2.813, 2.461, 2.063, 1.854, 1.694, 1.429, 1.146 (23.996)	Grad: 1822.7
[Epoch  58 (30.24s)]	ELBO (bits/dim): 2.67180, 2.82737, 2.93970, 3.02486, 3.08979, 3.13819, 3.16840, 3.19021, 3.20321, 3.21008 (3.20378)	Reconstruction error (/dim): 0.06603, 0.05607, 0.04875, 0.04309, 0.03778, 0.03371, 0.03110, 0.02918, 0.02798, 0.02733 (0.02750)	KLD: 3.909, 3.501, 3.151, 2.810, 2.473, 2.062, 1.852, 1.689, 1.424, 1.126 (23.817)	Grad: 1765.4
[Epoch  59 (29.11s)]	ELBO (bits/dim): 2.67252, 2.82805, 2.94035, 3.02537, 3.09005, 3.13849, 3.16850, 3.19038, 3.20328, 3.21001 (3.20479)	Reconstruction error (/dim): 0.06601, 0.05605, 0.04868, 0.04303, 0.03777, 0.03368, 0.03110, 0.02916, 0.02797, 0.02732 (0.02745)	KLD: 3.933, 3.506, 3.154, 2.814, 2.464, 2.062, 1.859, 1.686, 1.428, 1.132 (23.892)	Grad: 1792.5
[Epoch  60 (30.59s)]	ELBO (bits/dim): 2.67345, 2.82874, 2.94104, 3.02591, 3.09063, 3.13905, 3.16897, 3.19084, 3.20387, 3.21071 (3.20256)	Reconstruction error (/dim): 0.06588, 0.05602, 0.04864, 0.04300, 0.03772, 0.03364, 0.03104, 0.02912, 0.02791, 0.02727 (0.02763)	KLD: 3.931, 3.508, 3.158, 2.815, 2.467, 2.064, 1.858, 1.685, 1.420, 1.130 (23.911)	Grad: 1867.3
[Epoch  61 (31.96s)]	ELBO (bits/dim): 2.67385, 2.82933, 2.94140, 3.02657, 3.09125, 3.13967, 3.16951, 3.19104, 3.20411, 3.21092 (3.20440)	Reconstruction error (/dim): 0.06586, 0.05598, 0.04863, 0.04294, 0.03767, 0.03360, 0.03102, 0.02913, 0.02791, 0.02727 (0.02742)	KLD: 3.936, 3.503, 3.159, 2.815, 2.469, 2.065, 1.851, 1.691, 1.422, 1.123 (24.029)	Grad: 1779.5
[Epoch  62 (32.20s)]	ELBO (bits/dim): 2.67423, 2.83043, 2.94208, 3.02704, 3.09176, 3.14014, 3.17011, 3.19176, 3.20485, 3.21158 (3.20387)	Reconstruction error (/dim): 0.06585, 0.05591, 0.04860, 0.04291, 0.03764, 0.03357, 0.03097, 0.02906, 0.02784, 0.02721 (0.02753)	KLD: 3.942, 3.515, 3.160, 2.815, 2.466, 2.066, 1.854, 1.690, 1.426, 1.133 (24.357)	Grad: 1812.6
[Epoch  63 (30.39s)]	ELBO (bits/dim): 2.67498, 2.83126, 2.94246, 3.02760, 3.09208, 3.14047, 3.17047, 3.19205, 3.20514, 3.21186 (3.20478)	Reconstruction error (/dim): 0.06578, 0.05585, 0.04858, 0.04287, 0.03763, 0.03355, 0.03095, 0.02905, 0.02784, 0.02720 (0.02733)	KLD: 3.946, 3.514, 3.161, 2.814, 2.470, 2.065, 1.860, 1.687, 1.430, 1.129 (24.125)	Grad: 1770.8
[Epoch  64 (29.63s)]	ELBO (bits/dim): 2.67550, 2.83171, 2.94308, 3.02795, 3.09232, 3.14076, 3.17048, 3.19192, 3.20505, 3.21174 (3.20326)	Reconstruction error (/dim): 0.06579, 0.05583, 0.04851, 0.04283, 0.03760, 0.03353, 0.03097, 0.02907, 0.02785, 0.02721 (0.02739)	KLD: 3.959, 3.508, 3.165, 2.813, 2.467, 2.062, 1.848, 1.689, 1.430, 1.122 (24.225)	Grad: 1926.3
[Epoch  65 (29.92s)]	ELBO (bits/dim): 2.67642, 2.83258, 2.94367, 3.02873, 3.09317, 3.14152, 3.17124, 3.19263, 3.20581, 3.21266 (3.20307)	Reconstruction error (/dim): 0.06571, 0.05578, 0.04848, 0.04276, 0.03754, 0.03348, 0.03088, 0.02901, 0.02778, 0.02713 (0.02755)	KLD: 3.966, 3.518, 3.167, 2.816, 2.470, 2.064, 1.848, 1.691, 1.425, 1.133 (24.049)	Grad: 1841.1
[Epoch  66 (29.38s)]	ELBO (bits/dim): 2.67665, 2.83290, 2.94395, 3.02860, 3.09311, 3.14143, 3.17146, 3.19303, 3.20611, 3.21272 (3.20319)	Reconstruction error (/dim): 0.06565, 0.05578, 0.04844, 0.04280, 0.03754, 0.03348, 0.03088, 0.02899, 0.02776, 0.02714 (0.02754)	KLD: 3.960, 3.514, 3.168, 2.817, 2.480, 2.063, 1.846, 1.689, 1.423, 1.117 (23.966)	Grad: 2013.8
[Epoch  67 (30.77s)]	ELBO (bits/dim): 2.67734, 2.83404, 2.94470, 3.02976, 3.09390, 3.14215, 3.17181, 3.19320, 3.20618, 3.21296 (3.20210)	Reconstruction error (/dim): 0.06565, 0.05567, 0.04838, 0.04266, 0.03748, 0.03343, 0.03085, 0.02896, 0.02776, 0.02712 (0.02774)	KLD: 3.970, 3.519, 3.172, 2.815, 2.469, 2.062, 1.850, 1.685, 1.430, 1.124 (24.219)	Grad: 1873.4
[Epoch  68 (29.32s)]	ELBO (bits/dim): 2.67789, 2.83436, 2.94503, 3.02999, 3.09424, 3.14241, 3.17204, 3.19354, 3.20664, 3.21328 (3.20649)	Reconstruction error (/dim): 0.06560, 0.05566, 0.04836, 0.04265, 0.03746, 0.03340, 0.03084, 0.02894, 0.02771, 0.02709 (0.02746)	KLD: 3.977, 3.520, 3.171, 2.810, 2.471, 2.060, 1.852, 1.684, 1.429, 1.123 (23.829)	Grad: 1972.7
[Epoch  69 (28.73s)]	ELBO (bits/dim): 2.67830, 2.83468, 2.94550, 3.03025, 3.09444, 3.14262, 3.17234, 3.19366, 3.20660, 3.21321 (3.20401)	Reconstruction error (/dim): 0.06558, 0.05567, 0.04835, 0.04266, 0.03746, 0.03340, 0.03081, 0.02894, 0.02774, 0.02710 (0.02761)	KLD: 3.979, 3.523, 3.173, 2.810, 2.473, 2.063, 1.856, 1.693, 1.431, 1.120 (24.366)	Grad: 2006.2
[Epoch  70 (30.94s)]	ELBO (bits/dim): 2.67825, 2.83536, 2.94584, 3.03092, 3.09487, 3.14298, 3.17241, 3.19356, 3.20669, 3.21331 (3.20590)	Reconstruction error (/dim): 0.06565, 0.05561, 0.04830, 0.04257, 0.03742, 0.03337, 0.03082, 0.02895, 0.02774, 0.02710 (0.02720)	KLD: 3.992, 3.522, 3.177, 2.812, 2.471, 2.063, 1.847, 1.687, 1.434, 1.122 (24.117)	Grad: 1989.0
[Epoch  71 (29.40s)]	ELBO (bits/dim): 2.67923, 2.83621, 2.94662, 3.03141, 3.09526, 3.14347, 3.17311, 3.19434, 3.20733, 3.21404 (3.20531)	Reconstruction error (/dim): 0.06554, 0.05556, 0.04825, 0.04252, 0.03738, 0.03333, 0.03076, 0.02889, 0.02768, 0.02704 (0.02742)	KLD: 3.993, 3.529, 3.179, 2.810, 2.468, 2.066, 1.841, 1.681, 1.426, 1.132 (24.207)	Grad: 1941.2
[Epoch  72 (30.55s)]	ELBO (bits/dim): 2.67972, 2.83666, 2.94682, 3.03200, 3.09559, 3.14379, 3.17333, 3.19454, 3.20755, 3.21417 (3.20516)	Reconstruction error (/dim): 0.06550, 0.05553, 0.04825, 0.04248, 0.03736, 0.03331, 0.03075, 0.02888, 0.02769, 0.02704 (0.02736)	KLD: 4.002, 3.523, 3.180, 2.816, 2.473, 2.059, 1.845, 1.682, 1.433, 1.135 (24.442)	Grad: 1959.9
[Epoch  73 (30.88s)]	ELBO (bits/dim): 2.68050, 2.83761, 2.94696, 3.03189, 3.09598, 3.14392, 3.17365, 3.19480, 3.20782, 3.21447 (3.20602)	Reconstruction error (/dim): 0.06542, 0.05547, 0.04823, 0.04249, 0.03732, 0.03331, 0.03072, 0.02886, 0.02765, 0.02701 (0.02737)	KLD: 4.007, 3.523, 3.185, 2.813, 2.479, 2.062, 1.852, 1.682, 1.423, 1.118 (24.177)	Grad: 1975.6
[Epoch  74 (29.61s)]	ELBO (bits/dim): 2.68068, 2.83797, 2.94736, 3.03231, 3.09601, 3.14416, 3.17371, 3.19477, 3.20782, 3.21435 (3.20683)	Reconstruction error (/dim): 0.06543, 0.05545, 0.04821, 0.04246, 0.03734, 0.03328, 0.03071, 0.02886, 0.02766, 0.02704 (0.02740)	KLD: 4.010, 3.528, 3.184, 2.812, 2.473, 2.061, 1.845, 1.680, 1.429, 1.131 (24.153)	Grad: 1990.2
[Epoch  75 (30.78s)]	ELBO (bits/dim): 2.68147, 2.83859, 2.94779, 3.03267, 3.09650, 3.14453, 3.17400, 3.19498, 3.20792, 3.21452 (3.20622)	Reconstruction error (/dim): 0.06538, 0.05544, 0.04820, 0.04245, 0.03730, 0.03326, 0.03068, 0.02884, 0.02765, 0.02701 (0.02758)	KLD: 4.012, 3.525, 3.180, 2.812, 2.476, 2.059, 1.851, 1.680, 1.427, 1.129 (23.635)	Grad: 2037.3
[Epoch  76 (30.50s)]	ELBO (bits/dim): 2.68134, 2.83872, 2.94811, 3.03291, 3.09673, 3.14478, 3.17420, 3.19525, 3.20825, 3.21479 (3.20819)	Reconstruction error (/dim): 0.06540, 0.05541, 0.04814, 0.04239, 0.03726, 0.03322, 0.03067, 0.02881, 0.02762, 0.02699 (0.02712)	KLD: 4.021, 3.533, 3.187, 2.814, 2.476, 2.063, 1.850, 1.675, 1.424, 1.138 (24.161)	Grad: 2036.8
[Epoch  77 (28.99s)]	ELBO (bits/dim): 2.68221, 2.83956, 2.94889, 3.03378, 3.09737, 3.14548, 3.17485, 3.19585, 3.20874, 3.21541 (3.20542)	Reconstruction error (/dim): 0.06533, 0.05538, 0.04812, 0.04235, 0.03723, 0.03320, 0.03064, 0.02878, 0.02760, 0.02695 (0.02737)	KLD: 4.025, 3.535, 3.194, 2.816, 2.474, 2.063, 1.848, 1.682, 1.424, 1.131 (23.970)	Grad: 2075.8
[Epoch  78 (30.38s)]	ELBO (bits/dim): 2.68208, 2.83967, 2.94895, 3.03381, 3.09745, 3.14542, 3.17479, 3.19582, 3.20869, 3.21522 (3.20521)	Reconstruction error (/dim): 0.06536, 0.05535, 0.04808, 0.04232, 0.03722, 0.03319, 0.03062, 0.02877, 0.02759, 0.02696 (0.02744)	KLD: 4.029, 3.535, 3.191, 2.810, 2.474, 2.063, 1.841, 1.680, 1.428, 1.129 (24.313)	Grad: 1977.6
[Epoch  79 (31.61s)]	ELBO (bits/dim): 2.68329, 2.84056, 2.94944, 3.03436, 3.09812, 3.14613, 3.17564, 3.19649, 3.20940, 3.21604 (3.20705)	Reconstruction error (/dim): 0.06522, 0.05533, 0.04808, 0.04230, 0.03717, 0.03315, 0.03058, 0.02874, 0.02755, 0.02690 (0.02730)	KLD: 4.031, 3.540, 3.193, 2.812, 2.484, 2.057, 1.842, 1.687, 1.428, 1.117 (23.929)	Grad: 1974.6
[Epoch  80 (29.25s)]	ELBO (bits/dim): 2.68343, 2.84101, 2.94990, 3.03499, 3.09840, 3.14633, 3.17554, 3.19658, 3.20926, 3.21589 (3.20580)	Reconstruction error (/dim): 0.06528, 0.05529, 0.04802, 0.04224, 0.03715, 0.03313, 0.03058, 0.02873, 0.02755, 0.02691 (0.02724)	KLD: 4.033, 3.537, 3.192, 2.811, 2.478, 2.054, 1.843, 1.674, 1.428, 1.126 (24.409)	Grad: 1990.9
[Epoch  81 (30.19s)]	ELBO (bits/dim): 2.68351, 2.84100, 2.94980, 3.03501, 3.09847, 3.14632, 3.17560, 3.19648, 3.20930, 3.21589 (3.20837)	Reconstruction error (/dim): 0.06524, 0.05531, 0.04805, 0.04225, 0.03715, 0.03313, 0.03058, 0.02874, 0.02755, 0.02691 (0.02712)	KLD: 4.044, 3.542, 3.197, 2.811, 2.476, 2.060, 1.846, 1.683, 1.427, 1.129 (24.438)	Grad: 2136.1
[Epoch  82 (31.40s)]	ELBO (bits/dim): 2.68327, 2.84109, 2.94987, 3.03492, 3.09856, 3.14626, 3.17551, 3.19623, 3.20907, 3.21576 (3.20585)	Reconstruction error (/dim): 0.06530, 0.05526, 0.04803, 0.04222, 0.03714, 0.03313, 0.03059, 0.02876, 0.02759, 0.02694 (0.02720)	KLD: 4.049, 3.541, 3.199, 2.812, 2.478, 2.056, 1.838, 1.683, 1.417, 1.119 (24.484)	Grad: 2091.8
[Epoch  83 (30.25s)]	ELBO (bits/dim): 2.68444, 2.84198, 2.95062, 3.03539, 3.09898, 3.14690, 3.17636, 3.19745, 3.21020, 3.21679 (3.20691)	Reconstruction error (/dim): 0.06514, 0.05521, 0.04798, 0.04222, 0.03710, 0.03309, 0.03052, 0.02867, 0.02750, 0.02685 (0.02727)	KLD: 4.042, 3.543, 3.201, 2.810, 2.482, 2.062, 1.847, 1.676, 1.432, 1.118 (24.636)	Grad: 2003.0
[Epoch  84 (29.83s)]	ELBO (bits/dim): 2.68425, 2.84206, 2.95051, 3.03534, 3.09886, 3.14673, 3.17609, 3.19659, 3.20945, 3.21610 (3.20712)	Reconstruction error (/dim): 0.06518, 0.05524, 0.04801, 0.04221, 0.03712, 0.03310, 0.03055, 0.02874, 0.02756, 0.02690 (0.02725)	KLD: 4.044, 3.547, 3.202, 2.812, 2.483, 2.061, 1.836, 1.674, 1.432, 1.125 (23.867)	Grad: 2231.1
[Epoch  85 (29.28s)]	ELBO (bits/dim): 2.68473, 2.84256, 2.95098, 3.03564, 3.09934, 3.14707, 3.17651, 3.19739, 3.20988, 3.21655 (3.20811)	Reconstruction error (/dim): 0.06516, 0.05519, 0.04795, 0.04218, 0.03709, 0.03309, 0.03052, 0.02868, 0.02753, 0.02688 (0.02717)	KLD: 4.050, 3.547, 3.204, 2.806, 2.480, 2.057, 1.849, 1.680, 1.431, 1.128 (24.249)	Grad: 2095.0
[Epoch  86 (29.00s)]	ELBO (bits/dim): 2.68543, 2.84318, 2.95151, 3.03645, 3.09995, 3.14785, 3.17713, 3.19786, 3.21068, 3.21729 (3.20733)	Reconstruction error (/dim): 0.06511, 0.05516, 0.04794, 0.04213, 0.03704, 0.03301, 0.03046, 0.02863, 0.02746, 0.02683 (0.02736)	KLD: 4.051, 3.546, 3.203, 2.810, 2.482, 2.057, 1.845, 1.676, 1.426, 1.122 (24.370)	Grad: 2023.2
[Epoch  87 (28.63s)]	ELBO (bits/dim): 2.68596, 2.84386, 2.95172, 3.03652, 3.10012, 3.14791, 3.17702, 3.19771, 3.21049, 3.21712 (3.20695)	Reconstruction error (/dim): 0.06509, 0.05512, 0.04791, 0.04211, 0.03702, 0.03301, 0.03047, 0.02864, 0.02747, 0.02684 (0.02720)	KLD: 4.056, 3.551, 3.202, 2.806, 2.484, 2.061, 1.842, 1.674, 1.439, 1.120 (24.173)	Grad: 2125.3
[Epoch  88 (28.68s)]	ELBO (bits/dim): 2.68631, 2.84428, 2.95229, 3.03696, 3.10038, 3.14806, 3.17725, 3.19797, 3.21057, 3.21717 (3.20680)	Reconstruction error (/dim): 0.06504, 0.05508, 0.04788, 0.04208, 0.03700, 0.03301, 0.03046, 0.02864, 0.02747, 0.02683 (0.02748)	KLD: 4.065, 3.550, 3.207, 2.809, 2.482, 2.055, 1.844, 1.673, 1.428, 1.132 (24.369)	Grad: 2153.5
[Epoch  89 (28.70s)]	ELBO (bits/dim): 2.68670, 2.84482, 2.95287, 3.03771, 3.10110, 3.14863, 3.17788, 3.19850, 3.21115, 3.21774 (3.20652)	Reconstruction error (/dim): 0.06501, 0.05503, 0.04784, 0.04201, 0.03695, 0.03296, 0.03041, 0.02859, 0.02743, 0.02680 (0.02730)	KLD: 4.068, 3.556, 3.211, 2.811, 2.481, 2.054, 1.834, 1.680, 1.426, 1.115 (24.444)	Grad: 2074.6
[Epoch  90 (29.22s)]	ELBO (bits/dim): 2.68675, 2.84481, 2.95294, 3.03767, 3.10080, 3.14846, 3.17744, 3.19799, 3.21075, 3.21720 (3.20915)	Reconstruction error (/dim): 0.06507, 0.05506, 0.04782, 0.04200, 0.03696, 0.03296, 0.03043, 0.02863, 0.02744, 0.02683 (0.02715)	KLD: 4.077, 3.554, 3.212, 2.812, 2.484, 2.056, 1.836, 1.670, 1.432, 1.112 (24.174)	Grad: 2234.1
[Epoch  91 (28.87s)]	ELBO (bits/dim): 2.68726, 2.84516, 2.95293, 3.03765, 3.10102, 3.14858, 3.17760, 3.19823, 3.21092, 3.21738 (3.20891)	Reconstruction error (/dim): 0.06494, 0.05503, 0.04783, 0.04202, 0.03695, 0.03296, 0.03042, 0.02861, 0.02743, 0.02681 (0.02707)	KLD: 4.079, 3.548, 3.214, 2.805, 2.485, 2.056, 1.846, 1.669, 1.437, 1.119 (24.447)	Grad: 2284.5
[Epoch  92 (28.47s)]	ELBO (bits/dim): 2.68810, 2.84594, 2.95347, 3.03802, 3.10149, 3.14918, 3.17844, 3.19902, 3.21173, 3.21828 (3.20676)	Reconstruction error (/dim): 0.06489, 0.05500, 0.04782, 0.04202, 0.03694, 0.03292, 0.03036, 0.02855, 0.02738, 0.02674 (0.02735)	KLD: 4.075, 3.552, 3.213, 2.807, 2.482, 2.061, 1.839, 1.671, 1.427, 1.108 (24.499)	Grad: 2229.6
[Epoch  93 (28.29s)]	ELBO (bits/dim): 2.68780, 2.84563, 2.95363, 3.03838, 3.10149, 3.14912, 3.17796, 3.19850, 3.21117, 3.21768 (3.20809)	Reconstruction error (/dim): 0.06496, 0.05502, 0.04778, 0.04196, 0.03692, 0.03292, 0.03039, 0.02860, 0.02743, 0.02680 (0.02733)	KLD: 4.080, 3.559, 3.215, 2.808, 2.486, 2.056, 1.835, 1.670, 1.425, 1.102 (24.227)	Grad: 2243.1
[Epoch  94 (28.79s)]	ELBO (bits/dim): 2.68777, 2.84578, 2.95390, 3.03880, 3.10202, 3.14960, 3.17849, 3.19869, 3.21139, 3.21783 (3.20742)	Reconstruction error (/dim): 0.06497, 0.05501, 0.04775, 0.04193, 0.03688, 0.03287, 0.03034, 0.02857, 0.02742, 0.02678 (0.02729)	KLD: 4.087, 3.558, 3.216, 2.806, 2.483, 2.055, 1.831, 1.668, 1.428, 1.125 (24.154)	Grad: 2099.6
[Epoch  95 (28.40s)]	ELBO (bits/dim): 2.68870, 2.84645, 2.95421, 3.03890, 3.10233, 3.14972, 3.17867, 3.19918, 3.21185, 3.21827 (3.20750)	Reconstruction error (/dim): 0.06485, 0.05498, 0.04773, 0.04193, 0.03685, 0.03288, 0.03033, 0.02852, 0.02737, 0.02674 (0.02727)	KLD: 4.082, 3.564, 3.216, 2.808, 2.486, 2.062, 1.834, 1.669, 1.432, 1.117 (24.276)	Grad: 2177.4
[Epoch  96 (28.70s)]	ELBO (bits/dim): 2.68914, 2.84685, 2.95425, 3.03863, 3.10214, 3.14970, 3.17893, 3.19953, 3.21200, 3.21854 (3.20659)	Reconstruction error (/dim): 0.06483, 0.05494, 0.04775, 0.04196, 0.03688, 0.03289, 0.03033, 0.02851, 0.02737, 0.02673 (0.02738)	KLD: 4.080, 3.560, 3.220, 2.808, 2.489, 2.055, 1.841, 1.670, 1.432, 1.116 (24.060)	Grad: 2251.7
[Epoch  97 (29.11s)]	ELBO (bits/dim): 2.68945, 2.84727, 2.95490, 3.03952, 3.10262, 3.15039, 3.17943, 3.19979, 3.21235, 3.21885 (3.20686)	Reconstruction error (/dim): 0.06484, 0.05493, 0.04770, 0.04189, 0.03684, 0.03284, 0.03028, 0.02849, 0.02733, 0.02670 (0.02729)	KLD: 4.082, 3.557, 3.222, 2.806, 2.489, 2.053, 1.842, 1.671, 1.429, 1.122 (24.091)	Grad: 2290.4
[Epoch  98 (29.00s)]	ELBO (bits/dim): 2.68971, 2.84758, 2.95485, 3.03929, 3.10274, 3.15019, 3.17928, 3.19967, 3.21215, 3.21872 (3.20776)	Reconstruction error (/dim): 0.06482, 0.05490, 0.04771, 0.04192, 0.03683, 0.03284, 0.03030, 0.02851, 0.02737, 0.02673 (0.02716)	KLD: 4.081, 3.567, 3.225, 2.810, 2.488, 2.055, 1.841, 1.673, 1.431, 1.113 (24.090)	Grad: 2327.1
[Epoch  99 (28.61s)]	ELBO (bits/dim): 2.69008, 2.84762, 2.95505, 3.03961, 3.10281, 3.15048, 3.17972, 3.20015, 3.21249, 3.21905 (3.20830)	Reconstruction error (/dim): 0.06478, 0.05491, 0.04770, 0.04188, 0.03682, 0.03283, 0.03025, 0.02846, 0.02734, 0.02669 (0.02735)	KLD: 4.079, 3.565, 3.224, 2.809, 2.495, 2.054, 1.832, 1.667, 1.430, 1.110 (24.662)	Grad: 2395.7
No improvement after 10 epochs...
Best epoch(s): [90]	Training time(s): 2873.25s (2873.25s)	Best ELBO (bits/dim): 3.21905 (3.20915)	Best reconstruction error (/dim): 0.07877 (0.06819)
Avg. mu: 0.110, 0.072, 0.017, 0.054, -0.012, 0.008, -0.005, 0.047, 0.045, 0.196
Avg. var: 0.002, 0.001, 0.003, 0.004, 0.008, 0.018, 0.031, 0.039, 0.070, 0.117
Max. mu: 4.510, 4.387, 4.091, 4.193, 3.792, 4.179, 4.566, 3.993, 3.667, 4.770
Max. var: 0.054, 0.029, 0.031, 0.032, 0.044, 0.080, 0.215, 0.201, 0.290, 0.467
Min. mu: -5.594, -4.164, -3.795, -3.935, -5.236, -3.497, -4.534, -5.291, -3.579, -3.382
Min. var: 0.000, 0.000, 0.000, 0.001, 0.001, 0.006, 0.005, 0.008, 0.020, 0.036
Cov. mu:
[[1.837 -0.440 0.485 0.211 -0.111 -0.082 0.153 0.114 -0.012 -0.067]
 [-0.440 1.232 0.224 0.150 0.047 0.050 -0.070 -0.056 0.021 0.011]
 [0.485 0.224 1.167 0.183 0.008 -0.004 -0.025 0.054 -0.011 -0.078]
 [0.211 0.150 0.183 1.003 -0.011 0.057 0.035 -0.009 0.042 -0.075]
 [-0.111 0.047 0.008 -0.011 1.020 -0.039 0.078 0.043 0.043 0.062]
 [-0.082 0.050 -0.004 0.057 -0.039 1.025 -0.065 0.012 0.024 -0.048]
 [0.153 -0.070 -0.025 0.035 0.078 -0.065 0.981 -0.015 -0.039 -0.002]
 [0.114 -0.056 0.054 -0.009 0.043 0.012 -0.015 0.862 -0.021 0.035]
 [-0.012 0.021 -0.011 0.042 0.043 0.024 -0.039 -0.021 0.954 -0.023]
 [-0.067 0.011 -0.078 -0.075 0.062 -0.048 -0.002 0.035 -0.023 0.894]]
