Seed: 2020
=================================================================
Layer (type:depth-idx)                   Param #
=================================================================
RNN                                      --
├─Canvas: 1-1                            --
│    └─Linear: 2-1                       784
├─Encoder: 1-2                           --
│    └─Linear: 2-2                       76,930
│    └─Linear: 2-3                       9,702
├─EncoderEncoderToEncoder: 1-3           --
│    └─Linear: 2-4                       19,306
│    └─Linear: 2-5                       9,702
├─ModuleList: 1-4                        --
│    └─EncoderToLatents: 2-6             --
│    │    └─Linear: 3-1                  99
│    │    └─Linear: 3-2                  99
│    └─EncoderToLatents: 2-7             --
│    │    └─Linear: 3-3                  99
│    │    └─Linear: 3-4                  99
│    └─EncoderToLatents: 2-8             --
│    │    └─Linear: 3-5                  99
│    │    └─Linear: 3-6                  99
│    └─EncoderToLatents: 2-9             --
│    │    └─Linear: 3-7                  99
│    │    └─Linear: 3-8                  99
│    └─EncoderToLatents: 2-10            --
│    │    └─Linear: 3-9                  99
│    │    └─Linear: 3-10                 99
│    └─EncoderToLatents: 2-11            --
│    │    └─Linear: 3-11                 99
│    │    └─Linear: 3-12                 99
│    └─EncoderToLatents: 2-12            --
│    │    └─Linear: 3-13                 99
│    │    └─Linear: 3-14                 99
│    └─EncoderToLatents: 2-13            --
│    │    └─Linear: 3-15                 99
│    │    └─Linear: 3-16                 99
│    └─EncoderToLatents: 2-14            --
│    │    └─Linear: 3-17                 99
│    │    └─Linear: 3-18                 99
│    └─EncoderToLatents: 2-15            --
│    │    └─Linear: 3-19                 99
│    │    └─Linear: 3-20                 99
├─ModuleList: 1-5                        --
│    └─LatentsToDecoder: 2-16            --
│    │    └─Linear: 3-21                 196
│    └─LatentsToDecoder: 2-17            --
│    │    └─Linear: 3-22                 196
│    └─LatentsToDecoder: 2-18            --
│    │    └─Linear: 3-23                 196
│    └─LatentsToDecoder: 2-19            --
│    │    └─Linear: 3-24                 196
│    └─LatentsToDecoder: 2-20            --
│    │    └─Linear: 3-25                 196
│    └─LatentsToDecoder: 2-21            --
│    │    └─Linear: 3-26                 196
│    └─LatentsToDecoder: 2-22            --
│    │    └─Linear: 3-27                 196
│    └─LatentsToDecoder: 2-23            --
│    │    └─Linear: 3-28                 196
│    └─LatentsToDecoder: 2-24            --
│    │    └─Linear: 3-29                 196
│    └─LatentsToDecoder: 2-25            --
│    │    └─Linear: 3-30                 196
├─Decoder: 1-6                           --
│    └─Linear: 2-26                      9,702
│    └─Linear: 2-27                      77,616
=================================================================
Total params: 207,682
Trainable params: 207,682
Non-trainable params: 0
=================================================================
[Epoch   1 (66.93s)]	ELBO (bits/dim): 2.27722, 2.38860, 2.41021, 2.42231, 2.42737, 2.43012, 2.42833, 2.42500, 2.42030, 2.41580 (2.59921)	Reconstruction error (/dim): 0.08228, 0.07684, 0.07735, 0.07771, 0.07770, 0.07810, 0.07844, 0.07906, 0.07939, 0.07971 (0.06834)	KLD: 8.558, 2.464, 0.328, 0.345, 0.324, 0.611, 0.302, 0.333, 0.367, 0.431 (12.726)	Grad: 1265.6
[Epoch   2 (69.21s)]	ELBO (bits/dim): 2.48801, 2.61480, 2.68235, 2.68721, 2.69180, 2.69235, 2.69205, 2.69110, 2.69040, 2.68900 (2.77134)	Reconstruction error (/dim): 0.07733, 0.07066, 0.06579, 0.06531, 0.06494, 0.06497, 0.06487, 0.06512, 0.06508, 0.06518 (0.05983)	KLD: 4.368, 3.541, 2.398, 0.927, 0.924, 0.764, 0.412, 0.270, 0.230, 0.360 (15.461)	Grad: 1334.4
[Epoch   3 (75.05s)]	ELBO (bits/dim): 2.53985, 2.65948, 2.78138, 2.81937, 2.84988, 2.86139, 2.86202, 2.86218, 2.86205, 2.86143 (2.95262)	Reconstruction error (/dim): 0.07393, 0.06934, 0.06103, 0.05679, 0.05380, 0.05290, 0.05284, 0.05291, 0.05282, 0.05297 (0.04613)	KLD: 3.957, 3.515, 3.446, 2.090, 1.794, 1.430, 0.421, 0.239, 0.222, 0.277 (18.626)	Grad: 1543.9
[Epoch   4 (76.66s)]	ELBO (bits/dim): 2.56157, 2.68819, 2.82665, 2.87211, 2.92739, 2.96918, 2.96967, 2.96971, 2.96932, 2.96890 (3.00430)	Reconstruction error (/dim): 0.07352, 0.06783, 0.05845, 0.05399, 0.04892, 0.04496, 0.04498, 0.04505, 0.04513, 0.04531 (0.04228)	KLD: 3.613, 3.494, 3.252, 2.205, 2.289, 1.987, 0.301, 0.200, 0.156, 0.085 (17.082)	Grad: 1561.2
[Epoch   5 (76.83s)]	ELBO (bits/dim): 2.57534, 2.70794, 2.85195, 2.89840, 2.95498, 3.00544, 3.01033, 3.01024, 3.01010, 3.00988 (3.03689)	Reconstruction error (/dim): 0.07248, 0.06605, 0.05654, 0.05222, 0.04725, 0.04238, 0.04185, 0.04194, 0.04196, 0.04207 (0.04007)	KLD: 3.506, 3.428, 3.121, 2.199, 2.332, 2.116, 0.798, 0.069, 0.107, 0.046 (18.445)	Grad: 1442.9
[Epoch   6 (75.33s)]	ELBO (bits/dim): 2.58228, 2.71842, 2.87003, 2.91880, 2.97642, 3.02762, 3.04262, 3.04267, 3.04249, 3.04224 (3.06612)	Reconstruction error (/dim): 0.07203, 0.06533, 0.05510, 0.05056, 0.04581, 0.04090, 0.03934, 0.03941, 0.03947, 0.03955 (0.03736)	KLD: 3.508, 3.420, 3.124, 2.207, 2.346, 2.121, 1.409, 0.032, 0.156, 0.044 (18.462)	Grad: 1465.7
[Epoch   7 (64.30s)]	ELBO (bits/dim): 2.58653, 2.72476, 2.88434, 2.93542, 2.99396, 3.04494, 3.06331, 3.06323, 3.06318, 3.06295 (3.08160)	Reconstruction error (/dim): 0.07181, 0.06506, 0.05391, 0.04924, 0.04458, 0.03969, 0.03784, 0.03788, 0.03794, 0.03801 (0.03612)	KLD: 3.501, 3.435, 3.132, 2.222, 2.337, 2.127, 1.542, 0.020, 0.176, 0.039 (18.472)	Grad: 1465.6
[Epoch   8 (64.27s)]	ELBO (bits/dim): 2.58994, 2.73057, 2.89540, 2.94893, 3.00818, 3.05912, 3.07810, 3.07809, 3.07853, 3.07841 (3.09309)	Reconstruction error (/dim): 0.07159, 0.06472, 0.05300, 0.04824, 0.04353, 0.03865, 0.03676, 0.03680, 0.03679, 0.03682 (0.03533)	KLD: 3.483, 3.454, 3.140, 2.242, 2.329, 2.120, 1.581, 0.018, 0.315, 0.037 (19.308)	Grad: 1361.4
[Epoch   9 (65.48s)]	ELBO (bits/dim): 2.59330, 2.73613, 2.90342, 2.96010, 3.01999, 3.07010, 3.08970, 3.08972, 3.09199, 3.09185 (3.10657)	Reconstruction error (/dim): 0.07124, 0.06430, 0.05236, 0.04744, 0.04268, 0.03789, 0.03596, 0.03597, 0.03576, 0.03579 (0.03436)	KLD: 3.479, 3.471, 3.146, 2.274, 2.329, 2.110, 1.619, 0.020, 0.635, 0.031 (19.536)	Grad: 1424.3
[Epoch  10 (66.66s)]	ELBO (bits/dim): 2.59575, 2.74058, 2.90967, 2.96931, 3.02956, 3.07912, 3.09903, 3.09918, 3.10389, 3.10390 (3.11802)	Reconstruction error (/dim): 0.07096, 0.06393, 0.05188, 0.04671, 0.04197, 0.03727, 0.03533, 0.03532, 0.03483, 0.03484 (0.03357)	KLD: 3.483, 3.492, 3.156, 2.308, 2.327, 2.104, 1.639, 0.027, 0.951, 0.023 (19.884)	Grad: 1374.0
[Epoch  11 (64.92s)]	ELBO (bits/dim): 2.59784, 2.74467, 2.91460, 2.97678, 3.03712, 3.08635, 3.10681, 3.10686, 3.11349, 3.11334 (3.12712)	Reconstruction error (/dim): 0.07075, 0.06356, 0.05154, 0.04615, 0.04143, 0.03680, 0.03481, 0.03481, 0.03411, 0.03414 (0.03292)	KLD: 3.481, 3.511, 3.161, 2.334, 2.328, 2.097, 1.665, 0.037, 1.111, 0.018 (19.807)	Grad: 1372.9
[Epoch  12 (64.60s)]	ELBO (bits/dim): 2.59968, 2.74823, 2.91881, 2.98280, 3.04316, 3.09231, 3.11341, 3.11357, 3.12123, 3.12118 (3.13254)	Reconstruction error (/dim): 0.07055, 0.06324, 0.05124, 0.04569, 0.04099, 0.03642, 0.03438, 0.03435, 0.03357, 0.03360 (0.03248)	KLD: 3.480, 3.528, 3.163, 2.355, 2.325, 2.098, 1.688, 0.054, 1.176, 0.017 (20.070)	Grad: 1374.3
[Epoch  13 (68.98s)]	ELBO (bits/dim): 2.60145, 2.75172, 2.92294, 2.98829, 3.04806, 3.09748, 3.11917, 3.11957, 3.12757, 3.12749 (3.14062)	Reconstruction error (/dim): 0.07036, 0.06296, 0.05095, 0.04527, 0.04065, 0.03609, 0.03398, 0.03392, 0.03314, 0.03314 (0.03188)	KLD: 3.493, 3.539, 3.162, 2.368, 2.320, 2.099, 1.698, 0.108, 1.202, 0.015 (19.840)	Grad: 1496.4
[Epoch  14 (75.98s)]	ELBO (bits/dim): 2.60382, 2.75532, 2.92716, 2.99356, 3.05323, 3.10253, 3.12460, 3.12690, 3.13368, 3.13368 (3.14673)	Reconstruction error (/dim): 0.07014, 0.06265, 0.05063, 0.04488, 0.04029, 0.03576, 0.03362, 0.03335, 0.03269, 0.03268 (0.03140)	KLD: 3.498, 3.548, 3.163, 2.384, 2.319, 2.098, 1.708, 0.379, 1.152, 0.015 (20.448)	Grad: 1361.9
[Epoch  15 (75.60s)]	ELBO (bits/dim): 2.60576, 2.75839, 2.93070, 2.99781, 3.05725, 3.10660, 3.12919, 3.13481, 3.13954, 3.13951 (3.15088)	Reconstruction error (/dim): 0.06999, 0.06241, 0.05039, 0.04457, 0.04004, 0.03551, 0.03333, 0.03270, 0.03226, 0.03226 (0.03154)	KLD: 3.504, 3.558, 3.164, 2.401, 2.328, 2.105, 1.714, 0.810, 1.013, 0.014 (20.742)	Grad: 1341.7
[Epoch  16 (77.81s)]	ELBO (bits/dim): 2.60800, 2.76172, 2.93385, 3.00167, 3.06096, 3.11040, 3.13322, 3.14126, 3.14569, 3.14558 (3.15789)	Reconstruction error (/dim): 0.06980, 0.06212, 0.05016, 0.04432, 0.03978, 0.03529, 0.03309, 0.03220, 0.03179, 0.03181 (0.03096)	KLD: 3.509, 3.571, 3.164, 2.413, 2.329, 2.104, 1.718, 1.066, 0.964, 0.018 (20.702)	Grad: 1344.8
[Epoch  17 (76.08s)]	ELBO (bits/dim): 2.60982, 2.76453, 2.93670, 3.00499, 3.06411, 3.11342, 3.13666, 3.14603, 3.15173, 3.15159 (3.16323)	Reconstruction error (/dim): 0.06972, 0.06186, 0.04993, 0.04409, 0.03958, 0.03512, 0.03290, 0.03189, 0.03136, 0.03136 (0.03021)	KLD: 3.527, 3.568, 3.165, 2.420, 2.337, 2.113, 1.717, 1.195, 1.058, 0.022 (21.544)	Grad: 1410.7
[Epoch  18 (77.81s)]	ELBO (bits/dim): 2.61179, 2.76725, 2.93907, 3.00776, 3.06697, 3.11622, 3.13965, 3.15005, 3.15728, 3.15723 (3.16772)	Reconstruction error (/dim): 0.06958, 0.06158, 0.04973, 0.04389, 0.03938, 0.03495, 0.03272, 0.03160, 0.03094, 0.03093 (0.02997)	KLD: 3.540, 3.580, 3.171, 2.436, 2.335, 2.118, 1.721, 1.272, 1.138, 0.028 (21.336)	Grad: 1441.1
[Epoch  19 (77.98s)]	ELBO (bits/dim): 2.61425, 2.77044, 2.94178, 3.01076, 3.06997, 3.11907, 3.14284, 3.15407, 3.16213, 3.16225 (3.17288)	Reconstruction error (/dim): 0.06945, 0.06129, 0.04951, 0.04367, 0.03916, 0.03477, 0.03252, 0.03134, 0.03060, 0.03057 (0.02984)	KLD: 3.555, 3.583, 3.176, 2.448, 2.339, 2.116, 1.723, 1.316, 1.188, 0.038 (21.771)	Grad: 1375.5
[Epoch  20 (77.83s)]	ELBO (bits/dim): 2.61624, 2.77361, 2.94403, 3.01329, 3.07250, 3.12133, 3.14538, 3.15705, 3.16595, 3.16586 (3.17679)	Reconstruction error (/dim): 0.06932, 0.06100, 0.04930, 0.04347, 0.03898, 0.03464, 0.03237, 0.03116, 0.03034, 0.03033 (0.02948)	KLD: 3.566, 3.590, 3.174, 2.461, 2.343, 2.114, 1.719, 1.343, 1.232, 0.047 (21.570)	Grad: 1459.9
[Epoch  21 (79.71s)]	ELBO (bits/dim): 2.61832, 2.77605, 2.94629, 3.01570, 3.07461, 3.12332, 3.14760, 3.15988, 3.16911, 3.16906 (3.17961)	Reconstruction error (/dim): 0.06919, 0.06076, 0.04910, 0.04331, 0.03881, 0.03453, 0.03223, 0.03097, 0.03011, 0.03010 (0.02924)	KLD: 3.579, 3.592, 3.182, 2.466, 2.350, 2.116, 1.725, 1.369, 1.260, 0.066 (21.759)	Grad: 1497.9
[Epoch  22 (76.28s)]	ELBO (bits/dim): 2.62079, 2.77854, 2.94877, 3.01806, 3.07715, 3.12558, 3.15013, 3.16287, 3.17251, 3.17246 (3.18369)	Reconstruction error (/dim): 0.06905, 0.06055, 0.04889, 0.04314, 0.03863, 0.03439, 0.03207, 0.03078, 0.02987, 0.02987 (0.02869)	KLD: 3.611, 3.599, 3.181, 2.480, 2.356, 2.116, 1.723, 1.384, 1.273, 0.090 (21.482)	Grad: 1519.6
[Epoch  23 (66.59s)]	ELBO (bits/dim): 2.62272, 2.78091, 2.95090, 3.02032, 3.07935, 3.12748, 3.15220, 3.16516, 3.17511, 3.17516 (3.18422)	Reconstruction error (/dim): 0.06889, 0.06031, 0.04869, 0.04295, 0.03844, 0.03426, 0.03192, 0.03062, 0.02970, 0.02968 (0.02870)	KLD: 3.619, 3.601, 3.190, 2.487, 2.357, 2.115, 1.723, 1.402, 1.291, 0.131 (22.023)	Grad: 1491.7
[Epoch  24 (67.98s)]	ELBO (bits/dim): 2.62476, 2.78268, 2.95242, 3.02213, 3.08118, 3.12904, 3.15400, 3.16731, 3.17724, 3.17750 (3.18863)	Reconstruction error (/dim): 0.06877, 0.06016, 0.04858, 0.04283, 0.03830, 0.03415, 0.03180, 0.03045, 0.02953, 0.02951 (0.02859)	KLD: 3.627, 3.604, 3.197, 2.496, 2.360, 2.120, 1.726, 1.407, 1.302, 0.196 (22.041)	Grad: 1467.6
[Epoch  25 (70.77s)]	ELBO (bits/dim): 2.62696, 2.78491, 2.95438, 3.02418, 3.08319, 3.13089, 3.15615, 3.16980, 3.17974, 3.18018 (3.19031)	Reconstruction error (/dim): 0.06869, 0.05997, 0.04842, 0.04268, 0.03814, 0.03403, 0.03167, 0.03031, 0.02936, 0.02931 (0.02845)	KLD: 3.652, 3.606, 3.195, 2.508, 2.364, 2.112, 1.728, 1.422, 1.302, 0.273 (22.174)	Grad: 1571.6
[Epoch  26 (68.69s)]	ELBO (bits/dim): 2.62871, 2.78676, 2.95554, 3.02541, 3.08457, 3.13180, 3.15710, 3.17098, 3.18113, 3.18170 (3.19103)	Reconstruction error (/dim): 0.06860, 0.05981, 0.04831, 0.04258, 0.03802, 0.03397, 0.03161, 0.03023, 0.02928, 0.02920 (0.02827)	KLD: 3.662, 3.602, 3.196, 2.516, 2.364, 2.110, 1.735, 1.436, 1.310, 0.360 (21.981)	Grad: 1576.5
[Epoch  27 (67.75s)]	ELBO (bits/dim): 2.63080, 2.78885, 2.95744, 3.02726, 3.08665, 3.13357, 3.15918, 3.17318, 3.18340, 3.18420 (3.19372)	Reconstruction error (/dim): 0.06844, 0.05965, 0.04817, 0.04246, 0.03785, 0.03384, 0.03145, 0.03006, 0.02910, 0.02902 (0.02797)	KLD: 3.680, 3.610, 3.198, 2.520, 2.366, 2.105, 1.740, 1.442, 1.309, 0.445 (22.985)	Grad: 1580.2
[Epoch  28 (65.69s)]	ELBO (bits/dim): 2.63254, 2.79060, 2.95900, 3.02885, 3.08820, 3.13491, 3.16059, 3.17485, 3.18501, 3.18597 (3.19483)	Reconstruction error (/dim): 0.06834, 0.05951, 0.04805, 0.04234, 0.03775, 0.03376, 0.03134, 0.02995, 0.02900, 0.02889 (0.02802)	KLD: 3.697, 3.612, 3.203, 2.524, 2.370, 2.107, 1.735, 1.452, 1.318, 0.511 (22.114)	Grad: 1562.8
[Epoch  29 (65.93s)]	ELBO (bits/dim): 2.63399, 2.79212, 2.95975, 3.02957, 3.08923, 3.13562, 3.16125, 3.17564, 3.18585, 3.18719 (3.19710)	Reconstruction error (/dim): 0.06830, 0.05935, 0.04796, 0.04228, 0.03764, 0.03370, 0.03131, 0.02989, 0.02894, 0.02879 (0.02776)	KLD: 3.714, 3.608, 3.204, 2.532, 2.373, 2.104, 1.731, 1.456, 1.308, 0.562 (22.429)	Grad: 1616.0
[Epoch  30 (66.05s)]	ELBO (bits/dim): 2.63567, 2.79451, 2.96144, 3.03146, 3.09115, 3.13718, 3.16301, 3.17766, 3.18789, 3.18933 (3.19579)	Reconstruction error (/dim): 0.06818, 0.05917, 0.04783, 0.04214, 0.03749, 0.03358, 0.03118, 0.02974, 0.02879, 0.02863 (0.02812)	KLD: 3.729, 3.614, 3.207, 2.541, 2.376, 2.101, 1.738, 1.467, 1.315, 0.620 (22.774)	Grad: 1588.8
[Epoch  31 (66.03s)]	ELBO (bits/dim): 2.63735, 2.79611, 2.96274, 3.03274, 3.09223, 3.13786, 3.16406, 3.17876, 3.18912, 3.19076 (3.19915)	Reconstruction error (/dim): 0.06807, 0.05899, 0.04773, 0.04203, 0.03741, 0.03355, 0.03111, 0.02968, 0.02872, 0.02853 (0.02774)	KLD: 3.738, 3.615, 3.212, 2.546, 2.378, 2.095, 1.738, 1.465, 1.315, 0.653 (22.773)	Grad: 1569.2
[Epoch  32 (67.49s)]	ELBO (bits/dim): 2.63936, 2.79795, 2.96401, 3.03395, 3.09363, 3.13901, 3.16531, 3.18006, 3.19046, 3.19229 (3.20131)	Reconstruction error (/dim): 0.06794, 0.05884, 0.04761, 0.04196, 0.03729, 0.03346, 0.03102, 0.02960, 0.02863, 0.02843 (0.02763)	KLD: 3.742, 3.614, 3.212, 2.550, 2.378, 2.096, 1.745, 1.471, 1.317, 0.692 (22.827)	Grad: 1612.0
[Epoch  33 (66.29s)]	ELBO (bits/dim): 2.64043, 2.79932, 2.96504, 3.03489, 3.09462, 3.13983, 3.16613, 3.18105, 3.19137, 3.19361 (3.20282)	Reconstruction error (/dim): 0.06794, 0.05874, 0.04752, 0.04187, 0.03721, 0.03341, 0.03100, 0.02954, 0.02858, 0.02834 (0.02731)	KLD: 3.763, 3.619, 3.217, 2.553, 2.381, 2.092, 1.744, 1.477, 1.320, 0.721 (23.453)	Grad: 1789.0
[Epoch  34 (66.09s)]	ELBO (bits/dim): 2.64182, 2.80024, 2.96533, 3.03487, 3.09467, 3.13949, 3.16632, 3.18136, 3.19156, 3.19398 (3.20239)	Reconstruction error (/dim): 0.06785, 0.05868, 0.04750, 0.04187, 0.03720, 0.03343, 0.03098, 0.02952, 0.02858, 0.02830 (0.02738)	KLD: 3.779, 3.612, 3.221, 2.555, 2.381, 2.093, 1.760, 1.477, 1.321, 0.763 (22.998)	Grad: 1715.7
[Epoch  35 (65.61s)]	ELBO (bits/dim): 2.64341, 2.80232, 2.96672, 3.03675, 3.09704, 3.14152, 3.16820, 3.18338, 3.19365, 3.19618 (3.20342)	Reconstruction error (/dim): 0.06771, 0.05845, 0.04740, 0.04174, 0.03702, 0.03327, 0.03083, 0.02935, 0.02840, 0.02812 (0.02745)	KLD: 3.795, 3.613, 3.227, 2.562, 2.389, 2.084, 1.754, 1.488, 1.323, 0.786 (23.377)	Grad: 1649.4
[Epoch  36 (67.46s)]	ELBO (bits/dim): 2.64469, 2.80404, 2.96816, 3.03791, 3.09791, 3.14235, 3.16912, 3.18426, 3.19482, 3.19752 (3.20761)	Reconstruction error (/dim): 0.06766, 0.05835, 0.04726, 0.04164, 0.03695, 0.03321, 0.03076, 0.02930, 0.02831, 0.02800 (0.02706)	KLD: 3.803, 3.622, 3.230, 2.567, 2.392, 2.086, 1.754, 1.487, 1.323, 0.814 (23.136)	Grad: 1635.6
[Epoch  37 (65.99s)]	ELBO (bits/dim): 2.64572, 2.80526, 2.96884, 3.03879, 3.09902, 3.14308, 3.16993, 3.18515, 3.19561, 3.19830 (3.20609)	Reconstruction error (/dim): 0.06762, 0.05826, 0.04722, 0.04159, 0.03687, 0.03318, 0.03071, 0.02925, 0.02828, 0.02796 (0.02729)	KLD: 3.812, 3.617, 3.229, 2.568, 2.391, 2.082, 1.756, 1.486, 1.319, 0.824 (23.251)	Grad: 1742.2
[Epoch  38 (67.27s)]	ELBO (bits/dim): 2.64741, 2.80717, 2.97043, 3.04002, 3.10049, 3.14434, 3.17119, 3.18648, 3.19687, 3.19991 (3.20550)	Reconstruction error (/dim): 0.06750, 0.05812, 0.04710, 0.04151, 0.03676, 0.03309, 0.03063, 0.02917, 0.02821, 0.02785 (0.02746)	KLD: 3.829, 3.630, 3.230, 2.578, 2.393, 2.082, 1.757, 1.485, 1.322, 0.844 (22.916)	Grad: 1757.9
[Epoch  39 (66.17s)]	ELBO (bits/dim): 2.64823, 2.80857, 2.97133, 3.04113, 3.10170, 3.14521, 3.17230, 3.18754, 3.19803, 3.20112 (3.20704)	Reconstruction error (/dim): 0.06749, 0.05798, 0.04702, 0.04142, 0.03667, 0.03301, 0.03055, 0.02909, 0.02812, 0.02775 (0.02719)	KLD: 3.839, 3.624, 3.239, 2.577, 2.397, 2.079, 1.759, 1.491, 1.323, 0.869 (23.838)	Grad: 1781.0
[Epoch  40 (65.49s)]	ELBO (bits/dim): 2.64835, 2.80854, 2.97038, 3.03993, 3.10047, 3.14411, 3.17125, 3.18668, 3.19703, 3.20041 (3.20955)	Reconstruction error (/dim): 0.06750, 0.05799, 0.04710, 0.04151, 0.03676, 0.03311, 0.03064, 0.02916, 0.02820, 0.02781 (0.02702)	KLD: 3.848, 3.621, 3.237, 2.583, 2.396, 2.073, 1.762, 1.493, 1.332, 0.889 (22.934)	Grad: 1865.1
[Epoch  41 (65.48s)]	ELBO (bits/dim): 2.65050, 2.81085, 2.97271, 3.04281, 3.10309, 3.14614, 3.17355, 3.18869, 3.19935, 3.20267 (3.21050)	Reconstruction error (/dim): 0.06731, 0.05779, 0.04694, 0.04129, 0.03657, 0.03296, 0.03047, 0.02901, 0.02803, 0.02762 (0.02696)	KLD: 3.847, 3.617, 3.247, 2.592, 2.399, 2.076, 1.768, 1.491, 1.329, 0.886 (23.521)	Grad: 1786.5
[Epoch  42 (66.54s)]	ELBO (bits/dim): 2.65074, 2.81121, 2.97279, 3.04265, 3.10328, 3.14611, 3.17330, 3.18867, 3.19923, 3.20281 (3.20864)	Reconstruction error (/dim): 0.06740, 0.05780, 0.04693, 0.04130, 0.03654, 0.03297, 0.03048, 0.02903, 0.02805, 0.02763 (0.02687)	KLD: 3.870, 3.625, 3.248, 2.592, 2.403, 2.072, 1.761, 1.493, 1.335, 0.908 (23.156)	Grad: 1908.7
[Epoch  43 (66.37s)]	ELBO (bits/dim): 2.65248, 2.81336, 2.97429, 3.04401, 3.10495, 3.14763, 3.17503, 3.19040, 3.20102, 3.20456 (3.21121)	Reconstruction error (/dim): 0.06725, 0.05763, 0.04682, 0.04120, 0.03643, 0.03286, 0.03038, 0.02890, 0.02792, 0.02748 (0.02685)	KLD: 3.874, 3.626, 3.258, 2.599, 2.403, 2.072, 1.770, 1.497, 1.337, 0.903 (23.167)	Grad: 1770.6
[Epoch  44 (67.83s)]	ELBO (bits/dim): 2.65304, 2.81390, 2.97464, 3.04478, 3.10556, 3.14795, 3.17554, 3.19096, 3.20166, 3.20520 (3.21242)	Reconstruction error (/dim): 0.06724, 0.05757, 0.04681, 0.04116, 0.03637, 0.03283, 0.03033, 0.02886, 0.02787, 0.02745 (0.02687)	KLD: 3.877, 3.625, 3.258, 2.598, 2.403, 2.070, 1.769, 1.500, 1.328, 0.922 (23.352)	Grad: 1803.7
[Epoch  45 (67.33s)]	ELBO (bits/dim): 2.65440, 2.81552, 2.97610, 3.04624, 3.10693, 3.14918, 3.17662, 3.19208, 3.20270, 3.20649 (3.21332)	Reconstruction error (/dim): 0.06717, 0.05740, 0.04666, 0.04102, 0.03627, 0.03273, 0.03024, 0.02877, 0.02778, 0.02735 (0.02659)	KLD: 3.891, 3.631, 3.257, 2.602, 2.411, 2.066, 1.772, 1.499, 1.342, 0.918 (23.383)	Grad: 1754.0
[Epoch  46 (67.08s)]	ELBO (bits/dim): 2.65571, 2.81691, 2.97707, 3.04711, 3.10796, 3.15000, 3.17748, 3.19292, 3.20373, 3.20760 (3.21544)	Reconstruction error (/dim): 0.06709, 0.05731, 0.04659, 0.04096, 0.03619, 0.03267, 0.03017, 0.02871, 0.02771, 0.02726 (0.02654)	KLD: 3.899, 3.629, 3.262, 2.601, 2.405, 2.063, 1.775, 1.504, 1.332, 0.947 (23.423)	Grad: 1801.6
[Epoch  47 (66.70s)]	ELBO (bits/dim): 2.65546, 2.81689, 2.97592, 3.04613, 3.10691, 3.14870, 3.17638, 3.19205, 3.20267, 3.20680 (3.21360)	Reconstruction error (/dim): 0.06713, 0.05730, 0.04672, 0.04105, 0.03629, 0.03278, 0.03027, 0.02879, 0.02780, 0.02733 (0.02641)	KLD: 3.900, 3.628, 3.263, 2.606, 2.406, 2.059, 1.783, 1.504, 1.344, 0.957 (23.106)	Grad: 1973.1
[Epoch  48 (71.89s)]	ELBO (bits/dim): 2.65741, 2.81875, 2.97847, 3.04857, 3.10958, 3.15120, 3.17878, 3.19437, 3.20502, 3.20912 (3.21478)	Reconstruction error (/dim): 0.06697, 0.05719, 0.04649, 0.04085, 0.03607, 0.03258, 0.03010, 0.02863, 0.02764, 0.02715 (0.02657)	KLD: 3.915, 3.632, 3.268, 2.610, 2.410, 2.058, 1.780, 1.504, 1.332, 0.954 (23.528)	Grad: 1766.8
[Epoch  49 (76.35s)]	ELBO (bits/dim): 2.65790, 2.81975, 2.97857, 3.04845, 3.10960, 3.15090, 3.17850, 3.19391, 3.20458, 3.20880 (3.21570)	Reconstruction error (/dim): 0.06695, 0.05708, 0.04649, 0.04087, 0.03606, 0.03262, 0.03012, 0.02867, 0.02767, 0.02719 (0.02666)	KLD: 3.929, 3.637, 3.267, 2.607, 2.407, 2.055, 1.772, 1.504, 1.339, 0.968 (23.420)	Grad: 1930.0
[Epoch  50 (76.91s)]	ELBO (bits/dim): 2.65839, 2.81986, 2.97888, 3.04858, 3.10974, 3.15098, 3.17851, 3.19411, 3.20496, 3.20911 (3.21365)	Reconstruction error (/dim): 0.06694, 0.05711, 0.04647, 0.04084, 0.03606, 0.03260, 0.03013, 0.02865, 0.02764, 0.02717 (0.02672)	KLD: 3.940, 3.636, 3.277, 2.614, 2.412, 2.054, 1.777, 1.503, 1.343, 0.968 (23.701)	Grad: 1892.2
[Epoch  51 (75.64s)]	ELBO (bits/dim): 2.65981, 2.82173, 2.98026, 3.05016, 3.11142, 3.15233, 3.17990, 3.19569, 3.20647, 3.21081 (3.21710)	Reconstruction error (/dim): 0.06684, 0.05693, 0.04638, 0.04075, 0.03594, 0.03251, 0.03003, 0.02856, 0.02755, 0.02706 (0.02647)	KLD: 3.930, 3.636, 3.278, 2.617, 2.409, 2.050, 1.776, 1.509, 1.340, 0.983 (23.729)	Grad: 1827.7
[Epoch  52 (68.95s)]	ELBO (bits/dim): 2.65967, 2.82081, 2.97853, 3.04873, 3.10952, 3.15032, 3.17839, 3.19423, 3.20500, 3.20951 (3.21508)	Reconstruction error (/dim): 0.06684, 0.05701, 0.04651, 0.04085, 0.03608, 0.03268, 0.03015, 0.02867, 0.02767, 0.02716 (0.02660)	KLD: 3.925, 3.626, 3.281, 2.623, 2.411, 2.045, 1.785, 1.512, 1.342, 0.999 (23.480)	Grad: 2088.0
[Epoch  53 (63.98s)]	ELBO (bits/dim): 2.66092, 2.82196, 2.98012, 3.05010, 3.11117, 3.15169, 3.17983, 3.19551, 3.20632, 3.21102 (3.21745)	Reconstruction error (/dim): 0.06677, 0.05695, 0.04643, 0.04076, 0.03596, 0.03258, 0.03005, 0.02858, 0.02758, 0.02705 (0.02652)	KLD: 3.934, 3.621, 3.285, 2.621, 2.409, 2.047, 1.791, 1.512, 1.349, 0.995 (23.308)	Grad: 1941.9
[Epoch  54 (65.46s)]	ELBO (bits/dim): 2.66155, 2.82261, 2.98007, 3.04976, 3.11076, 3.15140, 3.17940, 3.19510, 3.20604, 3.21050 (3.21367)	Reconstruction error (/dim): 0.06670, 0.05687, 0.04639, 0.04079, 0.03599, 0.03259, 0.03007, 0.02860, 0.02758, 0.02708 (0.02675)	KLD: 3.950, 3.628, 3.282, 2.617, 2.416, 2.045, 1.793, 1.514, 1.340, 1.002 (23.326)	Grad: 2056.0
[Epoch  55 (65.26s)]	ELBO (bits/dim): 2.66222, 2.82392, 2.98124, 3.05143, 3.11277, 3.15298, 3.18032, 3.19599, 3.20694, 3.21146 (3.22010)	Reconstruction error (/dim): 0.06668, 0.05676, 0.04629, 0.04062, 0.03581, 0.03246, 0.03000, 0.02853, 0.02752, 0.02701 (0.02641)	KLD: 3.953, 3.632, 3.286, 2.627, 2.411, 2.039, 1.782, 1.506, 1.348, 0.996 (23.780)	Grad: 1990.2
[Epoch  56 (64.08s)]	ELBO (bits/dim): 2.66305, 2.82528, 2.98288, 3.05320, 3.11469, 3.15483, 3.18229, 3.19802, 3.20903, 3.21362 (3.21892)	Reconstruction error (/dim): 0.06661, 0.05665, 0.04617, 0.04051, 0.03568, 0.03233, 0.02987, 0.02839, 0.02737, 0.02686 (0.02621)	KLD: 3.967, 3.640, 3.291, 2.628, 2.414, 2.040, 1.779, 1.507, 1.344, 1.004 (23.490)	Grad: 2017.4
[Epoch  57 (64.46s)]	ELBO (bits/dim): 2.66391, 2.82560, 2.98236, 3.05240, 3.11395, 3.15410, 3.18159, 3.19734, 3.20832, 3.21306 (3.22030)	Reconstruction error (/dim): 0.06659, 0.05665, 0.04624, 0.04056, 0.03573, 0.03238, 0.02990, 0.02843, 0.02741, 0.02688 (0.02626)	KLD: 3.987, 3.638, 3.289, 2.627, 2.416, 2.039, 1.776, 1.517, 1.350, 1.014 (23.797)	Grad: 2014.9
[Epoch  58 (66.54s)]	ELBO (bits/dim): 2.66465, 2.82691, 2.98366, 3.05392, 3.11543, 3.15522, 3.18291, 3.19867, 3.20975, 3.21447 (3.21914)	Reconstruction error (/dim): 0.06651, 0.05652, 0.04612, 0.04045, 0.03563, 0.03231, 0.02982, 0.02836, 0.02732, 0.02678 (0.02608)	KLD: 3.974, 3.638, 3.290, 2.626, 2.417, 2.035, 1.786, 1.513, 1.343, 1.009 (24.078)	Grad: 1989.8
[Epoch  59 (74.81s)]	ELBO (bits/dim): 2.66522, 2.82776, 2.98448, 3.05495, 3.11644, 3.15578, 3.18368, 3.19939, 3.21040, 3.21506 (3.22204)	Reconstruction error (/dim): 0.06649, 0.05651, 0.04611, 0.04041, 0.03560, 0.03230, 0.02979, 0.02831, 0.02730, 0.02677 (0.02602)	KLD: 3.992, 3.643, 3.298, 2.633, 2.419, 2.027, 1.780, 1.515, 1.361, 1.009 (23.798)	Grad: 1920.4
[Epoch  60 (76.88s)]	ELBO (bits/dim): 2.66567, 2.82808, 2.98437, 3.05511, 3.11648, 3.15567, 3.18367, 3.19948, 3.21064, 3.21541 (3.22101)	Reconstruction error (/dim): 0.06642, 0.05645, 0.04608, 0.04038, 0.03557, 0.03229, 0.02977, 0.02830, 0.02727, 0.02673 (0.02617)	KLD: 3.986, 3.638, 3.296, 2.632, 2.417, 2.026, 1.786, 1.509, 1.356, 1.013 (23.762)	Grad: 1937.9
[Epoch  61 (76.14s)]	ELBO (bits/dim): 2.66681, 2.82881, 2.98470, 3.05487, 3.11664, 3.15584, 3.18363, 3.19941, 3.21050, 3.21523 (3.21892)	Reconstruction error (/dim): 0.06636, 0.05637, 0.04607, 0.04040, 0.03556, 0.03226, 0.02977, 0.02830, 0.02725, 0.02673 (0.02619)	KLD: 3.990, 3.637, 3.300, 2.634, 2.418, 2.028, 1.785, 1.511, 1.357, 1.027 (23.177)	Grad: 2104.1
[Epoch  62 (75.17s)]	ELBO (bits/dim): 2.66706, 2.82946, 2.98535, 3.05557, 3.11737, 3.15646, 3.18399, 3.19968, 3.21072, 3.21543 (3.22252)	Reconstruction error (/dim): 0.06635, 0.05633, 0.04598, 0.04032, 0.03549, 0.03221, 0.02974, 0.02828, 0.02724, 0.02672 (0.02617)	KLD: 4.009, 3.647, 3.302, 2.634, 2.421, 2.022, 1.779, 1.517, 1.358, 1.017 (23.818)	Grad: 2021.5
[Epoch  63 (77.18s)]	ELBO (bits/dim): 2.66773, 2.83039, 2.98605, 3.05660, 3.11844, 3.15727, 3.18486, 3.20073, 3.21195, 3.21678 (3.21994)	Reconstruction error (/dim): 0.06630, 0.05629, 0.04595, 0.04025, 0.03539, 0.03213, 0.02966, 0.02819, 0.02713, 0.02661 (0.02615)	KLD: 4.017, 3.651, 3.311, 2.639, 2.422, 2.025, 1.790, 1.515, 1.360, 1.020 (23.800)	Grad: 2057.1
[Epoch  64 (77.24s)]	ELBO (bits/dim): 2.66782, 2.83056, 2.98562, 3.05612, 3.11791, 3.15655, 3.18441, 3.20016, 3.21139, 3.21622 (3.22261)	Reconstruction error (/dim): 0.06629, 0.05628, 0.04600, 0.04029, 0.03545, 0.03221, 0.02972, 0.02825, 0.02720, 0.02666 (0.02590)	KLD: 4.014, 3.647, 3.310, 2.637, 2.425, 2.020, 1.792, 1.520, 1.363, 1.037 (23.587)	Grad: 2176.2
[Epoch  65 (78.43s)]	ELBO (bits/dim): 2.66863, 2.83125, 2.98662, 3.05710, 3.11895, 3.15750, 3.18477, 3.20081, 3.21169, 3.21667 (3.22242)	Reconstruction error (/dim): 0.06625, 0.05623, 0.04594, 0.04025, 0.03539, 0.03214, 0.02970, 0.02820, 0.02719, 0.02664 (0.02614)	KLD: 4.015, 3.652, 3.311, 2.636, 2.423, 2.019, 1.782, 1.524, 1.372, 1.035 (23.710)	Grad: 2080.8
[Epoch  66 (78.53s)]	ELBO (bits/dim): 2.66899, 2.83165, 2.98685, 3.05769, 3.11937, 3.15780, 3.18519, 3.20111, 3.21228, 3.21724 (3.21815)	Reconstruction error (/dim): 0.06619, 0.05620, 0.04593, 0.04020, 0.03537, 0.03213, 0.02968, 0.02819, 0.02715, 0.02660 (0.02646)	KLD: 4.023, 3.647, 3.315, 2.647, 2.421, 2.015, 1.789, 1.518, 1.362, 1.030 (23.550)	Grad: 2054.3
[Epoch  67 (77.30s)]	ELBO (bits/dim): 2.66917, 2.83140, 2.98482, 3.05559, 3.11680, 3.15511, 3.18314, 3.19913, 3.21035, 3.21533 (3.22268)	Reconstruction error (/dim): 0.06619, 0.05622, 0.04608, 0.04036, 0.03555, 0.03233, 0.02981, 0.02835, 0.02730, 0.02674 (0.02599)	KLD: 4.008, 3.636, 3.308, 2.642, 2.425, 2.010, 1.796, 1.523, 1.363, 1.035 (23.585)	Grad: 2234.6
[Epoch  68 (68.75s)]	ELBO (bits/dim): 2.66971, 2.83216, 2.98611, 3.05627, 3.11818, 3.15647, 3.18410, 3.20015, 3.21124, 3.21639 (3.22596)	Reconstruction error (/dim): 0.06614, 0.05614, 0.04595, 0.04027, 0.03541, 0.03219, 0.02972, 0.02825, 0.02720, 0.02664 (0.02576)	KLD: 4.029, 3.644, 3.319, 2.639, 2.422, 2.012, 1.787, 1.528, 1.362, 1.051 (24.035)	Grad: 2297.4
[Epoch  69 (66.48s)]	ELBO (bits/dim): 2.67047, 2.83361, 2.98755, 3.05858, 3.12039, 3.15862, 3.18645, 3.20251, 3.21377, 3.21880 (3.22446)	Reconstruction error (/dim): 0.06607, 0.05604, 0.04587, 0.04013, 0.03528, 0.03206, 0.02957, 0.02809, 0.02703, 0.02647 (0.02594)	KLD: 4.024, 3.649, 3.318, 2.651, 2.423, 2.006, 1.799, 1.526, 1.352, 1.037 (23.915)	Grad: 2242.0
[Epoch  70 (66.18s)]	ELBO (bits/dim): 2.67138, 2.83445, 2.98863, 3.05972, 3.12147, 3.15946, 3.18685, 3.20294, 3.21409, 3.21922 (3.22180)	Reconstruction error (/dim): 0.06601, 0.05600, 0.04579, 0.04003, 0.03521, 0.03199, 0.02955, 0.02806, 0.02701, 0.02644 (0.02619)	KLD: 4.032, 3.654, 3.324, 2.652, 2.427, 2.009, 1.787, 1.528, 1.362, 1.047 (23.573)	Grad: 2233.8
[Epoch  71 (67.19s)]	ELBO (bits/dim): 2.67180, 2.83470, 2.98844, 3.05974, 3.12144, 3.15920, 3.18664, 3.20248, 3.21379, 3.21896 (3.22558)	Reconstruction error (/dim): 0.06598, 0.05595, 0.04582, 0.04002, 0.03520, 0.03201, 0.02957, 0.02811, 0.02704, 0.02648 (0.02602)	KLD: 4.042, 3.654, 3.322, 2.650, 2.422, 2.001, 1.783, 1.519, 1.365, 1.046 (23.895)	Grad: 2300.2
[Epoch  72 (65.39s)]	ELBO (bits/dim): 2.67303, 2.83630, 2.99052, 3.06146, 3.12342, 3.16093, 3.18835, 3.20445, 3.21580, 3.22092 (3.22607)	Reconstruction error (/dim): 0.06593, 0.05584, 0.04563, 0.03990, 0.03506, 0.03189, 0.02944, 0.02794, 0.02688, 0.02631 (0.02579)	KLD: 4.054, 3.661, 3.332, 2.655, 2.430, 2.000, 1.783, 1.523, 1.363, 1.047 (23.762)	Grad: 2009.8
[Epoch  73 (65.87s)]	ELBO (bits/dim): 2.67318, 2.83606, 2.98967, 3.06083, 3.12258, 3.16011, 3.18767, 3.20357, 3.21495, 3.22016 (3.22685)	Reconstruction error (/dim): 0.06590, 0.05587, 0.04573, 0.03995, 0.03512, 0.03195, 0.02950, 0.02802, 0.02695, 0.02639 (0.02577)	KLD: 4.062, 3.654, 3.333, 2.652, 2.428, 1.997, 1.789, 1.526, 1.365, 1.041 (23.761)	Grad: 2194.9
[Epoch  74 (65.62s)]	ELBO (bits/dim): 2.67218, 2.83448, 2.98705, 3.05741, 3.11946, 3.15690, 3.18408, 3.20020, 3.21147, 3.21678 (3.21994)	Reconstruction error (/dim): 0.06604, 0.05599, 0.04591, 0.04020, 0.03534, 0.03217, 0.02975, 0.02827, 0.02721, 0.02667 (0.02626)	KLD: 4.065, 3.657, 3.328, 2.651, 2.427, 1.997, 1.781, 1.529, 1.363, 1.061 (23.721)	Grad: 2497.9
[Epoch  75 (65.54s)]	ELBO (bits/dim): 2.67391, 2.83677, 2.98958, 3.06029, 3.12217, 3.15925, 3.18651, 3.20255, 3.21385, 3.21928 (3.22633)	Reconstruction error (/dim): 0.06586, 0.05575, 0.04570, 0.03997, 0.03512, 0.03199, 0.02956, 0.02808, 0.02702, 0.02645 (0.02582)	KLD: 4.063, 3.649, 3.328, 2.654, 2.429, 1.992, 1.793, 1.526, 1.365, 1.073 (23.725)	Grad: 2211.7
[Epoch  76 (66.60s)]	ELBO (bits/dim): 2.67473, 2.83766, 2.99033, 3.06152, 3.12322, 3.16024, 3.18773, 3.20376, 3.21526, 3.22056 (3.22615)	Reconstruction error (/dim): 0.06580, 0.05573, 0.04569, 0.03993, 0.03509, 0.03197, 0.02951, 0.02803, 0.02693, 0.02637 (0.02581)	KLD: 4.068, 3.654, 3.338, 2.658, 2.428, 1.989, 1.792, 1.520, 1.369, 1.069 (23.471)	Grad: 2309.5
[Epoch  77 (66.74s)]	ELBO (bits/dim): 2.67522, 2.83769, 2.99034, 3.06170, 3.12330, 3.16012, 3.18757, 3.20363, 3.21506, 3.22045 (3.22537)	Reconstruction error (/dim): 0.06577, 0.05574, 0.04566, 0.03988, 0.03506, 0.03193, 0.02949, 0.02801, 0.02694, 0.02637 (0.02592)	KLD: 4.070, 3.653, 3.341, 2.657, 2.427, 1.986, 1.791, 1.526, 1.363, 1.075 (24.027)	Grad: 2461.0
[Epoch  78 (65.86s)]	ELBO (bits/dim): 2.67634, 2.83836, 2.99125, 3.06227, 3.12419, 3.16096, 3.18834, 3.20438, 3.21575, 3.22113 (3.22744)	Reconstruction error (/dim): 0.06563, 0.05563, 0.04557, 0.03983, 0.03499, 0.03186, 0.02943, 0.02795, 0.02688, 0.02630 (0.02569)	KLD: 4.077, 3.653, 3.339, 2.660, 2.428, 1.988, 1.789, 1.529, 1.367, 1.061 (23.942)	Grad: 2254.1
[Epoch  79 (65.45s)]	ELBO (bits/dim): 2.67665, 2.83828, 2.99022, 3.06129, 3.12284, 3.15959, 3.18746, 3.20343, 3.21510, 3.22058 (3.22779)	Reconstruction error (/dim): 0.06563, 0.05567, 0.04568, 0.03992, 0.03510, 0.03199, 0.02951, 0.02802, 0.02695, 0.02636 (0.02553)	KLD: 4.067, 3.650, 3.340, 2.658, 2.427, 1.989, 1.793, 1.531, 1.368, 1.062 (23.885)	Grad: 2376.0
[Epoch  80 (66.01s)]	ELBO (bits/dim): 2.67736, 2.83925, 2.99102, 3.06173, 3.12328, 3.15994, 3.18757, 3.20374, 3.21532, 3.22088 (3.22980)	Reconstruction error (/dim): 0.06555, 0.05557, 0.04560, 0.03986, 0.03505, 0.03195, 0.02950, 0.02800, 0.02694, 0.02634 (0.02558)	KLD: 4.079, 3.651, 3.344, 2.658, 2.426, 1.980, 1.799, 1.530, 1.380, 1.068 (23.796)	Grad: 2568.6
[Epoch  81 (66.74s)]	ELBO (bits/dim): 2.67718, 2.83895, 2.99054, 3.06109, 3.12258, 3.15968, 3.18729, 3.20339, 3.21534, 3.22085 (3.22253)	Reconstruction error (/dim): 0.06560, 0.05562, 0.04560, 0.03989, 0.03508, 0.03194, 0.02950, 0.02802, 0.02690, 0.02632 (0.02610)	KLD: 4.094, 3.658, 3.347, 2.663, 2.429, 1.986, 1.794, 1.535, 1.378, 1.082 (23.821)	Grad: 2443.2
[Epoch  82 (67.65s)]	ELBO (bits/dim): 2.67761, 2.84028, 2.99183, 3.06277, 3.12418, 3.16067, 3.18816, 3.20431, 3.21592, 3.22148 (3.22756)	Reconstruction error (/dim): 0.06560, 0.05551, 0.04555, 0.03979, 0.03497, 0.03187, 0.02944, 0.02795, 0.02687, 0.02627 (0.02569)	KLD: 4.088, 3.661, 3.343, 2.660, 2.431, 1.983, 1.792, 1.534, 1.378, 1.083 (23.850)	Grad: 2383.8
[Epoch  83 (66.27s)]	ELBO (bits/dim): 2.67859, 2.84096, 2.99242, 3.06352, 3.12507, 3.16150, 3.18915, 3.20525, 3.21698, 3.22249 (3.22756)	Reconstruction error (/dim): 0.06551, 0.05544, 0.04553, 0.03977, 0.03493, 0.03183, 0.02938, 0.02790, 0.02681, 0.02621 (0.02574)	KLD: 4.090, 3.658, 3.350, 2.661, 2.432, 1.979, 1.794, 1.537, 1.374, 1.080 (23.922)	Grad: 2398.3
[Epoch  84 (66.16s)]	ELBO (bits/dim): 2.67906, 2.84156, 2.99256, 3.06351, 3.12520, 3.16186, 3.18912, 3.20520, 3.21690, 3.22239 (3.22816)	Reconstruction error (/dim): 0.06546, 0.05541, 0.04550, 0.03974, 0.03490, 0.03177, 0.02936, 0.02788, 0.02680, 0.02621 (0.02567)	KLD: 4.096, 3.661, 3.350, 2.662, 2.432, 1.979, 1.786, 1.534, 1.376, 1.081 (24.107)	Grad: 2414.0
[Epoch  85 (65.71s)]	ELBO (bits/dim): 2.67953, 2.84199, 2.99349, 3.06428, 3.12620, 3.16238, 3.18964, 3.20572, 3.21731, 3.22297 (3.22814)	Reconstruction error (/dim): 0.06547, 0.05537, 0.04541, 0.03969, 0.03485, 0.03177, 0.02935, 0.02787, 0.02680, 0.02619 (0.02546)	KLD: 4.104, 3.666, 3.356, 2.662, 2.428, 1.975, 1.785, 1.534, 1.375, 1.083 (24.132)	Grad: 2351.5
[Epoch  86 (65.41s)]	ELBO (bits/dim): 2.68033, 2.84266, 2.99349, 3.06458, 3.12636, 3.16233, 3.18969, 3.20581, 3.21760, 3.22311 (3.23061)	Reconstruction error (/dim): 0.06540, 0.05531, 0.04544, 0.03970, 0.03485, 0.03178, 0.02935, 0.02786, 0.02678, 0.02617 (0.02548)	KLD: 4.109, 3.662, 3.348, 2.663, 2.426, 1.974, 1.785, 1.535, 1.380, 1.073 (24.113)	Grad: 2569.7
[Epoch  87 (67.29s)]	ELBO (bits/dim): 2.68140, 2.84405, 2.99526, 3.06660, 3.12831, 3.16426, 3.19161, 3.20778, 3.21939, 3.22489 (3.22922)	Reconstruction error (/dim): 0.06537, 0.05521, 0.04531, 0.03954, 0.03468, 0.03162, 0.02921, 0.02772, 0.02663, 0.02605 (0.02551)	KLD: 4.113, 3.665, 3.355, 2.668, 2.430, 1.967, 1.787, 1.538, 1.374, 1.073 (23.855)	Grad: 2312.7
[Epoch  88 (68.05s)]	ELBO (bits/dim): 2.68150, 2.84418, 2.99458, 3.06600, 3.12801, 3.16390, 3.19125, 3.20737, 3.21912, 3.22463 (3.22577)	Reconstruction error (/dim): 0.06533, 0.05521, 0.04538, 0.03958, 0.03472, 0.03166, 0.02924, 0.02776, 0.02665, 0.02606 (0.02588)	KLD: 4.119, 3.667, 3.355, 2.670, 2.430, 1.968, 1.791, 1.540, 1.375, 1.068 (23.743)	Grad: 2359.9
[Epoch  89 (66.72s)]	ELBO (bits/dim): 2.68094, 2.84353, 2.99280, 3.06361, 3.12543, 3.16120, 3.18852, 3.20471, 3.21643, 3.22214 (3.23096)	Reconstruction error (/dim): 0.06535, 0.05523, 0.04547, 0.03974, 0.03488, 0.03184, 0.02943, 0.02793, 0.02684, 0.02624 (0.02557)	KLD: 4.136, 3.669, 3.356, 2.662, 2.432, 1.961, 1.788, 1.540, 1.374, 1.086 (24.090)	Grad: 2585.4
[Epoch  90 (67.16s)]	ELBO (bits/dim): 2.68196, 2.84472, 2.99451, 3.06561, 3.12760, 3.16353, 3.19076, 3.20709, 3.21860, 3.22430 (3.23051)	Reconstruction error (/dim): 0.06534, 0.05515, 0.04538, 0.03962, 0.03476, 0.03169, 0.02929, 0.02778, 0.02670, 0.02610 (0.02556)	KLD: 4.125, 3.666, 3.357, 2.668, 2.430, 1.970, 1.790, 1.542, 1.378, 1.075 (24.396)	Grad: 2580.0
[Epoch  91 (67.29s)]	ELBO (bits/dim): 2.68279, 2.84588, 2.99523, 3.06656, 3.12874, 3.16456, 3.19187, 3.20801, 3.21959, 3.22546 (3.22820)	Reconstruction error (/dim): 0.06524, 0.05506, 0.04533, 0.03956, 0.03469, 0.03161, 0.02921, 0.02771, 0.02665, 0.02602 (0.02554)	KLD: 4.127, 3.671, 3.359, 2.669, 2.434, 1.964, 1.791, 1.541, 1.369, 1.082 (23.800)	Grad: 2446.0
[Epoch  92 (66.83s)]	ELBO (bits/dim): 2.68275, 2.84535, 2.99491, 3.06593, 3.12782, 3.16354, 3.19074, 3.20711, 3.21868, 3.22442 (3.22814)	Reconstruction error (/dim): 0.06525, 0.05513, 0.04536, 0.03961, 0.03475, 0.03169, 0.02929, 0.02778, 0.02670, 0.02609 (0.02563)	KLD: 4.126, 3.662, 3.361, 2.673, 2.431, 1.965, 1.787, 1.537, 1.371, 1.084 (23.883)	Grad: 2522.7
[Epoch  93 (73.35s)]	ELBO (bits/dim): 2.68341, 2.84620, 2.99561, 3.06618, 3.12811, 3.16402, 3.19125, 3.20740, 3.21906, 3.22485 (3.22830)	Reconstruction error (/dim): 0.06528, 0.05504, 0.04528, 0.03959, 0.03473, 0.03165, 0.02924, 0.02776, 0.02667, 0.02606 (0.02578)	KLD: 4.137, 3.670, 3.365, 2.666, 2.435, 1.962, 1.788, 1.539, 1.373, 1.087 (23.731)	Grad: 2554.9
[Epoch  94 (75.54s)]	ELBO (bits/dim): 2.68232, 2.84479, 2.99323, 3.06359, 3.12562, 3.16161, 3.18850, 3.20492, 3.21639, 3.22227 (3.23150)	Reconstruction error (/dim): 0.06535, 0.05514, 0.04544, 0.03974, 0.03486, 0.03178, 0.02942, 0.02791, 0.02684, 0.02622 (0.02541)	KLD: 4.150, 3.668, 3.363, 2.663, 2.432, 1.966, 1.784, 1.546, 1.373, 1.108 (23.789)	Grad: 3039.1
[Epoch  95 (76.17s)]	ELBO (bits/dim): 2.68464, 2.84750, 2.99689, 3.06793, 3.12999, 3.16545, 3.19247, 3.20862, 3.22010, 3.22607 (3.23224)	Reconstruction error (/dim): 0.06513, 0.05493, 0.04517, 0.03943, 0.03456, 0.03151, 0.02914, 0.02765, 0.02659, 0.02595 (0.02534)	KLD: 4.139, 3.672, 3.368, 2.670, 2.434, 1.959, 1.787, 1.547, 1.366, 1.084 (24.062)	Grad: 2457.8
[Epoch  96 (75.41s)]	ELBO (bits/dim): 2.68390, 2.84650, 2.99492, 3.06561, 3.12750, 3.16305, 3.18989, 3.20624, 3.21787, 3.22381 (3.22729)	Reconstruction error (/dim): 0.06523, 0.05502, 0.04532, 0.03961, 0.03475, 0.03170, 0.02934, 0.02783, 0.02674, 0.02613 (0.02556)	KLD: 4.156, 3.672, 3.370, 2.666, 2.435, 1.959, 1.782, 1.539, 1.370, 1.086 (23.964)	Grad: 2698.9
[Epoch  97 (70.90s)]	ELBO (bits/dim): 2.68450, 2.84683, 2.99469, 3.06525, 3.12695, 3.16246, 3.18933, 3.20559, 3.21720, 3.22319 (3.23236)	Reconstruction error (/dim): 0.06512, 0.05495, 0.04532, 0.03960, 0.03474, 0.03170, 0.02934, 0.02783, 0.02677, 0.02615 (0.02530)	KLD: 4.157, 3.664, 3.362, 2.667, 2.430, 1.960, 1.783, 1.538, 1.375, 1.090 (24.061)	Grad: 2818.0
[Epoch  98 (66.76s)]	ELBO (bits/dim): 2.68608, 2.84888, 2.99727, 3.06856, 3.13061, 3.16592, 3.19288, 3.20904, 3.22069, 3.22662 (3.22869)	Reconstruction error (/dim): 0.06499, 0.05482, 0.04515, 0.03940, 0.03453, 0.03150, 0.02911, 0.02761, 0.02653, 0.02591 (0.02549)	KLD: 4.153, 3.674, 3.368, 2.675, 2.434, 1.948, 1.784, 1.547, 1.369, 1.099 (24.192)	Grad: 2567.9
[Epoch  99 (64.66s)]	ELBO (bits/dim): 2.68621, 2.84945, 2.99742, 3.06866, 3.13066, 3.16585, 3.19292, 3.20906, 3.22059, 3.22645 (3.23102)	Reconstruction error (/dim): 0.06503, 0.05475, 0.04513, 0.03940, 0.03452, 0.03150, 0.02911, 0.02762, 0.02655, 0.02594 (0.02570)	KLD: 4.153, 3.672, 3.367, 2.682, 2.435, 1.950, 1.786, 1.541, 1.373, 1.095 (24.288)	Grad: 2455.9
[Epoch 100 (64.47s)]	ELBO (bits/dim): 2.68571, 2.84951, 2.99704, 3.06838, 3.13048, 3.16586, 3.19285, 3.20903, 3.22062, 3.22633 (3.23276)	Reconstruction error (/dim): 0.06510, 0.05478, 0.04520, 0.03944, 0.03455, 0.03150, 0.02913, 0.02763, 0.02655, 0.02594 (0.02549)	KLD: 4.156, 3.675, 3.368, 2.680, 2.440, 1.953, 1.787, 1.539, 1.375, 1.091 (24.013)	Grad: 2617.4
Best epoch(s): [100]	Training time(s): 6946.40s (6946.40s)	Best ELBO (bits/dim): 3.22662 (3.23276)	Best reconstruction error (/dim): 0.07971 (0.06834)
Avg. mu: -0.104, 0.049, 0.021, 0.212, -0.037, -0.010, -0.059, -0.052, 0.037, -0.040
Avg. var: 0.001, 0.001, 0.002, 0.006, 0.010, 0.023, 0.033, 0.064, 0.072, 0.131
Max. mu: 5.576, 4.152, 3.653, 4.052, 4.637, 3.882, 4.381, 5.404, 4.303, 5.311
Max. var: 0.031, 0.017, 0.033, 0.032, 0.095, 0.168, 0.250, 0.895, 0.454, 0.468
Min. mu: -4.280, -4.068, -3.289, -4.716, -3.767, -3.986, -4.447, -4.282, -4.960, -4.893
Min. var: 0.000, 0.000, 0.000, 0.001, 0.001, 0.006, 0.008, 0.014, 0.021, 0.054
Cov. mu:
[[1.895 -0.788 -0.460 -0.222 -0.038 0.034 -0.112 -0.000 -0.141 -0.082]
 [-0.788 1.214 0.348 0.052 -0.044 -0.043 0.027 0.006 0.084 0.013]
 [-0.460 0.348 1.194 -0.000 -0.003 0.050 -0.067 0.090 0.006 -0.064]
 [-0.222 0.052 -0.000 1.250 0.128 -0.158 0.006 0.000 0.078 -0.023]
 [-0.038 -0.044 -0.003 0.128 1.037 -0.094 0.003 -0.068 -0.017 -0.001]
 [0.034 -0.043 0.050 -0.158 -0.094 0.888 -0.013 0.073 0.011 -0.018]
 [-0.112 0.027 -0.067 0.006 0.003 -0.013 1.016 0.013 0.029 0.003]
 [-0.000 0.006 0.090 0.000 -0.068 0.073 0.013 0.919 -0.069 -0.053]
 [-0.141 0.084 0.006 0.078 -0.017 0.011 0.029 -0.069 0.949 0.022]
 [-0.082 0.013 -0.064 -0.023 -0.001 -0.018 0.003 -0.053 0.022 0.959]]
