Encoder
=================================================================
Layer (type:depth-idx)                   Param #
=================================================================
Encoder                                  --
├─Linear: 1-1                            31,400
├─Linear: 1-2                            1,640
=================================================================
Total params: 33,040
Trainable params: 33,040
Non-trainable params: 0
=================================================================
Encoder to Latents 0
=================================================================
Layer (type:depth-idx)                   Param #
=================================================================
EncoderToLatents                         --
├─Linear: 1-1                            82
├─Linear: 1-2                            82
=================================================================
Total params: 164
Trainable params: 164
Non-trainable params: 0
=================================================================
Encoder to Latents 1
=================================================================
Layer (type:depth-idx)                   Param #
=================================================================
EncoderToLatents                         --
├─Linear: 1-1                            82
├─Linear: 1-2                            82
=================================================================
Total params: 164
Trainable params: 164
Non-trainable params: 0
=================================================================
Encoder to Latents 2
=================================================================
Layer (type:depth-idx)                   Param #
=================================================================
EncoderToLatents                         --
├─Linear: 1-1                            82
├─Linear: 1-2                            82
=================================================================
Total params: 164
Trainable params: 164
Non-trainable params: 0
=================================================================
Encoder to Latents 3
=================================================================
Layer (type:depth-idx)                   Param #
=================================================================
EncoderToLatents                         --
├─Linear: 1-1                            82
├─Linear: 1-2                            82
=================================================================
Total params: 164
Trainable params: 164
Non-trainable params: 0
=================================================================
Encoder to Latents 4
=================================================================
Layer (type:depth-idx)                   Param #
=================================================================
EncoderToLatents                         --
├─Linear: 1-1                            82
├─Linear: 1-2                            82
=================================================================
Total params: 164
Trainable params: 164
Non-trainable params: 0
=================================================================
Latents to Latents
=================================================================
Layer (type:depth-idx)                   Param #
=================================================================
LatentsToLatents                         --
├─Linear: 1-1                            72
├─Linear: 1-2                            18
├─Linear: 1-3                            18
=================================================================
Total params: 108
Trainable params: 108
Non-trainable params: 0
=================================================================
Latents to Decoder 0
=================================================================
Layer (type:depth-idx)                   Param #
=================================================================
LatentsToDecoder                         --
├─Linear: 1-1                            120
=================================================================
Total params: 120
Trainable params: 120
Non-trainable params: 0
=================================================================
Latents to Decoder 1
=================================================================
Layer (type:depth-idx)                   Param #
=================================================================
LatentsToDecoder                         --
├─Linear: 1-1                            120
=================================================================
Total params: 120
Trainable params: 120
Non-trainable params: 0
=================================================================
Latents to Decoder 2
=================================================================
Layer (type:depth-idx)                   Param #
=================================================================
LatentsToDecoder                         --
├─Linear: 1-1                            120
=================================================================
Total params: 120
Trainable params: 120
Non-trainable params: 0
=================================================================
Latents to Decoder 3
=================================================================
Layer (type:depth-idx)                   Param #
=================================================================
LatentsToDecoder                         --
├─Linear: 1-1                            120
=================================================================
Total params: 120
Trainable params: 120
Non-trainable params: 0
=================================================================
Latents to Decoder 4
=================================================================
Layer (type:depth-idx)                   Param #
=================================================================
LatentsToDecoder                         --
├─Linear: 1-1                            120
=================================================================
Total params: 120
Trainable params: 120
Non-trainable params: 0
=================================================================
Decoder
=================================================================
Layer (type:depth-idx)                   Param #
=================================================================
Decoder                                  --
├─Linear: 1-1                            1,640
├─Linear: 1-2                            32,144
=================================================================
Total params: 33,784
Trainable params: 33,784
Non-trainable params: 0
=================================================================
[Epoch   1 (54.35s)]	ELBO: 1194.619, 1220.099, 1224.387, 1226.315, 1224.396 (1356.442)	Log prob: 1212.524, 1239.286, 1243.997, 1246.324, 1244.718 (1368.160)	KLD: 17.905, 19.187, 19.610, 20.009, 20.323 (11.718)	Grad: 0.342, 0.408, 0.473, 0.481, 0.520
[Epoch   2 (69.20s)]	ELBO: 1375.532, 1392.079, 1392.056, 1391.231, 1390.032 (1408.311)	Log prob: 1382.336, 1401.591, 1402.474, 1402.235, 1401.401 (1418.841)	KLD: 6.803, 9.513, 10.419, 11.004, 11.369 (10.530)	Grad: 0.216, 0.226, 0.264, 0.304, 0.356
[Epoch   3 (64.14s)]	ELBO: 1410.474, 1420.510, 1422.212, 1421.814, 1421.449 (1440.787)	Log prob: 1417.345, 1429.643, 1432.560, 1432.510, 1432.402 (1452.420)	KLD: 6.872, 9.134, 10.348, 10.696, 10.954 (11.633)	Grad: 0.182, 0.195, 0.244, 0.307, 0.381
[Epoch   4 (58.42s)]	ELBO: 1419.313, 1453.143, 1479.555, 1479.292, 1479.114 (1507.271)	Log prob: 1426.424, 1463.644, 1493.111, 1492.994, 1492.954 (1521.138)	KLD: 7.111, 10.501, 13.557, 13.702, 13.840 (13.866)	Grad: 0.130, 0.183, 0.251, 0.325, 0.406
[Epoch   5 (56.15s)]	ELBO: 1434.297, 1502.681, 1519.609, 1519.513, 1519.491 (1532.108)	Log prob: 1441.503, 1514.365, 1533.488, 1533.458, 1533.655 (1546.420)	KLD: 7.206, 11.684, 13.878, 13.945, 14.164 (14.312)	Grad: 0.132, 0.192, 0.259, 0.335, 0.420
[Epoch   6 (64.15s)]	ELBO: 1446.121, 1536.350, 1544.430, 1544.483, 1544.875 (1564.320)	Log prob: 1453.255, 1548.688, 1558.880, 1558.992, 1559.917 (1579.953)	KLD: 7.134, 12.337, 14.451, 14.510, 15.041 (15.633)	Grad: 0.130, 0.191, 0.266, 0.345, 0.433
[Epoch   7 (59.99s)]	ELBO: 1453.928, 1548.616, 1571.727, 1571.791, 1571.723 (1582.367)	Log prob: 1461.077, 1561.055, 1587.228, 1587.318, 1587.495 (1598.372)	KLD: 7.149, 12.439, 15.499, 15.526, 15.772 (16.004)	Grad: 0.148, 0.219, 0.303, 0.394, 0.493
[Epoch   8 (61.05s)]	ELBO: 1461.652, 1558.126, 1589.758, 1589.740, 1590.340 (1601.649)	Log prob: 1468.790, 1570.666, 1605.765, 1605.758, 1606.826 (1618.481)	KLD: 7.140, 12.540, 16.009, 16.018, 16.485 (16.831)	Grad: 0.165, 0.241, 0.315, 0.404, 0.505
[Epoch   9 (61.33s)]	ELBO: 1467.618, 1567.118, 1608.240, 1608.240, 1609.703 (1618.635)	Log prob: 1474.714, 1579.729, 1624.689, 1624.700, 1627.025 (1636.167)	KLD: 7.096, 12.610, 16.450, 16.461, 17.322 (17.531)	Grad: 0.188, 0.250, 0.316, 0.401, 0.502
[Epoch  10 (58.43s)]	ELBO: 1473.437, 1574.138, 1620.920, 1620.884, 1624.145 (1630.412)	Log prob: 1480.471, 1586.682, 1637.467, 1637.452, 1641.926 (1648.240)	KLD: 7.033, 12.545, 16.547, 16.568, 17.781 (17.828)	Grad: 0.209, 0.268, 0.338, 0.430, 0.533
[Epoch  11 (66.15s)]	ELBO: 1478.623, 1579.943, 1629.130, 1629.161, 1634.187 (1639.301)	Log prob: 1485.586, 1592.368, 1645.630, 1645.729, 1652.270 (1657.629)	KLD: 6.963, 12.425, 16.500, 16.568, 18.082 (18.328)	Grad: 0.221, 0.287, 0.365, 0.468, 0.580
[Epoch  12 (61.41s)]	ELBO: 1483.210, 1584.662, 1635.111, 1636.438, 1640.961 (1645.090)	Log prob: 1490.120, 1597.014, 1651.573, 1653.319, 1659.395 (1663.435)	KLD: 6.912, 12.352, 16.464, 16.879, 18.435 (18.345)	Grad: 0.230, 0.297, 0.381, 0.489, 0.606
[Epoch  13 (69.60s)]	ELBO: 1487.636, 1588.438, 1639.424, 1644.184, 1646.021 (1649.753)	Log prob: 1494.536, 1600.749, 1655.887, 1661.831, 1664.928 (1668.530)	KLD: 6.900, 12.311, 16.464, 17.647, 18.908 (18.778)	Grad: 0.223, 0.287, 0.366, 0.467, 0.581
[Epoch  14 (71.00s)]	ELBO: 1490.967, 1591.352, 1642.822, 1650.612, 1650.914 (1653.729)	Log prob: 1497.866, 1603.661, 1659.297, 1668.639, 1669.840 (1672.457)	KLD: 6.899, 12.309, 16.475, 18.028, 18.927 (18.728)	Grad: 0.228, 0.305, 0.398, 0.508, 0.630
[Epoch  15 (67.74s)]	ELBO: 1493.692, 1594.054, 1645.626, 1654.426, 1654.784 (1657.191)	Log prob: 1500.595, 1606.379, 1662.116, 1672.500, 1673.741 (1676.207)	KLD: 6.904, 12.325, 16.491, 18.076, 18.958 (19.016)	Grad: 0.221, 0.296, 0.384, 0.488, 0.606
[Epoch  16 (71.73s)]	ELBO: 1496.246, 1596.570, 1648.072, 1657.383, 1658.744 (1661.497)	Log prob: 1503.141, 1608.899, 1664.578, 1675.468, 1677.981 (1680.360)	KLD: 6.896, 12.329, 16.505, 18.085, 19.238 (18.863)	Grad: 0.219, 0.295, 0.384, 0.488, 0.605
[Epoch  17 (75.15s)]	ELBO: 1498.477, 1598.832, 1650.161, 1659.595, 1662.390 (1665.025)	Log prob: 1505.382, 1611.166, 1666.678, 1677.701, 1682.018 (1684.679)	KLD: 6.906, 12.334, 16.517, 18.105, 19.629 (19.654)	Grad: 0.218, 0.297, 0.390, 0.499, 0.618
[Epoch  18 (75.65s)]	ELBO: 1500.783, 1600.784, 1651.845, 1661.538, 1665.355 (1667.306)	Log prob: 1507.710, 1613.147, 1668.382, 1679.677, 1685.189 (1687.046)	KLD: 6.926, 12.362, 16.537, 18.140, 19.834 (19.740)	Grad: 0.220, 0.299, 0.390, 0.499, 0.617
[Epoch  19 (69.67s)]	ELBO: 1502.950, 1602.644, 1653.389, 1663.368, 1667.818 (1669.704)	Log prob: 1509.876, 1615.008, 1669.910, 1681.505, 1687.765 (1689.613)	KLD: 6.926, 12.365, 16.521, 18.137, 19.948 (19.909)	Grad: 0.225, 0.315, 0.417, 0.534, 0.659
[Epoch  20 (79.86s)]	ELBO: 1504.891, 1604.386, 1655.022, 1665.059, 1669.986 (1671.411)	Log prob: 1511.846, 1616.794, 1671.587, 1683.248, 1690.060 (1691.448)	KLD: 6.953, 12.408, 16.565, 18.188, 20.074 (20.037)	Grad: 0.219, 0.305, 0.402, 0.514, 0.635
[Epoch  21 (72.89s)]	ELBO: 1506.819, 1605.880, 1656.248, 1666.490, 1671.718 (1673.554)	Log prob: 1513.786, 1618.314, 1672.842, 1684.717, 1691.880 (1693.449)	KLD: 6.967, 12.431, 16.594, 18.227, 20.164 (19.895)	Grad: 0.212, 0.293, 0.381, 0.487, 0.602
[Epoch  22 (69.85s)]	ELBO: 1508.690, 1607.315, 1657.609, 1667.845, 1673.270 (1674.115)	Log prob: 1515.684, 1619.778, 1674.221, 1686.095, 1693.509 (1694.449)	KLD: 6.994, 12.464, 16.612, 18.251, 20.238 (20.333)	Grad: 0.215, 0.303, 0.397, 0.509, 0.629
[Epoch  23 (86.88s)]	ELBO: 1510.222, 1608.440, 1658.649, 1668.998, 1674.688 (1675.573)	Log prob: 1517.238, 1620.916, 1675.264, 1687.259, 1695.002 (1695.924)	KLD: 7.016, 12.475, 16.615, 18.261, 20.314 (20.351)	Grad: 0.214, 0.304, 0.401, 0.513, 0.632
[Epoch  24 (84.48s)]	ELBO: 1511.868, 1609.727, 1659.838, 1670.240, 1676.241 (1676.837)	Log prob: 1518.898, 1622.228, 1676.475, 1688.523, 1696.660 (1697.033)	KLD: 7.030, 12.500, 16.637, 18.284, 20.418 (20.196)	Grad: 0.213, 0.304, 0.398, 0.510, 0.629
[Epoch  25 (87.10s)]	ELBO: 1513.305, 1610.696, 1660.700, 1671.083, 1677.461 (1678.542)	Log prob: 1520.334, 1623.198, 1677.338, 1689.378, 1697.939 (1698.899)	KLD: 7.030, 12.502, 16.638, 18.295, 20.478 (20.357)	Grad: 0.216, 0.310, 0.408, 0.520, 0.641
[Epoch  26 (74.43s)]	ELBO: 1514.631, 1611.657, 1661.536, 1671.957, 1678.738 (1679.328)	Log prob: 1521.689, 1624.185, 1678.208, 1690.296, 1699.336 (1699.751)	KLD: 7.058, 12.528, 16.672, 18.338, 20.598 (20.422)	Grad: 0.214, 0.309, 0.410, 0.525, 0.648
[Epoch  27 (77.65s)]	ELBO: 1516.074, 1612.591, 1662.411, 1672.989, 1680.244 (1679.786)	Log prob: 1523.143, 1625.135, 1679.093, 1691.343, 1700.943 (1700.296)	KLD: 7.069, 12.543, 16.682, 18.354, 20.701 (20.509)	Grad: 0.208, 0.299, 0.397, 0.508, 0.625
[Epoch  28 (72.06s)]	ELBO: 1517.032, 1613.407, 1663.158, 1673.765, 1681.444 (1682.270)	Log prob: 1524.112, 1625.955, 1679.853, 1692.144, 1702.234 (1702.760)	KLD: 7.080, 12.550, 16.696, 18.379, 20.789 (20.489)	Grad: 0.211, 0.304, 0.403, 0.515, 0.632
[Epoch  29 (69.30s)]	ELBO: 1518.196, 1614.153, 1663.925, 1674.609, 1682.623 (1682.211)	Log prob: 1525.274, 1626.704, 1680.618, 1692.985, 1703.482 (1703.048)	KLD: 7.079, 12.551, 16.693, 18.376, 20.858 (20.837)	Grad: 0.215, 0.316, 0.422, 0.539, 0.661
[Epoch  30 (64.22s)]	ELBO: 1519.292, 1614.754, 1664.603, 1675.473, 1683.700 (1682.743)	Log prob: 1526.381, 1627.318, 1681.309, 1693.897, 1704.658 (1703.358)	KLD: 7.089, 12.562, 16.705, 18.423, 20.957 (20.615)	Grad: 0.209, 0.308, 0.410, 0.523, 0.641
[Epoch  31 (58.71s)]	ELBO: 1520.293, 1615.595, 1665.291, 1676.313, 1684.785 (1685.240)	Log prob: 1527.390, 1628.161, 1682.000, 1694.774, 1705.817 (1706.267)	KLD: 7.097, 12.565, 16.709, 18.461, 21.032 (21.027)	Grad: 0.207, 0.304, 0.404, 0.515, 0.632
[Epoch  32 (55.70s)]	ELBO: 1521.120, 1616.072, 1665.840, 1677.501, 1685.570 (1685.812)	Log prob: 1528.226, 1628.647, 1682.567, 1696.157, 1706.803 (1707.137)	KLD: 7.106, 12.576, 16.726, 18.657, 21.233 (21.325)	Grad: 0.210, 0.311, 0.416, 0.531, 0.649
[Epoch  33 (54.97s)]	ELBO: 1522.157, 1616.681, 1666.304, 1680.359, 1686.511 (1686.415)	Log prob: 1529.266, 1629.250, 1683.005, 1699.561, 1708.145 (1708.188)	KLD: 7.109, 12.571, 16.702, 19.202, 21.633 (21.773)	Grad: 0.205, 0.304, 0.407, 0.516, 0.634
[Epoch  34 (55.74s)]	ELBO: 1522.977, 1617.150, 1666.689, 1683.006, 1687.893 (1688.652)	Log prob: 1530.093, 1629.733, 1683.380, 1702.633, 1709.729 (1709.872)	KLD: 7.115, 12.582, 16.692, 19.629, 21.835 (21.220)	Grad: 0.210, 0.314, 0.419, 0.527, 0.644
[Epoch  35 (60.48s)]	ELBO: 1523.663, 1617.565, 1666.990, 1684.390, 1689.247 (1689.339)	Log prob: 1530.779, 1630.145, 1683.678, 1704.128, 1711.065 (1710.912)	KLD: 7.115, 12.580, 16.688, 19.737, 21.818 (21.572)	Grad: 0.207, 0.311, 0.415, 0.520, 0.636
[Epoch  36 (62.62s)]	ELBO: 1524.648, 1618.077, 1667.505, 1685.454, 1690.585 (1690.583)	Log prob: 1531.775, 1630.677, 1684.204, 1705.265, 1712.443 (1712.012)	KLD: 7.128, 12.598, 16.699, 19.812, 21.856 (21.429)	Grad: 0.208, 0.312, 0.416, 0.523, 0.638
[Epoch  37 (59.16s)]	ELBO: 1525.520, 1618.513, 1668.083, 1686.447, 1691.823 (1691.571)	Log prob: 1532.648, 1631.123, 1684.793, 1706.292, 1713.738 (1713.730)	KLD: 7.127, 12.610, 16.711, 19.845, 21.914 (22.159)	Grad: 0.209, 0.317, 0.424, 0.533, 0.651
[Epoch  38 (67.39s)]	ELBO: 1526.097, 1618.802, 1668.380, 1687.081, 1692.754 (1691.979)	Log prob: 1533.234, 1631.428, 1685.113, 1706.979, 1714.752 (1714.050)	KLD: 7.137, 12.624, 16.732, 19.896, 21.998 (22.070)	Grad: 0.210, 0.320, 0.429, 0.539, 0.658
[Epoch  39 (68.06s)]	ELBO: 1526.832, 1619.421, 1668.838, 1687.879, 1693.894 (1693.479)	Log prob: 1533.968, 1632.045, 1685.573, 1707.804, 1715.972 (1715.771)	KLD: 7.135, 12.624, 16.735, 19.924, 22.078 (22.292)	Grad: 0.210, 0.317, 0.425, 0.533, 0.650
[Epoch  40 (63.44s)]	ELBO: 1527.482, 1619.829, 1669.419, 1688.661, 1694.909 (1694.860)	Log prob: 1534.638, 1632.484, 1686.183, 1708.626, 1717.089 (1717.148)	KLD: 7.157, 12.656, 16.764, 19.964, 22.180 (22.288)	Grad: 0.207, 0.312, 0.417, 0.521, 0.636
[Epoch  41 (69.03s)]	ELBO: 1528.049, 1620.075, 1669.620, 1689.157, 1695.801 (1695.053)	Log prob: 1535.198, 1632.722, 1686.374, 1709.124, 1718.045 (1717.093)	KLD: 7.148, 12.647, 16.754, 19.966, 22.243 (22.040)	Grad: 0.207, 0.314, 0.419, 0.526, 0.641
[Epoch  42 (64.03s)]	ELBO: 1528.676, 1620.406, 1669.978, 1689.675, 1696.663 (1695.564)	Log prob: 1535.842, 1633.065, 1686.759, 1709.669, 1719.006 (1718.299)	KLD: 7.166, 12.659, 16.780, 19.995, 22.341 (22.735)	Grad: 0.206, 0.314, 0.420, 0.529, 0.645
[Epoch  43 (67.46s)]	ELBO: 1529.529, 1620.938, 1670.563, 1690.413, 1697.671 (1696.286)	Log prob: 1536.689, 1633.599, 1687.343, 1710.426, 1720.117 (1718.813)	KLD: 7.161, 12.661, 16.780, 20.013, 22.446 (22.527)	Grad: 0.204, 0.312, 0.416, 0.522, 0.635
[Epoch  44 (74.10s)]	ELBO: 1529.906, 1621.310, 1670.772, 1690.941, 1698.552 (1698.251)	Log prob: 1537.080, 1633.986, 1687.565, 1710.972, 1721.045 (1720.402)	KLD: 7.173, 12.676, 16.794, 20.029, 22.494 (22.150)	Grad: 0.204, 0.311, 0.415, 0.519, 0.631
[Epoch  45 (72.12s)]	ELBO: 1530.493, 1621.611, 1671.152, 1691.435, 1699.401 (1698.326)	Log prob: 1537.661, 1634.278, 1687.939, 1711.455, 1721.932 (1720.846)	KLD: 7.169, 12.668, 16.787, 20.020, 22.530 (22.520)	Grad: 0.205, 0.313, 0.419, 0.526, 0.640
[Epoch  46 (75.01s)]	ELBO: 1531.095, 1621.844, 1671.401, 1691.812, 1700.088 (1698.983)	Log prob: 1538.266, 1634.514, 1688.199, 1711.854, 1722.682 (1721.328)	KLD: 7.171, 12.671, 16.799, 20.043, 22.594 (22.345)	Grad: 0.206, 0.318, 0.426, 0.536, 0.651
[Epoch  47 (79.01s)]	ELBO: 1531.439, 1622.168, 1671.770, 1692.247, 1700.834 (1700.781)	Log prob: 1538.621, 1634.853, 1688.580, 1712.315, 1723.477 (1723.022)	KLD: 7.182, 12.686, 16.809, 20.069, 22.644 (22.241)	Grad: 0.203, 0.311, 0.417, 0.522, 0.635
[Epoch  48 (74.64s)]	ELBO: 1531.836, 1622.421, 1672.025, 1692.540, 1701.418 (1700.313)	Log prob: 1539.012, 1635.111, 1688.838, 1712.620, 1724.096 (1722.908)	KLD: 7.177, 12.689, 16.812, 20.080, 22.680 (22.595)	Grad: 0.207, 0.319, 0.428, 0.536, 0.651
[Epoch  49 (70.80s)]	ELBO: 1532.497, 1622.744, 1672.406, 1693.031, 1702.019 (1701.580)	Log prob: 1539.679, 1635.436, 1689.220, 1713.102, 1724.719 (1724.031)	KLD: 7.180, 12.691, 16.813, 20.072, 22.701 (22.452)	Grad: 0.206, 0.316, 0.423, 0.530, 0.644
[Epoch  50 (67.68s)]	ELBO: 1532.865, 1623.025, 1672.674, 1693.379, 1702.622 (1701.938)	Log prob: 1540.056, 1635.731, 1689.504, 1713.471, 1725.352 (1724.676)	KLD: 7.192, 12.705, 16.830, 20.092, 22.729 (22.738)	Grad: 0.204, 0.314, 0.419, 0.524, 0.637
[Epoch  51 (76.89s)]	ELBO: 1533.376, 1623.319, 1672.932, 1693.735, 1703.095 (1701.524)	Log prob: 1540.556, 1636.002, 1689.739, 1713.805, 1725.832 (1724.136)	KLD: 7.179, 12.683, 16.808, 20.070, 22.738 (22.612)	Grad: 0.205, 0.315, 0.423, 0.530, 0.644
[Epoch  52 (79.62s)]	ELBO: 1533.717, 1623.434, 1673.163, 1694.049, 1703.529 (1703.041)	Log prob: 1540.900, 1636.128, 1689.995, 1714.146, 1726.305 (1725.641)	KLD: 7.183, 12.695, 16.832, 20.098, 22.775 (22.601)	Grad: 0.204, 0.316, 0.423, 0.531, 0.645
[Epoch  53 (67.14s)]	ELBO: 1533.921, 1623.586, 1673.349, 1694.276, 1704.002 (1703.730)	Log prob: 1541.108, 1636.288, 1690.177, 1714.373, 1726.796 (1726.159)	KLD: 7.188, 12.702, 16.828, 20.098, 22.793 (22.429)	Grad: 0.206, 0.317, 0.424, 0.531, 0.644
[Epoch  54 (69.80s)]	ELBO: 1534.545, 1623.882, 1673.677, 1694.705, 1704.469 (1703.572)	Log prob: 1541.731, 1636.579, 1690.510, 1714.820, 1727.297 (1726.489)	KLD: 7.187, 12.697, 16.833, 20.114, 22.827 (22.917)	Grad: 0.203, 0.314, 0.420, 0.525, 0.637
[Epoch  55 (62.44s)]	ELBO: 1534.859, 1624.006, 1673.874, 1694.991, 1704.868 (1703.649)	Log prob: 1542.040, 1636.705, 1690.698, 1715.085, 1727.693 (1726.380)	KLD: 7.181, 12.698, 16.823, 20.094, 22.824 (22.731)	Grad: 0.210, 0.326, 0.437, 0.548, 0.664
[Epoch  56 (61.30s)]	ELBO: 1535.266, 1624.359, 1674.144, 1695.270, 1705.338 (1704.106)	Log prob: 1542.462, 1637.065, 1690.989, 1715.384, 1728.194 (1727.053)	KLD: 7.197, 12.707, 16.844, 20.114, 22.856 (22.947)	Grad: 0.206, 0.321, 0.430, 0.539, 0.654
[Epoch  57 (58.80s)]	ELBO: 1535.734, 1624.581, 1674.451, 1695.495, 1705.651 (1704.352)	Log prob: 1542.942, 1637.299, 1691.305, 1715.629, 1728.524 (1727.335)	KLD: 7.208, 12.719, 16.854, 20.133, 22.872 (22.982)	Grad: 0.204, 0.317, 0.426, 0.534, 0.647
[Epoch  58 (68.86s)]	ELBO: 1535.995, 1624.776, 1674.579, 1695.819, 1706.054 (1705.407)	Log prob: 1543.192, 1637.486, 1691.434, 1715.946, 1728.958 (1728.126)	KLD: 7.198, 12.711, 16.854, 20.127, 22.905 (22.720)	Grad: 0.204, 0.317, 0.424, 0.530, 0.641
[Epoch  59 (68.50s)]	ELBO: 1536.364, 1624.808, 1674.755, 1695.981, 1706.316 (1705.099)	Log prob: 1543.575, 1637.530, 1691.611, 1716.129, 1729.244 (1727.933)	KLD: 7.210, 12.722, 16.858, 20.148, 22.928 (22.834)	Grad: 0.203, 0.319, 0.428, 0.538, 0.652
[Epoch  60 (74.37s)]	ELBO: 1536.984, 1625.204, 1675.087, 1696.310, 1706.689 (1705.861)	Log prob: 1544.179, 1637.912, 1691.942, 1716.456, 1729.636 (1728.789)	KLD: 7.196, 12.708, 16.854, 20.146, 22.946 (22.928)	Grad: 0.201, 0.315, 0.423, 0.530, 0.642
[Epoch  61 (74.31s)]	ELBO: 1537.135, 1625.337, 1675.224, 1696.509, 1707.076 (1705.904)	Log prob: 1544.351, 1638.063, 1692.092, 1716.659, 1730.026 (1728.774)	KLD: 7.216, 12.725, 16.867, 20.149, 22.950 (22.871)	Grad: 0.202, 0.316, 0.425, 0.532, 0.645
[Epoch  62 (79.32s)]	ELBO: 1537.403, 1625.433, 1675.326, 1696.667, 1707.265 (1705.625)	Log prob: 1544.615, 1638.160, 1692.198, 1716.829, 1730.261 (1728.582)	KLD: 7.213, 12.728, 16.873, 20.161, 22.996 (22.957)	Grad: 0.205, 0.321, 0.431, 0.539, 0.653
[Epoch  63 (79.11s)]	ELBO: 1537.787, 1625.767, 1675.620, 1696.965, 1707.633 (1706.380)	Log prob: 1544.995, 1638.489, 1692.491, 1717.125, 1730.615 (1729.485)	KLD: 7.209, 12.721, 16.871, 20.160, 22.982 (23.106)	Grad: 0.203, 0.318, 0.429, 0.540, 0.654
[Epoch  64 (76.42s)]	ELBO: 1538.055, 1625.955, 1675.855, 1697.143, 1707.933 (1707.336)	Log prob: 1545.263, 1638.670, 1692.715, 1717.284, 1730.913 (1730.356)	KLD: 7.208, 12.716, 16.859, 20.140, 22.980 (23.020)	Grad: 0.207, 0.324, 0.436, 0.548, 0.664
[Epoch  65 (91.75s)]	ELBO: 1538.536, 1626.175, 1676.189, 1697.521, 1708.286 (1706.854)	Log prob: 1545.757, 1638.904, 1693.057, 1717.675, 1731.288 (1729.927)	KLD: 7.222, 12.731, 16.867, 20.153, 23.001 (23.073)	Grad: 0.200, 0.311, 0.417, 0.521, 0.631
[Epoch  66 (96.96s)]	ELBO: 1538.756, 1626.362, 1676.270, 1697.634, 1708.552 (1706.665)	Log prob: 1545.982, 1639.099, 1693.138, 1717.791, 1731.562 (1729.973)	KLD: 7.227, 12.735, 16.869, 20.156, 23.011 (23.309)	Grad: 0.199, 0.311, 0.417, 0.522, 0.632
[Epoch  67 (92.19s)]	ELBO: 1539.030, 1626.386, 1676.407, 1697.771, 1708.734 (1707.617)	Log prob: 1546.256, 1639.127, 1693.299, 1717.946, 1731.775 (1730.677)	KLD: 7.226, 12.740, 16.891, 20.175, 23.043 (23.060)	Grad: 0.204, 0.319, 0.429, 0.538, 0.651
[Epoch  68 (75.19s)]	ELBO: 1539.241, 1626.559, 1676.605, 1697.948, 1708.957 (1707.640)	Log prob: 1546.467, 1639.298, 1693.496, 1718.126, 1732.001 (1730.558)	KLD: 7.227, 12.739, 16.889, 20.178, 23.042 (22.918)	Grad: 0.205, 0.322, 0.434, 0.543, 0.657
[Epoch  69 (71.36s)]	ELBO: 1539.452, 1626.729, 1676.668, 1698.057, 1709.117 (1707.518)	Log prob: 1546.674, 1639.453, 1693.549, 1718.231, 1732.169 (1730.689)	KLD: 7.221, 12.724, 16.882, 20.176, 23.052 (23.172)	Grad: 0.203, 0.319, 0.429, 0.538, 0.652
[Epoch  70 (76.28s)]	ELBO: 1539.711, 1626.768, 1676.858, 1698.282, 1709.373 (1708.034)	Log prob: 1546.929, 1639.494, 1693.727, 1718.438, 1732.418 (1731.172)	KLD: 7.218, 12.726, 16.869, 20.156, 23.044 (23.138)	Grad: 0.206, 0.326, 0.439, 0.552, 0.669
[Epoch  71 (81.74s)]	ELBO: 1540.208, 1627.141, 1677.162, 1698.517, 1709.695 (1708.222)	Log prob: 1547.440, 1639.882, 1694.057, 1718.703, 1732.782 (1731.151)	KLD: 7.232, 12.741, 16.895, 20.184, 23.086 (22.929)	Grad: 0.203, 0.319, 0.430, 0.538, 0.652
[Epoch  72 (77.93s)]	ELBO: 1540.459, 1627.200, 1677.291, 1698.622, 1709.868 (1708.488)	Log prob: 1547.695, 1639.948, 1694.191, 1718.813, 1732.955 (1731.553)	KLD: 7.237, 12.748, 16.902, 20.191, 23.086 (23.064)	Grad: 0.205, 0.323, 0.435, 0.544, 0.657
[Epoch  73 (79.77s)]	ELBO: 1540.750, 1627.401, 1677.453, 1698.807, 1710.094 (1708.751)	Log prob: 1547.994, 1640.160, 1694.366, 1719.005, 1733.179 (1731.780)	KLD: 7.244, 12.758, 16.914, 20.198, 23.086 (23.029)	Grad: 0.201, 0.318, 0.426, 0.534, 0.647
[Epoch  74 (76.25s)]	ELBO: 1540.978, 1627.704, 1677.688, 1699.087, 1710.360 (1708.626)	Log prob: 1548.212, 1640.452, 1694.595, 1719.284, 1733.462 (1731.629)	KLD: 7.235, 12.748, 16.908, 20.196, 23.102 (23.003)	Grad: 0.202, 0.318, 0.428, 0.537, 0.649
[Epoch  75 (63.50s)]	ELBO: 1541.219, 1627.806, 1677.766, 1699.157, 1710.502 (1708.999)	Log prob: 1548.456, 1640.548, 1694.674, 1719.356, 1733.605 (1731.950)	KLD: 7.237, 12.742, 16.908, 20.198, 23.104 (22.951)	Grad: 0.203, 0.320, 0.430, 0.539, 0.652
[Epoch  76 (70.69s)]	ELBO: 1541.607, 1628.038, 1678.025, 1699.364, 1710.712 (1707.959)	Log prob: 1548.854, 1640.790, 1694.932, 1719.563, 1733.823 (1730.679)	KLD: 7.247, 12.752, 16.907, 20.200, 23.112 (22.720)	Grad: 0.201, 0.318, 0.426, 0.534, 0.647
[Epoch  77 (63.27s)]	ELBO: 1541.805, 1628.166, 1678.059, 1699.418, 1710.908 (1709.375)	Log prob: 1549.050, 1640.932, 1694.988, 1719.628, 1734.028 (1732.554)	KLD: 7.245, 12.766, 16.927, 20.210, 23.121 (23.179)	Grad: 0.201, 0.321, 0.435, 0.548, 0.665
[Epoch  78 (62.49s)]	ELBO: 1541.934, 1628.372, 1678.282, 1699.599, 1711.071 (1709.468)	Log prob: 1549.179, 1641.129, 1695.201, 1719.810, 1734.211 (1732.566)	KLD: 7.245, 12.757, 16.919, 20.211, 23.140 (23.098)	Grad: 0.202, 0.320, 0.431, 0.542, 0.657
[Epoch  79 (61.54s)]	ELBO: 1542.304, 1628.517, 1678.373, 1699.773, 1711.272 (1709.562)	Log prob: 1549.569, 1641.293, 1695.307, 1719.994, 1734.413 (1732.821)	KLD: 7.265, 12.777, 16.934, 20.223, 23.141 (23.259)	Grad: 0.201, 0.318, 0.429, 0.540, 0.655
[Epoch  80 (69.00s)]	ELBO: 1542.508, 1628.699, 1678.587, 1699.929, 1711.453 (1710.211)	Log prob: 1549.764, 1641.478, 1695.516, 1720.155, 1734.609 (1733.192)	KLD: 7.256, 12.779, 16.928, 20.224, 23.156 (22.981)	Grad: 0.201, 0.319, 0.429, 0.536, 0.649
[Epoch  81 (66.99s)]	ELBO: 1542.678, 1628.828, 1678.663, 1700.029, 1711.580 (1709.732)	Log prob: 1549.922, 1641.591, 1695.591, 1720.247, 1734.732 (1732.689)	KLD: 7.244, 12.762, 16.928, 20.218, 23.151 (22.957)	Grad: 0.204, 0.324, 0.436, 0.546, 0.660
[Epoch  82 (67.61s)]	ELBO: 1542.878, 1628.857, 1678.761, 1700.153, 1711.664 (1710.358)	Log prob: 1550.143, 1641.647, 1695.717, 1720.399, 1734.844 (1733.602)	KLD: 7.266, 12.791, 16.956, 20.247, 23.181 (23.244)	Grad: 0.203, 0.322, 0.434, 0.544, 0.659
[Epoch  83 (66.16s)]	ELBO: 1543.427, 1629.246, 1679.094, 1700.400, 1711.979 (1709.715)	Log prob: 1550.690, 1642.031, 1696.045, 1720.637, 1735.142 (1732.914)	KLD: 7.263, 12.786, 16.951, 20.237, 23.163 (23.198)	Grad: 0.202, 0.319, 0.430, 0.540, 0.654
[Epoch  84 (62.57s)]	ELBO: 1543.416, 1629.308, 1679.113, 1700.387, 1712.071 (1709.705)	Log prob: 1550.681, 1642.098, 1696.070, 1720.637, 1735.256 (1732.685)	KLD: 7.266, 12.791, 16.957, 20.251, 23.184 (22.981)	Grad: 0.201, 0.321, 0.431, 0.541, 0.655
[Epoch  85 (65.58s)]	ELBO: 1543.723, 1629.525, 1679.260, 1700.570, 1712.273 (1710.553)	Log prob: 1550.989, 1642.307, 1696.202, 1720.796, 1735.439 (1733.330)	KLD: 7.264, 12.783, 16.943, 20.225, 23.166 (22.776)	Grad: 0.202, 0.322, 0.433, 0.543, 0.657
[Epoch  86 (67.44s)]	ELBO: 1543.975, 1629.653, 1679.383, 1700.651, 1712.366 (1710.919)	Log prob: 1551.248, 1642.442, 1696.339, 1720.892, 1735.539 (1734.054)	KLD: 7.273, 12.791, 16.956, 20.240, 23.172 (23.135)	Grad: 0.199, 0.315, 0.424, 0.532, 0.645
[Epoch  87 (66.65s)]	ELBO: 1544.009, 1629.676, 1679.388, 1700.712, 1712.410 (1710.721)	Log prob: 1551.276, 1642.457, 1696.322, 1720.933, 1735.566 (1733.902)	KLD: 7.266, 12.781, 16.934, 20.220, 23.156 (23.181)	Grad: 0.200, 0.319, 0.431, 0.543, 0.658
[Epoch  88 (59.02s)]	ELBO: 1544.354, 1629.932, 1679.599, 1700.867, 1712.615 (1710.880)	Log prob: 1551.626, 1642.730, 1696.567, 1721.126, 1735.805 (1733.839)	KLD: 7.271, 12.798, 16.968, 20.259, 23.191 (22.959)	Grad: 0.203, 0.322, 0.435, 0.547, 0.662
[Epoch  89 (52.87s)]	ELBO: 1544.582, 1630.083, 1679.776, 1701.042, 1712.813 (1711.603)	Log prob: 1551.855, 1642.877, 1696.735, 1721.291, 1735.996 (1734.395)	KLD: 7.273, 12.793, 16.959, 20.247, 23.184 (22.792)	Grad: 0.202, 0.323, 0.437, 0.549, 0.665
[Epoch  90 (51.26s)]	ELBO: 1544.949, 1630.270, 1679.931, 1701.184, 1712.972 (1710.777)	Log prob: 1552.223, 1643.064, 1696.902, 1721.440, 1736.162 (1734.136)	KLD: 7.273, 12.796, 16.971, 20.255, 23.192 (23.359)	Grad: 0.203, 0.323, 0.437, 0.549, 0.665
[Epoch  91 (50.51s)]	ELBO: 1544.947, 1630.323, 1680.031, 1701.179, 1713.024 (1711.470)	Log prob: 1552.229, 1643.122, 1696.999, 1721.431, 1736.212 (1734.589)	KLD: 7.282, 12.798, 16.968, 20.251, 23.190 (23.119)	Grad: 0.201, 0.321, 0.433, 0.544, 0.661
[Epoch  92 (51.71s)]	ELBO: 1545.320, 1630.649, 1680.236, 1701.445, 1713.241 (1710.629)	Log prob: 1552.591, 1643.444, 1697.199, 1721.701, 1736.422 (1733.931)	KLD: 7.272, 12.794, 16.962, 20.257, 23.181 (23.301)	Grad: 0.203, 0.324, 0.438, 0.550, 0.667
[Epoch  93 (60.19s)]	ELBO: 1545.568, 1630.758, 1680.306, 1701.589, 1713.399 (1711.205)	Log prob: 1552.856, 1643.567, 1697.281, 1721.846, 1736.598 (1734.313)	KLD: 7.288, 12.810, 16.976, 20.259, 23.199 (23.108)	Grad: 0.197, 0.315, 0.425, 0.533, 0.645
[Epoch  94 (57.01s)]	ELBO: 1545.641, 1630.879, 1680.376, 1701.546, 1713.454 (1711.608)	Log prob: 1552.921, 1643.691, 1697.360, 1721.801, 1736.653 (1734.672)	KLD: 7.280, 12.812, 16.982, 20.254, 23.199 (23.065)	Grad: 0.202, 0.322, 0.435, 0.546, 0.661
[Epoch  95 (45.58s)]	ELBO: 1545.801, 1630.888, 1680.426, 1701.592, 1713.466 (1711.406)	Log prob: 1553.086, 1643.700, 1697.421, 1721.873, 1736.683 (1734.704)	KLD: 7.284, 12.813, 16.995, 20.282, 23.218 (23.298)	Grad: 0.200, 0.320, 0.432, 0.543, 0.659
[Epoch  96 (45.31s)]	ELBO: 1546.182, 1631.292, 1680.769, 1701.961, 1713.766 (1711.598)	Log prob: 1553.460, 1644.090, 1697.737, 1722.208, 1736.952 (1734.652)	KLD: 7.278, 12.800, 16.968, 20.246, 23.186 (23.054)	Grad: 0.201, 0.320, 0.430, 0.540, 0.654
[Epoch  97 (47.01s)]	ELBO: 1546.188, 1631.272, 1680.809, 1701.948, 1713.802 (1711.564)	Log prob: 1553.478, 1644.100, 1697.809, 1722.226, 1737.025 (1734.836)	KLD: 7.290, 12.828, 17.001, 20.277, 23.223 (23.272)	Grad: 0.201, 0.321, 0.435, 0.547, 0.661
[Epoch  98 (45.31s)]	ELBO: 1546.446, 1631.522, 1680.905, 1701.987, 1713.904 (1711.777)	Log prob: 1553.727, 1644.324, 1697.877, 1722.233, 1737.083 (1735.068)	KLD: 7.283, 12.801, 16.972, 20.246, 23.179 (23.291)	Grad: 0.202, 0.322, 0.437, 0.549, 0.666
[Epoch  99 (36.68s)]	ELBO: 1546.625, 1631.547, 1681.022, 1702.093, 1714.090 (1711.838)	Log prob: 1553.907, 1644.363, 1698.008, 1722.354, 1737.289 (1734.972)	KLD: 7.283, 12.814, 16.985, 20.260, 23.198 (23.134)	Grad: 0.200, 0.320, 0.431, 0.540, 0.653
[Epoch 100 (25.73s)]	ELBO: 1546.739, 1631.689, 1681.018, 1702.118, 1714.128 (1711.360)	Log prob: 1554.025, 1644.506, 1698.003, 1722.379, 1737.334 (1734.747)	KLD: 7.287, 12.816, 16.985, 20.262, 23.205 (23.386)	Grad: 0.202, 0.324, 0.438, 0.551, 0.666
Best epoch(s): [99]	Training time(s): 6692.22s (6692.22s)	Best ELBO: 1714.128 (1711.838)	Best log prob: 1737.334 (1735.068)
Avg. mu: -0.025, 0.045, 0.062, -0.003, 0.060, 0.028, -0.077, 0.036, -0.064, 0.058
Avg. var: 0.001, 0.001, 0.005, 0.005, 0.014, 0.017, 0.048, 0.041, 0.043, 0.041
Max. mu: 4.331, 4.430, 3.176, 3.119, 3.874, 4.761, 5.565, 4.779, 3.645, 3.724
Max. var: 0.008, 0.017, 0.041, 0.051, 0.053, 0.058, 0.159, 0.175, 0.215, 0.255
Min. mu: -3.864, -3.902, -4.157, -4.086, -2.865, -4.400, -5.434, -4.342, -3.363, -4.032
Min. var: 0.000, 0.000, 0.001, 0.001, 0.004, 0.005, 0.012, 0.008, 0.005, 0.004
Cov. mu:
[[1.358 0.391 -0.056 -0.096 -0.030 0.019 0.104 -0.065 -0.028 -0.017]
 [0.391 1.807 -0.149 -0.060 0.055 -0.039 0.071 -0.006 -0.090 -0.051]
 [-0.056 -0.149 1.016 0.010 0.035 -0.016 0.027 0.116 0.030 0.002]
 [-0.096 -0.060 0.010 0.841 -0.057 0.035 0.033 -0.047 -0.037 0.013]
 [-0.030 0.055 0.035 -0.057 0.880 -0.037 0.024 0.037 -0.004 -0.004]
 [0.019 -0.039 -0.016 0.035 -0.037 1.001 -0.022 -0.060 0.034 0.040]
 [0.104 0.071 0.027 0.033 0.024 -0.022 1.033 -0.042 0.042 -0.038]
 [-0.065 -0.006 0.116 -0.047 0.037 -0.060 -0.042 0.968 -0.011 0.007]
 [-0.028 -0.090 0.030 -0.037 -0.004 0.034 0.042 -0.011 0.583 0.071]
 [-0.017 -0.051 0.002 0.013 -0.004 0.040 -0.038 0.007 0.071 0.640]]
Avg. mu: -0.025, 0.045, 0.062, -0.003, 0.060, 0.028, -0.077, 0.036, -0.064, 0.058
Avg. var: 0.001, 0.001, 0.005, 0.005, 0.014, 0.017, 0.048, 0.041, 0.043, 0.041
Max. mu: 4.331, 4.430, 3.176, 3.119, 3.874, 4.761, 5.565, 4.779, 3.645, 3.724
Max. var: 0.008, 0.017, 0.041, 0.051, 0.053, 0.058, 0.159, 0.175, 0.215, 0.255
Min. mu: -3.864, -3.902, -4.157, -4.086, -2.865, -4.400, -5.434, -4.342, -3.363, -4.032
Min. var: 0.000, 0.000, 0.001, 0.001, 0.004, 0.005, 0.012, 0.008, 0.005, 0.004
Cov. mu:
[[1.358 0.391 -0.056 -0.096 -0.030 0.019 0.104 -0.065 -0.028 -0.017]
 [0.391 1.807 -0.149 -0.060 0.055 -0.039 0.071 -0.006 -0.090 -0.051]
 [-0.056 -0.149 1.016 0.010 0.035 -0.016 0.027 0.116 0.030 0.002]
 [-0.096 -0.060 0.010 0.841 -0.057 0.035 0.033 -0.047 -0.037 0.013]
 [-0.030 0.055 0.035 -0.057 0.880 -0.037 0.024 0.037 -0.004 -0.004]
 [0.019 -0.039 -0.016 0.035 -0.037 1.001 -0.022 -0.060 0.034 0.040]
 [0.104 0.071 0.027 0.033 0.024 -0.022 1.033 -0.042 0.042 -0.038]
 [-0.065 -0.006 0.116 -0.047 0.037 -0.060 -0.042 0.968 -0.011 0.007]
 [-0.028 -0.090 0.030 -0.037 -0.004 0.034 0.042 -0.011 0.583 0.071]
 [-0.017 -0.051 0.002 0.013 -0.004 0.040 -0.038 0.007 0.071 0.640]]
