Seed: 2021
=================================================================
Layer (type:depth-idx)                   Param #
=================================================================
RNN                                      --
├─Canvas: 1-1                            --
│    └─Linear: 2-1                       784
├─Encoder: 1-2                           --
│    └─Linear: 2-2                       76,930
│    └─Linear: 2-3                       9,702
├─ModuleList: 1-3                        --
│    └─EncoderToLatents: 2-4             --
│    │    └─Linear: 3-1                  99
│    │    └─Linear: 3-2                  99
│    └─EncoderToLatents: 2-5             --
│    │    └─Linear: 3-3                  99
│    │    └─Linear: 3-4                  99
│    └─EncoderToLatents: 2-6             --
│    │    └─Linear: 3-5                  99
│    │    └─Linear: 3-6                  99
│    └─EncoderToLatents: 2-7             --
│    │    └─Linear: 3-7                  99
│    │    └─Linear: 3-8                  99
│    └─EncoderToLatents: 2-8             --
│    │    └─Linear: 3-9                  99
│    │    └─Linear: 3-10                 99
│    └─EncoderToLatents: 2-9             --
│    │    └─Linear: 3-11                 99
│    │    └─Linear: 3-12                 99
│    └─EncoderToLatents: 2-10            --
│    │    └─Linear: 3-13                 99
│    │    └─Linear: 3-14                 99
│    └─EncoderToLatents: 2-11            --
│    │    └─Linear: 3-15                 99
│    │    └─Linear: 3-16                 99
│    └─EncoderToLatents: 2-12            --
│    │    └─Linear: 3-17                 99
│    │    └─Linear: 3-18                 99
│    └─EncoderToLatents: 2-13            --
│    │    └─Linear: 3-19                 99
│    │    └─Linear: 3-20                 99
├─LatentsToLatentsComplicated: 1-4       --
│    └─Linear: 2-14                      500
│    └─Linear: 2-15                      10,100
│    └─Linear: 2-16                      10,100
│    └─Linear: 2-17                      101
│    └─Linear: 2-18                      101
├─ModuleList: 1-5                        --
│    └─LatentsToDecoder: 2-19            --
│    │    └─Linear: 3-21                 196
│    └─LatentsToDecoder: 2-20            --
│    │    └─Linear: 3-22                 196
│    └─LatentsToDecoder: 2-21            --
│    │    └─Linear: 3-23                 196
│    └─LatentsToDecoder: 2-22            --
│    │    └─Linear: 3-24                 196
│    └─LatentsToDecoder: 2-23            --
│    │    └─Linear: 3-25                 196
│    └─LatentsToDecoder: 2-24            --
│    │    └─Linear: 3-26                 196
│    └─LatentsToDecoder: 2-25            --
│    │    └─Linear: 3-27                 196
│    └─LatentsToDecoder: 2-26            --
│    │    └─Linear: 3-28                 196
│    └─LatentsToDecoder: 2-27            --
│    │    └─Linear: 3-29                 196
│    └─LatentsToDecoder: 2-28            --
│    │    └─Linear: 3-30                 196
├─Decoder: 1-6                           --
│    └─Linear: 2-29                      9,702
│    └─Linear: 2-30                      77,616
=================================================================
Total params: 199,576
Trainable params: 199,576
Non-trainable params: 0
=================================================================
[Epoch   1 (82.23s)]	ELBO (bits/dim): 2.18483, 2.37970, 2.42595, 2.44318, 2.45123, 2.45255, 2.45178, 2.44733, 2.44001, 2.43180 (2.67629)	Reconstruction error (/dim): 0.08255, 0.07629, 0.07467, 0.07498, 0.07533, 0.07547, 0.07609, 0.07676, 0.07724, 0.07777 (0.06328)	KLD: 6.751, 4.230, 1.469, 0.268, 0.331, 0.231, 0.221, 0.414, 0.375, 0.270 (13.978)	Grad: 1293.0
[Epoch   2 (80.93s)]	ELBO (bits/dim): 2.48689, 2.63362, 2.70953, 2.75406, 2.78775, 2.80386, 2.80440, 2.80468, 2.80399, 2.80324 (2.90634)	Reconstruction error (/dim): 0.07868, 0.07009, 0.06458, 0.06087, 0.05787, 0.05563, 0.05580, 0.05584, 0.05596, 0.05603 (0.04887)	KLD: 3.962, 3.888, 2.671, 2.284, 1.965, 1.337, 0.412, 0.728, 0.333, 0.480 (20.548)	Grad: 1572.3
[Epoch   3 (81.94s)]	ELBO (bits/dim): 2.54933, 2.67279, 2.75802, 2.83815, 2.90107, 2.94458, 2.95979, 2.96052, 2.96221, 2.96380 (3.00043)	Reconstruction error (/dim): 0.07409, 0.06787, 0.06272, 0.05666, 0.05185, 0.04678, 0.04538, 0.04534, 0.04517, 0.04492 (0.04115)	KLD: 3.561, 3.555, 2.818, 2.821, 2.356, 2.085, 1.540, 0.775, 0.706, 0.840 (21.823)	Grad: 1600.5
[Epoch   4 (82.28s)]	ELBO (bits/dim): 2.56667, 2.69734, 2.78452, 2.87392, 2.94520, 2.99079, 3.01234, 3.02741, 3.03510, 3.03575 (3.05753)	Reconstruction error (/dim): 0.07249, 0.06604, 0.06115, 0.05434, 0.04867, 0.04378, 0.04176, 0.04014, 0.03933, 0.03927 (0.03712)	KLD: 3.469, 3.448, 2.826, 2.936, 2.495, 2.019, 1.739, 1.522, 1.224, 0.852 (22.747)	Grad: 1348.2
[Epoch   5 (83.45s)]	ELBO (bits/dim): 2.57367, 2.71110, 2.80412, 2.89900, 2.97286, 3.01936, 3.04402, 3.06139, 3.07038, 3.07475 (3.08843)	Reconstruction error (/dim): 0.07221, 0.06505, 0.05971, 0.05221, 0.04646, 0.04180, 0.03946, 0.03772, 0.03685, 0.03631 (0.03496)	KLD: 3.442, 3.398, 2.805, 2.856, 2.531, 2.066, 1.781, 1.655, 1.365, 1.070 (23.293)	Grad: 1461.6
[Epoch   6 (84.03s)]	ELBO (bits/dim): 2.58050, 2.72043, 2.81939, 2.91754, 2.99113, 3.03814, 3.06467, 3.08154, 3.09109, 3.09735 (3.10579)	Reconstruction error (/dim): 0.07213, 0.06455, 0.05866, 0.05067, 0.04503, 0.04049, 0.03800, 0.03631, 0.03538, 0.03460 (0.03327)	KLD: 3.421, 3.371, 2.798, 2.823, 2.534, 2.088, 1.829, 1.672, 1.376, 1.223 (22.944)	Grad: 1428.4
[Epoch   7 (82.34s)]	ELBO (bits/dim): 2.58595, 2.72815, 2.83138, 2.93082, 3.00371, 3.05129, 3.07911, 3.09614, 3.10641, 3.11332 (3.12231)	Reconstruction error (/dim): 0.07184, 0.06400, 0.05775, 0.04959, 0.04408, 0.03957, 0.03698, 0.03528, 0.03426, 0.03342 (0.03211)	KLD: 3.425, 3.356, 2.805, 2.805, 2.539, 2.098, 1.854, 1.680, 1.401, 1.254 (23.245)	Grad: 1459.1
[Epoch   8 (75.11s)]	ELBO (bits/dim): 2.59053, 2.73603, 2.84212, 2.94151, 3.01371, 3.06158, 3.09068, 3.10835, 3.11929, 3.12658 (3.13158)	Reconstruction error (/dim): 0.07161, 0.06331, 0.05685, 0.04874, 0.04332, 0.03885, 0.03615, 0.03442, 0.03332, 0.03247 (0.03176)	KLD: 3.443, 3.367, 2.814, 2.800, 2.559, 2.102, 1.877, 1.681, 1.441, 1.278 (23.518)	Grad: 1444.3
[Epoch   9 (71.53s)]	ELBO (bits/dim): 2.59596, 2.74330, 2.85144, 2.95082, 3.02193, 3.07008, 3.10051, 3.11913, 3.13040, 3.13789 (3.14407)	Reconstruction error (/dim): 0.07126, 0.06269, 0.05606, 0.04806, 0.04273, 0.03827, 0.03547, 0.03369, 0.03256, 0.03170 (0.03089)	KLD: 3.469, 3.375, 2.829, 2.802, 2.561, 2.108, 1.900, 1.688, 1.468, 1.313 (23.193)	Grad: 1402.3
[Epoch  10 (71.26s)]	ELBO (bits/dim): 2.60002, 2.75005, 2.85988, 2.95920, 3.02934, 3.07777, 3.10921, 3.12836, 3.13997, 3.14764 (3.15423)	Reconstruction error (/dim): 0.07110, 0.06220, 0.05536, 0.04744, 0.04220, 0.03774, 0.03487, 0.03306, 0.03189, 0.03103 (0.02983)	KLD: 3.490, 3.395, 2.844, 2.808, 2.569, 2.108, 1.913, 1.698, 1.485, 1.343 (23.412)	Grad: 1427.4
[Epoch  11 (72.71s)]	ELBO (bits/dim): 2.60427, 2.75608, 2.86716, 2.96602, 3.03553, 3.08417, 3.11654, 3.13580, 3.14791, 3.15565 (3.15984)	Reconstruction error (/dim): 0.07079, 0.06179, 0.05482, 0.04694, 0.04178, 0.03732, 0.03438, 0.03256, 0.03135, 0.03048 (0.02959)	KLD: 3.516, 3.399, 2.854, 2.801, 2.577, 2.106, 1.923, 1.697, 1.505, 1.368 (23.560)	Grad: 1461.3
[Epoch  12 (71.70s)]	ELBO (bits/dim): 2.60840, 2.76176, 2.87420, 2.97205, 3.04068, 3.08969, 3.12275, 3.14220, 3.15465, 3.16259 (3.16794)	Reconstruction error (/dim): 0.07052, 0.06137, 0.05423, 0.04648, 0.04142, 0.03695, 0.03396, 0.03213, 0.03092, 0.03002 (0.02900)	KLD: 3.542, 3.422, 2.868, 2.798, 2.590, 2.108, 1.929, 1.707, 1.515, 1.373 (23.805)	Grad: 1431.5
[Epoch  13 (71.20s)]	ELBO (bits/dim): 2.61183, 2.76677, 2.88021, 2.97714, 3.04511, 3.09418, 3.12768, 3.14710, 3.15992, 3.16818 (3.17161)	Reconstruction error (/dim): 0.07023, 0.06098, 0.05374, 0.04610, 0.04111, 0.03667, 0.03362, 0.03184, 0.03056, 0.02966 (0.02875)	KLD: 3.556, 3.430, 2.879, 2.806, 2.587, 2.111, 1.935, 1.707, 1.524, 1.379 (23.864)	Grad: 1470.1
[Epoch  14 (71.20s)]	ELBO (bits/dim): 2.61526, 2.77177, 2.88596, 2.98143, 3.04902, 3.09821, 3.13208, 3.15170, 3.16458, 3.17309 (3.17770)	Reconstruction error (/dim): 0.06997, 0.06058, 0.05327, 0.04579, 0.04082, 0.03640, 0.03334, 0.03152, 0.03025, 0.02934 (0.02868)	KLD: 3.581, 3.439, 2.893, 2.806, 2.585, 2.113, 1.939, 1.720, 1.525, 1.381 (24.291)	Grad: 1406.1
[Epoch  15 (71.01s)]	ELBO (bits/dim): 2.61825, 2.77613, 2.89096, 2.98533, 3.05246, 3.10172, 3.13579, 3.15557, 3.16845, 3.17718 (3.17925)	Reconstruction error (/dim): 0.06983, 0.06023, 0.05290, 0.04552, 0.04057, 0.03617, 0.03312, 0.03129, 0.03002, 0.02908 (0.02851)	KLD: 3.602, 3.450, 2.913, 2.809, 2.578, 2.108, 1.936, 1.723, 1.524, 1.382 (24.167)	Grad: 1418.9
[Epoch  16 (72.34s)]	ELBO (bits/dim): 2.62054, 2.78007, 2.89584, 2.98890, 3.05546, 3.10464, 3.13885, 3.15869, 3.17161, 3.18055 (3.18550)	Reconstruction error (/dim): 0.06967, 0.05997, 0.05254, 0.04528, 0.04035, 0.03597, 0.03290, 0.03106, 0.02981, 0.02885 (0.02800)	KLD: 3.618, 3.456, 2.924, 2.813, 2.580, 2.105, 1.938, 1.730, 1.530, 1.405 (23.665)	Grad: 1325.8
[Epoch  17 (70.90s)]	ELBO (bits/dim): 2.62289, 2.78361, 2.90015, 2.99197, 3.05816, 3.10730, 3.14154, 3.16148, 3.17451, 3.18359 (3.18640)	Reconstruction error (/dim): 0.06955, 0.05972, 0.05222, 0.04509, 0.04018, 0.03582, 0.03274, 0.03088, 0.02961, 0.02866 (0.02790)	KLD: 3.634, 3.470, 2.927, 2.818, 2.576, 2.103, 1.941, 1.737, 1.528, 1.407 (24.184)	Grad: 1338.0
[Epoch  18 (71.31s)]	ELBO (bits/dim): 2.62519, 2.78703, 2.90398, 2.99486, 3.06071, 3.10959, 3.14403, 3.16424, 3.17706, 3.18632 (3.18915)	Reconstruction error (/dim): 0.06942, 0.05948, 0.05195, 0.04489, 0.03998, 0.03568, 0.03258, 0.03070, 0.02945, 0.02848 (0.02784)	KLD: 3.646, 3.474, 2.937, 2.812, 2.580, 2.102, 1.944, 1.741, 1.521, 1.405 (23.965)	Grad: 1443.1
[Epoch  19 (71.58s)]	ELBO (bits/dim): 2.62727, 2.78987, 2.90743, 2.99709, 3.06246, 3.11127, 3.14554, 3.16581, 3.17871, 3.18797 (3.19226)	Reconstruction error (/dim): 0.06935, 0.05930, 0.05170, 0.04476, 0.03987, 0.03558, 0.03250, 0.03062, 0.02934, 0.02839 (0.02781)	KLD: 3.660, 3.488, 2.937, 2.808, 2.577, 2.103, 1.940, 1.735, 1.518, 1.415 (23.412)	Grad: 1520.3
[Epoch  20 (72.38s)]	ELBO (bits/dim): 2.62954, 2.79313, 2.91129, 3.00013, 3.06547, 3.11418, 3.14848, 3.16872, 3.18173, 3.19093 (3.19154)	Reconstruction error (/dim): 0.06916, 0.05901, 0.05138, 0.04453, 0.03964, 0.03538, 0.03229, 0.03041, 0.02914, 0.02819 (0.02763)	KLD: 3.670, 3.495, 2.943, 2.809, 2.582, 2.101, 1.947, 1.737, 1.523, 1.402 (23.915)	Grad: 1405.7
[Epoch  21 (73.53s)]	ELBO (bits/dim): 2.63186, 2.79609, 2.91489, 3.00273, 3.06758, 3.11634, 3.15049, 3.17078, 3.18371, 3.19305 (3.19496)	Reconstruction error (/dim): 0.06909, 0.05883, 0.05113, 0.04436, 0.03947, 0.03522, 0.03216, 0.03029, 0.02901, 0.02806 (0.02769)	KLD: 3.689, 3.505, 2.948, 2.811, 2.581, 2.098, 1.945, 1.737, 1.523, 1.403 (24.545)	Grad: 1388.9
[Epoch  22 (71.29s)]	ELBO (bits/dim): 2.63336, 2.79872, 2.91761, 3.00488, 3.06940, 3.11800, 3.15228, 3.17260, 3.18552, 3.19464 (3.19727)	Reconstruction error (/dim): 0.06900, 0.05862, 0.05093, 0.04423, 0.03935, 0.03514, 0.03205, 0.03017, 0.02891, 0.02796 (0.02741)	KLD: 3.701, 3.512, 2.950, 2.810, 2.586, 2.098, 1.944, 1.731, 1.524, 1.400 (23.872)	Grad: 1419.9
[Epoch  23 (71.30s)]	ELBO (bits/dim): 2.63509, 2.80084, 2.92039, 3.00701, 3.07123, 3.11968, 3.15378, 3.17413, 3.18704, 3.19630 (3.19731)	Reconstruction error (/dim): 0.06889, 0.05847, 0.05073, 0.04410, 0.03922, 0.03502, 0.03196, 0.03008, 0.02882, 0.02787 (0.02738)	KLD: 3.717, 3.519, 2.956, 2.814, 2.577, 2.092, 1.951, 1.730, 1.522, 1.397 (24.463)	Grad: 1437.6
[Epoch  24 (70.56s)]	ELBO (bits/dim): 2.63684, 2.80319, 2.92283, 3.00888, 3.07304, 3.12137, 3.15540, 3.17588, 3.18858, 3.19795 (3.20045)	Reconstruction error (/dim): 0.06881, 0.05826, 0.05054, 0.04397, 0.03909, 0.03491, 0.03185, 0.02997, 0.02873, 0.02776 (0.02743)	KLD: 3.729, 3.524, 2.955, 2.812, 2.581, 2.095, 1.947, 1.729, 1.531, 1.402 (24.373)	Grad: 1456.6
[Epoch  25 (70.58s)]	ELBO (bits/dim): 2.63857, 2.80576, 2.92564, 3.01098, 3.07508, 3.12310, 3.15708, 3.17749, 3.19022, 3.19951 (3.19971)	Reconstruction error (/dim): 0.06872, 0.05809, 0.05033, 0.04383, 0.03895, 0.03481, 0.03174, 0.02986, 0.02862, 0.02767 (0.02728)	KLD: 3.740, 3.533, 2.958, 2.814, 2.576, 2.090, 1.943, 1.730, 1.525, 1.393 (24.197)	Grad: 1365.6
[Epoch  26 (73.92s)]	ELBO (bits/dim): 2.64009, 2.80774, 2.92763, 3.01246, 3.07656, 3.12448, 3.15836, 3.17896, 3.19161, 3.20093 (3.20074)	Reconstruction error (/dim): 0.06859, 0.05792, 0.05019, 0.04372, 0.03882, 0.03472, 0.03166, 0.02977, 0.02853, 0.02759 (0.02727)	KLD: 3.750, 3.524, 2.961, 2.822, 2.580, 2.090, 1.942, 1.735, 1.534, 1.386 (24.854)	Grad: 1425.6
[Epoch  27 (72.58s)]	ELBO (bits/dim): 2.64163, 2.81000, 2.92984, 3.01394, 3.07798, 3.12580, 3.15941, 3.17999, 3.19274, 3.20204 (3.20013)	Reconstruction error (/dim): 0.06846, 0.05776, 0.05002, 0.04365, 0.03872, 0.03463, 0.03161, 0.02971, 0.02847, 0.02754 (0.02727)	KLD: 3.760, 3.535, 2.965, 2.822, 2.570, 2.084, 1.940, 1.728, 1.536, 1.391 (24.320)	Grad: 1497.3
[Epoch  28 (72.47s)]	ELBO (bits/dim): 2.64292, 2.81196, 2.93204, 3.01580, 3.07981, 3.12759, 3.16104, 3.18171, 3.19451, 3.20360 (3.20318)	Reconstruction error (/dim): 0.06843, 0.05761, 0.04986, 0.04351, 0.03858, 0.03451, 0.03149, 0.02959, 0.02835, 0.02743 (0.02690)	KLD: 3.776, 3.537, 2.971, 2.825, 2.575, 2.076, 1.935, 1.727, 1.537, 1.400 (24.658)	Grad: 1419.1
[Epoch  29 (72.94s)]	ELBO (bits/dim): 2.64440, 2.81413, 2.93389, 3.01713, 3.08131, 3.12897, 3.16236, 3.18291, 3.19571, 3.20484 (3.20639)	Reconstruction error (/dim): 0.06830, 0.05746, 0.04973, 0.04343, 0.03849, 0.03442, 0.03142, 0.02953, 0.02830, 0.02736 (0.02700)	KLD: 3.777, 3.534, 2.972, 2.826, 2.583, 2.077, 1.932, 1.728, 1.539, 1.401 (24.581)	Grad: 1470.7
[Epoch  30 (73.08s)]	ELBO (bits/dim): 2.64545, 2.81587, 2.93565, 3.01830, 3.08253, 3.13017, 3.16334, 3.18388, 3.19674, 3.20595 (3.20654)	Reconstruction error (/dim): 0.06824, 0.05733, 0.04961, 0.04336, 0.03837, 0.03434, 0.03134, 0.02947, 0.02824, 0.02730 (0.02678)	KLD: 3.792, 3.545, 2.973, 2.824, 2.583, 2.075, 1.933, 1.725, 1.541, 1.397 (24.379)	Grad: 1414.7
[Epoch  31 (77.33s)]	ELBO (bits/dim): 2.64666, 2.81714, 2.93724, 3.01948, 3.08381, 3.13109, 3.16416, 3.18482, 3.19771, 3.20682 (3.20609)	Reconstruction error (/dim): 0.06816, 0.05725, 0.04949, 0.04326, 0.03830, 0.03428, 0.03129, 0.02941, 0.02817, 0.02725 (0.02706)	KLD: 3.795, 3.539, 2.976, 2.827, 2.580, 2.072, 1.934, 1.720, 1.543, 1.399 (25.027)	Grad: 1456.9
[Epoch  32 (80.97s)]	ELBO (bits/dim): 2.64750, 2.81857, 2.93851, 3.02023, 3.08441, 3.13198, 3.16477, 3.18535, 3.19836, 3.20743 (3.20866)	Reconstruction error (/dim): 0.06809, 0.05715, 0.04939, 0.04323, 0.03825, 0.03421, 0.03125, 0.02938, 0.02812, 0.02721 (0.02695)	KLD: 3.799, 3.542, 2.980, 2.829, 2.587, 2.074, 1.922, 1.730, 1.552, 1.395 (24.751)	Grad: 1595.1
[Epoch  33 (81.08s)]	ELBO (bits/dim): 2.64877, 2.82037, 2.94039, 3.02172, 3.08597, 3.13315, 3.16611, 3.18665, 3.19979, 3.20878 (3.21091)	Reconstruction error (/dim): 0.06801, 0.05702, 0.04924, 0.04312, 0.03814, 0.03413, 0.03116, 0.02929, 0.02804, 0.02712 (0.02668)	KLD: 3.809, 3.546, 2.984, 2.828, 2.589, 2.066, 1.918, 1.734, 1.555, 1.394 (24.258)	Grad: 1475.9
[Epoch  34 (80.60s)]	ELBO (bits/dim): 2.64995, 2.82248, 2.94230, 3.02300, 3.08751, 3.13464, 3.16733, 3.18792, 3.20098, 3.20983 (3.21104)	Reconstruction error (/dim): 0.06793, 0.05687, 0.04910, 0.04303, 0.03803, 0.03403, 0.03107, 0.02921, 0.02795, 0.02706 (0.02665)	KLD: 3.818, 3.547, 2.987, 2.831, 2.584, 2.065, 1.914, 1.737, 1.570, 1.392 (24.444)	Grad: 1391.5
[Epoch  35 (75.62s)]	ELBO (bits/dim): 2.65065, 2.82337, 2.94335, 3.02403, 3.08842, 3.13550, 3.16812, 3.18879, 3.20193, 3.21085 (3.21121)	Reconstruction error (/dim): 0.06790, 0.05683, 0.04903, 0.04297, 0.03796, 0.03397, 0.03104, 0.02916, 0.02790, 0.02699 (0.02644)	KLD: 3.824, 3.550, 2.987, 2.831, 2.590, 2.060, 1.911, 1.735, 1.567, 1.391 (24.470)	Grad: 1382.1
[Epoch  36 (71.85s)]	ELBO (bits/dim): 2.65169, 2.82484, 2.94473, 3.02487, 3.08946, 3.13631, 3.16882, 3.18950, 3.20266, 3.21143 (3.21266)	Reconstruction error (/dim): 0.06780, 0.05674, 0.04892, 0.04292, 0.03788, 0.03392, 0.03099, 0.02912, 0.02787, 0.02696 (0.02658)	KLD: 3.836, 3.556, 2.990, 2.829, 2.589, 2.059, 1.907, 1.733, 1.565, 1.393 (24.118)	Grad: 1503.4
[Epoch  37 (70.10s)]	ELBO (bits/dim): 2.65240, 2.82621, 2.94614, 3.02584, 3.09009, 3.13692, 3.16933, 3.19007, 3.20330, 3.21213 (3.21329)	Reconstruction error (/dim): 0.06780, 0.05664, 0.04879, 0.04285, 0.03784, 0.03387, 0.03097, 0.02908, 0.02782, 0.02692 (0.02639)	KLD: 3.838, 3.550, 2.992, 2.834, 2.586, 2.057, 1.910, 1.738, 1.576, 1.389 (24.427)	Grad: 1480.5
[Epoch  38 (69.97s)]	ELBO (bits/dim): 2.65295, 2.82705, 2.94683, 3.02657, 3.09112, 3.13784, 3.17006, 3.19065, 3.20405, 3.21276 (3.21122)	Reconstruction error (/dim): 0.06775, 0.05661, 0.04876, 0.04281, 0.03777, 0.03380, 0.03089, 0.02903, 0.02775, 0.02687 (0.02674)	KLD: 3.841, 3.557, 2.992, 2.830, 2.585, 2.056, 1.907, 1.738, 1.574, 1.383 (24.897)	Grad: 1486.3
[Epoch  39 (69.65s)]	ELBO (bits/dim): 2.65408, 2.82874, 2.94839, 3.02764, 3.09211, 3.13881, 3.17084, 3.19168, 3.20504, 3.21369 (3.21324)	Reconstruction error (/dim): 0.06770, 0.05651, 0.04866, 0.04273, 0.03769, 0.03373, 0.03085, 0.02896, 0.02769, 0.02683 (0.02653)	KLD: 3.844, 3.553, 2.992, 2.826, 2.595, 2.052, 1.905, 1.747, 1.585, 1.382 (24.536)	Grad: 1526.5
[Epoch  40 (70.12s)]	ELBO (bits/dim): 2.65482, 2.82971, 2.94906, 3.02849, 3.09301, 3.13975, 3.17152, 3.19228, 3.20588, 3.21449 (3.21442)	Reconstruction error (/dim): 0.06764, 0.05641, 0.04861, 0.04268, 0.03762, 0.03367, 0.03081, 0.02893, 0.02764, 0.02676 (0.02658)	KLD: 3.856, 3.558, 2.998, 2.828, 2.597, 2.050, 1.899, 1.745, 1.589, 1.388 (24.242)	Grad: 1473.5
[Epoch  41 (75.70s)]	ELBO (bits/dim): 2.65564, 2.83111, 2.95059, 3.02945, 3.09401, 3.14059, 3.17237, 3.19307, 3.20655, 3.21508 (3.21409)	Reconstruction error (/dim): 0.06757, 0.05633, 0.04848, 0.04259, 0.03755, 0.03361, 0.03075, 0.02887, 0.02759, 0.02673 (0.02650)	KLD: 3.858, 3.561, 2.998, 2.831, 2.592, 2.052, 1.900, 1.746, 1.583, 1.381 (25.341)	Grad: 1395.4
[Epoch  42 (80.57s)]	ELBO (bits/dim): 2.65673, 2.83236, 2.95172, 3.03053, 3.09468, 3.14131, 3.17287, 3.19375, 3.20734, 3.21577 (3.21679)	Reconstruction error (/dim): 0.06748, 0.05626, 0.04841, 0.04253, 0.03750, 0.03355, 0.03072, 0.02884, 0.02755, 0.02670 (0.02639)	KLD: 3.868, 3.566, 2.997, 2.832, 2.594, 2.052, 1.904, 1.749, 1.582, 1.378 (25.033)	Grad: 1463.7
[Epoch  43 (81.03s)]	ELBO (bits/dim): 2.65735, 2.83320, 2.95234, 3.03071, 3.09543, 3.14195, 3.17356, 3.19444, 3.20797, 3.21636 (3.21415)	Reconstruction error (/dim): 0.06748, 0.05624, 0.04836, 0.04253, 0.03745, 0.03352, 0.03068, 0.02879, 0.02750, 0.02665 (0.02648)	KLD: 3.871, 3.562, 3.000, 2.833, 2.592, 2.044, 1.896, 1.760, 1.598, 1.383 (24.765)	Grad: 1434.0
[Epoch  44 (80.49s)]	ELBO (bits/dim): 2.65758, 2.83395, 2.95326, 3.03138, 3.09568, 3.14234, 3.17369, 3.19469, 3.20825, 3.21653 (3.21486)	Reconstruction error (/dim): 0.06748, 0.05615, 0.04827, 0.04246, 0.03742, 0.03346, 0.03067, 0.02877, 0.02748, 0.02665 (0.02642)	KLD: 3.875, 3.566, 2.999, 2.831, 2.598, 2.048, 1.897, 1.761, 1.592, 1.372 (24.648)	Grad: 1503.8
[Epoch  45 (81.61s)]	ELBO (bits/dim): 2.65841, 2.83527, 2.95433, 3.03239, 3.09676, 3.14318, 3.17461, 3.19553, 3.20911, 3.21742 (3.21884)	Reconstruction error (/dim): 0.06744, 0.05608, 0.04821, 0.04239, 0.03734, 0.03340, 0.03057, 0.02870, 0.02742, 0.02657 (0.02621)	KLD: 3.891, 3.569, 3.004, 2.834, 2.598, 2.044, 1.887, 1.762, 1.600, 1.373 (24.472)	Grad: 1437.1
[Epoch  46 (84.37s)]	ELBO (bits/dim): 2.65924, 2.83602, 2.95513, 3.03304, 3.09737, 3.14371, 3.17503, 3.19589, 3.20953, 3.21786 (3.21790)	Reconstruction error (/dim): 0.06738, 0.05607, 0.04816, 0.04236, 0.03731, 0.03338, 0.03058, 0.02868, 0.02740, 0.02655 (0.02634)	KLD: 3.892, 3.573, 3.004, 2.836, 2.603, 2.047, 1.886, 1.769, 1.607, 1.370 (23.949)	Grad: 1444.8
[Epoch  47 (82.73s)]	ELBO (bits/dim): 2.65959, 2.83699, 2.95579, 3.03357, 3.09800, 3.14437, 3.17549, 3.19639, 3.21031, 3.21837 (3.21860)	Reconstruction error (/dim): 0.06738, 0.05597, 0.04809, 0.04231, 0.03726, 0.03332, 0.03054, 0.02864, 0.02734, 0.02652 (0.02621)	KLD: 3.891, 3.574, 3.000, 2.831, 2.596, 2.043, 1.888, 1.765, 1.604, 1.384 (24.489)	Grad: 1675.4
[Epoch  48 (82.95s)]	ELBO (bits/dim): 2.66062, 2.83818, 2.95714, 3.03450, 3.09895, 3.14531, 3.17645, 3.19730, 3.21115, 3.21935 (3.21751)	Reconstruction error (/dim): 0.06730, 0.05591, 0.04800, 0.04224, 0.03718, 0.03326, 0.03047, 0.02857, 0.02729, 0.02645 (0.02636)	KLD: 3.896, 3.576, 3.010, 2.833, 2.601, 2.041, 1.891, 1.761, 1.605, 1.385 (24.446)	Grad: 1485.2
[Epoch  49 (83.28s)]	ELBO (bits/dim): 2.66113, 2.83878, 2.95745, 3.03479, 3.09921, 3.14549, 3.17662, 3.19752, 3.21115, 3.21930 (3.21898)	Reconstruction error (/dim): 0.06728, 0.05585, 0.04796, 0.04221, 0.03716, 0.03324, 0.03045, 0.02856, 0.02729, 0.02643 (0.02640)	KLD: 3.901, 3.577, 3.008, 2.834, 2.603, 2.041, 1.890, 1.771, 1.620, 1.394 (24.258)	Grad: 1517.1
[Epoch  50 (77.73s)]	ELBO (bits/dim): 2.66165, 2.83965, 2.95850, 3.03575, 3.09993, 3.14625, 3.17730, 3.19805, 3.21201, 3.21996 (3.21896)	Reconstruction error (/dim): 0.06723, 0.05582, 0.04790, 0.04214, 0.03712, 0.03319, 0.03042, 0.02853, 0.02723, 0.02641 (0.02632)	KLD: 3.903, 3.582, 3.009, 2.833, 2.604, 2.043, 1.889, 1.771, 1.617, 1.388 (24.746)	Grad: 1448.5
[Epoch  51 (72.31s)]	ELBO (bits/dim): 2.66229, 2.84047, 2.95898, 3.03609, 3.10036, 3.14648, 3.17734, 3.19829, 3.21216, 3.22015 (3.21834)	Reconstruction error (/dim): 0.06724, 0.05577, 0.04787, 0.04212, 0.03708, 0.03317, 0.03042, 0.02852, 0.02723, 0.02640 (0.02639)	KLD: 3.904, 3.579, 3.011, 2.833, 2.603, 2.040, 1.891, 1.772, 1.626, 1.381 (24.355)	Grad: 1479.2
[Epoch  52 (75.06s)]	ELBO (bits/dim): 2.66278, 2.84145, 2.95998, 3.03680, 3.10110, 3.14741, 3.17828, 3.19904, 3.21286, 3.22085 (3.21815)	Reconstruction error (/dim): 0.06720, 0.05570, 0.04781, 0.04207, 0.03703, 0.03311, 0.03035, 0.02848, 0.02718, 0.02636 (0.02617)	KLD: 3.910, 3.582, 3.009, 2.836, 2.609, 2.042, 1.892, 1.775, 1.632, 1.378 (24.974)	Grad: 1525.4
[Epoch  53 (71.64s)]	ELBO (bits/dim): 2.66352, 2.84239, 2.96089, 3.03747, 3.10188, 3.14807, 3.17876, 3.19968, 3.21344, 3.22140 (3.21989)	Reconstruction error (/dim): 0.06719, 0.05566, 0.04773, 0.04203, 0.03697, 0.03304, 0.03031, 0.02841, 0.02713, 0.02630 (0.02611)	KLD: 3.918, 3.583, 3.009, 2.840, 2.609, 2.034, 1.889, 1.777, 1.635, 1.375 (24.810)	Grad: 1466.6
[Epoch  54 (70.90s)]	ELBO (bits/dim): 2.66395, 2.84297, 2.96122, 3.03800, 3.10222, 3.14830, 3.17879, 3.19978, 3.21360, 3.22163 (3.22069)	Reconstruction error (/dim): 0.06712, 0.05559, 0.04770, 0.04197, 0.03694, 0.03303, 0.03033, 0.02843, 0.02713, 0.02630 (0.02618)	KLD: 3.916, 3.583, 3.008, 2.840, 2.611, 2.035, 1.893, 1.785, 1.633, 1.374 (24.650)	Grad: 1547.8
[Epoch  55 (73.43s)]	ELBO (bits/dim): 2.66452, 2.84381, 2.96210, 3.03881, 3.10299, 3.14911, 3.17971, 3.20064, 3.21446, 3.22241 (3.22054)	Reconstruction error (/dim): 0.06712, 0.05557, 0.04765, 0.04192, 0.03689, 0.03297, 0.03025, 0.02835, 0.02706, 0.02623 (0.02604)	KLD: 3.923, 3.587, 3.013, 2.839, 2.610, 2.038, 1.893, 1.786, 1.641, 1.380 (24.818)	Grad: 1484.6
[Epoch  56 (71.52s)]	ELBO (bits/dim): 2.66499, 2.84451, 2.96270, 3.03894, 3.10325, 3.14926, 3.17994, 3.20082, 3.21461, 3.22244 (3.22027)	Reconstruction error (/dim): 0.06708, 0.05551, 0.04758, 0.04190, 0.03687, 0.03295, 0.03023, 0.02833, 0.02706, 0.02624 (0.02603)	KLD: 3.927, 3.593, 3.013, 2.839, 2.611, 2.040, 1.893, 1.789, 1.640, 1.381 (24.904)	Grad: 1613.6
[Epoch  57 (70.69s)]	ELBO (bits/dim): 2.66514, 2.84486, 2.96273, 3.03902, 3.10329, 3.14929, 3.17982, 3.20078, 3.21466, 3.22233 (3.22232)	Reconstruction error (/dim): 0.06708, 0.05552, 0.04759, 0.04190, 0.03687, 0.03296, 0.03025, 0.02834, 0.02705, 0.02625 (0.02603)	KLD: 3.925, 3.585, 3.014, 2.837, 2.606, 2.035, 1.888, 1.789, 1.635, 1.380 (24.888)	Grad: 1652.2
[Epoch  58 (71.09s)]	ELBO (bits/dim): 2.66610, 2.84598, 2.96388, 3.04015, 3.10433, 3.15038, 3.18075, 3.20162, 3.21546, 3.22327 (3.22253)	Reconstruction error (/dim): 0.06702, 0.05543, 0.04751, 0.04182, 0.03680, 0.03288, 0.03019, 0.02829, 0.02701, 0.02619 (0.02583)	KLD: 3.932, 3.589, 3.019, 2.837, 2.607, 2.038, 1.891, 1.792, 1.642, 1.384 (24.905)	Grad: 1516.2
[Epoch  59 (70.94s)]	ELBO (bits/dim): 2.66640, 2.84623, 2.96419, 3.04035, 3.10444, 3.15044, 3.18079, 3.20164, 3.21554, 3.22350 (3.22174)	Reconstruction error (/dim): 0.06701, 0.05545, 0.04749, 0.04180, 0.03679, 0.03287, 0.03018, 0.02828, 0.02700, 0.02615 (0.02596)	KLD: 3.940, 3.590, 3.018, 2.840, 2.618, 2.035, 1.895, 1.795, 1.653, 1.388 (24.890)	Grad: 1513.9
[Epoch  60 (72.63s)]	ELBO (bits/dim): 2.66729, 2.84744, 2.96520, 3.04115, 3.10538, 3.15121, 3.18134, 3.20223, 3.21626, 3.22410 (3.22161)	Reconstruction error (/dim): 0.06690, 0.05535, 0.04741, 0.04175, 0.03672, 0.03282, 0.03014, 0.02825, 0.02695, 0.02613 (0.02612)	KLD: 3.937, 3.589, 3.019, 2.840, 2.611, 2.035, 1.895, 1.795, 1.643, 1.381 (24.160)	Grad: 1527.2
[Epoch  61 (71.73s)]	ELBO (bits/dim): 2.66706, 2.84722, 2.96509, 3.04077, 3.10485, 3.15078, 3.18074, 3.20169, 3.21564, 3.22330 (3.22368)	Reconstruction error (/dim): 0.06698, 0.05538, 0.04740, 0.04175, 0.03675, 0.03285, 0.03019, 0.02828, 0.02697, 0.02619 (0.02601)	KLD: 3.941, 3.588, 3.026, 2.839, 2.608, 2.030, 1.894, 1.793, 1.647, 1.380 (23.953)	Grad: 1671.4
[Epoch  62 (71.12s)]	ELBO (bits/dim): 2.66737, 2.84796, 2.96556, 3.04131, 3.10537, 3.15121, 3.18142, 3.20225, 3.21609, 3.22380 (3.22144)	Reconstruction error (/dim): 0.06693, 0.05530, 0.04737, 0.04173, 0.03673, 0.03282, 0.03014, 0.02825, 0.02697, 0.02616 (0.02586)	KLD: 3.940, 3.584, 3.020, 2.840, 2.610, 2.028, 1.895, 1.791, 1.652, 1.394 (25.054)	Grad: 1717.0
[Epoch  63 (70.95s)]	ELBO (bits/dim): 2.66808, 2.84881, 2.96613, 3.04198, 3.10591, 3.15174, 3.18176, 3.20260, 3.21623, 3.22393 (3.22043)	Reconstruction error (/dim): 0.06691, 0.05527, 0.04734, 0.04168, 0.03669, 0.03279, 0.03013, 0.02822, 0.02696, 0.02615 (0.02600)	KLD: 3.945, 3.589, 3.021, 2.839, 2.615, 2.033, 1.905, 1.796, 1.653, 1.404 (25.029)	Grad: 1629.6
[Epoch  64 (71.56s)]	ELBO (bits/dim): 2.66867, 2.84926, 2.96686, 3.04240, 3.10643, 3.15241, 3.18240, 3.20314, 3.21711, 3.22482 (3.22079)	Reconstruction error (/dim): 0.06687, 0.05524, 0.04728, 0.04163, 0.03665, 0.03273, 0.03008, 0.02819, 0.02688, 0.02609 (0.02604)	KLD: 3.951, 3.587, 3.026, 2.839, 2.609, 2.028, 1.895, 1.811, 1.661, 1.393 (24.791)	Grad: 1596.0
[Epoch  65 (72.09s)]	ELBO (bits/dim): 2.66881, 2.84961, 2.96712, 3.04288, 3.10673, 3.15261, 3.18248, 3.20341, 3.21726, 3.22502 (3.22383)	Reconstruction error (/dim): 0.06689, 0.05523, 0.04726, 0.04161, 0.03663, 0.03271, 0.03007, 0.02816, 0.02689, 0.02606 (0.02570)	KLD: 3.953, 3.592, 3.026, 2.846, 2.611, 2.031, 1.891, 1.807, 1.664, 1.398 (24.635)	Grad: 1593.0
[Epoch  66 (71.66s)]	ELBO (bits/dim): 2.66958, 2.85041, 2.96790, 3.04358, 3.10733, 3.15318, 3.18308, 3.20394, 3.21781, 3.22555 (3.22225)	Reconstruction error (/dim): 0.06683, 0.05520, 0.04721, 0.04155, 0.03660, 0.03269, 0.03004, 0.02814, 0.02684, 0.02602 (0.02608)	KLD: 3.953, 3.596, 3.021, 2.841, 2.614, 2.032, 1.889, 1.806, 1.668, 1.399 (24.941)	Grad: 1670.2
[Epoch  67 (70.94s)]	ELBO (bits/dim): 2.66967, 2.85054, 2.96786, 3.04336, 3.10719, 3.15314, 3.18325, 3.20399, 3.21789, 3.22552 (3.22188)	Reconstruction error (/dim): 0.06682, 0.05517, 0.04722, 0.04157, 0.03660, 0.03268, 0.03002, 0.02812, 0.02683, 0.02603 (0.02598)	KLD: 3.949, 3.597, 3.026, 2.842, 2.611, 2.033, 1.895, 1.810, 1.670, 1.397 (24.977)	Grad: 1725.7
[Epoch  68 (71.19s)]	ELBO (bits/dim): 2.67026, 2.85157, 2.96894, 3.04444, 3.10833, 3.15410, 3.18392, 3.20467, 3.21844, 3.22616 (3.22243)	Reconstruction error (/dim): 0.06680, 0.05510, 0.04711, 0.04147, 0.03650, 0.03259, 0.02996, 0.02807, 0.02680, 0.02597 (0.02607)	KLD: 3.961, 3.593, 3.022, 2.842, 2.611, 2.030, 1.895, 1.811, 1.679, 1.403 (24.871)	Grad: 1519.2
[Epoch  69 (71.73s)]	ELBO (bits/dim): 2.67056, 2.85161, 2.96904, 3.04450, 3.10825, 3.15405, 3.18381, 3.20459, 3.21837, 3.22604 (3.22284)	Reconstruction error (/dim): 0.06677, 0.05512, 0.04710, 0.04147, 0.03652, 0.03261, 0.02998, 0.02808, 0.02680, 0.02599 (0.02578)	KLD: 3.960, 3.598, 3.024, 2.842, 2.611, 2.034, 1.902, 1.810, 1.674, 1.408 (24.848)	Grad: 1627.3
[Epoch  70 (73.70s)]	ELBO (bits/dim): 2.67088, 2.85224, 2.96956, 3.04490, 3.10876, 3.15448, 3.18412, 3.20485, 3.21883, 3.22640 (3.22505)	Reconstruction error (/dim): 0.06674, 0.05507, 0.04710, 0.04145, 0.03647, 0.03258, 0.02995, 0.02807, 0.02677, 0.02597 (0.02584)	KLD: 3.965, 3.597, 3.028, 2.845, 2.609, 2.029, 1.902, 1.818, 1.678, 1.411 (24.943)	Grad: 1728.6
[Epoch  71 (73.44s)]	ELBO (bits/dim): 2.67130, 2.85311, 2.97028, 3.04562, 3.10917, 3.15506, 3.18459, 3.20527, 3.21904, 3.22670 (3.22429)	Reconstruction error (/dim): 0.06673, 0.05499, 0.04703, 0.04139, 0.03646, 0.03253, 0.02992, 0.02802, 0.02676, 0.02596 (0.02565)	KLD: 3.966, 3.601, 3.032, 2.843, 2.609, 2.030, 1.902, 1.826, 1.682, 1.406 (25.085)	Grad: 1600.2
[Epoch  72 (73.42s)]	ELBO (bits/dim): 2.67140, 2.85335, 2.97035, 3.04528, 3.10899, 3.15490, 3.18474, 3.20549, 3.21915, 3.22680 (3.22534)	Reconstruction error (/dim): 0.06674, 0.05499, 0.04704, 0.04142, 0.03648, 0.03255, 0.02991, 0.02803, 0.02677, 0.02595 (0.02570)	KLD: 3.970, 3.598, 3.033, 2.843, 2.611, 2.033, 1.907, 1.824, 1.665, 1.414 (25.120)	Grad: 1693.1
[Epoch  73 (72.31s)]	ELBO (bits/dim): 2.67194, 2.85368, 2.97079, 3.04597, 3.10946, 3.15524, 3.18485, 3.20559, 3.21942, 3.22708 (3.22380)	Reconstruction error (/dim): 0.06667, 0.05496, 0.04699, 0.04135, 0.03643, 0.03250, 0.02990, 0.02800, 0.02672, 0.02591 (0.02595)	KLD: 3.974, 3.601, 3.032, 2.851, 2.612, 2.031, 1.902, 1.825, 1.668, 1.420 (25.219)	Grad: 1686.0
[Epoch  74 (80.54s)]	ELBO (bits/dim): 2.67230, 2.85425, 2.97132, 3.04608, 3.10963, 3.15549, 3.18514, 3.20591, 3.21951, 3.22710 (3.22517)	Reconstruction error (/dim): 0.06666, 0.05493, 0.04696, 0.04135, 0.03643, 0.03251, 0.02989, 0.02799, 0.02673, 0.02591 (0.02579)	KLD: 3.978, 3.601, 3.031, 2.845, 2.609, 2.032, 1.899, 1.818, 1.674, 1.414 (24.728)	Grad: 1640.1
[Epoch  75 (83.14s)]	ELBO (bits/dim): 2.67256, 2.85440, 2.97152, 3.04634, 3.10982, 3.15578, 3.18511, 3.20565, 3.21944, 3.22699 (3.22275)	Reconstruction error (/dim): 0.06665, 0.05493, 0.04693, 0.04133, 0.03641, 0.03248, 0.02988, 0.02801, 0.02673, 0.02593 (0.02587)	KLD: 3.977, 3.602, 3.035, 2.845, 2.607, 2.029, 1.901, 1.829, 1.690, 1.421 (24.794)	Grad: 1721.3
[Epoch  76 (85.28s)]	ELBO (bits/dim): 2.67263, 2.85498, 2.97188, 3.04668, 3.11015, 3.15608, 3.18546, 3.20596, 3.21978, 3.22739 (3.22578)	Reconstruction error (/dim): 0.06666, 0.05490, 0.04691, 0.04131, 0.03638, 0.03245, 0.02987, 0.02799, 0.02672, 0.02590 (0.02567)	KLD: 3.978, 3.607, 3.028, 2.847, 2.612, 2.027, 1.900, 1.830, 1.684, 1.414 (24.942)	Grad: 1603.9
[Epoch  77 (79.53s)]	ELBO (bits/dim): 2.67346, 2.85575, 2.97254, 3.04709, 3.11042, 3.15649, 3.18576, 3.20660, 3.22034, 3.22806 (3.22621)	Reconstruction error (/dim): 0.06658, 0.05485, 0.04686, 0.04129, 0.03638, 0.03243, 0.02985, 0.02797, 0.02669, 0.02585 (0.02556)	KLD: 3.981, 3.607, 3.037, 2.849, 2.606, 2.028, 1.906, 1.833, 1.681, 1.420 (24.741)	Grad: 1580.7
[Epoch  78 (69.92s)]	ELBO (bits/dim): 2.67358, 2.85615, 2.97314, 3.04721, 3.11066, 3.15636, 3.18577, 3.20637, 3.21998, 3.22768 (3.22507)	Reconstruction error (/dim): 0.06658, 0.05482, 0.04681, 0.04125, 0.03634, 0.03243, 0.02983, 0.02794, 0.02669, 0.02586 (0.02587)	KLD: 3.982, 3.607, 3.035, 2.853, 2.603, 2.031, 1.897, 1.828, 1.680, 1.434 (25.385)	Grad: 1760.0
[Epoch  79 (69.45s)]	ELBO (bits/dim): 2.67391, 2.85654, 2.97320, 3.04777, 3.11123, 3.15706, 3.18640, 3.20704, 3.22084, 3.22846 (3.22580)	Reconstruction error (/dim): 0.06656, 0.05479, 0.04682, 0.04121, 0.03630, 0.03238, 0.02980, 0.02791, 0.02663, 0.02581 (0.02583)	KLD: 3.985, 3.608, 3.036, 2.851, 2.608, 2.032, 1.909, 1.828, 1.691, 1.436 (25.049)	Grad: 1646.6
[Epoch  80 (70.28s)]	ELBO (bits/dim): 2.67451, 2.85721, 2.97376, 3.04835, 3.11156, 3.15733, 3.18669, 3.20727, 3.22104, 3.22874 (3.22416)	Reconstruction error (/dim): 0.06651, 0.05474, 0.04678, 0.04118, 0.03628, 0.03236, 0.02978, 0.02789, 0.02662, 0.02579 (0.02589)	KLD: 3.988, 3.611, 3.037, 2.853, 2.609, 2.028, 1.908, 1.837, 1.690, 1.436 (24.949)	Grad: 1635.9
[Epoch  81 (70.80s)]	ELBO (bits/dim): 2.67470, 2.85736, 2.97386, 3.04847, 3.11199, 3.15770, 3.18696, 3.20728, 3.22104, 3.22871 (3.22678)	Reconstruction error (/dim): 0.06653, 0.05474, 0.04677, 0.04117, 0.03625, 0.03234, 0.02975, 0.02790, 0.02663, 0.02581 (0.02575)	KLD: 3.991, 3.610, 3.035, 2.852, 2.607, 2.030, 1.903, 1.838, 1.684, 1.421 (24.939)	Grad: 1776.4
[Epoch  82 (69.18s)]	ELBO (bits/dim): 2.67471, 2.85761, 2.97413, 3.04867, 3.11215, 3.15807, 3.18734, 3.20777, 3.22158, 3.22915 (3.22873)	Reconstruction error (/dim): 0.06652, 0.05473, 0.04674, 0.04115, 0.03624, 0.03232, 0.02974, 0.02787, 0.02659, 0.02578 (0.02555)	KLD: 3.996, 3.610, 3.041, 2.851, 2.610, 2.030, 1.912, 1.839, 1.677, 1.426 (24.566)	Grad: 1668.9
[Epoch  83 (69.89s)]	ELBO (bits/dim): 2.67548, 2.85853, 2.97498, 3.04939, 3.11282, 3.15855, 3.18781, 3.20832, 3.22199, 3.22950 (3.22668)	Reconstruction error (/dim): 0.06644, 0.05464, 0.04667, 0.04109, 0.03619, 0.03228, 0.02970, 0.02782, 0.02656, 0.02576 (0.02559)	KLD: 3.998, 3.615, 3.034, 2.849, 2.615, 2.031, 1.910, 1.838, 1.695, 1.430 (24.913)	Grad: 1603.5
[Epoch  84 (79.98s)]	ELBO (bits/dim): 2.67539, 2.85841, 2.97488, 3.04930, 3.11253, 3.15845, 3.18772, 3.20806, 3.22158, 3.22928 (3.22635)	Reconstruction error (/dim): 0.06648, 0.05468, 0.04670, 0.04111, 0.03622, 0.03230, 0.02971, 0.02785, 0.02658, 0.02576 (0.02576)	KLD: 3.995, 3.614, 3.041, 2.848, 2.615, 2.032, 1.902, 1.845, 1.683, 1.434 (24.795)	Grad: 1775.5
[Epoch  85 (80.58s)]	ELBO (bits/dim): 2.67566, 2.85888, 2.97525, 3.04941, 3.11280, 3.15861, 3.18784, 3.20834, 3.22205, 3.22962 (3.22683)	Reconstruction error (/dim): 0.06644, 0.05465, 0.04666, 0.04109, 0.03619, 0.03228, 0.02970, 0.02782, 0.02654, 0.02574 (0.02571)	KLD: 3.996, 3.616, 3.043, 2.853, 2.613, 2.030, 1.906, 1.853, 1.695, 1.448 (24.923)	Grad: 1755.3
[Epoch  86 (83.07s)]	ELBO (bits/dim): 2.67604, 2.85928, 2.97560, 3.04957, 3.11308, 3.15890, 3.18817, 3.20843, 3.22194, 3.22952 (3.22720)	Reconstruction error (/dim): 0.06644, 0.05460, 0.04666, 0.04109, 0.03617, 0.03226, 0.02968, 0.02782, 0.02656, 0.02576 (0.02573)	KLD: 3.999, 3.614, 3.038, 2.850, 2.615, 2.028, 1.906, 1.854, 1.693, 1.442 (24.780)	Grad: 1772.7
[Epoch  87 (81.01s)]	ELBO (bits/dim): 2.67623, 2.85958, 2.97592, 3.05015, 3.11340, 3.15925, 3.18826, 3.20864, 3.22245, 3.23003 (3.22694)	Reconstruction error (/dim): 0.06641, 0.05463, 0.04663, 0.04105, 0.03616, 0.03223, 0.02969, 0.02780, 0.02653, 0.02572 (0.02546)	KLD: 4.005, 3.616, 3.043, 2.848, 2.615, 2.031, 1.908, 1.851, 1.685, 1.447 (25.239)	Grad: 1759.4
[Epoch  88 (82.28s)]	ELBO (bits/dim): 2.67647, 2.85990, 2.97629, 3.05017, 3.11359, 3.15928, 3.18852, 3.20886, 3.22248, 3.23014 (3.22718)	Reconstruction error (/dim): 0.06640, 0.05458, 0.04658, 0.04103, 0.03613, 0.03223, 0.02966, 0.02778, 0.02653, 0.02571 (0.02555)	KLD: 4.000, 3.618, 3.042, 2.855, 2.618, 2.028, 1.908, 1.844, 1.692, 1.449 (25.069)	Grad: 1732.2
[Epoch  89 (82.47s)]	ELBO (bits/dim): 2.67693, 2.86063, 2.97679, 3.05097, 3.11404, 3.15971, 3.18878, 3.20912, 3.22294, 3.23039 (3.22735)	Reconstruction error (/dim): 0.06639, 0.05452, 0.04654, 0.04097, 0.03610, 0.03219, 0.02966, 0.02779, 0.02652, 0.02571 (0.02553)	KLD: 4.007, 3.615, 3.046, 2.855, 2.608, 2.028, 1.909, 1.845, 1.691, 1.463 (25.491)	Grad: 1741.5
[Epoch  90 (83.25s)]	ELBO (bits/dim): 2.67703, 2.86074, 2.97675, 3.05070, 3.11372, 3.15950, 3.18839, 3.20901, 3.22245, 3.22991 (3.22726)	Reconstruction error (/dim): 0.06640, 0.05453, 0.04656, 0.04099, 0.03613, 0.03221, 0.02967, 0.02777, 0.02653, 0.02573 (0.02554)	KLD: 4.004, 3.615, 3.053, 2.849, 2.617, 2.030, 1.911, 1.848, 1.695, 1.469 (24.474)	Grad: 1848.3
[Epoch  91 (84.50s)]	ELBO (bits/dim): 2.67719, 2.86100, 2.97709, 3.05100, 3.11405, 3.15991, 3.18869, 3.20919, 3.22268, 3.23031 (3.22346)	Reconstruction error (/dim): 0.06636, 0.05451, 0.04653, 0.04096, 0.03610, 0.03217, 0.02965, 0.02777, 0.02652, 0.02570 (0.02606)	KLD: 4.009, 3.617, 3.042, 2.851, 2.616, 2.029, 1.906, 1.846, 1.686, 1.467 (24.950)	Grad: 1701.5
No improvement after 10 epochs...
Best epoch(s): [82]	Training time(s): 6852.66s (6852.66s)	Best ELBO (bits/dim): 3.23039 (3.22873)	Best reconstruction error (/dim): 0.07777 (0.06328)
Avg. mu: 0.157, 0.085, 0.023, 0.050, -0.032, -0.149, -0.160, 0.032, 0.226, 0.071
Avg. var: 0.001, 0.002, 0.003, 0.004, 0.007, 0.021, 0.029, 0.039, 0.053, 0.077
Max. mu: 4.565, 4.292, 3.783, 3.611, 3.842, 3.244, 4.114, 3.808, 3.940, 3.673
Max. var: 0.054, 0.018, 0.056, 0.047, 0.106, 0.121, 0.279, 0.557, 0.632, 0.564
Min. mu: -5.081, -3.717, -4.808, -4.385, -4.207, -3.577, -4.055, -3.837, -3.601, -2.882
Min. var: 0.000, 0.000, 0.000, 0.001, 0.001, 0.008, 0.003, 0.002, 0.004, 0.003
Cov. mu:
[[1.714 -0.312 -0.213 -0.204 0.027 -0.090 -0.115 -0.124 -0.043 -0.119]
 [-0.312 1.440 -0.080 -0.038 0.086 0.034 0.033 0.135 -0.037 -0.113]
 [-0.213 -0.080 0.845 -0.023 0.011 0.004 0.031 -0.058 -0.032 0.014]
 [-0.204 -0.038 -0.023 1.033 -0.133 -0.011 0.042 0.041 0.067 0.058]
 [0.027 0.086 0.011 -0.133 0.922 0.017 -0.005 -0.001 -0.065 -0.052]
 [-0.090 0.034 0.004 -0.011 0.017 1.024 0.051 0.038 -0.025 0.020]
 [-0.115 0.033 0.031 0.042 -0.005 0.051 0.963 0.096 -0.024 -0.010]
 [-0.124 0.135 -0.058 0.041 -0.001 0.038 0.096 0.993 0.008 -0.019]
 [-0.043 -0.037 -0.032 0.067 -0.065 -0.025 -0.024 0.008 0.984 0.073]
 [-0.119 -0.113 0.014 0.058 -0.052 0.020 -0.010 -0.019 0.073 0.834]]
