Seed: 2022
=================================================================
Layer (type:depth-idx)                   Param #
=================================================================
VAE                                      --
├─Encoder: 1-1                           --
│    └─Linear: 2-1                       76,930
│    └─Linear: 2-2                       9,702
├─Decoder: 1-2                           --
│    └─Linear: 2-3                       9,702
│    └─Linear: 2-4                       77,616
=================================================================
Total params: 173,950
Trainable params: 173,950
Non-trainable params: 0
=================================================================
[Epoch   1 (16.72s)]	ELBO (bits/dim): 2.43844 (2.67146)	Reconstruction error (/dim): 0.07824 (0.06324)	KLD: 0.902, 0.521, 0.605, 0.211, 0.363, 0.406, 0.382, 0.602, 0.470, 1.574 (13.634)	Grad: 0.1
[Epoch   2 (16.29s)]	ELBO (bits/dim): 2.81001 (2.92023)	Reconstruction error (/dim): 0.05602 (0.04744)	KLD: 2.548, 2.131, 1.717, 0.526, 2.425, 0.572, 1.717, 2.336, 2.535, 2.977 (23.088)	Grad: 0.1
[Epoch   3 (16.12s)]	ELBO (bits/dim): 2.96469 (3.03242)	Reconstruction error (/dim): 0.04447 (0.03900)	KLD: 2.633, 2.744, 1.944, 0.874, 3.181, 1.903, 2.505, 2.747, 3.063, 3.379 (26.939)	Grad: 0.1
[Epoch   4 (15.01s)]	ELBO (bits/dim): 3.04071 (3.07812)	Reconstruction error (/dim): 0.03918 (0.03650)	KLD: 2.645, 2.818, 2.140, 1.955, 3.201, 2.175, 2.638, 2.759, 3.147, 3.442 (27.469)	Grad: 0.1
[Epoch   5 (15.31s)]	ELBO (bits/dim): 3.07766 (3.10889)	Reconstruction error (/dim): 0.03663 (0.03431)	KLD: 2.682, 2.803, 2.318, 2.119, 3.148, 2.280, 2.687, 2.809, 3.121, 3.436 (27.437)	Grad: 0.1
[Epoch   6 (15.15s)]	ELBO (bits/dim): 3.10182 (3.12717)	Reconstruction error (/dim): 0.03502 (0.03322)	KLD: 2.715, 2.843, 2.365, 2.193, 3.145, 2.336, 2.682, 2.834, 3.110, 3.434 (27.513)	Grad: 0.1
[Epoch   7 (14.97s)]	ELBO (bits/dim): 3.12107 (3.14465)	Reconstruction error (/dim): 0.03370 (0.03206)	KLD: 2.726, 2.874, 2.411, 2.218, 3.124, 2.355, 2.708, 2.851, 3.080, 3.362 (27.684)	Grad: 0.1
[Epoch   8 (14.78s)]	ELBO (bits/dim): 3.13851 (3.16289)	Reconstruction error (/dim): 0.03248 (0.03065)	KLD: 2.722, 2.872, 2.430, 2.244, 3.116, 2.352, 2.738, 2.856, 3.072, 3.325 (27.899)	Grad: 0.1
[Epoch   9 (15.00s)]	ELBO (bits/dim): 3.15268 (3.17493)	Reconstruction error (/dim): 0.03150 (0.02983)	KLD: 2.723, 2.865, 2.455, 2.268, 3.099, 2.361, 2.761, 2.842, 3.060, 3.277 (27.663)	Grad: 0.1
[Epoch  10 (15.56s)]	ELBO (bits/dim): 3.16314 (3.18249)	Reconstruction error (/dim): 0.03080 (0.02941)	KLD: 2.703, 2.834, 2.474, 2.285, 3.067, 2.371, 2.786, 2.833, 3.066, 3.236 (27.606)	Grad: 0.1
[Epoch  11 (15.13s)]	ELBO (bits/dim): 3.17164 (3.18987)	Reconstruction error (/dim): 0.03022 (0.02892)	KLD: 2.692, 2.805, 2.481, 2.287, 3.046, 2.389, 2.782, 2.826, 3.062, 3.199 (27.562)	Grad: 0.1
[Epoch  12 (15.19s)]	ELBO (bits/dim): 3.17868 (3.19612)	Reconstruction error (/dim): 0.02977 (0.02850)	KLD: 2.675, 2.771, 2.459, 2.289, 3.019, 2.396, 2.795, 2.818, 3.056, 3.174 (27.173)	Grad: 0.1
[Epoch  13 (12.37s)]	ELBO (bits/dim): 3.18457 (3.20173)	Reconstruction error (/dim): 0.02937 (0.02839)	KLD: 2.668, 2.760, 2.478, 2.295, 3.003, 2.405, 2.784, 2.803, 3.041, 3.162 (27.160)	Grad: 0.1
[Epoch  14 (12.00s)]	ELBO (bits/dim): 3.19035 (3.20652)	Reconstruction error (/dim): 0.02899 (0.02774)	KLD: 2.643, 2.733, 2.464, 2.300, 2.981, 2.408, 2.791, 2.776, 3.045, 3.156 (27.326)	Grad: 0.1
[Epoch  15 (12.30s)]	ELBO (bits/dim): 3.19548 (3.21263)	Reconstruction error (/dim): 0.02866 (0.02753)	KLD: 2.647, 2.726, 2.476, 2.300, 2.964, 2.413, 2.782, 2.773, 3.028, 3.135 (26.658)	Grad: 0.1
[Epoch  16 (12.13s)]	ELBO (bits/dim): 3.20023 (3.21352)	Reconstruction error (/dim): 0.02834 (0.02752)	KLD: 2.628, 2.704, 2.474, 2.306, 2.946, 2.414, 2.774, 2.759, 3.023, 3.132 (27.046)	Grad: 0.1
[Epoch  17 (12.22s)]	ELBO (bits/dim): 3.20447 (3.21973)	Reconstruction error (/dim): 0.02804 (0.02698)	KLD: 2.614, 2.705, 2.473, 2.325, 2.946, 2.427, 2.787, 2.758, 3.022, 3.120 (27.076)	Grad: 0.1
[Epoch  18 (11.84s)]	ELBO (bits/dim): 3.20860 (3.22254)	Reconstruction error (/dim): 0.02778 (0.02690)	KLD: 2.602, 2.696, 2.480, 2.325, 2.933, 2.434, 2.781, 2.751, 3.014, 3.103 (26.818)	Grad: 0.1
[Epoch  19 (11.85s)]	ELBO (bits/dim): 3.21205 (3.22702)	Reconstruction error (/dim): 0.02755 (0.02663)	KLD: 2.607, 2.680, 2.468, 2.333, 2.923, 2.441, 2.774, 2.738, 3.010, 3.098 (26.901)	Grad: 0.1
[Epoch  20 (11.77s)]	ELBO (bits/dim): 3.21536 (3.22714)	Reconstruction error (/dim): 0.02731 (0.02669)	KLD: 2.608, 2.669, 2.479, 2.345, 2.912, 2.448, 2.785, 2.745, 3.019, 3.088 (27.134)	Grad: 0.1
[Epoch  21 (11.94s)]	ELBO (bits/dim): 3.21835 (3.23162)	Reconstruction error (/dim): 0.02712 (0.02624)	KLD: 2.605, 2.667, 2.478, 2.341, 2.921, 2.460, 2.777, 2.738, 3.006, 3.078 (26.932)	Grad: 0.1
[Epoch  22 (11.71s)]	ELBO (bits/dim): 3.22167 (3.23203)	Reconstruction error (/dim): 0.02688 (0.02644)	KLD: 2.606, 2.670, 2.474, 2.358, 2.911, 2.463, 2.783, 2.733, 3.003, 3.079 (26.997)	Grad: 0.1
[Epoch  23 (12.34s)]	ELBO (bits/dim): 3.22423 (3.23522)	Reconstruction error (/dim): 0.02670 (0.02602)	KLD: 2.600, 2.667, 2.483, 2.357, 2.914, 2.471, 2.785, 2.744, 2.998, 3.069 (26.859)	Grad: 0.1
[Epoch  24 (12.14s)]	ELBO (bits/dim): 3.22687 (3.23764)	Reconstruction error (/dim): 0.02653 (0.02594)	KLD: 2.590, 2.664, 2.484, 2.363, 2.895, 2.481, 2.786, 2.735, 2.993, 3.064 (26.992)	Grad: 0.1
[Epoch  25 (11.81s)]	ELBO (bits/dim): 3.22887 (3.23892)	Reconstruction error (/dim): 0.02639 (0.02564)	KLD: 2.594, 2.659, 2.494, 2.366, 2.894, 2.483, 2.791, 2.741, 2.985, 3.066 (26.873)	Grad: 0.1
[Epoch  26 (12.22s)]	ELBO (bits/dim): 3.23094 (3.24216)	Reconstruction error (/dim): 0.02624 (0.02565)	KLD: 2.605, 2.659, 2.480, 2.369, 2.890, 2.483, 2.798, 2.740, 2.982, 3.060 (26.861)	Grad: 0.1
[Epoch  27 (12.31s)]	ELBO (bits/dim): 3.23306 (3.24257)	Reconstruction error (/dim): 0.02611 (0.02553)	KLD: 2.597, 2.659, 2.485, 2.367, 2.881, 2.492, 2.802, 2.752, 2.971, 3.057 (26.893)	Grad: 0.1
[Epoch  28 (12.40s)]	ELBO (bits/dim): 3.23506 (3.24541)	Reconstruction error (/dim): 0.02597 (0.02526)	KLD: 2.591, 2.645, 2.489, 2.369, 2.880, 2.493, 2.801, 2.740, 2.977, 3.054 (27.111)	Grad: 0.1
[Epoch  29 (11.81s)]	ELBO (bits/dim): 3.23686 (3.24726)	Reconstruction error (/dim): 0.02585 (0.02520)	KLD: 2.592, 2.646, 2.480, 2.372, 2.884, 2.488, 2.786, 2.746, 2.966, 3.058 (26.909)	Grad: 0.1
[Epoch  30 (11.98s)]	ELBO (bits/dim): 3.23823 (3.24888)	Reconstruction error (/dim): 0.02575 (0.02505)	KLD: 2.597, 2.652, 2.479, 2.378, 2.882, 2.505, 2.794, 2.754, 2.966, 3.051 (27.098)	Grad: 0.1
[Epoch  31 (11.80s)]	ELBO (bits/dim): 3.23982 (3.24957)	Reconstruction error (/dim): 0.02564 (0.02505)	KLD: 2.600, 2.660, 2.482, 2.377, 2.871, 2.502, 2.799, 2.746, 2.962, 3.055 (26.957)	Grad: 0.1
[Epoch  32 (12.17s)]	ELBO (bits/dim): 3.24128 (3.25064)	Reconstruction error (/dim): 0.02554 (0.02498)	KLD: 2.596, 2.649, 2.487, 2.368, 2.869, 2.503, 2.804, 2.753, 2.958, 3.050 (26.814)	Grad: 0.1
[Epoch  33 (12.69s)]	ELBO (bits/dim): 3.24271 (3.25186)	Reconstruction error (/dim): 0.02545 (0.02487)	KLD: 2.591, 2.657, 2.486, 2.373, 2.857, 2.516, 2.795, 2.750, 2.954, 3.049 (26.845)	Grad: 0.1
[Epoch  34 (12.44s)]	ELBO (bits/dim): 3.24396 (3.25147)	Reconstruction error (/dim): 0.02536 (0.02493)	KLD: 2.590, 2.646, 2.483, 2.379, 2.859, 2.520, 2.802, 2.754, 2.953, 3.051 (27.011)	Grad: 0.1
[Epoch  35 (12.24s)]	ELBO (bits/dim): 3.24508 (3.25422)	Reconstruction error (/dim): 0.02528 (0.02472)	KLD: 2.590, 2.649, 2.479, 2.385, 2.858, 2.527, 2.800, 2.755, 2.955, 3.051 (26.853)	Grad: 0.1
[Epoch  36 (12.12s)]	ELBO (bits/dim): 3.24623 (3.25488)	Reconstruction error (/dim): 0.02520 (0.02465)	KLD: 2.589, 2.657, 2.487, 2.382, 2.859, 2.531, 2.789, 2.756, 2.954, 3.047 (26.901)	Grad: 0.1
[Epoch  37 (12.04s)]	ELBO (bits/dim): 3.24736 (3.25493)	Reconstruction error (/dim): 0.02512 (0.02471)	KLD: 2.591, 2.655, 2.482, 2.380, 2.853, 2.523, 2.804, 2.752, 2.954, 3.049 (26.871)	Grad: 0.1
[Epoch  38 (12.37s)]	ELBO (bits/dim): 3.24819 (3.25529)	Reconstruction error (/dim): 0.02507 (0.02459)	KLD: 2.593, 2.653, 2.476, 2.389, 2.859, 2.528, 2.805, 2.755, 2.959, 3.052 (26.679)	Grad: 0.1
[Epoch  39 (12.14s)]	ELBO (bits/dim): 3.24953 (3.25748)	Reconstruction error (/dim): 0.02497 (0.02453)	KLD: 2.580, 2.654, 2.484, 2.380, 2.863, 2.528, 2.801, 2.761, 2.952, 3.047 (27.026)	Grad: 0.1
[Epoch  40 (12.06s)]	ELBO (bits/dim): 3.25028 (3.25680)	Reconstruction error (/dim): 0.02492 (0.02456)	KLD: 2.598, 2.656, 2.491, 2.392, 2.853, 2.529, 2.807, 2.765, 2.945, 3.053 (27.041)	Grad: 0.1
[Epoch  41 (12.14s)]	ELBO (bits/dim): 3.25108 (3.25806)	Reconstruction error (/dim): 0.02488 (0.02443)	KLD: 2.596, 2.665, 2.483, 2.388, 2.854, 2.530, 2.813, 2.759, 2.959, 3.055 (26.991)	Grad: 0.1
[Epoch  42 (12.19s)]	ELBO (bits/dim): 3.25234 (3.25923)	Reconstruction error (/dim): 0.02478 (0.02440)	KLD: 2.592, 2.661, 2.479, 2.386, 2.854, 2.527, 2.817, 2.762, 2.944, 3.041 (26.716)	Grad: 0.1
[Epoch  43 (11.96s)]	ELBO (bits/dim): 3.25290 (3.26035)	Reconstruction error (/dim): 0.02474 (0.02421)	KLD: 2.602, 2.654, 2.484, 2.385, 2.849, 2.531, 2.814, 2.766, 2.953, 3.052 (26.940)	Grad: 0.1
[Epoch  44 (12.49s)]	ELBO (bits/dim): 3.25346 (3.26057)	Reconstruction error (/dim): 0.02470 (0.02432)	KLD: 2.601, 2.653, 2.480, 2.395, 2.859, 2.542, 2.821, 2.768, 2.954, 3.057 (26.864)	Grad: 0.1
[Epoch  45 (12.15s)]	ELBO (bits/dim): 3.25456 (3.26031)	Reconstruction error (/dim): 0.02462 (0.02429)	KLD: 2.604, 2.668, 2.481, 2.386, 2.857, 2.545, 2.814, 2.773, 2.950, 3.051 (27.298)	Grad: 0.1
[Epoch  46 (11.80s)]	ELBO (bits/dim): 3.25497 (3.26164)	Reconstruction error (/dim): 0.02461 (0.02421)	KLD: 2.601, 2.660, 2.491, 2.395, 2.853, 2.541, 2.825, 2.768, 2.939, 3.049 (27.045)	Grad: 0.1
[Epoch  47 (12.00s)]	ELBO (bits/dim): 3.25591 (3.26294)	Reconstruction error (/dim): 0.02454 (0.02413)	KLD: 2.606, 2.665, 2.481, 2.397, 2.852, 2.544, 2.822, 2.770, 2.947, 3.056 (26.779)	Grad: 0.1
[Epoch  48 (11.87s)]	ELBO (bits/dim): 3.25648 (3.26256)	Reconstruction error (/dim): 0.02449 (0.02417)	KLD: 2.598, 2.662, 2.486, 2.388, 2.846, 2.550, 2.815, 2.768, 2.943, 3.051 (27.068)	Grad: 0.1
[Epoch  49 (12.39s)]	ELBO (bits/dim): 3.25727 (3.26314)	Reconstruction error (/dim): 0.02443 (0.02417)	KLD: 2.603, 2.675, 2.495, 2.399, 2.854, 2.550, 2.824, 2.777, 2.949, 3.051 (26.943)	Grad: 0.1
[Epoch  50 (12.01s)]	ELBO (bits/dim): 3.25786 (3.26184)	Reconstruction error (/dim): 0.02440 (0.02428)	KLD: 2.596, 2.676, 2.480, 2.398, 2.849, 2.552, 2.818, 2.766, 2.939, 3.044 (26.776)	Grad: 0.1
[Epoch  51 (11.99s)]	ELBO (bits/dim): 3.25824 (3.26406)	Reconstruction error (/dim): 0.02437 (0.02407)	KLD: 2.610, 2.674, 2.487, 2.406, 2.857, 2.563, 2.832, 2.769, 2.945, 3.050 (27.052)	Grad: 0.1
[Epoch  52 (11.78s)]	ELBO (bits/dim): 3.25911 (3.26611)	Reconstruction error (/dim): 0.02429 (0.02391)	KLD: 2.617, 2.674, 2.483, 2.401, 2.853, 2.559, 2.836, 2.773, 2.943, 3.053 (26.994)	Grad: 0.1
[Epoch  53 (12.02s)]	ELBO (bits/dim): 3.25966 (3.26440)	Reconstruction error (/dim): 0.02428 (0.02415)	KLD: 2.610, 2.671, 2.486, 2.400, 2.863, 2.557, 2.825, 2.772, 2.936, 3.054 (26.988)	Grad: 0.1
[Epoch  54 (12.87s)]	ELBO (bits/dim): 3.26015 (3.26457)	Reconstruction error (/dim): 0.02425 (0.02411)	KLD: 2.612, 2.664, 2.480, 2.400, 2.855, 2.549, 2.825, 2.772, 2.930, 3.048 (26.846)	Grad: 0.1
[Epoch  55 (12.08s)]	ELBO (bits/dim): 3.26053 (3.26486)	Reconstruction error (/dim): 0.02422 (0.02411)	KLD: 2.617, 2.664, 2.482, 2.400, 2.847, 2.554, 2.838, 2.776, 2.938, 3.053 (27.132)	Grad: 0.1
[Epoch  56 (11.96s)]	ELBO (bits/dim): 3.26113 (3.26524)	Reconstruction error (/dim): 0.02418 (0.02411)	KLD: 2.611, 2.672, 2.483, 2.404, 2.852, 2.567, 2.832, 2.771, 2.928, 3.063 (27.091)	Grad: 0.1
[Epoch  57 (11.89s)]	ELBO (bits/dim): 3.26172 (3.26758)	Reconstruction error (/dim): 0.02412 (0.02386)	KLD: 2.619, 2.669, 2.480, 2.404, 2.859, 2.557, 2.842, 2.788, 2.947, 3.063 (27.056)	Grad: 0.1
[Epoch  58 (12.37s)]	ELBO (bits/dim): 3.26224 (3.26835)	Reconstruction error (/dim): 0.02409 (0.02381)	KLD: 2.617, 2.671, 2.482, 2.412, 2.850, 2.560, 2.838, 2.777, 2.938, 3.062 (27.069)	Grad: 0.1
[Epoch  59 (12.75s)]	ELBO (bits/dim): 3.26266 (3.26895)	Reconstruction error (/dim): 0.02407 (0.02377)	KLD: 2.623, 2.673, 2.482, 2.415, 2.852, 2.562, 2.839, 2.781, 2.945, 3.059 (27.096)	Grad: 0.1
[Epoch  60 (12.32s)]	ELBO (bits/dim): 3.26314 (3.26865)	Reconstruction error (/dim): 0.02405 (0.02382)	KLD: 2.625, 2.678, 2.474, 2.399, 2.852, 2.572, 2.845, 2.777, 2.942, 3.058 (26.954)	Grad: 0.1
[Epoch  61 (12.08s)]	ELBO (bits/dim): 3.26364 (3.26959)	Reconstruction error (/dim): 0.02399 (0.02374)	KLD: 2.625, 2.678, 2.479, 2.406, 2.858, 2.572, 2.845, 2.781, 2.934, 3.058 (27.214)	Grad: 0.1
[Epoch  62 (11.78s)]	ELBO (bits/dim): 3.26398 (3.26925)	Reconstruction error (/dim): 0.02398 (0.02376)	KLD: 2.620, 2.675, 2.479, 2.409, 2.859, 2.569, 2.851, 2.772, 2.934, 3.059 (26.997)	Grad: 0.1
[Epoch  63 (12.22s)]	ELBO (bits/dim): 3.26422 (3.26971)	Reconstruction error (/dim): 0.02396 (0.02373)	KLD: 2.620, 2.676, 2.473, 2.420, 2.853, 2.573, 2.846, 2.776, 2.933, 3.058 (27.073)	Grad: 0.1
[Epoch  64 (11.67s)]	ELBO (bits/dim): 3.26475 (3.26988)	Reconstruction error (/dim): 0.02393 (0.02379)	KLD: 2.628, 2.679, 2.480, 2.407, 2.856, 2.575, 2.846, 2.782, 2.935, 3.061 (26.902)	Grad: 0.1
[Epoch  65 (11.99s)]	ELBO (bits/dim): 3.26509 (3.27028)	Reconstruction error (/dim): 0.02390 (0.02375)	KLD: 2.630, 2.675, 2.485, 2.405, 2.851, 2.566, 2.851, 2.783, 2.942, 3.051 (26.979)	Grad: 0.1
[Epoch  66 (12.07s)]	ELBO (bits/dim): 3.26547 (3.27017)	Reconstruction error (/dim): 0.02388 (0.02362)	KLD: 2.625, 2.673, 2.484, 2.417, 2.859, 2.568, 2.854, 2.784, 2.943, 3.052 (27.185)	Grad: 0.1
[Epoch  67 (12.16s)]	ELBO (bits/dim): 3.26597 (3.27026)	Reconstruction error (/dim): 0.02383 (0.02363)	KLD: 2.624, 2.679, 2.489, 2.418, 2.852, 2.579, 2.850, 2.780, 2.941, 3.068 (27.206)	Grad: 0.1
[Epoch  68 (11.78s)]	ELBO (bits/dim): 3.26638 (3.27066)	Reconstruction error (/dim): 0.02381 (0.02371)	KLD: 2.629, 2.681, 2.479, 2.415, 2.857, 2.578, 2.852, 2.774, 2.942, 3.060 (27.155)	Grad: 0.1
[Epoch  69 (11.70s)]	ELBO (bits/dim): 3.26664 (3.27168)	Reconstruction error (/dim): 0.02379 (0.02368)	KLD: 2.624, 2.683, 2.483, 2.425, 2.854, 2.573, 2.852, 2.779, 2.937, 3.061 (26.976)	Grad: 0.1
[Epoch  70 (11.76s)]	ELBO (bits/dim): 3.26675 (3.27188)	Reconstruction error (/dim): 0.02379 (0.02353)	KLD: 2.624, 2.680, 2.483, 2.420, 2.858, 2.573, 2.855, 2.774, 2.933, 3.057 (27.160)	Grad: 0.1
[Epoch  71 (12.15s)]	ELBO (bits/dim): 3.26726 (3.27271)	Reconstruction error (/dim): 0.02374 (0.02355)	KLD: 2.637, 2.686, 2.484, 2.429, 2.855, 2.578, 2.865, 2.780, 2.928, 3.071 (27.180)	Grad: 0.1
[Epoch  72 (11.79s)]	ELBO (bits/dim): 3.26787 (3.27205)	Reconstruction error (/dim): 0.02369 (0.02360)	KLD: 2.632, 2.682, 2.481, 2.428, 2.860, 2.581, 2.860, 2.774, 2.927, 3.074 (27.000)	Grad: 0.1
[Epoch  73 (12.14s)]	ELBO (bits/dim): 3.26834 (3.27227)	Reconstruction error (/dim): 0.02366 (0.02355)	KLD: 2.630, 2.679, 2.481, 2.430, 2.864, 2.583, 2.864, 2.779, 2.928, 3.065 (27.250)	Grad: 0.1
[Epoch  74 (11.83s)]	ELBO (bits/dim): 3.26837 (3.27194)	Reconstruction error (/dim): 0.02367 (0.02356)	KLD: 2.627, 2.681, 2.479, 2.429, 2.861, 2.582, 2.864, 2.778, 2.931, 3.067 (27.008)	Grad: 0.1
[Epoch  75 (11.82s)]	ELBO (bits/dim): 3.26889 (3.27189)	Reconstruction error (/dim): 0.02363 (0.02360)	KLD: 2.633, 2.690, 2.481, 2.428, 2.856, 2.583, 2.862, 2.783, 2.939, 3.068 (26.943)	Grad: 0.1
[Epoch  76 (11.69s)]	ELBO (bits/dim): 3.26904 (3.27258)	Reconstruction error (/dim): 0.02362 (0.02361)	KLD: 2.642, 2.681, 2.475, 2.432, 2.860, 2.578, 2.862, 2.783, 2.937, 3.061 (27.261)	Grad: 0.1
[Epoch  77 (12.12s)]	ELBO (bits/dim): 3.26949 (3.27311)	Reconstruction error (/dim): 0.02359 (0.02340)	KLD: 2.639, 2.687, 2.482, 2.437, 2.863, 2.578, 2.868, 2.792, 2.938, 3.073 (27.081)	Grad: 0.1
[Epoch  78 (12.02s)]	ELBO (bits/dim): 3.26949 (3.27297)	Reconstruction error (/dim): 0.02358 (0.02345)	KLD: 2.644, 2.690, 2.473, 2.429, 2.858, 2.586, 2.857, 2.782, 2.932, 3.066 (27.170)	Grad: 0.1
[Epoch  79 (11.98s)]	ELBO (bits/dim): 3.27008 (3.27361)	Reconstruction error (/dim): 0.02355 (0.02356)	KLD: 2.642, 2.689, 2.477, 2.433, 2.858, 2.584, 2.865, 2.786, 2.938, 3.073 (27.069)	Grad: 0.1
[Epoch  80 (11.67s)]	ELBO (bits/dim): 3.27023 (3.27392)	Reconstruction error (/dim): 0.02354 (0.02343)	KLD: 2.646, 2.681, 2.472, 2.432, 2.866, 2.581, 2.862, 2.786, 2.935, 3.065 (27.186)	Grad: 0.1
[Epoch  81 (12.28s)]	ELBO (bits/dim): 3.27064 (3.27350)	Reconstruction error (/dim): 0.02350 (0.02350)	KLD: 2.639, 2.683, 2.486, 2.435, 2.865, 2.592, 2.871, 2.788, 2.938, 3.072 (27.249)	Grad: 0.1
[Epoch  82 (12.02s)]	ELBO (bits/dim): 3.27080 (3.27457)	Reconstruction error (/dim): 0.02350 (0.02339)	KLD: 2.640, 2.686, 2.465, 2.432, 2.866, 2.587, 2.868, 2.779, 2.933, 3.076 (27.151)	Grad: 0.1
[Epoch  83 (12.23s)]	ELBO (bits/dim): 3.27130 (3.27408)	Reconstruction error (/dim): 0.02346 (0.02341)	KLD: 2.644, 2.690, 2.467, 2.434, 2.864, 2.583, 2.870, 2.780, 2.932, 3.066 (27.172)	Grad: 0.1
[Epoch  84 (12.04s)]	ELBO (bits/dim): 3.27142 (3.27429)	Reconstruction error (/dim): 0.02345 (0.02341)	KLD: 2.637, 2.692, 2.477, 2.437, 2.870, 2.593, 2.875, 2.790, 2.943, 3.078 (27.672)	Grad: 0.1
[Epoch  85 (12.31s)]	ELBO (bits/dim): 3.27158 (3.27347)	Reconstruction error (/dim): 0.02344 (0.02332)	KLD: 2.645, 2.687, 2.477, 2.436, 2.869, 2.588, 2.877, 2.793, 2.939, 3.086 (27.364)	Grad: 0.1
[Epoch  86 (12.05s)]	ELBO (bits/dim): 3.27217 (3.27331)	Reconstruction error (/dim): 0.02340 (0.02358)	KLD: 2.647, 2.680, 2.470, 2.439, 2.854, 2.583, 2.873, 2.780, 2.934, 3.081 (27.433)	Grad: 0.1
[Epoch  87 (12.13s)]	ELBO (bits/dim): 3.27208 (3.27514)	Reconstruction error (/dim): 0.02341 (0.02340)	KLD: 2.651, 2.671, 2.474, 2.439, 2.861, 2.591, 2.877, 2.775, 2.936, 3.077 (27.059)	Grad: 0.1
[Epoch  88 (11.97s)]	ELBO (bits/dim): 3.27248 (3.27544)	Reconstruction error (/dim): 0.02338 (0.02338)	KLD: 2.649, 2.678, 2.467, 2.438, 2.867, 2.596, 2.871, 2.772, 2.928, 3.088 (27.241)	Grad: 0.1
[Epoch  89 (11.79s)]	ELBO (bits/dim): 3.27269 (3.27672)	Reconstruction error (/dim): 0.02337 (0.02323)	KLD: 2.649, 2.684, 2.468, 2.439, 2.869, 2.599, 2.875, 2.780, 2.932, 3.082 (27.154)	Grad: 0.1
[Epoch  90 (12.16s)]	ELBO (bits/dim): 3.27293 (3.27459)	Reconstruction error (/dim): 0.02335 (0.02338)	KLD: 2.648, 2.687, 2.463, 2.435, 2.868, 2.588, 2.873, 2.781, 2.937, 3.084 (27.449)	Grad: 0.1
[Epoch  91 (12.01s)]	ELBO (bits/dim): 3.27325 (3.27383)	Reconstruction error (/dim): 0.02333 (0.02352)	KLD: 2.648, 2.692, 2.469, 2.441, 2.871, 2.594, 2.873, 2.787, 2.936, 3.089 (27.419)	Grad: 0.1
[Epoch  92 (12.12s)]	ELBO (bits/dim): 3.27369 (3.27634)	Reconstruction error (/dim): 0.02330 (0.02326)	KLD: 2.644, 2.690, 2.466, 2.439, 2.863, 2.597, 2.868, 2.790, 2.926, 3.090 (27.190)	Grad: 0.1
[Epoch  93 (12.10s)]	ELBO (bits/dim): 3.27376 (3.27605)	Reconstruction error (/dim): 0.02329 (0.02329)	KLD: 2.655, 2.692, 2.462, 2.443, 2.868, 2.603, 2.878, 2.788, 2.937, 3.085 (27.364)	Grad: 0.1
[Epoch  94 (11.95s)]	ELBO (bits/dim): 3.27405 (3.27517)	Reconstruction error (/dim): 0.02327 (0.02332)	KLD: 2.654, 2.689, 2.463, 2.443, 2.863, 2.598, 2.878, 2.791, 2.933, 3.083 (27.287)	Grad: 0.1
[Epoch  95 (12.16s)]	ELBO (bits/dim): 3.27403 (3.27576)	Reconstruction error (/dim): 0.02329 (0.02331)	KLD: 2.649, 2.684, 2.466, 2.434, 2.866, 2.598, 2.876, 2.785, 2.936, 3.080 (27.378)	Grad: 0.1
[Epoch  96 (12.18s)]	ELBO (bits/dim): 3.27442 (3.27607)	Reconstruction error (/dim): 0.02324 (0.02325)	KLD: 2.654, 2.686, 2.470, 2.446, 2.870, 2.599, 2.881, 2.784, 2.933, 3.089 (27.194)	Grad: 0.1
[Epoch  97 (12.03s)]	ELBO (bits/dim): 3.27464 (3.27635)	Reconstruction error (/dim): 0.02324 (0.02325)	KLD: 2.666, 2.692, 2.467, 2.437, 2.870, 2.601, 2.877, 2.782, 2.933, 3.082 (27.413)	Grad: 0.1
[Epoch  98 (11.85s)]	ELBO (bits/dim): 3.27475 (3.27675)	Reconstruction error (/dim): 0.02322 (0.02330)	KLD: 2.657, 2.688, 2.466, 2.442, 2.872, 2.600, 2.880, 2.783, 2.935, 3.084 (27.127)	Grad: 0.1
[Epoch  99 (11.87s)]	ELBO (bits/dim): 3.27515 (3.27644)	Reconstruction error (/dim): 0.02320 (0.02325)	KLD: 2.655, 2.690, 2.471, 2.447, 2.870, 2.606, 2.883, 2.793, 2.934, 3.096 (27.155)	Grad: 0.1
[Epoch 100 (12.18s)]	ELBO (bits/dim): 3.27506 (3.27847)	Reconstruction error (/dim): 0.02320 (0.02322)	KLD: 2.657, 2.688, 2.468, 2.443, 2.873, 2.597, 2.884, 2.792, 2.938, 3.084 (27.035)	Grad: 0.1
Best epoch(s): [100]	Training time(s): 1247.31s (1247.31s)	Best ELBO (bits/dim): 3.27515 (3.27847)	Best reconstruction error (/dim): 0.07824 (0.06324)
Avg. mu: -0.004, 0.097, -0.141, 0.107, -0.192, 0.037, -0.021, -0.024, 0.026, -0.002
Avg. var: 0.008, 0.005, 0.009, 0.009, 0.005, 0.007, 0.005, 0.006, 0.005, 0.004
Max. mu: 3.611, 3.347, 4.000, 4.169, 3.837, 2.945, 3.445, 3.330, 3.459, 3.138
Max. var: 0.037, 0.027, 0.039, 0.029, 0.020, 0.023, 0.028, 0.023, 0.019, 0.020
Min. mu: -4.537, -3.382, -3.755, -3.442, -3.738, -3.969, -4.639, -3.873, -3.673, -3.216
Min. var: 0.001, 0.001, 0.001, 0.001, 0.001, 0.001, 0.001, 0.000, 0.001, 0.000
Cov. mu:
[[1.181 0.096 0.060 0.111 0.134 0.169 -0.326 -0.033 0.329 -0.030]
 [0.096 0.959 0.031 -0.055 0.358 -0.050 0.181 -0.102 0.139 -0.133]
 [0.060 0.031 1.002 0.131 0.036 -0.111 0.132 0.115 0.135 0.130]
 [0.111 -0.055 0.131 1.072 0.166 0.084 -0.003 0.214 0.117 0.304]
 [0.134 0.358 0.036 0.166 1.307 0.050 -0.041 -0.121 0.067 -0.260]
 [0.169 -0.050 -0.111 0.084 0.050 1.074 -0.065 -0.079 -0.063 0.005]
 [-0.326 0.181 0.132 -0.003 -0.041 -0.065 1.400 0.256 0.080 -0.012]
 [-0.033 -0.102 0.115 0.214 -0.121 -0.079 0.256 1.285 -0.308 0.293]
 [0.329 0.139 0.135 0.117 0.067 -0.063 0.080 -0.308 1.341 -0.009]
 [-0.030 -0.133 0.130 0.304 -0.260 0.005 -0.012 0.293 -0.009 1.509]]
