Seed: 2021
======================================================================
Layer (type:depth-idx)                        Param #
======================================================================
RNN                                           --
├─Canvas: 1-1                                 --
│    └─Linear: 2-1                            3,072
├─Encoder: 1-2                                --
│    └─Linear: 2-2                            786,688
│    └─Linear: 2-3                            65,792
├─ModuleList: 1-3                             --
│    └─EncoderEncoderToLatents4: 2-4          --
│    │    └─Linear: 3-1                       32,832
│    │    └─Linear: 3-2                       520
│    │    └─Linear: 3-3                       36
│    │    └─Linear: 3-4                       36
│    └─EncoderEncoderToLatents4: 2-5          --
│    │    └─Linear: 3-5                       32,832
│    │    └─Linear: 3-6                       520
│    │    └─Linear: 3-7                       36
│    │    └─Linear: 3-8                       36
│    └─EncoderEncoderToLatents4: 2-6          --
│    │    └─Linear: 3-9                       32,832
│    │    └─Linear: 3-10                      520
│    │    └─Linear: 3-11                      36
│    │    └─Linear: 3-12                      36
│    └─EncoderEncoderToLatents4: 2-7          --
│    │    └─Linear: 3-13                      32,832
│    │    └─Linear: 3-14                      520
│    │    └─Linear: 3-15                      36
│    │    └─Linear: 3-16                      36
│    └─EncoderEncoderToLatents4: 2-8          --
│    │    └─Linear: 3-17                      32,832
│    │    └─Linear: 3-18                      520
│    │    └─Linear: 3-19                      36
│    │    └─Linear: 3-20                      36
│    └─EncoderEncoderToLatents4: 2-9          --
│    │    └─Linear: 3-21                      32,832
│    │    └─Linear: 3-22                      520
│    │    └─Linear: 3-23                      36
│    │    └─Linear: 3-24                      36
│    └─EncoderEncoderToLatents4: 2-10         --
│    │    └─Linear: 3-25                      32,832
│    │    └─Linear: 3-26                      520
│    │    └─Linear: 3-27                      36
│    │    └─Linear: 3-28                      36
│    └─EncoderEncoderToLatents4: 2-11         --
│    │    └─Linear: 3-29                      32,832
│    │    └─Linear: 3-30                      520
│    │    └─Linear: 3-31                      36
│    │    └─Linear: 3-32                      36
│    └─EncoderEncoderToLatents4: 2-12         --
│    │    └─Linear: 3-33                      32,832
│    │    └─Linear: 3-34                      520
│    │    └─Linear: 3-35                      36
│    │    └─Linear: 3-36                      36
│    └─EncoderEncoderToLatents4: 2-13         --
│    │    └─Linear: 3-37                      32,832
│    │    └─Linear: 3-38                      520
│    │    └─Linear: 3-39                      36
│    │    └─Linear: 3-40                      36
│    └─EncoderEncoderToLatents4: 2-14         --
│    │    └─Linear: 3-41                      32,832
│    │    └─Linear: 3-42                      520
│    │    └─Linear: 3-43                      36
│    │    └─Linear: 3-44                      36
│    └─EncoderEncoderToLatents4: 2-15         --
│    │    └─Linear: 3-45                      32,832
│    │    └─Linear: 3-46                      520
│    │    └─Linear: 3-47                      36
│    │    └─Linear: 3-48                      36
│    └─EncoderEncoderToLatents4: 2-16         --
│    │    └─Linear: 3-49                      32,832
│    │    └─Linear: 3-50                      520
│    │    └─Linear: 3-51                      36
│    │    └─Linear: 3-52                      36
│    └─EncoderEncoderToLatents4: 2-17         --
│    │    └─Linear: 3-53                      32,832
│    │    └─Linear: 3-54                      520
│    │    └─Linear: 3-55                      36
│    │    └─Linear: 3-56                      36
│    └─EncoderEncoderToLatents4: 2-18         --
│    │    └─Linear: 3-57                      32,832
│    │    └─Linear: 3-58                      520
│    │    └─Linear: 3-59                      36
│    │    └─Linear: 3-60                      36
│    └─EncoderEncoderToLatents4: 2-19         --
│    │    └─Linear: 3-61                      32,832
│    │    └─Linear: 3-62                      520
│    │    └─Linear: 3-63                      36
│    │    └─Linear: 3-64                      36
├─ModuleList: 1-4                             --
│    └─LatentsToDecoder: 2-20                 --
│    │    └─Linear: 3-65                      1,280
│    └─LatentsToDecoder: 2-21                 --
│    │    └─Linear: 3-66                      1,280
│    └─LatentsToDecoder: 2-22                 --
│    │    └─Linear: 3-67                      1,280
│    └─LatentsToDecoder: 2-23                 --
│    │    └─Linear: 3-68                      1,280
│    └─LatentsToDecoder: 2-24                 --
│    │    └─Linear: 3-69                      1,280
│    └─LatentsToDecoder: 2-25                 --
│    │    └─Linear: 3-70                      1,280
│    └─LatentsToDecoder: 2-26                 --
│    │    └─Linear: 3-71                      1,280
│    └─LatentsToDecoder: 2-27                 --
│    │    └─Linear: 3-72                      1,280
│    └─LatentsToDecoder: 2-28                 --
│    │    └─Linear: 3-73                      1,280
│    └─LatentsToDecoder: 2-29                 --
│    │    └─Linear: 3-74                      1,280
│    └─LatentsToDecoder: 2-30                 --
│    │    └─Linear: 3-75                      1,280
│    └─LatentsToDecoder: 2-31                 --
│    │    └─Linear: 3-76                      1,280
│    └─LatentsToDecoder: 2-32                 --
│    │    └─Linear: 3-77                      1,280
│    └─LatentsToDecoder: 2-33                 --
│    │    └─Linear: 3-78                      1,280
│    └─LatentsToDecoder: 2-34                 --
│    │    └─Linear: 3-79                      1,280
│    └─LatentsToDecoder: 2-35                 --
│    │    └─Linear: 3-80                      1,280
├─Decoder: 1-5                                --
│    └─Linear: 2-36                           65,792
│    └─Linear: 2-37                           789,504
======================================================================
Total params: 2,266,112
Trainable params: 2,266,112
Non-trainable params: 0
======================================================================
[Epoch   1 (245.01s)]	ELBO (bits/dim): -9.67499, -8.82080, -8.69828, -8.68370, -8.61044, -8.60277, -8.60670, -8.61545, -8.62320, -8.62510, -8.63591, -8.64784, -8.66297, -8.67742, -8.69243, -8.71019 (-6.41883)	Reconstruction error (/dim): 0.04386, 0.04086, 0.04042, 0.04036, 0.04009, 0.04005, 0.04006, 0.04009, 0.04011, 0.04011, 0.04014, 0.04018, 0.04023, 0.04027, 0.04032, 0.04037 (0.03243)	KLD: 36.706, 19.202, 11.777, 5.315, 10.073, 5.958, 2.615, 0.852, 4.877, 6.927, 1.110, 3.955, 0.552, 2.710, 6.538, 2.559 (120.287)	Grad: 295547.8
[Epoch   2 (251.71s)]	ELBO (bits/dim): -7.76422, -6.50852, -6.31314, -6.03318, -5.95903, -5.92289, -5.91695, -5.92138, -5.92153, -5.91349, -5.91899, -5.92258, -5.92846, -5.93527, -5.93907, -5.94566 (-5.26762)	Reconstruction error (/dim): 0.03724, 0.03286, 0.03217, 0.03118, 0.03091, 0.03077, 0.03074, 0.03076, 0.03075, 0.03071, 0.03072, 0.03073, 0.03074, 0.03076, 0.03076, 0.03078 (0.02842)	KLD: 29.316, 17.479, 9.567, 13.909, 7.755, 7.047, 4.756, 2.582, 4.941, 7.083, 2.944, 5.159, 1.939, 5.098, 5.210, 3.867 (134.525)	Grad: 319154.3
[Epoch   3 (249.07s)]	ELBO (bits/dim): -6.80976, -5.57765, -5.42373, -5.19735, -5.10600, -5.08014, -5.06681, -5.07101, -5.06974, -5.05942, -5.06441, -5.06612, -5.07148, -5.07822, -5.07830, -5.08437 (-4.26680)	Reconstruction error (/dim): 0.03394, 0.02964, 0.02910, 0.02829, 0.02796, 0.02786, 0.02781, 0.02782, 0.02780, 0.02776, 0.02777, 0.02776, 0.02778, 0.02779, 0.02778, 0.02780 (0.02494)	KLD: 26.822, 17.522, 8.249, 10.584, 8.411, 7.083, 5.673, 3.039, 5.489, 7.278, 3.524, 5.132, 2.840, 5.629, 5.896, 4.181 (140.846)	Grad: 241948.5
[Epoch   4 (245.11s)]	ELBO (bits/dim): -6.60156, -4.99720, -4.53091, -4.33582, -4.28708, -4.25123, -4.23434, -4.23721, -4.23695, -4.22036, -4.22457, -4.22542, -4.22974, -4.23412, -4.23526, -4.23924 (-3.89263)	Reconstruction error (/dim): 0.03322, 0.02763, 0.02600, 0.02530, 0.02512, 0.02498, 0.02492, 0.02492, 0.02491, 0.02484, 0.02485, 0.02484, 0.02485, 0.02486, 0.02485, 0.02486 (0.02365)	KLD: 24.016, 19.229, 11.924, 11.215, 7.897, 7.771, 6.417, 3.157, 5.964, 8.441, 3.745, 5.677, 3.123, 6.003, 6.476, 4.725 (139.021)	Grad: 267232.7
[Epoch   5 (245.93s)]	ELBO (bits/dim): -6.49185, -4.72045, -4.23077, -3.94088, -3.88435, -3.84623, -3.84107, -3.84357, -3.84324, -3.83580, -3.83867, -3.83900, -3.84169, -3.84427, -3.84684, -3.84987 (-3.74010)	Reconstruction error (/dim): 0.03285, 0.02668, 0.02496, 0.02394, 0.02373, 0.02358, 0.02355, 0.02356, 0.02355, 0.02351, 0.02351, 0.02350, 0.02351, 0.02351, 0.02351, 0.02351 (0.02314)	KLD: 22.721, 18.986, 12.056, 11.207, 8.233, 9.324, 5.917, 2.800, 5.723, 8.527, 3.432, 5.404, 2.851, 5.880, 6.030, 4.368 (125.649)	Grad: 173660.3
[Epoch   6 (241.74s)]	ELBO (bits/dim): -6.46479, -4.65059, -4.00091, -3.85324, -3.81326, -3.76227, -3.75729, -3.75968, -3.75815, -3.74719, -3.74999, -3.74812, -3.75056, -3.75271, -3.75298, -3.75590 (-3.38649)	Reconstruction error (/dim): 0.03275, 0.02644, 0.02416, 0.02363, 0.02348, 0.02329, 0.02326, 0.02327, 0.02325, 0.02320, 0.02321, 0.02319, 0.02320, 0.02320, 0.02319, 0.02319 (0.02190)	KLD: 22.020, 18.325, 14.307, 10.191, 7.934, 9.488, 5.364, 2.409, 5.295, 8.004, 2.774, 4.963, 2.246, 5.120, 5.709, 3.789 (132.686)	Grad: 204431.3
[Epoch   7 (240.59s)]	ELBO (bits/dim): -6.48908, -4.50744, -3.94391, -3.63391, -3.49975, -3.41071, -3.38826, -3.39189, -3.38061, -3.35813, -3.36242, -3.35969, -3.36342, -3.36496, -3.36335, -3.36773 (-3.14035)	Reconstruction error (/dim): 0.03284, 0.02594, 0.02397, 0.02287, 0.02239, 0.02207, 0.02198, 0.02199, 0.02194, 0.02185, 0.02186, 0.02184, 0.02185, 0.02184, 0.02183, 0.02184 (0.02106)	KLD: 21.045, 18.765, 13.382, 11.785, 9.451, 9.826, 6.346, 2.731, 5.738, 8.401, 3.035, 5.395, 2.732, 5.160, 6.402, 4.304 (130.503)	Grad: 276766.4
[Epoch   8 (245.12s)]	ELBO (bits/dim): -6.47341, -4.36776, -3.83213, -3.35582, -3.25543, -3.15898, -3.14150, -3.14534, -3.14015, -3.11347, -3.11723, -3.11264, -3.11593, -3.11600, -3.11604, -3.11879 (-2.95957)	Reconstruction error (/dim): 0.03279, 0.02546, 0.02358, 0.02191, 0.02155, 0.02119, 0.02112, 0.02113, 0.02111, 0.02100, 0.02101, 0.02098, 0.02099, 0.02098, 0.02097, 0.02097 (0.02042)	KLD: 20.566, 18.927, 12.956, 12.614, 9.501, 10.013, 6.330, 2.599, 5.736, 8.490, 2.887, 5.275, 2.720, 5.485, 6.580, 4.234 (134.480)	Grad: 249334.3
[Epoch   9 (246.27s)]	ELBO (bits/dim): -6.44106, -4.27659, -3.61918, -3.16895, -3.00594, -2.86213, -2.84640, -2.84886, -2.84062, -2.81885, -2.82221, -2.81777, -2.82029, -2.81983, -2.82096, -2.82197 (-2.70084)	Reconstruction error (/dim): 0.03267, 0.02514, 0.02284, 0.02126, 0.02068, 0.02016, 0.02010, 0.02010, 0.02007, 0.01998, 0.01998, 0.01996, 0.01996, 0.01995, 0.01995, 0.01994 (0.01952)	KLD: 20.318, 18.451, 13.422, 12.497, 10.014, 10.308, 6.274, 2.562, 5.949, 8.859, 2.980, 5.462, 2.771, 5.678, 6.239, 4.842 (136.238)	Grad: 243791.2
[Epoch  10 (247.02s)]	ELBO (bits/dim): -6.33082, -4.14635, -3.49544, -3.07852, -2.79672, -2.70072, -2.68798, -2.69145, -2.68295, -2.66244, -2.66582, -2.66054, -2.66329, -2.66299, -2.66323, -2.66380 (-2.59041)	Reconstruction error (/dim): 0.03229, 0.02469, 0.02241, 0.02095, 0.01995, 0.01961, 0.01955, 0.01956, 0.01952, 0.01944, 0.01944, 0.01942, 0.01942, 0.01941, 0.01940, 0.01940 (0.01914)	KLD: 20.603, 18.027, 13.030, 12.073, 11.218, 9.839, 5.873, 2.569, 5.786, 8.588, 2.965, 5.333, 2.639, 5.626, 6.220, 4.787 (134.827)	Grad: 239709.4
[Epoch  11 (246.96s)]	ELBO (bits/dim): -6.04060, -3.90077, -3.39089, -3.00877, -2.65254, -2.54347, -2.52485, -2.52829, -2.50595, -2.47608, -2.47951, -2.46648, -2.46968, -2.46628, -2.46482, -2.46499 (-2.40552)	Reconstruction error (/dim): 0.03128, 0.02384, 0.02205, 0.02071, 0.01945, 0.01906, 0.01899, 0.01899, 0.01891, 0.01879, 0.01879, 0.01874, 0.01875, 0.01873, 0.01871, 0.01870 (0.01849)	KLD: 21.324, 17.863, 12.439, 11.971, 11.638, 9.904, 6.182, 3.076, 6.265, 8.527, 2.947, 5.642, 2.751, 5.890, 6.763, 4.868 (139.050)	Grad: 291357.7
[Epoch  12 (246.16s)]	ELBO (bits/dim): -5.96909, -3.85629, -3.27940, -2.88390, -2.58213, -2.43379, -2.40064, -2.40421, -2.38294, -2.35482, -2.35909, -2.34937, -2.35279, -2.34604, -2.34396, -2.34320 (-2.42435)	Reconstruction error (/dim): 0.03104, 0.02369, 0.02167, 0.02028, 0.01921, 0.01868, 0.01856, 0.01856, 0.01848, 0.01837, 0.01838, 0.01833, 0.01834, 0.01831, 0.01829, 0.01828 (0.01854)	KLD: 20.960, 17.515, 12.495, 11.867, 11.292, 10.177, 6.627, 3.265, 6.292, 8.438, 3.123, 5.611, 2.953, 6.621, 7.015, 5.072 (151.599)	Grad: 281704.2
[Epoch  13 (246.30s)]	ELBO (bits/dim): -5.91898, -3.81117, -3.20403, -2.77115, -2.45519, -2.27895, -2.24249, -2.24211, -2.19029, -2.16233, -2.16554, -2.14550, -2.14796, -2.14135, -2.13503, -2.13545 (-2.01668)	Reconstruction error (/dim): 0.03086, 0.02353, 0.02141, 0.01989, 0.01877, 0.01814, 0.01801, 0.01800, 0.01781, 0.01770, 0.01770, 0.01762, 0.01763, 0.01759, 0.01756, 0.01755 (0.01713)	KLD: 20.737, 17.388, 12.791, 12.132, 11.478, 10.369, 6.930, 3.615, 6.851, 8.636, 3.450, 5.962, 3.104, 7.253, 7.771, 5.264 (148.733)	Grad: 262976.8
[Epoch  14 (246.73s)]	ELBO (bits/dim): -5.89739, -3.79919, -3.17069, -2.73202, -2.40146, -2.16927, -2.08419, -2.08050, -2.04057, -2.01592, -2.01724, -2.00476, -2.00736, -2.00254, -1.99496, -1.99534 (-1.94488)	Reconstruction error (/dim): 0.03079, 0.02349, 0.02129, 0.01975, 0.01859, 0.01776, 0.01746, 0.01743, 0.01728, 0.01719, 0.01718, 0.01713, 0.01714, 0.01711, 0.01707, 0.01706 (0.01689)	KLD: 20.542, 17.095, 12.840, 12.225, 11.533, 10.630, 7.950, 5.963, 6.444, 8.388, 3.318, 5.834, 2.960, 7.115, 8.246, 5.346 (142.592)	Grad: 295392.0
[Epoch  15 (245.75s)]	ELBO (bits/dim): -5.86044, -3.76378, -3.12004, -2.65198, -2.31434, -2.06340, -1.94721, -1.93174, -1.91299, -1.89680, -1.89929, -1.89520, -1.89737, -1.89085, -1.88073, -1.88055 (-1.80836)	Reconstruction error (/dim): 0.03066, 0.02337, 0.02112, 0.01947, 0.01828, 0.01740, 0.01698, 0.01692, 0.01684, 0.01677, 0.01678, 0.01675, 0.01676, 0.01672, 0.01667, 0.01666 (0.01642)	KLD: 20.414, 17.010, 12.898, 13.020, 11.593, 10.827, 8.149, 5.683, 6.178, 7.985, 3.282, 5.536, 2.891, 6.975, 8.276, 5.181 (143.248)	Grad: 277375.9
[Epoch  16 (246.84s)]	ELBO (bits/dim): -5.85218, -3.77234, -3.12818, -2.58505, -2.24730, -2.05579, -1.94475, -1.88648, -1.86891, -1.84575, -1.84769, -1.84154, -1.84475, -1.83303, -1.82281, -1.82135 (-1.75584)	Reconstruction error (/dim): 0.03063, 0.02340, 0.02114, 0.01924, 0.01805, 0.01737, 0.01697, 0.01675, 0.01668, 0.01659, 0.01659, 0.01656, 0.01656, 0.01651, 0.01646, 0.01645 (0.01622)	KLD: 20.361, 16.926, 12.877, 15.016, 11.530, 10.670, 8.106, 8.453, 6.215, 8.134, 3.729, 5.633, 2.881, 7.304, 8.161, 5.281 (152.698)	Grad: 316577.3
[Epoch  17 (247.17s)]	ELBO (bits/dim): -5.81441, -3.73874, -3.08256, -2.49259, -2.15160, -1.97601, -1.87687, -1.77994, -1.73328, -1.71946, -1.71984, -1.71879, -1.72086, -1.71129, -1.70237, -1.70246 (-1.66298)	Reconstruction error (/dim): 0.03050, 0.02328, 0.02099, 0.01892, 0.01772, 0.01709, 0.01673, 0.01638, 0.01621, 0.01615, 0.01615, 0.01613, 0.01614, 0.01609, 0.01605, 0.01604 (0.01591)	KLD: 20.331, 16.796, 13.034, 14.872, 11.539, 10.568, 7.895, 8.111, 7.377, 7.827, 4.140, 5.409, 2.785, 7.193, 8.132, 5.243 (148.338)	Grad: 247719.7
[Epoch  18 (245.21s)]	ELBO (bits/dim): -5.81481, -3.74840, -3.10385, -2.50779, -2.16890, -1.97342, -1.88959, -1.79384, -1.72849, -1.71069, -1.70973, -1.70801, -1.70996, -1.70330, -1.69539, -1.69580 (-1.66779)	Reconstruction error (/dim): 0.03050, 0.02331, 0.02101, 0.01892, 0.01773, 0.01703, 0.01673, 0.01639, 0.01615, 0.01607, 0.01606, 0.01605, 0.01605, 0.01601, 0.01597, 0.01597 (0.01592)	KLD: 20.162, 16.820, 44.347, 13.583, 11.514, 10.581, 7.775, 7.821, 7.751, 7.917, 4.585, 5.354, 2.791, 7.104, 8.182, 5.207 (147.891)	Grad: 277263.3
[Epoch  19 (245.20s)]	ELBO (bits/dim): -5.79643, -3.73351, -3.03617, -2.43582, -2.09977, -1.89619, -1.82413, -1.73618, -1.67109, -1.65659, -1.65461, -1.65374, -1.65555, -1.64989, -1.64361, -1.64404 (-1.64157)	Reconstruction error (/dim): 0.03044, 0.02326, 0.02082, 0.01872, 0.01754, 0.01682, 0.01655, 0.01624, 0.01600, 0.01594, 0.01592, 0.01591, 0.01591, 0.01588, 0.01585, 0.01584 (0.01583)	KLD: 20.043, 16.629, 13.860, 13.259, 11.508, 10.501, 7.585, 7.617, 7.689, 7.757, 4.754, 5.244, 2.662, 6.992, 8.064, 5.110 (148.285)	Grad: 252861.8
[Epoch  20 (247.05s)]	ELBO (bits/dim): -5.78891, -3.73502, -2.96486, -2.35978, -2.03015, -1.86239, -1.79128, -1.71607, -1.65640, -1.64211, -1.63894, -1.63780, -1.63981, -1.63434, -1.62832, -1.62855 (-1.63441)	Reconstruction error (/dim): 0.03041, 0.02327, 0.02058, 0.01846, 0.01730, 0.01670, 0.01644, 0.01617, 0.01595, 0.01589, 0.01587, 0.01586, 0.01586, 0.01583, 0.01579, 0.01579 (0.01581)	KLD: 19.943, 16.550, 14.200, 13.126, 11.466, 10.344, 7.533, 7.397, 7.673, 7.612, 4.671, 5.142, 2.674, 6.919, 7.959, 4.958 (146.387)	Grad: 258674.0
[Epoch  21 (245.88s)]	ELBO (bits/dim): -5.78327, -3.73171, -2.92586, -2.31904, -1.98713, -1.82272, -1.74257, -1.67909, -1.63198, -1.60761, -1.60039, -1.59784, -1.59942, -1.59497, -1.58851, -1.58947 (-1.58081)	Reconstruction error (/dim): 0.03039, 0.02326, 0.02044, 0.01832, 0.01715, 0.01656, 0.01627, 0.01604, 0.01586, 0.01577, 0.01573, 0.01572, 0.01572, 0.01569, 0.01566, 0.01565 (0.01563)	KLD: 19.896, 16.474, 14.282, 13.438, 11.481, 10.333, 7.933, 7.220, 7.832, 7.788, 4.820, 5.185, 2.719, 6.683, 7.866, 4.803 (142.172)	Grad: 292506.2
[Epoch  22 (246.60s)]	ELBO (bits/dim): -5.77043, -3.72014, -2.90348, -2.29402, -1.96300, -1.77458, -1.65530, -1.60313, -1.56755, -1.54140, -1.53530, -1.53319, -1.53457, -1.53024, -1.52118, -1.52239 (-1.51988)	Reconstruction error (/dim): 0.03035, 0.02322, 0.02036, 0.01823, 0.01706, 0.01639, 0.01597, 0.01577, 0.01564, 0.01553, 0.01550, 0.01549, 0.01549, 0.01546, 0.01542, 0.01541 (0.01541)	KLD: 19.806, 16.439, 14.234, 13.125, 11.532, 10.506, 9.251, 7.061, 8.102, 8.056, 5.114, 5.127, 2.746, 6.758, 8.019, 4.876 (146.209)	Grad: 255773.2
[Epoch  23 (248.06s)]	ELBO (bits/dim): -5.77439, -3.72505, -2.89167, -2.27996, -1.94733, -1.73640, -1.58080, -1.54902, -1.51340, -1.48660, -1.48249, -1.47972, -1.48078, -1.47616, -1.46581, -1.46667 (-1.45811)	Reconstruction error (/dim): 0.03036, 0.02324, 0.02032, 0.01818, 0.01701, 0.01626, 0.01571, 0.01559, 0.01545, 0.01534, 0.01532, 0.01530, 0.01530, 0.01528, 0.01523, 0.01522 (0.01520)	KLD: 19.717, 16.385, 14.203, 13.118, 11.643, 10.663, 9.506, 6.795, 8.360, 8.042, 4.738, 5.172, 2.858, 6.558, 7.969, 4.833 (148.157)	Grad: 288679.5
[Epoch  24 (246.19s)]	ELBO (bits/dim): -5.76036, -3.71443, -2.87394, -2.25988, -1.92035, -1.70330, -1.52725, -1.50296, -1.44644, -1.41651, -1.41391, -1.40986, -1.40994, -1.40504, -1.39548, -1.39617 (-1.38596)	Reconstruction error (/dim): 0.03032, 0.02320, 0.02026, 0.01811, 0.01692, 0.01615, 0.01552, 0.01543, 0.01522, 0.01510, 0.01508, 0.01506, 0.01506, 0.01503, 0.01498, 0.01498 (0.01495)	KLD: 19.676, 16.322, 14.165, 13.093, 11.899, 10.679, 9.595, 6.635, 8.640, 7.945, 4.524, 5.112, 3.011, 6.480, 8.061, 4.764 (146.696)	Grad: 271694.0
[Epoch  25 (245.60s)]	ELBO (bits/dim): -5.75763, -3.71529, -2.86889, -2.25180, -1.88106, -1.66452, -1.50467, -1.46550, -1.40104, -1.34838, -1.34404, -1.33636, -1.33610, -1.33122, -1.32068, -1.32116 (-1.29042)	Reconstruction error (/dim): 0.03031, 0.02320, 0.02025, 0.01809, 0.01678, 0.01601, 0.01544, 0.01530, 0.01506, 0.01486, 0.01484, 0.01481, 0.01480, 0.01477, 0.01472, 0.01471 (0.01462)	KLD: 19.593, 16.275, 14.113, 13.062, 12.195, 10.683, 9.547, 6.749, 8.731, 8.348, 4.479, 5.287, 3.396, 6.580, 8.386, 4.806 (147.651)	Grad: 298779.5
[Epoch  26 (245.61s)]	ELBO (bits/dim): -5.76159, -3.71708, -2.86452, -2.24579, -1.84266, -1.62677, -1.48544, -1.41786, -1.33036, -1.26924, -1.26398, -1.25764, -1.25675, -1.25251, -1.24227, -1.24298 (-1.28075)	Reconstruction error (/dim): 0.03032, 0.02321, 0.02023, 0.01806, 0.01665, 0.01588, 0.01538, 0.01513, 0.01481, 0.01459, 0.01456, 0.01453, 0.01452, 0.01450, 0.01445, 0.01444 (0.01458)	KLD: 19.500, 16.236, 14.076, 13.074, 12.476, 10.694, 9.485, 7.277, 8.979, 8.356, 4.471, 5.195, 3.636, 6.481, 8.557, 4.775 (146.303)	Grad: 266732.1
[Epoch  27 (246.62s)]	ELBO (bits/dim): -5.74753, -3.70597, -2.84757, -2.23042, -1.80272, -1.58330, -1.44892, -1.38336, -1.26915, -1.20896, -1.20397, -1.19927, -1.19820, -1.19374, -1.18357, -1.18408 (-1.18053)	Reconstruction error (/dim): 0.03027, 0.02317, 0.02017, 0.01801, 0.01651, 0.01573, 0.01525, 0.01501, 0.01460, 0.01438, 0.01435, 0.01433, 0.01432, 0.01429, 0.01424, 0.01424 (0.01423)	KLD: 19.411, 16.159, 14.038, 13.057, 12.549, 10.727, 9.622, 7.180, 9.323, 8.378, 4.474, 5.227, 3.659, 6.519, 8.672, 4.691 (153.305)	Grad: 266862.5
[Epoch  28 (244.20s)]	ELBO (bits/dim): -5.75044, -3.70650, -2.84305, -2.22460, -1.79008, -1.56848, -1.41183, -1.35697, -1.22648, -1.17074, -1.16660, -1.16164, -1.15983, -1.15595, -1.14645, -1.14677 (-1.17093)	Reconstruction error (/dim): 0.03028, 0.02317, 0.02016, 0.01799, 0.01647, 0.01568, 0.01512, 0.01492, 0.01445, 0.01425, 0.01422, 0.01420, 0.01419, 0.01416, 0.01412, 0.01411 (0.01418)	KLD: 19.375, 16.100, 13.983, 13.025, 12.511, 10.773, 9.695, 7.008, 9.540, 8.334, 4.337, 5.248, 3.666, 6.415, 8.647, 4.659 (160.803)	Grad: 277115.9
[Epoch  29 (245.15s)]	ELBO (bits/dim): -5.74025, -3.70157, -2.83338, -2.21594, -1.78235, -1.56270, -1.38849, -1.33014, -1.19335, -1.15113, -1.14676, -1.13998, -1.13820, -1.13427, -1.12532, -1.12608 (-1.15337)	Reconstruction error (/dim): 0.03025, 0.02315, 0.02012, 0.01796, 0.01644, 0.01566, 0.01504, 0.01483, 0.01434, 0.01418, 0.01416, 0.01412, 0.01411, 0.01409, 0.01404, 0.01404 (0.01412)	KLD: 19.305, 16.101, 13.991, 13.030, 12.572, 10.736, 9.866, 7.078, 9.640, 8.152, 4.284, 5.594, 3.615, 6.323, 8.515, 4.498 (158.469)	Grad: 260126.1
[Epoch  30 (244.85s)]	ELBO (bits/dim): -5.73695, -3.70130, -2.82921, -2.21191, -1.77206, -1.55112, -1.37140, -1.30650, -1.16659, -1.13360, -1.13060, -1.11407, -1.11169, -1.10825, -1.09901, -1.09923 (-1.13329)	Reconstruction error (/dim): 0.03024, 0.02315, 0.02011, 0.01795, 0.01640, 0.01562, 0.01498, 0.01474, 0.01424, 0.01412, 0.01410, 0.01403, 0.01402, 0.01400, 0.01395, 0.01394 (0.01407)	KLD: 19.244, 16.115, 14.066, 13.007, 12.659, 10.803, 10.012, 7.196, 9.713, 8.041, 4.161, 6.029, 3.503, 6.214, 8.533, 4.549 (147.764)	Grad: 269818.8
[Epoch  31 (245.15s)]	ELBO (bits/dim): -5.73128, -3.69620, -2.81918, -2.20250, -1.75954, -1.53597, -1.35174, -1.28141, -1.13840, -1.10459, -1.10104, -1.07180, -1.06897, -1.06426, -1.05482, -1.05488 (-1.08494)	Reconstruction error (/dim): 0.03022, 0.02314, 0.02007, 0.01792, 0.01636, 0.01557, 0.01491, 0.01466, 0.01415, 0.01402, 0.01400, 0.01389, 0.01387, 0.01384, 0.01380, 0.01379 (0.01390)	KLD: 19.200, 16.031, 14.064, 12.948, 12.637, 10.794, 10.002, 7.164, 9.736, 8.039, 3.995, 6.320, 3.485, 6.187, 8.496, 4.238 (148.605)	Grad: 253841.6
[Epoch  32 (246.76s)]	ELBO (bits/dim): -5.72698, -3.69235, -2.81082, -2.19292, -1.74713, -1.52158, -1.33572, -1.26530, -1.12157, -1.07482, -1.06903, -1.04497, -1.04185, -1.03534, -1.02582, -1.02571 (-1.04176)	Reconstruction error (/dim): 0.03020, 0.02312, 0.02005, 0.01788, 0.01632, 0.01552, 0.01486, 0.01460, 0.01409, 0.01391, 0.01389, 0.01379, 0.01378, 0.01374, 0.01370, 0.01369 (0.01374)	KLD: 19.167, 16.011, 14.024, 12.941, 12.685, 10.888, 10.016, 7.112, 9.794, 8.130, 3.989, 6.125, 3.345, 6.327, 8.366, 4.151 (155.328)	Grad: 266350.1
[Epoch  33 (246.37s)]	ELBO (bits/dim): -5.73085, -3.69966, -2.81053, -2.19310, -1.73751, -1.49029, -1.30851, -1.24395, -1.10121, -1.04355, -1.03405, -1.01817, -1.01361, -1.00570, -0.99557, -0.99543 (-1.01669)	Reconstruction error (/dim): 0.03021, 0.02315, 0.02004, 0.01788, 0.01628, 0.01541, 0.01476, 0.01453, 0.01402, 0.01380, 0.01376, 0.01370, 0.01368, 0.01364, 0.01359, 0.01358 (0.01367)	KLD: 19.132, 15.985, 14.003, 12.982, 12.829, 11.252, 10.015, 7.082, 9.837, 8.307, 4.398, 5.823, 3.347, 6.394, 8.333, 4.150 (148.633)	Grad: 273768.6
[Epoch  34 (242.54s)]	ELBO (bits/dim): -5.73513, -3.71042, -2.82960, -2.21808, -1.73229, -1.45751, -1.29683, -1.23587, -1.10161, -1.05290, -1.04255, -1.03093, -1643844864.00000, -1643844864.00000, -1643844864.00000, -1643844864.00000 (-1.03948)	Reconstruction error (/dim): 0.03023, 0.02319, 0.02011, 0.01797, 0.01627, 0.01529, 0.01472, 0.01450, 0.01401, 0.01383, 0.01379, 0.01374, 0.01373, 0.01369, 0.01364, 0.01363 (0.01374)	KLD: 19.122, 15.991, 14.062, 12.972, 13.092, 11.499, 9.954, 8.391, 9.812, 8.311, 4.762, 5.702, 3500317868032.000, 6.397, 8.202, 4.065 (152.595)	Grad: 305855.0
[Epoch  35 (245.39s)]	ELBO (bits/dim): -5.71854, -3.69280, -2.79533, -2.17962, -1.66458, -1.37752, -1.20734, -1.14256, -1.01429, -0.98485, -0.97720, -0.97180, -0.97012, -0.96561, -0.95631, -0.95544 (-0.98877)	Reconstruction error (/dim): 0.03017, 0.02313, 0.01999, 0.01784, 0.01603, 0.01502, 0.01441, 0.01417, 0.01371, 0.01360, 0.01356, 0.01354, 0.01352, 0.01350, 0.01345, 0.01344 (0.01357)	KLD: 19.112, 15.997, 14.255, 13.027, 13.220, 11.605, 9.981, 7.457, 9.765, 8.009, 4.422, 5.468, 3.825, 6.137, 8.279, 3.874 (149.872)	Grad: 270448.3
[Epoch  36 (243.28s)]	ELBO (bits/dim): -5.72290, -3.69652, -2.74305, -2.12920, -1.60814, -1.32656, -1.15824, -1.09871, -0.98417, -0.96066, -0.95445, -0.94995, -0.94795, -0.94359, -0.93335, -0.93229 (-0.96390)	Reconstruction error (/dim): 0.03019, 0.02314, 0.01981, 0.01766, 0.01583, 0.01484, 0.01424, 0.01402, 0.01361, 0.01351, 0.01349, 0.01346, 0.01345, 0.01342, 0.01337, 0.01336 (0.01348)	KLD: 19.098, 15.968, 14.961, 13.054, 13.287, 11.568, 10.034, 6.923, 9.644, 7.955, 4.205, 5.373, 3.701, 6.056, 8.161, 3.783 (151.736)	Grad: 290538.5
[Epoch  37 (246.28s)]	ELBO (bits/dim): -5.71314, -3.68863, -2.69335, -2.08247, -1.56143, -1.27704, -1.10883, -1.04747, -0.95270, -0.92210, -0.91649, -0.91175, -0.90906, -0.90397, -0.89417, -0.89363 (-0.91721)	Reconstruction error (/dim): 0.03015, 0.02311, 0.01964, 0.01750, 0.01567, 0.01467, 0.01407, 0.01384, 0.01350, 0.01338, 0.01335, 0.01333, 0.01331, 0.01329, 0.01324, 0.01323 (0.01332)	KLD: 19.043, 15.950, 15.265, 13.080, 13.349, 11.559, 9.967, 6.842, 9.540, 8.108, 4.085, 5.355, 3.476, 5.946, 8.036, 3.712 (150.343)	Grad: 269178.0
[Epoch  38 (244.64s)]	ELBO (bits/dim): -5.72120, -3.70631, -2.70000, -2.08796, -1.57089, -1.29146, -1.12633, -1.06176, -0.97288, -0.92902, -1.16649, -1.16118, -1.15616, -1.14880, -1.13761, -1.13643 (-0.89735)	Reconstruction error (/dim): 0.03018, 0.02317, 0.01965, 0.01751, 0.01570, 0.01471, 0.01412, 0.01389, 0.01356, 0.01340, 0.01337, 0.01334, 0.01332, 0.01328, 0.01323, 0.01322 (0.01324)	KLD: 19.056, 15.988, 18.443, 13.169, 13.311, 11.567, 9.891, 6.849, 9.450, 8.414, 522.840, 5.435, 3.357, 6.133, 8.076, 3.706 (153.539)	Grad: 316462.2
[Epoch  39 (243.64s)]	ELBO (bits/dim): -5.73604, -3.72692, -2.71320, -2.09935, -1.58469, -1.30556, -1.14433, -1.08025, -0.99207, -0.93348, -0.92502, -0.91617, -1.47042, -1.46275, -1.45035, -1.44837 (-0.90897)	Reconstruction error (/dim): 0.03023, 0.02324, 0.01970, 0.01755, 0.01575, 0.01476, 0.01419, 0.01395, 0.01363, 0.01341, 0.01338, 0.01334, 0.01332, 0.01329, 0.01323, 0.01322 (0.01327)	KLD: 19.223, 16.090, 15.452, 14.715, 13.416, 11.682, 9.949, 6.977, 9.477, 8.750, 4.576, 5.566, 1189.639, 6.259, 8.131, 3.555 (159.546)	Grad: 337685.7
[Epoch  40 (246.15s)]	ELBO (bits/dim): -5.72311, -3.70539, -2.69613, -2.07111, -1.55137, -1.27084, -1.10613, -1.04030, -0.93948, -0.87011, -0.85689, -0.84991, -0.84695, -0.84067, -0.82940, -0.82787 (-0.83599)	Reconstruction error (/dim): 0.03019, 0.02317, 0.01965, 0.01745, 0.01563, 0.01464, 0.01405, 0.01381, 0.01345, 0.01319, 0.01314, 0.01311, 0.01309, 0.01306, 0.01301, 0.01300 (0.01303)	KLD: 19.136, 15.987, 15.618, 15.272, 13.383, 11.597, 9.857, 6.844, 9.587, 8.828, 4.502, 5.535, 3.986, 6.125, 8.348, 3.563 (154.803)	Grad: 355046.1
[Epoch  41 (244.83s)]	ELBO (bits/dim): -5.70811, -3.69005, -2.66418, -1.98702, -1.46853, -1.18853, -1.02592, -0.96048, -0.84920, -0.79903, -0.77919, -0.77603, -0.77434, -0.77018, -0.76216, -0.76097 (-0.81604)	Reconstruction error (/dim): 0.03014, 0.02312, 0.01954, 0.01717, 0.01535, 0.01436, 0.01378, 0.01354, 0.01314, 0.01295, 0.01287, 0.01285, 0.01284, 0.01282, 0.01278, 0.01277 (0.01296)	KLD: 19.018, 15.892, 15.332, 14.453, 13.347, 11.575, 9.801, 6.670, 9.653, 8.718, 4.583, 5.292, 3.551, 6.095, 8.026, 3.380 (154.878)	Grad: 266218.5
[Epoch  42 (246.56s)]	ELBO (bits/dim): -5.70340, -3.68633, -2.65610, -1.96523, -1.44914, -1.16907, -1.00342, -0.93648, -0.81971, -0.77418, -0.75515, -0.75312, -0.75137, -0.74784, -0.74073, -0.73970 (-0.78702)	Reconstruction error (/dim): 0.03012, 0.02310, 0.01951, 0.01709, 0.01528, 0.01429, 0.01370, 0.01346, 0.01304, 0.01286, 0.01279, 0.01278, 0.01276, 0.01274, 0.01271, 0.01270 (0.01286)	KLD: 18.937, 15.882, 15.245, 14.537, 13.353, 11.582, 9.880, 6.587, 9.778, 8.606, 4.669, 5.055, 3.203, 5.980, 7.927, 3.315 (155.925)	Grad: 280407.0
[Epoch  43 (244.93s)]	ELBO (bits/dim): -5.70606, -3.68877, -2.65219, -1.95241, -1.43652, -1.15593, -0.98608, -0.91930, -0.80136, -0.75298, -0.73962, -0.73804, -0.73616, -0.73281, -0.72598, -0.72535 (-0.77843)	Reconstruction error (/dim): 0.03013, 0.02311, 0.01949, 0.01705, 0.01524, 0.01424, 0.01364, 0.01340, 0.01297, 0.01279, 0.01274, 0.01272, 0.01271, 0.01269, 0.01266, 0.01265 (0.01284)	KLD: 18.904, 15.873, 15.227, 14.526, 13.356, 11.594, 10.092, 6.467, 9.804, 8.517, 4.521, 4.892, 3.025, 5.815, 7.868, 3.217 (150.707)	Grad: 262121.0
[Epoch  44 (239.68s)]	ELBO (bits/dim): -5.69973, -3.68380, -2.64405, -1.94275, -1.42943, -1.14819, -0.96185, -0.89573, -0.78211, -0.73659, -0.72757, -0.72634, -0.72443, -0.72183, -0.71501, -0.71384 (-0.77368)	Reconstruction error (/dim): 0.03011, 0.02309, 0.01947, 0.01701, 0.01521, 0.01422, 0.01355, 0.01332, 0.01291, 0.01273, 0.01270, 0.01268, 0.01267, 0.01265, 0.01262, 0.01261 (0.01282)	KLD: 18.901, 15.884, 15.203, 14.543, 13.376, 11.557, 10.595, 6.388, 9.838, 8.394, 4.329, 4.647, 2.881, 5.686, 7.773, 3.085 (151.605)	Grad: 269135.3
[Epoch  45 (236.66s)]	ELBO (bits/dim): -5.69670, -3.68492, -2.63889, -1.93427, -1.42489, -1.14433, -0.93784, -0.87062, -0.76012, -0.72640, -0.71985, -0.71822, -0.71649, -0.71372, -0.70688, -0.70600 (-0.76015)	Reconstruction error (/dim): 0.03010, 0.02310, 0.01945, 0.01698, 0.01520, 0.01420, 0.01347, 0.01323, 0.01283, 0.01270, 0.01267, 0.01266, 0.01265, 0.01263, 0.01259, 0.01258 (0.01277)	KLD: 18.873, 15.857, 15.155, 14.498, 13.328, 11.581, 11.026, 6.282, 9.803, 8.258, 4.121, 4.531, 2.786, 5.574, 7.645, 3.013 (154.316)	Grad: 271209.6
[Epoch  46 (235.61s)]	ELBO (bits/dim): -5.70785, -3.70123, -2.65847, -1.95566, -1.45085, -1.17220, -0.96351, -0.90044, -0.78561, -0.75331, -0.74595, -0.74326, -0.74082, -0.73618, -0.72674, -0.72647 (-0.75700)	Reconstruction error (/dim): 0.03014, 0.02315, 0.01952, 0.01706, 0.01529, 0.01430, 0.01356, 0.01333, 0.01291, 0.01279, 0.01276, 0.01274, 0.01273, 0.01270, 0.01266, 0.01265 (0.01276)	KLD: 18.914, 15.896, 15.249, 14.460, 13.329, 11.608, 11.142, 7.840, 9.893, 8.318, 4.066, 4.545, 2.821, 5.685, 7.749, 2.923 (152.125)	Grad: 319100.2
[Epoch  47 (233.94s)]	ELBO (bits/dim): -5.69745, -3.68715, -2.63985, -1.93105, -1.42350, -1.14239, -0.92593, -0.85931, -0.73722, -0.69713, -0.69123, -0.68969, -0.68716, -0.68320, -0.67514, -0.67538 (-0.73575)	Reconstruction error (/dim): 0.03010, 0.02311, 0.01945, 0.01697, 0.01519, 0.01420, 0.01343, 0.01319, 0.01275, 0.01259, 0.01257, 0.01255, 0.01254, 0.01252, 0.01248, 0.01247 (0.01268)	KLD: 18.888, 15.854, 15.295, 14.357, 13.333, 11.606, 11.210, 7.627, 9.982, 8.554, 3.848, 4.277, 2.711, 5.595, 7.777, 2.629 (153.556)	Grad: 290549.3
[Epoch  48 (235.99s)]	ELBO (bits/dim): -5.69571, -3.68462, -2.63234, -1.92049, -1.41327, -1.13068, -0.91325, -0.84412, -0.71507, -0.66968, -0.66486, -0.66336, -0.66110, -0.65747, -0.65005, -0.64983 (-0.72653)	Reconstruction error (/dim): 0.03009, 0.02310, 0.01943, 0.01694, 0.01516, 0.01416, 0.01339, 0.01314, 0.01267, 0.01250, 0.01248, 0.01247, 0.01245, 0.01243, 0.01239, 0.01239 (0.01266)	KLD: 18.843, 15.841, 15.233, 14.380, 13.339, 11.609, 11.254, 6.613, 10.017, 8.526, 3.687, 4.131, 2.616, 5.486, 7.708, 2.606 (149.159)	Grad: 278194.1
[Epoch  49 (234.06s)]	ELBO (bits/dim): -5.68938, -3.67948, -2.62310, -1.90960, -1.40392, -1.12080, -0.90140, -0.83136, -0.69456, -0.65082, -0.64706, -0.64564, -0.64357, -0.64037, -0.63320, -0.63250 (-0.70944)	Reconstruction error (/dim): 0.03007, 0.02308, 0.01939, 0.01690, 0.01512, 0.01412, 0.01334, 0.01309, 0.01260, 0.01244, 0.01242, 0.01241, 0.01239, 0.01237, 0.01234, 0.01233 (0.01260)	KLD: 18.835, 15.835, 15.193, 14.343, 13.332, 11.631, 11.267, 6.219, 10.030, 8.432, 3.566, 3.976, 2.596, 5.359, 7.579, 2.670 (148.799)	Grad: 266996.5
[Epoch  50 (235.56s)]	ELBO (bits/dim): -5.68770, -3.67975, -2.62056, -1.90521, -1.40059, -1.11682, -0.89680, -0.82550, -0.68231, -0.64241, -0.63877, -0.64003, -98470440240519242055680.00000, -98470440240519242055680.00000, -98470440240519242055680.00000, -98470440240519242055680.00000 (-0.69261)	Reconstruction error (/dim): 0.03007, 0.02308, 0.01939, 0.01688, 0.01511, 0.01411, 0.01333, 0.01307, 0.01256, 0.01241, 0.01239, 0.01238, 0.01238, 0.01236, 0.01232, 0.01231 (0.01254)	KLD: 18.838, 15.837, 15.142, 14.308, 13.337, 11.648, 11.280, 6.092, 10.088, 8.304, 3.470, 5.483, 209677849546127338261970944.000, 5.246, 7.567, 2.614 (149.316)	Grad: 257988.3
[Epoch  51 (238.35s)]	ELBO (bits/dim): -5.69455, -3.68886, -2.63885, -1.92459, -1.42293, -1.13694, -0.91868, -0.84664, -0.70121, -0.66220, -0.65667, -0.67357, -442217824256.00000, -442217824256.00000, -442217824256.00000, -442217824256.00000 (-0.69552)	Reconstruction error (/dim): 0.03009, 0.02311, 0.01945, 0.01695, 0.01519, 0.01418, 0.01340, 0.01314, 0.01262, 0.01248, 0.01245, 0.01245, 0.01243, 0.01241, 0.01236, 0.01235 (0.01255)	KLD: 18.837, 15.884, 15.312, 14.348, 13.360, 11.722, 11.304, 6.122, 10.167, 8.231, 3.521, 38.123, 941635676405760.000, 5.290, 7.629, 2.594 (148.331)	Grad: 306346.2
