Seed: 2020
=================================================================
Layer (type:depth-idx)                   Param #
=================================================================
RNN                                      --
├─Canvas: 1-1                            --
│    └─Linear: 2-1                       784
├─Encoder: 1-2                           --
│    └─Linear: 2-2                       76,930
│    └─Linear: 2-3                       9,702
├─ModuleList: 1-3                        --
│    └─EncoderToLatents: 2-4             --
│    │    └─Linear: 3-1                  99
│    │    └─Linear: 3-2                  99
│    └─EncoderToLatents: 2-5             --
│    │    └─Linear: 3-3                  99
│    │    └─Linear: 3-4                  99
│    └─EncoderToLatents: 2-6             --
│    │    └─Linear: 3-5                  99
│    │    └─Linear: 3-6                  99
│    └─EncoderToLatents: 2-7             --
│    │    └─Linear: 3-7                  99
│    │    └─Linear: 3-8                  99
│    └─EncoderToLatents: 2-8             --
│    │    └─Linear: 3-9                  99
│    │    └─Linear: 3-10                 99
│    └─EncoderToLatents: 2-9             --
│    │    └─Linear: 3-11                 99
│    │    └─Linear: 3-12                 99
│    └─EncoderToLatents: 2-10            --
│    │    └─Linear: 3-13                 99
│    │    └─Linear: 3-14                 99
│    └─EncoderToLatents: 2-11            --
│    │    └─Linear: 3-15                 99
│    │    └─Linear: 3-16                 99
│    └─EncoderToLatents: 2-12            --
│    │    └─Linear: 3-17                 99
│    │    └─Linear: 3-18                 99
│    └─EncoderToLatents: 2-13            --
│    │    └─Linear: 3-19                 99
│    │    └─Linear: 3-20                 99
├─LatentsToLatents: 1-4                  --
│    └─Linear: 2-14                      20
│    └─Linear: 2-15                      5
│    └─Linear: 2-16                      5
├─ModuleList: 1-5                        --
│    └─LatentsToDecoder: 2-17            --
│    │    └─Linear: 3-21                 196
│    └─LatentsToDecoder: 2-18            --
│    │    └─Linear: 3-22                 196
│    └─LatentsToDecoder: 2-19            --
│    │    └─Linear: 3-23                 196
│    └─LatentsToDecoder: 2-20            --
│    │    └─Linear: 3-24                 196
│    └─LatentsToDecoder: 2-21            --
│    │    └─Linear: 3-25                 196
│    └─LatentsToDecoder: 2-22            --
│    │    └─Linear: 3-26                 196
│    └─LatentsToDecoder: 2-23            --
│    │    └─Linear: 3-27                 196
│    └─LatentsToDecoder: 2-24            --
│    │    └─Linear: 3-28                 196
│    └─LatentsToDecoder: 2-25            --
│    │    └─Linear: 3-29                 196
│    └─LatentsToDecoder: 2-26            --
│    │    └─Linear: 3-30                 196
├─Decoder: 1-6                           --
│    └─Linear: 2-27                      9,702
│    └─Linear: 2-28                      77,616
=================================================================
Total params: 178,704
Trainable params: 178,704
Non-trainable params: 0
=================================================================
[Epoch   1 (78.54s)]	ELBO (bits/dim): 2.07132, 2.24660, 2.31507, 2.36782, 2.38242, 2.38874, 2.38949, 2.38606, 2.37903, 2.36621 (2.54395)	Reconstruction error (/dim): 0.08182, 0.07993, 0.08075, 0.08076, 0.07996, 0.07981, 0.07975, 0.07996, 0.08002, 0.08093 (0.06935)	KLD: 0.624, 1.406, 0.479, 1.065, 0.633, 0.721, 0.421, 0.381, 0.524, 0.336 (11.103)	Grad: 883.8
[Epoch   2 (77.12s)]	ELBO (bits/dim): 2.46227, 2.56450, 2.57604, 2.58183, 2.58572, 2.59442, 2.59483, 2.59442, 2.59309, 2.59184 (2.67280)	Reconstruction error (/dim): 0.07808, 0.07183, 0.07139, 0.07066, 0.07057, 0.07028, 0.07042, 0.07031, 0.07046, 0.07060 (0.06555)	KLD: 2.009, 2.882, 0.992, 0.995, 0.888, 1.565, 0.633, 0.364, 0.510, 0.302 (13.071)	Grad: 868.4
[Epoch   3 (74.76s)]	ELBO (bits/dim): 2.53892, 2.65386, 2.72295, 2.75222, 2.77017, 2.78729, 2.79074, 2.79169, 2.79124, 2.79033 (2.91934)	Reconstruction error (/dim): 0.07662, 0.06827, 0.06436, 0.06086, 0.05923, 0.05750, 0.05716, 0.05703, 0.05705, 0.05728 (0.04789)	KLD: 3.439, 3.098, 2.534, 1.844, 1.450, 1.741, 1.048, 0.584, 0.554, 0.149 (18.825)	Grad: 2741.5
[Epoch   4 (65.04s)]	ELBO (bits/dim): 2.55016, 2.68807, 2.79404, 2.86124, 2.90986, 2.94629, 2.95472, 2.95868, 2.95969, 2.95922 (3.01636)	Reconstruction error (/dim): 0.07568, 0.06737, 0.06071, 0.05440, 0.05011, 0.04657, 0.04569, 0.04529, 0.04519, 0.04531 (0.04079)	KLD: 3.591, 3.357, 3.172, 2.397, 2.117, 1.892, 1.242, 1.004, 0.593, 0.159 (20.487)	Grad: 3727.1
[Epoch   5 (64.95s)]	ELBO (bits/dim): 2.56371, 2.69829, 2.82168, 2.90336, 2.95773, 2.99663, 3.01861, 3.03031, 3.03155, 3.03110 (3.06524)	Reconstruction error (/dim): 0.07392, 0.06679, 0.05874, 0.05171, 0.04694, 0.04314, 0.04102, 0.03993, 0.03982, 0.03991 (0.03681)	KLD: 3.535, 3.310, 3.264, 2.534, 2.190, 1.948, 1.789, 1.443, 0.671, 0.114 (20.758)	Grad: 4094.8
[Epoch   6 (67.39s)]	ELBO (bits/dim): 2.57508, 2.70583, 2.83799, 2.92488, 2.98341, 3.02383, 3.04944, 3.06439, 3.06963, 3.06934 (3.09493)	Reconstruction error (/dim): 0.07272, 0.06625, 0.05737, 0.05041, 0.04518, 0.04131, 0.03901, 0.03760, 0.03704, 0.03709 (0.03486)	KLD: 3.460, 3.275, 3.196, 2.580, 2.277, 1.988, 1.831, 1.550, 1.054, 0.142 (21.906)	Grad: 4073.6
[Epoch   7 (67.74s)]	ELBO (bits/dim): 2.58273, 2.71232, 2.84973, 2.93991, 3.00121, 3.04278, 3.06932, 3.08572, 3.09333, 3.09332 (3.11339)	Reconstruction error (/dim): 0.07218, 0.06558, 0.05642, 0.04936, 0.04384, 0.04001, 0.03772, 0.03615, 0.03538, 0.03543 (0.03369)	KLD: 3.447, 3.251, 3.149, 2.594, 2.313, 2.024, 1.850, 1.575, 1.282, 0.243 (22.781)	Grad: 4141.1
[Epoch   8 (66.16s)]	ELBO (bits/dim): 2.58826, 2.71744, 2.85779, 2.94994, 3.01231, 3.05505, 3.08230, 3.10001, 3.10911, 3.10926 (3.12743)	Reconstruction error (/dim): 0.07175, 0.06498, 0.05579, 0.04865, 0.04306, 0.03918, 0.03689, 0.03518, 0.03427, 0.03427 (0.03258)	KLD: 3.447, 3.264, 3.130, 2.607, 2.332, 2.057, 1.857, 1.580, 1.349, 0.401 (22.639)	Grad: 4684.0
[Epoch   9 (65.46s)]	ELBO (bits/dim): 2.59224, 2.72222, 2.86456, 2.95803, 3.02041, 3.06459, 3.09203, 3.11091, 3.12104, 3.12220 (3.13917)	Reconstruction error (/dim): 0.07140, 0.06441, 0.05529, 0.04806, 0.04252, 0.03858, 0.03631, 0.03449, 0.03347, 0.03334 (0.03191)	KLD: 3.429, 3.267, 3.110, 2.611, 2.326, 2.084, 1.867, 1.603, 1.394, 0.586 (22.119)	Grad: 4241.9
[Epoch  10 (73.77s)]	ELBO (bits/dim): 2.59492, 2.72667, 2.87029, 2.96500, 3.02713, 3.07237, 3.10020, 3.12010, 3.13100, 3.13385 (3.15053)	Reconstruction error (/dim): 0.07108, 0.06386, 0.05481, 0.04752, 0.04207, 0.03809, 0.03578, 0.03388, 0.03279, 0.03246 (0.03091)	KLD: 3.433, 3.286, 3.110, 2.610, 2.321, 2.107, 1.856, 1.629, 1.419, 0.819 (22.880)	Grad: 4489.0
[Epoch  11 (75.86s)]	ELBO (bits/dim): 2.59679, 2.73046, 2.87560, 2.97096, 3.03274, 3.07897, 3.10717, 3.12759, 3.13928, 3.14407 (3.15874)	Reconstruction error (/dim): 0.07087, 0.06345, 0.05438, 0.04708, 0.04171, 0.03768, 0.03535, 0.03338, 0.03224, 0.03171 (0.03016)	KLD: 3.425, 3.306, 3.112, 2.614, 2.320, 2.124, 1.855, 1.641, 1.441, 1.010 (22.839)	Grad: 4087.2
[Epoch  12 (77.45s)]	ELBO (bits/dim): 2.59840, 2.73388, 2.87987, 2.97576, 3.03750, 3.08443, 3.11288, 3.13363, 3.14584, 3.15192 (3.16679)	Reconstruction error (/dim): 0.07064, 0.06305, 0.05400, 0.04670, 0.04138, 0.03732, 0.03493, 0.03298, 0.03178, 0.03114 (0.02990)	KLD: 3.416, 3.318, 3.109, 2.624, 2.319, 2.132, 1.853, 1.654, 1.460, 1.115 (23.073)	Grad: 5095.0
[Epoch  13 (77.62s)]	ELBO (bits/dim): 2.59998, 2.73737, 2.88456, 2.98097, 3.04228, 3.08998, 3.11872, 3.13940, 3.15215, 3.15890 (3.17430)	Reconstruction error (/dim): 0.07049, 0.06279, 0.05363, 0.04629, 0.04105, 0.03696, 0.03454, 0.03258, 0.03136, 0.03065 (0.02924)	KLD: 3.421, 3.329, 3.113, 2.628, 2.311, 2.139, 1.859, 1.665, 1.473, 1.156 (23.131)	Grad: 4339.2
[Epoch  14 (77.27s)]	ELBO (bits/dim): 2.60185, 2.74057, 2.88853, 2.98510, 3.04623, 3.09435, 3.12342, 3.14429, 3.15749, 3.16448 (3.17656)	Reconstruction error (/dim): 0.07027, 0.06252, 0.05330, 0.04598, 0.04078, 0.03667, 0.03422, 0.03226, 0.03098, 0.03028 (0.02918)	KLD: 3.419, 3.337, 3.119, 2.629, 2.312, 2.141, 1.858, 1.663, 1.481, 1.174 (23.141)	Grad: 4512.8
[Epoch  15 (78.21s)]	ELBO (bits/dim): 2.60314, 2.74331, 2.89206, 2.98855, 3.04957, 3.09819, 3.12743, 3.14824, 3.16172, 3.16888 (3.18308)	Reconstruction error (/dim): 0.07012, 0.06232, 0.05300, 0.04568, 0.04053, 0.03640, 0.03394, 0.03197, 0.03070, 0.02996 (0.02869)	KLD: 3.423, 3.348, 3.126, 2.631, 2.308, 2.161, 1.867, 1.670, 1.493, 1.192 (23.038)	Grad: 4825.1
[Epoch  16 (78.77s)]	ELBO (bits/dim): 2.60482, 2.74599, 2.89539, 2.99204, 3.05268, 3.10187, 3.13130, 3.15194, 3.16565, 3.17312 (3.18358)	Reconstruction error (/dim): 0.06998, 0.06212, 0.05277, 0.04543, 0.04032, 0.03616, 0.03369, 0.03173, 0.03045, 0.02968 (0.02851)	KLD: 3.426, 3.362, 3.123, 2.638, 2.311, 2.151, 1.874, 1.670, 1.503, 1.204 (23.470)	Grad: 4507.8
[Epoch  17 (78.63s)]	ELBO (bits/dim): 2.60602, 2.74864, 2.89832, 2.99507, 3.05537, 3.10481, 3.13448, 3.15504, 3.16894, 3.17625 (3.18809)	Reconstruction error (/dim): 0.06995, 0.06195, 0.05251, 0.04518, 0.04013, 0.03595, 0.03347, 0.03152, 0.03023, 0.02948 (0.02839)	KLD: 3.428, 3.371, 3.120, 2.639, 2.308, 2.156, 1.873, 1.664, 1.503, 1.217 (23.269)	Grad: 4662.4
[Epoch  18 (80.51s)]	ELBO (bits/dim): 2.60712, 2.75112, 2.90084, 2.99765, 3.05752, 3.10738, 3.13714, 3.15769, 3.17176, 3.17925 (3.19035)	Reconstruction error (/dim): 0.06985, 0.06178, 0.05231, 0.04499, 0.03998, 0.03578, 0.03330, 0.03133, 0.03004, 0.02926 (0.02820)	KLD: 3.431, 3.381, 3.121, 2.640, 2.310, 2.163, 1.881, 1.675, 1.518, 1.229 (23.586)	Grad: 4790.8
[Epoch  19 (72.48s)]	ELBO (bits/dim): 2.60880, 2.75337, 2.90352, 2.99989, 3.05974, 3.10994, 3.13974, 3.16022, 3.17457, 3.18196 (3.19220)	Reconstruction error (/dim): 0.06974, 0.06163, 0.05210, 0.04482, 0.03983, 0.03560, 0.03313, 0.03117, 0.02981, 0.02907 (0.02804)	KLD: 3.433, 3.389, 3.123, 2.645, 2.306, 2.165, 1.888, 1.674, 1.515, 1.235 (23.511)	Grad: 5009.0
[Epoch  20 (67.13s)]	ELBO (bits/dim): 2.60964, 2.75547, 2.90537, 3.00181, 3.06138, 3.11172, 3.14178, 3.16237, 3.17676, 3.18410 (3.19455)	Reconstruction error (/dim): 0.06966, 0.06148, 0.05197, 0.04468, 0.03973, 0.03551, 0.03301, 0.03102, 0.02970, 0.02895 (0.02804)	KLD: 3.439, 3.397, 3.116, 2.646, 2.304, 2.164, 1.892, 1.672, 1.523, 1.226 (23.428)	Grad: 5392.4
[Epoch  21 (71.65s)]	ELBO (bits/dim): 2.61067, 2.75731, 2.90765, 3.00405, 3.06336, 3.11392, 3.14417, 3.16460, 3.17902, 3.18651 (3.19759)	Reconstruction error (/dim): 0.06964, 0.06135, 0.05178, 0.04449, 0.03957, 0.03533, 0.03282, 0.03086, 0.02954, 0.02878 (0.02781)	KLD: 3.437, 3.406, 3.122, 2.643, 2.297, 2.164, 1.887, 1.671, 1.522, 1.234 (23.526)	Grad: 4716.1
[Epoch  22 (69.58s)]	ELBO (bits/dim): 2.61194, 2.75963, 2.90971, 3.00581, 3.06506, 3.11555, 3.14597, 3.16650, 3.18111, 3.18846 (3.19953)	Reconstruction error (/dim): 0.06953, 0.06118, 0.05160, 0.04437, 0.03946, 0.03524, 0.03271, 0.03072, 0.02939, 0.02865 (0.02759)	KLD: 3.449, 3.412, 3.120, 2.647, 2.303, 2.167, 1.892, 1.671, 1.532, 1.232 (23.731)	Grad: 5370.6
[Epoch  23 (70.48s)]	ELBO (bits/dim): 2.61291, 2.76123, 2.91123, 3.00737, 3.06635, 3.11711, 3.14766, 3.16802, 3.18291, 3.19033 (3.20142)	Reconstruction error (/dim): 0.06949, 0.06105, 0.05149, 0.04424, 0.03937, 0.03514, 0.03261, 0.03064, 0.02926, 0.02851 (0.02750)	KLD: 3.454, 3.422, 3.122, 2.650, 2.299, 2.171, 1.895, 1.679, 1.536, 1.239 (23.600)	Grad: 4651.7
[Epoch  24 (68.05s)]	ELBO (bits/dim): 2.61385, 2.76288, 2.91305, 3.00876, 3.06768, 3.11860, 3.14902, 3.16949, 3.18439, 3.19187 (3.20297)	Reconstruction error (/dim): 0.06943, 0.06093, 0.05134, 0.04414, 0.03928, 0.03504, 0.03249, 0.03053, 0.02916, 0.02840 (0.02739)	KLD: 3.453, 3.433, 3.120, 2.651, 2.296, 2.172, 1.903, 1.677, 1.535, 1.239 (23.488)	Grad: 5200.5
[Epoch  25 (67.26s)]	ELBO (bits/dim): 2.61477, 2.76487, 2.91458, 3.01011, 3.06880, 3.11988, 3.15051, 3.17084, 3.18576, 3.19321 (3.20229)	Reconstruction error (/dim): 0.06941, 0.06077, 0.05122, 0.04405, 0.03921, 0.03495, 0.03239, 0.03044, 0.02908, 0.02832 (0.02742)	KLD: 3.463, 3.441, 3.120, 2.653, 2.295, 2.170, 1.905, 1.680, 1.535, 1.247 (23.150)	Grad: 5621.6
[Epoch  26 (65.80s)]	ELBO (bits/dim): 2.61571, 2.76644, 2.91590, 3.01115, 3.06967, 3.12087, 3.15168, 3.17208, 3.18709, 3.19441 (3.20306)	Reconstruction error (/dim): 0.06931, 0.06066, 0.05112, 0.04398, 0.03915, 0.03489, 0.03231, 0.03035, 0.02898, 0.02824 (0.02741)	KLD: 3.470, 3.439, 3.119, 2.654, 2.298, 2.175, 1.901, 1.679, 1.543, 1.244 (23.484)	Grad: 5738.2
[Epoch  27 (66.61s)]	ELBO (bits/dim): 2.61659, 2.76796, 2.91718, 3.01257, 3.07105, 3.12225, 3.15304, 3.17361, 3.18863, 3.19601 (3.20499)	Reconstruction error (/dim): 0.06927, 0.06052, 0.05101, 0.04386, 0.03905, 0.03478, 0.03221, 0.03024, 0.02887, 0.02813 (0.02711)	KLD: 3.478, 3.443, 3.118, 2.649, 2.289, 2.179, 1.900, 1.676, 1.537, 1.248 (23.375)	Grad: 5561.5
[Epoch  28 (67.38s)]	ELBO (bits/dim): 2.61735, 2.76943, 2.91872, 3.01380, 3.07214, 3.12345, 3.15426, 3.17472, 3.18983, 3.19738 (3.20565)	Reconstruction error (/dim): 0.06921, 0.06039, 0.05091, 0.04379, 0.03898, 0.03471, 0.03213, 0.03018, 0.02879, 0.02803 (0.02725)	KLD: 3.484, 3.453, 3.117, 2.654, 2.291, 2.174, 1.905, 1.685, 1.544, 1.254 (23.691)	Grad: 5311.4
[Epoch  29 (67.84s)]	ELBO (bits/dim): 2.61853, 2.77142, 2.92025, 3.01504, 3.07360, 3.12481, 3.15562, 3.17610, 3.19134, 3.19867 (3.20774)	Reconstruction error (/dim): 0.06916, 0.06020, 0.05076, 0.04369, 0.03884, 0.03459, 0.03202, 0.03005, 0.02868, 0.02794 (0.02699)	KLD: 3.495, 3.460, 3.119, 2.655, 2.293, 2.173, 1.898, 1.678, 1.549, 1.245 (23.293)	Grad: 4954.0
[Epoch  30 (66.52s)]	ELBO (bits/dim): 2.61930, 2.77276, 2.92138, 3.01607, 3.07430, 3.12576, 3.15663, 3.17701, 3.19231, 3.19963 (3.20899)	Reconstruction error (/dim): 0.06911, 0.06010, 0.05066, 0.04360, 0.03881, 0.03454, 0.03195, 0.03000, 0.02860, 0.02788 (0.02734)	KLD: 3.493, 3.471, 3.122, 2.661, 2.286, 2.180, 1.904, 1.680, 1.549, 1.246 (23.615)	Grad: 5540.6
[Epoch  31 (66.33s)]	ELBO (bits/dim): 2.61997, 2.77415, 2.92232, 3.01681, 3.07508, 3.12646, 3.15743, 3.17794, 3.19326, 3.20066 (3.20862)	Reconstruction error (/dim): 0.06908, 0.05999, 0.05060, 0.04357, 0.03877, 0.03449, 0.03190, 0.02995, 0.02855, 0.02781 (0.02706)	KLD: 3.503, 3.476, 3.120, 2.657, 2.285, 2.179, 1.907, 1.682, 1.546, 1.257 (23.790)	Grad: 5885.4
[Epoch  32 (68.22s)]	ELBO (bits/dim): 2.62106, 2.77594, 2.92405, 3.01817, 3.07646, 3.12767, 3.15859, 3.17910, 3.19440, 3.20175 (3.20939)	Reconstruction error (/dim): 0.06902, 0.05982, 0.05044, 0.04344, 0.03865, 0.03441, 0.03180, 0.02985, 0.02846, 0.02773 (0.02678)	KLD: 3.509, 3.483, 3.130, 2.660, 2.289, 2.176, 1.902, 1.681, 1.554, 1.259 (23.862)	Grad: 5166.6
[Epoch  33 (66.81s)]	ELBO (bits/dim): 2.62180, 2.77706, 2.92478, 3.01877, 3.07701, 3.12843, 3.15940, 3.17967, 3.19506, 3.20254 (3.20983)	Reconstruction error (/dim): 0.06898, 0.05975, 0.05041, 0.04340, 0.03863, 0.03435, 0.03175, 0.02983, 0.02842, 0.02769 (0.02670)	KLD: 3.513, 3.487, 3.127, 2.662, 2.287, 2.179, 1.903, 1.686, 1.558, 1.259 (23.839)	Grad: 5374.8
[Epoch  34 (67.75s)]	ELBO (bits/dim): 2.62265, 2.77883, 2.92627, 3.01998, 3.07815, 3.12958, 3.16052, 3.18094, 3.19630, 3.20376 (3.21172)	Reconstruction error (/dim): 0.06893, 0.05960, 0.05027, 0.04333, 0.03854, 0.03427, 0.03166, 0.02972, 0.02833, 0.02758 (0.02688)	KLD: 3.524, 3.494, 3.125, 2.665, 2.285, 2.179, 1.907, 1.682, 1.557, 1.267 (23.312)	Grad: 6239.1
[Epoch  35 (66.32s)]	ELBO (bits/dim): 2.62322, 2.77992, 2.92718, 3.02071, 3.07903, 3.13035, 3.16134, 3.18162, 3.19710, 3.20456 (3.21166)	Reconstruction error (/dim): 0.06892, 0.05953, 0.05020, 0.04327, 0.03848, 0.03421, 0.03161, 0.02968, 0.02828, 0.02754 (0.02684)	KLD: 3.528, 3.503, 3.129, 2.664, 2.286, 2.175, 1.901, 1.678, 1.553, 1.259 (23.779)	Grad: 5713.7
[Epoch  36 (66.19s)]	ELBO (bits/dim): 2.62413, 2.78129, 2.92804, 3.02144, 3.07963, 3.13106, 3.16208, 3.18228, 3.19776, 3.20523 (3.21434)	Reconstruction error (/dim): 0.06882, 0.05943, 0.05012, 0.04321, 0.03843, 0.03416, 0.03154, 0.02963, 0.02821, 0.02749 (0.02673)	KLD: 3.537, 3.510, 3.135, 2.667, 2.281, 2.179, 1.907, 1.678, 1.570, 1.264 (23.565)	Grad: 4973.6
[Epoch  37 (66.09s)]	ELBO (bits/dim): 2.62458, 2.78249, 2.92896, 3.02214, 3.08057, 3.13202, 3.16305, 3.18328, 3.19868, 3.20619 (3.21352)	Reconstruction error (/dim): 0.06884, 0.05933, 0.05006, 0.04318, 0.03836, 0.03410, 0.03147, 0.02957, 0.02816, 0.02743 (0.02653)	KLD: 3.542, 3.516, 3.131, 2.667, 2.280, 2.175, 1.904, 1.676, 1.558, 1.257 (23.827)	Grad: 5873.2
[Epoch  38 (66.67s)]	ELBO (bits/dim): 2.62583, 2.78424, 2.93046, 3.02317, 3.08147, 3.13278, 3.16388, 3.18415, 3.19952, 3.20710 (3.21580)	Reconstruction error (/dim): 0.06876, 0.05920, 0.04994, 0.04309, 0.03830, 0.03405, 0.03142, 0.02951, 0.02810, 0.02737 (0.02650)	KLD: 3.547, 3.522, 3.136, 2.671, 2.283, 2.179, 1.907, 1.669, 1.567, 1.263 (23.697)	Grad: 6058.8
[Epoch  39 (67.23s)]	ELBO (bits/dim): 2.62630, 2.78541, 2.93134, 3.02390, 3.08238, 3.13359, 3.16470, 3.18477, 3.20025, 3.20774 (3.21482)	Reconstruction error (/dim): 0.06871, 0.05911, 0.04986, 0.04305, 0.03823, 0.03397, 0.03136, 0.02946, 0.02805, 0.02732 (0.02652)	KLD: 3.554, 3.529, 3.136, 2.669, 2.283, 2.180, 1.907, 1.681, 1.561, 1.266 (23.969)	Grad: 5822.4
[Epoch  40 (68.07s)]	ELBO (bits/dim): 2.62724, 2.78688, 2.93254, 3.02492, 3.08328, 3.13462, 3.16567, 3.18552, 3.20109, 3.20867 (3.21610)	Reconstruction error (/dim): 0.06863, 0.05898, 0.04976, 0.04296, 0.03817, 0.03390, 0.03130, 0.02941, 0.02798, 0.02726 (0.02638)	KLD: 3.563, 3.536, 3.137, 2.672, 2.281, 2.172, 1.903, 1.678, 1.566, 1.274 (23.723)	Grad: 5476.5
[Epoch  41 (68.87s)]	ELBO (bits/dim): 2.62768, 2.78788, 2.93306, 3.02505, 3.08362, 3.13487, 3.16597, 3.18579, 3.20128, 3.20883 (3.21742)	Reconstruction error (/dim): 0.06861, 0.05893, 0.04975, 0.04295, 0.03814, 0.03389, 0.03126, 0.02940, 0.02798, 0.02725 (0.02643)	KLD: 3.561, 3.547, 3.141, 2.675, 2.281, 2.174, 1.898, 1.676, 1.566, 1.279 (23.692)	Grad: 6072.5
[Epoch  42 (68.17s)]	ELBO (bits/dim): 2.62842, 2.78892, 2.93382, 3.02570, 3.08415, 3.13561, 3.16645, 3.18628, 3.20190, 3.20951 (3.21701)	Reconstruction error (/dim): 0.06858, 0.05884, 0.04967, 0.04290, 0.03811, 0.03383, 0.03122, 0.02937, 0.02794, 0.02722 (0.02644)	KLD: 3.568, 3.544, 3.143, 2.674, 2.280, 2.178, 1.903, 1.671, 1.568, 1.276 (23.919)	Grad: 6788.8
[Epoch  43 (67.19s)]	ELBO (bits/dim): 2.62904, 2.79039, 2.93494, 3.02648, 3.08507, 3.13652, 3.16747, 3.18718, 3.20273, 3.21052 (3.21876)	Reconstruction error (/dim): 0.06851, 0.05872, 0.04958, 0.04285, 0.03804, 0.03377, 0.03113, 0.02929, 0.02786, 0.02712 (0.02636)	KLD: 3.574, 3.553, 3.146, 2.678, 2.287, 2.178, 1.905, 1.673, 1.563, 1.281 (23.960)	Grad: 6305.6
[Epoch  44 (70.91s)]	ELBO (bits/dim): 2.62987, 2.79144, 2.93580, 3.02705, 3.08577, 3.13706, 3.16809, 3.18775, 3.20323, 3.21083 (3.21729)	Reconstruction error (/dim): 0.06850, 0.05865, 0.04949, 0.04280, 0.03798, 0.03373, 0.03109, 0.02925, 0.02785, 0.02711 (0.02648)	KLD: 3.581, 3.560, 3.141, 2.680, 2.284, 2.181, 1.898, 1.668, 1.566, 1.295 (23.502)	Grad: 5920.9
[Epoch  45 (75.97s)]	ELBO (bits/dim): 2.63067, 2.79264, 2.93697, 3.02786, 3.08650, 3.13775, 3.16888, 3.18842, 3.20400, 3.21168 (3.21942)	Reconstruction error (/dim): 0.06840, 0.05854, 0.04938, 0.04273, 0.03794, 0.03368, 0.03104, 0.02921, 0.02777, 0.02705 (0.02631)	KLD: 3.584, 3.563, 3.144, 2.673, 2.284, 2.175, 1.897, 1.674, 1.566, 1.294 (23.896)	Grad: 5957.1
[Epoch  46 (78.58s)]	ELBO (bits/dim): 2.63123, 2.79371, 2.93750, 3.02814, 3.08671, 3.13804, 3.16897, 3.18849, 3.20421, 3.21178 (3.21801)	Reconstruction error (/dim): 0.06839, 0.05848, 0.04935, 0.04272, 0.03793, 0.03365, 0.03103, 0.02920, 0.02777, 0.02705 (0.02648)	KLD: 3.590, 3.566, 3.144, 2.681, 2.285, 2.180, 1.896, 1.672, 1.565, 1.290 (24.077)	Grad: 6627.3
[Epoch  47 (76.30s)]	ELBO (bits/dim): 2.63167, 2.79455, 2.93832, 3.02870, 3.08732, 3.13873, 3.16963, 3.18896, 3.20457, 3.21223 (3.21995)	Reconstruction error (/dim): 0.06833, 0.05841, 0.04930, 0.04268, 0.03789, 0.03361, 0.03097, 0.02917, 0.02774, 0.02701 (0.02611)	KLD: 3.598, 3.573, 3.147, 2.687, 2.284, 2.178, 1.907, 1.674, 1.568, 1.293 (23.857)	Grad: 6643.3
[Epoch  48 (73.80s)]	ELBO (bits/dim): 2.63259, 2.79588, 2.93934, 3.02957, 3.08812, 3.13952, 3.17049, 3.18969, 3.20521, 3.21305 (3.22067)	Reconstruction error (/dim): 0.06826, 0.05832, 0.04922, 0.04263, 0.03782, 0.03355, 0.03092, 0.02911, 0.02771, 0.02697 (0.02631)	KLD: 3.603, 3.580, 3.147, 2.681, 2.287, 2.178, 1.897, 1.673, 1.564, 1.289 (23.801)	Grad: 5845.2
[Epoch  49 (65.15s)]	ELBO (bits/dim): 2.63357, 2.79699, 2.94014, 3.03001, 3.08865, 3.13994, 3.17077, 3.18999, 3.20549, 3.21327 (3.22078)	Reconstruction error (/dim): 0.06821, 0.05824, 0.04916, 0.04260, 0.03780, 0.03353, 0.03091, 0.02911, 0.02769, 0.02697 (0.02611)	KLD: 3.609, 3.583, 3.147, 2.681, 2.284, 2.172, 1.898, 1.671, 1.566, 1.289 (24.273)	Grad: 5799.1
[Epoch  50 (65.00s)]	ELBO (bits/dim): 2.63382, 2.79804, 2.94114, 3.03055, 3.08922, 3.14058, 3.17149, 3.19058, 3.20606, 3.21401 (3.22074)	Reconstruction error (/dim): 0.06815, 0.05816, 0.04907, 0.04256, 0.03775, 0.03347, 0.03084, 0.02906, 0.02765, 0.02689 (0.02612)	KLD: 3.615, 3.590, 3.149, 2.685, 2.280, 2.177, 1.896, 1.664, 1.562, 1.300 (24.171)	Grad: 6175.3
[Epoch  51 (66.53s)]	ELBO (bits/dim): 2.63477, 2.79947, 2.94226, 3.03152, 3.09035, 3.14149, 3.17245, 3.19157, 3.20692, 3.21471 (3.22099)	Reconstruction error (/dim): 0.06810, 0.05804, 0.04896, 0.04248, 0.03766, 0.03341, 0.03077, 0.02899, 0.02758, 0.02686 (0.02624)	KLD: 3.615, 3.595, 3.150, 2.687, 2.285, 2.175, 1.898, 1.662, 1.563, 1.288 (23.691)	Grad: 5995.3
[Epoch  52 (64.52s)]	ELBO (bits/dim): 2.63529, 2.80026, 2.94257, 3.03167, 3.09039, 3.14154, 3.17249, 3.19152, 3.20695, 3.21471 (3.22172)	Reconstruction error (/dim): 0.06809, 0.05801, 0.04895, 0.04247, 0.03765, 0.03340, 0.03078, 0.02900, 0.02759, 0.02686 (0.02618)	KLD: 3.624, 3.596, 3.154, 2.690, 2.289, 2.176, 1.901, 1.662, 1.559, 1.294 (23.854)	Grad: 5873.7
[Epoch  53 (64.94s)]	ELBO (bits/dim): 2.63586, 2.80107, 2.94321, 3.03223, 3.09089, 3.14198, 3.17304, 3.19196, 3.20718, 3.21525 (3.22293)	Reconstruction error (/dim): 0.06802, 0.05794, 0.04889, 0.04242, 0.03762, 0.03338, 0.03073, 0.02896, 0.02757, 0.02681 (0.02618)	KLD: 3.626, 3.603, 3.158, 2.692, 2.282, 2.171, 1.898, 1.664, 1.566, 1.295 (23.907)	Grad: 5975.2
[Epoch  54 (65.27s)]	ELBO (bits/dim): 2.63651, 2.80222, 2.94412, 3.03263, 3.09134, 3.14243, 3.17345, 3.19246, 3.20776, 3.21562 (3.22072)	Reconstruction error (/dim): 0.06796, 0.05785, 0.04882, 0.04242, 0.03760, 0.03336, 0.03070, 0.02893, 0.02753, 0.02679 (0.02602)	KLD: 3.637, 3.604, 3.157, 2.689, 2.285, 2.174, 1.897, 1.659, 1.562, 1.293 (24.003)	Grad: 6704.3
[Epoch  55 (73.92s)]	ELBO (bits/dim): 2.63703, 2.80297, 2.94450, 3.03296, 3.09161, 3.14268, 3.17372, 3.19260, 3.20797, 3.21584 (3.22289)	Reconstruction error (/dim): 0.06795, 0.05781, 0.04879, 0.04238, 0.03757, 0.03333, 0.03068, 0.02893, 0.02751, 0.02678 (0.02618)	KLD: 3.644, 3.606, 3.158, 2.696, 2.288, 2.174, 1.898, 1.652, 1.553, 1.292 (24.046)	Grad: 7187.1
[Epoch  56 (76.18s)]	ELBO (bits/dim): 2.63777, 2.80412, 2.94558, 3.03361, 3.09253, 3.14366, 3.17459, 3.19321, 3.20873, 3.21659 (3.22170)	Reconstruction error (/dim): 0.06789, 0.05772, 0.04871, 0.04233, 0.03751, 0.03326, 0.03062, 0.02888, 0.02746, 0.02672 (0.02630)	KLD: 3.647, 3.618, 3.154, 2.691, 2.283, 2.173, 1.903, 1.656, 1.563, 1.290 (23.775)	Grad: 6068.0
[Epoch  57 (77.36s)]	ELBO (bits/dim): 2.63816, 2.80503, 2.94585, 3.03383, 3.09263, 3.14377, 3.17456, 3.19340, 3.20865, 3.21645 (3.22308)	Reconstruction error (/dim): 0.06786, 0.05767, 0.04870, 0.04231, 0.03751, 0.03326, 0.03061, 0.02887, 0.02748, 0.02675 (0.02616)	KLD: 3.653, 3.626, 3.154, 2.696, 2.287, 2.171, 1.897, 1.655, 1.554, 1.298 (24.168)	Grad: 6777.4
[Epoch  58 (76.49s)]	ELBO (bits/dim): 2.63859, 2.80573, 2.94669, 3.03441, 3.09322, 3.14434, 3.17507, 3.19371, 3.20899, 3.21698 (3.22306)	Reconstruction error (/dim): 0.06783, 0.05762, 0.04861, 0.04228, 0.03746, 0.03321, 0.03058, 0.02884, 0.02746, 0.02671 (0.02596)	KLD: 3.655, 3.621, 3.159, 2.696, 2.281, 2.170, 1.892, 1.660, 1.562, 1.299 (24.039)	Grad: 6445.5
[Epoch  59 (77.86s)]	ELBO (bits/dim): 2.63947, 2.80689, 2.94749, 3.03482, 3.09379, 3.14486, 3.17584, 3.19434, 3.20960, 3.21743 (3.22374)	Reconstruction error (/dim): 0.06780, 0.05754, 0.04857, 0.04227, 0.03742, 0.03318, 0.03053, 0.02879, 0.02741, 0.02667 (0.02604)	KLD: 3.658, 3.629, 3.161, 2.697, 2.284, 2.172, 1.893, 1.650, 1.562, 1.300 (23.932)	Grad: 6763.6
[Epoch  60 (78.75s)]	ELBO (bits/dim): 2.64001, 2.80778, 2.94810, 3.03532, 3.09418, 3.14510, 3.17594, 3.19451, 3.20967, 3.21759 (3.22456)	Reconstruction error (/dim): 0.06770, 0.05748, 0.04849, 0.04220, 0.03739, 0.03315, 0.03051, 0.02878, 0.02740, 0.02666 (0.02601)	KLD: 3.667, 3.630, 3.156, 2.697, 2.285, 2.168, 1.895, 1.660, 1.561, 1.305 (23.944)	Grad: 6238.5
[Epoch  61 (78.61s)]	ELBO (bits/dim): 2.64034, 2.80868, 2.94880, 3.03595, 3.09461, 3.14556, 3.17651, 3.19507, 3.21016, 3.21800 (3.22499)	Reconstruction error (/dim): 0.06772, 0.05741, 0.04846, 0.04217, 0.03736, 0.03311, 0.03047, 0.02874, 0.02737, 0.02663 (0.02596)	KLD: 3.670, 3.636, 3.155, 2.702, 2.287, 2.172, 1.896, 1.651, 1.558, 1.307 (23.773)	Grad: 6338.8
[Epoch  62 (79.40s)]	ELBO (bits/dim): 2.64085, 2.80936, 2.94921, 3.03594, 3.09476, 3.14582, 3.17665, 3.19496, 3.21013, 3.21808 (3.22172)	Reconstruction error (/dim): 0.06766, 0.05736, 0.04839, 0.04215, 0.03734, 0.03309, 0.03047, 0.02877, 0.02738, 0.02663 (0.02646)	KLD: 3.677, 3.642, 3.162, 2.698, 2.288, 2.171, 1.893, 1.647, 1.557, 1.302 (23.766)	Grad: 7032.2
[Epoch  63 (78.54s)]	ELBO (bits/dim): 2.64148, 2.81018, 2.94972, 3.03645, 3.09532, 3.14628, 3.17696, 3.19532, 3.21053, 3.21834 (3.22319)	Reconstruction error (/dim): 0.06761, 0.05732, 0.04836, 0.04212, 0.03730, 0.03306, 0.03044, 0.02872, 0.02733, 0.02661 (0.02617)	KLD: 3.676, 3.644, 3.163, 2.706, 2.292, 2.172, 1.900, 1.646, 1.560, 1.303 (24.373)	Grad: 7073.0
[Epoch  64 (70.90s)]	ELBO (bits/dim): 2.64175, 2.81114, 2.95064, 3.03719, 3.09609, 3.14697, 3.17780, 3.19616, 3.21123, 3.21910 (3.22561)	Reconstruction error (/dim): 0.06759, 0.05724, 0.04831, 0.04206, 0.03725, 0.03302, 0.03039, 0.02867, 0.02729, 0.02656 (0.02592)	KLD: 3.684, 3.645, 3.167, 2.699, 2.288, 2.169, 1.894, 1.643, 1.555, 1.291 (23.763)	Grad: 5499.0
[Epoch  65 (66.86s)]	ELBO (bits/dim): 2.64236, 2.81203, 2.95108, 3.03736, 3.09627, 3.14708, 3.17779, 3.19611, 3.21108, 3.21889 (3.22394)	Reconstruction error (/dim): 0.06755, 0.05718, 0.04827, 0.04204, 0.03722, 0.03301, 0.03039, 0.02868, 0.02730, 0.02657 (0.02597)	KLD: 3.688, 3.652, 3.163, 2.705, 2.287, 2.169, 1.889, 1.645, 1.556, 1.301 (23.944)	Grad: 6719.2
[Epoch  66 (66.76s)]	ELBO (bits/dim): 2.64281, 2.81263, 2.95162, 3.03778, 3.09666, 3.14760, 3.17826, 3.19654, 3.21154, 3.21951 (3.22540)	Reconstruction error (/dim): 0.06752, 0.05714, 0.04823, 0.04203, 0.03722, 0.03298, 0.03035, 0.02865, 0.02728, 0.02653 (0.02607)	KLD: 3.698, 3.662, 3.165, 2.706, 2.288, 2.168, 1.892, 1.642, 1.560, 1.301 (24.051)	Grad: 6640.0
[Epoch  67 (67.84s)]	ELBO (bits/dim): 2.64327, 2.81307, 2.95189, 3.03800, 3.09690, 3.14763, 3.17846, 3.19655, 3.21155, 3.21937 (3.22615)	Reconstruction error (/dim): 0.06746, 0.05712, 0.04820, 0.04200, 0.03718, 0.03298, 0.03034, 0.02864, 0.02727, 0.02654 (0.02588)	KLD: 3.701, 3.653, 3.164, 2.709, 2.292, 2.169, 1.889, 1.645, 1.555, 1.305 (23.807)	Grad: 7568.1
[Epoch  68 (66.68s)]	ELBO (bits/dim): 2.64326, 2.81376, 2.95253, 3.03839, 3.09736, 3.14813, 3.17885, 3.19700, 3.21184, 3.21965 (3.22549)	Reconstruction error (/dim): 0.06751, 0.05708, 0.04816, 0.04197, 0.03716, 0.03295, 0.03031, 0.02861, 0.02725, 0.02652 (0.02594)	KLD: 3.701, 3.663, 3.162, 2.702, 2.286, 2.166, 1.889, 1.645, 1.553, 1.298 (24.376)	Grad: 6405.0
[Epoch  69 (66.95s)]	ELBO (bits/dim): 2.64400, 2.81466, 2.95310, 3.03863, 3.09757, 3.14840, 3.17903, 3.19709, 3.21202, 3.21998 (3.22443)	Reconstruction error (/dim): 0.06741, 0.05699, 0.04810, 0.04196, 0.03714, 0.03292, 0.03029, 0.02861, 0.02724, 0.02650 (0.02613)	KLD: 3.701, 3.667, 3.164, 2.707, 2.289, 2.167, 1.895, 1.647, 1.543, 1.305 (24.162)	Grad: 6979.5
[Epoch  70 (66.94s)]	ELBO (bits/dim): 2.64443, 2.81547, 2.95358, 3.03906, 3.09793, 3.14857, 3.17924, 3.19731, 3.21218, 3.22003 (3.22512)	Reconstruction error (/dim): 0.06741, 0.05693, 0.04806, 0.04190, 0.03711, 0.03290, 0.03028, 0.02858, 0.02722, 0.02649 (0.02598)	KLD: 3.708, 3.673, 3.170, 2.708, 2.283, 2.171, 1.891, 1.639, 1.553, 1.296 (24.405)	Grad: 7168.8
[Epoch  71 (66.20s)]	ELBO (bits/dim): 2.64489, 2.81609, 2.95412, 3.03956, 3.09853, 3.14915, 3.17978, 3.19762, 3.21250, 3.22051 (3.22479)	Reconstruction error (/dim): 0.06735, 0.05687, 0.04803, 0.04189, 0.03707, 0.03285, 0.03023, 0.02856, 0.02721, 0.02647 (0.02600)	KLD: 3.710, 3.673, 3.168, 2.709, 2.288, 2.171, 1.891, 1.646, 1.549, 1.303 (24.028)	Grad: 6821.0
[Epoch  72 (67.04s)]	ELBO (bits/dim): 2.64543, 2.81690, 2.95473, 3.03992, 3.09881, 3.14933, 3.17992, 3.19793, 3.21276, 3.22063 (3.22704)	Reconstruction error (/dim): 0.06731, 0.05685, 0.04798, 0.04185, 0.03704, 0.03285, 0.03023, 0.02855, 0.02719, 0.02645 (0.02574)	KLD: 3.719, 3.683, 3.169, 2.710, 2.284, 2.169, 1.892, 1.643, 1.538, 1.298 (24.094)	Grad: 6669.3
[Epoch  73 (67.49s)]	ELBO (bits/dim): 2.64584, 2.81753, 2.95529, 3.04035, 3.09939, 3.15001, 3.18049, 3.19830, 3.21301, 3.22104 (3.22472)	Reconstruction error (/dim): 0.06728, 0.05678, 0.04793, 0.04181, 0.03700, 0.03280, 0.03019, 0.02853, 0.02718, 0.02644 (0.02595)	KLD: 3.717, 3.677, 3.172, 2.710, 2.286, 2.166, 1.889, 1.644, 1.543, 1.299 (24.065)	Grad: 6756.2
[Epoch  74 (66.64s)]	ELBO (bits/dim): 2.64600, 2.81841, 2.95576, 3.04054, 3.09959, 3.15014, 3.18074, 3.19845, 3.21325, 3.22098 (3.22653)	Reconstruction error (/dim): 0.06725, 0.05672, 0.04790, 0.04180, 0.03698, 0.03279, 0.03017, 0.02850, 0.02715, 0.02643 (0.02591)	KLD: 3.721, 3.691, 3.169, 2.713, 2.291, 2.163, 1.889, 1.632, 1.548, 1.309 (23.897)	Grad: 6925.8
[Epoch  75 (66.29s)]	ELBO (bits/dim): 2.64668, 2.81908, 2.95625, 3.04112, 3.10028, 3.15067, 3.18121, 3.19897, 3.21368, 3.22159 (3.22586)	Reconstruction error (/dim): 0.06722, 0.05668, 0.04786, 0.04176, 0.03694, 0.03275, 0.03013, 0.02848, 0.02713, 0.02639 (0.02588)	KLD: 3.730, 3.690, 3.170, 2.715, 2.284, 2.165, 1.892, 1.636, 1.543, 1.299 (24.117)	Grad: 6972.7
[Epoch  76 (66.88s)]	ELBO (bits/dim): 2.64693, 2.81964, 2.95688, 3.04135, 3.10055, 3.15090, 3.18130, 3.19917, 3.21371, 3.22152 (3.22554)	Reconstruction error (/dim): 0.06717, 0.05664, 0.04781, 0.04175, 0.03692, 0.03274, 0.03014, 0.02848, 0.02715, 0.02640 (0.02595)	KLD: 3.731, 3.696, 3.173, 2.712, 2.287, 2.164, 1.884, 1.637, 1.545, 1.301 (23.804)	Grad: 6835.7
[Epoch  77 (67.80s)]	ELBO (bits/dim): 2.64756, 2.82059, 2.95733, 3.04156, 3.10062, 3.15102, 3.18150, 3.19924, 3.21390, 3.22182 (3.22656)	Reconstruction error (/dim): 0.06717, 0.05656, 0.04776, 0.04172, 0.03690, 0.03274, 0.03012, 0.02847, 0.02713, 0.02638 (0.02590)	KLD: 3.735, 3.687, 3.170, 2.717, 2.289, 2.165, 1.888, 1.636, 1.542, 1.304 (24.115)	Grad: 7747.3
[Epoch  78 (68.54s)]	ELBO (bits/dim): 2.64783, 2.82102, 2.95775, 3.04206, 3.10118, 3.15157, 3.18204, 3.19973, 3.21423, 3.22208 (3.22530)	Reconstruction error (/dim): 0.06710, 0.05654, 0.04774, 0.04167, 0.03686, 0.03268, 0.03006, 0.02843, 0.02709, 0.02634 (0.02610)	KLD: 3.741, 3.697, 3.173, 2.716, 2.286, 2.165, 1.887, 1.636, 1.546, 1.302 (24.185)	Grad: 7133.4
[Epoch  79 (66.90s)]	ELBO (bits/dim): 2.64833, 2.82167, 2.95803, 3.04223, 3.10119, 3.15169, 3.18207, 3.19984, 3.21431, 3.22228 (3.22640)	Reconstruction error (/dim): 0.06708, 0.05647, 0.04771, 0.04166, 0.03686, 0.03268, 0.03007, 0.02841, 0.02710, 0.02633 (0.02584)	KLD: 3.743, 3.700, 3.173, 2.719, 2.290, 2.165, 1.887, 1.632, 1.535, 1.302 (24.213)	Grad: 6909.8
[Epoch  80 (66.83s)]	ELBO (bits/dim): 2.64863, 2.82246, 2.95897, 3.04282, 3.10183, 3.15217, 3.18253, 3.20011, 3.21466, 3.22248 (3.22628)	Reconstruction error (/dim): 0.06706, 0.05646, 0.04764, 0.04161, 0.03683, 0.03264, 0.03005, 0.02841, 0.02707, 0.02632 (0.02600)	KLD: 3.749, 3.705, 3.173, 2.713, 2.285, 2.161, 1.888, 1.638, 1.542, 1.305 (24.029)	Grad: 6445.8
[Epoch  81 (66.50s)]	ELBO (bits/dim): 2.64896, 2.82302, 2.95914, 3.04288, 3.10182, 3.15214, 3.18241, 3.19995, 3.21439, 3.22238 (3.22582)	Reconstruction error (/dim): 0.06706, 0.05638, 0.04763, 0.04160, 0.03683, 0.03265, 0.03005, 0.02842, 0.02709, 0.02635 (0.02603)	KLD: 3.750, 3.710, 3.173, 2.715, 2.288, 2.159, 1.887, 1.628, 1.543, 1.299 (24.034)	Grad: 6916.7
No improvement after 10 epochs...
Best epoch(s): [72]	Training time(s): 5694.07s (5694.07s)	Best ELBO (bits/dim): 3.22248 (3.22704)	Best reconstruction error (/dim): 0.08093 (0.06935)
Avg. mu: 0.002, -0.166, -0.068, -0.096, 0.078, 0.157, -0.094, -0.023, -0.131, -0.156
Avg. var: 0.001, 0.002, 0.003, 0.005, 0.010, 0.013, 0.023, 0.035, 0.042, 0.066
Max. mu: 4.287, 3.560, 3.890, 4.216, 3.144, 3.035, 3.394, 3.081, 2.604, 2.080
Max. var: 0.003, 0.008, 0.015, 0.029, 0.044, 0.063, 0.143, 0.176, 0.254, 0.332
Min. mu: -3.525, -4.990, -4.961, -4.194, -4.264, -3.988, -4.111, -3.771, -3.889, -4.543
Min. var: 0.000, 0.000, 0.000, 0.001, 0.003, 0.004, 0.004, 0.007, 0.006, 0.008
Cov. mu:
[[1.400 -0.786 -0.026 0.044 -0.057 0.008 -0.174 -0.020 0.015 -0.033]
 [-0.786 1.742 -0.072 -0.006 0.044 0.016 0.060 -0.063 0.047 0.030]
 [-0.026 -0.072 1.105 -0.029 -0.044 -0.053 0.007 -0.001 -0.054 0.004]
 [0.044 -0.006 -0.029 0.838 0.064 0.008 -0.026 -0.020 0.037 -0.000]
 [-0.057 0.044 -0.044 0.064 0.943 -0.041 -0.013 0.008 0.020 -0.033]
 [0.008 0.016 -0.053 0.008 -0.041 0.881 0.006 0.028 0.001 0.035]
 [-0.174 0.060 0.007 -0.026 -0.013 0.006 0.829 0.006 0.016 0.011]
 [-0.020 -0.063 -0.001 -0.020 0.008 0.028 0.006 0.707 -0.012 -0.003]
 [0.015 0.047 -0.054 0.037 0.020 0.001 0.016 -0.012 0.680 0.010]
 [-0.033 0.030 0.004 -0.000 -0.033 0.035 0.011 -0.003 0.010 0.563]]
