=================================================================
Layer (type:depth-idx)                   Param #
=================================================================
VAE                                      --
├─Encoder: 1-1                           --
│    └─Conv2d: 2-1                       20
│    └─Conv2d: 2-2                       36
│    └─Conv2d: 2-3                       296
│    └─Conv2d: 2-4                       528
│    └─Linear: 2-5                       153,860
│    └─Linear: 2-6                       9,653
├─Decoder: 1-2                           --
│    └─Linear: 2-7                       9,800
│    └─Linear: 2-8                       154,448
│    └─ConvTranspose2d: 2-9              520
│    └─ConvTranspose2d: 2-10             292
│    └─ConvTranspose2d: 2-11             34
│    └─ConvTranspose2d: 2-12             19
=================================================================
Total params: 329,506
Trainable params: 329,506
Non-trainable params: 0
=================================================================
[Epoch   1 (163.18s)]	ELBO: 1019.363 (1420.682)	Log prob: 1024.257 (1426.126)	KLD: 4.893 (5.444)
[Epoch   2 (166.75s)]	ELBO: 1462.319 (1486.023)	Log prob: 1468.627 (1492.583)	KLD: 6.308 (6.560)
[Epoch   3 (209.14s)]	ELBO: 1499.761 (1509.672)	Log prob: 1506.582 (1516.559)	KLD: 6.821 (6.886)
[Epoch   4 (240.44s)]	ELBO: 1516.714 (1522.325)	Log prob: 1523.799 (1529.723)	KLD: 7.085 (7.397)
[Epoch   5 (270.26s)]	ELBO: 1527.742 (1532.576)	Log prob: 1535.004 (1539.892)	KLD: 7.262 (7.316)
[Epoch   6 (233.71s)]	ELBO: 1537.677 (1542.201)	Log prob: 1545.217 (1549.612)	KLD: 7.540 (7.411)
[Epoch   7 (232.91s)]	ELBO: 1544.566 (1547.308)	Log prob: 1552.291 (1555.488)	KLD: 7.725 (8.180)
[Epoch   8 (228.54s)]	ELBO: 1552.072 (1555.630)	Log prob: 1559.924 (1563.693)	KLD: 7.852 (8.063)
[Epoch   9 (244.67s)]	ELBO: 1558.917 (1560.958)	Log prob: 1566.877 (1569.018)	KLD: 7.960 (8.060)
[Epoch  10 (223.13s)]	ELBO: 1564.368 (1565.535)	Log prob: 1572.344 (1573.542)	KLD: 7.976 (8.006)
[Epoch  11 (226.02s)]	ELBO: 1568.704 (1568.707)	Log prob: 1576.745 (1576.818)	KLD: 8.042 (8.111)
[Epoch  12 (207.85s)]	ELBO: 1571.413 (1572.198)	Log prob: 1579.462 (1580.419)	KLD: 8.049 (8.221)
[Epoch  13 (233.20s)]	ELBO: 1573.416 (1573.132)	Log prob: 1581.426 (1581.332)	KLD: 8.011 (8.199)
[Epoch  14 (220.18s)]	ELBO: 1576.401 (1573.002)	Log prob: 1584.461 (1581.014)	KLD: 8.060 (8.012)
[Epoch  15 (226.97s)]	ELBO: 1579.940 (1577.875)	Log prob: 1588.037 (1586.015)	KLD: 8.097 (8.140)
[Epoch  16 (213.77s)]	ELBO: 1581.932 (1581.832)	Log prob: 1590.040 (1590.028)	KLD: 8.108 (8.196)
[Epoch  17 (226.87s)]	ELBO: 1584.443 (1580.846)	Log prob: 1592.532 (1588.754)	KLD: 8.089 (7.908)
[Epoch  18 (210.50s)]	ELBO: 1586.763 (1583.570)	Log prob: 1594.931 (1591.752)	KLD: 8.168 (8.181)
[Epoch  19 (220.20s)]	ELBO: 1587.893 (1585.101)	Log prob: 1596.092 (1593.637)	KLD: 8.199 (8.537)
[Epoch  20 (210.44s)]	ELBO: 1589.348 (1584.655)	Log prob: 1597.498 (1592.672)	KLD: 8.150 (8.017)
[Epoch  21 (215.61s)]	ELBO: 1592.168 (1589.317)	Log prob: 1600.351 (1597.690)	KLD: 8.182 (8.373)
[Epoch  22 (200.54s)]	ELBO: 1593.039 (1593.324)	Log prob: 1601.289 (1601.465)	KLD: 8.249 (8.140)
[Epoch  23 (182.74s)]	ELBO: 1595.038 (1593.324)	Log prob: 1603.282 (1601.493)	KLD: 8.245 (8.169)
[Epoch  24 (192.44s)]	ELBO: 1595.992 (1594.967)	Log prob: 1604.287 (1603.391)	KLD: 8.295 (8.424)
[Epoch  25 (180.92s)]	ELBO: 1597.819 (1593.640)	Log prob: 1606.128 (1601.858)	KLD: 8.309 (8.218)
[Epoch  26 (198.37s)]	ELBO: 1598.228 (1593.820)	Log prob: 1606.534 (1602.265)	KLD: 8.305 (8.445)
[Epoch  27 (201.35s)]	ELBO: 1599.384 (1596.325)	Log prob: 1607.721 (1604.596)	KLD: 8.337 (8.272)
[Epoch  28 (147.95s)]	ELBO: 1601.081 (1598.094)	Log prob: 1609.434 (1606.418)	KLD: 8.352 (8.324)
[Epoch  29 (165.91s)]	ELBO: 1601.436 (1597.682)	Log prob: 1609.798 (1606.023)	KLD: 8.362 (8.341)
[Epoch  30 (144.33s)]	ELBO: 1601.487 (1592.640)	Log prob: 1609.910 (1600.850)	KLD: 8.423 (8.210)
[Epoch  31 (141.45s)]	ELBO: 1602.827 (1598.414)	Log prob: 1611.281 (1606.784)	KLD: 8.454 (8.370)
[Epoch  32 (153.81s)]	ELBO: 1602.433 (1601.053)	Log prob: 1610.815 (1609.702)	KLD: 8.382 (8.648)
[Epoch  33 (131.14s)]	ELBO: 1604.489 (1600.584)	Log prob: 1612.964 (1608.967)	KLD: 8.475 (8.383)
[Epoch  34 (136.02s)]	ELBO: 1604.632 (1600.861)	Log prob: 1613.046 (1609.252)	KLD: 8.414 (8.391)
[Epoch  35 (143.93s)]	ELBO: 1606.078 (1601.358)	Log prob: 1614.502 (1609.528)	KLD: 8.424 (8.170)
[Epoch  36 (140.60s)]	ELBO: 1605.259 (1602.037)	Log prob: 1613.679 (1610.591)	KLD: 8.420 (8.555)
[Epoch  37 (131.88s)]	ELBO: 1606.184 (1601.950)	Log prob: 1614.643 (1610.224)	KLD: 8.459 (8.274)
[Epoch  38 (137.69s)]	ELBO: 1606.414 (1602.279)	Log prob: 1614.907 (1610.923)	KLD: 8.492 (8.644)
[Epoch  39 (130.53s)]	ELBO: 1603.996 (1600.043)	Log prob: 1612.584 (1608.445)	KLD: 8.588 (8.401)
[Epoch  40 (125.98s)]	ELBO: 1608.097 (1603.077)	Log prob: 1616.619 (1611.503)	KLD: 8.522 (8.426)
[Epoch  41 (128.95s)]	ELBO: 1608.788 (1604.012)	Log prob: 1617.272 (1612.665)	KLD: 8.485 (8.652)
[Epoch  42 (123.61s)]	ELBO: 1608.513 (1604.128)	Log prob: 1617.021 (1612.729)	KLD: 8.507 (8.601)
[Epoch  43 (121.91s)]	ELBO: 1609.541 (1604.634)	Log prob: 1618.120 (1613.363)	KLD: 8.580 (8.729)
[Epoch  44 (122.46s)]	ELBO: 1610.421 (1603.768)	Log prob: 1618.982 (1612.665)	KLD: 8.561 (8.897)
[Epoch  45 (112.99s)]	ELBO: 1609.953 (1605.605)	Log prob: 1618.524 (1613.912)	KLD: 8.571 (8.307)
[Epoch  46 (104.71s)]	ELBO: 1610.963 (1603.269)	Log prob: 1619.466 (1611.859)	KLD: 8.503 (8.590)
[Epoch  47 (104.68s)]	ELBO: 1611.159 (1605.828)	Log prob: 1619.699 (1614.386)	KLD: 8.540 (8.558)
[Epoch  48 (114.10s)]	ELBO: 1611.125 (1607.613)	Log prob: 1619.614 (1616.171)	KLD: 8.488 (8.557)
[Epoch  49 (105.33s)]	ELBO: 1611.917 (1609.478)	Log prob: 1620.426 (1618.102)	KLD: 8.509 (8.624)
[Epoch  50 (106.64s)]	ELBO: 1611.326 (1604.870)	Log prob: 1619.865 (1613.355)	KLD: 8.539 (8.485)
[Epoch  51 (107.68s)]	ELBO: 1610.964 (1606.488)	Log prob: 1619.607 (1615.081)	KLD: 8.643 (8.594)
[Epoch  52 (112.52s)]	ELBO: 1611.749 (1608.805)	Log prob: 1620.333 (1617.328)	KLD: 8.584 (8.523)
[Epoch  53 (103.30s)]	ELBO: 1613.921 (1611.479)	Log prob: 1622.493 (1620.013)	KLD: 8.572 (8.533)
[Epoch  54 (93.56s)]	ELBO: 1614.168 (1609.514)	Log prob: 1622.796 (1618.169)	KLD: 8.629 (8.655)
[Epoch  55 (99.65s)]	ELBO: 1613.362 (1605.621)	Log prob: 1621.971 (1614.074)	KLD: 8.608 (8.453)
[Epoch  56 (99.32s)]	ELBO: 1612.732 (1611.166)	Log prob: 1621.369 (1619.788)	KLD: 8.637 (8.622)
[Epoch  57 (94.76s)]	ELBO: 1615.290 (1610.817)	Log prob: 1623.961 (1619.369)	KLD: 8.671 (8.551)
[Epoch  58 (92.16s)]	ELBO: 1614.566 (1608.578)	Log prob: 1623.196 (1617.309)	KLD: 8.629 (8.731)
[Epoch  59 (98.29s)]	ELBO: 1615.231 (1609.560)	Log prob: 1623.877 (1618.234)	KLD: 8.646 (8.674)
[Epoch  60 (98.27s)]	ELBO: 1615.072 (1611.754)	Log prob: 1623.669 (1620.361)	KLD: 8.597 (8.607)
[Epoch  61 (91.93s)]	ELBO: 1615.888 (1608.956)	Log prob: 1624.536 (1617.315)	KLD: 8.648 (8.359)
[Epoch  62 (92.14s)]	ELBO: 1615.454 (1611.201)	Log prob: 1624.092 (1619.946)	KLD: 8.638 (8.745)
[Epoch  63 (100.21s)]	ELBO: 1616.460 (1609.658)	Log prob: 1625.130 (1618.108)	KLD: 8.670 (8.450)
[Epoch  64 (92.32s)]	ELBO: 1617.193 (1611.297)	Log prob: 1625.848 (1620.164)	KLD: 8.655 (8.867)
[Epoch  65 (92.99s)]	ELBO: 1617.201 (1611.122)	Log prob: 1625.820 (1619.493)	KLD: 8.619 (8.371)
[Epoch  66 (90.37s)]	ELBO: 1617.407 (1611.052)	Log prob: 1626.066 (1619.970)	KLD: 8.659 (8.918)
[Epoch  67 (102.20s)]	ELBO: 1616.091 (1610.747)	Log prob: 1624.779 (1619.476)	KLD: 8.688 (8.730)
[Epoch  68 (92.36s)]	ELBO: 1617.167 (1611.428)	Log prob: 1625.925 (1620.107)	KLD: 8.758 (8.679)
[Epoch  69 (94.22s)]	ELBO: 1617.880 (1613.467)	Log prob: 1626.633 (1622.102)	KLD: 8.753 (8.635)
[Epoch  70 (94.13s)]	ELBO: 1617.348 (1613.125)	Log prob: 1626.142 (1621.811)	KLD: 8.794 (8.686)
[Epoch  71 (103.48s)]	ELBO: 1618.695 (1610.846)	Log prob: 1627.421 (1619.778)	KLD: 8.726 (8.931)
[Epoch  72 (94.77s)]	ELBO: 1618.433 (1610.927)	Log prob: 1627.116 (1619.536)	KLD: 8.684 (8.609)
[Epoch  73 (94.22s)]	ELBO: 1618.573 (1611.350)	Log prob: 1627.277 (1620.042)	KLD: 8.703 (8.692)
[Epoch  74 (91.42s)]	ELBO: 1618.468 (1609.762)	Log prob: 1627.168 (1618.596)	KLD: 8.700 (8.834)
[Epoch  75 (98.95s)]	ELBO: 1618.855 (1612.815)	Log prob: 1627.541 (1621.448)	KLD: 8.686 (8.632)
[Epoch  76 (87.25s)]	ELBO: 1619.411 (1613.059)	Log prob: 1628.159 (1622.014)	KLD: 8.748 (8.955)
[Epoch  77 (74.02s)]	ELBO: 1619.724 (1613.671)	Log prob: 1628.507 (1622.348)	KLD: 8.783 (8.677)
[Epoch  78 (72.59s)]	ELBO: 1620.214 (1611.843)	Log prob: 1628.914 (1620.550)	KLD: 8.700 (8.707)
[Epoch  79 (80.56s)]	ELBO: 1619.707 (1614.333)	Log prob: 1628.451 (1622.865)	KLD: 8.745 (8.532)
[Epoch  80 (75.90s)]	ELBO: 1620.479 (1614.675)	Log prob: 1629.200 (1623.515)	KLD: 8.721 (8.840)
[Epoch  81 (72.30s)]	ELBO: 1621.187 (1613.217)	Log prob: 1629.947 (1621.906)	KLD: 8.760 (8.689)
[Epoch  82 (72.20s)]	ELBO: 1621.521 (1614.892)	Log prob: 1630.308 (1623.705)	KLD: 8.787 (8.813)
[Epoch  83 (76.40s)]	ELBO: 1621.604 (1614.743)	Log prob: 1630.370 (1623.721)	KLD: 8.766 (8.978)
[Epoch  84 (73.21s)]	ELBO: 1622.479 (1611.503)	Log prob: 1631.238 (1620.195)	KLD: 8.759 (8.692)
[Epoch  85 (75.68s)]	ELBO: 1621.474 (1615.217)	Log prob: 1630.238 (1624.003)	KLD: 8.765 (8.786)
[Epoch  86 (70.02s)]	ELBO: 1621.929 (1611.764)	Log prob: 1630.696 (1620.437)	KLD: 8.767 (8.673)
[Epoch  87 (70.13s)]	ELBO: 1619.601 (1612.779)	Log prob: 1628.471 (1621.816)	KLD: 8.870 (9.037)
[Epoch  88 (69.05s)]	ELBO: 1620.421 (1614.339)	Log prob: 1629.296 (1623.478)	KLD: 8.874 (9.139)
[Epoch  89 (74.01s)]	ELBO: 1621.246 (1614.908)	Log prob: 1630.103 (1623.894)	KLD: 8.857 (8.986)
[Epoch  90 (72.67s)]	ELBO: 1622.121 (1614.448)	Log prob: 1630.962 (1623.501)	KLD: 8.842 (9.053)
[Epoch  91 (69.23s)]	ELBO: 1621.480 (1614.531)	Log prob: 1630.312 (1623.441)	KLD: 8.832 (8.910)
[Epoch  92 (69.43s)]	ELBO: 1622.935 (1613.076)	Log prob: 1631.749 (1621.720)	KLD: 8.813 (8.644)
[Epoch  93 (67.06s)]	ELBO: 1620.490 (1610.228)	Log prob: 1629.366 (1619.212)	KLD: 8.876 (8.985)
[Epoch  94 (67.19s)]	ELBO: 1620.482 (1614.781)	Log prob: 1629.343 (1623.565)	KLD: 8.861 (8.784)
No improvement after 10 epochs...
Best epoch(s): [85]	Training time(s): 12571.46s (12571.46s)	Best ELBO: 1622.935 (1615.217)	Best log prob: 1631.749 (1624.003)
Avg. mu: 0.024, 0.216
Avg. var: 0.001, 0.001
Max. mu: 6.103, 5.187
Max. var: 0.152, 0.013
Min. mu: -5.330, -4.631
Min. var: 0.000, 0.000
Cov. mu:
[[1.956 -0.356]
 [-0.356 1.776]]
