Seed: 2018
=================================================================
Layer (type:depth-idx)                   Param #
=================================================================
RNN                                      --
├─Canvas: 1-1                            --
│    └─Linear: 2-1                       784
├─Encoder: 1-2                           --
│    └─Linear: 2-2                       76,930
│    └─Linear: 2-3                       9,702
├─EncoderEncoderToEncoder: 1-3           --
│    └─Linear: 2-4                       19,306
│    └─Linear: 2-5                       9,702
├─ModuleList: 1-4                        --
│    └─EncoderToLatents: 2-6             --
│    │    └─Linear: 3-1                  99
│    │    └─Linear: 3-2                  99
│    └─EncoderToLatents: 2-7             --
│    │    └─Linear: 3-3                  99
│    │    └─Linear: 3-4                  99
│    └─EncoderToLatents: 2-8             --
│    │    └─Linear: 3-5                  99
│    │    └─Linear: 3-6                  99
│    └─EncoderToLatents: 2-9             --
│    │    └─Linear: 3-7                  99
│    │    └─Linear: 3-8                  99
│    └─EncoderToLatents: 2-10            --
│    │    └─Linear: 3-9                  99
│    │    └─Linear: 3-10                 99
│    └─EncoderToLatents: 2-11            --
│    │    └─Linear: 3-11                 99
│    │    └─Linear: 3-12                 99
│    └─EncoderToLatents: 2-12            --
│    │    └─Linear: 3-13                 99
│    │    └─Linear: 3-14                 99
│    └─EncoderToLatents: 2-13            --
│    │    └─Linear: 3-15                 99
│    │    └─Linear: 3-16                 99
│    └─EncoderToLatents: 2-14            --
│    │    └─Linear: 3-17                 99
│    │    └─Linear: 3-18                 99
│    └─EncoderToLatents: 2-15            --
│    │    └─Linear: 3-19                 99
│    │    └─Linear: 3-20                 99
├─ModuleList: 1-5                        --
│    └─LatentsToDecoder: 2-16            --
│    │    └─Linear: 3-21                 196
│    └─LatentsToDecoder: 2-17            --
│    │    └─Linear: 3-22                 196
│    └─LatentsToDecoder: 2-18            --
│    │    └─Linear: 3-23                 196
│    └─LatentsToDecoder: 2-19            --
│    │    └─Linear: 3-24                 196
│    └─LatentsToDecoder: 2-20            --
│    │    └─Linear: 3-25                 196
│    └─LatentsToDecoder: 2-21            --
│    │    └─Linear: 3-26                 196
│    └─LatentsToDecoder: 2-22            --
│    │    └─Linear: 3-27                 196
│    └─LatentsToDecoder: 2-23            --
│    │    └─Linear: 3-28                 196
│    └─LatentsToDecoder: 2-24            --
│    │    └─Linear: 3-29                 196
│    └─LatentsToDecoder: 2-25            --
│    │    └─Linear: 3-30                 196
├─Decoder: 1-6                           --
│    └─Linear: 2-26                      9,702
│    └─Linear: 2-27                      77,616
=================================================================
Total params: 207,682
Trainable params: 207,682
Non-trainable params: 0
=================================================================
[Epoch   1 (54.49s)]	ELBO (bits/dim): 2.30714, 2.39291, 2.41313, 2.42382, 2.42716, 2.42857, 2.42717, 2.42503, 2.42058, 2.41312 (2.62481)	Reconstruction error (/dim): 0.08156, 0.07826, 0.07822, 0.07839, 0.07831, 0.07870, 0.07895, 0.07916, 0.07960, 0.08050 (0.06744)	KLD: 12.004, 1.952, 0.697, 0.663, 0.420, 0.279, 0.413, 0.479, 0.512, 0.398 (14.404)	Grad: 1251.9
[Epoch   2 (56.24s)]	ELBO (bits/dim): 2.49811, 2.62465, 2.70057, 2.70954, 2.71472, 2.71581, 2.71544, 2.71495, 2.71384, 2.71228 (2.82270)	Reconstruction error (/dim): 0.07777, 0.07058, 0.06473, 0.06425, 0.06345, 0.06356, 0.06361, 0.06347, 0.06361, 0.06399 (0.05537)	KLD: 4.846, 3.336, 2.659, 1.208, 1.020, 0.433, 0.232, 0.509, 0.476, 0.396 (16.711)	Grad: 1288.6
[Epoch   3 (59.75s)]	ELBO (bits/dim): 2.54134, 2.68610, 2.77958, 2.84380, 2.87511, 2.88783, 2.88769, 2.88709, 2.88621, 2.88563 (2.94562)	Reconstruction error (/dim): 0.07461, 0.06769, 0.06129, 0.05561, 0.05222, 0.05120, 0.05124, 0.05129, 0.05138, 0.05152 (0.04643)	KLD: 4.073, 3.467, 3.046, 2.351, 1.775, 1.398, 0.175, 0.477, 0.333, 0.197 (17.168)	Grad: 1689.4
[Epoch   4 (62.43s)]	ELBO (bits/dim): 2.57601, 2.70484, 2.81251, 2.89119, 2.94048, 2.96255, 2.96277, 2.96264, 2.96239, 2.96197 (3.00759)	Reconstruction error (/dim): 0.07273, 0.06717, 0.05940, 0.05247, 0.04726, 0.04520, 0.04519, 0.04528, 0.04530, 0.04538 (0.04188)	KLD: 3.738, 3.253, 3.177, 2.600, 2.114, 1.618, 0.116, 0.158, 0.220, 0.127 (18.017)	Grad: 1487.4
[Epoch   5 (63.33s)]	ELBO (bits/dim): 2.58474, 2.71544, 2.83897, 2.92108, 2.97319, 3.00850, 3.01441, 3.01464, 3.01432, 3.01383 (3.05347)	Reconstruction error (/dim): 0.07202, 0.06639, 0.05753, 0.05043, 0.04522, 0.04176, 0.04119, 0.04125, 0.04135, 0.04147 (0.03835)	KLD: 3.593, 3.294, 3.246, 2.592, 2.127, 2.005, 0.743, 0.136, 0.127, 0.099 (18.122)	Grad: 1623.0
[Epoch   6 (63.19s)]	ELBO (bits/dim): 2.58980, 2.72553, 2.85858, 2.94092, 2.99355, 3.03441, 3.05072, 3.05081, 3.05058, 3.05011 (3.07518)	Reconstruction error (/dim): 0.07163, 0.06520, 0.05597, 0.04901, 0.04405, 0.04010, 0.03857, 0.03867, 0.03879, 0.03889 (0.03663)	KLD: 3.489, 3.303, 3.239, 2.556, 2.146, 2.112, 1.470, 0.104, 0.058, 0.073 (18.227)	Grad: 1549.0
[Epoch   7 (63.82s)]	ELBO (bits/dim): 2.59341, 2.73380, 2.87171, 2.95501, 3.00732, 3.05043, 3.06895, 3.06893, 3.06886, 3.06844 (3.09191)	Reconstruction error (/dim): 0.07146, 0.06425, 0.05487, 0.04796, 0.04318, 0.03907, 0.03738, 0.03743, 0.03753, 0.03763 (0.03559)	KLD: 3.416, 3.318, 3.202, 2.565, 2.151, 2.129, 1.554, 0.076, 0.035, 0.051 (18.245)	Grad: 1566.5
[Epoch   8 (64.55s)]	ELBO (bits/dim): 2.59590, 2.74043, 2.88146, 2.96506, 3.01736, 3.06244, 3.08227, 3.08230, 3.08220, 3.08177 (3.10122)	Reconstruction error (/dim): 0.07141, 0.06357, 0.05405, 0.04724, 0.04253, 0.03827, 0.03645, 0.03649, 0.03658, 0.03667 (0.03493)	KLD: 3.378, 3.320, 3.186, 2.577, 2.164, 2.147, 1.608, 0.062, 0.025, 0.038 (18.022)	Grad: 1526.4
[Epoch   9 (64.79s)]	ELBO (bits/dim): 2.59796, 2.74581, 2.88923, 2.97284, 3.02546, 3.07210, 3.09305, 3.09302, 3.09283, 3.09260 (3.11206)	Reconstruction error (/dim): 0.07137, 0.06304, 0.05342, 0.04670, 0.04200, 0.03764, 0.03571, 0.03574, 0.03582, 0.03586 (0.03467)	KLD: 3.363, 3.315, 3.166, 2.581, 2.174, 2.152, 1.651, 0.062, 0.021, 0.027 (18.719)	Grad: 1467.8
[Epoch  10 (65.45s)]	ELBO (bits/dim): 2.60089, 2.75121, 2.89608, 2.97977, 3.03259, 3.08023, 3.10236, 3.10251, 3.10230, 3.10206 (3.12077)	Reconstruction error (/dim): 0.07116, 0.06254, 0.05287, 0.04622, 0.04152, 0.03712, 0.03506, 0.03506, 0.03512, 0.03520 (0.03356)	KLD: 3.361, 3.318, 3.143, 2.595, 2.187, 2.153, 1.690, 0.088, 0.018, 0.023 (18.168)	Grad: 1475.2
[Epoch  11 (64.44s)]	ELBO (bits/dim): 2.60315, 2.75555, 2.90095, 2.98502, 3.03804, 3.08639, 3.11014, 3.11121, 3.11121, 3.11099 (3.13302)	Reconstruction error (/dim): 0.07101, 0.06205, 0.05246, 0.04584, 0.04121, 0.03674, 0.03454, 0.03445, 0.03448, 0.03456 (0.03269)	KLD: 3.368, 3.317, 3.135, 2.596, 2.195, 2.148, 1.730, 0.356, 0.022, 0.022 (19.551)	Grad: 1481.1
[Epoch  12 (63.49s)]	ELBO (bits/dim): 2.60586, 2.76028, 2.90611, 2.99038, 3.04339, 3.09217, 3.11701, 3.12276, 3.12274, 3.12243 (3.14131)	Reconstruction error (/dim): 0.07085, 0.06166, 0.05203, 0.04545, 0.04090, 0.03641, 0.03413, 0.03354, 0.03358, 0.03365 (0.03202)	KLD: 3.387, 3.334, 3.128, 2.604, 2.208, 2.144, 1.757, 0.980, 0.026, 0.021 (19.408)	Grad: 1362.7
[Epoch  13 (63.91s)]	ELBO (bits/dim): 2.60836, 2.76427, 2.90958, 2.99444, 3.04766, 3.09681, 3.12230, 3.13095, 3.13087, 3.13068 (3.14771)	Reconstruction error (/dim): 0.07066, 0.06127, 0.05173, 0.04513, 0.04063, 0.03616, 0.03383, 0.03295, 0.03301, 0.03306 (0.03185)	KLD: 3.404, 3.346, 3.128, 2.608, 2.202, 2.154, 1.764, 1.193, 0.026, 0.019 (20.173)	Grad: 1432.1
[Epoch  14 (63.54s)]	ELBO (bits/dim): 2.61127, 2.76878, 2.91314, 2.99826, 3.05175, 3.10128, 3.12719, 3.13748, 3.13750, 3.13730 (3.15405)	Reconstruction error (/dim): 0.07041, 0.06091, 0.05145, 0.04485, 0.04034, 0.03588, 0.03353, 0.03248, 0.03255, 0.03258 (0.03137)	KLD: 3.431, 3.357, 3.124, 2.625, 2.214, 2.156, 1.769, 1.279, 0.030, 0.018 (19.651)	Grad: 1415.4
[Epoch  15 (65.58s)]	ELBO (bits/dim): 2.61410, 2.77232, 2.91580, 3.00159, 3.05515, 3.10494, 3.13124, 3.14282, 3.14271, 3.14272 (3.16060)	Reconstruction error (/dim): 0.07011, 0.06057, 0.05125, 0.04461, 0.04010, 0.03568, 0.03329, 0.03212, 0.03218, 0.03221 (0.03078)	KLD: 3.452, 3.365, 3.120, 2.625, 2.214, 2.160, 1.778, 1.345, 0.035, 0.020 (20.147)	Grad: 1404.5
[Epoch  16 (64.39s)]	ELBO (bits/dim): 2.61671, 2.77592, 2.91844, 3.00458, 3.05816, 3.10816, 3.13488, 3.14755, 3.14749, 3.14744 (3.16397)	Reconstruction error (/dim): 0.06990, 0.06022, 0.05104, 0.04439, 0.03986, 0.03545, 0.03303, 0.03178, 0.03181, 0.03184 (0.03043)	KLD: 3.472, 3.376, 3.121, 2.635, 2.217, 2.164, 1.783, 1.392, 0.046, 0.024 (20.247)	Grad: 1392.6
[Epoch  17 (63.66s)]	ELBO (bits/dim): 2.61903, 2.77899, 2.92052, 3.00718, 3.06096, 3.11117, 3.13812, 3.15172, 3.15181, 3.15167 (3.16842)	Reconstruction error (/dim): 0.06969, 0.05997, 0.05093, 0.04420, 0.03968, 0.03528, 0.03284, 0.03148, 0.03151, 0.03154 (0.03010)	KLD: 3.491, 3.384, 3.114, 2.637, 2.220, 2.164, 1.793, 1.433, 0.072, 0.033 (20.554)	Grad: 1392.3
[Epoch  18 (63.62s)]	ELBO (bits/dim): 2.62268, 2.78225, 2.92276, 3.00941, 3.06354, 3.11355, 3.14091, 3.15528, 3.15543, 3.15547 (3.17077)	Reconstruction error (/dim): 0.06928, 0.05966, 0.05075, 0.04404, 0.03948, 0.03514, 0.03269, 0.03123, 0.03126, 0.03126 (0.03005)	KLD: 3.520, 3.395, 3.116, 2.636, 2.227, 2.166, 1.795, 1.458, 0.130, 0.041 (20.903)	Grad: 1444.4
[Epoch  19 (63.94s)]	ELBO (bits/dim): 2.62590, 2.78577, 2.92528, 3.01183, 3.06597, 3.11600, 3.14366, 3.15843, 3.15929, 3.15923 (3.17525)	Reconstruction error (/dim): 0.06899, 0.05938, 0.05054, 0.04387, 0.03930, 0.03496, 0.03249, 0.03101, 0.03094, 0.03096 (0.02977)	KLD: 3.545, 3.404, 3.125, 2.637, 2.229, 2.172, 1.802, 1.474, 0.293, 0.053 (20.878)	Grad: 1496.5
[Epoch  20 (64.30s)]	ELBO (bits/dim): 2.62839, 2.78859, 2.92797, 3.01398, 3.06820, 3.11812, 3.14612, 3.16122, 3.16425, 3.16419 (3.18071)	Reconstruction error (/dim): 0.06881, 0.05916, 0.05031, 0.04371, 0.03915, 0.03484, 0.03233, 0.03083, 0.03051, 0.03052 (0.02924)	KLD: 3.567, 3.417, 3.124, 2.640, 2.234, 2.162, 1.815, 1.490, 0.709, 0.055 (21.566)	Grad: 1385.8
[Epoch  21 (64.96s)]	ELBO (bits/dim): 2.63068, 2.79145, 2.92981, 3.01569, 3.07000, 3.11975, 3.14784, 3.16345, 3.16869, 3.16864 (3.18302)	Reconstruction error (/dim): 0.06868, 0.05895, 0.05018, 0.04360, 0.03902, 0.03475, 0.03224, 0.03070, 0.03013, 0.03013 (0.02900)	KLD: 3.592, 3.426, 3.121, 2.649, 2.233, 2.154, 1.808, 1.492, 0.993, 0.041 (21.929)	Grad: 1429.4
[Epoch  22 (64.24s)]	ELBO (bits/dim): 2.63374, 2.79411, 2.93181, 3.01739, 3.07172, 3.12142, 3.14981, 3.16554, 3.17222, 3.17212 (3.18512)	Reconstruction error (/dim): 0.06849, 0.05877, 0.05007, 0.04349, 0.03892, 0.03465, 0.03214, 0.03057, 0.02986, 0.02987 (0.02892)	KLD: 3.607, 3.437, 3.123, 2.660, 2.240, 2.161, 1.821, 1.500, 1.111, 0.035 (21.882)	Grad: 1453.4
[Epoch  23 (63.83s)]	ELBO (bits/dim): 2.63630, 2.79687, 2.93361, 3.01916, 3.07351, 3.12318, 3.15175, 3.16762, 3.17532, 3.17528 (3.18963)	Reconstruction error (/dim): 0.06828, 0.05852, 0.04991, 0.04334, 0.03877, 0.03454, 0.03199, 0.03043, 0.02961, 0.02962 (0.02848)	KLD: 3.635, 3.446, 3.124, 2.665, 2.243, 2.155, 1.823, 1.510, 1.180, 0.035 (21.840)	Grad: 1446.5
[Epoch  24 (69.02s)]	ELBO (bits/dim): 2.63853, 2.79914, 2.93516, 3.02064, 3.07526, 3.12457, 3.15326, 3.16924, 3.17742, 3.17741 (3.19221)	Reconstruction error (/dim): 0.06813, 0.05835, 0.04979, 0.04323, 0.03863, 0.03443, 0.03189, 0.03031, 0.02946, 0.02946 (0.02834)	KLD: 3.657, 3.458, 3.124, 2.669, 2.243, 2.149, 1.826, 1.508, 1.221, 0.035 (21.804)	Grad: 1547.2
[Epoch  25 (68.97s)]	ELBO (bits/dim): 2.64008, 2.80111, 2.93669, 3.02204, 3.07690, 3.12604, 3.15490, 3.17081, 3.17970, 3.17958 (3.19138)	Reconstruction error (/dim): 0.06800, 0.05817, 0.04967, 0.04311, 0.03851, 0.03435, 0.03178, 0.03022, 0.02929, 0.02932 (0.02825)	KLD: 3.668, 3.468, 3.120, 2.679, 2.249, 2.151, 1.832, 1.524, 1.242, 0.039 (22.082)	Grad: 1519.4
[Epoch  26 (73.34s)]	ELBO (bits/dim): 2.64243, 2.80408, 2.93862, 3.02396, 3.07843, 3.12761, 3.15639, 3.17258, 3.18178, 3.18181 (3.19436)	Reconstruction error (/dim): 0.06784, 0.05794, 0.04956, 0.04297, 0.03842, 0.03425, 0.03169, 0.03010, 0.02915, 0.02916 (0.02794)	KLD: 3.691, 3.478, 3.125, 2.681, 2.247, 2.152, 1.825, 1.528, 1.269, 0.046 (22.124)	Grad: 1547.6
[Epoch  27 (69.16s)]	ELBO (bits/dim): 2.64369, 2.80684, 2.94016, 3.02546, 3.07997, 3.12881, 3.15792, 3.17412, 3.18368, 3.18365 (3.19770)	Reconstruction error (/dim): 0.06774, 0.05769, 0.04944, 0.04284, 0.03828, 0.03415, 0.03157, 0.02999, 0.02901, 0.02902 (0.02782)	KLD: 3.701, 3.487, 3.127, 2.686, 2.254, 2.152, 1.833, 1.529, 1.288, 0.057 (22.041)	Grad: 1504.4
[Epoch  28 (65.86s)]	ELBO (bits/dim): 2.64559, 2.80883, 2.94183, 3.02684, 3.08146, 3.13015, 3.15942, 3.17577, 3.18572, 3.18566 (3.19889)	Reconstruction error (/dim): 0.06761, 0.05759, 0.04934, 0.04275, 0.03819, 0.03408, 0.03148, 0.02989, 0.02887, 0.02889 (0.02776)	KLD: 3.725, 3.501, 3.131, 2.693, 2.255, 2.149, 1.829, 1.531, 1.302, 0.067 (22.294)	Grad: 1495.8
[Epoch  29 (66.64s)]	ELBO (bits/dim): 2.64709, 2.81085, 2.94325, 3.02825, 3.08286, 3.13132, 3.16067, 3.17702, 3.18727, 3.18724 (3.20071)	Reconstruction error (/dim): 0.06749, 0.05748, 0.04923, 0.04262, 0.03806, 0.03399, 0.03138, 0.02980, 0.02877, 0.02877 (0.02763)	KLD: 3.728, 3.509, 3.134, 2.700, 2.261, 2.149, 1.832, 1.539, 1.315, 0.078 (22.336)	Grad: 1529.9
[Epoch  30 (70.21s)]	ELBO (bits/dim): 2.64845, 2.81256, 2.94498, 3.02929, 3.08390, 3.13235, 3.16163, 3.17816, 3.18860, 3.18864 (3.20159)	Reconstruction error (/dim): 0.06738, 0.05736, 0.04907, 0.04253, 0.03798, 0.03391, 0.03132, 0.02971, 0.02867, 0.02866 (0.02755)	KLD: 3.749, 3.515, 3.134, 2.703, 2.259, 2.144, 1.836, 1.538, 1.326, 0.093 (22.496)	Grad: 1556.3
[Epoch  31 (67.59s)]	ELBO (bits/dim): 2.64986, 2.81466, 2.94671, 3.03071, 3.08523, 3.13337, 3.16281, 3.17947, 3.19011, 3.19020 (3.20541)	Reconstruction error (/dim): 0.06728, 0.05722, 0.04897, 0.04239, 0.03789, 0.03386, 0.03125, 0.02965, 0.02859, 0.02857 (0.02756)	KLD: 3.756, 3.522, 3.133, 2.702, 2.268, 2.145, 1.837, 1.541, 1.333, 0.120 (22.419)	Grad: 1559.9
[Epoch  32 (68.19s)]	ELBO (bits/dim): 2.65125, 2.81648, 2.94796, 3.03176, 3.08633, 3.13445, 3.16382, 3.18050, 3.19127, 3.19161 (3.20374)	Reconstruction error (/dim): 0.06720, 0.05712, 0.04888, 0.04231, 0.03781, 0.03378, 0.03118, 0.02957, 0.02851, 0.02848 (0.02766)	KLD: 3.766, 3.534, 3.134, 2.711, 2.266, 2.145, 1.830, 1.548, 1.342, 0.166 (22.635)	Grad: 1542.1
[Epoch  33 (67.14s)]	ELBO (bits/dim): 2.65254, 2.81812, 2.94944, 3.03329, 3.08785, 3.13561, 3.16502, 3.18173, 3.19268, 3.19300 (3.20365)	Reconstruction error (/dim): 0.06709, 0.05702, 0.04880, 0.04218, 0.03771, 0.03371, 0.03110, 0.02949, 0.02841, 0.02837 (0.02758)	KLD: 3.781, 3.535, 3.138, 2.716, 2.268, 2.144, 1.832, 1.544, 1.346, 0.228 (22.481)	Grad: 1568.1
[Epoch  34 (76.99s)]	ELBO (bits/dim): 2.65397, 2.82003, 2.95062, 3.03434, 3.08906, 3.13649, 3.16587, 3.18249, 3.19357, 3.19418 (3.20668)	Reconstruction error (/dim): 0.06699, 0.05689, 0.04870, 0.04211, 0.03760, 0.03364, 0.03105, 0.02945, 0.02837, 0.02828 (0.02729)	KLD: 3.794, 3.553, 3.138, 2.722, 2.270, 2.140, 1.837, 1.555, 1.365, 0.325 (23.137)	Grad: 1590.0
[Epoch  35 (67.56s)]	ELBO (bits/dim): 2.65498, 2.82134, 2.95153, 3.03531, 3.08997, 3.13738, 3.16667, 3.18348, 3.19459, 3.19559 (3.20825)	Reconstruction error (/dim): 0.06693, 0.05682, 0.04864, 0.04203, 0.03751, 0.03356, 0.03098, 0.02936, 0.02828, 0.02817 (0.02726)	KLD: 3.803, 3.554, 3.142, 2.723, 2.271, 2.138, 1.833, 1.555, 1.355, 0.460 (23.196)	Grad: 1649.1
[Epoch  36 (73.03s)]	ELBO (bits/dim): 2.65642, 2.82303, 2.95286, 3.03665, 3.09120, 3.13841, 3.16763, 3.18453, 3.19582, 3.19737 (3.21051)	Reconstruction error (/dim): 0.06682, 0.05672, 0.04855, 0.04192, 0.03743, 0.03349, 0.03093, 0.02932, 0.02820, 0.02803 (0.02705)	KLD: 3.817, 3.568, 3.143, 2.729, 2.269, 2.137, 1.831, 1.556, 1.363, 0.600 (22.712)	Grad: 1547.6
[Epoch  37 (78.07s)]	ELBO (bits/dim): 2.65742, 2.82456, 2.95381, 3.03772, 3.09237, 3.13927, 3.16840, 3.18513, 3.19652, 3.19868 (3.21162)	Reconstruction error (/dim): 0.06673, 0.05665, 0.04850, 0.04185, 0.03733, 0.03344, 0.03087, 0.02925, 0.02815, 0.02793 (0.02710)	KLD: 3.829, 3.573, 3.143, 2.728, 2.273, 2.143, 1.827, 1.559, 1.365, 0.711 (23.076)	Grad: 1620.4
[Epoch  38 (69.72s)]	ELBO (bits/dim): 2.65884, 2.82599, 2.95490, 3.03877, 3.09334, 3.13999, 3.16932, 3.18635, 3.19767, 3.20028 (3.21344)	Reconstruction error (/dim): 0.06665, 0.05657, 0.04842, 0.04176, 0.03727, 0.03338, 0.03081, 0.02918, 0.02806, 0.02781 (0.02670)	KLD: 3.842, 3.581, 3.144, 2.736, 2.274, 2.138, 1.828, 1.553, 1.367, 0.790 (23.220)	Grad: 1659.6
[Epoch  39 (68.10s)]	ELBO (bits/dim): 2.66018, 2.82792, 2.95628, 3.04015, 3.09475, 3.14136, 3.17053, 3.18746, 3.19903, 3.20194 (3.21373)	Reconstruction error (/dim): 0.06654, 0.05647, 0.04832, 0.04166, 0.03716, 0.03329, 0.03074, 0.02910, 0.02797, 0.02769 (0.02673)	KLD: 3.852, 3.593, 3.144, 2.745, 2.275, 2.133, 1.831, 1.559, 1.371, 0.845 (23.325)	Grad: 1548.4
[Epoch  40 (68.84s)]	ELBO (bits/dim): 2.66126, 2.82950, 2.95692, 3.04075, 3.09537, 3.14158, 3.17069, 3.18780, 3.19910, 3.20271 (3.21452)	Reconstruction error (/dim): 0.06640, 0.05639, 0.04827, 0.04161, 0.03712, 0.03328, 0.03073, 0.02908, 0.02798, 0.02763 (0.02664)	KLD: 3.871, 3.594, 3.146, 2.746, 2.277, 2.137, 1.830, 1.554, 1.367, 0.875 (23.641)	Grad: 1695.5
[Epoch  41 (69.71s)]	ELBO (bits/dim): 2.66272, 2.83105, 2.95792, 3.04169, 3.09640, 3.14244, 3.17173, 3.18888, 3.20039, 3.20411 (3.21538)	Reconstruction error (/dim): 0.06629, 0.05630, 0.04821, 0.04154, 0.03703, 0.03321, 0.03066, 0.02900, 0.02787, 0.02751 (0.02652)	KLD: 3.878, 3.602, 3.148, 2.751, 2.276, 2.130, 1.827, 1.561, 1.380, 0.904 (23.580)	Grad: 1575.6
[Epoch  42 (69.48s)]	ELBO (bits/dim): 2.66353, 2.83254, 2.95883, 3.04258, 3.09726, 3.14332, 3.17234, 3.18957, 3.20105, 3.20504 (3.21730)	Reconstruction error (/dim): 0.06623, 0.05624, 0.04815, 0.04149, 0.03696, 0.03314, 0.03061, 0.02896, 0.02785, 0.02745 (0.02631)	KLD: 3.887, 3.611, 3.154, 2.758, 2.278, 2.136, 1.824, 1.560, 1.370, 0.923 (23.223)	Grad: 1750.1
[Epoch  43 (70.59s)]	ELBO (bits/dim): 2.66508, 2.83427, 2.96029, 3.04381, 3.09826, 3.14423, 3.17329, 3.19037, 3.20195, 3.20630 (3.21768)	Reconstruction error (/dim): 0.06610, 0.05612, 0.04801, 0.04137, 0.03689, 0.03309, 0.03055, 0.02892, 0.02779, 0.02735 (0.02641)	KLD: 3.900, 3.612, 3.154, 2.759, 2.276, 2.134, 1.821, 1.563, 1.383, 0.952 (23.474)	Grad: 1616.6
[Epoch  44 (69.42s)]	ELBO (bits/dim): 2.66639, 2.83572, 2.96139, 3.04483, 3.09941, 3.14524, 3.17425, 3.19135, 3.20295, 3.20743 (3.21885)	Reconstruction error (/dim): 0.06599, 0.05605, 0.04795, 0.04130, 0.03680, 0.03301, 0.03049, 0.02884, 0.02772, 0.02726 (0.02626)	KLD: 3.910, 3.621, 3.153, 2.761, 2.281, 2.131, 1.827, 1.564, 1.385, 0.967 (23.622)	Grad: 1568.7
[Epoch  45 (69.51s)]	ELBO (bits/dim): 2.66733, 2.83675, 2.96198, 3.04526, 3.09988, 3.14544, 3.17432, 3.19170, 3.20325, 3.20795 (3.21927)	Reconstruction error (/dim): 0.06594, 0.05597, 0.04791, 0.04127, 0.03676, 0.03299, 0.03049, 0.02882, 0.02770, 0.02723 (0.02617)	KLD: 3.921, 3.624, 3.151, 2.765, 2.278, 2.130, 1.823, 1.566, 1.385, 0.985 (23.843)	Grad: 1717.6
[Epoch  46 (70.14s)]	ELBO (bits/dim): 2.66840, 2.83815, 2.96289, 3.04601, 3.10055, 3.14595, 3.17494, 3.19226, 3.20371, 3.20854 (3.21914)	Reconstruction error (/dim): 0.06589, 0.05589, 0.04785, 0.04121, 0.03671, 0.03297, 0.03046, 0.02880, 0.02769, 0.02720 (0.02621)	KLD: 3.932, 3.628, 3.158, 2.765, 2.279, 2.131, 1.820, 1.571, 1.386, 0.994 (24.043)	Grad: 1656.7
[Epoch  47 (71.92s)]	ELBO (bits/dim): 2.66921, 2.83894, 2.96381, 3.04674, 3.10125, 3.14644, 3.17535, 3.19270, 3.20430, 3.20920 (3.21724)	Reconstruction error (/dim): 0.06581, 0.05583, 0.04777, 0.04115, 0.03666, 0.03292, 0.03042, 0.02877, 0.02763, 0.02713 (0.02661)	KLD: 3.938, 3.634, 3.155, 2.771, 2.282, 2.128, 1.826, 1.564, 1.385, 1.008 (23.096)	Grad: 1778.4
[Epoch  48 (75.98s)]	ELBO (bits/dim): 2.67039, 2.84043, 2.96498, 3.04773, 3.10218, 3.14741, 3.17612, 3.19348, 3.20513, 3.21008 (3.22201)	Reconstruction error (/dim): 0.06575, 0.05573, 0.04767, 0.04108, 0.03658, 0.03286, 0.03037, 0.02871, 0.02758, 0.02707 (0.02608)	KLD: 3.945, 3.643, 3.156, 2.774, 2.281, 2.132, 1.823, 1.574, 1.391, 1.018 (23.772)	Grad: 1660.2
[Epoch  49 (77.99s)]	ELBO (bits/dim): 2.67112, 2.84140, 2.96557, 3.04824, 3.10268, 3.14779, 3.17646, 3.19384, 3.20556, 3.21067 (3.22188)	Reconstruction error (/dim): 0.06575, 0.05567, 0.04764, 0.04102, 0.03653, 0.03282, 0.03034, 0.02867, 0.02754, 0.02701 (0.02616)	KLD: 3.959, 3.648, 3.163, 2.777, 2.288, 2.127, 1.819, 1.573, 1.388, 1.020 (23.690)	Grad: 1734.1
[Epoch  50 (72.17s)]	ELBO (bits/dim): 2.67195, 2.84234, 2.96637, 3.04921, 3.10356, 3.14853, 3.17717, 3.19458, 3.20625, 3.21155 (3.21922)	Reconstruction error (/dim): 0.06565, 0.05560, 0.04757, 0.04094, 0.03647, 0.03276, 0.03029, 0.02864, 0.02751, 0.02696 (0.02644)	KLD: 3.961, 3.653, 3.157, 2.780, 2.283, 2.127, 1.824, 1.567, 1.391, 1.030 (23.963)	Grad: 1746.2
[Epoch  51 (70.07s)]	ELBO (bits/dim): 2.67280, 2.84365, 2.96728, 3.04971, 3.10433, 3.14887, 3.17744, 3.19489, 3.20664, 3.21193 (3.22405)	Reconstruction error (/dim): 0.06559, 0.05552, 0.04750, 0.04093, 0.03641, 0.03276, 0.03028, 0.02863, 0.02749, 0.02695 (0.02594)	KLD: 3.973, 3.657, 3.156, 2.783, 2.279, 2.123, 1.818, 1.576, 1.391, 1.029 (23.615)	Grad: 1791.3
[Epoch  52 (71.42s)]	ELBO (bits/dim): 2.67338, 2.84409, 2.96796, 3.04997, 3.10457, 3.14927, 3.17776, 3.19531, 3.20693, 3.21222 (3.22177)	Reconstruction error (/dim): 0.06561, 0.05552, 0.04746, 0.04092, 0.03639, 0.03272, 0.03026, 0.02860, 0.02746, 0.02692 (0.02592)	KLD: 3.982, 3.662, 3.155, 2.785, 2.280, 2.125, 1.816, 1.576, 1.385, 1.047 (23.491)	Grad: 1758.0
[Epoch  53 (77.15s)]	ELBO (bits/dim): 2.67419, 2.84523, 2.96846, 3.05094, 3.10551, 3.14992, 3.17849, 3.19595, 3.20766, 3.21309 (3.22526)	Reconstruction error (/dim): 0.06551, 0.05544, 0.04742, 0.04082, 0.03633, 0.03270, 0.03022, 0.02856, 0.02742, 0.02686 (0.02578)	KLD: 3.993, 3.665, 3.158, 2.786, 2.277, 2.126, 1.817, 1.571, 1.399, 1.053 (23.590)	Grad: 1828.8
[Epoch  54 (80.66s)]	ELBO (bits/dim): 2.67523, 2.84646, 2.96971, 3.05162, 3.10618, 3.15053, 3.17905, 3.19651, 3.20827, 3.21368 (3.22208)	Reconstruction error (/dim): 0.06543, 0.05535, 0.04731, 0.04078, 0.03628, 0.03264, 0.03017, 0.02852, 0.02738, 0.02681 (0.02617)	KLD: 3.998, 3.672, 3.155, 2.787, 2.283, 2.124, 1.812, 1.578, 1.394, 1.046 (23.880)	Grad: 1773.8
[Epoch  55 (84.00s)]	ELBO (bits/dim): 2.67554, 2.84674, 2.96989, 3.05197, 3.10647, 3.15071, 3.17909, 3.19669, 3.20828, 3.21385 (3.22329)	Reconstruction error (/dim): 0.06544, 0.05534, 0.04732, 0.04075, 0.03626, 0.03265, 0.03019, 0.02852, 0.02739, 0.02681 (0.02600)	KLD: 4.005, 3.669, 3.160, 2.786, 2.285, 2.123, 1.815, 1.575, 1.397, 1.057 (23.870)	Grad: 1878.1
[Epoch  56 (79.95s)]	ELBO (bits/dim): 2.67645, 2.84824, 2.97105, 3.05315, 3.10763, 3.15169, 3.18010, 3.19772, 3.20932, 3.21488 (3.22669)	Reconstruction error (/dim): 0.06535, 0.05523, 0.04721, 0.04065, 0.03614, 0.03257, 0.03011, 0.02843, 0.02733, 0.02674 (0.02585)	KLD: 4.015, 3.678, 3.158, 2.796, 2.279, 2.121, 1.816, 1.571, 1.397, 1.066 (23.610)	Grad: 1704.6
[Epoch  57 (78.64s)]	ELBO (bits/dim): 2.67722, 2.84914, 2.97174, 3.05361, 3.10792, 3.15192, 3.18030, 3.19794, 3.20952, 3.21524 (3.22536)	Reconstruction error (/dim): 0.06529, 0.05518, 0.04715, 0.04061, 0.03614, 0.03255, 0.03010, 0.02842, 0.02731, 0.02671 (0.02575)	KLD: 4.022, 3.677, 3.155, 2.796, 2.279, 2.126, 1.815, 1.581, 1.399, 1.057 (23.455)	Grad: 1882.9
[Epoch  58 (81.20s)]	ELBO (bits/dim): 2.67796, 2.84957, 2.97203, 3.05391, 3.10830, 3.15220, 3.18045, 3.19808, 3.20972, 3.21537 (3.22574)	Reconstruction error (/dim): 0.06525, 0.05517, 0.04715, 0.04060, 0.03610, 0.03254, 0.03009, 0.02841, 0.02729, 0.02669 (0.02583)	KLD: 4.028, 3.684, 3.153, 2.796, 2.282, 2.119, 1.815, 1.577, 1.393, 1.068 (23.958)	Grad: 1787.5
[Epoch  59 (77.91s)]	ELBO (bits/dim): 2.67864, 2.85052, 2.97242, 3.05415, 3.10840, 3.15220, 3.18056, 3.19800, 3.20980, 3.21551 (3.22485)	Reconstruction error (/dim): 0.06520, 0.05510, 0.04711, 0.04056, 0.03609, 0.03253, 0.03009, 0.02844, 0.02730, 0.02670 (0.02599)	KLD: 4.038, 3.687, 3.156, 2.798, 2.282, 2.125, 1.809, 1.576, 1.395, 1.072 (23.917)	Grad: 1947.8
[Epoch  60 (73.68s)]	ELBO (bits/dim): 2.67916, 2.85140, 2.97335, 3.05521, 3.10962, 3.15321, 3.18137, 3.19900, 3.21058, 3.21640 (3.22530)	Reconstruction error (/dim): 0.06516, 0.05505, 0.04705, 0.04048, 0.03598, 0.03245, 0.03003, 0.02835, 0.02724, 0.02664 (0.02594)	KLD: 4.043, 3.693, 3.153, 2.797, 2.279, 2.123, 1.809, 1.585, 1.397, 1.080 (24.281)	Grad: 1833.9
[Epoch  61 (73.38s)]	ELBO (bits/dim): 2.68000, 2.85242, 2.97403, 3.05546, 3.10993, 3.15356, 3.18164, 3.19913, 3.21074, 3.21653 (3.22623)	Reconstruction error (/dim): 0.06512, 0.05501, 0.04700, 0.04047, 0.03597, 0.03243, 0.03001, 0.02837, 0.02723, 0.02663 (0.02580)	KLD: 4.054, 3.700, 3.155, 2.799, 2.283, 2.121, 1.806, 1.576, 1.392, 1.076 (24.101)	Grad: 1879.6
[Epoch  62 (79.46s)]	ELBO (bits/dim): 2.68100, 2.85331, 2.97516, 3.05620, 3.11059, 3.15390, 3.18206, 3.19957, 3.21116, 3.21699 (3.22747)	Reconstruction error (/dim): 0.06501, 0.05493, 0.04689, 0.04040, 0.03590, 0.03239, 0.02996, 0.02831, 0.02719, 0.02657 (0.02569)	KLD: 4.055, 3.702, 3.152, 2.797, 2.280, 2.123, 1.806, 1.582, 1.396, 1.063 (23.579)	Grad: 1798.5
[Epoch  63 (79.95s)]	ELBO (bits/dim): 2.68177, 2.85421, 2.97589, 3.05667, 3.11095, 3.15431, 3.18229, 3.19954, 3.21118, 3.21704 (3.22543)	Reconstruction error (/dim): 0.06497, 0.05487, 0.04684, 0.04038, 0.03587, 0.03237, 0.02995, 0.02833, 0.02720, 0.02659 (0.02604)	KLD: 4.067, 3.709, 3.151, 2.797, 2.281, 2.120, 1.808, 1.579, 1.391, 1.085 (23.798)	Grad: 1869.6
[Epoch  64 (80.86s)]	ELBO (bits/dim): 2.68226, 2.85460, 2.97604, 3.05687, 3.11124, 3.15464, 3.18245, 3.19989, 3.21152, 3.21713 (3.22705)	Reconstruction error (/dim): 0.06492, 0.05486, 0.04684, 0.04036, 0.03586, 0.03235, 0.02997, 0.02831, 0.02719, 0.02659 (0.02576)	KLD: 4.072, 3.710, 3.155, 2.804, 2.288, 2.122, 1.802, 1.579, 1.402, 1.073 (24.076)	Grad: 2017.9
[Epoch  65 (82.40s)]	ELBO (bits/dim): 2.68268, 2.85551, 2.97686, 3.05745, 3.11184, 3.15515, 3.18301, 3.20044, 3.21209, 3.21794 (3.22907)	Reconstruction error (/dim): 0.06491, 0.05479, 0.04677, 0.04031, 0.03582, 0.03231, 0.02992, 0.02827, 0.02715, 0.02653 (0.02561)	KLD: 4.085, 3.712, 3.151, 2.800, 2.281, 2.123, 1.803, 1.580, 1.399, 1.092 (23.816)	Grad: 1896.2
[Epoch  66 (84.97s)]	ELBO (bits/dim): 2.68311, 2.85506, 2.97650, 3.05714, 3.11162, 3.15469, 3.18255, 3.19988, 3.21137, 3.21734 (3.22621)	Reconstruction error (/dim): 0.06486, 0.05483, 0.04680, 0.04033, 0.03581, 0.03234, 0.02994, 0.02830, 0.02720, 0.02657 (0.02585)	KLD: 4.085, 3.713, 3.156, 2.807, 2.283, 2.117, 1.802, 1.574, 1.393, 1.095 (23.939)	Grad: 1933.3
[Epoch  67 (85.04s)]	ELBO (bits/dim): 2.68410, 2.85606, 2.97737, 3.05811, 3.11247, 3.15538, 3.18320, 3.20050, 3.21217, 3.21804 (3.22753)	Reconstruction error (/dim): 0.06477, 0.05478, 0.04674, 0.04027, 0.03576, 0.03229, 0.02990, 0.02826, 0.02714, 0.02652 (0.02563)	KLD: 4.093, 3.719, 3.153, 2.803, 2.285, 2.116, 1.802, 1.578, 1.394, 1.093 (23.821)	Grad: 1989.5
[Epoch  68 (81.56s)]	ELBO (bits/dim): 2.68466, 2.85728, 2.97837, 3.05915, 3.11371, 3.15672, 3.18448, 3.20164, 3.21330, 3.21904 (3.22822)	Reconstruction error (/dim): 0.06474, 0.05468, 0.04666, 0.04017, 0.03566, 0.03218, 0.02980, 0.02817, 0.02706, 0.02643 (0.02573)	KLD: 4.102, 3.723, 3.150, 2.808, 2.284, 2.114, 1.797, 1.574, 1.398, 1.083 (23.834)	Grad: 1808.7
[Epoch  69 (84.17s)]	ELBO (bits/dim): 2.68519, 2.85773, 2.97834, 3.05900, 3.11355, 3.15624, 3.18383, 3.20113, 3.21262, 3.21861 (3.22846)	Reconstruction error (/dim): 0.06471, 0.05467, 0.04668, 0.04019, 0.03567, 0.03224, 0.02986, 0.02824, 0.02713, 0.02648 (0.02572)	KLD: 4.105, 3.721, 3.148, 2.809, 2.285, 2.115, 1.796, 1.573, 1.388, 1.097 (24.229)	Grad: 2035.1
[Epoch  70 (77.84s)]	ELBO (bits/dim): 2.68576, 2.85842, 2.97904, 3.05940, 3.11388, 3.15669, 3.18440, 3.20158, 3.21325, 3.21909 (3.22893)	Reconstruction error (/dim): 0.06466, 0.05461, 0.04661, 0.04017, 0.03565, 0.03219, 0.02980, 0.02819, 0.02707, 0.02644 (0.02567)	KLD: 4.115, 3.722, 3.152, 2.809, 2.286, 2.122, 1.803, 1.578, 1.386, 1.102 (23.920)	Grad: 1900.2
[Epoch  71 (77.76s)]	ELBO (bits/dim): 2.68654, 2.85918, 2.97973, 3.06001, 3.11467, 3.15752, 3.18509, 3.20232, 3.21392, 3.21984 (3.22780)	Reconstruction error (/dim): 0.06462, 0.05457, 0.04655, 0.04013, 0.03560, 0.03214, 0.02977, 0.02815, 0.02703, 0.02641 (0.02577)	KLD: 4.119, 3.730, 3.150, 2.812, 2.289, 2.115, 1.793, 1.575, 1.392, 1.094 (24.600)	Grad: 1967.4
[Epoch  72 (82.07s)]	ELBO (bits/dim): 2.68719, 2.85995, 2.98043, 3.06059, 3.11499, 3.15762, 3.18516, 3.20228, 3.21387, 3.21992 (3.22956)	Reconstruction error (/dim): 0.06454, 0.05454, 0.04652, 0.04009, 0.03557, 0.03214, 0.02977, 0.02816, 0.02704, 0.02640 (0.02559)	KLD: 4.127, 3.729, 3.148, 2.803, 2.287, 2.113, 1.794, 1.570, 1.393, 1.092 (23.918)	Grad: 2069.5
[Epoch  73 (83.15s)]	ELBO (bits/dim): 2.68783, 2.86080, 2.98117, 3.06123, 3.11590, 3.15821, 3.18566, 3.20272, 3.21425, 3.22027 (3.23030)	Reconstruction error (/dim): 0.06450, 0.05447, 0.04644, 0.04002, 0.03549, 0.03208, 0.02973, 0.02811, 0.02700, 0.02636 (0.02551)	KLD: 4.130, 3.734, 3.149, 2.809, 2.290, 2.119, 1.795, 1.571, 1.395, 1.087 (24.033)	Grad: 1859.4
[Epoch  74 (81.35s)]	ELBO (bits/dim): 2.68819, 2.86110, 2.98135, 3.06169, 3.11629, 3.15840, 3.18604, 3.20307, 3.21478, 3.22076 (3.22958)	Reconstruction error (/dim): 0.06453, 0.05449, 0.04645, 0.03999, 0.03546, 0.03207, 0.02969, 0.02809, 0.02697, 0.02632 (0.02573)	KLD: 4.135, 3.740, 3.144, 2.814, 2.293, 2.113, 1.799, 1.574, 1.393, 1.097 (23.869)	Grad: 1982.4
[Epoch  75 (71.73s)]	ELBO (bits/dim): 2.68899, 2.86202, 2.98218, 3.06177, 3.11634, 3.15851, 3.18597, 3.20297, 3.21454, 3.22062 (3.22867)	Reconstruction error (/dim): 0.06443, 0.05441, 0.04636, 0.03999, 0.03547, 0.03206, 0.02970, 0.02811, 0.02700, 0.02634 (0.02557)	KLD: 4.143, 3.737, 3.143, 2.809, 2.287, 2.111, 1.795, 1.576, 1.392, 1.103 (24.414)	Grad: 2118.7
[Epoch  76 (64.62s)]	ELBO (bits/dim): 2.68897, 2.86214, 2.98203, 3.06184, 3.11652, 3.15832, 3.18581, 3.20277, 3.21443, 3.22042 (3.23012)	Reconstruction error (/dim): 0.06444, 0.05440, 0.04637, 0.03997, 0.03544, 0.03207, 0.02972, 0.02812, 0.02700, 0.02635 (0.02555)	KLD: 4.148, 3.740, 3.145, 2.809, 2.286, 2.112, 1.795, 1.578, 1.387, 1.101 (24.066)	Grad: 2036.6
[Epoch  77 (61.73s)]	ELBO (bits/dim): 2.68978, 2.86309, 2.98308, 3.06276, 3.11759, 3.15937, 3.18678, 3.20373, 3.21541, 3.22145 (3.22975)	Reconstruction error (/dim): 0.06434, 0.05432, 0.04629, 0.03991, 0.03535, 0.03200, 0.02965, 0.02805, 0.02694, 0.02629 (0.02534)	KLD: 4.152, 3.745, 3.149, 2.811, 2.289, 2.115, 1.793, 1.572, 1.387, 1.096 (24.216)	Grad: 1991.1
[Epoch  78 (63.50s)]	ELBO (bits/dim): 2.68995, 2.86323, 2.98257, 3.06229, 3.11696, 3.15850, 3.18595, 3.20285, 3.21435, 3.22062 (3.23029)	Reconstruction error (/dim): 0.06434, 0.05432, 0.04634, 0.03995, 0.03542, 0.03207, 0.02972, 0.02813, 0.02704, 0.02636 (0.02541)	KLD: 4.156, 3.743, 3.142, 2.805, 2.285, 2.107, 1.789, 1.565, 1.383, 1.113 (23.957)	Grad: 2275.2
[Epoch  79 (65.59s)]	ELBO (bits/dim): 2.69068, 2.86421, 2.98389, 3.06345, 3.11813, 3.15966, 3.18701, 3.20386, 3.21541, 3.22143 (3.23109)	Reconstruction error (/dim): 0.06429, 0.05425, 0.04621, 0.03984, 0.03532, 0.03198, 0.02962, 0.02805, 0.02695, 0.02630 (0.02550)	KLD: 4.161, 3.743, 3.142, 2.815, 2.291, 2.113, 1.792, 1.571, 1.394, 1.099 (23.758)	Grad: 2096.5
[Epoch  80 (65.16s)]	ELBO (bits/dim): 2.69133, 2.86483, 2.98411, 3.06321, 3.11796, 3.15948, 3.18685, 3.20372, 3.21541, 3.22147 (3.23135)	Reconstruction error (/dim): 0.06423, 0.05419, 0.04620, 0.03987, 0.03533, 0.03199, 0.02965, 0.02807, 0.02695, 0.02630 (0.02541)	KLD: 4.176, 3.745, 3.135, 2.816, 2.283, 2.105, 1.792, 1.573, 1.396, 1.087 (24.171)	Grad: 2146.5
[Epoch  81 (65.36s)]	ELBO (bits/dim): 2.69160, 2.86496, 2.98449, 3.06352, 3.11837, 3.15953, 3.18685, 3.20375, 3.21532, 3.22150 (3.22842)	Reconstruction error (/dim): 0.06418, 0.05419, 0.04617, 0.03986, 0.03532, 0.03201, 0.02966, 0.02808, 0.02697, 0.02629 (0.02587)	KLD: 4.173, 3.752, 3.141, 2.809, 2.291, 2.108, 1.786, 1.575, 1.394, 1.096 (24.145)	Grad: 2157.1
[Epoch  82 (65.42s)]	ELBO (bits/dim): 2.69196, 2.86542, 2.98454, 3.06360, 3.11833, 3.15962, 3.18697, 3.20391, 3.21546, 3.22146 (3.23253)	Reconstruction error (/dim): 0.06419, 0.05417, 0.04616, 0.03986, 0.03532, 0.03199, 0.02964, 0.02804, 0.02695, 0.02630 (0.02536)	KLD: 4.169, 3.747, 3.138, 2.810, 2.288, 2.101, 1.789, 1.573, 1.396, 1.099 (23.808)	Grad: 2115.8
[Epoch  83 (70.30s)]	ELBO (bits/dim): 2.69251, 2.86615, 2.98550, 3.06444, 3.11959, 3.16093, 3.18828, 3.20522, 3.21669, 3.22280 (3.23193)	Reconstruction error (/dim): 0.06413, 0.05411, 0.04607, 0.03979, 0.03522, 0.03188, 0.02953, 0.02795, 0.02685, 0.02620 (0.02551)	KLD: 4.178, 3.760, 3.137, 2.819, 2.295, 2.105, 1.787, 1.571, 1.390, 1.103 (23.779)	Grad: 2148.4
[Epoch  84 (65.84s)]	ELBO (bits/dim): 2.69296, 2.86630, 2.98567, 3.06452, 3.11940, 3.16046, 3.18771, 3.20460, 3.21598, 3.22212 (3.23248)	Reconstruction error (/dim): 0.06412, 0.05412, 0.04609, 0.03978, 0.03524, 0.03194, 0.02959, 0.02800, 0.02692, 0.02625 (0.02529)	KLD: 4.188, 3.761, 3.137, 2.814, 2.288, 2.105, 1.792, 1.574, 1.388, 1.100 (24.073)	Grad: 2123.4
[Epoch  85 (70.39s)]	ELBO (bits/dim): 2.69411, 2.86742, 2.98628, 3.06536, 3.12056, 3.16167, 3.18894, 3.20567, 3.21725, 3.22319 (3.23331)	Reconstruction error (/dim): 0.06403, 0.05405, 0.04603, 0.03972, 0.03515, 0.03184, 0.02950, 0.02792, 0.02683, 0.02618 (0.02542)	KLD: 4.193, 3.769, 3.137, 2.817, 2.295, 2.101, 1.797, 1.567, 1.390, 1.100 (24.244)	Grad: 2155.2
[Epoch  86 (64.60s)]	ELBO (bits/dim): 2.69423, 2.86786, 2.98677, 3.06529, 3.12045, 3.16160, 3.18888, 3.20565, 3.21734, 3.22341 (3.22811)	Reconstruction error (/dim): 0.06401, 0.05401, 0.04600, 0.03974, 0.03518, 0.03185, 0.02950, 0.02793, 0.02682, 0.02616 (0.02576)	KLD: 4.194, 3.759, 3.138, 2.820, 2.294, 2.102, 1.788, 1.569, 1.394, 1.102 (23.993)	Grad: 2196.8
[Epoch  87 (64.07s)]	ELBO (bits/dim): 2.69415, 2.86789, 2.98659, 3.06478, 3.12002, 3.16079, 3.18805, 3.20477, 3.21626, 3.22239 (3.23322)	Reconstruction error (/dim): 0.06406, 0.05400, 0.04601, 0.03976, 0.03520, 0.03190, 0.02956, 0.02799, 0.02690, 0.02625 (0.02530)	KLD: 4.192, 3.765, 3.132, 2.817, 2.296, 2.106, 1.786, 1.566, 1.390, 1.093 (24.235)	Grad: 2391.8
[Epoch  88 (63.78s)]	ELBO (bits/dim): 2.69444, 2.86821, 2.98700, 3.06513, 3.12035, 3.16108, 3.18818, 3.20487, 3.21639, 3.22249 (3.23212)	Reconstruction error (/dim): 0.06402, 0.05399, 0.04600, 0.03975, 0.03516, 0.03188, 0.02956, 0.02800, 0.02689, 0.02624 (0.02529)	KLD: 4.200, 3.762, 3.128, 2.817, 2.294, 2.104, 1.789, 1.563, 1.392, 1.109 (24.450)	Grad: 2260.2
[Epoch  89 (63.35s)]	ELBO (bits/dim): 2.69515, 2.86850, 2.98704, 3.06496, 3.12025, 3.16096, 3.18819, 3.20489, 3.21621, 3.22224 (3.23058)	Reconstruction error (/dim): 0.06395, 0.05398, 0.04598, 0.03978, 0.03518, 0.03189, 0.02955, 0.02797, 0.02690, 0.02625 (0.02557)	KLD: 4.201, 3.766, 3.134, 2.823, 2.300, 2.096, 1.793, 1.572, 1.398, 1.097 (24.058)	Grad: 2338.9
[Epoch  90 (63.89s)]	ELBO (bits/dim): 2.69555, 2.86892, 2.98756, 3.06571, 3.12094, 3.16107, 3.18807, 3.20456, 3.21616, 3.22218 (3.23204)	Reconstruction error (/dim): 0.06391, 0.05392, 0.04592, 0.03966, 0.03510, 0.03187, 0.02955, 0.02800, 0.02691, 0.02626 (0.02536)	KLD: 4.204, 3.762, 3.130, 2.818, 2.295, 2.094, 1.783, 1.568, 1.392, 1.092 (24.166)	Grad: 2293.1
[Epoch  91 (64.22s)]	ELBO (bits/dim): 2.69604, 2.86977, 2.98854, 3.06688, 3.12193, 3.16226, 3.18928, 3.20585, 3.21726, 3.22332 (3.23102)	Reconstruction error (/dim): 0.06389, 0.05386, 0.04585, 0.03959, 0.03504, 0.03178, 0.02945, 0.02790, 0.02682, 0.02616 (0.02559)	KLD: 4.209, 3.772, 3.130, 2.820, 2.300, 2.096, 1.785, 1.555, 1.385, 1.103 (24.416)	Grad: 2310.1
[Epoch  92 (63.76s)]	ELBO (bits/dim): 2.69660, 2.87031, 2.98868, 3.06682, 3.12211, 3.16268, 3.18985, 3.20641, 3.21792, 3.22406 (3.23161)	Reconstruction error (/dim): 0.06383, 0.05382, 0.04583, 0.03962, 0.03504, 0.03176, 0.02942, 0.02787, 0.02677, 0.02610 (0.02539)	KLD: 4.217, 3.766, 3.131, 2.830, 2.297, 2.096, 1.789, 1.562, 1.398, 1.109 (23.889)	Grad: 2258.8
[Epoch  93 (63.50s)]	ELBO (bits/dim): 2.69707, 2.87054, 2.98894, 3.06677, 3.12229, 3.16276, 3.18974, 3.20613, 3.21765, 3.22369 (3.23349)	Reconstruction error (/dim): 0.06381, 0.05379, 0.04580, 0.03962, 0.03503, 0.03175, 0.02943, 0.02789, 0.02682, 0.02617 (0.02534)	KLD: 4.215, 3.768, 3.134, 2.829, 2.300, 2.094, 1.782, 1.556, 1.388, 1.093 (24.135)	Grad: 2369.6
[Epoch  94 (63.05s)]	ELBO (bits/dim): 2.69731, 2.87090, 2.98928, 3.06733, 3.12271, 3.16245, 3.18940, 3.20584, 3.21740, 3.22360 (3.23246)	Reconstruction error (/dim): 0.06383, 0.05377, 0.04579, 0.03957, 0.03498, 0.03177, 0.02945, 0.02791, 0.02681, 0.02615 (0.02542)	KLD: 4.222, 3.769, 3.130, 2.821, 2.301, 2.100, 1.781, 1.557, 1.396, 1.108 (24.342)	Grad: 2340.0
[Epoch  95 (63.47s)]	ELBO (bits/dim): 2.69771, 2.87096, 2.98943, 3.06751, 3.12281, 3.16313, 3.18993, 3.20627, 3.21784, 3.22399 (3.23138)	Reconstruction error (/dim): 0.06381, 0.05380, 0.04580, 0.03956, 0.03497, 0.03171, 0.02939, 0.02786, 0.02678, 0.02612 (0.02554)	KLD: 4.224, 3.776, 3.129, 2.829, 2.299, 2.096, 1.780, 1.558, 1.389, 1.105 (24.064)	Grad: 2377.5
[Epoch  96 (64.27s)]	ELBO (bits/dim): 2.69826, 2.87185, 2.98950, 3.06712, 3.12273, 3.16309, 3.18972, 3.20622, 3.21765, 3.22384 (3.23330)	Reconstruction error (/dim): 0.06371, 0.05369, 0.04575, 0.03958, 0.03498, 0.03170, 0.02941, 0.02787, 0.02680, 0.02614 (0.02541)	KLD: 4.225, 3.775, 3.126, 2.831, 2.300, 2.091, 1.781, 1.559, 1.395, 1.109 (24.062)	Grad: 2489.9
[Epoch  97 (62.98s)]	ELBO (bits/dim): 2.69883, 2.87232, 2.99021, 3.06829, 3.12386, 3.16396, 3.19089, 3.20721, 3.21889, 3.22500 (3.23379)	Reconstruction error (/dim): 0.06373, 0.05370, 0.04573, 0.03951, 0.03491, 0.03166, 0.02934, 0.02782, 0.02670, 0.02606 (0.02535)	KLD: 4.237, 3.780, 3.129, 2.834, 2.299, 2.093, 1.777, 1.560, 1.401, 1.100 (24.455)	Grad: 2391.7
[Epoch  98 (63.09s)]	ELBO (bits/dim): 2.69861, 2.87218, 2.98967, 3.06737, 3.12308, 3.16319, 3.18994, 3.20636, 3.21787, 3.22405 (3.23490)	Reconstruction error (/dim): 0.06371, 0.05369, 0.04576, 0.03959, 0.03497, 0.03172, 0.02942, 0.02789, 0.02680, 0.02614 (0.02516)	KLD: 4.227, 3.778, 3.122, 2.831, 2.300, 2.089, 1.781, 1.564, 1.393, 1.102 (24.216)	Grad: 2596.4
[Epoch  99 (63.07s)]	ELBO (bits/dim): 2.69926, 2.87296, 2.99066, 3.06898, 3.12441, 3.16403, 3.19077, 3.20706, 3.21852, 3.22473 (3.23544)	Reconstruction error (/dim): 0.06366, 0.05364, 0.04565, 0.03943, 0.03485, 0.03166, 0.02935, 0.02783, 0.02675, 0.02608 (0.02509)	KLD: 4.239, 3.780, 3.123, 2.829, 2.303, 2.094, 1.777, 1.556, 1.397, 1.099 (24.177)	Grad: 2394.0
[Epoch 100 (63.22s)]	ELBO (bits/dim): 2.69982, 2.87337, 2.99122, 3.06901, 3.12463, 3.16472, 3.19150, 3.20794, 3.21952, 3.22557 (3.23083)	Reconstruction error (/dim): 0.06362, 0.05363, 0.04562, 0.03944, 0.03485, 0.03160, 0.02929, 0.02776, 0.02667, 0.02602 (0.02553)	KLD: 4.246, 3.788, 3.128, 2.838, 2.304, 2.091, 1.782, 1.561, 1.396, 1.109 (23.796)	Grad: 2474.1
Best epoch(s): [99]	Training time(s): 6949.86s (6949.86s)	Best ELBO (bits/dim): 3.22557 (3.23544)	Best reconstruction error (/dim): 0.08050 (0.06744)
Avg. mu: -0.007, 0.015, -0.045, 0.009, -0.132, -0.178, -0.017, 0.012, -0.052, 0.024
Avg. var: 0.001, 0.001, 0.002, 0.005, 0.012, 0.015, 0.035, 0.049, 0.074, 0.127
Max. mu: 5.924, 4.024, 3.504, 6.096, 4.830, 4.171, 4.104, 4.014, 5.607, 4.605
Max. var: 0.020, 0.021, 0.036, 0.071, 0.083, 0.076, 0.249, 0.265, 0.437, 0.586
Min. mu: -4.315, -3.857, -5.591, -3.520, -3.651, -4.046, -3.743, -6.484, -4.425, -5.208
Min. var: 0.000, 0.000, 0.000, 0.001, 0.002, 0.003, 0.009, 0.011, 0.026, 0.038
Cov. mu:
[[1.878 -0.767 -0.009 -0.165 -0.007 -0.126 0.084 0.194 -0.033 0.007]
 [-0.767 1.466 -0.050 0.105 0.096 0.077 0.000 -0.198 0.022 -0.081]
 [-0.009 -0.050 0.921 0.073 -0.027 0.095 -0.010 -0.016 0.055 0.039]
 [-0.165 0.105 0.073 1.084 -0.031 0.110 -0.054 0.038 0.032 0.034]
 [-0.007 0.096 -0.027 -0.031 1.053 -0.081 0.040 -0.002 0.005 -0.020]
 [-0.126 0.077 0.095 0.110 -0.081 1.009 -0.013 0.040 0.030 0.039]
 [0.084 0.000 -0.010 -0.054 0.040 -0.013 0.976 -0.032 0.024 -0.044]
 [0.194 -0.198 -0.016 0.038 -0.002 0.040 -0.032 0.904 0.045 0.020]
 [-0.033 0.022 0.055 0.032 0.005 0.030 0.024 0.045 1.096 0.030]
 [0.007 -0.081 0.039 0.034 -0.020 0.039 -0.044 0.020 0.030 0.967]]
