=================================================================
Layer (type:depth-idx)                   Param #
=================================================================
VAE                                      --
├─Encoder: 1-1                           --
│    └─Linear: 2-1                       38,465
├─Decoder: 1-2                           --
│    └─Linear: 2-2                       39,200
=================================================================
Total params: 77,665
Trainable params: 77,665
Non-trainable params: 0
=================================================================
=================================================================
Layer (type:depth-idx)                   Param #
=================================================================
VAE                                      --
├─Encoder: 1-1                           --
│    └─Linear: 2-1                       38,465
├─Decoder: 1-2                           --
│    └─Linear: 2-2                       39,200
=================================================================
Total params: 77,665
Trainable params: 77,665
Non-trainable params: 0
=================================================================
=================================================================
Layer (type:depth-idx)                   Param #
=================================================================
VAE                                      --
├─Encoder: 1-1                           --
│    └─Linear: 2-1                       38,465
├─Decoder: 1-2                           --
│    └─Linear: 2-2                       39,200
=================================================================
Total params: 77,665
Trainable params: 77,665
Non-trainable params: 0
=================================================================
Training model 1/3...
[Epoch   1 (52.26s)]	ELBO: 1131.400 (1343.191)	Log prob: 1260.458 (1420.181)	KLD: 129.058 (76.990)	Grad: 0.135
[Epoch   2 (51.47s)]	ELBO: 1371.897 (1397.449)	Log prob: 1433.008 (1446.246)	KLD: 61.111 (48.796)	Grad: 0.160
[Epoch   3 (49.63s)]	ELBO: 1408.972 (1421.773)	Log prob: 1452.677 (1462.161)	KLD: 43.705 (40.389)	Grad: 0.173
[Epoch   4 (50.88s)]	ELBO: 1427.518 (1434.347)	Log prob: 1463.540 (1468.202)	KLD: 36.023 (33.856)	Grad: 0.220
[Epoch   5 (48.88s)]	ELBO: 1439.776 (1444.714)	Log prob: 1470.966 (1473.229)	KLD: 31.190 (28.515)	Grad: 0.230
[Epoch   6 (49.25s)]	ELBO: 1448.736 (1454.820)	Log prob: 1476.590 (1480.566)	KLD: 27.854 (25.746)	Grad: 0.250
[Epoch   7 (52.19s)]	ELBO: 1455.823 (1459.555)	Log prob: 1481.114 (1483.779)	KLD: 25.291 (24.225)	Grad: 0.283
[Epoch   8 (53.24s)]	ELBO: 1462.423 (1465.163)	Log prob: 1485.571 (1487.022)	KLD: 23.148 (21.860)	Grad: 0.263
[Epoch   9 (51.27s)]	ELBO: 1467.294 (1467.043)	Log prob: 1488.744 (1487.478)	KLD: 21.450 (20.435)	Grad: 0.303
[Epoch  10 (51.91s)]	ELBO: 1471.725 (1475.812)	Log prob: 1491.925 (1494.966)	KLD: 20.200 (19.154)	Grad: 0.304
[Epoch  11 (46.89s)]	ELBO: 1475.801 (1479.313)	Log prob: 1494.881 (1497.424)	KLD: 19.080 (18.112)	Grad: 0.313
[Epoch  12 (48.76s)]	ELBO: 1479.401 (1481.919)	Log prob: 1497.570 (1500.616)	KLD: 18.169 (18.697)	Grad: 0.314
[Epoch  13 (48.22s)]	ELBO: 1482.304 (1485.397)	Log prob: 1499.767 (1501.917)	KLD: 17.463 (16.519)	Grad: 0.345
[Epoch  14 (50.04s)]	ELBO: 1485.337 (1486.572)	Log prob: 1502.165 (1503.669)	KLD: 16.828 (17.097)	Grad: 0.343
[Epoch  15 (48.61s)]	ELBO: 1488.186 (1487.346)	Log prob: 1504.477 (1503.246)	KLD: 16.291 (15.900)	Grad: 0.316
[Epoch  16 (47.72s)]	ELBO: 1490.600 (1490.292)	Log prob: 1506.490 (1505.842)	KLD: 15.889 (15.550)	Grad: 0.332
[Epoch  17 (48.03s)]	ELBO: 1492.648 (1494.447)	Log prob: 1508.145 (1509.745)	KLD: 15.497 (15.298)	Grad: 0.360
[Epoch  18 (48.42s)]	ELBO: 1495.317 (1497.367)	Log prob: 1510.423 (1512.673)	KLD: 15.106 (15.306)	Grad: 0.318
[Epoch  19 (48.71s)]	ELBO: 1497.432 (1498.896)	Log prob: 1512.271 (1513.191)	KLD: 14.838 (14.295)	Grad: 0.345
[Epoch  20 (47.05s)]	ELBO: 1499.536 (1501.051)	Log prob: 1514.119 (1515.656)	KLD: 14.584 (14.605)	Grad: 0.352
[Epoch  21 (50.06s)]	ELBO: 1501.568 (1502.892)	Log prob: 1515.984 (1516.822)	KLD: 14.416 (13.929)	Grad: 0.336
[Epoch  22 (50.56s)]	ELBO: 1503.443 (1504.537)	Log prob: 1517.699 (1518.902)	KLD: 14.256 (14.365)	Grad: 0.362
[Epoch  23 (49.61s)]	ELBO: 1505.775 (1506.904)	Log prob: 1519.866 (1520.359)	KLD: 14.091 (13.455)	Grad: 0.319
[Epoch  24 (50.25s)]	ELBO: 1507.266 (1507.953)	Log prob: 1521.248 (1521.339)	KLD: 13.982 (13.387)	Grad: 0.358
[Epoch  25 (49.45s)]	ELBO: 1509.099 (1508.331)	Log prob: 1522.964 (1522.411)	KLD: 13.864 (14.080)	Grad: 0.367
[Epoch  26 (51.33s)]	ELBO: 1510.989 (1510.927)	Log prob: 1524.797 (1524.675)	KLD: 13.808 (13.748)	Grad: 0.356
[Epoch  27 (51.83s)]	ELBO: 1512.509 (1513.839)	Log prob: 1526.262 (1527.482)	KLD: 13.753 (13.643)	Grad: 0.369
[Epoch  28 (49.95s)]	ELBO: 1514.002 (1515.283)	Log prob: 1527.779 (1529.479)	KLD: 13.776 (14.196)	Grad: 0.384
[Epoch  29 (51.33s)]	ELBO: 1515.511 (1516.235)	Log prob: 1529.263 (1530.245)	KLD: 13.752 (14.011)	Grad: 0.378
[Epoch  30 (49.91s)]	ELBO: 1516.936 (1516.533)	Log prob: 1530.646 (1529.405)	KLD: 13.710 (12.872)	Grad: 0.356
[Epoch  31 (51.30s)]	ELBO: 1518.116 (1516.781)	Log prob: 1531.758 (1530.920)	KLD: 13.642 (14.139)	Grad: 0.377
[Epoch  32 (50.28s)]	ELBO: 1519.617 (1519.449)	Log prob: 1533.194 (1532.927)	KLD: 13.577 (13.478)	Grad: 0.338
[Epoch  33 (50.76s)]	ELBO: 1520.340 (1519.991)	Log prob: 1533.882 (1533.347)	KLD: 13.542 (13.357)	Grad: 0.382
[Epoch  34 (50.70s)]	ELBO: 1521.517 (1521.406)	Log prob: 1535.051 (1534.980)	KLD: 13.534 (13.574)	Grad: 0.375
[Epoch  35 (52.69s)]	ELBO: 1521.980 (1521.625)	Log prob: 1535.484 (1535.138)	KLD: 13.504 (13.513)	Grad: 0.426
[Epoch  36 (49.63s)]	ELBO: 1523.341 (1520.601)	Log prob: 1536.817 (1534.007)	KLD: 13.476 (13.406)	Grad: 0.375
[Epoch  37 (50.24s)]	ELBO: 1523.962 (1524.786)	Log prob: 1537.373 (1538.217)	KLD: 13.412 (13.431)	Grad: 0.406
[Epoch  38 (49.73s)]	ELBO: 1524.985 (1524.786)	Log prob: 1538.392 (1538.311)	KLD: 13.407 (13.526)	Grad: 0.376
[Epoch  39 (48.86s)]	ELBO: 1525.730 (1525.324)	Log prob: 1539.117 (1538.415)	KLD: 13.387 (13.091)	Grad: 0.367
[Epoch  40 (48.29s)]	ELBO: 1526.673 (1527.532)	Log prob: 1540.020 (1540.724)	KLD: 13.347 (13.191)	Grad: 0.361
[Epoch  41 (49.10s)]	ELBO: 1527.088 (1527.142)	Log prob: 1540.400 (1540.166)	KLD: 13.312 (13.024)	Grad: 0.400
[Epoch  42 (48.21s)]	ELBO: 1527.951 (1527.067)	Log prob: 1541.228 (1540.874)	KLD: 13.277 (13.807)	Grad: 0.387
[Epoch  43 (50.23s)]	ELBO: 1528.545 (1527.974)	Log prob: 1541.822 (1541.192)	KLD: 13.277 (13.218)	Grad: 0.378
[Epoch  44 (50.43s)]	ELBO: 1528.973 (1527.307)	Log prob: 1542.223 (1540.518)	KLD: 13.250 (13.212)	Grad: 0.423
[Epoch  45 (49.75s)]	ELBO: 1529.516 (1529.891)	Log prob: 1542.767 (1542.984)	KLD: 13.251 (13.093)	Grad: 0.407
[Epoch  46 (49.37s)]	ELBO: 1529.963 (1529.867)	Log prob: 1543.172 (1543.283)	KLD: 13.209 (13.416)	Grad: 0.430
[Epoch  47 (49.19s)]	ELBO: 1530.965 (1531.283)	Log prob: 1544.169 (1544.812)	KLD: 13.205 (13.529)	Grad: 0.367
[Epoch  48 (48.59s)]	ELBO: 1531.587 (1532.055)	Log prob: 1544.760 (1545.057)	KLD: 13.173 (13.002)	Grad: 0.362
[Epoch  49 (50.21s)]	ELBO: 1531.948 (1531.832)	Log prob: 1545.099 (1544.389)	KLD: 13.151 (12.557)	Grad: 0.382
[Epoch  50 (47.90s)]	ELBO: 1532.086 (1532.120)	Log prob: 1545.242 (1545.026)	KLD: 13.156 (12.907)	Grad: 0.434
[Epoch  51 (48.94s)]	ELBO: 1532.852 (1532.831)	Log prob: 1545.989 (1545.468)	KLD: 13.137 (12.637)	Grad: 0.392
[Epoch  52 (48.93s)]	ELBO: 1533.570 (1534.539)	Log prob: 1546.654 (1547.615)	KLD: 13.085 (13.077)	Grad: 0.372
[Epoch  53 (46.86s)]	ELBO: 1533.699 (1532.962)	Log prob: 1546.772 (1546.136)	KLD: 13.073 (13.173)	Grad: 0.388
[Epoch  54 (49.04s)]	ELBO: 1534.380 (1534.529)	Log prob: 1547.467 (1547.953)	KLD: 13.087 (13.424)	Grad: 0.379
[Epoch  55 (49.31s)]	ELBO: 1534.656 (1534.959)	Log prob: 1547.741 (1548.018)	KLD: 13.085 (13.059)	Grad: 0.387
[Epoch  56 (49.64s)]	ELBO: 1535.359 (1536.605)	Log prob: 1548.433 (1549.724)	KLD: 13.073 (13.119)	Grad: 0.368
[Epoch  57 (49.08s)]	ELBO: 1535.785 (1533.564)	Log prob: 1548.829 (1546.008)	KLD: 13.044 (12.443)	Grad: 0.356
[Epoch  58 (50.59s)]	ELBO: 1535.636 (1535.693)	Log prob: 1548.675 (1548.441)	KLD: 13.039 (12.748)	Grad: 0.403
[Epoch  59 (49.26s)]	ELBO: 1536.630 (1537.287)	Log prob: 1549.679 (1550.627)	KLD: 13.049 (13.340)	Grad: 0.347
[Epoch  60 (49.07s)]	ELBO: 1536.738 (1537.309)	Log prob: 1549.780 (1550.581)	KLD: 13.042 (13.273)	Grad: 0.384
[Epoch  61 (49.45s)]	ELBO: 1537.327 (1536.782)	Log prob: 1550.324 (1550.023)	KLD: 12.997 (13.240)	Grad: 0.363
[Epoch  62 (50.10s)]	ELBO: 1537.626 (1537.395)	Log prob: 1550.601 (1550.336)	KLD: 12.975 (12.941)	Grad: 0.383
[Epoch  63 (48.97s)]	ELBO: 1538.024 (1539.269)	Log prob: 1551.008 (1551.914)	KLD: 12.984 (12.645)	Grad: 0.367
[Epoch  64 (48.96s)]	ELBO: 1538.399 (1537.425)	Log prob: 1551.400 (1550.871)	KLD: 13.001 (13.447)	Grad: 0.374
[Epoch  65 (49.08s)]	ELBO: 1538.660 (1539.260)	Log prob: 1551.629 (1552.382)	KLD: 12.969 (13.121)	Grad: 0.360
[Epoch  66 (48.17s)]	ELBO: 1538.886 (1537.523)	Log prob: 1551.870 (1550.272)	KLD: 12.984 (12.749)	Grad: 0.389
[Epoch  67 (49.24s)]	ELBO: 1539.076 (1539.782)	Log prob: 1552.059 (1553.437)	KLD: 12.983 (13.656)	Grad: 0.400
[Epoch  68 (49.41s)]	ELBO: 1539.523 (1538.831)	Log prob: 1552.484 (1552.290)	KLD: 12.960 (13.459)	Grad: 0.382
[Epoch  69 (47.51s)]	ELBO: 1539.982 (1540.759)	Log prob: 1552.966 (1553.921)	KLD: 12.984 (13.162)	Grad: 0.350
[Epoch  70 (49.79s)]	ELBO: 1540.341 (1539.131)	Log prob: 1553.291 (1552.696)	KLD: 12.950 (13.565)	Grad: 0.354
[Epoch  71 (50.27s)]	ELBO: 1540.518 (1540.365)	Log prob: 1553.474 (1553.448)	KLD: 12.957 (13.083)	Grad: 0.377
[Epoch  72 (48.08s)]	ELBO: 1540.781 (1540.088)	Log prob: 1553.709 (1553.476)	KLD: 12.928 (13.389)	Grad: 0.370
[Epoch  73 (47.66s)]	ELBO: 1541.061 (1540.185)	Log prob: 1553.991 (1552.665)	KLD: 12.930 (12.480)	Grad: 0.357
[Epoch  74 (48.72s)]	ELBO: 1541.196 (1541.940)	Log prob: 1554.130 (1554.959)	KLD: 12.933 (13.018)	Grad: 0.385
[Epoch  75 (49.35s)]	ELBO: 1541.763 (1542.600)	Log prob: 1554.677 (1555.663)	KLD: 12.913 (13.062)	Grad: 0.354
[Epoch  76 (48.16s)]	ELBO: 1541.882 (1543.148)	Log prob: 1554.773 (1556.144)	KLD: 12.891 (12.996)	Grad: 0.367
[Epoch  77 (48.69s)]	ELBO: 1542.091 (1543.212)	Log prob: 1554.982 (1556.308)	KLD: 12.892 (13.096)	Grad: 0.364
[Epoch  78 (49.49s)]	ELBO: 1542.277 (1543.586)	Log prob: 1555.151 (1556.421)	KLD: 12.874 (12.835)	Grad: 0.379
[Epoch  79 (49.64s)]	ELBO: 1542.645 (1542.610)	Log prob: 1555.544 (1555.704)	KLD: 12.900 (13.095)	Grad: 0.366
[Epoch  80 (47.78s)]	ELBO: 1542.630 (1541.165)	Log prob: 1555.523 (1553.858)	KLD: 12.893 (12.693)	Grad: 0.384
[Epoch  81 (47.63s)]	ELBO: 1543.148 (1541.300)	Log prob: 1556.026 (1553.954)	KLD: 12.879 (12.654)	Grad: 0.363
[Epoch  82 (49.97s)]	ELBO: 1543.387 (1540.507)	Log prob: 1556.262 (1553.267)	KLD: 12.875 (12.760)	Grad: 0.366
[Epoch  83 (47.93s)]	ELBO: 1543.545 (1543.033)	Log prob: 1556.439 (1556.285)	KLD: 12.894 (13.252)	Grad: 0.367
[Epoch  84 (47.38s)]	ELBO: 1543.891 (1543.227)	Log prob: 1556.757 (1555.962)	KLD: 12.866 (12.735)	Grad: 0.358
[Epoch  85 (47.16s)]	ELBO: 1543.945 (1544.406)	Log prob: 1556.777 (1557.290)	KLD: 12.832 (12.884)	Grad: 0.376
[Epoch  86 (46.14s)]	ELBO: 1543.943 (1545.644)	Log prob: 1556.817 (1558.648)	KLD: 12.874 (13.004)	Grad: 0.392
[Epoch  87 (47.90s)]	ELBO: 1544.622 (1539.801)	Log prob: 1557.425 (1552.263)	KLD: 12.803 (12.462)	Grad: 0.358
[Epoch  88 (47.29s)]	ELBO: 1544.554 (1542.484)	Log prob: 1557.377 (1555.432)	KLD: 12.824 (12.949)	Grad: 0.382
[Epoch  89 (47.60s)]	ELBO: 1544.476 (1545.123)	Log prob: 1557.339 (1557.713)	KLD: 12.863 (12.590)	Grad: 0.386
[Epoch  90 (47.23s)]	ELBO: 1544.974 (1544.288)	Log prob: 1557.829 (1557.023)	KLD: 12.854 (12.735)	Grad: 0.358
[Epoch  91 (48.80s)]	ELBO: 1545.254 (1546.094)	Log prob: 1558.069 (1558.946)	KLD: 12.815 (12.852)	Grad: 0.359
[Epoch  92 (48.49s)]	ELBO: 1545.363 (1545.382)	Log prob: 1558.157 (1558.223)	KLD: 12.794 (12.842)	Grad: 0.371
[Epoch  93 (47.90s)]	ELBO: 1545.468 (1546.614)	Log prob: 1558.294 (1559.485)	KLD: 12.826 (12.871)	Grad: 0.376
[Epoch  94 (46.64s)]	ELBO: 1545.654 (1542.183)	Log prob: 1558.490 (1555.343)	KLD: 12.836 (13.160)	Grad: 0.388
[Epoch  95 (47.50s)]	ELBO: 1545.239 (1546.789)	Log prob: 1558.084 (1559.621)	KLD: 12.844 (12.832)	Grad: 0.427
[Epoch  96 (47.57s)]	ELBO: 1546.100 (1542.581)	Log prob: 1558.901 (1555.817)	KLD: 12.801 (13.236)	Grad: 0.359
[Epoch  97 (46.37s)]	ELBO: 1546.392 (1545.440)	Log prob: 1559.219 (1558.368)	KLD: 12.827 (12.928)	Grad: 0.343
[Epoch  98 (46.43s)]	ELBO: 1546.231 (1545.373)	Log prob: 1559.041 (1558.277)	KLD: 12.810 (12.904)	Grad: 0.381
[Epoch  99 (47.13s)]	ELBO: 1546.637 (1546.561)	Log prob: 1559.404 (1559.869)	KLD: 12.767 (13.308)	Grad: 0.364
[Epoch 100 (46.48s)]	ELBO: 1546.683 (1546.909)	Log prob: 1559.474 (1559.679)	KLD: 12.791 (12.770)	Grad: 0.372
[Epoch 101 (46.05s)]	ELBO: 1547.013 (1545.843)	Log prob: 1559.784 (1559.151)	KLD: 12.771 (13.308)	Grad: 0.358
[Epoch 102 (47.79s)]	ELBO: 1546.943 (1547.420)	Log prob: 1559.718 (1560.036)	KLD: 12.775 (12.616)	Grad: 0.383
[Epoch 103 (47.46s)]	ELBO: 1546.978 (1545.331)	Log prob: 1559.765 (1558.255)	KLD: 12.787 (12.924)	Grad: 0.378
[Epoch 104 (45.04s)]	ELBO: 1547.370 (1548.078)	Log prob: 1560.138 (1560.880)	KLD: 12.768 (12.802)	Grad: 0.370
[Epoch 105 (42.31s)]	ELBO: 1547.463 (1547.851)	Log prob: 1560.203 (1560.947)	KLD: 12.740 (13.096)	Grad: 0.377
[Epoch 106 (40.24s)]	ELBO: 1547.477 (1546.978)	Log prob: 1560.242 (1560.085)	KLD: 12.765 (13.107)	Grad: 0.379
[Epoch 107 (41.67s)]	ELBO: 1547.785 (1548.111)	Log prob: 1560.518 (1561.125)	KLD: 12.732 (13.014)	Grad: 0.374
[Epoch 108 (41.46s)]	ELBO: 1547.944 (1547.056)	Log prob: 1560.694 (1560.083)	KLD: 12.749 (13.027)	Grad: 0.377
[Epoch 109 (42.01s)]	ELBO: 1548.026 (1548.501)	Log prob: 1560.777 (1561.289)	KLD: 12.751 (12.787)	Grad: 0.372
[Epoch 110 (41.10s)]	ELBO: 1548.038 (1548.925)	Log prob: 1560.750 (1561.615)	KLD: 12.712 (12.691)	Grad: 0.382
[Epoch 111 (41.33s)]	ELBO: 1548.361 (1548.145)	Log prob: 1561.083 (1560.565)	KLD: 12.722 (12.419)	Grad: 0.373
[Epoch 112 (42.17s)]	ELBO: 1548.408 (1548.750)	Log prob: 1561.086 (1561.372)	KLD: 12.678 (12.622)	Grad: 0.393
[Epoch 113 (41.42s)]	ELBO: 1548.500 (1548.969)	Log prob: 1561.214 (1561.260)	KLD: 12.714 (12.292)	Grad: 0.376
[Epoch 114 (38.46s)]	ELBO: 1548.524 (1549.019)	Log prob: 1561.263 (1561.792)	KLD: 12.739 (12.774)	Grad: 0.377
[Epoch 115 (40.06s)]	ELBO: 1548.699 (1547.503)	Log prob: 1561.409 (1560.422)	KLD: 12.710 (12.919)	Grad: 0.388
[Epoch 116 (37.60s)]	ELBO: 1549.187 (1549.164)	Log prob: 1561.874 (1562.352)	KLD: 12.687 (13.189)	Grad: 0.368
[Epoch 117 (38.09s)]	ELBO: 1549.091 (1548.667)	Log prob: 1561.788 (1561.180)	KLD: 12.697 (12.513)	Grad: 0.390
[Epoch 118 (38.90s)]	ELBO: 1549.173 (1548.438)	Log prob: 1561.867 (1561.240)	KLD: 12.694 (12.802)	Grad: 0.392
[Epoch 119 (38.26s)]	ELBO: 1549.610 (1549.735)	Log prob: 1562.291 (1562.255)	KLD: 12.681 (12.519)	Grad: 0.356
[Epoch 120 (38.16s)]	ELBO: 1549.460 (1549.284)	Log prob: 1562.154 (1562.033)	KLD: 12.694 (12.749)	Grad: 0.365
[Epoch 121 (39.60s)]	ELBO: 1549.657 (1547.962)	Log prob: 1562.351 (1560.767)	KLD: 12.694 (12.804)	Grad: 0.371
[Epoch 122 (37.65s)]	ELBO: 1549.749 (1548.027)	Log prob: 1562.416 (1560.953)	KLD: 12.667 (12.925)	Grad: 0.370
[Epoch 123 (36.27s)]	ELBO: 1549.542 (1548.504)	Log prob: 1562.230 (1560.879)	KLD: 12.688 (12.375)	Grad: 0.393
[Epoch 124 (36.02s)]	ELBO: 1550.309 (1547.971)	Log prob: 1562.957 (1560.713)	KLD: 12.648 (12.742)	Grad: 0.339
[Epoch 125 (35.00s)]	ELBO: 1550.087 (1548.561)	Log prob: 1562.735 (1560.767)	KLD: 12.649 (12.206)	Grad: 0.361
[Epoch 126 (36.05s)]	ELBO: 1550.250 (1550.339)	Log prob: 1562.923 (1562.919)	KLD: 12.674 (12.580)	Grad: 0.358
[Epoch 127 (36.16s)]	ELBO: 1550.278 (1550.067)	Log prob: 1562.959 (1562.798)	KLD: 12.682 (12.732)	Grad: 0.372
[Epoch 128 (34.23s)]	ELBO: 1550.459 (1551.394)	Log prob: 1563.136 (1564.383)	KLD: 12.677 (12.989)	Grad: 0.363
[Epoch 129 (34.61s)]	ELBO: 1550.291 (1547.995)	Log prob: 1562.961 (1560.698)	KLD: 12.670 (12.703)	Grad: 0.382
[Epoch 130 (35.84s)]	ELBO: 1550.777 (1551.228)	Log prob: 1563.452 (1563.845)	KLD: 12.675 (12.617)	Grad: 0.364
[Epoch 131 (36.28s)]	ELBO: 1550.924 (1551.255)	Log prob: 1563.569 (1564.035)	KLD: 12.645 (12.780)	Grad: 0.352
[Epoch 132 (36.39s)]	ELBO: 1550.996 (1549.533)	Log prob: 1563.651 (1562.216)	KLD: 12.655 (12.682)	Grad: 0.356
[Epoch 133 (35.52s)]	ELBO: 1551.222 (1551.325)	Log prob: 1563.858 (1564.349)	KLD: 12.636 (13.024)	Grad: 0.344
[Epoch 134 (35.77s)]	ELBO: 1551.121 (1551.994)	Log prob: 1563.738 (1564.779)	KLD: 12.617 (12.785)	Grad: 0.365
[Epoch 135 (34.77s)]	ELBO: 1551.572 (1550.687)	Log prob: 1564.215 (1563.753)	KLD: 12.642 (13.066)	Grad: 0.340
[Epoch 136 (36.34s)]	ELBO: 1551.679 (1551.358)	Log prob: 1564.301 (1564.306)	KLD: 12.623 (12.947)	Grad: 0.317
[Epoch 137 (36.08s)]	ELBO: 1551.499 (1547.547)	Log prob: 1564.089 (1560.445)	KLD: 12.590 (12.898)	Grad: 0.346
[Epoch 138 (35.53s)]	ELBO: 1551.564 (1550.025)	Log prob: 1564.169 (1562.648)	KLD: 12.605 (12.623)	Grad: 0.363
[Epoch 139 (34.09s)]	ELBO: 1551.757 (1552.153)	Log prob: 1564.379 (1564.714)	KLD: 12.622 (12.561)	Grad: 0.341
[Epoch 140 (31.91s)]	ELBO: 1551.727 (1552.582)	Log prob: 1564.355 (1565.366)	KLD: 12.628 (12.784)	Grad: 0.328
[Epoch 141 (31.87s)]	ELBO: 1551.862 (1550.749)	Log prob: 1564.481 (1563.871)	KLD: 12.619 (13.122)	Grad: 0.346
[Epoch 142 (31.49s)]	ELBO: 1552.383 (1551.608)	Log prob: 1564.981 (1564.364)	KLD: 12.598 (12.756)	Grad: 0.321
[Epoch 143 (31.18s)]	ELBO: 1552.085 (1550.524)	Log prob: 1564.662 (1563.839)	KLD: 12.577 (13.316)	Grad: 0.344
[Epoch 144 (31.92s)]	ELBO: 1552.572 (1552.334)	Log prob: 1565.158 (1564.969)	KLD: 12.586 (12.635)	Grad: 0.316
[Epoch 145 (31.48s)]	ELBO: 1552.279 (1553.238)	Log prob: 1564.882 (1565.947)	KLD: 12.603 (12.709)	Grad: 0.342
[Epoch 146 (33.03s)]	ELBO: 1552.580 (1552.293)	Log prob: 1565.142 (1565.385)	KLD: 12.562 (13.093)	Grad: 0.334
[Epoch 147 (31.45s)]	ELBO: 1552.731 (1552.103)	Log prob: 1565.307 (1564.993)	KLD: 12.576 (12.891)	Grad: 0.321
[Epoch 148 (31.39s)]	ELBO: 1552.530 (1552.536)	Log prob: 1565.109 (1564.863)	KLD: 12.579 (12.327)	Grad: 0.338
[Epoch 149 (30.98s)]	ELBO: 1553.020 (1552.151)	Log prob: 1565.605 (1564.941)	KLD: 12.585 (12.790)	Grad: 0.314
[Epoch 150 (29.03s)]	ELBO: 1553.225 (1553.220)	Log prob: 1565.768 (1566.193)	KLD: 12.543 (12.973)	Grad: 0.319
[Epoch 151 (29.88s)]	ELBO: 1553.239 (1553.734)	Log prob: 1565.774 (1566.382)	KLD: 12.536 (12.648)	Grad: 0.314
[Epoch 152 (29.88s)]	ELBO: 1553.209 (1552.612)	Log prob: 1565.771 (1565.024)	KLD: 12.562 (12.412)	Grad: 0.324
[Epoch 153 (30.50s)]	ELBO: 1553.425 (1552.471)	Log prob: 1565.994 (1565.091)	KLD: 12.569 (12.620)	Grad: 0.314
[Epoch 154 (30.89s)]	ELBO: 1552.972 (1553.431)	Log prob: 1565.507 (1566.396)	KLD: 12.535 (12.964)	Grad: 0.341
[Epoch 155 (30.30s)]	ELBO: 1553.169 (1552.563)	Log prob: 1565.740 (1565.209)	KLD: 12.571 (12.646)	Grad: 0.332
[Epoch 156 (29.16s)]	ELBO: 1553.596 (1554.002)	Log prob: 1566.129 (1566.626)	KLD: 12.533 (12.624)	Grad: 0.317
[Epoch 157 (28.31s)]	ELBO: 1553.745 (1553.140)	Log prob: 1566.293 (1565.875)	KLD: 12.548 (12.735)	Grad: 0.318
[Epoch 158 (30.13s)]	ELBO: 1553.792 (1553.800)	Log prob: 1566.329 (1566.238)	KLD: 12.538 (12.438)	Grad: 0.321
[Epoch 159 (30.56s)]	ELBO: 1553.817 (1550.529)	Log prob: 1566.336 (1562.432)	KLD: 12.520 (11.904)	Grad: 0.312
[Epoch 160 (29.77s)]	ELBO: 1553.576 (1553.955)	Log prob: 1566.097 (1566.803)	KLD: 12.520 (12.848)	Grad: 0.337
[Epoch 161 (28.81s)]	ELBO: 1554.181 (1553.611)	Log prob: 1566.716 (1566.421)	KLD: 12.535 (12.809)	Grad: 0.299
[Epoch 162 (29.58s)]	ELBO: 1553.941 (1553.284)	Log prob: 1566.453 (1565.791)	KLD: 12.512 (12.507)	Grad: 0.313
[Epoch 163 (29.44s)]	ELBO: 1554.024 (1552.630)	Log prob: 1566.501 (1565.350)	KLD: 12.477 (12.721)	Grad: 0.322
[Epoch 164 (29.08s)]	ELBO: 1554.163 (1552.498)	Log prob: 1566.711 (1565.644)	KLD: 12.548 (13.145)	Grad: 0.309
[Epoch 165 (30.03s)]	ELBO: 1554.569 (1554.059)	Log prob: 1567.096 (1566.260)	KLD: 12.528 (12.201)	Grad: 0.298
[Epoch 166 (31.25s)]	ELBO: 1554.429 (1552.869)	Log prob: 1566.937 (1565.359)	KLD: 12.508 (12.491)	Grad: 0.309
[Epoch 167 (29.08s)]	ELBO: 1554.237 (1553.622)	Log prob: 1566.760 (1565.687)	KLD: 12.522 (12.065)	Grad: 0.313
[Epoch 168 (28.58s)]	ELBO: 1554.485 (1548.080)	Log prob: 1567.016 (1560.182)	KLD: 12.531 (12.101)	Grad: 0.309
[Epoch 169 (29.97s)]	ELBO: 1554.827 (1555.259)	Log prob: 1567.368 (1567.879)	KLD: 12.541 (12.620)	Grad: 0.288
[Epoch 170 (29.27s)]	ELBO: 1554.801 (1551.779)	Log prob: 1567.329 (1564.315)	KLD: 12.528 (12.536)	Grad: 0.290
[Epoch 171 (29.64s)]	ELBO: 1554.923 (1553.019)	Log prob: 1567.445 (1565.471)	KLD: 12.522 (12.452)	Grad: 0.288
[Epoch 172 (28.69s)]	ELBO: 1555.115 (1554.126)	Log prob: 1567.639 (1566.421)	KLD: 12.523 (12.295)	Grad: 0.287
[Epoch 173 (26.83s)]	ELBO: 1555.015 (1554.322)	Log prob: 1567.539 (1567.227)	KLD: 12.524 (12.905)	Grad: 0.290
[Epoch 174 (26.36s)]	ELBO: 1555.179 (1554.764)	Log prob: 1567.673 (1567.378)	KLD: 12.494 (12.614)	Grad: 0.299
[Epoch 175 (24.81s)]	ELBO: 1555.071 (1554.574)	Log prob: 1567.581 (1567.192)	KLD: 12.510 (12.618)	Grad: 0.291
[Epoch 176 (25.24s)]	ELBO: 1555.619 (1554.066)	Log prob: 1568.130 (1567.175)	KLD: 12.511 (13.109)	Grad: 0.266
[Epoch 177 (25.15s)]	ELBO: 1555.333 (1554.091)	Log prob: 1567.814 (1566.483)	KLD: 12.481 (12.392)	Grad: 0.287
[Epoch 178 (26.23s)]	ELBO: 1555.387 (1554.763)	Log prob: 1567.872 (1567.319)	KLD: 12.485 (12.556)	Grad: 0.290
[Epoch 179 (24.77s)]	ELBO: 1555.425 (1554.888)	Log prob: 1567.912 (1567.465)	KLD: 12.487 (12.577)	Grad: 0.290
[Epoch 180 (25.04s)]	ELBO: 1555.848 (1555.047)	Log prob: 1568.320 (1567.743)	KLD: 12.472 (12.696)	Grad: 0.267
[Epoch 181 (25.38s)]	ELBO: 1555.706 (1555.361)	Log prob: 1568.203 (1567.754)	KLD: 12.497 (12.392)	Grad: 0.284
[Epoch 182 (25.56s)]	ELBO: 1556.056 (1554.538)	Log prob: 1568.486 (1567.659)	KLD: 12.430 (13.121)	Grad: 0.264
[Epoch 183 (24.42s)]	ELBO: 1556.012 (1555.241)	Log prob: 1568.450 (1567.940)	KLD: 12.439 (12.699)	Grad: 0.273
[Epoch 184 (25.10s)]	ELBO: 1555.934 (1554.797)	Log prob: 1568.384 (1567.367)	KLD: 12.450 (12.570)	Grad: 0.284
[Epoch 185 (25.90s)]	ELBO: 1555.985 (1556.815)	Log prob: 1568.454 (1569.442)	KLD: 12.469 (12.627)	Grad: 0.273
[Epoch 186 (26.58s)]	ELBO: 1556.365 (1555.030)	Log prob: 1568.817 (1567.594)	KLD: 12.452 (12.564)	Grad: 0.272
[Epoch 187 (25.24s)]	ELBO: 1556.350 (1554.935)	Log prob: 1568.788 (1567.927)	KLD: 12.438 (12.992)	Grad: 0.277
[Epoch 188 (26.30s)]	ELBO: 1556.309 (1554.365)	Log prob: 1568.736 (1567.022)	KLD: 12.426 (12.657)	Grad: 0.271
[Epoch 189 (24.73s)]	ELBO: 1556.189 (1553.803)	Log prob: 1568.621 (1566.403)	KLD: 12.433 (12.599)	Grad: 0.290
[Epoch 190 (25.93s)]	ELBO: 1556.733 (1554.647)	Log prob: 1569.169 (1566.932)	KLD: 12.436 (12.284)	Grad: 0.263
[Epoch 191 (25.19s)]	ELBO: 1556.636 (1553.840)	Log prob: 1569.046 (1565.905)	KLD: 12.410 (12.066)	Grad: 0.275
[Epoch 192 (25.10s)]	ELBO: 1556.622 (1556.314)	Log prob: 1569.045 (1569.021)	KLD: 12.423 (12.706)	Grad: 0.269
[Epoch 193 (24.36s)]	ELBO: 1556.773 (1555.293)	Log prob: 1569.198 (1568.034)	KLD: 12.425 (12.741)	Grad: 0.278
[Epoch 194 (24.79s)]	ELBO: 1556.886 (1554.494)	Log prob: 1569.295 (1566.680)	KLD: 12.409 (12.186)	Grad: 0.271
[Epoch 195 (25.00s)]	ELBO: 1556.820 (1556.153)	Log prob: 1569.256 (1568.374)	KLD: 12.436 (12.222)	Grad: 0.282
[Epoch 196 (26.22s)]	ELBO: 1556.896 (1552.564)	Log prob: 1569.339 (1565.174)	KLD: 12.443 (12.611)	Grad: 0.280
[Epoch 197 (25.15s)]	ELBO: 1556.971 (1557.544)	Log prob: 1569.393 (1570.489)	KLD: 12.423 (12.945)	Grad: 0.284
[Epoch 198 (25.51s)]	ELBO: 1557.234 (1553.705)	Log prob: 1569.616 (1566.153)	KLD: 12.381 (12.448)	Grad: 0.271
[Epoch 199 (25.38s)]	ELBO: 1557.152 (1556.700)	Log prob: 1569.524 (1569.325)	KLD: 12.372 (12.626)	Grad: 0.268
[Epoch 200 (25.88s)]	ELBO: 1557.369 (1556.866)	Log prob: 1569.774 (1569.358)	KLD: 12.405 (12.493)	Grad: 0.270
[Epoch 201 (26.81s)]	ELBO: 1557.170 (1557.193)	Log prob: 1569.574 (1569.455)	KLD: 12.404 (12.262)	Grad: 0.287
[Epoch 202 (27.28s)]	ELBO: 1557.467 (1557.027)	Log prob: 1569.865 (1569.803)	KLD: 12.398 (12.776)	Grad: 0.280
[Epoch 203 (26.65s)]	ELBO: 1557.616 (1557.005)	Log prob: 1570.009 (1569.389)	KLD: 12.393 (12.384)	Grad: 0.263
[Epoch 204 (26.51s)]	ELBO: 1557.417 (1557.688)	Log prob: 1569.802 (1569.993)	KLD: 12.385 (12.305)	Grad: 0.273
[Epoch 205 (25.18s)]	ELBO: 1557.472 (1555.336)	Log prob: 1569.879 (1567.728)	KLD: 12.407 (12.392)	Grad: 0.285
[Epoch 206 (25.07s)]	ELBO: 1557.380 (1557.151)	Log prob: 1569.769 (1569.595)	KLD: 12.388 (12.443)	Grad: 0.287
[Epoch 207 (25.55s)]	ELBO: 1557.926 (1556.985)	Log prob: 1570.319 (1569.603)	KLD: 12.392 (12.618)	Grad: 0.264
[Epoch 208 (25.35s)]	ELBO: 1558.143 (1554.649)	Log prob: 1570.509 (1566.873)	KLD: 12.365 (12.224)	Grad: 0.261
[Epoch 209 (22.78s)]	ELBO: 1557.764 (1557.876)	Log prob: 1570.155 (1570.495)	KLD: 12.391 (12.619)	Grad: 0.275
[Epoch 210 (22.46s)]	ELBO: 1557.726 (1557.467)	Log prob: 1570.110 (1570.325)	KLD: 12.384 (12.858)	Grad: 0.282
[Epoch 211 (23.15s)]	ELBO: 1558.119 (1555.643)	Log prob: 1570.512 (1568.112)	KLD: 12.393 (12.469)	Grad: 0.270
[Epoch 212 (22.68s)]	ELBO: 1558.130 (1555.763)	Log prob: 1570.531 (1567.801)	KLD: 12.401 (12.038)	Grad: 0.265
[Epoch 213 (23.10s)]	ELBO: 1558.062 (1558.189)	Log prob: 1570.453 (1570.781)	KLD: 12.392 (12.593)	Grad: 0.272
[Epoch 214 (23.00s)]	ELBO: 1558.239 (1558.215)	Log prob: 1570.656 (1570.487)	KLD: 12.417 (12.272)	Grad: 0.275
[Epoch 215 (23.15s)]	ELBO: 1558.382 (1557.408)	Log prob: 1570.765 (1569.787)	KLD: 12.383 (12.378)	Grad: 0.262
[Epoch 216 (23.39s)]	ELBO: 1558.329 (1556.865)	Log prob: 1570.740 (1569.102)	KLD: 12.411 (12.237)	Grad: 0.279
[Epoch 217 (23.76s)]	ELBO: 1558.457 (1558.486)	Log prob: 1570.831 (1570.759)	KLD: 12.373 (12.274)	Grad: 0.273
[Epoch 218 (24.73s)]	ELBO: 1558.413 (1558.620)	Log prob: 1570.749 (1571.049)	KLD: 12.336 (12.429)	Grad: 0.276
[Epoch 219 (23.71s)]	ELBO: 1558.469 (1558.811)	Log prob: 1570.831 (1571.151)	KLD: 12.363 (12.341)	Grad: 0.278
[Epoch 220 (23.83s)]	ELBO: 1558.736 (1555.790)	Log prob: 1571.111 (1568.216)	KLD: 12.375 (12.426)	Grad: 0.278
[Epoch 221 (24.33s)]	ELBO: 1558.762 (1553.747)	Log prob: 1571.139 (1565.678)	KLD: 12.377 (11.931)	Grad: 0.270
[Epoch 222 (23.49s)]	ELBO: 1558.647 (1558.427)	Log prob: 1571.007 (1570.988)	KLD: 12.360 (12.561)	Grad: 0.279
[Epoch 223 (23.44s)]	ELBO: 1558.714 (1557.252)	Log prob: 1571.100 (1570.106)	KLD: 12.386 (12.854)	Grad: 0.283
[Epoch 224 (23.18s)]	ELBO: 1558.773 (1558.059)	Log prob: 1571.146 (1570.469)	KLD: 12.373 (12.410)	Grad: 0.282
[Epoch 225 (22.80s)]	ELBO: 1558.910 (1557.771)	Log prob: 1571.283 (1570.630)	KLD: 12.373 (12.859)	Grad: 0.270
[Epoch 226 (23.32s)]	ELBO: 1558.938 (1557.246)	Log prob: 1571.283 (1569.803)	KLD: 12.345 (12.557)	Grad: 0.270
[Epoch 227 (23.12s)]	ELBO: 1559.042 (1556.508)	Log prob: 1571.401 (1568.950)	KLD: 12.359 (12.442)	Grad: 0.269
[Epoch 228 (22.50s)]	ELBO: 1558.965 (1558.382)	Log prob: 1571.339 (1570.701)	KLD: 12.374 (12.319)	Grad: 0.280
[Epoch 229 (23.04s)]	ELBO: 1559.093 (1558.230)	Log prob: 1571.447 (1570.674)	KLD: 12.354 (12.443)	Grad: 0.283
[Epoch 230 (22.06s)]	ELBO: 1559.204 (1557.699)	Log prob: 1571.577 (1569.784)	KLD: 12.372 (12.085)	Grad: 0.271
[Epoch 231 (22.56s)]	ELBO: 1559.076 (1558.215)	Log prob: 1571.436 (1570.433)	KLD: 12.360 (12.218)	Grad: 0.290
[Epoch 232 (23.71s)]	ELBO: 1559.498 (1555.906)	Log prob: 1571.848 (1568.230)	KLD: 12.350 (12.325)	Grad: 0.266
[Epoch 233 (23.88s)]	ELBO: 1559.498 (1558.989)	Log prob: 1571.825 (1571.255)	KLD: 12.326 (12.266)	Grad: 0.267
[Epoch 234 (24.28s)]	ELBO: 1559.464 (1558.133)	Log prob: 1571.833 (1570.843)	KLD: 12.370 (12.710)	Grad: 0.272
[Epoch 235 (23.40s)]	ELBO: 1559.514 (1558.773)	Log prob: 1571.859 (1571.124)	KLD: 12.345 (12.351)	Grad: 0.270
[Epoch 236 (22.68s)]	ELBO: 1559.610 (1557.685)	Log prob: 1571.955 (1570.485)	KLD: 12.344 (12.801)	Grad: 0.278
[Epoch 237 (23.28s)]	ELBO: 1559.447 (1559.221)	Log prob: 1571.820 (1571.995)	KLD: 12.373 (12.774)	Grad: 0.277
[Epoch 238 (22.32s)]	ELBO: 1559.731 (1557.910)	Log prob: 1572.100 (1570.220)	KLD: 12.370 (12.310)	Grad: 0.276
[Epoch 239 (21.98s)]	ELBO: 1559.599 (1558.371)	Log prob: 1571.963 (1570.959)	KLD: 12.363 (12.588)	Grad: 0.277
[Epoch 240 (22.76s)]	ELBO: 1559.403 (1557.752)	Log prob: 1571.761 (1569.867)	KLD: 12.358 (12.115)	Grad: 0.278
[Epoch 241 (23.11s)]	ELBO: 1559.801 (1559.790)	Log prob: 1572.163 (1572.481)	KLD: 12.362 (12.690)	Grad: 0.277
[Epoch 242 (22.66s)]	ELBO: 1559.576 (1557.596)	Log prob: 1571.935 (1570.244)	KLD: 12.359 (12.649)	Grad: 0.285
[Epoch 243 (22.83s)]	ELBO: 1559.942 (1559.519)	Log prob: 1572.257 (1571.710)	KLD: 12.315 (12.191)	Grad: 0.280
[Epoch 244 (22.79s)]	ELBO: 1560.186 (1558.440)	Log prob: 1572.494 (1571.377)	KLD: 12.307 (12.938)	Grad: 0.271
[Epoch 245 (22.62s)]	ELBO: 1559.981 (1559.055)	Log prob: 1572.311 (1571.703)	KLD: 12.331 (12.648)	Grad: 0.278
[Epoch 246 (22.40s)]	ELBO: 1560.273 (1557.614)	Log prob: 1572.613 (1569.575)	KLD: 12.340 (11.961)	Grad: 0.269
[Epoch 247 (23.51s)]	ELBO: 1560.068 (1559.567)	Log prob: 1572.413 (1572.276)	KLD: 12.345 (12.709)	Grad: 0.276
[Epoch 248 (24.57s)]	ELBO: 1559.988 (1559.574)	Log prob: 1572.322 (1572.408)	KLD: 12.335 (12.834)	Grad: 0.280
[Epoch 249 (23.79s)]	ELBO: 1560.435 (1559.337)	Log prob: 1572.803 (1572.163)	KLD: 12.368 (12.826)	Grad: 0.263
[Epoch 250 (22.41s)]	ELBO: 1560.221 (1558.724)	Log prob: 1572.556 (1571.419)	KLD: 12.335 (12.695)	Grad: 0.284
Training model 2/3...
[Epoch   1 (25.52s)]	ELBO: 11.812 (1079.054)	Log prob: 15.730 (1097.331)	KLD: 3.918 (18.277)	Grad: 0.039
[Epoch   2 (24.80s)]	ELBO: 21.983 (1081.363)	Log prob: 27.432 (1099.210)	KLD: 5.449 (17.847)	Grad: 0.066
[Epoch   3 (24.89s)]	ELBO: 23.420 (1083.897)	Log prob: 28.772 (1102.006)	KLD: 5.352 (18.109)	Grad: 0.078
[Epoch   4 (24.87s)]	ELBO: 24.250 (1083.678)	Log prob: 29.559 (1101.503)	KLD: 5.309 (17.825)	Grad: 0.076
[Epoch   5 (23.49s)]	ELBO: 24.724 (1083.961)	Log prob: 30.032 (1101.957)	KLD: 5.308 (17.997)	Grad: 0.081
[Epoch   6 (23.50s)]	ELBO: 25.134 (1084.685)	Log prob: 30.444 (1102.330)	KLD: 5.310 (17.645)	Grad: 0.082
[Epoch   7 (24.04s)]	ELBO: 25.543 (1085.715)	Log prob: 30.856 (1103.614)	KLD: 5.313 (17.899)	Grad: 0.079
[Epoch   8 (24.08s)]	ELBO: 25.845 (1083.849)	Log prob: 31.180 (1101.653)	KLD: 5.335 (17.805)	Grad: 0.087
[Epoch   9 (24.00s)]	ELBO: 26.096 (1084.294)	Log prob: 31.447 (1102.213)	KLD: 5.351 (17.919)	Grad: 0.085
[Epoch  10 (24.06s)]	ELBO: 26.297 (1084.382)	Log prob: 31.678 (1102.335)	KLD: 5.381 (17.953)	Grad: 0.091
[Epoch  11 (24.98s)]	ELBO: 26.540 (1085.925)	Log prob: 31.941 (1103.824)	KLD: 5.401 (17.900)	Grad: 0.092
[Epoch  12 (24.53s)]	ELBO: 26.772 (1083.954)	Log prob: 32.189 (1101.819)	KLD: 5.417 (17.865)	Grad: 0.092
[Epoch  13 (25.41s)]	ELBO: 26.934 (1085.109)	Log prob: 32.372 (1103.203)	KLD: 5.438 (18.094)	Grad: 0.094
[Epoch  14 (24.17s)]	ELBO: 27.159 (1084.803)	Log prob: 32.611 (1102.862)	KLD: 5.452 (18.059)	Grad: 0.086
[Epoch  15 (24.45s)]	ELBO: 27.306 (1086.503)	Log prob: 32.755 (1104.924)	KLD: 5.449 (18.421)	Grad: 0.089
[Epoch  16 (24.85s)]	ELBO: 27.419 (1086.646)	Log prob: 32.880 (1104.753)	KLD: 5.460 (18.107)	Grad: 0.093
[Epoch  17 (24.52s)]	ELBO: 27.589 (1084.915)	Log prob: 33.070 (1102.920)	KLD: 5.481 (18.005)	Grad: 0.087
[Epoch  18 (24.18s)]	ELBO: 27.577 (1085.721)	Log prob: 33.094 (1103.591)	KLD: 5.517 (17.870)	Grad: 0.097
[Epoch  19 (24.20s)]	ELBO: 27.834 (1086.213)	Log prob: 33.313 (1104.599)	KLD: 5.479 (18.386)	Grad: 0.084
[Epoch  20 (24.10s)]	ELBO: 27.836 (1084.954)	Log prob: 33.341 (1102.897)	KLD: 5.505 (17.943)	Grad: 0.093
[Epoch  21 (23.83s)]	ELBO: 27.863 (1087.047)	Log prob: 33.371 (1105.098)	KLD: 5.508 (18.051)	Grad: 0.094
[Epoch  22 (25.09s)]	ELBO: 27.930 (1086.665)	Log prob: 33.438 (1104.926)	KLD: 5.509 (18.261)	Grad: 0.095
[Epoch  23 (25.04s)]	ELBO: 28.041 (1087.208)	Log prob: 33.563 (1105.417)	KLD: 5.522 (18.208)	Grad: 0.090
[Epoch  24 (24.48s)]	ELBO: 28.064 (1086.593)	Log prob: 33.594 (1104.876)	KLD: 5.531 (18.283)	Grad: 0.092
[Epoch  25 (24.15s)]	ELBO: 28.141 (1087.414)	Log prob: 33.674 (1105.698)	KLD: 5.534 (18.284)	Grad: 0.091
[Epoch  26 (24.66s)]	ELBO: 28.185 (1087.551)	Log prob: 33.741 (1105.620)	KLD: 5.556 (18.070)	Grad: 0.090
[Epoch  27 (25.81s)]	ELBO: 28.247 (1087.206)	Log prob: 33.795 (1105.493)	KLD: 5.548 (18.287)	Grad: 0.092
[Epoch  28 (26.43s)]	ELBO: 28.305 (1087.225)	Log prob: 33.853 (1105.254)	KLD: 5.547 (18.029)	Grad: 0.089
[Epoch  29 (24.74s)]	ELBO: 28.289 (1086.958)	Log prob: 33.837 (1105.146)	KLD: 5.548 (18.188)	Grad: 0.095
[Epoch  30 (25.30s)]	ELBO: 28.438 (1087.197)	Log prob: 33.995 (1105.309)	KLD: 5.557 (18.113)	Grad: 0.093
[Epoch  31 (24.82s)]	ELBO: 28.391 (1087.273)	Log prob: 33.961 (1105.422)	KLD: 5.570 (18.149)	Grad: 0.090
[Epoch  32 (24.78s)]	ELBO: 28.471 (1087.437)	Log prob: 34.050 (1105.578)	KLD: 5.579 (18.141)	Grad: 0.087
[Epoch  33 (24.95s)]	ELBO: 28.593 (1087.914)	Log prob: 34.167 (1106.298)	KLD: 5.574 (18.384)	Grad: 0.088
[Epoch  34 (25.09s)]	ELBO: 28.558 (1087.428)	Log prob: 34.143 (1105.580)	KLD: 5.586 (18.153)	Grad: 0.091
[Epoch  35 (25.17s)]	ELBO: 28.625 (1087.028)	Log prob: 34.203 (1105.436)	KLD: 5.579 (18.408)	Grad: 0.089
[Epoch  36 (24.63s)]	ELBO: 28.579 (1086.371)	Log prob: 34.174 (1104.514)	KLD: 5.595 (18.143)	Grad: 0.092
[Epoch  37 (23.85s)]	ELBO: 28.764 (1088.118)	Log prob: 34.361 (1106.315)	KLD: 5.597 (18.198)	Grad: 0.083
[Epoch  38 (24.81s)]	ELBO: 28.769 (1088.109)	Log prob: 34.369 (1106.589)	KLD: 5.600 (18.480)	Grad: 0.084
[Epoch  39 (24.48s)]	ELBO: 28.853 (1087.563)	Log prob: 34.467 (1105.871)	KLD: 5.614 (18.308)	Grad: 0.080
[Epoch  40 (23.89s)]	ELBO: 28.815 (1087.522)	Log prob: 34.430 (1105.709)	KLD: 5.615 (18.187)	Grad: 0.085
[Epoch  41 (25.28s)]	ELBO: 28.888 (1087.672)	Log prob: 34.522 (1105.976)	KLD: 5.634 (18.305)	Grad: 0.079
[Epoch  42 (25.25s)]	ELBO: 29.002 (1086.971)	Log prob: 34.632 (1105.417)	KLD: 5.630 (18.446)	Grad: 0.078
[Epoch  43 (24.08s)]	ELBO: 28.971 (1087.674)	Log prob: 34.604 (1106.006)	KLD: 5.633 (18.331)	Grad: 0.076
[Epoch  44 (23.77s)]	ELBO: 29.083 (1087.423)	Log prob: 34.718 (1105.721)	KLD: 5.636 (18.299)	Grad: 0.073
[Epoch  45 (23.64s)]	ELBO: 29.049 (1087.812)	Log prob: 34.689 (1105.918)	KLD: 5.639 (18.106)	Grad: 0.077
[Epoch  46 (23.85s)]	ELBO: 29.086 (1088.426)	Log prob: 34.721 (1106.725)	KLD: 5.635 (18.300)	Grad: 0.072
[Epoch  47 (20.83s)]	ELBO: 29.142 (1088.351)	Log prob: 34.775 (1106.577)	KLD: 5.633 (18.226)	Grad: 0.072
[Epoch  48 (19.57s)]	ELBO: 29.176 (1087.750)	Log prob: 34.826 (1105.837)	KLD: 5.650 (18.087)	Grad: 0.069
[Epoch  49 (19.73s)]	ELBO: 29.219 (1088.574)	Log prob: 34.870 (1106.704)	KLD: 5.651 (18.130)	Grad: 0.070
[Epoch  50 (18.91s)]	ELBO: 29.244 (1088.492)	Log prob: 34.908 (1106.802)	KLD: 5.663 (18.309)	Grad: 0.067
[Epoch  51 (19.15s)]	ELBO: 29.206 (1086.055)	Log prob: 34.857 (1104.268)	KLD: 5.651 (18.213)	Grad: 0.068
[Epoch  52 (19.32s)]	ELBO: 29.376 (1087.078)	Log prob: 35.018 (1105.216)	KLD: 5.641 (18.138)	Grad: 0.064
[Epoch  53 (19.63s)]	ELBO: 29.380 (1088.351)	Log prob: 35.042 (1106.557)	KLD: 5.662 (18.206)	Grad: 0.063
[Epoch  54 (19.80s)]	ELBO: 29.310 (1087.838)	Log prob: 34.994 (1105.946)	KLD: 5.684 (18.108)	Grad: 0.066
[Epoch  55 (19.44s)]	ELBO: 29.391 (1088.417)	Log prob: 35.064 (1106.850)	KLD: 5.673 (18.432)	Grad: 0.066
[Epoch  56 (19.56s)]	ELBO: 29.376 (1087.818)	Log prob: 35.063 (1106.211)	KLD: 5.687 (18.393)	Grad: 0.066
[Epoch  57 (20.18s)]	ELBO: 29.468 (1087.517)	Log prob: 35.126 (1105.923)	KLD: 5.658 (18.406)	Grad: 0.065
[Epoch  58 (19.82s)]	ELBO: 29.387 (1087.793)	Log prob: 35.087 (1106.300)	KLD: 5.700 (18.507)	Grad: 0.065
[Epoch  59 (20.43s)]	ELBO: 29.437 (1087.774)	Log prob: 35.105 (1106.056)	KLD: 5.668 (18.282)	Grad: 0.066
[Epoch  60 (20.20s)]	ELBO: 29.529 (1088.296)	Log prob: 35.231 (1106.565)	KLD: 5.701 (18.269)	Grad: 0.061
[Epoch  61 (19.34s)]	ELBO: 29.454 (1088.501)	Log prob: 35.148 (1106.736)	KLD: 5.694 (18.236)	Grad: 0.062
[Epoch  62 (19.29s)]	ELBO: 29.541 (1086.969)	Log prob: 35.230 (1105.456)	KLD: 5.689 (18.487)	Grad: 0.060
[Epoch  63 (20.10s)]	ELBO: 29.550 (1087.936)	Log prob: 35.235 (1106.254)	KLD: 5.684 (18.318)	Grad: 0.058
[Epoch  64 (19.60s)]	ELBO: 29.592 (1087.423)	Log prob: 35.292 (1105.564)	KLD: 5.700 (18.141)	Grad: 0.059
[Epoch  65 (20.12s)]	ELBO: 29.563 (1088.175)	Log prob: 35.264 (1106.501)	KLD: 5.701 (18.326)	Grad: 0.060
[Epoch  66 (19.73s)]	ELBO: 29.654 (1087.735)	Log prob: 35.351 (1105.825)	KLD: 5.698 (18.089)	Grad: 0.058
[Epoch  67 (19.80s)]	ELBO: 29.669 (1087.681)	Log prob: 35.361 (1105.970)	KLD: 5.693 (18.289)	Grad: 0.056
[Epoch  68 (19.72s)]	ELBO: 29.723 (1087.773)	Log prob: 35.420 (1106.430)	KLD: 5.697 (18.657)	Grad: 0.056
[Epoch  69 (19.00s)]	ELBO: 29.638 (1088.300)	Log prob: 35.360 (1106.893)	KLD: 5.722 (18.593)	Grad: 0.056
[Epoch  70 (19.01s)]	ELBO: 29.655 (1088.401)	Log prob: 35.381 (1106.663)	KLD: 5.726 (18.262)	Grad: 0.057
[Epoch  71 (19.62s)]	ELBO: 29.802 (1087.769)	Log prob: 35.497 (1106.306)	KLD: 5.696 (18.537)	Grad: 0.054
[Epoch  72 (20.16s)]	ELBO: 29.710 (1087.600)	Log prob: 35.435 (1106.056)	KLD: 5.725 (18.457)	Grad: 0.057
[Epoch  73 (18.11s)]	ELBO: 29.712 (1087.766)	Log prob: 35.430 (1105.890)	KLD: 5.718 (18.124)	Grad: 0.056
No improvement after 25 epochs...
Training model 3/3...
[Epoch   1 (17.62s)]	ELBO: 2.641 (1096.960)	Log prob: 3.303 (1117.485)	KLD: 0.662 (20.525)	Grad: 0.013
[Epoch   2 (18.21s)]	ELBO: 9.854 (1105.989)	Log prob: 13.341 (1127.740)	KLD: 3.487 (21.751)	Grad: 0.035
[Epoch   3 (18.57s)]	ELBO: 13.456 (1106.346)	Log prob: 17.686 (1128.403)	KLD: 4.230 (22.058)	Grad: 0.044
[Epoch   4 (16.75s)]	ELBO: 14.477 (1106.780)	Log prob: 18.762 (1129.468)	KLD: 4.285 (22.688)	Grad: 0.045
[Epoch   5 (18.79s)]	ELBO: 14.970 (1106.482)	Log prob: 19.336 (1129.242)	KLD: 4.367 (22.760)	Grad: 0.049
[Epoch   6 (19.11s)]	ELBO: 15.410 (1107.110)	Log prob: 19.824 (1129.677)	KLD: 4.414 (22.568)	Grad: 0.049
[Epoch   7 (18.07s)]	ELBO: 15.706 (1106.996)	Log prob: 20.157 (1129.471)	KLD: 4.451 (22.475)	Grad: 0.051
[Epoch   8 (16.90s)]	ELBO: 15.977 (1108.831)	Log prob: 20.499 (1131.492)	KLD: 4.521 (22.661)	Grad: 0.051
[Epoch   9 (17.45s)]	ELBO: 16.119 (1107.617)	Log prob: 20.666 (1130.031)	KLD: 4.548 (22.414)	Grad: 0.052
[Epoch  10 (17.85s)]	ELBO: 16.379 (1106.815)	Log prob: 20.924 (1129.805)	KLD: 4.544 (22.990)	Grad: 0.052
[Epoch  11 (16.88s)]	ELBO: 16.478 (1106.996)	Log prob: 21.063 (1129.835)	KLD: 4.585 (22.839)	Grad: 0.054
[Epoch  12 (18.49s)]	ELBO: 16.677 (1107.621)	Log prob: 21.281 (1130.548)	KLD: 4.604 (22.927)	Grad: 0.055
[Epoch  13 (17.97s)]	ELBO: 16.838 (1107.586)	Log prob: 21.463 (1130.551)	KLD: 4.625 (22.965)	Grad: 0.055
[Epoch  14 (17.88s)]	ELBO: 16.927 (1107.126)	Log prob: 21.570 (1129.686)	KLD: 4.643 (22.560)	Grad: 0.056
[Epoch  15 (17.62s)]	ELBO: 17.031 (1108.046)	Log prob: 21.688 (1131.130)	KLD: 4.657 (23.084)	Grad: 0.055
[Epoch  16 (17.19s)]	ELBO: 17.096 (1107.284)	Log prob: 21.783 (1130.418)	KLD: 4.687 (23.134)	Grad: 0.058
[Epoch  17 (18.15s)]	ELBO: 17.239 (1107.515)	Log prob: 21.941 (1130.303)	KLD: 4.702 (22.787)	Grad: 0.055
[Epoch  18 (17.56s)]	ELBO: 17.261 (1108.248)	Log prob: 21.987 (1131.195)	KLD: 4.725 (22.947)	Grad: 0.056
[Epoch  19 (17.98s)]	ELBO: 17.312 (1107.561)	Log prob: 22.052 (1130.591)	KLD: 4.739 (23.030)	Grad: 0.058
[Epoch  20 (17.21s)]	ELBO: 17.466 (1107.884)	Log prob: 22.217 (1130.931)	KLD: 4.751 (23.047)	Grad: 0.054
[Epoch  21 (16.86s)]	ELBO: 17.515 (1107.957)	Log prob: 22.262 (1130.906)	KLD: 4.747 (22.949)	Grad: 0.055
[Epoch  22 (17.58s)]	ELBO: 17.507 (1108.197)	Log prob: 22.274 (1131.281)	KLD: 4.767 (23.084)	Grad: 0.058
[Epoch  23 (17.45s)]	ELBO: 17.580 (1107.844)	Log prob: 22.374 (1130.685)	KLD: 4.793 (22.840)	Grad: 0.057
[Epoch  24 (17.39s)]	ELBO: 17.618 (1107.705)	Log prob: 22.398 (1130.788)	KLD: 4.781 (23.083)	Grad: 0.057
[Epoch  25 (18.16s)]	ELBO: 17.670 (1107.791)	Log prob: 22.485 (1130.916)	KLD: 4.816 (23.125)	Grad: 0.057
[Epoch  26 (17.13s)]	ELBO: 17.754 (1108.017)	Log prob: 22.572 (1130.957)	KLD: 4.818 (22.940)	Grad: 0.056
[Epoch  27 (18.03s)]	ELBO: 17.836 (1107.800)	Log prob: 22.648 (1130.949)	KLD: 4.813 (23.148)	Grad: 0.057
[Epoch  28 (17.68s)]	ELBO: 17.868 (1107.722)	Log prob: 22.712 (1130.765)	KLD: 4.844 (23.043)	Grad: 0.058
[Epoch  29 (17.58s)]	ELBO: 17.945 (1106.942)	Log prob: 22.776 (1130.184)	KLD: 4.831 (23.242)	Grad: 0.055
[Epoch  30 (17.52s)]	ELBO: 17.975 (1107.209)	Log prob: 22.811 (1130.153)	KLD: 4.836 (22.944)	Grad: 0.057
[Epoch  31 (17.00s)]	ELBO: 18.015 (1107.153)	Log prob: 22.857 (1130.595)	KLD: 4.841 (23.443)	Grad: 0.056
[Epoch  32 (18.00s)]	ELBO: 18.023 (1108.225)	Log prob: 22.884 (1131.144)	KLD: 4.861 (22.919)	Grad: 0.057
No improvement after 25 epochs...
Best epoch(s): [241, 49, 8]	Training time(s): 9315.39s, 1660.74s, 566.62s (11542.75s)	Best ELBO: 18.023 (1108.831)	Best log prob: 22.884 (1131.492)
Avg. mu: 0.546, 0.169, 0.071, -0.139, 0.260, -0.143, -0.093, 0.179, -0.040
Avg. var: 0.007, 0.008, 0.008, 0.043, 0.046, 0.049, 0.125, 0.107, 0.079
Max. mu: 6.012, 6.300, 7.010, 4.628, 5.952, 5.691, 6.928, 5.854, 4.699
Max. var: 0.062, 0.149, 0.082, 0.417, 0.347, 0.303, 1.296, 1.103, 0.790
Min. mu: -6.228, -6.197, -5.894, -7.773, -5.989, -5.521, -5.590, -4.198, -4.185
Min. var: 0.000, 0.000, 0.001, 0.004, 0.006, 0.001, 0.005, 0.002, 0.007
Cov. mu:
[[5.200 -0.042 0.800 -0.093 -0.329 -0.065 0.003 -0.193 -0.494]
 [-0.042 2.960 0.664 0.092 0.181 0.145 -0.338 -0.076 -0.352]
 [0.800 0.664 4.177 -0.005 -0.110 0.212 0.172 -0.712 -0.049]
 [-0.093 0.092 -0.005 1.369 0.033 -0.085 -0.431 -0.073 -0.198]
 [-0.329 0.181 -0.110 0.033 1.531 -0.106 -0.137 0.306 0.053]
 [-0.065 0.145 0.212 -0.085 -0.106 1.501 0.257 -0.085 0.095]
 [0.003 -0.338 0.172 -0.431 -0.137 0.257 1.753 0.158 -0.034]
 [-0.193 -0.076 -0.712 -0.073 0.306 -0.085 0.158 1.345 -0.136]
 [-0.494 -0.352 -0.049 -0.198 0.053 0.095 -0.034 -0.136 1.269]]
