Encoder
=================================================================
Layer (type:depth-idx)                   Param #
=================================================================
Encoder                                  --
├─Linear: 1-1                            76,930
├─Linear: 1-2                            4,851
=================================================================
Total params: 81,781
Trainable params: 81,781
Non-trainable params: 0
=================================================================
Encoder to Latents 0
=================================================================
Layer (type:depth-idx)                   Param #
=================================================================
EncoderToLatents                         --
├─Linear: 1-1                            100
├─Linear: 1-2                            100
=================================================================
Total params: 200
Trainable params: 200
Non-trainable params: 0
=================================================================
Encoder to Latents 1
=================================================================
Layer (type:depth-idx)                   Param #
=================================================================
EncoderToLatents                         --
├─Linear: 1-1                            100
├─Linear: 1-2                            100
=================================================================
Total params: 200
Trainable params: 200
Non-trainable params: 0
=================================================================
Latents to Decoder 0
=================================================================
Layer (type:depth-idx)                   Param #
=================================================================
LatentsToDecoder                         --
├─Linear: 1-1                            147
=================================================================
Total params: 147
Trainable params: 147
Non-trainable params: 0
=================================================================
Latents to Decoder 1
=================================================================
Layer (type:depth-idx)                   Param #
=================================================================
LatentsToDecoder                         --
├─Linear: 1-1                            147
=================================================================
Total params: 147
Trainable params: 147
Non-trainable params: 0
=================================================================
Decoder
=================================================================
Layer (type:depth-idx)                   Param #
=================================================================
Decoder                                  --
├─Linear: 1-1                            4,900
├─Linear: 1-2                            77,616
=================================================================
Total params: 82,516
Trainable params: 82,516
Non-trainable params: 0
=================================================================
[Epoch   1 (20.57s)]	ELBO: 1212.219, 1274.826 (1381.768)	Log prob: 1218.877, 1288.849 (1389.701)	KLD: 6.658, 14.023 (7.933)	Grad: 0.120, 0.187
[Epoch   2 (31.51s)]	ELBO: 1426.197, 1428.621 (1467.316)	Log prob: 1433.227, 1437.226 (1476.262)	KLD: 7.031, 8.606 (8.946)	Grad: 0.068, 0.120
[Epoch   3 (30.90s)]	ELBO: 1471.541, 1480.078 (1504.360)	Log prob: 1479.187, 1489.851 (1515.284)	KLD: 7.646, 9.772 (10.924)	Grad: 0.067, 0.123
[Epoch   4 (30.16s)]	ELBO: 1489.025, 1523.765 (1540.534)	Log prob: 1496.727, 1535.209 (1552.308)	KLD: 7.703, 11.444 (11.774)	Grad: 0.082, 0.144
[Epoch   5 (29.05s)]	ELBO: 1499.913, 1549.717 (1561.638)	Log prob: 1507.559, 1561.652 (1573.776)	KLD: 7.647, 11.934 (12.138)	Grad: 0.077, 0.132
[Epoch   6 (30.34s)]	ELBO: 1508.776, 1571.434 (1582.098)	Log prob: 1516.406, 1583.913 (1594.807)	KLD: 7.629, 12.478 (12.710)	Grad: 0.081, 0.133
[Epoch   7 (29.39s)]	ELBO: 1516.090, 1585.641 (1592.274)	Log prob: 1523.660, 1598.354 (1605.022)	KLD: 7.570, 12.712 (12.748)	Grad: 0.081, 0.133
[Epoch   8 (28.33s)]	ELBO: 1522.261, 1594.283 (1598.960)	Log prob: 1529.826, 1607.067 (1611.561)	KLD: 7.565, 12.785 (12.601)	Grad: 0.081, 0.135
[Epoch   9 (27.38s)]	ELBO: 1527.723, 1600.211 (1604.715)	Log prob: 1535.327, 1612.989 (1617.396)	KLD: 7.604, 12.778 (12.681)	Grad: 0.081, 0.139
[Epoch  10 (27.98s)]	ELBO: 1532.756, 1605.022 (1608.233)	Log prob: 1540.416, 1617.811 (1621.102)	KLD: 7.660, 12.788 (12.869)	Grad: 0.082, 0.140
[Epoch  11 (29.15s)]	ELBO: 1537.567, 1608.935 (1612.147)	Log prob: 1545.313, 1621.768 (1624.959)	KLD: 7.746, 12.833 (12.812)	Grad: 0.083, 0.141
[Epoch  12 (29.07s)]	ELBO: 1541.726, 1612.179 (1615.391)	Log prob: 1549.530, 1625.039 (1628.475)	KLD: 7.804, 12.861 (13.085)	Grad: 0.087, 0.150
[Epoch  13 (28.40s)]	ELBO: 1545.628, 1615.502 (1618.239)	Log prob: 1553.488, 1628.398 (1631.028)	KLD: 7.860, 12.896 (12.789)	Grad: 0.087, 0.148
[Epoch  14 (29.69s)]	ELBO: 1549.351, 1618.352 (1620.348)	Log prob: 1557.282, 1631.316 (1633.212)	KLD: 7.931, 12.964 (12.864)	Grad: 0.088, 0.152
[Epoch  15 (30.46s)]	ELBO: 1552.278, 1620.863 (1623.183)	Log prob: 1560.241, 1633.844 (1635.894)	KLD: 7.962, 12.980 (12.711)	Grad: 0.090, 0.155
[Epoch  16 (31.04s)]	ELBO: 1555.326, 1623.521 (1625.738)	Log prob: 1563.310, 1636.520 (1638.973)	KLD: 7.984, 12.998 (13.235)	Grad: 0.090, 0.154
[Epoch  17 (29.37s)]	ELBO: 1557.679, 1625.577 (1626.715)	Log prob: 1565.708, 1638.616 (1639.868)	KLD: 8.030, 13.039 (13.154)	Grad: 0.093, 0.158
[Epoch  18 (30.39s)]	ELBO: 1560.065, 1627.475 (1628.805)	Log prob: 1568.126, 1640.571 (1642.054)	KLD: 8.061, 13.096 (13.250)	Grad: 0.095, 0.162
[Epoch  19 (32.35s)]	ELBO: 1562.331, 1629.594 (1630.954)	Log prob: 1570.408, 1642.713 (1643.931)	KLD: 8.077, 13.118 (12.977)	Grad: 0.095, 0.162
[Epoch  20 (30.81s)]	ELBO: 1564.288, 1631.433 (1631.466)	Log prob: 1572.379, 1644.556 (1644.620)	KLD: 8.092, 13.122 (13.153)	Grad: 0.095, 0.163
[Epoch  21 (31.42s)]	ELBO: 1565.914, 1633.076 (1632.660)	Log prob: 1573.991, 1646.194 (1645.861)	KLD: 8.077, 13.118 (13.201)	Grad: 0.096, 0.165
[Epoch  22 (30.51s)]	ELBO: 1567.747, 1634.585 (1633.992)	Log prob: 1575.853, 1647.750 (1647.192)	KLD: 8.106, 13.165 (13.200)	Grad: 0.097, 0.167
[Epoch  23 (31.67s)]	ELBO: 1569.236, 1635.949 (1635.263)	Log prob: 1577.337, 1649.096 (1648.524)	KLD: 8.101, 13.146 (13.260)	Grad: 0.097, 0.167
[Epoch  24 (30.11s)]	ELBO: 1570.622, 1637.299 (1636.304)	Log prob: 1578.741, 1650.479 (1649.482)	KLD: 8.119, 13.180 (13.178)	Grad: 0.098, 0.168
[Epoch  25 (30.83s)]	ELBO: 1571.806, 1638.409 (1637.611)	Log prob: 1579.927, 1651.616 (1650.931)	KLD: 8.119, 13.208 (13.320)	Grad: 0.101, 0.173
[Epoch  26 (30.55s)]	ELBO: 1572.793, 1639.392 (1639.118)	Log prob: 1580.945, 1652.621 (1652.311)	KLD: 8.153, 13.229 (13.193)	Grad: 0.102, 0.176
[Epoch  27 (31.04s)]	ELBO: 1574.307, 1640.851 (1639.522)	Log prob: 1582.458, 1654.088 (1652.652)	KLD: 8.151, 13.236 (13.130)	Grad: 0.099, 0.171
[Epoch  28 (30.23s)]	ELBO: 1575.306, 1641.943 (1639.894)	Log prob: 1583.469, 1655.219 (1653.209)	KLD: 8.163, 13.275 (13.315)	Grad: 0.101, 0.174
[Epoch  29 (30.47s)]	ELBO: 1576.504, 1643.017 (1639.401)	Log prob: 1584.675, 1656.303 (1652.846)	KLD: 8.171, 13.286 (13.445)	Grad: 0.099, 0.171
[Epoch  30 (31.33s)]	ELBO: 1577.308, 1643.828 (1641.465)	Log prob: 1585.471, 1657.083 (1654.686)	KLD: 8.164, 13.255 (13.221)	Grad: 0.102, 0.175
[Epoch  31 (32.19s)]	ELBO: 1578.446, 1644.857 (1642.477)	Log prob: 1586.614, 1658.146 (1655.621)	KLD: 8.167, 13.289 (13.143)	Grad: 0.100, 0.173
[Epoch  32 (31.86s)]	ELBO: 1579.200, 1645.687 (1642.611)	Log prob: 1587.379, 1658.972 (1655.903)	KLD: 8.181, 13.284 (13.292)	Grad: 0.101, 0.175
[Epoch  33 (33.81s)]	ELBO: 1579.982, 1646.608 (1643.127)	Log prob: 1588.159, 1659.900 (1656.409)	KLD: 8.178, 13.292 (13.282)	Grad: 0.103, 0.178
[Epoch  34 (34.41s)]	ELBO: 1580.526, 1647.153 (1643.938)	Log prob: 1588.714, 1660.461 (1657.082)	KLD: 8.188, 13.308 (13.144)	Grad: 0.102, 0.178
[Epoch  35 (34.30s)]	ELBO: 1581.319, 1648.102 (1645.197)	Log prob: 1589.505, 1661.401 (1658.278)	KLD: 8.185, 13.300 (13.081)	Grad: 0.103, 0.178
[Epoch  36 (35.18s)]	ELBO: 1582.158, 1648.817 (1645.132)	Log prob: 1590.349, 1662.139 (1658.417)	KLD: 8.191, 13.322 (13.285)	Grad: 0.101, 0.176
[Epoch  37 (32.20s)]	ELBO: 1582.861, 1649.610 (1646.084)	Log prob: 1591.051, 1662.937 (1659.341)	KLD: 8.191, 13.328 (13.257)	Grad: 0.103, 0.179
[Epoch  38 (32.68s)]	ELBO: 1583.779, 1650.522 (1646.202)	Log prob: 1591.978, 1663.862 (1659.612)	KLD: 8.199, 13.339 (13.409)	Grad: 0.101, 0.175
[Epoch  39 (32.96s)]	ELBO: 1584.051, 1650.969 (1646.201)	Log prob: 1592.255, 1664.318 (1659.576)	KLD: 8.206, 13.349 (13.376)	Grad: 0.102, 0.178
[Epoch  40 (31.99s)]	ELBO: 1584.755, 1651.653 (1646.286)	Log prob: 1592.966, 1665.015 (1659.508)	KLD: 8.213, 13.362 (13.222)	Grad: 0.102, 0.178
[Epoch  41 (32.89s)]	ELBO: 1585.483, 1652.381 (1647.504)	Log prob: 1593.684, 1665.720 (1660.841)	KLD: 8.201, 13.339 (13.337)	Grad: 0.102, 0.178
[Epoch  42 (32.96s)]	ELBO: 1585.678, 1652.680 (1647.804)	Log prob: 1593.876, 1666.024 (1661.049)	KLD: 8.198, 13.344 (13.244)	Grad: 0.105, 0.183
[Epoch  43 (32.52s)]	ELBO: 1586.568, 1653.547 (1649.512)	Log prob: 1594.779, 1666.917 (1662.661)	KLD: 8.211, 13.370 (13.149)	Grad: 0.103, 0.179
[Epoch  44 (32.89s)]	ELBO: 1587.250, 1654.199 (1648.981)	Log prob: 1595.466, 1667.574 (1662.250)	KLD: 8.215, 13.374 (13.269)	Grad: 0.101, 0.175
[Epoch  45 (31.03s)]	ELBO: 1587.703, 1654.718 (1648.576)	Log prob: 1595.920, 1668.103 (1661.909)	KLD: 8.216, 13.386 (13.333)	Grad: 0.102, 0.179
[Epoch  46 (32.38s)]	ELBO: 1587.990, 1655.075 (1649.187)	Log prob: 1596.221, 1668.479 (1662.868)	KLD: 8.231, 13.405 (13.681)	Grad: 0.103, 0.180
[Epoch  47 (32.40s)]	ELBO: 1588.215, 1655.331 (1650.345)	Log prob: 1596.433, 1668.706 (1663.491)	KLD: 8.218, 13.373 (13.145)	Grad: 0.105, 0.184
[Epoch  48 (31.99s)]	ELBO: 1588.731, 1656.048 (1651.321)	Log prob: 1596.953, 1669.457 (1664.556)	KLD: 8.223, 13.408 (13.235)	Grad: 0.104, 0.181
[Epoch  49 (32.04s)]	ELBO: 1589.453, 1656.724 (1650.408)	Log prob: 1597.690, 1670.163 (1663.890)	KLD: 8.237, 13.439 (13.482)	Grad: 0.103, 0.179
[Epoch  50 (33.00s)]	ELBO: 1589.794, 1656.986 (1651.066)	Log prob: 1598.018, 1670.392 (1664.233)	KLD: 8.224, 13.407 (13.168)	Grad: 0.103, 0.181
[Epoch  51 (31.08s)]	ELBO: 1590.362, 1657.680 (1651.393)	Log prob: 1598.588, 1671.100 (1664.594)	KLD: 8.226, 13.420 (13.201)	Grad: 0.103, 0.180
[Epoch  52 (30.15s)]	ELBO: 1590.717, 1657.934 (1652.139)	Log prob: 1598.949, 1671.351 (1665.273)	KLD: 8.232, 13.416 (13.135)	Grad: 0.104, 0.182
[Epoch  53 (31.17s)]	ELBO: 1590.658, 1658.016 (1651.783)	Log prob: 1598.892, 1671.448 (1665.323)	KLD: 8.235, 13.431 (13.540)	Grad: 0.105, 0.184
[Epoch  54 (29.67s)]	ELBO: 1591.326, 1658.682 (1652.333)	Log prob: 1599.550, 1672.105 (1665.763)	KLD: 8.225, 13.425 (13.430)	Grad: 0.104, 0.183
[Epoch  55 (30.38s)]	ELBO: 1591.888, 1659.281 (1653.125)	Log prob: 1600.120, 1672.702 (1666.392)	KLD: 8.232, 13.423 (13.268)	Grad: 0.103, 0.181
[Epoch  56 (29.46s)]	ELBO: 1592.174, 1659.510 (1653.567)	Log prob: 1600.398, 1672.937 (1666.900)	KLD: 8.223, 13.427 (13.333)	Grad: 0.104, 0.181
[Epoch  57 (30.05s)]	ELBO: 1592.331, 1659.719 (1653.199)	Log prob: 1600.556, 1673.154 (1666.564)	KLD: 8.227, 13.434 (13.366)	Grad: 0.105, 0.185
[Epoch  58 (29.84s)]	ELBO: 1592.394, 1659.987 (1652.411)	Log prob: 1600.632, 1673.437 (1665.884)	KLD: 8.238, 13.451 (13.473)	Grad: 0.107, 0.186
[Epoch  59 (29.37s)]	ELBO: 1592.879, 1660.312 (1653.161)	Log prob: 1601.104, 1673.730 (1666.712)	KLD: 8.226, 13.418 (13.551)	Grad: 0.106, 0.186
[Epoch  60 (30.92s)]	ELBO: 1593.412, 1660.873 (1653.305)	Log prob: 1601.654, 1674.323 (1666.979)	KLD: 8.243, 13.449 (13.674)	Grad: 0.106, 0.185
[Epoch  61 (29.19s)]	ELBO: 1593.888, 1661.369 (1652.794)	Log prob: 1602.153, 1674.840 (1666.301)	KLD: 8.265, 13.472 (13.507)	Grad: 0.105, 0.184
[Epoch  62 (31.51s)]	ELBO: 1593.907, 1661.426 (1654.644)	Log prob: 1602.166, 1674.922 (1668.239)	KLD: 8.260, 13.495 (13.595)	Grad: 0.106, 0.185
[Epoch  63 (31.69s)]	ELBO: 1594.489, 1662.011 (1655.003)	Log prob: 1602.733, 1675.475 (1668.419)	KLD: 8.245, 13.465 (13.415)	Grad: 0.103, 0.180
[Epoch  64 (32.06s)]	ELBO: 1594.846, 1662.513 (1655.121)	Log prob: 1603.105, 1675.978 (1668.704)	KLD: 8.258, 13.466 (13.584)	Grad: 0.105, 0.183
[Epoch  65 (31.77s)]	ELBO: 1595.217, 1662.790 (1655.814)	Log prob: 1603.465, 1676.257 (1669.178)	KLD: 8.248, 13.468 (13.365)	Grad: 0.104, 0.182
[Epoch  66 (30.88s)]	ELBO: 1595.352, 1663.071 (1656.241)	Log prob: 1603.611, 1676.548 (1669.492)	KLD: 8.259, 13.477 (13.251)	Grad: 0.105, 0.183
[Epoch  67 (29.25s)]	ELBO: 1595.319, 1662.954 (1655.512)	Log prob: 1603.571, 1676.415 (1668.855)	KLD: 8.252, 13.460 (13.342)	Grad: 0.107, 0.186
[Epoch  68 (30.03s)]	ELBO: 1595.993, 1663.518 (1655.174)	Log prob: 1604.265, 1677.029 (1668.470)	KLD: 8.271, 13.512 (13.296)	Grad: 0.105, 0.184
[Epoch  69 (29.15s)]	ELBO: 1596.248, 1663.872 (1655.849)	Log prob: 1604.518, 1677.390 (1669.413)	KLD: 8.270, 13.518 (13.564)	Grad: 0.106, 0.185
[Epoch  70 (29.24s)]	ELBO: 1596.504, 1664.165 (1654.983)	Log prob: 1604.786, 1677.697 (1668.568)	KLD: 8.282, 13.531 (13.586)	Grad: 0.106, 0.185
[Epoch  71 (28.64s)]	ELBO: 1596.911, 1664.598 (1654.896)	Log prob: 1605.189, 1678.133 (1668.807)	KLD: 8.279, 13.535 (13.912)	Grad: 0.105, 0.183
[Epoch  72 (29.61s)]	ELBO: 1596.620, 1664.281 (1655.210)	Log prob: 1604.902, 1677.822 (1668.697)	KLD: 8.281, 13.542 (13.487)	Grad: 0.108, 0.188
[Epoch  73 (28.06s)]	ELBO: 1596.943, 1664.558 (1655.692)	Log prob: 1605.223, 1678.090 (1669.315)	KLD: 8.279, 13.532 (13.623)	Grad: 0.107, 0.188
[Epoch  74 (28.70s)]	ELBO: 1597.407, 1665.039 (1655.617)	Log prob: 1605.705, 1678.580 (1669.225)	KLD: 8.297, 13.543 (13.608)	Grad: 0.105, 0.185
[Epoch  75 (29.61s)]	ELBO: 1597.725, 1665.349 (1657.461)	Log prob: 1606.026, 1678.898 (1670.879)	KLD: 8.301, 13.549 (13.418)	Grad: 0.108, 0.188
[Epoch  76 (29.09s)]	ELBO: 1598.012, 1665.728 (1656.864)	Log prob: 1606.283, 1679.242 (1670.357)	KLD: 8.271, 13.512 (13.492)	Grad: 0.106, 0.185
[Epoch  77 (31.52s)]	ELBO: 1598.286, 1666.007 (1657.444)	Log prob: 1606.593, 1679.556 (1671.115)	KLD: 8.307, 13.550 (13.671)	Grad: 0.106, 0.184
[Epoch  78 (31.88s)]	ELBO: 1598.412, 1666.123 (1657.054)	Log prob: 1606.707, 1679.665 (1670.445)	KLD: 8.295, 13.541 (13.391)	Grad: 0.106, 0.185
[Epoch  79 (31.95s)]	ELBO: 1598.486, 1666.178 (1657.325)	Log prob: 1606.767, 1679.705 (1670.906)	KLD: 8.283, 13.527 (13.581)	Grad: 0.109, 0.190
[Epoch  80 (31.90s)]	ELBO: 1598.970, 1666.680 (1657.646)	Log prob: 1607.265, 1680.230 (1671.120)	KLD: 8.296, 13.548 (13.474)	Grad: 0.106, 0.185
[Epoch  81 (31.24s)]	ELBO: 1599.315, 1667.037 (1657.096)	Log prob: 1607.624, 1680.596 (1670.698)	KLD: 8.310, 13.559 (13.601)	Grad: 0.106, 0.184
[Epoch  82 (29.37s)]	ELBO: 1599.275, 1667.047 (1658.026)	Log prob: 1607.568, 1680.599 (1671.521)	KLD: 8.292, 13.551 (13.495)	Grad: 0.108, 0.188
[Epoch  83 (29.17s)]	ELBO: 1599.329, 1667.023 (1657.481)	Log prob: 1607.619, 1680.553 (1671.047)	KLD: 8.290, 13.529 (13.566)	Grad: 0.110, 0.190
[Epoch  84 (28.10s)]	ELBO: 1599.253, 1666.944 (1658.224)	Log prob: 1607.548, 1680.492 (1671.813)	KLD: 8.295, 13.548 (13.589)	Grad: 0.109, 0.191
[Epoch  85 (29.13s)]	ELBO: 1598.576, 1666.106 (1658.766)	Log prob: 1606.851, 1679.642 (1672.156)	KLD: 8.275, 13.537 (13.390)	Grad: 0.115, 0.202
[Epoch  86 (29.06s)]	ELBO: 1599.838, 1667.579 (1658.290)	Log prob: 1608.130, 1681.143 (1671.767)	KLD: 8.292, 13.564 (13.477)	Grad: 0.108, 0.188
[Epoch  87 (28.40s)]	ELBO: 1600.432, 1668.094 (1658.784)	Log prob: 1608.731, 1681.639 (1672.359)	KLD: 8.298, 13.545 (13.575)	Grad: 0.106, 0.184
[Epoch  88 (29.49s)]	ELBO: 1600.567, 1668.200 (1658.525)	Log prob: 1608.873, 1681.793 (1672.271)	KLD: 8.305, 13.594 (13.746)	Grad: 0.108, 0.189
[Epoch  89 (29.04s)]	ELBO: 1600.683, 1668.465 (1659.043)	Log prob: 1609.000, 1682.062 (1672.732)	KLD: 8.318, 13.597 (13.689)	Grad: 0.107, 0.186
[Epoch  90 (29.08s)]	ELBO: 1600.902, 1668.755 (1659.330)	Log prob: 1609.222, 1682.329 (1672.852)	KLD: 8.319, 13.574 (13.523)	Grad: 0.109, 0.189
[Epoch  91 (29.14s)]	ELBO: 1601.162, 1668.861 (1659.273)	Log prob: 1609.476, 1682.433 (1672.854)	KLD: 8.314, 13.572 (13.581)	Grad: 0.106, 0.185
[Epoch  92 (30.03s)]	ELBO: 1600.291, 1668.013 (1656.028)	Log prob: 1608.600, 1681.579 (1669.844)	KLD: 8.309, 13.566 (13.816)	Grad: 0.113, 0.197
[Epoch  93 (30.67s)]	ELBO: 1599.854, 1667.266 (1659.645)	Log prob: 1608.128, 1680.823 (1673.175)	KLD: 8.274, 13.557 (13.530)	Grad: 0.115, 0.200
[Epoch  94 (29.25s)]	ELBO: 1601.493, 1669.246 (1659.695)	Log prob: 1609.789, 1682.818 (1673.241)	KLD: 8.294, 13.571 (13.546)	Grad: 0.108, 0.188
[Epoch  95 (30.72s)]	ELBO: 1601.741, 1669.520 (1660.248)	Log prob: 1610.039, 1683.088 (1673.606)	KLD: 8.297, 13.569 (13.358)	Grad: 0.108, 0.189
[Epoch  96 (30.57s)]	ELBO: 1601.941, 1669.741 (1659.330)	Log prob: 1610.261, 1683.344 (1672.872)	KLD: 8.321, 13.604 (13.542)	Grad: 0.108, 0.187
[Epoch  97 (28.79s)]	ELBO: 1601.707, 1669.423 (1659.963)	Log prob: 1610.013, 1683.014 (1673.389)	KLD: 8.305, 13.590 (13.426)	Grad: 0.110, 0.191
[Epoch  98 (29.15s)]	ELBO: 1601.533, 1669.298 (1658.664)	Log prob: 1609.844, 1682.892 (1672.281)	KLD: 8.311, 13.594 (13.617)	Grad: 0.112, 0.195
[Epoch  99 (28.88s)]	ELBO: 1602.182, 1669.877 (1660.755)	Log prob: 1610.491, 1683.468 (1673.997)	KLD: 8.309, 13.590 (13.242)	Grad: 0.110, 0.191
[Epoch 100 (29.09s)]	ELBO: 1601.959, 1669.646 (1659.338)	Log prob: 1610.264, 1683.233 (1672.865)	KLD: 8.305, 13.587 (13.527)	Grad: 0.113, 0.195
[Epoch 101 (28.63s)]	ELBO: 1602.297, 1670.175 (1661.640)	Log prob: 1610.594, 1683.745 (1675.171)	KLD: 8.295, 13.573 (13.531)	Grad: 0.111, 0.191
[Epoch 102 (28.48s)]	ELBO: 1602.975, 1670.743 (1661.231)	Log prob: 1611.272, 1684.333 (1674.666)	KLD: 8.298, 13.591 (13.435)	Grad: 0.108, 0.187
[Epoch 103 (28.25s)]	ELBO: 1602.905, 1670.782 (1659.732)	Log prob: 1611.220, 1684.371 (1673.355)	KLD: 8.315, 13.590 (13.623)	Grad: 0.110, 0.190
[Epoch 104 (28.29s)]	ELBO: 1602.456, 1670.362 (1660.981)	Log prob: 1610.785, 1683.988 (1674.457)	KLD: 8.329, 13.624 (13.476)	Grad: 0.112, 0.194
[Epoch 105 (27.99s)]	ELBO: 1602.944, 1670.720 (1659.879)	Log prob: 1611.274, 1684.333 (1673.425)	KLD: 8.330, 13.614 (13.546)	Grad: 0.110, 0.191
[Epoch 106 (28.48s)]	ELBO: 1603.150, 1671.019 (1660.757)	Log prob: 1611.469, 1684.621 (1674.236)	KLD: 8.319, 13.603 (13.479)	Grad: 0.111, 0.192
[Epoch 107 (28.32s)]	ELBO: 1603.501, 1671.330 (1660.002)	Log prob: 1611.827, 1684.945 (1673.604)	KLD: 8.324, 13.616 (13.602)	Grad: 0.109, 0.189
[Epoch 108 (28.84s)]	ELBO: 1603.086, 1670.801 (1658.802)	Log prob: 1611.397, 1684.394 (1672.415)	KLD: 8.310, 13.594 (13.613)	Grad: 0.115, 0.199
[Epoch 109 (29.94s)]	ELBO: 1603.702, 1671.413 (1660.370)	Log prob: 1612.022, 1685.023 (1673.984)	KLD: 8.320, 13.608 (13.614)	Grad: 0.110, 0.190
[Epoch 110 (28.77s)]	ELBO: 1603.774, 1671.609 (1659.431)	Log prob: 1612.104, 1685.222 (1672.799)	KLD: 8.328, 13.614 (13.368)	Grad: 0.110, 0.191
No improvement after 10 epochs...
Best epoch(s): [101]	Training time(s): 3332.34s (3332.34s)	Best ELBO: 1671.609 (1661.640)	Best log prob: 1685.222 (1675.171)
Avg. mu: 0.010, -0.070, -0.034, -0.023
Avg. var: 0.001, 0.001, 0.007, 0.007
Max. mu: 5.142, 5.454, 4.299, 4.294
Max. var: 0.019, 0.011, 0.030, 0.074
Min. mu: -4.289, -3.375, -3.573, -3.062
Min. var: 0.000, 0.000, 0.001, 0.001
Cov. mu:
[[1.705 -0.025 0.020 -0.012]
 [-0.025 2.131 -0.028 -0.061]
 [0.020 -0.028 1.157 0.009]
 [-0.012 -0.061 0.009 1.132]]
