=================================================================
Layer (type:depth-idx)                   Param #
=================================================================
VAE                                      --
├─Encoder: 1-1                           --
│    └─Conv2d: 2-1                       20
│    └─Conv2d: 2-2                       36
│    └─Linear: 2-3                       153,860
│    └─Linear: 2-4                       9,653
├─Decoder: 1-2                           --
│    └─Linear: 2-5                       9,800
│    └─Linear: 2-6                       154,448
│    └─ConvTranspose2d: 2-7              34
│    └─ConvTranspose2d: 2-8              19
=================================================================
Total params: 327,870
Trainable params: 327,870
Non-trainable params: 0
=================================================================
[Epoch   1 (73.17s)]	ELBO: 1261.291 (1408.254)	Log prob: 1276.416 (1413.926)	KLD: 15.125 (5.672)
[Epoch   2 (113.33s)]	ELBO: 1445.567 (1481.411)	Log prob: 1451.597 (1488.254)	KLD: 6.031 (6.843)
[Epoch   3 (95.68s)]	ELBO: 1494.168 (1507.912)	Log prob: 1501.484 (1515.576)	KLD: 7.316 (7.663)
[Epoch   4 (101.44s)]	ELBO: 1512.575 (1520.883)	Log prob: 1520.139 (1528.574)	KLD: 7.565 (7.691)
[Epoch   5 (108.74s)]	ELBO: 1523.063 (1527.628)	Log prob: 1530.668 (1535.266)	KLD: 7.606 (7.638)
[Epoch   6 (155.19s)]	ELBO: 1530.684 (1534.867)	Log prob: 1538.298 (1542.500)	KLD: 7.614 (7.633)
[Epoch   7 (136.75s)]	ELBO: 1537.571 (1540.959)	Log prob: 1545.201 (1548.578)	KLD: 7.630 (7.620)
[Epoch   8 (155.68s)]	ELBO: 1542.473 (1545.170)	Log prob: 1550.129 (1552.821)	KLD: 7.656 (7.651)
[Epoch   9 (154.44s)]	ELBO: 1547.009 (1549.286)	Log prob: 1554.707 (1556.956)	KLD: 7.698 (7.670)
[Epoch  10 (143.29s)]	ELBO: 1551.040 (1551.577)	Log prob: 1558.819 (1559.355)	KLD: 7.779 (7.779)
[Epoch  11 (138.36s)]	ELBO: 1554.258 (1556.112)	Log prob: 1562.032 (1563.844)	KLD: 7.774 (7.732)
[Epoch  12 (139.44s)]	ELBO: 1557.068 (1556.236)	Log prob: 1564.872 (1563.961)	KLD: 7.804 (7.725)
[Epoch  13 (141.48s)]	ELBO: 1559.715 (1557.531)	Log prob: 1567.583 (1565.386)	KLD: 7.867 (7.855)
[Epoch  14 (136.08s)]	ELBO: 1562.487 (1562.762)	Log prob: 1570.392 (1570.549)	KLD: 7.905 (7.787)
[Epoch  15 (150.27s)]	ELBO: 1564.842 (1564.627)	Log prob: 1572.807 (1572.566)	KLD: 7.965 (7.939)
[Epoch  16 (137.63s)]	ELBO: 1566.925 (1564.773)	Log prob: 1574.898 (1572.688)	KLD: 7.973 (7.915)
[Epoch  17 (141.45s)]	ELBO: 1569.173 (1566.698)	Log prob: 1577.186 (1574.775)	KLD: 8.013 (8.077)
[Epoch  18 (146.69s)]	ELBO: 1570.854 (1569.509)	Log prob: 1578.853 (1577.529)	KLD: 7.999 (8.020)
[Epoch  19 (133.08s)]	ELBO: 1572.773 (1570.588)	Log prob: 1580.828 (1578.785)	KLD: 8.056 (8.198)
[Epoch  20 (132.75s)]	ELBO: 1574.109 (1572.267)	Log prob: 1582.189 (1580.444)	KLD: 8.080 (8.177)
[Epoch  21 (143.00s)]	ELBO: 1575.701 (1573.193)	Log prob: 1583.769 (1581.251)	KLD: 8.068 (8.057)
[Epoch  22 (136.30s)]	ELBO: 1577.137 (1574.465)	Log prob: 1585.261 (1582.589)	KLD: 8.124 (8.124)
[Epoch  23 (137.28s)]	ELBO: 1578.863 (1573.829)	Log prob: 1587.050 (1581.825)	KLD: 8.187 (7.996)
[Epoch  24 (140.56s)]	ELBO: 1580.163 (1575.791)	Log prob: 1588.298 (1583.940)	KLD: 8.135 (8.149)
[Epoch  25 (141.90s)]	ELBO: 1581.726 (1577.492)	Log prob: 1589.916 (1585.757)	KLD: 8.190 (8.265)
[Epoch  26 (133.99s)]	ELBO: 1583.524 (1578.076)	Log prob: 1591.739 (1586.270)	KLD: 8.214 (8.194)
[Epoch  27 (142.99s)]	ELBO: 1584.826 (1581.091)	Log prob: 1593.045 (1589.273)	KLD: 8.219 (8.181)
[Epoch  28 (135.19s)]	ELBO: 1585.427 (1580.677)	Log prob: 1593.688 (1588.998)	KLD: 8.261 (8.321)
[Epoch  29 (128.55s)]	ELBO: 1586.508 (1581.394)	Log prob: 1594.776 (1589.611)	KLD: 8.267 (8.217)
[Epoch  30 (129.53s)]	ELBO: 1587.353 (1581.648)	Log prob: 1595.602 (1589.907)	KLD: 8.249 (8.259)
[Epoch  31 (130.92s)]	ELBO: 1588.941 (1582.703)	Log prob: 1597.253 (1590.970)	KLD: 8.312 (8.268)
[Epoch  32 (134.34s)]	ELBO: 1589.770 (1581.366)	Log prob: 1598.104 (1589.607)	KLD: 8.334 (8.241)
[Epoch  33 (130.52s)]	ELBO: 1590.594 (1583.093)	Log prob: 1598.896 (1591.301)	KLD: 8.302 (8.209)
[Epoch  34 (130.16s)]	ELBO: 1590.969 (1585.146)	Log prob: 1599.281 (1593.482)	KLD: 8.313 (8.336)
[Epoch  35 (138.93s)]	ELBO: 1592.308 (1585.349)	Log prob: 1600.640 (1593.810)	KLD: 8.331 (8.461)
[Epoch  36 (125.89s)]	ELBO: 1592.568 (1586.009)	Log prob: 1600.918 (1594.445)	KLD: 8.350 (8.436)
[Epoch  37 (117.04s)]	ELBO: 1593.306 (1585.566)	Log prob: 1601.612 (1593.876)	KLD: 8.306 (8.310)
[Epoch  38 (119.93s)]	ELBO: 1593.830 (1586.197)	Log prob: 1602.164 (1594.553)	KLD: 8.334 (8.356)
[Epoch  39 (121.57s)]	ELBO: 1594.697 (1586.327)	Log prob: 1603.065 (1594.754)	KLD: 8.368 (8.427)
[Epoch  40 (115.40s)]	ELBO: 1595.249 (1585.851)	Log prob: 1603.619 (1594.117)	KLD: 8.370 (8.266)
[Epoch  41 (115.78s)]	ELBO: 1595.728 (1586.827)	Log prob: 1604.099 (1595.265)	KLD: 8.372 (8.439)
[Epoch  42 (128.36s)]	ELBO: 1596.280 (1587.852)	Log prob: 1604.647 (1596.287)	KLD: 8.367 (8.435)
[Epoch  43 (125.06s)]	ELBO: 1597.042 (1588.233)	Log prob: 1605.439 (1596.689)	KLD: 8.397 (8.455)
[Epoch  44 (119.65s)]	ELBO: 1597.861 (1589.138)	Log prob: 1606.269 (1597.550)	KLD: 8.408 (8.412)
[Epoch  45 (96.97s)]	ELBO: 1598.215 (1587.670)	Log prob: 1606.607 (1596.226)	KLD: 8.392 (8.556)
[Epoch  46 (94.71s)]	ELBO: 1598.718 (1588.094)	Log prob: 1607.117 (1596.603)	KLD: 8.399 (8.508)
[Epoch  47 (101.55s)]	ELBO: 1598.943 (1589.589)	Log prob: 1607.351 (1597.942)	KLD: 8.408 (8.353)
[Epoch  48 (99.09s)]	ELBO: 1599.796 (1589.390)	Log prob: 1608.231 (1597.796)	KLD: 8.434 (8.406)
[Epoch  49 (88.48s)]	ELBO: 1599.961 (1590.659)	Log prob: 1608.397 (1599.101)	KLD: 8.437 (8.442)
[Epoch  50 (90.81s)]	ELBO: 1600.428 (1590.431)	Log prob: 1608.856 (1598.856)	KLD: 8.429 (8.425)
[Epoch  51 (90.40s)]	ELBO: 1600.858 (1590.272)	Log prob: 1609.300 (1598.785)	KLD: 8.442 (8.513)
[Epoch  52 (93.03s)]	ELBO: 1601.699 (1591.209)	Log prob: 1610.160 (1599.825)	KLD: 8.460 (8.616)
[Epoch  53 (82.00s)]	ELBO: 1601.588 (1590.918)	Log prob: 1610.060 (1599.385)	KLD: 8.472 (8.467)
[Epoch  54 (83.07s)]	ELBO: 1602.252 (1591.614)	Log prob: 1610.728 (1600.038)	KLD: 8.476 (8.424)
[Epoch  55 (84.17s)]	ELBO: 1602.568 (1591.863)	Log prob: 1611.025 (1600.317)	KLD: 8.457 (8.453)
[Epoch  56 (86.68s)]	ELBO: 1602.793 (1590.498)	Log prob: 1611.285 (1599.038)	KLD: 8.492 (8.540)
[Epoch  57 (85.06s)]	ELBO: 1602.879 (1592.545)	Log prob: 1611.355 (1601.087)	KLD: 8.476 (8.543)
[Epoch  58 (83.23s)]	ELBO: 1603.183 (1593.071)	Log prob: 1611.644 (1601.583)	KLD: 8.461 (8.512)
[Epoch  59 (82.37s)]	ELBO: 1603.773 (1590.987)	Log prob: 1612.271 (1599.400)	KLD: 8.497 (8.413)
[Epoch  60 (78.82s)]	ELBO: 1603.888 (1591.011)	Log prob: 1612.369 (1599.364)	KLD: 8.481 (8.354)
[Epoch  61 (79.91s)]	ELBO: 1604.382 (1591.731)	Log prob: 1612.871 (1600.175)	KLD: 8.489 (8.444)
[Epoch  62 (80.89s)]	ELBO: 1604.116 (1590.580)	Log prob: 1612.593 (1598.982)	KLD: 8.476 (8.401)
[Epoch  63 (78.63s)]	ELBO: 1604.713 (1592.476)	Log prob: 1613.206 (1600.920)	KLD: 8.493 (8.444)
[Epoch  64 (73.99s)]	ELBO: 1605.167 (1592.528)	Log prob: 1613.646 (1601.007)	KLD: 8.478 (8.479)
[Epoch  65 (72.81s)]	ELBO: 1605.329 (1592.514)	Log prob: 1613.806 (1600.954)	KLD: 8.477 (8.440)
[Epoch  66 (74.29s)]	ELBO: 1605.730 (1593.753)	Log prob: 1614.227 (1602.352)	KLD: 8.497 (8.599)
[Epoch  67 (75.78s)]	ELBO: 1606.040 (1592.282)	Log prob: 1614.530 (1601.002)	KLD: 8.490 (8.720)
[Epoch  68 (73.27s)]	ELBO: 1606.170 (1591.459)	Log prob: 1614.693 (1599.914)	KLD: 8.524 (8.455)
[Epoch  69 (71.13s)]	ELBO: 1606.497 (1592.753)	Log prob: 1615.029 (1601.188)	KLD: 8.531 (8.436)
[Epoch  70 (73.57s)]	ELBO: 1607.330 (1592.991)	Log prob: 1615.876 (1601.566)	KLD: 8.546 (8.576)
[Epoch  71 (71.25s)]	ELBO: 1607.959 (1594.297)	Log prob: 1616.485 (1602.959)	KLD: 8.527 (8.662)
[Epoch  72 (74.87s)]	ELBO: 1608.049 (1595.255)	Log prob: 1616.614 (1603.703)	KLD: 8.565 (8.448)
[Epoch  73 (67.92s)]	ELBO: 1608.610 (1594.887)	Log prob: 1617.145 (1603.536)	KLD: 8.535 (8.649)
[Epoch  74 (62.92s)]	ELBO: 1608.895 (1593.649)	Log prob: 1617.457 (1602.288)	KLD: 8.562 (8.639)
[Epoch  75 (63.39s)]	ELBO: 1609.370 (1593.766)	Log prob: 1617.929 (1602.398)	KLD: 8.560 (8.631)
[Epoch  76 (63.03s)]	ELBO: 1609.635 (1595.415)	Log prob: 1618.198 (1603.947)	KLD: 8.562 (8.532)
[Epoch  77 (63.43s)]	ELBO: 1609.916 (1595.131)	Log prob: 1618.471 (1603.651)	KLD: 8.555 (8.519)
[Epoch  78 (66.24s)]	ELBO: 1610.001 (1597.255)	Log prob: 1618.570 (1605.806)	KLD: 8.569 (8.551)
[Epoch  79 (66.69s)]	ELBO: 1610.530 (1595.298)	Log prob: 1619.136 (1603.927)	KLD: 8.606 (8.629)
[Epoch  80 (63.24s)]	ELBO: 1610.696 (1597.004)	Log prob: 1619.297 (1605.550)	KLD: 8.601 (8.546)
[Epoch  81 (62.03s)]	ELBO: 1611.029 (1595.094)	Log prob: 1619.607 (1603.803)	KLD: 8.579 (8.709)
[Epoch  82 (62.89s)]	ELBO: 1611.608 (1595.466)	Log prob: 1620.221 (1603.959)	KLD: 8.614 (8.493)
[Epoch  83 (62.89s)]	ELBO: 1611.987 (1597.630)	Log prob: 1620.602 (1606.260)	KLD: 8.614 (8.630)
[Epoch  84 (66.81s)]	ELBO: 1612.084 (1594.861)	Log prob: 1620.677 (1603.369)	KLD: 8.594 (8.508)
[Epoch  85 (68.77s)]	ELBO: 1612.053 (1596.843)	Log prob: 1620.658 (1605.538)	KLD: 8.605 (8.695)
[Epoch  86 (62.24s)]	ELBO: 1612.271 (1595.791)	Log prob: 1620.870 (1604.399)	KLD: 8.599 (8.608)
[Epoch  87 (62.22s)]	ELBO: 1612.664 (1595.280)	Log prob: 1621.289 (1603.908)	KLD: 8.624 (8.628)
[Epoch  88 (56.87s)]	ELBO: 1613.235 (1597.542)	Log prob: 1621.860 (1606.262)	KLD: 8.625 (8.721)
[Epoch  89 (57.65s)]	ELBO: 1613.311 (1598.246)	Log prob: 1621.956 (1606.844)	KLD: 8.645 (8.598)
[Epoch  90 (58.44s)]	ELBO: 1613.434 (1597.831)	Log prob: 1622.061 (1606.452)	KLD: 8.627 (8.621)
[Epoch  91 (60.50s)]	ELBO: 1613.818 (1598.176)	Log prob: 1622.468 (1606.840)	KLD: 8.650 (8.664)
[Epoch  92 (58.31s)]	ELBO: 1613.719 (1597.731)	Log prob: 1622.365 (1606.392)	KLD: 8.646 (8.660)
[Epoch  93 (58.25s)]	ELBO: 1614.085 (1597.210)	Log prob: 1622.733 (1605.683)	KLD: 8.648 (8.472)
[Epoch  94 (55.53s)]	ELBO: 1614.125 (1597.446)	Log prob: 1622.744 (1606.317)	KLD: 8.620 (8.871)
[Epoch  95 (56.42s)]	ELBO: 1614.394 (1597.202)	Log prob: 1623.048 (1605.977)	KLD: 8.654 (8.775)
[Epoch  96 (55.59s)]	ELBO: 1614.638 (1598.376)	Log prob: 1623.296 (1607.078)	KLD: 8.658 (8.701)
[Epoch  97 (60.63s)]	ELBO: 1614.713 (1597.244)	Log prob: 1623.355 (1605.742)	KLD: 8.642 (8.498)
[Epoch  98 (61.04s)]	ELBO: 1615.006 (1597.339)	Log prob: 1623.666 (1606.104)	KLD: 8.660 (8.766)
[Epoch  99 (56.94s)]	ELBO: 1615.437 (1595.841)	Log prob: 1624.109 (1604.464)	KLD: 8.671 (8.623)
[Epoch 100 (56.45s)]	ELBO: 1615.652 (1598.053)	Log prob: 1624.294 (1606.750)	KLD: 8.641 (8.697)
[Epoch 101 (55.99s)]	ELBO: 1615.972 (1597.165)	Log prob: 1624.645 (1605.828)	KLD: 8.673 (8.663)
[Epoch 102 (55.94s)]	ELBO: 1615.972 (1598.019)	Log prob: 1624.642 (1606.736)	KLD: 8.670 (8.717)
[Epoch 103 (59.74s)]	ELBO: 1615.885 (1597.329)	Log prob: 1624.548 (1606.054)	KLD: 8.663 (8.724)
[Epoch 104 (58.18s)]	ELBO: 1616.075 (1598.404)	Log prob: 1624.726 (1606.997)	KLD: 8.652 (8.594)
[Epoch 105 (55.20s)]	ELBO: 1616.531 (1598.018)	Log prob: 1625.200 (1606.703)	KLD: 8.669 (8.685)
[Epoch 106 (56.36s)]	ELBO: 1616.239 (1598.862)	Log prob: 1624.923 (1607.720)	KLD: 8.684 (8.859)
[Epoch 107 (54.87s)]	ELBO: 1616.960 (1598.457)	Log prob: 1625.647 (1607.144)	KLD: 8.687 (8.687)
[Epoch 108 (56.56s)]	ELBO: 1617.064 (1598.142)	Log prob: 1625.751 (1606.805)	KLD: 8.687 (8.663)
[Epoch 109 (57.32s)]	ELBO: 1617.188 (1599.432)	Log prob: 1625.863 (1608.046)	KLD: 8.674 (8.614)
[Epoch 110 (63.08s)]	ELBO: 1617.428 (1598.537)	Log prob: 1626.114 (1607.327)	KLD: 8.685 (8.790)
[Epoch 111 (56.55s)]	ELBO: 1617.209 (1599.033)	Log prob: 1625.904 (1607.697)	KLD: 8.695 (8.664)
[Epoch 112 (55.80s)]	ELBO: 1617.952 (1599.543)	Log prob: 1626.659 (1608.307)	KLD: 8.708 (8.765)
[Epoch 113 (57.21s)]	ELBO: 1617.958 (1599.173)	Log prob: 1626.655 (1607.945)	KLD: 8.697 (8.773)
[Epoch 114 (57.94s)]	ELBO: 1618.084 (1599.111)	Log prob: 1626.791 (1607.851)	KLD: 8.706 (8.740)
[Epoch 115 (56.83s)]	ELBO: 1618.144 (1599.898)	Log prob: 1626.869 (1608.626)	KLD: 8.725 (8.728)
[Epoch 116 (61.48s)]	ELBO: 1618.304 (1598.075)	Log prob: 1626.987 (1606.803)	KLD: 8.684 (8.728)
[Epoch 117 (60.62s)]	ELBO: 1618.698 (1599.414)	Log prob: 1627.415 (1608.148)	KLD: 8.717 (8.733)
[Epoch 118 (57.97s)]	ELBO: 1618.635 (1598.850)	Log prob: 1627.343 (1607.658)	KLD: 8.708 (8.807)
[Epoch 119 (56.95s)]	ELBO: 1618.862 (1598.595)	Log prob: 1627.607 (1607.319)	KLD: 8.746 (8.724)
[Epoch 120 (55.65s)]	ELBO: 1619.102 (1598.159)	Log prob: 1627.819 (1606.801)	KLD: 8.717 (8.642)
[Epoch 121 (55.53s)]	ELBO: 1619.164 (1597.011)	Log prob: 1627.863 (1605.703)	KLD: 8.699 (8.693)
[Epoch 122 (59.38s)]	ELBO: 1619.096 (1598.421)	Log prob: 1627.798 (1607.102)	KLD: 8.703 (8.681)
[Epoch 123 (59.02s)]	ELBO: 1619.451 (1598.915)	Log prob: 1628.171 (1607.764)	KLD: 8.719 (8.849)
[Epoch 124 (55.42s)]	ELBO: 1619.565 (1599.163)	Log prob: 1628.279 (1607.824)	KLD: 8.713 (8.662)
No improvement after 10 epochs...
Best epoch(s): [115]	Training time(s): 11175.51s (11175.51s)	Best ELBO: 1619.565 (1599.898)	Best log prob: 1628.279 (1608.626)
Avg. mu: -0.072, -0.234
Avg. var: 0.001, 0.001
Max. mu: 6.072, 4.082
Max. var: 0.058, 0.031
Min. mu: -5.825, -5.592
Min. var: 0.000, 0.000
Cov. mu:
[[2.003 -0.201]
 [-0.201 1.519]]
