Encoder
=================================================================
Layer (type:depth-idx)                   Param #
=================================================================
Encoder                                  --
├─Linear: 1-1                            786,688
├─Linear: 1-2                            65,792
=================================================================
Total params: 852,480
Trainable params: 852,480
Non-trainable params: 0
=================================================================
Encoder to Latents 0
=================================================================
Layer (type:depth-idx)                   Param #
=================================================================
EncoderToLatents                         --
├─Linear: 1-1                            1,028
├─Linear: 1-2                            1,028
=================================================================
Total params: 2,056
Trainable params: 2,056
Non-trainable params: 0
=================================================================
Encoder to Latents 1
=================================================================
Layer (type:depth-idx)                   Param #
=================================================================
EncoderToLatents                         --
├─Linear: 1-1                            1,028
├─Linear: 1-2                            1,028
=================================================================
Total params: 2,056
Trainable params: 2,056
Non-trainable params: 0
=================================================================
Encoder to Latents 2
=================================================================
Layer (type:depth-idx)                   Param #
=================================================================
EncoderToLatents                         --
├─Linear: 1-1                            1,028
├─Linear: 1-2                            1,028
=================================================================
Total params: 2,056
Trainable params: 2,056
Non-trainable params: 0
=================================================================
Encoder to Latents 3
=================================================================
Layer (type:depth-idx)                   Param #
=================================================================
EncoderToLatents                         --
├─Linear: 1-1                            1,028
├─Linear: 1-2                            1,028
=================================================================
Total params: 2,056
Trainable params: 2,056
Non-trainable params: 0
=================================================================
Encoder to Latents 4
=================================================================
Layer (type:depth-idx)                   Param #
=================================================================
EncoderToLatents                         --
├─Linear: 1-1                            1,028
├─Linear: 1-2                            1,028
=================================================================
Total params: 2,056
Trainable params: 2,056
Non-trainable params: 0
=================================================================
Encoder to Latents 5
=================================================================
Layer (type:depth-idx)                   Param #
=================================================================
EncoderToLatents                         --
├─Linear: 1-1                            1,028
├─Linear: 1-2                            1,028
=================================================================
Total params: 2,056
Trainable params: 2,056
Non-trainable params: 0
=================================================================
Encoder to Latents 6
=================================================================
Layer (type:depth-idx)                   Param #
=================================================================
EncoderToLatents                         --
├─Linear: 1-1                            1,028
├─Linear: 1-2                            1,028
=================================================================
Total params: 2,056
Trainable params: 2,056
Non-trainable params: 0
=================================================================
Encoder to Latents 7
=================================================================
Layer (type:depth-idx)                   Param #
=================================================================
EncoderToLatents                         --
├─Linear: 1-1                            1,028
├─Linear: 1-2                            1,028
=================================================================
Total params: 2,056
Trainable params: 2,056
Non-trainable params: 0
=================================================================
Encoder to Latents 8
=================================================================
Layer (type:depth-idx)                   Param #
=================================================================
EncoderToLatents                         --
├─Linear: 1-1                            1,028
├─Linear: 1-2                            1,028
=================================================================
Total params: 2,056
Trainable params: 2,056
Non-trainable params: 0
=================================================================
Encoder to Latents 9
=================================================================
Layer (type:depth-idx)                   Param #
=================================================================
EncoderToLatents                         --
├─Linear: 1-1                            1,028
├─Linear: 1-2                            1,028
=================================================================
Total params: 2,056
Trainable params: 2,056
Non-trainable params: 0
=================================================================
Encoder to Latents 10
=================================================================
Layer (type:depth-idx)                   Param #
=================================================================
EncoderToLatents                         --
├─Linear: 1-1                            1,028
├─Linear: 1-2                            1,028
=================================================================
Total params: 2,056
Trainable params: 2,056
Non-trainable params: 0
=================================================================
Encoder to Latents 11
=================================================================
Layer (type:depth-idx)                   Param #
=================================================================
EncoderToLatents                         --
├─Linear: 1-1                            1,028
├─Linear: 1-2                            1,028
=================================================================
Total params: 2,056
Trainable params: 2,056
Non-trainable params: 0
=================================================================
Encoder to Latents 12
=================================================================
Layer (type:depth-idx)                   Param #
=================================================================
EncoderToLatents                         --
├─Linear: 1-1                            1,028
├─Linear: 1-2                            1,028
=================================================================
Total params: 2,056
Trainable params: 2,056
Non-trainable params: 0
=================================================================
Encoder to Latents 13
=================================================================
Layer (type:depth-idx)                   Param #
=================================================================
EncoderToLatents                         --
├─Linear: 1-1                            1,028
├─Linear: 1-2                            1,028
=================================================================
Total params: 2,056
Trainable params: 2,056
Non-trainable params: 0
=================================================================
Encoder to Latents 14
=================================================================
Layer (type:depth-idx)                   Param #
=================================================================
EncoderToLatents                         --
├─Linear: 1-1                            1,028
├─Linear: 1-2                            1,028
=================================================================
Total params: 2,056
Trainable params: 2,056
Non-trainable params: 0
=================================================================
Encoder to Latents 15
=================================================================
Layer (type:depth-idx)                   Param #
=================================================================
EncoderToLatents                         --
├─Linear: 1-1                            1,028
├─Linear: 1-2                            1,028
=================================================================
Total params: 2,056
Trainable params: 2,056
Non-trainable params: 0
=================================================================
Latents to Latents
=================================================================
Layer (type:depth-idx)                   Param #
=================================================================
LatentsToLatents                         --
├─Linear: 1-1                            272
├─Linear: 1-2                            68
├─Linear: 1-3                            68
=================================================================
Total params: 408
Trainable params: 408
Non-trainable params: 0
=================================================================
Latents to Decoder 0
=================================================================
Layer (type:depth-idx)                   Param #
=================================================================
LatentsToDecoder                         --
├─Linear: 1-1                            1,280
=================================================================
Total params: 1,280
Trainable params: 1,280
Non-trainable params: 0
=================================================================
Latents to Decoder 1
=================================================================
Layer (type:depth-idx)                   Param #
=================================================================
LatentsToDecoder                         --
├─Linear: 1-1                            1,280
=================================================================
Total params: 1,280
Trainable params: 1,280
Non-trainable params: 0
=================================================================
Latents to Decoder 2
=================================================================
Layer (type:depth-idx)                   Param #
=================================================================
LatentsToDecoder                         --
├─Linear: 1-1                            1,280
=================================================================
Total params: 1,280
Trainable params: 1,280
Non-trainable params: 0
=================================================================
Latents to Decoder 3
=================================================================
Layer (type:depth-idx)                   Param #
=================================================================
LatentsToDecoder                         --
├─Linear: 1-1                            1,280
=================================================================
Total params: 1,280
Trainable params: 1,280
Non-trainable params: 0
=================================================================
Latents to Decoder 4
=================================================================
Layer (type:depth-idx)                   Param #
=================================================================
LatentsToDecoder                         --
├─Linear: 1-1                            1,280
=================================================================
Total params: 1,280
Trainable params: 1,280
Non-trainable params: 0
=================================================================
Latents to Decoder 5
=================================================================
Layer (type:depth-idx)                   Param #
=================================================================
LatentsToDecoder                         --
├─Linear: 1-1                            1,280
=================================================================
Total params: 1,280
Trainable params: 1,280
Non-trainable params: 0
=================================================================
Latents to Decoder 6
=================================================================
Layer (type:depth-idx)                   Param #
=================================================================
LatentsToDecoder                         --
├─Linear: 1-1                            1,280
=================================================================
Total params: 1,280
Trainable params: 1,280
Non-trainable params: 0
=================================================================
Latents to Decoder 7
=================================================================
Layer (type:depth-idx)                   Param #
=================================================================
LatentsToDecoder                         --
├─Linear: 1-1                            1,280
=================================================================
Total params: 1,280
Trainable params: 1,280
Non-trainable params: 0
=================================================================
Latents to Decoder 8
=================================================================
Layer (type:depth-idx)                   Param #
=================================================================
LatentsToDecoder                         --
├─Linear: 1-1                            1,280
=================================================================
Total params: 1,280
Trainable params: 1,280
Non-trainable params: 0
=================================================================
Latents to Decoder 9
=================================================================
Layer (type:depth-idx)                   Param #
=================================================================
LatentsToDecoder                         --
├─Linear: 1-1                            1,280
=================================================================
Total params: 1,280
Trainable params: 1,280
Non-trainable params: 0
=================================================================
Latents to Decoder 10
=================================================================
Layer (type:depth-idx)                   Param #
=================================================================
LatentsToDecoder                         --
├─Linear: 1-1                            1,280
=================================================================
Total params: 1,280
Trainable params: 1,280
Non-trainable params: 0
=================================================================
Latents to Decoder 11
=================================================================
Layer (type:depth-idx)                   Param #
=================================================================
LatentsToDecoder                         --
├─Linear: 1-1                            1,280
=================================================================
Total params: 1,280
Trainable params: 1,280
Non-trainable params: 0
=================================================================
Latents to Decoder 12
=================================================================
Layer (type:depth-idx)                   Param #
=================================================================
LatentsToDecoder                         --
├─Linear: 1-1                            1,280
=================================================================
Total params: 1,280
Trainable params: 1,280
Non-trainable params: 0
=================================================================
Latents to Decoder 13
=================================================================
Layer (type:depth-idx)                   Param #
=================================================================
LatentsToDecoder                         --
├─Linear: 1-1                            1,280
=================================================================
Total params: 1,280
Trainable params: 1,280
Non-trainable params: 0
=================================================================
Latents to Decoder 14
=================================================================
Layer (type:depth-idx)                   Param #
=================================================================
LatentsToDecoder                         --
├─Linear: 1-1                            1,280
=================================================================
Total params: 1,280
Trainable params: 1,280
Non-trainable params: 0
=================================================================
Latents to Decoder 15
=================================================================
Layer (type:depth-idx)                   Param #
=================================================================
LatentsToDecoder                         --
├─Linear: 1-1                            1,280
=================================================================
Total params: 1,280
Trainable params: 1,280
Non-trainable params: 0
=================================================================
Decoder
=================================================================
Layer (type:depth-idx)                   Param #
=================================================================
Decoder                                  --
├─Linear: 1-1                            65,792
├─Linear: 1-2                            789,504
=================================================================
Total params: 855,296
Trainable params: 855,296
Non-trainable params: 0
=================================================================
Training model 1/16...
[Epoch   1 (9.03s)]	ELBO: -15248.243 (-12218.299)	Log prob: -15225.312 (-12190.949)	KLD: 22.930 (27.350)	Grad: 262.544
[Epoch   2 (9.00s)]	ELBO: -12139.753 (-11802.428)	Log prob: -12113.529 (-11776.507)	KLD: 26.223 (25.921)	Grad: 209.212
[Epoch   3 (10.08s)]	ELBO: -11865.031 (-11657.370)	Log prob: -11839.277 (-11631.290)	KLD: 25.754 (26.081)	Grad: 186.770
[Epoch   4 (11.39s)]	ELBO: -11677.567 (-11404.975)	Log prob: -11651.938 (-11379.900)	KLD: 25.629 (25.074)	Grad: 169.520
[Epoch   5 (11.05s)]	ELBO: -11584.546 (-11620.896)	Log prob: -11558.812 (-11594.574)	KLD: 25.732 (26.322)	Grad: 168.714
[Epoch   6 (11.88s)]	ELBO: -11512.129 (-11291.255)	Log prob: -11486.126 (-11264.727)	KLD: 26.002 (26.528)	Grad: 158.656
[Epoch   7 (11.13s)]	ELBO: -11431.843 (-11282.018)	Log prob: -11405.385 (-11256.075)	KLD: 26.458 (25.944)	Grad: 146.128
[Epoch   8 (12.64s)]	ELBO: -11363.493 (-11206.536)	Log prob: -11337.032 (-11179.731)	KLD: 26.460 (26.805)	Grad: 155.112
[Epoch   9 (13.04s)]	ELBO: -11304.710 (-11127.437)	Log prob: -11277.946 (-11100.857)	KLD: 26.763 (26.580)	Grad: 144.242
[Epoch  10 (11.89s)]	ELBO: -11280.957 (-11193.435)	Log prob: -11254.161 (-11166.807)	KLD: 26.796 (26.627)	Grad: 142.848
[Epoch  11 (12.57s)]	ELBO: -11313.054 (-11223.684)	Log prob: -11286.146 (-11196.777)	KLD: 26.909 (26.907)	Grad: 131.092
[Epoch  12 (12.42s)]	ELBO: -11261.100 (-11123.780)	Log prob: -11233.990 (-11095.882)	KLD: 27.110 (27.898)	Grad: 148.560
[Epoch  13 (12.75s)]	ELBO: -11233.476 (-11179.067)	Log prob: -11206.576 (-11152.712)	KLD: 26.900 (26.355)	Grad: 130.846
[Epoch  14 (12.31s)]	ELBO: -11139.579 (-11029.362)	Log prob: -11112.925 (-11002.648)	KLD: 26.655 (26.714)	Grad: 120.213
[Epoch  15 (12.79s)]	ELBO: -11126.104 (-11732.627)	Log prob: -11098.883 (-11706.433)	KLD: 27.222 (26.195)	Grad: 130.195
[Epoch  16 (12.35s)]	ELBO: -11134.307 (-11064.621)	Log prob: -11107.800 (-11036.811)	KLD: 26.507 (27.810)	Grad: 144.141
[Epoch  17 (12.88s)]	ELBO: -11086.667 (-10964.630)	Log prob: -11060.000 (-10938.138)	KLD: 26.667 (26.491)	Grad: 127.165
[Epoch  18 (13.60s)]	ELBO: -11115.551 (-10940.204)	Log prob: -11088.937 (-10914.390)	KLD: 26.614 (25.815)	Grad: 132.961
[Epoch  19 (12.50s)]	ELBO: -11076.815 (-11026.649)	Log prob: -11049.758 (-11000.795)	KLD: 27.058 (25.854)	Grad: 118.587
[Epoch  20 (12.87s)]	ELBO: -11080.183 (-10971.104)	Log prob: -11053.240 (-10943.891)	KLD: 26.942 (27.213)	Grad: 124.362
[Epoch  21 (13.89s)]	ELBO: -11082.112 (-11402.924)	Log prob: -11055.031 (-11374.787)	KLD: 27.082 (28.136)	Grad: 120.116
[Epoch  22 (12.30s)]	ELBO: -11162.418 (-10994.897)	Log prob: -11134.785 (-10967.833)	KLD: 27.633 (27.064)	Grad: 123.618
[Epoch  23 (12.47s)]	ELBO: -11069.149 (-11034.693)	Log prob: -11041.796 (-11006.221)	KLD: 27.353 (28.472)	Grad: 126.758
[Epoch  24 (12.39s)]	ELBO: -11099.688 (-10906.602)	Log prob: -11073.222 (-10879.365)	KLD: 26.466 (27.237)	Grad: 122.690
[Epoch  25 (12.49s)]	ELBO: -11017.256 (-10929.703)	Log prob: -10991.197 (-10904.605)	KLD: 26.059 (25.098)	Grad: 112.906
Training model 2/16...
[Epoch   1 (17.54s)]	ELBO: -10054.205 (-8556.853)	Log prob: -10013.450 (-8512.083)	KLD: 14.119 (44.770)	Grad: 48.911
[Epoch   2 (18.66s)]	ELBO: -8423.624 (-8165.866)	Log prob: -8377.807 (-8117.597)	KLD: 19.275 (48.269)	Grad: 56.797
[Epoch   3 (18.15s)]	ELBO: -8136.150 (-7981.803)	Log prob: -8089.823 (-7935.727)	KLD: 20.195 (46.076)	Grad: 55.016
[Epoch   4 (17.16s)]	ELBO: -8020.934 (-7866.923)	Log prob: -7974.622 (-7821.637)	KLD: 20.215 (45.285)	Grad: 52.201
[Epoch   5 (16.36s)]	ELBO: -7929.389 (-8003.680)	Log prob: -7883.538 (-7957.217)	KLD: 20.074 (46.463)	Grad: 51.457
[Epoch   6 (16.74s)]	ELBO: -7922.163 (-7774.238)	Log prob: -7876.054 (-7729.058)	KLD: 20.094 (45.180)	Grad: 52.202
[Epoch   7 (16.91s)]	ELBO: -7839.872 (-7894.456)	Log prob: -7794.371 (-7847.322)	KLD: 20.009 (47.134)	Grad: 50.252
[Epoch   8 (16.32s)]	ELBO: -7821.439 (-7719.440)	Log prob: -7775.315 (-7674.891)	KLD: 19.794 (44.549)	Grad: 50.038
[Epoch   9 (16.96s)]	ELBO: -7799.406 (-7735.170)	Log prob: -7753.300 (-7686.690)	KLD: 19.861 (48.479)	Grad: 50.263
[Epoch  10 (16.65s)]	ELBO: -7816.754 (-7650.911)	Log prob: -7770.061 (-7604.584)	KLD: 19.706 (46.327)	Grad: 50.609
[Epoch  11 (18.87s)]	ELBO: -7785.601 (-7675.165)	Log prob: -7739.287 (-7629.169)	KLD: 19.487 (45.996)	Grad: 49.398
[Epoch  12 (19.06s)]	ELBO: -7731.042 (-7652.066)	Log prob: -7684.143 (-7605.866)	KLD: 19.540 (46.200)	Grad: 43.084
[Epoch  13 (18.34s)]	ELBO: -7696.541 (-7647.040)	Log prob: -7650.286 (-7599.009)	KLD: 19.381 (48.031)	Grad: 50.199
[Epoch  14 (18.44s)]	ELBO: -7639.294 (-7652.036)	Log prob: -7593.461 (-7606.023)	KLD: 19.278 (46.013)	Grad: 47.244
[Epoch  15 (19.39s)]	ELBO: -7648.679 (-7626.805)	Log prob: -7602.291 (-7579.773)	KLD: 19.061 (47.033)	Grad: 51.320
[Epoch  16 (18.54s)]	ELBO: -7587.910 (-7634.589)	Log prob: -7542.816 (-7587.608)	KLD: 19.077 (46.982)	Grad: 46.430
[Epoch  17 (18.71s)]	ELBO: -7622.765 (-7732.827)	Log prob: -7578.646 (-7690.228)	KLD: 19.110 (42.599)	Grad: 48.170
[Epoch  18 (18.54s)]	ELBO: -7626.957 (-7539.393)	Log prob: -7583.798 (-7495.186)	KLD: 18.946 (44.207)	Grad: 47.712
[Epoch  19 (18.83s)]	ELBO: -7599.541 (-7561.439)	Log prob: -7554.939 (-7513.769)	KLD: 18.909 (47.670)	Grad: 47.520
[Epoch  20 (19.97s)]	ELBO: -7603.782 (-7578.721)	Log prob: -7559.553 (-7532.684)	KLD: 18.834 (46.037)	Grad: 46.366
[Epoch  21 (20.96s)]	ELBO: -7557.329 (-7571.172)	Log prob: -7512.434 (-7525.215)	KLD: 18.527 (45.957)	Grad: 45.856
[Epoch  22 (19.31s)]	ELBO: -7562.792 (-7536.489)	Log prob: -7519.238 (-7493.041)	KLD: 18.536 (43.447)	Grad: 47.474
[Epoch  23 (18.89s)]	ELBO: -7611.976 (-7820.495)	Log prob: -7567.703 (-7777.205)	KLD: 18.533 (43.291)	Grad: 45.904
[Epoch  24 (18.29s)]	ELBO: -7613.084 (-7646.924)	Log prob: -7568.395 (-7604.875)	KLD: 18.355 (42.050)	Grad: 49.538
[Epoch  25 (19.51s)]	ELBO: -7687.684 (-7623.053)	Log prob: -7645.432 (-7577.919)	KLD: 18.365 (45.134)	Grad: 50.750
Training model 3/16...
[Epoch   1 (24.96s)]	ELBO: -7659.934 (-7244.300)	Log prob: -7604.002 (-7189.705)	KLD: 10.724 (54.594)	Grad: 34.706
[Epoch   2 (25.59s)]	ELBO: -6946.188 (-6525.645)	Log prob: -6888.936 (-6466.042)	KLD: 15.545 (59.603)	Grad: 42.460
[Epoch   3 (24.89s)]	ELBO: -6503.184 (-6356.537)	Log prob: -6441.301 (-6295.276)	KLD: 16.987 (61.260)	Grad: 54.684
[Epoch   4 (25.14s)]	ELBO: -6227.150 (-6153.603)	Log prob: -6166.406 (-6089.139)	KLD: 19.064 (64.464)	Grad: 55.357
[Epoch   5 (25.33s)]	ELBO: -6068.338 (-5986.724)	Log prob: -6006.394 (-5924.326)	KLD: 19.675 (62.398)	Grad: 53.142
[Epoch   6 (25.21s)]	ELBO: -5955.691 (-5995.697)	Log prob: -5894.386 (-5934.634)	KLD: 19.697 (61.063)	Grad: 51.130
[Epoch   7 (25.75s)]	ELBO: -5894.944 (-5891.506)	Log prob: -5834.096 (-5830.550)	KLD: 19.620 (60.956)	Grad: 54.551
[Epoch   8 (24.97s)]	ELBO: -5889.089 (-5986.021)	Log prob: -5828.577 (-5926.190)	KLD: 19.047 (59.831)	Grad: 53.715
[Epoch   9 (24.68s)]	ELBO: -5837.198 (-5802.572)	Log prob: -5776.682 (-5741.202)	KLD: 19.012 (61.371)	Grad: 50.463
[Epoch  10 (24.26s)]	ELBO: -5804.266 (-5773.572)	Log prob: -5744.026 (-5713.207)	KLD: 18.571 (60.365)	Grad: 47.470
[Epoch  11 (24.54s)]	ELBO: -5760.797 (-5769.216)	Log prob: -5701.946 (-5711.012)	KLD: 19.140 (58.204)	Grad: 50.048
[Epoch  12 (24.66s)]	ELBO: -5751.680 (-5725.251)	Log prob: -5693.303 (-5667.562)	KLD: 18.815 (57.689)	Grad: 56.941
[Epoch  13 (24.56s)]	ELBO: -5726.345 (-5778.347)	Log prob: -5668.335 (-5720.585)	KLD: 18.449 (57.762)	Grad: 53.569
[Epoch  14 (24.98s)]	ELBO: -5739.038 (-5871.737)	Log prob: -5680.303 (-5810.800)	KLD: 18.047 (60.937)	Grad: 51.264
[Epoch  15 (24.49s)]	ELBO: -5725.362 (-6097.729)	Log prob: -5667.303 (-6040.429)	KLD: 18.358 (57.300)	Grad: 46.546
[Epoch  16 (25.08s)]	ELBO: -5674.571 (-5683.308)	Log prob: -5617.281 (-5626.807)	KLD: 17.983 (56.500)	Grad: 54.925
[Epoch  17 (24.52s)]	ELBO: -5662.190 (-5788.375)	Log prob: -5604.706 (-5730.353)	KLD: 18.075 (58.022)	Grad: 48.459
[Epoch  18 (22.10s)]	ELBO: -5637.290 (-5688.204)	Log prob: -5580.133 (-5631.006)	KLD: 17.862 (57.199)	Grad: 47.405
[Epoch  19 (22.25s)]	ELBO: -5629.848 (-5613.613)	Log prob: -5572.702 (-5556.491)	KLD: 17.755 (57.122)	Grad: 43.608
[Epoch  20 (22.24s)]	ELBO: -5628.545 (-5826.390)	Log prob: -5571.483 (-5768.360)	KLD: 17.648 (58.029)	Grad: 47.140
[Epoch  21 (22.49s)]	ELBO: -5622.005 (-5699.630)	Log prob: -5564.378 (-5643.280)	KLD: 17.604 (56.350)	Grad: 53.221
[Epoch  22 (23.49s)]	ELBO: -5634.645 (-5698.324)	Log prob: -5577.091 (-5640.991)	KLD: 17.582 (57.333)	Grad: 45.702
[Epoch  23 (22.64s)]	ELBO: -5601.772 (-5591.159)	Log prob: -5544.924 (-5533.274)	KLD: 17.381 (57.884)	Grad: 44.167
[Epoch  24 (22.89s)]	ELBO: -5603.446 (-5606.692)	Log prob: -5546.587 (-5551.220)	KLD: 17.350 (55.472)	Grad: 45.682
[Epoch  25 (22.91s)]	ELBO: -5583.732 (-5689.796)	Log prob: -5526.911 (-5633.232)	KLD: 17.255 (56.565)	Grad: 44.874
Training model 4/16...
[Epoch   1 (28.51s)]	ELBO: -5814.302 (-5514.791)	Log prob: -5745.271 (-5443.936)	KLD: 13.100 (70.855)	Grad: 41.531
[Epoch   2 (28.01s)]	ELBO: -5496.620 (-5523.090)	Log prob: -5426.540 (-5453.179)	KLD: 14.438 (69.911)	Grad: 37.028
[Epoch   3 (27.21s)]	ELBO: -5269.299 (-5423.656)	Log prob: -5198.438 (-5351.530)	KLD: 15.323 (72.126)	Grad: 45.444
[Epoch   4 (27.70s)]	ELBO: -5065.267 (-4987.659)	Log prob: -4993.389 (-4916.464)	KLD: 16.635 (71.195)	Grad: 53.253
[Epoch   5 (28.03s)]	ELBO: -4956.444 (-4960.290)	Log prob: -4884.146 (-4888.317)	KLD: 17.007 (71.972)	Grad: 50.198
[Epoch   6 (28.82s)]	ELBO: -4873.702 (-4855.164)	Log prob: -4801.314 (-4783.943)	KLD: 17.314 (71.221)	Grad: 51.346
[Epoch   7 (28.28s)]	ELBO: -4753.841 (-4839.825)	Log prob: -4681.429 (-4769.864)	KLD: 17.611 (69.961)	Grad: 54.992
[Epoch   8 (28.00s)]	ELBO: -4660.380 (-4782.589)	Log prob: -4587.597 (-4709.647)	KLD: 17.924 (72.942)	Grad: 52.008
[Epoch   9 (28.60s)]	ELBO: -4584.729 (-4856.640)	Log prob: -4511.871 (-4784.872)	KLD: 18.167 (71.768)	Grad: 57.241
[Epoch  10 (28.49s)]	ELBO: -4511.328 (-4515.149)	Log prob: -4438.415 (-4441.649)	KLD: 18.292 (73.500)	Grad: 59.275
[Epoch  11 (28.78s)]	ELBO: -4436.003 (-4423.338)	Log prob: -4362.940 (-4350.317)	KLD: 18.360 (73.021)	Grad: 60.546
[Epoch  12 (28.48s)]	ELBO: -4382.418 (-4471.755)	Log prob: -4309.562 (-4399.364)	KLD: 18.391 (72.391)	Grad: 56.242
[Epoch  13 (29.61s)]	ELBO: -4391.482 (-4482.754)	Log prob: -4318.804 (-4410.029)	KLD: 18.217 (72.725)	Grad: 55.712
[Epoch  14 (30.00s)]	ELBO: -4385.900 (-4383.505)	Log prob: -4313.452 (-4311.635)	KLD: 18.137 (71.870)	Grad: 62.028
[Epoch  15 (29.55s)]	ELBO: -4312.551 (-4425.023)	Log prob: -4240.211 (-4352.122)	KLD: 18.140 (72.901)	Grad: 50.521
[Epoch  16 (30.13s)]	ELBO: -4317.415 (-4308.000)	Log prob: -4244.920 (-4236.800)	KLD: 18.182 (71.200)	Grad: 51.359
[Epoch  17 (30.10s)]	ELBO: -4295.904 (-4411.580)	Log prob: -4223.966 (-4339.042)	KLD: 17.804 (72.538)	Grad: 53.949
[Epoch  18 (29.83s)]	ELBO: -4307.616 (-4533.761)	Log prob: -4235.810 (-4463.065)	KLD: 17.734 (70.696)	Grad: 53.853
[Epoch  19 (29.32s)]	ELBO: -4277.320 (-4366.652)	Log prob: -4205.437 (-4294.972)	KLD: 17.755 (71.680)	Grad: 51.374
[Epoch  20 (29.62s)]	ELBO: -4273.003 (-4344.302)	Log prob: -4201.344 (-4272.971)	KLD: 17.529 (71.332)	Grad: 54.295
[Epoch  21 (29.99s)]	ELBO: -4253.026 (-4438.455)	Log prob: -4181.414 (-4367.111)	KLD: 17.549 (71.345)	Grad: 43.797
[Epoch  22 (29.92s)]	ELBO: -4247.191 (-4250.461)	Log prob: -4175.865 (-4179.304)	KLD: 17.412 (71.158)	Grad: 47.043
[Epoch  23 (26.84s)]	ELBO: -4244.847 (-4503.235)	Log prob: -4173.645 (-4432.488)	KLD: 17.265 (70.748)	Grad: 46.186
[Epoch  24 (26.85s)]	ELBO: -4247.363 (-4302.004)	Log prob: -4176.083 (-4232.374)	KLD: 17.152 (69.630)	Grad: 50.499
[Epoch  25 (27.34s)]	ELBO: -4232.882 (-4471.713)	Log prob: -4161.973 (-4399.137)	KLD: 16.990 (72.576)	Grad: 47.205
Training model 5/16...
[Epoch   1 (32.06s)]	ELBO: -4533.956 (-4474.584)	Log prob: -4450.406 (-4389.647)	KLD: 13.203 (84.937)	Grad: 42.115
[Epoch   2 (35.85s)]	ELBO: -4220.314 (-4363.085)	Log prob: -4136.110 (-4280.214)	KLD: 13.995 (82.871)	Grad: 28.725
[Epoch   3 (35.88s)]	ELBO: -4181.649 (-4421.498)	Log prob: -4097.457 (-4338.820)	KLD: 14.061 (82.678)	Grad: 25.241
[Epoch   4 (36.11s)]	ELBO: -4154.080 (-4347.004)	Log prob: -4069.992 (-4262.598)	KLD: 14.227 (84.406)	Grad: 26.069
[Epoch   5 (36.41s)]	ELBO: -4126.151 (-4260.889)	Log prob: -4041.973 (-4176.400)	KLD: 14.474 (84.489)	Grad: 26.292
[Epoch   6 (35.85s)]	ELBO: -4101.019 (-4102.869)	Log prob: -4016.744 (-4018.331)	KLD: 14.608 (84.537)	Grad: 28.724
[Epoch   7 (36.48s)]	ELBO: -4060.322 (-4345.693)	Log prob: -3975.920 (-4260.731)	KLD: 14.932 (84.962)	Grad: 30.587
[Epoch   8 (36.55s)]	ELBO: -4031.606 (-4069.674)	Log prob: -3947.288 (-3985.065)	KLD: 14.897 (84.608)	Grad: 29.858
[Epoch   9 (36.81s)]	ELBO: -4003.530 (-4009.600)	Log prob: -3919.126 (-3926.101)	KLD: 15.052 (83.499)	Grad: 31.646
[Epoch  10 (38.05s)]	ELBO: -3928.753 (-3977.936)	Log prob: -3844.563 (-3894.050)	KLD: 15.012 (83.886)	Grad: 33.384
[Epoch  11 (38.32s)]	ELBO: -3903.206 (-4085.086)	Log prob: -3818.855 (-4000.538)	KLD: 15.273 (84.548)	Grad: 37.978
[Epoch  12 (38.02s)]	ELBO: -3833.809 (-4051.989)	Log prob: -3749.181 (-3965.398)	KLD: 15.603 (86.591)	Grad: 40.336
[Epoch  13 (37.52s)]	ELBO: -3779.862 (-3800.654)	Log prob: -3695.157 (-3716.032)	KLD: 15.739 (84.622)	Grad: 38.423
[Epoch  14 (37.35s)]	ELBO: -3714.883 (-3842.746)	Log prob: -3630.007 (-3757.889)	KLD: 15.995 (84.858)	Grad: 37.503
[Epoch  15 (36.96s)]	ELBO: -3698.307 (-3853.746)	Log prob: -3613.125 (-3770.038)	KLD: 16.110 (83.708)	Grad: 41.578
[Epoch  16 (36.61s)]	ELBO: -3668.629 (-3755.403)	Log prob: -3583.474 (-3670.881)	KLD: 16.297 (84.522)	Grad: 44.262
[Epoch  17 (36.13s)]	ELBO: -3623.040 (-3842.508)	Log prob: -3537.930 (-3757.491)	KLD: 16.310 (85.017)	Grad: 39.016
[Epoch  18 (36.65s)]	ELBO: -3591.871 (-3696.784)	Log prob: -3506.834 (-3612.372)	KLD: 16.188 (84.412)	Grad: 38.792
[Epoch  19 (36.32s)]	ELBO: -3575.395 (-3659.358)	Log prob: -3490.448 (-3576.952)	KLD: 16.155 (82.406)	Grad: 37.908
[Epoch  20 (33.81s)]	ELBO: -3567.711 (-3633.720)	Log prob: -3482.963 (-3548.592)	KLD: 16.120 (85.128)	Grad: 36.902
[Epoch  21 (32.91s)]	ELBO: -3560.314 (-3632.926)	Log prob: -3475.744 (-3550.262)	KLD: 16.048 (82.665)	Grad: 38.398
[Epoch  22 (32.89s)]	ELBO: -3548.138 (-3719.905)	Log prob: -3463.815 (-3633.354)	KLD: 15.820 (86.551)	Grad: 38.939
[Epoch  23 (33.75s)]	ELBO: -3515.964 (-3640.082)	Log prob: -3431.598 (-3556.617)	KLD: 15.724 (83.465)	Grad: 35.460
[Epoch  24 (33.02s)]	ELBO: -3469.925 (-3455.502)	Log prob: -3385.427 (-3369.328)	KLD: 15.979 (86.174)	Grad: 36.978
[Epoch  25 (32.90s)]	ELBO: -3424.909 (-3501.073)	Log prob: -3340.304 (-3416.997)	KLD: 16.143 (84.077)	Grad: 39.957
Training model 6/16...
[Epoch   1 (38.40s)]	ELBO: -3700.783 (-3570.219)	Log prob: -3602.835 (-3471.573)	KLD: 14.106 (98.646)	Grad: 52.274
[Epoch   2 (38.91s)]	ELBO: -3391.035 (-3537.700)	Log prob: -3292.175 (-3439.142)	KLD: 15.142 (98.557)	Grad: 36.543
[Epoch   3 (38.18s)]	ELBO: -3343.815 (-3420.268)	Log prob: -3245.103 (-3322.358)	KLD: 15.194 (97.910)	Grad: 32.752
[Epoch   4 (38.21s)]	ELBO: -3353.455 (-3446.207)	Log prob: -3253.165 (-3347.330)	KLD: 15.321 (98.877)	Grad: 32.925
[Epoch   5 (38.78s)]	ELBO: -3278.303 (-3344.315)	Log prob: -3179.664 (-3243.252)	KLD: 15.009 (101.062)	Grad: 27.037
[Epoch   6 (39.10s)]	ELBO: -3243.077 (-3374.153)	Log prob: -3145.481 (-3276.525)	KLD: 14.302 (97.628)	Grad: 24.238
[Epoch   7 (39.44s)]	ELBO: -3259.243 (-3451.083)	Log prob: -3162.282 (-3344.796)	KLD: 13.804 (106.287)	Grad: 24.410
[Epoch   8 (39.57s)]	ELBO: -3231.553 (-3349.796)	Log prob: -3134.930 (-3254.321)	KLD: 13.755 (95.475)	Grad: 23.938
[Epoch   9 (40.66s)]	ELBO: -3214.260 (-3319.607)	Log prob: -3117.782 (-3223.393)	KLD: 13.596 (96.213)	Grad: 24.758
[Epoch  10 (39.55s)]	ELBO: -3197.846 (-3287.232)	Log prob: -3101.536 (-3190.395)	KLD: 13.409 (96.837)	Grad: 22.982
[Epoch  11 (41.05s)]	ELBO: -3203.529 (-3245.948)	Log prob: -3107.539 (-3150.302)	KLD: 13.350 (95.646)	Grad: 26.819
[Epoch  12 (41.19s)]	ELBO: -3163.708 (-3397.659)	Log prob: -3067.552 (-3301.501)	KLD: 13.415 (96.158)	Grad: 24.630
[Epoch  13 (41.70s)]	ELBO: -3148.267 (-3359.703)	Log prob: -3052.166 (-3264.389)	KLD: 13.425 (95.314)	Grad: 26.549
[Epoch  14 (41.54s)]	ELBO: -3099.756 (-3162.146)	Log prob: -3002.442 (-3063.789)	KLD: 13.892 (98.357)	Grad: 28.952
[Epoch  15 (41.13s)]	ELBO: -3085.798 (-3175.106)	Log prob: -2988.846 (-3077.650)	KLD: 13.857 (97.457)	Grad: 29.779
[Epoch  16 (41.39s)]	ELBO: -3065.860 (-3239.394)	Log prob: -2969.212 (-3140.223)	KLD: 13.804 (99.171)	Grad: 30.992
[Epoch  17 (42.06s)]	ELBO: -3044.404 (-3181.533)	Log prob: -2947.643 (-3085.606)	KLD: 13.888 (95.927)	Grad: 27.989
[Epoch  18 (37.76s)]	ELBO: -3019.058 (-3132.532)	Log prob: -2922.664 (-3036.748)	KLD: 13.858 (95.784)	Grad: 27.605
[Epoch  19 (37.16s)]	ELBO: -3011.975 (-3259.277)	Log prob: -2915.628 (-3161.031)	KLD: 13.955 (98.246)	Grad: 28.501
[Epoch  20 (36.94s)]	ELBO: -3020.055 (-3189.224)	Log prob: -2923.804 (-3090.077)	KLD: 13.958 (99.147)	Grad: 28.952
[Epoch  21 (40.98s)]	ELBO: -2973.500 (-3085.400)	Log prob: -2877.299 (-2989.210)	KLD: 14.122 (96.190)	Grad: 29.144
[Epoch  22 (41.70s)]	ELBO: -2955.042 (-3101.807)	Log prob: -2858.745 (-3006.285)	KLD: 14.199 (95.522)	Grad: 29.512
[Epoch  23 (41.99s)]	ELBO: -2935.801 (-3025.812)	Log prob: -2839.311 (-2929.449)	KLD: 14.432 (96.362)	Grad: 30.543
[Epoch  24 (42.21s)]	ELBO: -2892.065 (-2927.639)	Log prob: -2795.427 (-2823.408)	KLD: 14.657 (104.231)	Grad: 32.948
[Epoch  25 (42.99s)]	ELBO: -2872.643 (-2954.836)	Log prob: -2775.659 (-2855.756)	KLD: 14.941 (99.080)	Grad: 35.081
Training model 7/16...
[Epoch   1 (49.59s)]	ELBO: -3137.325 (-3000.185)	Log prob: -3025.054 (-2885.863)	KLD: 15.911 (114.322)	Grad: 67.031
[Epoch   2 (49.64s)]	ELBO: -2841.042 (-2919.334)	Log prob: -2727.839 (-2806.213)	KLD: 16.646 (113.121)	Grad: 40.349
[Epoch   3 (50.71s)]	ELBO: -2775.786 (-2904.795)	Log prob: -2663.152 (-2786.960)	KLD: 16.270 (117.835)	Grad: 30.477
[Epoch   4 (48.99s)]	ELBO: -2747.136 (-2775.796)	Log prob: -2635.251 (-2662.635)	KLD: 15.742 (113.161)	Grad: 29.237
[Epoch   5 (49.81s)]	ELBO: -2719.525 (-2857.842)	Log prob: -2608.230 (-2745.589)	KLD: 15.332 (112.252)	Grad: 24.595
[Epoch   6 (49.32s)]	ELBO: -2707.702 (-2830.171)	Log prob: -2596.945 (-2720.326)	KLD: 14.909 (109.846)	Grad: 23.566
[Epoch   7 (49.93s)]	ELBO: -2682.581 (-2802.030)	Log prob: -2572.516 (-2692.579)	KLD: 14.290 (109.451)	Grad: 21.170
[Epoch   8 (50.93s)]	ELBO: -2684.967 (-2870.394)	Log prob: -2575.530 (-2752.640)	KLD: 13.650 (117.753)	Grad: 20.565
[Epoch   9 (49.57s)]	ELBO: -2679.119 (-2693.313)	Log prob: -2570.501 (-2585.201)	KLD: 13.053 (108.112)	Grad: 18.594
[Epoch  10 (44.13s)]	ELBO: -2652.904 (-2772.747)	Log prob: -2544.877 (-2653.335)	KLD: 12.748 (119.412)	Grad: 17.124
[Epoch  11 (44.91s)]	ELBO: -2644.156 (-2822.176)	Log prob: -2536.482 (-2714.297)	KLD: 12.402 (107.879)	Grad: 15.983
[Epoch  12 (44.87s)]	ELBO: -2629.253 (-2783.377)	Log prob: -2522.064 (-2660.240)	KLD: 12.130 (123.138)	Grad: 16.688
[Epoch  13 (44.59s)]	ELBO: -2624.178 (-2718.956)	Log prob: -2517.247 (-2589.309)	KLD: 11.893 (129.647)	Grad: 17.601
[Epoch  14 (44.52s)]	ELBO: -2573.535 (-2702.779)	Log prob: -2466.491 (-2588.487)	KLD: 11.799 (114.292)	Grad: 16.764
[Epoch  15 (44.54s)]	ELBO: -2526.223 (-2646.407)	Log prob: -2419.441 (-2533.848)	KLD: 11.693 (112.560)	Grad: 17.754
[Epoch  16 (45.34s)]	ELBO: -2482.382 (-2574.052)	Log prob: -2375.675 (-2455.598)	KLD: 11.652 (118.453)	Grad: 16.227
[Epoch  17 (44.78s)]	ELBO: -2489.223 (-2556.994)	Log prob: -2382.207 (-2417.141)	KLD: 11.872 (139.852)	Grad: 18.870
[Epoch  18 (45.52s)]	ELBO: -2440.356 (-2570.636)	Log prob: -2333.473 (-2461.126)	KLD: 12.004 (109.510)	Grad: 16.647
[Epoch  19 (45.03s)]	ELBO: -2459.670 (-2600.869)	Log prob: -2352.915 (-2437.781)	KLD: 12.037 (163.089)	Grad: 20.296
[Epoch  20 (45.51s)]	ELBO: -2405.592 (-2482.038)	Log prob: -2299.107 (-2363.840)	KLD: 11.937 (118.198)	Grad: 17.530
[Epoch  21 (46.04s)]	ELBO: -2379.001 (-2543.534)	Log prob: -2272.522 (-2436.127)	KLD: 11.963 (107.406)	Grad: 16.542
[Epoch  22 (45.12s)]	ELBO: -2386.636 (-2509.713)	Log prob: -2280.263 (-2401.016)	KLD: 11.921 (108.697)	Grad: 15.708
[Epoch  23 (48.88s)]	ELBO: -2376.233 (-2541.310)	Log prob: -2269.994 (-2436.722)	KLD: 11.810 (104.587)	Grad: 16.028
[Epoch  24 (50.13s)]	ELBO: -2366.180 (-2517.311)	Log prob: -2260.289 (-2412.026)	KLD: 11.614 (105.286)	Grad: 15.791
[Epoch  25 (48.24s)]	ELBO: -2392.789 (-2437.244)	Log prob: -2286.995 (-2330.786)	KLD: 11.594 (106.458)	Grad: 16.404
Training model 8/16...
[Epoch   1 (53.56s)]	ELBO: -2663.554 (-2568.824)	Log prob: -2542.554 (-2446.397)	KLD: 15.546 (122.426)	Grad: 64.627
[Epoch   2 (53.43s)]	ELBO: -2422.408 (-2528.296)	Log prob: -2300.888 (-2407.278)	KLD: 16.170 (121.018)	Grad: 38.395
[Epoch   3 (52.26s)]	ELBO: -2380.562 (-2476.552)	Log prob: -2259.764 (-2355.067)	KLD: 15.959 (121.485)	Grad: 34.356
[Epoch   4 (48.67s)]	ELBO: -2345.565 (-2442.541)	Log prob: -2225.158 (-2322.631)	KLD: 15.642 (119.910)	Grad: 27.856
[Epoch   5 (49.22s)]	ELBO: -2326.520 (-2439.399)	Log prob: -2206.461 (-2318.345)	KLD: 15.498 (121.054)	Grad: 27.460
[Epoch   6 (54.74s)]	ELBO: -2324.448 (-2417.218)	Log prob: -2205.021 (-2296.933)	KLD: 14.993 (120.285)	Grad: 24.896
[Epoch   7 (54.71s)]	ELBO: -2311.427 (-2433.416)	Log prob: -2191.974 (-2303.522)	KLD: 14.691 (129.894)	Grad: 22.546
[Epoch   8 (54.66s)]	ELBO: -2291.100 (-2480.913)	Log prob: -2172.719 (-2362.749)	KLD: 14.048 (118.164)	Grad: 21.206
[Epoch   9 (55.00s)]	ELBO: -2291.130 (-2331.974)	Log prob: -2172.889 (-2213.038)	KLD: 13.566 (118.936)	Grad: 20.222
[Epoch  10 (56.48s)]	ELBO: -2267.411 (-2399.597)	Log prob: -2149.623 (-2282.107)	KLD: 13.192 (117.489)	Grad: 19.037
[Epoch  11 (56.15s)]	ELBO: -2257.565 (-2484.394)	Log prob: -2139.961 (-2362.521)	KLD: 12.753 (121.872)	Grad: 19.814
[Epoch  12 (55.65s)]	ELBO: -2250.016 (-2347.732)	Log prob: -2132.363 (-2230.079)	KLD: 12.405 (117.653)	Grad: 19.789
[Epoch  13 (57.43s)]	ELBO: -2205.781 (-2337.857)	Log prob: -2088.505 (-2220.335)	KLD: 11.920 (117.522)	Grad: 17.381
[Epoch  14 (56.19s)]	ELBO: -2173.864 (-2453.097)	Log prob: -2056.706 (-2336.637)	KLD: 11.712 (116.460)	Grad: 16.154
[Epoch  15 (55.95s)]	ELBO: -2183.475 (-2371.752)	Log prob: -2066.752 (-2255.103)	KLD: 11.339 (116.649)	Grad: 15.466
[Epoch  16 (55.64s)]	ELBO: -2152.507 (-2333.267)	Log prob: -2035.901 (-2215.993)	KLD: 11.160 (117.275)	Grad: 14.053
[Epoch  17 (54.67s)]	ELBO: -2152.085 (-2301.268)	Log prob: -2036.138 (-2185.997)	KLD: 10.744 (115.272)	Grad: 13.130
[Epoch  18 (50.80s)]	ELBO: -2165.298 (-2291.577)	Log prob: -2049.637 (-2175.718)	KLD: 10.476 (115.860)	Grad: 13.348
[Epoch  19 (50.59s)]	ELBO: -2151.584 (-2249.691)	Log prob: -2036.081 (-2134.633)	KLD: 10.383 (115.058)	Grad: 12.802
[Epoch  20 (50.53s)]	ELBO: -2127.204 (-2304.987)	Log prob: -2012.079 (-2189.527)	KLD: 10.275 (115.460)	Grad: 11.437
[Epoch  21 (50.97s)]	ELBO: -2128.606 (-2316.563)	Log prob: -2013.887 (-2200.234)	KLD: 9.934 (116.330)	Grad: 11.372
[Epoch  22 (49.98s)]	ELBO: -2121.406 (-2175.842)	Log prob: -2006.898 (-2061.801)	KLD: 9.733 (114.040)	Grad: 11.384
[Epoch  23 (50.07s)]	ELBO: -2126.372 (-2193.704)	Log prob: -2012.232 (-2080.346)	KLD: 9.484 (113.357)	Grad: 11.721
[Epoch  24 (50.50s)]	ELBO: -2130.948 (-2274.998)	Log prob: -2016.886 (-2160.511)	KLD: 9.511 (114.488)	Grad: 11.932
[Epoch  25 (50.22s)]	ELBO: -2116.055 (-2304.846)	Log prob: -2002.510 (-2190.941)	KLD: 9.174 (113.905)	Grad: 10.632
Training model 9/16...
[Epoch   1 (56.31s)]	ELBO: -2488.300 (-2248.767)	Log prob: -2359.100 (-2118.602)	KLD: 15.406 (130.165)	Grad: 73.138
[Epoch   2 (57.19s)]	ELBO: -2181.498 (-2312.010)	Log prob: -2052.137 (-2184.197)	KLD: 16.056 (127.813)	Grad: 40.417
[Epoch   3 (57.77s)]	ELBO: -2131.312 (-2286.455)	Log prob: -2001.949 (-2156.258)	KLD: 16.084 (130.197)	Grad: 35.831
[Epoch   4 (58.89s)]	ELBO: -2101.112 (-2251.190)	Log prob: -1972.005 (-2120.956)	KLD: 15.825 (130.234)	Grad: 32.439
[Epoch   5 (59.79s)]	ELBO: -2132.261 (-2254.426)	Log prob: -2002.691 (-2125.556)	KLD: 15.999 (128.870)	Grad: 33.190
[Epoch   6 (60.52s)]	ELBO: -2066.222 (-2331.724)	Log prob: -1937.185 (-2202.924)	KLD: 15.344 (128.800)	Grad: 28.642
[Epoch   7 (60.19s)]	ELBO: -2031.428 (-2270.299)	Log prob: -1902.888 (-2140.911)	KLD: 14.670 (129.387)	Grad: 27.548
[Epoch   8 (59.65s)]	ELBO: -2012.246 (-2077.013)	Log prob: -1884.173 (-1949.722)	KLD: 14.334 (127.291)	Grad: 24.937
[Epoch   9 (53.89s)]	ELBO: -1972.532 (-2091.550)	Log prob: -1845.116 (-1964.782)	KLD: 13.865 (126.768)	Grad: 21.175
[Epoch  10 (53.84s)]	ELBO: -1991.611 (-2173.644)	Log prob: -1864.914 (-2046.202)	KLD: 13.318 (127.441)	Grad: 22.234
[Epoch  11 (59.05s)]	ELBO: -1956.810 (-2082.151)	Log prob: -1830.895 (-1956.412)	KLD: 12.868 (125.739)	Grad: 17.641
[Epoch  12 (60.53s)]	ELBO: -1967.200 (-2123.740)	Log prob: -1841.773 (-1997.853)	KLD: 12.514 (125.886)	Grad: 19.030
[Epoch  13 (62.92s)]	ELBO: -1956.170 (-2052.423)	Log prob: -1831.598 (-1928.363)	KLD: 11.872 (124.060)	Grad: 16.225
[Epoch  14 (61.82s)]	ELBO: -1943.487 (-2074.890)	Log prob: -1819.244 (-1950.374)	KLD: 11.661 (124.516)	Grad: 14.244
[Epoch  15 (62.49s)]	ELBO: -1936.638 (-2094.532)	Log prob: -1813.215 (-1970.458)	KLD: 11.129 (124.074)	Grad: 14.034
[Epoch  16 (61.96s)]	ELBO: -1928.692 (-2083.743)	Log prob: -1805.923 (-1960.922)	KLD: 10.720 (122.821)	Grad: 13.448
[Epoch  17 (61.93s)]	ELBO: -1920.132 (-2046.403)	Log prob: -1797.812 (-1925.139)	KLD: 10.457 (121.264)	Grad: 12.325
[Epoch  18 (62.77s)]	ELBO: -1911.192 (-1998.355)	Log prob: -1789.682 (-1877.509)	KLD: 10.291 (120.846)	Grad: 11.208
[Epoch  19 (63.32s)]	ELBO: -1906.057 (-2035.555)	Log prob: -1785.284 (-1913.340)	KLD: 10.012 (122.215)	Grad: 11.475
[Epoch  20 (62.17s)]	ELBO: -1949.307 (-2230.947)	Log prob: -1829.092 (-2110.461)	KLD: 9.807 (120.486)	Grad: 11.715
[Epoch  21 (60.47s)]	ELBO: -1921.829 (-1990.257)	Log prob: -1802.204 (-1871.351)	KLD: 9.441 (118.905)	Grad: 10.437
[Epoch  22 (56.42s)]	ELBO: -1906.052 (-2001.655)	Log prob: -1787.083 (-1883.920)	KLD: 9.202 (117.736)	Grad: 9.746
[Epoch  23 (55.85s)]	ELBO: -1892.177 (-1993.771)	Log prob: -1773.809 (-1875.292)	KLD: 8.961 (118.478)	Grad: 9.771
[Epoch  24 (56.27s)]	ELBO: -1889.178 (-1978.976)	Log prob: -1770.895 (-1860.190)	KLD: 9.014 (118.785)	Grad: 9.281
[Epoch  25 (55.63s)]	ELBO: -1887.696 (-1976.034)	Log prob: -1769.604 (-1857.544)	KLD: 8.913 (118.490)	Grad: 9.748
Training model 10/16...
[Epoch   1 (61.45s)]	ELBO: -2240.661 (-2147.583)	Log prob: -2106.268 (-2010.638)	KLD: 16.335 (136.946)	Grad: 76.954
[Epoch   2 (63.24s)]	ELBO: -1945.626 (-1995.640)	Log prob: -1810.936 (-1860.842)	KLD: 17.045 (134.798)	Grad: 49.651
[Epoch   3 (62.19s)]	ELBO: -1895.574 (-2138.515)	Log prob: -1761.090 (-2005.553)	KLD: 17.175 (132.962)	Grad: 41.493
[Epoch   4 (62.79s)]	ELBO: -1853.620 (-2029.599)	Log prob: -1719.893 (-1895.726)	KLD: 17.049 (133.873)	Grad: 34.202
[Epoch   5 (63.22s)]	ELBO: -1826.297 (-2006.407)	Log prob: -1693.322 (-1874.417)	KLD: 16.568 (131.990)	Grad: 32.007
[Epoch   6 (62.82s)]	ELBO: -1838.651 (-1950.038)	Log prob: -1706.533 (-1817.977)	KLD: 16.033 (132.060)	Grad: 32.448
[Epoch   7 (66.65s)]	ELBO: -1813.669 (-2124.681)	Log prob: -1682.609 (-1994.616)	KLD: 15.356 (130.066)	Grad: 28.270
[Epoch   8 (65.92s)]	ELBO: -1823.753 (-1977.464)	Log prob: -1693.479 (-1848.209)	KLD: 14.485 (129.255)	Grad: 25.862
[Epoch   9 (66.05s)]	ELBO: -1788.674 (-1881.495)	Log prob: -1658.909 (-1752.216)	KLD: 14.166 (129.279)	Grad: 23.678
[Epoch  10 (67.20s)]	ELBO: -1776.004 (-1868.950)	Log prob: -1647.030 (-1740.428)	KLD: 13.706 (128.522)	Grad: 22.020
[Epoch  11 (61.95s)]	ELBO: -1768.564 (-1855.050)	Log prob: -1640.541 (-1726.917)	KLD: 13.173 (128.132)	Grad: 21.913
[Epoch  12 (59.16s)]	ELBO: -1754.802 (-1902.879)	Log prob: -1627.282 (-1775.236)	KLD: 12.643 (127.643)	Grad: 20.521
[Epoch  13 (62.72s)]	ELBO: -1759.139 (-1892.895)	Log prob: -1632.202 (-1766.533)	KLD: 12.300 (126.362)	Grad: 18.591
[Epoch  14 (66.12s)]	ELBO: -1754.279 (-1901.007)	Log prob: -1627.992 (-1775.825)	KLD: 11.993 (125.181)	Grad: 19.238
[Epoch  15 (67.65s)]	ELBO: -1746.630 (-1911.678)	Log prob: -1620.880 (-1786.462)	KLD: 11.624 (125.216)	Grad: 17.644
[Epoch  16 (69.47s)]	ELBO: -1754.079 (-1839.256)	Log prob: -1628.960 (-1713.602)	KLD: 11.392 (125.654)	Grad: 17.411
[Epoch  17 (68.27s)]	ELBO: -1730.955 (-1867.353)	Log prob: -1606.487 (-1742.131)	KLD: 11.186 (125.222)	Grad: 15.528
[Epoch  18 (68.10s)]	ELBO: -1722.657 (-1849.947)	Log prob: -1598.992 (-1726.360)	KLD: 10.995 (123.587)	Grad: 15.016
[Epoch  19 (67.14s)]	ELBO: -1729.593 (-1940.041)	Log prob: -1606.419 (-1816.228)	KLD: 10.904 (123.813)	Grad: 15.136
[Epoch  20 (67.58s)]	ELBO: -1731.627 (-1939.116)	Log prob: -1608.560 (-1817.111)	KLD: 10.588 (122.004)	Grad: 14.866
[Epoch  21 (68.08s)]	ELBO: -1727.462 (-1898.888)	Log prob: -1605.009 (-1777.259)	KLD: 10.439 (121.629)	Grad: 13.599
[Epoch  22 (69.39s)]	ELBO: -1705.850 (-1824.925)	Log prob: -1583.980 (-1701.232)	KLD: 10.266 (123.693)	Grad: 13.070
[Epoch  23 (62.66s)]	ELBO: -1723.619 (-1818.633)	Log prob: -1601.566 (-1696.100)	KLD: 10.291 (122.533)	Grad: 13.400
[Epoch  24 (60.85s)]	ELBO: -1709.333 (-1909.960)	Log prob: -1587.829 (-1787.156)	KLD: 10.095 (122.804)	Grad: 12.831
[Epoch  25 (61.26s)]	ELBO: -1709.546 (-1852.522)	Log prob: -1587.859 (-1728.832)	KLD: 10.026 (123.690)	Grad: 11.831
Training model 11/16...
[Epoch   1 (68.59s)]	ELBO: -2122.095 (-1918.409)	Log prob: -1983.623 (-1779.368)	KLD: 16.978 (139.041)	Grad: 103.879
[Epoch   2 (70.05s)]	ELBO: -1818.406 (-1926.739)	Log prob: -1680.151 (-1790.544)	KLD: 17.677 (136.195)	Grad: 69.862
[Epoch   3 (69.90s)]	ELBO: -1770.333 (-1831.837)	Log prob: -1634.016 (-1694.215)	KLD: 17.510 (137.623)	Grad: 58.085
[Epoch   4 (71.15s)]	ELBO: -1731.558 (-1799.916)	Log prob: -1595.775 (-1665.818)	KLD: 17.443 (134.097)	Grad: 42.851
[Epoch   5 (71.44s)]	ELBO: -1711.632 (-1936.542)	Log prob: -1576.984 (-1802.004)	KLD: 17.173 (134.538)	Grad: 37.424
[Epoch   6 (71.39s)]	ELBO: -1709.752 (-1929.312)	Log prob: -1576.114 (-1795.579)	KLD: 16.622 (133.733)	Grad: 34.601
[Epoch   7 (73.20s)]	ELBO: -1707.990 (-1924.418)	Log prob: -1575.554 (-1792.703)	KLD: 16.056 (131.715)	Grad: 30.527
[Epoch   8 (74.64s)]	ELBO: -1702.626 (-1914.704)	Log prob: -1571.144 (-1782.424)	KLD: 15.551 (132.279)	Grad: 29.785
[Epoch   9 (74.56s)]	ELBO: -1703.121 (-1862.109)	Log prob: -1572.593 (-1727.075)	KLD: 14.791 (135.035)	Grad: 26.346
[Epoch  10 (75.93s)]	ELBO: -1689.922 (-2042.092)	Log prob: -1560.511 (-1912.561)	KLD: 14.173 (129.531)	Grad: 25.263
[Epoch  11 (68.68s)]	ELBO: -1704.988 (-1814.869)	Log prob: -1576.088 (-1686.369)	KLD: 13.458 (128.500)	Grad: 22.586
[Epoch  12 (67.00s)]	ELBO: -1691.590 (-1830.935)	Log prob: -1564.063 (-1702.895)	KLD: 12.911 (128.040)	Grad: 20.008
[Epoch  13 (74.34s)]	ELBO: -1669.139 (-1894.222)	Log prob: -1542.917 (-1767.573)	KLD: 12.342 (126.649)	Grad: 18.786
No improvement after 10 epochs...
Training model 12/16...
[Epoch   1 (81.34s)]	ELBO: -2079.246 (-1936.459)	Log prob: -1936.862 (-1793.669)	KLD: 16.789 (142.790)	Grad: 94.459
[Epoch   2 (84.11s)]	ELBO: -1792.346 (-2061.148)	Log prob: -1650.172 (-1919.568)	KLD: 17.674 (141.581)	Grad: 63.874
[Epoch   3 (84.58s)]	ELBO: -1754.985 (-1805.014)	Log prob: -1613.403 (-1665.100)	KLD: 17.623 (139.914)	Grad: 53.766
[Epoch   4 (84.15s)]	ELBO: -1712.096 (-1841.388)	Log prob: -1571.771 (-1700.699)	KLD: 17.484 (140.689)	Grad: 46.070
[Epoch   5 (83.94s)]	ELBO: -1707.470 (-1834.838)	Log prob: -1568.234 (-1696.154)	KLD: 17.094 (138.684)	Grad: 44.293
[Epoch   6 (82.40s)]	ELBO: -1693.001 (-1801.030)	Log prob: -1553.990 (-1662.557)	KLD: 16.927 (138.474)	Grad: 35.369
[Epoch   7 (83.81s)]	ELBO: -1674.567 (-1838.822)	Log prob: -1536.903 (-1700.479)	KLD: 16.338 (138.343)	Grad: 33.060
[Epoch   8 (76.30s)]	ELBO: -1672.570 (-1825.691)	Log prob: -1536.075 (-1687.553)	KLD: 15.651 (138.138)	Grad: 30.343
[Epoch   9 (76.17s)]	ELBO: -1669.574 (-1934.587)	Log prob: -1533.820 (-1799.543)	KLD: 15.056 (135.044)	Grad: 27.869
[Epoch  10 (75.70s)]	ELBO: -1667.122 (-1909.026)	Log prob: -1532.392 (-1775.046)	KLD: 14.405 (133.980)	Grad: 24.663
[Epoch  11 (75.68s)]	ELBO: -1664.913 (-1912.834)	Log prob: -1530.653 (-1778.150)	KLD: 13.854 (134.684)	Grad: 23.602
[Epoch  12 (76.41s)]	ELBO: -1664.347 (-1872.129)	Log prob: -1530.704 (-1738.226)	KLD: 13.454 (133.903)	Grad: 23.267
[Epoch  13 (77.05s)]	ELBO: -1650.239 (-1832.272)	Log prob: -1517.441 (-1699.215)	KLD: 12.960 (133.057)	Grad: 22.169
[Epoch  14 (77.55s)]	ELBO: -1642.372 (-1847.168)	Log prob: -1509.935 (-1714.747)	KLD: 12.552 (132.421)	Grad: 20.270
[Epoch  15 (77.71s)]	ELBO: -1647.003 (-1798.330)	Log prob: -1514.954 (-1667.190)	KLD: 12.116 (131.140)	Grad: 18.418
[Epoch  16 (79.99s)]	ELBO: -1635.340 (-1802.847)	Log prob: -1503.885 (-1672.372)	KLD: 11.823 (130.475)	Grad: 17.800
[Epoch  17 (81.87s)]	ELBO: -1643.194 (-1797.372)	Log prob: -1511.532 (-1667.121)	KLD: 11.678 (130.251)	Grad: 17.722
[Epoch  18 (81.04s)]	ELBO: -1640.379 (-1838.597)	Log prob: -1508.280 (-1706.387)	KLD: 11.475 (132.209)	Grad: 17.029
[Epoch  19 (76.36s)]	ELBO: -1598.745 (-1713.838)	Log prob: -1466.980 (-1581.153)	KLD: 11.368 (132.685)	Grad: 15.575
[Epoch  20 (73.39s)]	ELBO: -1579.247 (-1892.033)	Log prob: -1447.862 (-1760.178)	KLD: 11.040 (131.855)	Grad: 14.768
[Epoch  21 (78.88s)]	ELBO: -1567.715 (-1728.828)	Log prob: -1436.918 (-1598.296)	KLD: 10.890 (130.532)	Grad: 14.377
[Epoch  22 (80.48s)]	ELBO: -1560.134 (-1846.058)	Log prob: -1429.447 (-1715.691)	KLD: 10.669 (130.367)	Grad: 13.852
[Epoch  23 (81.72s)]	ELBO: -1570.653 (-1779.587)	Log prob: -1440.880 (-1649.622)	KLD: 10.411 (129.965)	Grad: 13.402
[Epoch  24 (83.82s)]	ELBO: -1548.551 (-1716.002)	Log prob: -1419.738 (-1586.111)	KLD: 10.314 (129.891)	Grad: 12.551
[Epoch  25 (84.17s)]	ELBO: -1537.218 (-1711.725)	Log prob: -1409.105 (-1583.417)	KLD: 10.133 (128.308)	Grad: 11.430
Training model 13/16...
[Epoch   1 (90.49s)]	ELBO: -2051.510 (-1873.252)	Log prob: -1905.878 (-1726.331)	KLD: 16.704 (146.921)	Grad: 102.822
[Epoch   2 (88.98s)]	ELBO: -1696.658 (-1799.777)	Log prob: -1551.147 (-1655.176)	KLD: 17.512 (144.601)	Grad: 72.483
[Epoch   3 (87.74s)]	ELBO: -1634.565 (-1783.505)	Log prob: -1489.586 (-1639.235)	KLD: 17.571 (144.271)	Grad: 59.507
[Epoch   4 (81.79s)]	ELBO: -1612.224 (-1765.360)	Log prob: -1467.730 (-1619.413)	KLD: 17.879 (145.947)	Grad: 63.465
[Epoch   5 (81.34s)]	ELBO: -1596.672 (-1739.497)	Log prob: -1452.910 (-1597.774)	KLD: 17.519 (141.722)	Grad: 59.404
[Epoch   6 (81.28s)]	ELBO: -1564.569 (-1700.656)	Log prob: -1421.182 (-1558.128)	KLD: 17.285 (142.528)	Grad: 46.588
[Epoch   7 (81.93s)]	ELBO: -1547.577 (-1694.391)	Log prob: -1405.103 (-1551.036)	KLD: 17.018 (143.355)	Grad: 42.692
[Epoch   8 (82.52s)]	ELBO: -1527.559 (-1742.513)	Log prob: -1384.926 (-1596.426)	KLD: 16.642 (146.087)	Grad: 45.164
[Epoch   9 (83.73s)]	ELBO: -1513.065 (-1803.258)	Log prob: -1369.437 (-1660.331)	KLD: 15.757 (142.927)	Grad: 31.421
[Epoch  10 (82.31s)]	ELBO: -1492.538 (-1648.543)	Log prob: -1348.975 (-1505.569)	KLD: 14.882 (142.975)	Grad: 27.571
[Epoch  11 (83.70s)]	ELBO: -1453.016 (-1607.252)	Log prob: -1310.716 (-1465.138)	KLD: 14.320 (142.114)	Grad: 24.343
[Epoch  12 (86.08s)]	ELBO: -1443.391 (-1692.888)	Log prob: -1302.278 (-1552.665)	KLD: 13.671 (140.223)	Grad: 23.738
[Epoch  13 (86.64s)]	ELBO: -1429.698 (-1618.459)	Log prob: -1289.660 (-1478.584)	KLD: 13.239 (139.875)	Grad: 21.176
[Epoch  14 (85.98s)]	ELBO: -1418.988 (-1611.981)	Log prob: -1279.808 (-1472.956)	KLD: 12.840 (139.025)	Grad: 19.996
[Epoch  15 (76.63s)]	ELBO: -1408.161 (-1581.935)	Log prob: -1269.955 (-1442.242)	KLD: 12.523 (139.692)	Grad: 18.110
[Epoch  16 (82.58s)]	ELBO: -1414.649 (-1586.203)	Log prob: -1276.989 (-1450.470)	KLD: 12.175 (135.733)	Grad: 18.263
[Epoch  17 (87.05s)]	ELBO: -1386.912 (-1525.823)	Log prob: -1250.371 (-1389.658)	KLD: 11.961 (136.165)	Grad: 16.873
[Epoch  18 (90.79s)]	ELBO: -1392.684 (-1584.673)	Log prob: -1256.501 (-1447.466)	KLD: 11.659 (137.207)	Grad: 16.339
[Epoch  19 (88.58s)]	ELBO: -1394.749 (-1559.197)	Log prob: -1259.315 (-1423.572)	KLD: 11.285 (135.625)	Grad: 15.938
[Epoch  20 (88.78s)]	ELBO: -1389.950 (-1592.925)	Log prob: -1254.764 (-1457.504)	KLD: 11.056 (135.422)	Grad: 14.734
[Epoch  21 (89.61s)]	ELBO: -1380.604 (-1626.620)	Log prob: -1246.282 (-1491.989)	KLD: 10.720 (134.631)	Grad: 14.423
[Epoch  22 (88.50s)]	ELBO: -1380.599 (-1564.604)	Log prob: -1245.730 (-1428.936)	KLD: 10.543 (135.668)	Grad: 13.665
[Epoch  23 (89.36s)]	ELBO: -1379.208 (-1533.284)	Log prob: -1244.849 (-1398.511)	KLD: 10.442 (134.773)	Grad: 12.960
[Epoch  24 (80.59s)]	ELBO: -1341.685 (-1514.787)	Log prob: -1206.982 (-1378.605)	KLD: 10.086 (136.182)	Grad: 11.983
[Epoch  25 (80.24s)]	ELBO: -1323.392 (-1537.905)	Log prob: -1188.439 (-1403.089)	KLD: 9.919 (134.816)	Grad: 11.598
Training model 14/16...
[Epoch   1 (86.63s)]	ELBO: -1737.881 (-1603.666)	Log prob: -1585.567 (-1450.520)	KLD: 16.857 (153.145)	Grad: 106.578
[Epoch   2 (86.51s)]	ELBO: -1395.458 (-1494.887)	Log prob: -1243.513 (-1343.397)	KLD: 17.763 (151.490)	Grad: 67.472
[Epoch   3 (88.22s)]	ELBO: -1346.949 (-1474.010)	Log prob: -1195.939 (-1323.258)	KLD: 17.534 (150.752)	Grad: 52.468
[Epoch   4 (89.02s)]	ELBO: -1332.263 (-1485.975)	Log prob: -1182.634 (-1336.677)	KLD: 17.283 (149.298)	Grad: 46.258
[Epoch   5 (88.25s)]	ELBO: -1308.228 (-1421.815)	Log prob: -1160.026 (-1274.704)	KLD: 17.118 (147.111)	Grad: 42.303
[Epoch   6 (91.36s)]	ELBO: -1293.153 (-1469.899)	Log prob: -1146.433 (-1323.422)	KLD: 16.849 (146.478)	Grad: 37.135
[Epoch   7 (93.74s)]	ELBO: -1284.735 (-1419.901)	Log prob: -1139.151 (-1272.994)	KLD: 16.366 (146.908)	Grad: 34.121
[Epoch   8 (92.42s)]	ELBO: -1269.672 (-1433.344)	Log prob: -1125.674 (-1290.069)	KLD: 15.710 (143.275)	Grad: 32.049
[Epoch   9 (86.60s)]	ELBO: -1285.827 (-1448.436)	Log prob: -1142.475 (-1305.045)	KLD: 15.202 (143.392)	Grad: 33.079
[Epoch  10 (84.42s)]	ELBO: -1248.788 (-1421.143)	Log prob: -1107.019 (-1278.379)	KLD: 14.598 (142.764)	Grad: 27.108
[Epoch  11 (92.91s)]	ELBO: -1238.799 (-1428.812)	Log prob: -1097.527 (-1288.222)	KLD: 13.978 (140.590)	Grad: 23.631
[Epoch  12 (95.67s)]	ELBO: -1232.962 (-1369.131)	Log prob: -1092.878 (-1228.873)	KLD: 13.396 (140.258)	Grad: 24.487
[Epoch  13 (99.10s)]	ELBO: -1218.562 (-1485.687)	Log prob: -1079.534 (-1346.409)	KLD: 12.996 (139.278)	Grad: 22.548
[Epoch  14 (96.66s)]	ELBO: -1197.588 (-1402.696)	Log prob: -1059.362 (-1265.110)	KLD: 12.586 (137.586)	Grad: 19.538
[Epoch  15 (95.44s)]	ELBO: -1189.539 (-1385.369)	Log prob: -1052.194 (-1248.492)	KLD: 12.157 (136.877)	Grad: 18.344
[Epoch  16 (95.38s)]	ELBO: -1191.050 (-1349.704)	Log prob: -1054.714 (-1212.670)	KLD: 11.747 (137.034)	Grad: 18.101
[Epoch  17 (95.52s)]	ELBO: -1177.542 (-1433.165)	Log prob: -1040.921 (-1295.825)	KLD: 11.507 (137.341)	Grad: 16.929
[Epoch  18 (87.13s)]	ELBO: -1175.156 (-1368.293)	Log prob: -1039.901 (-1233.224)	KLD: 11.168 (135.069)	Grad: 14.728
[Epoch  19 (86.48s)]	ELBO: -1165.392 (-1314.415)	Log prob: -1030.942 (-1179.727)	KLD: 10.853 (134.688)	Grad: 13.961
[Epoch  20 (86.61s)]	ELBO: -1157.252 (-1321.812)	Log prob: -1023.331 (-1188.887)	KLD: 10.665 (132.925)	Grad: 13.632
[Epoch  21 (86.74s)]	ELBO: -1168.774 (-1344.475)	Log prob: -1035.358 (-1210.165)	KLD: 10.389 (134.310)	Grad: 12.828
[Epoch  22 (87.53s)]	ELBO: -1151.288 (-1361.290)	Log prob: -1018.513 (-1229.935)	KLD: 10.313 (131.356)	Grad: 12.426
[Epoch  23 (89.19s)]	ELBO: -1139.641 (-1307.819)	Log prob: -1007.451 (-1176.996)	KLD: 9.983 (130.823)	Grad: 11.679
[Epoch  24 (90.33s)]	ELBO: -1146.416 (-1308.726)	Log prob: -1014.096 (-1177.107)	KLD: 9.845 (131.619)	Grad: 11.946
[Epoch  25 (93.83s)]	ELBO: -1147.801 (-1293.545)	Log prob: -1016.704 (-1162.864)	KLD: 9.525 (130.681)	Grad: 11.469
Training model 15/16...
[Epoch   1 (100.80s)]	ELBO: -1646.624 (-1571.731)	Log prob: -1496.091 (-1419.575)	KLD: 17.829 (152.156)	Grad: 125.009
[Epoch   2 (98.71s)]	ELBO: -1275.345 (-1375.201)	Log prob: -1125.768 (-1227.561)	KLD: 18.679 (147.641)	Grad: 74.248
[Epoch   3 (89.43s)]	ELBO: -1207.496 (-1358.230)	Log prob: -1058.949 (-1211.720)	KLD: 18.090 (146.509)	Grad: 60.341
[Epoch   4 (97.45s)]	ELBO: -1191.843 (-1363.477)	Log prob: -1044.436 (-1216.877)	KLD: 17.465 (146.601)	Grad: 53.139
[Epoch   5 (101.07s)]	ELBO: -1174.872 (-1392.179)	Log prob: -1028.291 (-1244.525)	KLD: 16.877 (147.654)	Grad: 48.386
[Epoch   6 (106.14s)]	ELBO: -1163.520 (-1373.855)	Log prob: -1016.661 (-1226.284)	KLD: 17.141 (147.570)	Grad: 45.045
[Epoch   7 (103.93s)]	ELBO: -1149.908 (-1372.322)	Log prob: -1004.284 (-1225.666)	KLD: 16.264 (146.656)	Grad: 41.125
[Epoch   8 (104.47s)]	ELBO: -1139.055 (-1333.825)	Log prob: -993.853 (-1186.996)	KLD: 15.812 (146.828)	Grad: 34.786
[Epoch   9 (102.85s)]	ELBO: -1149.386 (-1337.876)	Log prob: -1005.073 (-1192.655)	KLD: 15.150 (145.221)	Grad: 32.004
[Epoch  10 (100.00s)]	ELBO: -1133.325 (-1282.821)	Log prob: -989.317 (-1140.562)	KLD: 14.854 (142.259)	Grad: 28.546
[Epoch  11 (93.23s)]	ELBO: -1133.614 (-1407.763)	Log prob: -990.818 (-1263.734)	KLD: 14.193 (144.028)	Grad: 28.199
[Epoch  12 (93.31s)]	ELBO: -1133.525 (-1293.576)	Log prob: -992.158 (-1152.808)	KLD: 13.642 (140.768)	Grad: 25.176
[Epoch  13 (93.39s)]	ELBO: -1119.766 (-1294.565)	Log prob: -979.984 (-1153.303)	KLD: 13.209 (141.263)	Grad: 21.977
[Epoch  14 (93.91s)]	ELBO: -1113.870 (-1389.116)	Log prob: -974.863 (-1244.118)	KLD: 12.809 (144.998)	Grad: 20.734
[Epoch  15 (94.39s)]	ELBO: -1119.218 (-1268.310)	Log prob: -980.606 (-1130.903)	KLD: 12.436 (137.407)	Grad: 19.871
[Epoch  16 (95.93s)]	ELBO: -1116.712 (-1477.207)	Log prob: -979.062 (-1340.484)	KLD: 12.036 (136.724)	Grad: 18.360
[Epoch  17 (100.98s)]	ELBO: -1115.307 (-1323.985)	Log prob: -978.488 (-1185.122)	KLD: 11.656 (138.863)	Grad: 18.192
[Epoch  18 (99.98s)]	ELBO: -1098.607 (-1264.158)	Log prob: -962.255 (-1121.265)	KLD: 11.384 (142.893)	Grad: 16.538
[Epoch  19 (99.90s)]	ELBO: -1093.257 (-1329.590)	Log prob: -956.436 (-1184.165)	KLD: 11.147 (145.425)	Grad: 15.234
[Epoch  20 (89.68s)]	ELBO: -1079.767 (-1244.627)	Log prob: -941.343 (-1106.676)	KLD: 11.066 (137.951)	Grad: 16.590
[Epoch  21 (95.65s)]	ELBO: -1063.781 (-1406.006)	Log prob: -924.560 (-1135.173)	KLD: 10.832 (270.833)	Grad: 15.546
[Epoch  22 (99.27s)]	ELBO: -1064.542 (-1247.001)	Log prob: -924.797 (-1105.514)	KLD: 10.588 (141.488)	Grad: 14.552
[Epoch  23 (102.98s)]	ELBO: -1041.430 (-1284.499)	Log prob: -902.693 (-1146.840)	KLD: 10.222 (137.659)	Grad: 12.217
[Epoch  24 (104.99s)]	ELBO: -1032.244 (-1181.689)	Log prob: -894.232 (-1042.281)	KLD: 9.989 (139.408)	Grad: 12.099
[Epoch  25 (102.25s)]	ELBO: -1028.281 (-1227.101)	Log prob: -891.291 (-1089.197)	KLD: 9.680 (137.905)	Grad: 11.266
Training model 16/16...
[Epoch   1 (110.56s)]	ELBO: -1475.419 (-1256.669)	Log prob: -1320.900 (-1101.505)	KLD: 17.095 (155.164)	Grad: 107.862
[Epoch   2 (108.33s)]	ELBO: -1107.496 (-1221.835)	Log prob: -954.053 (-1069.173)	KLD: 17.921 (152.663)	Grad: 67.397
[Epoch   3 (100.00s)]	ELBO: -1078.337 (-1285.865)	Log prob: -925.814 (-1131.484)	KLD: 17.630 (154.380)	Grad: 58.859
[Epoch   4 (98.51s)]	ELBO: -1059.917 (-1240.111)	Log prob: -908.139 (-1086.205)	KLD: 17.587 (153.907)	Grad: 52.544
[Epoch   5 (98.54s)]	ELBO: -1056.920 (-1328.050)	Log prob: -905.811 (-1177.512)	KLD: 17.679 (150.537)	Grad: 45.624
[Epoch   6 (99.03s)]	ELBO: -1056.217 (-1202.254)	Log prob: -905.641 (-1052.228)	KLD: 17.840 (150.025)	Grad: 43.078
[Epoch   7 (101.28s)]	ELBO: -1028.800 (-1193.939)	Log prob: -879.241 (-1043.915)	KLD: 17.045 (150.024)	Grad: 37.707
[Epoch   8 (102.48s)]	ELBO: -1022.542 (-1273.359)	Log prob: -874.346 (-1123.044)	KLD: 16.318 (150.314)	Grad: 34.186
[Epoch   9 (107.25s)]	ELBO: -1027.017 (-1269.870)	Log prob: -879.665 (-1122.126)	KLD: 15.655 (147.744)	Grad: 30.787
[Epoch  10 (110.83s)]	ELBO: -1019.769 (-1183.866)	Log prob: -873.404 (-1036.575)	KLD: 14.955 (147.290)	Grad: 25.591
[Epoch  11 (108.57s)]	ELBO: -1011.785 (-1217.092)	Log prob: -866.705 (-1071.317)	KLD: 13.994 (145.775)	Grad: 25.884
[Epoch  12 (99.93s)]	ELBO: -1009.201 (-1219.267)	Log prob: -864.714 (-1073.176)	KLD: 13.412 (146.090)	Grad: 21.240
[Epoch  13 (110.42s)]	ELBO: -996.753 (-1252.502)	Log prob: -853.519 (-1109.384)	KLD: 13.042 (143.119)	Grad: 19.985
[Epoch  14 (110.65s)]	ELBO: -993.993 (-1236.011)	Log prob: -851.608 (-1092.540)	KLD: 12.360 (143.471)	Grad: 18.225
[Epoch  15 (112.58s)]	ELBO: -983.305 (-1226.372)	Log prob: -841.635 (-1084.211)	KLD: 11.854 (142.161)	Grad: 15.571
[Epoch  16 (116.24s)]	ELBO: -986.926 (-1233.742)	Log prob: -845.719 (-1091.058)	KLD: 11.305 (142.684)	Grad: 14.947
[Epoch  17 (97.63s)]	ELBO: -980.014 (-1202.402)	Log prob: -839.353 (-1061.681)	KLD: 10.896 (140.722)	Grad: 12.933
[Epoch  18 (86.04s)]	ELBO: -976.845 (-1215.590)	Log prob: -836.248 (-1071.658)	KLD: 10.409 (143.932)	Grad: 12.475
[Epoch  19 (75.97s)]	ELBO: -968.283 (-1158.837)	Log prob: -828.332 (-1019.075)	KLD: 9.897 (139.763)	Grad: 11.297
[Epoch  20 (76.59s)]	ELBO: -957.805 (-1202.291)	Log prob: -817.818 (-1062.377)	KLD: 9.458 (139.914)	Grad: 10.719
[Epoch  21 (76.26s)]	ELBO: -955.389 (-1200.897)	Log prob: -815.422 (-1059.631)	KLD: 9.150 (141.266)	Grad: 10.455
[Epoch  22 (82.70s)]	ELBO: -948.526 (-1159.685)	Log prob: -807.528 (-1015.371)	KLD: 8.904 (144.314)	Grad: 10.321
[Epoch  23 (80.17s)]	ELBO: -938.142 (-1109.435)	Log prob: -796.753 (-966.944)	KLD: 8.398 (142.491)	Grad: 9.158
[Epoch  24 (79.51s)]	ELBO: -920.943 (-1150.872)	Log prob: -779.348 (-1010.885)	KLD: 7.953 (139.987)	Grad: 8.185
[Epoch  25 (79.72s)]	ELBO: -911.158 (-1109.669)	Log prob: -770.350 (-970.625)	KLD: 7.604 (139.045)	Grad: 7.307
Best epoch(s): [24, 22, 23, 22, 24, 24, 25, 22, 25, 23, 4, 25, 24, 25, 24, 23]	Training time(s): 301.73s, 457.11s, 604.60s, 718.00s, 893.21s, 1002.59s, 1180.64s, 1328.05s, 1481.66s, 1621.92s, 930.87s, 1998.64s, 2127.22s, 2265.69s, 2464.69s, 2429.80s (21806.42s)	Best ELBO: -911.158 (-1109.435)	Best log prob: -770.350 (-966.944)
Avg. mu: -1.657, -0.255, -0.273, -0.033, -0.072, -0.069, -0.120, -0.042, 0.102, 0.197, 0.392, -0.077, -0.106, -0.069, -0.163, -0.120, -0.210, 0.054, -0.009, 0.006, 0.085, -0.060, 0.109, 0.018, -0.493, -0.184, -0.008, -0.187, -0.237, -0.409, -0.244, -0.417, -0.160, -0.257, -0.649, -0.062, 0.164, 0.582, -0.101, -0.157, -0.031, 0.208, 0.135, 0.363, 0.701, 0.038, 0.230, 0.077, 0.208, -0.223, 0.477, 0.181, 0.780, -0.961, -1.113, 0.148, 0.097, 0.372, 0.186, 0.728, 0.029, 0.216, 0.188, 0.314
Avg. var: 8.220, 0.041, 19.155, 230246032867328.000, 3.996, 2.213, 4.540, 8.664, 2175.725, 0.857, 6067.005, 0.401, 113.950, 37.810, 188.794, 32.230, 12.860, 2.776, 664.423, 13.485, 16.063, 31.294, 4.003, 13.335, 38.327, 247.560, 51.769, 2014.589, 297.264, 15900.669, 25498.902, 9390.065, 0.379, 0.679, 0.132, 10911.135, 0.761, 0.065, 0.751, 0.654, 0.564, 0.532, 0.598, 0.427, 0.368, 1.005, 0.375, 0.685, 0.778, 0.632, 0.260, 0.650, 0.323, 0.285, 0.246, 0.555, 0.015, 0.022, 0.546, 0.022, 0.025, 0.002, 0.031, 0.004
Max. mu: 33.480, 34.654, 23.051, 18.987, 6.221, 22.287, 5.107, 5.917, 3.818, 9.459, 11.783, 28.060, 31.063, 7.473, 13.331, 6.443, 38.853, 19.179, 23.368, 8.006, 14.222, 11.487, 3.684, 7.391, 11.367, 12.846, 15.938, 7.988, 6.065, 4.644, 27.172, 3.953, 17.742, 5.631, 3.303, 4.946, 28.885, 43.883, 7.863, 7.106, 7.783, 21.049, 8.376, 22.907, 20.836, 6.952, 9.360, 12.891, 5.255, 1.459, 6.050, 11.661, 8.626, 0.154, 0.745, 4.819, 1.736, 6.028, 8.110, 20.439, 1.042, 0.915, 0.636, 3.757
Max. var: 82202.055, 407.878, 191541.156, 2302460361690841088.000, 39929.000, 22129.553, 45392.301, 86337.492, 21756558.000, 8563.853, 60667312.000, 3994.951, 1139341.500, 372575.000, 1887672.750, 322258.500, 128549.281, 27453.297, 6643714.500, 134707.312, 160164.297, 310590.531, 24069.650, 92229.867, 383248.781, 2458036.250, 433939.938, 20145798.000, 2972593.500, 159003632.000, 251572240.000, 93893680.000, 1.013, 1.555, 0.748, 109110288.000, 2.111, 0.311, 1.118, 1.714, 2.047, 0.912, 0.931, 1.883, 1761.343, 3.995, 23.442, 3.440, 2.609, 1.178, 136.668, 11.886, 65.379, 3.723, 581.233, 1.791, 32.655, 80.276, 5159.601, 4.126, 0.124, 0.126, 0.146, 1.494
Min. mu: -4.247, -4.317, -4.191, -2.431, -11.798, -4.395, -19.932, -17.717, -14.609, -6.211, -16.207, -26.271, -14.666, -10.393, -6.640, -20.712, -7.468, -13.135, -4.412, -14.157, -3.560, -3.909, -7.484, -31.645, -9.974, -11.111, -16.299, -43.599, -85.960, -22.388, -14.756, -36.109, -2.769, -17.422, -51.644, -19.924, -7.363, -8.073, -4.787, -25.757, -16.149, -5.038, -14.770, -4.444, -0.306, -2.062, -11.084, -3.084, -4.122, -16.241, -3.328, -6.121, -2.563, -10.808, -4.266, -6.871, -9.079, -0.756, -12.063, -0.512, -1.564, -1.573, -5.111, -1.178
Min. var: 0.000, 0.000, 0.000, 0.000, 0.000, 0.000, 0.000, 0.000, 0.000, 0.000, 0.000, 0.000, 0.000, 0.000, 0.000, 0.000, 0.000, 0.000, 0.000, 0.000, 0.000, 0.000, 0.000, 0.000, 0.000, 0.000, 0.000, 0.000, 0.000, 0.000, 0.000, 0.000, 0.000, 0.000, 0.000, 0.000, 0.000, 0.000, 0.000, 0.000, 0.000, 0.000, 0.000, 0.000, 0.000, 0.031, 0.000, 0.000, 0.049, 0.017, 0.011, 0.001, 0.001, 0.016, 0.021, 0.002, 0.000, 0.000, 0.000, 0.000, 0.000, 0.000, 0.000, 0.000
Cov. mu:
[[0.779 -0.064 -0.047 ... -0.001 -0.043 0.006]
 [-0.064 1.340 0.117 ... 0.009 -0.017 0.013]
 [-0.047 0.117 1.155 ... -0.006 -0.013 0.009]
 ...
 [-0.001 0.009 -0.006 ... 0.002 0.001 -0.001]
 [-0.043 -0.017 -0.013 ... 0.001 0.009 -0.004]
 [0.006 0.013 0.009 ... -0.001 -0.004 0.010]]
