Encoder
=================================================================
Layer (type:depth-idx)                   Param #
=================================================================
Encoder                                  --
├─Linear: 1-1                            76,930
├─Linear: 1-2                            9,702
=================================================================
Total params: 86,632
Trainable params: 86,632
Non-trainable params: 0
=================================================================
Encoder to Latents 0
=================================================================
Layer (type:depth-idx)                   Param #
=================================================================
EncoderToLatents                         --
├─Linear: 1-1                            99
├─Linear: 1-2                            99
=================================================================
Total params: 198
Trainable params: 198
Non-trainable params: 0
=================================================================
Encoder to Latents 1
=================================================================
Layer (type:depth-idx)                   Param #
=================================================================
EncoderToLatents                         --
├─Linear: 1-1                            99
├─Linear: 1-2                            99
=================================================================
Total params: 198
Trainable params: 198
Non-trainable params: 0
=================================================================
Latents to Decoder 0
=================================================================
Layer (type:depth-idx)                   Param #
=================================================================
LatentsToDecoder                         --
├─Linear: 1-1                            196
=================================================================
Total params: 196
Trainable params: 196
Non-trainable params: 0
=================================================================
Latents to Decoder 1
=================================================================
Layer (type:depth-idx)                   Param #
=================================================================
LatentsToDecoder                         --
├─Linear: 1-1                            196
=================================================================
Total params: 196
Trainable params: 196
Non-trainable params: 0
=================================================================
Decoder
=================================================================
Layer (type:depth-idx)                   Param #
=================================================================
Decoder                                  --
├─Linear: 1-1                            9,702
├─Linear: 1-2                            77,616
=================================================================
Total params: 87,318
Trainable params: 87,318
Non-trainable params: 0
=================================================================
[Epoch   1 (14.36s)]	ELBO: 130.759, 188.208 (556.432)	Log prob: 130.808, 188.307 (556.519)	KLD: 0.049, 0.051 (0.086)	Grad: 2550.618, 4411.469
[Epoch   2 (15.71s)]	ELBO: 618.663, 845.224 (1076.064)	Log prob: 618.714, 845.312 (1076.154)	KLD: 0.052, 0.037 (0.090)	Grad: 13096.991, 9093.277
[Epoch   3 (15.94s)]	ELBO: 889.444, 1044.564 (1104.897)	Log prob: 889.497, 1044.645 (1104.962)	KLD: 0.053, 0.028 (0.065)	Grad: 45026.699, 7081.954
[Epoch   4 (17.23s)]	ELBO: 1023.927, 835.775 (1154.472)	Log prob: 1023.965, 835.838 (1154.519)	KLD: 0.038, 0.024 (0.047)	Grad: 51977.941, 494168.449
[Epoch   5 (15.94s)]	ELBO: 1067.606, 1109.669 (1237.940)	Log prob: 1067.636, 1109.719 (1237.989)	KLD: 0.030, 0.020 (0.050)	Grad: 253715.629, 14813.408
[Epoch   6 (16.60s)]	ELBO: 1214.499, 1051.285 (944.450)	Log prob: 1214.521, 1051.316 (944.482)	KLD: 0.021, 0.010 (0.032)	Grad: 5667.579, 3243082.671
[Epoch   7 (16.16s)]	ELBO: 1249.486, 1246.246 (1278.289)	Log prob: 1249.504, 1246.280 (1278.349)	KLD: 0.018, 0.016 (0.059)	Grad: 5769.893, 14052.702
[Epoch   8 (16.71s)]	ELBO: 1286.247, 1280.144 (1295.571)	Log prob: 1286.255, 1280.213 (1295.662)	KLD: 0.009, 0.060 (0.090)	Grad: 2390.853, 4388.551
[Epoch   9 (17.99s)]	ELBO: 1306.804, 1304.032 (1306.436)	Log prob: 1306.865, 1304.166 (1306.616)	KLD: 0.062, 0.072 (0.180)	Grad: 2241.182, 5513.897
[Epoch  10 (18.89s)]	ELBO: 1317.444, 1311.697 (1307.988)	Log prob: 1317.495, 1311.912 (1308.419)	KLD: 0.051, 0.163 (0.432)	Grad: 976.578, 427.555
[Epoch  11 (19.31s)]	ELBO: 1320.266, 1314.359 (1311.327)	Log prob: 1320.298, 1314.745 (1311.856)	KLD: 0.032, 0.355 (0.529)	Grad: 3629.374, 1107.865
[Epoch  12 (18.16s)]	ELBO: 1326.073, 1274.753 (1314.058)	Log prob: 1326.120, 1275.266 (1314.636)	KLD: 0.047, 0.465 (0.578)	Grad: 441.198, 1120955.763
[Epoch  13 (17.16s)]	ELBO: 1327.033, 1315.643 (1327.398)	Log prob: 1327.135, 1316.351 (1328.344)	KLD: 0.102, 0.606 (0.946)	Grad: 1685.167, 26571.021
[Epoch  14 (17.83s)]	ELBO: 1328.113, 1327.204 (1319.002)	Log prob: 1328.425, 1328.600 (1320.429)	KLD: 0.312, 1.084 (1.427)	Grad: 2130.734, 2934.253
[Epoch  15 (17.36s)]	ELBO: 1328.142, 1334.704 (1342.745)	Log prob: 1328.333, 1336.255 (1344.497)	KLD: 0.192, 1.359 (1.752)	Grad: 1536.823, 331.664
[Epoch  16 (17.34s)]	ELBO: 1328.177, 1345.106 (1353.496)	Log prob: 1328.397, 1347.117 (1355.817)	KLD: 0.219, 1.792 (2.321)	Grad: 1444.720, 783.532
[Epoch  17 (17.26s)]	ELBO: 1329.228, 1349.490 (1357.763)	Log prob: 1329.528, 1352.135 (1360.744)	KLD: 0.299, 2.345 (2.981)	Grad: 8396.207, 603.089
[Epoch  18 (17.22s)]	ELBO: 1336.382, 1348.986 (1369.466)	Log prob: 1336.869, 1352.217 (1372.992)	KLD: 0.487, 2.744 (3.526)	Grad: 3361.001, 92.569
[Epoch  19 (17.34s)]	ELBO: 1362.484, 1373.770 (1376.205)	Log prob: 1363.342, 1377.343 (1379.921)	KLD: 0.858, 2.716 (3.716)	Grad: 3.589, 0.389
[Epoch  20 (17.68s)]	ELBO: 1370.045, 1340.363 (1347.513)	Log prob: 1371.821, 1344.602 (1351.955)	KLD: 1.776, 2.461 (4.442)	Grad: 6.998, 23878.125
[Epoch  21 (17.54s)]	ELBO: 1376.322, 1317.109 (1370.732)	Log prob: 1378.763, 1321.782 (1375.714)	KLD: 2.441, 2.231 (4.982)	Grad: 11.013, 3495140.460
[Epoch  22 (17.58s)]	ELBO: 1382.455, 1362.836 (1377.604)	Log prob: 1385.541, 1368.107 (1382.912)	KLD: 3.087, 2.184 (5.309)	Grad: 18.003, 449801.667
[Epoch  23 (17.12s)]	ELBO: 1385.579, 1381.451 (1383.712)	Log prob: 1388.837, 1386.786 (1389.528)	KLD: 3.258, 2.077 (5.816)	Grad: 18.049, 1468.287
[Epoch  24 (17.38s)]	ELBO: 1389.270, 1386.583 (1386.406)	Log prob: 1392.749, 1392.062 (1391.814)	KLD: 3.480, 1.999 (5.408)	Grad: 17.569, 800.573
[Epoch  25 (18.76s)]	ELBO: 1392.304, 1388.774 (1388.666)	Log prob: 1395.992, 1394.171 (1394.246)	KLD: 3.689, 1.707 (5.580)	Grad: 22.415, 4304.792
[Epoch  26 (17.93s)]	ELBO: 1394.116, 1392.571 (1394.292)	Log prob: 1397.884, 1398.122 (1400.059)	KLD: 3.768, 1.784 (5.766)	Grad: 28.946, 384.323
[Epoch  27 (17.85s)]	ELBO: 1396.323, 1394.218 (1390.552)	Log prob: 1400.246, 1399.772 (1395.844)	KLD: 3.923, 1.631 (5.292)	Grad: 37.958, 6910.633
[Epoch  28 (17.27s)]	ELBO: 1400.136, 1399.372 (1402.478)	Log prob: 1404.345, 1404.980 (1408.243)	KLD: 4.210, 1.397 (5.765)	Grad: 51.419, 458.995
[Epoch  29 (17.45s)]	ELBO: 1403.724, 1403.074 (1395.635)	Log prob: 1408.092, 1408.573 (1401.296)	KLD: 4.367, 1.132 (5.661)	Grad: 55.020, 141.161
[Epoch  30 (17.84s)]	ELBO: 1406.259, 1405.218 (1405.075)	Log prob: 1410.618, 1410.770 (1410.619)	KLD: 4.359, 1.193 (5.544)	Grad: 67.850, 169.873
[Epoch  31 (17.66s)]	ELBO: 1408.528, 1406.085 (1410.179)	Log prob: 1412.869, 1411.333 (1415.610)	KLD: 4.341, 0.907 (5.431)	Grad: 83.224, 6913.185
[Epoch  32 (19.63s)]	ELBO: 1409.543, 1403.878 (1401.461)	Log prob: 1413.916, 1409.277 (1407.250)	KLD: 4.373, 1.025 (5.789)	Grad: 148.158, 112941.887
[Epoch  33 (19.60s)]	ELBO: 1413.187, 1411.665 (1412.540)	Log prob: 1417.505, 1417.016 (1417.906)	KLD: 4.318, 1.033 (5.366)	Grad: 109.336, 74.806
[Epoch  34 (19.22s)]	ELBO: 1414.019, 1412.589 (1415.554)	Log prob: 1418.283, 1417.933 (1420.808)	KLD: 4.264, 1.080 (5.254)	Grad: 126.500, 188.468
[Epoch  35 (19.14s)]	ELBO: 1417.396, 1416.149 (1416.323)	Log prob: 1421.625, 1421.346 (1421.613)	KLD: 4.230, 0.968 (5.290)	Grad: 93.868, 47.466
[Epoch  36 (18.95s)]	ELBO: 1419.483, 1415.328 (1415.922)	Log prob: 1423.721, 1420.354 (1420.570)	KLD: 4.238, 0.789 (4.648)	Grad: 80.344, 83742.170
[Epoch  37 (19.56s)]	ELBO: 1418.687, 1407.859 (1414.930)	Log prob: 1422.914, 1412.465 (1419.483)	KLD: 4.227, 0.379 (4.553)	Grad: 124.054, 95380.786
[Epoch  38 (19.41s)]	ELBO: 1421.052, 1418.405 (1419.626)	Log prob: 1425.262, 1422.927 (1424.327)	KLD: 4.210, 0.314 (4.701)	Grad: 104.079, 1828.901
[Epoch  39 (18.33s)]	ELBO: 1418.510, 1417.171 (1365.672)	Log prob: 1422.728, 1421.862 (1370.646)	KLD: 4.218, 0.473 (4.973)	Grad: 272.880, 540.180
[Epoch  40 (18.20s)]	ELBO: 1418.883, 1417.631 (1417.777)	Log prob: 1423.125, 1422.444 (1422.562)	KLD: 4.240, 0.574 (4.786)	Grad: 251.909, 930.679
[Epoch  41 (18.13s)]	ELBO: 1420.585, 1418.817 (1420.552)	Log prob: 1424.773, 1423.529 (1425.462)	KLD: 4.188, 0.524 (4.910)	Grad: 201.347, 8473.264
[Epoch  42 (19.31s)]	ELBO: 1424.252, 1423.434 (1424.724)	Log prob: 1428.438, 1428.228 (1429.646)	KLD: 4.185, 0.609 (4.922)	Grad: 128.642, 235.694
[Epoch  43 (19.33s)]	ELBO: 1423.706, 1422.696 (1424.365)	Log prob: 1427.955, 1427.620 (1429.206)	KLD: 4.249, 0.676 (4.841)	Grad: 172.311, 467.888
[Epoch  44 (18.23s)]	ELBO: 1416.203, 1415.438 (1422.425)	Log prob: 1420.453, 1420.319 (1427.364)	KLD: 4.250, 0.632 (4.940)	Grad: 414.695, 2400.326
[Epoch  45 (17.86s)]	ELBO: 1426.415, 1425.706 (1425.660)	Log prob: 1430.658, 1430.734 (1430.767)	KLD: 4.243, 0.785 (5.107)	Grad: 122.792, 192.776
[Epoch  46 (19.35s)]	ELBO: 1425.582, 1424.751 (1427.781)	Log prob: 1429.832, 1429.816 (1432.707)	KLD: 4.251, 0.814 (4.926)	Grad: 152.766, 679.033
[Epoch  47 (16.99s)]	ELBO: 1428.683, 1427.181 (1423.921)	Log prob: 1432.829, 1432.042 (1428.624)	KLD: 4.145, 0.716 (4.703)	Grad: 100.305, 48474.529
[Epoch  48 (16.36s)]	ELBO: 1429.839, 1428.713 (1430.431)	Log prob: 1433.973, 1433.489 (1435.212)	KLD: 4.134, 0.641 (4.780)	Grad: 99.293, 2244.183
[Epoch  49 (15.15s)]	ELBO: 1429.957, 1428.937 (1429.313)	Log prob: 1434.097, 1433.620 (1433.907)	KLD: 4.140, 0.543 (4.594)	Grad: 113.890, 679.336
[Epoch  50 (12.99s)]	ELBO: 1432.961, 1428.647 (1427.199)	Log prob: 1437.144, 1433.194 (1431.692)	KLD: 4.184, 0.363 (4.493)	Grad: 62.171, 64260.124
Best epoch(s): [48]	Training time(s): 882.32s (882.32s)	Best ELBO: 1428.937 (1430.431)	Best log prob: 1433.620 (1435.212)
Avg. z: 13.536, 0.489
Max. z: 209.731, 893.701
Min. z: -32.837, -4701.803
Cov. z:
[[945.908 7.709]
 [7.709 2798.106]]
