Encoder
=================================================================
Layer (type:depth-idx)                   Param #
=================================================================
Encoder                                  --
├─Linear: 1-1                            31,400
├─Linear: 1-2                            1,640
=================================================================
Total params: 33,040
Trainable params: 33,040
Non-trainable params: 0
=================================================================
Encoder to Latents 0
=================================================================
Layer (type:depth-idx)                   Param #
=================================================================
EncoderToLatents                         --
├─Linear: 1-1                            41
├─Linear: 1-2                            41
=================================================================
Total params: 82
Trainable params: 82
Non-trainable params: 0
=================================================================
Encoder to Latents 1
=================================================================
Layer (type:depth-idx)                   Param #
=================================================================
EncoderToLatents                         --
├─Linear: 1-1                            41
├─Linear: 1-2                            41
=================================================================
Total params: 82
Trainable params: 82
Non-trainable params: 0
=================================================================
Encoder to Latents 2
=================================================================
Layer (type:depth-idx)                   Param #
=================================================================
EncoderToLatents                         --
├─Linear: 1-1                            41
├─Linear: 1-2                            41
=================================================================
Total params: 82
Trainable params: 82
Non-trainable params: 0
=================================================================
Encoder to Latents 3
=================================================================
Layer (type:depth-idx)                   Param #
=================================================================
EncoderToLatents                         --
├─Linear: 1-1                            41
├─Linear: 1-2                            41
=================================================================
Total params: 82
Trainable params: 82
Non-trainable params: 0
=================================================================
Encoder to Latents 4
=================================================================
Layer (type:depth-idx)                   Param #
=================================================================
EncoderToLatents                         --
├─Linear: 1-1                            41
├─Linear: 1-2                            41
=================================================================
Total params: 82
Trainable params: 82
Non-trainable params: 0
=================================================================
Encoder to Latents 5
=================================================================
Layer (type:depth-idx)                   Param #
=================================================================
EncoderToLatents                         --
├─Linear: 1-1                            41
├─Linear: 1-2                            41
=================================================================
Total params: 82
Trainable params: 82
Non-trainable params: 0
=================================================================
Encoder to Latents 6
=================================================================
Layer (type:depth-idx)                   Param #
=================================================================
EncoderToLatents                         --
├─Linear: 1-1                            41
├─Linear: 1-2                            41
=================================================================
Total params: 82
Trainable params: 82
Non-trainable params: 0
=================================================================
Encoder to Latents 7
=================================================================
Layer (type:depth-idx)                   Param #
=================================================================
EncoderToLatents                         --
├─Linear: 1-1                            41
├─Linear: 1-2                            41
=================================================================
Total params: 82
Trainable params: 82
Non-trainable params: 0
=================================================================
Encoder to Latents 8
=================================================================
Layer (type:depth-idx)                   Param #
=================================================================
EncoderToLatents                         --
├─Linear: 1-1                            41
├─Linear: 1-2                            41
=================================================================
Total params: 82
Trainable params: 82
Non-trainable params: 0
=================================================================
Encoder to Latents 9
=================================================================
Layer (type:depth-idx)                   Param #
=================================================================
EncoderToLatents                         --
├─Linear: 1-1                            41
├─Linear: 1-2                            41
=================================================================
Total params: 82
Trainable params: 82
Non-trainable params: 0
=================================================================
Latents to Latents
=================================================================
Layer (type:depth-idx)                   Param #
=================================================================
LatentsToLatents                         --
├─Linear: 1-1                            20
├─Linear: 1-2                            5
├─Linear: 1-3                            5
=================================================================
Total params: 30
Trainable params: 30
Non-trainable params: 0
=================================================================
Latents to Decoder 0
=================================================================
Layer (type:depth-idx)                   Param #
=================================================================
LatentsToDecoder                         --
├─Linear: 1-1                            80
=================================================================
Total params: 80
Trainable params: 80
Non-trainable params: 0
=================================================================
Latents to Decoder 1
=================================================================
Layer (type:depth-idx)                   Param #
=================================================================
LatentsToDecoder                         --
├─Linear: 1-1                            80
=================================================================
Total params: 80
Trainable params: 80
Non-trainable params: 0
=================================================================
Latents to Decoder 2
=================================================================
Layer (type:depth-idx)                   Param #
=================================================================
LatentsToDecoder                         --
├─Linear: 1-1                            80
=================================================================
Total params: 80
Trainable params: 80
Non-trainable params: 0
=================================================================
Latents to Decoder 3
=================================================================
Layer (type:depth-idx)                   Param #
=================================================================
LatentsToDecoder                         --
├─Linear: 1-1                            80
=================================================================
Total params: 80
Trainable params: 80
Non-trainable params: 0
=================================================================
Latents to Decoder 4
=================================================================
Layer (type:depth-idx)                   Param #
=================================================================
LatentsToDecoder                         --
├─Linear: 1-1                            80
=================================================================
Total params: 80
Trainable params: 80
Non-trainable params: 0
=================================================================
Latents to Decoder 5
=================================================================
Layer (type:depth-idx)                   Param #
=================================================================
LatentsToDecoder                         --
├─Linear: 1-1                            80
=================================================================
Total params: 80
Trainable params: 80
Non-trainable params: 0
=================================================================
Latents to Decoder 6
=================================================================
Layer (type:depth-idx)                   Param #
=================================================================
LatentsToDecoder                         --
├─Linear: 1-1                            80
=================================================================
Total params: 80
Trainable params: 80
Non-trainable params: 0
=================================================================
Latents to Decoder 7
=================================================================
Layer (type:depth-idx)                   Param #
=================================================================
LatentsToDecoder                         --
├─Linear: 1-1                            80
=================================================================
Total params: 80
Trainable params: 80
Non-trainable params: 0
=================================================================
Latents to Decoder 8
=================================================================
Layer (type:depth-idx)                   Param #
=================================================================
LatentsToDecoder                         --
├─Linear: 1-1                            80
=================================================================
Total params: 80
Trainable params: 80
Non-trainable params: 0
=================================================================
Latents to Decoder 9
=================================================================
Layer (type:depth-idx)                   Param #
=================================================================
LatentsToDecoder                         --
├─Linear: 1-1                            80
=================================================================
Total params: 80
Trainable params: 80
Non-trainable params: 0
=================================================================
Decoder
=================================================================
Layer (type:depth-idx)                   Param #
=================================================================
Decoder                                  --
├─Linear: 1-1                            1,640
├─Linear: 1-2                            32,144
=================================================================
Total params: 33,784
Trainable params: 33,784
Non-trainable params: 0
=================================================================
[Epoch   1 (50.68s)]	ELBO: 1150.834, 1207.887, 1232.399, 1243.447, 1247.199, 1250.368, 1251.125, 1250.668, 1248.053, 1246.507 (1381.145)	Log prob: 1161.827, 1221.582, 1247.042, 1259.043, 1263.277, 1267.014, 1268.251, 1268.312, 1266.085, 1265.218 (1396.019)	KLD: 10.993, 2.702, 0.948, 0.953, 0.482, 0.568, 0.479, 0.519, 0.388, 0.680 (14.874)	Grad: 23.686, 4.460, 1.676, 1.357, 0.918, 0.728, 0.482, 0.478, 0.491, 0.505
[Epoch   2 (46.45s)]	ELBO: 1337.048, 1391.039, 1399.408, 1401.035, 1401.056, 1400.322, 1399.844, 1399.039, 1398.068, 1397.127 (1427.110)	Log prob: 1342.004, 1398.877, 1408.674, 1411.171, 1411.778, 1411.970, 1412.040, 1411.865, 1411.038, 1410.755 (1441.231)	KLD: 4.955, 2.881, 1.428, 0.871, 0.586, 0.925, 0.547, 0.631, 0.145, 0.657 (14.120)	Grad: 14.162, 1.338, 0.531, 0.312, 0.333, 0.627, 0.252, 0.234, 0.165, 0.309
[Epoch   3 (49.05s)]	ELBO: 1351.849, 1402.705, 1447.802, 1451.136, 1451.140, 1451.327, 1451.147, 1450.872, 1450.764, 1450.308 (1469.884)	Log prob: 1356.059, 1409.985, 1457.841, 1462.345, 1462.740, 1463.821, 1463.985, 1463.977, 1464.246, 1464.224 (1484.352)	KLD: 4.210, 3.069, 2.759, 1.170, 0.393, 0.893, 0.344, 0.267, 0.378, 0.432 (14.468)	Grad: 16.049, 1.147, 1.686, 0.484, 0.286, 0.513, 0.254, 0.238, 0.286, 0.298
[Epoch   4 (47.99s)]	ELBO: 1366.980, 1423.688, 1481.725, 1483.512, 1485.833, 1488.592, 1489.036, 1488.954, 1488.886, 1488.550 (1511.351)	Log prob: 1371.248, 1431.258, 1492.402, 1495.102, 1498.093, 1502.050, 1503.007, 1503.163, 1503.666, 1503.720 (1527.082)	KLD: 4.268, 3.302, 3.107, 0.912, 0.670, 1.199, 0.512, 0.239, 0.570, 0.390 (15.731)	Grad: 13.407, 1.812, 2.236, 0.589, 0.460, 0.667, 0.317, 0.279, 0.406, 0.348
[Epoch   5 (43.21s)]	ELBO: 1378.315, 1438.391, 1500.785, 1511.803, 1532.449, 1536.827, 1537.681, 1537.837, 1537.722, 1537.451 (1564.084)	Log prob: 1382.395, 1445.742, 1511.327, 1523.676, 1546.277, 1552.157, 1553.582, 1554.093, 1554.217, 1554.153 (1581.628)	KLD: 4.078, 3.273, 3.191, 1.331, 1.954, 1.502, 0.572, 0.355, 0.239, 0.208 (17.545)	Grad: 8.850, 3.286, 3.053, 1.694, 0.958, 0.924, 0.416, 0.342, 0.326, 0.328
[Epoch   6 (43.60s)]	ELBO: 1383.308, 1446.771, 1512.415, 1540.363, 1571.271, 1577.260, 1577.918, 1578.631, 1578.539, 1578.437 (1592.419)	Log prob: 1387.125, 1453.827, 1522.625, 1552.814, 1585.943, 1593.426, 1594.631, 1595.884, 1595.898, 1595.895 (1609.701)	KLD: 3.817, 3.238, 3.156, 2.240, 2.221, 1.495, 0.546, 0.540, 0.105, 0.101 (17.282)	Grad: 8.307, 4.206, 3.094, 1.860, 1.399, 1.209, 0.607, 0.488, 0.285, 0.312
[Epoch   7 (44.72s)]	ELBO: 1388.811, 1455.713, 1523.857, 1554.379, 1586.533, 1599.729, 1600.038, 1600.050, 1600.039, 1599.943 (1608.724)	Log prob: 1392.401, 1462.511, 1533.675, 1566.555, 1600.937, 1615.800, 1616.508, 1616.999, 1617.048, 1617.014 (1625.474)	KLD: 3.590, 3.209, 3.018, 2.357, 2.229, 1.667, 0.401, 0.476, 0.061, 0.062 (16.751)	Grad: 8.070, 4.684, 3.314, 1.550, 1.530, 1.349, 0.452, 0.441, 0.270, 0.286
[Epoch   8 (41.79s)]	ELBO: 1393.597, 1461.527, 1532.271, 1563.368, 1595.573, 1613.267, 1613.958, 1613.794, 1613.950, 1613.849 (1619.046)	Log prob: 1397.199, 1468.334, 1542.058, 1575.481, 1609.913, 1629.402, 1630.498, 1630.578, 1630.840, 1630.791 (1635.975)	KLD: 3.601, 3.205, 2.982, 2.326, 2.227, 1.795, 0.405, 0.244, 0.105, 0.052 (16.930)	Grad: 8.256, 5.026, 3.497, 1.604, 1.589, 1.470, 0.424, 0.353, 0.288, 0.285
[Epoch   9 (41.62s)]	ELBO: 1397.193, 1465.472, 1538.853, 1570.736, 1602.497, 1622.274, 1625.027, 1625.022, 1625.281, 1625.242 (1630.647)	Log prob: 1400.806, 1472.285, 1548.629, 1582.835, 1616.811, 1638.460, 1642.080, 1642.218, 1642.718, 1642.745 (1648.692)	KLD: 3.614, 3.199, 2.964, 2.323, 2.214, 1.872, 0.867, 0.143, 0.242, 0.064 (18.045)	Grad: 8.180, 4.963, 3.778, 1.643, 1.516, 1.564, 0.547, 0.344, 0.386, 0.299
[Epoch  10 (41.17s)]	ELBO: 1399.524, 1467.993, 1543.949, 1576.303, 1607.884, 1628.720, 1634.745, 1634.969, 1635.830, 1635.772 (1640.180)	Log prob: 1403.104, 1474.783, 1553.684, 1588.356, 1622.147, 1644.882, 1652.265, 1652.656, 1654.031, 1654.042 (1658.668)	KLD: 3.581, 3.211, 2.944, 2.318, 2.209, 1.900, 1.358, 0.168, 0.513, 0.071 (18.488)	Grad: 8.733, 4.710, 3.895, 1.651, 1.773, 1.502, 0.651, 0.369, 0.514, 0.314
[Epoch  11 (41.47s)]	ELBO: 1401.131, 1469.925, 1548.288, 1580.751, 1612.058, 1633.596, 1641.280, 1642.208, 1643.554, 1643.548 (1646.868)	Log prob: 1404.663, 1476.693, 1557.996, 1592.773, 1626.282, 1649.740, 1658.885, 1660.196, 1662.271, 1662.342 (1666.030)	KLD: 3.534, 3.235, 2.940, 2.313, 2.203, 1.921, 1.461, 0.383, 0.730, 0.076 (19.161)	Grad: 9.151, 4.906, 4.082, 1.860, 1.632, 1.492, 0.752, 0.432, 0.604, 0.300
[Epoch  12 (41.08s)]	ELBO: 1402.454, 1471.324, 1551.944, 1584.654, 1615.485, 1637.406, 1645.961, 1648.070, 1649.528, 1649.532 (1652.697)	Log prob: 1405.954, 1478.089, 1561.651, 1596.676, 1629.703, 1653.572, 1663.634, 1666.431, 1668.665, 1668.749 (1672.045)	KLD: 3.501, 3.263, 2.943, 2.315, 2.197, 1.947, 1.507, 0.688, 0.776, 0.080 (19.347)	Grad: 9.260, 5.398, 3.852, 1.871, 1.879, 1.580, 0.763, 0.501, 0.587, 0.305
[Epoch  13 (41.36s)]	ELBO: 1403.425, 1472.817, 1555.130, 1587.912, 1618.370, 1640.610, 1649.757, 1653.028, 1654.669, 1654.688 (1658.238)	Log prob: 1406.901, 1479.580, 1564.843, 1599.934, 1632.582, 1656.774, 1667.465, 1671.628, 1674.062, 1674.165 (1677.861)	KLD: 3.477, 3.286, 2.948, 2.310, 2.189, 1.953, 1.543, 0.893, 0.793, 0.083 (19.623)	Grad: 9.262, 5.390, 3.896, 1.930, 1.878, 1.450, 0.837, 0.573, 0.591, 0.303
[Epoch  14 (41.31s)]	ELBO: 1404.236, 1474.065, 1557.926, 1590.985, 1621.042, 1643.524, 1653.258, 1657.830, 1659.809, 1659.888 (1663.192)	Log prob: 1407.696, 1480.830, 1567.662, 1603.030, 1635.269, 1659.728, 1671.031, 1676.701, 1679.553, 1679.722 (1682.862)	KLD: 3.460, 3.306, 2.971, 2.309, 2.181, 1.976, 1.570, 1.098, 0.872, 0.091 (19.670)	Grad: 9.324, 5.968, 3.981, 1.986, 2.019, 1.528, 0.866, 0.688, 0.636, 0.297
[Epoch  15 (43.08s)]	ELBO: 1405.099, 1475.372, 1560.415, 1593.598, 1623.203, 1645.998, 1656.220, 1661.850, 1664.440, 1664.411 (1667.623)	Log prob: 1408.537, 1482.136, 1570.157, 1605.652, 1637.429, 1662.207, 1674.009, 1680.905, 1684.457, 1684.511 (1687.698)	KLD: 3.439, 3.325, 2.979, 2.311, 2.172, 1.984, 1.580, 1.267, 0.960, 0.084 (20.074)	Grad: 9.511, 6.439, 4.128, 1.959, 1.884, 1.471, 0.994, 0.816, 0.686, 0.291
[Epoch  16 (45.06s)]	ELBO: 1405.757, 1476.424, 1562.640, 1595.994, 1625.154, 1648.209, 1659.019, 1665.559, 1668.339, 1668.338 (1669.967)	Log prob: 1409.177, 1483.171, 1572.369, 1608.026, 1639.351, 1664.405, 1676.805, 1684.725, 1688.517, 1688.581 (1689.948)	KLD: 3.422, 3.326, 2.982, 2.302, 2.164, 1.999, 1.591, 1.381, 1.013, 0.064 (19.981)	Grad: 9.727, 6.584, 4.385, 1.976, 1.943, 1.456, 0.964, 0.847, 0.682, 0.276
[Epoch  17 (45.54s)]	ELBO: 1406.465, 1477.456, 1564.379, 1598.008, 1626.740, 1650.074, 1661.203, 1668.365, 1671.251, 1671.149 (1672.622)	Log prob: 1409.878, 1484.207, 1574.120, 1610.046, 1640.939, 1666.282, 1679.008, 1687.608, 1691.525, 1691.472 (1692.873)	KLD: 3.414, 3.337, 2.991, 2.296, 2.161, 2.009, 1.599, 1.435, 1.033, 0.047 (20.251)	Grad: 9.433, 6.501, 4.532, 2.006, 1.950, 1.551, 0.981, 0.944, 0.701, 0.266
[Epoch  18 (46.64s)]	ELBO: 1407.161, 1478.101, 1566.127, 1599.713, 1628.102, 1651.751, 1663.260, 1670.683, 1673.615, 1673.559 (1674.773)	Log prob: 1410.564, 1484.852, 1575.870, 1611.750, 1642.293, 1667.954, 1681.073, 1689.944, 1693.924, 1693.900 (1694.758)	KLD: 3.403, 3.346, 2.994, 2.292, 2.156, 2.012, 1.609, 1.450, 1.047, 0.031 (19.985)	Grad: 9.078, 6.728, 4.301, 2.148, 2.003, 1.470, 0.973, 0.936, 0.717, 0.250
[Epoch  19 (47.08s)]	ELBO: 1407.796, 1478.887, 1567.583, 1601.344, 1629.404, 1653.282, 1664.951, 1672.697, 1675.677, 1675.634 (1676.182)	Log prob: 1411.185, 1485.628, 1577.320, 1613.370, 1643.578, 1669.474, 1682.753, 1691.958, 1695.996, 1695.977 (1696.468)	KLD: 3.389, 3.351, 2.998, 2.286, 2.149, 2.018, 1.609, 1.459, 1.058, 0.024 (20.286)	Grad: 8.634, 6.806, 4.553, 1.968, 1.895, 1.427, 1.039, 0.888, 0.700, 0.244
[Epoch  20 (43.99s)]	ELBO: 1408.329, 1479.427, 1568.775, 1602.621, 1630.608, 1654.742, 1666.535, 1674.468, 1677.535, 1677.437 (1678.592)	Log prob: 1411.714, 1486.167, 1578.520, 1614.650, 1644.779, 1670.934, 1684.336, 1693.739, 1697.866, 1697.789 (1698.861)	KLD: 3.385, 3.354, 3.004, 2.287, 2.142, 2.020, 1.609, 1.472, 1.058, 0.020 (20.270)	Grad: 8.586, 6.830, 4.308, 2.035, 1.818, 1.454, 1.092, 0.884, 0.696, 0.242
[Epoch  21 (46.88s)]	ELBO: 1408.594, 1479.812, 1569.835, 1603.776, 1631.547, 1655.979, 1667.807, 1675.838, 1679.005, 1679.039 (1679.687)	Log prob: 1411.976, 1486.553, 1579.577, 1615.804, 1645.712, 1672.175, 1685.614, 1695.123, 1699.366, 1699.418 (1699.889)	KLD: 3.382, 3.358, 3.001, 2.285, 2.138, 2.030, 1.612, 1.480, 1.075, 0.018 (20.202)	Grad: 8.393, 6.833, 4.327, 2.131, 1.885, 1.504, 1.034, 0.948, 0.751, 0.244
[Epoch  22 (45.16s)]	ELBO: 1409.179, 1480.553, 1570.971, 1605.060, 1632.653, 1657.221, 1669.185, 1677.384, 1680.654, 1680.618 (1681.631)	Log prob: 1412.550, 1487.284, 1580.702, 1617.077, 1646.803, 1673.403, 1686.977, 1696.672, 1701.031, 1701.011 (1701.839)	KLD: 3.370, 3.361, 3.001, 2.284, 2.134, 2.033, 1.610, 1.496, 1.088, 0.016 (20.208)	Grad: 8.267, 6.703, 4.511, 2.189, 1.810, 1.498, 1.106, 0.906, 0.715, 0.243
[Epoch  23 (49.71s)]	ELBO: 1409.417, 1480.960, 1571.779, 1606.084, 1633.542, 1658.348, 1670.285, 1678.690, 1682.017, 1682.012 (1682.496)	Log prob: 1412.789, 1487.697, 1581.526, 1618.118, 1647.706, 1674.547, 1688.097, 1697.992, 1702.416, 1702.427 (1703.046)	KLD: 3.372, 3.366, 3.008, 2.288, 2.130, 2.034, 1.614, 1.489, 1.098, 0.016 (20.550)	Grad: 8.165, 6.896, 4.292, 2.126, 1.912, 1.568, 1.109, 0.836, 0.728, 0.234
[Epoch  24 (58.01s)]	ELBO: 1409.785, 1481.575, 1572.792, 1607.119, 1634.472, 1659.417, 1671.407, 1679.958, 1683.433, 1683.469 (1683.762)	Log prob: 1413.149, 1488.311, 1582.536, 1619.153, 1648.631, 1675.615, 1689.217, 1699.265, 1703.852, 1703.908 (1704.250)	KLD: 3.364, 3.372, 3.007, 2.291, 2.125, 2.040, 1.611, 1.496, 1.113, 0.020 (20.488)	Grad: 7.834, 7.057, 4.629, 2.191, 1.877, 1.523, 1.129, 0.899, 0.730, 0.251
[Epoch  25 (53.80s)]	ELBO: 1410.058, 1482.011, 1573.280, 1607.803, 1635.103, 1660.278, 1672.359, 1681.060, 1684.679, 1684.693 (1684.286)	Log prob: 1413.419, 1488.744, 1583.019, 1619.833, 1649.265, 1676.489, 1690.185, 1700.390, 1705.141, 1705.180 (1704.481)	KLD: 3.361, 3.372, 3.006, 2.292, 2.131, 2.049, 1.614, 1.503, 1.135, 0.023 (20.195)	Grad: 7.375, 7.173, 4.615, 2.186, 1.917, 1.548, 1.082, 0.887, 0.697, 0.251
[Epoch  26 (53.26s)]	ELBO: 1410.288, 1482.665, 1573.955, 1608.522, 1635.872, 1661.142, 1673.297, 1682.091, 1685.837, 1685.844 (1686.125)	Log prob: 1413.648, 1489.392, 1583.692, 1620.556, 1650.036, 1677.353, 1691.119, 1701.423, 1706.323, 1706.354 (1706.489)	KLD: 3.360, 3.367, 3.008, 2.298, 2.130, 2.047, 1.610, 1.512, 1.152, 0.025 (20.364)	Grad: 7.463, 6.919, 4.896, 2.431, 1.807, 1.562, 1.078, 0.913, 0.721, 0.267
[Epoch  27 (51.77s)]	ELBO: 1410.508, 1483.025, 1574.538, 1609.273, 1636.665, 1662.078, 1674.218, 1683.116, 1686.992, 1687.005 (1686.223)	Log prob: 1413.859, 1489.749, 1584.272, 1621.309, 1650.824, 1678.289, 1692.046, 1702.458, 1707.500, 1707.544 (1706.590)	KLD: 3.350, 3.374, 3.009, 2.302, 2.124, 2.052, 1.618, 1.513, 1.165, 0.032 (20.366)	Grad: 7.538, 7.061, 4.620, 2.509, 1.819, 1.647, 1.079, 0.859, 0.744, 0.278
[Epoch  28 (51.49s)]	ELBO: 1410.678, 1483.332, 1575.063, 1609.922, 1637.193, 1662.825, 1675.014, 1683.978, 1688.021, 1687.988 (1687.834)	Log prob: 1414.033, 1490.063, 1584.810, 1621.973, 1651.370, 1679.051, 1692.858, 1703.339, 1708.557, 1708.561 (1708.715)	KLD: 3.355, 3.377, 3.015, 2.305, 2.126, 2.050, 1.616, 1.518, 1.174, 0.038 (20.881)	Grad: 7.366, 7.000, 4.536, 2.222, 1.921, 1.572, 1.024, 0.941, 0.736, 0.281
[Epoch  29 (47.68s)]	ELBO: 1411.018, 1483.946, 1575.693, 1610.722, 1637.961, 1663.688, 1675.876, 1684.929, 1689.008, 1689.051 (1689.536)	Log prob: 1414.372, 1490.675, 1585.437, 1622.770, 1652.140, 1679.923, 1693.727, 1704.300, 1709.574, 1709.658 (1709.847)	KLD: 3.353, 3.376, 3.015, 2.305, 2.130, 2.056, 1.617, 1.520, 1.196, 0.041 (20.310)	Grad: 7.210, 6.922, 4.855, 2.217, 1.907, 1.554, 1.014, 0.925, 0.761, 0.287
[Epoch  30 (45.80s)]	ELBO: 1411.252, 1484.275, 1575.993, 1611.199, 1638.595, 1664.373, 1676.694, 1685.805, 1690.051, 1690.038 (1689.631)	Log prob: 1414.603, 1491.008, 1585.738, 1623.258, 1652.782, 1680.611, 1694.554, 1705.189, 1710.633, 1710.663 (1710.289)	KLD: 3.351, 3.381, 3.013, 2.312, 2.129, 2.053, 1.621, 1.523, 1.200, 0.043 (20.657)	Grad: 7.142, 6.983, 4.744, 2.283, 1.804, 1.483, 1.066, 0.921, 0.754, 0.294
[Epoch  31 (46.71s)]	ELBO: 1411.706, 1484.552, 1576.592, 1611.798, 1639.096, 1664.962, 1677.291, 1686.422, 1690.762, 1690.811 (1690.542)	Log prob: 1415.049, 1491.273, 1586.327, 1623.842, 1653.266, 1681.188, 1695.139, 1705.806, 1711.363, 1711.463 (1710.939)	KLD: 3.343, 3.378, 3.014, 2.310, 2.126, 2.054, 1.622, 1.538, 1.217, 0.051 (20.397)	Grad: 7.047, 7.560, 4.849, 2.317, 1.861, 1.616, 1.159, 0.954, 0.777, 0.301
[Epoch  32 (45.27s)]	ELBO: 1412.246, 1485.056, 1576.900, 1612.354, 1639.701, 1665.631, 1677.892, 1687.200, 1691.552, 1691.572 (1691.605)	Log prob: 1415.590, 1491.780, 1586.636, 1624.408, 1653.883, 1681.873, 1695.760, 1706.601, 1712.170, 1712.244 (1712.112)	KLD: 3.344, 3.379, 3.013, 2.318, 2.128, 2.060, 1.627, 1.532, 1.217, 0.054 (20.507)	Grad: 6.826, 7.408, 5.340, 2.378, 1.903, 1.582, 1.063, 0.948, 0.766, 0.298
[Epoch  33 (43.19s)]	ELBO: 1412.665, 1485.284, 1577.298, 1612.897, 1640.279, 1666.358, 1678.635, 1687.960, 1692.399, 1692.447 (1692.108)	Log prob: 1416.016, 1492.014, 1587.046, 1624.965, 1654.478, 1682.612, 1696.515, 1707.387, 1713.053, 1713.166 (1713.020)	KLD: 3.351, 3.379, 3.017, 2.320, 2.130, 2.056, 1.626, 1.545, 1.230, 0.065 (20.911)	Grad: 6.902, 7.290, 5.248, 2.336, 1.872, 1.577, 1.131, 0.897, 0.735, 0.312
[Epoch  34 (43.38s)]	ELBO: 1412.969, 1485.633, 1577.701, 1613.425, 1640.812, 1666.920, 1679.217, 1688.676, 1693.145, 1693.248 (1692.539)	Log prob: 1416.319, 1492.366, 1587.454, 1625.499, 1655.019, 1683.182, 1697.101, 1708.102, 1713.811, 1713.978 (1713.081)	KLD: 3.348, 3.384, 3.020, 2.322, 2.132, 2.056, 1.622, 1.543, 1.239, 0.063 (20.542)	Grad: 6.612, 7.694, 5.221, 2.359, 1.779, 1.492, 1.052, 0.908, 0.772, 0.321
[Epoch  35 (47.63s)]	ELBO: 1413.117, 1485.946, 1577.925, 1613.704, 1641.193, 1667.389, 1679.647, 1689.200, 1693.767, 1693.744 (1693.542)	Log prob: 1416.467, 1492.678, 1587.679, 1625.781, 1655.399, 1683.651, 1697.535, 1708.636, 1714.433, 1714.482 (1714.150)	KLD: 3.349, 3.383, 3.021, 2.324, 2.130, 2.055, 1.626, 1.548, 1.232, 0.070 (20.609)	Grad: 6.536, 7.179, 5.202, 2.414, 1.737, 1.490, 1.015, 0.913, 0.723, 0.315
[Epoch  36 (52.52s)]	ELBO: 1413.425, 1486.263, 1578.346, 1614.420, 1641.815, 1667.923, 1680.315, 1689.884, 1694.585, 1694.570 (1693.874)	Log prob: 1416.770, 1492.993, 1588.100, 1626.496, 1656.022, 1684.186, 1698.219, 1709.341, 1715.282, 1715.337 (1714.652)	KLD: 3.346, 3.384, 3.025, 2.322, 2.131, 2.056, 1.641, 1.552, 1.243, 0.069 (20.778)	Grad: 6.568, 7.269, 5.408, 2.348, 1.939, 1.583, 1.132, 0.915, 0.742, 0.312
[Epoch  37 (50.82s)]	ELBO: 1413.792, 1486.746, 1578.791, 1614.824, 1642.338, 1668.532, 1680.898, 1690.585, 1695.245, 1695.273 (1694.565)	Log prob: 1417.139, 1493.474, 1588.542, 1626.904, 1656.550, 1684.796, 1698.800, 1710.040, 1715.947, 1716.047 (1715.385)	KLD: 3.346, 3.382, 3.025, 2.328, 2.131, 2.054, 1.636, 1.555, 1.248, 0.072 (20.820)	Grad: 6.320, 7.741, 5.688, 2.483, 1.889, 1.615, 1.051, 0.895, 0.799, 0.324
[Epoch  38 (52.87s)]	ELBO: 1413.812, 1487.041, 1578.967, 1615.185, 1642.700, 1668.901, 1681.374, 1691.015, 1695.837, 1695.870 (1695.815)	Log prob: 1417.161, 1493.761, 1588.717, 1627.265, 1656.912, 1685.172, 1699.281, 1710.480, 1716.552, 1716.662 (1716.615)	KLD: 3.348, 3.372, 3.030, 2.331, 2.130, 2.059, 1.637, 1.558, 1.251, 0.077 (20.800)	Grad: 6.372, 7.809, 5.772, 2.291, 2.061, 1.565, 1.097, 0.926, 0.717, 0.318
[Epoch  39 (52.68s)]	ELBO: 1413.983, 1487.583, 1579.421, 1615.717, 1643.282, 1669.438, 1681.842, 1691.607, 1696.414, 1696.493 (1695.615)	Log prob: 1417.328, 1494.306, 1589.174, 1627.801, 1657.499, 1685.710, 1699.755, 1711.085, 1717.144, 1717.303 (1716.373)	KLD: 3.347, 3.376, 3.031, 2.331, 2.132, 2.055, 1.641, 1.564, 1.253, 0.081 (20.758)	Grad: 6.332, 7.306, 5.046, 2.480, 1.813, 1.658, 1.066, 0.892, 0.764, 0.319
[Epoch  40 (55.36s)]	ELBO: 1414.284, 1487.853, 1579.558, 1616.161, 1643.707, 1669.871, 1682.333, 1692.091, 1697.067, 1697.017 (1696.238)	Log prob: 1417.631, 1494.576, 1589.309, 1628.247, 1657.925, 1686.149, 1700.261, 1711.582, 1717.806, 1717.844 (1717.060)	KLD: 3.348, 3.375, 3.029, 2.335, 2.130, 2.059, 1.653, 1.562, 1.248, 0.088 (20.822)	Grad: 6.224, 7.734, 5.429, 2.432, 1.760, 1.594, 1.071, 0.905, 0.787, 0.337
[Epoch  41 (53.94s)]	ELBO: 1414.318, 1488.103, 1579.867, 1616.489, 1644.055, 1670.166, 1682.672, 1692.440, 1697.373, 1697.464 (1696.133)	Log prob: 1417.670, 1494.837, 1589.631, 1628.589, 1658.284, 1686.446, 1700.597, 1711.932, 1718.115, 1718.304 (1716.938)	KLD: 3.352, 3.381, 3.031, 2.336, 2.129, 2.052, 1.644, 1.566, 1.252, 0.096 (20.805)	Grad: 6.122, 7.392, 5.556, 2.534, 1.806, 1.651, 1.176, 0.899, 0.779, 0.336
[Epoch  42 (53.65s)]	ELBO: 1414.435, 1488.474, 1580.118, 1616.801, 1644.373, 1670.532, 1683.002, 1692.905, 1697.866, 1698.024 (1697.117)	Log prob: 1417.786, 1495.209, 1589.879, 1628.895, 1658.600, 1686.814, 1700.936, 1712.411, 1718.625, 1718.903 (1718.013)	KLD: 3.352, 3.382, 3.027, 2.332, 2.134, 2.055, 1.653, 1.572, 1.251, 0.120 (20.896)	Grad: 6.204, 7.928, 5.341, 2.485, 1.828, 1.628, 1.137, 0.934, 0.742, 0.359
[Epoch  43 (54.68s)]	ELBO: 1414.777, 1488.922, 1580.482, 1617.345, 1644.847, 1671.020, 1683.494, 1693.406, 1698.453, 1698.543 (1698.007)	Log prob: 1418.128, 1495.652, 1590.248, 1629.443, 1659.079, 1687.304, 1701.436, 1712.917, 1719.229, 1719.476 (1719.088)	KLD: 3.350, 3.380, 3.036, 2.331, 2.136, 2.051, 1.657, 1.571, 1.262, 0.157 (21.081)	Grad: 6.321, 7.778, 5.555, 2.355, 1.877, 1.702, 1.145, 1.002, 0.788, 0.369
[Epoch  44 (55.17s)]	ELBO: 1414.862, 1488.951, 1580.680, 1617.569, 1645.174, 1671.371, 1683.863, 1693.805, 1698.841, 1698.990 (1697.515)	Log prob: 1418.212, 1495.680, 1590.447, 1629.673, 1659.417, 1687.663, 1701.809, 1713.329, 1719.621, 1719.976 (1718.581)	KLD: 3.351, 3.380, 3.037, 2.337, 2.137, 2.050, 1.656, 1.576, 1.258, 0.205 (21.066)	Grad: 6.455, 7.821, 5.434, 2.466, 1.857, 1.624, 1.102, 0.961, 0.759, 0.401
[Epoch  45 (53.05s)]	ELBO: 1415.124, 1489.383, 1580.875, 1617.872, 1645.379, 1671.517, 1683.985, 1694.092, 1699.149, 1699.343 (1698.448)	Log prob: 1418.476, 1496.112, 1590.638, 1629.972, 1659.615, 1687.801, 1701.929, 1713.613, 1719.930, 1720.390 (1719.514)	KLD: 3.352, 3.377, 3.036, 2.335, 2.136, 2.048, 1.659, 1.577, 1.262, 0.268 (21.066)	Grad: 6.409, 8.072, 5.411, 2.408, 1.962, 1.834, 1.048, 0.891, 0.760, 0.426
[Epoch  46 (53.49s)]	ELBO: 1415.264, 1489.753, 1581.335, 1618.382, 1645.888, 1672.021, 1684.485, 1694.562, 1699.664, 1699.945 (1698.350)	Log prob: 1418.618, 1496.487, 1591.108, 1630.495, 1660.131, 1688.316, 1702.432, 1714.083, 1720.440, 1721.056 (1719.459)	KLD: 3.355, 3.379, 3.039, 2.339, 2.132, 2.052, 1.651, 1.576, 1.253, 0.335 (21.109)	Grad: 6.412, 7.678, 5.594, 2.365, 1.785, 1.590, 1.138, 0.892, 0.822, 0.449
[Epoch  47 (49.66s)]	ELBO: 1415.413, 1489.858, 1581.453, 1618.665, 1645.992, 1672.130, 1684.688, 1694.753, 1699.870, 1700.274 (1699.133)	Log prob: 1418.767, 1496.592, 1591.226, 1630.778, 1660.237, 1688.423, 1702.636, 1714.271, 1720.649, 1721.451 (1720.286)	KLD: 3.353, 3.380, 3.040, 2.339, 2.131, 2.050, 1.655, 1.571, 1.261, 0.400 (21.154)	Grad: 6.483, 8.189, 5.711, 2.407, 1.928, 1.600, 1.104, 0.941, 0.762, 0.490
[Epoch  48 (46.63s)]	ELBO: 1415.469, 1490.128, 1581.587, 1618.875, 1646.319, 1672.451, 1684.969, 1695.094, 1700.259, 1700.742 (1699.477)	Log prob: 1418.823, 1496.861, 1591.364, 1630.990, 1660.571, 1688.750, 1702.927, 1714.631, 1721.060, 1722.008 (1720.847)	KLD: 3.354, 3.379, 3.044, 2.339, 2.136, 2.048, 1.659, 1.579, 1.265, 0.462 (21.369)	Grad: 6.502, 7.918, 5.824, 2.325, 1.930, 1.537, 1.160, 0.912, 0.750, 0.509
[Epoch  49 (45.07s)]	ELBO: 1415.746, 1490.528, 1581.949, 1619.215, 1646.655, 1672.773, 1685.229, 1695.343, 1700.583, 1701.207 (1700.512)	Log prob: 1419.103, 1497.269, 1591.733, 1631.336, 1660.915, 1689.081, 1703.195, 1714.886, 1721.375, 1722.523 (1722.007)	KLD: 3.357, 3.383, 3.044, 2.337, 2.138, 2.049, 1.658, 1.576, 1.251, 0.524 (21.494)	Grad: 6.223, 8.225, 5.467, 2.357, 2.001, 1.581, 1.055, 1.048, 0.777, 0.520
[Epoch  50 (44.36s)]	ELBO: 1415.886, 1490.782, 1582.205, 1619.604, 1647.030, 1673.124, 1685.531, 1695.766, 1700.958, 1701.729 (1701.061)	Log prob: 1419.248, 1497.527, 1591.992, 1631.737, 1661.296, 1689.439, 1703.508, 1715.317, 1721.773, 1723.122 (1722.314)	KLD: 3.362, 3.383, 3.043, 2.345, 2.133, 2.050, 1.662, 1.573, 1.266, 0.576 (21.252)	Grad: 6.524, 7.858, 5.528, 2.436, 1.910, 1.651, 1.145, 0.956, 0.792, 0.552
[Epoch  51 (44.14s)]	ELBO: 1416.077, 1491.018, 1582.391, 1619.901, 1647.263, 1673.394, 1685.821, 1696.002, 1701.265, 1702.109 (1701.513)	Log prob: 1419.441, 1497.761, 1592.180, 1632.035, 1661.531, 1689.703, 1703.791, 1715.546, 1722.060, 1723.538 (1723.092)	KLD: 3.363, 3.381, 3.045, 2.345, 2.136, 2.040, 1.659, 1.576, 1.251, 0.634 (21.580)	Grad: 6.297, 8.174, 5.783, 2.525, 1.993, 1.600, 1.211, 0.925, 0.738, 0.557
[Epoch  52 (44.30s)]	ELBO: 1416.129, 1491.286, 1582.595, 1620.182, 1647.606, 1673.670, 1686.148, 1696.296, 1701.555, 1702.510 (1702.470)	Log prob: 1419.492, 1498.029, 1592.390, 1632.326, 1661.884, 1689.994, 1704.133, 1715.863, 1722.385, 1724.004 (1723.780)	KLD: 3.362, 3.382, 3.052, 2.347, 2.135, 2.046, 1.662, 1.582, 1.261, 0.665 (21.310)	Grad: 6.396, 8.476, 5.698, 2.487, 1.832, 1.587, 1.070, 0.998, 0.783, 0.600
[Epoch  53 (44.26s)]	ELBO: 1416.191, 1491.431, 1582.668, 1620.221, 1647.727, 1673.764, 1686.246, 1696.457, 1701.749, 1702.917 (1701.619)	Log prob: 1419.557, 1498.183, 1592.471, 1632.371, 1662.010, 1690.087, 1704.231, 1716.020, 1722.559, 1724.420 (1723.537)	KLD: 3.365, 3.388, 3.051, 2.345, 2.136, 2.039, 1.662, 1.578, 1.245, 0.694 (21.917)	Grad: 6.592, 7.984, 5.823, 2.561, 1.923, 1.677, 1.112, 0.951, 0.754, 0.594
[Epoch  54 (49.52s)]	ELBO: 1416.483, 1491.677, 1583.056, 1620.696, 1648.029, 1674.116, 1686.540, 1696.708, 1702.096, 1703.257 (1702.673)	Log prob: 1419.848, 1498.422, 1592.852, 1632.839, 1662.304, 1690.433, 1704.520, 1716.271, 1722.918, 1724.811 (1723.943)	KLD: 3.364, 3.380, 3.053, 2.348, 2.131, 2.041, 1.663, 1.584, 1.258, 0.732 (21.270)	Grad: 6.629, 8.125, 5.618, 2.464, 1.870, 1.649, 1.148, 0.922, 0.772, 0.619
[Epoch  55 (45.91s)]	ELBO: 1416.636, 1491.951, 1583.303, 1621.004, 1648.413, 1674.461, 1686.851, 1697.091, 1702.480, 1703.707 (1702.477)	Log prob: 1420.005, 1498.706, 1593.111, 1633.159, 1662.698, 1690.784, 1704.832, 1716.654, 1723.294, 1725.281 (1724.078)	KLD: 3.368, 3.386, 3.055, 2.346, 2.130, 2.038, 1.657, 1.582, 1.250, 0.761 (21.601)	Grad: 6.655, 8.246, 5.624, 2.443, 1.939, 1.684, 1.127, 1.035, 0.771, 0.611
[Epoch  56 (47.43s)]	ELBO: 1416.799, 1492.313, 1583.552, 1621.186, 1648.588, 1674.645, 1687.080, 1697.274, 1702.596, 1704.016 (1703.575)	Log prob: 1420.171, 1499.079, 1593.372, 1633.351, 1662.890, 1690.986, 1705.079, 1716.859, 1723.432, 1725.634 (1725.321)	KLD: 3.373, 3.392, 3.053, 2.348, 2.136, 2.039, 1.660, 1.583, 1.252, 0.780 (21.746)	Grad: 6.498, 8.257, 5.821, 2.492, 2.007, 1.732, 1.106, 0.962, 0.806, 0.612
[Epoch  57 (46.25s)]	ELBO: 1416.860, 1492.542, 1583.596, 1621.380, 1648.728, 1674.762, 1687.139, 1697.453, 1702.807, 1704.269 (1702.948)	Log prob: 1420.234, 1499.304, 1593.415, 1633.551, 1663.036, 1691.104, 1705.147, 1717.042, 1723.651, 1725.925 (1724.325)	KLD: 3.373, 3.388, 3.058, 2.351, 2.136, 2.035, 1.666, 1.582, 1.254, 0.811 (21.378)	Grad: 6.477, 8.215, 5.636, 2.299, 1.886, 1.583, 1.150, 0.947, 0.855, 0.678
[Epoch  58 (44.26s)]	ELBO: 1417.069, 1492.635, 1583.817, 1621.573, 1648.960, 1675.031, 1687.461, 1697.715, 1703.065, 1704.701 (1703.985)	Log prob: 1420.436, 1499.392, 1593.629, 1633.738, 1663.267, 1691.377, 1705.472, 1717.312, 1723.904, 1726.362 (1725.714)	KLD: 3.368, 3.388, 3.055, 2.356, 2.141, 2.038, 1.666, 1.582, 1.245, 0.820 (21.729)	Grad: 6.506, 8.535, 5.437, 2.395, 2.023, 1.678, 1.099, 0.991, 0.785, 0.661
[Epoch  59 (43.65s)]	ELBO: 1417.031, 1492.895, 1583.949, 1621.680, 1649.117, 1675.165, 1687.654, 1697.892, 1703.331, 1704.972 (1703.664)	Log prob: 1420.406, 1499.662, 1593.774, 1633.855, 1663.428, 1691.517, 1705.677, 1717.496, 1724.190, 1726.677 (1725.566)	KLD: 3.376, 3.391, 3.059, 2.351, 2.135, 2.040, 1.671, 1.582, 1.256, 0.844 (21.902)	Grad: 6.678, 8.251, 5.649, 2.546, 1.813, 1.507, 1.180, 0.999, 0.800, 0.621
[Epoch  60 (44.32s)]	ELBO: 1417.286, 1493.374, 1584.313, 1622.111, 1649.486, 1675.522, 1687.952, 1698.242, 1703.715, 1705.454 (1704.018)	Log prob: 1420.660, 1500.141, 1594.140, 1634.288, 1663.797, 1691.869, 1705.970, 1717.834, 1724.559, 1727.154 (1725.677)	KLD: 3.373, 3.393, 3.061, 2.349, 2.135, 2.036, 1.670, 1.577, 1.250, 0.857 (21.659)	Grad: 6.351, 8.234, 5.753, 2.452, 1.933, 1.506, 1.164, 0.947, 0.804, 0.643
[Epoch  61 (45.69s)]	ELBO: 1417.464, 1493.614, 1584.301, 1622.201, 1649.629, 1675.642, 1688.158, 1698.436, 1703.952, 1705.735 (1704.855)	Log prob: 1420.842, 1500.385, 1594.132, 1634.387, 1663.957, 1692.007, 1706.194, 1718.057, 1724.823, 1727.474 (1726.453)	KLD: 3.380, 3.391, 3.061, 2.354, 2.143, 2.037, 1.670, 1.585, 1.252, 0.866 (21.598)	Grad: 6.464, 8.493, 5.670, 2.440, 2.089, 1.583, 1.126, 0.908, 0.778, 0.621
[Epoch  62 (43.73s)]	ELBO: 1417.499, 1493.645, 1584.423, 1622.296, 1649.788, 1675.802, 1688.184, 1698.501, 1703.955, 1705.823 (1704.403)	Log prob: 1420.876, 1500.422, 1594.261, 1634.491, 1664.119, 1692.169, 1706.222, 1718.123, 1724.839, 1727.587 (1725.875)	KLD: 3.377, 3.398, 3.063, 2.357, 2.136, 2.034, 1.673, 1.584, 1.262, 0.881 (21.472)	Grad: 6.779, 8.536, 6.030, 2.497, 1.908, 1.474, 1.178, 0.938, 0.786, 0.662
[Epoch  63 (44.08s)]	ELBO: 1417.721, 1494.072, 1584.696, 1622.416, 1649.905, 1675.911, 1688.333, 1698.689, 1704.072, 1705.968 (1705.707)	Log prob: 1421.104, 1500.850, 1594.538, 1634.614, 1664.239, 1692.284, 1706.375, 1718.313, 1724.956, 1727.737 (1727.275)	KLD: 3.383, 3.395, 3.065, 2.356, 2.136, 2.038, 1.669, 1.581, 1.260, 0.887 (21.568)	Grad: 6.782, 8.877, 5.550, 2.463, 1.937, 1.815, 1.106, 0.996, 0.867, 0.662
[Epoch  64 (45.73s)]	ELBO: 1417.843, 1494.381, 1584.963, 1622.866, 1650.271, 1676.243, 1688.727, 1699.020, 1704.514, 1706.490 (1705.240)	Log prob: 1421.228, 1501.166, 1594.815, 1635.076, 1664.626, 1692.636, 1706.792, 1718.670, 1725.419, 1728.292 (1727.073)	KLD: 3.386, 3.399, 3.066, 2.360, 2.145, 2.037, 1.672, 1.584, 1.257, 0.897 (21.833)	Grad: 6.619, 8.541, 5.684, 2.427, 1.873, 1.570, 1.188, 0.971, 0.862, 0.650
[Epoch  65 (46.84s)]	ELBO: 1417.933, 1494.554, 1585.087, 1622.952, 1650.432, 1676.472, 1688.972, 1699.248, 1704.753, 1706.688 (1705.043)	Log prob: 1421.318, 1501.336, 1594.937, 1635.161, 1664.784, 1692.860, 1707.030, 1718.891, 1725.654, 1728.490 (1726.680)	KLD: 3.385, 3.397, 3.067, 2.360, 2.144, 2.034, 1.671, 1.584, 1.259, 0.898 (21.637)	Grad: 6.494, 8.610, 5.344, 2.506, 1.906, 1.478, 1.151, 0.943, 0.860, 0.718
[Epoch  66 (46.28s)]	ELBO: 1418.004, 1494.684, 1585.184, 1623.053, 1650.568, 1676.483, 1688.956, 1699.312, 1704.858, 1706.836 (1705.873)	Log prob: 1421.394, 1501.473, 1595.045, 1635.277, 1664.935, 1692.887, 1707.028, 1718.972, 1725.769, 1728.666 (1727.543)	KLD: 3.391, 3.399, 3.071, 2.361, 2.146, 2.037, 1.668, 1.585, 1.254, 0.919 (21.670)	Grad: 6.923, 8.772, 5.586, 2.382, 1.852, 1.556, 1.086, 0.933, 0.830, 0.646
[Epoch  67 (56.26s)]	ELBO: 1418.166, 1494.950, 1585.355, 1623.273, 1650.641, 1676.697, 1689.076, 1699.392, 1704.974, 1707.138 (1706.159)	Log prob: 1421.557, 1501.745, 1595.221, 1635.498, 1665.009, 1693.098, 1707.149, 1719.046, 1725.881, 1728.971 (1727.978)	KLD: 3.393, 3.401, 3.073, 2.358, 2.144, 2.033, 1.671, 1.580, 1.256, 0.926 (21.820)	Grad: 6.701, 8.923, 5.438, 2.497, 1.852, 1.639, 1.184, 0.952, 0.847, 0.677
[Epoch  68 (59.60s)]	ELBO: 1418.242, 1495.196, 1585.474, 1623.414, 1650.903, 1676.888, 1689.364, 1699.604, 1705.176, 1707.365 (1706.461)	Log prob: 1421.634, 1501.990, 1595.342, 1635.643, 1665.278, 1693.292, 1707.441, 1719.264, 1726.083, 1729.201 (1728.047)	KLD: 3.391, 3.403, 3.073, 2.361, 2.145, 2.030, 1.673, 1.585, 1.247, 0.927 (21.586)	Grad: 6.891, 8.871, 5.907, 2.385, 1.894, 1.551, 1.134, 0.937, 0.804, 0.701
[Epoch  69 (52.17s)]	ELBO: 1418.326, 1495.337, 1585.526, 1623.475, 1650.955, 1676.921, 1689.425, 1699.749, 1705.307, 1707.522 (1706.175)	Log prob: 1421.719, 1502.137, 1595.398, 1635.709, 1665.332, 1693.332, 1707.511, 1719.418, 1726.230, 1729.373 (1727.707)	KLD: 3.393, 3.407, 3.071, 2.364, 2.144, 2.032, 1.677, 1.582, 1.254, 0.929 (21.532)	Grad: 6.628, 8.814, 5.389, 2.502, 1.990, 1.743, 1.160, 0.971, 0.833, 0.639
[Epoch  70 (52.80s)]	ELBO: 1418.473, 1495.519, 1585.703, 1623.659, 1651.130, 1677.155, 1689.567, 1699.810, 1705.362, 1707.655 (1706.863)	Log prob: 1421.868, 1502.326, 1595.585, 1635.904, 1665.526, 1693.586, 1707.671, 1719.493, 1726.305, 1729.540 (1728.748)	KLD: 3.395, 3.413, 3.075, 2.362, 2.150, 2.036, 1.673, 1.578, 1.258, 0.943 (21.884)	Grad: 6.763, 8.875, 5.593, 2.634, 1.882, 1.628, 1.213, 1.031, 0.789, 0.700
[Epoch  71 (54.20s)]	ELBO: 1418.531, 1495.885, 1585.869, 1623.928, 1651.303, 1677.352, 1689.814, 1700.207, 1705.747, 1708.039 (1707.297)	Log prob: 1421.927, 1502.692, 1595.747, 1636.167, 1665.692, 1693.765, 1707.903, 1719.873, 1726.669, 1729.908 (1729.005)	KLD: 3.396, 3.410, 3.073, 2.361, 2.149, 2.025, 1.676, 1.578, 1.253, 0.948 (21.708)	Grad: 6.853, 8.890, 5.436, 2.723, 1.939, 1.595, 1.144, 0.916, 0.851, 0.695
[Epoch  72 (60.66s)]	ELBO: 1418.658, 1496.016, 1586.018, 1624.054, 1651.571, 1677.511, 1690.009, 1700.339, 1705.950, 1708.306 (1707.453)	Log prob: 1422.054, 1502.818, 1595.895, 1636.296, 1665.959, 1693.929, 1708.100, 1720.011, 1726.880, 1730.196 (1729.150)	KLD: 3.396, 3.406, 3.074, 2.366, 2.147, 2.030, 1.672, 1.582, 1.258, 0.958 (21.697)	Grad: 7.017, 8.823, 5.415, 2.565, 1.923, 1.477, 1.157, 0.949, 0.783, 0.662
[Epoch  73 (51.79s)]	ELBO: 1418.763, 1496.156, 1586.145, 1624.202, 1651.716, 1677.659, 1690.126, 1700.449, 1706.045, 1708.419 (1707.244)	Log prob: 1422.162, 1502.967, 1596.034, 1636.460, 1666.129, 1694.100, 1708.240, 1720.142, 1726.994, 1730.324 (1729.313)	KLD: 3.399, 3.413, 3.077, 2.369, 2.154, 2.030, 1.673, 1.578, 1.257, 0.955 (22.069)	Grad: 7.123, 8.853, 5.547, 2.431, 1.838, 1.568, 1.165, 0.957, 0.855, 0.661
[Epoch  74 (57.76s)]	ELBO: 1418.884, 1496.473, 1586.350, 1624.457, 1651.952, 1677.909, 1690.359, 1700.600, 1706.262, 1708.640 (1706.979)	Log prob: 1422.288, 1503.295, 1596.251, 1636.724, 1666.370, 1694.357, 1708.480, 1720.301, 1727.217, 1730.562 (1729.071)	KLD: 3.403, 3.418, 3.080, 2.367, 2.150, 2.029, 1.674, 1.580, 1.255, 0.965 (22.092)	Grad: 6.944, 9.051, 5.955, 2.467, 1.932, 1.548, 1.132, 1.020, 0.813, 0.745
[Epoch  75 (59.28s)]	ELBO: 1419.062, 1496.733, 1586.426, 1624.553, 1652.070, 1677.976, 1690.457, 1700.728, 1706.373, 1708.818 (1707.873)	Log prob: 1422.461, 1503.547, 1596.322, 1636.823, 1666.490, 1694.423, 1708.580, 1720.432, 1727.336, 1730.766 (1729.615)	KLD: 3.399, 3.415, 3.083, 2.372, 2.150, 2.027, 1.675, 1.582, 1.261, 0.983 (21.742)	Grad: 6.951, 8.878, 5.629, 2.531, 1.969, 1.511, 1.239, 0.978, 0.774, 0.711
[Epoch  76 (70.63s)]	ELBO: 1419.016, 1496.854, 1586.585, 1624.759, 1652.178, 1678.223, 1690.660, 1700.949, 1706.572, 1709.088 (1707.267)	Log prob: 1422.421, 1503.675, 1596.490, 1637.030, 1666.599, 1694.670, 1708.788, 1720.662, 1727.538, 1731.035 (1729.176)	KLD: 3.405, 3.416, 3.084, 2.366, 2.150, 2.026, 1.680, 1.585, 1.252, 0.982 (21.909)	Grad: 7.057, 8.996, 5.435, 2.508, 2.019, 1.613, 1.180, 0.908, 0.805, 0.691
[Epoch  77 (74.15s)]	ELBO: 1419.297, 1497.133, 1586.760, 1624.861, 1652.305, 1678.314, 1690.813, 1701.029, 1706.771, 1709.189 (1708.147)	Log prob: 1422.702, 1503.954, 1596.664, 1637.134, 1666.735, 1694.777, 1708.957, 1720.758, 1727.756, 1731.162 (1729.802)	KLD: 3.405, 3.417, 3.083, 2.369, 2.158, 2.032, 1.681, 1.584, 1.257, 0.989 (21.655)	Grad: 7.051, 9.152, 5.631, 2.456, 2.004, 1.511, 1.139, 0.917, 0.814, 0.765
[Epoch  78 (83.49s)]	ELBO: 1419.278, 1497.281, 1586.777, 1625.015, 1652.548, 1678.547, 1691.052, 1701.308, 1706.960, 1709.524 (1707.993)	Log prob: 1422.685, 1504.107, 1596.686, 1637.293, 1666.978, 1695.008, 1709.186, 1721.025, 1727.934, 1731.476 (1729.875)	KLD: 3.408, 3.418, 3.083, 2.369, 2.152, 2.030, 1.675, 1.584, 1.255, 0.978 (21.882)	Grad: 7.266, 8.892, 5.445, 2.453, 2.088, 1.550, 1.148, 0.972, 0.826, 0.691
[Epoch  79 (66.25s)]	ELBO: 1419.492, 1497.485, 1587.067, 1625.228, 1652.719, 1678.796, 1691.220, 1701.491, 1707.129, 1709.713 (1708.410)	Log prob: 1422.902, 1504.315, 1596.984, 1637.521, 1667.168, 1695.274, 1709.368, 1721.221, 1728.112, 1731.701 (1730.151)	KLD: 3.409, 3.421, 3.088, 2.375, 2.154, 2.029, 1.673, 1.580, 1.254, 1.005 (21.741)	Grad: 7.342, 9.152, 5.470, 2.423, 1.813, 1.484, 1.129, 0.992, 0.827, 0.691
[Epoch  80 (52.33s)]	ELBO: 1419.533, 1497.682, 1587.092, 1625.199, 1652.749, 1678.824, 1691.286, 1701.620, 1707.281, 1709.925 (1707.866)	Log prob: 1422.942, 1504.513, 1597.005, 1637.485, 1667.187, 1695.293, 1709.430, 1721.348, 1728.268, 1731.905 (1729.781)	KLD: 3.409, 3.422, 3.082, 2.373, 2.151, 2.032, 1.675, 1.585, 1.258, 0.993 (21.915)	Grad: 7.374, 9.114, 5.598, 2.525, 1.932, 1.535, 1.161, 0.935, 0.870, 0.717
[Epoch  81 (54.78s)]	ELBO: 1419.646, 1497.894, 1587.202, 1625.413, 1652.882, 1678.935, 1691.402, 1701.716, 1707.313, 1709.955 (1708.840)	Log prob: 1423.055, 1504.730, 1597.124, 1637.715, 1667.344, 1695.427, 1709.572, 1721.471, 1728.323, 1731.975 (1730.956)	KLD: 3.409, 3.427, 3.087, 2.379, 2.159, 2.032, 1.678, 1.585, 1.255, 1.009 (22.117)	Grad: 7.318, 9.151, 5.955, 2.559, 1.900, 1.566, 1.130, 0.968, 0.802, 0.693
[Epoch  82 (54.70s)]	ELBO: 1419.720, 1498.056, 1587.293, 1625.586, 1653.061, 1679.104, 1691.561, 1701.828, 1707.482, 1710.146 (1709.442)	Log prob: 1423.132, 1504.889, 1597.216, 1637.888, 1667.527, 1695.602, 1709.737, 1721.589, 1728.502, 1732.184 (1731.209)	KLD: 3.413, 3.422, 3.089, 2.380, 2.165, 2.031, 1.678, 1.586, 1.257, 1.017 (21.767)	Grad: 7.410, 9.260, 5.443, 2.417, 1.885, 1.570, 1.104, 0.906, 0.826, 0.697
[Epoch  83 (53.18s)]	ELBO: 1419.935, 1498.277, 1587.533, 1625.812, 1653.271, 1679.428, 1691.771, 1702.087, 1707.739, 1710.378 (1708.667)	Log prob: 1423.349, 1505.118, 1597.465, 1638.122, 1667.740, 1695.927, 1709.949, 1721.848, 1728.751, 1732.409 (1730.466)	KLD: 3.415, 3.426, 3.091, 2.377, 2.159, 2.031, 1.680, 1.583, 1.251, 1.020 (21.799)	Grad: 7.500, 9.097, 5.651, 2.434, 1.961, 1.476, 1.151, 0.945, 0.809, 0.754
[Epoch  84 (50.38s)]	ELBO: 1419.925, 1498.493, 1587.635, 1625.854, 1653.352, 1679.395, 1691.896, 1702.076, 1707.748, 1710.452 (1709.313)	Log prob: 1423.341, 1505.342, 1597.575, 1638.173, 1667.832, 1695.909, 1710.092, 1721.849, 1728.781, 1732.501 (1731.312)	KLD: 3.416, 3.433, 3.090, 2.381, 2.161, 2.033, 1.683, 1.579, 1.258, 1.014 (22.000)	Grad: 7.347, 9.151, 5.793, 2.398, 1.835, 1.473, 1.085, 1.018, 0.814, 0.708
[Epoch  85 (46.17s)]	ELBO: 1420.043, 1498.837, 1587.806, 1625.908, 1653.398, 1679.508, 1691.973, 1702.245, 1707.850, 1710.553 (1708.944)	Log prob: 1423.463, 1505.681, 1597.736, 1638.215, 1667.866, 1696.005, 1710.151, 1722.006, 1728.862, 1732.596 (1730.889)	KLD: 3.420, 3.424, 3.087, 2.376, 2.160, 2.030, 1.681, 1.583, 1.252, 1.031 (21.945)	Grad: 7.408, 9.845, 5.553, 2.542, 2.042, 1.609, 1.158, 1.060, 0.780, 0.733
[Epoch  86 (63.79s)]	ELBO: 1420.134, 1498.919, 1587.926, 1626.132, 1653.598, 1679.591, 1692.045, 1702.318, 1707.992, 1710.667 (1709.450)	Log prob: 1423.554, 1505.768, 1597.868, 1638.454, 1668.083, 1696.106, 1710.237, 1722.085, 1729.012, 1732.708 (1731.155)	KLD: 3.421, 3.428, 3.093, 2.379, 2.164, 2.029, 1.677, 1.575, 1.253, 1.022 (21.705)	Grad: 7.799, 9.480, 5.417, 2.453, 1.943, 1.584, 1.159, 1.028, 0.822, 0.679
[Epoch  87 (85.08s)]	ELBO: 1420.057, 1499.047, 1587.840, 1626.122, 1653.683, 1679.697, 1692.122, 1702.413, 1708.050, 1710.792 (1709.759)	Log prob: 1423.484, 1505.904, 1597.787, 1638.448, 1668.172, 1696.215, 1710.322, 1722.195, 1729.089, 1732.864 (1731.791)	KLD: 3.427, 3.431, 3.090, 2.379, 2.163, 2.029, 1.682, 1.584, 1.254, 1.034 (22.032)	Grad: 7.497, 9.589, 5.630, 2.484, 1.916, 1.446, 1.129, 0.968, 0.909, 0.715
[Epoch  88 (85.81s)]	ELBO: 1420.410, 1499.415, 1588.144, 1626.416, 1653.985, 1679.865, 1692.327, 1702.542, 1708.252, 1711.090 (1710.016)	Log prob: 1423.838, 1506.278, 1598.104, 1638.760, 1668.494, 1696.399, 1710.548, 1722.344, 1729.307, 1733.174 (1732.109)	KLD: 3.428, 3.435, 3.098, 2.383, 2.164, 2.027, 1.686, 1.581, 1.251, 1.033 (22.093)	Grad: 7.888, 9.317, 5.614, 2.547, 1.948, 1.433, 1.219, 0.993, 0.825, 0.737
[Epoch  89 (82.65s)]	ELBO: 1420.548, 1499.764, 1588.307, 1626.521, 1654.120, 1680.057, 1692.578, 1702.834, 1708.509, 1711.306 (1709.580)	Log prob: 1423.971, 1506.621, 1598.261, 1638.855, 1668.619, 1696.585, 1710.791, 1722.629, 1729.558, 1733.395 (1731.731)	KLD: 3.422, 3.435, 3.096, 2.382, 2.164, 2.028, 1.685, 1.583, 1.252, 1.039 (22.150)	Grad: 7.748, 9.324, 5.346, 2.483, 1.989, 1.436, 1.146, 0.971, 0.849, 0.689
[Epoch  90 (74.52s)]	ELBO: 1420.689, 1499.773, 1588.314, 1626.597, 1654.175, 1680.187, 1692.551, 1702.889, 1708.459, 1711.277 (1709.667)	Log prob: 1424.125, 1506.646, 1598.281, 1638.954, 1668.700, 1696.740, 1710.785, 1722.709, 1729.536, 1733.391 (1731.979)	KLD: 3.436, 3.438, 3.093, 2.390, 2.168, 2.029, 1.681, 1.583, 1.258, 1.036 (22.312)	Grad: 7.647, 9.396, 5.800, 2.487, 2.002, 1.456, 1.143, 0.963, 0.844, 0.765
[Epoch  91 (64.21s)]	ELBO: 1420.663, 1499.816, 1588.383, 1626.680, 1654.194, 1680.169, 1692.563, 1702.814, 1708.480, 1711.309 (1709.402)	Log prob: 1424.095, 1506.681, 1598.347, 1639.031, 1668.714, 1696.718, 1710.796, 1722.632, 1729.550, 1733.420 (1731.825)	KLD: 3.432, 3.431, 3.102, 2.385, 2.170, 2.030, 1.684, 1.585, 1.251, 1.041 (22.423)	Grad: 7.922, 9.739, 5.361, 2.237, 1.855, 1.590, 1.215, 1.157, 0.876, 0.745
[Epoch  92 (66.22s)]	ELBO: 1420.875, 1500.104, 1588.451, 1626.855, 1654.437, 1680.323, 1692.778, 1703.035, 1708.668, 1711.584 (1710.765)	Log prob: 1424.312, 1506.977, 1598.424, 1639.217, 1668.969, 1696.881, 1711.018, 1722.854, 1729.739, 1733.696 (1732.664)	KLD: 3.437, 3.437, 3.098, 2.388, 2.172, 2.027, 1.681, 1.578, 1.255, 1.039 (21.899)	Grad: 7.862, 9.503, 5.480, 2.353, 1.866, 1.473, 1.188, 1.002, 0.819, 0.735
[Epoch  93 (66.03s)]	ELBO: 1420.884, 1500.308, 1588.625, 1626.885, 1654.515, 1680.406, 1692.765, 1703.056, 1708.796, 1711.494 (1709.768)	Log prob: 1424.320, 1507.178, 1598.597, 1639.245, 1669.047, 1696.965, 1711.009, 1722.885, 1729.880, 1733.619 (1732.097)	KLD: 3.435, 3.436, 3.102, 2.387, 2.173, 2.026, 1.685, 1.585, 1.256, 1.041 (22.329)	Grad: 8.174, 9.656, 5.490, 2.559, 1.969, 1.630, 1.170, 1.023, 0.846, 0.732
[Epoch  94 (64.41s)]	ELBO: 1421.037, 1500.518, 1588.750, 1627.062, 1654.614, 1680.549, 1692.929, 1703.219, 1708.861, 1711.708 (1710.294)	Log prob: 1424.475, 1507.398, 1598.728, 1639.429, 1669.156, 1697.112, 1711.180, 1723.056, 1729.951, 1733.841 (1732.299)	KLD: 3.437, 3.442, 3.099, 2.388, 2.175, 2.022, 1.688, 1.585, 1.254, 1.042 (22.006)	Grad: 7.887, 9.620, 5.751, 2.504, 1.990, 1.430, 1.125, 0.978, 0.839, 0.701
[Epoch  95 (66.06s)]	ELBO: 1421.219, 1500.940, 1588.885, 1627.202, 1654.741, 1680.579, 1693.043, 1703.254, 1708.918, 1711.783 (1710.082)	Log prob: 1424.664, 1507.830, 1598.873, 1639.581, 1669.291, 1697.153, 1711.300, 1723.095, 1730.007, 1733.915 (1732.234)	KLD: 3.445, 3.444, 3.100, 2.390, 2.170, 2.025, 1.684, 1.584, 1.248, 1.042 (22.152)	Grad: 8.037, 9.617, 5.344, 2.371, 1.955, 1.546, 1.139, 1.089, 0.827, 0.715
[Epoch  96 (59.94s)]	ELBO: 1421.389, 1500.996, 1588.810, 1627.153, 1654.811, 1680.615, 1693.046, 1703.364, 1708.963, 1711.846 (1709.408)	Log prob: 1424.831, 1507.876, 1598.796, 1639.531, 1669.360, 1697.189, 1711.309, 1723.212, 1730.056, 1733.979 (1731.607)	KLD: 3.442, 3.438, 3.104, 2.393, 2.173, 2.025, 1.687, 1.584, 1.246, 1.042 (22.199)	Grad: 8.085, 9.601, 5.427, 2.679, 1.973, 1.648, 1.105, 0.966, 0.820, 0.793
[Epoch  97 (48.13s)]	ELBO: 1421.503, 1501.135, 1588.906, 1627.176, 1654.771, 1680.587, 1692.969, 1703.310, 1708.898, 1711.713 (1710.614)	Log prob: 1424.951, 1508.024, 1598.896, 1639.558, 1669.326, 1697.170, 1711.235, 1723.164, 1729.994, 1733.856 (1732.661)	KLD: 3.449, 3.440, 3.101, 2.392, 2.174, 2.027, 1.684, 1.586, 1.244, 1.047 (22.047)	Grad: 7.977, 9.508, 5.565, 2.580, 2.065, 1.616, 1.200, 1.040, 0.902, 0.793
[Epoch  98 (58.53s)]	ELBO: 1421.655, 1501.544, 1589.266, 1627.459, 1655.139, 1680.998, 1693.341, 1703.690, 1709.304, 1712.213 (1711.027)	Log prob: 1425.102, 1508.430, 1599.259, 1639.844, 1669.696, 1697.583, 1711.616, 1723.550, 1730.407, 1734.354 (1732.921)	KLD: 3.446, 3.440, 3.107, 2.392, 2.172, 2.029, 1.689, 1.585, 1.243, 1.037 (21.894)	Grad: 8.050, 9.745, 5.575, 2.571, 1.896, 1.594, 1.069, 0.970, 0.846, 0.689
[Epoch  99 (39.91s)]	ELBO: 1421.692, 1501.686, 1589.096, 1627.303, 1654.992, 1680.821, 1693.288, 1703.575, 1709.183, 1712.052 (1710.709)	Log prob: 1425.145, 1508.576, 1599.089, 1639.689, 1669.554, 1697.410, 1711.569, 1723.443, 1730.301, 1734.212 (1732.823)	KLD: 3.453, 3.437, 3.104, 2.393, 2.175, 2.027, 1.694, 1.586, 1.250, 1.042 (22.114)	Grad: 8.404, 9.740, 5.694, 2.493, 2.091, 1.458, 1.138, 1.074, 0.839, 0.699
[Epoch 100 (37.05s)]	ELBO: 1421.778, 1501.846, 1589.262, 1627.443, 1655.219, 1680.948, 1693.410, 1703.672, 1709.235, 1712.205 (1711.122)	Log prob: 1425.229, 1508.743, 1599.266, 1639.835, 1669.794, 1697.544, 1711.694, 1723.541, 1730.354, 1734.372 (1733.137)	KLD: 3.452, 3.444, 3.107, 2.390, 2.181, 2.022, 1.689, 1.585, 1.249, 1.049 (22.015)	Grad: 8.211, 9.727, 5.967, 2.571, 1.889, 1.578, 1.185, 1.041, 0.825, 0.736
Best epoch(s): [100]	Training time(s): 5189.86s (5189.86s)	Best ELBO: 1712.213 (1711.122)	Best log prob: 1734.372 (1733.137)
Avg. mu: 0.084, 0.052, -0.088, -0.100, 0.011, 0.136, 0.123, -0.081, 0.008, -0.167
Avg. var: 0.002, 0.002, 0.003, 0.012, 0.016, 0.019, 0.039, 0.045, 0.105, 0.150
Max. mu: 3.788, 3.746, 2.889, 3.184, 4.356, 3.835, 4.575, 3.402, 4.037, 3.626
Max. var: 0.053, 0.017, 0.023, 0.108, 0.075, 0.065, 0.203, 0.146, 0.626, 0.614
Min. mu: -4.659, -3.751, -3.983, -3.418, -3.893, -3.006, -3.841, -4.501, -4.238, -4.376
Min. var: 0.000, 0.000, 0.000, 0.001, 0.003, 0.008, 0.007, 0.016, 0.024, 0.046
Cov. mu:
[[1.271 0.309 -0.242 0.003 0.116 0.025 0.080 -0.139 0.059 -0.006]
 [0.309 1.402 -0.117 -0.066 -0.029 -0.009 -0.060 -0.072 -0.020 0.001]
 [-0.242 -0.117 1.132 -0.041 0.010 0.026 -0.015 -0.025 -0.069 -0.015]
 [0.003 -0.066 -0.041 1.089 0.046 -0.002 0.053 0.010 0.029 0.047]
 [0.116 -0.029 0.010 0.046 1.015 0.059 0.020 0.001 0.029 0.038]
 [0.025 -0.009 0.026 -0.002 0.059 0.926 0.023 -0.086 -0.005 -0.005]
 [0.080 -0.060 -0.015 0.053 0.020 0.023 1.005 0.065 0.008 0.034]
 [-0.139 -0.072 -0.025 0.010 0.001 -0.086 0.065 0.989 -0.018 0.023]
 [0.059 -0.020 -0.069 0.029 0.029 -0.005 0.008 -0.018 0.818 0.018]
 [-0.006 0.001 -0.015 0.047 0.038 -0.005 0.034 0.023 0.018 0.881]]
