Encoder
=================================================================
Layer (type:depth-idx)                   Param #
=================================================================
Encoder                                  --
├─Linear: 1-1                            31,400
├─Linear: 1-2                            1,640
=================================================================
Total params: 33,040
Trainable params: 33,040
Non-trainable params: 0
=================================================================
Encoder Encoder to Encoder
=================================================================
Layer (type:depth-idx)                   Param #
=================================================================
EncoderEncoderToEncoder                  --
├─Linear: 1-1                            3,240
├─Linear: 1-2                            1,640
=================================================================
Total params: 4,880
Trainable params: 4,880
Non-trainable params: 0
=================================================================
Encoder to Latents 0
=================================================================
Layer (type:depth-idx)                   Param #
=================================================================
EncoderToLatents                         --
├─Linear: 1-1                            41
├─Linear: 1-2                            41
=================================================================
Total params: 82
Trainable params: 82
Non-trainable params: 0
=================================================================
Encoder to Latents 1
=================================================================
Layer (type:depth-idx)                   Param #
=================================================================
EncoderToLatents                         --
├─Linear: 1-1                            41
├─Linear: 1-2                            41
=================================================================
Total params: 82
Trainable params: 82
Non-trainable params: 0
=================================================================
Encoder to Latents 2
=================================================================
Layer (type:depth-idx)                   Param #
=================================================================
EncoderToLatents                         --
├─Linear: 1-1                            41
├─Linear: 1-2                            41
=================================================================
Total params: 82
Trainable params: 82
Non-trainable params: 0
=================================================================
Encoder to Latents 3
=================================================================
Layer (type:depth-idx)                   Param #
=================================================================
EncoderToLatents                         --
├─Linear: 1-1                            41
├─Linear: 1-2                            41
=================================================================
Total params: 82
Trainable params: 82
Non-trainable params: 0
=================================================================
Encoder to Latents 4
=================================================================
Layer (type:depth-idx)                   Param #
=================================================================
EncoderToLatents                         --
├─Linear: 1-1                            41
├─Linear: 1-2                            41
=================================================================
Total params: 82
Trainable params: 82
Non-trainable params: 0
=================================================================
Encoder to Latents 5
=================================================================
Layer (type:depth-idx)                   Param #
=================================================================
EncoderToLatents                         --
├─Linear: 1-1                            41
├─Linear: 1-2                            41
=================================================================
Total params: 82
Trainable params: 82
Non-trainable params: 0
=================================================================
Encoder to Latents 6
=================================================================
Layer (type:depth-idx)                   Param #
=================================================================
EncoderToLatents                         --
├─Linear: 1-1                            41
├─Linear: 1-2                            41
=================================================================
Total params: 82
Trainable params: 82
Non-trainable params: 0
=================================================================
Encoder to Latents 7
=================================================================
Layer (type:depth-idx)                   Param #
=================================================================
EncoderToLatents                         --
├─Linear: 1-1                            41
├─Linear: 1-2                            41
=================================================================
Total params: 82
Trainable params: 82
Non-trainable params: 0
=================================================================
Encoder to Latents 8
=================================================================
Layer (type:depth-idx)                   Param #
=================================================================
EncoderToLatents                         --
├─Linear: 1-1                            41
├─Linear: 1-2                            41
=================================================================
Total params: 82
Trainable params: 82
Non-trainable params: 0
=================================================================
Encoder to Latents 9
=================================================================
Layer (type:depth-idx)                   Param #
=================================================================
EncoderToLatents                         --
├─Linear: 1-1                            41
├─Linear: 1-2                            41
=================================================================
Total params: 82
Trainable params: 82
Non-trainable params: 0
=================================================================
Latents to Latents
=================================================================
Layer (type:depth-idx)                   Param #
=================================================================
LatentsToLatents                         --
├─Linear: 1-1                            10
├─Linear: 1-2                            6
=================================================================
Total params: 16
Trainable params: 16
Non-trainable params: 0
=================================================================
Latents to Decoder 0
=================================================================
Layer (type:depth-idx)                   Param #
=================================================================
LatentsToDecoder                         --
├─Linear: 1-1                            80
=================================================================
Total params: 80
Trainable params: 80
Non-trainable params: 0
=================================================================
Latents to Decoder 1
=================================================================
Layer (type:depth-idx)                   Param #
=================================================================
LatentsToDecoder                         --
├─Linear: 1-1                            80
=================================================================
Total params: 80
Trainable params: 80
Non-trainable params: 0
=================================================================
Latents to Decoder 2
=================================================================
Layer (type:depth-idx)                   Param #
=================================================================
LatentsToDecoder                         --
├─Linear: 1-1                            80
=================================================================
Total params: 80
Trainable params: 80
Non-trainable params: 0
=================================================================
Latents to Decoder 3
=================================================================
Layer (type:depth-idx)                   Param #
=================================================================
LatentsToDecoder                         --
├─Linear: 1-1                            80
=================================================================
Total params: 80
Trainable params: 80
Non-trainable params: 0
=================================================================
Latents to Decoder 4
=================================================================
Layer (type:depth-idx)                   Param #
=================================================================
LatentsToDecoder                         --
├─Linear: 1-1                            80
=================================================================
Total params: 80
Trainable params: 80
Non-trainable params: 0
=================================================================
Latents to Decoder 5
=================================================================
Layer (type:depth-idx)                   Param #
=================================================================
LatentsToDecoder                         --
├─Linear: 1-1                            80
=================================================================
Total params: 80
Trainable params: 80
Non-trainable params: 0
=================================================================
Latents to Decoder 6
=================================================================
Layer (type:depth-idx)                   Param #
=================================================================
LatentsToDecoder                         --
├─Linear: 1-1                            80
=================================================================
Total params: 80
Trainable params: 80
Non-trainable params: 0
=================================================================
Latents to Decoder 7
=================================================================
Layer (type:depth-idx)                   Param #
=================================================================
LatentsToDecoder                         --
├─Linear: 1-1                            80
=================================================================
Total params: 80
Trainable params: 80
Non-trainable params: 0
=================================================================
Latents to Decoder 8
=================================================================
Layer (type:depth-idx)                   Param #
=================================================================
LatentsToDecoder                         --
├─Linear: 1-1                            80
=================================================================
Total params: 80
Trainable params: 80
Non-trainable params: 0
=================================================================
Latents to Decoder 9
=================================================================
Layer (type:depth-idx)                   Param #
=================================================================
LatentsToDecoder                         --
├─Linear: 1-1                            80
=================================================================
Total params: 80
Trainable params: 80
Non-trainable params: 0
=================================================================
Decoder
=================================================================
Layer (type:depth-idx)                   Param #
=================================================================
Decoder                                  --
├─Linear: 1-1                            1,640
├─Linear: 1-2                            32,144
=================================================================
Total params: 33,784
Trainable params: 33,784
Non-trainable params: 0
=================================================================
[Epoch   1 (91.95s)]	ELBO: 1186.009, 1222.503, 1240.575, 1248.669, 1252.824, 1253.677, 1253.537, 1252.211, 1250.316, 1248.339 (1387.909)	Log prob: 1207.608, 1246.449, 1265.686, 1274.333, 1279.047, 1280.220, 1280.511, 1279.787, 1278.208, 1276.474 (1404.270)	KLD: 21.600, 23.946, 25.112, 25.663, 26.223, 26.543, 26.974, 27.577, 27.891, 28.135 (16.362)	Grad: 0.474, 0.691, 0.854, 0.943, 0.987, 1.020, 1.023, 1.004, 1.007, 1.072
[Epoch   2 (94.77s)]	ELBO: 1338.792, 1399.768, 1418.117, 1419.820, 1420.097, 1419.839, 1419.601, 1418.776, 1418.343, 1417.580 (1445.737)	Log prob: 1344.846, 1409.166, 1429.458, 1432.146, 1433.282, 1433.226, 1433.404, 1432.996, 1433.052, 1432.585 (1459.453)	KLD: 6.055, 9.398, 11.343, 12.326, 13.185, 13.387, 13.803, 14.219, 14.710, 15.005 (13.716)	Grad: 0.267, 0.317, 0.335, 0.350, 0.383, 0.444, 0.498, 0.540, 0.598, 0.666
[Epoch   3 (91.28s)]	ELBO: 1364.069, 1417.927, 1457.226, 1463.578, 1463.911, 1463.751, 1463.442, 1463.274, 1462.874, 1462.622 (1486.448)	Log prob: 1368.146, 1425.157, 1467.075, 1474.843, 1475.967, 1475.971, 1475.865, 1475.872, 1475.820, 1475.644 (1499.520)	KLD: 4.076, 7.230, 9.850, 11.265, 12.057, 12.219, 12.423, 12.598, 12.947, 13.021 (13.072)	Grad: 0.164, 0.207, 0.240, 0.278, 0.327, 0.391, 0.458, 0.524, 0.595, 0.668
[Epoch   4 (92.39s)]	ELBO: 1374.847, 1432.154, 1481.781, 1503.466, 1505.619, 1507.422, 1507.787, 1507.666, 1507.471, 1507.376 (1528.964)	Log prob: 1378.364, 1438.764, 1491.294, 1514.869, 1517.934, 1520.330, 1520.936, 1520.925, 1520.890, 1520.841 (1543.015)	KLD: 3.517, 6.611, 9.512, 11.403, 12.314, 12.907, 13.149, 13.258, 13.418, 13.466 (14.051)	Grad: 0.117, 0.187, 0.243, 0.299, 0.364, 0.432, 0.506, 0.582, 0.661, 0.743
[Epoch   5 (90.04s)]	ELBO: 1389.792, 1442.356, 1496.204, 1531.920, 1534.835, 1542.618, 1542.765, 1542.696, 1542.620, 1542.473 (1561.757)	Log prob: 1393.094, 1448.706, 1505.628, 1543.478, 1547.366, 1556.630, 1557.047, 1557.036, 1557.026, 1556.907 (1577.017)	KLD: 3.303, 6.350, 9.422, 11.557, 12.531, 14.013, 14.282, 14.338, 14.408, 14.434 (15.260)	Grad: 0.110, 0.201, 0.263, 0.328, 0.405, 0.476, 0.557, 0.645, 0.734, 0.827
[Epoch   6 (89.78s)]	ELBO: 1397.943, 1447.803, 1503.243, 1544.686, 1561.039, 1573.403, 1573.526, 1573.484, 1573.282, 1573.241 (1583.125)	Log prob: 1401.290, 1454.101, 1512.621, 1556.726, 1574.682, 1588.746, 1589.075, 1589.089, 1588.984, 1588.964 (1598.554)	KLD: 3.346, 6.297, 9.378, 12.039, 13.643, 15.344, 15.549, 15.605, 15.703, 15.723 (15.429)	Grad: 0.124, 0.225, 0.304, 0.361, 0.430, 0.496, 0.573, 0.661, 0.754, 0.853
[Epoch   7 (88.84s)]	ELBO: 1402.292, 1451.680, 1508.027, 1553.027, 1578.300, 1589.177, 1589.341, 1589.315, 1589.190, 1589.168 (1597.000)	Log prob: 1405.641, 1457.923, 1517.317, 1565.232, 1592.527, 1605.013, 1605.339, 1605.346, 1605.266, 1605.262 (1613.301)	KLD: 3.350, 6.243, 9.290, 12.205, 14.228, 15.836, 15.997, 16.030, 16.075, 16.095 (16.301)	Grad: 0.127, 0.233, 0.335, 0.395, 0.454, 0.514, 0.585, 0.668, 0.760, 0.856
[Epoch   8 (86.99s)]	ELBO: 1405.225, 1455.612, 1513.003, 1561.540, 1587.840, 1604.488, 1605.065, 1605.105, 1605.160, 1605.101 (1614.128)	Log prob: 1408.621, 1461.915, 1522.382, 1573.860, 1602.269, 1620.819, 1621.784, 1621.849, 1621.954, 1621.923 (1631.450)	KLD: 3.396, 6.303, 9.380, 12.322, 14.430, 16.331, 16.720, 16.742, 16.793, 16.822 (17.322)	Grad: 0.130, 0.241, 0.361, 0.429, 0.487, 0.544, 0.615, 0.698, 0.790, 0.888
[Epoch   9 (81.92s)]	ELBO: 1407.891, 1459.679, 1517.259, 1568.705, 1596.498, 1617.130, 1621.719, 1622.038, 1622.126, 1622.182 (1630.291)	Log prob: 1411.313, 1466.038, 1526.673, 1581.091, 1611.031, 1633.661, 1639.426, 1639.785, 1639.986, 1640.104 (1648.471)	KLD: 3.421, 6.359, 9.414, 12.387, 14.534, 16.531, 17.708, 17.746, 17.861, 17.922 (18.180)	Grad: 0.136, 0.251, 0.381, 0.460, 0.527, 0.588, 0.665, 0.754, 0.854, 0.961
[Epoch  10 (81.21s)]	ELBO: 1409.874, 1463.854, 1520.621, 1574.225, 1603.415, 1625.035, 1632.905, 1633.294, 1633.290, 1633.351 (1636.969)	Log prob: 1413.281, 1470.281, 1530.029, 1586.629, 1617.998, 1641.613, 1650.901, 1651.332, 1651.419, 1651.554 (1655.138)	KLD: 3.407, 6.426, 9.407, 12.404, 14.584, 16.578, 17.998, 18.037, 18.129, 18.204 (18.169)	Grad: 0.136, 0.251, 0.386, 0.465, 0.529, 0.584, 0.657, 0.739, 0.833, 0.936
[Epoch  11 (78.12s)]	ELBO: 1411.193, 1467.474, 1523.688, 1578.313, 1608.277, 1630.489, 1639.505, 1639.704, 1639.659, 1639.643 (1643.441)	Log prob: 1414.571, 1473.939, 1533.092, 1590.694, 1622.850, 1647.057, 1657.555, 1657.786, 1657.791, 1657.843 (1661.447)	KLD: 3.378, 6.465, 9.402, 12.380, 14.572, 16.570, 18.050, 18.082, 18.132, 18.200 (18.006)	Grad: 0.137, 0.252, 0.393, 0.481, 0.552, 0.616, 0.697, 0.787, 0.888, 0.999
[Epoch  12 (79.39s)]	ELBO: 1412.110, 1470.239, 1526.365, 1581.645, 1612.292, 1634.797, 1644.344, 1644.450, 1644.395, 1644.363 (1647.355)	Log prob: 1415.464, 1476.727, 1535.766, 1594.001, 1626.847, 1651.357, 1662.417, 1662.553, 1662.534, 1662.564 (1665.362)	KLD: 3.354, 6.489, 9.400, 12.356, 14.556, 16.560, 18.072, 18.102, 18.140, 18.201 (18.007)	Grad: 0.140, 0.254, 0.395, 0.484, 0.559, 0.625, 0.706, 0.797, 0.901, 1.013
[Epoch  13 (81.26s)]	ELBO: 1413.024, 1472.811, 1528.986, 1584.650, 1615.903, 1638.643, 1648.526, 1648.521, 1648.530, 1648.531 (1651.312)	Log prob: 1416.373, 1479.310, 1538.383, 1596.990, 1630.450, 1655.192, 1666.598, 1666.632, 1666.684, 1666.749 (1669.278)	KLD: 3.351, 6.498, 9.397, 12.339, 14.547, 16.548, 18.071, 18.111, 18.154, 18.218 (17.965)	Grad: 0.142, 0.253, 0.390, 0.478, 0.551, 0.613, 0.689, 0.777, 0.878, 0.988
[Epoch  14 (84.62s)]	ELBO: 1413.610, 1474.872, 1531.236, 1587.429, 1618.872, 1641.762, 1651.849, 1651.887, 1651.874, 1651.916 (1654.008)	Log prob: 1416.949, 1481.353, 1540.621, 1599.754, 1633.403, 1658.299, 1669.908, 1670.006, 1670.061, 1670.171 (1672.010)	KLD: 3.338, 6.482, 9.386, 12.326, 14.531, 16.537, 18.059, 18.119, 18.186, 18.254 (18.001)	Grad: 0.145, 0.256, 0.388, 0.479, 0.552, 0.618, 0.693, 0.782, 0.885, 0.997
[Epoch  15 (77.06s)]	ELBO: 1414.458, 1476.664, 1533.031, 1589.692, 1621.239, 1644.237, 1654.449, 1654.503, 1654.661, 1654.644 (1657.006)	Log prob: 1417.793, 1483.153, 1542.422, 1602.017, 1635.774, 1660.780, 1672.519, 1672.665, 1672.966, 1673.020 (1675.223)	KLD: 3.335, 6.488, 9.391, 12.325, 14.535, 16.542, 18.071, 18.162, 18.306, 18.377 (18.217)	Grad: 0.145, 0.258, 0.390, 0.484, 0.563, 0.636, 0.716, 0.811, 0.917, 1.033
[Epoch  16 (89.50s)]	ELBO: 1415.246, 1478.587, 1534.879, 1591.977, 1623.363, 1646.531, 1656.802, 1656.948, 1657.430, 1657.392 (1658.485)	Log prob: 1418.570, 1485.060, 1544.250, 1604.267, 1637.857, 1663.034, 1674.840, 1675.124, 1675.965, 1676.005 (1677.293)	KLD: 3.324, 6.473, 9.370, 12.290, 14.494, 16.504, 18.039, 18.177, 18.534, 18.614 (18.808)	Grad: 0.145, 0.258, 0.388, 0.485, 0.567, 0.645, 0.727, 0.825, 0.935, 1.052
[Epoch  17 (80.14s)]	ELBO: 1415.942, 1480.244, 1536.479, 1593.999, 1625.351, 1648.584, 1658.886, 1659.244, 1660.429, 1660.458 (1662.245)	Log prob: 1419.270, 1486.719, 1545.861, 1606.294, 1639.849, 1665.094, 1676.935, 1677.518, 1679.347, 1679.462 (1681.481)	KLD: 3.327, 6.475, 9.382, 12.295, 14.497, 16.509, 18.049, 18.275, 18.919, 19.003 (19.236)	Grad: 0.143, 0.253, 0.379, 0.473, 0.551, 0.624, 0.701, 0.794, 0.901, 1.014
[Epoch  18 (82.11s)]	ELBO: 1416.695, 1481.735, 1537.832, 1595.819, 1626.974, 1650.360, 1660.740, 1661.482, 1663.380, 1663.394 (1664.059)	Log prob: 1420.023, 1488.206, 1547.217, 1608.108, 1641.462, 1666.854, 1678.780, 1679.897, 1682.610, 1682.704 (1683.290)	KLD: 3.329, 6.472, 9.384, 12.289, 14.487, 16.495, 18.038, 18.415, 19.229, 19.310 (19.232)	Grad: 0.144, 0.254, 0.378, 0.471, 0.549, 0.619, 0.692, 0.784, 0.887, 0.997
[Epoch  19 (82.88s)]	ELBO: 1417.392, 1483.134, 1539.117, 1597.208, 1628.286, 1651.710, 1662.139, 1663.691, 1665.679, 1665.671 (1667.536)	Log prob: 1420.726, 1489.611, 1548.505, 1609.491, 1642.761, 1668.198, 1680.174, 1682.322, 1685.194, 1685.259 (1687.038)	KLD: 3.333, 6.476, 9.388, 12.283, 14.476, 16.488, 18.034, 18.630, 19.515, 19.588 (19.501)	Grad: 0.145, 0.257, 0.383, 0.483, 0.569, 0.650, 0.736, 0.837, 0.946, 1.063
[Epoch  20 (80.92s)]	ELBO: 1418.067, 1484.376, 1540.268, 1598.772, 1629.663, 1653.210, 1663.580, 1666.417, 1667.951, 1667.994 (1670.182)	Log prob: 1421.404, 1490.853, 1549.669, 1611.058, 1644.142, 1669.695, 1681.614, 1685.315, 1687.703, 1687.810 (1690.160)	KLD: 3.338, 6.478, 9.401, 12.287, 14.480, 16.485, 18.035, 18.897, 19.753, 19.816 (19.979)	Grad: 0.143, 0.254, 0.379, 0.477, 0.559, 0.634, 0.711, 0.803, 0.903, 1.012
[Epoch  21 (82.72s)]	ELBO: 1418.507, 1485.379, 1541.306, 1599.823, 1630.661, 1654.266, 1664.696, 1668.431, 1669.870, 1669.892 (1671.623)	Log prob: 1421.860, 1491.880, 1550.728, 1612.123, 1645.149, 1670.766, 1682.755, 1687.539, 1689.795, 1689.874 (1691.204)	KLD: 3.352, 6.501, 9.422, 12.298, 14.489, 16.501, 18.058, 19.107, 19.924, 19.983 (19.582)	Grad: 0.143, 0.253, 0.378, 0.477, 0.559, 0.637, 0.719, 0.814, 0.917, 1.030
[Epoch  22 (84.24s)]	ELBO: 1419.309, 1486.725, 1542.454, 1601.198, 1631.786, 1655.514, 1665.978, 1670.346, 1671.941, 1671.993 (1673.519)	Log prob: 1422.666, 1493.233, 1551.879, 1613.501, 1646.274, 1672.012, 1684.032, 1689.561, 1691.978, 1692.082 (1693.730)	KLD: 3.357, 6.507, 9.426, 12.303, 14.490, 16.498, 18.055, 19.216, 20.036, 20.088 (20.211)	Grad: 0.145, 0.258, 0.386, 0.489, 0.577, 0.659, 0.745, 0.841, 0.946, 1.060
[Epoch  23 (83.64s)]	ELBO: 1420.029, 1487.825, 1543.524, 1602.243, 1632.743, 1656.488, 1666.970, 1671.877, 1673.805, 1673.817 (1674.316)	Log prob: 1423.398, 1494.349, 1552.973, 1614.564, 1647.253, 1673.009, 1685.048, 1691.178, 1693.976, 1694.038 (1694.091)	KLD: 3.368, 6.523, 9.449, 12.321, 14.510, 16.520, 18.078, 19.301, 20.169, 20.222 (19.775)	Grad: 0.139, 0.250, 0.375, 0.476, 0.559, 0.635, 0.716, 0.807, 0.907, 1.017
[Epoch  24 (83.66s)]	ELBO: 1420.721, 1489.061, 1544.686, 1603.422, 1633.742, 1657.523, 1668.013, 1673.341, 1675.764, 1675.787 (1677.812)	Log prob: 1424.103, 1495.607, 1554.157, 1615.759, 1648.266, 1674.060, 1686.114, 1692.714, 1696.083, 1696.163 (1697.898)	KLD: 3.382, 6.547, 9.472, 12.336, 14.522, 16.538, 18.100, 19.373, 20.318, 20.374 (20.086)	Grad: 0.139, 0.251, 0.378, 0.484, 0.567, 0.645, 0.727, 0.820, 0.920, 1.031
[Epoch  25 (87.55s)]	ELBO: 1421.361, 1489.983, 1545.517, 1604.387, 1634.654, 1658.427, 1669.079, 1674.626, 1677.658, 1677.708 (1678.912)	Log prob: 1424.751, 1496.536, 1554.996, 1616.723, 1649.181, 1674.969, 1687.189, 1694.051, 1698.106, 1698.220 (1699.391)	KLD: 3.391, 6.552, 9.478, 12.337, 14.527, 16.543, 18.109, 19.425, 20.448, 20.511 (20.478)	Grad: 0.138, 0.250, 0.379, 0.485, 0.567, 0.645, 0.725, 0.817, 0.916, 1.025
[Epoch  26 (82.35s)]	ELBO: 1422.013, 1491.041, 1546.590, 1605.199, 1635.338, 1659.121, 1669.764, 1675.761, 1679.226, 1679.184 (1680.523)	Log prob: 1425.420, 1497.617, 1556.088, 1617.552, 1649.887, 1675.683, 1687.897, 1695.247, 1699.786, 1699.811 (1701.151)	KLD: 3.407, 6.576, 9.497, 12.354, 14.549, 16.562, 18.132, 19.486, 20.560, 20.626 (20.628)	Grad: 0.139, 0.253, 0.382, 0.491, 0.576, 0.659, 0.746, 0.842, 0.944, 1.055
[Epoch  27 (81.60s)]	ELBO: 1422.638, 1491.933, 1547.547, 1606.142, 1636.290, 1660.017, 1670.760, 1677.005, 1680.807, 1680.812 (1681.554)	Log prob: 1426.059, 1498.524, 1557.063, 1618.512, 1650.854, 1676.598, 1688.916, 1696.538, 1701.451, 1701.518 (1702.257)	KLD: 3.421, 6.592, 9.515, 12.370, 14.564, 16.581, 18.156, 19.533, 20.644, 20.707 (20.702)	Grad: 0.140, 0.254, 0.384, 0.496, 0.582, 0.665, 0.753, 0.849, 0.952, 1.065
[Epoch  28 (83.67s)]	ELBO: 1423.201, 1492.959, 1548.552, 1607.109, 1636.981, 1660.856, 1671.663, 1678.123, 1682.214, 1682.230 (1682.364)	Log prob: 1426.637, 1499.572, 1558.090, 1619.500, 1651.570, 1677.459, 1689.851, 1697.706, 1702.926, 1702.997 (1703.246)	KLD: 3.437, 6.613, 9.538, 12.392, 14.588, 16.602, 18.189, 19.582, 20.713, 20.766 (20.882)	Grad: 0.139, 0.254, 0.386, 0.499, 0.584, 0.665, 0.751, 0.844, 0.944, 1.054
[Epoch  29 (83.16s)]	ELBO: 1423.998, 1494.011, 1549.524, 1608.108, 1637.787, 1661.668, 1672.469, 1679.265, 1683.526, 1683.529 (1684.723)	Log prob: 1427.448, 1500.636, 1559.067, 1620.502, 1652.386, 1678.282, 1690.673, 1698.870, 1704.291, 1704.335 (1705.060)	KLD: 3.450, 6.626, 9.543, 12.393, 14.599, 16.614, 18.202, 19.605, 20.764, 20.807 (20.337)	Grad: 0.139, 0.253, 0.384, 0.496, 0.582, 0.663, 0.749, 0.843, 0.944, 1.054
[Epoch  30 (81.74s)]	ELBO: 1424.566, 1495.054, 1550.468, 1608.908, 1638.572, 1662.326, 1673.206, 1680.075, 1684.546, 1684.535 (1684.675)	Log prob: 1428.028, 1501.694, 1560.025, 1621.310, 1653.180, 1678.946, 1691.419, 1699.695, 1705.346, 1705.369 (1705.468)	KLD: 3.461, 6.639, 9.558, 12.402, 14.608, 16.621, 18.211, 19.621, 20.798, 20.834 (20.793)	Grad: 0.137, 0.249, 0.379, 0.491, 0.578, 0.659, 0.745, 0.838, 0.939, 1.050
[Epoch  31 (84.39s)]	ELBO: 1425.127, 1495.916, 1551.178, 1609.659, 1639.113, 1662.960, 1673.803, 1680.879, 1685.440, 1685.448 (1686.073)	Log prob: 1428.596, 1502.570, 1560.748, 1622.080, 1653.745, 1679.604, 1692.039, 1700.532, 1706.291, 1706.328 (1706.869)	KLD: 3.469, 6.653, 9.570, 12.421, 14.631, 16.644, 18.237, 19.654, 20.850, 20.879 (20.796)	Grad: 0.137, 0.251, 0.382, 0.495, 0.583, 0.668, 0.758, 0.855, 0.958, 1.070
[Epoch  32 (80.93s)]	ELBO: 1425.665, 1496.823, 1552.177, 1610.576, 1639.876, 1663.604, 1674.541, 1681.670, 1686.370, 1686.324 (1687.173)	Log prob: 1429.153, 1503.496, 1561.767, 1623.010, 1654.521, 1680.262, 1692.797, 1701.350, 1707.261, 1707.237 (1708.058)	KLD: 3.489, 6.674, 9.590, 12.434, 14.645, 16.660, 18.256, 19.679, 20.892, 20.914 (20.885)	Grad: 0.138, 0.254, 0.385, 0.501, 0.589, 0.674, 0.763, 0.857, 0.959, 1.069
[Epoch  33 (93.37s)]	ELBO: 1426.203, 1497.892, 1553.231, 1611.373, 1640.522, 1664.457, 1675.344, 1682.481, 1687.230, 1687.260 (1687.248)	Log prob: 1429.702, 1504.577, 1562.828, 1623.812, 1655.178, 1681.125, 1693.607, 1702.173, 1708.139, 1708.186 (1708.433)	KLD: 3.499, 6.686, 9.598, 12.438, 14.656, 16.668, 18.263, 19.691, 20.910, 20.927 (21.184)	Grad: 0.137, 0.251, 0.382, 0.497, 0.583, 0.663, 0.748, 0.840, 0.940, 1.048
[Epoch  34 (81.41s)]	ELBO: 1426.800, 1498.690, 1553.830, 1612.165, 1641.198, 1664.992, 1675.884, 1683.054, 1687.904, 1687.985 (1688.618)	Log prob: 1430.310, 1505.387, 1563.445, 1624.623, 1655.878, 1681.689, 1694.180, 1702.769, 1708.855, 1708.952 (1709.564)	KLD: 3.510, 6.697, 9.615, 12.458, 14.681, 16.696, 18.296, 19.716, 20.953, 20.967 (20.945)	Grad: 0.137, 0.253, 0.385, 0.503, 0.593, 0.679, 0.770, 0.866, 0.970, 1.082
[Epoch  35 (81.33s)]	ELBO: 1427.104, 1499.278, 1554.866, 1612.763, 1641.631, 1665.490, 1676.419, 1683.652, 1688.588, 1688.665 (1689.225)	Log prob: 1430.626, 1505.991, 1564.501, 1625.238, 1656.329, 1682.201, 1694.731, 1703.395, 1709.573, 1709.663 (1710.344)	KLD: 3.522, 6.714, 9.633, 12.475, 14.697, 16.713, 18.313, 19.743, 20.986, 20.998 (21.119)	Grad: 0.138, 0.253, 0.383, 0.503, 0.592, 0.677, 0.765, 0.859, 0.961, 1.070
[Epoch  36 (81.58s)]	ELBO: 1427.680, 1500.286, 1556.865, 1613.565, 1642.245, 1666.028, 1676.933, 1684.189, 1689.237, 1689.191 (1690.207)	Log prob: 1431.213, 1507.012, 1566.517, 1626.060, 1656.966, 1682.765, 1695.273, 1703.958, 1710.249, 1710.213 (1711.228)	KLD: 3.533, 6.726, 9.650, 12.495, 14.721, 16.737, 18.341, 19.770, 21.013, 21.022 (21.022)	Grad: 0.138, 0.257, 0.387, 0.508, 0.603, 0.694, 0.789, 0.890, 0.998, 1.113
[Epoch  37 (82.12s)]	ELBO: 1428.458, 1501.105, 1558.233, 1614.293, 1642.946, 1666.908, 1677.801, 1685.028, 1690.108, 1690.124 (1690.858)	Log prob: 1431.997, 1507.835, 1567.891, 1626.797, 1657.679, 1683.656, 1696.150, 1704.800, 1711.142, 1711.168 (1711.541)	KLD: 3.539, 6.731, 9.658, 12.505, 14.733, 16.748, 18.348, 19.773, 21.035, 21.044 (20.683)	Grad: 0.136, 0.253, 0.380, 0.500, 0.592, 0.681, 0.772, 0.870, 0.975, 1.088
[Epoch  38 (84.59s)]	ELBO: 1428.761, 1501.795, 1559.400, 1615.099, 1643.648, 1667.684, 1678.469, 1685.662, 1690.794, 1690.872 (1691.812)	Log prob: 1432.316, 1508.543, 1569.076, 1627.620, 1658.400, 1684.455, 1696.830, 1705.437, 1711.834, 1711.920 (1712.122)	KLD: 3.555, 6.748, 9.676, 12.521, 14.753, 16.770, 18.361, 19.775, 21.040, 21.048 (20.309)	Grad: 0.135, 0.250, 0.374, 0.491, 0.583, 0.670, 0.761, 0.858, 0.961, 1.071
[Epoch  39 (83.15s)]	ELBO: 1429.238, 1502.549, 1560.281, 1615.773, 1644.147, 1668.084, 1678.948, 1686.148, 1691.381, 1691.369 (1692.102)	Log prob: 1432.798, 1509.308, 1569.971, 1628.312, 1658.918, 1684.872, 1697.339, 1705.954, 1712.456, 1712.450 (1713.197)	KLD: 3.560, 6.758, 9.692, 12.539, 14.770, 16.787, 18.391, 19.806, 21.075, 21.082 (21.095)	Grad: 0.134, 0.254, 0.376, 0.494, 0.587, 0.676, 0.768, 0.866, 0.969, 1.081
[Epoch  40 (81.07s)]	ELBO: 1429.921, 1503.234, 1561.120, 1616.274, 1644.625, 1668.737, 1679.545, 1686.699, 1692.090, 1692.094 (1692.641)	Log prob: 1433.493, 1510.001, 1570.823, 1628.827, 1659.413, 1685.542, 1697.956, 1706.521, 1713.185, 1713.195 (1714.093)	KLD: 3.572, 6.768, 9.702, 12.554, 14.789, 16.806, 18.411, 19.820, 21.095, 21.102 (21.452)	Grad: 0.135, 0.254, 0.377, 0.498, 0.592, 0.681, 0.773, 0.871, 0.974, 1.086
[Epoch  41 (89.21s)]	ELBO: 1430.089, 1503.645, 1561.636, 1616.794, 1645.025, 1669.114, 1679.937, 1687.110, 1692.458, 1692.522 (1693.497)	Log prob: 1433.671, 1510.434, 1571.358, 1629.364, 1659.826, 1685.930, 1698.360, 1706.943, 1713.574, 1713.643 (1714.759)	KLD: 3.583, 6.788, 9.720, 12.569, 14.802, 16.814, 18.423, 19.833, 21.116, 21.122 (21.262)	Grad: 0.136, 0.257, 0.381, 0.502, 0.597, 0.688, 0.782, 0.882, 0.988, 1.101
[Epoch  42 (86.83s)]	ELBO: 1430.391, 1504.224, 1562.103, 1617.234, 1645.345, 1669.472, 1680.219, 1687.480, 1692.987, 1693.027 (1693.577)	Log prob: 1433.990, 1511.029, 1571.840, 1629.819, 1660.170, 1686.313, 1698.671, 1707.345, 1714.146, 1714.191 (1714.429)	KLD: 3.600, 6.805, 9.736, 12.585, 14.826, 16.841, 18.451, 19.865, 21.158, 21.164 (20.852)	Grad: 0.136, 0.258, 0.385, 0.510, 0.610, 0.706, 0.805, 0.910, 1.020, 1.137
[Epoch  43 (82.11s)]	ELBO: 1431.003, 1505.145, 1562.931, 1618.037, 1646.022, 1670.156, 1680.917, 1688.149, 1693.622, 1693.688 (1693.797)	Log prob: 1434.605, 1511.958, 1572.675, 1630.633, 1660.866, 1687.016, 1699.392, 1708.034, 1714.804, 1714.877 (1715.439)	KLD: 3.601, 6.812, 9.745, 12.597, 14.843, 16.861, 18.474, 19.884, 21.183, 21.188 (21.643)	Grad: 0.137, 0.259, 0.382, 0.504, 0.598, 0.688, 0.782, 0.880, 0.984, 1.097
[Epoch  44 (82.76s)]	ELBO: 1431.181, 1505.405, 1563.219, 1618.259, 1646.156, 1670.300, 1681.198, 1688.336, 1693.993, 1693.973 (1693.675)	Log prob: 1434.783, 1512.216, 1572.971, 1630.861, 1661.001, 1687.158, 1699.671, 1708.218, 1715.174, 1715.160 (1714.934)	KLD: 3.602, 6.812, 9.753, 12.602, 14.848, 16.859, 18.473, 19.882, 21.181, 21.188 (21.258)	Grad: 0.139, 0.266, 0.394, 0.519, 0.620, 0.717, 0.816, 0.922, 1.032, 1.151
[Epoch  45 (81.52s)]	ELBO: 1431.661, 1506.094, 1563.903, 1618.804, 1646.571, 1670.658, 1681.484, 1688.802, 1694.472, 1694.448 (1693.823)	Log prob: 1435.263, 1512.912, 1573.661, 1631.417, 1661.436, 1687.539, 1699.980, 1708.704, 1715.677, 1715.662 (1715.340)	KLD: 3.603, 6.818, 9.759, 12.615, 14.865, 16.880, 18.496, 19.902, 21.206, 21.213 (21.516)	Grad: 0.135, 0.258, 0.381, 0.504, 0.598, 0.691, 0.788, 0.888, 0.995, 1.109
[Epoch  46 (82.23s)]	ELBO: 1432.034, 1506.751, 1564.337, 1619.306, 1646.983, 1671.250, 1682.011, 1689.294, 1695.106, 1695.130 (1695.454)	Log prob: 1435.647, 1513.580, 1574.105, 1631.931, 1661.859, 1688.145, 1700.520, 1709.208, 1716.337, 1716.370 (1716.360)	KLD: 3.612, 6.829, 9.769, 12.626, 14.876, 16.894, 18.509, 19.914, 21.232, 21.240 (20.906)	Grad: 0.136, 0.258, 0.382, 0.503, 0.599, 0.689, 0.782, 0.880, 0.985, 1.097
[Epoch  47 (82.46s)]	ELBO: 1432.452, 1507.313, 1564.906, 1619.783, 1647.235, 1671.497, 1682.357, 1689.531, 1695.498, 1695.490 (1694.941)	Log prob: 1436.069, 1514.148, 1574.692, 1632.425, 1662.124, 1688.404, 1700.880, 1709.457, 1716.746, 1716.751 (1716.385)	KLD: 3.618, 6.835, 9.785, 12.641, 14.888, 16.908, 18.522, 19.927, 21.249, 21.260 (21.444)	Grad: 0.135, 0.258, 0.382, 0.503, 0.603, 0.699, 0.798, 0.900, 1.009, 1.126
[Epoch  48 (84.88s)]	ELBO: 1432.453, 1507.699, 1565.060, 1619.965, 1647.562, 1671.875, 1682.762, 1689.989, 1695.935, 1695.908 (1695.490)	Log prob: 1436.073, 1514.542, 1574.853, 1632.611, 1662.456, 1688.786, 1701.290, 1709.925, 1717.195, 1717.178 (1716.432)	KLD: 3.619, 6.844, 9.792, 12.645, 14.894, 16.911, 18.528, 19.936, 21.261, 21.270 (20.942)	Grad: 0.137, 0.260, 0.385, 0.509, 0.608, 0.702, 0.798, 0.899, 1.007, 1.122
[Epoch  49 (82.06s)]	ELBO: 1432.877, 1508.269, 1565.573, 1620.415, 1647.861, 1672.233, 1683.001, 1690.167, 1696.155, 1696.147 (1696.984)	Log prob: 1436.505, 1515.117, 1575.370, 1633.067, 1662.766, 1689.158, 1701.545, 1710.106, 1717.421, 1717.423 (1718.265)	KLD: 3.629, 6.847, 9.797, 12.653, 14.905, 16.924, 18.544, 19.941, 21.265, 21.275 (21.281)	Grad: 0.138, 0.263, 0.387, 0.509, 0.610, 0.707, 0.807, 0.914, 1.025, 1.144
[Epoch  50 (90.80s)]	ELBO: 1433.048, 1508.485, 1565.633, 1620.631, 1648.004, 1672.208, 1683.148, 1690.351, 1696.367, 1696.414 (1697.409)	Log prob: 1436.676, 1515.337, 1575.435, 1633.291, 1662.917, 1689.135, 1701.698, 1710.300, 1717.651, 1717.709 (1718.754)	KLD: 3.628, 6.851, 9.803, 12.662, 14.913, 16.927, 18.551, 19.950, 21.284, 21.295 (21.345)	Grad: 0.138, 0.265, 0.392, 0.518, 0.622, 0.721, 0.824, 0.931, 1.044, 1.164
[Epoch  51 (81.68s)]	ELBO: 1433.467, 1509.206, 1566.280, 1621.184, 1648.694, 1673.022, 1683.826, 1690.998, 1697.193, 1697.188 (1697.177)	Log prob: 1437.099, 1516.066, 1576.088, 1633.851, 1663.624, 1689.966, 1702.394, 1710.966, 1718.502, 1718.510 (1718.754)	KLD: 3.631, 6.860, 9.809, 12.669, 14.929, 16.943, 18.569, 19.967, 21.310, 21.321 (21.577)	Grad: 0.136, 0.261, 0.383, 0.503, 0.600, 0.693, 0.789, 0.889, 0.994, 1.107
[Epoch  52 (81.22s)]	ELBO: 1433.775, 1509.692, 1566.672, 1621.485, 1648.779, 1673.192, 1683.938, 1691.128, 1697.213, 1697.308 (1697.049)	Log prob: 1437.419, 1516.566, 1576.498, 1634.168, 1663.723, 1690.150, 1702.525, 1711.114, 1718.546, 1718.656 (1718.494)	KLD: 3.644, 6.875, 9.826, 12.684, 14.943, 16.958, 18.586, 19.986, 21.333, 21.347 (21.444)	Grad: 0.136, 0.261, 0.385, 0.507, 0.609, 0.705, 0.805, 0.910, 1.021, 1.139
[Epoch  53 (81.74s)]	ELBO: 1434.268, 1510.367, 1567.035, 1621.612, 1649.025, 1673.376, 1684.127, 1691.431, 1697.701, 1697.686 (1698.251)	Log prob: 1437.914, 1517.241, 1576.866, 1634.297, 1663.974, 1690.342, 1702.719, 1711.429, 1719.046, 1719.047 (1719.737)	KLD: 3.646, 6.874, 9.829, 12.684, 14.950, 16.967, 18.592, 19.998, 21.344, 21.362 (21.486)	Grad: 0.138, 0.264, 0.388, 0.511, 0.611, 0.705, 0.803, 0.904, 1.011, 1.127
[Epoch  54 (80.13s)]	ELBO: 1434.262, 1510.718, 1567.052, 1621.941, 1649.146, 1673.464, 1684.199, 1691.457, 1697.816, 1697.786 (1698.780)	Log prob: 1437.905, 1517.590, 1576.881, 1634.630, 1664.101, 1690.438, 1702.802, 1711.466, 1719.173, 1719.166 (1720.203)	KLD: 3.643, 6.872, 9.830, 12.690, 14.956, 16.974, 18.603, 20.009, 21.358, 21.380 (21.424)	Grad: 0.141, 0.268, 0.395, 0.521, 0.624, 0.723, 0.827, 0.934, 1.047, 1.167
[Epoch  55 (80.78s)]	ELBO: 1434.952, 1511.334, 1567.789, 1622.378, 1649.463, 1673.850, 1684.618, 1691.873, 1698.267, 1698.254 (1698.778)	Log prob: 1438.609, 1518.224, 1577.635, 1635.075, 1664.419, 1690.827, 1703.221, 1711.879, 1719.628, 1719.643 (1719.979)	KLD: 3.657, 6.889, 9.845, 12.697, 14.955, 16.977, 18.603, 20.006, 21.361, 21.389 (21.201)	Grad: 0.140, 0.270, 0.396, 0.520, 0.625, 0.725, 0.830, 0.938, 1.051, 1.171
[Epoch  56 (84.87s)]	ELBO: 1435.193, 1512.026, 1568.169, 1622.631, 1649.813, 1674.133, 1685.000, 1692.290, 1698.620, 1698.650 (1698.982)	Log prob: 1438.846, 1518.915, 1578.012, 1635.331, 1664.776, 1691.112, 1703.611, 1712.310, 1719.997, 1720.060 (1720.250)	KLD: 3.654, 6.889, 9.842, 12.700, 14.963, 16.979, 18.611, 20.020, 21.377, 21.410 (21.268)	Grad: 0.138, 0.265, 0.389, 0.513, 0.614, 0.713, 0.815, 0.921, 1.033, 1.152
[Epoch  57 (76.75s)]	ELBO: 1435.369, 1512.161, 1568.344, 1622.784, 1649.824, 1674.092, 1684.923, 1692.169, 1698.646, 1698.675 (1699.310)	Log prob: 1439.025, 1519.054, 1578.193, 1635.497, 1664.804, 1691.085, 1703.549, 1712.199, 1720.025, 1720.094 (1720.796)	KLD: 3.656, 6.892, 9.849, 12.711, 14.980, 16.994, 18.625, 20.029, 21.377, 21.418 (21.487)	Grad: 0.141, 0.272, 0.398, 0.525, 0.627, 0.728, 0.832, 0.940, 1.052, 1.172
[Epoch  58 (83.20s)]	ELBO: 1435.570, 1512.429, 1568.305, 1622.844, 1650.037, 1674.301, 1685.194, 1692.370, 1698.876, 1698.863 (1699.374)	Log prob: 1439.239, 1519.338, 1578.168, 1635.562, 1665.023, 1691.301, 1703.821, 1712.401, 1720.269, 1720.310 (1721.383)	KLD: 3.669, 6.908, 9.864, 12.717, 14.986, 17.001, 18.626, 20.031, 21.394, 21.448 (22.009)	Grad: 0.139, 0.271, 0.397, 0.522, 0.628, 0.728, 0.833, 0.941, 1.053, 1.173
[Epoch  59 (85.58s)]	ELBO: 1436.029, 1513.157, 1568.987, 1623.660, 1650.696, 1674.999, 1685.854, 1693.148, 1699.658, 1699.762 (1700.558)	Log prob: 1439.708, 1520.073, 1578.862, 1636.394, 1665.706, 1692.027, 1704.515, 1713.213, 1721.092, 1721.273 (1721.785)	KLD: 3.680, 6.917, 9.873, 12.734, 15.010, 17.029, 18.660, 20.065, 21.434, 21.511 (21.227)	Grad: 0.138, 0.266, 0.388, 0.512, 0.613, 0.709, 0.809, 0.911, 1.019, 1.133
[Epoch  60 (79.62s)]	ELBO: 1436.247, 1513.645, 1569.186, 1623.962, 1651.053, 1675.252, 1686.164, 1693.393, 1699.971, 1700.064 (1700.613)	Log prob: 1439.927, 1520.571, 1579.067, 1636.701, 1666.065, 1692.280, 1704.831, 1713.463, 1721.406, 1721.598 (1722.249)	KLD: 3.680, 6.926, 9.882, 12.740, 15.012, 17.028, 18.669, 20.070, 21.434, 21.532 (21.636)	Grad: 0.138, 0.264, 0.385, 0.507, 0.611, 0.709, 0.810, 0.914, 1.024, 1.141
[Epoch  61 (79.68s)]	ELBO: 1436.810, 1514.392, 1569.904, 1624.239, 1651.182, 1675.448, 1686.246, 1693.496, 1700.167, 1700.316 (1700.498)	Log prob: 1440.504, 1521.332, 1579.799, 1636.993, 1666.212, 1692.496, 1704.926, 1713.583, 1721.616, 1721.899 (1722.052)	KLD: 3.693, 6.940, 9.895, 12.754, 15.031, 17.048, 18.680, 20.087, 21.448, 21.582 (21.554)	Grad: 0.137, 0.265, 0.386, 0.509, 0.612, 0.710, 0.813, 0.919, 1.029, 1.146
[Epoch  62 (81.27s)]	ELBO: 1436.783, 1514.578, 1569.953, 1624.443, 1651.353, 1675.587, 1686.488, 1693.722, 1700.373, 1700.490 (1700.412)	Log prob: 1440.476, 1521.516, 1579.850, 1637.196, 1666.383, 1692.638, 1705.176, 1713.824, 1721.843, 1722.123 (1721.744)	KLD: 3.693, 6.938, 9.897, 12.753, 15.030, 17.051, 18.688, 20.102, 21.469, 21.634 (21.332)	Grad: 0.138, 0.263, 0.383, 0.504, 0.611, 0.712, 0.816, 0.924, 1.035, 1.155
[Epoch  63 (82.17s)]	ELBO: 1436.965, 1514.825, 1569.883, 1624.587, 1651.548, 1675.831, 1686.651, 1693.958, 1700.569, 1700.701 (1700.363)	Log prob: 1440.659, 1521.761, 1579.774, 1637.337, 1666.575, 1692.874, 1705.325, 1714.041, 1722.024, 1722.370 (1722.113)	KLD: 3.692, 6.935, 9.892, 12.749, 15.027, 17.042, 18.673, 20.083, 21.454, 21.668 (21.751)	Grad: 0.140, 0.270, 0.396, 0.521, 0.623, 0.722, 0.825, 0.931, 1.042, 1.161
[Epoch  64 (81.70s)]	ELBO: 1436.923, 1515.106, 1569.952, 1624.553, 1651.464, 1675.700, 1686.604, 1693.835, 1700.457, 1700.730 (1700.581)	Log prob: 1440.603, 1522.032, 1579.835, 1637.295, 1666.490, 1692.742, 1705.278, 1713.924, 1721.911, 1722.450 (1722.349)	KLD: 3.680, 6.924, 9.883, 12.742, 15.025, 17.041, 18.675, 20.089, 21.453, 21.719 (21.768)	Grad: 0.144, 0.276, 0.403, 0.530, 0.636, 0.738, 0.844, 0.951, 1.063, 1.182
[Epoch  65 (83.65s)]	ELBO: 1437.146, 1515.567, 1570.311, 1624.638, 1651.582, 1675.810, 1686.713, 1693.909, 1700.575, 1700.957 (1701.297)	Log prob: 1440.828, 1522.496, 1580.202, 1637.385, 1666.614, 1692.859, 1705.402, 1714.003, 1722.037, 1722.777 (1723.072)	KLD: 3.682, 6.930, 9.890, 12.747, 15.032, 17.049, 18.690, 20.092, 21.462, 21.821 (21.774)	Grad: 0.140, 0.272, 0.396, 0.525, 0.631, 0.736, 0.842, 0.953, 1.067, 1.188
[Epoch  66 (77.74s)]	ELBO: 1437.615, 1516.153, 1570.854, 1625.435, 1652.338, 1676.463, 1687.289, 1694.541, 1701.278, 1701.765 (1702.846)	Log prob: 1441.322, 1523.108, 1580.768, 1638.206, 1667.390, 1693.532, 1705.994, 1714.653, 1722.764, 1723.729 (1724.534)	KLD: 3.707, 6.955, 9.915, 12.771, 15.053, 17.070, 18.705, 20.112, 21.486, 21.964 (21.687)	Grad: 0.139, 0.266, 0.387, 0.510, 0.615, 0.717, 0.821, 0.929, 1.044, 1.164
[Epoch  67 (89.14s)]	ELBO: 1437.694, 1516.399, 1571.054, 1625.520, 1652.388, 1676.659, 1687.489, 1694.668, 1701.402, 1702.103 (1701.381)	Log prob: 1441.402, 1523.360, 1580.977, 1638.301, 1667.451, 1693.737, 1706.198, 1714.784, 1722.891, 1724.155 (1723.475)	KLD: 3.708, 6.962, 9.923, 12.782, 15.062, 17.078, 18.710, 20.115, 21.489, 22.051 (22.095)	Grad: 0.143, 0.274, 0.398, 0.524, 0.629, 0.730, 0.837, 0.944, 1.057, 1.175
[Epoch  68 (79.91s)]	ELBO: 1438.088, 1516.770, 1571.154, 1625.704, 1652.541, 1676.779, 1687.678, 1694.909, 1701.554, 1702.466 (1703.178)	Log prob: 1441.800, 1523.735, 1581.082, 1638.490, 1667.612, 1693.867, 1706.407, 1715.046, 1723.055, 1724.610 (1724.926)	KLD: 3.712, 6.966, 9.928, 12.786, 15.071, 17.088, 18.730, 20.136, 21.502, 22.145 (21.748)	Grad: 0.141, 0.272, 0.394, 0.520, 0.627, 0.730, 0.835, 0.943, 1.055, 1.174
[Epoch  69 (78.24s)]	ELBO: 1438.453, 1517.443, 1571.744, 1626.202, 1653.069, 1677.119, 1687.959, 1695.263, 1701.877, 1702.996 (1701.821)	Log prob: 1442.177, 1524.420, 1581.679, 1638.994, 1668.145, 1694.211, 1706.691, 1715.392, 1723.375, 1725.182 (1724.065)	KLD: 3.725, 6.976, 9.935, 12.791, 15.076, 17.091, 18.730, 20.129, 21.497, 22.185 (22.244)	Grad: 0.142, 0.271, 0.392, 0.513, 0.620, 0.722, 0.826, 0.933, 1.043, 1.160
[Epoch  70 (80.85s)]	ELBO: 1438.489, 1517.580, 1571.679, 1626.027, 1652.914, 1677.027, 1687.890, 1695.167, 1701.819, 1703.070 (1704.222)	Log prob: 1442.200, 1524.546, 1581.602, 1638.809, 1667.984, 1694.114, 1706.615, 1715.303, 1723.329, 1725.335 (1726.347)	KLD: 3.712, 6.966, 9.923, 12.781, 15.069, 17.087, 18.725, 20.136, 21.509, 22.264 (22.125)	Grad: 0.142, 0.275, 0.398, 0.525, 0.632, 0.736, 0.842, 0.952, 1.065, 1.184
[Epoch  71 (80.59s)]	ELBO: 1438.898, 1518.340, 1572.091, 1626.569, 1653.281, 1677.342, 1688.231, 1695.434, 1702.093, 1703.445 (1704.160)	Log prob: 1442.607, 1525.308, 1582.014, 1639.350, 1668.349, 1694.422, 1706.955, 1715.568, 1723.599, 1725.738 (1726.259)	KLD: 3.710, 6.968, 9.924, 12.782, 15.069, 17.082, 18.725, 20.134, 21.505, 22.293 (22.099)	Grad: 0.143, 0.274, 0.395, 0.520, 0.626, 0.728, 0.833, 0.938, 1.049, 1.163
[Epoch  72 (81.95s)]	ELBO: 1438.847, 1518.288, 1571.919, 1626.460, 1653.226, 1677.290, 1688.094, 1695.405, 1702.120, 1703.523 (1705.315)	Log prob: 1442.562, 1525.262, 1581.858, 1639.253, 1668.309, 1694.394, 1706.840, 1715.561, 1723.651, 1725.868 (1727.490)	KLD: 3.715, 6.975, 9.938, 12.795, 15.084, 17.103, 18.746, 20.158, 21.531, 22.345 (22.174)	Grad: 0.144, 0.273, 0.395, 0.520, 0.631, 0.737, 0.846, 0.957, 1.071, 1.188
[Epoch  73 (84.24s)]	ELBO: 1439.268, 1518.770, 1572.369, 1626.737, 1653.455, 1677.525, 1688.334, 1695.587, 1702.253, 1703.818 (1702.839)	Log prob: 1442.991, 1525.758, 1582.320, 1639.546, 1668.553, 1694.638, 1707.088, 1715.747, 1723.783, 1726.166 (1725.429)	KLD: 3.724, 6.988, 9.950, 12.809, 15.098, 17.113, 18.753, 20.159, 21.531, 22.350 (22.590)	Grad: 0.147, 0.277, 0.397, 0.521, 0.629, 0.735, 0.844, 0.956, 1.073, 1.192
[Epoch  74 (78.57s)]	ELBO: 1439.584, 1519.198, 1572.345, 1627.015, 1653.658, 1677.762, 1688.539, 1695.805, 1702.419, 1704.037 (1704.021)	Log prob: 1443.318, 1526.199, 1582.307, 1639.835, 1668.761, 1694.880, 1707.299, 1715.977, 1723.954, 1726.420 (1726.760)	KLD: 3.734, 7.001, 9.962, 12.820, 15.103, 17.119, 18.760, 20.173, 21.535, 22.380 (22.740)	Grad: 0.143, 0.271, 0.393, 0.517, 0.627, 0.731, 0.839, 0.948, 1.061, 1.177
[Epoch  75 (82.49s)]	ELBO: 1440.025, 1519.984, 1572.991, 1627.409, 1654.156, 1678.285, 1689.157, 1696.286, 1702.962, 1704.684 (1705.129)	Log prob: 1443.762, 1526.988, 1582.959, 1640.232, 1669.272, 1695.417, 1707.931, 1716.466, 1724.509, 1727.101 (1727.653)	KLD: 3.738, 7.005, 9.967, 12.822, 15.116, 17.132, 18.773, 20.180, 21.546, 22.416 (22.524)	Grad: 0.141, 0.269, 0.389, 0.509, 0.616, 0.719, 0.824, 0.931, 1.042, 1.157
[Epoch  76 (85.84s)]	ELBO: 1439.969, 1520.209, 1572.756, 1627.463, 1654.208, 1678.304, 1689.068, 1696.259, 1702.926, 1704.722 (1703.987)	Log prob: 1443.706, 1527.220, 1582.731, 1640.293, 1669.329, 1695.438, 1707.845, 1716.447, 1724.479, 1727.158 (1726.337)	KLD: 3.737, 7.011, 9.975, 12.831, 15.121, 17.132, 18.777, 20.188, 21.554, 22.436 (22.350)	Grad: 0.143, 0.272, 0.395, 0.519, 0.628, 0.735, 0.844, 0.954, 1.069, 1.188
[Epoch  77 (81.72s)]	ELBO: 1440.223, 1520.520, 1573.134, 1627.851, 1654.422, 1678.407, 1689.196, 1696.403, 1703.078, 1705.009 (1706.516)	Log prob: 1443.963, 1527.527, 1583.103, 1640.673, 1669.541, 1695.545, 1707.979, 1716.600, 1724.640, 1727.468 (1728.824)	KLD: 3.740, 7.007, 9.968, 12.823, 15.120, 17.137, 18.782, 20.196, 21.563, 22.460 (22.308)	Grad: 0.147, 0.277, 0.400, 0.526, 0.633, 0.737, 0.844, 0.954, 1.068, 1.183
[Epoch  78 (81.81s)]	ELBO: 1440.381, 1520.780, 1573.159, 1628.000, 1654.571, 1678.610, 1689.388, 1696.598, 1703.208, 1705.157 (1705.607)	Log prob: 1444.118, 1527.785, 1583.126, 1640.821, 1669.686, 1695.740, 1708.157, 1716.779, 1724.744, 1727.611 (1728.262)	KLD: 3.737, 7.005, 9.967, 12.820, 15.115, 17.129, 18.768, 20.181, 21.535, 22.454 (22.655)	Grad: 0.144, 0.274, 0.393, 0.517, 0.625, 0.731, 0.840, 0.950, 1.065, 1.183
[Epoch  79 (80.01s)]	ELBO: 1440.721, 1521.318, 1573.425, 1627.929, 1654.532, 1678.535, 1689.471, 1696.637, 1703.197, 1705.282 (1706.513)	Log prob: 1444.466, 1528.333, 1583.409, 1640.767, 1669.676, 1695.693, 1708.273, 1716.846, 1724.766, 1727.776 (1728.540)	KLD: 3.745, 7.017, 9.984, 12.839, 15.143, 17.157, 18.801, 20.208, 21.569, 22.493 (22.027)	Grad: 0.149, 0.278, 0.402, 0.525, 0.637, 0.745, 0.856, 0.969, 1.083, 1.199
[Epoch  80 (80.81s)]	ELBO: 1441.369, 1521.996, 1573.992, 1628.442, 1655.179, 1679.248, 1690.051, 1697.240, 1703.866, 1705.916 (1706.309)	Log prob: 1445.121, 1529.021, 1583.983, 1641.289, 1670.323, 1696.405, 1708.851, 1717.448, 1725.429, 1728.410 (1728.961)	KLD: 3.751, 7.026, 9.992, 12.845, 15.145, 17.158, 18.799, 20.207, 21.564, 22.495 (22.652)	Grad: 0.143, 0.271, 0.390, 0.508, 0.614, 0.716, 0.819, 0.925, 1.035, 1.149
[Epoch  81 (80.64s)]	ELBO: 1441.412, 1522.198, 1574.147, 1628.683, 1655.491, 1679.525, 1690.310, 1697.481, 1704.052, 1706.251 (1706.869)	Log prob: 1445.158, 1529.223, 1584.136, 1641.527, 1670.645, 1696.695, 1709.123, 1717.705, 1725.632, 1728.765 (1729.246)	KLD: 3.746, 7.024, 9.989, 12.844, 15.154, 17.168, 18.813, 20.223, 21.580, 22.514 (22.377)	Grad: 0.144, 0.274, 0.391, 0.509, 0.614, 0.717, 0.821, 0.927, 1.037, 1.149
[Epoch  82 (85.38s)]	ELBO: 1441.163, 1521.911, 1573.843, 1628.236, 1655.038, 1679.082, 1689.979, 1697.069, 1703.704, 1705.830 (1706.039)	Log prob: 1444.914, 1528.934, 1583.834, 1641.075, 1670.178, 1696.234, 1708.776, 1717.281, 1725.273, 1728.326 (1728.277)	KLD: 3.750, 7.025, 9.991, 12.840, 15.141, 17.154, 18.798, 20.212, 21.568, 22.496 (22.239)	Grad: 0.150, 0.284, 0.408, 0.533, 0.647, 0.758, 0.870, 0.985, 1.103, 1.224
[Epoch  83 (79.24s)]	ELBO: 1441.580, 1522.567, 1574.463, 1628.833, 1655.456, 1679.498, 1690.410, 1697.526, 1704.120, 1706.278 (1706.886)	Log prob: 1445.337, 1529.608, 1584.472, 1641.691, 1670.616, 1696.672, 1709.222, 1717.746, 1725.694, 1728.807 (1729.423)	KLD: 3.756, 7.042, 10.010, 12.859, 15.160, 17.174, 18.813, 20.220, 21.573, 22.530 (22.537)	Grad: 0.148, 0.279, 0.398, 0.520, 0.631, 0.742, 0.853, 0.967, 1.084, 1.202
[Epoch  84 (91.31s)]	ELBO: 1441.218, 1522.465, 1574.222, 1628.564, 1655.144, 1679.146, 1690.122, 1697.205, 1703.792, 1706.072 (1707.464)	Log prob: 1444.982, 1529.513, 1584.236, 1641.427, 1670.313, 1696.330, 1708.953, 1717.446, 1725.396, 1728.637 (1729.956)	KLD: 3.764, 7.049, 10.015, 12.863, 15.170, 17.183, 18.831, 20.242, 21.603, 22.565 (22.493)	Grad: 0.151, 0.286, 0.409, 0.531, 0.646, 0.753, 0.862, 0.973, 1.087, 1.204
[Epoch  85 (80.02s)]	ELBO: 1442.236, 1523.465, 1575.064, 1629.440, 1656.183, 1680.100, 1691.021, 1698.073, 1704.636, 1706.967 (1707.550)	Log prob: 1445.983, 1530.500, 1585.063, 1642.288, 1671.338, 1697.268, 1709.833, 1718.289, 1726.201, 1729.505 (1730.079)	KLD: 3.746, 7.034, 9.999, 12.848, 15.154, 17.168, 18.813, 20.217, 21.566, 22.538 (22.529)	Grad: 0.140, 0.266, 0.383, 0.499, 0.606, 0.708, 0.812, 0.917, 1.028, 1.139
[Epoch  86 (82.40s)]	ELBO: 1442.201, 1523.667, 1574.941, 1629.273, 1655.979, 1679.927, 1690.901, 1697.972, 1704.457, 1706.801 (1706.047)	Log prob: 1445.965, 1530.720, 1584.962, 1642.142, 1671.159, 1697.120, 1709.734, 1718.207, 1726.047, 1729.366 (1728.533)	KLD: 3.763, 7.052, 10.022, 12.869, 15.181, 17.191, 18.833, 20.236, 21.590, 22.565 (22.486)	Grad: 0.146, 0.278, 0.398, 0.519, 0.629, 0.735, 0.841, 0.951, 1.063, 1.179
[Epoch  87 (82.10s)]	ELBO: 1441.479, 1522.716, 1574.236, 1628.518, 1655.468, 1679.430, 1690.435, 1697.500, 1704.035, 1706.437 (1707.470)	Log prob: 1445.245, 1529.773, 1584.263, 1641.387, 1670.649, 1696.624, 1709.275, 1717.744, 1725.623, 1729.001 (1729.940)	KLD: 3.766, 7.057, 10.027, 12.870, 15.182, 17.194, 18.839, 20.244, 21.587, 22.563 (22.471)	Grad: 0.158, 0.301, 0.431, 0.562, 0.680, 0.793, 0.902, 1.013, 1.129, 1.247
[Epoch  88 (82.03s)]	ELBO: 1442.514, 1523.769, 1575.015, 1629.431, 1656.263, 1680.100, 1690.978, 1697.991, 1704.543, 1707.014 (1707.772)	Log prob: 1446.285, 1530.837, 1585.052, 1642.309, 1671.453, 1697.302, 1709.826, 1718.236, 1726.137, 1729.591 (1730.515)	KLD: 3.769, 7.068, 10.037, 12.879, 15.189, 17.202, 18.848, 20.245, 21.594, 22.576 (22.743)	Grad: 0.148, 0.281, 0.401, 0.523, 0.637, 0.744, 0.855, 0.967, 1.083, 1.200
[Epoch  89 (82.24s)]	ELBO: 1443.022, 1524.604, 1575.619, 1629.913, 1656.636, 1680.484, 1691.384, 1698.359, 1704.861, 1707.299 (1707.548)	Log prob: 1446.781, 1531.658, 1585.636, 1642.773, 1671.809, 1697.662, 1710.213, 1718.591, 1726.442, 1729.874 (1729.996)	KLD: 3.759, 7.053, 10.018, 12.859, 15.173, 17.178, 18.829, 20.233, 21.582, 22.574 (22.447)	Grad: 0.147, 0.280, 0.399, 0.522, 0.632, 0.739, 0.846, 0.956, 1.070, 1.187
[Epoch  90 (83.69s)]	ELBO: 1443.406, 1524.682, 1575.782, 1629.995, 1656.803, 1680.748, 1691.605, 1698.658, 1705.116, 1707.651 (1708.320)	Log prob: 1447.172, 1531.746, 1585.817, 1642.870, 1671.992, 1697.950, 1710.450, 1718.903, 1726.706, 1730.232 (1730.692)	KLD: 3.767, 7.064, 10.034, 12.875, 15.189, 17.202, 18.845, 20.246, 21.589, 22.580 (22.371)	Grad: 0.145, 0.275, 0.392, 0.511, 0.622, 0.728, 0.837, 0.946, 1.059, 1.172
[Epoch  91 (78.74s)]	ELBO: 1443.131, 1524.546, 1575.738, 1629.847, 1656.576, 1680.588, 1691.329, 1698.407, 1704.846, 1707.368 (1708.580)	Log prob: 1446.898, 1531.611, 1585.772, 1642.726, 1671.773, 1697.794, 1710.184, 1718.664, 1726.449, 1729.967 (1731.280)	KLD: 3.768, 7.064, 10.035, 12.880, 15.198, 17.207, 18.854, 20.257, 21.603, 22.599 (22.700)	Grad: 0.152, 0.286, 0.407, 0.529, 0.644, 0.753, 0.865, 0.977, 1.093, 1.208
[Epoch  92 (89.87s)]	ELBO: 1443.405, 1524.988, 1575.823, 1630.096, 1656.949, 1680.769, 1691.635, 1698.565, 1705.078, 1707.684 (1709.051)	Log prob: 1447.179, 1532.062, 1585.863, 1642.977, 1672.155, 1697.981, 1710.490, 1718.818, 1726.673, 1730.284 (1731.378)	KLD: 3.773, 7.075, 10.041, 12.881, 15.205, 17.212, 18.855, 20.254, 21.595, 22.600 (22.326)	Grad: 0.154, 0.291, 0.417, 0.541, 0.657, 0.768, 0.881, 0.995, 1.113, 1.232
[Epoch  93 (81.30s)]	ELBO: 1443.712, 1525.284, 1576.229, 1630.141, 1656.796, 1680.717, 1691.515, 1698.506, 1704.859, 1707.470 (1708.193)	Log prob: 1447.480, 1532.355, 1586.276, 1643.030, 1672.006, 1697.934, 1710.379, 1718.765, 1726.467, 1730.071 (1730.764)	KLD: 3.768, 7.073, 10.045, 12.888, 15.211, 17.218, 18.863, 20.260, 21.607, 22.601 (22.571)	Grad: 0.150, 0.284, 0.407, 0.529, 0.644, 0.753, 0.864, 0.976, 1.092, 1.209
[Epoch  94 (81.73s)]	ELBO: 1443.922, 1525.503, 1576.484, 1630.478, 1657.160, 1681.051, 1691.845, 1698.802, 1705.173, 1707.836 (1708.498)	Log prob: 1447.693, 1532.577, 1586.527, 1643.356, 1672.365, 1698.261, 1710.695, 1719.046, 1726.758, 1730.431 (1730.829)	KLD: 3.770, 7.074, 10.043, 12.879, 15.204, 17.209, 18.850, 20.244, 21.585, 22.595 (22.331)	Grad: 0.151, 0.287, 0.406, 0.526, 0.639, 0.747, 0.857, 0.966, 1.078, 1.192
[Epoch  95 (80.34s)]	ELBO: 1443.885, 1525.627, 1576.630, 1630.644, 1657.355, 1681.173, 1691.946, 1698.907, 1705.300, 1707.883 (1708.681)	Log prob: 1447.663, 1532.710, 1586.686, 1643.535, 1672.562, 1698.390, 1710.806, 1719.161, 1726.892, 1730.479 (1731.077)	KLD: 3.778, 7.083, 10.055, 12.890, 15.207, 17.217, 18.860, 20.254, 21.592, 22.596 (22.395)	Grad: 0.156, 0.296, 0.418, 0.545, 0.659, 0.769, 0.880, 0.994, 1.111, 1.230
[Epoch  96 (81.23s)]	ELBO: 1444.402, 1526.328, 1577.292, 1631.482, 1658.103, 1681.889, 1692.647, 1699.578, 1706.003, 1708.618 (1709.215)	Log prob: 1448.179, 1533.411, 1587.349, 1644.379, 1673.327, 1699.120, 1711.526, 1719.848, 1727.611, 1731.243 (1731.830)	KLD: 3.776, 7.082, 10.057, 12.897, 15.226, 17.233, 18.879, 20.270, 21.608, 22.625 (22.615)	Grad: 0.146, 0.277, 0.395, 0.511, 0.618, 0.721, 0.827, 0.934, 1.044, 1.157
[Epoch  97 (82.71s)]	ELBO: 1443.387, 1525.119, 1575.852, 1630.342, 1657.061, 1680.815, 1691.529, 1698.503, 1704.848, 1707.585 (1709.076)	Log prob: 1447.149, 1532.188, 1585.892, 1643.215, 1672.269, 1698.029, 1710.385, 1718.758, 1726.438, 1730.195 (1731.727)	KLD: 3.762, 7.068, 10.040, 12.873, 15.207, 17.215, 18.856, 20.256, 21.589, 22.610 (22.650)	Grad: 0.156, 0.298, 0.427, 0.554, 0.674, 0.790, 0.908, 1.027, 1.147, 1.270
[Epoch  98 (83.50s)]	ELBO: 1444.312, 1526.148, 1577.314, 1631.292, 1658.138, 1681.954, 1692.751, 1699.644, 1705.967, 1708.765 (1709.014)	Log prob: 1448.098, 1533.236, 1587.368, 1644.178, 1673.357, 1699.181, 1711.627, 1719.913, 1727.575, 1731.391 (1731.356)	KLD: 3.785, 7.088, 10.054, 12.886, 15.220, 17.228, 18.877, 20.270, 21.607, 22.626 (22.342)	Grad: 0.153, 0.291, 0.411, 0.529, 0.639, 0.744, 0.852, 0.961, 1.073, 1.186
[Epoch  99 (80.78s)]	ELBO: 1444.143, 1525.991, 1577.278, 1630.870, 1657.848, 1681.661, 1692.410, 1699.269, 1705.550, 1708.318 (1710.024)	Log prob: 1447.945, 1533.107, 1587.363, 1643.785, 1673.100, 1698.917, 1711.307, 1719.556, 1727.169, 1730.963 (1732.618)	KLD: 3.802, 7.115, 10.084, 12.915, 15.251, 17.256, 18.897, 20.286, 21.619, 22.645 (22.594)	Grad: 0.157, 0.295, 0.421, 0.545, 0.657, 0.765, 0.877, 0.989, 1.107, 1.225
[Epoch 100 (82.53s)]	ELBO: 1444.585, 1526.669, 1577.677, 1631.177, 1658.212, 1681.934, 1692.677, 1699.596, 1705.865, 1708.686 (1710.144)	Log prob: 1448.377, 1533.775, 1587.755, 1644.088, 1673.465, 1699.188, 1711.572, 1719.886, 1727.489, 1731.346 (1732.420)	KLD: 3.791, 7.106, 10.078, 12.912, 15.252, 17.254, 18.895, 20.289, 21.625, 22.660 (22.277)	Grad: 0.149, 0.283, 0.406, 0.528, 0.644, 0.756, 0.869, 0.984, 1.100, 1.218
Best epoch(s): [100]	Training time(s): 8318.00s (8318.00s)	Best ELBO: 1708.765 (1710.144)	Best log prob: 1731.391 (1732.618)
Avg. mu: 0.162, 0.081, -0.141, -0.019, 0.001, 0.112, -0.064, 0.012, -0.030, -0.030
Avg. var: 0.002, 0.002, 0.004, 0.005, 0.014, 0.023, 0.042, 0.079, 0.089, 0.156
Max. mu: 4.981, 3.673, 4.733, 4.777, 4.862, 3.744, 4.468, 4.151, 4.387, 3.969
Max. var: 0.062, 0.077, 0.071, 0.074, 0.161, 0.111, 0.281, 0.364, 0.563, 0.836
Min. mu: -4.587, -3.495, -3.839, -4.561, -3.809, -3.332, -4.241, -4.364, -4.002, -5.142
Min. var: 0.000, 0.000, 0.001, 0.001, 0.003, 0.009, 0.010, 0.026, 0.036, 0.039
Cov. mu:
[[1.840 -0.469 -0.497 -0.295 0.115 0.162 0.156 -0.134 0.034 -0.051]
 [-0.469 1.175 0.010 0.014 -0.053 -0.015 -0.083 0.138 0.005 -0.017]
 [-0.497 0.010 1.141 0.110 0.022 -0.035 -0.026 -0.020 -0.013 0.018]
 [-0.295 0.014 0.110 0.973 -0.074 -0.023 -0.091 -0.003 0.050 0.014]
 [0.115 -0.053 0.022 -0.074 1.051 0.032 0.026 -0.020 0.040 0.005]
 [0.162 -0.015 -0.035 -0.023 0.032 1.002 0.001 -0.008 0.031 0.009]
 [0.156 -0.083 -0.026 -0.091 0.026 0.001 0.987 -0.057 -0.003 -0.020]
 [-0.134 0.138 -0.020 -0.003 -0.020 -0.008 -0.057 0.931 -0.044 -0.048]
 [0.034 0.005 -0.013 0.050 0.040 0.031 -0.003 -0.044 0.935 0.017]
 [-0.051 -0.017 0.018 0.014 0.005 0.009 -0.020 -0.048 0.017 0.779]]
