Encoder
=================================================================
Layer (type:depth-idx)                   Param #
=================================================================
Encoder                                  --
├─Linear: 1-1                            31,400
├─Linear: 1-2                            1,640
=================================================================
Total params: 33,040
Trainable params: 33,040
Non-trainable params: 0
=================================================================
Encoder to Latent
=================================================================
Layer (type:depth-idx)                   Param #
=================================================================
EncoderToLatents                         --
├─Linear: 1-1                            82
├─Linear: 1-2                            82
=================================================================
Total params: 164
Trainable params: 164
Non-trainable params: 0
=================================================================
Latents to Decoder 0
=================================================================
Layer (type:depth-idx)                   Param #
=================================================================
LatentsToDecoder                         --
├─Linear: 1-1                            120
=================================================================
Total params: 120
Trainable params: 120
Non-trainable params: 0
=================================================================
Latents to Decoder 1
=================================================================
Layer (type:depth-idx)                   Param #
=================================================================
LatentsToDecoder                         --
├─Linear: 1-1                            120
=================================================================
Total params: 120
Trainable params: 120
Non-trainable params: 0
=================================================================
Latents to Decoder 2
=================================================================
Layer (type:depth-idx)                   Param #
=================================================================
LatentsToDecoder                         --
├─Linear: 1-1                            120
=================================================================
Total params: 120
Trainable params: 120
Non-trainable params: 0
=================================================================
Latents to Decoder 3
=================================================================
Layer (type:depth-idx)                   Param #
=================================================================
LatentsToDecoder                         --
├─Linear: 1-1                            120
=================================================================
Total params: 120
Trainable params: 120
Non-trainable params: 0
=================================================================
Latents to Decoder 4
=================================================================
Layer (type:depth-idx)                   Param #
=================================================================
LatentsToDecoder                         --
├─Linear: 1-1                            120
=================================================================
Total params: 120
Trainable params: 120
Non-trainable params: 0
=================================================================
Decoder
=================================================================
Layer (type:depth-idx)                   Param #
=================================================================
Decoder                                  --
├─Linear: 1-1                            1,640
├─Linear: 1-2                            32,144
=================================================================
Total params: 33,784
Trainable params: 33,784
Non-trainable params: 0
=================================================================
[Epoch   1 (64.75s)]	ELBO: -21.540, -61.464, -150.619, -203.400, -297.704 (-204.616)	Log prob: -21.539, -61.462, -150.617, -203.398, -297.701 (-204.611)	KLD: 0.001, 0.001, 0.002, 0.003, 0.003 (0.005)	Grad: 1886.189, 5984.618, 44243.666, 84231.179, 136617.974
[Epoch   2 (65.71s)]	ELBO: 167.317, 273.721, 345.681, 380.778, 392.511 (588.439)	Log prob: 167.319, 273.726, 345.689, 380.788, 392.523 (588.451)	KLD: 0.003, 0.006, 0.008, 0.009, 0.011 (0.012)	Grad: 1170.689, 3929.637, 6858.231, 17258.307, 30788.005
[Epoch   3 (60.34s)]	ELBO: -98.217, 41.282, 116.468, 188.749, 204.490 (911.688)	Log prob: -98.215, 41.286, 116.474, 188.755, 204.497 (911.699)	KLD: 0.002, 0.004, 0.005, 0.007, 0.008 (0.011)	Grad: 1194615.408, 2497069.855, 3809352.292, 5122921.587, 6440942.379
[Epoch   4 (61.28s)]	ELBO: 448.847, 655.232, 769.726, 814.225, 724.541 (915.633)	Log prob: 448.852, 655.239, 769.737, 814.240, 724.557 (915.648)	KLD: 0.005, 0.008, 0.011, 0.014, 0.016 (0.015)	Grad: 1242.978, 3352.324, 5750.011, 78320.263, 200750.785
[Epoch   5 (57.11s)]	ELBO: 552.708, 747.061, 850.587, 915.819, 927.490 (-53.398)	Log prob: 552.713, 747.070, 850.599, 915.834, 927.508 (-53.380)	KLD: 0.006, 0.009, 0.012, 0.015, 0.018 (0.018)	Grad: 2095.382, 15866.246, 30331.213, 45088.643, 60039.979
[Epoch   6 (65.63s)]	ELBO: 631.398, 783.034, 870.111, 925.714, 906.854 (998.640)	Log prob: 631.404, 783.043, 870.124, 925.730, 906.872 (998.669)	KLD: 0.006, 0.009, 0.012, 0.016, 0.018 (0.029)	Grad: 31384.052, 96544.497, 162880.327, 229351.284, 296929.686
[Epoch   7 (62.94s)]	ELBO: 708.380, 924.993, 1012.028, 1035.187, 1020.107 (936.866)	Log prob: 708.386, 925.004, 1012.043, 1035.205, 1020.128 (936.889)	KLD: 0.007, 0.011, 0.015, 0.018, 0.022 (0.022)	Grad: 2673.166, 6163.701, 9812.872, 13900.168, 18370.553
[Epoch   8 (60.68s)]	ELBO: 767.711, 944.172, 997.336, 743.436, 624.417 (1051.418)	Log prob: 767.718, 944.184, 997.350, 743.455, 624.438 (1051.499)	KLD: 0.007, 0.011, 0.015, 0.018, 0.022 (0.081)	Grad: 5075.198, 13275.274, 24020.667, 329005.256, 666863.980
[Epoch   9 (65.22s)]	ELBO: 820.924, 1032.796, 1092.600, 1093.103, 1072.190 (1074.605)	Log prob: 820.943, 1032.822, 1092.635, 1093.146, 1072.239 (1074.656)	KLD: 0.018, 0.027, 0.035, 0.043, 0.050 (0.051)	Grad: 672.090, 1521.304, 6233.426, 11605.934, 17105.153
[Epoch  10 (60.26s)]	ELBO: 875.652, 929.271, 948.588, 796.080, 751.100 (912.948)	Log prob: 875.671, 929.300, 948.625, 796.125, 751.153 (912.983)	KLD: 0.019, 0.029, 0.037, 0.045, 0.053 (0.035)	Grad: 402.995, 102969.287, 207041.157, 470835.348, 735239.303
[Epoch  11 (68.96s)]	ELBO: 909.426, 1085.200, 829.649, 768.682, 720.263 (907.335)	Log prob: 909.454, 1085.241, 829.703, 768.749, 720.341 (907.434)	KLD: 0.027, 0.041, 0.055, 0.067, 0.078 (0.100)	Grad: 166.238, 812.955, 482164.782, 992919.388, 1504802.082
[Epoch  12 (62.00s)]	ELBO: 937.608, 1103.826, 1130.229, 1127.661, 1100.520 (1181.362)	Log prob: 937.653, 1103.894, 1130.317, 1127.766, 1100.641 (1181.478)	KLD: 0.045, 0.068, 0.086, 0.104, 0.121 (0.116)	Grad: 634.018, 1481.891, 2883.111, 4422.302, 6151.550
[Epoch  13 (57.13s)]	ELBO: 812.159, 879.308, 895.780, 881.388, 821.025 (1086.825)	Log prob: 812.171, 879.331, 895.811, 881.428, 821.075 (1086.895)	KLD: 0.012, 0.022, 0.031, 0.040, 0.049 (0.071)	Grad: 553565.610, 1157462.321, 1761489.694, 2365814.645, 2971653.566
[Epoch  14 (59.28s)]	ELBO: 951.978, 1073.434, 1085.030, 1054.095, 981.180 (821.769)	Log prob: 951.996, 1073.466, 1085.075, 1054.152, 981.252 (821.848)	KLD: 0.019, 0.032, 0.045, 0.057, 0.071 (0.080)	Grad: 53406.589, 107174.653, 161139.397, 217293.134, 276107.139
[Epoch  15 (56.89s)]	ELBO: 1028.874, 1145.926, 1153.124, 1124.817, 1087.819 (1064.419)	Log prob: 1028.894, 1145.959, 1153.171, 1124.877, 1087.890 (1064.491)	KLD: 0.020, 0.033, 0.047, 0.060, 0.072 (0.072)	Grad: 2231.315, 4704.439, 7633.284, 12911.089, 18600.349
[Epoch  16 (57.94s)]	ELBO: 1052.082, 1149.276, 1144.805, 1122.541, 1082.650 (1007.096)	Log prob: 1052.100, 1149.309, 1144.850, 1122.598, 1082.720 (1007.163)	KLD: 0.019, 0.032, 0.045, 0.057, 0.070 (0.067)	Grad: 1974.101, 4071.920, 7071.700, 10540.102, 14955.640
[Epoch  17 (57.09s)]	ELBO: 1063.860, 1030.275, 970.635, 956.907, 875.548 (1147.620)	Log prob: 1063.870, 1030.293, 970.661, 956.939, 875.587 (1147.654)	KLD: 0.010, 0.017, 0.025, 0.032, 0.040 (0.034)	Grad: 1368.173, 134048.784, 288013.237, 442196.715, 600852.254
[Epoch  18 (55.32s)]	ELBO: 1060.971, 1105.375, 1089.260, 1070.228, 1027.615 (1084.484)	Log prob: 1060.981, 1105.389, 1089.281, 1070.253, 1027.646 (1084.519)	KLD: 0.009, 0.014, 0.020, 0.025, 0.032 (0.035)	Grad: 15250.460, 32482.606, 51648.000, 71366.632, 92081.657
[Epoch  19 (54.97s)]	ELBO: 1096.354, 1087.215, 1086.460, 1057.340, 1030.499 (197.906)	Log prob: 1096.363, 1087.231, 1086.483, 1057.369, 1030.534 (197.940)	KLD: 0.009, 0.016, 0.023, 0.029, 0.035 (0.034)	Grad: 860.582, 13814.770, 27272.076, 41529.640, 55961.515
[Epoch  20 (55.49s)]	ELBO: 1130.953, 1194.560, 1205.169, 1176.313, 1139.021 (1168.670)	Log prob: 1130.964, 1194.576, 1205.192, 1176.344, 1139.059 (1168.707)	KLD: 0.010, 0.017, 0.024, 0.031, 0.038 (0.037)	Grad: 30.440, 169.035, 527.814, 1556.859, 3096.427
[Epoch  21 (54.33s)]	ELBO: 1123.225, 1153.323, 1158.409, 1126.515, 1091.241 (1193.975)	Log prob: 1123.237, 1153.341, 1158.435, 1126.546, 1091.279 (1194.018)	KLD: 0.012, 0.018, 0.026, 0.031, 0.038 (0.043)	Grad: 674.155, 3497.095, 6717.980, 10327.555, 14767.179
[Epoch  22 (53.97s)]	ELBO: 1147.249, 1202.541, 1211.622, 1189.169, 1117.338 (1008.860)	Log prob: 1147.259, 1202.558, 1211.644, 1189.196, 1117.370 (1008.899)	KLD: 0.010, 0.016, 0.021, 0.027, 0.033 (0.039)	Grad: 1052.709, 2200.589, 3541.509, 5321.973, 62233.459
[Epoch  23 (57.18s)]	ELBO: 1006.768, 458.734, 468.919, 451.688, 412.535 (1132.517)	Log prob: 1006.772, 458.740, 468.927, 451.697, 412.546 (1132.525)	KLD: 0.003, 0.006, 0.008, 0.009, 0.011 (0.009)	Grad: 393036.163, 1120501.702, 1848068.688, 2575953.833, 3304690.728
[Epoch  24 (59.41s)]	ELBO: 1157.455, 1208.533, 1220.381, 1199.497, 1168.224 (1216.191)	Log prob: 1157.457, 1208.537, 1220.388, 1199.506, 1168.235 (1216.197)	KLD: 0.003, 0.005, 0.008, 0.010, 0.012 (0.007)	Grad: 2397.138, 4934.059, 7507.363, 10986.450, 15280.704
[Epoch  25 (57.83s)]	ELBO: 1162.649, 1199.696, 1201.749, 1188.165, 1149.857 (1187.334)	Log prob: 1162.650, 1199.700, 1201.754, 1188.173, 1149.867 (1187.340)	KLD: 0.002, 0.004, 0.006, 0.008, 0.009 (0.006)	Grad: 1893.857, 6740.075, 11798.158, 17037.312, 23276.713
[Epoch  26 (56.63s)]	ELBO: 1159.257, 1201.786, 1198.047, 1184.733, 1142.105 (1181.697)	Log prob: 1159.260, 1201.791, 1198.055, 1184.742, 1142.116 (1181.712)	KLD: 0.003, 0.005, 0.007, 0.009, 0.011 (0.015)	Grad: 121412.307, 243577.710, 366055.601, 488850.124, 613553.647
[Epoch  27 (55.89s)]	ELBO: 1182.957, 1219.486, 1224.705, 1209.545, 1030.999 (-379.942)	Log prob: 1182.959, 1219.490, 1224.712, 1209.553, 1031.009 (-379.928)	KLD: 0.002, 0.005, 0.007, 0.009, 0.011 (0.014)	Grad: 2237.271, 5149.791, 8160.344, 11300.269, 713672.498
[Epoch  28 (54.40s)]	ELBO: 1189.385, 1190.672, 1193.411, 1168.331, 1142.858 (984.555)	Log prob: 1189.386, 1190.675, 1193.417, 1168.338, 1142.867 (984.565)	KLD: 0.002, 0.004, 0.006, 0.008, 0.009 (0.010)	Grad: 3484.168, 15770.183, 28288.309, 44463.987, 61177.938
[Epoch  29 (64.71s)]	ELBO: 1205.870, 1243.708, 1227.115, 1211.785, 1147.169 (1191.213)	Log prob: 1205.872, 1243.712, 1227.121, 1211.793, 1147.182 (1191.225)	KLD: 0.002, 0.005, 0.006, 0.009, 0.011 (0.012)	Grad: 437.264, 1184.547, 6399.416, 11784.186, 39923.289
[Epoch  30 (65.61s)]	ELBO: 1210.111, 1253.024, 1245.105, 1220.936, 1193.609 (1216.488)	Log prob: 1210.114, 1253.028, 1245.111, 1220.944, 1193.620 (1216.498)	KLD: 0.002, 0.004, 0.006, 0.008, 0.010 (0.010)	Grad: 1537.543, 3172.338, 5031.357, 7982.131, 11494.935
[Epoch  31 (63.48s)]	ELBO: 1224.858, 1258.792, 1262.390, 1246.843, 1223.632 (1252.121)	Log prob: 1224.860, 1258.797, 1262.397, 1246.849, 1223.641 (1252.132)	KLD: 0.002, 0.004, 0.006, 0.008, 0.009 (0.011)	Grad: 104.667, 924.384, 1819.049, 3318.252, 5162.980
[Epoch  32 (61.51s)]	ELBO: 1223.683, 1263.628, 1263.258, 1256.495, 1236.562 (1237.567)	Log prob: 1223.685, 1263.632, 1263.264, 1256.503, 1236.572 (1237.578)	KLD: 0.002, 0.004, 0.006, 0.008, 0.010 (0.011)	Grad: 2159.920, 4370.525, 6799.203, 9232.920, 11747.210
[Epoch  33 (58.09s)]	ELBO: 1215.964, 1255.848, 1252.048, 1240.113, 1222.988 (1170.404)	Log prob: 1215.966, 1255.853, 1252.053, 1240.120, 1222.997 (1170.410)	KLD: 0.002, 0.004, 0.006, 0.008, 0.009 (0.006)	Grad: 13731.699, 27486.298, 43743.292, 60095.064, 76490.168
[Epoch  34 (60.38s)]	ELBO: 1236.397, 1271.346, 1274.395, 1260.728, 1227.095 (1278.484)	Log prob: 1236.400, 1271.349, 1274.401, 1260.735, 1227.103 (1278.490)	KLD: 0.002, 0.004, 0.006, 0.007, 0.008 (0.005)	Grad: 1778.985, 3661.458, 5574.631, 7677.698, 12632.936
[Epoch  35 (61.25s)]	ELBO: 1245.097, 1278.665, 1280.944, 1269.604, 1244.001 (1148.659)	Log prob: 1245.100, 1278.669, 1280.949, 1269.610, 1244.009 (1148.671)	KLD: 0.002, 0.004, 0.005, 0.007, 0.008 (0.012)	Grad: 2888.241, 5959.418, 9058.958, 12204.412, 16910.567
[Epoch  36 (62.77s)]	ELBO: 1255.232, 1289.856, 1289.026, 1272.016, 1252.068 (1280.209)	Log prob: 1255.233, 1289.860, 1289.031, 1272.022, 1252.077 (1280.221)	KLD: 0.002, 0.003, 0.005, 0.007, 0.008 (0.013)	Grad: 6555.252, 13413.003, 20407.319, 27662.664, 35437.893
[Epoch  37 (62.59s)]	ELBO: 1270.491, 1300.864, 1299.888, 1260.199, 1243.526 (1271.488)	Log prob: 1270.493, 1300.868, 1299.894, 1260.206, 1243.535 (1271.501)	KLD: 0.002, 0.003, 0.005, 0.007, 0.008 (0.014)	Grad: 85.296, 223.821, 420.338, 24689.993, 49070.427
[Epoch  38 (63.30s)]	ELBO: 1269.043, 1299.282, 1296.929, 1287.574, 1279.354 (1292.710)	Log prob: 1269.045, 1299.285, 1296.933, 1287.580, 1279.361 (1292.716)	KLD: 0.002, 0.003, 0.004, 0.006, 0.008 (0.006)	Grad: 4108.101, 8304.734, 12599.072, 16941.808, 21302.443
[Epoch  39 (61.83s)]	ELBO: 1273.109, 1300.568, 1282.689, 1275.065, 1260.461 (1297.771)	Log prob: 1273.112, 1300.573, 1282.696, 1275.073, 1260.471 (1297.777)	KLD: 0.002, 0.003, 0.005, 0.007, 0.009 (0.006)	Grad: 1232.558, 2568.712, 6965.120, 11375.785, 15949.314
[Epoch  40 (67.63s)]	ELBO: 1282.878, 1309.042, 1300.725, 1288.097, 1279.307 (1283.130)	Log prob: 1282.880, 1309.046, 1300.731, 1288.105, 1279.317 (1283.139)	KLD: 0.002, 0.004, 0.006, 0.008, 0.010 (0.009)	Grad: 297.660, 637.147, 1295.338, 2778.177, 4309.006
[Epoch  41 (63.06s)]	ELBO: 1290.049, 1314.829, 1312.163, 1305.464, 1299.279 (1307.119)	Log prob: 1290.050, 1314.833, 1312.169, 1305.471, 1299.288 (1307.132)	KLD: 0.002, 0.004, 0.006, 0.007, 0.009 (0.013)	Grad: 1115.731, 2236.493, 3362.673, 4523.064, 5814.417
[Epoch  42 (64.90s)]	ELBO: 1291.192, 1174.481, 1171.242, 1164.433, 1139.753 (1291.602)	Log prob: 1291.195, 1174.488, 1171.251, 1164.444, 1139.767 (1291.613)	KLD: 0.004, 0.006, 0.009, 0.011, 0.013 (0.011)	Grad: 577.577, 362206.781, 723861.372, 1085577.766, 1448377.439
[Epoch  43 (64.90s)]	ELBO: 1298.549, 1314.836, 1310.763, 1305.066, 1301.146 (1300.314)	Log prob: 1298.553, 1314.842, 1310.771, 1305.077, 1301.159 (1300.328)	KLD: 0.003, 0.006, 0.008, 0.011, 0.014 (0.014)	Grad: 112.866, 465.189, 841.446, 1235.492, 1637.653
[Epoch  44 (69.49s)]	ELBO: 1288.497, 1297.964, 1294.834, 1290.457, 1275.776 (1307.189)	Log prob: 1288.500, 1297.970, 1294.842, 1290.468, 1275.790 (1307.201)	KLD: 0.003, 0.006, 0.009, 0.012, 0.014 (0.012)	Grad: 37427.715, 75084.858, 112748.478, 150461.456, 189897.814
[Epoch  45 (47.67s)]	ELBO: 1288.476, 1295.350, 1291.768, 1286.997, 1277.893 (1302.837)	Log prob: 1288.480, 1295.356, 1291.777, 1287.009, 1277.907 (1302.849)	KLD: 0.003, 0.007, 0.009, 0.012, 0.015 (0.012)	Grad: 95771.984, 191700.833, 287646.189, 383605.146, 479632.610
[Epoch  46 (47.76s)]	ELBO: 1307.239, 1316.741, 1313.667, 1306.930, 1210.093 (1186.839)	Log prob: 1307.241, 1316.748, 1313.677, 1306.943, 1210.109 (1186.852)	KLD: 0.003, 0.006, 0.010, 0.013, 0.016 (0.013)	Grad: 291.111, 759.951, 1233.262, 1979.116, 244082.761
[Epoch  47 (45.00s)]	ELBO: 1305.190, 1311.509, 1306.343, 1302.840, 1298.280 (1260.398)	Log prob: 1305.193, 1311.517, 1306.355, 1302.855, 1298.299 (1260.419)	KLD: 0.003, 0.008, 0.013, 0.016, 0.020 (0.021)	Grad: 6683.232, 13540.244, 20511.185, 27507.389, 34517.528
[Epoch  48 (54.44s)]	ELBO: 1313.066, 1318.338, 1315.346, 1312.584, 1308.075 (1317.170)	Log prob: 1313.069, 1318.345, 1315.356, 1312.599, 1308.095 (1317.181)	KLD: 0.003, 0.007, 0.011, 0.015, 0.019 (0.012)	Grad: 163.655, 409.264, 670.208, 940.011, 1224.073
[Epoch  49 (55.43s)]	ELBO: 1309.965, 1316.143, 1313.489, 1310.386, 1300.503 (1290.454)	Log prob: 1309.968, 1316.150, 1313.501, 1310.401, 1300.522 (1290.473)	KLD: 0.003, 0.007, 0.011, 0.015, 0.018 (0.019)	Grad: 2282.315, 4589.887, 6907.174, 9239.812, 11893.276
[Epoch  50 (50.05s)]	ELBO: 1312.791, 1309.073, 761.788, 758.977, 754.720 (1312.438)	Log prob: 1312.801, 1309.092, 761.818, 759.015, 754.768 (1312.488)	KLD: 0.009, 0.019, 0.030, 0.038, 0.048 (0.050)	Grad: 4904.189, 11303.292, 11887289.253, 23763289.690, 35639301.755
[Epoch  51 (54.94s)]	ELBO: 1317.598, 1317.842, 1314.706, 1285.128, 1281.537 (1306.284)	Log prob: 1317.605, 1317.861, 1314.736, 1285.167, 1281.587 (1306.325)	KLD: 0.008, 0.019, 0.030, 0.040, 0.050 (0.041)	Grad: 52.782, 242.103, 449.076, 14774.166, 29103.311
[Epoch  52 (48.51s)]	ELBO: 1318.540, 1322.074, 1320.128, 1315.414, 1306.287 (1303.308)	Log prob: 1318.549, 1322.093, 1320.158, 1315.454, 1306.338 (1303.354)	KLD: 0.009, 0.019, 0.029, 0.040, 0.051 (0.046)	Grad: 115.594, 237.932, 374.229, 909.513, 1586.899
[Epoch  53 (44.75s)]	ELBO: 1319.499, 1321.193, 1318.631, 1316.684, 1312.335 (1317.255)	Log prob: 1319.506, 1321.210, 1318.661, 1316.722, 1312.383 (1317.303)	KLD: 0.008, 0.018, 0.028, 0.038, 0.047 (0.048)	Grad: 264.343, 546.047, 903.249, 1268.590, 1642.768
[Epoch  54 (48.81s)]	ELBO: 1305.391, 1305.333, 1303.575, 1301.252, 1296.705 (1318.999)	Log prob: 1305.399, 1305.351, 1303.602, 1301.289, 1296.751 (1319.053)	KLD: 0.009, 0.018, 0.028, 0.038, 0.047 (0.054)	Grad: 50866.689, 101864.585, 152877.553, 203909.217, 254947.015
[Epoch  55 (47.44s)]	ELBO: 1319.898, 1320.996, 1320.087, 1317.513, 1313.037 (1303.269)	Log prob: 1319.908, 1321.014, 1320.115, 1317.550, 1313.084 (1303.303)	KLD: 0.010, 0.018, 0.028, 0.037, 0.046 (0.034)	Grad: 486.221, 980.194, 1476.372, 2051.871, 2662.426
[Epoch  56 (50.89s)]	ELBO: 1319.227, 1319.639, 1318.402, 1316.395, 1312.530 (1310.407)	Log prob: 1319.237, 1319.658, 1318.430, 1316.432, 1312.575 (1310.455)	KLD: 0.009, 0.018, 0.028, 0.037, 0.045 (0.048)	Grad: 1183.756, 2392.481, 3604.702, 4820.156, 6049.449
[Epoch  57 (48.35s)]	ELBO: 1322.603, 1323.631, 1322.428, 1320.610, 1316.276 (1318.588)	Log prob: 1322.612, 1323.649, 1322.453, 1320.644, 1316.321 (1318.636)	KLD: 0.008, 0.017, 0.025, 0.034, 0.044 (0.048)	Grad: 174.835, 359.151, 553.298, 755.446, 982.049
[Epoch  58 (51.55s)]	ELBO: 1319.786, 1301.552, 1299.807, 1294.180, 1284.433 (1317.961)	Log prob: 1319.795, 1301.569, 1299.835, 1294.216, 1284.478 (1317.994)	KLD: 0.009, 0.018, 0.027, 0.036, 0.044 (0.033)	Grad: 5825.131, 78821.718, 151826.708, 224973.804, 298774.264
[Epoch  59 (52.75s)]	ELBO: 1322.546, 1321.814, 1320.350, 1316.570, 1312.940 (1312.956)	Log prob: 1322.558, 1321.834, 1320.376, 1316.604, 1312.981 (1313.003)	KLD: 0.011, 0.019, 0.026, 0.034, 0.041 (0.047)	Grad: 252.382, 536.091, 827.995, 1279.954, 1737.728
[Epoch  60 (50.46s)]	ELBO: 1322.108, 1317.773, 1315.588, 1313.617, 1300.157 (1318.565)	Log prob: 1322.118, 1317.791, 1315.614, 1313.650, 1300.199 (1318.593)	KLD: 0.010, 0.018, 0.026, 0.033, 0.041 (0.028)	Grad: 654.491, 2412.982, 4528.120, 6650.121, 11094.109
[Epoch  61 (51.87s)]	ELBO: 1324.094, 1323.474, 1322.610, 1321.150, 1317.834 (1318.898)	Log prob: 1324.103, 1323.492, 1322.635, 1321.182, 1317.874 (1318.937)	KLD: 0.010, 0.018, 0.025, 0.032, 0.040 (0.039)	Grad: 67.152, 146.491, 232.092, 318.814, 409.625
[Epoch  62 (56.21s)]	ELBO: 1324.844, 1324.712, 1323.656, 1321.629, 1303.626 (1304.974)	Log prob: 1324.854, 1324.729, 1323.679, 1321.661, 1303.664 (1305.027)	KLD: 0.010, 0.018, 0.024, 0.031, 0.039 (0.053)	Grad: 20.621, 59.639, 122.502, 191.355, 15641.890
[Epoch  63 (49.39s)]	ELBO: 1323.774, 1323.239, 1321.767, 1318.498, 1314.967 (1317.899)	Log prob: 1323.786, 1323.260, 1321.793, 1318.533, 1315.009 (1317.943)	KLD: 0.012, 0.019, 0.026, 0.034, 0.042 (0.044)	Grad: 363.026, 748.995, 1168.065, 1700.495, 2249.883
[Epoch  64 (49.24s)]	ELBO: 1324.617, 1319.017, 1317.830, 1315.805, 1310.065 (1320.252)	Log prob: 1324.627, 1319.034, 1317.855, 1315.837, 1310.104 (1320.288)	KLD: 0.010, 0.018, 0.025, 0.032, 0.039 (0.036)	Grad: 100.338, 1339.315, 2592.921, 3852.426, 5534.621
[Epoch  65 (50.47s)]	ELBO: 1324.900, 1321.900, 1320.767, 1317.100, 1313.386 (1318.719)	Log prob: 1324.909, 1321.917, 1320.791, 1317.130, 1313.425 (1318.751)	KLD: 0.010, 0.017, 0.023, 0.030, 0.038 (0.032)	Grad: 154.779, 807.300, 1463.010, 3684.439, 5937.492
[Epoch  66 (69.35s)]	ELBO: 1307.468, 1304.369, 1302.208, 1291.886, 1285.635 (1316.895)	Log prob: 1307.477, 1304.384, 1302.232, 1291.917, 1285.674 (1316.932)	KLD: 0.009, 0.016, 0.024, 0.031, 0.039 (0.037)	Grad: 88259.746, 176732.103, 265258.514, 354722.192, 445068.577
[Epoch  67 (72.87s)]	ELBO: 1313.493, 1313.503, 1312.461, 1308.295, 1304.728 (1319.196)	Log prob: 1313.501, 1313.519, 1312.484, 1308.327, 1304.765 (1319.241)	KLD: 0.007, 0.016, 0.023, 0.031, 0.038 (0.045)	Grad: 36626.575, 73257.104, 109890.659, 146614.036, 183356.892
[Epoch  68 (71.91s)]	ELBO: 1324.909, 1324.144, 1323.195, 1321.526, 1317.481 (1315.041)	Log prob: 1324.922, 1324.166, 1323.225, 1321.565, 1317.528 (1315.079)	KLD: 0.014, 0.022, 0.031, 0.039, 0.047 (0.039)	Grad: 276.683, 587.506, 904.220, 1222.869, 1628.394
[Epoch  69 (70.27s)]	ELBO: 1325.302, 1322.929, 1321.434, 1317.271, 1309.883 (1317.113)	Log prob: 1325.316, 1322.952, 1321.463, 1317.310, 1309.927 (1317.167)	KLD: 0.014, 0.022, 0.030, 0.037, 0.044 (0.054)	Grad: 104.889, 455.508, 841.798, 2043.901, 6139.038
[Epoch  70 (69.04s)]	ELBO: 1326.096, 1324.644, 1323.359, 1321.022, 1318.070 (1321.160)	Log prob: 1326.109, 1324.665, 1323.387, 1321.058, 1318.113 (1321.196)	KLD: 0.013, 0.021, 0.028, 0.036, 0.044 (0.036)	Grad: 17.332, 66.623, 125.237, 204.969, 298.399
[Epoch  71 (64.31s)]	ELBO: 1324.217, 1323.456, 1318.002, 1315.518, 1310.226 (1312.407)	Log prob: 1324.232, 1323.479, 1318.031, 1315.556, 1310.270 (1312.457)	KLD: 0.015, 0.023, 0.030, 0.037, 0.043 (0.050)	Grad: 711.197, 1433.596, 3895.187, 6383.869, 8936.653
[Epoch  72 (66.23s)]	ELBO: 1324.856, 1324.298, 1322.477, 1320.655, 1312.849 (1319.000)	Log prob: 1324.870, 1324.318, 1322.505, 1320.690, 1312.892 (1319.047)	KLD: 0.014, 0.021, 0.029, 0.036, 0.043 (0.047)	Grad: 303.586, 620.093, 956.543, 1303.722, 2509.483
[Epoch  73 (65.98s)]	ELBO: 1322.436, 1318.685, 1317.163, 1308.357, 1305.864 (1316.964)	Log prob: 1322.452, 1318.707, 1317.193, 1308.396, 1305.910 (1317.010)	KLD: 0.015, 0.022, 0.030, 0.038, 0.046 (0.046)	Grad: 1815.990, 3799.425, 5805.138, 11707.955, 17618.352
[Epoch  74 (64.81s)]	ELBO: 1325.729, 1325.402, 1324.314, 1322.446, 1318.596 (1322.735)	Log prob: 1325.745, 1325.427, 1324.346, 1322.486, 1318.646 (1322.788)	KLD: 0.017, 0.025, 0.033, 0.041, 0.049 (0.052)	Grad: 311.942, 634.229, 957.978, 1289.475, 1864.272
[Epoch  75 (61.51s)]	ELBO: 1324.827, 1324.051, 1322.762, 1321.372, 1319.286 (1320.588)	Log prob: 1324.843, 1324.076, 1322.794, 1321.412, 1319.333 (1320.645)	KLD: 0.016, 0.024, 0.032, 0.041, 0.047 (0.057)	Grad: 3498.784, 7004.260, 10520.107, 14037.774, 17557.952
[Epoch  76 (49.97s)]	ELBO: 1326.632, 1325.988, 1320.920, 1319.019, 1314.212 (1323.479)	Log prob: 1326.650, 1326.013, 1320.953, 1319.060, 1314.260 (1323.538)	KLD: 0.018, 0.026, 0.033, 0.040, 0.048 (0.058)	Grad: 82.223, 172.157, 544.261, 930.673, 1540.549
[Epoch  77 (42.47s)]	ELBO: 1327.002, 1323.277, 1322.282, 1320.977, 1319.038 (1321.632)	Log prob: 1327.020, 1323.301, 1322.313, 1321.018, 1319.086 (1321.687)	KLD: 0.018, 0.025, 0.033, 0.041, 0.049 (0.055)	Grad: 54.286, 476.741, 899.875, 1324.264, 1750.821
[Epoch  78 (38.50s)]	ELBO: 1326.868, 1325.526, 1324.533, 1323.045, 1321.094 (1321.053)	Log prob: 1326.884, 1325.551, 1324.565, 1323.085, 1321.140 (1321.108)	KLD: 0.017, 0.025, 0.032, 0.040, 0.047 (0.055)	Grad: 69.943, 152.032, 235.339, 323.005, 429.334
[Epoch  79 (38.99s)]	ELBO: 1324.088, 1309.196, 1307.967, 1306.534, 1303.960 (1291.859)	Log prob: 1324.105, 1309.220, 1307.997, 1306.569, 1304.003 (1291.897)	KLD: 0.017, 0.023, 0.030, 0.037, 0.044 (0.038)	Grad: 21621.071, 64760.581, 107906.060, 151052.615, 194225.926
[Epoch  80 (45.51s)]	ELBO: 1327.061, 1324.930, 1323.400, 1322.296, 1319.274 (1320.562)	Log prob: 1327.075, 1324.950, 1323.426, 1322.328, 1319.313 (1320.603)	KLD: 0.014, 0.020, 0.026, 0.033, 0.038 (0.041)	Grad: 1842.165, 3730.915, 5678.779, 7627.584, 9740.945
[Epoch  81 (38.72s)]	ELBO: 1187.131, 1185.005, 1173.739, 1172.028, 1157.944 (1321.055)	Log prob: 1187.151, 1185.037, 1173.786, 1172.086, 1158.013 (1321.136)	KLD: 0.021, 0.032, 0.046, 0.058, 0.069 (0.082)	Grad: 7358641.863, 14717296.718, 22084276.603, 29451268.807, 36834319.175
[Epoch  82 (36.15s)]	ELBO: 1325.472, 1323.915, 1247.597, 1245.498, 1241.978 (1321.049)	Log prob: 1325.502, 1323.966, 1247.667, 1245.588, 1242.090 (1321.176)	KLD: 0.029, 0.051, 0.070, 0.090, 0.111 (0.127)	Grad: 1006.957, 2029.381, 1151856.926, 2301732.615, 3451703.252
[Epoch  83 (39.30s)]	ELBO: 1314.981, 1313.491, 1310.999, 1309.720, 1306.839 (1303.202)	Log prob: 1315.013, 1313.550, 1311.084, 1309.834, 1306.978 (1303.346)	KLD: 0.034, 0.059, 0.086, 0.113, 0.140 (0.143)	Grad: 19162.570, 38374.102, 57594.398, 76815.918, 96060.135
[Epoch  84 (38.90s)]	ELBO: 1326.958, 1325.732, 1322.538, 1321.064, 1318.005 (1322.927)	Log prob: 1326.993, 1325.794, 1322.626, 1321.176, 1318.141 (1323.072)	KLD: 0.036, 0.062, 0.088, 0.111, 0.136 (0.145)	Grad: 48.404, 107.821, 208.652, 314.272, 636.253
[Epoch  85 (30.80s)]	ELBO: 1325.703, 1324.633, 1322.294, 1216.488, 1214.836 (1318.116)	Log prob: 1325.738, 1324.691, 1322.376, 1216.591, 1214.963 (1318.232)	KLD: 0.035, 0.058, 0.081, 0.104, 0.127 (0.116)	Grad: 327.135, 658.788, 995.257, 876327.391, 1751659.744
[Epoch  86 (28.10s)]	ELBO: 1327.444, 1324.639, 1315.528, 1312.874, 1311.060 (1296.471)	Log prob: 1327.471, 1324.687, 1315.594, 1312.962, 1311.166 (1296.559)	KLD: 0.028, 0.048, 0.066, 0.087, 0.106 (0.088)	Grad: 16.601, 103.018, 2909.838, 5737.046, 8569.351
[Epoch  87 (27.26s)]	ELBO: 1327.583, 1326.090, 1323.048, 1318.781, 1316.421 (1322.097)	Log prob: 1327.612, 1326.137, 1323.112, 1318.863, 1316.522 (1322.205)	KLD: 0.029, 0.047, 0.063, 0.082, 0.101 (0.108)	Grad: 31.969, 69.222, 165.764, 305.817, 471.238
[Epoch  88 (26.39s)]	ELBO: 1321.204, 1317.995, 1316.216, 1314.087, 1312.581 (1317.943)	Log prob: 1321.231, 1318.040, 1316.279, 1314.167, 1312.682 (1318.060)	KLD: 0.027, 0.044, 0.062, 0.080, 0.100 (0.117)	Grad: 12105.215, 24365.949, 36631.179, 48901.593, 61176.633
[Epoch  89 (27.44s)]	ELBO: 1327.803, 1308.881, 1300.983, 1297.908, 1296.245 (1316.867)	Log prob: 1327.830, 1308.926, 1301.048, 1297.990, 1296.345 (1316.963)	KLD: 0.027, 0.045, 0.064, 0.083, 0.100 (0.096)	Grad: 108.413, 16670.590, 35623.530, 54676.975, 73741.625
[Epoch  90 (27.15s)]	ELBO: 1328.065, 1325.591, 1322.214, 1320.288, 1318.483 (1321.169)	Log prob: 1328.090, 1325.635, 1322.278, 1320.370, 1318.583 (1321.254)	KLD: 0.025, 0.044, 0.063, 0.082, 0.101 (0.084)	Grad: 30.762, 264.313, 668.587, 1082.827, 1502.845
[Epoch  91 (29.41s)]	ELBO: 1327.138, 1324.963, 1322.977, 1320.532, 1317.473 (1320.547)	Log prob: 1327.162, 1325.007, 1323.038, 1320.609, 1317.568 (1320.627)	KLD: 0.025, 0.044, 0.060, 0.077, 0.094 (0.079)	Grad: 1543.918, 3122.131, 4735.903, 6396.437, 8229.493
[Epoch  92 (27.09s)]	ELBO: 1327.603, 1326.118, 1324.634, 1323.182, 1321.223 (1322.826)	Log prob: 1327.631, 1326.162, 1324.697, 1323.263, 1321.321 (1322.921)	KLD: 0.027, 0.045, 0.063, 0.080, 0.099 (0.095)	Grad: 415.489, 836.986, 1261.249, 1687.030, 2123.658
[Epoch  93 (24.71s)]	ELBO: 1328.297, 1325.724, 1324.421, 1323.081, 1321.598 (1322.621)	Log prob: 1328.321, 1325.766, 1324.484, 1323.162, 1321.697 (1322.712)	KLD: 0.024, 0.044, 0.063, 0.081, 0.099 (0.091)	Grad: 42.328, 159.075, 277.718, 398.292, 566.168
[Epoch  94 (31.96s)]	ELBO: 1293.190, 1290.578, 1288.771, 1285.622, 1284.056 (1282.802)	Log prob: 1293.214, 1290.618, 1288.828, 1285.692, 1284.142 (1282.893)	KLD: 0.024, 0.040, 0.055, 0.071, 0.087 (0.092)	Grad: 2852021.780, 5704259.443, 8556595.014, 11409059.252, 14261542.090
[Epoch  95 (33.76s)]	ELBO: 1327.610, 1325.954, 1324.785, 1322.632, 1321.215 (1320.646)	Log prob: 1327.634, 1325.992, 1324.838, 1322.699, 1321.294 (1320.734)	KLD: 0.024, 0.039, 0.053, 0.067, 0.080 (0.088)	Grad: 73.593, 163.773, 257.985, 411.509, 571.200
[Epoch  96 (26.59s)]	ELBO: 1328.149, 1326.155, 1325.165, 1322.898, 1321.269 (1323.895)	Log prob: 1328.172, 1326.194, 1325.216, 1322.965, 1321.351 (1323.977)	KLD: 0.024, 0.038, 0.053, 0.067, 0.082 (0.082)	Grad: 16.013, 116.439, 218.341, 489.177, 767.309
[Epoch  97 (33.55s)]	ELBO: 1328.252, 1325.960, 1324.699, 1323.208, 1321.744 (1323.070)	Log prob: 1328.274, 1325.997, 1324.749, 1323.273, 1321.821 (1323.167)	KLD: 0.023, 0.037, 0.050, 0.065, 0.078 (0.098)	Grad: 108.548, 271.060, 438.645, 612.008, 797.618
[Epoch  98 (35.62s)]	ELBO: 1328.220, 1292.257, 1290.632, 1288.927, 1287.478 (1315.558)	Log prob: 1328.244, 1292.296, 1290.685, 1288.996, 1287.560 (1315.641)	KLD: 0.023, 0.039, 0.053, 0.068, 0.081 (0.083)	Grad: 27.217, 89758.228, 179561.628, 269366.780, 359173.838
[Epoch  99 (32.58s)]	ELBO: 1328.346, 1325.823, 1318.595, 1316.518, 1314.181 (1321.305)	Log prob: 1328.370, 1325.859, 1318.647, 1316.585, 1314.263 (1321.380)	KLD: 0.024, 0.038, 0.053, 0.067, 0.082 (0.075)	Grad: 21.144, 57.567, 4288.514, 8531.790, 12836.960
[Epoch 100 (40.35s)]	ELBO: 1328.411, 1326.445, 1324.210, 1322.042, 1320.721 (1320.266)	Log prob: 1328.436, 1326.485, 1324.265, 1322.109, 1320.802 (1320.360)	KLD: 0.026, 0.040, 0.054, 0.068, 0.083 (0.094)	Grad: 53.381, 113.354, 332.860, 584.284, 840.542
Best epoch(s): [96]	Training time(s): 5257.69s (5257.69s)	Best ELBO: 1321.744 (1323.895)	Best log prob: 1321.821 (1323.977)
Avg. mu: 0.574, -0.910, -0.012, 0.274, -0.012, 0.274, -0.012, 0.273, -0.012, 0.274
Avg. var: 2.638, 1.486, 1.249, 1.088, 1.247, 1.087, 1.247, 1.087, 1.248, 1.087
Max. mu: 0.574, -0.910, -0.010, 0.345, -0.010, 0.379, -0.002, 0.379, -0.002, 0.379
Max. var: 2.638, 1.486, 1.497, 1.174, 1.507, 1.202, 1.507, 1.201, 1.508, 1.202
Min. mu: 0.574, -0.910, -0.043, 0.274, -0.043, 0.268, -0.043, 0.267, -0.043, 0.267
Min. var: 2.638, 1.486, 1.246, 1.086, 1.236, 1.084, 1.233, 1.076, 1.234, 1.076
Cov. mu:
[[0.000 0.000 0.000 0.000 0.000 0.000 0.000 0.000 0.000 0.000]
 [0.000 0.000 0.000 0.000 0.000 0.000 0.000 0.000 0.000 0.000]
 [0.000 0.000 0.000 -0.000 0.000 -0.000 0.000 -0.000 0.000 -0.000]
 [0.000 0.000 -0.000 0.000 -0.000 0.000 -0.000 0.000 -0.000 0.000]
 [0.000 0.000 0.000 -0.000 0.000 -0.000 0.000 -0.000 0.000 -0.000]
 [0.000 0.000 -0.000 0.000 -0.000 0.000 -0.000 0.000 -0.000 0.000]
 [0.000 0.000 0.000 -0.000 0.000 -0.000 0.000 -0.000 0.000 -0.000]
 [0.000 0.000 -0.000 0.000 -0.000 0.000 -0.000 0.000 -0.000 0.000]
 [0.000 0.000 0.000 -0.000 0.000 -0.000 0.000 -0.000 0.000 -0.000]
 [0.000 0.000 -0.000 0.000 -0.000 0.000 -0.000 0.000 -0.000 0.000]]
