=================================================================
Layer (type:depth-idx)                   Param #
=================================================================
Quotient                                 --
├─Canvas: 1-1                            --
│    └─Linear: 2-1                       784
├─KL: 1-2                                --
│    └─Linear: 2-2                       1
│    └─Linear: 2-3                       1
├─Encoder: 1-3                           --
│    └─Linear: 2-4                       76,930
│    └─Linear: 2-5                       9,702
├─ModuleList: 1-4                        --
│    └─EncoderToLatents: 2-6             --
│    │    └─Linear: 3-1                  99
│    │    └─Linear: 3-2                  99
│    └─EncoderToLatents: 2-7             --
│    │    └─Linear: 3-3                  99
│    │    └─Linear: 3-4                  99
├─ModuleList: 1-5                        --
│    └─LatentsToDecoder: 2-8             --
│    │    └─Linear: 3-5                  196
│    └─LatentsToDecoder: 2-9             --
│    │    └─Linear: 3-6                  196
├─Decoder: 1-6                           --
│    └─Linear: 2-10                      9,702
│    └─Linear: 2-11                      77,616
=================================================================
Total params: 175,524
Trainable params: 175,524
Non-trainable params: 0
=================================================================
[Epoch   1 (22.13s)]	ELBO: 254.132, 373.638 (987.076)	Log prob: 254.165, 373.712 (987.157)	KLD: 0.033, 0.042 (0.080)	Grad: 145859.203
[Epoch   2 (25.37s)]	ELBO: 924.605, 1035.427 (1190.344)	Log prob: 924.637, 1035.483 (1190.397)	KLD: 0.032, 0.025 (0.054)	Grad: 200596.016
[Epoch   3 (25.51s)]	ELBO: 1097.115, 1104.857 (1183.715)	Log prob: 1097.137, 1104.896 (1183.750)	KLD: 0.022, 0.017 (0.035)	Grad: 141741.172
[Epoch   4 (24.21s)]	ELBO: 1203.772, 1179.651 (1256.009)	Log prob: 1203.792, 1179.678 (1256.029)	KLD: 0.019, 0.007 (0.020)	Grad: 129684.312
[Epoch   5 (24.93s)]	ELBO: 1269.010, 1226.222 (1289.490)	Log prob: 1269.032, 1226.249 (1289.515)	KLD: 0.021, 0.006 (0.025)	Grad: 115457.797
[Epoch   6 (23.05s)]	ELBO: 1293.978, 1291.289 (1281.145)	Log prob: 1293.996, 1291.313 (1281.174)	KLD: 0.019, 0.007 (0.028)	Grad: 84187.680
[Epoch   7 (24.15s)]	ELBO: 1300.892, 1296.783 (1304.655)	Log prob: 1300.913, 1296.811 (1304.682)	KLD: 0.022, 0.007 (0.027)	Grad: 75994.781
[Epoch   8 (24.29s)]	ELBO: 1315.175, 1308.251 (938.660)	Log prob: 1315.198, 1308.279 (938.679)	KLD: 0.022, 0.005 (0.020)	Grad: 59211.324
[Epoch   9 (26.07s)]	ELBO: 1318.886, 1311.248 (1310.923)	Log prob: 1318.901, 1311.266 (1310.941)	KLD: 0.015, 0.003 (0.018)	Grad: 57506.535
[Epoch  10 (23.66s)]	ELBO: 1319.792, 1312.549 (1319.732)	Log prob: 1319.803, 1312.563 (1319.743)	KLD: 0.011, 0.003 (0.011)	Grad: 64645.797
[Epoch  11 (23.34s)]	ELBO: 1269.370, 1260.259 (1318.141)	Log prob: 1269.380, 1260.272 (1318.153)	KLD: 0.010, 0.002 (0.012)	Grad: 50894.754
[Epoch  12 (24.17s)]	ELBO: 1323.346, 1319.932 (1323.324)	Log prob: 1323.358, 1319.945 (1323.347)	KLD: 0.012, 0.001 (0.023)	Grad: 55840.285
[Epoch  13 (24.42s)]	ELBO: 1327.419, 1321.903 (1324.233)	Log prob: 1327.529, 1322.015 (1324.450)	KLD: 0.110, 0.002 (0.217)	Grad: 28210.814
[Epoch  14 (24.44s)]	ELBO: 1329.122, 1325.501 (1325.490)	Log prob: 1329.489, 1325.870 (1326.000)	KLD: 0.366, 0.003 (0.510)	Grad: 23522.852
[Epoch  15 (23.92s)]	ELBO: 1329.320, 1327.067 (1305.543)	Log prob: 1329.812, 1327.565 (1305.871)	KLD: 0.492, 0.007 (0.328)	Grad: 11143.288
[Epoch  16 (24.70s)]	ELBO: 1327.667, 1325.122 (1326.826)	Log prob: 1327.798, 1325.264 (1326.885)	KLD: 0.131, 0.010 (0.059)	Grad: 37428.902
[Epoch  17 (25.51s)]	ELBO: 1324.640, 1321.454 (1325.733)	Log prob: 1324.737, 1321.558 (1325.959)	KLD: 0.098, 0.006 (0.226)	Grad: 44119.910
[Epoch  18 (25.44s)]	ELBO: 1328.687, 1324.951 (1327.751)	Log prob: 1328.815, 1325.083 (1327.803)	KLD: 0.128, 0.006 (0.052)	Grad: 31756.422
[Epoch  19 (29.63s)]	ELBO: 1328.847, 1323.848 (1318.523)	Log prob: 1328.981, 1323.996 (1318.674)	KLD: 0.133, 0.015 (0.151)	Grad: 38769.496
[Epoch  20 (29.24s)]	ELBO: 1329.409, 1325.201 (1327.194)	Log prob: 1329.692, 1325.504 (1327.639)	KLD: 0.282, 0.022 (0.445)	Grad: 27762.686
[Epoch  21 (25.80s)]	ELBO: 1329.447, 1326.796 (1314.845)	Log prob: 1329.881, 1327.290 (1315.316)	KLD: 0.434, 0.060 (0.471)	Grad: 19967.211
[Epoch  22 (24.82s)]	ELBO: 1329.609, 1309.694 (1327.757)	Log prob: 1330.056, 1310.270 (1328.369)	KLD: 0.448, 0.127 (0.613)	Grad: 27824.473
[Epoch  23 (24.33s)]	ELBO: 1329.290, 1325.872 (1326.793)	Log prob: 1329.771, 1326.412 (1327.531)	KLD: 0.482, 0.058 (0.738)	Grad: 19091.701
[Epoch  24 (24.08s)]	ELBO: 1329.467, 1322.001 (1327.877)	Log prob: 1330.175, 1322.745 (1328.657)	KLD: 0.709, 0.034 (0.780)	Grad: 20650.844
[Epoch  25 (25.11s)]	ELBO: 1329.558, 1325.303 (1327.850)	Log prob: 1330.248, 1326.106 (1328.754)	KLD: 0.692, 0.111 (0.905)	Grad: 8763.450
[Epoch  26 (29.25s)]	ELBO: 1329.547, 1326.539 (1328.410)	Log prob: 1330.230, 1327.376 (1329.219)	KLD: 0.684, 0.153 (0.809)	Grad: 12874.154
[Epoch  27 (24.99s)]	ELBO: 1329.609, 1325.264 (1293.509)	Log prob: 1330.289, 1326.312 (1294.490)	KLD: 0.680, 0.370 (0.982)	Grad: 23013.258
[Epoch  28 (24.36s)]	ELBO: 1329.644, 1327.661 (1324.407)	Log prob: 1330.330, 1328.702 (1325.342)	KLD: 0.688, 0.353 (0.936)	Grad: 11977.593
[Epoch  29 (25.91s)]	ELBO: 1329.788, 1327.368 (1328.026)	Log prob: 1330.443, 1328.472 (1328.879)	KLD: 0.656, 0.448 (0.853)	Grad: 20433.623
[Epoch  30 (25.63s)]	ELBO: 1329.950, 1323.678 (1328.999)	Log prob: 1330.509, 1324.376 (1329.765)	KLD: 0.559, 0.139 (0.766)	Grad: 20637.699
[Epoch  31 (24.98s)]	ELBO: 1330.016, 1327.597 (1327.182)	Log prob: 1330.515, 1328.326 (1328.037)	KLD: 0.499, 0.231 (0.855)	Grad: 19723.582
[Epoch  32 (24.27s)]	ELBO: 1330.145, 1324.032 (1322.866)	Log prob: 1330.910, 1325.032 (1324.034)	KLD: 0.765, 0.236 (1.168)	Grad: 16293.099
[Epoch  33 (24.69s)]	ELBO: 1330.495, 1328.591 (1285.589)	Log prob: 1331.261, 1329.798 (1286.892)	KLD: 0.764, 0.444 (1.304)	Grad: 10183.067
[Epoch  34 (25.05s)]	ELBO: 1330.948, 1323.061 (1330.355)	Log prob: 1331.706, 1324.125 (1331.375)	KLD: 0.757, 0.308 (1.020)	Grad: 19232.391
[Epoch  35 (26.10s)]	ELBO: 1331.525, 1328.208 (1331.837)	Log prob: 1332.258, 1329.193 (1332.774)	KLD: 0.732, 0.252 (0.938)	Grad: 15342.183
[Epoch  36 (25.15s)]	ELBO: 1332.835, 1331.842 (1332.761)	Log prob: 1333.556, 1332.881 (1333.819)	KLD: 0.721, 0.318 (1.057)	Grad: 9560.854
[Epoch  37 (25.29s)]	ELBO: 1335.449, 1330.527 (1335.988)	Log prob: 1336.154, 1331.467 (1336.740)	KLD: 0.706, 0.234 (0.752)	Grad: 27948.457
[Epoch  38 (26.27s)]	ELBO: 1346.570, 1343.057 (1355.760)	Log prob: 1347.162, 1343.809 (1356.513)	KLD: 0.593, 0.159 (0.753)	Grad: 24757.107
[Epoch  39 (24.63s)]	ELBO: 1368.188, 1362.475 (1370.672)	Log prob: 1368.942, 1363.370 (1371.683)	KLD: 0.754, 0.140 (1.010)	Grad: 27364.574
[Epoch  40 (24.30s)]	ELBO: 1379.594, 1377.763 (1378.451)	Log prob: 1380.651, 1378.938 (1379.726)	KLD: 1.058, 0.117 (1.275)	Grad: 18278.932
[Epoch  41 (21.19s)]	ELBO: 1383.906, 1377.613 (1383.798)	Log prob: 1385.173, 1378.983 (1385.269)	KLD: 1.267, 0.104 (1.471)	Grad: 27049.930
[Epoch  42 (20.69s)]	ELBO: 1389.085, 1385.601 (1387.541)	Log prob: 1390.646, 1387.245 (1389.397)	KLD: 1.561, 0.084 (1.856)	Grad: 30165.875
[Epoch  43 (23.92s)]	ELBO: 1393.080, 1390.634 (1390.516)	Log prob: 1395.028, 1392.627 (1392.636)	KLD: 1.948, 0.046 (2.119)	Grad: 25499.838
[Epoch  44 (16.79s)]	ELBO: 1396.534, 1394.739 (1396.346)	Log prob: 1398.769, 1397.007 (1398.797)	KLD: 2.235, 0.033 (2.451)	Grad: 17514.078
[Epoch  45 (15.52s)]	ELBO: 1399.225, 1398.040 (1389.499)	Log prob: 1401.705, 1400.560 (1392.067)	KLD: 2.479, 0.041 (2.569)	Grad: 17072.525
[Epoch  46 (15.50s)]	ELBO: 1401.603, 1398.863 (1398.473)	Log prob: 1404.253, 1401.552 (1401.251)	KLD: 2.652, 0.037 (2.778)	Grad: 20509.520
[Epoch  47 (16.35s)]	ELBO: 1402.892, 1401.546 (1401.679)	Log prob: 1405.754, 1404.446 (1404.812)	KLD: 2.860, 0.040 (3.133)	Grad: 14102.364
[Epoch  48 (15.61s)]	ELBO: 1404.560, 1401.830 (1377.998)	Log prob: 1407.631, 1404.947 (1381.114)	KLD: 3.070, 0.049 (3.116)	Grad: 20712.611
[Epoch  49 (15.80s)]	ELBO: 1405.796, 1403.593 (1403.142)	Log prob: 1409.121, 1406.984 (1406.668)	KLD: 3.324, 0.067 (3.527)	Grad: 19326.490
[Epoch  50 (15.20s)]	ELBO: 1407.292, 1404.269 (1405.679)	Log prob: 1410.989, 1408.193 (1409.934)	KLD: 3.697, 0.227 (4.255)	Grad: 19096.531
Best epoch(s): [50]	Training time(s): 1179.75s (1179.75s)	Best ELBO: 1404.269 (1405.679)	Best log prob: 1408.193 (1409.934)
