Encoder
=================================================================
Layer (type:depth-idx)                   Param #
=================================================================
Encoder                                  --
├─Linear: 1-1                            76,930
├─Linear: 1-2                            9,702
=================================================================
Total params: 86,632
Trainable params: 86,632
Non-trainable params: 0
=================================================================
Encoder to Latent
=================================================================
Layer (type:depth-idx)                   Param #
=================================================================
EncoderToLatents                         --
├─Linear: 1-1                            99
├─Linear: 1-2                            99
=================================================================
Total params: 198
Trainable params: 198
Non-trainable params: 0
=================================================================
Latents to Decoder 0
=================================================================
Layer (type:depth-idx)                   Param #
=================================================================
LatentsToDecoder                         --
├─Linear: 1-1                            196
=================================================================
Total params: 196
Trainable params: 196
Non-trainable params: 0
=================================================================
Latents to Decoder 1
=================================================================
Layer (type:depth-idx)                   Param #
=================================================================
LatentsToDecoder                         --
├─Linear: 1-1                            196
=================================================================
Total params: 196
Trainable params: 196
Non-trainable params: 0
=================================================================
Decoder
=================================================================
Layer (type:depth-idx)                   Param #
=================================================================
Decoder                                  --
├─Linear: 1-1                            9,702
├─Linear: 1-2                            77,616
=================================================================
Total params: 87,318
Trainable params: 87,318
Non-trainable params: 0
=================================================================
[Epoch   1 (20.96s)]	ELBO: -101.972, -146.524 (33.379)	Log prob: -101.923, -146.423 (33.488)	KLD: 0.049, 0.052 (0.110)	Grad: 68675.986, 77152.896
[Epoch   2 (21.04s)]	ELBO: 40.494, -6.825 (200.451)	Log prob: 40.545, -6.725 (200.542)	KLD: 0.051, 0.049 (0.091)	Grad: 70906.243, 808117.543
[Epoch   3 (19.35s)]	ELBO: 140.821, 303.804 (400.294)	Log prob: 140.868, 303.898 (400.382)	KLD: 0.047, 0.047 (0.088)	Grad: 118402.759, 123522.988
[Epoch   4 (18.61s)]	ELBO: 300.320, 186.804 (561.676)	Log prob: 300.367, 186.892 (561.761)	KLD: 0.047, 0.041 (0.085)	Grad: 36726.274, 21041512.929
[Epoch   5 (20.48s)]	ELBO: 423.763, 680.114 (783.001)	Log prob: 423.810, 680.203 (783.085)	KLD: 0.046, 0.042 (0.084)	Grad: 243718.811, 250034.722
[Epoch   6 (19.63s)]	ELBO: 504.940, 713.823 (760.852)	Log prob: 504.987, 713.908 (760.934)	KLD: 0.046, 0.039 (0.083)	Grad: 85373.993, 2128056.860
[Epoch   7 (19.45s)]	ELBO: 651.579, 830.512 (950.341)	Log prob: 651.619, 830.590 (950.424)	KLD: 0.039, 0.039 (0.083)	Grad: 44912.695, 230604.412
[Epoch   8 (21.96s)]	ELBO: 757.684, 1011.169 (944.542)	Log prob: 757.741, 1011.261 (944.646)	KLD: 0.058, 0.034 (0.104)	Grad: 3567.724, 29588.429
[Epoch   9 (21.32s)]	ELBO: 757.296, 1075.758 (1114.045)	Log prob: 757.366, 1075.852 (1114.106)	KLD: 0.070, 0.024 (0.062)	Grad: 388904.253, 387770.775
[Epoch  10 (21.02s)]	ELBO: 870.053, 960.936 (1134.106)	Log prob: 870.080, 960.990 (1134.185)	KLD: 0.028, 0.026 (0.079)	Grad: 657175.420, 2444967.010
[Epoch  11 (19.90s)]	ELBO: 948.386, 627.158 (1144.520)	Log prob: 948.441, 627.240 (1144.624)	KLD: 0.055, 0.027 (0.104)	Grad: 69884.671, 4682785.456
[Epoch  12 (20.97s)]	ELBO: 1030.687, 1166.102 (1201.133)	Log prob: 1030.802, 1166.239 (1201.341)	KLD: 0.116, 0.021 (0.208)	Grad: 23071.569, 155681.273
[Epoch  13 (21.92s)]	ELBO: 1107.914, 1156.099 (951.095)	Log prob: 1108.143, 1156.352 (951.243)	KLD: 0.229, 0.023 (0.148)	Grad: 678.663, 59512.032
[Epoch  14 (21.11s)]	ELBO: 1063.237, 1059.431 (1185.933)	Log prob: 1063.292, 1059.516 (1185.996)	KLD: 0.055, 0.031 (0.063)	Grad: 148574.262, 5362961.038
[Epoch  15 (22.33s)]	ELBO: 1045.123, 1069.352 (1138.382)	Log prob: 1045.158, 1069.413 (1138.430)	KLD: 0.035, 0.026 (0.048)	Grad: 723086.992, 1028531.953
[Epoch  16 (25.42s)]	ELBO: 1122.814, 1116.125 (1175.953)	Log prob: 1122.839, 1116.170 (1175.990)	KLD: 0.024, 0.020 (0.037)	Grad: 24842.309, 78858.307
[Epoch  17 (21.28s)]	ELBO: 1072.825, 1156.978 (1233.619)	Log prob: 1072.846, 1157.023 (1233.665)	KLD: 0.021, 0.024 (0.046)	Grad: 1086149.508, 1100304.659
[Epoch  18 (22.67s)]	ELBO: 1141.005, 1063.056 (1201.432)	Log prob: 1141.035, 1063.107 (1201.492)	KLD: 0.029, 0.022 (0.060)	Grad: 33490.373, 1095990.793
[Epoch  19 (23.58s)]	ELBO: 1036.556, 1204.897 (1240.491)	Log prob: 1036.591, 1204.952 (1240.542)	KLD: 0.035, 0.020 (0.052)	Grad: 5664338.869, 5537917.159
[Epoch  20 (22.26s)]	ELBO: 1188.071, 1212.403 (1083.610)	Log prob: 1188.101, 1212.453 (1083.647)	KLD: 0.030, 0.021 (0.037)	Grad: 21939.260, 40119.223
[Epoch  21 (21.00s)]	ELBO: 1225.320, 1227.338 (1243.973)	Log prob: 1225.355, 1227.391 (1244.036)	KLD: 0.035, 0.018 (0.063)	Grad: 7963.463, 29956.360
[Epoch  22 (21.29s)]	ELBO: 860.962, 1239.840 (1256.141)	Log prob: 861.006, 1239.900 (1256.198)	KLD: 0.044, 0.016 (0.057)	Grad: 44420526.151, 43082618.722
[Epoch  23 (19.54s)]	ELBO: 1254.297, 1216.186 (1213.262)	Log prob: 1254.345, 1216.253 (1213.359)	KLD: 0.048, 0.019 (0.096)	Grad: 5118.883, 71048.022
[Epoch  24 (21.01s)]	ELBO: 843.485, 1270.108 (1290.363)	Log prob: 843.583, 1270.223 (1290.509)	KLD: 0.099, 0.016 (0.146)	Grad: 61550923.248, 59730972.337
[Epoch  25 (20.79s)]	ELBO: 1285.795, 1284.631 (1293.360)	Log prob: 1286.080, 1284.936 (1293.689)	KLD: 0.285, 0.021 (0.329)	Grad: 4292.404, 16436.793
[Epoch  26 (21.20s)]	ELBO: 1297.007, 1284.541 (1224.526)	Log prob: 1297.293, 1284.846 (1224.707)	KLD: 0.286, 0.019 (0.182)	Grad: 3790.009, 14120.239
[Epoch  27 (21.70s)]	ELBO: 1297.219, 1285.575 (1274.654)	Log prob: 1297.380, 1285.754 (1274.884)	KLD: 0.161, 0.018 (0.230)	Grad: 4046.142, 16950.374
[Epoch  28 (20.67s)]	ELBO: 1301.034, 1300.795 (1305.754)	Log prob: 1301.267, 1301.045 (1306.107)	KLD: 0.233, 0.017 (0.354)	Grad: 3461.654, 3634.575
[Epoch  29 (19.89s)]	ELBO: 1302.774, 1291.230 (1309.939)	Log prob: 1303.097, 1291.569 (1310.421)	KLD: 0.324, 0.015 (0.482)	Grad: 38245.719, 80440.728
[Epoch  30 (20.80s)]	ELBO: 1315.802, 1300.414 (1296.860)	Log prob: 1316.383, 1301.007 (1297.506)	KLD: 0.581, 0.012 (0.646)	Grad: 1.526, 3389.678
[Epoch  31 (22.30s)]	ELBO: 1318.457, 1305.990 (1315.205)	Log prob: 1319.103, 1306.642 (1315.839)	KLD: 0.646, 0.006 (0.634)	Grad: 0.886, 1838.268
[Epoch  32 (20.80s)]	ELBO: 1321.094, 1237.306 (1311.195)	Log prob: 1321.796, 1238.026 (1311.994)	KLD: 0.702, 0.018 (0.798)	Grad: 23.360, 2464812.632
[Epoch  33 (21.73s)]	ELBO: 1322.660, 1309.178 (1321.241)	Log prob: 1323.337, 1309.867 (1321.629)	KLD: 0.676, 0.013 (0.387)	Grad: 295.467, 10783.162
[Epoch  34 (22.78s)]	ELBO: 1298.750, 1290.829 (1270.158)	Log prob: 1298.922, 1291.033 (1270.253)	KLD: 0.172, 0.032 (0.094)	Grad: 6210.097, 18956.516
[Epoch  35 (21.75s)]	ELBO: 1288.629, 1142.156 (1317.995)	Log prob: 1288.688, 1142.252 (1318.115)	KLD: 0.059, 0.037 (0.120)	Grad: 92404.843, 8276865.337
[Epoch  36 (22.59s)]	ELBO: 1321.058, 1317.605 (1310.029)	Log prob: 1321.406, 1317.974 (1310.640)	KLD: 0.348, 0.020 (0.611)	Grad: 7666.919, 11870.952
[Epoch  37 (21.18s)]	ELBO: 1327.000, 1313.073 (1323.861)	Log prob: 1327.571, 1313.679 (1324.513)	KLD: 0.571, 0.035 (0.652)	Grad: 10.956, 8423.694
[Epoch  38 (21.66s)]	ELBO: 1327.130, 1306.770 (1325.355)	Log prob: 1327.894, 1307.639 (1326.564)	KLD: 0.763, 0.106 (1.209)	Grad: 33.920, 111425.145
[Epoch  39 (21.63s)]	ELBO: 1332.408, 1327.395 (1302.888)	Log prob: 1333.509, 1328.705 (1304.074)	KLD: 1.101, 0.209 (1.186)	Grad: 1.074, 1697.491
[Epoch  40 (21.07s)]	ELBO: 1336.751, 1330.728 (1336.193)	Log prob: 1337.711, 1331.898 (1337.612)	KLD: 0.960, 0.210 (1.420)	Grad: 1.457, 3821.771
[Epoch  41 (21.08s)]	ELBO: 1337.582, 1321.154 (1337.151)	Log prob: 1338.919, 1322.908 (1339.108)	KLD: 1.337, 0.416 (1.957)	Grad: 1.786, 46980.199
[Epoch  42 (20.98s)]	ELBO: 1341.034, 1333.522 (1340.752)	Log prob: 1342.522, 1335.492 (1342.689)	KLD: 1.489, 0.481 (1.938)	Grad: 0.927, 4855.386
[Epoch  43 (22.31s)]	ELBO: 1344.176, 1338.517 (1338.598)	Log prob: 1345.486, 1340.229 (1340.411)	KLD: 1.310, 0.402 (1.812)	Grad: 1.636, 3162.629
[Epoch  44 (21.37s)]	ELBO: 1346.647, 1342.003 (1346.640)	Log prob: 1348.027, 1343.793 (1348.378)	KLD: 1.379, 0.411 (1.737)	Grad: 1.160, 1185.495
[Epoch  45 (21.41s)]	ELBO: 1349.356, 1342.375 (1349.612)	Log prob: 1350.698, 1344.174 (1351.638)	KLD: 1.342, 0.457 (2.026)	Grad: 1.814, 73515.179
[Epoch  46 (21.61s)]	ELBO: 1354.039, 1341.920 (1351.871)	Log prob: 1355.600, 1344.046 (1354.239)	KLD: 1.560, 0.565 (2.368)	Grad: 1.371, 31008.462
[Epoch  47 (20.79s)]	ELBO: 1358.616, 1352.187 (1356.337)	Log prob: 1360.428, 1354.727 (1359.036)	KLD: 1.812, 0.729 (2.699)	Grad: 1.523, 4517.299
[Epoch  48 (23.17s)]	ELBO: 1364.931, 1358.901 (1363.925)	Log prob: 1366.921, 1361.752 (1366.984)	KLD: 1.990, 0.860 (3.060)	Grad: 2.021, 6234.181
[Epoch  49 (18.98s)]	ELBO: 1372.011, 1367.975 (1370.746)	Log prob: 1374.128, 1371.062 (1374.029)	KLD: 2.116, 0.970 (3.283)	Grad: 2.419, 682.017
[Epoch  50 (20.47s)]	ELBO: 1376.594, 1355.864 (1374.277)	Log prob: 1378.823, 1359.130 (1377.352)	KLD: 2.229, 1.038 (3.074)	Grad: 3.288, 1149514.659
Best epoch(s): [50]	Training time(s): 1062.83s (1062.83s)	Best ELBO: 1367.975 (1374.277)	Best log prob: 1371.062 (1377.352)
Avg. z: -1.820, 3.284
Max. z: 1.776, 13163.835
Min. z: -10.772, -3959.569
Cov. z:
[[3.499 -0.739]
 [-0.739 27806.610]]
