=================================================================
Layer (type:depth-idx)                   Param #
=================================================================
VAE                                      --
├─Encoder: 1-1                           --
│    └─Linear: 2-1                       38,465
├─Decoder: 1-2                           --
│    └─Linear: 2-2                       39,200
=================================================================
Total params: 77,665
Trainable params: 77,665
Non-trainable params: 0
=================================================================
=================================================================
Layer (type:depth-idx)                   Param #
=================================================================
VAE                                      --
├─Encoder: 1-1                           --
│    └─Linear: 2-1                       38,465
├─Decoder: 1-2                           --
│    └─Linear: 2-2                       39,200
=================================================================
Total params: 77,665
Trainable params: 77,665
Non-trainable params: 0
=================================================================
=================================================================
Layer (type:depth-idx)                   Param #
=================================================================
VAE                                      --
├─Encoder: 1-1                           --
│    └─Linear: 2-1                       38,465
├─Decoder: 1-2                           --
│    └─Linear: 2-2                       39,200
=================================================================
Total params: 77,665
Trainable params: 77,665
Non-trainable params: 0
=================================================================
=================================================================
Layer (type:depth-idx)                   Param #
=================================================================
VAE                                      --
├─Encoder: 1-1                           --
│    └─Linear: 2-1                       38,465
├─Decoder: 1-2                           --
│    └─Linear: 2-2                       39,200
=================================================================
Total params: 77,665
Trainable params: 77,665
Non-trainable params: 0
=================================================================
Training model 1/4...
[Epoch   1 (53.56s)]	ELBO: 1125.588 (1265.796)	Log prob: 1214.631 (1315.897)	KLD: 89.044 (50.101)	Grad: 0.109
[Epoch   2 (50.62s)]	ELBO: 1278.134 (1292.623)	Log prob: 1317.459 (1325.330)	KLD: 39.325 (32.707)	Grad: 0.073
[Epoch   3 (49.98s)]	ELBO: 1297.738 (1307.833)	Log prob: 1326.486 (1332.454)	KLD: 28.747 (24.621)	Grad: 0.071
[Epoch   4 (50.26s)]	ELBO: 1311.471 (1320.319)	Log prob: 1335.241 (1341.907)	KLD: 23.770 (21.589)	Grad: 0.076
[Epoch   5 (48.93s)]	ELBO: 1322.454 (1329.748)	Log prob: 1342.623 (1348.433)	KLD: 20.169 (18.685)	Grad: 0.061
[Epoch   6 (49.97s)]	ELBO: 1330.686 (1336.190)	Log prob: 1347.943 (1353.189)	KLD: 17.257 (16.998)	Grad: 0.069
[Epoch   7 (51.35s)]	ELBO: 1336.995 (1341.144)	Log prob: 1351.938 (1354.078)	KLD: 14.943 (12.933)	Grad: 0.068
[Epoch   8 (49.66s)]	ELBO: 1342.084 (1346.517)	Log prob: 1355.190 (1358.648)	KLD: 13.106 (12.131)	Grad: 0.062
[Epoch   9 (51.46s)]	ELBO: 1346.322 (1350.598)	Log prob: 1357.917 (1361.397)	KLD: 11.595 (10.799)	Grad: 0.072
[Epoch  10 (49.87s)]	ELBO: 1350.088 (1353.927)	Log prob: 1360.416 (1363.670)	KLD: 10.328 (9.743)	Grad: 0.070
[Epoch  11 (49.36s)]	ELBO: 1353.382 (1357.166)	Log prob: 1362.712 (1366.257)	KLD: 9.331 (9.091)	Grad: 0.075
[Epoch  12 (48.03s)]	ELBO: 1356.414 (1358.807)	Log prob: 1364.924 (1366.371)	KLD: 8.510 (7.565)	Grad: 0.072
[Epoch  13 (48.59s)]	ELBO: 1358.930 (1362.473)	Log prob: 1366.803 (1370.109)	KLD: 7.872 (7.636)	Grad: 0.088
[Epoch  14 (48.50s)]	ELBO: 1361.521 (1364.960)	Log prob: 1368.890 (1372.146)	KLD: 7.369 (7.186)	Grad: 0.094
[Epoch  15 (49.47s)]	ELBO: 1363.827 (1367.452)	Log prob: 1370.771 (1374.185)	KLD: 6.944 (6.733)	Grad: 0.086
[Epoch  16 (49.77s)]	ELBO: 1366.605 (1369.827)	Log prob: 1373.117 (1376.603)	KLD: 6.513 (6.776)	Grad: 0.091
[Epoch  17 (49.00s)]	ELBO: 1370.095 (1374.617)	Log prob: 1376.144 (1380.569)	KLD: 6.049 (5.952)	Grad: 0.118
[Epoch  18 (49.39s)]	ELBO: 1375.806 (1381.943)	Log prob: 1381.435 (1387.285)	KLD: 5.629 (5.341)	Grad: 0.131
[Epoch  19 (47.02s)]	ELBO: 1383.045 (1387.259)	Log prob: 1388.377 (1392.455)	KLD: 5.333 (5.196)	Grad: 0.115
[Epoch  20 (48.63s)]	ELBO: 1387.302 (1389.747)	Log prob: 1392.452 (1395.068)	KLD: 5.149 (5.321)	Grad: 0.090
[Epoch  21 (48.16s)]	ELBO: 1389.754 (1392.261)	Log prob: 1394.810 (1397.395)	KLD: 5.055 (5.133)	Grad: 0.102
[Epoch  22 (47.51s)]	ELBO: 1391.457 (1393.193)	Log prob: 1396.459 (1398.276)	KLD: 5.003 (5.083)	Grad: 0.093
[Epoch  23 (50.40s)]	ELBO: 1392.674 (1394.944)	Log prob: 1397.607 (1399.848)	KLD: 4.933 (4.905)	Grad: 0.102
[Epoch  24 (49.59s)]	ELBO: 1393.743 (1393.222)	Log prob: 1398.636 (1398.509)	KLD: 4.893 (5.287)	Grad: 0.104
[Epoch  25 (50.59s)]	ELBO: 1394.817 (1395.451)	Log prob: 1399.680 (1400.515)	KLD: 4.864 (5.064)	Grad: 0.091
[Epoch  26 (49.31s)]	ELBO: 1395.688 (1397.920)	Log prob: 1400.518 (1402.800)	KLD: 4.831 (4.880)	Grad: 0.100
[Epoch  27 (50.75s)]	ELBO: 1396.527 (1398.789)	Log prob: 1401.361 (1403.671)	KLD: 4.834 (4.882)	Grad: 0.099
[Epoch  28 (49.04s)]	ELBO: 1397.446 (1396.975)	Log prob: 1402.272 (1401.464)	KLD: 4.825 (4.489)	Grad: 0.105
[Epoch  29 (50.97s)]	ELBO: 1398.363 (1400.588)	Log prob: 1403.200 (1405.378)	KLD: 4.838 (4.790)	Grad: 0.091
[Epoch  30 (49.88s)]	ELBO: 1399.064 (1401.579)	Log prob: 1403.914 (1406.411)	KLD: 4.850 (4.833)	Grad: 0.094
[Epoch  31 (51.38s)]	ELBO: 1399.950 (1402.255)	Log prob: 1404.789 (1407.192)	KLD: 4.839 (4.937)	Grad: 0.089
[Epoch  32 (49.72s)]	ELBO: 1400.726 (1403.079)	Log prob: 1405.623 (1407.935)	KLD: 4.897 (4.857)	Grad: 0.098
[Epoch  33 (48.81s)]	ELBO: 1401.620 (1403.592)	Log prob: 1406.541 (1408.466)	KLD: 4.921 (4.874)	Grad: 0.093
[Epoch  34 (49.27s)]	ELBO: 1402.366 (1404.528)	Log prob: 1407.325 (1409.526)	KLD: 4.959 (4.998)	Grad: 0.091
[Epoch  35 (51.01s)]	ELBO: 1403.081 (1405.422)	Log prob: 1408.074 (1410.309)	KLD: 4.992 (4.888)	Grad: 0.098
[Epoch  36 (50.63s)]	ELBO: 1403.875 (1405.739)	Log prob: 1408.925 (1411.029)	KLD: 5.049 (5.290)	Grad: 0.114
[Epoch  37 (48.43s)]	ELBO: 1404.903 (1406.111)	Log prob: 1409.995 (1411.443)	KLD: 5.093 (5.333)	Grad: 0.097
[Epoch  38 (48.25s)]	ELBO: 1405.772 (1407.816)	Log prob: 1410.914 (1412.996)	KLD: 5.142 (5.180)	Grad: 0.105
[Epoch  39 (49.43s)]	ELBO: 1406.658 (1408.557)	Log prob: 1411.853 (1413.908)	KLD: 5.194 (5.351)	Grad: 0.109
[Epoch  40 (50.57s)]	ELBO: 1407.823 (1408.927)	Log prob: 1413.101 (1413.933)	KLD: 5.278 (5.006)	Grad: 0.107
[Epoch  41 (49.51s)]	ELBO: 1409.003 (1409.512)	Log prob: 1414.366 (1415.292)	KLD: 5.363 (5.780)	Grad: 0.099
[Epoch  42 (48.62s)]	ELBO: 1410.249 (1411.972)	Log prob: 1415.724 (1417.502)	KLD: 5.476 (5.529)	Grad: 0.112
[Epoch  43 (48.97s)]	ELBO: 1411.479 (1412.710)	Log prob: 1417.055 (1417.867)	KLD: 5.576 (5.157)	Grad: 0.106
[Epoch  44 (48.97s)]	ELBO: 1412.330 (1414.371)	Log prob: 1418.026 (1419.992)	KLD: 5.696 (5.621)	Grad: 0.141
[Epoch  45 (49.94s)]	ELBO: 1413.839 (1413.919)	Log prob: 1419.624 (1419.493)	KLD: 5.785 (5.574)	Grad: 0.110
[Epoch  46 (49.39s)]	ELBO: 1414.756 (1416.041)	Log prob: 1420.649 (1422.068)	KLD: 5.893 (6.028)	Grad: 0.118
[Epoch  47 (49.11s)]	ELBO: 1415.425 (1415.873)	Log prob: 1421.405 (1421.300)	KLD: 5.980 (5.427)	Grad: 0.127
[Epoch  48 (47.64s)]	ELBO: 1416.282 (1417.555)	Log prob: 1422.331 (1423.741)	KLD: 6.049 (6.185)	Grad: 0.128
[Epoch  49 (47.79s)]	ELBO: 1417.106 (1416.832)	Log prob: 1423.205 (1422.948)	KLD: 6.098 (6.116)	Grad: 0.123
[Epoch  50 (48.44s)]	ELBO: 1417.844 (1416.682)	Log prob: 1423.994 (1423.265)	KLD: 6.149 (6.582)	Grad: 0.115
[Epoch  51 (47.47s)]	ELBO: 1418.046 (1418.247)	Log prob: 1424.252 (1423.960)	KLD: 6.205 (5.713)	Grad: 0.144
[Epoch  52 (50.59s)]	ELBO: 1418.796 (1418.896)	Log prob: 1425.026 (1424.794)	KLD: 6.230 (5.898)	Grad: 0.126
[Epoch  53 (47.25s)]	ELBO: 1419.237 (1419.877)	Log prob: 1425.517 (1425.950)	KLD: 6.280 (6.072)	Grad: 0.118
[Epoch  54 (48.00s)]	ELBO: 1419.834 (1419.755)	Log prob: 1426.116 (1425.986)	KLD: 6.282 (6.231)	Grad: 0.124
[Epoch  55 (48.29s)]	ELBO: 1420.219 (1420.999)	Log prob: 1426.553 (1427.210)	KLD: 6.334 (6.210)	Grad: 0.127
[Epoch  56 (48.59s)]	ELBO: 1420.585 (1420.994)	Log prob: 1426.908 (1427.450)	KLD: 6.323 (6.456)	Grad: 0.122
[Epoch  57 (48.91s)]	ELBO: 1420.654 (1421.371)	Log prob: 1427.031 (1427.607)	KLD: 6.377 (6.236)	Grad: 0.146
[Epoch  58 (49.61s)]	ELBO: 1421.091 (1421.781)	Log prob: 1427.489 (1427.958)	KLD: 6.398 (6.177)	Grad: 0.137
[Epoch  59 (49.68s)]	ELBO: 1421.592 (1421.795)	Log prob: 1427.938 (1428.495)	KLD: 6.347 (6.700)	Grad: 0.126
[Epoch  60 (48.86s)]	ELBO: 1421.819 (1421.652)	Log prob: 1428.230 (1427.715)	KLD: 6.411 (6.063)	Grad: 0.135
[Epoch  61 (49.28s)]	ELBO: 1421.986 (1422.578)	Log prob: 1428.447 (1428.849)	KLD: 6.460 (6.271)	Grad: 0.147
[Epoch  62 (48.29s)]	ELBO: 1422.426 (1422.978)	Log prob: 1428.878 (1429.234)	KLD: 6.453 (6.255)	Grad: 0.130
[Epoch  63 (50.46s)]	ELBO: 1422.500 (1422.442)	Log prob: 1428.969 (1429.097)	KLD: 6.468 (6.656)	Grad: 0.135
[Epoch  64 (49.20s)]	ELBO: 1422.899 (1423.288)	Log prob: 1429.415 (1429.735)	KLD: 6.516 (6.447)	Grad: 0.139
[Epoch  65 (46.85s)]	ELBO: 1423.315 (1422.571)	Log prob: 1429.801 (1429.040)	KLD: 6.486 (6.469)	Grad: 0.125
[Epoch  66 (49.08s)]	ELBO: 1423.305 (1423.049)	Log prob: 1429.819 (1429.030)	KLD: 6.514 (5.981)	Grad: 0.150
[Epoch  67 (48.58s)]	ELBO: 1423.740 (1423.715)	Log prob: 1430.251 (1430.459)	KLD: 6.512 (6.744)	Grad: 0.132
[Epoch  68 (49.99s)]	ELBO: 1424.026 (1423.756)	Log prob: 1430.557 (1430.367)	KLD: 6.532 (6.610)	Grad: 0.131
[Epoch  69 (48.31s)]	ELBO: 1424.002 (1423.829)	Log prob: 1430.553 (1429.986)	KLD: 6.551 (6.158)	Grad: 0.138
[Epoch  70 (47.56s)]	ELBO: 1424.244 (1424.692)	Log prob: 1430.823 (1431.113)	KLD: 6.578 (6.421)	Grad: 0.153
[Epoch  71 (49.31s)]	ELBO: 1424.725 (1424.923)	Log prob: 1431.309 (1431.262)	KLD: 6.584 (6.339)	Grad: 0.127
[Epoch  72 (50.33s)]	ELBO: 1424.798 (1422.274)	Log prob: 1431.378 (1427.966)	KLD: 6.580 (5.692)	Grad: 0.132
[Epoch  73 (48.47s)]	ELBO: 1424.834 (1424.957)	Log prob: 1431.447 (1431.351)	KLD: 6.613 (6.393)	Grad: 0.143
[Epoch  74 (48.82s)]	ELBO: 1425.051 (1424.954)	Log prob: 1431.644 (1431.426)	KLD: 6.593 (6.472)	Grad: 0.149
[Epoch  75 (48.63s)]	ELBO: 1425.295 (1423.268)	Log prob: 1431.907 (1429.360)	KLD: 6.612 (6.093)	Grad: 0.144
[Epoch  76 (48.18s)]	ELBO: 1425.612 (1425.310)	Log prob: 1432.261 (1431.848)	KLD: 6.649 (6.538)	Grad: 0.123
[Epoch  77 (48.94s)]	ELBO: 1425.631 (1425.574)	Log prob: 1432.256 (1432.085)	KLD: 6.625 (6.511)	Grad: 0.148
[Epoch  78 (49.08s)]	ELBO: 1425.796 (1425.481)	Log prob: 1432.419 (1432.053)	KLD: 6.624 (6.572)	Grad: 0.142
[Epoch  79 (49.01s)]	ELBO: 1426.081 (1425.110)	Log prob: 1432.739 (1431.748)	KLD: 6.658 (6.639)	Grad: 0.140
[Epoch  80 (48.51s)]	ELBO: 1426.261 (1426.167)	Log prob: 1432.944 (1432.846)	KLD: 6.683 (6.679)	Grad: 0.139
[Epoch  81 (49.16s)]	ELBO: 1426.414 (1425.598)	Log prob: 1433.077 (1432.049)	KLD: 6.663 (6.451)	Grad: 0.146
[Epoch  82 (48.14s)]	ELBO: 1426.476 (1425.965)	Log prob: 1433.167 (1432.339)	KLD: 6.690 (6.373)	Grad: 0.157
[Epoch  83 (49.62s)]	ELBO: 1426.647 (1426.029)	Log prob: 1433.357 (1432.675)	KLD: 6.711 (6.645)	Grad: 0.145
[Epoch  84 (49.02s)]	ELBO: 1426.959 (1425.917)	Log prob: 1433.659 (1432.220)	KLD: 6.700 (6.303)	Grad: 0.135
[Epoch  85 (47.72s)]	ELBO: 1427.007 (1425.003)	Log prob: 1433.720 (1431.702)	KLD: 6.713 (6.699)	Grad: 0.144
[Epoch  86 (47.05s)]	ELBO: 1427.172 (1426.737)	Log prob: 1433.899 (1433.606)	KLD: 6.727 (6.869)	Grad: 0.143
[Epoch  87 (48.29s)]	ELBO: 1427.208 (1426.613)	Log prob: 1433.965 (1433.160)	KLD: 6.757 (6.547)	Grad: 0.164
[Epoch  88 (46.72s)]	ELBO: 1427.509 (1427.183)	Log prob: 1434.251 (1433.975)	KLD: 6.742 (6.792)	Grad: 0.145
[Epoch  89 (47.15s)]	ELBO: 1427.401 (1426.934)	Log prob: 1434.183 (1433.783)	KLD: 6.782 (6.849)	Grad: 0.156
[Epoch  90 (47.42s)]	ELBO: 1427.705 (1426.711)	Log prob: 1434.472 (1433.399)	KLD: 6.767 (6.689)	Grad: 0.148
[Epoch  91 (46.33s)]	ELBO: 1427.717 (1427.092)	Log prob: 1434.513 (1433.476)	KLD: 6.797 (6.385)	Grad: 0.157
[Epoch  92 (49.28s)]	ELBO: 1428.067 (1427.275)	Log prob: 1434.861 (1433.700)	KLD: 6.794 (6.425)	Grad: 0.136
[Epoch  93 (47.59s)]	ELBO: 1428.163 (1427.331)	Log prob: 1434.949 (1434.178)	KLD: 6.786 (6.847)	Grad: 0.151
[Epoch  94 (47.11s)]	ELBO: 1428.166 (1427.291)	Log prob: 1434.977 (1433.913)	KLD: 6.811 (6.621)	Grad: 0.157
[Epoch  95 (46.41s)]	ELBO: 1428.314 (1427.780)	Log prob: 1435.107 (1434.609)	KLD: 6.792 (6.829)	Grad: 0.151
[Epoch  96 (46.84s)]	ELBO: 1428.491 (1427.848)	Log prob: 1435.289 (1434.495)	KLD: 6.797 (6.646)	Grad: 0.147
[Epoch  97 (46.20s)]	ELBO: 1428.679 (1427.588)	Log prob: 1435.498 (1434.059)	KLD: 6.819 (6.471)	Grad: 0.151
[Epoch  98 (46.82s)]	ELBO: 1428.614 (1427.546)	Log prob: 1435.460 (1434.148)	KLD: 6.847 (6.602)	Grad: 0.155
[Epoch  99 (47.09s)]	ELBO: 1428.891 (1427.316)	Log prob: 1435.717 (1433.730)	KLD: 6.826 (6.414)	Grad: 0.157
[Epoch 100 (46.52s)]	ELBO: 1428.899 (1427.920)	Log prob: 1435.735 (1434.935)	KLD: 6.836 (7.015)	Grad: 0.153
[Epoch 101 (45.42s)]	ELBO: 1429.103 (1428.306)	Log prob: 1435.973 (1435.073)	KLD: 6.870 (6.767)	Grad: 0.152
[Epoch 102 (46.08s)]	ELBO: 1429.164 (1427.288)	Log prob: 1436.000 (1434.241)	KLD: 6.835 (6.952)	Grad: 0.162
[Epoch 103 (47.34s)]	ELBO: 1429.267 (1427.470)	Log prob: 1436.134 (1434.167)	KLD: 6.867 (6.697)	Grad: 0.153
[Epoch 104 (49.33s)]	ELBO: 1429.504 (1427.977)	Log prob: 1436.341 (1435.090)	KLD: 6.837 (7.114)	Grad: 0.144
[Epoch 105 (44.68s)]	ELBO: 1429.635 (1428.213)	Log prob: 1436.500 (1435.239)	KLD: 6.866 (7.026)	Grad: 0.147
[Epoch 106 (44.14s)]	ELBO: 1429.572 (1428.597)	Log prob: 1436.432 (1435.235)	KLD: 6.860 (6.638)	Grad: 0.147
[Epoch 107 (41.90s)]	ELBO: 1429.671 (1428.524)	Log prob: 1436.563 (1435.051)	KLD: 6.892 (6.526)	Grad: 0.157
[Epoch 108 (40.50s)]	ELBO: 1429.904 (1428.595)	Log prob: 1436.792 (1435.513)	KLD: 6.888 (6.919)	Grad: 0.154
[Epoch 109 (41.66s)]	ELBO: 1430.015 (1428.745)	Log prob: 1436.868 (1435.868)	KLD: 6.853 (7.123)	Grad: 0.142
[Epoch 110 (41.01s)]	ELBO: 1430.044 (1428.953)	Log prob: 1436.926 (1435.797)	KLD: 6.883 (6.843)	Grad: 0.142
[Epoch 111 (41.05s)]	ELBO: 1430.159 (1429.034)	Log prob: 1437.052 (1435.972)	KLD: 6.893 (6.938)	Grad: 0.147
[Epoch 112 (40.87s)]	ELBO: 1430.062 (1426.121)	Log prob: 1436.980 (1433.269)	KLD: 6.918 (7.148)	Grad: 0.173
[Epoch 113 (42.44s)]	ELBO: 1430.225 (1428.971)	Log prob: 1437.156 (1435.654)	KLD: 6.931 (6.684)	Grad: 0.159
[Epoch 114 (41.21s)]	ELBO: 1430.329 (1429.038)	Log prob: 1437.246 (1435.835)	KLD: 6.917 (6.798)	Grad: 0.154
[Epoch 115 (38.72s)]	ELBO: 1430.554 (1428.164)	Log prob: 1437.466 (1434.693)	KLD: 6.912 (6.529)	Grad: 0.156
[Epoch 116 (38.02s)]	ELBO: 1430.602 (1425.918)	Log prob: 1437.533 (1432.807)	KLD: 6.931 (6.889)	Grad: 0.158
[Epoch 117 (38.57s)]	ELBO: 1430.793 (1429.999)	Log prob: 1437.719 (1436.943)	KLD: 6.926 (6.944)	Grad: 0.154
[Epoch 118 (39.04s)]	ELBO: 1430.733 (1429.377)	Log prob: 1437.688 (1435.959)	KLD: 6.955 (6.581)	Grad: 0.154
[Epoch 119 (39.05s)]	ELBO: 1430.721 (1429.462)	Log prob: 1437.678 (1436.335)	KLD: 6.958 (6.873)	Grad: 0.160
[Epoch 120 (39.58s)]	ELBO: 1430.717 (1429.549)	Log prob: 1437.672 (1436.148)	KLD: 6.956 (6.599)	Grad: 0.163
[Epoch 121 (38.40s)]	ELBO: 1430.861 (1428.952)	Log prob: 1437.826 (1435.425)	KLD: 6.964 (6.473)	Grad: 0.170
[Epoch 122 (38.07s)]	ELBO: 1431.314 (1429.858)	Log prob: 1438.237 (1436.418)	KLD: 6.923 (6.559)	Grad: 0.142
[Epoch 123 (38.62s)]	ELBO: 1431.297 (1428.554)	Log prob: 1438.160 (1435.116)	KLD: 6.863 (6.562)	Grad: 0.165
[Epoch 124 (36.60s)]	ELBO: 1431.429 (1430.139)	Log prob: 1438.280 (1437.194)	KLD: 6.851 (7.054)	Grad: 0.175
[Epoch 125 (34.55s)]	ELBO: 1431.536 (1429.974)	Log prob: 1438.379 (1436.742)	KLD: 6.844 (6.768)	Grad: 0.172
[Epoch 126 (35.13s)]	ELBO: 1431.876 (1430.239)	Log prob: 1438.719 (1437.233)	KLD: 6.843 (6.994)	Grad: 0.148
[Epoch 127 (34.71s)]	ELBO: 1431.820 (1431.037)	Log prob: 1438.685 (1437.743)	KLD: 6.866 (6.706)	Grad: 0.167
[Epoch 128 (35.72s)]	ELBO: 1431.838 (1430.786)	Log prob: 1438.711 (1437.699)	KLD: 6.874 (6.913)	Grad: 0.168
[Epoch 129 (35.94s)]	ELBO: 1431.832 (1430.545)	Log prob: 1438.679 (1436.974)	KLD: 6.848 (6.429)	Grad: 0.165
[Epoch 130 (34.50s)]	ELBO: 1432.161 (1429.504)	Log prob: 1439.050 (1436.573)	KLD: 6.889 (7.069)	Grad: 0.164
[Epoch 131 (35.55s)]	ELBO: 1432.006 (1430.182)	Log prob: 1438.858 (1436.754)	KLD: 6.852 (6.572)	Grad: 0.170
[Epoch 132 (34.46s)]	ELBO: 1432.238 (1431.469)	Log prob: 1439.110 (1438.112)	KLD: 6.872 (6.643)	Grad: 0.163
[Epoch 133 (35.04s)]	ELBO: 1432.399 (1429.473)	Log prob: 1439.257 (1436.049)	KLD: 6.858 (6.576)	Grad: 0.160
[Epoch 134 (36.02s)]	ELBO: 1432.317 (1429.880)	Log prob: 1439.199 (1436.397)	KLD: 6.883 (6.516)	Grad: 0.172
[Epoch 135 (36.69s)]	ELBO: 1432.537 (1430.694)	Log prob: 1439.426 (1437.433)	KLD: 6.888 (6.740)	Grad: 0.165
[Epoch 136 (34.24s)]	ELBO: 1432.447 (1431.222)	Log prob: 1439.314 (1438.047)	KLD: 6.867 (6.824)	Grad: 0.178
[Epoch 137 (35.59s)]	ELBO: 1432.647 (1431.410)	Log prob: 1439.516 (1438.032)	KLD: 6.869 (6.623)	Grad: 0.148
[Epoch 138 (35.02s)]	ELBO: 1432.694 (1431.109)	Log prob: 1439.578 (1438.030)	KLD: 6.884 (6.921)	Grad: 0.167
[Epoch 139 (35.40s)]	ELBO: 1432.863 (1431.311)	Log prob: 1439.709 (1437.834)	KLD: 6.846 (6.523)	Grad: 0.175
[Epoch 140 (33.62s)]	ELBO: 1432.566 (1430.693)	Log prob: 1439.433 (1437.567)	KLD: 6.868 (6.874)	Grad: 0.191
[Epoch 141 (32.18s)]	ELBO: 1433.047 (1431.887)	Log prob: 1439.905 (1438.477)	KLD: 6.858 (6.590)	Grad: 0.151
[Epoch 142 (33.36s)]	ELBO: 1433.200 (1431.180)	Log prob: 1440.078 (1438.046)	KLD: 6.878 (6.867)	Grad: 0.156
[Epoch 143 (32.12s)]	ELBO: 1433.058 (1431.874)	Log prob: 1439.939 (1438.473)	KLD: 6.881 (6.600)	Grad: 0.167
[Epoch 144 (31.23s)]	ELBO: 1433.064 (1431.992)	Log prob: 1439.958 (1438.703)	KLD: 6.894 (6.712)	Grad: 0.176
[Epoch 145 (31.52s)]	ELBO: 1433.228 (1432.028)	Log prob: 1440.088 (1438.872)	KLD: 6.860 (6.844)	Grad: 0.164
[Epoch 146 (31.30s)]	ELBO: 1433.291 (1431.461)	Log prob: 1440.185 (1437.962)	KLD: 6.894 (6.501)	Grad: 0.167
[Epoch 147 (32.72s)]	ELBO: 1433.271 (1431.041)	Log prob: 1440.139 (1437.625)	KLD: 6.868 (6.584)	Grad: 0.174
[Epoch 148 (31.90s)]	ELBO: 1433.252 (1431.326)	Log prob: 1440.152 (1438.548)	KLD: 6.900 (7.223)	Grad: 0.167
[Epoch 149 (30.57s)]	ELBO: 1433.523 (1430.869)	Log prob: 1440.437 (1437.865)	KLD: 6.914 (6.996)	Grad: 0.170
[Epoch 150 (30.62s)]	ELBO: 1433.280 (1432.204)	Log prob: 1440.168 (1438.988)	KLD: 6.889 (6.785)	Grad: 0.197
[Epoch 151 (28.39s)]	ELBO: 1433.682 (1431.671)	Log prob: 1440.546 (1438.042)	KLD: 6.864 (6.371)	Grad: 0.164
[Epoch 152 (30.42s)]	ELBO: 1433.732 (1432.125)	Log prob: 1440.609 (1438.699)	KLD: 6.877 (6.574)	Grad: 0.161
[Epoch 153 (29.91s)]	ELBO: 1433.504 (1432.476)	Log prob: 1440.391 (1439.121)	KLD: 6.887 (6.644)	Grad: 0.190
[Epoch 154 (29.48s)]	ELBO: 1433.621 (1431.970)	Log prob: 1440.509 (1439.008)	KLD: 6.887 (7.038)	Grad: 0.191
[Epoch 155 (30.61s)]	ELBO: 1433.825 (1431.981)	Log prob: 1440.674 (1438.754)	KLD: 6.849 (6.772)	Grad: 0.171
[Epoch 156 (29.63s)]	ELBO: 1433.883 (1432.540)	Log prob: 1440.763 (1439.535)	KLD: 6.881 (6.994)	Grad: 0.161
[Epoch 157 (29.42s)]	ELBO: 1433.923 (1431.992)	Log prob: 1440.817 (1438.827)	KLD: 6.894 (6.835)	Grad: 0.182
[Epoch 158 (29.13s)]	ELBO: 1433.980 (1432.459)	Log prob: 1440.873 (1439.013)	KLD: 6.893 (6.554)	Grad: 0.181
[Epoch 159 (29.46s)]	ELBO: 1433.835 (1432.090)	Log prob: 1440.709 (1438.446)	KLD: 6.874 (6.356)	Grad: 0.189
[Epoch 160 (29.16s)]	ELBO: 1434.245 (1430.651)	Log prob: 1441.102 (1437.971)	KLD: 6.857 (7.321)	Grad: 0.172
[Epoch 161 (29.67s)]	ELBO: 1434.089 (1432.265)	Log prob: 1440.967 (1438.751)	KLD: 6.878 (6.486)	Grad: 0.185
[Epoch 162 (29.70s)]	ELBO: 1434.500 (1432.383)	Log prob: 1441.369 (1439.387)	KLD: 6.869 (7.004)	Grad: 0.142
[Epoch 163 (29.70s)]	ELBO: 1434.301 (1432.798)	Log prob: 1441.174 (1439.860)	KLD: 6.873 (7.061)	Grad: 0.174
[Epoch 164 (29.05s)]	ELBO: 1434.161 (1428.446)	Log prob: 1441.049 (1435.545)	KLD: 6.889 (7.099)	Grad: 0.190
[Epoch 165 (29.23s)]	ELBO: 1434.565 (1432.693)	Log prob: 1441.442 (1439.609)	KLD: 6.876 (6.916)	Grad: 0.157
[Epoch 166 (28.71s)]	ELBO: 1434.459 (1432.208)	Log prob: 1441.338 (1439.201)	KLD: 6.879 (6.993)	Grad: 0.171
[Epoch 167 (29.51s)]	ELBO: 1434.370 (1431.845)	Log prob: 1441.257 (1438.514)	KLD: 6.887 (6.669)	Grad: 0.183
[Epoch 168 (30.02s)]	ELBO: 1434.465 (1431.761)	Log prob: 1441.330 (1438.945)	KLD: 6.865 (7.184)	Grad: 0.189
[Epoch 169 (28.75s)]	ELBO: 1434.568 (1432.919)	Log prob: 1441.455 (1439.462)	KLD: 6.887 (6.543)	Grad: 0.186
[Epoch 170 (28.57s)]	ELBO: 1434.719 (1432.491)	Log prob: 1441.608 (1438.958)	KLD: 6.889 (6.466)	Grad: 0.172
[Epoch 171 (28.87s)]	ELBO: 1434.890 (1432.625)	Log prob: 1441.748 (1439.766)	KLD: 6.857 (7.141)	Grad: 0.164
[Epoch 172 (29.36s)]	ELBO: 1434.770 (1433.027)	Log prob: 1441.665 (1440.191)	KLD: 6.896 (7.164)	Grad: 0.182
[Epoch 173 (28.37s)]	ELBO: 1435.034 (1433.226)	Log prob: 1441.904 (1440.112)	KLD: 6.870 (6.886)	Grad: 0.163
[Epoch 174 (26.07s)]	ELBO: 1434.831 (1432.927)	Log prob: 1441.733 (1440.002)	KLD: 6.902 (7.075)	Grad: 0.183
[Epoch 175 (25.76s)]	ELBO: 1434.957 (1432.476)	Log prob: 1441.854 (1439.352)	KLD: 6.898 (6.876)	Grad: 0.173
[Epoch 176 (25.16s)]	ELBO: 1435.220 (1433.774)	Log prob: 1442.103 (1440.482)	KLD: 6.883 (6.708)	Grad: 0.158
[Epoch 177 (25.10s)]	ELBO: 1434.896 (1433.721)	Log prob: 1441.759 (1440.578)	KLD: 6.862 (6.858)	Grad: 0.199
[Epoch 178 (25.42s)]	ELBO: 1435.071 (1433.244)	Log prob: 1441.956 (1440.030)	KLD: 6.885 (6.786)	Grad: 0.187
[Epoch 179 (25.75s)]	ELBO: 1435.150 (1431.568)	Log prob: 1442.023 (1438.818)	KLD: 6.873 (7.251)	Grad: 0.194
[Epoch 180 (26.00s)]	ELBO: 1435.243 (1432.795)	Log prob: 1442.105 (1439.167)	KLD: 6.862 (6.371)	Grad: 0.188
[Epoch 181 (24.62s)]	ELBO: 1435.359 (1432.785)	Log prob: 1442.248 (1439.362)	KLD: 6.889 (6.577)	Grad: 0.177
[Epoch 182 (25.29s)]	ELBO: 1435.515 (1433.344)	Log prob: 1442.383 (1439.776)	KLD: 6.868 (6.432)	Grad: 0.172
[Epoch 183 (25.51s)]	ELBO: 1435.151 (1433.224)	Log prob: 1442.027 (1440.236)	KLD: 6.876 (7.011)	Grad: 0.202
[Epoch 184 (24.58s)]	ELBO: 1435.606 (1433.102)	Log prob: 1442.488 (1439.586)	KLD: 6.883 (6.484)	Grad: 0.168
[Epoch 185 (25.40s)]	ELBO: 1435.353 (1432.677)	Log prob: 1442.211 (1439.325)	KLD: 6.858 (6.648)	Grad: 0.192
[Epoch 186 (24.91s)]	ELBO: 1435.786 (1431.559)	Log prob: 1442.668 (1438.619)	KLD: 6.882 (7.060)	Grad: 0.171
[Epoch 187 (26.30s)]	ELBO: 1435.578 (1432.128)	Log prob: 1442.457 (1439.189)	KLD: 6.878 (7.061)	Grad: 0.183
[Epoch 188 (25.74s)]	ELBO: 1435.721 (1434.160)	Log prob: 1442.591 (1441.072)	KLD: 6.870 (6.912)	Grad: 0.174
[Epoch 189 (25.88s)]	ELBO: 1435.568 (1434.239)	Log prob: 1442.439 (1441.219)	KLD: 6.871 (6.979)	Grad: 0.190
[Epoch 190 (25.78s)]	ELBO: 1435.857 (1434.227)	Log prob: 1442.747 (1441.140)	KLD: 6.889 (6.913)	Grad: 0.176
[Epoch 191 (25.51s)]	ELBO: 1436.073 (1434.517)	Log prob: 1442.946 (1441.380)	KLD: 6.873 (6.863)	Grad: 0.172
[Epoch 192 (25.74s)]	ELBO: 1435.750 (1433.364)	Log prob: 1442.663 (1440.295)	KLD: 6.913 (6.930)	Grad: 0.190
[Epoch 193 (24.88s)]	ELBO: 1435.952 (1433.247)	Log prob: 1442.830 (1440.316)	KLD: 6.878 (7.069)	Grad: 0.177
[Epoch 194 (24.67s)]	ELBO: 1435.888 (1432.957)	Log prob: 1442.778 (1439.402)	KLD: 6.890 (6.445)	Grad: 0.188
[Epoch 195 (25.35s)]	ELBO: 1435.704 (1433.766)	Log prob: 1442.601 (1440.603)	KLD: 6.897 (6.837)	Grad: 0.204
[Epoch 196 (25.53s)]	ELBO: 1436.053 (1433.067)	Log prob: 1442.913 (1439.474)	KLD: 6.860 (6.407)	Grad: 0.181
[Epoch 197 (25.62s)]	ELBO: 1436.154 (1434.401)	Log prob: 1443.021 (1441.005)	KLD: 6.867 (6.604)	Grad: 0.187
[Epoch 198 (24.93s)]	ELBO: 1436.034 (1433.345)	Log prob: 1442.888 (1440.402)	KLD: 6.855 (7.057)	Grad: 0.186
[Epoch 199 (25.83s)]	ELBO: 1436.108 (1434.621)	Log prob: 1442.979 (1441.645)	KLD: 6.871 (7.023)	Grad: 0.181
[Epoch 200 (25.28s)]	ELBO: 1436.289 (1434.884)	Log prob: 1443.159 (1441.608)	KLD: 6.870 (6.724)	Grad: 0.176
[Epoch 201 (25.25s)]	ELBO: 1436.312 (1434.292)	Log prob: 1443.159 (1441.113)	KLD: 6.846 (6.821)	Grad: 0.170
[Epoch 202 (26.28s)]	ELBO: 1436.378 (1434.213)	Log prob: 1443.267 (1441.148)	KLD: 6.889 (6.936)	Grad: 0.176
[Epoch 203 (25.95s)]	ELBO: 1436.570 (1435.067)	Log prob: 1443.429 (1441.771)	KLD: 6.859 (6.704)	Grad: 0.165
[Epoch 204 (26.71s)]	ELBO: 1436.227 (1433.821)	Log prob: 1443.107 (1440.772)	KLD: 6.880 (6.951)	Grad: 0.195
[Epoch 205 (25.25s)]	ELBO: 1436.487 (1433.551)	Log prob: 1443.336 (1440.413)	KLD: 6.850 (6.862)	Grad: 0.192
[Epoch 206 (24.10s)]	ELBO: 1436.378 (1433.892)	Log prob: 1443.223 (1440.888)	KLD: 6.845 (6.995)	Grad: 0.186
[Epoch 207 (25.04s)]	ELBO: 1436.515 (1434.362)	Log prob: 1443.369 (1440.744)	KLD: 6.854 (6.382)	Grad: 0.188
[Epoch 208 (25.11s)]	ELBO: 1436.510 (1434.115)	Log prob: 1443.385 (1440.966)	KLD: 6.874 (6.850)	Grad: 0.192
[Epoch 209 (25.25s)]	ELBO: 1436.908 (1435.013)	Log prob: 1443.764 (1441.582)	KLD: 6.856 (6.568)	Grad: 0.161
[Epoch 210 (23.59s)]	ELBO: 1436.713 (1433.446)	Log prob: 1443.573 (1440.184)	KLD: 6.860 (6.738)	Grad: 0.181
[Epoch 211 (23.01s)]	ELBO: 1436.556 (1434.114)	Log prob: 1443.437 (1440.751)	KLD: 6.881 (6.638)	Grad: 0.189
[Epoch 212 (22.72s)]	ELBO: 1436.775 (1434.058)	Log prob: 1443.663 (1440.677)	KLD: 6.888 (6.619)	Grad: 0.190
[Epoch 213 (22.35s)]	ELBO: 1436.842 (1429.899)	Log prob: 1443.706 (1437.306)	KLD: 6.865 (7.407)	Grad: 0.189
[Epoch 214 (22.68s)]	ELBO: 1437.008 (1434.528)	Log prob: 1443.892 (1441.312)	KLD: 6.885 (6.783)	Grad: 0.177
[Epoch 215 (22.72s)]	ELBO: 1437.082 (1432.729)	Log prob: 1443.908 (1439.492)	KLD: 6.827 (6.763)	Grad: 0.179
[Epoch 216 (23.44s)]	ELBO: 1436.759 (1435.199)	Log prob: 1443.619 (1442.052)	KLD: 6.860 (6.853)	Grad: 0.218
[Epoch 217 (23.23s)]	ELBO: 1437.055 (1434.407)	Log prob: 1443.916 (1441.213)	KLD: 6.861 (6.806)	Grad: 0.194
[Epoch 218 (24.01s)]	ELBO: 1437.024 (1434.981)	Log prob: 1443.864 (1441.919)	KLD: 6.840 (6.937)	Grad: 0.190
[Epoch 219 (23.83s)]	ELBO: 1437.290 (1432.430)	Log prob: 1444.159 (1438.749)	KLD: 6.868 (6.319)	Grad: 0.171
[Epoch 220 (23.17s)]	ELBO: 1437.150 (1435.282)	Log prob: 1444.016 (1442.217)	KLD: 6.866 (6.934)	Grad: 0.199
[Epoch 221 (24.66s)]	ELBO: 1437.272 (1435.419)	Log prob: 1444.142 (1442.283)	KLD: 6.869 (6.864)	Grad: 0.183
[Epoch 222 (24.06s)]	ELBO: 1436.967 (1435.821)	Log prob: 1443.839 (1442.660)	KLD: 6.872 (6.838)	Grad: 0.203
[Epoch 223 (23.35s)]	ELBO: 1437.285 (1434.876)	Log prob: 1444.148 (1441.960)	KLD: 6.863 (7.084)	Grad: 0.185
[Epoch 224 (24.12s)]	ELBO: 1437.152 (1435.408)	Log prob: 1444.041 (1442.373)	KLD: 6.889 (6.965)	Grad: 0.203
[Epoch 225 (23.56s)]	ELBO: 1437.217 (1433.515)	Log prob: 1444.100 (1440.072)	KLD: 6.884 (6.556)	Grad: 0.196
[Epoch 226 (22.69s)]	ELBO: 1437.530 (1435.491)	Log prob: 1444.395 (1442.209)	KLD: 6.864 (6.718)	Grad: 0.180
[Epoch 227 (22.65s)]	ELBO: 1437.464 (1435.763)	Log prob: 1444.322 (1442.514)	KLD: 6.858 (6.751)	Grad: 0.185
[Epoch 228 (23.22s)]	ELBO: 1437.429 (1434.470)	Log prob: 1444.281 (1440.784)	KLD: 6.852 (6.314)	Grad: 0.187
[Epoch 229 (22.82s)]	ELBO: 1437.455 (1435.074)	Log prob: 1444.313 (1441.963)	KLD: 6.858 (6.889)	Grad: 0.209
[Epoch 230 (22.25s)]	ELBO: 1437.727 (1435.163)	Log prob: 1444.589 (1442.144)	KLD: 6.862 (6.981)	Grad: 0.169
[Epoch 231 (22.44s)]	ELBO: 1437.627 (1434.579)	Log prob: 1444.490 (1440.937)	KLD: 6.864 (6.358)	Grad: 0.193
[Epoch 232 (22.47s)]	ELBO: 1437.898 (1435.998)	Log prob: 1444.753 (1442.678)	KLD: 6.855 (6.680)	Grad: 0.168
[Epoch 233 (23.08s)]	ELBO: 1437.426 (1435.852)	Log prob: 1444.307 (1442.665)	KLD: 6.881 (6.813)	Grad: 0.209
[Epoch 234 (23.66s)]	ELBO: 1437.500 (1435.461)	Log prob: 1444.387 (1442.599)	KLD: 6.887 (7.138)	Grad: 0.212
[Epoch 235 (22.66s)]	ELBO: 1437.694 (1434.903)	Log prob: 1444.568 (1441.280)	KLD: 6.874 (6.377)	Grad: 0.191
[Epoch 236 (22.95s)]	ELBO: 1437.678 (1435.690)	Log prob: 1444.521 (1442.483)	KLD: 6.844 (6.793)	Grad: 0.208
[Epoch 237 (23.81s)]	ELBO: 1437.720 (1435.449)	Log prob: 1444.592 (1442.174)	KLD: 6.872 (6.726)	Grad: 0.200
[Epoch 238 (22.65s)]	ELBO: 1437.969 (1436.030)	Log prob: 1444.826 (1442.902)	KLD: 6.858 (6.872)	Grad: 0.190
[Epoch 239 (22.91s)]	ELBO: 1437.738 (1435.262)	Log prob: 1444.583 (1441.637)	KLD: 6.845 (6.375)	Grad: 0.200
[Epoch 240 (22.66s)]	ELBO: 1437.979 (1436.089)	Log prob: 1444.828 (1442.814)	KLD: 6.850 (6.725)	Grad: 0.185
[Epoch 241 (22.83s)]	ELBO: 1438.366 (1436.077)	Log prob: 1445.219 (1442.808)	KLD: 6.853 (6.731)	Grad: 0.167
[Epoch 242 (23.26s)]	ELBO: 1437.980 (1435.812)	Log prob: 1444.855 (1442.667)	KLD: 6.875 (6.855)	Grad: 0.184
[Epoch 243 (23.18s)]	ELBO: 1438.067 (1435.995)	Log prob: 1444.915 (1442.488)	KLD: 6.848 (6.493)	Grad: 0.184
[Epoch 244 (22.39s)]	ELBO: 1438.083 (1434.134)	Log prob: 1444.911 (1440.838)	KLD: 6.828 (6.704)	Grad: 0.203
[Epoch 245 (22.38s)]	ELBO: 1438.230 (1430.580)	Log prob: 1445.108 (1437.857)	KLD: 6.879 (7.277)	Grad: 0.173
[Epoch 246 (22.15s)]	ELBO: 1438.096 (1435.152)	Log prob: 1444.966 (1441.828)	KLD: 6.870 (6.677)	Grad: 0.204
[Epoch 247 (22.64s)]	ELBO: 1438.281 (1436.785)	Log prob: 1445.162 (1443.531)	KLD: 6.881 (6.745)	Grad: 0.185
[Epoch 248 (23.02s)]	ELBO: 1438.455 (1435.744)	Log prob: 1445.348 (1442.235)	KLD: 6.893 (6.491)	Grad: 0.171
[Epoch 249 (22.29s)]	ELBO: 1438.302 (1436.010)	Log prob: 1445.179 (1442.476)	KLD: 6.877 (6.466)	Grad: 0.195
[Epoch 250 (23.66s)]	ELBO: 1438.152 (1436.244)	Log prob: 1445.020 (1442.946)	KLD: 6.868 (6.702)	Grad: 0.203
Training model 2/4...
[Epoch   1 (24.57s)]	ELBO: 16.733 (1002.219)	Log prob: 19.409 (1011.534)	KLD: 2.675 (9.315)	Grad: 0.035
[Epoch   2 (23.35s)]	ELBO: 23.510 (1004.367)	Log prob: 26.274 (1013.792)	KLD: 2.765 (9.425)	Grad: 0.041
[Epoch   3 (24.03s)]	ELBO: 24.564 (1005.580)	Log prob: 27.250 (1015.122)	KLD: 2.686 (9.543)	Grad: 0.053
[Epoch   4 (24.78s)]	ELBO: 25.181 (1005.600)	Log prob: 27.842 (1015.024)	KLD: 2.661 (9.424)	Grad: 0.057
[Epoch   5 (23.50s)]	ELBO: 25.600 (1005.833)	Log prob: 28.261 (1015.370)	KLD: 2.661 (9.537)	Grad: 0.064
[Epoch   6 (24.80s)]	ELBO: 25.951 (1006.273)	Log prob: 28.630 (1015.729)	KLD: 2.680 (9.456)	Grad: 0.069
[Epoch   7 (23.51s)]	ELBO: 26.277 (1007.126)	Log prob: 28.962 (1016.652)	KLD: 2.685 (9.527)	Grad: 0.067
[Epoch   8 (24.54s)]	ELBO: 26.431 (1007.377)	Log prob: 29.158 (1016.671)	KLD: 2.727 (9.293)	Grad: 0.077
[Epoch   9 (23.45s)]	ELBO: 26.753 (1007.253)	Log prob: 29.488 (1016.812)	KLD: 2.734 (9.559)	Grad: 0.068
[Epoch  10 (24.38s)]	ELBO: 26.999 (1006.495)	Log prob: 29.750 (1015.921)	KLD: 2.751 (9.426)	Grad: 0.076
[Epoch  11 (23.18s)]	ELBO: 27.292 (1007.277)	Log prob: 30.053 (1016.597)	KLD: 2.761 (9.320)	Grad: 0.071
[Epoch  12 (24.50s)]	ELBO: 27.562 (1007.975)	Log prob: 30.346 (1017.425)	KLD: 2.783 (9.449)	Grad: 0.079
[Epoch  13 (24.02s)]	ELBO: 27.862 (1008.180)	Log prob: 30.690 (1017.659)	KLD: 2.827 (9.479)	Grad: 0.076
[Epoch  14 (24.58s)]	ELBO: 28.154 (1007.849)	Log prob: 31.012 (1017.311)	KLD: 2.858 (9.462)	Grad: 0.081
[Epoch  15 (25.19s)]	ELBO: 28.527 (1008.959)	Log prob: 31.431 (1018.678)	KLD: 2.904 (9.719)	Grad: 0.068
[Epoch  16 (24.31s)]	ELBO: 28.699 (1009.190)	Log prob: 31.639 (1018.758)	KLD: 2.941 (9.569)	Grad: 0.080
[Epoch  17 (24.23s)]	ELBO: 29.034 (1008.481)	Log prob: 32.006 (1018.119)	KLD: 2.972 (9.638)	Grad: 0.071
[Epoch  18 (24.04s)]	ELBO: 29.157 (1009.610)	Log prob: 32.118 (1019.240)	KLD: 2.961 (9.630)	Grad: 0.079
[Epoch  19 (24.34s)]	ELBO: 29.369 (1009.367)	Log prob: 32.400 (1019.208)	KLD: 3.032 (9.842)	Grad: 0.083
[Epoch  20 (24.51s)]	ELBO: 29.643 (1009.263)	Log prob: 32.697 (1018.871)	KLD: 3.055 (9.608)	Grad: 0.077
[Epoch  21 (23.91s)]	ELBO: 29.687 (1010.296)	Log prob: 32.707 (1019.992)	KLD: 3.020 (9.696)	Grad: 0.081
[Epoch  22 (25.01s)]	ELBO: 29.870 (1009.787)	Log prob: 32.921 (1019.609)	KLD: 3.051 (9.822)	Grad: 0.086
[Epoch  23 (23.86s)]	ELBO: 30.097 (1008.949)	Log prob: 33.191 (1018.993)	KLD: 3.095 (10.044)	Grad: 0.075
[Epoch  24 (24.80s)]	ELBO: 30.101 (1010.036)	Log prob: 33.234 (1019.830)	KLD: 3.133 (9.794)	Grad: 0.094
[Epoch  25 (24.42s)]	ELBO: 30.316 (1010.196)	Log prob: 33.452 (1020.069)	KLD: 3.136 (9.873)	Grad: 0.086
[Epoch  26 (25.00s)]	ELBO: 30.396 (1010.324)	Log prob: 33.559 (1020.130)	KLD: 3.164 (9.807)	Grad: 0.092
[Epoch  27 (24.00s)]	ELBO: 30.531 (1010.678)	Log prob: 33.700 (1020.719)	KLD: 3.169 (10.041)	Grad: 0.086
[Epoch  28 (24.29s)]	ELBO: 30.573 (1010.840)	Log prob: 33.763 (1020.694)	KLD: 3.190 (9.853)	Grad: 0.097
[Epoch  29 (25.47s)]	ELBO: 30.815 (1011.328)	Log prob: 34.022 (1021.212)	KLD: 3.208 (9.884)	Grad: 0.085
[Epoch  30 (24.83s)]	ELBO: 30.864 (1011.106)	Log prob: 34.102 (1020.998)	KLD: 3.238 (9.892)	Grad: 0.090
[Epoch  31 (24.21s)]	ELBO: 31.011 (1011.144)	Log prob: 34.257 (1021.159)	KLD: 3.246 (10.015)	Grad: 0.082
[Epoch  32 (24.82s)]	ELBO: 31.028 (1011.179)	Log prob: 34.304 (1021.141)	KLD: 3.276 (9.962)	Grad: 0.098
[Epoch  33 (24.40s)]	ELBO: 31.220 (1011.305)	Log prob: 34.509 (1021.252)	KLD: 3.289 (9.947)	Grad: 0.087
[Epoch  34 (25.12s)]	ELBO: 31.269 (1010.602)	Log prob: 34.584 (1020.598)	KLD: 3.315 (9.995)	Grad: 0.093
[Epoch  35 (24.54s)]	ELBO: 31.431 (1011.448)	Log prob: 34.781 (1021.578)	KLD: 3.350 (10.130)	Grad: 0.089
[Epoch  36 (24.18s)]	ELBO: 31.544 (1012.061)	Log prob: 34.895 (1021.984)	KLD: 3.352 (9.923)	Grad: 0.092
[Epoch  37 (24.80s)]	ELBO: 31.647 (1011.543)	Log prob: 35.016 (1021.696)	KLD: 3.369 (10.154)	Grad: 0.092
[Epoch  38 (24.38s)]	ELBO: 31.609 (1010.325)	Log prob: 35.011 (1020.424)	KLD: 3.402 (10.099)	Grad: 0.102
[Epoch  39 (24.05s)]	ELBO: 31.842 (1012.531)	Log prob: 35.293 (1022.446)	KLD: 3.452 (9.915)	Grad: 0.092
[Epoch  40 (24.03s)]	ELBO: 31.883 (1012.073)	Log prob: 35.317 (1022.284)	KLD: 3.434 (10.211)	Grad: 0.099
[Epoch  41 (24.37s)]	ELBO: 32.043 (1011.698)	Log prob: 35.503 (1021.908)	KLD: 3.460 (10.210)	Grad: 0.096
[Epoch  42 (23.74s)]	ELBO: 32.054 (1012.240)	Log prob: 35.524 (1022.404)	KLD: 3.470 (10.164)	Grad: 0.107
[Epoch  43 (24.86s)]	ELBO: 32.148 (1012.684)	Log prob: 35.641 (1022.734)	KLD: 3.493 (10.050)	Grad: 0.102
[Epoch  44 (24.98s)]	ELBO: 32.301 (1011.889)	Log prob: 35.821 (1022.097)	KLD: 3.520 (10.208)	Grad: 0.096
[Epoch  45 (24.73s)]	ELBO: 32.298 (1012.469)	Log prob: 35.830 (1022.528)	KLD: 3.532 (10.059)	Grad: 0.101
[Epoch  46 (24.22s)]	ELBO: 32.504 (1012.609)	Log prob: 36.047 (1022.900)	KLD: 3.543 (10.291)	Grad: 0.087
[Epoch  47 (24.40s)]	ELBO: 32.299 (1011.345)	Log prob: 35.857 (1021.610)	KLD: 3.558 (10.265)	Grad: 0.116
[Epoch  48 (24.18s)]	ELBO: 32.462 (1012.183)	Log prob: 36.038 (1022.275)	KLD: 3.576 (10.091)	Grad: 0.112
[Epoch  49 (21.32s)]	ELBO: 32.652 (1012.723)	Log prob: 36.237 (1023.082)	KLD: 3.585 (10.359)	Grad: 0.097
[Epoch  50 (19.17s)]	ELBO: 32.777 (1012.124)	Log prob: 36.393 (1022.565)	KLD: 3.616 (10.441)	Grad: 0.096
[Epoch  51 (19.47s)]	ELBO: 32.661 (1011.944)	Log prob: 36.271 (1022.106)	KLD: 3.610 (10.162)	Grad: 0.116
[Epoch  52 (19.09s)]	ELBO: 32.904 (1012.251)	Log prob: 36.524 (1022.608)	KLD: 3.620 (10.357)	Grad: 0.091
[Epoch  53 (18.62s)]	ELBO: 32.816 (1013.551)	Log prob: 36.449 (1023.917)	KLD: 3.634 (10.366)	Grad: 0.116
[Epoch  54 (19.15s)]	ELBO: 32.933 (1013.405)	Log prob: 36.586 (1023.789)	KLD: 3.654 (10.384)	Grad: 0.102
[Epoch  55 (18.95s)]	ELBO: 32.949 (1012.605)	Log prob: 36.607 (1023.151)	KLD: 3.658 (10.547)	Grad: 0.114
[Epoch  56 (19.49s)]	ELBO: 32.962 (1012.144)	Log prob: 36.636 (1022.653)	KLD: 3.674 (10.510)	Grad: 0.117
[Epoch  57 (18.83s)]	ELBO: 33.139 (1012.739)	Log prob: 36.841 (1023.170)	KLD: 3.702 (10.431)	Grad: 0.100
[Epoch  58 (19.29s)]	ELBO: 33.104 (1012.248)	Log prob: 36.812 (1022.636)	KLD: 3.708 (10.389)	Grad: 0.111
[Epoch  59 (19.75s)]	ELBO: 33.251 (1013.722)	Log prob: 36.951 (1024.167)	KLD: 3.699 (10.445)	Grad: 0.108
[Epoch  60 (20.54s)]	ELBO: 33.346 (1013.043)	Log prob: 37.056 (1023.416)	KLD: 3.710 (10.373)	Grad: 0.103
[Epoch  61 (20.06s)]	ELBO: 33.421 (1013.084)	Log prob: 37.127 (1023.532)	KLD: 3.706 (10.448)	Grad: 0.104
[Epoch  62 (20.24s)]	ELBO: 33.303 (1013.767)	Log prob: 37.034 (1024.255)	KLD: 3.730 (10.489)	Grad: 0.119
[Epoch  63 (20.38s)]	ELBO: 33.338 (1013.356)	Log prob: 37.087 (1023.707)	KLD: 3.749 (10.351)	Grad: 0.123
[Epoch  64 (19.68s)]	ELBO: 33.506 (1013.550)	Log prob: 37.259 (1023.764)	KLD: 3.753 (10.214)	Grad: 0.116
[Epoch  65 (20.10s)]	ELBO: 33.556 (1012.771)	Log prob: 37.302 (1023.377)	KLD: 3.747 (10.605)	Grad: 0.108
[Epoch  66 (18.50s)]	ELBO: 33.605 (1013.560)	Log prob: 37.363 (1024.382)	KLD: 3.757 (10.821)	Grad: 0.109
[Epoch  67 (19.72s)]	ELBO: 33.547 (1013.840)	Log prob: 37.295 (1024.535)	KLD: 3.749 (10.695)	Grad: 0.116
[Epoch  68 (19.52s)]	ELBO: 33.641 (1014.104)	Log prob: 37.390 (1024.736)	KLD: 3.749 (10.632)	Grad: 0.116
[Epoch  69 (19.33s)]	ELBO: 33.607 (1013.857)	Log prob: 37.387 (1024.379)	KLD: 3.780 (10.522)	Grad: 0.127
[Epoch  70 (19.75s)]	ELBO: 33.936 (1014.390)	Log prob: 37.748 (1024.841)	KLD: 3.812 (10.451)	Grad: 0.098
[Epoch  71 (19.90s)]	ELBO: 33.916 (1014.160)	Log prob: 37.750 (1024.428)	KLD: 3.834 (10.268)	Grad: 0.112
[Epoch  72 (19.22s)]	ELBO: 33.925 (1014.048)	Log prob: 37.751 (1024.615)	KLD: 3.826 (10.567)	Grad: 0.122
[Epoch  73 (18.92s)]	ELBO: 34.068 (1013.062)	Log prob: 37.934 (1023.662)	KLD: 3.866 (10.600)	Grad: 0.114
[Epoch  74 (19.33s)]	ELBO: 34.256 (1014.268)	Log prob: 38.114 (1025.019)	KLD: 3.858 (10.751)	Grad: 0.103
[Epoch  75 (18.80s)]	ELBO: 34.248 (1014.206)	Log prob: 38.144 (1024.664)	KLD: 3.896 (10.458)	Grad: 0.113
[Epoch  76 (16.79s)]	ELBO: 34.222 (1014.234)	Log prob: 38.159 (1024.767)	KLD: 3.936 (10.533)	Grad: 0.124
[Epoch  77 (17.16s)]	ELBO: 34.369 (1015.522)	Log prob: 38.303 (1025.952)	KLD: 3.934 (10.431)	Grad: 0.109
[Epoch  78 (16.38s)]	ELBO: 34.415 (1015.550)	Log prob: 38.368 (1026.149)	KLD: 3.953 (10.599)	Grad: 0.114
[Epoch  79 (17.78s)]	ELBO: 34.415 (1014.514)	Log prob: 38.375 (1025.386)	KLD: 3.960 (10.871)	Grad: 0.122
[Epoch  80 (17.89s)]	ELBO: 34.507 (1014.957)	Log prob: 38.458 (1025.590)	KLD: 3.951 (10.633)	Grad: 0.125
[Epoch  81 (17.37s)]	ELBO: 34.618 (1015.491)	Log prob: 38.609 (1026.322)	KLD: 3.990 (10.831)	Grad: 0.117
[Epoch  82 (18.49s)]	ELBO: 34.553 (1014.815)	Log prob: 38.563 (1025.436)	KLD: 4.010 (10.621)	Grad: 0.127
[Epoch  83 (17.49s)]	ELBO: 34.830 (1015.069)	Log prob: 38.841 (1025.836)	KLD: 4.012 (10.767)	Grad: 0.102
[Epoch  84 (17.04s)]	ELBO: 34.721 (1015.109)	Log prob: 38.737 (1025.675)	KLD: 4.017 (10.565)	Grad: 0.122
[Epoch  85 (16.43s)]	ELBO: 34.959 (1014.301)	Log prob: 38.990 (1025.003)	KLD: 4.031 (10.702)	Grad: 0.104
[Epoch  86 (16.25s)]	ELBO: 34.860 (1015.037)	Log prob: 38.902 (1025.835)	KLD: 4.042 (10.798)	Grad: 0.125
[Epoch  87 (15.90s)]	ELBO: 34.891 (1015.228)	Log prob: 38.962 (1026.299)	KLD: 4.071 (11.071)	Grad: 0.122
[Epoch  88 (16.96s)]	ELBO: 34.826 (1015.515)	Log prob: 38.884 (1026.537)	KLD: 4.058 (11.022)	Grad: 0.134
[Epoch  89 (16.27s)]	ELBO: 35.033 (1014.153)	Log prob: 39.119 (1024.842)	KLD: 4.086 (10.690)	Grad: 0.116
[Epoch  90 (17.10s)]	ELBO: 35.203 (1015.064)	Log prob: 39.279 (1025.617)	KLD: 4.076 (10.553)	Grad: 0.109
[Epoch  91 (15.53s)]	ELBO: 35.002 (1015.100)	Log prob: 39.077 (1025.941)	KLD: 4.075 (10.842)	Grad: 0.138
[Epoch  92 (16.94s)]	ELBO: 35.195 (1015.043)	Log prob: 39.293 (1026.186)	KLD: 4.098 (11.143)	Grad: 0.124
[Epoch  93 (16.94s)]	ELBO: 35.263 (1016.164)	Log prob: 39.373 (1027.045)	KLD: 4.111 (10.880)	Grad: 0.112
[Epoch  94 (16.48s)]	ELBO: 35.303 (1015.558)	Log prob: 39.408 (1026.418)	KLD: 4.105 (10.860)	Grad: 0.131
[Epoch  95 (16.95s)]	ELBO: 35.450 (1014.891)	Log prob: 39.560 (1025.710)	KLD: 4.110 (10.819)	Grad: 0.111
[Epoch  96 (17.06s)]	ELBO: 35.241 (1015.339)	Log prob: 39.362 (1026.384)	KLD: 4.121 (11.045)	Grad: 0.142
[Epoch  97 (16.11s)]	ELBO: 35.471 (1014.753)	Log prob: 39.605 (1025.702)	KLD: 4.134 (10.949)	Grad: 0.123
[Epoch  98 (16.37s)]	ELBO: 35.411 (1016.203)	Log prob: 39.556 (1026.987)	KLD: 4.145 (10.784)	Grad: 0.132
[Epoch  99 (16.97s)]	ELBO: 35.552 (1015.216)	Log prob: 39.698 (1026.384)	KLD: 4.145 (11.168)	Grad: 0.122
[Epoch 100 (16.80s)]	ELBO: 35.587 (1016.215)	Log prob: 39.744 (1027.304)	KLD: 4.157 (11.089)	Grad: 0.129
[Epoch 101 (17.89s)]	ELBO: 35.649 (1016.450)	Log prob: 39.791 (1027.154)	KLD: 4.142 (10.704)	Grad: 0.129
[Epoch 102 (17.00s)]	ELBO: 35.569 (1015.871)	Log prob: 39.714 (1026.816)	KLD: 4.145 (10.945)	Grad: 0.141
[Epoch 103 (17.30s)]	ELBO: 35.804 (1016.625)	Log prob: 39.965 (1027.584)	KLD: 4.161 (10.959)	Grad: 0.122
[Epoch 104 (16.62s)]	ELBO: 35.793 (1016.458)	Log prob: 39.954 (1027.300)	KLD: 4.162 (10.841)	Grad: 0.129
[Epoch 105 (17.84s)]	ELBO: 35.797 (1016.217)	Log prob: 39.975 (1027.132)	KLD: 4.178 (10.915)	Grad: 0.131
[Epoch 106 (17.00s)]	ELBO: 35.684 (1016.543)	Log prob: 39.860 (1027.534)	KLD: 4.176 (10.991)	Grad: 0.146
[Epoch 107 (16.80s)]	ELBO: 35.969 (1015.711)	Log prob: 40.144 (1026.755)	KLD: 4.175 (11.044)	Grad: 0.124
[Epoch 108 (16.91s)]	ELBO: 35.859 (1016.477)	Log prob: 40.024 (1027.692)	KLD: 4.166 (11.215)	Grad: 0.140
[Epoch 109 (17.31s)]	ELBO: 36.020 (1016.346)	Log prob: 40.222 (1027.272)	KLD: 4.202 (10.925)	Grad: 0.126
[Epoch 110 (15.70s)]	ELBO: 35.876 (1016.562)	Log prob: 40.068 (1027.544)	KLD: 4.193 (10.982)	Grad: 0.153
[Epoch 111 (16.08s)]	ELBO: 36.190 (1016.037)	Log prob: 40.392 (1026.846)	KLD: 4.201 (10.809)	Grad: 0.116
[Epoch 112 (13.06s)]	ELBO: 36.071 (1015.875)	Log prob: 40.253 (1026.767)	KLD: 4.182 (10.892)	Grad: 0.140
[Epoch 113 (12.31s)]	ELBO: 35.983 (1016.990)	Log prob: 40.173 (1027.961)	KLD: 4.190 (10.971)	Grad: 0.150
[Epoch 114 (11.95s)]	ELBO: 36.158 (1016.720)	Log prob: 40.375 (1027.938)	KLD: 4.217 (11.218)	Grad: 0.137
[Epoch 115 (12.98s)]	ELBO: 36.242 (1017.471)	Log prob: 40.459 (1028.226)	KLD: 4.217 (10.755)	Grad: 0.123
[Epoch 116 (12.58s)]	ELBO: 36.294 (1015.123)	Log prob: 40.514 (1025.949)	KLD: 4.220 (10.826)	Grad: 0.122
[Epoch 117 (12.66s)]	ELBO: 36.289 (1016.548)	Log prob: 40.494 (1027.499)	KLD: 4.205 (10.951)	Grad: 0.134
[Epoch 118 (12.25s)]	ELBO: 36.405 (1014.402)	Log prob: 40.648 (1025.428)	KLD: 4.243 (11.026)	Grad: 0.122
[Epoch 119 (11.87s)]	ELBO: 36.324 (1016.973)	Log prob: 40.534 (1028.171)	KLD: 4.209 (11.198)	Grad: 0.137
[Epoch 120 (12.26s)]	ELBO: 36.360 (1015.713)	Log prob: 40.596 (1026.804)	KLD: 4.236 (11.091)	Grad: 0.139
[Epoch 121 (12.41s)]	ELBO: 36.486 (1016.960)	Log prob: 40.728 (1027.891)	KLD: 4.242 (10.931)	Grad: 0.124
[Epoch 122 (12.54s)]	ELBO: 36.396 (1017.058)	Log prob: 40.632 (1028.506)	KLD: 4.235 (11.448)	Grad: 0.135
[Epoch 123 (12.76s)]	ELBO: 36.347 (1017.013)	Log prob: 40.585 (1028.065)	KLD: 4.238 (11.051)	Grad: 0.155
[Epoch 124 (11.96s)]	ELBO: 36.469 (1017.465)	Log prob: 40.706 (1028.726)	KLD: 4.236 (11.262)	Grad: 0.141
[Epoch 125 (12.44s)]	ELBO: 36.551 (1017.404)	Log prob: 40.797 (1028.318)	KLD: 4.246 (10.914)	Grad: 0.133
[Epoch 126 (10.79s)]	ELBO: 36.619 (1017.620)	Log prob: 40.873 (1028.517)	KLD: 4.253 (10.897)	Grad: 0.130
[Epoch 127 (10.31s)]	ELBO: 36.647 (1016.124)	Log prob: 40.883 (1027.067)	KLD: 4.235 (10.944)	Grad: 0.130
[Epoch 128 (10.32s)]	ELBO: 36.583 (1016.207)	Log prob: 40.844 (1027.202)	KLD: 4.261 (10.995)	Grad: 0.147
[Epoch 129 (9.86s)]	ELBO: 36.615 (1015.633)	Log prob: 40.858 (1026.451)	KLD: 4.243 (10.818)	Grad: 0.143
[Epoch 130 (10.14s)]	ELBO: 36.651 (1015.769)	Log prob: 40.894 (1026.587)	KLD: 4.243 (10.818)	Grad: 0.141
[Epoch 131 (10.15s)]	ELBO: 36.598 (1017.210)	Log prob: 40.850 (1028.106)	KLD: 4.253 (10.897)	Grad: 0.157
[Epoch 132 (10.10s)]	ELBO: 36.807 (1016.540)	Log prob: 41.064 (1027.434)	KLD: 4.257 (10.893)	Grad: 0.134
[Epoch 133 (10.23s)]	ELBO: 36.748 (1017.555)	Log prob: 41.015 (1028.533)	KLD: 4.267 (10.978)	Grad: 0.140
[Epoch 134 (10.36s)]	ELBO: 36.746 (1014.134)	Log prob: 41.017 (1025.021)	KLD: 4.270 (10.886)	Grad: 0.138
[Epoch 135 (9.93s)]	ELBO: 36.833 (1016.386)	Log prob: 41.093 (1027.352)	KLD: 4.260 (10.966)	Grad: 0.139
[Epoch 136 (10.09s)]	ELBO: 36.875 (1017.182)	Log prob: 41.133 (1028.199)	KLD: 4.258 (11.017)	Grad: 0.140
[Epoch 137 (9.87s)]	ELBO: 36.785 (1016.875)	Log prob: 41.054 (1027.748)	KLD: 4.269 (10.872)	Grad: 0.158
[Epoch 138 (9.85s)]	ELBO: 36.966 (1017.712)	Log prob: 41.227 (1028.618)	KLD: 4.261 (10.906)	Grad: 0.141
[Epoch 139 (9.96s)]	ELBO: 37.019 (1017.708)	Log prob: 41.288 (1028.896)	KLD: 4.269 (11.188)	Grad: 0.127
[Epoch 140 (10.11s)]	ELBO: 36.659 (1017.735)	Log prob: 40.950 (1028.629)	KLD: 4.291 (10.893)	Grad: 0.177
[Epoch 141 (10.06s)]	ELBO: 37.069 (1017.110)	Log prob: 41.336 (1028.233)	KLD: 4.268 (11.123)	Grad: 0.138
[Epoch 142 (10.10s)]	ELBO: 37.028 (1017.586)	Log prob: 41.296 (1028.462)	KLD: 4.268 (10.876)	Grad: 0.134
[Epoch 143 (9.70s)]	ELBO: 37.153 (1016.951)	Log prob: 41.437 (1027.968)	KLD: 4.284 (11.017)	Grad: 0.131
[Epoch 144 (10.17s)]	ELBO: 37.102 (1017.309)	Log prob: 41.393 (1028.335)	KLD: 4.291 (11.026)	Grad: 0.141
[Epoch 145 (10.08s)]	ELBO: 37.125 (1017.267)	Log prob: 41.415 (1028.341)	KLD: 4.290 (11.074)	Grad: 0.140
[Epoch 146 (9.73s)]	ELBO: 37.118 (1017.595)	Log prob: 41.401 (1028.913)	KLD: 4.283 (11.318)	Grad: 0.142
[Epoch 147 (10.07s)]	ELBO: 37.033 (1017.504)	Log prob: 41.329 (1028.585)	KLD: 4.296 (11.081)	Grad: 0.153
[Epoch 148 (11.50s)]	ELBO: 37.150 (1017.517)	Log prob: 41.452 (1028.490)	KLD: 4.301 (10.973)	Grad: 0.146
[Epoch 149 (10.96s)]	ELBO: 37.184 (1017.453)	Log prob: 41.474 (1028.365)	KLD: 4.289 (10.912)	Grad: 0.148
[Epoch 150 (10.19s)]	ELBO: 37.069 (1017.685)	Log prob: 41.350 (1028.857)	KLD: 4.281 (11.172)	Grad: 0.163
[Epoch 151 (9.86s)]	ELBO: 37.217 (1017.112)	Log prob: 41.524 (1028.164)	KLD: 4.307 (11.053)	Grad: 0.142
[Epoch 152 (9.87s)]	ELBO: 37.337 (1017.628)	Log prob: 41.623 (1028.554)	KLD: 4.286 (10.927)	Grad: 0.140
[Epoch 153 (9.86s)]	ELBO: 37.211 (1017.914)	Log prob: 41.490 (1028.676)	KLD: 4.280 (10.762)	Grad: 0.157
[Epoch 154 (9.87s)]	ELBO: 37.355 (1016.469)	Log prob: 41.643 (1027.249)	KLD: 4.288 (10.780)	Grad: 0.151
[Epoch 155 (9.83s)]	ELBO: 37.273 (1018.636)	Log prob: 41.552 (1029.670)	KLD: 4.279 (11.033)	Grad: 0.153
[Epoch 156 (9.85s)]	ELBO: 37.312 (1017.992)	Log prob: 41.602 (1028.983)	KLD: 4.290 (10.991)	Grad: 0.159
[Epoch 157 (9.80s)]	ELBO: 37.309 (1018.152)	Log prob: 41.607 (1029.209)	KLD: 4.298 (11.057)	Grad: 0.154
[Epoch 158 (9.99s)]	ELBO: 37.398 (1018.607)	Log prob: 41.694 (1029.652)	KLD: 4.296 (11.046)	Grad: 0.150
[Epoch 159 (9.81s)]	ELBO: 37.305 (1017.805)	Log prob: 41.591 (1028.795)	KLD: 4.285 (10.990)	Grad: 0.161
[Epoch 160 (9.77s)]	ELBO: 37.633 (1018.386)	Log prob: 41.926 (1029.313)	KLD: 4.293 (10.927)	Grad: 0.126
[Epoch 161 (10.04s)]	ELBO: 37.321 (1016.670)	Log prob: 41.610 (1027.823)	KLD: 4.289 (11.152)	Grad: 0.169
[Epoch 162 (9.72s)]	ELBO: 37.474 (1017.718)	Log prob: 41.779 (1028.627)	KLD: 4.305 (10.909)	Grad: 0.153
[Epoch 163 (10.12s)]	ELBO: 37.357 (1017.909)	Log prob: 41.663 (1028.739)	KLD: 4.307 (10.830)	Grad: 0.160
[Epoch 164 (10.15s)]	ELBO: 37.588 (1016.551)	Log prob: 41.887 (1027.433)	KLD: 4.299 (10.881)	Grad: 0.146
[Epoch 165 (10.34s)]	ELBO: 37.532 (1017.020)	Log prob: 41.850 (1027.894)	KLD: 4.318 (10.874)	Grad: 0.149
[Epoch 166 (10.79s)]	ELBO: 37.553 (1016.966)	Log prob: 41.860 (1028.283)	KLD: 4.308 (11.316)	Grad: 0.145
[Epoch 167 (10.14s)]	ELBO: 37.685 (1014.731)	Log prob: 42.001 (1025.566)	KLD: 4.316 (10.835)	Grad: 0.142
[Epoch 168 (9.52s)]	ELBO: 37.569 (1018.429)	Log prob: 41.879 (1029.435)	KLD: 4.309 (11.006)	Grad: 0.159
[Epoch 169 (9.67s)]	ELBO: 37.415 (1017.491)	Log prob: 41.717 (1028.440)	KLD: 4.302 (10.949)	Grad: 0.176
[Epoch 170 (9.29s)]	ELBO: 37.712 (1015.126)	Log prob: 42.037 (1025.884)	KLD: 4.325 (10.758)	Grad: 0.143
[Epoch 171 (8.72s)]	ELBO: 37.762 (1018.452)	Log prob: 42.069 (1029.574)	KLD: 4.307 (11.122)	Grad: 0.146
[Epoch 172 (8.41s)]	ELBO: 37.776 (1017.674)	Log prob: 42.083 (1028.592)	KLD: 4.307 (10.918)	Grad: 0.141
[Epoch 173 (8.29s)]	ELBO: 37.672 (1017.597)	Log prob: 41.981 (1028.705)	KLD: 4.309 (11.108)	Grad: 0.159
[Epoch 174 (8.21s)]	ELBO: 37.544 (1016.868)	Log prob: 41.866 (1027.673)	KLD: 4.322 (10.804)	Grad: 0.178
[Epoch 175 (8.27s)]	ELBO: 37.772 (1018.955)	Log prob: 42.087 (1030.193)	KLD: 4.315 (11.238)	Grad: 0.151
[Epoch 176 (8.15s)]	ELBO: 37.888 (1018.233)	Log prob: 42.223 (1029.198)	KLD: 4.336 (10.966)	Grad: 0.149
[Epoch 177 (8.13s)]	ELBO: 37.933 (1018.105)	Log prob: 42.245 (1029.090)	KLD: 4.312 (10.985)	Grad: 0.143
[Epoch 178 (8.31s)]	ELBO: 37.741 (1018.033)	Log prob: 42.060 (1029.041)	KLD: 4.319 (11.008)	Grad: 0.170
[Epoch 179 (8.03s)]	ELBO: 37.784 (1018.205)	Log prob: 42.110 (1029.217)	KLD: 4.326 (11.011)	Grad: 0.163
[Epoch 180 (8.15s)]	ELBO: 37.915 (1018.625)	Log prob: 42.236 (1029.494)	KLD: 4.322 (10.870)	Grad: 0.146
[Epoch 181 (8.10s)]	ELBO: 37.868 (1018.520)	Log prob: 42.186 (1029.479)	KLD: 4.318 (10.960)	Grad: 0.161
[Epoch 182 (7.93s)]	ELBO: 37.817 (1018.139)	Log prob: 42.142 (1029.242)	KLD: 4.325 (11.103)	Grad: 0.152
[Epoch 183 (7.99s)]	ELBO: 37.830 (1018.427)	Log prob: 42.175 (1029.513)	KLD: 4.345 (11.086)	Grad: 0.167
[Epoch 184 (8.09s)]	ELBO: 37.979 (1017.988)	Log prob: 42.303 (1029.030)	KLD: 4.324 (11.042)	Grad: 0.143
[Epoch 185 (8.12s)]	ELBO: 38.040 (1017.178)	Log prob: 42.370 (1028.339)	KLD: 4.330 (11.160)	Grad: 0.147
[Epoch 186 (8.09s)]	ELBO: 37.937 (1017.835)	Log prob: 42.261 (1029.003)	KLD: 4.324 (11.168)	Grad: 0.167
[Epoch 187 (8.03s)]	ELBO: 37.970 (1016.351)	Log prob: 42.297 (1027.393)	KLD: 4.328 (11.042)	Grad: 0.170
[Epoch 188 (8.10s)]	ELBO: 38.108 (1018.120)	Log prob: 42.449 (1029.160)	KLD: 4.341 (11.040)	Grad: 0.157
[Epoch 189 (8.09s)]	ELBO: 38.081 (1017.991)	Log prob: 42.413 (1029.101)	KLD: 4.332 (11.110)	Grad: 0.147
[Epoch 190 (8.12s)]	ELBO: 38.162 (1018.463)	Log prob: 42.514 (1029.513)	KLD: 4.352 (11.050)	Grad: 0.144
[Epoch 191 (8.19s)]	ELBO: 38.049 (1018.826)	Log prob: 42.388 (1029.999)	KLD: 4.339 (11.172)	Grad: 0.159
[Epoch 192 (8.03s)]	ELBO: 37.871 (1017.981)	Log prob: 42.207 (1029.066)	KLD: 4.336 (11.086)	Grad: 0.185
[Epoch 193 (8.08s)]	ELBO: 38.092 (1018.206)	Log prob: 42.423 (1029.258)	KLD: 4.331 (11.052)	Grad: 0.163
[Epoch 194 (8.11s)]	ELBO: 38.074 (1018.048)	Log prob: 42.423 (1029.031)	KLD: 4.348 (10.982)	Grad: 0.171
[Epoch 195 (8.07s)]	ELBO: 38.193 (1016.359)	Log prob: 42.528 (1027.418)	KLD: 4.335 (11.060)	Grad: 0.160
[Epoch 196 (8.14s)]	ELBO: 38.116 (1018.040)	Log prob: 42.446 (1028.961)	KLD: 4.330 (10.921)	Grad: 0.168
[Epoch 197 (8.16s)]	ELBO: 38.103 (1019.035)	Log prob: 42.451 (1030.211)	KLD: 4.348 (11.176)	Grad: 0.170
[Epoch 198 (7.96s)]	ELBO: 38.130 (1018.696)	Log prob: 42.485 (1029.847)	KLD: 4.354 (11.151)	Grad: 0.168
[Epoch 199 (6.82s)]	ELBO: 38.194 (1017.292)	Log prob: 42.549 (1028.536)	KLD: 4.356 (11.243)	Grad: 0.169
[Epoch 200 (6.25s)]	ELBO: 38.128 (1018.095)	Log prob: 42.479 (1029.129)	KLD: 4.351 (11.033)	Grad: 0.170
[Epoch 201 (6.35s)]	ELBO: 38.194 (1019.186)	Log prob: 42.554 (1030.356)	KLD: 4.360 (11.170)	Grad: 0.162
[Epoch 202 (6.31s)]	ELBO: 38.302 (1018.945)	Log prob: 42.655 (1029.856)	KLD: 4.353 (10.911)	Grad: 0.164
[Epoch 203 (6.40s)]	ELBO: 38.359 (1018.797)	Log prob: 42.701 (1029.795)	KLD: 4.342 (10.997)	Grad: 0.160
[Epoch 204 (6.35s)]	ELBO: 38.382 (1017.608)	Log prob: 42.737 (1028.532)	KLD: 4.355 (10.925)	Grad: 0.158
[Epoch 205 (6.38s)]	ELBO: 38.184 (1018.939)	Log prob: 42.533 (1029.794)	KLD: 4.349 (10.855)	Grad: 0.181
[Epoch 206 (6.26s)]	ELBO: 38.361 (1018.242)	Log prob: 42.712 (1029.411)	KLD: 4.351 (11.170)	Grad: 0.163
[Epoch 207 (6.12s)]	ELBO: 38.139 (1018.511)	Log prob: 42.493 (1029.704)	KLD: 4.354 (11.194)	Grad: 0.188
[Epoch 208 (6.17s)]	ELBO: 38.384 (1017.774)	Log prob: 42.737 (1029.104)	KLD: 4.353 (11.330)	Grad: 0.170
[Epoch 209 (6.18s)]	ELBO: 38.397 (1018.939)	Log prob: 42.743 (1030.018)	KLD: 4.345 (11.079)	Grad: 0.168
[Epoch 210 (6.17s)]	ELBO: 38.402 (1017.847)	Log prob: 42.761 (1028.927)	KLD: 4.360 (11.080)	Grad: 0.170
[Epoch 211 (6.26s)]	ELBO: 38.445 (1017.738)	Log prob: 42.809 (1028.807)	KLD: 4.365 (11.069)	Grad: 0.170
[Epoch 212 (6.22s)]	ELBO: 38.508 (1018.579)	Log prob: 42.867 (1029.403)	KLD: 4.359 (10.824)	Grad: 0.169
[Epoch 213 (6.16s)]	ELBO: 38.529 (1018.568)	Log prob: 42.904 (1029.568)	KLD: 4.375 (10.999)	Grad: 0.168
[Epoch 214 (6.61s)]	ELBO: 38.410 (1018.821)	Log prob: 42.774 (1029.792)	KLD: 4.364 (10.971)	Grad: 0.180
[Epoch 215 (7.21s)]	ELBO: 38.633 (1019.150)	Log prob: 43.009 (1030.198)	KLD: 4.377 (11.048)	Grad: 0.153
[Epoch 216 (7.09s)]	ELBO: 38.623 (1018.342)	Log prob: 42.983 (1029.267)	KLD: 4.360 (10.926)	Grad: 0.156
[Epoch 217 (6.97s)]	ELBO: 38.558 (1017.739)	Log prob: 42.908 (1028.713)	KLD: 4.350 (10.974)	Grad: 0.168
[Epoch 218 (5.93s)]	ELBO: 38.568 (1019.228)	Log prob: 42.937 (1030.510)	KLD: 4.369 (11.282)	Grad: 0.159
[Epoch 219 (6.01s)]	ELBO: 38.485 (1018.478)	Log prob: 42.847 (1029.358)	KLD: 4.363 (10.880)	Grad: 0.177
[Epoch 220 (6.14s)]	ELBO: 38.545 (1018.644)	Log prob: 42.904 (1029.764)	KLD: 4.359 (11.120)	Grad: 0.174
[Epoch 221 (5.96s)]	ELBO: 38.607 (1016.041)	Log prob: 42.993 (1026.886)	KLD: 4.385 (10.845)	Grad: 0.163
[Epoch 222 (5.86s)]	ELBO: 38.604 (1019.178)	Log prob: 42.967 (1030.256)	KLD: 4.363 (11.078)	Grad: 0.164
[Epoch 223 (5.92s)]	ELBO: 38.718 (1018.983)	Log prob: 43.072 (1029.859)	KLD: 4.353 (10.875)	Grad: 0.163
[Epoch 224 (6.12s)]	ELBO: 38.464 (1018.697)	Log prob: 42.844 (1029.586)	KLD: 4.380 (10.888)	Grad: 0.190
[Epoch 225 (6.15s)]	ELBO: 38.760 (1018.618)	Log prob: 43.131 (1029.747)	KLD: 4.371 (11.130)	Grad: 0.163
[Epoch 226 (6.12s)]	ELBO: 38.820 (1019.627)	Log prob: 43.196 (1030.762)	KLD: 4.376 (11.135)	Grad: 0.142
[Epoch 227 (6.11s)]	ELBO: 38.729 (1019.201)	Log prob: 43.110 (1030.384)	KLD: 4.381 (11.184)	Grad: 0.166
[Epoch 228 (5.96s)]	ELBO: 38.690 (1018.386)	Log prob: 43.072 (1029.623)	KLD: 4.383 (11.237)	Grad: 0.176
[Epoch 229 (7.19s)]	ELBO: 38.665 (1015.700)	Log prob: 43.051 (1026.753)	KLD: 4.386 (11.053)	Grad: 0.173
[Epoch 230 (7.23s)]	ELBO: 38.603 (1018.668)	Log prob: 42.978 (1029.780)	KLD: 4.376 (11.112)	Grad: 0.187
[Epoch 231 (7.22s)]	ELBO: 38.652 (1019.229)	Log prob: 43.024 (1030.284)	KLD: 4.372 (11.054)	Grad: 0.178
[Epoch 232 (7.34s)]	ELBO: 38.786 (1019.828)	Log prob: 43.169 (1030.854)	KLD: 4.383 (11.027)	Grad: 0.164
[Epoch 233 (7.30s)]	ELBO: 38.876 (1017.694)	Log prob: 43.255 (1028.999)	KLD: 4.379 (11.305)	Grad: 0.164
[Epoch 234 (7.33s)]	ELBO: 38.733 (1017.867)	Log prob: 43.114 (1028.985)	KLD: 4.381 (11.118)	Grad: 0.179
[Epoch 235 (7.29s)]	ELBO: 38.857 (1018.628)	Log prob: 43.236 (1029.721)	KLD: 4.379 (11.094)	Grad: 0.167
[Epoch 236 (6.10s)]	ELBO: 38.789 (1019.979)	Log prob: 43.175 (1031.091)	KLD: 4.386 (11.113)	Grad: 0.174
[Epoch 237 (6.22s)]	ELBO: 38.777 (1017.983)	Log prob: 43.164 (1029.039)	KLD: 4.387 (11.056)	Grad: 0.170
[Epoch 238 (6.28s)]	ELBO: 38.748 (1017.733)	Log prob: 43.135 (1028.958)	KLD: 4.387 (11.225)	Grad: 0.190
[Epoch 239 (6.33s)]	ELBO: 38.725 (1019.443)	Log prob: 43.107 (1030.597)	KLD: 4.382 (11.155)	Grad: 0.194
[Epoch 240 (6.32s)]	ELBO: 38.852 (1017.206)	Log prob: 43.241 (1028.484)	KLD: 4.389 (11.278)	Grad: 0.172
[Epoch 241 (6.23s)]	ELBO: 38.941 (1019.508)	Log prob: 43.330 (1030.617)	KLD: 4.388 (11.109)	Grad: 0.161
[Epoch 242 (6.28s)]	ELBO: 38.941 (1019.490)	Log prob: 43.331 (1030.613)	KLD: 4.390 (11.123)	Grad: 0.162
[Epoch 243 (6.18s)]	ELBO: 38.887 (1018.259)	Log prob: 43.268 (1029.552)	KLD: 4.381 (11.294)	Grad: 0.171
[Epoch 244 (6.19s)]	ELBO: 38.934 (1019.566)	Log prob: 43.333 (1030.570)	KLD: 4.399 (11.004)	Grad: 0.166
[Epoch 245 (6.31s)]	ELBO: 38.747 (1019.569)	Log prob: 43.144 (1030.472)	KLD: 4.397 (10.903)	Grad: 0.194
[Epoch 246 (6.25s)]	ELBO: 38.955 (1015.375)	Log prob: 43.352 (1026.584)	KLD: 4.397 (11.209)	Grad: 0.175
[Epoch 247 (6.19s)]	ELBO: 38.835 (1019.770)	Log prob: 43.225 (1030.943)	KLD: 4.390 (11.173)	Grad: 0.177
[Epoch 248 (6.11s)]	ELBO: 39.056 (1018.525)	Log prob: 43.450 (1029.384)	KLD: 4.394 (10.859)	Grad: 0.164
[Epoch 249 (6.19s)]	ELBO: 39.072 (1019.679)	Log prob: 43.451 (1030.828)	KLD: 4.379 (11.149)	Grad: 0.162
[Epoch 250 (6.17s)]	ELBO: 38.941 (1018.846)	Log prob: 43.341 (1029.678)	KLD: 4.400 (10.832)	Grad: 0.177
Training model 3/4...
[Epoch   1 (6.43s)]	ELBO: 10.188 (1040.109)	Log prob: 11.907 (1053.178)	KLD: 1.719 (13.070)	Grad: 0.027
[Epoch   2 (6.49s)]	ELBO: 16.773 (1042.088)	Log prob: 19.113 (1055.564)	KLD: 2.341 (13.476)	Grad: 0.028
[Epoch   3 (6.48s)]	ELBO: 17.892 (1042.453)	Log prob: 20.229 (1055.650)	KLD: 2.337 (13.197)	Grad: 0.033
[Epoch   4 (6.43s)]	ELBO: 18.436 (1042.683)	Log prob: 20.787 (1055.914)	KLD: 2.351 (13.231)	Grad: 0.036
[Epoch   5 (6.41s)]	ELBO: 18.808 (1043.815)	Log prob: 21.175 (1057.003)	KLD: 2.368 (13.188)	Grad: 0.039
[Epoch   6 (6.59s)]	ELBO: 19.236 (1043.871)	Log prob: 21.616 (1057.170)	KLD: 2.379 (13.300)	Grad: 0.037
[Epoch   7 (6.58s)]	ELBO: 19.510 (1042.306)	Log prob: 21.910 (1055.532)	KLD: 2.400 (13.227)	Grad: 0.040
[Epoch   8 (6.56s)]	ELBO: 19.730 (1043.900)	Log prob: 22.137 (1057.177)	KLD: 2.407 (13.277)	Grad: 0.041
[Epoch   9 (6.60s)]	ELBO: 19.979 (1044.104)	Log prob: 22.418 (1057.464)	KLD: 2.439 (13.360)	Grad: 0.041
[Epoch  10 (6.62s)]	ELBO: 20.094 (1044.414)	Log prob: 22.557 (1057.673)	KLD: 2.463 (13.259)	Grad: 0.045
[Epoch  11 (6.54s)]	ELBO: 20.218 (1042.863)	Log prob: 22.703 (1056.148)	KLD: 2.485 (13.285)	Grad: 0.049
[Epoch  12 (6.49s)]	ELBO: 20.412 (1043.335)	Log prob: 22.921 (1057.077)	KLD: 2.508 (13.742)	Grad: 0.044
[Epoch  13 (6.59s)]	ELBO: 20.557 (1044.249)	Log prob: 23.089 (1057.540)	KLD: 2.531 (13.291)	Grad: 0.043
[Epoch  14 (6.75s)]	ELBO: 20.684 (1043.761)	Log prob: 23.211 (1057.304)	KLD: 2.527 (13.544)	Grad: 0.045
[Epoch  15 (6.81s)]	ELBO: 20.692 (1043.450)	Log prob: 23.257 (1056.742)	KLD: 2.565 (13.292)	Grad: 0.051
[Epoch  16 (6.48s)]	ELBO: 20.847 (1043.014)	Log prob: 23.414 (1056.665)	KLD: 2.567 (13.650)	Grad: 0.047
[Epoch  17 (6.46s)]	ELBO: 20.922 (1043.882)	Log prob: 23.526 (1057.312)	KLD: 2.604 (13.430)	Grad: 0.051
[Epoch  18 (6.41s)]	ELBO: 21.054 (1043.339)	Log prob: 23.658 (1056.699)	KLD: 2.603 (13.360)	Grad: 0.048
[Epoch  19 (6.47s)]	ELBO: 21.177 (1044.151)	Log prob: 23.798 (1057.606)	KLD: 2.621 (13.455)	Grad: 0.047
[Epoch  20 (6.54s)]	ELBO: 21.240 (1044.327)	Log prob: 23.865 (1057.954)	KLD: 2.626 (13.627)	Grad: 0.051
[Epoch  21 (6.66s)]	ELBO: 21.355 (1044.017)	Log prob: 23.987 (1057.661)	KLD: 2.632 (13.643)	Grad: 0.051
[Epoch  22 (7.24s)]	ELBO: 21.462 (1042.703)	Log prob: 24.096 (1056.487)	KLD: 2.634 (13.784)	Grad: 0.047
[Epoch  23 (7.34s)]	ELBO: 21.547 (1043.269)	Log prob: 24.194 (1056.898)	KLD: 2.647 (13.629)	Grad: 0.047
[Epoch  24 (7.43s)]	ELBO: 21.557 (1044.650)	Log prob: 24.238 (1058.177)	KLD: 2.680 (13.527)	Grad: 0.053
[Epoch  25 (6.66s)]	ELBO: 21.731 (1044.244)	Log prob: 24.409 (1057.833)	KLD: 2.678 (13.589)	Grad: 0.050
[Epoch  26 (6.09s)]	ELBO: 21.746 (1043.597)	Log prob: 24.424 (1057.239)	KLD: 2.678 (13.643)	Grad: 0.054
[Epoch  27 (6.21s)]	ELBO: 21.893 (1044.667)	Log prob: 24.587 (1058.263)	KLD: 2.694 (13.596)	Grad: 0.050
[Epoch  28 (6.16s)]	ELBO: 21.903 (1044.573)	Log prob: 24.611 (1058.272)	KLD: 2.709 (13.698)	Grad: 0.056
[Epoch  29 (6.18s)]	ELBO: 22.027 (1045.213)	Log prob: 24.754 (1058.795)	KLD: 2.727 (13.581)	Grad: 0.051
[Epoch  30 (6.15s)]	ELBO: 22.107 (1044.987)	Log prob: 24.827 (1058.519)	KLD: 2.720 (13.532)	Grad: 0.051
[Epoch  31 (6.18s)]	ELBO: 22.089 (1045.474)	Log prob: 24.834 (1058.978)	KLD: 2.745 (13.504)	Grad: 0.053
[Epoch  32 (6.15s)]	ELBO: 22.176 (1044.793)	Log prob: 24.924 (1058.540)	KLD: 2.748 (13.747)	Grad: 0.053
[Epoch  33 (6.20s)]	ELBO: 22.216 (1044.485)	Log prob: 24.970 (1058.369)	KLD: 2.754 (13.885)	Grad: 0.054
[Epoch  34 (6.15s)]	ELBO: 22.329 (1043.951)	Log prob: 25.066 (1057.549)	KLD: 2.737 (13.598)	Grad: 0.052
[Epoch  35 (6.15s)]	ELBO: 22.390 (1045.192)	Log prob: 25.150 (1058.882)	KLD: 2.761 (13.690)	Grad: 0.051
[Epoch  36 (6.98s)]	ELBO: 22.363 (1044.293)	Log prob: 25.135 (1057.901)	KLD: 2.772 (13.608)	Grad: 0.061
[Epoch  37 (7.33s)]	ELBO: 22.363 (1045.503)	Log prob: 25.135 (1059.035)	KLD: 2.772 (13.532)	Grad: 0.063
[Epoch  38 (7.30s)]	ELBO: 22.480 (1044.451)	Log prob: 25.259 (1058.347)	KLD: 2.779 (13.896)	Grad: 0.056
[Epoch  39 (7.50s)]	ELBO: 22.442 (1045.233)	Log prob: 25.239 (1058.692)	KLD: 2.797 (13.458)	Grad: 0.062
[Epoch  40 (7.45s)]	ELBO: 22.619 (1044.605)	Log prob: 25.406 (1058.431)	KLD: 2.786 (13.826)	Grad: 0.053
[Epoch  41 (7.42s)]	ELBO: 22.637 (1044.482)	Log prob: 25.435 (1058.141)	KLD: 2.798 (13.659)	Grad: 0.054
[Epoch  42 (7.46s)]	ELBO: 22.626 (1044.524)	Log prob: 25.424 (1058.198)	KLD: 2.798 (13.674)	Grad: 0.061
[Epoch  43 (6.32s)]	ELBO: 22.701 (1044.939)	Log prob: 25.527 (1058.761)	KLD: 2.826 (13.823)	Grad: 0.057
[Epoch  44 (6.31s)]	ELBO: 22.736 (1043.596)	Log prob: 25.563 (1057.494)	KLD: 2.827 (13.899)	Grad: 0.057
[Epoch  45 (6.29s)]	ELBO: 22.755 (1045.248)	Log prob: 25.586 (1058.893)	KLD: 2.831 (13.646)	Grad: 0.059
[Epoch  46 (6.44s)]	ELBO: 22.824 (1044.413)	Log prob: 25.666 (1058.032)	KLD: 2.842 (13.619)	Grad: 0.059
[Epoch  47 (6.49s)]	ELBO: 22.854 (1044.002)	Log prob: 25.697 (1057.801)	KLD: 2.844 (13.798)	Grad: 0.056
[Epoch  48 (6.35s)]	ELBO: 22.932 (1042.792)	Log prob: 25.782 (1056.608)	KLD: 2.850 (13.816)	Grad: 0.055
[Epoch  49 (6.34s)]	ELBO: 22.884 (1044.588)	Log prob: 25.733 (1058.422)	KLD: 2.849 (13.834)	Grad: 0.063
[Epoch  50 (6.30s)]	ELBO: 23.031 (1044.313)	Log prob: 25.873 (1057.973)	KLD: 2.843 (13.660)	Grad: 0.055
[Epoch  51 (6.36s)]	ELBO: 23.036 (1045.237)	Log prob: 25.890 (1058.932)	KLD: 2.854 (13.696)	Grad: 0.057
[Epoch  52 (6.45s)]	ELBO: 23.002 (1045.922)	Log prob: 25.864 (1059.730)	KLD: 2.862 (13.808)	Grad: 0.063
[Epoch  53 (6.45s)]	ELBO: 23.060 (1045.596)	Log prob: 25.923 (1059.316)	KLD: 2.863 (13.720)	Grad: 0.060
[Epoch  54 (6.44s)]	ELBO: 23.025 (1045.083)	Log prob: 25.915 (1058.921)	KLD: 2.890 (13.838)	Grad: 0.065
[Epoch  55 (6.43s)]	ELBO: 23.175 (1044.715)	Log prob: 26.055 (1058.491)	KLD: 2.881 (13.776)	Grad: 0.055
[Epoch  56 (6.35s)]	ELBO: 23.152 (1045.656)	Log prob: 26.031 (1059.469)	KLD: 2.880 (13.814)	Grad: 0.061
[Epoch  57 (6.42s)]	ELBO: 23.242 (1045.932)	Log prob: 26.131 (1059.575)	KLD: 2.889 (13.643)	Grad: 0.054
[Epoch  58 (6.32s)]	ELBO: 23.236 (1043.694)	Log prob: 26.139 (1057.574)	KLD: 2.903 (13.881)	Grad: 0.060
[Epoch  59 (6.46s)]	ELBO: 23.258 (1045.430)	Log prob: 26.171 (1059.227)	KLD: 2.913 (13.797)	Grad: 0.062
[Epoch  60 (6.43s)]	ELBO: 23.258 (1045.649)	Log prob: 26.200 (1059.216)	KLD: 2.942 (13.567)	Grad: 0.062
[Epoch  61 (6.53s)]	ELBO: 23.292 (1045.098)	Log prob: 26.207 (1059.269)	KLD: 2.915 (14.171)	Grad: 0.060
[Epoch  62 (6.32s)]	ELBO: 23.384 (1044.992)	Log prob: 26.282 (1058.771)	KLD: 2.898 (13.779)	Grad: 0.062
[Epoch  63 (6.42s)]	ELBO: 23.393 (1045.614)	Log prob: 26.303 (1059.312)	KLD: 2.911 (13.698)	Grad: 0.065
[Epoch  64 (6.51s)]	ELBO: 23.445 (1044.664)	Log prob: 26.371 (1058.468)	KLD: 2.926 (13.804)	Grad: 0.058
[Epoch  65 (6.56s)]	ELBO: 23.457 (1044.768)	Log prob: 26.385 (1058.710)	KLD: 2.928 (13.942)	Grad: 0.061
[Epoch  66 (6.52s)]	ELBO: 23.429 (1045.435)	Log prob: 26.378 (1059.471)	KLD: 2.949 (14.036)	Grad: 0.066
[Epoch  67 (6.53s)]	ELBO: 23.504 (1045.782)	Log prob: 26.433 (1059.662)	KLD: 2.929 (13.880)	Grad: 0.061
[Epoch  68 (6.55s)]	ELBO: 23.513 (1045.286)	Log prob: 26.453 (1058.849)	KLD: 2.939 (13.563)	Grad: 0.065
[Epoch  69 (6.56s)]	ELBO: 23.587 (1044.402)	Log prob: 26.546 (1058.320)	KLD: 2.960 (13.918)	Grad: 0.062
[Epoch  70 (6.49s)]	ELBO: 23.497 (1044.747)	Log prob: 26.461 (1058.697)	KLD: 2.963 (13.950)	Grad: 0.066
[Epoch  71 (6.50s)]	ELBO: 23.681 (1043.794)	Log prob: 26.637 (1057.736)	KLD: 2.955 (13.942)	Grad: 0.062
[Epoch  72 (6.51s)]	ELBO: 23.638 (1045.228)	Log prob: 26.599 (1059.084)	KLD: 2.961 (13.857)	Grad: 0.061
[Epoch  73 (6.60s)]	ELBO: 23.689 (1045.501)	Log prob: 26.652 (1059.191)	KLD: 2.963 (13.689)	Grad: 0.062
[Epoch  74 (6.53s)]	ELBO: 23.699 (1045.298)	Log prob: 26.671 (1059.239)	KLD: 2.972 (13.942)	Grad: 0.067
[Epoch  75 (6.54s)]	ELBO: 23.672 (1044.149)	Log prob: 26.664 (1058.272)	KLD: 2.992 (14.123)	Grad: 0.069
[Epoch  76 (6.51s)]	ELBO: 23.743 (1045.164)	Log prob: 26.738 (1058.798)	KLD: 2.995 (13.633)	Grad: 0.066
[Epoch  77 (6.45s)]	ELBO: 23.756 (1044.884)	Log prob: 26.737 (1058.787)	KLD: 2.982 (13.903)	Grad: 0.066
[Epoch  78 (6.53s)]	ELBO: 23.864 (1045.906)	Log prob: 26.856 (1059.921)	KLD: 2.992 (14.015)	Grad: 0.061
[Epoch  79 (6.51s)]	ELBO: 23.817 (1045.680)	Log prob: 26.817 (1059.596)	KLD: 3.000 (13.916)	Grad: 0.066
[Epoch  80 (7.14s)]	ELBO: 23.763 (1045.279)	Log prob: 26.776 (1058.922)	KLD: 3.013 (13.643)	Grad: 0.071
[Epoch  81 (7.40s)]	ELBO: 23.930 (1046.047)	Log prob: 26.937 (1059.801)	KLD: 3.007 (13.754)	Grad: 0.060
[Epoch  82 (7.42s)]	ELBO: 23.957 (1044.676)	Log prob: 26.975 (1058.595)	KLD: 3.018 (13.919)	Grad: 0.062
[Epoch  83 (6.59s)]	ELBO: 23.878 (1046.296)	Log prob: 26.902 (1060.064)	KLD: 3.024 (13.767)	Grad: 0.072
[Epoch  84 (6.07s)]	ELBO: 23.915 (1045.264)	Log prob: 26.941 (1059.204)	KLD: 3.026 (13.940)	Grad: 0.066
[Epoch  85 (5.97s)]	ELBO: 23.966 (1043.848)	Log prob: 26.999 (1057.716)	KLD: 3.033 (13.868)	Grad: 0.067
[Epoch  86 (5.33s)]	ELBO: 24.049 (1045.880)	Log prob: 27.049 (1059.757)	KLD: 3.000 (13.877)	Grad: 0.066
[Epoch  87 (4.54s)]	ELBO: 23.967 (1044.478)	Log prob: 26.988 (1058.605)	KLD: 3.021 (14.127)	Grad: 0.075
[Epoch  88 (4.48s)]	ELBO: 23.992 (1044.427)	Log prob: 27.036 (1058.612)	KLD: 3.044 (14.185)	Grad: 0.071
[Epoch  89 (4.56s)]	ELBO: 23.993 (1046.032)	Log prob: 27.036 (1059.899)	KLD: 3.043 (13.867)	Grad: 0.075
[Epoch  90 (4.54s)]	ELBO: 24.098 (1045.063)	Log prob: 27.139 (1059.168)	KLD: 3.041 (14.105)	Grad: 0.069
[Epoch  91 (4.56s)]	ELBO: 24.205 (1045.941)	Log prob: 27.251 (1059.824)	KLD: 3.045 (13.882)	Grad: 0.060
[Epoch  92 (5.21s)]	ELBO: 24.149 (1044.950)	Log prob: 27.186 (1059.002)	KLD: 3.037 (14.052)	Grad: 0.069
[Epoch  93 (5.30s)]	ELBO: 24.070 (1045.392)	Log prob: 27.119 (1059.444)	KLD: 3.049 (14.052)	Grad: 0.072
[Epoch  94 (5.33s)]	ELBO: 24.262 (1045.136)	Log prob: 27.296 (1059.156)	KLD: 3.034 (14.020)	Grad: 0.064
[Epoch  95 (5.50s)]	ELBO: 24.197 (1044.846)	Log prob: 27.253 (1058.926)	KLD: 3.055 (14.079)	Grad: 0.072
[Epoch  96 (5.44s)]	ELBO: 24.204 (1046.049)	Log prob: 27.272 (1059.931)	KLD: 3.068 (13.882)	Grad: 0.071
[Epoch  97 (5.51s)]	ELBO: 24.214 (1044.906)	Log prob: 27.272 (1059.015)	KLD: 3.058 (14.110)	Grad: 0.070
[Epoch  98 (5.56s)]	ELBO: 24.265 (1045.761)	Log prob: 27.338 (1059.481)	KLD: 3.073 (13.721)	Grad: 0.072
[Epoch  99 (5.11s)]	ELBO: 24.293 (1046.229)	Log prob: 27.371 (1060.295)	KLD: 3.078 (14.065)	Grad: 0.072
[Epoch 100 (4.88s)]	ELBO: 24.373 (1044.179)	Log prob: 27.454 (1058.039)	KLD: 3.081 (13.860)	Grad: 0.066
[Epoch 101 (5.05s)]	ELBO: 24.284 (1046.006)	Log prob: 27.356 (1059.906)	KLD: 3.071 (13.900)	Grad: 0.078
[Epoch 102 (4.79s)]	ELBO: 24.266 (1045.949)	Log prob: 27.357 (1060.067)	KLD: 3.091 (14.118)	Grad: 0.079
[Epoch 103 (4.85s)]	ELBO: 24.323 (1045.344)	Log prob: 27.411 (1059.212)	KLD: 3.088 (13.867)	Grad: 0.075
[Epoch 104 (4.87s)]	ELBO: 24.407 (1045.428)	Log prob: 27.472 (1059.683)	KLD: 3.065 (14.254)	Grad: 0.070
[Epoch 105 (4.94s)]	ELBO: 24.388 (1045.816)	Log prob: 27.481 (1059.834)	KLD: 3.092 (14.018)	Grad: 0.075
[Epoch 106 (4.87s)]	ELBO: 24.528 (1045.299)	Log prob: 27.619 (1059.297)	KLD: 3.091 (13.998)	Grad: 0.067
[Epoch 107 (4.77s)]	ELBO: 24.428 (1045.540)	Log prob: 27.543 (1059.390)	KLD: 3.115 (13.849)	Grad: 0.074
No improvement after 25 epochs...
Training model 4/4...
[Epoch   1 (4.93s)]	ELBO: 10.470 (1030.982)	Log prob: 11.874 (1046.457)	KLD: 1.404 (15.475)	Grad: 0.051
[Epoch   2 (4.87s)]	ELBO: 14.838 (1030.770)	Log prob: 16.558 (1046.431)	KLD: 1.719 (15.662)	Grad: 0.053
[Epoch   3 (4.91s)]	ELBO: 15.526 (1030.588)	Log prob: 17.303 (1046.387)	KLD: 1.777 (15.800)	Grad: 0.039
[Epoch   4 (4.92s)]	ELBO: 15.922 (1031.313)	Log prob: 17.730 (1046.966)	KLD: 1.808 (15.653)	Grad: 0.041
[Epoch   5 (5.00s)]	ELBO: 16.283 (1031.868)	Log prob: 18.143 (1047.460)	KLD: 1.860 (15.592)	Grad: 0.039
[Epoch   6 (5.33s)]	ELBO: 16.438 (1032.022)	Log prob: 18.341 (1047.792)	KLD: 1.904 (15.770)	Grad: 0.040
[Epoch   7 (5.27s)]	ELBO: 16.637 (1031.998)	Log prob: 18.551 (1047.698)	KLD: 1.914 (15.701)	Grad: 0.037
[Epoch   8 (5.19s)]	ELBO: 16.676 (1032.539)	Log prob: 18.618 (1048.277)	KLD: 1.942 (15.738)	Grad: 0.040
[Epoch   9 (5.24s)]	ELBO: 16.759 (1031.708)	Log prob: 18.714 (1047.559)	KLD: 1.955 (15.851)	Grad: 0.040
[Epoch  10 (5.22s)]	ELBO: 16.840 (1031.690)	Log prob: 18.825 (1047.670)	KLD: 1.985 (15.980)	Grad: 0.036
[Epoch  11 (5.30s)]	ELBO: 16.893 (1031.066)	Log prob: 18.879 (1046.874)	KLD: 1.986 (15.808)	Grad: 0.038
[Epoch  12 (5.33s)]	ELBO: 16.973 (1031.749)	Log prob: 18.976 (1047.504)	KLD: 2.003 (15.755)	Grad: 0.035
[Epoch  13 (5.17s)]	ELBO: 17.012 (1031.545)	Log prob: 18.997 (1047.306)	KLD: 1.985 (15.761)	Grad: 0.037
[Epoch  14 (4.99s)]	ELBO: 17.079 (1031.165)	Log prob: 19.070 (1047.249)	KLD: 1.991 (16.084)	Grad: 0.034
[Epoch  15 (4.99s)]	ELBO: 17.098 (1031.693)	Log prob: 19.116 (1047.541)	KLD: 2.019 (15.849)	Grad: 0.036
[Epoch  16 (5.10s)]	ELBO: 17.152 (1031.514)	Log prob: 19.163 (1047.352)	KLD: 2.011 (15.837)	Grad: 0.036
[Epoch  17 (4.93s)]	ELBO: 17.214 (1032.031)	Log prob: 19.240 (1047.710)	KLD: 2.027 (15.680)	Grad: 0.037
[Epoch  18 (5.30s)]	ELBO: 17.240 (1030.698)	Log prob: 19.271 (1046.713)	KLD: 2.031 (16.016)	Grad: 0.035
[Epoch  19 (5.55s)]	ELBO: 17.223 (1031.780)	Log prob: 19.266 (1047.451)	KLD: 2.044 (15.671)	Grad: 0.038
[Epoch  20 (5.38s)]	ELBO: 17.378 (1032.008)	Log prob: 19.406 (1047.879)	KLD: 2.027 (15.872)	Grad: 0.034
[Epoch  21 (5.11s)]	ELBO: 17.310 (1031.393)	Log prob: 19.361 (1047.541)	KLD: 2.051 (16.148)	Grad: 0.036
[Epoch  22 (4.64s)]	ELBO: 17.407 (1031.803)	Log prob: 19.475 (1047.631)	KLD: 2.067 (15.828)	Grad: 0.035
[Epoch  23 (4.67s)]	ELBO: 17.451 (1031.859)	Log prob: 19.522 (1047.628)	KLD: 2.071 (15.769)	Grad: 0.034
[Epoch  24 (4.59s)]	ELBO: 17.448 (1031.237)	Log prob: 19.524 (1047.124)	KLD: 2.076 (15.887)	Grad: 0.035
[Epoch  25 (4.62s)]	ELBO: 17.441 (1031.826)	Log prob: 19.520 (1047.732)	KLD: 2.080 (15.906)	Grad: 0.036
[Epoch  26 (4.73s)]	ELBO: 17.453 (1030.770)	Log prob: 19.560 (1046.898)	KLD: 2.107 (16.128)	Grad: 0.038
[Epoch  27 (4.68s)]	ELBO: 17.582 (1032.482)	Log prob: 19.686 (1048.416)	KLD: 2.103 (15.934)	Grad: 0.035
[Epoch  28 (4.95s)]	ELBO: 17.620 (1031.739)	Log prob: 19.744 (1047.711)	KLD: 2.124 (15.972)	Grad: 0.034
[Epoch  29 (5.67s)]	ELBO: 17.631 (1031.694)	Log prob: 19.769 (1047.474)	KLD: 2.138 (15.780)	Grad: 0.037
[Epoch  30 (5.46s)]	ELBO: 17.666 (1031.476)	Log prob: 19.811 (1047.496)	KLD: 2.145 (16.021)	Grad: 0.037
[Epoch  31 (5.84s)]	ELBO: 17.645 (1032.341)	Log prob: 19.791 (1048.376)	KLD: 2.147 (16.036)	Grad: 0.038
[Epoch  32 (5.74s)]	ELBO: 17.736 (1031.447)	Log prob: 19.904 (1047.543)	KLD: 2.169 (16.095)	Grad: 0.037
No improvement after 25 epochs...
Best epoch(s): [247, 236, 83, 8]	Training time(s): 9298.02s, 3492.30s, 668.36s, 163.61s (13622.29s)	Best ELBO: 17.736 (1032.539)	Best log prob: 19.904 (1048.416)
Avg. mu: 1.451, 0.398, -0.374, 0.137
Avg. var: 0.007, 0.014, 0.018, 0.057
Max. mu: 9.125, 7.469, 10.057, 6.679
Max. var: 0.566, 1.721, 5.261, 2.457
Min. mu: -5.413, -10.225, -6.555, -6.292
Min. var: 0.000, 0.000, 0.000, 0.000
Cov. mu:
[[5.022 -0.318 -0.240 -0.162]
 [-0.318 4.347 0.366 0.002]
 [-0.240 0.366 2.264 -0.350]
 [-0.162 0.002 -0.350 1.598]]
