Seed: 2030
=================================================================
Layer (type:depth-idx)                   Param #
=================================================================
Quotient                                 --
├─Canvas: 1-1                            --
│    └─Linear: 2-1                       784
├─KL: 1-2                                --
│    └─Linear: 2-2                       1
│    └─Linear: 2-3                       1
├─Encoder: 1-3                           --
│    └─Linear: 2-4                       76,930
│    └─Linear: 2-5                       9,702
├─EncoderToLatents: 1-4                  --
│    └─Linear: 2-6                       99
│    └─Linear: 2-7                       99
├─ModuleList: 1-5                        --
│    └─LatentsToDecoder: 2-8             --
│    │    └─Linear: 3-1                  196
│    └─LatentsToDecoder: 2-9             --
│    │    └─Linear: 3-2                  196
├─Decoder: 1-6                           --
│    └─Linear: 2-10                      9,702
│    └─Linear: 2-11                      77,616
=================================================================
Total params: 175,326
Trainable params: 175,326
Non-trainable params: 0
=================================================================
[Epoch   1 (10.85s)]	ELBO (bits/dim): 0.62788, 0.97467 (1.71360)	Reconstruction error (/dim): 0.12387, 0.11240 (0.07177)	KLD: 0.024, 0.028 (0.048)	Grad: 208760.4
[Epoch   2 (10.14s)]	ELBO (bits/dim): 1.74549, 1.86723 (2.07788)	Reconstruction error (/dim): 0.07066, 0.07098 (0.07120)	KLD: 0.027, 0.021 (0.052)	Grad: 175985.8
[Epoch   3 (10.62s)]	ELBO (bits/dim): 2.07707, 2.04536 (2.09587)	Reconstruction error (/dim): 0.06999, 0.07280 (0.07562)	KLD: 0.035, 0.008 (0.013)	Grad: 196167.5
[Epoch   4 (12.28s)]	ELBO (bits/dim): 2.23083, 2.16823 (2.29486)	Reconstruction error (/dim): 0.07362, 0.07835 (0.08084)	KLD: 0.011, 0.011 (0.032)	Grad: 172747.4
[Epoch   5 (14.16s)]	ELBO (bits/dim): 2.32314, 2.22674 (2.30983)	Reconstruction error (/dim): 0.07687, 0.08167 (0.08199)	KLD: 0.011, 0.010 (0.015)	Grad: 118118.5
[Epoch   6 (17.38s)]	ELBO (bits/dim): 2.27569, 1.78788 (2.39347)	Reconstruction error (/dim): 0.07771, 0.08192 (0.08155)	KLD: 0.007, 0.006 (0.011)	Grad: 109040.2
[Epoch   7 (13.26s)]	ELBO (bits/dim): 2.38851, 2.37792 (2.39565)	Reconstruction error (/dim): 0.07786, 0.08144 (0.08121)	KLD: 0.005, 0.006 (0.009)	Grad: 84833.7
[Epoch   8 (12.75s)]	ELBO (bits/dim): 2.41010, 2.40665 (2.39795)	Reconstruction error (/dim): 0.07800, 0.08086 (0.08049)	KLD: 0.011, 0.003 (0.014)	Grad: 73493.9
[Epoch   9 (17.00s)]	ELBO (bits/dim): 2.42499, 2.40726 (2.39713)	Reconstruction error (/dim): 0.07829, 0.08040 (0.08061)	KLD: 0.020, 0.004 (0.023)	Grad: 66583.0
[Epoch  10 (24.93s)]	ELBO (bits/dim): 2.42096, 2.41570 (2.42367)	Reconstruction error (/dim): 0.07874, 0.08031 (0.08030)	KLD: 0.073, 0.006 (0.115)	Grad: 66342.7
[Epoch  11 (27.46s)]	ELBO (bits/dim): 2.43304, 2.42113 (2.42996)	Reconstruction error (/dim): 0.07900, 0.08013 (0.08014)	KLD: 0.061, 0.004 (0.086)	Grad: 57944.0
[Epoch  12 (24.38s)]	ELBO (bits/dim): 2.43686, 2.43082 (2.43220)	Reconstruction error (/dim): 0.07920, 0.07992 (0.07977)	KLD: 0.079, 0.003 (0.051)	Grad: 39367.9
[Epoch  13 (24.80s)]	ELBO (bits/dim): 2.43457, 2.42700 (2.43482)	Reconstruction error (/dim): 0.07934, 0.07984 (0.07962)	KLD: 0.033, 0.004 (0.021)	Grad: 59631.0
[Epoch  14 (25.63s)]	ELBO (bits/dim): 2.43883, 2.43470 (2.42819)	Reconstruction error (/dim): 0.07949, 0.07978 (0.07993)	KLD: 0.086, 0.006 (0.347)	Grad: 37311.0
[Epoch  15 (26.58s)]	ELBO (bits/dim): 2.44299, 2.43658 (2.43787)	Reconstruction error (/dim): 0.07956, 0.07971 (0.07966)	KLD: 0.301, -0.001 (0.551)	Grad: 27210.5
[Epoch  16 (26.22s)]	ELBO (bits/dim): 2.44399, 2.43340 (2.43868)	Reconstruction error (/dim): 0.07961, 0.07966 (0.07939)	KLD: 0.547, 0.004 (0.342)	Grad: 22407.5
[Epoch  17 (27.37s)]	ELBO (bits/dim): 2.44354, 2.43653 (2.44171)	Reconstruction error (/dim): 0.07962, 0.07954 (0.07980)	KLD: 0.212, 0.008 (0.226)	Grad: 38630.0
[Epoch  18 (26.56s)]	ELBO (bits/dim): 2.39761, 2.43782 (2.44111)	Reconstruction error (/dim): 0.07968, 0.07957 (0.07934)	KLD: 0.147, 0.005 (0.119)	Grad: 39021.8
[Epoch  19 (28.67s)]	ELBO (bits/dim): 2.44475, 2.43969 (2.44321)	Reconstruction error (/dim): 0.07967, 0.07952 (0.07942)	KLD: 0.253, 0.014 (0.318)	Grad: 34656.7
[Epoch  20 (27.30s)]	ELBO (bits/dim): 2.44676, 2.43988 (2.43996)	Reconstruction error (/dim): 0.07967, 0.07945 (0.07982)	KLD: 0.505, 0.011 (0.715)	Grad: 23712.2
[Epoch  21 (26.94s)]	ELBO (bits/dim): 2.44673, 2.43879 (2.44372)	Reconstruction error (/dim): 0.07977, 0.07945 (0.07952)	KLD: 0.660, 0.005 (0.627)	Grad: 19367.3
[Epoch  22 (25.86s)]	ELBO (bits/dim): 2.44739, 2.44235 (2.43927)	Reconstruction error (/dim): 0.07970, 0.07942 (0.07890)	KLD: 0.600, 0.010 (0.559)	Grad: 12441.1
[Epoch  23 (25.76s)]	ELBO (bits/dim): 2.44763, 2.44110 (2.43265)	Reconstruction error (/dim): 0.07964, 0.07921 (0.07969)	KLD: 0.593, 0.009 (0.699)	Grad: 17823.7
[Epoch  24 (27.93s)]	ELBO (bits/dim): 2.44798, 2.44141 (2.44518)	Reconstruction error (/dim): 0.07970, 0.07937 (0.07914)	KLD: 0.687, 0.005 (0.815)	Grad: 17800.6
[Epoch  25 (27.19s)]	ELBO (bits/dim): 2.44849, 2.44499 (2.44527)	Reconstruction error (/dim): 0.07966, 0.07924 (0.07932)	KLD: 0.897, 0.019 (0.875)	Grad: 8136.5
[Epoch  26 (26.56s)]	ELBO (bits/dim): 2.44893, 2.27642 (2.44617)	Reconstruction error (/dim): 0.07961, 0.07925 (0.07942)	KLD: 0.896, 0.021 (0.955)	Grad: 23083.5
[Epoch  27 (25.61s)]	ELBO (bits/dim): 2.44965, 2.44393 (2.44637)	Reconstruction error (/dim): 0.07956, 0.07920 (0.07935)	KLD: 0.825, 0.038 (0.784)	Grad: 23881.2
[Epoch  28 (24.76s)]	ELBO (bits/dim): 2.45013, 2.43859 (2.36982)	Reconstruction error (/dim): 0.07950, 0.07932 (0.07925)	KLD: 0.759, 0.024 (0.782)	Grad: 22527.7
[Epoch  29 (19.27s)]	ELBO (bits/dim): 2.45074, 2.44431 (2.44701)	Reconstruction error (/dim): 0.07931, 0.07923 (0.07934)	KLD: 0.763, 0.030 (0.692)	Grad: 17012.9
[Epoch  30 (17.46s)]	ELBO (bits/dim): 2.45024, 2.44691 (2.45057)	Reconstruction error (/dim): 0.07943, 0.07937 (0.07906)	KLD: 0.594, 0.023 (0.688)	Grad: 15651.7
[Epoch  31 (18.01s)]	ELBO (bits/dim): 2.45248, 2.44902 (2.44412)	Reconstruction error (/dim): 0.07922, 0.07929 (0.07920)	KLD: 0.707, 0.020 (0.706)	Grad: 10750.3
[Epoch  32 (17.59s)]	ELBO (bits/dim): 2.45662, 2.40206 (2.45884)	Reconstruction error (/dim): 0.07899, 0.07917 (0.07920)	KLD: 0.660, 0.024 (0.731)	Grad: 20361.0
[Epoch  33 (20.17s)]	ELBO (bits/dim): 2.46729, 2.46225 (2.47152)	Reconstruction error (/dim): 0.07835, 0.07874 (0.07835)	KLD: 0.781, 0.071 (0.895)	Grad: 15934.5
[Epoch  34 (18.48s)]	ELBO (bits/dim): 2.48306, 2.36309 (2.49090)	Reconstruction error (/dim): 0.07740, 0.07803 (0.07719)	KLD: 0.756, 0.134 (0.924)	Grad: 17996.1
[Epoch  35 (18.30s)]	ELBO (bits/dim): 2.49880, 2.48947 (2.50124)	Reconstruction error (/dim): 0.07614, 0.07694 (0.07657)	KLD: 0.817, 0.234 (0.993)	Grad: 23720.2
[Epoch  36 (18.79s)]	ELBO (bits/dim): 2.50521, 2.49897 (2.48716)	Reconstruction error (/dim): 0.07572, 0.07658 (0.07758)	KLD: 0.801, 0.207 (0.874)	Grad: 25881.1
[Epoch  37 (18.77s)]	ELBO (bits/dim): 2.48405, 2.47524 (2.47869)	Reconstruction error (/dim): 0.07705, 0.07775 (0.07788)	KLD: 0.790, 0.081 (0.902)	Grad: 16623.8
[Epoch  38 (17.85s)]	ELBO (bits/dim): 2.47953, 2.47568 (2.46442)	Reconstruction error (/dim): 0.07736, 0.07803 (0.07911)	KLD: 0.878, 0.069 (0.924)	Grad: 17294.2
[Epoch  39 (19.10s)]	ELBO (bits/dim): 2.47422, 2.44999 (2.47181)	Reconstruction error (/dim): 0.07762, 0.07824 (0.07793)	KLD: 0.878, 0.068 (0.927)	Grad: 18416.3
[Epoch  40 (18.68s)]	ELBO (bits/dim): 2.47491, 2.46253 (2.47449)	Reconstruction error (/dim): 0.07775, 0.07841 (0.07821)	KLD: 0.817, 0.035 (0.856)	Grad: 20527.3
[Epoch  41 (20.54s)]	ELBO (bits/dim): 2.48031, 2.47821 (2.47848)	Reconstruction error (/dim): 0.07755, 0.07810 (0.07781)	KLD: 0.816, 0.044 (0.927)	Grad: 8764.9
[Epoch  42 (19.62s)]	ELBO (bits/dim): 2.48043, 2.47588 (2.47072)	Reconstruction error (/dim): 0.07747, 0.07797 (0.07807)	KLD: 0.835, 0.075 (0.956)	Grad: 23249.2
[Epoch  43 (18.39s)]	ELBO (bits/dim): 2.48379, 2.48216 (2.48297)	Reconstruction error (/dim): 0.07732, 0.07766 (0.07751)	KLD: 0.910, 0.105 (0.975)	Grad: 10400.7
[Epoch  44 (21.48s)]	ELBO (bits/dim): 2.48391, 2.47839 (2.47733)	Reconstruction error (/dim): 0.07758, 0.07801 (0.07807)	KLD: 0.845, 0.072 (0.929)	Grad: 24907.4
No improvement after 10 epochs...
Best epoch(s): [35]	Training time(s): 921.43s (921.43s)	Best ELBO (bits/dim): 2.49897 (2.50124)	Best reconstruction error (/dim): 0.11240 (0.08199)
Seed: 2030
Avg. z: 0.330, -0.905
Max. z: 5.644, 1470.100
Min. z: -3.325, -2861.269
Cov. z:
[[0.512 -0.423]
 [-0.423 3932.709]]
