Seed: 2018
=================================================================
Layer (type:depth-idx)                   Param #
=================================================================
RNN                                      --
├─Canvas: 1-1                            --
│    └─Linear: 2-1                       784
├─Encoder: 1-2                           --
│    └─Linear: 2-2                       76,930
│    └─Linear: 2-3                       9,702
├─ModuleList: 1-3                        --
│    └─EncoderEncoderToLatents: 2-4      --
│    │    └─Linear: 3-1                  19,306
│    │    └─Linear: 3-2                  99
│    │    └─Linear: 3-3                  99
│    └─EncoderEncoderToLatents: 2-5      --
│    │    └─Linear: 3-4                  19,306
│    │    └─Linear: 3-5                  99
│    │    └─Linear: 3-6                  99
│    └─EncoderEncoderToLatents: 2-6      --
│    │    └─Linear: 3-7                  19,306
│    │    └─Linear: 3-8                  99
│    │    └─Linear: 3-9                  99
│    └─EncoderEncoderToLatents: 2-7      --
│    │    └─Linear: 3-10                 19,306
│    │    └─Linear: 3-11                 99
│    │    └─Linear: 3-12                 99
│    └─EncoderEncoderToLatents: 2-8      --
│    │    └─Linear: 3-13                 19,306
│    │    └─Linear: 3-14                 99
│    │    └─Linear: 3-15                 99
│    └─EncoderEncoderToLatents: 2-9      --
│    │    └─Linear: 3-16                 19,306
│    │    └─Linear: 3-17                 99
│    │    └─Linear: 3-18                 99
│    └─EncoderEncoderToLatents: 2-10     --
│    │    └─Linear: 3-19                 19,306
│    │    └─Linear: 3-20                 99
│    │    └─Linear: 3-21                 99
│    └─EncoderEncoderToLatents: 2-11     --
│    │    └─Linear: 3-22                 19,306
│    │    └─Linear: 3-23                 99
│    │    └─Linear: 3-24                 99
│    └─EncoderEncoderToLatents: 2-12     --
│    │    └─Linear: 3-25                 19,306
│    │    └─Linear: 3-26                 99
│    │    └─Linear: 3-27                 99
│    └─EncoderEncoderToLatents: 2-13     --
│    │    └─Linear: 3-28                 19,306
│    │    └─Linear: 3-29                 99
│    │    └─Linear: 3-30                 99
├─ModuleList: 1-4                        --
│    └─LatentsToDecoder: 2-14            --
│    │    └─Linear: 3-31                 196
│    └─LatentsToDecoder: 2-15            --
│    │    └─Linear: 3-32                 196
│    └─LatentsToDecoder: 2-16            --
│    │    └─Linear: 3-33                 196
│    └─LatentsToDecoder: 2-17            --
│    │    └─Linear: 3-34                 196
│    └─LatentsToDecoder: 2-18            --
│    │    └─Linear: 3-35                 196
│    └─LatentsToDecoder: 2-19            --
│    │    └─Linear: 3-36                 196
│    └─LatentsToDecoder: 2-20            --
│    │    └─Linear: 3-37                 196
│    └─LatentsToDecoder: 2-21            --
│    │    └─Linear: 3-38                 196
│    └─LatentsToDecoder: 2-22            --
│    │    └─Linear: 3-39                 196
│    └─LatentsToDecoder: 2-23            --
│    │    └─Linear: 3-40                 196
├─Decoder: 1-5                           --
│    └─Linear: 2-24                      9,702
│    └─Linear: 2-25                      77,616
=================================================================
Total params: 371,734
Trainable params: 371,734
Non-trainable params: 0
=================================================================
[Epoch   1 (31.86s)]	ELBO (bits/dim): 2.31319, 2.40338, 2.42959, 2.43992, 2.44634, 2.44875, 2.44775, 2.44567, 2.44076, 2.43539 (2.67472)	Reconstruction error (/dim): 0.08326, 0.07873, 0.07747, 0.07730, 0.07709, 0.07668, 0.07680, 0.07743, 0.07801, 0.07836 (0.06253)	KLD: 9.298, 2.631, 1.252, 0.751, 0.583, 0.710, 0.230, 0.277, 0.284, 0.348 (16.518)	Grad: 1053.1
[Epoch   2 (35.28s)]	ELBO (bits/dim): 2.50320, 2.61764, 2.69675, 2.74195, 2.77745, 2.78953, 2.79030, 2.79058, 2.79031, 2.78924 (2.89898)	Reconstruction error (/dim): 0.07648, 0.07091, 0.06547, 0.06144, 0.05799, 0.05699, 0.05691, 0.05706, 0.05717, 0.05728 (0.04970)	KLD: 4.403, 3.581, 2.738, 2.079, 2.186, 1.559, 0.426, 0.437, 0.403, 0.355 (18.872)	Grad: 1152.9
[Epoch   3 (35.51s)]	ELBO (bits/dim): 2.54600, 2.65286, 2.75472, 2.83678, 2.88916, 2.91238, 2.92968, 2.93313, 2.93325, 2.93342 (2.99824)	Reconstruction error (/dim): 0.07412, 0.06962, 0.06271, 0.05617, 0.05143, 0.04955, 0.04747, 0.04719, 0.04719, 0.04711 (0.04202)	KLD: 3.918, 3.296, 3.151, 2.501, 2.304, 1.712, 1.407, 1.011, 0.541, 0.431 (21.185)	Grad: 1121.5
[Epoch   4 (35.71s)]	ELBO (bits/dim): 2.57177, 2.67271, 2.79345, 2.88621, 2.93607, 2.97495, 3.00319, 3.01168, 3.01318, 3.01451 (3.05971)	Reconstruction error (/dim): 0.07362, 0.06850, 0.06053, 0.05294, 0.04863, 0.04488, 0.04212, 0.04119, 0.04111, 0.04097 (0.03742)	KLD: 3.735, 3.206, 3.224, 2.628, 2.123, 2.016, 1.795, 1.222, 0.742, 0.717 (21.570)	Grad: 1106.0
[Epoch   5 (33.61s)]	ELBO (bits/dim): 2.58193, 2.69650, 2.83001, 2.91893, 2.96948, 3.01234, 3.03932, 3.05305, 3.05794, 3.05927 (3.09294)	Reconstruction error (/dim): 0.07247, 0.06702, 0.05811, 0.05060, 0.04634, 0.04238, 0.03979, 0.03841, 0.03793, 0.03782 (0.03542)	KLD: 3.629, 3.336, 3.129, 2.574, 2.118, 2.059, 1.730, 1.456, 1.018, 0.707 (22.064)	Grad: 998.0
[Epoch   6 (34.59s)]	ELBO (bits/dim): 2.58564, 2.71507, 2.85427, 2.93845, 2.98886, 3.03380, 3.06026, 3.07531, 3.08342, 3.08544 (3.11291)	Reconstruction error (/dim): 0.07208, 0.06557, 0.05609, 0.04924, 0.04499, 0.04094, 0.03846, 0.03699, 0.03621, 0.03600 (0.03361)	KLD: 3.540, 3.389, 3.115, 2.528, 2.140, 2.090, 1.738, 1.496, 1.244, 0.776 (21.956)	Grad: 1034.9
[Epoch   7 (35.22s)]	ELBO (bits/dim): 2.58726, 2.72437, 2.86749, 2.95272, 3.00436, 3.05078, 3.07651, 3.09232, 3.10128, 3.10468 (3.12916)	Reconstruction error (/dim): 0.07213, 0.06498, 0.05507, 0.04819, 0.04384, 0.03969, 0.03734, 0.03579, 0.03492, 0.03455 (0.03236)	KLD: 3.491, 3.387, 3.128, 2.522, 2.170, 2.122, 1.737, 1.530, 1.287, 0.926 (22.637)	Grad: 1025.4
[Epoch   8 (34.06s)]	ELBO (bits/dim): 2.58876, 2.73095, 2.87689, 2.96406, 3.01793, 3.06457, 3.08939, 3.10588, 3.11554, 3.12076 (3.14334)	Reconstruction error (/dim): 0.07203, 0.06465, 0.05435, 0.04737, 0.04278, 0.03867, 0.03640, 0.03479, 0.03383, 0.03330 (0.03126)	KLD: 3.464, 3.368, 3.140, 2.532, 2.197, 2.128, 1.731, 1.548, 1.319, 1.048 (23.170)	Grad: 1106.0
[Epoch   9 (32.45s)]	ELBO (bits/dim): 2.59146, 2.73567, 2.88358, 2.97322, 3.02899, 3.07561, 3.10039, 3.11717, 3.12742, 3.13344 (3.15473)	Reconstruction error (/dim): 0.07175, 0.06431, 0.05383, 0.04670, 0.04196, 0.03784, 0.03560, 0.03398, 0.03296, 0.03234 (0.03031)	KLD: 3.460, 3.362, 3.165, 2.553, 2.216, 2.131, 1.740, 1.567, 1.359, 1.108 (22.753)	Grad: 1054.9
[Epoch  10 (32.20s)]	ELBO (bits/dim): 2.59858, 2.74069, 2.88900, 2.98096, 3.03818, 3.08483, 3.10987, 3.12666, 3.13752, 3.14406 (3.16391)	Reconstruction error (/dim): 0.07092, 0.06380, 0.05342, 0.04616, 0.04131, 0.03723, 0.03497, 0.03333, 0.03226, 0.03159 (0.03009)	KLD: 3.474, 3.379, 3.187, 2.568, 2.233, 2.128, 1.750, 1.568, 1.370, 1.144 (22.361)	Grad: 1081.7
[Epoch  11 (32.70s)]	ELBO (bits/dim): 2.60279, 2.74500, 2.89410, 2.98722, 3.04565, 3.09255, 3.11798, 3.13473, 3.14596, 3.15283 (3.17372)	Reconstruction error (/dim): 0.07066, 0.06339, 0.05307, 0.04571, 0.04077, 0.03669, 0.03439, 0.03278, 0.03165, 0.03096 (0.02926)	KLD: 3.474, 3.387, 3.202, 2.589, 2.242, 2.128, 1.765, 1.570, 1.388, 1.170 (22.602)	Grad: 1001.6
[Epoch  12 (34.43s)]	ELBO (bits/dim): 2.60624, 2.74952, 2.89905, 2.99292, 3.05260, 3.09947, 3.12533, 3.14195, 3.15367, 3.16061 (3.17946)	Reconstruction error (/dim): 0.07046, 0.06302, 0.05271, 0.04531, 0.04028, 0.03622, 0.03388, 0.03229, 0.03112, 0.03042 (0.02884)	KLD: 3.481, 3.393, 3.217, 2.596, 2.252, 2.129, 1.779, 1.572, 1.406, 1.179 (22.994)	Grad: 964.2
[Epoch  13 (31.85s)]	ELBO (bits/dim): 2.60924, 2.75331, 2.90279, 2.99708, 3.05768, 3.10474, 3.13091, 3.14742, 3.15959, 3.16654 (3.18649)	Reconstruction error (/dim): 0.07023, 0.06276, 0.05243, 0.04503, 0.03993, 0.03585, 0.03350, 0.03191, 0.03071, 0.03002 (0.02836)	KLD: 3.482, 3.398, 3.226, 2.608, 2.261, 2.132, 1.789, 1.562, 1.409, 1.196 (23.437)	Grad: 1084.1
[Epoch  14 (31.71s)]	ELBO (bits/dim): 2.61289, 2.75775, 2.90669, 3.00128, 3.06267, 3.10984, 3.13643, 3.15266, 3.16527, 3.17232 (3.19075)	Reconstruction error (/dim): 0.06978, 0.06239, 0.05214, 0.04475, 0.03960, 0.03550, 0.03309, 0.03156, 0.03032, 0.02964 (0.02809)	KLD: 3.499, 3.405, 3.232, 2.618, 2.273, 2.131, 1.794, 1.561, 1.423, 1.192 (22.727)	Grad: 1045.6
[Epoch  15 (31.68s)]	ELBO (bits/dim): 2.61597, 2.76178, 2.90980, 3.00442, 3.06642, 3.11369, 3.14040, 3.15661, 3.16928, 3.17644 (3.19509)	Reconstruction error (/dim): 0.06951, 0.06197, 0.05193, 0.04455, 0.03934, 0.03522, 0.03283, 0.03129, 0.03006, 0.02936 (0.02779)	KLD: 3.511, 3.413, 3.234, 2.620, 2.280, 2.132, 1.803, 1.559, 1.429, 1.207 (23.062)	Grad: 1116.5
[Epoch  16 (31.70s)]	ELBO (bits/dim): 2.61936, 2.76594, 2.91306, 3.00747, 3.06975, 3.11716, 3.14403, 3.16035, 3.17314, 3.18045 (3.19761)	Reconstruction error (/dim): 0.06926, 0.06159, 0.05172, 0.04437, 0.03911, 0.03499, 0.03257, 0.03102, 0.02979, 0.02907 (0.02763)	KLD: 3.525, 3.421, 3.237, 2.631, 2.283, 2.131, 1.805, 1.556, 1.439, 1.219 (23.302)	Grad: 1065.5
[Epoch  17 (31.60s)]	ELBO (bits/dim): 2.62246, 2.76968, 2.91621, 3.01009, 3.07301, 3.12051, 3.14734, 3.16363, 3.17653, 3.18389 (3.20137)	Reconstruction error (/dim): 0.06909, 0.06125, 0.05148, 0.04420, 0.03888, 0.03476, 0.03234, 0.03080, 0.02954, 0.02883 (0.02745)	KLD: 3.533, 3.424, 3.234, 2.634, 2.295, 2.130, 1.802, 1.549, 1.437, 1.227 (23.221)	Grad: 1110.1
[Epoch  18 (31.67s)]	ELBO (bits/dim): 2.62499, 2.77302, 2.91908, 3.01246, 3.07560, 3.12310, 3.15018, 3.16644, 3.17938, 3.18701 (3.20335)	Reconstruction error (/dim): 0.06883, 0.06090, 0.05126, 0.04402, 0.03872, 0.03458, 0.03213, 0.03060, 0.02934, 0.02860 (0.02713)	KLD: 3.561, 3.434, 3.241, 2.641, 2.302, 2.134, 1.800, 1.550, 1.440, 1.236 (23.212)	Grad: 1113.6
[Epoch  19 (31.68s)]	ELBO (bits/dim): 2.62762, 2.77667, 2.92227, 3.01476, 3.07833, 3.12597, 3.15300, 3.16932, 3.18227, 3.19001 (3.20631)	Reconstruction error (/dim): 0.06860, 0.06053, 0.05100, 0.04388, 0.03851, 0.03436, 0.03195, 0.03040, 0.02913, 0.02839 (0.02710)	KLD: 3.572, 3.442, 3.241, 2.640, 2.305, 2.135, 1.803, 1.548, 1.443, 1.230 (23.111)	Grad: 1103.4
[Epoch  20 (31.93s)]	ELBO (bits/dim): 2.63000, 2.77959, 2.92457, 3.01679, 3.08046, 3.12813, 3.15513, 3.17154, 3.18462, 3.19246 (3.20912)	Reconstruction error (/dim): 0.06842, 0.06028, 0.05081, 0.04372, 0.03837, 0.03422, 0.03179, 0.03024, 0.02896, 0.02821 (0.02679)	KLD: 3.587, 3.450, 3.244, 2.647, 2.314, 2.126, 1.804, 1.550, 1.443, 1.240 (23.568)	Grad: 1113.5
[Epoch  21 (31.81s)]	ELBO (bits/dim): 2.63188, 2.78235, 2.92650, 3.01811, 3.08205, 3.12998, 3.15697, 3.17342, 3.18671, 3.19454 (3.21076)	Reconstruction error (/dim): 0.06831, 0.06006, 0.05067, 0.04366, 0.03829, 0.03411, 0.03168, 0.03012, 0.02882, 0.02806 (0.02673)	KLD: 3.605, 3.450, 3.246, 2.652, 2.316, 2.126, 1.803, 1.548, 1.447, 1.235 (23.524)	Grad: 1208.4
[Epoch  22 (31.67s)]	ELBO (bits/dim): 2.63426, 2.78520, 2.92877, 3.01995, 3.08381, 3.13183, 3.15903, 3.17559, 3.18884, 3.19674 (3.21225)	Reconstruction error (/dim): 0.06810, 0.05981, 0.05051, 0.04353, 0.03817, 0.03399, 0.03154, 0.02997, 0.02868, 0.02791 (0.02658)	KLD: 3.615, 3.459, 3.247, 2.655, 2.322, 2.131, 1.809, 1.557, 1.449, 1.250 (23.165)	Grad: 1209.6
[Epoch  23 (31.74s)]	ELBO (bits/dim): 2.63585, 2.78784, 2.93089, 3.02177, 3.08552, 3.13375, 3.16097, 3.17761, 3.19091, 3.19898 (3.21490)	Reconstruction error (/dim): 0.06804, 0.05958, 0.05033, 0.04339, 0.03805, 0.03386, 0.03140, 0.02983, 0.02853, 0.02775 (0.02644)	KLD: 3.632, 3.472, 3.249, 2.663, 2.327, 2.125, 1.807, 1.561, 1.452, 1.251 (22.913)	Grad: 1155.4
[Epoch  24 (31.78s)]	ELBO (bits/dim): 2.63805, 2.79058, 2.93285, 3.02325, 3.08711, 3.13542, 3.16263, 3.17968, 3.19301, 3.20101 (3.21701)	Reconstruction error (/dim): 0.06786, 0.05936, 0.05018, 0.04326, 0.03792, 0.03375, 0.03129, 0.02969, 0.02839, 0.02761 (0.02624)	KLD: 3.639, 3.473, 3.252, 2.663, 2.328, 2.123, 1.807, 1.557, 1.454, 1.237 (23.324)	Grad: 1172.9
[Epoch  25 (31.70s)]	ELBO (bits/dim): 2.63946, 2.79255, 2.93449, 3.02431, 3.08824, 3.13660, 3.16384, 3.18082, 3.19418, 3.20240 (3.21822)	Reconstruction error (/dim): 0.06778, 0.05919, 0.05005, 0.04320, 0.03785, 0.03366, 0.03122, 0.02960, 0.02831, 0.02752 (0.02610)	KLD: 3.651, 3.475, 3.257, 2.663, 2.335, 2.124, 1.812, 1.566, 1.452, 1.252 (23.466)	Grad: 1239.3
[Epoch  26 (31.61s)]	ELBO (bits/dim): 2.64146, 2.79528, 2.93654, 3.02593, 3.08984, 3.13823, 3.16559, 3.18276, 3.19613, 3.20423 (3.21896)	Reconstruction error (/dim): 0.06769, 0.05898, 0.04990, 0.04308, 0.03774, 0.03356, 0.03109, 0.02948, 0.02817, 0.02739 (0.02621)	KLD: 3.665, 3.488, 3.263, 2.671, 2.335, 2.125, 1.810, 1.570, 1.449, 1.255 (23.752)	Grad: 1229.8
[Epoch  27 (31.02s)]	ELBO (bits/dim): 2.64303, 2.79718, 2.93809, 3.02704, 3.09097, 3.13953, 3.16684, 3.18423, 3.19753, 3.20579 (3.21862)	Reconstruction error (/dim): 0.06760, 0.05882, 0.04977, 0.04300, 0.03768, 0.03347, 0.03101, 0.02938, 0.02807, 0.02728 (0.02616)	KLD: 3.679, 3.488, 3.271, 2.672, 2.340, 2.123, 1.811, 1.571, 1.449, 1.247 (23.860)	Grad: 1193.9
[Epoch  28 (31.60s)]	ELBO (bits/dim): 2.64441, 2.79909, 2.93994, 3.02819, 3.09206, 3.14078, 3.16806, 3.18568, 3.19883, 3.20714 (3.22164)	Reconstruction error (/dim): 0.06754, 0.05866, 0.04961, 0.04292, 0.03760, 0.03338, 0.03094, 0.02928, 0.02799, 0.02718 (0.02614)	KLD: 3.684, 3.494, 3.275, 2.671, 2.342, 2.125, 1.812, 1.575, 1.455, 1.251 (24.125)	Grad: 1270.8
[Epoch  29 (31.27s)]	ELBO (bits/dim): 2.64581, 2.80128, 2.94111, 3.02929, 3.09318, 3.14183, 3.16941, 3.18716, 3.20037, 3.20856 (3.22061)	Reconstruction error (/dim): 0.06747, 0.05853, 0.04954, 0.04282, 0.03752, 0.03334, 0.03085, 0.02918, 0.02789, 0.02709 (0.02612)	KLD: 3.690, 3.503, 3.276, 2.676, 2.351, 2.126, 1.818, 1.581, 1.444, 1.259 (23.483)	Grad: 1259.7
[Epoch  30 (31.50s)]	ELBO (bits/dim): 2.64672, 2.80260, 2.94237, 3.03013, 3.09404, 3.14292, 3.17036, 3.18833, 3.20140, 3.20984 (3.22315)	Reconstruction error (/dim): 0.06742, 0.05839, 0.04942, 0.04275, 0.03746, 0.03325, 0.03077, 0.02909, 0.02781, 0.02699 (0.02582)	KLD: 3.708, 3.500, 3.285, 2.678, 2.348, 2.122, 1.818, 1.585, 1.444, 1.251 (23.588)	Grad: 1359.0
[Epoch  31 (31.82s)]	ELBO (bits/dim): 2.64809, 2.80443, 2.94377, 3.03105, 3.09500, 3.14385, 3.17141, 3.18950, 3.20229, 3.21072 (3.22387)	Reconstruction error (/dim): 0.06735, 0.05828, 0.04934, 0.04269, 0.03737, 0.03318, 0.03069, 0.02900, 0.02775, 0.02694 (0.02597)	KLD: 3.717, 3.506, 3.285, 2.679, 2.355, 2.123, 1.820, 1.588, 1.437, 1.250 (23.672)	Grad: 1317.8
[Epoch  32 (31.77s)]	ELBO (bits/dim): 2.64942, 2.80592, 2.94512, 3.03217, 3.09605, 3.14499, 3.17259, 3.19070, 3.20365, 3.21222 (3.22520)	Reconstruction error (/dim): 0.06724, 0.05814, 0.04923, 0.04260, 0.03731, 0.03312, 0.03063, 0.02893, 0.02767, 0.02684 (0.02571)	KLD: 3.721, 3.506, 3.294, 2.680, 2.354, 2.122, 1.815, 1.590, 1.436, 1.259 (23.792)	Grad: 1260.5
[Epoch  33 (31.54s)]	ELBO (bits/dim): 2.65039, 2.80767, 2.94638, 3.03305, 3.09686, 3.14592, 3.17351, 3.19176, 3.20473, 3.21324 (3.22483)	Reconstruction error (/dim): 0.06724, 0.05807, 0.04917, 0.04254, 0.03725, 0.03306, 0.03055, 0.02885, 0.02759, 0.02677 (0.02589)	KLD: 3.736, 3.507, 3.292, 2.688, 2.358, 2.120, 1.820, 1.590, 1.434, 1.251 (23.642)	Grad: 1309.3
[Epoch  34 (31.63s)]	ELBO (bits/dim): 2.65155, 2.80918, 2.94745, 3.03377, 3.09756, 3.14651, 3.17427, 3.19255, 3.20544, 3.21387 (3.22803)	Reconstruction error (/dim): 0.06714, 0.05790, 0.04907, 0.04247, 0.03719, 0.03302, 0.03051, 0.02880, 0.02754, 0.02673 (0.02564)	KLD: 3.741, 3.517, 3.300, 2.690, 2.361, 2.120, 1.825, 1.597, 1.430, 1.251 (23.502)	Grad: 1322.0
[Epoch  35 (31.61s)]	ELBO (bits/dim): 2.65249, 2.81033, 2.94855, 3.03464, 3.09841, 3.14750, 3.17522, 3.19366, 3.20657, 3.21513 (3.22821)	Reconstruction error (/dim): 0.06711, 0.05782, 0.04898, 0.04240, 0.03712, 0.03293, 0.03042, 0.02870, 0.02746, 0.02663 (0.02571)	KLD: 3.752, 3.514, 3.302, 2.690, 2.360, 2.118, 1.829, 1.600, 1.418, 1.269 (24.041)	Grad: 1360.8
[Epoch  36 (31.57s)]	ELBO (bits/dim): 2.65329, 2.81171, 2.94945, 3.03543, 3.09900, 3.14822, 3.17586, 3.19434, 3.20728, 3.21565 (3.22973)	Reconstruction error (/dim): 0.06708, 0.05772, 0.04894, 0.04235, 0.03710, 0.03289, 0.03041, 0.02867, 0.02741, 0.02660 (0.02542)	KLD: 3.756, 3.522, 3.304, 2.692, 2.359, 2.121, 1.827, 1.598, 1.421, 1.255 (24.087)	Grad: 1368.3
[Epoch  37 (31.68s)]	ELBO (bits/dim): 2.65441, 2.81332, 2.95099, 3.03627, 3.09984, 3.14901, 3.17660, 3.19521, 3.20809, 3.21646 (3.22857)	Reconstruction error (/dim): 0.06699, 0.05761, 0.04882, 0.04229, 0.03704, 0.03285, 0.03035, 0.02860, 0.02736, 0.02656 (0.02563)	KLD: 3.767, 3.525, 3.310, 2.694, 2.365, 2.120, 1.828, 1.599, 1.424, 1.262 (24.055)	Grad: 1394.6
[Epoch  38 (31.64s)]	ELBO (bits/dim): 2.65557, 2.81469, 2.95197, 3.03711, 3.10071, 3.14986, 3.17756, 3.19629, 3.20897, 3.21735 (3.22892)	Reconstruction error (/dim): 0.06696, 0.05751, 0.04874, 0.04221, 0.03695, 0.03277, 0.03027, 0.02852, 0.02728, 0.02649 (0.02554)	KLD: 3.777, 3.528, 3.315, 2.698, 2.363, 2.124, 1.829, 1.603, 1.425, 1.262 (24.085)	Grad: 1341.1
[Epoch  39 (31.69s)]	ELBO (bits/dim): 2.65632, 2.81595, 2.95296, 3.03792, 3.10124, 3.15035, 3.17817, 3.19674, 3.20964, 3.21806 (3.23040)	Reconstruction error (/dim): 0.06694, 0.05740, 0.04863, 0.04213, 0.03692, 0.03275, 0.03023, 0.02849, 0.02725, 0.02644 (0.02547)	KLD: 3.782, 3.530, 3.315, 2.697, 2.365, 2.119, 1.827, 1.610, 1.426, 1.265 (24.229)	Grad: 1518.3
[Epoch  40 (31.66s)]	ELBO (bits/dim): 2.65734, 2.81719, 2.95411, 3.03872, 3.10211, 3.15133, 3.17908, 3.19781, 3.21056, 3.21898 (3.23250)	Reconstruction error (/dim): 0.06687, 0.05730, 0.04857, 0.04210, 0.03686, 0.03268, 0.03016, 0.02841, 0.02719, 0.02637 (0.02520)	KLD: 3.792, 3.530, 3.324, 2.701, 2.368, 2.118, 1.828, 1.609, 1.419, 1.256 (23.928)	Grad: 1396.9
[Epoch  41 (31.64s)]	ELBO (bits/dim): 2.65828, 2.81829, 2.95480, 3.03943, 3.10277, 3.15180, 3.17970, 3.19838, 3.21123, 3.21968 (3.23206)	Reconstruction error (/dim): 0.06685, 0.05722, 0.04850, 0.04202, 0.03681, 0.03265, 0.03013, 0.02837, 0.02714, 0.02633 (0.02532)	KLD: 3.800, 3.534, 3.327, 2.700, 2.368, 2.119, 1.833, 1.610, 1.422, 1.248 (23.616)	Grad: 1397.9
[Epoch  42 (31.66s)]	ELBO (bits/dim): 2.65930, 2.81978, 2.95584, 3.03994, 3.10324, 3.15240, 3.18030, 3.19911, 3.21193, 3.22015 (3.23243)	Reconstruction error (/dim): 0.06679, 0.05711, 0.04845, 0.04200, 0.03679, 0.03261, 0.03009, 0.02834, 0.02710, 0.02631 (0.02522)	KLD: 3.808, 3.538, 3.336, 2.705, 2.369, 2.122, 1.827, 1.604, 1.422, 1.247 (23.969)	Grad: 1477.6
[Epoch  43 (31.77s)]	ELBO (bits/dim): 2.66015, 2.82078, 2.95677, 3.04071, 3.10383, 3.15291, 3.18073, 3.19946, 3.21240, 3.22064 (3.23136)	Reconstruction error (/dim): 0.06678, 0.05703, 0.04837, 0.04194, 0.03675, 0.03257, 0.03005, 0.02830, 0.02707, 0.02628 (0.02538)	KLD: 3.815, 3.544, 3.336, 2.705, 2.368, 2.114, 1.832, 1.611, 1.427, 1.261 (24.225)	Grad: 1499.8
[Epoch  44 (31.64s)]	ELBO (bits/dim): 2.66112, 2.82174, 2.95738, 3.04127, 3.10425, 3.15336, 3.18127, 3.20001, 3.21284, 3.22107 (3.23293)	Reconstruction error (/dim): 0.06670, 0.05697, 0.04833, 0.04190, 0.03672, 0.03255, 0.03003, 0.02829, 0.02705, 0.02626 (0.02515)	KLD: 3.823, 3.545, 3.334, 2.707, 2.370, 2.116, 1.837, 1.610, 1.435, 1.248 (24.472)	Grad: 1507.7
[Epoch  45 (31.87s)]	ELBO (bits/dim): 2.66220, 2.82313, 2.95878, 3.04238, 3.10534, 3.15432, 3.18216, 3.20105, 3.21382, 3.22202 (3.23321)	Reconstruction error (/dim): 0.06665, 0.05687, 0.04822, 0.04180, 0.03663, 0.03247, 0.02996, 0.02820, 0.02698, 0.02618 (0.02513)	KLD: 3.835, 3.548, 3.346, 2.707, 2.369, 2.119, 1.837, 1.606, 1.431, 1.255 (24.279)	Grad: 1512.2
[Epoch  46 (31.71s)]	ELBO (bits/dim): 2.66297, 2.82419, 2.95941, 3.04285, 3.10576, 3.15483, 3.18272, 3.20162, 3.21443, 3.22253 (3.23403)	Reconstruction error (/dim): 0.06663, 0.05679, 0.04818, 0.04178, 0.03662, 0.03245, 0.02991, 0.02816, 0.02693, 0.02616 (0.02523)	KLD: 3.841, 3.550, 3.351, 2.710, 2.371, 2.119, 1.834, 1.610, 1.429, 1.245 (24.161)	Grad: 1456.4
[Epoch  47 (31.74s)]	ELBO (bits/dim): 2.66392, 2.82535, 2.96033, 3.04354, 3.10629, 3.15520, 3.18301, 3.20182, 3.21485, 3.22294 (3.23506)	Reconstruction error (/dim): 0.06657, 0.05669, 0.04810, 0.04171, 0.03656, 0.03242, 0.02992, 0.02814, 0.02691, 0.02613 (0.02508)	KLD: 3.847, 3.551, 3.352, 2.714, 2.371, 2.118, 1.838, 1.609, 1.426, 1.250 (24.115)	Grad: 1505.2
[Epoch  48 (31.67s)]	ELBO (bits/dim): 2.66468, 2.82650, 2.96132, 3.04434, 3.10683, 3.15589, 3.18380, 3.20269, 3.21545, 3.22349 (3.23531)	Reconstruction error (/dim): 0.06654, 0.05662, 0.04803, 0.04166, 0.03654, 0.03236, 0.02983, 0.02808, 0.02687, 0.02609 (0.02492)	KLD: 3.856, 3.552, 3.357, 2.709, 2.376, 2.113, 1.835, 1.617, 1.437, 1.242 (24.154)	Grad: 1604.7
[Epoch  49 (31.80s)]	ELBO (bits/dim): 2.66543, 2.82732, 2.96198, 3.04476, 3.10752, 3.15635, 3.18420, 3.20316, 3.21594, 3.22399 (3.23473)	Reconstruction error (/dim): 0.06652, 0.05656, 0.04797, 0.04162, 0.03648, 0.03233, 0.02982, 0.02806, 0.02684, 0.02605 (0.02514)	KLD: 3.867, 3.557, 3.365, 2.713, 2.375, 2.109, 1.836, 1.611, 1.437, 1.235 (24.225)	Grad: 1544.4
[Epoch  50 (31.76s)]	ELBO (bits/dim): 2.66605, 2.82823, 2.96265, 3.04536, 3.10801, 3.15679, 3.18474, 3.20368, 3.21648, 3.22445 (3.23668)	Reconstruction error (/dim): 0.06647, 0.05651, 0.04793, 0.04156, 0.03644, 0.03232, 0.02978, 0.02801, 0.02680, 0.02603 (0.02492)	KLD: 3.868, 3.562, 3.367, 2.714, 2.372, 2.109, 1.839, 1.614, 1.437, 1.235 (24.023)	Grad: 1547.8
[Epoch  51 (31.81s)]	ELBO (bits/dim): 2.66705, 2.82925, 2.96357, 3.04606, 3.10860, 3.15720, 3.18507, 3.20413, 3.21705, 3.22489 (3.23497)	Reconstruction error (/dim): 0.06644, 0.05642, 0.04784, 0.04152, 0.03640, 0.03228, 0.02976, 0.02798, 0.02676, 0.02599 (0.02512)	KLD: 3.877, 3.561, 3.376, 2.716, 2.376, 2.107, 1.845, 1.615, 1.437, 1.231 (24.016)	Grad: 1511.0
[Epoch  52 (31.94s)]	ELBO (bits/dim): 2.66736, 2.83002, 2.96391, 3.04613, 3.10869, 3.15723, 3.18516, 3.20419, 3.21701, 3.22490 (3.23221)	Reconstruction error (/dim): 0.06645, 0.05638, 0.04783, 0.04150, 0.03637, 0.03226, 0.02973, 0.02797, 0.02675, 0.02599 (0.02512)	KLD: 3.885, 3.561, 3.371, 2.717, 2.378, 2.112, 1.840, 1.612, 1.435, 1.238 (24.053)	Grad: 1613.9
[Epoch  53 (31.78s)]	ELBO (bits/dim): 2.66870, 2.83130, 2.96494, 3.04686, 3.10959, 3.15804, 3.18596, 3.20500, 3.21788, 3.22571 (3.23523)	Reconstruction error (/dim): 0.06635, 0.05629, 0.04773, 0.04145, 0.03633, 0.03221, 0.02970, 0.02793, 0.02670, 0.02594 (0.02508)	KLD: 3.894, 3.565, 3.378, 2.718, 2.376, 2.111, 1.843, 1.618, 1.447, 1.216 (24.132)	Grad: 1651.2
[Epoch  54 (31.70s)]	ELBO (bits/dim): 2.66927, 2.83207, 2.96560, 3.04729, 3.10979, 3.15821, 3.18625, 3.20524, 3.21817, 3.22572 (3.23571)	Reconstruction error (/dim): 0.06634, 0.05624, 0.04768, 0.04141, 0.03631, 0.03220, 0.02966, 0.02789, 0.02667, 0.02594 (0.02509)	KLD: 3.900, 3.567, 3.378, 2.720, 2.378, 2.107, 1.841, 1.617, 1.440, 1.218 (24.021)	Grad: 1654.4
[Epoch  55 (31.97s)]	ELBO (bits/dim): 2.67024, 2.83332, 2.96686, 3.04810, 3.11065, 3.15895, 3.18705, 3.20582, 3.21874, 3.22644 (3.23785)	Reconstruction error (/dim): 0.06630, 0.05614, 0.04757, 0.04134, 0.03624, 0.03214, 0.02961, 0.02785, 0.02663, 0.02589 (0.02484)	KLD: 3.906, 3.570, 3.392, 2.719, 2.379, 2.106, 1.842, 1.615, 1.448, 1.216 (23.951)	Grad: 1608.1
[Epoch  56 (31.84s)]	ELBO (bits/dim): 2.67055, 2.83377, 2.96682, 3.04821, 3.11072, 3.15910, 3.18709, 3.20608, 3.21899, 3.22665 (3.23774)	Reconstruction error (/dim): 0.06630, 0.05613, 0.04759, 0.04134, 0.03624, 0.03215, 0.02961, 0.02784, 0.02663, 0.02588 (0.02502)	KLD: 3.909, 3.569, 3.388, 2.726, 2.379, 2.107, 1.845, 1.620, 1.446, 1.217 (24.192)	Grad: 1638.0
[Epoch  57 (31.87s)]	ELBO (bits/dim): 2.67152, 2.83508, 2.96792, 3.04906, 3.11153, 3.15953, 3.18776, 3.20668, 3.21959, 3.22715 (3.23732)	Reconstruction error (/dim): 0.06623, 0.05604, 0.04751, 0.04127, 0.03617, 0.03213, 0.02958, 0.02781, 0.02661, 0.02585 (0.02484)	KLD: 3.919, 3.571, 3.395, 2.726, 2.380, 2.107, 1.848, 1.619, 1.445, 1.213 (24.155)	Grad: 1620.0
[Epoch  58 (31.84s)]	ELBO (bits/dim): 2.67204, 2.83570, 2.96849, 3.04934, 3.11196, 3.15997, 3.18808, 3.20702, 3.21993, 3.22756 (3.23806)	Reconstruction error (/dim): 0.06621, 0.05598, 0.04744, 0.04125, 0.03614, 0.03207, 0.02953, 0.02776, 0.02657, 0.02581 (0.02491)	KLD: 3.927, 3.575, 3.392, 2.724, 2.380, 2.103, 1.848, 1.614, 1.446, 1.219 (24.370)	Grad: 1623.0
[Epoch  59 (31.86s)]	ELBO (bits/dim): 2.67264, 2.83640, 2.96878, 3.04960, 3.11200, 3.15995, 3.18814, 3.20708, 3.21998, 3.22741 (3.23634)	Reconstruction error (/dim): 0.06617, 0.05595, 0.04741, 0.04122, 0.03614, 0.03210, 0.02955, 0.02777, 0.02658, 0.02584 (0.02529)	KLD: 3.936, 3.578, 3.395, 2.731, 2.383, 2.104, 1.853, 1.615, 1.449, 1.220 (24.442)	Grad: 1738.3
[Epoch  60 (32.15s)]	ELBO (bits/dim): 2.67344, 2.83758, 2.96973, 3.05043, 3.11280, 3.16071, 3.18891, 3.20769, 3.22068, 3.22811 (3.23782)	Reconstruction error (/dim): 0.06614, 0.05585, 0.04734, 0.04114, 0.03607, 0.03203, 0.02949, 0.02773, 0.02651, 0.02578 (0.02517)	KLD: 3.941, 3.576, 3.398, 2.718, 2.380, 2.102, 1.844, 1.620, 1.449, 1.209 (24.191)	Grad: 1744.1
[Epoch  61 (31.09s)]	ELBO (bits/dim): 2.67399, 2.83793, 2.97006, 3.05045, 3.11284, 3.16063, 3.18882, 3.20765, 3.22058, 3.22802 (3.23927)	Reconstruction error (/dim): 0.06615, 0.05585, 0.04733, 0.04116, 0.03609, 0.03205, 0.02949, 0.02775, 0.02653, 0.02580 (0.02472)	KLD: 3.946, 3.576, 3.399, 2.723, 2.384, 2.099, 1.853, 1.610, 1.447, 1.204 (24.321)	Grad: 1748.9
[Epoch  62 (31.09s)]	ELBO (bits/dim): 2.67456, 2.83914, 2.97108, 3.05125, 3.11373, 3.16139, 3.18971, 3.20853, 3.22140, 3.22869 (3.23773)	Reconstruction error (/dim): 0.06608, 0.05575, 0.04724, 0.04108, 0.03601, 0.03198, 0.02942, 0.02768, 0.02646, 0.02575 (0.02483)	KLD: 3.950, 3.584, 3.406, 2.727, 2.384, 2.103, 1.854, 1.623, 1.457, 1.206 (24.114)	Grad: 1723.0
[Epoch  63 (31.18s)]	ELBO (bits/dim): 2.67537, 2.83999, 2.97156, 3.05186, 3.11415, 3.16177, 3.18988, 3.20892, 3.22179, 3.22910 (3.23933)	Reconstruction error (/dim): 0.06603, 0.05572, 0.04722, 0.04105, 0.03599, 0.03197, 0.02943, 0.02765, 0.02646, 0.02574 (0.02485)	KLD: 3.956, 3.587, 3.402, 2.726, 2.385, 2.096, 1.852, 1.615, 1.451, 1.201 (24.546)	Grad: 1788.9
[Epoch  64 (31.82s)]	ELBO (bits/dim): 2.67564, 2.84030, 2.97192, 3.05181, 3.11413, 3.16186, 3.19005, 3.20887, 3.22189, 3.22925 (3.24081)	Reconstruction error (/dim): 0.06604, 0.05566, 0.04715, 0.04104, 0.03598, 0.03196, 0.02939, 0.02765, 0.02644, 0.02571 (0.02477)	KLD: 3.963, 3.585, 3.407, 2.730, 2.385, 2.103, 1.857, 1.621, 1.453, 1.199 (24.018)	Grad: 1802.3
[Epoch  65 (32.24s)]	ELBO (bits/dim): 2.67628, 2.84133, 2.97250, 3.05244, 3.11484, 3.16240, 3.19071, 3.20944, 3.22244, 3.22978 (3.23908)	Reconstruction error (/dim): 0.06600, 0.05561, 0.04712, 0.04098, 0.03592, 0.03191, 0.02935, 0.02761, 0.02640, 0.02567 (0.02502)	KLD: 3.966, 3.585, 3.408, 2.727, 2.385, 2.100, 1.852, 1.616, 1.455, 1.200 (24.235)	Grad: 1724.6
[Epoch  66 (32.31s)]	ELBO (bits/dim): 2.67698, 2.84224, 2.97330, 3.05250, 3.11525, 3.16269, 3.19079, 3.20973, 3.22269, 3.22987 (3.23990)	Reconstruction error (/dim): 0.06594, 0.05555, 0.04706, 0.04098, 0.03591, 0.03189, 0.02935, 0.02760, 0.02639, 0.02568 (0.02483)	KLD: 3.969, 3.594, 3.414, 2.732, 2.385, 2.093, 1.851, 1.615, 1.455, 1.203 (24.206)	Grad: 1703.7
[Epoch  67 (32.38s)]	ELBO (bits/dim): 2.67729, 2.84293, 2.97380, 3.05321, 3.11562, 3.16298, 3.19134, 3.21012, 3.22303, 3.23029 (3.23903)	Reconstruction error (/dim): 0.06598, 0.05552, 0.04701, 0.04094, 0.03588, 0.03186, 0.02931, 0.02756, 0.02637, 0.02565 (0.02487)	KLD: 3.978, 3.589, 3.409, 2.733, 2.389, 2.094, 1.856, 1.614, 1.461, 1.199 (24.255)	Grad: 1761.2
[Epoch  68 (32.33s)]	ELBO (bits/dim): 2.67796, 2.84358, 2.97409, 3.05343, 3.11589, 3.16321, 3.19149, 3.21038, 3.22335, 3.23036 (3.23856)	Reconstruction error (/dim): 0.06593, 0.05549, 0.04698, 0.04091, 0.03585, 0.03185, 0.02930, 0.02755, 0.02635, 0.02564 (0.02499)	KLD: 3.979, 3.595, 3.417, 2.734, 2.390, 2.095, 1.855, 1.616, 1.457, 1.198 (23.907)	Grad: 1822.2
[Epoch  69 (32.33s)]	ELBO (bits/dim): 2.67887, 2.84498, 2.97511, 3.05416, 3.11668, 3.16374, 3.19204, 3.21089, 3.22379, 3.23098 (3.23985)	Reconstruction error (/dim): 0.06589, 0.05536, 0.04690, 0.04085, 0.03579, 0.03182, 0.02926, 0.02751, 0.02631, 0.02559 (0.02491)	KLD: 3.991, 3.600, 3.422, 2.734, 2.389, 2.095, 1.854, 1.614, 1.457, 1.187 (24.593)	Grad: 1753.9
[Epoch  70 (32.36s)]	ELBO (bits/dim): 2.67900, 2.84470, 2.97496, 3.05395, 3.11631, 3.16353, 3.19169, 3.21064, 3.22356, 3.23067 (3.23914)	Reconstruction error (/dim): 0.06586, 0.05540, 0.04690, 0.04088, 0.03582, 0.03184, 0.02928, 0.02754, 0.02634, 0.02563 (0.02483)	KLD: 3.995, 3.594, 3.422, 2.731, 2.389, 2.095, 1.857, 1.614, 1.456, 1.190 (24.227)	Grad: 1853.8
[Epoch  71 (32.37s)]	ELBO (bits/dim): 2.67996, 2.84617, 2.97613, 3.05476, 3.11734, 3.16440, 3.19267, 3.21144, 3.22424, 3.23144 (3.23899)	Reconstruction error (/dim): 0.06581, 0.05528, 0.04681, 0.04081, 0.03575, 0.03177, 0.02922, 0.02749, 0.02629, 0.02558 (0.02501)	KLD: 4.002, 3.599, 3.426, 2.733, 2.389, 2.095, 1.860, 1.616, 1.458, 1.180 (24.491)	Grad: 1770.9
[Epoch  72 (32.36s)]	ELBO (bits/dim): 2.67990, 2.84608, 2.97592, 3.05465, 3.11720, 3.16410, 3.19244, 3.21124, 3.22421, 3.23119 (3.23928)	Reconstruction error (/dim): 0.06585, 0.05532, 0.04682, 0.04080, 0.03575, 0.03180, 0.02925, 0.02750, 0.02631, 0.02561 (0.02484)	KLD: 4.001, 3.594, 3.424, 2.732, 2.392, 2.092, 1.862, 1.614, 1.457, 1.184 (24.135)	Grad: 1922.5
[Epoch  73 (32.52s)]	ELBO (bits/dim): 2.68047, 2.84688, 2.97661, 3.05507, 3.11753, 3.16446, 3.19273, 3.21173, 3.22456, 3.23157 (3.23925)	Reconstruction error (/dim): 0.06577, 0.05525, 0.04678, 0.04079, 0.03574, 0.03176, 0.02922, 0.02746, 0.02628, 0.02557 (0.02490)	KLD: 4.004, 3.599, 3.428, 2.733, 2.394, 2.091, 1.864, 1.617, 1.462, 1.187 (24.378)	Grad: 1827.6
No improvement after 10 epochs...
Best epoch(s): [64]	Training time(s): 2346.15s (2346.15s)	Best ELBO (bits/dim): 3.23157 (3.24081)	Best reconstruction error (/dim): 0.07836 (0.06253)
Avg. mu: -0.106, 0.040, -0.056, -0.050, -0.042, 0.099, 0.015, -0.003, -0.013, 0.064
Avg. var: 0.001, 0.002, 0.003, 0.005, 0.011, 0.018, 0.029, 0.045, 0.068, 0.113
Max. mu: 4.792, 4.867, 3.442, 3.703, 3.484, 3.690, 5.043, 4.431, 5.044, 5.607
Max. var: 0.042, 0.049, 0.035, 0.058, 0.054, 0.094, 0.108, 0.273, 0.780, 0.479
Min. mu: -4.413, -4.334, -3.352, -3.564, -4.238, -4.721, -4.328, -4.638, -4.361, -5.065
Min. var: 0.000, 0.000, 0.000, 0.000, 0.002, 0.002, 0.006, 0.007, 0.010, 0.016
Cov. mu:
[[1.639 -0.538 -0.562 -0.260 0.022 -0.084 0.024 -0.070 -0.090 -0.017]
 [-0.538 1.214 0.208 0.065 0.073 -0.001 -0.038 0.052 -0.014 0.022]
 [-0.562 0.208 1.272 0.078 -0.054 -0.004 0.073 0.035 0.030 0.049]
 [-0.260 0.065 0.078 0.865 -0.028 0.039 0.056 0.042 -0.107 0.026]
 [0.022 0.073 -0.054 -0.028 0.852 0.053 0.026 0.015 0.005 -0.010]
 [-0.084 -0.001 -0.004 0.039 0.053 0.906 -0.079 0.044 0.004 0.071]
 [0.024 -0.038 0.073 0.056 0.026 -0.079 0.905 -0.047 0.023 0.022]
 [-0.070 0.052 0.035 0.042 0.015 0.044 -0.047 0.823 -0.039 -0.002]
 [-0.090 -0.014 0.030 -0.107 0.005 0.004 0.023 -0.039 0.898 -0.026]
 [-0.017 0.022 0.049 0.026 -0.010 0.071 0.022 -0.002 -0.026 0.720]]
