Encoder
=================================================================
Layer (type:depth-idx)                   Param #
=================================================================
Encoder                                  --
├─Linear: 1-1                            786,688
├─Linear: 1-2                            65,792
=================================================================
Total params: 852,480
Trainable params: 852,480
Non-trainable params: 0
=================================================================
Encoder Latents to Latents 0
=================================================================
Layer (type:depth-idx)                   Param #
=================================================================
EncoderLatentsToLatents                  --
├─Linear: 1-1                            262,656
├─Linear: 1-2                            2,052
├─Linear: 1-3                            2,052
=================================================================
Total params: 266,760
Trainable params: 266,760
Non-trainable params: 0
=================================================================
Encoder Latents to Latents 1
=================================================================
Layer (type:depth-idx)                   Param #
=================================================================
EncoderLatentsToLatents                  --
├─Linear: 1-1                            270,920
├─Linear: 1-2                            2,084
├─Linear: 1-3                            2,084
=================================================================
Total params: 275,088
Trainable params: 275,088
Non-trainable params: 0
=================================================================
Encoder Latents to Latents 2
=================================================================
Layer (type:depth-idx)                   Param #
=================================================================
EncoderLatentsToLatents                  --
├─Linear: 1-1                            279,312
├─Linear: 1-2                            2,116
├─Linear: 1-3                            2,116
=================================================================
Total params: 283,544
Trainable params: 283,544
Non-trainable params: 0
=================================================================
Encoder Latents to Latents 3
=================================================================
Layer (type:depth-idx)                   Param #
=================================================================
EncoderLatentsToLatents                  --
├─Linear: 1-1                            287,832
├─Linear: 1-2                            2,148
├─Linear: 1-3                            2,148
=================================================================
Total params: 292,128
Trainable params: 292,128
Non-trainable params: 0
=================================================================
Encoder Latents to Latents 4
=================================================================
Layer (type:depth-idx)                   Param #
=================================================================
EncoderLatentsToLatents                  --
├─Linear: 1-1                            296,480
├─Linear: 1-2                            2,180
├─Linear: 1-3                            2,180
=================================================================
Total params: 300,840
Trainable params: 300,840
Non-trainable params: 0
=================================================================
Encoder Latents to Latents 5
=================================================================
Layer (type:depth-idx)                   Param #
=================================================================
EncoderLatentsToLatents                  --
├─Linear: 1-1                            305,256
├─Linear: 1-2                            2,212
├─Linear: 1-3                            2,212
=================================================================
Total params: 309,680
Trainable params: 309,680
Non-trainable params: 0
=================================================================
Encoder Latents to Latents 6
=================================================================
Layer (type:depth-idx)                   Param #
=================================================================
EncoderLatentsToLatents                  --
├─Linear: 1-1                            314,160
├─Linear: 1-2                            2,244
├─Linear: 1-3                            2,244
=================================================================
Total params: 318,648
Trainable params: 318,648
Non-trainable params: 0
=================================================================
Encoder Latents to Latents 7
=================================================================
Layer (type:depth-idx)                   Param #
=================================================================
EncoderLatentsToLatents                  --
├─Linear: 1-1                            323,192
├─Linear: 1-2                            2,276
├─Linear: 1-3                            2,276
=================================================================
Total params: 327,744
Trainable params: 327,744
Non-trainable params: 0
=================================================================
Encoder Latents to Latents 8
=================================================================
Layer (type:depth-idx)                   Param #
=================================================================
EncoderLatentsToLatents                  --
├─Linear: 1-1                            332,352
├─Linear: 1-2                            2,308
├─Linear: 1-3                            2,308
=================================================================
Total params: 336,968
Trainable params: 336,968
Non-trainable params: 0
=================================================================
Encoder Latents to Latents 9
=================================================================
Layer (type:depth-idx)                   Param #
=================================================================
EncoderLatentsToLatents                  --
├─Linear: 1-1                            341,640
├─Linear: 1-2                            2,340
├─Linear: 1-3                            2,340
=================================================================
Total params: 346,320
Trainable params: 346,320
Non-trainable params: 0
=================================================================
Encoder Latents to Latents 10
=================================================================
Layer (type:depth-idx)                   Param #
=================================================================
EncoderLatentsToLatents                  --
├─Linear: 1-1                            351,056
├─Linear: 1-2                            2,372
├─Linear: 1-3                            2,372
=================================================================
Total params: 355,800
Trainable params: 355,800
Non-trainable params: 0
=================================================================
Encoder Latents to Latents 11
=================================================================
Layer (type:depth-idx)                   Param #
=================================================================
EncoderLatentsToLatents                  --
├─Linear: 1-1                            360,600
├─Linear: 1-2                            2,404
├─Linear: 1-3                            2,404
=================================================================
Total params: 365,408
Trainable params: 365,408
Non-trainable params: 0
=================================================================
Encoder Latents to Latents 12
=================================================================
Layer (type:depth-idx)                   Param #
=================================================================
EncoderLatentsToLatents                  --
├─Linear: 1-1                            370,272
├─Linear: 1-2                            2,436
├─Linear: 1-3                            2,436
=================================================================
Total params: 375,144
Trainable params: 375,144
Non-trainable params: 0
=================================================================
Encoder Latents to Latents 13
=================================================================
Layer (type:depth-idx)                   Param #
=================================================================
EncoderLatentsToLatents                  --
├─Linear: 1-1                            380,072
├─Linear: 1-2                            2,468
├─Linear: 1-3                            2,468
=================================================================
Total params: 385,008
Trainable params: 385,008
Non-trainable params: 0
=================================================================
Encoder Latents to Latents 14
=================================================================
Layer (type:depth-idx)                   Param #
=================================================================
EncoderLatentsToLatents                  --
├─Linear: 1-1                            390,000
├─Linear: 1-2                            2,500
├─Linear: 1-3                            2,500
=================================================================
Total params: 395,000
Trainable params: 395,000
Non-trainable params: 0
=================================================================
Encoder Latents to Latents 15
=================================================================
Layer (type:depth-idx)                   Param #
=================================================================
EncoderLatentsToLatents                  --
├─Linear: 1-1                            400,056
├─Linear: 1-2                            2,532
├─Linear: 1-3                            2,532
=================================================================
Total params: 405,120
Trainable params: 405,120
Non-trainable params: 0
=================================================================
Latents to Decoder 0
=================================================================
Layer (type:depth-idx)                   Param #
=================================================================
LatentsToDecoder                         --
├─Linear: 1-1                            1,280
=================================================================
Total params: 1,280
Trainable params: 1,280
Non-trainable params: 0
=================================================================
Latents to Decoder 1
=================================================================
Layer (type:depth-idx)                   Param #
=================================================================
LatentsToDecoder                         --
├─Linear: 1-1                            1,280
=================================================================
Total params: 1,280
Trainable params: 1,280
Non-trainable params: 0
=================================================================
Latents to Decoder 2
=================================================================
Layer (type:depth-idx)                   Param #
=================================================================
LatentsToDecoder                         --
├─Linear: 1-1                            1,280
=================================================================
Total params: 1,280
Trainable params: 1,280
Non-trainable params: 0
=================================================================
Latents to Decoder 3
=================================================================
Layer (type:depth-idx)                   Param #
=================================================================
LatentsToDecoder                         --
├─Linear: 1-1                            1,280
=================================================================
Total params: 1,280
Trainable params: 1,280
Non-trainable params: 0
=================================================================
Latents to Decoder 4
=================================================================
Layer (type:depth-idx)                   Param #
=================================================================
LatentsToDecoder                         --
├─Linear: 1-1                            1,280
=================================================================
Total params: 1,280
Trainable params: 1,280
Non-trainable params: 0
=================================================================
Latents to Decoder 5
=================================================================
Layer (type:depth-idx)                   Param #
=================================================================
LatentsToDecoder                         --
├─Linear: 1-1                            1,280
=================================================================
Total params: 1,280
Trainable params: 1,280
Non-trainable params: 0
=================================================================
Latents to Decoder 6
=================================================================
Layer (type:depth-idx)                   Param #
=================================================================
LatentsToDecoder                         --
├─Linear: 1-1                            1,280
=================================================================
Total params: 1,280
Trainable params: 1,280
Non-trainable params: 0
=================================================================
Latents to Decoder 7
=================================================================
Layer (type:depth-idx)                   Param #
=================================================================
LatentsToDecoder                         --
├─Linear: 1-1                            1,280
=================================================================
Total params: 1,280
Trainable params: 1,280
Non-trainable params: 0
=================================================================
Latents to Decoder 8
=================================================================
Layer (type:depth-idx)                   Param #
=================================================================
LatentsToDecoder                         --
├─Linear: 1-1                            1,280
=================================================================
Total params: 1,280
Trainable params: 1,280
Non-trainable params: 0
=================================================================
Latents to Decoder 9
=================================================================
Layer (type:depth-idx)                   Param #
=================================================================
LatentsToDecoder                         --
├─Linear: 1-1                            1,280
=================================================================
Total params: 1,280
Trainable params: 1,280
Non-trainable params: 0
=================================================================
Latents to Decoder 10
=================================================================
Layer (type:depth-idx)                   Param #
=================================================================
LatentsToDecoder                         --
├─Linear: 1-1                            1,280
=================================================================
Total params: 1,280
Trainable params: 1,280
Non-trainable params: 0
=================================================================
Latents to Decoder 11
=================================================================
Layer (type:depth-idx)                   Param #
=================================================================
LatentsToDecoder                         --
├─Linear: 1-1                            1,280
=================================================================
Total params: 1,280
Trainable params: 1,280
Non-trainable params: 0
=================================================================
Latents to Decoder 12
=================================================================
Layer (type:depth-idx)                   Param #
=================================================================
LatentsToDecoder                         --
├─Linear: 1-1                            1,280
=================================================================
Total params: 1,280
Trainable params: 1,280
Non-trainable params: 0
=================================================================
Latents to Decoder 13
=================================================================
Layer (type:depth-idx)                   Param #
=================================================================
LatentsToDecoder                         --
├─Linear: 1-1                            1,280
=================================================================
Total params: 1,280
Trainable params: 1,280
Non-trainable params: 0
=================================================================
Latents to Decoder 14
=================================================================
Layer (type:depth-idx)                   Param #
=================================================================
LatentsToDecoder                         --
├─Linear: 1-1                            1,280
=================================================================
Total params: 1,280
Trainable params: 1,280
Non-trainable params: 0
=================================================================
Latents to Decoder 15
=================================================================
Layer (type:depth-idx)                   Param #
=================================================================
LatentsToDecoder                         --
├─Linear: 1-1                            1,280
=================================================================
Total params: 1,280
Trainable params: 1,280
Non-trainable params: 0
=================================================================
Decoder
=================================================================
Layer (type:depth-idx)                   Param #
=================================================================
Decoder                                  --
├─Linear: 1-1                            65,792
├─Linear: 1-2                            789,504
=================================================================
Total params: 855,296
Trainable params: 855,296
Non-trainable params: 0
=================================================================
Training model 1/16...
[Epoch   1 (26.27s)]	ELBO: -15507.161 (-12669.572)	Log prob: -15488.332 (-12650.458)	KLD: 18.829 (19.114)	Grad: 10.720
[Epoch   2 (26.58s)]	ELBO: -12213.196 (-12033.994)	Log prob: -12194.267 (-12015.093)	KLD: 18.931 (18.901)	Grad: 5.540
[Epoch   3 (31.25s)]	ELBO: -11844.736 (-11661.406)	Log prob: -11825.411 (-11641.487)	KLD: 19.324 (19.919)	Grad: 5.946
[Epoch   4 (30.26s)]	ELBO: -11600.964 (-11484.766)	Log prob: -11581.354 (-11464.397)	KLD: 19.609 (20.369)	Grad: 5.472
[Epoch   5 (26.49s)]	ELBO: -11471.481 (-12099.517)	Log prob: -11451.574 (-12079.391)	KLD: 19.907 (20.126)	Grad: 5.094
[Epoch   6 (26.01s)]	ELBO: -11401.190 (-11294.273)	Log prob: -11381.368 (-11274.828)	KLD: 19.821 (19.444)	Grad: 4.644
[Epoch   7 (25.39s)]	ELBO: -11315.150 (-11561.829)	Log prob: -11295.087 (-11543.325)	KLD: 20.063 (18.504)	Grad: 4.506
[Epoch   8 (26.29s)]	ELBO: -11335.160 (-11098.571)	Log prob: -11314.807 (-11077.388)	KLD: 20.354 (21.183)	Grad: 4.559
[Epoch   9 (26.50s)]	ELBO: -11231.365 (-11089.795)	Log prob: -11210.913 (-11067.889)	KLD: 20.453 (21.906)	Grad: 4.005
[Epoch  10 (25.94s)]	ELBO: -11128.197 (-11181.771)	Log prob: -11107.608 (-11161.089)	KLD: 20.588 (20.682)	Grad: 3.674
Training model 2/16...
[Epoch   1 (42.61s)]	ELBO: -9643.936 (-8564.379)	Log prob: -9609.103 (-8526.452)	KLD: 14.436 (37.926)	Grad: 4.388
[Epoch   2 (43.07s)]	ELBO: -8336.318 (-8352.868)	Log prob: -8298.702 (-8316.669)	KLD: 16.935 (36.199)	Grad: 3.105
[Epoch   3 (43.71s)]	ELBO: -8139.684 (-8345.688)	Log prob: -8102.128 (-8307.392)	KLD: 16.682 (38.297)	Grad: 2.849
[Epoch   4 (46.32s)]	ELBO: -7994.841 (-7915.304)	Log prob: -7957.623 (-7878.795)	KLD: 16.442 (36.509)	Grad: 2.527
[Epoch   5 (45.22s)]	ELBO: -8133.136 (-8138.239)	Log prob: -8096.167 (-8100.294)	KLD: 16.488 (37.945)	Grad: 2.875
[Epoch   6 (42.53s)]	ELBO: -8030.279 (-7832.226)	Log prob: -7993.663 (-7796.065)	KLD: 16.471 (36.161)	Grad: 2.286
[Epoch   7 (42.28s)]	ELBO: -7883.207 (-7680.859)	Log prob: -7846.447 (-7643.875)	KLD: 16.431 (36.984)	Grad: 2.027
[Epoch   8 (39.40s)]	ELBO: -7831.164 (-7720.356)	Log prob: -7794.328 (-7684.215)	KLD: 16.382 (36.140)	Grad: 1.902
[Epoch   9 (37.53s)]	ELBO: -7771.091 (-7743.143)	Log prob: -7733.956 (-7705.229)	KLD: 16.400 (37.915)	Grad: 1.803
[Epoch  10 (38.28s)]	ELBO: -7726.727 (-7661.157)	Log prob: -7689.331 (-7624.138)	KLD: 16.507 (37.019)	Grad: 1.692
Training model 3/16...
[Epoch   1 (54.05s)]	ELBO: -7725.957 (-7113.868)	Log prob: -7674.868 (-7060.622)	KLD: 13.250 (53.247)	Grad: 4.897
[Epoch   2 (54.89s)]	ELBO: -6900.311 (-6690.198)	Log prob: -6848.156 (-6639.617)	KLD: 14.717 (50.581)	Grad: 3.974
[Epoch   3 (56.10s)]	ELBO: -6592.954 (-6329.987)	Log prob: -6540.551 (-6275.172)	KLD: 14.936 (54.814)	Grad: 3.573
[Epoch   4 (55.35s)]	ELBO: -6327.954 (-6130.049)	Log prob: -6275.084 (-6077.234)	KLD: 15.323 (52.815)	Grad: 2.979
[Epoch   5 (55.66s)]	ELBO: -6116.227 (-6127.172)	Log prob: -6063.519 (-6075.593)	KLD: 15.320 (51.579)	Grad: 2.544
[Epoch   6 (55.50s)]	ELBO: -6194.523 (-5824.988)	Log prob: -6139.889 (-5770.458)	KLD: 15.528 (54.530)	Grad: 2.405
[Epoch   7 (54.41s)]	ELBO: -5897.187 (-5983.791)	Log prob: -5843.736 (-5929.909)	KLD: 15.553 (53.882)	Grad: 2.154
[Epoch   8 (53.57s)]	ELBO: -5804.359 (-5765.141)	Log prob: -5751.153 (-5710.577)	KLD: 15.510 (54.563)	Grad: 2.051
[Epoch   9 (53.63s)]	ELBO: -5762.209 (-5765.267)	Log prob: -5708.982 (-5711.552)	KLD: 15.517 (53.715)	Grad: 2.019
[Epoch  10 (52.50s)]	ELBO: -5734.259 (-5633.553)	Log prob: -5680.729 (-5580.244)	KLD: 15.702 (53.309)	Grad: 1.999
Training model 4/16...
[Epoch   1 (72.76s)]	ELBO: -6166.261 (-5784.932)	Log prob: -6076.272 (-5714.383)	KLD: 15.713 (70.550)	Grad: 4.944
[Epoch   2 (73.60s)]	ELBO: -5763.031 (-5657.043)	Log prob: -5685.116 (-5585.234)	KLD: 12.935 (71.808)	Grad: 2.598
[Epoch   3 (72.40s)]	ELBO: -5413.712 (-5254.901)	Log prob: -5342.074 (-5188.192)	KLD: 13.472 (66.708)	Grad: 2.660
[Epoch   4 (73.00s)]	ELBO: -5221.244 (-5135.785)	Log prob: -5151.431 (-5065.286)	KLD: 13.822 (70.498)	Grad: 2.496
[Epoch   5 (71.81s)]	ELBO: -5162.022 (-4967.683)	Log prob: -5091.955 (-4898.945)	KLD: 13.731 (68.738)	Grad: 2.231
[Epoch   6 (72.69s)]	ELBO: -4948.125 (-4830.730)	Log prob: -4876.171 (-4760.921)	KLD: 14.023 (69.809)	Grad: 2.295
[Epoch   7 (75.64s)]	ELBO: -4756.149 (-4629.029)	Log prob: -4686.462 (-4562.950)	KLD: 14.399 (66.079)	Grad: 2.005
[Epoch   8 (77.12s)]	ELBO: -4663.604 (-4648.800)	Log prob: -4594.065 (-4581.580)	KLD: 14.667 (67.220)	Grad: 1.754
[Epoch   9 (78.07s)]	ELBO: -4586.591 (-4444.717)	Log prob: -4517.007 (-4374.555)	KLD: 14.817 (70.162)	Grad: 1.799
[Epoch  10 (78.34s)]	ELBO: -4467.640 (-4670.487)	Log prob: -4398.243 (-4598.768)	KLD: 15.064 (71.719)	Grad: 1.710
Training model 5/16...
[Epoch   1 (88.77s)]	ELBO: -4658.405 (-4752.620)	Log prob: -4569.962 (-4660.218)	KLD: 19.351 (92.402)	Grad: 4.963
[Epoch   2 (88.53s)]	ELBO: -4607.762 (-4374.216)	Log prob: -4523.322 (-4291.039)	KLD: 14.075 (83.177)	Grad: 3.154
[Epoch   3 (86.81s)]	ELBO: -4217.714 (-4111.788)	Log prob: -4135.881 (-4032.503)	KLD: 13.230 (79.284)	Grad: 2.065
[Epoch   4 (91.43s)]	ELBO: -4038.063 (-4077.499)	Log prob: -3956.002 (-3995.795)	KLD: 13.679 (81.705)	Grad: 2.701
[Epoch   5 (96.05s)]	ELBO: -3925.561 (-4155.366)	Log prob: -3843.432 (-4072.460)	KLD: 13.723 (82.906)	Grad: 2.467
[Epoch   6 (94.61s)]	ELBO: -3934.913 (-3801.933)	Log prob: -3852.467 (-3720.560)	KLD: 13.675 (81.373)	Grad: 1.997
[Epoch   7 (93.74s)]	ELBO: -3844.935 (-3784.591)	Log prob: -3762.424 (-3704.288)	KLD: 13.817 (80.303)	Grad: 1.836
[Epoch   8 (95.65s)]	ELBO: -3795.113 (-3803.993)	Log prob: -3712.932 (-3721.380)	KLD: 13.963 (82.613)	Grad: 1.735
[Epoch   9 (97.95s)]	ELBO: -3779.976 (-3790.154)	Log prob: -3697.935 (-3706.944)	KLD: 13.915 (83.210)	Grad: 1.586
[Epoch  10 (97.23s)]	ELBO: -3781.706 (-3774.515)	Log prob: -3699.852 (-3691.958)	KLD: 13.955 (82.557)	Grad: 1.649
Training model 6/16...
[Epoch   1 (117.16s)]	ELBO: -4018.474 (-3763.453)	Log prob: -3922.979 (-3670.565)	KLD: 13.553 (92.889)	Grad: 4.262
[Epoch   2 (111.36s)]	ELBO: -3676.387 (-3503.937)	Log prob: -3583.335 (-3412.031)	KLD: 11.659 (91.906)	Grad: 2.239
[Epoch   3 (106.85s)]	ELBO: -3569.334 (-3526.483)	Log prob: -3476.262 (-3431.506)	KLD: 11.531 (94.977)	Grad: 2.036
[Epoch   4 (110.06s)]	ELBO: -3542.869 (-3532.162)	Log prob: -3448.987 (-3434.088)	KLD: 11.713 (98.075)	Grad: 1.807
[Epoch   5 (108.59s)]	ELBO: -3457.374 (-3384.313)	Log prob: -3364.080 (-3291.768)	KLD: 11.507 (92.545)	Grad: 1.402
[Epoch   6 (107.67s)]	ELBO: -3438.911 (-3487.540)	Log prob: -3345.386 (-3392.522)	KLD: 11.782 (95.018)	Grad: 1.331
[Epoch   7 (106.95s)]	ELBO: -3413.849 (-3459.478)	Log prob: -3320.335 (-3364.460)	KLD: 11.869 (95.018)	Grad: 1.276
[Epoch   8 (110.07s)]	ELBO: -3359.365 (-3518.154)	Log prob: -3265.098 (-3423.203)	KLD: 12.324 (94.951)	Grad: 1.312
[Epoch   9 (108.92s)]	ELBO: -3315.116 (-3189.020)	Log prob: -3221.171 (-3095.477)	KLD: 12.507 (93.543)	Grad: 1.362
[Epoch  10 (108.40s)]	ELBO: -3247.705 (-3239.535)	Log prob: -3153.396 (-3145.576)	KLD: 12.967 (93.958)	Grad: 1.214
Training model 7/16...
[Epoch   1 (130.86s)]	ELBO: -3665.426 (-3292.265)	Log prob: -3558.717 (-3183.008)	KLD: 12.572 (109.256)	Grad: 5.045
[Epoch   2 (140.67s)]	ELBO: -3253.523 (-3116.474)	Log prob: -3147.410 (-3008.687)	KLD: 11.490 (107.786)	Grad: 2.298
[Epoch   3 (137.68s)]	ELBO: -3113.789 (-3048.803)	Log prob: -3008.449 (-2941.970)	KLD: 10.946 (106.832)	Grad: 1.744
[Epoch   4 (128.61s)]	ELBO: -3008.552 (-2902.342)	Log prob: -2902.765 (-2800.486)	KLD: 10.716 (101.856)	Grad: 1.539
[Epoch   5 (127.71s)]	ELBO: -2904.585 (-2847.349)	Log prob: -2798.513 (-2744.970)	KLD: 11.024 (102.379)	Grad: 1.270
[Epoch   6 (131.56s)]	ELBO: -2879.559 (-2998.579)	Log prob: -2773.090 (-2897.082)	KLD: 11.122 (101.497)	Grad: 1.203
[Epoch   7 (128.17s)]	ELBO: -2836.469 (-2813.505)	Log prob: -2730.211 (-2707.718)	KLD: 10.937 (105.788)	Grad: 1.061
[Epoch   8 (114.73s)]	ELBO: -2794.655 (-2804.455)	Log prob: -2688.214 (-2696.183)	KLD: 11.099 (108.271)	Grad: 0.978
[Epoch   9 (118.93s)]	ELBO: -2780.857 (-2787.315)	Log prob: -2674.103 (-2674.439)	KLD: 11.399 (112.876)	Grad: 1.031
[Epoch  10 (115.54s)]	ELBO: -2749.292 (-2704.145)	Log prob: -2642.605 (-2597.095)	KLD: 11.542 (107.050)	Grad: 1.045
Training model 8/16...
[Epoch   1 (136.48s)]	ELBO: -3202.839 (-2774.626)	Log prob: -3081.131 (-2653.825)	KLD: 14.523 (120.801)	Grad: 6.149
[Epoch   2 (127.44s)]	ELBO: -2722.025 (-2672.048)	Log prob: -2602.129 (-2556.347)	KLD: 13.376 (115.702)	Grad: 2.830
[Epoch   3 (125.25s)]	ELBO: -2651.834 (-2674.493)	Log prob: -2533.457 (-2557.190)	KLD: 11.689 (117.303)	Grad: 2.069
[Epoch   4 (124.43s)]	ELBO: -2671.867 (-2638.861)	Log prob: -2553.571 (-2521.697)	KLD: 11.317 (117.164)	Grad: 1.728
[Epoch   5 (124.73s)]	ELBO: -2620.219 (-2658.246)	Log prob: -2502.578 (-2544.342)	KLD: 10.911 (113.904)	Grad: 1.400
[Epoch   6 (123.63s)]	ELBO: -2582.104 (-2659.316)	Log prob: -2464.894 (-2542.498)	KLD: 10.547 (116.818)	Grad: 1.268
[Epoch   7 (125.35s)]	ELBO: -2507.708 (-2477.390)	Log prob: -2390.416 (-2361.294)	KLD: 10.356 (116.096)	Grad: 1.035
[Epoch   8 (125.64s)]	ELBO: -2533.066 (-2565.245)	Log prob: -2415.368 (-2438.945)	KLD: 10.732 (126.300)	Grad: 0.926
[Epoch   9 (129.16s)]	ELBO: -2472.874 (-2421.301)	Log prob: -2355.369 (-2304.354)	KLD: 10.580 (116.947)	Grad: 0.801
[Epoch  10 (132.37s)]	ELBO: -2418.106 (-2494.762)	Log prob: -2301.067 (-2379.321)	KLD: 10.436 (115.441)	Grad: 0.695
Training model 9/16...
[Epoch   1 (148.98s)]	ELBO: -2759.597 (-2586.075)	Log prob: -2621.834 (-2449.497)	KLD: 20.831 (136.578)	Grad: 6.870
[Epoch   2 (144.50s)]	ELBO: -2482.347 (-2467.629)	Log prob: -2350.218 (-2332.628)	KLD: 15.269 (135.001)	Grad: 3.026
[Epoch   3 (154.06s)]	ELBO: -2425.365 (-2389.999)	Log prob: -2296.892 (-2261.764)	KLD: 11.655 (128.235)	Grad: 1.853
[Epoch   4 (157.78s)]	ELBO: -2406.692 (-2382.400)	Log prob: -2278.982 (-2252.752)	KLD: 10.398 (129.649)	Grad: 1.280
[Epoch   5 (155.11s)]	ELBO: -2375.607 (-2465.287)	Log prob: -2248.797 (-2335.151)	KLD: 10.032 (130.136)	Grad: 1.108
[Epoch   6 (159.00s)]	ELBO: -2349.975 (-2422.475)	Log prob: -2223.165 (-2297.035)	KLD: 9.888 (125.440)	Grad: 0.973
[Epoch   7 (144.14s)]	ELBO: -2271.599 (-2214.517)	Log prob: -2144.954 (-2090.316)	KLD: 9.873 (124.201)	Grad: 0.773
[Epoch   8 (144.22s)]	ELBO: -2250.803 (-2318.718)	Log prob: -2124.250 (-2190.256)	KLD: 9.787 (128.461)	Grad: 0.734
[Epoch   9 (144.83s)]	ELBO: -2251.228 (-2215.298)	Log prob: -2123.762 (-2088.529)	KLD: 9.844 (126.769)	Grad: 0.736
[Epoch  10 (142.45s)]	ELBO: -2215.295 (-2245.357)	Log prob: -2088.469 (-2116.521)	KLD: 9.944 (128.836)	Grad: 0.689
Training model 10/16...
[Epoch   1 (164.92s)]	ELBO: -2583.999 (-2199.333)	Log prob: -2443.867 (-2060.580)	KLD: 14.008 (138.753)	Grad: 6.512
[Epoch   2 (166.32s)]	ELBO: -2244.956 (-2093.883)	Log prob: -2100.534 (-1952.373)	KLD: 12.559 (141.511)	Grad: 2.725
[Epoch   3 (173.86s)]	ELBO: -2137.007 (-2110.457)	Log prob: -1998.094 (-1969.053)	KLD: 11.792 (141.404)	Grad: 1.531
[Epoch   4 (171.03s)]	ELBO: -2101.478 (-2238.071)	Log prob: -1959.377 (-2094.740)	KLD: 11.558 (143.331)	Grad: 1.163
[Epoch   5 (164.01s)]	ELBO: -2074.981 (-2115.839)	Log prob: -1936.355 (-1976.461)	KLD: 11.228 (139.377)	Grad: 1.008
[Epoch   6 (174.96s)]	ELBO: -2036.995 (-2173.659)	Log prob: -1899.785 (-2033.412)	KLD: 11.165 (140.247)	Grad: 0.911
[Epoch   7 (180.90s)]	ELBO: -2029.076 (-2011.827)	Log prob: -1891.737 (-1874.137)	KLD: 10.965 (137.690)	Grad: 0.842
[Epoch   8 (178.03s)]	ELBO: -1947.952 (-1981.107)	Log prob: -1810.454 (-1841.280)	KLD: 11.089 (139.826)	Grad: 0.719
[Epoch   9 (175.97s)]	ELBO: -1928.556 (-1907.641)	Log prob: -1791.135 (-1769.002)	KLD: 11.105 (138.639)	Grad: 0.735
[Epoch  10 (165.47s)]	ELBO: -1892.042 (-2009.565)	Log prob: -1754.410 (-1870.455)	KLD: 11.113 (139.110)	Grad: 0.636
Training model 11/16...
[Epoch   1 (189.60s)]	ELBO: -2306.771 (-2080.826)	Log prob: -2154.470 (-1929.952)	KLD: 15.025 (150.874)	Grad: 6.793
[Epoch   2 (184.78s)]	ELBO: -1946.743 (-2038.536)	Log prob: -1797.414 (-1895.142)	KLD: 12.988 (143.394)	Grad: 2.983
[Epoch   3 (187.67s)]	ELBO: -1919.901 (-1872.411)	Log prob: -1772.229 (-1728.325)	KLD: 11.558 (144.087)	Grad: 2.021
[Epoch   4 (191.96s)]	ELBO: -1903.320 (-1913.729)	Log prob: -1756.746 (-1769.435)	KLD: 10.970 (144.295)	Grad: 1.349
