Encoder
=================================================================
Layer (type:depth-idx)                   Param #
=================================================================
Encoder                                  --
├─Linear: 1-1                            76,930
├─Linear: 1-2                            9,702
=================================================================
Total params: 86,632
Trainable params: 86,632
Non-trainable params: 0
=================================================================
Encoder to Latents 0
=================================================================
Layer (type:depth-idx)                   Param #
=================================================================
EncoderToLatents                         --
├─Linear: 1-1                            99
├─Linear: 1-2                            99
=================================================================
Total params: 198
Trainable params: 198
Non-trainable params: 0
=================================================================
Encoder to Latents 1
=================================================================
Layer (type:depth-idx)                   Param #
=================================================================
EncoderToLatents                         --
├─Linear: 1-1                            99
├─Linear: 1-2                            99
=================================================================
Total params: 198
Trainable params: 198
Non-trainable params: 0
=================================================================
Encoder to Latents 2
=================================================================
Layer (type:depth-idx)                   Param #
=================================================================
EncoderToLatents                         --
├─Linear: 1-1                            99
├─Linear: 1-2                            99
=================================================================
Total params: 198
Trainable params: 198
Non-trainable params: 0
=================================================================
Encoder to Latents 3
=================================================================
Layer (type:depth-idx)                   Param #
=================================================================
EncoderToLatents                         --
├─Linear: 1-1                            99
├─Linear: 1-2                            99
=================================================================
Total params: 198
Trainable params: 198
Non-trainable params: 0
=================================================================
Encoder to Latents 4
=================================================================
Layer (type:depth-idx)                   Param #
=================================================================
EncoderToLatents                         --
├─Linear: 1-1                            99
├─Linear: 1-2                            99
=================================================================
Total params: 198
Trainable params: 198
Non-trainable params: 0
=================================================================
Encoder to Latents 5
=================================================================
Layer (type:depth-idx)                   Param #
=================================================================
EncoderToLatents                         --
├─Linear: 1-1                            99
├─Linear: 1-2                            99
=================================================================
Total params: 198
Trainable params: 198
Non-trainable params: 0
=================================================================
Encoder to Latents 6
=================================================================
Layer (type:depth-idx)                   Param #
=================================================================
EncoderToLatents                         --
├─Linear: 1-1                            99
├─Linear: 1-2                            99
=================================================================
Total params: 198
Trainable params: 198
Non-trainable params: 0
=================================================================
Encoder to Latents 7
=================================================================
Layer (type:depth-idx)                   Param #
=================================================================
EncoderToLatents                         --
├─Linear: 1-1                            99
├─Linear: 1-2                            99
=================================================================
Total params: 198
Trainable params: 198
Non-trainable params: 0
=================================================================
Encoder to Latents 8
=================================================================
Layer (type:depth-idx)                   Param #
=================================================================
EncoderToLatents                         --
├─Linear: 1-1                            99
├─Linear: 1-2                            99
=================================================================
Total params: 198
Trainable params: 198
Non-trainable params: 0
=================================================================
Encoder to Latents 9
=================================================================
Layer (type:depth-idx)                   Param #
=================================================================
EncoderToLatents                         --
├─Linear: 1-1                            99
├─Linear: 1-2                            99
=================================================================
Total params: 198
Trainable params: 198
Non-trainable params: 0
=================================================================
Latents to Decoder 0
=================================================================
Layer (type:depth-idx)                   Param #
=================================================================
LatentsToDecoder                         --
├─Linear: 1-1                            196
=================================================================
Total params: 196
Trainable params: 196
Non-trainable params: 0
=================================================================
Latents to Decoder 1
=================================================================
Layer (type:depth-idx)                   Param #
=================================================================
LatentsToDecoder                         --
├─Linear: 1-1                            196
=================================================================
Total params: 196
Trainable params: 196
Non-trainable params: 0
=================================================================
Latents to Decoder 2
=================================================================
Layer (type:depth-idx)                   Param #
=================================================================
LatentsToDecoder                         --
├─Linear: 1-1                            196
=================================================================
Total params: 196
Trainable params: 196
Non-trainable params: 0
=================================================================
Latents to Decoder 3
=================================================================
Layer (type:depth-idx)                   Param #
=================================================================
LatentsToDecoder                         --
├─Linear: 1-1                            196
=================================================================
Total params: 196
Trainable params: 196
Non-trainable params: 0
=================================================================
Latents to Decoder 4
=================================================================
Layer (type:depth-idx)                   Param #
=================================================================
LatentsToDecoder                         --
├─Linear: 1-1                            196
=================================================================
Total params: 196
Trainable params: 196
Non-trainable params: 0
=================================================================
Latents to Decoder 5
=================================================================
Layer (type:depth-idx)                   Param #
=================================================================
LatentsToDecoder                         --
├─Linear: 1-1                            196
=================================================================
Total params: 196
Trainable params: 196
Non-trainable params: 0
=================================================================
Latents to Decoder 6
=================================================================
Layer (type:depth-idx)                   Param #
=================================================================
LatentsToDecoder                         --
├─Linear: 1-1                            196
=================================================================
Total params: 196
Trainable params: 196
Non-trainable params: 0
=================================================================
Latents to Decoder 7
=================================================================
Layer (type:depth-idx)                   Param #
=================================================================
LatentsToDecoder                         --
├─Linear: 1-1                            196
=================================================================
Total params: 196
Trainable params: 196
Non-trainable params: 0
=================================================================
Latents to Decoder 8
=================================================================
Layer (type:depth-idx)                   Param #
=================================================================
LatentsToDecoder                         --
├─Linear: 1-1                            196
=================================================================
Total params: 196
Trainable params: 196
Non-trainable params: 0
=================================================================
Latents to Decoder 9
=================================================================
Layer (type:depth-idx)                   Param #
=================================================================
LatentsToDecoder                         --
├─Linear: 1-1                            196
=================================================================
Total params: 196
Trainable params: 196
Non-trainable params: 0
=================================================================
Decoder
=================================================================
Layer (type:depth-idx)                   Param #
=================================================================
Decoder                                  --
├─Linear: 1-1                            9,702
├─Linear: 1-2                            77,616
=================================================================
Total params: 87,318
Trainable params: 87,318
Non-trainable params: 0
=================================================================
Training model 1/10...
[Epoch   1 (11.29s)]	ELBO: 1274.148 (1395.611)	Log prob: 1283.175 (1400.426)	KLD: 9.027 (4.815)	Grad: 3.446
[Epoch   2 (12.90s)]	ELBO: 1401.025 (1404.692)	Log prob: 1405.547 (1408.849)	KLD: 4.522 (4.157)	Grad: 2.452
[Epoch   3 (13.05s)]	ELBO: 1412.439 (1417.424)	Log prob: 1416.452 (1421.259)	KLD: 4.013 (3.835)	Grad: 1.427
[Epoch   4 (14.01s)]	ELBO: 1422.824 (1427.108)	Log prob: 1426.508 (1430.661)	KLD: 3.683 (3.553)	Grad: 1.459
[Epoch   5 (16.41s)]	ELBO: 1432.264 (1436.177)	Log prob: 1435.913 (1440.113)	KLD: 3.649 (3.935)	Grad: 2.331
[Epoch   6 (13.09s)]	ELBO: 1441.269 (1445.336)	Log prob: 1445.164 (1449.126)	KLD: 3.895 (3.790)	Grad: 2.789
[Epoch   7 (17.67s)]	ELBO: 1449.694 (1452.213)	Log prob: 1453.774 (1456.242)	KLD: 4.079 (4.028)	Grad: 2.903
[Epoch   8 (16.27s)]	ELBO: 1456.803 (1458.367)	Log prob: 1460.947 (1462.439)	KLD: 4.145 (4.072)	Grad: 3.149
[Epoch   9 (15.80s)]	ELBO: 1463.270 (1465.127)	Log prob: 1467.470 (1469.427)	KLD: 4.200 (4.300)	Grad: 3.461
[Epoch  10 (22.80s)]	ELBO: 1470.656 (1471.720)	Log prob: 1475.056 (1476.092)	KLD: 4.400 (4.372)	Grad: 3.354
Training model 2/10...
[Epoch   1 (26.11s)]	ELBO: 1496.294 (1517.108)	Log prob: 1502.675 (1524.316)	KLD: 1.841 (7.208)	Grad: 0.929
[Epoch   2 (34.75s)]	ELBO: 1527.598 (1531.120)	Log prob: 1535.028 (1538.820)	KLD: 2.838 (7.700)	Grad: 0.937
[Epoch   3 (21.66s)]	ELBO: 1537.072 (1538.146)	Log prob: 1544.715 (1545.729)	KLD: 3.019 (7.582)	Grad: 1.044
[Epoch   4 (36.23s)]	ELBO: 1543.741 (1543.112)	Log prob: 1551.571 (1551.041)	KLD: 3.138 (7.929)	Grad: 1.155
[Epoch   5 (23.62s)]	ELBO: 1548.571 (1546.900)	Log prob: 1556.515 (1554.886)	KLD: 3.201 (7.985)	Grad: 1.227
[Epoch   6 (24.82s)]	ELBO: 1553.671 (1551.619)	Log prob: 1561.722 (1559.612)	KLD: 3.267 (7.993)	Grad: 1.448
[Epoch   7 (28.79s)]	ELBO: 1557.367 (1555.166)	Log prob: 1565.429 (1563.266)	KLD: 3.278 (8.100)	Grad: 1.409
[Epoch   8 (26.19s)]	ELBO: 1560.652 (1559.238)	Log prob: 1568.723 (1567.426)	KLD: 3.274 (8.188)	Grad: 1.481
[Epoch   9 (25.20s)]	ELBO: 1563.637 (1559.963)	Log prob: 1571.757 (1568.205)	KLD: 3.256 (8.241)	Grad: 1.545
[Epoch  10 (25.34s)]	ELBO: 1565.781 (1562.350)	Log prob: 1573.995 (1570.479)	KLD: 3.267 (8.129)	Grad: 1.634
Training model 3/10...
[Epoch   1 (37.61s)]	ELBO: 1561.035 (1567.038)	Log prob: 1570.850 (1576.963)	KLD: 1.642 (9.925)	Grad: 1.022
[Epoch   2 (37.67s)]	ELBO: 1572.948 (1574.323)	Log prob: 1583.033 (1584.294)	KLD: 1.819 (9.970)	Grad: 0.813
[Epoch   3 (28.99s)]	ELBO: 1579.648 (1578.984)	Log prob: 1589.718 (1588.955)	KLD: 1.814 (9.971)	Grad: 0.797
[Epoch   4 (32.99s)]	ELBO: 1586.684 (1586.364)	Log prob: 1596.866 (1596.702)	KLD: 1.857 (10.338)	Grad: 0.868
[Epoch   5 (38.15s)]	ELBO: 1593.897 (1595.654)	Log prob: 1604.324 (1606.109)	KLD: 2.047 (10.455)	Grad: 1.008
[Epoch   6 (38.11s)]	ELBO: 1598.439 (1595.626)	Log prob: 1608.946 (1606.158)	KLD: 2.082 (10.532)	Grad: 1.004
[Epoch   7 (33.44s)]	ELBO: 1599.650 (1596.889)	Log prob: 1610.188 (1607.406)	KLD: 2.103 (10.516)	Grad: 1.055
[Epoch   8 (29.84s)]	ELBO: 1603.306 (1601.338)	Log prob: 1613.826 (1611.784)	KLD: 2.088 (10.446)	Grad: 0.977
[Epoch   9 (31.40s)]	ELBO: 1606.348 (1603.337)	Log prob: 1616.922 (1613.905)	KLD: 2.100 (10.567)	Grad: 0.900
[Epoch  10 (31.87s)]	ELBO: 1607.629 (1606.517)	Log prob: 1618.186 (1617.023)	KLD: 2.096 (10.506)	Grad: 0.887
Training model 4/10...
[Epoch   1 (42.08s)]	ELBO: 1604.858 (1606.792)	Log prob: 1616.984 (1619.110)	KLD: 1.507 (12.318)	Grad: 1.254
[Epoch   2 (43.04s)]	ELBO: 1611.756 (1611.134)	Log prob: 1624.134 (1623.490)	KLD: 1.728 (12.357)	Grad: 1.070
[Epoch   3 (39.14s)]	ELBO: 1614.923 (1612.536)	Log prob: 1627.379 (1625.109)	KLD: 1.787 (12.573)	Grad: 1.051
[Epoch   4 (34.05s)]	ELBO: 1617.888 (1617.592)	Log prob: 1630.334 (1629.910)	KLD: 1.810 (12.318)	Grad: 1.016
[Epoch   5 (30.39s)]	ELBO: 1621.729 (1618.075)	Log prob: 1634.212 (1630.496)	KLD: 1.785 (12.421)	Grad: 0.915
[Epoch   6 (29.69s)]	ELBO: 1623.656 (1619.631)	Log prob: 1636.150 (1632.240)	KLD: 1.797 (12.609)	Grad: 0.983
[Epoch   7 (29.55s)]	ELBO: 1624.731 (1622.747)	Log prob: 1637.257 (1635.189)	KLD: 1.800 (12.441)	Grad: 0.904
[Epoch   8 (29.96s)]	ELBO: 1627.289 (1623.822)	Log prob: 1639.818 (1636.243)	KLD: 1.793 (12.421)	Grad: 0.899
[Epoch   9 (31.58s)]	ELBO: 1628.855 (1623.654)	Log prob: 1641.406 (1636.030)	KLD: 1.820 (12.376)	Grad: 0.941
[Epoch  10 (32.26s)]	ELBO: 1630.302 (1627.207)	Log prob: 1642.852 (1639.716)	KLD: 1.800 (12.509)	Grad: 0.969
Training model 5/10...
[Epoch   1 (41.39s)]	ELBO: 1621.984 (1629.049)	Log prob: 1636.278 (1643.576)	KLD: 1.712 (14.526)	Grad: 1.110
[Epoch   2 (40.80s)]	ELBO: 1635.200 (1633.985)	Log prob: 1649.700 (1648.433)	KLD: 1.867 (14.448)	Grad: 0.964
[Epoch   3 (39.55s)]	ELBO: 1637.709 (1636.202)	Log prob: 1652.255 (1650.867)	KLD: 1.886 (14.665)	Grad: 0.964
[Epoch   4 (40.15s)]	ELBO: 1640.582 (1637.686)	Log prob: 1655.128 (1652.268)	KLD: 1.876 (14.582)	Grad: 0.908
[Epoch   5 (36.82s)]	ELBO: 1641.672 (1637.444)	Log prob: 1656.209 (1651.970)	KLD: 1.833 (14.526)	Grad: 0.933
[Epoch   6 (36.32s)]	ELBO: 1642.924 (1637.737)	Log prob: 1657.453 (1652.337)	KLD: 1.818 (14.600)	Grad: 0.919
[Epoch   7 (36.42s)]	ELBO: 1643.385 (1642.588)	Log prob: 1657.881 (1656.934)	KLD: 1.793 (14.346)	Grad: 0.953
[Epoch   8 (37.17s)]	ELBO: 1645.365 (1643.749)	Log prob: 1659.866 (1658.104)	KLD: 1.780 (14.355)	Grad: 0.875
[Epoch   9 (36.88s)]	ELBO: 1647.014 (1644.338)	Log prob: 1661.496 (1658.760)	KLD: 1.748 (14.422)	Grad: 0.861
[Epoch  10 (37.62s)]	ELBO: 1646.922 (1643.582)	Log prob: 1661.380 (1657.979)	KLD: 1.742 (14.397)	Grad: 0.945
Training model 6/10...
[Epoch   1 (45.44s)]	ELBO: 1637.638 (1643.717)	Log prob: 1653.821 (1659.878)	KLD: 1.686 (16.161)	Grad: 1.577
[Epoch   2 (44.98s)]	ELBO: 1650.205 (1648.542)	Log prob: 1666.508 (1664.874)	KLD: 1.789 (16.333)	Grad: 1.011
[Epoch   3 (46.13s)]	ELBO: 1652.084 (1649.467)	Log prob: 1668.260 (1665.812)	KLD: 1.675 (16.345)	Grad: 0.946
[Epoch   4 (44.39s)]	ELBO: 1654.025 (1649.665)	Log prob: 1670.162 (1665.869)	KLD: 1.602 (16.203)	Grad: 0.929
[Epoch   5 (49.50s)]	ELBO: 1655.381 (1651.464)	Log prob: 1671.443 (1667.405)	KLD: 1.541 (15.941)	Grad: 0.870
[Epoch   6 (46.82s)]	ELBO: 1657.053 (1656.613)	Log prob: 1673.114 (1672.720)	KLD: 1.532 (16.108)	Grad: 0.847
[Epoch   7 (47.88s)]	ELBO: 1659.226 (1655.403)	Log prob: 1675.281 (1671.273)	KLD: 1.497 (15.870)	Grad: 0.850
[Epoch   8 (50.66s)]	ELBO: 1661.105 (1659.448)	Log prob: 1677.157 (1675.525)	KLD: 1.464 (16.077)	Grad: 0.762
[Epoch   9 (49.69s)]	ELBO: 1662.270 (1659.884)	Log prob: 1678.286 (1675.853)	KLD: 1.432 (15.969)	Grad: 0.768
[Epoch  10 (58.64s)]	ELBO: 1663.820 (1659.797)	Log prob: 1679.827 (1675.676)	KLD: 1.403 (15.879)	Grad: 0.735
Training model 7/10...
[Epoch   1 (70.71s)]	ELBO: 1653.793 (1658.440)	Log prob: 1671.764 (1676.663)	KLD: 1.879 (18.223)	Grad: 2.162
[Epoch   2 (76.00s)]	ELBO: 1663.662 (1664.089)	Log prob: 1681.818 (1682.108)	KLD: 2.070 (18.019)	Grad: 1.512
[Epoch   3 (78.64s)]	ELBO: 1666.539 (1666.181)	Log prob: 1684.613 (1684.203)	KLD: 1.979 (18.022)	Grad: 1.332
[Epoch   4 (79.82s)]	ELBO: 1667.091 (1667.353)	Log prob: 1685.133 (1685.289)	KLD: 1.880 (17.935)	Grad: 1.297
[Epoch   5 (76.82s)]	ELBO: 1669.964 (1668.592)	Log prob: 1687.884 (1686.471)	KLD: 1.768 (17.880)	Grad: 1.141
[Epoch   6 (70.05s)]	ELBO: 1671.832 (1669.507)	Log prob: 1689.681 (1687.186)	KLD: 1.671 (17.678)	Grad: 0.972
[Epoch   7 (66.44s)]	ELBO: 1673.372 (1671.634)	Log prob: 1691.178 (1689.389)	KLD: 1.570 (17.754)	Grad: 0.885
[Epoch   8 (66.45s)]	ELBO: 1673.189 (1666.739)	Log prob: 1690.922 (1684.568)	KLD: 1.475 (17.830)	Grad: 0.817
[Epoch   9 (67.53s)]	ELBO: 1670.987 (1671.392)	Log prob: 1688.735 (1689.084)	KLD: 1.444 (17.692)	Grad: 0.796
[Epoch  10 (66.54s)]	ELBO: 1673.203 (1672.320)	Log prob: 1690.858 (1690.226)	KLD: 1.373 (17.906)	Grad: 0.770
Training model 8/10...
[Epoch   1 (73.84s)]	ELBO: 1660.106 (1673.620)	Log prob: 1679.823 (1693.151)	KLD: 2.020 (19.531)	Grad: 1.662
[Epoch   2 (75.71s)]	ELBO: 1675.864 (1675.502)	Log prob: 1695.503 (1695.002)	KLD: 1.998 (19.501)	Grad: 1.173
[Epoch   3 (75.26s)]	ELBO: 1678.198 (1675.744)	Log prob: 1697.659 (1695.079)	KLD: 1.816 (19.335)	Grad: 1.015
[Epoch   4 (85.16s)]	ELBO: 1679.295 (1679.159)	Log prob: 1698.623 (1698.399)	KLD: 1.696 (19.240)	Grad: 0.904
[Epoch   5 (77.91s)]	ELBO: 1681.537 (1678.012)	Log prob: 1700.820 (1697.318)	KLD: 1.632 (19.306)	Grad: 0.889
[Epoch   6 (79.94s)]	ELBO: 1683.009 (1681.598)	Log prob: 1702.259 (1700.680)	KLD: 1.577 (19.082)	Grad: 0.871
[Epoch   7 (77.15s)]	ELBO: 1683.759 (1681.941)	Log prob: 1703.009 (1701.405)	KLD: 1.537 (19.464)	Grad: 0.802
[Epoch   8 (88.37s)]	ELBO: 1684.315 (1681.988)	Log prob: 1703.542 (1701.290)	KLD: 1.504 (19.303)	Grad: 0.793
[Epoch   9 (104.18s)]	ELBO: 1684.916 (1682.617)	Log prob: 1704.150 (1701.766)	KLD: 1.472 (19.149)	Grad: 0.797
[Epoch  10 (105.84s)]	ELBO: 1686.574 (1683.777)	Log prob: 1705.750 (1702.806)	KLD: 1.434 (19.029)	Grad: 0.799
Training model 9/10...
[Epoch   1 (131.76s)]	ELBO: 1674.686 (1681.190)	Log prob: 1695.813 (1702.402)	KLD: 1.890 (21.212)	Grad: 2.384
[Epoch   2 (141.96s)]	ELBO: 1685.037 (1683.746)	Log prob: 1706.162 (1704.568)	KLD: 1.962 (20.822)	Grad: 1.410
[Epoch   3 (134.38s)]	ELBO: 1688.372 (1687.752)	Log prob: 1709.296 (1708.561)	KLD: 1.740 (20.809)	Grad: 1.069
[Epoch   4 (135.46s)]	ELBO: 1690.419 (1688.461)	Log prob: 1711.131 (1708.891)	KLD: 1.498 (20.430)	Grad: 0.888
[Epoch   5 (136.10s)]	ELBO: 1691.396 (1689.857)	Log prob: 1711.888 (1710.180)	KLD: 1.288 (20.323)	Grad: 0.759
[Epoch   6 (134.67s)]	ELBO: 1693.377 (1688.709)	Log prob: 1713.705 (1708.989)	KLD: 1.087 (20.281)	Grad: 0.655
[Epoch   7 (113.63s)]	ELBO: 1693.921 (1692.426)	Log prob: 1714.126 (1712.384)	KLD: 0.956 (19.958)	Grad: 0.619
[Epoch   8 (97.36s)]	ELBO: 1694.947 (1692.775)	Log prob: 1715.056 (1712.777)	KLD: 0.820 (20.002)	Grad: 0.542
[Epoch   9 (88.85s)]	ELBO: 1695.957 (1693.513)	Log prob: 1716.067 (1713.544)	KLD: 0.793 (20.030)	Grad: 0.540
[Epoch  10 (83.38s)]	ELBO: 1696.518 (1693.579)	Log prob: 1716.596 (1713.773)	KLD: 0.766 (20.194)	Grad: 0.505
Training model 10/10...
[Epoch   1 (98.29s)]	ELBO: 1673.868 (1690.155)	Log prob: 1696.319 (1713.033)	KLD: 2.271 (22.878)	Grad: 2.684
[Epoch   2 (94.38s)]	ELBO: 1694.530 (1691.550)	Log prob: 1717.148 (1714.066)	KLD: 2.400 (22.516)	Grad: 1.615
[Epoch   3 (93.46s)]	ELBO: 1695.743 (1694.572)	Log prob: 1718.171 (1716.951)	KLD: 2.184 (22.379)	Grad: 1.387
[Epoch   4 (90.89s)]	ELBO: 1695.985 (1691.824)	Log prob: 1718.414 (1714.240)	KLD: 2.019 (22.416)	Grad: 1.189
[Epoch   5 (88.38s)]	ELBO: 1698.360 (1698.049)	Log prob: 1720.701 (1720.357)	KLD: 1.906 (22.307)	Grad: 1.046
[Epoch   6 (84.82s)]	ELBO: 1699.356 (1697.303)	Log prob: 1721.669 (1719.646)	KLD: 1.784 (22.343)	Grad: 0.976
[Epoch   7 (86.84s)]	ELBO: 1701.617 (1699.587)	Log prob: 1723.910 (1721.881)	KLD: 1.691 (22.294)	Grad: 0.869
[Epoch   8 (90.71s)]	ELBO: 1702.907 (1700.903)	Log prob: 1725.143 (1723.036)	KLD: 1.595 (22.133)	Grad: 0.829
[Epoch   9 (86.34s)]	ELBO: 1703.907 (1701.087)	Log prob: 1726.077 (1723.251)	KLD: 1.511 (22.163)	Grad: 0.790
[Epoch  10 (94.56s)]	ELBO: 1704.995 (1702.362)	Log prob: 1727.134 (1724.469)	KLD: 1.454 (22.107)	Grad: 0.750
Best epoch(s): [10, 10, 10, 10, 9, 9, 10, 10, 10, 10]	Training time(s): 153.28s, 272.73s, 340.07s, 341.74s, 383.11s, 484.13s, 719.00s, 843.36s, 1197.55s, 908.67s (5643.64s)	Best ELBO: 1704.995 (1702.362)	Best log prob: 1727.134 (1724.469)
Avg. mu: -0.133, 0.082, -0.093, -0.051, 0.007, 0.054, -0.078, 0.134, -0.183, 0.694
Avg. var: 0.001, 0.002, 0.012, 0.019, 0.021, 0.035, 0.065, 0.062, 0.106, 0.046
Max. mu: 6.845, 4.004, 8.263, 4.817, 5.249, 3.966, 3.605, 3.244, 3.945, 1.485
Max. var: 0.033, 0.030, 0.297, 0.117, 0.182, 0.217, 0.561, 0.495, 1.101, 0.221
Min. mu: -5.059, -6.788, -3.413, -4.775, -3.694, -4.872, -5.295, -4.750, -3.877, 0.080
Min. var: 0.000, 0.000, 0.004, 0.003, 0.005, 0.010, 0.019, 0.014, 0.030, 0.006
Cov. mu:
[[2.573 -0.143 -0.091 0.194 -0.069 0.205 -0.092 -0.116 -0.069 -0.045]
 [-0.143 1.184 -0.032 -0.159 0.025 -0.063 -0.073 0.074 0.002 -0.003]
 [-0.091 -0.032 1.033 -0.067 0.023 0.004 -0.006 -0.005 0.028 0.003]
 [0.194 -0.159 -0.067 1.091 -0.032 -0.019 0.048 -0.021 -0.059 0.011]
 [-0.069 0.025 0.023 -0.032 1.045 -0.084 -0.035 0.039 -0.007 0.008]
 [0.205 -0.063 0.004 -0.019 -0.084 1.025 -0.084 0.006 0.031 -0.010]
 [-0.092 -0.073 -0.006 0.048 -0.035 -0.084 0.873 -0.038 0.010 -0.004]
 [-0.116 0.074 -0.005 -0.021 0.039 0.006 -0.038 0.766 0.049 -0.002]
 [-0.069 0.002 0.028 -0.059 -0.007 0.031 0.010 0.049 0.620 -0.016]
 [-0.045 -0.003 0.003 0.011 0.008 -0.010 -0.004 -0.002 -0.016 0.037]]
