Encoder
=================================================================
Layer (type:depth-idx)                   Param #
=================================================================
Encoder                                  --
├─Linear: 1-1                            31,400
├─Linear: 1-2                            1,640
=================================================================
Total params: 33,040
Trainable params: 33,040
Non-trainable params: 0
=================================================================
Encoder 2
=================================================================
Layer (type:depth-idx)                   Param #
=================================================================
Encoder                                  --
├─Linear: 1-1                            31,400
├─Linear: 1-2                            1,640
=================================================================
Total params: 33,040
Trainable params: 33,040
Non-trainable params: 0
=================================================================
Encoder to Latent
=================================================================
Layer (type:depth-idx)                   Param #
=================================================================
EncoderToLatents                         --
├─Linear: 1-1                            82
├─Linear: 1-2                            82
=================================================================
Total params: 164
Trainable params: 164
Non-trainable params: 0
=================================================================
Latents to Latents
=================================================================
Layer (type:depth-idx)                   Param #
=================================================================
LatentsToLatents                         --
├─Linear: 1-1                            72
├─Linear: 1-2                            18
├─Linear: 1-3                            18
=================================================================
Total params: 108
Trainable params: 108
Non-trainable params: 0
=================================================================
Latents to Decoder 0
=================================================================
Layer (type:depth-idx)                   Param #
=================================================================
LatentsToDecoder                         --
├─Linear: 1-1                            120
=================================================================
Total params: 120
Trainable params: 120
Non-trainable params: 0
=================================================================
Latents to Decoder 1
=================================================================
Layer (type:depth-idx)                   Param #
=================================================================
LatentsToDecoder                         --
├─Linear: 1-1                            120
=================================================================
Total params: 120
Trainable params: 120
Non-trainable params: 0
=================================================================
Latents to Decoder 2
=================================================================
Layer (type:depth-idx)                   Param #
=================================================================
LatentsToDecoder                         --
├─Linear: 1-1                            120
=================================================================
Total params: 120
Trainable params: 120
Non-trainable params: 0
=================================================================
Latents to Decoder 3
=================================================================
Layer (type:depth-idx)                   Param #
=================================================================
LatentsToDecoder                         --
├─Linear: 1-1                            120
=================================================================
Total params: 120
Trainable params: 120
Non-trainable params: 0
=================================================================
Latents to Decoder 4
=================================================================
Layer (type:depth-idx)                   Param #
=================================================================
LatentsToDecoder                         --
├─Linear: 1-1                            120
=================================================================
Total params: 120
Trainable params: 120
Non-trainable params: 0
=================================================================
Decoder
=================================================================
Layer (type:depth-idx)                   Param #
=================================================================
Decoder                                  --
├─Linear: 1-1                            1,640
├─Linear: 1-2                            32,144
=================================================================
Total params: 33,784
Trainable params: 33,784
Non-trainable params: 0
=================================================================
[Epoch   1 (63.11s)]	ELBO: 1189.471, 1212.912, 1223.714, 1229.887, 1226.972 (1380.591)	Log prob: 1211.956, 1237.057, 1249.305, 1256.811, 1255.139 (1394.013)	KLD: 22.484, 24.145, 25.591, 26.924, 28.167 (13.422)	Grad: 0.228, 0.311, 0.339, 0.323, 0.324
[Epoch   2 (70.69s)]	ELBO: 1392.998, 1395.953, 1395.955, 1395.188, 1394.028 (1404.904)	Log prob: 1401.003, 1404.833, 1405.703, 1405.802, 1405.497 (1415.399)	KLD: 8.006, 8.881, 9.749, 10.613, 11.469 (10.495)	Grad: 0.127, 0.153, 0.174, 0.206, 0.246
[Epoch   3 (57.67s)]	ELBO: 1410.479, 1415.186, 1416.472, 1416.517, 1415.891 (1432.913)	Log prob: 1417.445, 1423.055, 1425.195, 1426.075, 1426.261 (1444.467)	KLD: 6.965, 7.869, 8.724, 9.558, 10.369 (11.554)	Grad: 0.101, 0.136, 0.184, 0.238, 0.294
[Epoch   4 (57.40s)]	ELBO: 1429.449, 1462.155, 1463.818, 1463.288, 1462.044 (1488.633)	Log prob: 1436.372, 1471.723, 1475.008, 1475.968, 1476.144 (1503.689)	KLD: 6.924, 9.569, 11.190, 12.682, 14.100 (15.056)	Grad: 0.078, 0.131, 0.188, 0.245, 0.305
[Epoch   5 (56.92s)]	ELBO: 1454.696, 1501.156, 1501.878, 1501.055, 1499.731 (1516.038)	Log prob: 1461.851, 1511.419, 1513.837, 1514.644, 1514.925 (1531.634)	KLD: 7.155, 10.263, 11.958, 13.589, 15.194 (15.595)	Grad: 0.107, 0.194, 0.285, 0.377, 0.472
[Epoch   6 (61.07s)]	ELBO: 1470.506, 1526.757, 1527.363, 1526.544, 1525.287 (1536.311)	Log prob: 1477.710, 1537.453, 1539.737, 1540.557, 1540.920 (1552.928)	KLD: 7.205, 10.696, 12.374, 14.013, 15.634 (16.618)	Grad: 0.116, 0.202, 0.296, 0.397, 0.502
[Epoch   7 (57.94s)]	ELBO: 1480.225, 1553.693, 1554.087, 1552.599, 1550.755 (1564.798)	Log prob: 1487.460, 1565.173, 1567.683, 1568.233, 1568.403 (1582.963)	KLD: 7.235, 11.480, 13.595, 15.634, 17.647 (18.165)	Grad: 0.134, 0.222, 0.324, 0.433, 0.547
[Epoch   8 (57.16s)]	ELBO: 1488.404, 1571.718, 1571.119, 1569.547, 1567.684 (1573.282)	Log prob: 1495.656, 1583.380, 1584.788, 1585.177, 1585.250 (1590.444)	KLD: 7.253, 11.661, 13.669, 15.629, 17.566 (17.163)	Grad: 0.148, 0.241, 0.349, 0.463, 0.582
[Epoch   9 (61.02s)]	ELBO: 1493.155, 1579.453, 1578.779, 1577.555, 1576.108 (1579.928)	Log prob: 1500.354, 1591.149, 1592.099, 1592.462, 1592.580 (1595.921)	KLD: 7.200, 11.696, 13.321, 14.907, 16.473 (15.994)	Grad: 0.149, 0.242, 0.354, 0.472, 0.594
[Epoch  10 (60.38s)]	ELBO: 1496.773, 1585.428, 1584.851, 1583.815, 1582.692 (1586.425)	Log prob: 1503.940, 1597.242, 1597.967, 1598.196, 1598.323 (1601.335)	KLD: 7.167, 11.814, 13.115, 14.382, 15.630 (14.910)	Grad: 0.144, 0.224, 0.327, 0.436, 0.549
[Epoch  11 (60.09s)]	ELBO: 1499.476, 1590.590, 1590.230, 1589.397, 1588.506 (1593.432)	Log prob: 1506.621, 1602.472, 1603.112, 1603.251, 1603.314 (1607.061)	KLD: 7.145, 11.883, 12.881, 13.854, 14.809 (13.629)	Grad: 0.155, 0.248, 0.363, 0.483, 0.607
[Epoch  12 (60.99s)]	ELBO: 1502.336, 1595.310, 1595.032, 1594.346, 1593.664 (1596.501)	Log prob: 1509.489, 1607.279, 1607.787, 1607.874, 1607.952 (1610.051)	KLD: 7.154, 11.970, 12.756, 13.529, 14.288 (13.550)	Grad: 0.148, 0.233, 0.339, 0.454, 0.572
[Epoch  13 (68.78s)]	ELBO: 1504.843, 1599.543, 1599.254, 1598.677, 1598.112 (1600.474)	Log prob: 1512.008, 1611.566, 1611.935, 1612.019, 1612.101 (1614.261)	KLD: 7.165, 12.024, 12.681, 13.342, 13.989 (13.787)	Grad: 0.158, 0.251, 0.366, 0.487, 0.612
[Epoch  14 (68.02s)]	ELBO: 1507.607, 1603.107, 1602.804, 1602.312, 1601.839 (1603.672)	Log prob: 1514.817, 1615.197, 1615.474, 1615.575, 1615.682 (1616.955)	KLD: 7.211, 12.089, 12.670, 13.263, 13.842 (13.283)	Grad: 0.156, 0.250, 0.366, 0.489, 0.615
[Epoch  15 (67.49s)]	ELBO: 1510.149, 1605.964, 1605.767, 1605.315, 1604.911 (1605.855)	Log prob: 1517.385, 1618.105, 1618.389, 1618.428, 1618.505 (1619.679)	KLD: 7.236, 12.141, 12.623, 13.113, 13.594 (13.824)	Grad: 0.160, 0.258, 0.378, 0.504, 0.633
[Epoch  16 (68.78s)]	ELBO: 1512.550, 1608.696, 1608.519, 1608.260, 1607.978 (1607.444)	Log prob: 1519.793, 1620.904, 1621.044, 1621.106, 1621.136 (1620.507)	KLD: 7.244, 12.207, 12.526, 12.845, 13.158 (13.063)	Grad: 0.159, 0.257, 0.375, 0.498, 0.627
[Epoch  17 (73.35s)]	ELBO: 1514.897, 1611.006, 1610.859, 1610.654, 1610.398 (1610.701)	Log prob: 1522.179, 1623.267, 1623.393, 1623.456, 1623.463 (1623.781)	KLD: 7.281, 12.263, 12.533, 12.803, 13.065 (13.080)	Grad: 0.148, 0.235, 0.342, 0.456, 0.574
[Epoch  18 (73.63s)]	ELBO: 1516.672, 1612.847, 1612.751, 1612.537, 1612.317 (1611.605)	Log prob: 1523.964, 1625.129, 1625.272, 1625.291, 1625.302 (1624.649)	KLD: 7.293, 12.281, 12.519, 12.754, 12.985 (13.044)	Grad: 0.153, 0.248, 0.364, 0.487, 0.612
[Epoch  19 (68.50s)]	ELBO: 1518.377, 1614.494, 1614.325, 1614.132, 1614.044 (1613.753)	Log prob: 1525.677, 1626.787, 1626.828, 1626.843, 1626.956 (1626.513)	KLD: 7.301, 12.294, 12.504, 12.711, 12.912 (12.760)	Grad: 0.164, 0.273, 0.402, 0.537, 0.676
[Epoch  20 (78.91s)]	ELBO: 1519.945, 1616.319, 1616.144, 1616.052, 1615.876 (1615.280)	Log prob: 1527.256, 1628.632, 1628.655, 1628.753, 1628.763 (1628.092)	KLD: 7.311, 12.315, 12.509, 12.701, 12.887 (12.812)	Grad: 0.150, 0.240, 0.351, 0.469, 0.590
[Epoch  21 (72.63s)]	ELBO: 1521.021, 1617.355, 1617.269, 1617.092, 1616.957 (1615.990)	Log prob: 1528.336, 1629.679, 1629.774, 1629.779, 1629.821 (1628.976)	KLD: 7.314, 12.324, 12.506, 12.686, 12.862 (12.985)	Grad: 0.160, 0.263, 0.387, 0.516, 0.648
[Epoch  22 (67.58s)]	ELBO: 1522.366, 1618.913, 1618.847, 1618.698, 1618.558 (1616.839)	Log prob: 1529.692, 1631.250, 1631.362, 1631.387, 1631.419 (1629.492)	KLD: 7.325, 12.338, 12.515, 12.690, 12.860 (12.652)	Grad: 0.158, 0.257, 0.377, 0.503, 0.633
[Epoch  23 (83.94s)]	ELBO: 1523.272, 1619.865, 1619.778, 1619.645, 1619.507 (1618.263)	Log prob: 1530.620, 1632.229, 1632.304, 1632.331, 1632.346 (1631.306)	KLD: 7.349, 12.365, 12.526, 12.686, 12.839 (13.043)	Grad: 0.164, 0.275, 0.406, 0.544, 0.683
[Epoch  24 (82.54s)]	ELBO: 1524.356, 1621.093, 1621.016, 1620.896, 1620.810 (1617.051)	Log prob: 1531.706, 1633.473, 1633.551, 1633.585, 1633.646 (1630.029)	KLD: 7.350, 12.381, 12.535, 12.688, 12.837 (12.978)	Grad: 0.159, 0.261, 0.384, 0.512, 0.645
[Epoch  25 (86.92s)]	ELBO: 1525.229, 1622.257, 1622.160, 1622.054, 1621.931 (1620.082)	Log prob: 1532.591, 1634.647, 1634.706, 1634.758, 1634.788 (1632.787)	KLD: 7.363, 12.390, 12.547, 12.704, 12.857 (12.704)	Grad: 0.156, 0.255, 0.376, 0.502, 0.632
[Epoch  26 (70.73s)]	ELBO: 1526.171, 1623.162, 1623.077, 1622.946, 1622.841 (1620.940)	Log prob: 1533.527, 1635.532, 1635.599, 1635.621, 1635.664 (1633.750)	KLD: 7.355, 12.369, 12.522, 12.674, 12.823 (12.810)	Grad: 0.157, 0.255, 0.373, 0.497, 0.625
[Epoch  27 (76.14s)]	ELBO: 1527.061, 1624.254, 1624.149, 1624.022, 1623.949 (1621.669)	Log prob: 1534.429, 1636.648, 1636.688, 1636.703, 1636.771 (1634.279)	KLD: 7.368, 12.394, 12.539, 12.681, 12.820 (12.610)	Grad: 0.157, 0.257, 0.379, 0.507, 0.638
[Epoch  28 (72.60s)]	ELBO: 1528.039, 1625.132, 1625.089, 1624.961, 1624.871 (1623.145)	Log prob: 1535.417, 1637.527, 1637.621, 1637.631, 1637.675 (1635.311)	KLD: 7.377, 12.397, 12.533, 12.669, 12.802 (12.166)	Grad: 0.153, 0.250, 0.368, 0.493, 0.621
[Epoch  29 (67.11s)]	ELBO: 1528.902, 1626.237, 1626.137, 1626.085, 1625.928 (1621.603)	Log prob: 1536.289, 1638.649, 1638.685, 1638.767, 1638.740 (1634.255)	KLD: 7.387, 12.413, 12.548, 12.682, 12.813 (12.652)	Grad: 0.152, 0.246, 0.361, 0.482, 0.607
[Epoch  30 (64.25s)]	ELBO: 1529.641, 1626.863, 1626.821, 1626.719, 1626.614 (1623.176)	Log prob: 1537.035, 1639.281, 1639.376, 1639.410, 1639.437 (1636.217)	KLD: 7.395, 12.418, 12.555, 12.691, 12.824 (13.041)	Grad: 0.154, 0.254, 0.373, 0.499, 0.629
[Epoch  31 (58.76s)]	ELBO: 1530.353, 1627.779, 1627.661, 1627.609, 1627.492 (1625.120)	Log prob: 1537.753, 1640.215, 1640.236, 1640.321, 1640.339 (1637.845)	KLD: 7.400, 12.436, 12.574, 12.712, 12.847 (12.725)	Grad: 0.157, 0.254, 0.371, 0.494, 0.620
[Epoch  32 (56.10s)]	ELBO: 1531.083, 1628.532, 1628.415, 1628.312, 1628.268 (1625.608)	Log prob: 1538.502, 1640.984, 1640.990, 1641.009, 1641.085 (1638.239)	KLD: 7.420, 12.452, 12.574, 12.696, 12.816 (12.631)	Grad: 0.155, 0.253, 0.373, 0.500, 0.631
[Epoch  33 (55.08s)]	ELBO: 1531.881, 1629.182, 1629.113, 1629.022, 1628.924 (1626.281)	Log prob: 1539.303, 1641.638, 1641.695, 1641.730, 1641.758 (1639.157)	KLD: 7.421, 12.456, 12.582, 12.708, 12.832 (12.875)	Grad: 0.162, 0.269, 0.397, 0.531, 0.667
[Epoch  34 (53.42s)]	ELBO: 1532.734, 1630.115, 1629.980, 1629.906, 1629.805 (1626.829)	Log prob: 1540.166, 1642.576, 1642.568, 1642.620, 1642.647 (1639.366)	KLD: 7.431, 12.461, 12.588, 12.715, 12.840 (12.537)	Grad: 0.157, 0.257, 0.377, 0.504, 0.634
[Epoch  35 (56.66s)]	ELBO: 1533.365, 1630.607, 1630.496, 1630.412, 1630.256 (1627.140)	Log prob: 1540.805, 1643.076, 1643.096, 1643.144, 1643.119 (1639.835)	KLD: 7.440, 12.468, 12.600, 12.732, 12.863 (12.695)	Grad: 0.157, 0.259, 0.382, 0.512, 0.644
[Epoch  36 (63.50s)]	ELBO: 1534.410, 1631.502, 1631.378, 1631.293, 1631.231 (1627.669)	Log prob: 1541.858, 1643.990, 1643.990, 1644.032, 1644.094 (1640.255)	KLD: 7.447, 12.488, 12.612, 12.738, 12.862 (12.587)	Grad: 0.159, 0.261, 0.384, 0.513, 0.645
[Epoch  37 (58.94s)]	ELBO: 1535.096, 1632.401, 1632.322, 1632.145, 1632.049 (1627.586)	Log prob: 1542.551, 1644.898, 1644.951, 1644.906, 1644.938 (1640.161)	KLD: 7.455, 12.497, 12.628, 12.761, 12.890 (12.575)	Grad: 0.154, 0.251, 0.368, 0.493, 0.620
[Epoch  38 (62.13s)]	ELBO: 1535.650, 1632.822, 1632.740, 1632.632, 1632.498 (1628.134)	Log prob: 1543.121, 1645.331, 1645.380, 1645.406, 1645.404 (1641.025)	KLD: 7.470, 12.510, 12.641, 12.774, 12.906 (12.891)	Grad: 0.160, 0.263, 0.387, 0.518, 0.652
[Epoch  39 (63.94s)]	ELBO: 1536.482, 1633.520, 1633.479, 1633.321, 1633.209 (1628.751)	Log prob: 1543.954, 1646.040, 1646.129, 1646.100, 1646.116 (1641.322)	KLD: 7.473, 12.520, 12.649, 12.778, 12.906 (12.572)	Grad: 0.160, 0.263, 0.387, 0.516, 0.649
[Epoch  40 (65.49s)]	ELBO: 1537.294, 1634.191, 1634.156, 1634.002, 1633.909 (1629.235)	Log prob: 1544.775, 1646.715, 1646.803, 1646.769, 1646.798 (1642.058)	KLD: 7.481, 12.525, 12.646, 12.768, 12.888 (12.823)	Grad: 0.156, 0.255, 0.376, 0.503, 0.632
[Epoch  41 (68.20s)]	ELBO: 1537.925, 1634.836, 1634.742, 1634.630, 1634.528 (1629.426)	Log prob: 1545.412, 1647.364, 1647.404, 1647.427, 1647.457 (1642.091)	KLD: 7.488, 12.530, 12.662, 12.796, 12.929 (12.665)	Grad: 0.156, 0.255, 0.373, 0.498, 0.627
[Epoch  42 (63.96s)]	ELBO: 1538.424, 1635.262, 1635.197, 1635.051, 1634.961 (1629.268)	Log prob: 1545.936, 1647.818, 1647.869, 1647.841, 1647.866 (1642.134)	KLD: 7.510, 12.557, 12.673, 12.789, 12.906 (12.865)	Grad: 0.160, 0.264, 0.387, 0.517, 0.651
[Epoch  43 (61.81s)]	ELBO: 1539.210, 1635.833, 1635.777, 1635.670, 1635.592 (1630.530)	Log prob: 1546.717, 1648.404, 1648.469, 1648.485, 1648.526 (1643.206)	KLD: 7.506, 12.571, 12.692, 12.815, 12.935 (12.676)	Grad: 0.158, 0.262, 0.387, 0.518, 0.651
[Epoch  44 (70.09s)]	ELBO: 1539.731, 1636.426, 1636.335, 1636.293, 1636.168 (1631.293)	Log prob: 1547.240, 1648.983, 1649.008, 1649.086, 1649.077 (1644.228)	KLD: 7.510, 12.558, 12.675, 12.793, 12.910 (12.936)	Grad: 0.153, 0.249, 0.366, 0.489, 0.615
[Epoch  45 (70.87s)]	ELBO: 1540.206, 1637.019, 1636.887, 1636.800, 1636.698 (1631.684)	Log prob: 1547.723, 1649.598, 1649.590, 1649.630, 1649.652 (1644.547)	KLD: 7.517, 12.579, 12.704, 12.829, 12.954 (12.863)	Grad: 0.158, 0.259, 0.381, 0.510, 0.641
[Epoch  46 (75.84s)]	ELBO: 1540.737, 1637.574, 1637.486, 1637.346, 1637.253 (1632.453)	Log prob: 1548.266, 1650.166, 1650.195, 1650.174, 1650.200 (1645.196)	KLD: 7.530, 12.592, 12.709, 12.828, 12.947 (12.744)	Grad: 0.159, 0.264, 0.388, 0.518, 0.652
[Epoch  47 (73.79s)]	ELBO: 1541.171, 1637.958, 1637.780, 1637.718, 1637.595 (1633.657)	Log prob: 1548.710, 1650.576, 1650.510, 1650.560, 1650.550 (1646.322)	KLD: 7.539, 12.618, 12.730, 12.842, 12.954 (12.665)	Grad: 0.160, 0.266, 0.392, 0.524, 0.658
[Epoch  48 (75.37s)]	ELBO: 1541.491, 1638.278, 1638.146, 1638.072, 1637.991 (1633.526)	Log prob: 1549.023, 1650.878, 1650.859, 1650.898, 1650.926 (1646.128)	KLD: 7.531, 12.601, 12.712, 12.824, 12.934 (12.602)	Grad: 0.159, 0.266, 0.392, 0.523, 0.658
[Epoch  49 (71.13s)]	ELBO: 1541.963, 1638.681, 1638.687, 1638.543, 1638.443 (1633.801)	Log prob: 1549.503, 1651.304, 1651.416, 1651.379, 1651.385 (1646.680)	KLD: 7.540, 12.622, 12.729, 12.835, 12.942 (12.879)	Grad: 0.166, 0.276, 0.405, 0.540, 0.677
[Epoch  50 (66.49s)]	ELBO: 1542.459, 1639.152, 1639.069, 1638.994, 1638.884 (1634.335)	Log prob: 1550.010, 1651.787, 1651.810, 1651.838, 1651.832 (1647.167)	KLD: 7.550, 12.635, 12.740, 12.844, 12.947 (12.831)	Grad: 0.160, 0.266, 0.392, 0.524, 0.658
[Epoch  51 (71.55s)]	ELBO: 1542.961, 1639.531, 1639.403, 1639.364, 1639.308 (1633.430)	Log prob: 1550.504, 1652.166, 1652.134, 1652.192, 1652.233 (1645.985)	KLD: 7.544, 12.634, 12.731, 12.829, 12.925 (12.555)	Grad: 0.163, 0.273, 0.404, 0.540, 0.678
[Epoch  52 (76.90s)]	ELBO: 1543.382, 1639.946, 1639.865, 1639.838, 1639.684 (1635.302)	Log prob: 1550.939, 1652.586, 1652.609, 1652.683, 1652.632 (1648.052)	KLD: 7.556, 12.640, 12.743, 12.845, 12.948 (12.751)	Grad: 0.162, 0.270, 0.398, 0.530, 0.666
[Epoch  53 (72.48s)]	ELBO: 1543.761, 1640.322, 1640.265, 1640.197, 1640.073 (1635.125)	Log prob: 1551.323, 1652.977, 1653.019, 1653.047, 1653.019 (1647.812)	KLD: 7.562, 12.657, 12.753, 12.850, 12.945 (12.687)	Grad: 0.162, 0.269, 0.394, 0.527, 0.661
[Epoch  54 (65.98s)]	ELBO: 1544.354, 1640.815, 1640.716, 1640.586, 1640.580 (1634.903)	Log prob: 1551.916, 1653.477, 1653.481, 1653.455, 1653.549 (1647.801)	KLD: 7.561, 12.662, 12.766, 12.869, 12.971 (12.898)	Grad: 0.155, 0.256, 0.378, 0.508, 0.640
[Epoch  55 (66.88s)]	ELBO: 1544.858, 1641.243, 1641.187, 1641.156, 1640.982 (1635.509)	Log prob: 1552.430, 1653.913, 1653.948, 1654.008, 1653.927 (1648.295)	KLD: 7.571, 12.670, 12.760, 12.852, 12.943 (12.786)	Grad: 0.160, 0.265, 0.389, 0.518, 0.651
[Epoch  56 (64.33s)]	ELBO: 1545.051, 1641.685, 1641.563, 1641.491, 1641.431 (1635.622)	Log prob: 1552.631, 1654.364, 1654.329, 1654.339, 1654.366 (1648.580)	KLD: 7.580, 12.678, 12.763, 12.850, 12.936 (12.958)	Grad: 0.162, 0.271, 0.398, 0.533, 0.669
[Epoch  57 (56.36s)]	ELBO: 1545.670, 1642.136, 1642.030, 1641.944, 1641.887 (1635.527)	Log prob: 1553.253, 1654.819, 1654.809, 1654.822, 1654.863 (1648.347)	KLD: 7.582, 12.682, 12.780, 12.877, 12.975 (12.820)	Grad: 0.154, 0.252, 0.367, 0.490, 0.615
[Epoch  58 (58.56s)]	ELBO: 1545.854, 1641.955, 1641.935, 1641.837, 1641.702 (1636.462)	Log prob: 1553.429, 1654.644, 1654.720, 1654.721, 1654.681 (1649.338)	KLD: 7.574, 12.689, 12.785, 12.882, 12.979 (12.876)	Grad: 0.160, 0.267, 0.395, 0.528, 0.663
[Epoch  59 (68.82s)]	ELBO: 1546.215, 1642.403, 1642.398, 1642.318, 1642.206 (1634.292)	Log prob: 1553.806, 1655.110, 1655.189, 1655.190, 1655.159 (1647.378)	KLD: 7.591, 12.707, 12.790, 12.872, 12.954 (13.086)	Grad: 0.161, 0.267, 0.392, 0.525, 0.660
[Epoch  60 (69.02s)]	ELBO: 1546.775, 1642.942, 1642.909, 1642.810, 1642.739 (1637.507)	Log prob: 1554.367, 1655.641, 1655.697, 1655.686, 1655.701 (1650.274)	KLD: 7.592, 12.700, 12.788, 12.876, 12.963 (12.767)	Grad: 0.159, 0.264, 0.388, 0.517, 0.650
[Epoch  61 (71.67s)]	ELBO: 1547.130, 1643.271, 1643.180, 1643.101, 1643.007 (1636.945)	Log prob: 1554.719, 1655.965, 1655.956, 1655.959, 1655.949 (1650.100)	KLD: 7.588, 12.693, 12.776, 12.860, 12.942 (13.155)	Grad: 0.158, 0.257, 0.377, 0.503, 0.631
[Epoch  62 (74.94s)]	ELBO: 1547.470, 1643.330, 1643.270, 1643.204, 1643.151 (1637.134)	Log prob: 1555.070, 1656.035, 1656.060, 1656.079, 1656.112 (1650.259)	KLD: 7.601, 12.705, 12.790, 12.875, 12.960 (13.125)	Grad: 0.164, 0.275, 0.405, 0.541, 0.680
[Epoch  63 (76.50s)]	ELBO: 1547.803, 1643.801, 1643.668, 1643.597, 1643.513 (1636.743)	Log prob: 1555.412, 1656.517, 1656.462, 1656.474, 1656.472 (1649.539)	KLD: 7.609, 12.715, 12.796, 12.877, 12.958 (12.795)	Grad: 0.159, 0.265, 0.393, 0.526, 0.661
[Epoch  64 (78.64s)]	ELBO: 1548.085, 1644.028, 1643.974, 1643.878, 1643.804 (1637.695)	Log prob: 1555.683, 1656.730, 1656.749, 1656.726, 1656.727 (1650.814)	KLD: 7.598, 12.702, 12.775, 12.848, 12.922 (13.119)	Grad: 0.158, 0.264, 0.388, 0.519, 0.653
[Epoch  65 (78.51s)]	ELBO: 1548.507, 1644.484, 1644.408, 1644.331, 1644.323 (1637.919)	Log prob: 1556.125, 1657.219, 1657.218, 1657.222, 1657.292 (1650.964)	KLD: 7.617, 12.733, 12.812, 12.890, 12.969 (13.046)	Grad: 0.157, 0.261, 0.385, 0.514, 0.646
[Epoch  66 (87.25s)]	ELBO: 1548.967, 1644.744, 1644.678, 1644.644, 1644.601 (1638.342)	Log prob: 1556.581, 1657.472, 1657.479, 1657.511, 1657.539 (1651.036)	KLD: 7.614, 12.729, 12.799, 12.869, 12.938 (12.694)	Grad: 0.158, 0.261, 0.384, 0.512, 0.643
[Epoch  67 (95.15s)]	ELBO: 1549.276, 1645.003, 1644.978, 1644.877, 1644.872 (1639.133)	Log prob: 1556.892, 1657.737, 1657.778, 1657.746, 1657.808 (1652.022)	KLD: 7.615, 12.734, 12.801, 12.868, 12.937 (12.889)	Grad: 0.158, 0.262, 0.386, 0.517, 0.649
[Epoch  68 (90.44s)]	ELBO: 1549.546, 1645.269, 1645.199, 1645.111, 1645.075 (1638.112)	Log prob: 1557.170, 1658.013, 1658.005, 1657.979, 1658.006 (1650.998)	KLD: 7.624, 12.743, 12.805, 12.868, 12.930 (12.887)	Grad: 0.161, 0.268, 0.394, 0.526, 0.661
[Epoch  69 (73.61s)]	ELBO: 1549.697, 1645.328, 1645.292, 1645.282, 1645.156 (1638.838)	Log prob: 1557.322, 1658.066, 1658.091, 1658.143, 1658.077 (1651.596)	KLD: 7.624, 12.737, 12.798, 12.859, 12.921 (12.759)	Grad: 0.163, 0.273, 0.401, 0.536, 0.674
[Epoch  70 (69.48s)]	ELBO: 1549.829, 1645.483, 1645.472, 1645.395, 1645.292 (1639.606)	Log prob: 1557.453, 1658.237, 1658.283, 1658.264, 1658.220 (1652.348)	KLD: 7.625, 12.754, 12.812, 12.871, 12.929 (12.742)	Grad: 0.162, 0.272, 0.399, 0.534, 0.670
[Epoch  71 (72.88s)]	ELBO: 1550.420, 1645.931, 1645.910, 1645.852, 1645.750 (1640.270)	Log prob: 1558.053, 1658.685, 1658.734, 1658.748, 1658.717 (1652.914)	KLD: 7.633, 12.756, 12.826, 12.896, 12.966 (12.644)	Grad: 0.158, 0.263, 0.386, 0.516, 0.648
[Epoch  72 (80.88s)]	ELBO: 1550.525, 1646.054, 1646.073, 1645.963, 1645.919 (1639.990)	Log prob: 1558.162, 1658.817, 1658.894, 1658.842, 1658.855 (1652.755)	KLD: 7.637, 12.763, 12.820, 12.878, 12.937 (12.765)	Grad: 0.157, 0.260, 0.381, 0.510, 0.640
[Epoch  73 (73.60s)]	ELBO: 1550.903, 1646.324, 1646.247, 1646.172, 1646.130 (1639.295)	Log prob: 1558.543, 1659.089, 1659.083, 1659.079, 1659.109 (1652.224)	KLD: 7.640, 12.766, 12.836, 12.908, 12.979 (12.929)	Grad: 0.159, 0.263, 0.386, 0.516, 0.648
[Epoch  74 (79.01s)]	ELBO: 1551.324, 1646.649, 1646.562, 1646.494, 1646.376 (1639.525)	Log prob: 1558.964, 1659.411, 1659.402, 1659.410, 1659.371 (1652.443)	KLD: 7.639, 12.762, 12.839, 12.916, 12.995 (12.918)	Grad: 0.157, 0.260, 0.382, 0.511, 0.641
[Epoch  75 (72.87s)]	ELBO: 1551.326, 1646.533, 1646.473, 1646.424, 1646.378 (1640.687)	Log prob: 1558.967, 1659.296, 1659.291, 1659.296, 1659.305 (1653.465)	KLD: 7.641, 12.763, 12.817, 12.872, 12.926 (12.778)	Grad: 0.161, 0.268, 0.394, 0.525, 0.659
[Epoch  76 (64.41s)]	ELBO: 1551.871, 1647.113, 1647.106, 1647.019, 1646.914 (1640.450)	Log prob: 1559.532, 1659.903, 1659.949, 1659.918, 1659.871 (1653.396)	KLD: 7.660, 12.789, 12.844, 12.901, 12.956 (12.946)	Grad: 0.157, 0.260, 0.381, 0.508, 0.638
[Epoch  77 (69.00s)]	ELBO: 1551.901, 1647.068, 1647.028, 1647.028, 1646.937 (1640.302)	Log prob: 1559.555, 1659.855, 1659.867, 1659.920, 1659.884 (1653.292)	KLD: 7.654, 12.786, 12.840, 12.893, 12.948 (12.991)	Grad: 0.162, 0.272, 0.399, 0.534, 0.671
[Epoch  78 (61.51s)]	ELBO: 1552.242, 1647.476, 1647.396, 1647.301, 1647.292 (1641.275)	Log prob: 1559.903, 1660.265, 1660.250, 1660.218, 1660.271 (1654.189)	KLD: 7.662, 12.789, 12.853, 12.917, 12.980 (12.914)	Grad: 0.161, 0.271, 0.400, 0.534, 0.671
[Epoch  79 (60.81s)]	ELBO: 1552.688, 1647.805, 1647.779, 1647.766, 1647.680 (1640.431)	Log prob: 1560.351, 1660.591, 1660.615, 1660.652, 1660.614 (1653.284)	KLD: 7.663, 12.787, 12.836, 12.886, 12.935 (12.853)	Grad: 0.155, 0.255, 0.372, 0.497, 0.623
[Epoch  80 (57.42s)]	ELBO: 1552.926, 1647.845, 1647.839, 1647.743, 1647.664 (1641.996)	Log prob: 1560.585, 1660.624, 1660.674, 1660.639, 1660.617 (1654.868)	KLD: 7.658, 12.779, 12.836, 12.895, 12.954 (12.871)	Grad: 0.155, 0.260, 0.382, 0.511, 0.642
[Epoch  81 (70.22s)]	ELBO: 1552.962, 1647.986, 1647.909, 1647.876, 1647.816 (1640.633)	Log prob: 1560.618, 1660.784, 1660.757, 1660.773, 1660.763 (1653.444)	KLD: 7.657, 12.799, 12.848, 12.897, 12.946 (12.811)	Grad: 0.161, 0.269, 0.394, 0.526, 0.660
[Epoch  82 (62.37s)]	ELBO: 1553.252, 1648.174, 1648.131, 1648.064, 1648.032 (1640.593)	Log prob: 1560.917, 1660.966, 1660.974, 1660.960, 1660.980 (1653.421)	KLD: 7.665, 12.791, 12.843, 12.896, 12.949 (12.828)	Grad: 0.156, 0.260, 0.384, 0.513, 0.645
[Epoch  83 (68.10s)]	ELBO: 1553.501, 1648.464, 1648.390, 1648.320, 1648.263 (1641.219)	Log prob: 1561.183, 1661.280, 1661.260, 1661.244, 1661.241 (1654.137)	KLD: 7.683, 12.817, 12.870, 12.925, 12.979 (12.918)	Grad: 0.154, 0.255, 0.373, 0.500, 0.628
[Epoch  84 (64.10s)]	ELBO: 1553.700, 1648.600, 1648.508, 1648.440, 1648.436 (1642.404)	Log prob: 1561.375, 1661.415, 1661.366, 1661.342, 1661.384 (1655.452)	KLD: 7.676, 12.815, 12.858, 12.903, 12.948 (13.048)	Grad: 0.160, 0.269, 0.396, 0.530, 0.665
[Epoch  85 (63.99s)]	ELBO: 1554.097, 1648.821, 1648.722, 1648.635, 1648.607 (1641.498)	Log prob: 1561.774, 1661.634, 1661.589, 1661.559, 1661.585 (1654.403)	KLD: 7.677, 12.813, 12.867, 12.923, 12.978 (12.905)	Grad: 0.160, 0.266, 0.392, 0.522, 0.657
[Epoch  86 (61.02s)]	ELBO: 1554.246, 1649.072, 1648.966, 1648.929, 1648.895 (1642.909)	Log prob: 1561.917, 1661.873, 1661.815, 1661.824, 1661.837 (1655.712)	KLD: 7.672, 12.801, 12.848, 12.895, 12.942 (12.804)	Grad: 0.154, 0.255, 0.374, 0.498, 0.626
[Epoch  87 (64.54s)]	ELBO: 1554.068, 1648.743, 1648.689, 1648.671, 1648.599 (1642.598)	Log prob: 1561.751, 1661.556, 1661.549, 1661.581, 1661.559 (1655.325)	KLD: 7.682, 12.812, 12.861, 12.910, 12.960 (12.727)	Grad: 0.155, 0.257, 0.375, 0.501, 0.629
[Epoch  88 (67.74s)]	ELBO: 1554.533, 1649.150, 1649.083, 1649.046, 1648.999 (1642.440)	Log prob: 1562.219, 1661.964, 1661.940, 1661.942, 1661.938 (1655.443)	KLD: 7.684, 12.815, 12.857, 12.897, 12.938 (13.002)	Grad: 0.160, 0.267, 0.393, 0.524, 0.658
[Epoch  89 (60.28s)]	ELBO: 1554.870, 1649.537, 1649.477, 1649.487, 1649.357 (1642.156)	Log prob: 1562.554, 1662.359, 1662.341, 1662.393, 1662.306 (1654.959)	KLD: 7.685, 12.821, 12.864, 12.906, 12.949 (12.803)	Grad: 0.157, 0.262, 0.383, 0.511, 0.643
[Epoch  90 (54.89s)]	ELBO: 1555.016, 1649.577, 1649.509, 1649.495, 1649.403 (1642.904)	Log prob: 1562.700, 1662.393, 1662.375, 1662.406, 1662.365 (1655.939)	KLD: 7.685, 12.817, 12.865, 12.913, 12.962 (13.035)	Grad: 0.157, 0.263, 0.387, 0.517, 0.649
[Epoch  91 (52.00s)]	ELBO: 1555.131, 1649.685, 1649.643, 1649.582, 1649.555 (1643.576)	Log prob: 1562.820, 1662.509, 1662.517, 1662.505, 1662.527 (1656.419)	KLD: 7.689, 12.824, 12.874, 12.923, 12.973 (12.843)	Grad: 0.156, 0.260, 0.383, 0.513, 0.644
[Epoch  92 (50.00s)]	ELBO: 1555.564, 1650.060, 1650.014, 1649.955, 1649.887 (1643.279)	Log prob: 1563.247, 1662.882, 1662.879, 1662.863, 1662.841 (1656.189)	KLD: 7.683, 12.822, 12.864, 12.908, 12.952 (12.909)	Grad: 0.159, 0.264, 0.385, 0.514, 0.644
[Epoch  93 (49.94s)]	ELBO: 1555.608, 1650.093, 1650.011, 1650.021, 1649.985 (1643.716)	Log prob: 1563.294, 1662.925, 1662.886, 1662.937, 1662.943 (1656.707)	KLD: 7.685, 12.832, 12.874, 12.916, 12.958 (12.992)	Grad: 0.158, 0.265, 0.390, 0.520, 0.653
[Epoch  94 (52.69s)]	ELBO: 1555.534, 1650.084, 1650.015, 1650.032, 1649.963 (1643.301)	Log prob: 1563.218, 1662.905, 1662.877, 1662.935, 1662.904 (1656.143)	KLD: 7.684, 12.822, 12.863, 12.902, 12.943 (12.842)	Grad: 0.158, 0.264, 0.389, 0.520, 0.654
[Epoch  95 (64.34s)]	ELBO: 1556.100, 1650.394, 1650.297, 1650.271, 1650.194 (1643.625)	Log prob: 1563.789, 1663.227, 1663.187, 1663.216, 1663.195 (1656.521)	KLD: 7.688, 12.833, 12.889, 12.945, 13.002 (12.896)	Grad: 0.151, 0.250, 0.367, 0.491, 0.617
[Epoch  96 (47.68s)]	ELBO: 1556.081, 1650.314, 1650.270, 1650.297, 1650.194 (1643.076)	Log prob: 1563.758, 1663.129, 1663.125, 1663.192, 1663.127 (1656.123)	KLD: 7.677, 12.815, 12.854, 12.894, 12.933 (13.047)	Grad: 0.159, 0.266, 0.391, 0.521, 0.654
[Epoch  97 (45.73s)]	ELBO: 1556.410, 1650.669, 1650.598, 1650.594, 1650.493 (1643.751)	Log prob: 1564.109, 1663.508, 1663.482, 1663.521, 1663.463 (1656.599)	KLD: 7.699, 12.840, 12.884, 12.928, 12.971 (12.847)	Grad: 0.154, 0.257, 0.377, 0.503, 0.632
[Epoch  98 (43.30s)]	ELBO: 1556.650, 1650.876, 1650.790, 1650.716, 1650.673 (1641.937)	Log prob: 1564.333, 1663.703, 1663.663, 1663.639, 1663.644 (1655.088)	KLD: 7.684, 12.827, 12.875, 12.922, 12.970 (13.151)	Grad: 0.158, 0.263, 0.386, 0.516, 0.647
[Epoch  99 (46.60s)]	ELBO: 1556.179, 1650.483, 1650.397, 1650.385, 1650.325 (1643.984)	Log prob: 1563.852, 1663.301, 1663.260, 1663.294, 1663.278 (1656.890)	KLD: 7.673, 12.818, 12.863, 12.909, 12.954 (12.906)	Grad: 0.157, 0.260, 0.382, 0.511, 0.641
[Epoch 100 (42.40s)]	ELBO: 1556.601, 1650.872, 1650.805, 1650.770, 1650.694 (1642.927)	Log prob: 1564.294, 1663.711, 1663.698, 1663.720, 1663.701 (1655.926)	KLD: 7.694, 12.839, 12.894, 12.950, 13.006 (12.998)	Grad: 0.158, 0.261, 0.381, 0.508, 0.636
Best epoch(s): [99]	Training time(s): 6619.27s (6619.27s)	Best ELBO: 1650.694 (1643.984)	Best log prob: 1663.701 (1656.890)
Avg. mu: -0.007, 0.145, -0.097, 0.064, 0.028, 0.007, 0.028, 0.007, 0.028, 0.008
Avg. var: 0.001, 0.001, 0.010, 0.004, 0.979, 0.977, 0.979, 0.976, 0.979, 0.977
Max. mu: 4.246, 4.316, 3.048, 3.387, 1.627, 1.836, 1.627, 1.836, 1.627, 1.838
Max. var: 0.013, 0.030, 0.044, 0.018, 2.674, 2.990, 2.684, 3.003, 2.683, 3.001
Min. mu: -3.631, -4.037, -4.211, -3.435, -1.473, -1.373, -1.473, -1.374, -1.475, -1.374
Min. var: 0.000, 0.000, 0.005, 0.001, 0.008, 0.003, 0.007, 0.002, 0.006, 0.002
Cov. mu:
[[1.920 0.696 0.306 0.032 0.043 0.057 0.044 0.057 0.044 0.057]
 [0.696 1.691 0.182 -0.000 0.030 0.036 0.030 0.037 0.030 0.037]
 [0.306 0.182 0.847 0.063 0.035 0.011 0.035 0.011 0.035 0.011]
 [0.032 -0.000 0.063 0.991 0.010 0.019 0.010 0.019 0.010 0.019]
 [0.043 0.030 0.035 0.010 0.016 0.003 0.016 0.004 0.016 0.003]
 [0.057 0.036 0.011 0.019 0.003 0.024 0.004 0.024 0.004 0.024]
 [0.044 0.030 0.035 0.010 0.016 0.004 0.016 0.004 0.016 0.004]
 [0.057 0.037 0.011 0.019 0.004 0.024 0.004 0.024 0.004 0.024]
 [0.044 0.030 0.035 0.010 0.016 0.004 0.016 0.004 0.016 0.004]
 [0.057 0.037 0.011 0.019 0.003 0.024 0.004 0.024 0.004 0.024]]
Avg. mu: -0.007, 0.145, -0.097, 0.064, 0.028, 0.007, 0.028, 0.007, 0.028, 0.008
Avg. var: 0.001, 0.001, 0.010, 0.004, 0.979, 0.977, 0.979, 0.976, 0.979, 0.977
Max. mu: 4.246, 4.316, 3.048, 3.387, 1.627, 1.836, 1.627, 1.836, 1.627, 1.838
Max. var: 0.013, 0.030, 0.044, 0.018, 2.674, 2.990, 2.684, 3.003, 2.683, 3.001
Min. mu: -3.631, -4.037, -4.211, -3.435, -1.473, -1.373, -1.473, -1.374, -1.475, -1.374
Min. var: 0.000, 0.000, 0.005, 0.001, 0.008, 0.003, 0.007, 0.002, 0.006, 0.002
Cov. mu:
[[1.920 0.696 0.306 0.032 0.043 0.057 0.044 0.057 0.044 0.057]
 [0.696 1.691 0.182 -0.000 0.030 0.036 0.030 0.037 0.030 0.037]
 [0.306 0.182 0.847 0.063 0.035 0.011 0.035 0.011 0.035 0.011]
 [0.032 -0.000 0.063 0.991 0.010 0.019 0.010 0.019 0.010 0.019]
 [0.043 0.030 0.035 0.010 0.016 0.003 0.016 0.004 0.016 0.003]
 [0.057 0.036 0.011 0.019 0.003 0.024 0.004 0.024 0.004 0.024]
 [0.044 0.030 0.035 0.010 0.016 0.004 0.016 0.004 0.016 0.004]
 [0.057 0.037 0.011 0.019 0.004 0.024 0.004 0.024 0.004 0.024]
 [0.044 0.030 0.035 0.010 0.016 0.004 0.016 0.004 0.016 0.004]
 [0.057 0.037 0.011 0.019 0.003 0.024 0.004 0.024 0.004 0.024]]
