Encoder
=================================================================
Layer (type:depth-idx)                   Param #
=================================================================
Encoder                                  --
├─Linear: 1-1                            76,930
├─Linear: 1-2                            4,851
=================================================================
Total params: 81,781
Trainable params: 81,781
Non-trainable params: 0
=================================================================
Encoder to Latents 0
=================================================================
Layer (type:depth-idx)                   Param #
=================================================================
EncoderToLatents                         --
├─Linear: 1-1                            150
├─Linear: 1-2                            150
=================================================================
Total params: 300
Trainable params: 300
Non-trainable params: 0
=================================================================
Encoder to Latents 1
=================================================================
Layer (type:depth-idx)                   Param #
=================================================================
EncoderToLatents                         --
├─Linear: 1-1                            150
├─Linear: 1-2                            150
=================================================================
Total params: 300
Trainable params: 300
Non-trainable params: 0
=================================================================
Latents to Decoder 0
=================================================================
Layer (type:depth-idx)                   Param #
=================================================================
LatentsToDecoder                         --
├─Linear: 1-1                            196
=================================================================
Total params: 196
Trainable params: 196
Non-trainable params: 0
=================================================================
Latents to Decoder 1
=================================================================
Layer (type:depth-idx)                   Param #
=================================================================
LatentsToDecoder                         --
├─Linear: 1-1                            196
=================================================================
Total params: 196
Trainable params: 196
Non-trainable params: 0
=================================================================
Decoder
=================================================================
Layer (type:depth-idx)                   Param #
=================================================================
Decoder                                  --
├─Linear: 1-1                            4,900
├─Linear: 1-2                            77,616
=================================================================
Total params: 82,516
Trainable params: 82,516
Non-trainable params: 0
=================================================================
[Epoch   1 (29.59s)]	ELBO: 1248.399, 1285.172 (1415.773)	Log prob: 1258.253, 1299.778 (1425.464)	KLD: 9.855, 14.607 (9.691)	Grad: 0.103, 0.168
[Epoch   2 (30.84s)]	ELBO: 1447.712, 1447.711 (1488.553)	Log prob: 1457.122, 1458.900 (1500.801)	KLD: 9.410, 11.189 (12.248)	Grad: 0.064, 0.108
[Epoch   3 (31.86s)]	ELBO: 1506.600, 1508.243 (1534.260)	Log prob: 1517.412, 1520.755 (1547.452)	KLD: 10.812, 12.512 (13.192)	Grad: 0.070, 0.129
[Epoch   4 (29.91s)]	ELBO: 1537.603, 1551.694 (1572.908)	Log prob: 1548.815, 1565.588 (1587.186)	KLD: 11.211, 13.894 (14.278)	Grad: 0.075, 0.133
[Epoch   5 (28.98s)]	ELBO: 1555.513, 1590.329 (1612.949)	Log prob: 1566.619, 1605.767 (1629.244)	KLD: 11.105, 15.437 (16.295)	Grad: 0.084, 0.145
[Epoch   6 (29.26s)]	ELBO: 1566.177, 1619.319 (1631.186)	Log prob: 1577.156, 1635.869 (1647.512)	KLD: 10.979, 16.551 (16.326)	Grad: 0.091, 0.154
[Epoch   7 (30.05s)]	ELBO: 1574.955, 1633.192 (1643.018)	Log prob: 1585.859, 1649.841 (1659.755)	KLD: 10.903, 16.649 (16.737)	Grad: 0.087, 0.145
[Epoch   8 (27.59s)]	ELBO: 1582.158, 1644.853 (1653.759)	Log prob: 1593.044, 1661.684 (1670.573)	KLD: 10.885, 16.831 (16.815)	Grad: 0.092, 0.156
[Epoch   9 (28.60s)]	ELBO: 1587.957, 1653.226 (1660.705)	Log prob: 1598.818, 1670.148 (1677.438)	KLD: 10.860, 16.923 (16.733)	Grad: 0.091, 0.152
[Epoch  10 (28.19s)]	ELBO: 1592.266, 1659.357 (1664.686)	Log prob: 1603.088, 1676.330 (1681.715)	KLD: 10.822, 16.974 (17.029)	Grad: 0.093, 0.156
[Epoch  11 (29.14s)]	ELBO: 1596.062, 1664.355 (1670.610)	Log prob: 1606.858, 1681.368 (1687.812)	KLD: 10.796, 17.013 (17.202)	Grad: 0.092, 0.153
[Epoch  12 (29.42s)]	ELBO: 1598.885, 1668.403 (1673.217)	Log prob: 1609.677, 1685.435 (1690.394)	KLD: 10.792, 17.033 (17.177)	Grad: 0.094, 0.157
[Epoch  13 (30.20s)]	ELBO: 1601.456, 1671.849 (1676.475)	Log prob: 1612.191, 1688.865 (1693.513)	KLD: 10.736, 17.015 (17.038)	Grad: 0.093, 0.156
[Epoch  14 (29.74s)]	ELBO: 1603.708, 1674.777 (1679.726)	Log prob: 1614.445, 1691.812 (1696.765)	KLD: 10.738, 17.035 (17.040)	Grad: 0.095, 0.160
[Epoch  15 (31.50s)]	ELBO: 1605.642, 1677.264 (1680.947)	Log prob: 1616.383, 1694.317 (1697.891)	KLD: 10.743, 17.053 (16.944)	Grad: 0.095, 0.160
[Epoch  16 (30.94s)]	ELBO: 1607.536, 1679.682 (1683.664)	Log prob: 1618.279, 1696.765 (1700.762)	KLD: 10.744, 17.084 (17.097)	Grad: 0.096, 0.160
[Epoch  17 (30.44s)]	ELBO: 1609.148, 1681.746 (1685.188)	Log prob: 1619.899, 1698.832 (1702.293)	KLD: 10.750, 17.086 (17.105)	Grad: 0.095, 0.160
[Epoch  18 (32.54s)]	ELBO: 1610.657, 1683.687 (1686.957)	Log prob: 1621.412, 1700.812 (1704.106)	KLD: 10.753, 17.125 (17.148)	Grad: 0.096, 0.160
[Epoch  19 (31.40s)]	ELBO: 1612.123, 1685.388 (1688.280)	Log prob: 1622.881, 1702.505 (1705.999)	KLD: 10.757, 17.116 (17.719)	Grad: 0.097, 0.163
[Epoch  20 (31.06s)]	ELBO: 1613.483, 1687.030 (1689.698)	Log prob: 1624.232, 1704.159 (1706.884)	KLD: 10.749, 17.130 (17.186)	Grad: 0.096, 0.161
[Epoch  21 (30.96s)]	ELBO: 1614.780, 1688.605 (1691.963)	Log prob: 1625.562, 1705.769 (1709.402)	KLD: 10.783, 17.164 (17.438)	Grad: 0.097, 0.161
[Epoch  22 (31.47s)]	ELBO: 1615.973, 1689.897 (1691.043)	Log prob: 1626.770, 1707.090 (1708.212)	KLD: 10.797, 17.192 (17.169)	Grad: 0.098, 0.163
[Epoch  23 (31.68s)]	ELBO: 1617.145, 1691.152 (1693.987)	Log prob: 1627.952, 1708.367 (1711.136)	KLD: 10.807, 17.216 (17.150)	Grad: 0.097, 0.164
[Epoch  24 (30.78s)]	ELBO: 1618.031, 1692.260 (1694.307)	Log prob: 1628.837, 1709.467 (1711.855)	KLD: 10.806, 17.205 (17.548)	Grad: 0.099, 0.166
[Epoch  25 (30.42s)]	ELBO: 1619.206, 1693.418 (1694.931)	Log prob: 1630.016, 1710.646 (1712.325)	KLD: 10.810, 17.230 (17.394)	Grad: 0.098, 0.165
[Epoch  26 (32.29s)]	ELBO: 1620.163, 1694.534 (1695.909)	Log prob: 1630.974, 1711.760 (1713.235)	KLD: 10.810, 17.225 (17.326)	Grad: 0.100, 0.166
[Epoch  27 (30.27s)]	ELBO: 1621.124, 1695.465 (1697.382)	Log prob: 1631.955, 1712.734 (1714.531)	KLD: 10.829, 17.271 (17.149)	Grad: 0.099, 0.166
[Epoch  28 (30.79s)]	ELBO: 1622.055, 1696.444 (1697.796)	Log prob: 1632.906, 1713.729 (1714.930)	KLD: 10.850, 17.284 (17.134)	Grad: 0.101, 0.169
[Epoch  29 (31.35s)]	ELBO: 1622.883, 1697.328 (1698.472)	Log prob: 1633.735, 1714.645 (1715.746)	KLD: 10.853, 17.317 (17.274)	Grad: 0.100, 0.168
[Epoch  30 (31.81s)]	ELBO: 1623.554, 1698.014 (1699.163)	Log prob: 1634.422, 1715.353 (1716.616)	KLD: 10.869, 17.341 (17.453)	Grad: 0.100, 0.167
[Epoch  31 (32.32s)]	ELBO: 1624.310, 1698.733 (1699.914)	Log prob: 1635.171, 1716.040 (1717.249)	KLD: 10.861, 17.308 (17.335)	Grad: 0.104, 0.173
[Epoch  32 (33.19s)]	ELBO: 1625.146, 1699.655 (1700.171)	Log prob: 1636.026, 1717.008 (1717.645)	KLD: 10.881, 17.353 (17.473)	Grad: 0.099, 0.167
[Epoch  33 (33.41s)]	ELBO: 1625.902, 1700.392 (1701.773)	Log prob: 1636.785, 1717.751 (1718.936)	KLD: 10.884, 17.359 (17.163)	Grad: 0.100, 0.167
[Epoch  34 (35.05s)]	ELBO: 1626.288, 1700.886 (1702.060)	Log prob: 1637.169, 1718.234 (1719.176)	KLD: 10.882, 17.349 (17.116)	Grad: 0.103, 0.171
[Epoch  35 (35.40s)]	ELBO: 1627.164, 1701.710 (1702.260)	Log prob: 1638.062, 1719.082 (1719.706)	KLD: 10.898, 17.372 (17.446)	Grad: 0.100, 0.168
[Epoch  36 (32.07s)]	ELBO: 1627.677, 1702.290 (1702.998)	Log prob: 1638.572, 1719.660 (1720.463)	KLD: 10.896, 17.371 (17.464)	Grad: 0.102, 0.170
[Epoch  37 (32.89s)]	ELBO: 1628.433, 1702.943 (1703.618)	Log prob: 1639.322, 1720.317 (1720.956)	KLD: 10.888, 17.373 (17.339)	Grad: 0.101, 0.169
[Epoch  38 (33.56s)]	ELBO: 1629.031, 1703.471 (1703.746)	Log prob: 1639.941, 1720.878 (1721.379)	KLD: 10.909, 17.406 (17.632)	Grad: 0.102, 0.171
[Epoch  39 (32.32s)]	ELBO: 1629.532, 1703.996 (1703.915)	Log prob: 1640.448, 1721.411 (1721.283)	KLD: 10.915, 17.415 (17.368)	Grad: 0.100, 0.167
[Epoch  40 (32.37s)]	ELBO: 1630.028, 1704.472 (1704.414)	Log prob: 1640.967, 1721.911 (1721.824)	KLD: 10.939, 17.438 (17.410)	Grad: 0.102, 0.169
[Epoch  41 (32.52s)]	ELBO: 1630.592, 1704.933 (1704.700)	Log prob: 1641.500, 1722.342 (1722.213)	KLD: 10.908, 17.409 (17.513)	Grad: 0.102, 0.170
[Epoch  42 (31.66s)]	ELBO: 1631.135, 1705.523 (1704.767)	Log prob: 1642.060, 1722.956 (1722.017)	KLD: 10.925, 17.433 (17.250)	Grad: 0.101, 0.170
[Epoch  43 (33.54s)]	ELBO: 1631.628, 1705.867 (1705.707)	Log prob: 1642.550, 1723.306 (1723.106)	KLD: 10.922, 17.438 (17.399)	Grad: 0.103, 0.171
[Epoch  44 (31.46s)]	ELBO: 1632.006, 1706.243 (1705.762)	Log prob: 1642.929, 1723.659 (1722.900)	KLD: 10.924, 17.416 (17.138)	Grad: 0.103, 0.172
[Epoch  45 (32.44s)]	ELBO: 1632.574, 1706.725 (1705.807)	Log prob: 1643.516, 1724.211 (1723.120)	KLD: 10.943, 17.484 (17.313)	Grad: 0.101, 0.169
[Epoch  46 (33.00s)]	ELBO: 1632.931, 1707.070 (1706.855)	Log prob: 1643.872, 1724.515 (1724.360)	KLD: 10.941, 17.446 (17.504)	Grad: 0.102, 0.171
[Epoch  47 (32.13s)]	ELBO: 1633.233, 1707.302 (1706.768)	Log prob: 1644.192, 1724.773 (1724.280)	KLD: 10.959, 17.472 (17.512)	Grad: 0.104, 0.173
[Epoch  48 (31.43s)]	ELBO: 1633.806, 1707.966 (1707.012)	Log prob: 1644.757, 1725.419 (1724.458)	KLD: 10.950, 17.453 (17.446)	Grad: 0.102, 0.170
[Epoch  49 (32.42s)]	ELBO: 1634.296, 1708.276 (1707.553)	Log prob: 1645.246, 1725.745 (1725.130)	KLD: 10.951, 17.469 (17.578)	Grad: 0.102, 0.170
[Epoch  50 (32.11s)]	ELBO: 1634.561, 1708.518 (1706.740)	Log prob: 1645.523, 1726.005 (1724.188)	KLD: 10.961, 17.487 (17.448)	Grad: 0.102, 0.170
[Epoch  51 (29.94s)]	ELBO: 1635.008, 1708.825 (1707.465)	Log prob: 1645.969, 1726.313 (1724.896)	KLD: 10.962, 17.488 (17.431)	Grad: 0.103, 0.172
[Epoch  52 (31.78s)]	ELBO: 1635.403, 1709.289 (1707.609)	Log prob: 1646.363, 1726.774 (1725.063)	KLD: 10.960, 17.484 (17.454)	Grad: 0.103, 0.172
[Epoch  53 (30.12s)]	ELBO: 1635.711, 1709.427 (1708.698)	Log prob: 1646.675, 1726.914 (1726.259)	KLD: 10.965, 17.488 (17.562)	Grad: 0.103, 0.172
[Epoch  54 (30.25s)]	ELBO: 1636.212, 1709.968 (1708.460)	Log prob: 1647.181, 1727.464 (1726.148)	KLD: 10.968, 17.496 (17.688)	Grad: 0.102, 0.170
[Epoch  55 (29.47s)]	ELBO: 1636.416, 1710.057 (1707.982)	Log prob: 1647.385, 1727.547 (1725.174)	KLD: 10.969, 17.490 (17.192)	Grad: 0.104, 0.175
[Epoch  56 (30.19s)]	ELBO: 1636.792, 1710.405 (1709.045)	Log prob: 1647.780, 1727.935 (1726.685)	KLD: 10.987, 17.531 (17.641)	Grad: 0.103, 0.171
[Epoch  57 (30.01s)]	ELBO: 1637.101, 1710.697 (1709.268)	Log prob: 1648.073, 1728.212 (1726.791)	KLD: 10.971, 17.516 (17.523)	Grad: 0.103, 0.172
[Epoch  58 (30.24s)]	ELBO: 1637.371, 1710.896 (1709.329)	Log prob: 1648.358, 1728.428 (1726.784)	KLD: 10.985, 17.532 (17.455)	Grad: 0.104, 0.172
[Epoch  59 (30.16s)]	ELBO: 1637.943, 1711.271 (1709.374)	Log prob: 1648.928, 1728.780 (1726.712)	KLD: 10.987, 17.510 (17.338)	Grad: 0.103, 0.171
[Epoch  60 (29.41s)]	ELBO: 1638.214, 1711.552 (1709.566)	Log prob: 1649.205, 1729.107 (1727.415)	KLD: 10.992, 17.555 (17.849)	Grad: 0.102, 0.170
[Epoch  61 (31.34s)]	ELBO: 1638.446, 1711.741 (1709.661)	Log prob: 1649.423, 1729.247 (1727.485)	KLD: 10.977, 17.505 (17.824)	Grad: 0.103, 0.172
[Epoch  62 (31.32s)]	ELBO: 1638.739, 1711.991 (1709.158)	Log prob: 1649.733, 1729.518 (1726.862)	KLD: 10.995, 17.528 (17.704)	Grad: 0.101, 0.170
[Epoch  63 (32.01s)]	ELBO: 1638.970, 1712.181 (1710.841)	Log prob: 1649.972, 1729.731 (1728.401)	KLD: 11.002, 17.548 (17.560)	Grad: 0.102, 0.170
[Epoch  64 (31.42s)]	ELBO: 1639.213, 1712.428 (1709.761)	Log prob: 1650.199, 1729.961 (1727.046)	KLD: 10.986, 17.534 (17.285)	Grad: 0.104, 0.172
[Epoch  65 (31.53s)]	ELBO: 1639.621, 1712.695 (1710.506)	Log prob: 1650.625, 1730.258 (1727.954)	KLD: 11.004, 17.563 (17.447)	Grad: 0.103, 0.171
[Epoch  66 (30.52s)]	ELBO: 1639.979, 1713.004 (1710.993)	Log prob: 1650.984, 1730.553 (1728.510)	KLD: 11.005, 17.550 (17.518)	Grad: 0.103, 0.170
[Epoch  67 (30.74s)]	ELBO: 1640.110, 1713.109 (1708.980)	Log prob: 1651.127, 1730.662 (1726.423)	KLD: 11.018, 17.554 (17.443)	Grad: 0.103, 0.172
[Epoch  68 (29.05s)]	ELBO: 1640.474, 1713.477 (1711.142)	Log prob: 1651.479, 1731.032 (1728.713)	KLD: 11.005, 17.555 (17.571)	Grad: 0.102, 0.170
[Epoch  69 (29.56s)]	ELBO: 1640.773, 1713.608 (1711.112)	Log prob: 1651.768, 1731.130 (1728.636)	KLD: 10.995, 17.523 (17.525)	Grad: 0.102, 0.169
[Epoch  70 (29.15s)]	ELBO: 1640.849, 1713.817 (1710.934)	Log prob: 1651.859, 1731.366 (1728.445)	KLD: 11.010, 17.548 (17.511)	Grad: 0.102, 0.170
[Epoch  71 (29.83s)]	ELBO: 1641.188, 1713.962 (1710.902)	Log prob: 1652.219, 1731.546 (1728.726)	KLD: 11.032, 17.583 (17.824)	Grad: 0.102, 0.169
[Epoch  72 (27.67s)]	ELBO: 1641.409, 1714.040 (1710.661)	Log prob: 1652.433, 1731.624 (1728.328)	KLD: 11.024, 17.584 (17.667)	Grad: 0.102, 0.170
[Epoch  73 (28.41s)]	ELBO: 1641.615, 1714.332 (1711.369)	Log prob: 1652.636, 1731.876 (1728.890)	KLD: 11.021, 17.544 (17.521)	Grad: 0.103, 0.171
[Epoch  74 (29.26s)]	ELBO: 1641.780, 1714.436 (1711.170)	Log prob: 1652.818, 1732.026 (1728.602)	KLD: 11.037, 17.588 (17.431)	Grad: 0.103, 0.171
[Epoch  75 (29.12s)]	ELBO: 1642.214, 1714.822 (1711.512)	Log prob: 1653.244, 1732.404 (1728.930)	KLD: 11.028, 17.582 (17.418)	Grad: 0.103, 0.170
[Epoch  76 (32.14s)]	ELBO: 1642.302, 1714.906 (1711.509)	Log prob: 1653.338, 1732.492 (1729.222)	KLD: 11.037, 17.586 (17.713)	Grad: 0.103, 0.170
[Epoch  77 (32.89s)]	ELBO: 1642.533, 1715.132 (1712.625)	Log prob: 1653.581, 1732.709 (1730.150)	KLD: 11.048, 17.578 (17.525)	Grad: 0.102, 0.170
[Epoch  78 (31.90s)]	ELBO: 1642.760, 1715.271 (1712.269)	Log prob: 1653.804, 1732.860 (1729.750)	KLD: 11.044, 17.590 (17.481)	Grad: 0.104, 0.172
[Epoch  79 (32.56s)]	ELBO: 1642.959, 1715.418 (1712.559)	Log prob: 1653.998, 1732.990 (1730.073)	KLD: 11.038, 17.573 (17.514)	Grad: 0.102, 0.168
[Epoch  80 (32.28s)]	ELBO: 1643.169, 1715.495 (1711.802)	Log prob: 1654.205, 1733.092 (1729.489)	KLD: 11.036, 17.595 (17.687)	Grad: 0.103, 0.171
[Epoch  81 (29.74s)]	ELBO: 1643.428, 1715.739 (1712.061)	Log prob: 1654.481, 1733.341 (1729.643)	KLD: 11.054, 17.602 (17.583)	Grad: 0.102, 0.170
[Epoch  82 (28.75s)]	ELBO: 1643.670, 1715.928 (1712.505)	Log prob: 1654.724, 1733.531 (1730.307)	KLD: 11.056, 17.602 (17.802)	Grad: 0.102, 0.169
[Epoch  83 (28.75s)]	ELBO: 1643.945, 1716.093 (1712.327)	Log prob: 1654.988, 1733.692 (1730.050)	KLD: 11.045, 17.599 (17.723)	Grad: 0.102, 0.169
[Epoch  84 (29.00s)]	ELBO: 1643.967, 1716.137 (1711.879)	Log prob: 1655.026, 1733.749 (1729.548)	KLD: 11.058, 17.612 (17.668)	Grad: 0.104, 0.172
[Epoch  85 (28.85s)]	ELBO: 1644.280, 1716.365 (1712.734)	Log prob: 1655.334, 1733.982 (1730.585)	KLD: 11.056, 17.616 (17.851)	Grad: 0.101, 0.168
[Epoch  86 (29.53s)]	ELBO: 1644.363, 1716.521 (1712.260)	Log prob: 1655.439, 1734.154 (1730.128)	KLD: 11.076, 17.633 (17.868)	Grad: 0.103, 0.169
[Epoch  87 (29.91s)]	ELBO: 1644.677, 1716.731 (1712.605)	Log prob: 1655.743, 1734.352 (1730.222)	KLD: 11.067, 17.620 (17.617)	Grad: 0.102, 0.168
[Epoch  88 (29.37s)]	ELBO: 1644.848, 1716.735 (1712.868)	Log prob: 1655.890, 1734.344 (1730.418)	KLD: 11.042, 17.610 (17.550)	Grad: 0.102, 0.170
[Epoch  89 (29.18s)]	ELBO: 1644.935, 1716.841 (1712.569)	Log prob: 1656.012, 1734.481 (1730.064)	KLD: 11.078, 17.640 (17.495)	Grad: 0.102, 0.169
[Epoch  90 (29.34s)]	ELBO: 1644.925, 1717.007 (1712.677)	Log prob: 1655.990, 1734.632 (1730.285)	KLD: 11.063, 17.624 (17.608)	Grad: 0.103, 0.170
[Epoch  91 (30.56s)]	ELBO: 1645.286, 1717.171 (1713.124)	Log prob: 1656.344, 1734.793 (1730.942)	KLD: 11.056, 17.621 (17.818)	Grad: 0.103, 0.171
[Epoch  92 (30.24s)]	ELBO: 1645.542, 1717.341 (1713.388)	Log prob: 1656.612, 1734.971 (1731.224)	KLD: 11.068, 17.630 (17.836)	Grad: 0.102, 0.169
[Epoch  93 (29.96s)]	ELBO: 1645.573, 1717.471 (1713.416)	Log prob: 1656.655, 1735.095 (1731.087)	KLD: 11.083, 17.624 (17.671)	Grad: 0.101, 0.168
[Epoch  94 (31.23s)]	ELBO: 1645.841, 1717.501 (1713.230)	Log prob: 1656.922, 1735.163 (1730.772)	KLD: 11.082, 17.661 (17.542)	Grad: 0.102, 0.170
[Epoch  95 (29.96s)]	ELBO: 1645.928, 1717.662 (1713.321)	Log prob: 1657.000, 1735.278 (1731.218)	KLD: 11.070, 17.616 (17.897)	Grad: 0.102, 0.169
[Epoch  96 (29.37s)]	ELBO: 1646.025, 1717.781 (1712.708)	Log prob: 1657.115, 1735.417 (1730.176)	KLD: 11.090, 17.637 (17.468)	Grad: 0.103, 0.170
[Epoch  97 (29.99s)]	ELBO: 1646.123, 1717.796 (1712.965)	Log prob: 1657.211, 1735.454 (1730.721)	KLD: 11.089, 17.658 (17.756)	Grad: 0.104, 0.171
[Epoch  98 (29.07s)]	ELBO: 1646.463, 1718.107 (1713.424)	Log prob: 1657.560, 1735.766 (1731.147)	KLD: 11.097, 17.660 (17.723)	Grad: 0.101, 0.167
[Epoch  99 (29.12s)]	ELBO: 1646.690, 1718.301 (1713.311)	Log prob: 1657.783, 1735.960 (1730.849)	KLD: 11.091, 17.659 (17.538)	Grad: 0.102, 0.167
[Epoch 100 (29.63s)]	ELBO: 1646.717, 1718.304 (1713.399)	Log prob: 1657.810, 1735.962 (1731.161)	KLD: 11.093, 17.659 (17.761)	Grad: 0.103, 0.169
[Epoch 101 (27.88s)]	ELBO: 1646.904, 1718.448 (1713.033)	Log prob: 1657.984, 1736.091 (1730.959)	KLD: 11.080, 17.645 (17.925)	Grad: 0.103, 0.168
[Epoch 102 (28.67s)]	ELBO: 1647.169, 1718.563 (1713.226)	Log prob: 1658.270, 1736.224 (1730.977)	KLD: 11.101, 17.661 (17.752)	Grad: 0.101, 0.167
[Epoch 103 (28.98s)]	ELBO: 1647.113, 1718.647 (1713.190)	Log prob: 1658.224, 1736.319 (1730.962)	KLD: 11.111, 17.672 (17.773)	Grad: 0.103, 0.170
[Epoch 104 (28.71s)]	ELBO: 1647.267, 1718.723 (1712.943)	Log prob: 1658.360, 1736.376 (1730.817)	KLD: 11.093, 17.652 (17.874)	Grad: 0.103, 0.170
[Epoch 105 (28.53s)]	ELBO: 1647.504, 1718.932 (1713.492)	Log prob: 1658.606, 1736.593 (1731.252)	KLD: 11.103, 17.662 (17.761)	Grad: 0.101, 0.167
[Epoch 106 (28.54s)]	ELBO: 1647.518, 1718.970 (1713.684)	Log prob: 1658.609, 1736.628 (1731.344)	KLD: 11.091, 17.659 (17.661)	Grad: 0.104, 0.170
[Epoch 107 (30.00s)]	ELBO: 1647.781, 1719.194 (1713.816)	Log prob: 1658.895, 1736.871 (1731.473)	KLD: 11.114, 17.677 (17.657)	Grad: 0.102, 0.167
[Epoch 108 (30.18s)]	ELBO: 1647.946, 1719.321 (1713.510)	Log prob: 1659.053, 1736.979 (1731.267)	KLD: 11.106, 17.658 (17.757)	Grad: 0.102, 0.167
[Epoch 109 (28.73s)]	ELBO: 1647.958, 1719.271 (1713.537)	Log prob: 1659.057, 1736.934 (1730.935)	KLD: 11.101, 17.665 (17.398)	Grad: 0.103, 0.169
[Epoch 110 (27.22s)]	ELBO: 1647.983, 1719.463 (1713.683)	Log prob: 1659.094, 1737.128 (1731.532)	KLD: 11.111, 17.666 (17.849)	Grad: 0.102, 0.168
[Epoch 111 (25.33s)]	ELBO: 1648.205, 1719.451 (1714.546)	Log prob: 1659.316, 1737.135 (1731.907)	KLD: 11.110, 17.683 (17.362)	Grad: 0.103, 0.170
[Epoch 112 (25.27s)]	ELBO: 1648.418, 1719.749 (1713.923)	Log prob: 1659.517, 1737.435 (1731.458)	KLD: 11.100, 17.686 (17.534)	Grad: 0.102, 0.167
[Epoch 113 (25.49s)]	ELBO: 1648.434, 1719.657 (1714.148)	Log prob: 1659.550, 1737.332 (1731.754)	KLD: 11.117, 17.677 (17.606)	Grad: 0.102, 0.168
[Epoch 114 (24.25s)]	ELBO: 1648.584, 1719.965 (1713.569)	Log prob: 1659.716, 1737.660 (1731.300)	KLD: 11.132, 17.695 (17.730)	Grad: 0.101, 0.165
[Epoch 115 (26.27s)]	ELBO: 1648.696, 1719.984 (1714.319)	Log prob: 1659.810, 1737.681 (1732.128)	KLD: 11.116, 17.697 (17.809)	Grad: 0.103, 0.168
[Epoch 116 (25.51s)]	ELBO: 1648.831, 1720.059 (1714.868)	Log prob: 1659.942, 1737.741 (1732.614)	KLD: 11.111, 17.682 (17.745)	Grad: 0.101, 0.167
[Epoch 117 (24.72s)]	ELBO: 1648.945, 1720.188 (1713.809)	Log prob: 1660.059, 1737.876 (1731.337)	KLD: 11.115, 17.690 (17.528)	Grad: 0.103, 0.168
[Epoch 118 (23.72s)]	ELBO: 1649.053, 1720.347 (1714.026)	Log prob: 1660.175, 1738.046 (1731.651)	KLD: 11.122, 17.697 (17.625)	Grad: 0.102, 0.166
[Epoch 119 (24.75s)]	ELBO: 1649.170, 1720.328 (1714.558)	Log prob: 1660.276, 1738.011 (1732.244)	KLD: 11.107, 17.684 (17.687)	Grad: 0.102, 0.166
[Epoch 120 (24.63s)]	ELBO: 1649.226, 1720.347 (1713.620)	Log prob: 1660.365, 1738.060 (1731.440)	KLD: 11.137, 17.712 (17.820)	Grad: 0.102, 0.167
[Epoch 121 (25.16s)]	ELBO: 1649.176, 1720.382 (1713.878)	Log prob: 1660.306, 1738.071 (1731.590)	KLD: 11.131, 17.689 (17.712)	Grad: 0.103, 0.168
[Epoch 122 (26.20s)]	ELBO: 1649.508, 1720.622 (1714.624)	Log prob: 1660.635, 1738.312 (1732.409)	KLD: 11.127, 17.692 (17.785)	Grad: 0.101, 0.166
[Epoch 123 (25.62s)]	ELBO: 1649.626, 1720.642 (1713.939)	Log prob: 1660.744, 1738.348 (1731.534)	KLD: 11.117, 17.706 (17.595)	Grad: 0.103, 0.169
[Epoch 124 (24.39s)]	ELBO: 1649.730, 1720.823 (1714.037)	Log prob: 1660.853, 1738.508 (1732.048)	KLD: 11.123, 17.686 (18.012)	Grad: 0.102, 0.168
[Epoch 125 (23.84s)]	ELBO: 1649.815, 1720.871 (1713.706)	Log prob: 1660.937, 1738.555 (1731.487)	KLD: 11.124, 17.683 (17.780)	Grad: 0.102, 0.167
No improvement after 10 epochs...
Best epoch(s): [116]	Training time(s): 3736.83s (3736.83s)	Best ELBO: 1720.871 (1714.868)	Best log prob: 1738.555 (1732.614)
Avg. mu: 0.003, -0.197, 0.008, 0.050, -0.024, 0.068
Avg. var: 0.001, 0.001, 0.001, 0.013, 0.017, 0.014
Max. mu: 5.128, 3.466, 3.781, 2.905, 3.730, 4.350
Max. var: 0.029, 0.012, 0.017, 0.073, 0.130, 0.093
Min. mu: -4.146, -4.619, -3.937, -4.448, -4.694, -4.139
Min. var: 0.000, 0.000, 0.000, 0.003, 0.003, 0.003
Cov. mu:
[[1.223 0.042 0.004 -0.002 0.012 -0.042]
 [0.042 1.632 -0.411 -0.092 -0.111 0.157]
 [0.004 -0.411 1.420 0.037 -0.029 -0.063]
 [-0.002 -0.092 0.037 1.040 0.075 -0.055]
 [0.012 -0.111 -0.029 0.075 1.004 0.011]
 [-0.042 0.157 -0.063 -0.055 0.011 0.999]]
