Seed: 2019
=================================================================
Layer (type:depth-idx)                   Param #
=================================================================
RNN                                      --
├─Canvas: 1-1                            --
│    └─Linear: 2-1                       784
├─Encoder: 1-2                           --
│    └─Linear: 2-2                       76,930
│    └─Linear: 2-3                       9,702
├─ModuleList: 1-3                        --
│    └─EncoderToLatents: 2-4             --
│    │    └─Linear: 3-1                  99
│    │    └─Linear: 3-2                  99
│    └─EncoderToLatents: 2-5             --
│    │    └─Linear: 3-3                  99
│    │    └─Linear: 3-4                  99
│    └─EncoderToLatents: 2-6             --
│    │    └─Linear: 3-5                  99
│    │    └─Linear: 3-6                  99
│    └─EncoderToLatents: 2-7             --
│    │    └─Linear: 3-7                  99
│    │    └─Linear: 3-8                  99
│    └─EncoderToLatents: 2-8             --
│    │    └─Linear: 3-9                  99
│    │    └─Linear: 3-10                 99
│    └─EncoderToLatents: 2-9             --
│    │    └─Linear: 3-11                 99
│    │    └─Linear: 3-12                 99
│    └─EncoderToLatents: 2-10            --
│    │    └─Linear: 3-13                 99
│    │    └─Linear: 3-14                 99
│    └─EncoderToLatents: 2-11            --
│    │    └─Linear: 3-15                 99
│    │    └─Linear: 3-16                 99
│    └─EncoderToLatents: 2-12            --
│    │    └─Linear: 3-17                 99
│    │    └─Linear: 3-18                 99
│    └─EncoderToLatents: 2-13            --
│    │    └─Linear: 3-19                 99
│    │    └─Linear: 3-20                 99
├─ModuleList: 1-4                        --
│    └─LatentsToDecoder: 2-14            --
│    │    └─Linear: 3-21                 196
│    └─LatentsToDecoder: 2-15            --
│    │    └─Linear: 3-22                 196
│    └─LatentsToDecoder: 2-16            --
│    │    └─Linear: 3-23                 196
│    └─LatentsToDecoder: 2-17            --
│    │    └─Linear: 3-24                 196
│    └─LatentsToDecoder: 2-18            --
│    │    └─Linear: 3-25                 196
│    └─LatentsToDecoder: 2-19            --
│    │    └─Linear: 3-26                 196
│    └─LatentsToDecoder: 2-20            --
│    │    └─Linear: 3-27                 196
│    └─LatentsToDecoder: 2-21            --
│    │    └─Linear: 3-28                 196
│    └─LatentsToDecoder: 2-22            --
│    │    └─Linear: 3-29                 196
│    └─LatentsToDecoder: 2-23            --
│    │    └─Linear: 3-30                 196
├─Decoder: 1-5                           --
│    └─Linear: 2-24                      9,702
│    └─Linear: 2-25                      77,616
=================================================================
Total params: 178,674
Trainable params: 178,674
Non-trainable params: 0
=================================================================
[Epoch   1 (27.59s)]	ELBO (bits/dim): 2.22094, 2.36647, 2.41271, 2.43436, 2.44477, 2.44738, 2.44697, 2.44277, 2.43809, 2.43305 (2.65764)	Reconstruction error (/dim): 0.08214, 0.07700, 0.07608, 0.07638, 0.07585, 0.07601, 0.07643, 0.07686, 0.07708, 0.07742 (0.06656)	KLD: 6.449, 2.231, 1.215, 0.753, 0.702, 0.375, 0.373, 0.313, 0.384, 0.439 (13.596)	Grad: 1141.8
[Epoch   2 (27.52s)]	ELBO (bits/dim): 2.49712, 2.61770, 2.69624, 2.75066, 2.76219, 2.76336, 2.76489, 2.76476, 2.76399, 2.76276 (2.87720)	Reconstruction error (/dim): 0.07752, 0.07178, 0.06654, 0.06169, 0.05974, 0.05946, 0.05944, 0.05952, 0.05954, 0.05968 (0.05091)	KLD: 4.192, 3.525, 3.057, 2.408, 1.250, 0.479, 0.347, 0.424, 0.273, 0.221 (18.195)	Grad: 1250.0
[Epoch   3 (28.13s)]	ELBO (bits/dim): 2.53737, 2.65458, 2.74962, 2.83893, 2.89189, 2.91693, 2.92661, 2.92666, 2.92652, 2.92595 (2.97514)	Reconstruction error (/dim): 0.07436, 0.06991, 0.06430, 0.05698, 0.05168, 0.04848, 0.04775, 0.04790, 0.04795, 0.04807 (0.04448)	KLD: 3.683, 3.529, 3.312, 2.804, 2.110, 1.370, 1.289, 0.435, 0.202, 0.160 (18.747)	Grad: 1527.4
[Epoch   4 (27.47s)]	ELBO (bits/dim): 2.55322, 2.68057, 2.78632, 2.87974, 2.93925, 2.98133, 2.98961, 2.99091, 2.99074, 2.99067 (3.03062)	Reconstruction error (/dim): 0.07397, 0.06787, 0.06124, 0.05421, 0.04857, 0.04402, 0.04353, 0.04341, 0.04348, 0.04351 (0.04035)	KLD: 3.423, 3.480, 3.163, 2.681, 2.234, 1.945, 1.191, 0.474, 0.175, 0.134 (19.301)	Grad: 1347.5
[Epoch   5 (28.21s)]	ELBO (bits/dim): 2.57185, 2.70437, 2.81274, 2.90911, 2.96839, 3.01330, 3.03189, 3.03978, 3.03949, 3.03934 (3.06919)	Reconstruction error (/dim): 0.07328, 0.06585, 0.05907, 0.05191, 0.04649, 0.04204, 0.04051, 0.03966, 0.03974, 0.03981 (0.03729)	KLD: 3.418, 3.360, 3.023, 2.616, 2.254, 2.052, 1.541, 1.114, 0.097, 0.212 (20.000)	Grad: 1444.7
[Epoch   6 (27.39s)]	ELBO (bits/dim): 2.58659, 2.71819, 2.83194, 2.93075, 2.98923, 3.03583, 3.05776, 3.07249, 3.07229, 3.07206 (3.09117)	Reconstruction error (/dim): 0.07227, 0.06463, 0.05757, 0.05025, 0.04505, 0.04068, 0.03881, 0.03732, 0.03740, 0.03746 (0.03600)	KLD: 3.420, 3.308, 3.018, 2.641, 2.243, 2.062, 1.663, 1.512, 0.089, 0.180 (20.376)	Grad: 1327.8
[Epoch   7 (27.76s)]	ELBO (bits/dim): 2.59320, 2.72884, 2.84741, 2.94668, 3.00401, 3.05171, 3.07486, 3.09204, 3.09199, 3.09202 (3.10566)	Reconstruction error (/dim): 0.07178, 0.06362, 0.05627, 0.04897, 0.04398, 0.03966, 0.03765, 0.03596, 0.03600, 0.03603 (0.03489)	KLD: 3.424, 3.290, 3.006, 2.646, 2.237, 2.080, 1.710, 1.584, 0.113, 0.160 (20.110)	Grad: 1387.6
[Epoch   8 (28.15s)]	ELBO (bits/dim): 2.59794, 2.73657, 2.86013, 2.95884, 3.01509, 3.06334, 3.08698, 3.10543, 3.10536, 3.10589 (3.12015)	Reconstruction error (/dim): 0.07161, 0.06302, 0.05523, 0.04796, 0.04315, 0.03887, 0.03679, 0.03502, 0.03503, 0.03500 (0.03377)	KLD: 3.437, 3.294, 3.015, 2.640, 2.228, 2.081, 1.718, 1.605, 0.143, 0.264 (20.768)	Grad: 1480.5
[Epoch   9 (30.09s)]	ELBO (bits/dim): 2.60136, 2.74225, 2.86950, 2.96834, 3.02352, 3.07220, 3.09610, 3.11482, 3.11518, 3.11686 (3.13088)	Reconstruction error (/dim): 0.07134, 0.06258, 0.05449, 0.04715, 0.04252, 0.03825, 0.03615, 0.03439, 0.03436, 0.03417 (0.03277)	KLD: 3.453, 3.305, 3.023, 2.638, 2.217, 2.085, 1.728, 1.615, 0.205, 0.520 (20.867)	Grad: 1417.0
[Epoch  10 (28.57s)]	ELBO (bits/dim): 2.60458, 2.74694, 2.87696, 2.97590, 3.02994, 3.07916, 3.10344, 3.12242, 3.12343, 3.12633 (3.13845)	Reconstruction error (/dim): 0.07109, 0.06219, 0.05388, 0.04653, 0.04204, 0.03775, 0.03563, 0.03385, 0.03375, 0.03344 (0.03228)	KLD: 3.470, 3.314, 3.032, 2.649, 2.217, 2.086, 1.736, 1.612, 0.376, 0.783 (21.302)	Grad: 1509.5
[Epoch  11 (27.24s)]	ELBO (bits/dim): 2.60752, 2.75111, 2.88324, 2.98198, 3.03519, 3.08503, 3.10941, 3.12865, 3.13124, 3.13529 (3.14938)	Reconstruction error (/dim): 0.07084, 0.06185, 0.05336, 0.04605, 0.04167, 0.03735, 0.03522, 0.03343, 0.03318, 0.03276 (0.03163)	KLD: 3.483, 3.317, 3.041, 2.649, 2.212, 2.088, 1.746, 1.616, 0.670, 0.900 (21.753)	Grad: 1430.0
[Epoch  12 (27.33s)]	ELBO (bits/dim): 2.61005, 2.75423, 2.88823, 2.98696, 3.03963, 3.08991, 3.11481, 3.13379, 3.13821, 3.14306 (3.15486)	Reconstruction error (/dim): 0.07057, 0.06159, 0.05291, 0.04563, 0.04132, 0.03700, 0.03485, 0.03311, 0.03266, 0.03217 (0.03109)	KLD: 3.495, 3.316, 3.050, 2.651, 2.215, 2.097, 1.752, 1.608, 0.925, 0.979 (22.248)	Grad: 1391.8
[Epoch  13 (27.23s)]	ELBO (bits/dim): 2.61256, 2.75713, 2.89231, 2.99105, 3.04337, 3.09424, 3.11953, 3.13861, 3.14458, 3.14997 (3.15877)	Reconstruction error (/dim): 0.07025, 0.06133, 0.05260, 0.04530, 0.04106, 0.03670, 0.03451, 0.03276, 0.03219, 0.03166 (0.03065)	KLD: 3.507, 3.326, 3.057, 2.660, 2.217, 2.103, 1.762, 1.612, 1.068, 1.046 (22.630)	Grad: 1406.8
[Epoch  14 (27.30s)]	ELBO (bits/dim): 2.61502, 2.75987, 2.89610, 2.99514, 3.04728, 3.09858, 3.12396, 3.14293, 3.15010, 3.15593 (3.16578)	Reconstruction error (/dim): 0.06999, 0.06112, 0.05226, 0.04497, 0.04076, 0.03638, 0.03420, 0.03248, 0.03179, 0.03120 (0.03032)	KLD: 3.523, 3.329, 3.064, 2.673, 2.220, 2.101, 1.771, 1.607, 1.162, 1.074 (23.053)	Grad: 1439.3
[Epoch  15 (27.47s)]	ELBO (bits/dim): 2.61781, 2.76267, 2.89959, 2.99864, 3.05053, 3.10190, 3.12765, 3.14654, 3.15465, 3.16069 (3.17208)	Reconstruction error (/dim): 0.06978, 0.06091, 0.05194, 0.04470, 0.04053, 0.03615, 0.03396, 0.03224, 0.03149, 0.03088 (0.03006)	KLD: 3.537, 3.335, 3.078, 2.677, 2.224, 2.108, 1.771, 1.599, 1.215, 1.108 (22.724)	Grad: 1555.0
[Epoch  16 (27.40s)]	ELBO (bits/dim): 2.61979, 2.76510, 2.90286, 3.00219, 3.05407, 3.10544, 3.13134, 3.15034, 3.15901, 3.16519 (3.17445)	Reconstruction error (/dim): 0.06962, 0.06074, 0.05164, 0.04441, 0.04024, 0.03589, 0.03369, 0.03196, 0.03118, 0.03056 (0.02971)	KLD: 3.544, 3.349, 3.078, 2.689, 2.228, 2.105, 1.776, 1.606, 1.247, 1.111 (22.932)	Grad: 1441.7
[Epoch  17 (27.31s)]	ELBO (bits/dim): 2.62198, 2.76778, 2.90556, 3.00491, 3.05664, 3.10826, 3.13422, 3.15329, 3.16250, 3.16857 (3.17801)	Reconstruction error (/dim): 0.06945, 0.06054, 0.05140, 0.04420, 0.04004, 0.03568, 0.03348, 0.03176, 0.03092, 0.03033 (0.02947)	KLD: 3.562, 3.353, 3.083, 2.698, 2.232, 2.105, 1.774, 1.614, 1.266, 1.119 (22.747)	Grad: 1456.0
[Epoch  18 (27.19s)]	ELBO (bits/dim): 2.62372, 2.77015, 2.90820, 3.00772, 3.05955, 3.11101, 3.13712, 3.15618, 3.16585, 3.17219 (3.17935)	Reconstruction error (/dim): 0.06930, 0.06031, 0.05112, 0.04397, 0.03981, 0.03548, 0.03327, 0.03156, 0.03070, 0.03008 (0.02925)	KLD: 3.572, 3.357, 3.092, 2.704, 2.233, 2.113, 1.777, 1.608, 1.274, 1.120 (23.155)	Grad: 1472.6
[Epoch  19 (27.31s)]	ELBO (bits/dim): 2.62487, 2.77208, 2.91046, 3.00981, 3.06146, 3.11306, 3.13930, 3.15832, 3.16824, 3.17451 (3.18457)	Reconstruction error (/dim): 0.06926, 0.06018, 0.05092, 0.04383, 0.03968, 0.03534, 0.03312, 0.03141, 0.03055, 0.02991 (0.02913)	KLD: 3.582, 3.360, 3.094, 2.710, 2.234, 2.116, 1.776, 1.616, 1.282, 1.113 (23.131)	Grad: 1471.3
[Epoch  20 (27.60s)]	ELBO (bits/dim): 2.62665, 2.77464, 2.91304, 3.01213, 3.06373, 3.11523, 3.14156, 3.16071, 3.17080, 3.17717 (3.18581)	Reconstruction error (/dim): 0.06911, 0.05999, 0.05072, 0.04367, 0.03950, 0.03519, 0.03298, 0.03126, 0.03037, 0.02974 (0.02890)	KLD: 3.604, 3.367, 3.099, 2.716, 2.232, 2.115, 1.777, 1.620, 1.295, 1.123 (23.054)	Grad: 1491.0
[Epoch  21 (28.14s)]	ELBO (bits/dim): 2.62816, 2.77676, 2.91528, 3.01423, 3.06573, 3.11720, 3.14382, 3.16303, 3.17339, 3.17971 (3.18667)	Reconstruction error (/dim): 0.06899, 0.05979, 0.05051, 0.04353, 0.03935, 0.03506, 0.03281, 0.03110, 0.03018, 0.02956 (0.02878)	KLD: 3.607, 3.372, 3.102, 2.721, 2.237, 2.119, 1.776, 1.617, 1.311, 1.120 (23.173)	Grad: 1464.4
[Epoch  22 (31.23s)]	ELBO (bits/dim): 2.62939, 2.77894, 2.91705, 3.01606, 3.06740, 3.11888, 3.14560, 3.16493, 3.17544, 3.18164 (3.19004)	Reconstruction error (/dim): 0.06891, 0.05962, 0.05036, 0.04340, 0.03923, 0.03494, 0.03269, 0.03096, 0.03004, 0.02943 (0.02875)	KLD: 3.618, 3.375, 3.096, 2.730, 2.235, 2.117, 1.784, 1.617, 1.310, 1.114 (22.913)	Grad: 1528.8
[Epoch  23 (40.02s)]	ELBO (bits/dim): 2.63055, 2.78078, 2.91912, 3.01782, 3.06919, 3.12073, 3.14732, 3.16680, 3.17754, 3.18370 (3.19134)	Reconstruction error (/dim): 0.06879, 0.05946, 0.05018, 0.04328, 0.03909, 0.03482, 0.03258, 0.03084, 0.02990, 0.02931 (0.02866)	KLD: 3.628, 3.385, 3.098, 2.734, 2.241, 2.122, 1.788, 1.621, 1.317, 1.109 (23.172)	Grad: 1487.3
[Epoch  24 (28.64s)]	ELBO (bits/dim): 2.63201, 2.78268, 2.92092, 3.01952, 3.07070, 3.12225, 3.14892, 3.16842, 3.17939, 3.18552 (3.19410)	Reconstruction error (/dim): 0.06870, 0.05932, 0.05006, 0.04315, 0.03898, 0.03472, 0.03246, 0.03072, 0.02977, 0.02916 (0.02837)	KLD: 3.646, 3.389, 3.097, 2.743, 2.236, 2.121, 1.789, 1.616, 1.337, 1.110 (23.211)	Grad: 1553.2
[Epoch  25 (28.97s)]	ELBO (bits/dim): 2.63321, 2.78470, 2.92282, 3.02151, 3.07246, 3.12393, 3.15086, 3.17024, 3.18150, 3.18737 (3.19570)	Reconstruction error (/dim): 0.06861, 0.05916, 0.04988, 0.04300, 0.03884, 0.03459, 0.03233, 0.03060, 0.02962, 0.02905 (0.02843)	KLD: 3.652, 3.392, 3.103, 2.740, 2.232, 2.125, 1.790, 1.621, 1.334, 1.098 (23.104)	Grad: 1439.7
[Epoch  26 (28.53s)]	ELBO (bits/dim): 2.63406, 2.78629, 2.92423, 3.02277, 3.07359, 3.12506, 3.15205, 3.17144, 3.18285, 3.18865 (3.19664)	Reconstruction error (/dim): 0.06856, 0.05905, 0.04979, 0.04293, 0.03879, 0.03454, 0.03227, 0.03052, 0.02952, 0.02896 (0.02827)	KLD: 3.660, 3.401, 3.102, 2.745, 2.237, 2.120, 1.797, 1.623, 1.355, 1.094 (22.904)	Grad: 1534.7
[Epoch  27 (29.11s)]	ELBO (bits/dim): 2.63523, 2.78835, 2.92633, 3.02456, 3.07521, 3.12656, 3.15344, 3.17299, 3.18439, 3.19035 (3.19702)	Reconstruction error (/dim): 0.06846, 0.05891, 0.04960, 0.04278, 0.03865, 0.03442, 0.03217, 0.03042, 0.02940, 0.02882 (0.02822)	KLD: 3.671, 3.406, 3.101, 2.748, 2.237, 2.124, 1.793, 1.619, 1.367, 1.098 (22.945)	Grad: 1518.8
[Epoch  28 (27.88s)]	ELBO (bits/dim): 2.63629, 2.78998, 2.92787, 3.02581, 3.07646, 3.12781, 3.15467, 3.17417, 3.18572, 3.19167 (3.19895)	Reconstruction error (/dim): 0.06840, 0.05880, 0.04949, 0.04270, 0.03857, 0.03434, 0.03208, 0.03034, 0.02933, 0.02874 (0.02812)	KLD: 3.681, 3.408, 3.102, 2.745, 2.235, 2.119, 1.796, 1.623, 1.376, 1.099 (23.089)	Grad: 1516.7
[Epoch  29 (28.97s)]	ELBO (bits/dim): 2.63774, 2.79157, 2.92926, 3.02738, 3.07770, 3.12881, 3.15589, 3.17522, 3.18714, 3.19296 (3.19724)	Reconstruction error (/dim): 0.06829, 0.05867, 0.04938, 0.04258, 0.03848, 0.03430, 0.03201, 0.03026, 0.02922, 0.02865 (0.02841)	KLD: 3.692, 3.415, 3.103, 2.750, 2.230, 2.117, 1.791, 1.628, 1.380, 1.090 (23.321)	Grad: 1480.5
[Epoch  30 (30.15s)]	ELBO (bits/dim): 2.63844, 2.79278, 2.93059, 3.02840, 3.07870, 3.12979, 3.15690, 3.17629, 3.18834, 3.19407 (3.19970)	Reconstruction error (/dim): 0.06820, 0.05858, 0.04927, 0.04250, 0.03840, 0.03422, 0.03194, 0.03020, 0.02914, 0.02857 (0.02820)	KLD: 3.696, 3.424, 3.102, 2.752, 2.231, 2.119, 1.796, 1.624, 1.391, 1.079 (23.339)	Grad: 1545.2
[Epoch  31 (31.70s)]	ELBO (bits/dim): 2.63952, 2.79435, 2.93180, 3.02963, 3.07967, 3.13087, 3.15785, 3.17732, 3.18947, 3.19513 (3.20040)	Reconstruction error (/dim): 0.06818, 0.05850, 0.04921, 0.04244, 0.03836, 0.03417, 0.03188, 0.03013, 0.02906, 0.02851 (0.02810)	KLD: 3.703, 3.430, 3.112, 2.753, 2.231, 2.121, 1.797, 1.623, 1.394, 1.083 (23.069)	Grad: 1537.0
[Epoch  32 (29.25s)]	ELBO (bits/dim): 2.64065, 2.79589, 2.93327, 3.03078, 3.08066, 3.13155, 3.15858, 3.17802, 3.19040, 3.19602 (3.20172)	Reconstruction error (/dim): 0.06805, 0.05838, 0.04909, 0.04235, 0.03827, 0.03412, 0.03183, 0.03008, 0.02900, 0.02844 (0.02796)	KLD: 3.710, 3.430, 3.109, 2.752, 2.235, 2.120, 1.797, 1.626, 1.403, 1.088 (23.227)	Grad: 1522.4
[Epoch  33 (28.57s)]	ELBO (bits/dim): 2.64137, 2.79717, 2.93431, 3.03164, 3.08142, 3.13211, 3.15928, 3.17857, 3.19100, 3.19671 (3.20266)	Reconstruction error (/dim): 0.06800, 0.05827, 0.04902, 0.04229, 0.03822, 0.03406, 0.03178, 0.03004, 0.02894, 0.02839 (0.02788)	KLD: 3.722, 3.438, 3.105, 2.759, 2.228, 2.118, 1.802, 1.617, 1.405, 1.086 (23.129)	Grad: 1614.7
[Epoch  34 (29.09s)]	ELBO (bits/dim): 2.64244, 2.79884, 2.93575, 3.03303, 3.08288, 3.13339, 3.16051, 3.17983, 3.19250, 3.19805 (3.20215)	Reconstruction error (/dim): 0.06792, 0.05816, 0.04890, 0.04220, 0.03812, 0.03398, 0.03171, 0.02996, 0.02884, 0.02829 (0.02778)	KLD: 3.724, 3.443, 3.109, 2.758, 2.228, 2.114, 1.798, 1.621, 1.426, 1.071 (23.508)	Grad: 1548.8
[Epoch  35 (28.74s)]	ELBO (bits/dim): 2.64352, 2.80017, 2.93687, 3.03392, 3.08361, 3.13412, 3.16122, 3.18049, 3.19332, 3.19882 (3.20290)	Reconstruction error (/dim): 0.06784, 0.05807, 0.04882, 0.04212, 0.03806, 0.03393, 0.03166, 0.02991, 0.02879, 0.02823 (0.02784)	KLD: 3.740, 3.451, 3.111, 2.760, 2.230, 2.117, 1.799, 1.623, 1.417, 1.072 (23.292)	Grad: 1579.8
[Epoch  36 (28.09s)]	ELBO (bits/dim): 2.64413, 2.80133, 2.93776, 3.03466, 3.08433, 3.13458, 3.16169, 3.18104, 3.19390, 3.19933 (3.20421)	Reconstruction error (/dim): 0.06777, 0.05799, 0.04878, 0.04208, 0.03802, 0.03391, 0.03163, 0.02987, 0.02875, 0.02821 (0.02777)	KLD: 3.743, 3.453, 3.108, 2.757, 2.227, 2.109, 1.801, 1.619, 1.428, 1.069 (23.433)	Grad: 1724.5
[Epoch  37 (28.95s)]	ELBO (bits/dim): 2.64501, 2.80255, 2.93857, 3.03547, 3.08507, 3.13504, 3.16207, 3.18129, 3.19428, 3.19969 (3.20540)	Reconstruction error (/dim): 0.06771, 0.05789, 0.04870, 0.04202, 0.03795, 0.03387, 0.03159, 0.02985, 0.02872, 0.02818 (0.02767)	KLD: 3.750, 3.458, 3.110, 2.761, 2.227, 2.109, 1.798, 1.617, 1.434, 1.067 (23.454)	Grad: 1636.4
[Epoch  38 (29.81s)]	ELBO (bits/dim): 2.64607, 2.80413, 2.94020, 3.03663, 3.08641, 3.13643, 3.16354, 3.18273, 3.19597, 3.20137 (3.20711)	Reconstruction error (/dim): 0.06759, 0.05778, 0.04858, 0.04192, 0.03783, 0.03376, 0.03148, 0.02975, 0.02857, 0.02805 (0.02754)	KLD: 3.764, 3.467, 3.110, 2.770, 2.231, 2.113, 1.800, 1.616, 1.444, 1.061 (23.175)	Grad: 1554.7
[Epoch  39 (27.81s)]	ELBO (bits/dim): 2.64723, 2.80565, 2.94147, 3.03768, 3.08733, 3.13719, 3.16427, 3.18333, 3.19660, 3.20209 (3.20647)	Reconstruction error (/dim): 0.06750, 0.05768, 0.04851, 0.04187, 0.03779, 0.03373, 0.03145, 0.02972, 0.02855, 0.02800 (0.02755)	KLD: 3.763, 3.473, 3.112, 2.764, 2.229, 2.104, 1.804, 1.626, 1.434, 1.066 (23.282)	Grad: 1596.7
[Epoch  40 (27.91s)]	ELBO (bits/dim): 2.64796, 2.80659, 2.94235, 3.03846, 3.08807, 3.13764, 3.16469, 3.18379, 3.19713, 3.20251 (3.20544)	Reconstruction error (/dim): 0.06747, 0.05762, 0.04845, 0.04180, 0.03775, 0.03369, 0.03143, 0.02969, 0.02853, 0.02798 (0.02773)	KLD: 3.771, 3.477, 3.112, 2.764, 2.226, 2.106, 1.807, 1.613, 1.445, 1.062 (23.505)	Grad: 1690.1
[Epoch  41 (28.29s)]	ELBO (bits/dim): 2.64870, 2.80818, 2.94347, 3.03927, 3.08878, 3.13811, 3.16518, 3.18429, 3.19766, 3.20312 (3.20643)	Reconstruction error (/dim): 0.06741, 0.05750, 0.04836, 0.04174, 0.03768, 0.03366, 0.03139, 0.02965, 0.02849, 0.02794 (0.02772)	KLD: 3.781, 3.483, 3.115, 2.764, 2.225, 2.105, 1.800, 1.612, 1.445, 1.069 (23.261)	Grad: 1693.7
[Epoch  42 (28.84s)]	ELBO (bits/dim): 2.64949, 2.80943, 2.94464, 3.04031, 3.08987, 3.13917, 3.16620, 3.18519, 3.19856, 3.20404 (3.20816)	Reconstruction error (/dim): 0.06732, 0.05742, 0.04827, 0.04167, 0.03759, 0.03358, 0.03131, 0.02958, 0.02842, 0.02787 (0.02746)	KLD: 3.786, 3.487, 3.114, 2.769, 2.225, 2.098, 1.801, 1.616, 1.451, 1.064 (23.362)	Grad: 1546.4
[Epoch  43 (29.10s)]	ELBO (bits/dim): 2.65012, 2.81062, 2.94523, 3.04069, 3.09031, 3.13928, 3.16634, 3.18543, 3.19902, 3.20438 (3.20891)	Reconstruction error (/dim): 0.06730, 0.05737, 0.04826, 0.04165, 0.03758, 0.03358, 0.03130, 0.02958, 0.02839, 0.02786 (0.02745)	KLD: 3.798, 3.497, 3.121, 2.766, 2.225, 2.103, 1.799, 1.618, 1.454, 1.058 (22.776)	Grad: 1711.6
[Epoch  44 (29.41s)]	ELBO (bits/dim): 2.65057, 2.81181, 2.94607, 3.04129, 3.09098, 3.13983, 3.16697, 3.18597, 3.19944, 3.20477 (3.20776)	Reconstruction error (/dim): 0.06727, 0.05727, 0.04817, 0.04159, 0.03752, 0.03353, 0.03125, 0.02953, 0.02835, 0.02782 (0.02746)	KLD: 3.801, 3.498, 3.121, 2.766, 2.226, 2.101, 1.799, 1.615, 1.446, 1.051 (23.117)	Grad: 1709.3
[Epoch  45 (29.03s)]	ELBO (bits/dim): 2.65147, 2.81289, 2.94703, 3.04202, 3.09175, 3.14042, 3.16746, 3.18640, 3.19999, 3.20531 (3.20635)	Reconstruction error (/dim): 0.06719, 0.05718, 0.04812, 0.04155, 0.03746, 0.03350, 0.03121, 0.02950, 0.02833, 0.02778 (0.02761)	KLD: 3.810, 3.507, 3.120, 2.772, 2.227, 2.098, 1.798, 1.608, 1.452, 1.057 (23.798)	Grad: 1729.1
[Epoch  46 (27.79s)]	ELBO (bits/dim): 2.65237, 2.81435, 2.94836, 3.04301, 3.09267, 3.14127, 3.16825, 3.18706, 3.20079, 3.20603 (3.20855)	Reconstruction error (/dim): 0.06707, 0.05712, 0.04804, 0.04148, 0.03740, 0.03343, 0.03116, 0.02945, 0.02825, 0.02773 (0.02756)	KLD: 3.813, 3.505, 3.122, 2.770, 2.226, 2.099, 1.805, 1.619, 1.453, 1.069 (23.460)	Grad: 1666.3
[Epoch  47 (27.67s)]	ELBO (bits/dim): 2.65261, 2.81486, 2.94880, 3.04339, 3.09302, 3.14146, 3.16850, 3.18733, 3.20093, 3.20620 (3.20703)	Reconstruction error (/dim): 0.06707, 0.05708, 0.04799, 0.04146, 0.03737, 0.03341, 0.03115, 0.02943, 0.02826, 0.02771 (0.02764)	KLD: 3.825, 3.514, 3.121, 2.766, 2.226, 2.091, 1.799, 1.608, 1.460, 1.068 (23.617)	Grad: 1750.9
[Epoch  48 (27.76s)]	ELBO (bits/dim): 2.65389, 2.81671, 2.95027, 3.04461, 3.09421, 3.14233, 3.16915, 3.18790, 3.20164, 3.20688 (3.20884)	Reconstruction error (/dim): 0.06700, 0.05696, 0.04789, 0.04136, 0.03730, 0.03337, 0.03111, 0.02940, 0.02822, 0.02768 (0.02754)	KLD: 3.824, 3.524, 3.120, 2.772, 2.221, 2.097, 1.801, 1.606, 1.462, 1.054 (23.454)	Grad: 1768.2
[Epoch  49 (28.88s)]	ELBO (bits/dim): 2.65422, 2.81727, 2.95073, 3.04482, 3.09451, 3.14264, 3.16968, 3.18839, 3.20223, 3.20742 (3.20888)	Reconstruction error (/dim): 0.06696, 0.05695, 0.04788, 0.04136, 0.03727, 0.03334, 0.03107, 0.02937, 0.02816, 0.02763 (0.02738)	KLD: 3.835, 3.523, 3.120, 2.766, 2.221, 2.087, 1.805, 1.609, 1.464, 1.061 (23.545)	Grad: 1816.2
[Epoch  50 (28.86s)]	ELBO (bits/dim): 2.65475, 2.81854, 2.95165, 3.04549, 3.09520, 3.14309, 3.17021, 3.18890, 3.20271, 3.20791 (3.20996)	Reconstruction error (/dim): 0.06693, 0.05685, 0.04779, 0.04130, 0.03721, 0.03330, 0.03103, 0.02933, 0.02814, 0.02761 (0.02733)	KLD: 3.839, 3.526, 3.124, 2.767, 2.227, 2.091, 1.797, 1.608, 1.464, 1.051 (23.214)	Grad: 1705.7
[Epoch  51 (28.44s)]	ELBO (bits/dim): 2.65555, 2.81928, 2.95212, 3.04589, 3.09559, 3.14327, 3.17035, 3.18878, 3.20280, 3.20800 (3.20931)	Reconstruction error (/dim): 0.06685, 0.05683, 0.04779, 0.04128, 0.03718, 0.03329, 0.03102, 0.02934, 0.02812, 0.02760 (0.02750)	KLD: 3.842, 3.538, 3.125, 2.771, 2.221, 2.087, 1.803, 1.605, 1.465, 1.044 (23.181)	Grad: 1869.2
[Epoch  52 (28.29s)]	ELBO (bits/dim): 2.65585, 2.82020, 2.95290, 3.04639, 3.09617, 3.14388, 3.17079, 3.18932, 3.20335, 3.20838 (3.20933)	Reconstruction error (/dim): 0.06685, 0.05676, 0.04773, 0.04125, 0.03716, 0.03326, 0.03099, 0.02929, 0.02810, 0.02759 (0.02742)	KLD: 3.849, 3.537, 3.128, 2.768, 2.225, 2.088, 1.803, 1.606, 1.463, 1.045 (23.592)	Grad: 1808.8
[Epoch  53 (30.43s)]	ELBO (bits/dim): 2.65683, 2.82157, 2.95371, 3.04722, 3.09708, 3.14427, 3.17146, 3.18993, 3.20394, 3.20915 (3.21109)	Reconstruction error (/dim): 0.06676, 0.05664, 0.04768, 0.04119, 0.03707, 0.03321, 0.03093, 0.02926, 0.02804, 0.02752 (0.02737)	KLD: 3.850, 3.543, 3.124, 2.768, 2.226, 2.087, 1.800, 1.607, 1.463, 1.048 (23.378)	Grad: 1809.7
[Epoch  54 (29.43s)]	ELBO (bits/dim): 2.65710, 2.82219, 2.95446, 3.04747, 3.09736, 3.14456, 3.17157, 3.19024, 3.20415, 3.20945 (3.21020)	Reconstruction error (/dim): 0.06674, 0.05666, 0.04764, 0.04118, 0.03707, 0.03321, 0.03093, 0.02924, 0.02803, 0.02750 (0.02730)	KLD: 3.858, 3.547, 3.123, 2.769, 2.227, 2.083, 1.803, 1.602, 1.470, 1.045 (23.720)	Grad: 1955.6
[Epoch  55 (28.40s)]	ELBO (bits/dim): 2.65800, 2.82353, 2.95562, 3.04842, 3.09810, 3.14528, 3.17215, 3.19058, 3.20449, 3.20972 (3.21068)	Reconstruction error (/dim): 0.06663, 0.05656, 0.04753, 0.04109, 0.03700, 0.03314, 0.03089, 0.02920, 0.02801, 0.02747 (0.02728)	KLD: 3.862, 3.551, 3.128, 2.770, 2.219, 2.080, 1.801, 1.608, 1.470, 1.051 (23.521)	Grad: 1825.2
[Epoch  56 (28.30s)]	ELBO (bits/dim): 2.65831, 2.82429, 2.95583, 3.04846, 3.09824, 3.14522, 3.17230, 3.19057, 3.20461, 3.20971 (3.20926)	Reconstruction error (/dim): 0.06664, 0.05652, 0.04754, 0.04110, 0.03699, 0.03315, 0.03088, 0.02921, 0.02800, 0.02747 (0.02759)	KLD: 3.865, 3.550, 3.128, 2.768, 2.224, 2.079, 1.802, 1.603, 1.474, 1.042 (23.645)	Grad: 2012.7
[Epoch  57 (27.50s)]	ELBO (bits/dim): 2.65864, 2.82507, 2.95647, 3.04886, 3.09889, 3.14578, 3.17271, 3.19117, 3.20515, 3.21017 (3.21087)	Reconstruction error (/dim): 0.06660, 0.05648, 0.04749, 0.04107, 0.03695, 0.03311, 0.03084, 0.02917, 0.02796, 0.02745 (0.02721)	KLD: 3.872, 3.555, 3.130, 2.774, 2.226, 2.081, 1.803, 1.606, 1.459, 1.042 (23.211)	Grad: 1820.0
[Epoch  58 (30.11s)]	ELBO (bits/dim): 2.65957, 2.82623, 2.95746, 3.04975, 3.09968, 3.14646, 3.17345, 3.19176, 3.20581, 3.21101 (3.21005)	Reconstruction error (/dim): 0.06654, 0.05642, 0.04741, 0.04101, 0.03690, 0.03306, 0.03079, 0.02912, 0.02791, 0.02739 (0.02736)	KLD: 3.881, 3.559, 3.133, 2.769, 2.220, 2.080, 1.801, 1.609, 1.470, 1.041 (23.406)	Grad: 1875.8
[Epoch  59 (30.92s)]	ELBO (bits/dim): 2.65977, 2.82670, 2.95778, 3.04995, 3.09997, 3.14654, 3.17333, 3.19171, 3.20564, 3.21089 (3.21167)	Reconstruction error (/dim): 0.06653, 0.05638, 0.04741, 0.04100, 0.03688, 0.03305, 0.03081, 0.02914, 0.02792, 0.02740 (0.02717)	KLD: 3.881, 3.567, 3.130, 2.769, 2.226, 2.074, 1.799, 1.606, 1.467, 1.050 (23.561)	Grad: 1847.5
[Epoch  60 (29.73s)]	ELBO (bits/dim): 2.66039, 2.82801, 2.95859, 3.05062, 3.10047, 3.14689, 3.17383, 3.19208, 3.20608, 3.21132 (3.21166)	Reconstruction error (/dim): 0.06650, 0.05629, 0.04735, 0.04094, 0.03685, 0.03305, 0.03078, 0.02910, 0.02791, 0.02737 (0.02731)	KLD: 3.887, 3.563, 3.131, 2.774, 2.223, 2.077, 1.799, 1.604, 1.474, 1.025 (23.349)	Grad: 1922.0
[Epoch  61 (27.91s)]	ELBO (bits/dim): 2.66089, 2.82877, 2.95917, 3.05107, 3.10109, 3.14734, 3.17425, 3.19259, 3.20654, 3.21191 (3.20996)	Reconstruction error (/dim): 0.06642, 0.05624, 0.04732, 0.04092, 0.03679, 0.03300, 0.03074, 0.02906, 0.02787, 0.02731 (0.02716)	KLD: 3.890, 3.566, 3.135, 2.770, 2.227, 2.074, 1.797, 1.604, 1.467, 1.043 (23.416)	Grad: 1951.3
[Epoch  62 (27.93s)]	ELBO (bits/dim): 2.66149, 2.82937, 2.95961, 3.05147, 3.10127, 3.14748, 3.17432, 3.19263, 3.20660, 3.21175 (3.21284)	Reconstruction error (/dim): 0.06642, 0.05621, 0.04729, 0.04089, 0.03678, 0.03299, 0.03074, 0.02906, 0.02787, 0.02734 (0.02718)	KLD: 3.896, 3.575, 3.129, 2.772, 2.223, 2.075, 1.796, 1.596, 1.462, 1.041 (23.444)	Grad: 2010.6
[Epoch  63 (29.76s)]	ELBO (bits/dim): 2.66186, 2.83044, 2.96027, 3.05167, 3.10181, 3.14782, 3.17478, 3.19299, 3.20705, 3.21216 (3.21105)	Reconstruction error (/dim): 0.06637, 0.05616, 0.04726, 0.04087, 0.03674, 0.03296, 0.03071, 0.02904, 0.02783, 0.02730 (0.02720)	KLD: 3.894, 3.572, 3.134, 2.774, 2.227, 2.072, 1.797, 1.603, 1.467, 1.043 (23.591)	Grad: 1932.4
[Epoch  64 (28.86s)]	ELBO (bits/dim): 2.66219, 2.83098, 2.96074, 3.05208, 3.10226, 3.14815, 3.17508, 3.19318, 3.20714, 3.21238 (3.21343)	Reconstruction error (/dim): 0.06633, 0.05613, 0.04720, 0.04083, 0.03669, 0.03293, 0.03068, 0.02903, 0.02783, 0.02728 (0.02717)	KLD: 3.902, 3.576, 3.134, 2.774, 2.229, 2.070, 1.799, 1.600, 1.474, 1.041 (23.524)	Grad: 1982.3
[Epoch  65 (29.03s)]	ELBO (bits/dim): 2.66305, 2.83203, 2.96127, 3.05265, 3.10263, 3.14843, 3.17524, 3.19354, 3.20755, 3.21284 (3.21124)	Reconstruction error (/dim): 0.06628, 0.05604, 0.04718, 0.04080, 0.03668, 0.03292, 0.03068, 0.02900, 0.02780, 0.02724 (0.02744)	KLD: 3.903, 3.583, 3.134, 2.774, 2.227, 2.068, 1.799, 1.602, 1.468, 1.043 (23.562)	Grad: 1991.1
[Epoch  66 (28.76s)]	ELBO (bits/dim): 2.66352, 2.83280, 2.96189, 3.05311, 3.10314, 3.14868, 3.17551, 3.19364, 3.20784, 3.21297 (3.21199)	Reconstruction error (/dim): 0.06625, 0.05600, 0.04714, 0.04077, 0.03665, 0.03292, 0.03066, 0.02901, 0.02778, 0.02725 (0.02724)	KLD: 3.909, 3.584, 3.133, 2.773, 2.229, 2.066, 1.799, 1.598, 1.470, 1.031 (23.880)	Grad: 2010.2
[Epoch  67 (28.23s)]	ELBO (bits/dim): 2.66396, 2.83388, 2.96260, 3.05365, 3.10388, 3.14943, 3.17619, 3.19423, 3.20832, 3.21363 (3.21204)	Reconstruction error (/dim): 0.06620, 0.05594, 0.04710, 0.04072, 0.03657, 0.03283, 0.03059, 0.02895, 0.02774, 0.02719 (0.02733)	KLD: 3.914, 3.587, 3.134, 2.774, 2.229, 2.066, 1.803, 1.599, 1.475, 1.048 (23.675)	Grad: 1898.4
[Epoch  68 (27.98s)]	ELBO (bits/dim): 2.66418, 2.83341, 2.96230, 3.05334, 3.10322, 3.14868, 3.17543, 3.19335, 3.20750, 3.21273 (3.21266)	Reconstruction error (/dim): 0.06620, 0.05601, 0.04713, 0.04075, 0.03664, 0.03289, 0.03066, 0.02903, 0.02780, 0.02726 (0.02729)	KLD: 3.916, 3.579, 3.134, 2.773, 2.223, 2.059, 1.797, 1.596, 1.476, 1.044 (23.152)	Grad: 2135.7
[Epoch  69 (27.93s)]	ELBO (bits/dim): 2.66476, 2.83490, 2.96358, 3.05434, 3.10444, 3.14971, 3.17650, 3.19462, 3.20862, 3.21400 (3.21189)	Reconstruction error (/dim): 0.06617, 0.05588, 0.04702, 0.04067, 0.03654, 0.03283, 0.03058, 0.02892, 0.02771, 0.02716 (0.02731)	KLD: 3.920, 3.585, 3.134, 2.775, 2.227, 2.067, 1.801, 1.591, 1.472, 1.025 (23.763)	Grad: 2011.1
[Epoch  70 (27.90s)]	ELBO (bits/dim): 2.66519, 2.83577, 2.96407, 3.05491, 3.10504, 3.15009, 3.17705, 3.19486, 3.20893, 3.21418 (3.21398)	Reconstruction error (/dim): 0.06615, 0.05586, 0.04701, 0.04063, 0.03651, 0.03281, 0.03053, 0.02892, 0.02770, 0.02716 (0.02718)	KLD: 3.919, 3.591, 3.135, 2.780, 2.226, 2.059, 1.791, 1.600, 1.471, 1.034 (23.377)	Grad: 2104.6
[Epoch  71 (28.00s)]	ELBO (bits/dim): 2.66551, 2.83630, 2.96432, 3.05486, 3.10517, 3.15015, 3.17694, 3.19498, 3.20900, 3.21424 (3.21511)	Reconstruction error (/dim): 0.06610, 0.05581, 0.04698, 0.04064, 0.03650, 0.03280, 0.03055, 0.02890, 0.02769, 0.02716 (0.02694)	KLD: 3.927, 3.596, 3.136, 2.775, 2.227, 2.055, 1.799, 1.599, 1.471, 1.038 (23.442)	Grad: 1993.0
[Epoch  72 (27.84s)]	ELBO (bits/dim): 2.66616, 2.83722, 2.96504, 3.05524, 3.10549, 3.15032, 3.17714, 3.19499, 3.20922, 3.21443 (3.21250)	Reconstruction error (/dim): 0.06605, 0.05575, 0.04695, 0.04062, 0.03647, 0.03277, 0.03053, 0.02890, 0.02767, 0.02713 (0.02725)	KLD: 3.933, 3.598, 3.139, 2.778, 2.224, 2.062, 1.795, 1.594, 1.469, 1.035 (23.321)	Grad: 1964.3
[Epoch  73 (29.27s)]	ELBO (bits/dim): 2.66634, 2.83775, 2.96543, 3.05580, 3.10610, 3.15077, 3.17748, 3.19543, 3.20956, 3.21482 (3.21232)	Reconstruction error (/dim): 0.06607, 0.05572, 0.04691, 0.04057, 0.03640, 0.03274, 0.03050, 0.02887, 0.02764, 0.02711 (0.02736)	KLD: 3.933, 3.597, 3.141, 2.778, 2.231, 2.054, 1.798, 1.604, 1.468, 1.041 (23.557)	Grad: 2078.8
[Epoch  74 (28.60s)]	ELBO (bits/dim): 2.66684, 2.83835, 2.96566, 3.05591, 3.10622, 3.15091, 3.17770, 3.19551, 3.20969, 3.21491 (3.21356)	Reconstruction error (/dim): 0.06603, 0.05568, 0.04690, 0.04057, 0.03641, 0.03276, 0.03050, 0.02886, 0.02764, 0.02710 (0.02716)	KLD: 3.931, 3.603, 3.139, 2.779, 2.224, 2.058, 1.793, 1.594, 1.482, 1.047 (23.422)	Grad: 2050.7
[Epoch  75 (28.87s)]	ELBO (bits/dim): 2.66703, 2.83870, 2.96621, 3.05631, 3.10656, 3.15104, 3.17802, 3.19569, 3.20988, 3.21530 (3.21251)	Reconstruction error (/dim): 0.06602, 0.05567, 0.04686, 0.04053, 0.03639, 0.03274, 0.03048, 0.02887, 0.02763, 0.02708 (0.02703)	KLD: 3.940, 3.601, 3.139, 2.775, 2.228, 2.057, 1.798, 1.595, 1.465, 1.035 (23.752)	Grad: 2049.5
[Epoch  76 (29.17s)]	ELBO (bits/dim): 2.66752, 2.83943, 2.96677, 3.05665, 3.10711, 3.15138, 3.17823, 3.19598, 3.21023, 3.21560 (3.21246)	Reconstruction error (/dim): 0.06598, 0.05563, 0.04681, 0.04051, 0.03635, 0.03271, 0.03045, 0.02882, 0.02760, 0.02705 (0.02719)	KLD: 3.947, 3.606, 3.143, 2.777, 2.230, 2.052, 1.795, 1.601, 1.472, 1.034 (23.786)	Grad: 2005.2
[Epoch  77 (28.76s)]	ELBO (bits/dim): 2.66793, 2.84022, 2.96717, 3.05701, 3.10731, 3.15161, 3.17850, 3.19622, 3.21034, 3.21567 (3.21231)	Reconstruction error (/dim): 0.06597, 0.05558, 0.04679, 0.04048, 0.03634, 0.03269, 0.03044, 0.02881, 0.02759, 0.02705 (0.02733)	KLD: 3.944, 3.608, 3.144, 2.775, 2.228, 2.051, 1.792, 1.592, 1.474, 1.038 (23.323)	Grad: 2121.2
[Epoch  78 (29.70s)]	ELBO (bits/dim): 2.66820, 2.84059, 2.96744, 3.05724, 3.10768, 3.15188, 3.17870, 3.19647, 3.21066, 3.21602 (3.21319)	Reconstruction error (/dim): 0.06593, 0.05554, 0.04677, 0.04046, 0.03631, 0.03268, 0.03042, 0.02880, 0.02757, 0.02701 (0.02714)	KLD: 3.945, 3.607, 3.141, 2.775, 2.231, 2.054, 1.786, 1.592, 1.467, 1.031 (23.863)	Grad: 2158.8
[Epoch  79 (28.22s)]	ELBO (bits/dim): 2.66881, 2.84147, 2.96815, 3.05805, 3.10839, 3.15238, 3.17920, 3.19683, 3.21098, 3.21642 (3.21452)	Reconstruction error (/dim): 0.06590, 0.05551, 0.04673, 0.04040, 0.03625, 0.03264, 0.03038, 0.02876, 0.02754, 0.02698 (0.02707)	KLD: 3.954, 3.612, 3.141, 2.779, 2.227, 2.051, 1.792, 1.594, 1.475, 1.041 (23.508)	Grad: 2111.2
[Epoch  80 (28.79s)]	ELBO (bits/dim): 2.66893, 2.84182, 2.96838, 3.05821, 3.10852, 3.15257, 3.17932, 3.19699, 3.21108, 3.21651 (3.21184)	Reconstruction error (/dim): 0.06590, 0.05548, 0.04672, 0.04040, 0.03625, 0.03263, 0.03038, 0.02877, 0.02755, 0.02699 (0.02737)	KLD: 3.956, 3.609, 3.142, 2.780, 2.225, 2.046, 1.796, 1.589, 1.484, 1.039 (23.760)	Grad: 2081.7
No improvement after 10 epochs...
Best epoch(s): [71]	Training time(s): 2294.51s (2294.51s)	Best ELBO (bits/dim): 3.21651 (3.21511)	Best reconstruction error (/dim): 0.07742 (0.06656)
Avg. mu: -0.057, 0.054, 0.012, 0.006, -0.125, 0.143, -0.034, 0.041, -0.131, -0.119
Avg. var: 0.001, 0.002, 0.003, 0.006, 0.015, 0.020, 0.029, 0.045, 0.074, 0.149
Max. mu: 5.266, 4.934, 3.941, 3.862, 6.023, 4.753, 4.382, 4.728, 4.422, 3.720
Max. var: 0.028, 0.045, 0.032, 0.067, 0.102, 0.100, 0.157, 0.176, 0.530, 0.753
Min. mu: -4.142, -3.863, -3.743, -4.164, -3.741, -3.864, -3.837, -4.057, -4.347, -4.811
Min. var: 0.000, 0.000, 0.000, 0.001, 0.004, 0.005, 0.008, 0.013, 0.011, 0.048
Cov. mu:
[[1.785 -0.453 0.179 -0.155 0.188 -0.074 -0.111 0.120 -0.002 0.000]
 [-0.453 1.549 -0.015 0.016 0.005 0.020 0.034 -0.049 0.104 0.064]
 [0.179 -0.015 0.984 0.078 -0.000 -0.053 -0.019 -0.055 0.024 0.001]
 [-0.155 0.016 0.078 0.962 -0.028 -0.021 0.040 -0.057 -0.037 -0.002]
 [0.188 0.005 -0.000 -0.028 0.968 0.059 -0.118 0.018 -0.034 0.008]
 [-0.074 0.020 -0.053 -0.021 0.059 0.939 -0.003 -0.022 -0.040 0.006]
 [-0.111 0.034 -0.019 0.040 -0.118 -0.003 0.916 -0.073 0.019 0.000]
 [0.120 -0.049 -0.055 -0.057 0.018 -0.022 -0.073 0.939 -0.020 0.007]
 [-0.002 0.104 0.024 -0.037 -0.034 -0.040 0.019 -0.020 0.987 0.068]
 [0.000 0.064 0.001 -0.002 0.008 0.006 0.000 0.007 0.068 0.890]]
