Encoder
=================================================================
Layer (type:depth-idx)                   Param #
=================================================================
Encoder                                  --
├─Linear: 1-1                            786,688
├─Linear: 1-2                            65,792
=================================================================
Total params: 852,480
Trainable params: 852,480
Non-trainable params: 0
=================================================================
Encoder to Latents 0
=================================================================
Layer (type:depth-idx)                   Param #
=================================================================
EncoderToLatents                         --
├─Linear: 1-1                            1,028
├─Linear: 1-2                            1,028
=================================================================
Total params: 2,056
Trainable params: 2,056
Non-trainable params: 0
=================================================================
Encoder to Latents 1
=================================================================
Layer (type:depth-idx)                   Param #
=================================================================
EncoderToLatents                         --
├─Linear: 1-1                            1,028
├─Linear: 1-2                            1,028
=================================================================
Total params: 2,056
Trainable params: 2,056
Non-trainable params: 0
=================================================================
Encoder to Latents 2
=================================================================
Layer (type:depth-idx)                   Param #
=================================================================
EncoderToLatents                         --
├─Linear: 1-1                            1,028
├─Linear: 1-2                            1,028
=================================================================
Total params: 2,056
Trainable params: 2,056
Non-trainable params: 0
=================================================================
Encoder to Latents 3
=================================================================
Layer (type:depth-idx)                   Param #
=================================================================
EncoderToLatents                         --
├─Linear: 1-1                            1,028
├─Linear: 1-2                            1,028
=================================================================
Total params: 2,056
Trainable params: 2,056
Non-trainable params: 0
=================================================================
Encoder to Latents 4
=================================================================
Layer (type:depth-idx)                   Param #
=================================================================
EncoderToLatents                         --
├─Linear: 1-1                            1,028
├─Linear: 1-2                            1,028
=================================================================
Total params: 2,056
Trainable params: 2,056
Non-trainable params: 0
=================================================================
Encoder to Latents 5
=================================================================
Layer (type:depth-idx)                   Param #
=================================================================
EncoderToLatents                         --
├─Linear: 1-1                            1,028
├─Linear: 1-2                            1,028
=================================================================
Total params: 2,056
Trainable params: 2,056
Non-trainable params: 0
=================================================================
Encoder to Latents 6
=================================================================
Layer (type:depth-idx)                   Param #
=================================================================
EncoderToLatents                         --
├─Linear: 1-1                            1,028
├─Linear: 1-2                            1,028
=================================================================
Total params: 2,056
Trainable params: 2,056
Non-trainable params: 0
=================================================================
Encoder to Latents 7
=================================================================
Layer (type:depth-idx)                   Param #
=================================================================
EncoderToLatents                         --
├─Linear: 1-1                            1,028
├─Linear: 1-2                            1,028
=================================================================
Total params: 2,056
Trainable params: 2,056
Non-trainable params: 0
=================================================================
Encoder to Latents 8
=================================================================
Layer (type:depth-idx)                   Param #
=================================================================
EncoderToLatents                         --
├─Linear: 1-1                            1,028
├─Linear: 1-2                            1,028
=================================================================
Total params: 2,056
Trainable params: 2,056
Non-trainable params: 0
=================================================================
Encoder to Latents 9
=================================================================
Layer (type:depth-idx)                   Param #
=================================================================
EncoderToLatents                         --
├─Linear: 1-1                            1,028
├─Linear: 1-2                            1,028
=================================================================
Total params: 2,056
Trainable params: 2,056
Non-trainable params: 0
=================================================================
Encoder to Latents 10
=================================================================
Layer (type:depth-idx)                   Param #
=================================================================
EncoderToLatents                         --
├─Linear: 1-1                            1,028
├─Linear: 1-2                            1,028
=================================================================
Total params: 2,056
Trainable params: 2,056
Non-trainable params: 0
=================================================================
Encoder to Latents 11
=================================================================
Layer (type:depth-idx)                   Param #
=================================================================
EncoderToLatents                         --
├─Linear: 1-1                            1,028
├─Linear: 1-2                            1,028
=================================================================
Total params: 2,056
Trainable params: 2,056
Non-trainable params: 0
=================================================================
Encoder to Latents 12
=================================================================
Layer (type:depth-idx)                   Param #
=================================================================
EncoderToLatents                         --
├─Linear: 1-1                            1,028
├─Linear: 1-2                            1,028
=================================================================
Total params: 2,056
Trainable params: 2,056
Non-trainable params: 0
=================================================================
Encoder to Latents 13
=================================================================
Layer (type:depth-idx)                   Param #
=================================================================
EncoderToLatents                         --
├─Linear: 1-1                            1,028
├─Linear: 1-2                            1,028
=================================================================
Total params: 2,056
Trainable params: 2,056
Non-trainable params: 0
=================================================================
Encoder to Latents 14
=================================================================
Layer (type:depth-idx)                   Param #
=================================================================
EncoderToLatents                         --
├─Linear: 1-1                            1,028
├─Linear: 1-2                            1,028
=================================================================
Total params: 2,056
Trainable params: 2,056
Non-trainable params: 0
=================================================================
Encoder to Latents 15
=================================================================
Layer (type:depth-idx)                   Param #
=================================================================
EncoderToLatents                         --
├─Linear: 1-1                            1,028
├─Linear: 1-2                            1,028
=================================================================
Total params: 2,056
Trainable params: 2,056
Non-trainable params: 0
=================================================================
Latents to Decoder 0
=================================================================
Layer (type:depth-idx)                   Param #
=================================================================
LatentsToDecoder                         --
├─Linear: 1-1                            1,280
=================================================================
Total params: 1,280
Trainable params: 1,280
Non-trainable params: 0
=================================================================
Latents to Decoder 1
=================================================================
Layer (type:depth-idx)                   Param #
=================================================================
LatentsToDecoder                         --
├─Linear: 1-1                            1,280
=================================================================
Total params: 1,280
Trainable params: 1,280
Non-trainable params: 0
=================================================================
Latents to Decoder 2
=================================================================
Layer (type:depth-idx)                   Param #
=================================================================
LatentsToDecoder                         --
├─Linear: 1-1                            1,280
=================================================================
Total params: 1,280
Trainable params: 1,280
Non-trainable params: 0
=================================================================
Latents to Decoder 3
=================================================================
Layer (type:depth-idx)                   Param #
=================================================================
LatentsToDecoder                         --
├─Linear: 1-1                            1,280
=================================================================
Total params: 1,280
Trainable params: 1,280
Non-trainable params: 0
=================================================================
Latents to Decoder 4
=================================================================
Layer (type:depth-idx)                   Param #
=================================================================
LatentsToDecoder                         --
├─Linear: 1-1                            1,280
=================================================================
Total params: 1,280
Trainable params: 1,280
Non-trainable params: 0
=================================================================
Latents to Decoder 5
=================================================================
Layer (type:depth-idx)                   Param #
=================================================================
LatentsToDecoder                         --
├─Linear: 1-1                            1,280
=================================================================
Total params: 1,280
Trainable params: 1,280
Non-trainable params: 0
=================================================================
Latents to Decoder 6
=================================================================
Layer (type:depth-idx)                   Param #
=================================================================
LatentsToDecoder                         --
├─Linear: 1-1                            1,280
=================================================================
Total params: 1,280
Trainable params: 1,280
Non-trainable params: 0
=================================================================
Latents to Decoder 7
=================================================================
Layer (type:depth-idx)                   Param #
=================================================================
LatentsToDecoder                         --
├─Linear: 1-1                            1,280
=================================================================
Total params: 1,280
Trainable params: 1,280
Non-trainable params: 0
=================================================================
Latents to Decoder 8
=================================================================
Layer (type:depth-idx)                   Param #
=================================================================
LatentsToDecoder                         --
├─Linear: 1-1                            1,280
=================================================================
Total params: 1,280
Trainable params: 1,280
Non-trainable params: 0
=================================================================
Latents to Decoder 9
=================================================================
Layer (type:depth-idx)                   Param #
=================================================================
LatentsToDecoder                         --
├─Linear: 1-1                            1,280
=================================================================
Total params: 1,280
Trainable params: 1,280
Non-trainable params: 0
=================================================================
Latents to Decoder 10
=================================================================
Layer (type:depth-idx)                   Param #
=================================================================
LatentsToDecoder                         --
├─Linear: 1-1                            1,280
=================================================================
Total params: 1,280
Trainable params: 1,280
Non-trainable params: 0
=================================================================
Latents to Decoder 11
=================================================================
Layer (type:depth-idx)                   Param #
=================================================================
LatentsToDecoder                         --
├─Linear: 1-1                            1,280
=================================================================
Total params: 1,280
Trainable params: 1,280
Non-trainable params: 0
=================================================================
Latents to Decoder 12
=================================================================
Layer (type:depth-idx)                   Param #
=================================================================
LatentsToDecoder                         --
├─Linear: 1-1                            1,280
=================================================================
Total params: 1,280
Trainable params: 1,280
Non-trainable params: 0
=================================================================
Latents to Decoder 13
=================================================================
Layer (type:depth-idx)                   Param #
=================================================================
LatentsToDecoder                         --
├─Linear: 1-1                            1,280
=================================================================
Total params: 1,280
Trainable params: 1,280
Non-trainable params: 0
=================================================================
Latents to Decoder 14
=================================================================
Layer (type:depth-idx)                   Param #
=================================================================
LatentsToDecoder                         --
├─Linear: 1-1                            1,280
=================================================================
Total params: 1,280
Trainable params: 1,280
Non-trainable params: 0
=================================================================
Latents to Decoder 15
=================================================================
Layer (type:depth-idx)                   Param #
=================================================================
LatentsToDecoder                         --
├─Linear: 1-1                            1,280
=================================================================
Total params: 1,280
Trainable params: 1,280
Non-trainable params: 0
=================================================================
Decoder
=================================================================
Layer (type:depth-idx)                   Param #
=================================================================
Decoder                                  --
├─Linear: 1-1                            65,792
├─Linear: 1-2                            789,504
=================================================================
Total params: 855,296
Trainable params: 855,296
Non-trainable params: 0
=================================================================
Training model 1/16...
[Epoch   1 (12.50s)]	ELBO: -14828.756 (-12397.405)	Log prob: -14804.262 (-12370.781)	KLD: 24.494 (26.624)	Grad: 254.617
[Epoch   2 (13.61s)]	ELBO: -12203.479 (-11943.901)	Log prob: -12177.462 (-11918.560)	KLD: 26.017 (25.342)	Grad: 203.296
[Epoch   3 (16.61s)]	ELBO: -11863.460 (-11682.287)	Log prob: -11837.962 (-11656.840)	KLD: 25.498 (25.446)	Grad: 198.526
[Epoch   4 (14.52s)]	ELBO: -11669.579 (-11568.814)	Log prob: -11644.019 (-11542.207)	KLD: 25.559 (26.607)	Grad: 192.604
[Epoch   5 (14.52s)]	ELBO: -11537.930 (-11733.072)	Log prob: -11512.363 (-11707.376)	KLD: 25.568 (25.696)	Grad: 162.494
[Epoch   6 (14.56s)]	ELBO: -11508.897 (-11341.582)	Log prob: -11483.442 (-11317.358)	KLD: 25.456 (24.224)	Grad: 176.423
[Epoch   7 (15.52s)]	ELBO: -11383.122 (-11385.544)	Log prob: -11357.500 (-11359.840)	KLD: 25.623 (25.705)	Grad: 155.676
[Epoch   8 (15.30s)]	ELBO: -11314.206 (-11396.053)	Log prob: -11288.432 (-11370.143)	KLD: 25.775 (25.910)	Grad: 169.679
[Epoch   9 (15.47s)]	ELBO: -11314.846 (-11189.023)	Log prob: -11289.528 (-11163.693)	KLD: 25.316 (25.329)	Grad: 167.717
[Epoch  10 (17.04s)]	ELBO: -11262.988 (-11137.028)	Log prob: -11237.481 (-11111.806)	KLD: 25.507 (25.222)	Grad: 147.024
Training model 2/16...
[Epoch   1 (23.59s)]	ELBO: -10368.039 (-8295.989)	Log prob: -10328.990 (-8251.789)	KLD: 13.690 (44.200)	Grad: 65.571
[Epoch   2 (23.12s)]	ELBO: -8253.937 (-7975.185)	Log prob: -8209.932 (-7931.503)	KLD: 19.108 (43.682)	Grad: 73.063
[Epoch   3 (22.87s)]	ELBO: -8017.369 (-7977.898)	Log prob: -7973.247 (-7933.730)	KLD: 19.367 (44.168)	Grad: 65.028
[Epoch   4 (23.00s)]	ELBO: -7879.262 (-7862.102)	Log prob: -7835.018 (-7817.769)	KLD: 19.703 (44.334)	Grad: 59.376
[Epoch   5 (23.15s)]	ELBO: -7826.057 (-7651.592)	Log prob: -7782.189 (-7606.924)	KLD: 19.633 (44.668)	Grad: 59.460
[Epoch   6 (23.26s)]	ELBO: -7810.827 (-8096.754)	Log prob: -7767.264 (-8052.927)	KLD: 19.402 (43.827)	Grad: 63.621
[Epoch   7 (23.59s)]	ELBO: -7787.636 (-7732.895)	Log prob: -7744.329 (-7689.274)	KLD: 19.213 (43.621)	Grad: 62.798
[Epoch   8 (22.86s)]	ELBO: -7723.748 (-7607.432)	Log prob: -7680.618 (-7564.427)	KLD: 19.249 (43.005)	Grad: 57.517
[Epoch   9 (24.12s)]	ELBO: -7690.616 (-7729.518)	Log prob: -7647.890 (-7686.597)	KLD: 19.019 (42.921)	Grad: 59.049
[Epoch  10 (23.42s)]	ELBO: -7693.966 (-7587.219)	Log prob: -7651.297 (-7544.628)	KLD: 19.087 (42.591)	Grad: 56.357
Training model 3/16...
[Epoch   1 (36.70s)]	ELBO: -7716.052 (-7198.943)	Log prob: -7662.208 (-7144.434)	KLD: 11.557 (54.509)	Grad: 47.296
[Epoch   2 (39.54s)]	ELBO: -7202.301 (-6914.154)	Log prob: -7146.173 (-6857.290)	KLD: 14.229 (56.863)	Grad: 42.822
[Epoch   3 (35.93s)]	ELBO: -6586.411 (-6214.610)	Log prob: -6528.039 (-6155.764)	KLD: 16.543 (58.846)	Grad: 56.547
[Epoch   4 (35.05s)]	ELBO: -6238.764 (-6092.047)	Log prob: -6179.105 (-6029.737)	KLD: 18.329 (62.310)	Grad: 67.160
[Epoch   5 (33.21s)]	ELBO: -6045.380 (-5941.570)	Log prob: -5985.162 (-5881.373)	KLD: 19.026 (60.197)	Grad: 65.268
[Epoch   6 (34.34s)]	ELBO: -5908.134 (-5836.127)	Log prob: -5847.884 (-5776.430)	KLD: 19.096 (59.697)	Grad: 60.663
[Epoch   7 (36.24s)]	ELBO: -5867.138 (-6141.872)	Log prob: -5807.050 (-6081.226)	KLD: 19.076 (60.646)	Grad: 62.977
[Epoch   8 (33.84s)]	ELBO: -5861.464 (-5761.378)	Log prob: -5801.860 (-5701.190)	KLD: 18.733 (60.188)	Grad: 59.283
[Epoch   9 (33.47s)]	ELBO: -5782.042 (-5851.708)	Log prob: -5722.702 (-5792.138)	KLD: 18.778 (59.570)	Grad: 61.623
[Epoch  10 (29.62s)]	ELBO: -5757.339 (-5628.614)	Log prob: -5698.563 (-5570.027)	KLD: 18.174 (58.587)	Grad: 61.245
Training model 4/16...
[Epoch   1 (37.45s)]	ELBO: -6125.958 (-5826.104)	Log prob: -6054.383 (-5753.220)	KLD: 12.971 (72.884)	Grad: 50.152
[Epoch   2 (36.37s)]	ELBO: -5664.952 (-5716.404)	Log prob: -5592.767 (-5644.437)	KLD: 14.073 (71.966)	Grad: 32.096
[Epoch   3 (34.85s)]	ELBO: -5553.538 (-5482.981)	Log prob: -5481.249 (-5410.252)	KLD: 14.562 (72.728)	Grad: 33.217
[Epoch   4 (35.20s)]	ELBO: -5306.601 (-5216.614)	Log prob: -5233.729 (-5143.083)	KLD: 15.338 (73.531)	Grad: 38.335
[Epoch   5 (35.67s)]	ELBO: -5015.730 (-4897.497)	Log prob: -4941.919 (-4824.118)	KLD: 16.467 (73.379)	Grad: 48.558
[Epoch   6 (38.33s)]	ELBO: -4872.050 (-4760.715)	Log prob: -4798.182 (-4686.430)	KLD: 16.713 (74.286)	Grad: 56.436
[Epoch   7 (42.13s)]	ELBO: -4763.111 (-4721.040)	Log prob: -4688.828 (-4644.924)	KLD: 17.253 (76.117)	Grad: 53.212
[Epoch   8 (42.91s)]	ELBO: -4659.281 (-4702.526)	Log prob: -4584.911 (-4626.722)	KLD: 17.468 (75.804)	Grad: 50.965
[Epoch   9 (42.75s)]	ELBO: -4572.235 (-4547.228)	Log prob: -4498.420 (-4472.191)	KLD: 17.276 (75.037)	Grad: 56.191
[Epoch  10 (42.37s)]	ELBO: -4482.426 (-4429.928)	Log prob: -4408.239 (-4356.176)	KLD: 17.632 (73.753)	Grad: 54.441
Training model 5/16...
[Epoch   1 (50.15s)]	ELBO: -4599.677 (-4455.185)	Log prob: -4512.270 (-4366.818)	KLD: 13.924 (88.367)	Grad: 39.390
[Epoch   2 (49.45s)]	ELBO: -4372.320 (-4243.751)	Log prob: -4285.048 (-4156.185)	KLD: 14.246 (87.566)	Grad: 25.353
[Epoch   3 (49.99s)]	ELBO: -4268.035 (-4189.105)	Log prob: -4181.613 (-4102.175)	KLD: 13.903 (86.930)	Grad: 26.288
[Epoch   4 (50.62s)]	ELBO: -4102.433 (-4004.374)	Log prob: -4015.752 (-3917.612)	KLD: 14.285 (86.762)	Grad: 30.408
[Epoch   5 (47.15s)]	ELBO: -3998.319 (-3961.506)	Log prob: -3911.778 (-3871.896)	KLD: 14.525 (89.610)	Grad: 31.931
[Epoch   6 (47.84s)]	ELBO: -3965.579 (-3992.345)	Log prob: -3879.422 (-3907.515)	KLD: 14.557 (84.830)	Grad: 33.739
[Epoch   7 (49.84s)]	ELBO: -3902.321 (-3852.045)	Log prob: -3816.366 (-3766.237)	KLD: 14.417 (85.808)	Grad: 31.923
[Epoch   8 (49.59s)]	ELBO: -3872.168 (-3879.963)	Log prob: -3786.395 (-3794.803)	KLD: 14.471 (85.159)	Grad: 32.447
[Epoch   9 (49.13s)]	ELBO: -3817.489 (-3851.452)	Log prob: -3731.721 (-3764.870)	KLD: 14.724 (86.582)	Grad: 33.302
[Epoch  10 (49.24s)]	ELBO: -3720.841 (-3745.815)	Log prob: -3634.928 (-3659.119)	KLD: 15.169 (86.697)	Grad: 38.257
Training model 6/16...
[Epoch   1 (56.24s)]	ELBO: -3860.657 (-3651.754)	Log prob: -3760.156 (-3550.922)	KLD: 14.644 (100.832)	Grad: 46.496
[Epoch   2 (50.52s)]	ELBO: -3641.102 (-3562.974)	Log prob: -3540.790 (-3462.835)	KLD: 15.101 (100.139)	Grad: 30.200
[Epoch   3 (48.15s)]	ELBO: -3621.739 (-3546.772)	Log prob: -3522.173 (-3447.605)	KLD: 14.662 (99.166)	Grad: 28.723
[Epoch   4 (49.67s)]	ELBO: -3549.584 (-3637.025)	Log prob: -3450.837 (-3536.582)	KLD: 14.024 (100.443)	Grad: 24.899
[Epoch   5 (48.85s)]	ELBO: -3497.677 (-3497.482)	Log prob: -3399.373 (-3400.475)	KLD: 13.574 (97.007)	Grad: 23.178
[Epoch   6 (54.66s)]	ELBO: -3402.624 (-3407.217)	Log prob: -3304.575 (-3310.470)	KLD: 13.200 (96.748)	Grad: 22.969
[Epoch   7 (51.46s)]	ELBO: -3324.257 (-3319.846)	Log prob: -3226.772 (-3222.368)	KLD: 12.768 (97.478)	Grad: 20.351
[Epoch   8 (56.66s)]	ELBO: -3310.957 (-3518.688)	Log prob: -3214.005 (-3421.964)	KLD: 12.392 (96.724)	Grad: 21.799
[Epoch   9 (64.81s)]	ELBO: -3286.091 (-3343.204)	Log prob: -3189.440 (-3249.642)	KLD: 12.311 (93.562)	Grad: 19.903
[Epoch  10 (62.98s)]	ELBO: -3248.960 (-3168.053)	Log prob: -3152.462 (-3069.547)	KLD: 12.235 (98.506)	Grad: 20.098
Training model 7/16...
[Epoch   1 (78.08s)]	ELBO: -3427.288 (-3322.083)	Log prob: -3315.659 (-3210.483)	KLD: 15.402 (111.600)	Grad: 58.510
[Epoch   2 (77.75s)]	ELBO: -3145.308 (-3127.899)	Log prob: -3032.939 (-3015.308)	KLD: 15.768 (112.591)	Grad: 34.285
[Epoch   3 (83.12s)]	ELBO: -3065.380 (-3107.911)	Log prob: -2953.421 (-2995.135)	KLD: 15.255 (112.776)	Grad: 30.624
[Epoch   4 (86.92s)]	ELBO: -2983.000 (-3172.269)	Log prob: -2871.798 (-3060.430)	KLD: 14.500 (111.838)	Grad: 25.692
[Epoch   5 (84.66s)]	ELBO: -2961.702 (-3009.058)	Log prob: -2851.636 (-2899.434)	KLD: 13.679 (109.624)	Grad: 23.240
[Epoch   6 (88.13s)]	ELBO: -2904.386 (-2986.329)	Log prob: -2795.021 (-2875.611)	KLD: 13.248 (110.718)	Grad: 19.877
[Epoch   7 (93.76s)]	ELBO: -2845.839 (-2865.411)	Log prob: -2736.819 (-2755.151)	KLD: 12.756 (110.261)	Grad: 18.615
[Epoch   8 (84.26s)]	ELBO: -2828.595 (-2889.662)	Log prob: -2720.368 (-2781.330)	KLD: 12.049 (108.332)	Grad: 19.410
[Epoch   9 (84.27s)]	ELBO: -2783.769 (-2766.285)	Log prob: -2675.931 (-2659.845)	KLD: 11.804 (106.440)	Grad: 17.261
[Epoch  10 (94.37s)]	ELBO: -2750.924 (-2731.873)	Log prob: -2643.582 (-2625.594)	KLD: 11.336 (106.278)	Grad: 15.527
Training model 8/16...
[Epoch   1 (84.13s)]	ELBO: -2941.509 (-2733.320)	Log prob: -2819.941 (-2612.711)	KLD: 15.438 (120.608)	Grad: 46.813
[Epoch   2 (78.93s)]	ELBO: -2741.335 (-2820.476)	Log prob: -2620.288 (-2699.904)	KLD: 15.701 (120.572)	Grad: 29.682
[Epoch   3 (64.95s)]	ELBO: -2716.403 (-2735.376)	Log prob: -2596.689 (-2615.726)	KLD: 14.789 (119.650)	Grad: 27.361
[Epoch   4 (78.09s)]	ELBO: -2721.349 (-2780.650)	Log prob: -2602.379 (-2661.250)	KLD: 14.239 (119.399)	Grad: 26.100
[Epoch   5 (91.20s)]	ELBO: -2620.994 (-2660.672)	Log prob: -2502.603 (-2543.915)	KLD: 13.259 (116.757)	Grad: 20.842
[Epoch   6 (84.12s)]	ELBO: -2561.643 (-2635.687)	Log prob: -2443.218 (-2515.679)	KLD: 12.611 (120.008)	Grad: 20.263
[Epoch   7 (61.84s)]	ELBO: -2479.921 (-2524.216)	Log prob: -2361.335 (-2404.566)	KLD: 12.139 (119.650)	Grad: 18.646
[Epoch   8 (52.36s)]	ELBO: -2425.404 (-2701.545)	Log prob: -2306.939 (-2584.464)	KLD: 11.592 (117.081)	Grad: 17.102
[Epoch   9 (48.97s)]	ELBO: -2395.448 (-2424.983)	Log prob: -2277.190 (-2307.698)	KLD: 11.412 (117.285)	Grad: 17.670
[Epoch  10 (49.81s)]	ELBO: -2324.437 (-2360.760)	Log prob: -2206.195 (-2240.831)	KLD: 11.165 (119.929)	Grad: 16.758
Training model 9/16...
[Epoch   1 (59.41s)]	ELBO: -2500.063 (-2432.206)	Log prob: -2365.393 (-2294.613)	KLD: 16.877 (137.593)	Grad: 70.394
[Epoch   2 (61.74s)]	ELBO: -2276.573 (-2248.909)	Log prob: -2141.878 (-2113.911)	KLD: 17.085 (134.998)	Grad: 43.705
[Epoch   3 (64.82s)]	ELBO: -2195.052 (-2210.796)	Log prob: -2060.874 (-2077.304)	KLD: 16.682 (133.492)	Grad: 35.949
[Epoch   4 (64.80s)]	ELBO: -2153.082 (-2226.764)	Log prob: -2020.093 (-2095.019)	KLD: 15.763 (131.745)	Grad: 30.285
[Epoch   5 (64.74s)]	ELBO: -2104.467 (-2148.794)	Log prob: -1972.500 (-2017.618)	KLD: 14.941 (131.177)	Grad: 26.446
[Epoch   6 (64.19s)]	ELBO: -2087.396 (-2168.440)	Log prob: -1956.461 (-2037.449)	KLD: 14.145 (130.990)	Grad: 23.921
[Epoch   7 (66.55s)]	ELBO: -2070.625 (-2098.822)	Log prob: -1940.700 (-1968.872)	KLD: 13.331 (129.949)	Grad: 22.216
[Epoch   8 (81.06s)]	ELBO: -2012.193 (-2192.792)	Log prob: -1882.920 (-2063.975)	KLD: 12.546 (128.817)	Grad: 19.061
[Epoch   9 (80.61s)]	ELBO: -1980.212 (-1976.766)	Log prob: -1851.520 (-1848.218)	KLD: 11.937 (128.548)	Grad: 18.490
[Epoch  10 (83.75s)]	ELBO: -1928.766 (-1988.102)	Log prob: -1800.789 (-1858.171)	KLD: 11.461 (129.932)	Grad: 15.794
Training model 10/16...
[Epoch   1 (72.43s)]	ELBO: -2126.709 (-2060.143)	Log prob: -1982.589 (-1915.850)	KLD: 17.192 (144.293)	Grad: 51.830
[Epoch   2 (74.81s)]	ELBO: -1968.939 (-2024.638)	Log prob: -1825.700 (-1883.777)	KLD: 16.960 (140.861)	Grad: 33.663
[Epoch   3 (70.20s)]	ELBO: -1926.795 (-1899.110)	Log prob: -1785.797 (-1758.855)	KLD: 15.504 (140.255)	Grad: 27.859
[Epoch   4 (70.26s)]	ELBO: -1910.321 (-1953.835)	Log prob: -1771.019 (-1817.811)	KLD: 14.254 (136.024)	Grad: 24.913
[Epoch   5 (68.04s)]	ELBO: -1898.656 (-2049.702)	Log prob: -1760.843 (-1909.532)	KLD: 13.121 (140.170)	Grad: 22.508
[Epoch   6 (67.24s)]	ELBO: -1887.839 (-2258.977)	Log prob: -1751.069 (-2121.612)	KLD: 12.317 (137.366)	Grad: 19.312
[Epoch   7 (76.03s)]	ELBO: -1869.848 (-2076.000)	Log prob: -1733.635 (-1937.746)	KLD: 11.856 (138.253)	Grad: 18.002
[Epoch   8 (76.19s)]	ELBO: -1845.426 (-1934.025)	Log prob: -1710.033 (-1799.347)	KLD: 11.574 (134.677)	Grad: 16.051
[Epoch   9 (74.29s)]	ELBO: -1844.434 (-1871.589)	Log prob: -1709.932 (-1734.280)	KLD: 10.920 (137.308)	Grad: 16.006
[Epoch  10 (76.18s)]	ELBO: -1824.752 (-1919.334)	Log prob: -1690.666 (-1785.294)	KLD: 10.619 (134.039)	Grad: 14.255
Training model 11/16...
[Epoch   1 (86.68s)]	ELBO: -2028.160 (-1900.466)	Log prob: -1876.130 (-1749.151)	KLD: 18.168 (151.315)	Grad: 67.911
[Epoch   2 (90.15s)]	ELBO: -1812.135 (-1956.943)	Log prob: -1660.434 (-1805.144)	KLD: 18.071 (151.800)	Grad: 43.209
[Epoch   3 (101.72s)]	ELBO: -1776.482 (-1857.177)	Log prob: -1626.542 (-1711.360)	KLD: 16.675 (145.816)	Grad: 35.481
[Epoch   4 (92.87s)]	ELBO: -1729.293 (-1777.029)	Log prob: -1581.217 (-1628.466)	KLD: 15.433 (148.563)	Grad: 28.554
[Epoch   5 (79.58s)]	ELBO: -1717.644 (-1813.917)	Log prob: -1570.812 (-1669.662)	KLD: 14.493 (144.255)	Grad: 25.059
[Epoch   6 (66.49s)]	ELBO: -1701.952 (-1839.503)	Log prob: -1556.165 (-1695.335)	KLD: 13.565 (144.169)	Grad: 23.291
[Epoch   7 (65.42s)]	ELBO: -1668.297 (-1777.321)	Log prob: -1522.605 (-1628.411)	KLD: 12.816 (148.910)	Grad: 20.849
[Epoch   8 (70.41s)]	ELBO: -1628.516 (-1647.032)	Log prob: -1482.515 (-1500.895)	KLD: 12.148 (146.137)	Grad: 20.560
[Epoch   9 (74.41s)]	ELBO: -1579.680 (-1702.976)	Log prob: -1434.658 (-1558.645)	KLD: 11.744 (144.331)	Grad: 17.140
[Epoch  10 (76.47s)]	ELBO: -1576.065 (-1606.184)	Log prob: -1432.223 (-1464.948)	KLD: 11.216 (141.236)	Grad: 16.465
Training model 12/16...
[Epoch   1 (85.01s)]	ELBO: -1771.583 (-1843.745)	Log prob: -1611.938 (-1687.702)	KLD: 16.963 (156.043)	Grad: 61.476
[Epoch   2 (85.79s)]	ELBO: -1613.556 (-1878.694)	Log prob: -1454.393 (-1719.027)	KLD: 17.458 (159.667)	Grad: 44.400
[Epoch   3 (84.71s)]	ELBO: -1582.272 (-1737.818)	Log prob: -1424.786 (-1580.237)	KLD: 16.598 (157.581)	Grad: 35.072
[Epoch   4 (84.39s)]	ELBO: -1557.772 (-1592.886)	Log prob: -1401.726 (-1437.750)	KLD: 15.626 (155.137)	Grad: 30.763
[Epoch   5 (86.84s)]	ELBO: -1512.488 (-1572.765)	Log prob: -1357.037 (-1416.511)	KLD: 14.553 (156.254)	Grad: 26.782
[Epoch   6 (82.01s)]	ELBO: -1464.504 (-1756.722)	Log prob: -1310.007 (-1603.903)	KLD: 13.684 (152.819)	Grad: 23.086
[Epoch   7 (76.30s)]	ELBO: -1454.091 (-1497.160)	Log prob: -1300.853 (-1345.995)	KLD: 12.882 (151.165)	Grad: 21.090
[Epoch   8 (76.29s)]	ELBO: -1433.083 (-1469.048)	Log prob: -1281.190 (-1316.537)	KLD: 12.284 (152.511)	Grad: 19.882
[Epoch   9 (75.55s)]	ELBO: -1424.514 (-1512.167)	Log prob: -1273.484 (-1359.792)	KLD: 11.735 (152.374)	Grad: 18.275
[Epoch  10 (76.71s)]	ELBO: -1425.341 (-1492.607)	Log prob: -1275.388 (-1345.026)	KLD: 11.210 (147.581)	Grad: 17.229
Training model 13/16...
[Epoch   1 (82.34s)]	ELBO: -1618.426 (-1712.213)	Log prob: -1452.503 (-1547.210)	KLD: 16.540 (165.003)	Grad: 75.075
[Epoch   2 (83.79s)]	ELBO: -1460.410 (-1501.735)	Log prob: -1295.176 (-1335.289)	KLD: 16.902 (166.446)	Grad: 52.522
[Epoch   3 (85.66s)]	ELBO: -1420.620 (-1492.820)	Log prob: -1256.294 (-1329.299)	KLD: 16.589 (163.522)	Grad: 42.729
[Epoch   4 (86.68s)]	ELBO: -1411.721 (-1549.562)	Log prob: -1248.668 (-1386.906)	KLD: 16.090 (162.656)	Grad: 37.375
[Epoch   5 (90.40s)]	ELBO: -1392.210 (-1556.279)	Log prob: -1230.172 (-1392.663)	KLD: 14.985 (163.617)	Grad: 33.411
[Epoch   6 (96.55s)]	ELBO: -1365.628 (-1393.978)	Log prob: -1203.686 (-1233.752)	KLD: 14.323 (160.226)	Grad: 27.369
[Epoch   7 (91.92s)]	ELBO: -1321.183 (-1350.731)	Log prob: -1160.120 (-1190.555)	KLD: 13.316 (160.177)	Grad: 22.713
[Epoch   8 (88.05s)]	ELBO: -1299.626 (-1302.092)	Log prob: -1139.573 (-1141.114)	KLD: 12.560 (160.978)	Grad: 19.819
[Epoch   9 (92.32s)]	ELBO: -1281.386 (-1452.842)	Log prob: -1122.278 (-1290.875)	KLD: 11.920 (161.967)	Grad: 17.994
[Epoch  10 (92.77s)]	ELBO: -1288.681 (-1457.512)	Log prob: -1130.718 (-1299.814)	KLD: 11.242 (157.698)	Grad: 17.088
Training model 14/16...
[Epoch   1 (100.75s)]	ELBO: -1465.266 (-1515.888)	Log prob: -1291.071 (-1340.036)	KLD: 17.431 (175.852)	Grad: 64.379
[Epoch   2 (102.12s)]	ELBO: -1316.945 (-1396.064)	Log prob: -1144.256 (-1223.832)	KLD: 17.114 (172.232)	Grad: 44.216
[Epoch   3 (104.53s)]	ELBO: -1296.849 (-1405.667)	Log prob: -1126.034 (-1236.291)	KLD: 16.108 (169.376)	Grad: 38.121
[Epoch   4 (109.54s)]	ELBO: -1259.863 (-1371.418)	Log prob: -1090.542 (-1203.708)	KLD: 15.075 (167.711)	Grad: 29.686
[Epoch   5 (104.65s)]	ELBO: -1252.526 (-1410.091)	Log prob: -1084.656 (-1241.627)	KLD: 14.129 (168.464)	Grad: 26.283
[Epoch   6 (105.91s)]	ELBO: -1257.282 (-1260.506)	Log prob: -1090.217 (-1094.526)	KLD: 13.475 (165.979)	Grad: 23.800
[Epoch   7 (104.48s)]	ELBO: -1236.338 (-1263.441)	Log prob: -1070.216 (-1096.747)	KLD: 12.780 (166.694)	Grad: 22.962
[Epoch   8 (100.26s)]	ELBO: -1221.799 (-1292.448)	Log prob: -1056.377 (-1131.562)	KLD: 12.005 (160.886)	Grad: 19.681
[Epoch   9 (104.18s)]	ELBO: -1177.057 (-1342.267)	Log prob: -1012.098 (-1177.965)	KLD: 11.502 (164.303)	Grad: 16.331
[Epoch  10 (100.56s)]	ELBO: -1165.369 (-1181.993)	Log prob: -999.961 (-1018.296)	KLD: 11.095 (163.697)	Grad: 17.276
Training model 15/16...
[Epoch   1 (116.93s)]	ELBO: -1334.050 (-1213.268)	Log prob: -1151.168 (-1029.389)	KLD: 17.485 (183.879)	Grad: 83.895
[Epoch   2 (117.08s)]	ELBO: -1140.729 (-1220.094)	Log prob: -958.889 (-1037.034)	KLD: 17.753 (183.060)	Grad: 48.679
[Epoch   3 (125.84s)]	ELBO: -1127.543 (-1170.986)	Log prob: -947.618 (-993.264)	KLD: 16.729 (177.722)	Grad: 42.204
[Epoch   4 (131.21s)]	ELBO: -1089.857 (-1163.111)	Log prob: -911.952 (-984.157)	KLD: 15.902 (178.954)	Grad: 32.779
[Epoch   5 (145.07s)]	ELBO: -1065.820 (-1235.454)	Log prob: -889.269 (-1060.777)	KLD: 15.153 (174.677)	Grad: 28.478
[Epoch   6 (117.37s)]	ELBO: -1073.289 (-1260.051)	Log prob: -898.085 (-1084.638)	KLD: 14.338 (175.414)	Grad: 23.776
[Epoch   7 (111.53s)]	ELBO: -1049.423 (-1102.484)	Log prob: -876.235 (-929.024)	KLD: 13.190 (173.460)	Grad: 19.767
[Epoch   8 (111.72s)]	ELBO: -1045.227 (-1210.774)	Log prob: -873.270 (-1037.047)	KLD: 12.397 (173.728)	Grad: 18.055
[Epoch   9 (132.97s)]	ELBO: -1040.887 (-1126.341)	Log prob: -870.138 (-958.560)	KLD: 11.669 (167.781)	Grad: 16.713
[Epoch  10 (140.39s)]	ELBO: -1021.198 (-1127.737)	Log prob: -851.029 (-957.665)	KLD: 11.280 (170.072)	Grad: 15.300
Training model 16/16...
[Epoch   1 (129.83s)]	ELBO: -1286.179 (-1251.352)	Log prob: -1099.002 (-1063.121)	KLD: 17.602 (188.231)	Grad: 84.245
[Epoch   2 (136.94s)]	ELBO: -1071.428 (-1068.979)	Log prob: -884.755 (-883.725)	KLD: 17.775 (185.254)	Grad: 52.060
[Epoch   3 (121.05s)]	ELBO: -1019.596 (-1223.575)	Log prob: -833.577 (-1039.452)	KLD: 17.327 (184.123)	Grad: 50.132
[Epoch   4 (118.72s)]	ELBO: -996.525 (-1178.500)	Log prob: -811.855 (-996.636)	KLD: 16.425 (181.864)	Grad: 41.589
[Epoch   5 (119.81s)]	ELBO: -981.050 (-1070.561)	Log prob: -797.482 (-887.040)	KLD: 15.770 (183.520)	Grad: 39.898
[Epoch   6 (122.80s)]	ELBO: -950.865 (-1052.775)	Log prob: -768.188 (-869.051)	KLD: 15.275 (183.724)	Grad: 33.409
[Epoch   7 (108.77s)]	ELBO: -944.841 (-1046.415)	Log prob: -763.500 (-862.065)	KLD: 14.764 (184.351)	Grad: 31.184
[Epoch   8 (108.61s)]	ELBO: -932.253 (-1180.996)	Log prob: -751.725 (-997.179)	KLD: 14.284 (183.817)	Grad: 28.843
[Epoch   9 (117.51s)]	ELBO: -919.955 (-1081.337)	Log prob: -739.736 (-898.597)	KLD: 13.989 (182.740)	Grad: 29.617
[Epoch  10 (109.21s)]	ELBO: -875.804 (-942.487)	Log prob: -695.302 (-765.155)	KLD: 13.635 (177.333)	Grad: 25.504
Best epoch(s): [10, 10, 10, 10, 10, 10, 10, 10, 9, 9, 10, 8, 8, 10, 7, 10]	Training time(s): 149.65s, 232.97s, 347.94s, 388.05s, 492.99s, 544.00s, 855.32s, 694.41s, 691.68s, 725.65s, 804.19s, 813.61s, 890.47s, 1036.97s, 1250.11s, 1193.24s (11111.23s)	Best ELBO: -875.804 (-942.487)	Best log prob: -695.302 (-765.155)
Avg. mu: 1.891, -0.268, -0.818, 0.448, 0.422, 0.014, 0.199, -0.083, -0.293, -0.059, 0.282, 0.194, -0.062, -0.078, 0.127, -0.081, -0.069, 0.334, -0.198, 0.031, -0.312, 0.047, -0.406, -0.028, -0.373, -0.351, -0.345, 0.152, -0.372, -0.144, -0.049, -0.511, -0.527, 0.200, 0.240, -0.421, -0.403, -0.086, 0.792, 0.367, 0.313, 0.488, 0.761, -0.028, -0.650, 0.216, 0.184, -0.211, -0.355, -0.455, -0.559, -0.473, -0.337, 0.361, -0.641, 0.279, 0.010, -0.169, 0.008, -0.223, 0.336, 0.164, -0.325, 0.248
Avg. var: 0.000, 0.000, 0.000, 0.000, 0.000, 0.000, 0.001, 0.000, 0.001, 0.001, 0.000, 0.001, 0.001, 0.001, 0.001, 0.001, 0.002, 0.001, 0.002, 0.001, 0.001, 0.001, 0.002, 0.002, 0.001, 0.002, 0.002, 0.002, 0.001, 0.002, 0.003, 0.002, 0.001, 0.002, 0.001, 0.012, 0.024, 0.428, 0.031, 0.006, 0.123, 0.012, 0.010, 0.009, 0.012, 0.051, 0.010, 0.021, 0.033, 0.016, 0.010, 0.071, 0.019, 0.008, 0.021, 0.013, 0.009, 0.005, 0.010, 0.008, 0.001, 0.001, 0.001, 0.001
Max. mu: 4.866, 8.526, 3.774, 4.860, 5.292, 3.723, 4.777, 4.771, 4.424, 4.748, 7.440, 7.292, 5.344, 4.569, 6.526, 4.995, 3.513, 3.551, 3.934, 3.620, 2.745, 3.344, 3.606, 3.749, 2.361, 2.810, 2.411, 4.219, 2.036, 3.472, 3.456, 2.137, 0.994, 2.897, 2.147, 4.065, 1.597, 2.954, 2.708, 1.938, 3.806, 1.697, 2.083, 1.100, 0.046, 1.301, 1.389, 1.481, 0.296, 0.088, -0.007, 0.768, 0.269, 1.227, 0.853, 0.880, 0.678, 0.367, 0.443, 0.111, 0.618, 0.400, -0.124, 0.661
Max. var: 0.000, 0.002, 0.001, 0.001, 0.002, 0.002, 0.002, 0.003, 0.004, 0.005, 0.004, 0.003, 0.011, 0.006, 0.008, 0.005, 0.009, 0.005, 0.011, 0.010, 0.014, 0.010, 0.008, 0.013, 0.013, 0.012, 0.016, 0.014, 0.009, 0.011, 0.034, 0.019, 0.006, 0.020, 0.015, 0.119, 0.359, 1.981, 0.186, 0.077, 0.353, 0.083, 0.033, 0.069, 0.108, 0.145, 0.036, 0.095, 0.092, 0.057, 0.085, 0.294, 0.091, 0.080, 0.093, 0.064, 0.046, 0.040, 0.061, 0.043, 0.029, 0.031, 0.028, 0.026
Min. mu: -2.277, -4.936, -4.316, -4.543, -4.988, -5.602, -5.256, -5.031, -4.394, -9.396, -4.278, -7.083, -9.059, -4.353, -4.290, -4.177, -4.591, -3.113, -3.671, -3.581, -3.288, -4.042, -3.410, -3.264, -3.122, -4.105, -3.438, -4.056, -2.945, -3.161, -2.962, -3.586, -2.279, -2.273, -1.546, -3.580, -2.811, -2.141, -0.584, -0.807, -1.689, -0.974, -0.164, -2.642, -1.805, -1.495, -0.962, -1.688, -1.208, -1.452, -1.711, -1.911, -0.994, -0.499, -1.418, -0.517, -0.330, -0.607, -0.565, -0.581, 0.100, -0.086, -0.646, 0.091
Min. var: 0.000, 0.000, 0.000, 0.000, 0.000, 0.000, 0.000, 0.000, 0.000, 0.000, 0.000, 0.000, 0.000, 0.000, 0.000, 0.000, 0.000, 0.000, 0.000, 0.000, 0.000, 0.000, 0.000, 0.000, 0.000, 0.000, 0.000, 0.000, 0.000, 0.000, 0.001, 0.000, 0.000, 0.000, 0.000, 0.002, 0.001, 0.048, 0.002, 0.000, 0.015, 0.001, 0.001, 0.001, 0.001, 0.002, 0.000, 0.003, 0.001, 0.001, 0.000, 0.005, 0.001, 0.000, 0.000, 0.001, 0.000, 0.000, 0.000, 0.000, 0.000, 0.000, 0.000, 0.000
Cov. mu:
[[0.478 0.290 -0.023 ... 0.004 0.010 0.007]
 [0.290 1.834 0.169 ... 0.015 0.001 0.012]
 [-0.023 0.169 0.897 ... -0.001 -0.005 -0.001]
 ...
 [0.004 0.015 -0.001 ... 0.001 0.000 0.000]
 [0.010 0.001 -0.005 ... 0.000 0.001 0.000]
 [0.007 0.012 -0.001 ... 0.000 0.000 0.001]]
