=================================================================
Layer (type:depth-idx)                   Param #
=================================================================
Quotient                                 --
├─Canvas: 1-1                            --
│    └─Linear: 2-1                       784
├─KL: 1-2                                --
│    └─Linear: 2-2                       1
│    └─Linear: 2-3                       1
├─Encoder: 1-3                           --
│    └─Linear: 2-4                       76,930
│    └─Linear: 2-5                       9,702
├─EncoderToLatents: 1-4                  --
│    └─Linear: 2-6                       99
│    └─Linear: 2-7                       99
├─ModuleList: 1-5                        --
│    └─LatentsToDecoder: 2-8             --
│    │    └─Linear: 3-1                  196
│    └─LatentsToDecoder: 2-9             --
│    │    └─Linear: 3-2                  196
├─Decoder: 1-6                           --
│    └─Linear: 2-10                      9,702
│    └─Linear: 2-11                      77,616
=================================================================
Total params: 175,326
Trainable params: 175,326
Non-trainable params: 0
=================================================================
[Epoch   1 (26.34s)]	ELBO: 319.853, 467.425 (899.940)	Log prob: 319.882, 467.487 (899.990)	KLD: 0.030, 0.033 (0.049)	Grad: 177298.375
[Epoch   2 (24.73s)]	ELBO: 952.652, 1083.533 (1136.435)	Log prob: 952.693, 1083.600 (1136.493)	KLD: 0.041, 0.025 (0.058)	Grad: 195868.359
[Epoch   3 (23.68s)]	ELBO: 1131.838, 1139.693 (1072.445)	Log prob: 1131.866, 1139.742 (1072.500)	KLD: 0.028, 0.020 (0.055)	Grad: 204765.344
[Epoch   4 (24.89s)]	ELBO: 1033.269, 974.219 (1176.480)	Log prob: 1033.303, 974.268 (1176.504)	KLD: 0.035, 0.013 (0.024)	Grad: 161031.391
[Epoch   5 (22.90s)]	ELBO: 1256.046, 1235.505 (1275.425)	Log prob: 1256.060, 1235.530 (1275.446)	KLD: 0.015, 0.011 (0.021)	Grad: 136392.719
[Epoch   6 (23.64s)]	ELBO: 1254.261, 1251.983 (1241.915)	Log prob: 1254.283, 1252.009 (1241.945)	KLD: 0.021, 0.007 (0.030)	Grad: 86645.922
[Epoch   7 (23.11s)]	ELBO: 1281.661, 1268.067 (1278.733)	Log prob: 1281.680, 1268.092 (1278.754)	KLD: 0.018, 0.007 (0.021)	Grad: 94644.234
[Epoch   8 (26.45s)]	ELBO: 1296.616, 1291.234 (1311.430)	Log prob: 1296.631, 1291.253 (1311.442)	KLD: 0.014, 0.005 (0.012)	Grad: 100269.828
[Epoch   9 (23.80s)]	ELBO: 1312.728, 1304.824 (1314.486)	Log prob: 1312.742, 1304.841 (1314.506)	KLD: 0.014, 0.003 (0.020)	Grad: 66997.273
[Epoch  10 (23.02s)]	ELBO: 1314.810, 1307.239 (1320.132)	Log prob: 1314.823, 1307.256 (1320.146)	KLD: 0.014, 0.001 (0.015)	Grad: 65695.172
[Epoch  11 (23.94s)]	ELBO: 1320.215, 1288.421 (1254.841)	Log prob: 1320.230, 1288.436 (1254.856)	KLD: 0.014, 0.001 (0.015)	Grad: 67467.344
[Epoch  12 (24.68s)]	ELBO: 1321.612, 1316.867 (1321.382)	Log prob: 1321.631, 1316.888 (1321.410)	KLD: 0.020, 0.001 (0.027)	Grad: 45523.902
[Epoch  13 (23.04s)]	ELBO: 1323.276, 1320.390 (1321.410)	Log prob: 1323.322, 1320.437 (1321.447)	KLD: 0.046, 0.001 (0.037)	Grad: 48255.145
[Epoch  14 (24.00s)]	ELBO: 1321.284, 1315.911 (1324.202)	Log prob: 1321.312, 1315.954 (1324.293)	KLD: 0.028, 0.015 (0.091)	Grad: 51287.840
[Epoch  15 (24.46s)]	ELBO: 1323.363, 1314.240 (1321.950)	Log prob: 1323.444, 1314.390 (1322.138)	KLD: 0.081, 0.069 (0.188)	Grad: 53195.184
[Epoch  16 (24.33s)]	ELBO: 1324.882, 1322.399 (1325.528)	Log prob: 1325.068, 1322.630 (1325.859)	KLD: 0.186, 0.045 (0.331)	Grad: 35864.520
[Epoch  17 (26.30s)]	ELBO: 1328.184, 1325.530 (1325.195)	Log prob: 1328.746, 1326.096 (1325.945)	KLD: 0.561, 0.005 (0.750)	Grad: 20488.229
[Epoch  18 (27.19s)]	ELBO: 1329.051, 1326.342 (1327.364)	Log prob: 1329.741, 1327.034 (1327.999)	KLD: 0.689, 0.003 (0.636)	Grad: 14978.441
[Epoch  19 (28.62s)]	ELBO: 1329.001, 1326.625 (1321.137)	Log prob: 1329.613, 1327.240 (1321.359)	KLD: 0.612, 0.004 (0.222)	Grad: 19644.820
[Epoch  20 (27.85s)]	ELBO: 1328.733, 1325.579 (1327.673)	Log prob: 1329.172, 1326.021 (1328.375)	KLD: 0.440, 0.002 (0.703)	Grad: 22288.621
[Epoch  21 (24.10s)]	ELBO: 1329.386, 1324.085 (1324.291)	Log prob: 1330.172, 1324.877 (1324.990)	KLD: 0.785, 0.006 (0.699)	Grad: 22940.650
[Epoch  22 (24.71s)]	ELBO: 1329.730, 1323.952 (1327.954)	Log prob: 1330.321, 1324.555 (1328.636)	KLD: 0.591, 0.011 (0.681)	Grad: 18263.947
[Epoch  23 (24.31s)]	ELBO: 1329.943, 1327.869 (1328.243)	Log prob: 1330.527, 1328.490 (1328.725)	KLD: 0.585, 0.036 (0.482)	Grad: 14238.207
[Epoch  24 (24.41s)]	ELBO: 1330.135, 1327.924 (1328.681)	Log prob: 1330.818, 1328.662 (1329.484)	KLD: 0.683, 0.056 (0.803)	Grad: 16760.309
[Epoch  25 (24.57s)]	ELBO: 1330.438, 1327.416 (1325.359)	Log prob: 1331.262, 1328.248 (1326.205)	KLD: 0.823, 0.008 (0.846)	Grad: 22982.381
[Epoch  26 (28.41s)]	ELBO: 1330.777, 1327.670 (1329.752)	Log prob: 1331.507, 1328.421 (1330.498)	KLD: 0.731, 0.021 (0.746)	Grad: 20747.420
[Epoch  27 (24.92s)]	ELBO: 1331.088, 1328.829 (1330.164)	Log prob: 1331.803, 1329.617 (1331.009)	KLD: 0.715, 0.072 (0.845)	Grad: 13614.324
[Epoch  28 (23.92s)]	ELBO: 1331.713, 1329.274 (1328.573)	Log prob: 1332.494, 1330.122 (1329.378)	KLD: 0.781, 0.066 (0.805)	Grad: 9516.218
[Epoch  29 (25.25s)]	ELBO: 1332.287, 1329.564 (1326.752)	Log prob: 1333.030, 1330.346 (1327.472)	KLD: 0.742, 0.038 (0.719)	Grad: 14749.460
[Epoch  30 (24.84s)]	ELBO: 1332.677, 1324.987 (1321.589)	Log prob: 1333.330, 1325.701 (1322.353)	KLD: 0.653, 0.060 (0.763)	Grad: 24701.146
[Epoch  31 (24.61s)]	ELBO: 1335.774, 1333.490 (1334.570)	Log prob: 1336.606, 1334.402 (1335.503)	KLD: 0.833, 0.079 (0.933)	Grad: 8806.799
[Epoch  32 (23.72s)]	ELBO: 1340.556, 1335.404 (1333.451)	Log prob: 1341.395, 1336.333 (1334.338)	KLD: 0.840, 0.089 (0.886)	Grad: 23632.348
[Epoch  33 (24.05s)]	ELBO: 1344.006, 1265.085 (1345.074)	Log prob: 1344.776, 1265.944 (1346.199)	KLD: 0.773, 0.086 (1.125)	Grad: 23063.539
[Epoch  34 (24.59s)]	ELBO: 1348.115, 1340.854 (1341.464)	Log prob: 1349.044, 1341.892 (1342.402)	KLD: 0.929, 0.110 (0.939)	Grad: 23052.691
[Epoch  35 (26.47s)]	ELBO: 1343.172, 1340.374 (1343.821)	Log prob: 1343.948, 1341.281 (1344.801)	KLD: 0.777, 0.131 (0.980)	Grad: 16178.761
[Epoch  36 (25.45s)]	ELBO: 1348.011, 1340.101 (1319.710)	Log prob: 1348.788, 1341.006 (1320.632)	KLD: 0.778, 0.127 (0.922)	Grad: 22277.225
[Epoch  37 (24.61s)]	ELBO: 1348.479, 1292.769 (1343.199)	Log prob: 1349.381, 1293.945 (1344.920)	KLD: 0.902, 0.273 (1.720)	Grad: 22489.725
[Epoch  38 (25.44s)]	ELBO: 1352.811, 1351.638 (1352.273)	Log prob: 1354.004, 1353.476 (1354.182)	KLD: 1.194, 0.645 (1.909)	Grad: 6934.887
[Epoch  39 (24.13s)]	ELBO: 1352.800, 1351.536 (1348.478)	Log prob: 1354.237, 1353.880 (1351.374)	KLD: 1.438, 0.907 (2.896)	Grad: 8850.139
[Epoch  40 (24.38s)]	ELBO: 1353.341, 1352.448 (1354.061)	Log prob: 1355.087, 1355.379 (1356.928)	KLD: 1.745, 1.185 (2.867)	Grad: 986.337
[Epoch  41 (20.82s)]	ELBO: 1357.460, 1355.687 (1353.958)	Log prob: 1359.196, 1358.572 (1357.442)	KLD: 1.736, 1.149 (3.484)	Grad: 10945.565
[Epoch  42 (20.51s)]	ELBO: 1351.274, 1349.390 (1349.656)	Log prob: 1353.234, 1352.652 (1352.691)	KLD: 1.960, 1.302 (3.035)	Grad: 7711.202
[Epoch  43 (24.07s)]	ELBO: 1353.175, 1351.276 (1353.974)	Log prob: 1354.845, 1353.956 (1356.932)	KLD: 1.671, 1.009 (2.958)	Grad: 12200.431
[Epoch  44 (16.90s)]	ELBO: 1356.422, 1352.911 (1353.065)	Log prob: 1358.032, 1355.429 (1354.919)	KLD: 1.610, 0.908 (1.854)	Grad: 20225.172
[Epoch  45 (15.92s)]	ELBO: 1363.659, 1351.655 (1368.666)	Log prob: 1365.153, 1353.830 (1371.123)	KLD: 1.493, 0.682 (2.457)	Grad: 11463.818
[Epoch  46 (15.63s)]	ELBO: 1362.066, 1356.533 (1202.877)	Log prob: 1363.461, 1358.605 (1205.312)	KLD: 1.395, 0.677 (2.435)	Grad: 25763.117
[Epoch  47 (16.27s)]	ELBO: 1357.330, 1354.838 (1358.409)	Log prob: 1358.943, 1357.306 (1360.854)	KLD: 1.614, 0.854 (2.445)	Grad: 20767.773
[Epoch  48 (15.87s)]	ELBO: 1362.855, 1360.616 (1362.721)	Log prob: 1364.516, 1363.159 (1365.108)	KLD: 1.661, 0.882 (2.387)	Grad: 11079.161
[Epoch  49 (15.78s)]	ELBO: 1364.439, 1247.765 (1360.656)	Log prob: 1366.329, 1250.729 (1363.770)	KLD: 1.890, 1.073 (3.114)	Grad: 13004.060
[Epoch  50 (15.39s)]	ELBO: 1368.305, 1366.813 (1366.851)	Log prob: 1370.181, 1369.725 (1369.887)	KLD: 1.875, 1.037 (3.036)	Grad: 6696.886
Best epoch(s): [45]	Training time(s): 1171.03s (1171.03s)	Best ELBO: 1366.813 (1368.666)	Best log prob: 1369.725 (1371.123)
