Seed: 2020
=================================================================
Layer (type:depth-idx)                   Param #
=================================================================
RNN                                      --
├─Canvas: 1-1                            --
│    └─Linear: 2-1                       784
├─Encoder: 1-2                           --
│    └─Linear: 2-2                       76,930
│    └─Linear: 2-3                       9,702
├─ModuleList: 1-3                        --
│    └─EncoderToLatents: 2-4             --
│    │    └─Linear: 3-1                  99
│    │    └─Linear: 3-2                  99
│    └─EncoderToLatents: 2-5             --
│    │    └─Linear: 3-3                  99
│    │    └─Linear: 3-4                  99
│    └─EncoderToLatents: 2-6             --
│    │    └─Linear: 3-5                  99
│    │    └─Linear: 3-6                  99
│    └─EncoderToLatents: 2-7             --
│    │    └─Linear: 3-7                  99
│    │    └─Linear: 3-8                  99
│    └─EncoderToLatents: 2-8             --
│    │    └─Linear: 3-9                  99
│    │    └─Linear: 3-10                 99
│    └─EncoderToLatents: 2-9             --
│    │    └─Linear: 3-11                 99
│    │    └─Linear: 3-12                 99
│    └─EncoderToLatents: 2-10            --
│    │    └─Linear: 3-13                 99
│    │    └─Linear: 3-14                 99
│    └─EncoderToLatents: 2-11            --
│    │    └─Linear: 3-15                 99
│    │    └─Linear: 3-16                 99
│    └─EncoderToLatents: 2-12            --
│    │    └─Linear: 3-17                 99
│    │    └─Linear: 3-18                 99
│    └─EncoderToLatents: 2-13            --
│    │    └─Linear: 3-19                 99
│    │    └─Linear: 3-20                 99
├─ModuleList: 1-4                        --
│    └─LatentsToDecoder: 2-14            --
│    │    └─Linear: 3-21                 196
│    └─LatentsToDecoder: 2-15            --
│    │    └─Linear: 3-22                 196
│    └─LatentsToDecoder: 2-16            --
│    │    └─Linear: 3-23                 196
│    └─LatentsToDecoder: 2-17            --
│    │    └─Linear: 3-24                 196
│    └─LatentsToDecoder: 2-18            --
│    │    └─Linear: 3-25                 196
│    └─LatentsToDecoder: 2-19            --
│    │    └─Linear: 3-26                 196
│    └─LatentsToDecoder: 2-20            --
│    │    └─Linear: 3-27                 196
│    └─LatentsToDecoder: 2-21            --
│    │    └─Linear: 3-28                 196
│    └─LatentsToDecoder: 2-22            --
│    │    └─Linear: 3-29                 196
│    └─LatentsToDecoder: 2-23            --
│    │    └─Linear: 3-30                 196
├─Decoder: 1-5                           --
│    └─Linear: 2-24                      9,702
│    └─Linear: 2-25                      77,616
=================================================================
Total params: 178,674
Trainable params: 178,674
Non-trainable params: 0
=================================================================
[Epoch   1 (27.50s)]	ELBO (bits/dim): 2.27985, 2.38351, 2.40866, 2.42090, 2.42512, 2.42753, 2.42714, 2.42509, 2.42049, 2.41457 (2.61869)	Reconstruction error (/dim): 0.08160, 0.07694, 0.07735, 0.07763, 0.07789, 0.07785, 0.07802, 0.07861, 0.07892, 0.07951 (0.06706)	KLD: 8.448, 2.587, 0.480, 0.484, 0.385, 0.249, 0.472, 0.373, 0.501, 0.338 (11.921)	Grad: 1042.2
[Epoch   2 (27.75s)]	ELBO (bits/dim): 2.50290, 2.62817, 2.71673, 2.74089, 2.74390, 2.75190, 2.75223, 2.75189, 2.75131, 2.75060 (2.87601)	Reconstruction error (/dim): 0.07615, 0.07059, 0.06417, 0.06132, 0.06119, 0.06018, 0.06022, 0.06035, 0.06030, 0.06040 (0.05156)	KLD: 4.400, 3.609, 2.956, 1.387, 0.880, 0.721, 0.297, 0.359, 0.338, 0.310 (17.422)	Grad: 967.7
[Epoch   3 (27.75s)]	ELBO (bits/dim): 2.55896, 2.66300, 2.79257, 2.85616, 2.89210, 2.92365, 2.92877, 2.92872, 2.92891, 2.92831 (2.97986)	Reconstruction error (/dim): 0.07420, 0.06912, 0.06044, 0.05495, 0.05154, 0.04803, 0.04766, 0.04777, 0.04785, 0.04803 (0.04403)	KLD: 3.896, 3.403, 3.495, 2.424, 1.844, 1.816, 0.877, 0.175, 0.313, 0.410 (19.236)	Grad: 1065.0
[Epoch   4 (27.76s)]	ELBO (bits/dim): 2.57292, 2.68973, 2.82041, 2.88931, 2.93848, 2.98023, 2.99609, 2.99910, 2.99940, 2.99938 (3.04151)	Reconstruction error (/dim): 0.07416, 0.06700, 0.05863, 0.05308, 0.04860, 0.04420, 0.04290, 0.04255, 0.04257, 0.04266 (0.03888)	KLD: 3.771, 3.474, 3.258, 2.406, 2.268, 1.997, 1.333, 0.549, 0.489, 0.502 (20.892)	Grad: 1197.9
[Epoch   5 (28.08s)]	ELBO (bits/dim): 2.57919, 2.70872, 2.84667, 2.91802, 2.97097, 3.01358, 3.03802, 3.04851, 3.04829, 3.04817 (3.07454)	Reconstruction error (/dim): 0.07331, 0.06534, 0.05661, 0.05084, 0.04625, 0.04217, 0.03986, 0.03875, 0.03884, 0.03891 (0.03666)	KLD: 3.658, 3.514, 3.173, 2.449, 2.276, 2.032, 1.690, 1.297, 0.267, 0.395 (20.728)	Grad: 1313.0
[Epoch   6 (28.36s)]	ELBO (bits/dim): 2.58362, 2.71795, 2.86497, 2.93834, 2.99388, 3.03697, 3.06205, 3.07417, 3.07584, 3.07702 (3.10126)	Reconstruction error (/dim): 0.07250, 0.06465, 0.05518, 0.04928, 0.04454, 0.04051, 0.03820, 0.03697, 0.03683, 0.03673 (0.03440)	KLD: 3.593, 3.470, 3.187, 2.460, 2.297, 2.029, 1.734, 1.382, 0.475, 0.565 (21.773)	Grad: 1234.6
[Epoch   7 (28.54s)]	ELBO (bits/dim): 2.58702, 2.72376, 2.87736, 2.95210, 3.00981, 3.05378, 3.07901, 3.09229, 3.09813, 3.10099 (3.12255)	Reconstruction error (/dim): 0.07189, 0.06441, 0.05428, 0.04827, 0.04339, 0.03934, 0.03702, 0.03572, 0.03517, 0.03492 (0.03311)	KLD: 3.538, 3.419, 3.202, 2.447, 2.326, 2.043, 1.745, 1.412, 1.004, 0.842 (21.972)	Grad: 1302.0
[Epoch   8 (29.07s)]	ELBO (bits/dim): 2.58985, 2.72783, 2.88623, 2.96257, 3.02149, 3.06617, 3.09222, 3.10697, 3.11465, 3.11831 (3.13597)	Reconstruction error (/dim): 0.07138, 0.06423, 0.05357, 0.04746, 0.04256, 0.03850, 0.03612, 0.03470, 0.03399, 0.03368 (0.03221)	KLD: 3.493, 3.390, 3.213, 2.454, 2.333, 2.046, 1.751, 1.451, 1.172, 0.945 (22.343)	Grad: 1314.1
[Epoch   9 (29.93s)]	ELBO (bits/dim): 2.59301, 2.73243, 2.89274, 2.97042, 3.03043, 3.07561, 3.10238, 3.11817, 3.12696, 3.13123 (3.14493)	Reconstruction error (/dim): 0.07094, 0.06389, 0.05307, 0.04687, 0.04194, 0.03789, 0.03546, 0.03396, 0.03316, 0.03279 (0.03173)	KLD: 3.464, 3.372, 3.216, 2.458, 2.346, 2.055, 1.770, 1.487, 1.241, 1.004 (22.649)	Grad: 1370.7
[Epoch  10 (28.96s)]	ELBO (bits/dim): 2.59553, 2.73668, 2.89823, 2.97722, 3.03802, 3.08360, 3.11084, 3.12727, 3.13655, 3.14128 (3.15711)	Reconstruction error (/dim): 0.07064, 0.06351, 0.05264, 0.04634, 0.04142, 0.03734, 0.03490, 0.03336, 0.03251, 0.03211 (0.03081)	KLD: 3.452, 3.364, 3.207, 2.470, 2.342, 2.054, 1.783, 1.497, 1.279, 1.038 (22.806)	Grad: 1285.2
[Epoch  11 (28.77s)]	ELBO (bits/dim): 2.59779, 2.74087, 2.90275, 2.98284, 3.04434, 3.09017, 3.11764, 3.13425, 3.14407, 3.14905 (3.16156)	Reconstruction error (/dim): 0.07044, 0.06321, 0.05231, 0.04591, 0.04096, 0.03690, 0.03445, 0.03289, 0.03200, 0.03156 (0.03035)	KLD: 3.445, 3.362, 3.215, 2.490, 2.346, 2.059, 1.791, 1.502, 1.305, 1.056 (22.085)	Grad: 1315.4
[Epoch  12 (30.73s)]	ELBO (bits/dim): 2.59991, 2.74468, 2.90694, 2.98782, 3.04985, 3.09588, 3.12352, 3.14021, 3.15038, 3.15551 (3.16843)	Reconstruction error (/dim): 0.07026, 0.06287, 0.05200, 0.04554, 0.04057, 0.03650, 0.03405, 0.03249, 0.03157, 0.03113 (0.03021)	KLD: 3.438, 3.362, 3.216, 2.500, 2.344, 2.059, 1.804, 1.513, 1.322, 1.067 (22.422)	Grad: 1338.5
[Epoch  13 (29.26s)]	ELBO (bits/dim): 2.60222, 2.74864, 2.91051, 2.99200, 3.05441, 3.10079, 3.12877, 3.14554, 3.15608, 3.16141 (3.17455)	Reconstruction error (/dim): 0.07012, 0.06255, 0.05175, 0.04524, 0.04024, 0.03616, 0.03369, 0.03211, 0.03117, 0.03070 (0.02958)	KLD: 3.442, 3.354, 3.213, 2.512, 2.342, 2.053, 1.818, 1.526, 1.337, 1.058 (22.655)	Grad: 1347.5
[Epoch  14 (30.68s)]	ELBO (bits/dim): 2.60451, 2.75205, 2.91365, 2.99572, 3.05860, 3.10531, 3.13338, 3.15040, 3.16124, 3.16665 (3.17804)	Reconstruction error (/dim): 0.06998, 0.06224, 0.05155, 0.04497, 0.03995, 0.03587, 0.03338, 0.03178, 0.03081, 0.03033 (0.02943)	KLD: 3.444, 3.352, 3.217, 2.523, 2.342, 2.056, 1.823, 1.527, 1.349, 1.076 (23.050)	Grad: 1321.3
[Epoch  15 (29.23s)]	ELBO (bits/dim): 2.60641, 2.75497, 2.91633, 2.99889, 3.06187, 3.10880, 3.13704, 3.15431, 3.16521, 3.17074 (3.18514)	Reconstruction error (/dim): 0.06988, 0.06200, 0.05136, 0.04473, 0.03972, 0.03561, 0.03311, 0.03149, 0.03054, 0.03004 (0.02892)	KLD: 3.449, 3.355, 3.225, 2.532, 2.343, 2.056, 1.825, 1.538, 1.347, 1.078 (22.582)	Grad: 1364.2
[Epoch  16 (30.08s)]	ELBO (bits/dim): 2.60858, 2.75830, 2.91894, 3.00171, 3.06505, 3.11220, 3.14049, 3.15794, 3.16905, 3.17481 (3.18520)	Reconstruction error (/dim): 0.06974, 0.06170, 0.05120, 0.04455, 0.03952, 0.03540, 0.03289, 0.03125, 0.03029, 0.02977 (0.02900)	KLD: 3.457, 3.361, 3.226, 2.540, 2.342, 2.051, 1.832, 1.540, 1.353, 1.079 (23.049)	Grad: 1346.6
[Epoch  17 (29.94s)]	ELBO (bits/dim): 2.61058, 2.76103, 2.92100, 3.00400, 3.06749, 3.11469, 3.14333, 3.16083, 3.17202, 3.17798 (3.18881)	Reconstruction error (/dim): 0.06964, 0.06144, 0.05104, 0.04439, 0.03934, 0.03525, 0.03270, 0.03109, 0.03008, 0.02954 (0.02857)	KLD: 3.470, 3.356, 3.230, 2.546, 2.343, 2.050, 1.837, 1.545, 1.359, 1.093 (22.591)	Grad: 1432.0
[Epoch  18 (30.46s)]	ELBO (bits/dim): 2.61262, 2.76362, 2.92292, 3.00621, 3.07004, 3.11734, 3.14593, 3.16372, 3.17489, 3.18090 (3.19120)	Reconstruction error (/dim): 0.06948, 0.06118, 0.05092, 0.04423, 0.03917, 0.03506, 0.03251, 0.03087, 0.02987, 0.02934 (0.02845)	KLD: 3.476, 3.355, 3.235, 2.547, 2.347, 2.052, 1.837, 1.549, 1.363, 1.095 (22.993)	Grad: 1342.4
[Epoch  19 (32.77s)]	ELBO (bits/dim): 2.61481, 2.76642, 2.92498, 3.00832, 3.07211, 3.11947, 3.14824, 3.16607, 3.17728, 3.18340 (3.19193)	Reconstruction error (/dim): 0.06936, 0.06089, 0.05078, 0.04410, 0.03904, 0.03494, 0.03236, 0.03072, 0.02972, 0.02918 (0.02837)	KLD: 3.489, 3.351, 3.235, 2.557, 2.346, 2.050, 1.843, 1.555, 1.361, 1.102 (23.243)	Grad: 1380.0
[Epoch  20 (33.02s)]	ELBO (bits/dim): 2.61670, 2.76891, 2.92657, 3.01010, 3.07415, 3.12166, 3.15040, 3.16839, 3.17974, 3.18583 (3.19666)	Reconstruction error (/dim): 0.06928, 0.06067, 0.05067, 0.04397, 0.03889, 0.03478, 0.03222, 0.03055, 0.02954, 0.02899 (0.02802)	KLD: 3.503, 3.356, 3.241, 2.563, 2.344, 2.049, 1.841, 1.552, 1.353, 1.108 (23.046)	Grad: 1391.5
[Epoch  21 (30.83s)]	ELBO (bits/dim): 2.61862, 2.77140, 2.92826, 3.01169, 3.07581, 3.12323, 3.15229, 3.17021, 3.18159, 3.18792 (3.19689)	Reconstruction error (/dim): 0.06915, 0.06042, 0.05055, 0.04387, 0.03879, 0.03469, 0.03208, 0.03043, 0.02942, 0.02886 (0.02793)	KLD: 3.510, 3.360, 3.245, 2.567, 2.349, 2.045, 1.847, 1.551, 1.364, 1.106 (23.189)	Grad: 1394.3
[Epoch  22 (28.82s)]	ELBO (bits/dim): 2.62085, 2.77390, 2.92980, 3.01338, 3.07758, 3.12518, 3.15417, 3.17222, 3.18370, 3.18994 (3.20130)	Reconstruction error (/dim): 0.06904, 0.06017, 0.05044, 0.04374, 0.03867, 0.03455, 0.03194, 0.03031, 0.02927, 0.02873 (0.02770)	KLD: 3.531, 3.360, 3.247, 2.572, 2.351, 2.047, 1.844, 1.553, 1.362, 1.101 (22.550)	Grad: 1475.6
[Epoch  23 (32.13s)]	ELBO (bits/dim): 2.62265, 2.77611, 2.93125, 3.01497, 3.07931, 3.12683, 3.15587, 3.17392, 3.18543, 3.19172 (3.19972)	Reconstruction error (/dim): 0.06891, 0.05994, 0.05033, 0.04363, 0.03854, 0.03443, 0.03182, 0.03019, 0.02915, 0.02859 (0.02785)	KLD: 3.544, 3.364, 3.257, 2.570, 2.349, 2.045, 1.843, 1.557, 1.359, 1.112 (23.370)	Grad: 1483.8
[Epoch  24 (29.80s)]	ELBO (bits/dim): 2.62447, 2.77863, 2.93246, 3.01597, 3.08068, 3.12820, 3.15724, 3.17540, 3.18683, 3.19315 (3.20241)	Reconstruction error (/dim): 0.06880, 0.05969, 0.05024, 0.04355, 0.03844, 0.03434, 0.03172, 0.03009, 0.02907, 0.02848 (0.02752)	KLD: 3.558, 3.361, 3.259, 2.577, 2.351, 2.051, 1.846, 1.554, 1.365, 1.109 (22.815)	Grad: 1420.5
[Epoch  25 (31.40s)]	ELBO (bits/dim): 2.62624, 2.78056, 2.93368, 3.01743, 3.08197, 3.12964, 3.15863, 3.17678, 3.18836, 3.19465 (3.20392)	Reconstruction error (/dim): 0.06873, 0.05952, 0.05016, 0.04345, 0.03836, 0.03424, 0.03163, 0.03000, 0.02896, 0.02838 (0.02742)	KLD: 3.577, 3.363, 3.261, 2.581, 2.356, 2.050, 1.839, 1.556, 1.360, 1.113 (23.074)	Grad: 1487.5
[Epoch  26 (32.45s)]	ELBO (bits/dim): 2.62800, 2.78267, 2.93470, 3.01842, 3.08317, 3.13087, 3.15994, 3.17817, 3.18980, 3.19603 (3.20113)	Reconstruction error (/dim): 0.06865, 0.05931, 0.05009, 0.04339, 0.03826, 0.03415, 0.03153, 0.02990, 0.02886, 0.02829 (0.02734)	KLD: 3.590, 3.364, 3.265, 2.579, 2.356, 2.048, 1.844, 1.552, 1.374, 1.111 (23.324)	Grad: 1492.8
[Epoch  27 (27.82s)]	ELBO (bits/dim): 2.62968, 2.78441, 2.93592, 3.01936, 3.08432, 3.13212, 3.16101, 3.17916, 3.19080, 3.19703 (3.20459)	Reconstruction error (/dim): 0.06852, 0.05916, 0.04999, 0.04332, 0.03818, 0.03407, 0.03147, 0.02982, 0.02880, 0.02820 (0.02757)	KLD: 3.604, 3.363, 3.272, 2.585, 2.357, 2.045, 1.843, 1.560, 1.364, 1.115 (22.870)	Grad: 1511.3
[Epoch  28 (27.76s)]	ELBO (bits/dim): 2.63127, 2.78662, 2.93715, 3.02067, 3.08555, 3.13330, 3.16232, 3.18057, 3.19229, 3.19856 (3.20634)	Reconstruction error (/dim): 0.06842, 0.05898, 0.04991, 0.04324, 0.03810, 0.03399, 0.03138, 0.02973, 0.02868, 0.02809 (0.02728)	KLD: 3.621, 3.368, 3.270, 2.584, 2.360, 2.048, 1.839, 1.555, 1.369, 1.105 (22.758)	Grad: 1491.1
[Epoch  29 (29.31s)]	ELBO (bits/dim): 2.63325, 2.78871, 2.93842, 3.02194, 3.08685, 3.13471, 3.16366, 3.18175, 3.19368, 3.19987 (3.20763)	Reconstruction error (/dim): 0.06832, 0.05879, 0.04981, 0.04313, 0.03800, 0.03389, 0.03127, 0.02966, 0.02860, 0.02799 (0.02732)	KLD: 3.635, 3.370, 3.273, 2.590, 2.358, 2.045, 1.833, 1.558, 1.360, 1.109 (23.051)	Grad: 1452.2
[Epoch  30 (28.20s)]	ELBO (bits/dim): 2.63483, 2.79060, 2.93939, 3.02295, 3.08799, 3.13575, 3.16468, 3.18288, 3.19464, 3.20066 (3.20879)	Reconstruction error (/dim): 0.06824, 0.05866, 0.04975, 0.04306, 0.03790, 0.03381, 0.03118, 0.02957, 0.02851, 0.02793 (0.02734)	KLD: 3.646, 3.369, 3.285, 2.588, 2.362, 2.049, 1.841, 1.561, 1.370, 1.110 (23.301)	Grad: 1509.1
[Epoch  31 (28.11s)]	ELBO (bits/dim): 2.63623, 2.79223, 2.94048, 3.02387, 3.08884, 3.13657, 3.16559, 3.18370, 3.19551, 3.20161 (3.20487)	Reconstruction error (/dim): 0.06814, 0.05852, 0.04967, 0.04301, 0.03784, 0.03375, 0.03113, 0.02952, 0.02847, 0.02788 (0.02740)	KLD: 3.666, 3.373, 3.291, 2.594, 2.364, 2.045, 1.838, 1.558, 1.368, 1.116 (23.367)	Grad: 1463.7
[Epoch  32 (28.06s)]	ELBO (bits/dim): 2.63794, 2.79450, 2.94138, 3.02474, 3.08982, 3.13762, 3.16641, 3.18474, 3.19659, 3.20262 (3.20822)	Reconstruction error (/dim): 0.06803, 0.05835, 0.04959, 0.04294, 0.03778, 0.03367, 0.03106, 0.02945, 0.02840, 0.02781 (0.02720)	KLD: 3.673, 3.372, 3.289, 2.595, 2.360, 2.047, 1.839, 1.553, 1.365, 1.110 (23.315)	Grad: 1540.0
[Epoch  33 (27.93s)]	ELBO (bits/dim): 2.63915, 2.79595, 2.94235, 3.02556, 3.09071, 3.13843, 3.16726, 3.18545, 3.19730, 3.20340 (3.20887)	Reconstruction error (/dim): 0.06799, 0.05822, 0.04952, 0.04288, 0.03771, 0.03362, 0.03101, 0.02940, 0.02835, 0.02773 (0.02737)	KLD: 3.685, 3.376, 3.297, 2.600, 2.364, 2.048, 1.836, 1.565, 1.377, 1.103 (23.861)	Grad: 1547.9
[Epoch  34 (27.94s)]	ELBO (bits/dim): 2.64071, 2.79783, 2.94350, 3.02656, 3.09167, 3.13948, 3.16835, 3.18640, 3.19850, 3.20453 (3.20989)	Reconstruction error (/dim): 0.06787, 0.05812, 0.04944, 0.04282, 0.03764, 0.03355, 0.03093, 0.02935, 0.02829, 0.02768 (0.02712)	KLD: 3.702, 3.376, 3.302, 2.601, 2.368, 2.046, 1.838, 1.558, 1.369, 1.109 (23.418)	Grad: 1544.9
[Epoch  35 (27.78s)]	ELBO (bits/dim): 2.64190, 2.79929, 2.94409, 3.02722, 3.09239, 3.14011, 3.16907, 3.18711, 3.19902, 3.20511 (3.21071)	Reconstruction error (/dim): 0.06781, 0.05799, 0.04942, 0.04277, 0.03758, 0.03348, 0.03087, 0.02928, 0.02824, 0.02762 (0.02717)	KLD: 3.717, 3.385, 3.308, 2.603, 2.368, 2.047, 1.835, 1.569, 1.373, 1.095 (22.858)	Grad: 1563.8
[Epoch  36 (27.69s)]	ELBO (bits/dim): 2.64316, 2.80099, 2.94509, 3.02805, 3.09320, 3.14100, 3.16971, 3.18788, 3.19975, 3.20581 (3.21444)	Reconstruction error (/dim): 0.06779, 0.05785, 0.04931, 0.04271, 0.03752, 0.03342, 0.03082, 0.02923, 0.02817, 0.02756 (0.02683)	KLD: 3.727, 3.384, 3.314, 2.605, 2.369, 2.041, 1.836, 1.565, 1.379, 1.091 (23.208)	Grad: 1501.1
[Epoch  37 (27.94s)]	ELBO (bits/dim): 2.64449, 2.80247, 2.94560, 3.02862, 3.09391, 3.14188, 3.17052, 3.18865, 3.20056, 3.20650 (3.21150)	Reconstruction error (/dim): 0.06770, 0.05779, 0.04930, 0.04268, 0.03747, 0.03337, 0.03078, 0.02918, 0.02814, 0.02752 (0.02709)	KLD: 3.738, 3.391, 3.318, 2.607, 2.372, 2.042, 1.833, 1.565, 1.375, 1.093 (23.277)	Grad: 1560.9
[Epoch  38 (27.59s)]	ELBO (bits/dim): 2.64605, 2.80442, 2.94681, 3.02979, 3.09486, 3.14265, 3.17136, 3.18956, 3.20147, 3.20748 (3.21405)	Reconstruction error (/dim): 0.06764, 0.05766, 0.04921, 0.04261, 0.03742, 0.03332, 0.03073, 0.02912, 0.02808, 0.02745 (0.02681)	KLD: 3.747, 3.384, 3.319, 2.614, 2.370, 2.048, 1.835, 1.559, 1.377, 1.096 (23.468)	Grad: 1545.8
[Epoch  39 (27.48s)]	ELBO (bits/dim): 2.64702, 2.80566, 2.94730, 3.03011, 3.09533, 3.14312, 3.17191, 3.18988, 3.20202, 3.20792 (3.21477)	Reconstruction error (/dim): 0.06756, 0.05756, 0.04915, 0.04258, 0.03737, 0.03328, 0.03067, 0.02909, 0.02803, 0.02741 (0.02679)	KLD: 3.757, 3.391, 3.325, 2.612, 2.374, 2.046, 1.829, 1.562, 1.374, 1.107 (23.305)	Grad: 1480.0
[Epoch  40 (27.24s)]	ELBO (bits/dim): 2.64839, 2.80729, 2.94818, 3.03095, 3.09608, 3.14392, 3.17266, 3.19077, 3.20253, 3.20851 (3.21527)	Reconstruction error (/dim): 0.06751, 0.05743, 0.04909, 0.04253, 0.03733, 0.03324, 0.03062, 0.02904, 0.02800, 0.02738 (0.02667)	KLD: 3.771, 3.394, 3.334, 2.616, 2.370, 2.046, 1.835, 1.567, 1.382, 1.099 (23.514)	Grad: 1586.8
[Epoch  41 (27.05s)]	ELBO (bits/dim): 2.64919, 2.80857, 2.94877, 3.03136, 3.09657, 3.14442, 3.17313, 3.19122, 3.20307, 3.20902 (3.21584)	Reconstruction error (/dim): 0.06746, 0.05737, 0.04906, 0.04251, 0.03729, 0.03319, 0.03059, 0.02901, 0.02796, 0.02735 (0.02667)	KLD: 3.772, 3.395, 3.342, 2.616, 2.371, 2.049, 1.833, 1.567, 1.382, 1.097 (23.253)	Grad: 1585.0
[Epoch  42 (27.03s)]	ELBO (bits/dim): 2.65035, 2.80987, 2.94938, 3.03190, 3.09699, 3.14498, 3.17369, 3.19166, 3.20361, 3.20957 (3.21392)	Reconstruction error (/dim): 0.06744, 0.05728, 0.04898, 0.04246, 0.03726, 0.03315, 0.03055, 0.02898, 0.02793, 0.02731 (0.02660)	KLD: 3.790, 3.396, 3.347, 2.616, 2.373, 2.049, 1.830, 1.565, 1.385, 1.096 (23.946)	Grad: 1567.5
[Epoch  43 (27.05s)]	ELBO (bits/dim): 2.65121, 2.81123, 2.95012, 3.03253, 3.09760, 3.14556, 3.17427, 3.19220, 3.20406, 3.21007 (3.21688)	Reconstruction error (/dim): 0.06740, 0.05720, 0.04894, 0.04242, 0.03722, 0.03312, 0.03052, 0.02895, 0.02790, 0.02727 (0.02662)	KLD: 3.799, 3.402, 3.351, 2.624, 2.376, 2.047, 1.829, 1.568, 1.379, 1.096 (23.495)	Grad: 1597.1
[Epoch  44 (26.58s)]	ELBO (bits/dim): 2.65206, 2.81231, 2.95047, 3.03294, 3.09799, 3.14585, 3.17463, 3.19265, 3.20458, 3.21049 (3.21553)	Reconstruction error (/dim): 0.06734, 0.05713, 0.04892, 0.04240, 0.03718, 0.03309, 0.03048, 0.02891, 0.02786, 0.02725 (0.02670)	KLD: 3.807, 3.405, 3.356, 2.624, 2.378, 2.046, 1.827, 1.570, 1.377, 1.106 (23.078)	Grad: 1725.5
[Epoch  45 (26.51s)]	ELBO (bits/dim): 2.65341, 2.81394, 2.95159, 3.03390, 3.09893, 3.14683, 3.17554, 3.19337, 3.20554, 3.21140 (3.21837)	Reconstruction error (/dim): 0.06727, 0.05699, 0.04881, 0.04232, 0.03712, 0.03302, 0.03040, 0.02886, 0.02778, 0.02718 (0.02656)	KLD: 3.815, 3.405, 3.358, 2.623, 2.380, 2.044, 1.826, 1.568, 1.382, 1.093 (23.609)	Grad: 1606.5
[Epoch  46 (26.62s)]	ELBO (bits/dim): 2.65416, 2.81492, 2.95188, 3.03408, 3.09921, 3.14722, 3.17579, 3.19377, 3.20568, 3.21150 (3.21627)	Reconstruction error (/dim): 0.06725, 0.05697, 0.04879, 0.04232, 0.03710, 0.03299, 0.03040, 0.02883, 0.02778, 0.02718 (0.02679)	KLD: 3.825, 3.402, 3.363, 2.622, 2.379, 2.045, 1.828, 1.562, 1.375, 1.094 (23.439)	Grad: 1729.9
[Epoch  47 (26.52s)]	ELBO (bits/dim): 2.65522, 2.81632, 2.95266, 3.03466, 3.09980, 3.14779, 3.17648, 3.19433, 3.20620, 3.21222 (3.21625)	Reconstruction error (/dim): 0.06717, 0.05684, 0.04874, 0.04227, 0.03704, 0.03294, 0.03034, 0.02879, 0.02774, 0.02712 (0.02648)	KLD: 3.833, 3.412, 3.365, 2.626, 2.385, 2.043, 1.835, 1.571, 1.379, 1.102 (23.319)	Grad: 1646.1
[Epoch  48 (26.68s)]	ELBO (bits/dim): 2.65631, 2.81760, 2.95341, 3.03546, 3.10055, 3.14853, 3.17723, 3.19514, 3.20713, 3.21308 (3.21745)	Reconstruction error (/dim): 0.06717, 0.05679, 0.04867, 0.04222, 0.03701, 0.03290, 0.03030, 0.02872, 0.02767, 0.02707 (0.02675)	KLD: 3.835, 3.409, 3.370, 2.627, 2.380, 2.042, 1.827, 1.568, 1.382, 1.097 (23.319)	Grad: 1573.1
[Epoch  49 (26.46s)]	ELBO (bits/dim): 2.65734, 2.81904, 2.95419, 3.03593, 3.10092, 3.14877, 3.17741, 3.19543, 3.20725, 3.21314 (3.21702)	Reconstruction error (/dim): 0.06710, 0.05668, 0.04861, 0.04219, 0.03698, 0.03288, 0.03028, 0.02873, 0.02769, 0.02707 (0.02661)	KLD: 3.842, 3.412, 3.379, 2.626, 2.382, 2.045, 1.828, 1.572, 1.377, 1.098 (23.824)	Grad: 1649.4
[Epoch  50 (26.38s)]	ELBO (bits/dim): 2.65791, 2.81974, 2.95438, 3.03603, 3.10110, 3.14905, 3.17786, 3.19577, 3.20765, 3.21350 (3.21685)	Reconstruction error (/dim): 0.06706, 0.05662, 0.04859, 0.04217, 0.03696, 0.03286, 0.03024, 0.02870, 0.02765, 0.02705 (0.02671)	KLD: 3.851, 3.416, 3.373, 2.630, 2.385, 2.047, 1.827, 1.572, 1.384, 1.102 (23.476)	Grad: 1730.4
[Epoch  51 (26.51s)]	ELBO (bits/dim): 2.65896, 2.82117, 2.95526, 3.03695, 3.10203, 3.14994, 3.17858, 3.19658, 3.20832, 3.21426 (3.21856)	Reconstruction error (/dim): 0.06698, 0.05651, 0.04852, 0.04211, 0.03689, 0.03281, 0.03021, 0.02865, 0.02762, 0.02700 (0.02661)	KLD: 3.860, 3.418, 3.381, 2.631, 2.378, 2.039, 1.825, 1.576, 1.379, 1.106 (23.452)	Grad: 1648.9
[Epoch  52 (26.54s)]	ELBO (bits/dim): 2.65979, 2.82215, 2.95551, 3.03716, 3.10228, 3.15014, 3.17880, 3.19682, 3.20855, 3.21448 (3.21704)	Reconstruction error (/dim): 0.06697, 0.05645, 0.04850, 0.04210, 0.03688, 0.03280, 0.03019, 0.02862, 0.02760, 0.02698 (0.02679)	KLD: 3.865, 3.417, 3.386, 2.633, 2.385, 2.045, 1.826, 1.573, 1.378, 1.097 (23.979)	Grad: 1702.8
[Epoch  53 (26.46s)]	ELBO (bits/dim): 2.66070, 2.82329, 2.95615, 3.03751, 3.10254, 3.15047, 3.17918, 3.19697, 3.20872, 3.21471 (3.21768)	Reconstruction error (/dim): 0.06691, 0.05638, 0.04845, 0.04207, 0.03686, 0.03276, 0.03015, 0.02862, 0.02757, 0.02697 (0.02682)	KLD: 3.871, 3.419, 3.391, 2.637, 2.383, 2.046, 1.823, 1.577, 1.374, 1.093 (23.556)	Grad: 1701.4
[Epoch  54 (26.64s)]	ELBO (bits/dim): 2.66144, 2.82438, 2.95676, 3.03836, 3.10337, 3.15126, 3.18004, 3.19786, 3.20970, 3.21562 (3.21911)	Reconstruction error (/dim): 0.06684, 0.05628, 0.04839, 0.04201, 0.03680, 0.03269, 0.03009, 0.02855, 0.02751, 0.02690 (0.02662)	KLD: 3.878, 3.423, 3.392, 2.628, 2.389, 2.044, 1.825, 1.573, 1.384, 1.103 (23.619)	Grad: 1655.4
[Epoch  55 (26.85s)]	ELBO (bits/dim): 2.66209, 2.82529, 2.95700, 3.03830, 3.10336, 3.15114, 3.17989, 3.19786, 3.20957, 3.21550 (3.22065)	Reconstruction error (/dim): 0.06684, 0.05626, 0.04838, 0.04201, 0.03678, 0.03270, 0.03011, 0.02855, 0.02752, 0.02690 (0.02646)	KLD: 3.885, 3.420, 3.396, 2.636, 2.384, 2.043, 1.826, 1.575, 1.373, 1.100 (23.734)	Grad: 1708.5
[Epoch  56 (26.94s)]	ELBO (bits/dim): 2.66276, 2.82620, 2.95766, 3.03887, 3.10396, 3.15189, 3.18055, 3.19849, 3.21021, 3.21603 (3.22051)	Reconstruction error (/dim): 0.06676, 0.05617, 0.04832, 0.04197, 0.03677, 0.03267, 0.03008, 0.02853, 0.02748, 0.02689 (0.02643)	KLD: 3.891, 3.427, 3.394, 2.631, 2.385, 2.044, 1.828, 1.578, 1.378, 1.098 (24.166)	Grad: 1764.5
[Epoch  57 (26.65s)]	ELBO (bits/dim): 2.66361, 2.82706, 2.95810, 3.03916, 3.10427, 3.15220, 3.18081, 3.19876, 3.21037, 3.21635 (3.22083)	Reconstruction error (/dim): 0.06673, 0.05613, 0.04830, 0.04195, 0.03673, 0.03264, 0.03005, 0.02850, 0.02746, 0.02686 (0.02648)	KLD: 3.902, 3.428, 3.404, 2.634, 2.388, 2.042, 1.819, 1.573, 1.371, 1.098 (23.707)	Grad: 1743.2
[Epoch  58 (26.69s)]	ELBO (bits/dim): 2.66406, 2.82794, 2.95849, 3.03957, 3.10475, 3.15259, 3.18115, 3.19914, 3.21088, 3.21673 (3.21888)	Reconstruction error (/dim): 0.06672, 0.05608, 0.04824, 0.04193, 0.03671, 0.03262, 0.03004, 0.02848, 0.02744, 0.02683 (0.02676)	KLD: 3.904, 3.427, 3.404, 2.633, 2.389, 2.043, 1.823, 1.579, 1.367, 1.095 (24.087)	Grad: 1805.9
[Epoch  59 (26.58s)]	ELBO (bits/dim): 2.66509, 2.82902, 2.95929, 3.04012, 3.10510, 3.15294, 3.18161, 3.19948, 3.21125, 3.21707 (3.21993)	Reconstruction error (/dim): 0.06663, 0.05601, 0.04820, 0.04190, 0.03668, 0.03260, 0.03001, 0.02846, 0.02742, 0.02682 (0.02664)	KLD: 3.911, 3.435, 3.408, 2.638, 2.387, 2.041, 1.823, 1.579, 1.370, 1.099 (23.516)	Grad: 1760.8
[Epoch  60 (26.56s)]	ELBO (bits/dim): 2.66565, 2.82980, 2.95952, 3.04046, 3.10536, 3.15335, 3.18220, 3.20001, 3.21170, 3.21751 (3.22049)	Reconstruction error (/dim): 0.06659, 0.05593, 0.04818, 0.04186, 0.03666, 0.03256, 0.02996, 0.02840, 0.02736, 0.02678 (0.02654)	KLD: 3.917, 3.433, 3.406, 2.633, 2.388, 2.039, 1.826, 1.578, 1.380, 1.098 (23.704)	Grad: 1711.8
[Epoch  61 (26.56s)]	ELBO (bits/dim): 2.66649, 2.83078, 2.95990, 3.04072, 3.10570, 3.15368, 3.18239, 3.20035, 3.21205, 3.21787 (3.22288)	Reconstruction error (/dim): 0.06654, 0.05586, 0.04816, 0.04184, 0.03663, 0.03254, 0.02995, 0.02840, 0.02736, 0.02676 (0.02625)	KLD: 3.918, 3.434, 3.418, 2.640, 2.389, 2.046, 1.825, 1.578, 1.369, 1.092 (23.675)	Grad: 1838.8
[Epoch  62 (26.61s)]	ELBO (bits/dim): 2.66698, 2.83126, 2.96039, 3.04111, 3.10608, 3.15414, 3.18274, 3.20051, 3.21230, 3.21815 (3.22089)	Reconstruction error (/dim): 0.06651, 0.05584, 0.04811, 0.04183, 0.03661, 0.03251, 0.02992, 0.02839, 0.02733, 0.02674 (0.02661)	KLD: 3.925, 3.433, 3.416, 2.639, 2.388, 2.046, 1.828, 1.580, 1.373, 1.102 (23.696)	Grad: 1757.6
[Epoch  63 (26.46s)]	ELBO (bits/dim): 2.66758, 2.83201, 2.96059, 3.04144, 3.10635, 3.15442, 3.18311, 3.20090, 3.21252, 3.21834 (3.22251)	Reconstruction error (/dim): 0.06646, 0.05580, 0.04811, 0.04179, 0.03660, 0.03248, 0.02989, 0.02836, 0.02732, 0.02673 (0.02641)	KLD: 3.931, 3.439, 3.420, 2.640, 2.391, 2.044, 1.825, 1.579, 1.373, 1.091 (23.610)	Grad: 1805.7
[Epoch  64 (26.51s)]	ELBO (bits/dim): 2.66800, 2.83283, 2.96117, 3.04182, 3.10680, 3.15467, 3.18343, 3.20132, 3.21306, 3.21875 (3.22122)	Reconstruction error (/dim): 0.06648, 0.05575, 0.04803, 0.04177, 0.03655, 0.03247, 0.02987, 0.02833, 0.02728, 0.02669 (0.02643)	KLD: 3.935, 3.441, 3.422, 2.639, 2.390, 2.044, 1.832, 1.578, 1.379, 1.090 (23.751)	Grad: 1828.5
[Epoch  65 (26.58s)]	ELBO (bits/dim): 2.66874, 2.83351, 2.96136, 3.04192, 3.10706, 3.15503, 3.18360, 3.20146, 3.21312, 3.21894 (3.22258)	Reconstruction error (/dim): 0.06641, 0.05569, 0.04803, 0.04177, 0.03654, 0.03245, 0.02986, 0.02833, 0.02728, 0.02670 (0.02641)	KLD: 3.943, 3.439, 3.420, 2.637, 2.389, 2.039, 1.825, 1.586, 1.371, 1.090 (23.730)	Grad: 1871.6
[Epoch  66 (26.63s)]	ELBO (bits/dim): 2.66941, 2.83445, 2.96204, 3.04264, 3.10771, 3.15562, 3.18432, 3.20211, 3.21364, 3.21945 (3.22035)	Reconstruction error (/dim): 0.06638, 0.05561, 0.04796, 0.04170, 0.03648, 0.03240, 0.02980, 0.02826, 0.02725, 0.02665 (0.02652)	KLD: 3.939, 3.448, 3.430, 2.643, 2.391, 2.046, 1.830, 1.583, 1.362, 1.099 (24.145)	Grad: 1732.2
[Epoch  67 (26.89s)]	ELBO (bits/dim): 2.67003, 2.83502, 2.96235, 3.04278, 3.10779, 3.15591, 3.18449, 3.20249, 3.21418, 3.21982 (3.22439)	Reconstruction error (/dim): 0.06632, 0.05560, 0.04795, 0.04171, 0.03648, 0.03238, 0.02980, 0.02824, 0.02720, 0.02663 (0.02638)	KLD: 3.955, 3.448, 3.431, 2.640, 2.394, 2.045, 1.825, 1.577, 1.364, 1.095 (23.314)	Grad: 1806.2
[Epoch  68 (26.90s)]	ELBO (bits/dim): 2.66993, 2.83541, 2.96231, 3.04274, 3.10791, 3.15575, 3.18448, 3.20234, 3.21386, 3.21953 (3.22443)	Reconstruction error (/dim): 0.06635, 0.05556, 0.04795, 0.04170, 0.03647, 0.03240, 0.02981, 0.02826, 0.02724, 0.02666 (0.02630)	KLD: 3.952, 3.446, 3.429, 2.641, 2.386, 2.043, 1.826, 1.590, 1.372, 1.088 (23.589)	Grad: 1878.7
[Epoch  69 (28.82s)]	ELBO (bits/dim): 2.67084, 2.83623, 2.96271, 3.04319, 3.10815, 3.15616, 3.18483, 3.20262, 3.21418, 3.21981 (3.22162)	Reconstruction error (/dim): 0.06629, 0.05553, 0.04793, 0.04167, 0.03647, 0.03236, 0.02976, 0.02824, 0.02722, 0.02664 (0.02658)	KLD: 3.960, 3.452, 3.435, 2.648, 2.393, 2.044, 1.829, 1.585, 1.361, 1.082 (23.828)	Grad: 1844.9
[Epoch  70 (28.04s)]	ELBO (bits/dim): 2.67131, 2.83688, 2.96308, 3.04356, 3.10858, 3.15654, 3.18528, 3.20300, 3.21466, 3.22024 (3.22135)	Reconstruction error (/dim): 0.06622, 0.05546, 0.04788, 0.04164, 0.03643, 0.03234, 0.02974, 0.02821, 0.02718, 0.02662 (0.02644)	KLD: 3.964, 3.448, 3.437, 2.645, 2.397, 2.043, 1.831, 1.583, 1.362, 1.086 (24.265)	Grad: 1910.0
[Epoch  71 (28.13s)]	ELBO (bits/dim): 2.67184, 2.83754, 2.96337, 3.04392, 3.10891, 3.15690, 3.18565, 3.20339, 3.21488, 3.22058 (3.22307)	Reconstruction error (/dim): 0.06621, 0.05543, 0.04785, 0.04161, 0.03640, 0.03231, 0.02970, 0.02818, 0.02716, 0.02658 (0.02641)	KLD: 3.965, 3.449, 3.440, 2.647, 2.394, 2.044, 1.828, 1.577, 1.362, 1.084 (23.793)	Grad: 1883.9
[Epoch  72 (27.37s)]	ELBO (bits/dim): 2.67234, 2.83840, 2.96396, 3.04434, 3.10923, 3.15724, 3.18582, 3.20378, 3.21527, 3.22082 (3.22439)	Reconstruction error (/dim): 0.06618, 0.05537, 0.04781, 0.04159, 0.03639, 0.03229, 0.02971, 0.02816, 0.02713, 0.02657 (0.02629)	KLD: 3.972, 3.449, 3.441, 2.645, 2.395, 2.044, 1.828, 1.577, 1.357, 1.082 (24.003)	Grad: 1903.4
[Epoch  73 (27.44s)]	ELBO (bits/dim): 2.67294, 2.83894, 2.96432, 3.04464, 3.10976, 3.15762, 3.18632, 3.20404, 3.21547, 3.22113 (3.22423)	Reconstruction error (/dim): 0.06615, 0.05532, 0.04778, 0.04157, 0.03635, 0.03227, 0.02966, 0.02813, 0.02712, 0.02655 (0.02644)	KLD: 3.971, 3.452, 3.445, 2.649, 2.398, 2.042, 1.834, 1.587, 1.355, 1.083 (23.935)	Grad: 1883.8
[Epoch  74 (27.71s)]	ELBO (bits/dim): 2.67344, 2.83942, 2.96454, 3.04492, 3.10990, 3.15780, 3.18650, 3.20420, 3.21571, 3.22134 (3.22177)	Reconstruction error (/dim): 0.06610, 0.05531, 0.04778, 0.04155, 0.03634, 0.03227, 0.02967, 0.02813, 0.02710, 0.02655 (0.02617)	KLD: 3.976, 3.456, 3.446, 2.649, 2.392, 2.042, 1.830, 1.588, 1.358, 1.082 (24.215)	Grad: 1898.7
[Epoch  75 (27.19s)]	ELBO (bits/dim): 2.67395, 2.83993, 2.96500, 3.04512, 3.11014, 3.15822, 3.18674, 3.20460, 3.21616, 3.22178 (3.22145)	Reconstruction error (/dim): 0.06605, 0.05528, 0.04773, 0.04152, 0.03632, 0.03221, 0.02963, 0.02809, 0.02706, 0.02651 (0.02657)	KLD: 3.985, 3.455, 3.449, 2.651, 2.392, 2.046, 1.833, 1.584, 1.351, 1.083 (23.740)	Grad: 1902.6
[Epoch  76 (27.04s)]	ELBO (bits/dim): 2.67420, 2.84037, 2.96513, 3.04521, 3.11025, 3.15834, 3.18691, 3.20477, 3.21626, 3.22175 (3.22030)	Reconstruction error (/dim): 0.06607, 0.05524, 0.04774, 0.04153, 0.03632, 0.03222, 0.02964, 0.02810, 0.02707, 0.02653 (0.02657)	KLD: 3.983, 3.456, 3.452, 2.652, 2.398, 2.041, 1.831, 1.582, 1.362, 1.083 (24.108)	Grad: 1923.1
[Epoch  77 (27.56s)]	ELBO (bits/dim): 2.67494, 2.84125, 2.96573, 3.04572, 3.11083, 3.15869, 3.18733, 3.20521, 3.21659, 3.22224 (3.22367)	Reconstruction error (/dim): 0.06601, 0.05519, 0.04768, 0.04149, 0.03626, 0.03220, 0.02960, 0.02807, 0.02705, 0.02649 (0.02629)	KLD: 3.993, 3.457, 3.449, 2.650, 2.397, 2.043, 1.832, 1.591, 1.353, 1.080 (24.161)	Grad: 1929.8
No improvement after 10 epochs...
Best epoch(s): [68]	Training time(s): 2160.66s (2160.66s)	Best ELBO (bits/dim): 3.22224 (3.22443)	Best reconstruction error (/dim): 0.07951 (0.06706)
Avg. mu: 0.035, 0.011, 0.001, 0.003, -0.036, -0.075, 0.086, -0.043, 0.268, 0.139
Avg. var: 0.002, 0.002, 0.002, 0.007, 0.011, 0.019, 0.030, 0.064, 0.074, 0.119
Max. mu: 4.354, 4.781, 3.963, 5.179, 4.208, 3.503, 4.302, 4.834, 5.595, 4.049
Max. var: 0.060, 0.026, 0.017, 0.039, 0.076, 0.090, 0.165, 0.400, 0.211, 0.465
Min. mu: -5.033, -4.506, -3.860, -3.748, -3.746, -3.718, -4.665, -3.991, -3.705, -4.236
Min. var: 0.000, 0.000, 0.000, 0.001, 0.002, 0.005, 0.007, 0.009, 0.022, 0.036
Cov. mu:
[[1.819 -0.509 -0.716 0.157 -0.046 -0.021 0.038 0.064 -0.082 -0.009]
 [-0.509 1.295 0.306 -0.000 0.095 0.001 -0.037 -0.042 -0.005 -0.001]
 [-0.716 0.306 1.393 -0.068 0.026 -0.055 -0.069 0.041 0.084 -0.035]
 [0.157 -0.000 -0.068 1.085 0.031 0.016 -0.004 -0.085 0.008 -0.011]
 [-0.046 0.095 0.026 0.031 1.032 -0.023 0.012 -0.009 0.010 -0.016]
 [-0.021 0.001 -0.055 0.016 -0.023 0.945 -0.008 0.004 -0.027 0.001]
 [0.038 -0.037 -0.069 -0.004 0.012 -0.008 0.925 -0.004 0.015 0.016]
 [0.064 -0.042 0.041 -0.085 -0.009 0.004 -0.004 1.003 -0.035 -0.035]
 [-0.082 -0.005 0.084 0.008 0.010 -0.027 0.015 -0.035 0.901 0.025]
 [-0.009 -0.001 -0.035 -0.011 -0.016 0.001 0.016 -0.035 0.025 0.844]]
