Encoder
=================================================================
Layer (type:depth-idx)                   Param #
=================================================================
Encoder                                  --
├─Linear: 1-1                            31,400
├─Linear: 1-2                            1,640
=================================================================
Total params: 33,040
Trainable params: 33,040
Non-trainable params: 0
=================================================================
Encoder to Latents 0
=================================================================
Layer (type:depth-idx)                   Param #
=================================================================
EncoderToLatents                         --
├─Linear: 1-1                            41
├─Linear: 1-2                            41
=================================================================
Total params: 82
Trainable params: 82
Non-trainable params: 0
=================================================================
Encoder to Latents 1
=================================================================
Layer (type:depth-idx)                   Param #
=================================================================
EncoderToLatents                         --
├─Linear: 1-1                            41
├─Linear: 1-2                            41
=================================================================
Total params: 82
Trainable params: 82
Non-trainable params: 0
=================================================================
Encoder to Latents 2
=================================================================
Layer (type:depth-idx)                   Param #
=================================================================
EncoderToLatents                         --
├─Linear: 1-1                            41
├─Linear: 1-2                            41
=================================================================
Total params: 82
Trainable params: 82
Non-trainable params: 0
=================================================================
Encoder to Latents 3
=================================================================
Layer (type:depth-idx)                   Param #
=================================================================
EncoderToLatents                         --
├─Linear: 1-1                            41
├─Linear: 1-2                            41
=================================================================
Total params: 82
Trainable params: 82
Non-trainable params: 0
=================================================================
Encoder to Latents 4
=================================================================
Layer (type:depth-idx)                   Param #
=================================================================
EncoderToLatents                         --
├─Linear: 1-1                            41
├─Linear: 1-2                            41
=================================================================
Total params: 82
Trainable params: 82
Non-trainable params: 0
=================================================================
Encoder to Latents 5
=================================================================
Layer (type:depth-idx)                   Param #
=================================================================
EncoderToLatents                         --
├─Linear: 1-1                            41
├─Linear: 1-2                            41
=================================================================
Total params: 82
Trainable params: 82
Non-trainable params: 0
=================================================================
Encoder to Latents 6
=================================================================
Layer (type:depth-idx)                   Param #
=================================================================
EncoderToLatents                         --
├─Linear: 1-1                            41
├─Linear: 1-2                            41
=================================================================
Total params: 82
Trainable params: 82
Non-trainable params: 0
=================================================================
Encoder to Latents 7
=================================================================
Layer (type:depth-idx)                   Param #
=================================================================
EncoderToLatents                         --
├─Linear: 1-1                            41
├─Linear: 1-2                            41
=================================================================
Total params: 82
Trainable params: 82
Non-trainable params: 0
=================================================================
Encoder to Latents 8
=================================================================
Layer (type:depth-idx)                   Param #
=================================================================
EncoderToLatents                         --
├─Linear: 1-1                            41
├─Linear: 1-2                            41
=================================================================
Total params: 82
Trainable params: 82
Non-trainable params: 0
=================================================================
Encoder to Latents 9
=================================================================
Layer (type:depth-idx)                   Param #
=================================================================
EncoderToLatents                         --
├─Linear: 1-1                            41
├─Linear: 1-2                            41
=================================================================
Total params: 82
Trainable params: 82
Non-trainable params: 0
=================================================================
Latents to Latents
=================================================================
Layer (type:depth-idx)                   Param #
=================================================================
LatentsToLatents                         --
├─Linear: 1-1                            20
├─Linear: 1-2                            5
├─Linear: 1-3                            5
=================================================================
Total params: 30
Trainable params: 30
Non-trainable params: 0
=================================================================
Latents to Decoder 0
=================================================================
Layer (type:depth-idx)                   Param #
=================================================================
LatentsToDecoder                         --
├─Linear: 1-1                            80
=================================================================
Total params: 80
Trainable params: 80
Non-trainable params: 0
=================================================================
Latents to Decoder 1
=================================================================
Layer (type:depth-idx)                   Param #
=================================================================
LatentsToDecoder                         --
├─Linear: 1-1                            80
=================================================================
Total params: 80
Trainable params: 80
Non-trainable params: 0
=================================================================
Latents to Decoder 2
=================================================================
Layer (type:depth-idx)                   Param #
=================================================================
LatentsToDecoder                         --
├─Linear: 1-1                            80
=================================================================
Total params: 80
Trainable params: 80
Non-trainable params: 0
=================================================================
Latents to Decoder 3
=================================================================
Layer (type:depth-idx)                   Param #
=================================================================
LatentsToDecoder                         --
├─Linear: 1-1                            80
=================================================================
Total params: 80
Trainable params: 80
Non-trainable params: 0
=================================================================
Latents to Decoder 4
=================================================================
Layer (type:depth-idx)                   Param #
=================================================================
LatentsToDecoder                         --
├─Linear: 1-1                            80
=================================================================
Total params: 80
Trainable params: 80
Non-trainable params: 0
=================================================================
Latents to Decoder 5
=================================================================
Layer (type:depth-idx)                   Param #
=================================================================
LatentsToDecoder                         --
├─Linear: 1-1                            80
=================================================================
Total params: 80
Trainable params: 80
Non-trainable params: 0
=================================================================
Latents to Decoder 6
=================================================================
Layer (type:depth-idx)                   Param #
=================================================================
LatentsToDecoder                         --
├─Linear: 1-1                            80
=================================================================
Total params: 80
Trainable params: 80
Non-trainable params: 0
=================================================================
Latents to Decoder 7
=================================================================
Layer (type:depth-idx)                   Param #
=================================================================
LatentsToDecoder                         --
├─Linear: 1-1                            80
=================================================================
Total params: 80
Trainable params: 80
Non-trainable params: 0
=================================================================
Latents to Decoder 8
=================================================================
Layer (type:depth-idx)                   Param #
=================================================================
LatentsToDecoder                         --
├─Linear: 1-1                            80
=================================================================
Total params: 80
Trainable params: 80
Non-trainable params: 0
=================================================================
Latents to Decoder 9
=================================================================
Layer (type:depth-idx)                   Param #
=================================================================
LatentsToDecoder                         --
├─Linear: 1-1                            80
=================================================================
Total params: 80
Trainable params: 80
Non-trainable params: 0
=================================================================
Decoder
=================================================================
Layer (type:depth-idx)                   Param #
=================================================================
Decoder                                  --
├─Linear: 1-1                            1,640
├─Linear: 1-2                            32,144
=================================================================
Total params: 33,784
Trainable params: 33,784
Non-trainable params: 0
=================================================================
[Epoch   1 (34.54s)]	ELBO: -12234.140, -9452.426, -9024.902, -8902.926, -8879.826, -8877.438, -8915.386, -8956.987, -9025.670, -9093.522 (-4914.470)	Log prob: -12205.886, -9407.365, -8976.842, -8853.297, -8829.067, -8826.104, -8863.394, -8903.957, -8971.938, -9038.779 (-4835.657)	KLD: 28.253, 16.808, 2.993, 1.578, 1.128, 0.583, 0.648, 1.043, 0.696, 1.012 (78.813)	Grad: 101.708, 59.982, 9.894, 7.425, 5.583, 5.311, 6.011, 6.224, 6.589, 10.648
[Epoch   2 (36.72s)]	ELBO: -8988.292, -5067.711, -4382.562, -4241.372, -4211.052, -4145.147, -4122.445, -4111.525, -4112.858, -4116.409 (-3252.136)	Log prob: -8974.420, -5020.845, -4327.406, -4182.032, -4149.777, -4081.251, -4055.602, -4041.735, -4041.454, -4042.547 (-3180.441)	KLD: 13.874, 32.992, 8.295, 4.177, 1.937, 2.623, 2.943, 2.948, 1.614, 2.461 (71.694)	Grad: 50.656, 93.391, 10.239, 7.594, 4.882, 5.601, 4.713, 4.428, 4.116, 11.855
[Epoch   3 (36.33s)]	ELBO: -8654.602, -4795.051, -3653.990, -3118.021, -3032.244, -2972.953, -2941.826, -2917.307, -2916.989, -2914.223 (-2606.240)	Log prob: -8644.731, -4758.560, -3609.058, -3067.615, -2977.447, -2915.066, -2880.159, -2851.807, -2849.031, -2844.160 (-2536.469)	KLD: 9.873, 26.620, 8.437, 5.475, 4.391, 3.092, 3.779, 3.829, 2.461, 2.106 (69.771)	Grad: 50.446, 66.262, 11.322, 10.466, 6.992, 5.710, 4.981, 5.302, 3.866, 10.983
[Epoch   4 (35.80s)]	ELBO: -8305.070, -4641.218, -3333.609, -2693.128, -2642.892, -2531.268, -2495.447, -2481.574, -2480.881, -2480.056 (-2299.336)	Log prob: -8297.179, -4610.012, -3293.073, -2647.862, -2592.974, -2477.633, -2438.203, -2420.949, -2417.385, -2414.563 (-2235.666)	KLD: 7.897, 23.313, 9.323, 4.734, 4.653, 3.717, 3.608, 3.380, 2.872, 1.999 (63.670)	Grad: 52.080, 53.284, 11.160, 9.561, 5.987, 5.036, 4.705, 4.168, 3.800, 10.776
[Epoch   5 (36.52s)]	ELBO: -7986.534, -4527.764, -3172.358, -2467.247, -2420.093, -2279.490, -2249.770, -2235.333, -2232.592, -2232.767 (-2091.399)	Log prob: -7979.196, -4500.825, -3136.333, -2426.487, -2374.807, -2230.260, -2196.844, -2178.998, -2172.848, -2170.936 (-2029.937)	KLD: 7.348, 19.594, 9.083, 4.738, 4.523, 3.946, 3.694, 3.410, 3.407, 2.089 (61.462)	Grad: 58.437, 56.185, 12.004, 8.213, 5.515, 4.818, 4.340, 3.886, 3.979, 12.347
[Epoch   6 (37.10s)]	ELBO: -7776.109, -4393.454, -3037.037, -2339.344, -2246.087, -2097.468, -2072.039, -2052.952, -2040.855, -2042.077 (-1887.271)	Log prob: -7768.201, -4368.023, -3003.540, -2301.196, -2203.370, -2050.758, -2021.492, -1998.815, -1982.898, -1982.054 (-1826.689)	KLD: 7.908, 17.524, 8.065, 4.649, 4.571, 3.992, 3.837, 3.591, 3.820, 2.065 (60.583)	Grad: 72.054, 59.006, 12.336, 8.608, 5.900, 4.885, 4.490, 4.115, 4.110, 11.121
[Epoch   7 (36.85s)]	ELBO: -7610.292, -4251.642, -2945.288, -2267.175, -2099.237, -1943.880, -1915.714, -1890.186, -1874.850, -1876.045 (-1773.932)	Log prob: -7600.825, -4226.140, -2912.604, -2229.754, -2057.530, -1898.133, -1865.826, -1836.460, -1816.980, -1816.136 (-1713.609)	KLD: 9.467, 16.035, 7.183, 4.735, 4.285, 4.043, 4.140, 3.836, 4.147, 2.038 (60.323)	Grad: 79.673, 56.593, 12.461, 8.510, 6.837, 4.692, 4.535, 3.959, 4.129, 9.967
[Epoch   8 (37.01s)]	ELBO: -7506.990, -4136.397, -2891.353, -2220.618, -2012.493, -1855.044, -1811.674, -1787.261, -1771.380, -1773.419 (-1687.388)	Log prob: -7496.737, -4111.444, -2859.850, -2184.145, -1971.812, -1810.201, -1762.341, -1734.090, -1713.880, -1714.063 (-1628.187)	KLD: 10.252, 14.704, 6.546, 4.970, 4.210, 4.161, 4.491, 3.838, 4.328, 1.856 (59.201)	Grad: 83.730, 61.319, 13.188, 9.309, 7.105, 4.910, 4.868, 4.033, 4.363, 8.718
[Epoch   9 (36.36s)]	ELBO: -7439.483, -4060.131, -2848.537, -2181.314, -1954.528, -1792.365, -1733.253, -1709.894, -1694.030, -1695.867 (-1619.451)	Log prob: -7429.094, -4036.002, -2818.169, -2145.881, -1914.968, -1748.638, -1684.896, -1657.619, -1637.448, -1637.547 (-1561.507)	KLD: 10.391, 13.739, 6.237, 5.066, 4.128, 4.166, 4.630, 3.918, 4.307, 1.737 (57.944)	Grad: 83.604, 58.895, 13.942, 9.469, 6.776, 5.185, 4.995, 4.073, 4.563, 7.479
[Epoch  10 (36.68s)]	ELBO: -7380.788, -4004.882, -2803.181, -2147.643, -1909.547, -1742.223, -1674.092, -1650.960, -1629.551, -1630.866 (-1575.669)	Log prob: -7370.353, -3981.529, -2773.756, -2113.208, -1871.047, -1699.499, -1626.852, -1599.664, -1573.905, -1573.685 (-1519.555)	KLD: 10.435, 12.917, 6.072, 5.011, 4.065, 4.224, 4.516, 4.056, 4.349, 1.537 (56.114)	Grad: 86.158, 57.669, 14.459, 9.832, 6.632, 5.449, 5.204, 4.232, 4.738, 6.635
[Epoch  11 (37.78s)]	ELBO: -7306.874, -3967.850, -2766.782, -2119.876, -1874.912, -1706.242, -1632.994, -1607.467, -1577.786, -1578.675 (-1519.356)	Log prob: -7296.312, -3945.177, -2738.111, -2086.345, -1837.388, -1664.464, -1586.803, -1557.102, -1523.318, -1522.652 (-1463.423)	KLD: 10.565, 12.106, 6.000, 4.860, 3.993, 4.254, 4.414, 4.173, 4.104, 1.554 (55.933)	Grad: 87.408, 57.311, 14.289, 9.905, 6.339, 5.480, 5.141, 4.278, 4.858, 5.805
[Epoch  12 (38.27s)]	ELBO: -7234.243, -3937.443, -2736.675, -2099.990, -1850.259, -1680.238, -1602.951, -1572.967, -1535.404, -1535.885 (-1478.327)	Log prob: -7223.584, -3915.203, -2708.524, -2067.053, -1813.366, -1639.069, -1557.472, -1523.254, -1481.815, -1480.738 (-1422.577)	KLD: 10.658, 11.581, 5.912, 4.785, 3.956, 4.277, 4.310, 4.234, 3.876, 1.558 (55.750)	Grad: 91.280, 59.402, 14.836, 10.095, 6.470, 5.539, 5.223, 4.433, 4.925, 5.745
[Epoch  13 (37.86s)]	ELBO: -7159.310, -3910.325, -2707.012, -2078.535, -1824.891, -1654.366, -1574.783, -1538.457, -1496.341, -1496.246 (-1450.979)	Log prob: -7148.504, -3888.428, -2679.299, -2046.097, -1788.529, -1613.708, -1529.926, -1489.452, -1443.642, -1442.026 (-1396.303)	KLD: 10.811, 11.088, 5.813, 4.728, 3.923, 4.296, 4.200, 4.146, 3.695, 1.522 (54.676)	Grad: 93.575, 56.040, 14.697, 9.907, 6.503, 5.526, 5.387, 4.308, 4.895, 5.557
[Epoch  14 (36.80s)]	ELBO: -7081.151, -3885.627, -2683.266, -2062.804, -1805.414, -1635.720, -1553.107, -1510.524, -1465.825, -1464.886 (-1412.732)	Log prob: -7070.262, -3863.998, -2655.851, -2030.663, -1769.331, -1595.421, -1508.772, -1462.172, -1413.782, -1411.276 (-1359.556)	KLD: 10.885, 10.744, 5.785, 4.728, 3.941, 4.217, 4.036, 4.015, 3.692, 1.567 (53.176)	Grad: 96.494, 59.369, 14.793, 10.055, 6.375, 5.580, 5.390, 4.331, 5.103, 6.178
[Epoch  15 (37.18s)]	ELBO: -7001.803, -3867.721, -2663.773, -2050.873, -1789.920, -1620.422, -1534.156, -1484.402, -1436.868, -1435.096 (-1380.917)	Log prob: -6990.823, -3846.345, -2636.673, -2019.128, -1754.230, -1580.558, -1490.322, -1436.720, -1385.560, -1382.134 (-1328.071)	KLD: 10.980, 10.397, 5.724, 4.645, 3.944, 4.175, 3.969, 3.847, 3.628, 1.654 (52.846)	Grad: 99.748, 59.605, 14.816, 10.044, 6.445, 5.565, 5.326, 4.438, 4.884, 6.627
[Epoch  16 (37.27s)]	ELBO: -6906.292, -3849.831, -2646.983, -2039.331, -1775.094, -1607.289, -1516.358, -1461.598, -1412.237, -1408.512 (-1364.458)	Log prob: -6895.199, -3828.647, -2620.109, -2007.834, -1739.645, -1567.673, -1472.859, -1414.424, -1361.459, -1355.818 (-1310.565)	KLD: 11.096, 10.089, 5.690, 4.623, 3.952, 4.166, 3.884, 3.674, 3.605, 1.916 (53.893)	Grad: 103.356, 58.043, 15.213, 10.163, 6.603, 5.703, 5.283, 4.617, 4.956, 7.368
[Epoch  17 (37.16s)]	ELBO: -6800.217, -3836.478, -2635.245, -2032.682, -1764.927, -1597.930, -1503.177, -1443.064, -1392.497, -1388.272 (-1347.249)	Log prob: -6788.958, -3815.371, -2608.515, -2001.332, -1729.611, -1558.455, -1459.857, -1396.218, -1342.026, -1335.646 (-1293.564)	KLD: 11.263, 9.840, 5.624, 4.623, 3.967, 4.157, 3.845, 3.527, 3.624, 2.154 (53.685)	Grad: 108.298, 60.725, 15.670, 10.434, 6.671, 5.964, 5.513, 4.776, 5.241, 8.110
[Epoch  18 (37.36s)]	ELBO: -6641.169, -3826.271, -2620.064, -2023.554, -1753.931, -1588.100, -1490.205, -1426.032, -1373.656, -1368.519 (-1330.099)	Log prob: -6629.727, -3805.158, -2593.343, -1992.261, -1718.670, -1548.721, -1447.046, -1379.379, -1323.411, -1316.114 (-1277.309)	KLD: 11.443, 9.672, 5.607, 4.572, 3.968, 4.117, 3.781, 3.494, 3.591, 2.160 (52.790)	Grad: 118.066, 64.795, 15.545, 10.606, 6.785, 6.020, 5.662, 4.875, 5.243, 7.895
[Epoch  19 (37.65s)]	ELBO: -6498.356, -3811.297, -2603.674, -2014.703, -1740.816, -1576.334, -1475.987, -1407.639, -1353.969, -1348.883 (-1302.849)	Log prob: -6486.931, -3790.305, -2577.136, -1983.642, -1705.743, -1537.198, -1433.128, -1361.375, -1304.089, -1296.827 (-1249.793)	KLD: 11.428, 9.565, 5.546, 4.521, 4.015, 4.061, 3.723, 3.404, 3.617, 2.177 (53.056)	Grad: 126.098, 66.202, 16.309, 10.666, 6.888, 5.993, 5.732, 4.977, 5.391, 8.453
[Epoch  20 (37.66s)]	ELBO: -6399.497, -3796.485, -2588.363, -2006.873, -1730.514, -1565.926, -1463.067, -1391.588, -1336.637, -1331.513 (-1283.545)	Log prob: -6388.099, -3775.690, -2562.127, -1976.182, -1695.837, -1527.208, -1420.705, -1345.892, -1287.326, -1280.000 (-1232.178)	KLD: 11.400, 9.396, 5.441, 4.455, 3.987, 4.039, 3.644, 3.335, 3.613, 2.204 (51.366)	Grad: 125.559, 68.872, 16.264, 10.713, 6.891, 6.221, 5.870, 5.124, 5.549, 8.443
[Epoch  21 (37.31s)]	ELBO: -6334.173, -3784.935, -2573.151, -1999.225, -1719.553, -1555.580, -1450.896, -1376.546, -1320.569, -1315.643 (-1273.544)	Log prob: -6322.963, -3764.482, -2547.278, -1968.927, -1685.313, -1517.439, -1409.175, -1331.497, -1271.913, -1264.747 (-1222.205)	KLD: 11.207, 9.247, 5.418, 4.425, 3.943, 3.900, 3.580, 3.328, 3.607, 2.240 (51.339)	Grad: 124.906, 69.943, 16.671, 10.607, 6.776, 6.260, 5.785, 4.999, 5.371, 8.127
[Epoch  22 (38.12s)]	ELBO: -6281.325, -3769.458, -2560.282, -1992.336, -1710.666, -1546.200, -1439.734, -1362.988, -1306.560, -1301.688 (-1266.001)	Log prob: -6270.192, -3749.200, -2534.691, -1962.425, -1676.826, -1508.461, -1398.537, -1318.479, -1258.486, -1251.369 (-1215.446)	KLD: 11.134, 9.124, 5.331, 4.324, 3.928, 3.900, 3.457, 3.310, 3.567, 2.244 (50.555)	Grad: 124.321, 67.185, 16.292, 10.732, 6.740, 6.017, 5.678, 4.889, 5.235, 7.791
[Epoch  23 (38.70s)]	ELBO: -6237.756, -3757.046, -2551.564, -1987.288, -1703.770, -1538.671, -1430.829, -1351.750, -1294.793, -1289.568 (-1251.691)	Log prob: -6226.844, -3737.112, -2526.365, -1957.792, -1670.375, -1501.470, -1390.168, -1307.797, -1247.267, -1239.789 (-1201.302)	KLD: 10.908, 9.025, 5.266, 4.297, 3.899, 3.808, 3.459, 3.291, 3.574, 2.253 (50.390)	Grad: 121.181, 70.487, 17.204, 10.919, 6.968, 6.373, 6.058, 5.294, 5.577, 8.521
[Epoch  24 (39.00s)]	ELBO: -6206.114, -3743.681, -2540.170, -1982.107, -1697.576, -1532.788, -1422.903, -1342.291, -1284.420, -1279.663 (-1243.477)	Log prob: -6195.331, -3723.980, -2515.232, -1952.897, -1664.498, -1495.929, -1382.636, -1298.744, -1237.306, -1230.250 (-1193.617)	KLD: 10.784, 8.915, 5.239, 4.273, 3.867, 3.781, 3.409, 3.279, 3.568, 2.299 (49.860)	Grad: 120.713, 75.469, 16.979, 11.212, 6.955, 6.411, 6.187, 5.250, 5.686, 8.290
[Epoch  25 (38.27s)]	ELBO: -6173.928, -3729.651, -2529.406, -1974.428, -1688.465, -1523.763, -1413.117, -1331.167, -1273.113, -1268.083 (-1236.157)	Log prob: -6163.338, -3710.256, -2504.821, -1945.622, -1655.801, -1487.361, -1373.350, -1288.127, -1226.463, -1219.103 (-1186.578)	KLD: 10.584, 8.811, 5.191, 4.219, 3.859, 3.737, 3.365, 3.273, 3.611, 2.330 (49.579)	Grad: 118.476, 76.070, 17.512, 11.104, 6.994, 6.376, 6.228, 5.302, 5.677, 8.102
[Epoch  26 (37.67s)]	ELBO: -6148.556, -3716.708, -2513.125, -1970.070, -1682.790, -1517.851, -1405.924, -1322.994, -1264.810, -1259.823 (-1222.881)	Log prob: -6138.072, -3697.480, -2488.707, -1941.471, -1650.340, -1481.689, -1366.395, -1280.192, -1218.449, -1211.118 (-1174.074)	KLD: 10.483, 8.746, 5.191, 4.180, 3.851, 3.713, 3.365, 3.273, 3.559, 2.344 (48.806)	Grad: 119.031, 72.581, 17.430, 11.339, 7.066, 6.430, 6.257, 5.325, 5.763, 8.129
[Epoch  27 (40.05s)]	ELBO: -6127.052, -3704.439, -2492.718, -1964.640, -1676.753, -1512.010, -1399.331, -1315.704, -1256.568, -1251.670 (-1217.476)	Log prob: -6116.670, -3685.378, -2468.502, -1936.316, -1644.568, -1476.157, -1360.144, -1273.241, -1210.558, -1203.256 (-1168.268)	KLD: 10.381, 8.680, 5.154, 4.109, 3.862, 3.668, 3.334, 3.275, 3.547, 2.405 (49.208)	Grad: 118.036, 72.445, 17.644, 11.595, 7.024, 6.651, 6.295, 5.454, 5.729, 8.020
[Epoch  28 (41.51s)]	ELBO: -6100.775, -3696.850, -2480.211, -1964.304, -1674.681, -1509.774, -1396.164, -1311.440, -1251.906, -1247.074 (-1205.057)	Log prob: -6090.490, -3677.966, -2456.145, -1936.220, -1642.700, -1474.116, -1357.196, -1269.175, -1206.077, -1198.806 (-1156.054)	KLD: 10.283, 8.603, 5.181, 4.017, 3.898, 3.675, 3.313, 3.297, 3.563, 2.439 (49.003)	Grad: 117.511, 78.946, 18.015, 12.292, 7.076, 6.551, 6.383, 5.598, 5.764, 7.913
[Epoch  29 (40.66s)]	ELBO: -6083.758, -3687.387, -2468.011, -1961.027, -1671.378, -1505.101, -1390.387, -1305.506, -1245.712, -1241.003 (-1197.131)	Log prob: -6073.548, -3668.644, -2444.146, -1933.236, -1639.741, -1469.758, -1351.734, -1263.566, -1200.179, -1192.961 (-1148.834)	KLD: 10.211, 8.531, 5.124, 3.926, 3.847, 3.704, 3.311, 3.286, 3.593, 2.508 (48.298)	Grad: 115.785, 79.372, 18.427, 12.781, 7.327, 6.592, 6.536, 5.616, 5.882, 8.036
[Epoch  30 (41.17s)]	ELBO: -6065.952, -3678.030, -2452.978, -1955.638, -1665.469, -1499.689, -1384.094, -1298.491, -1238.979, -1233.988 (-1191.966)	Log prob: -6055.881, -3659.501, -2429.337, -1928.038, -1634.003, -1464.516, -1345.591, -1256.698, -1193.606, -1186.034 (-1144.179)	KLD: 10.078, 8.453, 5.111, 3.959, 3.866, 3.707, 3.330, 3.290, 3.580, 2.581 (47.786)	Grad: 116.712, 80.554, 18.564, 13.033, 7.266, 6.653, 6.585, 5.698, 5.952, 7.807
[Epoch  31 (41.75s)]	ELBO: -6051.565, -3669.746, -2446.013, -1951.906, -1660.532, -1494.717, -1378.469, -1292.369, -1232.843, -1227.590 (-1187.225)	Log prob: -6041.597, -3651.390, -2422.551, -1924.454, -1629.225, -1459.730, -1340.119, -1250.709, -1187.582, -1179.674 (-1138.320)	KLD: 9.968, 8.385, 5.108, 3.989, 3.856, 3.681, 3.363, 3.309, 3.601, 2.654 (48.905)	Grad: 116.075, 80.945, 18.808, 13.499, 7.324, 6.738, 6.726, 5.814, 6.048, 8.131
[Epoch  32 (41.44s)]	ELBO: -6034.830, -3660.354, -2437.110, -1946.515, -1654.871, -1488.696, -1371.618, -1285.244, -1225.848, -1220.881 (-1184.467)	Log prob: -6024.927, -3642.140, -2413.831, -1919.226, -1623.701, -1453.794, -1333.340, -1243.644, -1180.682, -1172.999 (-1136.407)	KLD: 9.909, 8.306, 5.064, 4.008, 3.883, 3.732, 3.374, 3.324, 3.565, 2.716 (48.060)	Grad: 115.130, 80.680, 19.154, 13.588, 7.300, 6.611, 6.721, 5.766, 6.163, 8.299
[Epoch  33 (42.29s)]	ELBO: -6021.596, -3653.862, -2429.852, -1943.484, -1652.211, -1486.329, -1368.468, -1281.341, -1222.679, -1217.150 (-1182.025)	Log prob: -6011.792, -3635.792, -2406.684, -1916.279, -1621.113, -1451.539, -1330.284, -1239.791, -1177.564, -1169.241 (-1133.304)	KLD: 9.806, 8.264, 5.098, 4.037, 3.894, 3.692, 3.394, 3.366, 3.565, 2.792 (48.721)	Grad: 114.379, 79.864, 19.486, 14.169, 7.565, 7.030, 7.053, 5.997, 6.445, 8.816
[Epoch  34 (37.59s)]	ELBO: -6006.727, -3646.766, -2423.846, -1940.050, -1648.282, -1482.286, -1364.226, -1276.987, -1218.075, -1212.635 (-1173.722)	Log prob: -5997.020, -3628.847, -2400.843, -1913.003, -1617.314, -1447.590, -1326.132, -1235.554, -1173.064, -1164.776 (-1125.322)	KLD: 9.708, 8.210, 5.085, 4.045, 3.920, 3.729, 3.398, 3.339, 3.578, 2.848 (48.400)	Grad: 113.924, 82.343, 19.608, 14.107, 7.494, 6.950, 6.959, 6.091, 6.368, 8.552
[Epoch  35 (37.34s)]	ELBO: -5994.564, -3640.149, -2417.621, -1936.102, -1643.884, -1478.229, -1358.931, -1271.166, -1212.469, -1206.380 (-1170.222)	Log prob: -5984.985, -3622.424, -2394.791, -1909.198, -1613.075, -1443.744, -1321.010, -1229.851, -1167.560, -1158.561 (-1121.874)	KLD: 9.581, 8.145, 5.104, 4.076, 3.903, 3.677, 3.434, 3.394, 3.596, 2.909 (48.348)	Grad: 111.812, 84.796, 19.525, 14.194, 7.510, 6.815, 6.929, 5.991, 6.284, 8.230
[Epoch  36 (36.89s)]	ELBO: -5981.819, -3633.012, -2412.355, -1931.954, -1640.195, -1474.245, -1354.988, -1267.342, -1208.615, -1202.867 (-1166.793)	Log prob: -5972.307, -3615.406, -2389.663, -1905.179, -1609.508, -1439.813, -1317.090, -1226.059, -1163.766, -1155.045 (-1118.725)	KLD: 9.511, 8.096, 5.083, 4.084, 3.913, 3.745, 3.466, 3.386, 3.564, 2.973 (48.068)	Grad: 112.550, 83.164, 19.931, 14.443, 7.497, 6.968, 7.100, 6.201, 6.602, 8.776
[Epoch  37 (36.51s)]	ELBO: -5969.717, -3624.545, -2406.611, -1928.373, -1636.199, -1469.721, -1349.459, -1261.350, -1202.799, -1196.632 (-1168.528)	Log prob: -5960.272, -3607.063, -2384.027, -1901.695, -1605.599, -1435.376, -1311.631, -1220.121, -1157.985, -1148.797 (-1120.400)	KLD: 9.444, 8.037, 5.103, 4.095, 3.921, 3.746, 3.484, 3.400, 3.585, 3.022 (48.127)	Grad: 112.073, 82.115, 19.755, 14.137, 7.499, 6.732, 6.807, 5.972, 6.347, 8.249
[Epoch  38 (35.93s)]	ELBO: -5955.101, -3619.329, -2401.430, -1924.605, -1632.337, -1466.057, -1345.782, -1257.295, -1199.387, -1192.980 (-1162.067)	Log prob: -5945.784, -3602.019, -2379.052, -1898.116, -1601.930, -1431.901, -1308.134, -1216.227, -1154.729, -1145.252 (-1113.865)	KLD: 9.320, 7.992, 5.067, 4.110, 3.916, 3.749, 3.493, 3.420, 3.590, 3.070 (48.202)	Grad: 110.479, 86.237, 19.772, 14.054, 7.426, 6.822, 6.921, 6.121, 6.445, 8.385
[Epoch  39 (36.50s)]	ELBO: -5946.912, -3616.487, -2400.323, -1924.368, -1631.930, -1465.742, -1344.660, -1256.074, -1197.745, -1191.155 (-1155.440)	Log prob: -5937.606, -3599.221, -2377.994, -1897.912, -1601.543, -1431.587, -1306.988, -1214.960, -1152.998, -1143.293 (-1107.678)	KLD: 9.309, 7.955, 5.064, 4.129, 3.930, 3.767, 3.519, 3.441, 3.632, 3.116 (47.763)	Grad: 110.144, 86.310, 20.284, 14.277, 7.651, 6.972, 7.112, 6.391, 6.674, 8.709
[Epoch  40 (36.08s)]	ELBO: -5938.245, -3609.824, -2393.615, -1919.873, -1627.459, -1461.565, -1339.709, -1250.760, -1192.795, -1186.230 (-1150.159)	Log prob: -5929.045, -3592.707, -2371.431, -1893.548, -1597.196, -1427.559, -1302.181, -1209.790, -1148.173, -1138.457 (-1102.077)	KLD: 9.199, 7.922, 5.064, 4.139, 3.939, 3.743, 3.523, 3.443, 3.650, 3.152 (48.082)	Grad: 110.258, 86.442, 20.298, 14.866, 7.642, 6.919, 7.042, 6.252, 6.554, 8.757
[Epoch  41 (36.02s)]	ELBO: -5927.505, -3604.541, -2391.265, -1918.156, -1625.259, -1459.380, -1336.876, -1247.951, -1189.693, -1182.772 (-1146.757)	Log prob: -5918.375, -3587.515, -2369.188, -1891.938, -1595.108, -1425.470, -1299.415, -1207.012, -1145.091, -1134.994 (-1098.814)	KLD: 9.132, 7.892, 5.052, 4.142, 3.934, 3.757, 3.551, 3.479, 3.663, 3.176 (47.944)	Grad: 109.953, 86.182, 20.162, 14.819, 7.512, 6.939, 7.075, 6.205, 6.567, 8.387
[Epoch  42 (36.67s)]	ELBO: -5916.702, -3600.533, -2387.523, -1914.729, -1621.945, -1455.238, -1333.290, -1243.883, -1185.954, -1178.701 (-1149.406)	Log prob: -5907.619, -3583.602, -2365.533, -1888.590, -1591.872, -1421.394, -1295.887, -1203.016, -1141.425, -1130.976 (-1101.173)	KLD: 9.081, 7.851, 5.058, 4.152, 3.933, 3.769, 3.560, 3.464, 3.662, 3.195 (48.233)	Grad: 111.548, 90.763, 20.621, 14.629, 7.625, 7.008, 7.303, 6.491, 6.801, 8.862
[Epoch  43 (40.13s)]	ELBO: -5909.103, -3594.791, -2384.374, -1913.195, -1620.762, -1454.561, -1331.794, -1242.612, -1184.584, -1176.946 (-1140.392)	Log prob: -5900.062, -3577.926, -2362.438, -1887.089, -1590.707, -1420.751, -1294.407, -1201.742, -1140.047, -1129.191 (-1092.655)	KLD: 9.039, 7.827, 5.071, 4.169, 3.949, 3.754, 3.577, 3.484, 3.666, 3.219 (47.738)	Grad: 108.428, 85.986, 20.764, 14.832, 7.825, 7.219, 7.284, 6.536, 6.792, 9.324
[Epoch  44 (41.20s)]	ELBO: -5903.515, -3588.820, -2381.583, -1910.947, -1619.171, -1452.699, -1329.738, -1240.258, -1182.499, -1174.493 (-1144.600)	Log prob: -5894.559, -3572.078, -2359.786, -1884.974, -1589.234, -1418.962, -1292.409, -1199.444, -1138.034, -1126.789 (-1096.441)	KLD: 8.958, 7.783, 5.054, 4.178, 3.963, 3.801, 3.593, 3.484, 3.651, 3.239 (48.159)	Grad: 110.835, 84.146, 20.869, 15.072, 7.994, 7.338, 7.460, 6.705, 7.075, 9.394
[Epoch  45 (42.77s)]	ELBO: -5891.858, -3582.985, -2377.562, -1907.916, -1615.324, -1448.460, -1325.591, -1236.120, -1178.105, -1169.910 (-1148.467)	Log prob: -5882.956, -3566.335, -2355.863, -1882.035, -1585.500, -1414.838, -1288.385, -1195.427, -1133.749, -1122.305 (-1100.288)	KLD: 8.907, 7.742, 5.052, 4.179, 3.944, 3.798, 3.583, 3.487, 3.664, 3.250 (48.178)	Grad: 108.227, 83.750, 20.717, 14.991, 7.825, 7.163, 7.347, 6.611, 6.840, 9.152
[Epoch  46 (41.93s)]	ELBO: -5883.863, -3579.337, -2374.524, -1903.710, -1610.460, -1444.156, -1321.266, -1231.847, -1174.255, -1165.851 (-1139.487)	Log prob: -5874.970, -3562.711, -2352.865, -1877.855, -1580.653, -1410.557, -1284.058, -1191.150, -1129.870, -1118.215 (-1090.741)	KLD: 8.894, 7.729, 5.037, 4.196, 3.952, 3.791, 3.608, 3.490, 3.689, 3.250 (48.746)	Grad: 108.556, 85.582, 20.722, 14.978, 7.849, 7.279, 7.383, 6.568, 6.864, 9.119
[Epoch  47 (41.11s)]	ELBO: -5878.320, -3575.249, -2372.358, -1902.742, -1610.907, -1444.369, -1320.951, -1231.151, -1173.307, -1164.312 (-1131.668)	Log prob: -5869.490, -3558.725, -2350.790, -1876.988, -1581.188, -1410.864, -1283.816, -1190.498, -1129.000, -1116.730 (-1084.128)	KLD: 8.830, 7.697, 5.041, 4.186, 3.964, 3.786, 3.630, 3.518, 3.656, 3.275 (47.539)	Grad: 108.868, 86.137, 20.622, 15.200, 7.838, 7.239, 7.448, 6.601, 6.989, 9.345
[Epoch  48 (40.51s)]	ELBO: -5873.630, -3571.151, -2369.115, -1900.320, -1608.327, -1441.483, -1318.191, -1228.229, -1170.629, -1161.525 (-1123.436)	Log prob: -5864.841, -3554.686, -2347.627, -1874.645, -1578.696, -1408.073, -1281.155, -1187.651, -1126.387, -1114.008 (-1076.204)	KLD: 8.790, 7.677, 5.022, 4.186, 3.956, 3.780, 3.625, 3.541, 3.664, 3.275 (47.232)	Grad: 110.974, 87.914, 21.235, 15.205, 8.042, 7.289, 7.442, 6.811, 7.145, 9.444
[Epoch  49 (41.42s)]	ELBO: -5865.201, -3565.762, -2366.716, -1897.985, -1605.729, -1439.029, -1315.559, -1225.699, -1168.071, -1158.476 (-1123.972)	Log prob: -5856.463, -3549.388, -2345.312, -1872.386, -1576.194, -1405.708, -1278.596, -1185.220, -1123.901, -1111.029 (-1076.274)	KLD: 8.738, 7.637, 5.030, 4.193, 3.936, 3.788, 3.640, 3.518, 3.690, 3.277 (47.698)	Grad: 111.134, 84.674, 20.882, 14.563, 8.117, 7.353, 7.433, 6.689, 7.068, 9.442
[Epoch  50 (43.67s)]	ELBO: -5855.319, -3559.747, -2361.881, -1894.094, -1602.038, -1435.918, -1312.500, -1222.632, -1164.946, -1154.615 (-1118.093)	Log prob: -5846.635, -3543.431, -2340.539, -1868.563, -1572.548, -1402.641, -1275.610, -1182.223, -1120.849, -1107.240 (-1070.323)	KLD: 8.690, 7.628, 5.024, 4.187, 3.962, 3.786, 3.612, 3.520, 3.687, 3.278 (47.769)	Grad: 107.623, 84.123, 21.272, 14.682, 8.055, 7.362, 7.534, 6.763, 7.081, 9.333
[Epoch  51 (45.11s)]	ELBO: -5854.786, -3556.187, -2362.347, -1894.912, -1603.181, -1436.052, -1312.610, -1222.918, -1164.693, -1154.004 (-1117.756)	Log prob: -5846.109, -3539.921, -2341.056, -1869.436, -1573.749, -1402.814, -1275.731, -1182.509, -1120.599, -1106.627 (-1070.051)	KLD: 8.676, 7.592, 5.024, 4.184, 3.956, 3.807, 3.641, 3.529, 3.684, 3.284 (47.705)	Grad: 110.692, 85.435, 21.419, 15.869, 8.356, 7.681, 7.862, 7.026, 7.359, 9.898
[Epoch  52 (43.24s)]	ELBO: -5844.093, -3552.076, -2358.218, -1889.784, -1598.051, -1430.930, -1307.029, -1216.604, -1158.713, -1147.709 (-1124.858)	Log prob: -5835.459, -3535.880, -2336.999, -1864.371, -1568.694, -1397.759, -1270.190, -1176.225, -1114.657, -1100.360 (-1077.496)	KLD: 8.636, 7.563, 5.023, 4.190, 3.946, 3.815, 3.667, 3.540, 3.676, 3.295 (47.362)	Grad: 109.334, 84.433, 21.175, 14.924, 8.150, 7.265, 7.324, 6.716, 6.823, 9.259
[Epoch  53 (46.55s)]	ELBO: -5839.317, -3548.004, -2356.631, -1889.475, -1598.080, -1431.321, -1307.751, -1218.035, -1159.851, -1148.426 (-1112.883)	Log prob: -5830.722, -3531.852, -2335.476, -1864.130, -1568.777, -1398.230, -1270.990, -1177.723, -1115.853, -1101.130 (-1065.441)	KLD: 8.596, 7.555, 5.005, 4.189, 3.959, 3.787, 3.669, 3.552, 3.685, 3.297 (47.442)	Grad: 107.498, 90.404, 21.581, 15.099, 8.376, 7.559, 7.824, 6.994, 7.281, 9.779
[Epoch  54 (44.89s)]	ELBO: -5837.928, -3543.260, -2355.575, -1888.453, -1596.509, -1430.015, -1306.513, -1216.400, -1158.270, -1146.246 (-1108.739)	Log prob: -5829.370, -3527.152, -2334.443, -1863.120, -1567.216, -1396.927, -1269.775, -1176.110, -1114.283, -1098.966 (-1061.442)	KLD: 8.560, 7.550, 5.024, 4.199, 3.960, 3.797, 3.649, 3.553, 3.697, 3.293 (47.297)	Grad: 110.962, 87.196, 21.495, 15.099, 8.320, 7.470, 7.700, 6.862, 7.182, 9.688
[Epoch  55 (44.87s)]	ELBO: -5826.611, -3538.675, -2351.905, -1884.107, -1592.265, -1426.325, -1302.715, -1212.660, -1155.057, -1142.542 (-1112.077)	Log prob: -5818.078, -3522.622, -2330.839, -1858.840, -1563.044, -1393.313, -1266.024, -1172.427, -1111.134, -1095.327 (-1064.613)	KLD: 8.531, 7.519, 5.017, 4.200, 3.952, 3.793, 3.680, 3.541, 3.690, 3.292 (47.464)	Grad: 108.865, 88.335, 21.517, 15.158, 8.294, 7.583, 7.636, 6.940, 7.285, 9.926
[Epoch  56 (43.26s)]	ELBO: -5821.542, -3534.611, -2348.491, -1881.630, -1590.616, -1424.759, -1301.293, -1211.120, -1153.221, -1140.643 (-1101.492)	Log prob: -5813.044, -3518.607, -2327.471, -1856.416, -1561.465, -1391.807, -1264.650, -1170.928, -1109.330, -1093.455 (-1054.202)	KLD: 8.496, 7.507, 5.015, 4.197, 3.938, 3.800, 3.691, 3.549, 3.699, 3.297 (47.291)	Grad: 109.169, 87.901, 21.530, 14.917, 8.260, 7.586, 7.738, 6.975, 7.391, 9.944
[Epoch  57 (42.48s)]	ELBO: -5817.417, -3528.230, -2348.583, -1882.280, -1590.474, -1424.097, -1300.707, -1210.371, -1152.125, -1139.236 (-1100.613)	Log prob: -5808.957, -3512.280, -2327.610, -1857.113, -1561.358, -1391.178, -1264.074, -1170.189, -1108.243, -1092.044 (-1053.079)	KLD: 8.463, 7.487, 5.023, 4.196, 3.948, 3.801, 3.715, 3.549, 3.701, 3.309 (47.534)	Grad: 110.167, 90.723, 21.693, 15.353, 8.366, 7.729, 7.886, 7.166, 7.416, 10.427
[Epoch  58 (38.57s)]	ELBO: -5808.661, -3521.055, -2344.470, -1878.424, -1586.910, -1421.061, -1297.193, -1206.617, -1148.702, -1135.335 (-1109.108)	Log prob: -5800.217, -3505.127, -2323.520, -1853.280, -1557.836, -1388.204, -1260.620, -1166.476, -1104.870, -1088.194 (-1061.595)	KLD: 8.447, 7.480, 5.022, 4.194, 3.930, 3.784, 3.716, 3.568, 3.690, 3.309 (47.513)	Grad: 106.395, 86.782, 21.395, 14.881, 8.210, 7.456, 7.423, 6.767, 7.058, 10.060
[Epoch  59 (38.89s)]	ELBO: -5802.679, -3517.495, -2342.556, -1878.234, -1586.666, -1420.966, -1297.124, -1206.968, -1148.450, -1134.654 (-1102.527)	Log prob: -5794.280, -3501.649, -2321.692, -1853.170, -1557.658, -1388.150, -1260.589, -1166.859, -1104.645, -1087.534 (-1055.433)	KLD: 8.401, 7.445, 5.020, 4.200, 3.944, 3.806, 3.720, 3.572, 3.696, 3.315 (47.094)	Grad: 110.214, 87.212, 21.573, 15.269, 8.379, 7.730, 7.791, 7.059, 7.341, 10.377
[Epoch  60 (38.68s)]	ELBO: -5795.871, -3512.740, -2341.630, -1876.824, -1585.153, -1419.404, -1295.790, -1205.239, -1146.476, -1132.486 (-1094.814)	Log prob: -5787.500, -3496.953, -2320.822, -1851.815, -1556.207, -1386.652, -1259.331, -1165.198, -1102.729, -1085.421 (-1047.276)	KLD: 8.373, 7.414, 5.019, 4.202, 3.939, 3.805, 3.706, 3.583, 3.706, 3.318 (47.538)	Grad: 108.583, 88.642, 21.799, 14.903, 8.406, 7.566, 7.786, 6.972, 7.304, 10.012
[Epoch  61 (38.15s)]	ELBO: -5789.725, -3506.566, -2338.638, -1874.542, -1583.085, -1416.819, -1293.901, -1203.230, -1144.039, -1129.935 (-1102.772)	Log prob: -5781.356, -3490.794, -2317.854, -1849.552, -1554.164, -1384.060, -1257.426, -1163.186, -1100.294, -1082.854 (-1055.403)	KLD: 8.367, 7.406, 5.011, 4.206, 3.931, 3.838, 3.716, 3.570, 3.701, 3.336 (47.369)	Grad: 106.545, 88.883, 21.285, 15.133, 8.388, 7.617, 7.722, 6.977, 7.237, 10.089
[Epoch  62 (38.43s)]	ELBO: -5784.612, -3501.829, -2339.066, -1875.255, -1583.936, -1418.133, -1294.381, -1204.184, -1145.113, -1130.527 (-1113.071)	Log prob: -5776.285, -3486.107, -2318.335, -1850.317, -1555.039, -1385.413, -1257.942, -1164.170, -1101.415, -1083.484 (-1065.803)	KLD: 8.327, 7.396, 5.007, 4.206, 3.961, 3.821, 3.721, 3.575, 3.683, 3.345 (47.267)	Grad: 108.109, 89.458, 22.573, 15.521, 8.667, 7.900, 8.055, 7.235, 7.484, 10.239
[Epoch  63 (38.96s)]	ELBO: -5779.299, -3499.061, -2337.117, -1873.390, -1582.136, -1416.781, -1293.662, -1202.881, -1143.975, -1129.305 (-1103.040)	Log prob: -5771.001, -3483.417, -2316.465, -1848.542, -1553.345, -1384.172, -1257.328, -1162.960, -1100.344, -1082.315 (-1055.745)	KLD: 8.299, 7.345, 5.009, 4.195, 3.942, 3.818, 3.726, 3.587, 3.709, 3.359 (47.295)	Grad: 109.145, 90.158, 22.183, 15.249, 8.476, 7.813, 7.869, 7.089, 7.542, 10.281
[Epoch  64 (39.58s)]	ELBO: -5781.576, -3493.123, -2335.123, -1871.667, -1579.926, -1413.969, -1290.677, -1200.082, -1140.911, -1125.960 (-1092.979)	Log prob: -5773.318, -3477.534, -2314.521, -1846.870, -1551.193, -1381.432, -1254.422, -1160.240, -1097.373, -1079.061 (-1045.560)	KLD: 8.254, 7.334, 5.013, 4.194, 3.937, 3.804, 3.721, 3.585, 3.696, 3.362 (47.419)	Grad: 107.450, 89.595, 22.114, 15.089, 8.663, 7.904, 7.914, 7.192, 7.487, 9.902
[Epoch  65 (40.53s)]	ELBO: -5773.363, -3487.086, -2331.572, -1869.391, -1578.572, -1412.885, -1290.164, -1199.078, -1139.420, -1123.874 (-1090.677)	Log prob: -5765.106, -3471.535, -2311.008, -1844.627, -1549.865, -1380.344, -1253.890, -1159.220, -1095.856, -1076.950 (-1043.072)	KLD: 8.253, 7.301, 5.011, 4.198, 3.945, 3.833, 3.733, 3.583, 3.707, 3.360 (47.605)	Grad: 108.003, 91.411, 22.052, 15.288, 8.456, 7.817, 8.012, 7.197, 7.388, 10.162
[Epoch  66 (40.60s)]	ELBO: -5768.471, -3482.164, -2331.757, -1868.499, -1577.766, -1412.243, -1288.976, -1197.821, -1138.395, -1122.857 (-1088.958)	Log prob: -5760.236, -3466.639, -2311.230, -1843.770, -1549.078, -1379.738, -1252.739, -1157.991, -1094.875, -1075.952 (-1041.853)	KLD: 8.239, 7.284, 5.004, 4.203, 3.959, 3.817, 3.733, 3.592, 3.689, 3.385 (47.105)	Grad: 107.944, 91.572, 21.790, 15.274, 8.349, 7.669, 7.694, 6.894, 7.297, 9.692
[Epoch  67 (39.98s)]	ELBO: -5761.905, -3475.363, -2328.856, -1866.067, -1575.185, -1410.356, -1287.287, -1196.702, -1136.566, -1120.796 (-1095.113)	Log prob: -5753.692, -3459.859, -2308.338, -1841.339, -1546.517, -1377.878, -1251.073, -1156.895, -1093.086, -1073.926 (-1047.987)	KLD: 8.212, 7.291, 5.013, 4.209, 3.943, 3.809, 3.735, 3.594, 3.673, 3.390 (47.127)	Grad: 107.706, 91.758, 22.247, 15.208, 8.536, 7.850, 7.793, 7.082, 7.562, 9.898
[Epoch  68 (40.50s)]	ELBO: -5762.314, -3471.621, -2330.114, -1867.175, -1575.943, -1410.170, -1287.124, -1196.074, -1135.994, -1119.841 (-1087.831)	Log prob: -5754.129, -3456.175, -2309.651, -1842.501, -1547.327, -1377.727, -1250.938, -1156.291, -1092.541, -1072.988 (-1040.759)	KLD: 8.189, 7.256, 5.018, 4.212, 3.944, 3.825, 3.742, 3.598, 3.669, 3.400 (47.072)	Grad: 110.552, 94.200, 22.604, 15.696, 8.758, 8.159, 8.198, 7.364, 7.841, 10.208
[Epoch  69 (38.98s)]	ELBO: -5753.697, -3465.389, -2327.522, -1865.229, -1573.769, -1408.340, -1285.580, -1194.059, -1134.098, -1117.469 (-1090.007)	Log prob: -5745.554, -3450.023, -2307.140, -1840.644, -1545.256, -1375.999, -1249.481, -1154.359, -1090.727, -1070.697 (-1042.958)	KLD: 8.148, 7.219, 5.015, 4.203, 3.929, 3.829, 3.756, 3.601, 3.670, 3.402 (47.049)	Grad: 110.494, 91.107, 22.524, 15.699, 8.754, 7.922, 7.956, 7.136, 7.588, 10.134
[Epoch  70 (39.87s)]	ELBO: -5753.197, -3458.062, -2324.193, -1862.569, -1572.140, -1406.964, -1284.669, -1193.473, -1133.273, -1116.725 (-1082.332)	Log prob: -5745.055, -3442.709, -2303.828, -1837.982, -1543.606, -1374.610, -1248.552, -1153.742, -1089.886, -1069.914 (-1034.871)	KLD: 8.140, 7.213, 5.010, 4.223, 3.947, 3.821, 3.761, 3.614, 3.656, 3.424 (47.461)	Grad: 110.167, 92.076, 22.161, 15.626, 8.546, 7.935, 8.012, 7.250, 7.786, 9.951
[Epoch  71 (40.85s)]	ELBO: -5742.947, -3452.552, -2323.078, -1861.115, -1570.726, -1405.619, -1282.820, -1191.194, -1130.779, -1114.233 (-1085.983)	Log prob: -5734.830, -3437.222, -2302.739, -1836.562, -1542.224, -1373.272, -1246.715, -1151.471, -1087.397, -1067.418 (-1039.163)	KLD: 8.118, 7.213, 5.007, 4.214, 3.952, 3.842, 3.760, 3.617, 3.658, 3.434 (46.819)	Grad: 108.412, 89.468, 22.263, 15.510, 8.582, 8.042, 8.021, 7.164, 7.579, 10.217
[Epoch  72 (39.69s)]	ELBO: -5740.004, -3447.495, -2322.388, -1860.539, -1570.729, -1405.539, -1283.145, -1192.168, -1131.066, -1114.376 (-1084.185)	Log prob: -5731.920, -3432.225, -2302.112, -1836.045, -1542.294, -1373.292, -1247.129, -1152.508, -1087.770, -1067.630 (-1037.070)	KLD: 8.086, 7.184, 5.007, 4.217, 3.941, 3.814, 3.768, 3.644, 3.637, 3.449 (47.116)	Grad: 107.001, 92.771, 22.902, 15.921, 8.657, 7.930, 7.964, 7.126, 7.666, 10.147
[Epoch  73 (40.24s)]	ELBO: -5737.877, -3437.539, -2320.466, -1859.998, -1569.371, -1404.686, -1282.172, -1190.468, -1129.418, -1112.385 (-1093.657)	Log prob: -5729.789, -3422.295, -2300.232, -1835.547, -1540.982, -1372.463, -1246.159, -1150.819, -1086.117, -1065.623 (-1046.192)	KLD: 8.094, 7.149, 4.992, 4.216, 3.939, 3.834, 3.790, 3.635, 3.654, 3.461 (47.465)	Grad: 113.124, 91.701, 23.008, 16.179, 8.998, 8.387, 8.391, 7.561, 8.094, 10.477
[Epoch  74 (41.26s)]	ELBO: -5732.348, -3431.656, -2319.394, -1858.768, -1569.379, -1403.941, -1281.902, -1190.271, -1129.298, -1112.373 (-1105.139)	Log prob: -5724.306, -3416.483, -2299.232, -1834.383, -1541.039, -1371.769, -1245.947, -1150.665, -1086.036, -1065.640 (-1057.987)	KLD: 8.044, 7.129, 4.989, 4.221, 3.958, 3.831, 3.782, 3.654, 3.655, 3.471 (47.152)	Grad: 108.964, 93.532, 22.508, 15.773, 8.609, 8.060, 8.057, 7.230, 7.801, 10.150
[Epoch  75 (42.28s)]	ELBO: -5730.092, -3423.536, -2318.305, -1858.604, -1568.771, -1403.917, -1281.537, -1189.629, -1128.216, -1110.929 (-1079.801)	Log prob: -5722.056, -3408.386, -2298.186, -1834.260, -1540.472, -1371.770, -1245.593, -1150.042, -1084.964, -1064.196 (-1033.083)	KLD: 8.039, 7.110, 4.970, 4.225, 3.956, 3.848, 3.798, 3.642, 3.664, 3.482 (46.717)	Grad: 108.674, 94.153, 22.689, 15.376, 8.750, 8.084, 8.110, 7.311, 7.855, 10.179
[Epoch  76 (40.06s)]	ELBO: -5722.605, -3416.709, -2315.879, -1855.592, -1565.963, -1401.300, -1279.052, -1187.168, -1125.482, -1108.043 (-1076.059)	Log prob: -5714.597, -3401.600, -2295.797, -1831.290, -1537.710, -1369.192, -1243.153, -1147.616, -1082.274, -1061.348 (-1028.554)	KLD: 8.010, 7.097, 4.975, 4.220, 3.951, 3.854, 3.791, 3.654, 3.655, 3.488 (47.505)	Grad: 108.125, 95.825, 22.784, 15.857, 8.788, 8.234, 8.252, 7.265, 7.869, 10.161
[Epoch  77 (40.28s)]	ELBO: -5719.605, -3413.913, -2315.322, -1856.511, -1566.984, -1402.671, -1280.864, -1188.712, -1127.089, -1109.507 (-1073.055)	Log prob: -5711.607, -3398.842, -2295.287, -1832.255, -1538.755, -1370.573, -1244.963, -1149.168, -1083.906, -1062.823 (-1026.023)	KLD: 7.997, 7.074, 4.963, 4.223, 3.972, 3.870, 3.802, 3.644, 3.639, 3.501 (47.032)	Grad: 112.059, 94.440, 22.989, 15.824, 9.041, 8.477, 8.537, 7.789, 8.331, 10.633
[Epoch  78 (39.11s)]	ELBO: -5719.720, -3407.146, -2314.697, -1853.956, -1564.386, -1399.559, -1277.470, -1185.901, -1124.052, -1106.424 (-1072.593)	Log prob: -5711.746, -3392.091, -2294.681, -1829.715, -1536.172, -1367.485, -1241.590, -1146.366, -1080.881, -1059.739 (-1025.818)	KLD: 7.974, 7.080, 4.961, 4.227, 3.972, 3.859, 3.807, 3.655, 3.635, 3.515 (46.775)	Grad: 110.068, 95.478, 23.253, 15.837, 8.813, 8.356, 8.188, 7.440, 7.933, 10.147
[Epoch  79 (39.19s)]	ELBO: -5711.855, -3398.219, -2311.627, -1853.085, -1563.378, -1398.349, -1277.015, -1185.179, -1123.271, -1105.242 (-1073.899)	Log prob: -5703.883, -3383.183, -2291.641, -1828.880, -1535.200, -1366.307, -1241.164, -1145.653, -1080.121, -1058.566 (-1026.901)	KLD: 7.972, 7.062, 4.954, 4.218, 3.973, 3.863, 3.809, 3.676, 3.625, 3.524 (46.998)	Grad: 108.920, 99.033, 23.372, 16.224, 8.783, 8.205, 8.177, 7.280, 8.037, 10.112
[Epoch  80 (38.77s)]	ELBO: -5711.831, -3394.171, -2312.474, -1852.639, -1563.828, -1398.946, -1277.145, -1185.491, -1122.743, -1104.817 (-1074.629)	Log prob: -5703.874, -3379.147, -2292.493, -1828.425, -1535.641, -1366.894, -1241.292, -1145.962, -1079.579, -1058.127 (-1027.698)	KLD: 7.959, 7.065, 4.957, 4.232, 3.973, 3.866, 3.803, 3.675, 3.633, 3.527 (46.931)	Grad: 110.320, 95.614, 23.643, 16.039, 8.957, 8.520, 8.596, 7.699, 8.307, 10.131
[Epoch  81 (45.59s)]	ELBO: -5705.419, -3389.118, -2309.281, -1850.726, -1560.684, -1396.112, -1273.739, -1182.322, -1119.772, -1101.812 (-1066.015)	Log prob: -5697.471, -3374.114, -2289.316, -1826.531, -1532.502, -1364.053, -1237.868, -1142.778, -1076.590, -1055.096 (-1019.440)	KLD: 7.945, 7.057, 4.960, 4.233, 3.986, 3.877, 3.811, 3.674, 3.638, 3.534 (46.576)	Grad: 108.862, 99.342, 23.295, 16.118, 9.051, 8.494, 8.433, 7.591, 8.426, 10.403
[Epoch  82 (43.16s)]	ELBO: -5705.095, -3382.828, -2309.066, -1850.667, -1561.721, -1396.590, -1274.810, -1183.429, -1120.332, -1102.729 (-1080.523)	Log prob: -5697.170, -3367.863, -2289.147, -1826.511, -1533.570, -1364.563, -1238.966, -1143.906, -1077.159, -1056.020 (-1033.860)	KLD: 7.924, 7.042, 4.953, 4.237, 3.995, 3.876, 3.816, 3.681, 3.649, 3.536 (46.663)	Grad: 109.740, 97.525, 23.273, 15.770, 8.911, 8.311, 8.374, 7.575, 8.078, 10.132
[Epoch  83 (43.62s)]	ELBO: -5704.961, -3381.181, -2309.267, -1850.490, -1560.909, -1397.291, -1275.311, -1183.670, -1120.445, -1102.600 (-1083.639)	Log prob: -5697.029, -3366.233, -2289.377, -1826.364, -1532.801, -1365.310, -1239.516, -1144.170, -1077.298, -1055.902 (-1036.977)	KLD: 7.933, 7.013, 4.943, 4.236, 3.983, 3.871, 3.815, 3.705, 3.645, 3.552 (46.663)	Grad: 109.187, 101.927, 23.054, 15.897, 9.002, 8.660, 8.573, 7.618, 8.441, 10.410
[Epoch  84 (41.60s)]	ELBO: -5696.126, -3372.871, -2307.663, -1848.364, -1559.258, -1395.349, -1273.741, -1181.605, -1118.130, -1100.263 (-1068.618)	Log prob: -5688.213, -3357.940, -2287.790, -1824.258, -1531.166, -1363.394, -1237.956, -1142.124, -1075.011, -1053.578 (-1021.919)	KLD: 7.913, 7.018, 4.942, 4.234, 3.985, 3.864, 3.829, 3.697, 3.638, 3.565 (46.698)	Grad: 110.491, 97.915, 23.575, 15.944, 9.274, 8.507, 8.627, 7.761, 8.588, 10.490
[Epoch  85 (45.61s)]	ELBO: -5702.769, -3370.956, -2306.654, -1848.393, -1558.617, -1395.050, -1273.431, -1181.399, -1117.532, -1099.604 (-1071.235)	Log prob: -5694.894, -3356.061, -2286.824, -1824.328, -1530.562, -1363.100, -1237.664, -1141.918, -1074.389, -1052.895 (-1023.995)	KLD: 7.874, 7.020, 4.935, 4.237, 3.989, 3.897, 3.815, 3.715, 3.662, 3.566 (47.240)	Grad: 109.647, 97.338, 23.536, 16.115, 8.915, 8.575, 8.438, 7.601, 8.350, 10.217
[Epoch  86 (46.02s)]	ELBO: -5689.887, -3363.061, -2303.507, -1846.144, -1557.127, -1393.701, -1271.410, -1179.745, -1116.339, -1098.395 (-1059.314)	Log prob: -5682.018, -3348.195, -2283.713, -1822.110, -1529.085, -1361.765, -1235.660, -1140.291, -1073.215, -1051.701 (-1011.913)	KLD: 7.866, 7.000, 4.930, 4.238, 4.009, 3.893, 3.816, 3.704, 3.670, 3.570 (47.401)	Grad: 112.478, 97.239, 23.487, 16.113, 8.948, 8.538, 8.358, 7.500, 8.139, 10.221
[Epoch  87 (43.72s)]	ELBO: -5686.482, -3360.222, -2302.488, -1844.767, -1555.929, -1392.876, -1271.304, -1178.993, -1115.271, -1097.031 (-1077.835)	Log prob: -5678.620, -3345.366, -2282.696, -1820.731, -1527.885, -1360.928, -1235.535, -1139.497, -1072.129, -1050.308 (-1031.052)	KLD: 7.867, 6.990, 4.935, 4.242, 4.010, 3.903, 3.822, 3.726, 3.647, 3.579 (46.782)	Grad: 110.747, 100.324, 23.688, 16.263, 9.047, 8.724, 8.716, 7.799, 8.600, 10.475
[Epoch  88 (43.41s)]	ELBO: -5682.839, -3355.712, -2301.631, -1843.704, -1554.538, -1390.852, -1269.367, -1177.038, -1113.064, -1094.873 (-1067.153)	Log prob: -5674.992, -3340.871, -2281.858, -1819.690, -1526.539, -1358.948, -1233.642, -1137.599, -1069.980, -1048.200 (-1020.121)	KLD: 7.851, 6.990, 4.932, 4.240, 3.987, 3.903, 3.821, 3.713, 3.647, 3.587 (47.032)	Grad: 111.726, 99.831, 23.959, 16.147, 9.143, 8.728, 8.730, 7.749, 8.756, 10.278
[Epoch  89 (43.23s)]	ELBO: -5682.721, -3350.355, -2299.511, -1841.685, -1553.113, -1389.216, -1267.327, -1175.319, -1111.183, -1092.842 (-1057.692)	Log prob: -5674.871, -3335.539, -2279.758, -1817.683, -1525.119, -1357.309, -1231.594, -1135.862, -1068.087, -1046.158 (-1010.916)	KLD: 7.849, 6.969, 4.934, 4.250, 3.992, 3.912, 3.825, 3.727, 3.638, 3.588 (46.777)	Grad: 110.399, 99.539, 23.460, 16.306, 9.264, 8.920, 8.823, 7.826, 8.785, 10.465
[Epoch  90 (48.96s)]	ELBO: -5677.912, -3347.011, -2299.429, -1842.096, -1553.120, -1389.535, -1267.693, -1175.469, -1110.519, -1092.467 (-1077.751)	Log prob: -5670.083, -3332.215, -2279.695, -1818.107, -1525.131, -1357.624, -1231.957, -1136.013, -1067.421, -1045.776 (-1030.905)	KLD: 7.827, 6.971, 4.938, 4.253, 4.000, 3.922, 3.826, 3.719, 3.643, 3.593 (46.846)	Grad: 110.121, 102.851, 23.747, 16.617, 9.221, 8.765, 8.657, 7.619, 8.398, 10.487
[Epoch  91 (50.38s)]	ELBO: -5674.295, -3342.293, -2297.244, -1839.107, -1550.179, -1387.655, -1265.553, -1173.412, -1108.389, -1089.941 (-1078.790)	Log prob: -5666.493, -3327.506, -2277.517, -1815.133, -1522.209, -1355.772, -1229.841, -1133.968, -1065.297, -1043.236 (-1032.058)	KLD: 7.805, 6.982, 4.940, 4.248, 3.996, 3.914, 3.829, 3.732, 3.648, 3.612 (46.732)	Grad: 110.229, 100.181, 23.822, 16.440, 9.127, 8.651, 8.593, 7.640, 8.433, 10.200
[Epoch  92 (51.29s)]	ELBO: -5667.977, -3337.933, -2294.701, -1837.993, -1549.172, -1386.536, -1264.617, -1172.519, -1107.587, -1089.444 (-1065.563)	Log prob: -5660.170, -3323.155, -2274.982, -1814.024, -1521.209, -1354.659, -1228.923, -1133.095, -1064.523, -1042.763 (-1018.362)	KLD: 7.805, 6.971, 4.942, 4.251, 3.995, 3.913, 3.817, 3.731, 3.640, 3.617 (47.202)	Grad: 109.845, 99.810, 23.961, 16.590, 9.066, 8.783, 8.765, 7.823, 8.769, 10.487
[Epoch  93 (51.79s)]	ELBO: -5666.098, -3334.547, -2296.540, -1839.559, -1550.246, -1387.452, -1265.726, -1173.314, -1108.159, -1089.727 (-1059.038)	Log prob: -5658.294, -3319.784, -2276.853, -1815.620, -1522.297, -1355.576, -1230.028, -1133.885, -1065.076, -1043.026 (-1012.366)	KLD: 7.801, 6.960, 4.927, 4.251, 4.011, 3.926, 3.822, 3.732, 3.652, 3.620 (46.673)	Grad: 110.241, 99.197, 23.873, 16.392, 9.197, 8.774, 8.750, 7.687, 8.730, 10.592
[Epoch  94 (51.70s)]	ELBO: -5658.552, -3328.661, -2292.751, -1835.607, -1546.822, -1384.681, -1263.081, -1170.789, -1105.454, -1087.049 (-1054.758)	Log prob: -5650.750, -3313.924, -2273.079, -1811.690, -1518.912, -1352.856, -1227.439, -1131.427, -1062.441, -1040.416 (-1008.019)	KLD: 7.802, 6.937, 4.932, 4.245, 3.993, 3.915, 3.817, 3.720, 3.652, 3.619 (46.739)	Grad: 108.416, 101.038, 23.784, 16.400, 9.305, 8.905, 8.817, 7.721, 8.694, 10.534
[Epoch  95 (48.75s)]	ELBO: -5656.106, -3325.864, -2291.858, -1834.787, -1545.915, -1383.612, -1262.248, -1169.939, -1104.249, -1085.886 (-1057.073)	Log prob: -5648.313, -3311.110, -2272.163, -1810.833, -1517.964, -1351.720, -1226.524, -1130.479, -1061.138, -1039.147 (-1009.902)	KLD: 7.794, 6.960, 4.942, 4.260, 3.996, 3.940, 3.833, 3.736, 3.652, 3.627 (47.171)	Grad: 109.001, 102.339, 24.252, 16.447, 9.262, 8.848, 8.894, 7.740, 8.895, 10.301
[Epoch  96 (35.29s)]	ELBO: -5659.200, -3325.547, -2293.150, -1835.840, -1547.316, -1385.339, -1263.852, -1171.544, -1105.607, -1087.157 (-1055.157)	Log prob: -5651.434, -3310.851, -2273.513, -1811.953, -1519.434, -1353.533, -1228.217, -1132.145, -1062.554, -1040.468 (-1008.453)	KLD: 7.767, 6.930, 4.938, 4.251, 3.996, 3.924, 3.829, 3.763, 3.655, 3.636 (46.704)	Grad: 111.314, 104.067, 23.955, 16.160, 9.304, 8.677, 8.706, 7.615, 8.771, 10.460
[Epoch  97 (34.26s)]	ELBO: -5648.860, -3318.988, -2287.956, -1832.505, -1544.066, -1382.552, -1260.668, -1168.286, -1102.174, -1083.737 (-1055.451)	Log prob: -5641.105, -3304.297, -2268.328, -1808.632, -1516.181, -1350.735, -1225.004, -1128.875, -1059.118, -1037.049 (-1008.799)	KLD: 7.759, 6.933, 4.936, 4.243, 4.015, 3.930, 3.848, 3.745, 3.646, 3.631 (46.652)	Grad: 114.561, 102.052, 24.011, 16.597, 9.229, 8.911, 8.739, 7.841, 8.782, 10.631
[Epoch  98 (34.13s)]	ELBO: -5649.280, -3317.952, -2286.395, -1831.677, -1542.707, -1380.608, -1259.324, -1167.272, -1101.021, -1082.403 (-1047.678)	Log prob: -5641.516, -3303.275, -2266.786, -1807.823, -1514.841, -1348.819, -1223.697, -1127.896, -1057.972, -1035.719 (-1000.876)	KLD: 7.766, 6.911, 4.932, 4.246, 4.012, 3.922, 3.839, 3.749, 3.673, 3.635 (46.802)	Grad: 113.288, 102.561, 24.191, 16.671, 9.249, 8.800, 8.681, 7.713, 8.604, 10.341
[Epoch  99 (34.24s)]	ELBO: -5646.087, -3315.488, -2289.002, -1833.465, -1544.869, -1383.031, -1261.217, -1168.901, -1102.247, -1083.985 (-1058.221)	Log prob: -5638.340, -3300.823, -2269.409, -1809.625, -1517.021, -1351.253, -1225.604, -1129.531, -1059.223, -1037.321 (-1011.330)	KLD: 7.752, 6.914, 4.925, 4.249, 4.006, 3.932, 3.835, 3.757, 3.654, 3.641 (46.891)	Grad: 113.631, 107.020, 24.728, 16.574, 9.469, 9.013, 9.138, 7.969, 9.127, 10.672
[Epoch 100 (32.15s)]	ELBO: -5639.416, -3312.845, -2287.588, -1831.709, -1542.596, -1381.037, -1259.579, -1167.261, -1100.240, -1081.634 (-1063.042)	Log prob: -5631.683, -3298.198, -2268.009, -1807.878, -1514.761, -1349.300, -1223.986, -1127.915, -1057.250, -1034.984 (-1016.072)	KLD: 7.732, 6.915, 4.933, 4.251, 4.005, 3.900, 3.857, 3.752, 3.645, 3.660 (46.970)	Grad: 115.978, 104.747, 24.539, 16.742, 9.214, 8.956, 8.850, 7.861, 8.943, 10.806
Best epoch(s): [98]	Training time(s): 4011.80s (4011.80s)	Best ELBO: -1081.634 (-1047.678)	Best log prob: -1034.984 (-1000.876)
Avg. mu: 0.711, 0.258, -0.354, -0.092, -0.274, -0.243, -0.290, -0.224, -0.205, -0.072
Avg. var: 0.000, 0.000, 0.000, 0.000, 0.000, 0.000, 0.000, 0.000, 0.000, 0.000
Max. mu: 10.127, 6.300, 7.447, 5.646, 3.926, 2.133, 1.454, 2.013, 1.332, 1.641
Max. var: 0.000, 0.001, 0.001, 0.001, 0.001, 0.001, 0.001, 0.001, 0.001, 0.001
Min. mu: -2.979, -7.273, -8.114, -5.103, -3.837, -2.791, -2.040, -2.012, -1.919, -1.993
Min. var: 0.000, 0.000, 0.000, 0.000, 0.000, 0.000, 0.000, 0.000, 0.000, 0.000
Cov. mu:
[[6.592 2.497 -0.510 -0.272 0.036 -0.029 -0.054 0.036 -0.001 0.799]
 [2.497 5.196 -0.468 0.036 -0.012 -0.046 -0.047 0.009 -0.043 0.399]
 [-0.510 -0.468 1.753 -0.143 -0.033 0.006 -0.005 -0.007 -0.006 -0.072]
 [-0.272 0.036 -0.143 1.113 0.080 -0.009 -0.010 -0.000 0.009 -0.014]
 [0.036 -0.012 -0.033 0.080 0.405 0.008 0.001 0.010 0.003 -0.005]
 [-0.029 -0.046 0.006 -0.009 0.008 0.172 -0.002 -0.000 0.003 -0.002]
 [-0.054 -0.047 -0.005 -0.010 0.001 -0.002 0.119 0.001 -0.002 -0.015]
 [0.036 0.009 -0.007 -0.000 0.010 -0.000 0.001 0.124 -0.003 -0.004]
 [-0.001 -0.043 -0.006 0.009 0.003 0.003 -0.002 -0.003 0.072 -0.010]
 [0.799 0.399 -0.072 -0.014 -0.005 -0.002 -0.015 -0.004 -0.010 0.188]]
