Encoder
=================================================================
Layer (type:depth-idx)                   Param #
=================================================================
Encoder                                  --
├─Linear: 1-1                            786,688
├─Linear: 1-2                            65,792
=================================================================
Total params: 852,480
Trainable params: 852,480
Non-trainable params: 0
=================================================================
Encoder to Latents 0
=================================================================
Layer (type:depth-idx)                   Param #
=================================================================
EncoderToLatents                         --
├─Linear: 1-1                            1,028
├─Linear: 1-2                            1,028
=================================================================
Total params: 2,056
Trainable params: 2,056
Non-trainable params: 0
=================================================================
Encoder to Latents 1
=================================================================
Layer (type:depth-idx)                   Param #
=================================================================
EncoderToLatents                         --
├─Linear: 1-1                            1,028
├─Linear: 1-2                            1,028
=================================================================
Total params: 2,056
Trainable params: 2,056
Non-trainable params: 0
=================================================================
Encoder to Latents 2
=================================================================
Layer (type:depth-idx)                   Param #
=================================================================
EncoderToLatents                         --
├─Linear: 1-1                            1,028
├─Linear: 1-2                            1,028
=================================================================
Total params: 2,056
Trainable params: 2,056
Non-trainable params: 0
=================================================================
Encoder to Latents 3
=================================================================
Layer (type:depth-idx)                   Param #
=================================================================
EncoderToLatents                         --
├─Linear: 1-1                            1,028
├─Linear: 1-2                            1,028
=================================================================
Total params: 2,056
Trainable params: 2,056
Non-trainable params: 0
=================================================================
Encoder to Latents 4
=================================================================
Layer (type:depth-idx)                   Param #
=================================================================
EncoderToLatents                         --
├─Linear: 1-1                            1,028
├─Linear: 1-2                            1,028
=================================================================
Total params: 2,056
Trainable params: 2,056
Non-trainable params: 0
=================================================================
Encoder to Latents 5
=================================================================
Layer (type:depth-idx)                   Param #
=================================================================
EncoderToLatents                         --
├─Linear: 1-1                            1,028
├─Linear: 1-2                            1,028
=================================================================
Total params: 2,056
Trainable params: 2,056
Non-trainable params: 0
=================================================================
Encoder to Latents 6
=================================================================
Layer (type:depth-idx)                   Param #
=================================================================
EncoderToLatents                         --
├─Linear: 1-1                            1,028
├─Linear: 1-2                            1,028
=================================================================
Total params: 2,056
Trainable params: 2,056
Non-trainable params: 0
=================================================================
Encoder to Latents 7
=================================================================
Layer (type:depth-idx)                   Param #
=================================================================
EncoderToLatents                         --
├─Linear: 1-1                            1,028
├─Linear: 1-2                            1,028
=================================================================
Total params: 2,056
Trainable params: 2,056
Non-trainable params: 0
=================================================================
Encoder to Latents 8
=================================================================
Layer (type:depth-idx)                   Param #
=================================================================
EncoderToLatents                         --
├─Linear: 1-1                            1,028
├─Linear: 1-2                            1,028
=================================================================
Total params: 2,056
Trainable params: 2,056
Non-trainable params: 0
=================================================================
Encoder to Latents 9
=================================================================
Layer (type:depth-idx)                   Param #
=================================================================
EncoderToLatents                         --
├─Linear: 1-1                            1,028
├─Linear: 1-2                            1,028
=================================================================
Total params: 2,056
Trainable params: 2,056
Non-trainable params: 0
=================================================================
Encoder to Latents 10
=================================================================
Layer (type:depth-idx)                   Param #
=================================================================
EncoderToLatents                         --
├─Linear: 1-1                            1,028
├─Linear: 1-2                            1,028
=================================================================
Total params: 2,056
Trainable params: 2,056
Non-trainable params: 0
=================================================================
Encoder to Latents 11
=================================================================
Layer (type:depth-idx)                   Param #
=================================================================
EncoderToLatents                         --
├─Linear: 1-1                            1,028
├─Linear: 1-2                            1,028
=================================================================
Total params: 2,056
Trainable params: 2,056
Non-trainable params: 0
=================================================================
Encoder to Latents 12
=================================================================
Layer (type:depth-idx)                   Param #
=================================================================
EncoderToLatents                         --
├─Linear: 1-1                            1,028
├─Linear: 1-2                            1,028
=================================================================
Total params: 2,056
Trainable params: 2,056
Non-trainable params: 0
=================================================================
Encoder to Latents 13
=================================================================
Layer (type:depth-idx)                   Param #
=================================================================
EncoderToLatents                         --
├─Linear: 1-1                            1,028
├─Linear: 1-2                            1,028
=================================================================
Total params: 2,056
Trainable params: 2,056
Non-trainable params: 0
=================================================================
Encoder to Latents 14
=================================================================
Layer (type:depth-idx)                   Param #
=================================================================
EncoderToLatents                         --
├─Linear: 1-1                            1,028
├─Linear: 1-2                            1,028
=================================================================
Total params: 2,056
Trainable params: 2,056
Non-trainable params: 0
=================================================================
Encoder to Latents 15
=================================================================
Layer (type:depth-idx)                   Param #
=================================================================
EncoderToLatents                         --
├─Linear: 1-1                            1,028
├─Linear: 1-2                            1,028
=================================================================
Total params: 2,056
Trainable params: 2,056
Non-trainable params: 0
=================================================================
Latents to Latents
=================================================================
Layer (type:depth-idx)                   Param #
=================================================================
LatentsToLatents                         --
├─Linear: 1-1                            272
├─Linear: 1-2                            68
├─Linear: 1-3                            68
=================================================================
Total params: 408
Trainable params: 408
Non-trainable params: 0
=================================================================
Latents to Decoder 0
=================================================================
Layer (type:depth-idx)                   Param #
=================================================================
LatentsToDecoder                         --
├─Linear: 1-1                            1,280
=================================================================
Total params: 1,280
Trainable params: 1,280
Non-trainable params: 0
=================================================================
Latents to Decoder 1
=================================================================
Layer (type:depth-idx)                   Param #
=================================================================
LatentsToDecoder                         --
├─Linear: 1-1                            1,280
=================================================================
Total params: 1,280
Trainable params: 1,280
Non-trainable params: 0
=================================================================
Latents to Decoder 2
=================================================================
Layer (type:depth-idx)                   Param #
=================================================================
LatentsToDecoder                         --
├─Linear: 1-1                            1,280
=================================================================
Total params: 1,280
Trainable params: 1,280
Non-trainable params: 0
=================================================================
Latents to Decoder 3
=================================================================
Layer (type:depth-idx)                   Param #
=================================================================
LatentsToDecoder                         --
├─Linear: 1-1                            1,280
=================================================================
Total params: 1,280
Trainable params: 1,280
Non-trainable params: 0
=================================================================
Latents to Decoder 4
=================================================================
Layer (type:depth-idx)                   Param #
=================================================================
LatentsToDecoder                         --
├─Linear: 1-1                            1,280
=================================================================
Total params: 1,280
Trainable params: 1,280
Non-trainable params: 0
=================================================================
Latents to Decoder 5
=================================================================
Layer (type:depth-idx)                   Param #
=================================================================
LatentsToDecoder                         --
├─Linear: 1-1                            1,280
=================================================================
Total params: 1,280
Trainable params: 1,280
Non-trainable params: 0
=================================================================
Latents to Decoder 6
=================================================================
Layer (type:depth-idx)                   Param #
=================================================================
LatentsToDecoder                         --
├─Linear: 1-1                            1,280
=================================================================
Total params: 1,280
Trainable params: 1,280
Non-trainable params: 0
=================================================================
Latents to Decoder 7
=================================================================
Layer (type:depth-idx)                   Param #
=================================================================
LatentsToDecoder                         --
├─Linear: 1-1                            1,280
=================================================================
Total params: 1,280
Trainable params: 1,280
Non-trainable params: 0
=================================================================
Latents to Decoder 8
=================================================================
Layer (type:depth-idx)                   Param #
=================================================================
LatentsToDecoder                         --
├─Linear: 1-1                            1,280
=================================================================
Total params: 1,280
Trainable params: 1,280
Non-trainable params: 0
=================================================================
Latents to Decoder 9
=================================================================
Layer (type:depth-idx)                   Param #
=================================================================
LatentsToDecoder                         --
├─Linear: 1-1                            1,280
=================================================================
Total params: 1,280
Trainable params: 1,280
Non-trainable params: 0
=================================================================
Latents to Decoder 10
=================================================================
Layer (type:depth-idx)                   Param #
=================================================================
LatentsToDecoder                         --
├─Linear: 1-1                            1,280
=================================================================
Total params: 1,280
Trainable params: 1,280
Non-trainable params: 0
=================================================================
Latents to Decoder 11
=================================================================
Layer (type:depth-idx)                   Param #
=================================================================
LatentsToDecoder                         --
├─Linear: 1-1                            1,280
=================================================================
Total params: 1,280
Trainable params: 1,280
Non-trainable params: 0
=================================================================
Latents to Decoder 12
=================================================================
Layer (type:depth-idx)                   Param #
=================================================================
LatentsToDecoder                         --
├─Linear: 1-1                            1,280
=================================================================
Total params: 1,280
Trainable params: 1,280
Non-trainable params: 0
=================================================================
Latents to Decoder 13
=================================================================
Layer (type:depth-idx)                   Param #
=================================================================
LatentsToDecoder                         --
├─Linear: 1-1                            1,280
=================================================================
Total params: 1,280
Trainable params: 1,280
Non-trainable params: 0
=================================================================
Latents to Decoder 14
=================================================================
Layer (type:depth-idx)                   Param #
=================================================================
LatentsToDecoder                         --
├─Linear: 1-1                            1,280
=================================================================
Total params: 1,280
Trainable params: 1,280
Non-trainable params: 0
=================================================================
Latents to Decoder 15
=================================================================
Layer (type:depth-idx)                   Param #
=================================================================
LatentsToDecoder                         --
├─Linear: 1-1                            1,280
=================================================================
Total params: 1,280
Trainable params: 1,280
Non-trainable params: 0
=================================================================
Decoder
=================================================================
Layer (type:depth-idx)                   Param #
=================================================================
Decoder                                  --
├─Linear: 1-1                            65,792
├─Linear: 1-2                            789,504
=================================================================
Total params: 855,296
Trainable params: 855,296
Non-trainable params: 0
=================================================================
[Epoch   1 (190.26s)]	ELBO: -19992.430, -18870.523, -18617.670, -18456.229, -18355.566, -18356.252, -18338.375, -18342.955, -18358.695, -18377.844, -18396.863, -18424.299, -18456.357, -18482.734, -18515.609, -18553.842 (-12877.549)	Log prob: -19940.914, -18800.148, -18532.871, -18359.463, -18247.336, -18244.215, -18222.922, -18224.230, -18235.951, -18251.549, -18267.018, -18292.412, -18321.744, -18344.426, -18374.162, -18407.152 (-12732.730)	KLD: 51.509, 18.865, 14.429, 11.953, 11.476, 3.811, 3.403, 3.285, 4.019, 3.542, 3.563, 2.033, 2.720, 3.701, 3.130, 5.251 (144.819)	Grad: 115.766, 53.921, 39.879, 34.610, 21.640, 7.418, 6.755, 8.411, 8.935, 7.535, 9.014, 4.185, 6.819, 8.454, 7.794, 12.693
[Epoch   2 (175.99s)]	ELBO: -15493.122, -13383.669, -12796.781, -12330.740, -12203.875, -12191.476, -12066.978, -12064.875, -12069.790, -12078.915, -12084.406, -12098.246, -12111.555, -12118.899, -12122.260, -12137.046 (-11333.481)	Log prob: -15455.818, -13329.437, -12730.925, -12251.360, -12114.022, -12096.767, -11962.983, -11955.027, -11955.820, -11960.326, -11960.396, -11971.514, -11981.210, -11983.356, -11979.971, -11988.878 (-11195.535)	KLD: 37.301, 16.938, 11.622, 13.526, 10.464, 4.859, 9.281, 5.861, 4.115, 4.622, 5.416, 2.719, 3.623, 5.192, 6.746, 5.886 (137.947)	Grad: 120.999, 39.978, 44.439, 38.681, 19.957, 6.720, 12.049, 11.161, 6.329, 5.341, 8.672, 3.138, 5.109, 10.542, 8.438, 8.921
[Epoch   3 (185.83s)]	ELBO: -14237.767, -11426.718, -10434.438, -10076.313, -9870.769, -9838.493, -9731.735, -9713.367, -9714.719, -9721.986, -9707.623, -9714.807, -9725.152, -9729.775, -9737.723, -9745.767 (-8350.974)	Log prob: -14206.233, -11376.310, -10370.394, -10000.960, -9784.282, -9746.024, -9629.456, -9602.913, -9599.810, -9602.158, -9580.764, -9584.180, -9590.166, -9589.746, -9591.289, -9593.095 (-8188.743)	KLD: 31.528, 18.889, 13.627, 11.307, 11.132, 5.980, 9.817, 8.174, 4.454, 4.911, 7.042, 3.768, 4.363, 5.032, 6.406, 6.244 (162.231)	Grad: 88.121, 35.635, 29.531, 29.441, 17.899, 7.238, 8.491, 9.941, 3.988, 3.827, 8.195, 3.703, 4.713, 5.293, 4.518, 5.591
[Epoch   4 (181.99s)]	ELBO: -13833.528, -10229.979, -8489.909, -8329.257, -8228.873, -8212.503, -8161.263, -8148.288, -8151.441, -8156.835, -8156.964, -8162.833, -8170.839, -8172.734, -8178.801, -8187.380 (-8063.809)	Log prob: -13805.081, -10181.333, -8425.342, -8253.429, -8141.679, -8119.176, -8057.528, -8035.332, -8033.781, -8034.136, -8027.271, -8029.102, -8032.579, -8028.934, -8028.750, -8030.620 (-7915.888)	KLD: 28.440, 20.215, 15.908, 11.263, 11.368, 6.135, 10.401, 9.227, 4.700, 5.040, 6.997, 4.040, 4.524, 5.541, 6.256, 6.700 (147.921)	Grad: 46.715, 27.576, 15.477, 14.804, 7.110, 4.980, 4.889, 4.250, 2.311, 1.925, 2.778, 1.757, 2.497, 3.015, 2.261, 2.976
[Epoch   5 (181.74s)]	ELBO: -13467.869, -10052.293, -8336.610, -7945.965, -7601.771, -7548.972, -7374.374, -7338.154, -7337.759, -7339.636, -7328.548, -7332.727, -7340.718, -7341.314, -7339.493, -7347.873 (-6879.699)	Log prob: -13441.314, -10006.652, -8276.195, -7872.496, -7516.562, -7457.853, -7271.856, -7226.400, -7221.390, -7218.157, -7199.739, -7199.826, -7203.592, -7198.575, -7191.100, -7192.925 (-6720.282)	KLD: 26.558, 19.085, 14.771, 13.049, 11.742, 5.916, 11.400, 9.234, 4.618, 5.103, 7.331, 4.089, 4.234, 5.603, 5.657, 6.556 (159.417)	Grad: 90.448, 25.445, 19.810, 24.571, 9.651, 6.167, 8.992, 5.647, 3.535, 3.082, 3.733, 2.357, 3.253, 3.614, 3.205, 3.564
[Epoch   6 (206.04s)]	ELBO: -12862.033, -9225.709, -7387.503, -6991.736, -6552.788, -6521.468, -6413.855, -6361.032, -6360.582, -6364.188, -6350.200, -6353.086, -6356.214, -6353.726, -6353.698, -6359.786 (-5921.347)	Log prob: -12836.539, -9182.243, -7328.472, -6919.473, -6468.136, -6431.174, -6312.734, -6250.244, -6244.686, -6242.736, -6220.343, -6217.736, -6216.331, -6207.852, -6201.516, -6200.759 (-5758.806)	KLD: 25.491, 17.970, 15.568, 13.240, 12.387, 5.636, 10.828, 9.672, 5.106, 5.551, 8.406, 5.496, 4.536, 5.989, 6.304, 6.847 (162.541)	Grad: 80.120, 17.717, 17.770, 15.861, 7.069, 4.407, 7.491, 4.620, 3.066, 2.543, 3.153, 2.243, 3.318, 3.379, 2.935, 2.873
[Epoch   7 (337.91s)]	ELBO: -12758.723, -8977.201, -6789.466, -6232.690, -5932.864, -5901.333, -5774.575, -5718.271, -5711.640, -5715.062, -5685.866, -5686.046, -5688.632, -5690.287, -5692.067, -5696.327 (-5208.224)	Log prob: -12734.192, -8934.698, -6730.911, -6160.951, -5848.757, -5811.759, -5674.475, -5608.833, -5596.761, -5594.860, -5556.316, -5550.867, -5548.750, -5544.550, -5540.203, -5537.762 (-5045.514)	KLD: 24.542, 17.966, 16.049, 13.179, 12.365, 5.476, 10.523, 9.336, 5.441, 5.324, 9.347, 5.633, 4.695, 5.860, 6.127, 6.700 (162.709)	Grad: 70.969, 17.454, 18.888, 17.356, 6.629, 4.171, 6.157, 4.935, 3.334, 2.405, 2.876, 1.892, 2.502, 3.151, 2.294, 2.605
[Epoch   8 (378.36s)]	ELBO: -12691.902, -8548.817, -6271.340, -5472.626, -5085.038, -5022.208, -4879.531, -4824.625, -4817.083, -4803.188, -4750.141, -4744.017, -4746.358, -4745.264, -4743.593, -4747.288 (-4203.455)	Log prob: -12668.529, -8506.439, -6212.582, -5400.029, -4999.982, -4930.934, -4777.289, -4712.830, -4699.462, -4678.919, -4615.285, -4602.855, -4600.128, -4592.710, -4583.980, -4580.302 (-4030.832)	KLD: 23.366, 19.004, 16.389, 13.837, 12.465, 6.214, 10.970, 9.549, 5.828, 6.647, 10.588, 6.303, 5.072, 6.323, 7.058, 7.377 (172.622)	Grad: 65.654, 20.996, 15.892, 14.627, 7.455, 4.399, 5.360, 5.475, 3.160, 3.750, 3.069, 2.457, 2.711, 3.347, 2.547, 2.782
[Epoch   9 (287.03s)]	ELBO: -12573.096, -8298.954, -6026.346, -4849.580, -4407.927, -4339.378, -4193.180, -4153.382, -4149.178, -4139.819, -4084.457, -4074.087, -4076.398, -4076.456, -4077.191, -4081.557 (-3872.603)	Log prob: -12550.596, -8258.095, -5969.430, -4777.770, -4323.223, -4248.141, -4090.875, -4041.827, -4032.048, -4016.400, -3950.136, -3933.025, -3930.562, -3924.064, -3917.746, -3914.884 (-3707.749)	KLD: 22.501, 18.356, 16.052, 14.899, 12.898, 6.533, 11.065, 9.253, 5.571, 6.292, 10.900, 6.743, 4.771, 6.557, 7.054, 7.224 (164.854)	Grad: 54.737, 17.394, 11.836, 12.810, 7.451, 4.590, 4.221, 4.166, 2.522, 3.023, 2.545, 1.938, 2.088, 3.100, 1.996, 2.338
[Epoch  10 (271.73s)]	ELBO: -12477.231, -8185.270, -5934.470, -4601.203, -4032.939, -4004.553, -3918.409, -3885.921, -3880.865, -3876.421, -3840.959, -3827.346, -3827.524, -3826.239, -3827.422, -3831.887 (-3722.441)	Log prob: -12455.251, -8145.473, -5878.864, -4530.351, -3948.724, -3914.235, -3817.393, -3775.888, -3765.339, -3755.171, -3708.958, -3687.492, -3682.746, -3674.448, -3668.533, -3665.961 (-3556.602)	KLD: 21.978, 17.818, 15.810, 15.245, 13.359, 6.108, 10.698, 9.019, 5.488, 5.727, 10.751, 7.852, 4.925, 7.014, 7.096, 7.038 (165.838)	Grad: 55.688, 17.083, 11.942, 12.491, 7.951, 3.726, 3.694, 4.041, 2.348, 2.380, 2.470, 1.793, 2.151, 3.364, 1.885, 2.186
[Epoch  11 (210.16s)]	ELBO: -12418.596, -8113.432, -5878.551, -4522.436, -3839.329, -3794.109, -3688.682, -3653.987, -3645.589, -3639.279, -3599.058, -3573.646, -3574.895, -3568.890, -3571.187, -3574.184 (-3397.824)	Log prob: -12397.083, -8074.161, -5823.667, -4452.433, -3755.921, -3704.391, -3588.184, -3544.698, -3530.944, -3519.107, -3467.929, -3433.382, -3429.662, -3416.419, -3411.879, -3407.802 (-3228.624)	KLD: 21.513, 17.757, 15.617, 15.116, 13.406, 6.309, 10.778, 8.795, 5.354, 5.528, 10.958, 9.133, 4.970, 7.239, 6.837, 7.075 (169.200)	Grad: 53.559, 16.155, 10.394, 11.912, 8.803, 4.087, 3.707, 3.595, 2.489, 2.318, 2.599, 1.890, 2.098, 3.681, 1.902, 2.269
[Epoch  12 (201.74s)]	ELBO: -12385.325, -8054.128, -5817.354, -4445.095, -3668.061, -3621.847, -3422.952, -3380.536, -3372.946, -3365.615, -3332.981, -3305.551, -3304.013, -3300.796, -3302.762, -3303.260 (-3154.973)	Log prob: -12364.152, -8015.396, -5763.055, -4375.825, -3585.179, -3532.526, -3322.624, -3271.540, -3258.739, -3245.949, -3202.720, -3165.777, -3159.337, -3148.872, -3144.029, -3137.188 (-2987.190)	KLD: 21.167, 17.566, 15.564, 14.976, 13.609, 6.441, 11.003, 8.670, 5.211, 5.459, 10.597, 9.513, 4.897, 7.253, 6.806, 7.341 (167.783)	Grad: 50.789, 15.495, 8.989, 9.817, 8.605, 4.003, 3.640, 3.795, 2.254, 2.249, 2.190, 1.863, 2.079, 3.325, 1.676, 2.234
[Epoch  13 (296.94s)]	ELBO: -12348.183, -8036.343, -5803.192, -4423.033, -3625.138, -3459.362, -3182.472, -3126.120, -3113.552, -3100.129, -3062.131, -3026.206, -3021.908, -3018.443, -3017.817, -3018.669 (-2918.358)	Log prob: -12327.297, -7998.097, -5749.466, -4354.656, -3543.027, -3369.148, -3080.966, -3015.881, -2997.875, -2978.778, -2930.356, -2884.462, -2875.033, -2864.470, -2857.062, -2850.396 (-2750.644)	KLD: 20.892, 17.355, 15.474, 14.657, 13.733, 8.102, 11.294, 8.731, 5.436, 5.676, 10.426, 9.970, 5.129, 7.099, 6.781, 7.519 (167.714)	Grad: 50.432, 15.437, 8.463, 9.022, 9.585, 6.817, 4.544, 3.961, 2.462, 2.357, 2.318, 2.380, 2.263, 3.533, 2.096, 2.746
[Epoch  14 (304.15s)]	ELBO: -12292.422, -8003.639, -5761.891, -4380.290, -3567.665, -3248.802, -3012.231, -2966.325, -2954.460, -2948.322, -2914.610, -2883.874, -2881.519, -2877.671, -2877.984, -2877.857 (-2815.759)	Log prob: -12271.664, -7965.721, -5708.598, -4312.511, -3486.075, -3157.380, -2909.503, -2855.034, -2837.761, -2826.312, -2782.209, -2741.274, -2733.897, -2722.906, -2716.275, -2708.719 (-2648.243)	KLD: 20.759, 17.156, 15.375, 14.489, 13.811, 9.833, 11.305, 8.563, 5.409, 5.311, 10.391, 10.200, 5.020, 7.144, 6.945, 7.427 (167.516)	Grad: 48.391, 15.083, 8.569, 8.160, 8.521, 9.959, 4.678, 3.602, 2.254, 2.131, 2.486, 2.224, 1.807, 3.351, 2.049, 2.450
[Epoch  15 (278.81s)]	ELBO: -12280.536, -7993.945, -5746.207, -4368.128, -3503.613, -3144.111, -2892.053, -2796.123, -2784.652, -2775.326, -2738.065, -2693.569, -2691.145, -2686.762, -2686.650, -2684.843 (-2545.389)	Log prob: -12260.024, -7956.416, -5693.398, -4300.846, -3422.614, -3052.895, -2789.417, -2684.619, -2667.919, -2653.235, -2605.359, -2550.413, -2542.952, -2531.458, -2524.338, -2515.107 (-2374.783)	KLD: 20.514, 17.014, 15.279, 14.479, 13.715, 10.217, 11.419, 8.867, 5.230, 5.358, 10.616, 10.449, 5.037, 7.111, 7.008, 7.425 (170.607)	Grad: 49.681, 15.212, 8.503, 8.060, 8.105, 8.459, 4.355, 4.239, 2.160, 2.345, 2.595, 2.398, 1.766, 3.365, 1.923, 2.292
[Epoch  16 (303.24s)]	ELBO: -12233.678, -7969.800, -5724.981, -4349.797, -3395.319, -3021.778, -2697.097, -2544.174, -2531.672, -2522.936, -2485.898, -2442.023, -2439.328, -2436.615, -2433.817, -2431.908 (-2326.619)	Log prob: -12213.396, -7932.648, -5672.662, -4283.113, -3314.799, -2930.909, -2594.634, -2432.385, -2414.690, -2400.394, -2352.444, -2297.915, -2290.026, -2280.318, -2270.430, -2260.804 (-2156.716)	KLD: 20.289, 16.864, 15.164, 14.366, 13.836, 10.349, 11.594, 9.324, 5.197, 5.560, 10.911, 10.655, 5.194, 6.995, 7.089, 7.717 (169.903)	Grad: 46.414, 14.538, 8.688, 7.778, 9.992, 7.130, 5.096, 4.940, 2.263, 2.667, 2.626, 2.207, 1.753, 3.022, 1.931, 2.239
[Epoch  17 (348.39s)]	ELBO: -12208.490, -7944.095, -5691.633, -4313.835, -3321.771, -2931.177, -2549.588, -2394.552, -2382.959, -2374.298, -2340.461, -2306.156, -2305.858, -2304.768, -2301.495, -2300.740 (-2257.583)	Log prob: -12188.386, -7907.167, -5639.632, -4247.514, -3241.516, -2840.625, -2447.217, -2282.919, -2266.274, -2251.910, -2207.075, -2162.285, -2157.032, -2149.328, -2138.831, -2130.345 (-2091.402)	KLD: 20.111, 16.822, 15.069, 14.318, 13.935, 10.297, 11.818, 9.264, 5.051, 5.702, 10.999, 10.485, 4.956, 6.612, 7.226, 7.730 (166.182)	Grad: 47.287, 15.027, 8.349, 7.381, 9.414, 6.628, 5.518, 4.285, 2.266, 2.804, 2.471, 2.090, 1.490, 2.646, 1.772, 2.088
[Epoch  18 (358.07s)]	ELBO: -12187.703, -7927.768, -5675.288, -4292.507, -3290.490, -2894.957, -2478.797, -2336.395, -2316.852, -2289.399, -2247.708, -2208.352, -2206.969, -2205.842, -2202.692, -2200.765 (-2147.370)	Log prob: -12167.685, -7891.157, -5623.632, -4226.541, -3210.602, -2804.781, -2376.566, -2225.046, -2200.279, -2166.245, -2113.643, -2064.030, -2057.702, -2050.240, -2039.828, -2030.074 (-1973.469)	KLD: 20.016, 16.601, 15.039, 14.312, 13.920, 10.286, 12.056, 9.119, 5.225, 6.581, 10.909, 10.258, 4.947, 6.333, 7.263, 7.826 (173.901)	Grad: 44.537, 15.050, 8.227, 7.198, 7.712, 5.848, 5.643, 3.868, 2.242, 3.317, 2.213, 2.132, 1.536, 2.744, 1.844, 1.998
[Epoch  19 (354.12s)]	ELBO: -12176.611, -7917.178, -5663.975, -4281.221, -3272.667, -2872.201, -2357.975, -2175.606, -2140.720, -2115.284, -2068.438, -2020.710, -2017.620, -2016.661, -2013.223, -2010.548 (-1956.844)	Log prob: -12156.744, -7880.821, -5612.651, -4215.682, -3193.244, -2782.503, -2255.873, -2064.099, -2023.075, -1990.546, -1932.780, -1874.699, -1866.625, -1859.462, -1848.518, -1837.875 (-1782.025)	KLD: 19.875, 16.488, 14.962, 14.215, 13.886, 10.272, 12.403, 9.405, 6.139, 7.094, 10.919, 10.353, 4.984, 6.204, 7.507, 7.966 (174.819)	Grad: 42.785, 14.711, 8.465, 7.238, 7.133, 5.981, 6.355, 4.208, 3.305, 3.572, 2.350, 2.205, 1.555, 2.598, 1.911, 2.008
[Epoch  20 (356.38s)]	ELBO: -12151.111, -7892.717, -5637.994, -4249.715, -3240.161, -2834.902, -2274.222, -2048.926, -2014.825, -1972.869, -1930.688, -1897.258, -1891.914, -1891.223, -1887.718, -1885.490 (-1832.880)	Log prob: -12131.368, -7856.542, -5586.905, -4184.454, -3161.133, -2745.603, -2172.298, -1937.067, -1896.214, -1846.821, -1793.861, -1750.209, -1739.840, -1733.170, -1722.035, -1711.864 (-1656.989)	KLD: 19.744, 16.431, 14.914, 14.172, 13.769, 10.268, 12.625, 9.936, 6.751, 7.437, 10.780, 10.221, 5.026, 5.977, 7.630, 7.944 (175.891)	Grad: 41.184, 14.515, 8.173, 6.773, 6.528, 5.240, 6.321, 4.357, 3.736, 3.296, 2.190, 1.896, 1.490, 2.246, 1.997, 1.631
[Epoch  21 (273.79s)]	ELBO: -12139.772, -7881.065, -5629.721, -4236.156, -3224.075, -2812.339, -2208.384, -1988.786, -1943.859, -1863.996, -1794.547, -1758.177, -1756.482, -1755.922, -1751.115, -1747.754 (-1693.974)	Log prob: -12120.164, -7845.128, -5578.909, -4171.203, -3145.439, -2723.411, -2106.817, -1877.033, -1825.338, -1737.585, -1657.444, -1611.060, -1604.331, -1597.991, -1585.526, -1574.233 (-1517.150)	KLD: 19.605, 16.331, 14.875, 14.139, 13.683, 10.293, 12.639, 10.188, 6.767, 7.889, 10.693, 10.014, 5.035, 5.779, 7.659, 7.932 (176.824)	Grad: 37.810, 14.152, 8.060, 6.776, 5.747, 4.972, 6.458, 3.982, 3.286, 3.195, 2.119, 1.765, 1.452, 2.020, 1.904, 1.558
[Epoch  22 (364.24s)]	ELBO: -12128.635, -7868.570, -5611.941, -4213.603, -3200.290, -2779.895, -2145.895, -1865.319, -1797.140, -1739.262, -1678.427, -1645.397, -1645.068, -1643.199, -1639.098, -1635.500 (-1619.306)	Log prob: -12109.146, -7832.854, -5561.376, -4148.970, -3121.985, -2691.177, -2044.406, -1753.088, -1677.755, -1612.224, -1540.670, -1497.784, -1492.551, -1484.974, -1473.252, -1461.878 (-1441.829)	KLD: 19.486, 16.235, 14.846, 14.068, 13.670, 10.412, 12.773, 10.742, 7.155, 7.653, 10.718, 9.856, 4.903, 5.708, 7.621, 7.776 (177.477)	Grad: 38.741, 14.161, 7.937, 6.747, 5.664, 4.991, 5.404, 3.304, 2.973, 2.801, 1.964, 1.537, 1.376, 1.983, 1.700, 1.323
[Epoch  23 (377.73s)]	ELBO: -12122.606, -7862.247, -5602.801, -4201.655, -3191.069, -2757.498, -2126.687, -1797.354, -1724.511, -1675.525, -1600.606, -1554.087, -1553.739, -1551.774, -1546.866, -1542.493 (-1491.545)	Log prob: -12103.206, -7826.720, -5552.455, -4137.265, -3113.118, -2668.928, -2025.366, -1684.841, -1604.511, -1548.048, -1462.378, -1406.013, -1400.643, -1393.076, -1380.422, -1368.303 (-1317.524)	KLD: 19.400, 16.129, 14.816, 14.045, 13.560, 10.618, 12.753, 11.192, 7.487, 7.476, 10.752, 9.845, 5.023, 5.602, 7.747, 7.746 (174.020)	Grad: 40.750, 14.751, 8.115, 6.652, 6.019, 5.473, 5.150, 3.082, 3.072, 2.644, 2.018, 1.530, 1.480, 1.904, 1.720, 1.295
[Epoch  24 (304.63s)]	ELBO: -12094.567, -7839.436, -5584.313, -4180.081, -3171.826, -2715.076, -2090.431, -1702.332, -1638.404, -1580.034, -1521.016, -1485.717, -1485.760, -1484.719, -1480.060, -1476.293 (-1487.833)	Log prob: -12075.242, -7804.000, -5534.146, -4115.907, -3094.062, -2626.321, -1989.028, -1589.493, -1518.049, -1452.089, -1382.379, -1337.303, -1332.237, -1325.683, -1313.365, -1301.798 (-1311.151)	KLD: 19.327, 16.105, 14.735, 14.005, 13.592, 10.989, 12.648, 11.438, 7.516, 7.590, 10.692, 9.776, 5.111, 5.512, 7.658, 7.801 (176.682)	Grad: 37.479, 14.228, 7.932, 6.431, 5.471, 5.760, 4.401, 3.265, 2.927, 2.604, 1.937, 1.422, 1.440, 1.777, 1.541, 1.211
[Epoch  25 (341.51s)]	ELBO: -12093.917, -7836.612, -5577.658, -4176.360, -3173.840, -2677.727, -2048.714, -1635.603, -1576.244, -1543.784, -1503.462, -1468.846, -1467.851, -1466.089, -1461.126, -1455.889 (-1466.305)	Log prob: -12074.715, -7801.362, -5527.680, -4112.469, -3096.387, -2588.452, -1946.790, -1521.987, -1455.060, -1415.197, -1364.411, -1320.099, -1313.868, -1306.544, -1293.953, -1280.813 (-1291.356)	KLD: 19.212, 16.035, 14.730, 13.913, 13.566, 11.819, 12.648, 11.692, 7.570, 7.403, 10.463, 9.696, 5.238, 5.561, 7.628, 7.904 (174.949)	Grad: 39.685, 14.668, 7.848, 6.741, 5.930, 7.918, 6.177, 3.183, 3.574, 2.717, 1.986, 1.457, 1.511, 1.953, 1.697, 1.269
[Epoch  26 (293.41s)]	ELBO: -12073.293, -7819.370, -5552.652, -4147.755, -3140.975, -2579.716, -1951.829, -1542.918, -1517.804, -1485.810, -1448.386, -1413.646, -1409.919, -1408.092, -1403.281, -1397.853 (-1357.338)	Log prob: -12054.118, -7784.243, -5502.856, -4084.039, -3063.740, -2490.151, -1849.705, -1429.073, -1396.806, -1357.704, -1310.051, -1265.746, -1256.697, -1249.380, -1237.141, -1223.816 (-1186.835)	KLD: 19.181, 15.951, 14.660, 13.925, 13.515, 12.334, 12.558, 11.720, 7.152, 7.108, 10.231, 9.564, 5.322, 5.490, 7.428, 7.897 (170.503)	Grad: 37.267, 14.445, 7.782, 6.475, 5.130, 6.089, 3.535, 2.645, 2.564, 2.317, 1.645, 1.349, 1.468, 1.683, 1.287, 1.091
[Epoch  27 (291.78s)]	ELBO: -12069.493, -7817.370, -5548.497, -4140.640, -3130.510, -2527.365, -1907.852, -1512.078, -1483.470, -1412.515, -1366.689, -1327.463, -1323.898, -1321.845, -1317.916, -1313.078 (-1314.098)	Log prob: -12050.351, -7782.314, -5498.797, -4077.044, -3053.434, -2437.862, -1805.847, -1398.397, -1362.925, -1284.573, -1228.530, -1179.772, -1170.736, -1163.334, -1151.951, -1139.169 (-1142.642)	KLD: 19.143, 15.914, 14.643, 13.897, 13.479, 12.426, 12.504, 11.674, 6.865, 7.397, 10.218, 9.532, 5.470, 5.351, 7.453, 7.944 (171.456)	Grad: 34.904, 14.897, 7.921, 6.189, 5.041, 6.436, 3.417, 2.476, 2.186, 2.250, 1.578, 1.328, 1.459, 1.593, 1.274, 1.121
[Epoch  28 (294.71s)]	ELBO: -12061.036, -7810.688, -5544.527, -4136.232, -3130.244, -2486.772, -1869.742, -1501.763, -1443.745, -1372.037, -1329.180, -1292.035, -1288.946, -1286.472, -1282.149, -1277.100 (-1291.542)	Log prob: -12041.978, -7775.723, -5494.977, -4072.843, -3053.392, -2397.163, -1767.667, -1388.128, -1323.211, -1244.238, -1191.266, -1144.670, -1136.066, -1128.283, -1116.611, -1103.639 (-1117.419)	KLD: 19.064, 15.901, 14.588, 13.836, 13.465, 12.755, 12.468, 11.560, 6.897, 7.266, 10.116, 9.451, 5.514, 5.310, 7.348, 7.925 (174.123)	Grad: 35.345, 14.544, 8.009, 6.420, 5.362, 8.173, 3.942, 2.454, 2.301, 2.305, 1.629, 1.370, 1.584, 1.689, 1.330, 1.134
[Epoch  29 (316.64s)]	ELBO: -12065.621, -7809.077, -5537.425, -4127.947, -3122.686, -2450.259, -1822.737, -1482.676, -1385.612, -1342.111, -1297.038, -1256.090, -1251.054, -1248.139, -1244.492, -1238.457 (-1273.122)	Log prob: -12046.562, -7774.099, -5487.875, -4064.546, -3045.833, -2360.391, -1720.410, -1368.916, -1264.602, -1214.208, -1159.123, -1108.863, -1098.112, -1089.934, -1078.943, -1064.922 (-1094.435)	KLD: 19.062, 15.911, 14.574, 13.854, 13.452, 13.014, 12.460, 11.432, 7.250, 6.894, 10.012, 9.312, 5.716, 5.263, 7.344, 7.984 (178.686)	Grad: 36.802, 14.403, 7.990, 6.345, 5.169, 8.589, 4.116, 2.332, 2.458, 2.130, 1.522, 1.331, 1.547, 1.655, 1.234, 1.108
[Epoch  30 (297.75s)]	ELBO: -12048.324, -7797.343, -5530.162, -4119.047, -3112.853, -2427.598, -1795.964, -1460.856, -1350.951, -1302.883, -1236.721, -1175.495, -1168.147, -1162.529, -1157.339, -1148.676 (-1138.842)	Log prob: -12029.342, -7762.472, -5480.743, -4055.819, -3036.208, -2337.909, -1693.798, -1347.404, -1230.105, -1175.271, -1099.143, -1028.530, -1015.145, -1004.120, -991.484, -974.730 (-969.082)	KLD: 18.981, 15.889, 14.549, 13.808, 13.417, 13.046, 12.476, 11.287, 7.394, 6.765, 9.966, 9.388, 6.036, 5.408, 7.445, 8.092 (169.760)	Grad: 34.747, 14.504, 8.045, 6.305, 5.095, 8.595, 4.099, 2.363, 2.376, 2.032, 1.635, 1.412, 1.640, 1.725, 1.304, 1.140
[Epoch  31 (271.66s)]	ELBO: -12042.378, -7794.535, -5521.871, -4110.667, -3105.121, -2408.353, -1776.038, -1412.235, -1297.865, -1232.184, -1123.174, -1073.981, -1067.483, -1060.718, -1054.623, -1045.843 (-1052.186)	Log prob: -12023.418, -7759.760, -5472.568, -4047.552, -3028.583, -2318.667, -1673.841, -1298.768, -1176.963, -1104.360, -985.205, -926.745, -914.204, -901.846, -888.218, -871.275 (-878.595)	KLD: 18.959, 15.818, 14.525, 13.816, 13.418, 13.151, 12.510, 11.269, 7.436, 6.922, 10.145, 9.266, 6.044, 5.592, 7.534, 8.162 (173.592)	Grad: 33.712, 14.697, 7.963, 6.156, 5.185, 7.390, 3.991, 2.384, 2.337, 2.193, 1.757, 1.418, 1.665, 1.628, 1.357, 1.152
[Epoch  32 (273.93s)]	ELBO: -12038.598, -7780.954, -5510.144, -4094.492, -3089.365, -2382.359, -1747.875, -1325.822, -1231.249, -1165.202, -1061.858, -1014.065, -1008.021, -1001.304, -996.216, -987.005 (-1010.069)	Log prob: -12019.678, -7746.243, -5460.936, -4031.477, -3012.922, -2292.730, -1645.764, -1212.370, -1110.454, -1037.606, -924.225, -867.283, -855.238, -842.929, -830.240, -812.940 (-834.111)	KLD: 18.923, 15.788, 14.498, 13.809, 13.425, 13.186, 12.482, 11.342, 7.342, 6.801, 10.036, 9.151, 6.000, 5.592, 7.601, 8.088 (175.958)	Grad: 33.087, 14.321, 7.785, 6.072, 4.941, 6.616, 3.780, 2.406, 2.292, 1.989, 1.601, 1.340, 1.519, 1.574, 1.292, 1.067
[Epoch  33 (285.66s)]	ELBO: -12035.097, -7775.861, -5504.380, -4090.526, -3083.664, -2371.437, -1734.688, -1272.803, -1196.746, -1114.988, -1011.011, -957.698, -951.186, -944.733, -938.456, -929.254 (-948.688)	Log prob: -12016.186, -7741.151, -5455.169, -4027.556, -3007.333, -2281.918, -1632.695, -1159.334, -1076.051, -987.445, -873.510, -811.131, -798.676, -786.642, -772.754, -755.452 (-772.897)	KLD: 18.913, 15.793, 14.504, 13.764, 13.355, 13.189, 12.474, 11.476, 7.228, 6.847, 9.958, 9.065, 5.944, 5.580, 7.612, 8.099 (175.790)	Grad: 33.938, 14.252, 7.983, 6.146, 5.126, 6.366, 3.587, 2.523, 2.232, 2.078, 1.653, 1.372, 1.619, 1.530, 1.315, 1.109
[Epoch  34 (291.55s)]	ELBO: -12027.788, -7770.273, -5494.937, -4079.056, -3077.435, -2361.369, -1723.451, -1238.331, -1144.793, -1058.651, -952.613, -889.956, -882.630, -874.802, -868.423, -858.634 (-906.666)	Log prob: -12008.951, -7735.642, -5445.858, -4016.236, -3001.235, -2271.965, -1621.572, -1124.861, -1023.985, -930.929, -814.862, -743.020, -729.724, -716.365, -702.321, -684.451 (-728.779)	KLD: 18.834, 15.801, 14.442, 13.744, 13.381, 13.201, 12.475, 11.592, 7.339, 6.914, 10.029, 9.184, 5.970, 5.531, 7.666, 8.081 (177.888)	Grad: 33.588, 13.900, 7.880, 6.206, 4.866, 6.318, 3.296, 2.442, 2.336, 2.088, 1.701, 1.397, 1.559, 1.517, 1.314, 1.100
[Epoch  35 (260.09s)]	ELBO: -12039.065, -7775.009, -5494.836, -4075.778, -3072.522, -2352.032, -1713.486, -1218.623, -1076.324, -991.004, -897.684, -843.126, -835.472, -827.930, -821.507, -812.051 (-848.376)	Log prob: -12020.228, -7740.395, -5445.776, -4012.964, -2996.343, -2262.692, -1611.672, -1105.109, -955.077, -862.899, -759.503, -695.840, -682.261, -669.356, -655.368, -637.939 (-675.414)	KLD: 18.843, 15.775, 14.440, 13.759, 13.365, 13.158, 12.475, 11.700, 7.733, 6.857, 10.076, 9.106, 5.924, 5.364, 7.565, 7.973 (172.961)	Grad: 32.488, 14.425, 7.762, 6.062, 4.800, 5.662, 3.207, 2.429, 2.702, 2.040, 1.612, 1.349, 1.551, 1.413, 1.283, 1.049
[Epoch  36 (234.45s)]	ELBO: -12034.897, -7777.154, -5491.835, -4070.885, -3066.488, -2345.331, -1705.114, -1205.947, -1031.385, -938.279, -856.177, -805.885, -797.711, -789.853, -783.378, -773.342 (-846.027)	Log prob: -12016.081, -7742.527, -5442.765, -4008.057, -2990.272, -2255.978, -1603.291, -1092.373, -909.713, -809.763, -717.588, -658.276, -644.220, -631.116, -617.018, -599.048 (-673.985)	KLD: 18.821, 15.801, 14.448, 13.759, 13.388, 13.138, 12.468, 11.751, 8.098, 6.846, 10.073, 9.020, 5.882, 5.245, 7.624, 7.933 (172.042)	Grad: 33.149, 14.049, 7.810, 6.099, 4.960, 5.773, 3.196, 2.396, 3.227, 2.240, 1.583, 1.319, 1.462, 1.367, 1.216, 1.040
[Epoch  37 (206.06s)]	ELBO: -12014.058, -7758.540, -5476.035, -4054.571, -3051.762, -2329.328, -1693.046, -1189.347, -997.981, -899.541, -823.495, -762.989, -752.954, -743.316, -735.649, -724.527 (-758.101)	Log prob: -11995.240, -7723.954, -5426.987, -3991.788, -2975.619, -2240.059, -1591.273, -1075.786, -876.047, -770.843, -684.774, -615.270, -599.386, -584.582, -569.304, -550.298 (-586.916)	KLD: 18.814, 15.771, 14.466, 13.734, 13.361, 13.123, 12.505, 11.788, 8.372, 6.764, 10.023, 8.998, 5.849, 5.166, 7.611, 7.885 (171.185)	Grad: 32.596, 13.999, 7.739, 5.971, 4.852, 5.513, 3.294, 2.263, 3.012, 2.114, 1.535, 1.306, 1.457, 1.282, 1.212, 1.012
[Epoch  38 (205.09s)]	ELBO: -12016.804, -7761.828, -5475.255, -4048.348, -3044.408, -2319.427, -1680.615, -1175.754, -975.944, -874.225, -774.669, -700.011, -684.118, -673.826, -666.597, -653.790 (-677.856)	Log prob: -11998.015, -7727.289, -5426.295, -3985.651, -2968.359, -2230.298, -1579.039, -1062.372, -854.035, -745.543, -636.049, -552.243, -530.555, -515.221, -500.269, -479.702 (-498.985)	KLD: 18.790, 15.750, 14.419, 13.741, 13.350, 13.078, 12.449, 11.805, 8.527, 6.773, 9.937, 9.148, 5.796, 5.042, 7.722, 7.761 (178.871)	Grad: 31.689, 14.277, 7.806, 5.947, 4.828, 5.405, 3.113, 2.268, 2.983, 2.125, 1.610, 1.341, 1.509, 1.234, 1.248, 1.043
[Epoch  39 (204.94s)]	ELBO: -12034.251, -7772.916, -5481.589, -4052.930, -3049.488, -2320.763, -1680.105, -1175.067, -970.841, -862.200, -723.989, -628.769, -607.165, -596.300, -587.904, -575.833 (-651.822)	Log prob: -12015.469, -7738.403, -5432.579, -3990.141, -2973.345, -2231.513, -1578.382, -1061.559, -848.741, -733.277, -584.912, -480.408, -452.889, -437.033, -420.922, -400.955 (-472.768)	KLD: 18.786, 15.722, 14.501, 13.778, 13.356, 13.107, 12.474, 11.784, 8.594, 6.822, 10.154, 9.284, 5.916, 4.990, 7.715, 7.895 (179.053)	Grad: 30.599, 14.201, 7.743, 5.891, 4.813, 5.027, 3.192, 2.237, 2.726, 2.142, 1.831, 1.451, 1.513, 1.270, 1.285, 1.057
[Epoch  40 (195.91s)]	ELBO: -12008.894, -7755.452, -5465.701, -4035.646, -3033.391, -2305.329, -1668.172, -1164.220, -955.772, -833.559, -665.615, -562.279, -546.304, -536.254, -528.744, -517.899 (-581.565)	Log prob: -11990.143, -7720.895, -5416.690, -3972.856, -2957.175, -2216.000, -1566.356, -1050.571, -833.495, -704.355, -526.097, -413.375, -391.441, -376.446, -361.350, -342.677 (-405.522)	KLD: 18.749, 15.805, 14.458, 13.780, 13.425, 13.112, 12.486, 11.834, 8.628, 6.927, 10.313, 9.386, 5.960, 4.945, 7.586, 7.828 (176.043)	Grad: 31.459, 13.993, 7.790, 5.945, 4.808, 5.062, 3.030, 2.206, 2.642, 2.182, 1.830, 1.462, 1.490, 1.206, 1.358, 0.996
[Epoch  41 (188.03s)]	ELBO: -12008.215, -7752.486, -5460.227, -4027.094, -3023.489, -2293.637, -1656.222, -1152.520, -942.588, -799.042, -617.639, -527.650, -513.865, -504.213, -496.357, -485.011 (-557.844)	Log prob: -11989.468, -7717.970, -5411.238, -3964.333, -2947.352, -2204.368, -1554.458, -1038.914, -820.390, -669.701, -477.993, -378.620, -358.952, -344.444, -329.003, -309.799 (-381.728)	KLD: 18.753, 15.767, 14.471, 13.768, 13.379, 13.132, 12.494, 11.842, 8.592, 7.143, 10.305, 9.384, 5.883, 4.855, 7.585, 7.858 (176.116)	Grad: 30.442, 13.893, 7.700, 5.887, 4.709, 5.136, 3.157, 2.147, 2.541, 2.378, 1.839, 1.422, 1.360, 1.154, 1.193, 1.001
[Epoch  42 (187.62s)]	ELBO: -12001.521, -7743.220, -5449.662, -4014.915, -3010.645, -2279.856, -1643.450, -1138.072, -925.294, -767.161, -580.362, -494.183, -481.167, -471.825, -463.620, -451.767 (-523.939)	Log prob: -11982.771, -7708.695, -5400.703, -3952.177, -2934.525, -2190.596, -1541.672, -1024.462, -803.091, -637.606, -440.459, -344.919, -326.102, -311.946, -296.152, -276.529 (-344.011)	KLD: 18.748, 15.775, 14.439, 13.777, 13.381, 13.141, 12.517, 11.832, 8.594, 7.353, 10.347, 9.361, 5.801, 4.814, 7.589, 7.771 (179.928)	Grad: 29.906, 14.148, 7.642, 5.753, 4.672, 4.616, 2.955, 2.109, 2.396, 2.269, 1.747, 1.393, 1.361, 1.134, 1.166, 0.956
[Epoch  43 (189.33s)]	ELBO: -12005.018, -7747.442, -5455.404, -4019.341, -3015.201, -2281.256, -1645.954, -1141.187, -924.081, -757.308, -567.816, -468.988, -455.973, -446.348, -437.009, -424.015 (-467.024)	Log prob: -11986.307, -7712.983, -5406.508, -3956.609, -2939.057, -2191.948, -1544.137, -1027.530, -801.725, -627.520, -427.707, -319.528, -300.810, -286.407, -269.489, -248.694 (-290.601)	KLD: 18.704, 15.751, 14.441, 13.837, 13.410, 13.166, 12.508, 11.839, 8.700, 7.431, 10.321, 9.351, 5.703, 4.777, 7.580, 7.801 (176.423)	Grad: 30.675, 13.843, 7.783, 5.797, 4.806, 5.083, 3.067, 2.129, 2.497, 2.347, 1.756, 1.446, 1.316, 1.147, 1.175, 1.006
[Epoch  44 (194.02s)]	ELBO: -12001.518, -7743.992, -5446.622, -4008.213, -3005.051, -2269.338, -1634.963, -1131.526, -907.386, -734.181, -540.720, -429.175, -416.234, -405.754, -395.773, -381.503 (-449.564)	Log prob: -11982.813, -7709.489, -5397.672, -3945.469, -2928.938, -2180.038, -1533.133, -1017.812, -784.871, -604.109, -400.319, -279.358, -260.747, -245.468, -227.909, -205.872 (-272.049)	KLD: 18.710, 15.796, 14.445, 13.794, 13.368, 13.186, 12.531, 11.884, 8.800, 7.558, 10.329, 9.415, 5.669, 4.800, 7.578, 7.767 (177.514)	Grad: 31.176, 13.810, 7.832, 5.728, 4.751, 4.481, 2.840, 2.135, 2.571, 2.196, 1.723, 1.482, 1.335, 1.177, 1.136, 1.005
[Epoch  45 (205.56s)]	ELBO: -11997.281, -7745.940, -5444.343, -4005.714, -3002.760, -2268.237, -1634.439, -1130.935, -884.840, -708.464, -514.992, -399.171, -386.337, -375.769, -366.052, -353.027 (-423.481)	Log prob: -11978.570, -7711.473, -5395.395, -3942.918, -2926.583, -2178.848, -1532.514, -1017.130, -761.901, -577.863, -374.078, -248.839, -230.394, -215.006, -197.696, -176.904 (-244.565)	KLD: 18.709, 15.760, 14.478, 13.849, 13.383, 13.210, 12.537, 11.879, 9.134, 7.661, 10.314, 9.418, 5.610, 4.820, 7.593, 7.767 (178.916)	Grad: 30.789, 14.210, 7.695, 5.617, 4.725, 4.778, 2.964, 2.161, 2.634, 2.159, 1.750, 1.464, 1.323, 1.170, 1.152, 0.996
[Epoch  46 (202.92s)]	ELBO: -11999.985, -7745.884, -5445.082, -4005.732, -3002.067, -2266.058, -1634.197, -1129.856, -848.817, -667.333, -480.803, -373.611, -361.253, -351.682, -342.790, -329.966 (-386.157)	Log prob: -11981.279, -7711.395, -5396.140, -3942.962, -2925.940, -2176.695, -1532.258, -1016.035, -725.425, -536.224, -339.417, -222.787, -204.893, -190.574, -174.167, -153.653 (-210.842)	KLD: 18.705, 15.782, 14.455, 13.829, 13.355, 13.236, 12.576, 11.883, 9.572, 7.716, 10.276, 9.439, 5.535, 4.748, 7.515, 7.691 (175.315)	Grad: 29.923, 13.939, 7.668, 5.720, 4.693, 4.504, 3.020, 2.121, 2.681, 2.135, 1.715, 1.377, 1.240, 1.125, 1.133, 0.951
[Epoch  47 (204.87s)]	ELBO: -12002.339, -7745.646, -5441.206, -3998.996, -2996.171, -2257.351, -1626.471, -1122.684, -827.459, -643.574, -443.983, -345.302, -332.065, -322.050, -313.221, -300.395 (-381.187)	Log prob: -11983.652, -7711.147, -5392.231, -3936.236, -2920.006, -2167.962, -1524.556, -1008.874, -703.958, -512.339, -302.459, -194.371, -175.678, -160.957, -144.624, -124.082 (-207.064)	KLD: 18.691, 15.804, 14.478, 13.790, 13.403, 13.222, 12.528, 11.895, 9.691, 7.735, 10.288, 9.407, 5.456, 4.706, 7.504, 7.716 (174.123)	Grad: 29.866, 14.066, 7.666, 5.726, 4.640, 4.330, 2.961, 2.120, 2.498, 2.119, 1.721, 1.364, 1.249, 1.132, 1.108, 0.935
[Epoch  48 (185.27s)]	ELBO: -11997.165, -7740.964, -5429.084, -3988.172, -2982.915, -2247.078, -1617.474, -1113.275, -813.685, -628.865, -413.290, -318.978, -304.298, -293.335, -284.103, -270.926 (-340.769)	Log prob: -11978.445, -7706.444, -5380.075, -3925.355, -2906.700, -2157.670, -1515.511, -999.422, -690.244, -497.668, -271.769, -168.078, -147.937, -132.240, -115.563, -94.743 (-163.974)	KLD: 18.718, 15.799, 14.492, 13.810, 13.395, 13.195, 12.556, 11.889, 9.588, 7.756, 10.323, 9.379, 5.461, 4.734, 7.445, 7.644 (176.795)	Grad: 29.580, 13.915, 7.595, 5.532, 4.717, 4.408, 2.845, 2.076, 2.461, 1.988, 1.752, 1.380, 1.203, 1.116, 1.131, 0.926
[Epoch  49 (182.39s)]	ELBO: -11983.195, -7730.979, -5424.405, -3981.920, -2977.776, -2239.542, -1610.945, -1108.150, -803.990, -615.876, -387.599, -287.665, -271.870, -261.392, -251.837, -238.643 (-328.372)	Log prob: -11964.512, -7696.516, -5375.462, -3919.176, -2901.634, -2150.234, -1509.093, -994.385, -680.687, -484.813, -246.158, -136.755, -115.559, -100.334, -83.348, -62.601 (-151.153)	KLD: 18.682, 15.783, 14.480, 13.800, 13.397, 13.169, 12.543, 11.912, 9.537, 7.760, 10.378, 9.469, 5.402, 4.747, 7.431, 7.553 (177.219)	Grad: 30.054, 13.874, 7.536, 5.503, 4.598, 4.259, 2.837, 2.072, 2.364, 2.022, 1.779, 1.417, 1.212, 1.111, 1.103, 0.920
[Epoch  50 (170.07s)]	ELBO: -11984.622, -7732.749, -5424.153, -3976.825, -2973.960, -2236.023, -1607.267, -1104.482, -797.518, -606.238, -368.544, -266.962, -252.072, -242.464, -232.805, -219.857 (-316.810)	Log prob: -11965.925, -7698.288, -5375.212, -3914.034, -2897.760, -2146.650, -1505.347, -990.665, -674.213, -475.120, -227.025, -115.977, -95.758, -81.447, -64.369, -43.949 (-140.317)	KLD: 18.695, 15.765, 14.484, 13.845, 13.409, 13.174, 12.548, 11.897, 9.488, 7.813, 10.401, 9.467, 5.328, 4.703, 7.419, 7.472 (176.494)	Grad: 28.989, 13.675, 7.630, 5.475, 4.587, 4.208, 2.791, 2.065, 2.310, 1.992, 1.735, 1.411, 1.143, 1.105, 1.112, 0.900
Best epoch(s): [50]	Training time(s): 12904.54s (12904.54s)	Best ELBO: -219.857 (-316.810)	Best log prob: -43.949 (-140.317)
Avg. mu: -0.518, 0.289, -0.344, 0.140, -0.091, -0.218, -0.024, -0.049, 0.048, 0.096, -0.009, -0.175, 0.021, 0.091, 0.078, -0.125, -0.079, 0.020, -0.013, 0.009, -0.006, 0.373, -0.130, 0.107, -0.019, 0.039, 0.043, 0.006, 0.102, 0.054, 0.051, -0.147, 0.039, 0.366, -0.057, 0.517, -0.072, 0.286, -0.151, -0.101, 0.181, 0.114, 0.176, -0.368, 0.053, -0.083, 0.388, -0.250, 0.108, 0.341, 0.059, 0.038, 0.116, -0.505, 0.082, -0.001, -0.118, -0.188, 0.074, -0.273, 0.115, -0.196, 0.147, -0.017
Avg. var: 0.000, 0.000, 0.000, 0.000, 0.000, 0.000, 0.000, 0.000, 0.001, 0.000, 0.000, 0.000, 0.001, 0.001, 0.001, 0.001, 0.001, 0.001, 0.001, 0.001, 0.001, 0.001, 0.001, 0.001, 0.002, 0.001, 0.001, 0.002, 0.002, 0.002, 0.001, 0.002, 0.002, 0.002, 0.002, 0.121, 0.003, 0.007, 0.005, 0.852, 0.002, 0.003, 0.003, 0.003, 0.005, 0.006, 0.005, 0.007, 0.005, 0.046, 0.014, 0.665, 0.010, 0.061, 0.018, 0.494, 0.005, 0.016, 0.007, 0.036, 0.008, 0.012, 0.009, 0.009
Max. mu: 3.428, 4.572, 3.703, 3.064, 3.871, 3.534, 3.655, 3.443, 5.386, 4.534, 3.630, 3.213, 3.523, 3.645, 3.588, 3.459, 3.512, 2.611, 3.247, 3.437, 2.579, 3.003, 2.658, 3.117, 3.340, 2.868, 2.431, 2.509, 2.987, 3.281, 2.980, 3.129, 3.648, 3.898, 3.633, 2.644, 3.152, 3.808, 3.530, 1.779, 4.050, 3.262, 3.350, 2.894, 2.548, 4.088, 3.052, 2.169, 1.708, 2.351, 2.686, 1.414, 1.922, 2.600, 2.789, 1.260, 1.570, 1.565, 1.764, 1.174, 2.076, 1.968, 1.766, 1.826
Max. var: 0.000, 0.000, 0.000, 0.000, 0.001, 0.001, 0.001, 0.001, 0.002, 0.001, 0.001, 0.001, 0.002, 0.001, 0.001, 0.003, 0.001, 0.001, 0.001, 0.002, 0.002, 0.003, 0.003, 0.005, 0.003, 0.004, 0.003, 0.005, 0.004, 0.004, 0.003, 0.006, 0.006, 0.006, 0.005, 0.484, 0.011, 0.023, 0.012, 4.878, 0.009, 0.007, 0.009, 0.012, 0.014, 0.026, 0.015, 0.032, 0.009, 0.209, 0.033, 3.463, 0.034, 0.254, 0.062, 4.546, 0.018, 0.098, 0.029, 0.186, 0.036, 0.038, 0.032, 0.040
Min. mu: -5.994, -3.819, -5.387, -2.993, -3.909, -3.586, -4.197, -3.526, -4.487, -4.790, -7.144, -4.323, -4.448, -2.836, -2.730, -3.942, -3.527, -2.717, -3.558, -3.486, -2.869, -2.170, -3.226, -2.791, -3.714, -2.590, -2.877, -3.226, -2.851, -2.906, -2.959, -2.943, -3.288, -4.060, -3.974, -1.824, -2.884, -2.569, -3.400, -1.994, -2.665, -3.233, -3.142, -3.360, -2.318, -4.009, -2.385, -2.770, -1.322, -1.600, -2.118, -1.080, -2.837, -3.800, -2.690, -2.842, -2.159, -2.216, -1.346, -2.140, -2.165, -2.270, -2.400, -2.154
Min. var: 0.000, 0.000, 0.000, 0.000, 0.000, 0.000, 0.000, 0.000, 0.000, 0.000, 0.000, 0.000, 0.000, 0.000, 0.000, 0.000, 0.000, 0.000, 0.000, 0.000, 0.000, 0.000, 0.000, 0.000, 0.000, 0.000, 0.000, 0.000, 0.001, 0.001, 0.001, 0.000, 0.000, 0.000, 0.000, 0.005, 0.000, 0.002, 0.001, 0.047, 0.001, 0.001, 0.001, 0.001, 0.001, 0.000, 0.000, 0.000, 0.002, 0.008, 0.005, 0.131, 0.002, 0.013, 0.007, 0.036, 0.001, 0.003, 0.002, 0.003, 0.002, 0.000, 0.000, 0.000
Cov. mu:
[[1.554 0.089 0.267 ... -0.104 0.025 -0.097]
 [0.089 0.972 0.337 ... -0.027 0.034 0.015]
 [0.267 0.337 1.160 ... 0.001 0.004 0.022]
 ...
 [-0.104 -0.027 0.001 ... 0.126 0.005 0.006]
 [0.025 0.034 0.004 ... 0.005 0.089 -0.002]
 [-0.097 0.015 0.022 ... 0.006 -0.002 0.139]]
