Encoder
=================================================================
Layer (type:depth-idx)                   Param #
=================================================================
Encoder                                  --
├─Linear: 1-1                            786,688
├─Linear: 1-2                            65,792
=================================================================
Total params: 852,480
Trainable params: 852,480
Non-trainable params: 0
=================================================================
Encoder 2
=================================================================
Layer (type:depth-idx)                   Param #
=================================================================
Encoder                                  --
├─Linear: 1-1                            786,688
├─Linear: 1-2                            65,792
=================================================================
Total params: 852,480
Trainable params: 852,480
Non-trainable params: 0
=================================================================
Encoder Encoder to Encoder
=================================================================
Layer (type:depth-idx)                   Param #
=================================================================
EncoderEncoderToEncoder                  --
├─Linear: 1-1                            131,328
├─Linear: 1-2                            65,792
=================================================================
Total params: 197,120
Trainable params: 197,120
Non-trainable params: 0
=================================================================
Encoder Latents to Latents 0
=================================================================
Layer (type:depth-idx)                   Param #
=================================================================
EncoderLatentsToLatents                  --
├─Linear: 1-1                            65,792
├─Linear: 1-2                            1,028
├─Linear: 1-3                            1,028
=================================================================
Total params: 67,848
Trainable params: 67,848
Non-trainable params: 0
=================================================================
Encoder Latents to Latents 1
=================================================================
Layer (type:depth-idx)                   Param #
=================================================================
EncoderLatentsToLatents                  --
├─Linear: 1-1                            69,960
├─Linear: 1-2                            1,060
├─Linear: 1-3                            1,060
=================================================================
Total params: 72,080
Trainable params: 72,080
Non-trainable params: 0
=================================================================
Encoder Latents to Latents 2
=================================================================
Layer (type:depth-idx)                   Param #
=================================================================
EncoderLatentsToLatents                  --
├─Linear: 1-1                            74,256
├─Linear: 1-2                            1,092
├─Linear: 1-3                            1,092
=================================================================
Total params: 76,440
Trainable params: 76,440
Non-trainable params: 0
=================================================================
Encoder Latents to Latents 3
=================================================================
Layer (type:depth-idx)                   Param #
=================================================================
EncoderLatentsToLatents                  --
├─Linear: 1-1                            78,680
├─Linear: 1-2                            1,124
├─Linear: 1-3                            1,124
=================================================================
Total params: 80,928
Trainable params: 80,928
Non-trainable params: 0
=================================================================
Encoder Latents to Latents 4
=================================================================
Layer (type:depth-idx)                   Param #
=================================================================
EncoderLatentsToLatents                  --
├─Linear: 1-1                            83,232
├─Linear: 1-2                            1,156
├─Linear: 1-3                            1,156
=================================================================
Total params: 85,544
Trainable params: 85,544
Non-trainable params: 0
=================================================================
Encoder Latents to Latents 5
=================================================================
Layer (type:depth-idx)                   Param #
=================================================================
EncoderLatentsToLatents                  --
├─Linear: 1-1                            87,912
├─Linear: 1-2                            1,188
├─Linear: 1-3                            1,188
=================================================================
Total params: 90,288
Trainable params: 90,288
Non-trainable params: 0
=================================================================
Encoder Latents to Latents 6
=================================================================
Layer (type:depth-idx)                   Param #
=================================================================
EncoderLatentsToLatents                  --
├─Linear: 1-1                            92,720
├─Linear: 1-2                            1,220
├─Linear: 1-3                            1,220
=================================================================
Total params: 95,160
Trainable params: 95,160
Non-trainable params: 0
=================================================================
Encoder Latents to Latents 7
=================================================================
Layer (type:depth-idx)                   Param #
=================================================================
EncoderLatentsToLatents                  --
├─Linear: 1-1                            97,656
├─Linear: 1-2                            1,252
├─Linear: 1-3                            1,252
=================================================================
Total params: 100,160
Trainable params: 100,160
Non-trainable params: 0
=================================================================
Encoder Latents to Latents 8
=================================================================
Layer (type:depth-idx)                   Param #
=================================================================
EncoderLatentsToLatents                  --
├─Linear: 1-1                            102,720
├─Linear: 1-2                            1,284
├─Linear: 1-3                            1,284
=================================================================
Total params: 105,288
Trainable params: 105,288
Non-trainable params: 0
=================================================================
Encoder Latents to Latents 9
=================================================================
Layer (type:depth-idx)                   Param #
=================================================================
EncoderLatentsToLatents                  --
├─Linear: 1-1                            107,912
├─Linear: 1-2                            1,316
├─Linear: 1-3                            1,316
=================================================================
Total params: 110,544
Trainable params: 110,544
Non-trainable params: 0
=================================================================
Encoder Latents to Latents 10
=================================================================
Layer (type:depth-idx)                   Param #
=================================================================
EncoderLatentsToLatents                  --
├─Linear: 1-1                            113,232
├─Linear: 1-2                            1,348
├─Linear: 1-3                            1,348
=================================================================
Total params: 115,928
Trainable params: 115,928
Non-trainable params: 0
=================================================================
Encoder Latents to Latents 11
=================================================================
Layer (type:depth-idx)                   Param #
=================================================================
EncoderLatentsToLatents                  --
├─Linear: 1-1                            118,680
├─Linear: 1-2                            1,380
├─Linear: 1-3                            1,380
=================================================================
Total params: 121,440
Trainable params: 121,440
Non-trainable params: 0
=================================================================
Encoder Latents to Latents 12
=================================================================
Layer (type:depth-idx)                   Param #
=================================================================
EncoderLatentsToLatents                  --
├─Linear: 1-1                            124,256
├─Linear: 1-2                            1,412
├─Linear: 1-3                            1,412
=================================================================
Total params: 127,080
Trainable params: 127,080
Non-trainable params: 0
=================================================================
Encoder Latents to Latents 13
=================================================================
Layer (type:depth-idx)                   Param #
=================================================================
EncoderLatentsToLatents                  --
├─Linear: 1-1                            129,960
├─Linear: 1-2                            1,444
├─Linear: 1-3                            1,444
=================================================================
Total params: 132,848
Trainable params: 132,848
Non-trainable params: 0
=================================================================
Encoder Latents to Latents 14
=================================================================
Layer (type:depth-idx)                   Param #
=================================================================
EncoderLatentsToLatents                  --
├─Linear: 1-1                            135,792
├─Linear: 1-2                            1,476
├─Linear: 1-3                            1,476
=================================================================
Total params: 138,744
Trainable params: 138,744
Non-trainable params: 0
=================================================================
Encoder Latents to Latents 15
=================================================================
Layer (type:depth-idx)                   Param #
=================================================================
EncoderLatentsToLatents                  --
├─Linear: 1-1                            141,752
├─Linear: 1-2                            1,508
├─Linear: 1-3                            1,508
=================================================================
Total params: 144,768
Trainable params: 144,768
Non-trainable params: 0
=================================================================
Latents to Decoder 0
=================================================================
Layer (type:depth-idx)                   Param #
=================================================================
LatentsToDecoder                         --
├─Linear: 1-1                            1,280
=================================================================
Total params: 1,280
Trainable params: 1,280
Non-trainable params: 0
=================================================================
Latents to Decoder 1
=================================================================
Layer (type:depth-idx)                   Param #
=================================================================
LatentsToDecoder                         --
├─Linear: 1-1                            1,280
=================================================================
Total params: 1,280
Trainable params: 1,280
Non-trainable params: 0
=================================================================
Latents to Decoder 2
=================================================================
Layer (type:depth-idx)                   Param #
=================================================================
LatentsToDecoder                         --
├─Linear: 1-1                            1,280
=================================================================
Total params: 1,280
Trainable params: 1,280
Non-trainable params: 0
=================================================================
Latents to Decoder 3
=================================================================
Layer (type:depth-idx)                   Param #
=================================================================
LatentsToDecoder                         --
├─Linear: 1-1                            1,280
=================================================================
Total params: 1,280
Trainable params: 1,280
Non-trainable params: 0
=================================================================
Latents to Decoder 4
=================================================================
Layer (type:depth-idx)                   Param #
=================================================================
LatentsToDecoder                         --
├─Linear: 1-1                            1,280
=================================================================
Total params: 1,280
Trainable params: 1,280
Non-trainable params: 0
=================================================================
Latents to Decoder 5
=================================================================
Layer (type:depth-idx)                   Param #
=================================================================
LatentsToDecoder                         --
├─Linear: 1-1                            1,280
=================================================================
Total params: 1,280
Trainable params: 1,280
Non-trainable params: 0
=================================================================
Latents to Decoder 6
=================================================================
Layer (type:depth-idx)                   Param #
=================================================================
LatentsToDecoder                         --
├─Linear: 1-1                            1,280
=================================================================
Total params: 1,280
Trainable params: 1,280
Non-trainable params: 0
=================================================================
Latents to Decoder 7
=================================================================
Layer (type:depth-idx)                   Param #
=================================================================
LatentsToDecoder                         --
├─Linear: 1-1                            1,280
=================================================================
Total params: 1,280
Trainable params: 1,280
Non-trainable params: 0
=================================================================
Latents to Decoder 8
=================================================================
Layer (type:depth-idx)                   Param #
=================================================================
LatentsToDecoder                         --
├─Linear: 1-1                            1,280
=================================================================
Total params: 1,280
Trainable params: 1,280
Non-trainable params: 0
=================================================================
Latents to Decoder 9
=================================================================
Layer (type:depth-idx)                   Param #
=================================================================
LatentsToDecoder                         --
├─Linear: 1-1                            1,280
=================================================================
Total params: 1,280
Trainable params: 1,280
Non-trainable params: 0
=================================================================
Latents to Decoder 10
=================================================================
Layer (type:depth-idx)                   Param #
=================================================================
LatentsToDecoder                         --
├─Linear: 1-1                            1,280
=================================================================
Total params: 1,280
Trainable params: 1,280
Non-trainable params: 0
=================================================================
Latents to Decoder 11
=================================================================
Layer (type:depth-idx)                   Param #
=================================================================
LatentsToDecoder                         --
├─Linear: 1-1                            1,280
=================================================================
Total params: 1,280
Trainable params: 1,280
Non-trainable params: 0
=================================================================
Latents to Decoder 12
=================================================================
Layer (type:depth-idx)                   Param #
=================================================================
LatentsToDecoder                         --
├─Linear: 1-1                            1,280
=================================================================
Total params: 1,280
Trainable params: 1,280
Non-trainable params: 0
=================================================================
Latents to Decoder 13
=================================================================
Layer (type:depth-idx)                   Param #
=================================================================
LatentsToDecoder                         --
├─Linear: 1-1                            1,280
=================================================================
Total params: 1,280
Trainable params: 1,280
Non-trainable params: 0
=================================================================
Latents to Decoder 14
=================================================================
Layer (type:depth-idx)                   Param #
=================================================================
LatentsToDecoder                         --
├─Linear: 1-1                            1,280
=================================================================
Total params: 1,280
Trainable params: 1,280
Non-trainable params: 0
=================================================================
Latents to Decoder 15
=================================================================
Layer (type:depth-idx)                   Param #
=================================================================
LatentsToDecoder                         --
├─Linear: 1-1                            1,280
=================================================================
Total params: 1,280
Trainable params: 1,280
Non-trainable params: 0
=================================================================
Decoder
=================================================================
Layer (type:depth-idx)                   Param #
=================================================================
Decoder                                  --
├─Linear: 1-1                            65,792
├─Linear: 1-2                            789,504
=================================================================
Total params: 855,296
Trainable params: 855,296
Non-trainable params: 0
=================================================================
[Epoch   1 (348.97s)]	ELBO: -20424.020, -19537.213, -19316.154, -19241.369, -19212.717, -19195.939, -19195.580, -19202.545, -19213.217, -19223.893, -19241.273, -19260.289, -19286.146, -19315.588, -19340.609, -19375.041 (-16515.977)	Log prob: -20385.463, -19482.270, -19254.008, -19173.834, -19140.592, -19118.775, -19114.141, -19117.145, -19123.965, -19130.711, -19144.154, -19158.830, -19180.852, -19205.445, -19226.037, -19255.465 (-16414.188)	KLD: 38.554, 16.384, 7.196, 5.405, 4.580, 5.054, 4.273, 3.947, 3.856, 3.936, 3.943, 4.328, 3.842, 4.841, 4.441, 4.980 (101.789)	Grad: 10.965, 5.643, 5.080, 5.240, 5.821, 5.962, 5.874, 5.897, 6.012, 6.544, 6.438, 7.160, 7.020, 7.776, 7.345, 7.969
[Epoch   2 (353.38s)]	ELBO: -16649.223, -16115.356, -15937.415, -15894.678, -15862.769, -15862.318, -15854.436, -15859.717, -15865.757, -15876.022, -15883.650, -15893.479, -15906.021, -15921.292, -15934.803, -15948.707 (-13908.420)	Log prob: -16614.195, -16069.590, -15884.413, -15836.808, -15799.751, -15794.764, -15782.462, -15783.983, -15786.335, -15792.607, -15796.335, -15802.051, -15811.110, -15821.797, -15831.488, -15840.563 (-13785.171)	KLD: 35.028, 10.734, 7.243, 4.868, 5.141, 4.546, 4.419, 3.761, 3.681, 3.977, 3.920, 4.112, 3.485, 4.584, 3.820, 4.822 (123.249)	Grad: 6.436, 2.175, 1.611, 1.667, 1.734, 1.631, 1.720, 1.662, 1.710, 1.886, 1.857, 2.123, 2.089, 2.328, 2.208, 2.405
[Epoch   3 (374.58s)]	ELBO: -13715.837, -13293.736, -13209.560, -13183.825, -13166.521, -13164.946, -13165.108, -13166.561, -13172.164, -13179.078, -13185.289, -13192.783, -13201.411, -13210.578, -13220.322, -13228.893 (-12529.498)	Log prob: -13682.354, -13248.136, -13155.965, -13125.101, -13101.223, -13095.231, -13090.628, -13088.006, -13090.195, -13093.293, -13095.686, -13099.082, -13104.308, -13108.847, -13115.010, -13119.081 (-12422.748)	KLD: 33.482, 12.117, 7.988, 5.139, 6.573, 4.422, 4.764, 4.073, 3.418, 3.806, 3.819, 4.096, 3.404, 4.629, 3.585, 4.492 (106.750)	Grad: 4.882, 1.892, 1.416, 1.253, 1.662, 1.302, 1.416, 1.326, 1.298, 1.422, 1.339, 1.542, 1.465, 1.620, 1.522, 1.646
[Epoch   4 (361.76s)]	ELBO: -12552.842, -11986.629, -11823.824, -11800.921, -11792.324, -11790.988, -11794.553, -11797.308, -11802.871, -11811.428, -11817.738, -11825.357, -11834.660, -11843.973, -11853.126, -11864.244 (-11194.820)	Log prob: -12523.717, -11945.157, -11774.092, -11745.792, -11730.671, -11724.815, -11723.994, -11722.108, -11724.083, -11728.832, -11731.293, -11734.611, -11740.235, -11744.843, -11750.146, -11756.572 (-11086.341)	KLD: 29.119, 12.348, 8.267, 5.389, 6.529, 4.518, 4.388, 4.655, 3.571, 3.808, 3.856, 4.296, 3.685, 4.697, 3.852, 4.698 (108.479)	Grad: 6.442, 2.637, 2.018, 2.051, 2.312, 2.176, 2.320, 2.336, 2.267, 2.563, 2.411, 2.805, 2.708, 2.969, 2.838, 3.025
[Epoch   5 (376.10s)]	ELBO: -12711.553, -10514.385, -10242.871, -10207.379, -10189.315, -10175.937, -10177.258, -10179.267, -10189.040, -10198.115, -10207.616, -10215.815, -10227.995, -10238.965, -10251.466, -10265.681 (-9202.795)	Log prob: -12685.551, -10473.004, -10192.445, -10151.224, -10126.348, -10107.668, -10104.281, -10101.490, -10107.479, -10112.536, -10117.892, -10121.448, -10129.790, -10135.750, -10144.285, -10153.408 (-9077.478)	KLD: 26.003, 15.379, 9.036, 5.738, 6.811, 5.301, 4.710, 4.790, 3.787, 4.028, 4.138, 4.636, 3.849, 5.008, 3.966, 5.092 (125.317)	Grad: 9.313, 4.363, 3.069, 3.017, 3.377, 3.371, 3.486, 3.559, 3.559, 3.971, 3.760, 4.357, 4.223, 4.659, 4.491, 4.773
[Epoch   6 (407.41s)]	ELBO: -12448.421, -9357.541, -8954.630, -8930.233, -8921.831, -8924.890, -8930.041, -8933.815, -8939.906, -8945.910, -8953.805, -8960.830, -8968.506, -8976.283, -8984.851, -8993.017 (-8978.864)	Log prob: -12422.305, -9314.803, -8901.036, -8871.025, -8855.740, -8854.034, -8854.678, -8854.001, -8856.767, -8858.812, -8862.827, -8865.683, -8869.876, -8872.848, -8877.924, -8881.212 (-8873.222)	KLD: 26.120, 16.615, 10.853, 5.616, 6.880, 4.774, 4.505, 4.454, 3.320, 3.956, 3.885, 4.166, 3.489, 4.803, 3.497, 4.860 (105.642)	Grad: 5.528, 3.196, 2.166, 1.710, 1.943, 1.779, 1.894, 1.966, 1.953, 2.150, 2.076, 2.318, 2.265, 2.467, 2.411, 2.589
[Epoch   7 (384.00s)]	ELBO: -12364.200, -8920.995, -8818.341, -8801.865, -8799.652, -8804.854, -8809.410, -8814.471, -8818.585, -8825.380, -8831.435, -8838.143, -8845.301, -8852.801, -8859.235, -8868.313 (-8828.661)	Log prob: -12338.951, -8879.144, -8766.760, -8745.073, -8736.523, -8737.465, -8738.041, -8739.112, -8739.989, -8743.168, -8745.527, -8748.476, -8752.386, -8755.556, -8758.658, -8763.327 (-8723.826)	KLD: 25.249, 16.598, 9.739, 5.205, 6.343, 4.256, 3.978, 3.996, 3.230, 3.620, 3.692, 3.758, 3.256, 4.323, 3.323, 4.421 (104.834)	Grad: 5.047, 3.077, 1.888, 1.499, 1.665, 1.516, 1.548, 1.592, 1.596, 1.699, 1.676, 1.821, 1.800, 1.901, 1.871, 1.976
[Epoch   8 (361.06s)]	ELBO: -12724.461, -9161.410, -8551.945, -8438.619, -8416.806, -8417.721, -8419.359, -8427.212, -8433.313, -8440.721, -8451.546, -8458.549, -8470.104, -8479.421, -8489.597, -8500.656 (-8140.159)	Log prob: -12700.060, -9120.275, -8500.512, -8380.188, -8351.486, -8347.603, -8344.553, -8348.287, -8350.497, -8353.840, -8360.880, -8363.774, -8371.495, -8376.240, -8382.938, -8389.379 (-8036.196)	KLD: 24.412, 16.713, 10.308, 7.003, 6.886, 4.800, 4.688, 4.120, 3.885, 4.069, 3.787, 4.108, 3.829, 4.572, 3.481, 4.617 (103.963)	Grad: 9.153, 4.770, 3.224, 3.045, 3.361, 3.380, 3.663, 3.710, 3.773, 4.354, 4.129, 4.822, 4.774, 5.217, 5.061, 5.492
[Epoch   9 (345.45s)]	ELBO: -12294.872, -8724.608, -8064.646, -8024.834, -8020.913, -8026.111, -8029.527, -8035.079, -8041.797, -8046.831, -8053.900, -8060.282, -8067.410, -8074.485, -8082.263, -8089.486 (-8027.030)	Log prob: -12270.365, -8683.422, -8012.814, -7966.261, -7955.704, -7956.589, -7955.744, -7957.520, -7960.818, -7962.284, -7965.884, -7968.609, -7972.329, -7975.382, -7979.957, -7982.938 (-7921.091)	KLD: 24.510, 16.677, 10.646, 6.738, 6.643, 4.305, 4.268, 3.774, 3.420, 3.562, 3.471, 3.657, 3.407, 4.028, 3.201, 4.247 (105.940)	Grad: 4.889, 2.969, 2.090, 1.690, 1.797, 1.702, 1.777, 1.804, 1.813, 1.973, 1.920, 2.095, 2.111, 2.252, 2.213, 2.339
[Epoch  10 (351.95s)]	ELBO: -12302.803, -8220.312, -7978.909, -7944.932, -7942.375, -7947.158, -7949.989, -7955.845, -7961.886, -7967.285, -7974.601, -7981.970, -7989.745, -7996.987, -8005.050, -8012.318 (-7953.804)	Log prob: -12278.908, -8179.611, -7927.840, -7887.314, -7878.354, -7879.121, -7877.698, -7879.809, -7882.544, -7884.423, -7888.354, -7892.162, -7896.548, -7899.936, -7904.747, -7907.925 (-7849.293)	KLD: 23.901, 16.804, 10.356, 6.561, 6.395, 4.020, 4.250, 3.753, 3.299, 3.526, 3.384, 3.558, 3.385, 3.853, 3.255, 4.091 (104.511)	Grad: 5.195, 3.245, 2.119, 1.673, 1.738, 1.626, 1.695, 1.729, 1.729, 1.852, 1.813, 1.966, 1.970, 2.087, 2.057, 2.148
[Epoch  11 (340.94s)]	ELBO: -12307.639, -8114.571, -7611.700, -7360.782, -7330.259, -7329.777, -7324.125, -7325.152, -7328.920, -7333.364, -7341.870, -7348.945, -7356.406, -7364.464, -7372.407, -7381.293 (-7056.805)	Log prob: -12284.239, -8074.610, -7560.699, -7301.177, -7263.887, -7258.980, -7248.557, -7245.021, -7245.139, -7245.745, -7250.557, -7253.958, -7258.061, -7261.982, -7266.511, -7271.302 (-6943.767)	KLD: 23.400, 16.562, 11.043, 8.596, 6.773, 4.423, 4.772, 4.565, 3.645, 3.839, 3.696, 3.672, 3.361, 4.134, 3.416, 4.097 (113.038)	Grad: 5.255, 3.487, 2.303, 1.925, 1.749, 1.618, 1.709, 1.749, 1.698, 1.818, 1.780, 1.906, 1.921, 2.043, 1.998, 2.086
[Epoch  12 (346.88s)]	ELBO: -12451.858, -8275.438, -7304.746, -6930.766, -6882.712, -6862.182, -6855.372, -6859.041, -6865.675, -6870.661, -6878.907, -6886.371, -6894.786, -6903.480, -6911.583, -6921.377 (-6830.956)	Log prob: -12428.682, -8235.894, -7253.170, -6869.586, -6814.179, -6788.416, -6776.101, -6774.864, -6777.721, -6778.768, -6783.456, -6787.042, -6791.761, -6796.152, -6800.722, -6806.120 (-6715.205)	KLD: 23.192, 16.355, 12.026, 9.606, 7.354, 5.237, 5.504, 4.905, 3.777, 3.939, 3.559, 3.878, 3.692, 4.307, 3.537, 4.395 (115.751)	Grad: 7.141, 3.788, 3.103, 2.642, 2.429, 2.467, 2.643, 2.644, 2.642, 2.881, 2.786, 3.164, 3.158, 3.464, 3.365, 3.484
[Epoch  13 (361.69s)]	ELBO: -12284.563, -8059.107, -6909.901, -6515.053, -6493.108, -6374.940, -6371.374, -6375.950, -6380.855, -6385.868, -6392.542, -6398.931, -6406.095, -6414.557, -6420.292, -6429.936 (-6281.550)	Log prob: -12261.579, -8019.644, -6857.775, -6452.953, -6423.791, -6298.931, -6290.030, -6290.072, -6291.367, -6292.520, -6295.777, -6298.509, -6302.016, -6306.534, -6308.988, -6314.541 (-6169.464)	KLD: 22.998, 16.467, 12.659, 9.976, 7.222, 6.687, 5.333, 4.534, 3.610, 3.862, 3.424, 3.651, 3.657, 3.945, 3.280, 4.090 (112.086)	Grad: 5.277, 3.255, 2.560, 2.151, 1.861, 2.056, 1.947, 1.968, 1.950, 2.115, 2.066, 2.213, 2.251, 2.357, 2.312, 2.407
[Epoch  14 (325.17s)]	ELBO: -12230.581, -7992.149, -6612.728, -6155.032, -6144.758, -6124.910, -6128.559, -6134.004, -6140.477, -6145.869, -6152.579, -6158.419, -6165.927, -6172.516, -6179.808, -6187.692 (-6152.579)	Log prob: -12207.829, -7952.925, -6560.520, -6092.682, -6075.459, -6049.897, -6048.928, -6050.294, -6053.436, -6055.436, -6058.848, -6061.363, -6065.495, -6068.433, -6072.493, -6076.506 (-6044.505)	KLD: 22.759, 16.468, 12.976, 10.146, 6.949, 5.713, 4.624, 4.074, 3.332, 3.393, 3.298, 3.329, 3.372, 3.650, 3.232, 3.871 (108.074)	Grad: 4.298, 3.085, 2.269, 1.670, 1.321, 1.326, 1.261, 1.266, 1.255, 1.320, 1.299, 1.359, 1.382, 1.419, 1.403, 1.453
[Epoch  15 (324.20s)]	ELBO: -12271.369, -8016.696, -6374.570, -6106.149, -6094.318, -6088.857, -6092.593, -6098.699, -6105.700, -6110.855, -6117.527, -6124.641, -6131.958, -6139.558, -6146.167, -6154.918 (-6304.355)	Log prob: -12249.113, -7977.939, -6322.663, -6044.355, -6025.633, -6014.786, -6014.057, -6016.128, -6019.954, -6021.766, -6025.243, -6029.007, -6032.924, -6036.853, -6040.258, -6045.209 (-6198.048)	KLD: 22.247, 16.508, 13.156, 9.882, 6.896, 5.383, 4.464, 4.037, 3.174, 3.341, 3.195, 3.350, 3.400, 3.676, 3.198, 3.806 (106.307)	Grad: 5.099, 3.372, 2.568, 1.987, 1.689, 1.611, 1.620, 1.618, 1.627, 1.727, 1.700, 1.821, 1.831, 1.910, 1.882, 1.942
[Epoch  16 (338.13s)]	ELBO: -12319.286, -8082.747, -6261.982, -6078.679, -6064.659, -6060.479, -6065.280, -6070.651, -6076.995, -6082.670, -6088.994, -6095.646, -6103.388, -6111.533, -6118.720, -6126.980 (-6302.625)	Log prob: -12297.180, -8044.282, -6210.166, -6017.018, -5996.122, -5986.527, -5986.923, -5988.316, -5991.482, -5993.740, -5996.917, -6000.266, -6004.607, -6009.102, -6013.204, -6017.420 (-6195.306)	KLD: 22.106, 16.359, 13.353, 9.843, 6.876, 5.413, 4.407, 3.983, 3.178, 3.415, 3.142, 3.307, 3.397, 3.650, 3.085, 4.043 (107.319)	Grad: 5.769, 3.206, 2.692, 2.100, 1.886, 1.834, 1.918, 1.909, 1.929, 2.069, 2.015, 2.225, 2.231, 2.403, 2.350, 2.452
[Epoch  17 (347.22s)]	ELBO: -12232.180, -7967.552, -6060.034, -5942.772, -5923.559, -5906.041, -5905.419, -5908.763, -5913.938, -5918.740, -5924.645, -5932.413, -5938.458, -5946.104, -5951.790, -5959.918 (-5978.733)	Log prob: -12210.188, -7929.152, -6008.122, -5881.264, -5855.230, -5832.049, -5826.856, -5826.054, -5828.139, -5829.653, -5832.533, -5836.992, -5839.574, -5843.628, -5846.332, -5850.463 (-5868.417)	KLD: 21.994, 16.408, 13.510, 9.599, 6.819, 5.664, 4.570, 4.145, 3.090, 3.291, 3.022, 3.310, 3.461, 3.595, 2.980, 3.995 (110.316)	Grad: 4.940, 3.090, 2.539, 1.836, 1.650, 1.585, 1.629, 1.621, 1.613, 1.714, 1.682, 1.811, 1.825, 1.917, 1.881, 1.948
[Epoch  18 (318.02s)]	ELBO: -12334.624, -8107.584, -6059.441, -5826.880, -5641.491, -5614.757, -5605.988, -5607.284, -5611.639, -5616.317, -5621.645, -5630.078, -5637.393, -5645.770, -5651.438, -5660.652 (-5671.584)	Log prob: -12313.046, -8069.812, -6007.738, -5765.473, -5571.667, -5538.843, -5524.553, -5521.204, -5521.970, -5522.853, -5524.929, -5529.732, -5533.428, -5537.990, -5540.528, -5545.683 (-5553.742)	KLD: 21.579, 16.200, 13.923, 9.706, 8.418, 6.091, 5.521, 4.645, 3.590, 3.791, 3.254, 3.630, 3.615, 3.816, 3.128, 4.062 (117.842)	Grad: 6.807, 3.682, 3.246, 2.588, 2.572, 2.404, 2.621, 2.589, 2.603, 2.845, 2.760, 3.141, 3.147, 3.438, 3.364, 3.505
[Epoch  19 (343.58s)]	ELBO: -12262.570, -8029.843, -5864.542, -5658.391, -5361.404, -5347.687, -5346.827, -5351.035, -5355.988, -5360.505, -5367.131, -5375.485, -5382.874, -5390.890, -5396.924, -5404.555 (-5413.251)	Log prob: -12241.062, -7992.077, -5812.834, -5596.893, -5291.014, -5271.283, -5265.224, -5264.952, -5266.308, -5267.353, -5270.854, -5275.847, -5279.777, -5284.220, -5287.176, -5290.830 (-5304.388)	KLD: 21.508, 16.254, 13.948, 9.788, 8.890, 6.018, 5.199, 4.475, 3.600, 3.478, 3.118, 3.363, 3.457, 3.573, 3.079, 3.977 (108.863)	Grad: 5.441, 3.369, 2.829, 2.046, 1.945, 1.714, 1.770, 1.758, 1.767, 1.851, 1.825, 1.977, 1.981, 2.100, 2.066, 2.136
[Epoch  20 (323.53s)]	ELBO: -12251.558, -7998.980, -5771.558, -5485.545, -5204.269, -5195.236, -5186.165, -5189.642, -5193.087, -5198.005, -5204.201, -5210.595, -5218.580, -5225.351, -5231.863, -5239.021 (-5313.484)	Log prob: -12230.075, -7961.173, -5719.721, -5423.609, -5133.415, -5118.441, -5104.055, -5103.219, -5102.822, -5104.315, -5107.484, -5110.572, -5115.146, -5118.417, -5122.071, -5125.297 (-5200.051)	KLD: 21.483, 16.324, 14.030, 10.099, 8.920, 5.940, 5.312, 4.313, 3.844, 3.426, 3.027, 3.307, 3.409, 3.499, 2.857, 3.932 (113.434)	Grad: 5.391, 3.081, 2.589, 1.936, 1.795, 1.490, 1.583, 1.530, 1.565, 1.622, 1.599, 1.746, 1.746, 1.843, 1.810, 1.885
[Epoch  21 (306.89s)]	ELBO: -12323.587, -8082.702, -5862.204, -5361.663, -5101.927, -5090.685, -5082.281, -5084.339, -5088.450, -5094.626, -5100.798, -5108.390, -5115.979, -5122.665, -5130.101, -5136.878 (-4894.085)	Log prob: -12302.367, -8045.277, -5810.738, -5299.233, -5030.450, -5013.367, -4999.411, -4996.966, -4997.339, -4999.864, -5002.926, -5007.002, -5011.204, -5014.409, -5018.892, -5021.891 (-4785.969)	KLD: 21.221, 16.206, 14.041, 10.963, 9.044, 5.848, 5.546, 4.504, 3.736, 3.658, 3.104, 3.520, 3.386, 3.480, 2.956, 3.778 (108.116)	Grad: 6.123, 3.396, 2.792, 2.286, 1.941, 1.652, 1.793, 1.751, 1.786, 1.873, 1.849, 2.054, 2.038, 2.180, 2.141, 2.213
[Epoch  22 (306.77s)]	ELBO: -12202.147, -7931.630, -5661.786, -5023.608, -4666.843, -4657.694, -4653.446, -4654.764, -4658.707, -4663.774, -4669.249, -4674.586, -4680.986, -4687.818, -4693.444, -4700.118 (-4830.091)	Log prob: -12180.712, -7893.909, -5609.777, -4960.368, -4593.794, -4578.864, -4569.290, -4566.226, -4566.672, -4568.334, -4570.892, -4572.978, -4576.128, -4579.719, -4582.641, -4585.692 (-4717.388)	KLD: 21.443, 16.283, 14.283, 11.234, 9.806, 5.782, 5.330, 4.374, 3.499, 3.408, 2.917, 3.249, 3.243, 3.248, 2.706, 3.620 (112.703)	Grad: 4.164, 2.730, 2.344, 1.613, 1.459, 1.067, 1.108, 1.067, 1.073, 1.096, 1.091, 1.134, 1.140, 1.165, 1.151, 1.190
[Epoch  23 (322.40s)]	ELBO: -12264.707, -8005.336, -5737.503, -4927.353, -4625.609, -4617.572, -4613.794, -4617.404, -4622.782, -4628.417, -4634.376, -4640.512, -4647.751, -4654.795, -4661.448, -4668.144 (-4657.958)	Log prob: -12243.733, -7968.217, -5686.102, -4864.374, -4553.007, -4539.046, -4529.885, -4529.087, -4530.933, -4533.086, -4536.031, -4538.746, -4542.739, -4546.354, -4550.097, -4553.100 (-4542.958)	KLD: 20.974, 16.144, 14.284, 11.577, 9.626, 5.920, 5.384, 4.412, 3.528, 3.481, 3.016, 3.421, 3.244, 3.431, 2.908, 3.689 (115.000)	Grad: 5.412, 3.234, 2.702, 2.118, 1.781, 1.470, 1.595, 1.520, 1.537, 1.593, 1.577, 1.715, 1.700, 1.773, 1.748, 1.805
[Epoch  24 (310.92s)]	ELBO: -12198.174, -7932.659, -5636.125, -4710.178, -4499.685, -4491.157, -4489.035, -4491.758, -4496.094, -4500.742, -4505.850, -4512.120, -4518.560, -4525.330, -4530.648, -4537.443 (-4576.658)	Log prob: -12177.144, -7895.434, -5584.473, -4646.711, -4426.739, -4412.265, -4404.900, -4403.209, -4404.157, -4405.427, -4407.644, -4410.667, -4413.844, -4417.362, -4419.928, -4423.301 (-4465.613)	KLD: 21.029, 16.202, 14.417, 11.821, 9.474, 5.948, 5.245, 4.415, 3.387, 3.375, 2.893, 3.246, 3.258, 3.255, 2.753, 3.422 (111.045)	Grad: 4.756, 3.063, 2.389, 2.026, 1.613, 1.313, 1.405, 1.347, 1.350, 1.393, 1.384, 1.469, 1.459, 1.505, 1.496, 1.529
[Epoch  25 (319.24s)]	ELBO: -12212.983, -7946.715, -5640.702, -4603.574, -4467.353, -4453.861, -4447.064, -4443.844, -4448.606, -4453.377, -4458.031, -4464.652, -4470.964, -4478.432, -4482.967, -4490.065 (-4614.910)	Log prob: -12192.136, -7909.734, -5589.353, -4540.198, -4394.747, -4375.230, -4363.037, -4355.270, -4356.729, -4358.200, -4359.749, -4363.107, -4366.287, -4370.534, -4372.315, -4376.029 (-4497.411)	KLD: 20.856, 16.126, 14.369, 12.027, 9.228, 6.025, 5.397, 4.545, 3.307, 3.297, 3.107, 3.263, 3.131, 3.223, 2.753, 3.386 (117.499)	Grad: 5.453, 3.101, 2.443, 2.331, 1.866, 1.539, 1.662, 1.606, 1.581, 1.641, 1.639, 1.757, 1.748, 1.817, 1.794, 1.841
[Epoch  26 (351.24s)]	ELBO: -12244.604, -7998.770, -5710.982, -4592.451, -4331.922, -4304.671, -4288.162, -4281.452, -4285.643, -4290.652, -4297.219, -4301.757, -4308.087, -4315.026, -4320.801, -4326.562 (-4407.312)	Log prob: -12223.968, -7962.107, -5659.992, -4529.029, -4259.222, -4225.684, -4203.262, -4191.500, -4192.323, -4193.870, -4197.435, -4198.569, -4201.692, -4205.235, -4208.226, -4210.546 (-4291.638)	KLD: 20.639, 16.024, 14.327, 12.431, 9.281, 6.286, 5.914, 5.052, 3.365, 3.462, 3.004, 3.406, 3.204, 3.397, 2.782, 3.441 (115.674)	Grad: 5.908, 3.471, 2.729, 2.538, 2.006, 1.711, 1.881, 1.800, 1.788, 1.866, 1.851, 2.059, 2.024, 2.136, 2.103, 2.155
[Epoch  27 (311.22s)]	ELBO: -12230.650, -7970.845, -5674.307, -4530.418, -4197.629, -4177.582, -4170.830, -4174.169, -4178.416, -4183.102, -4189.358, -4194.041, -4201.111, -4208.037, -4212.661, -4218.817 (-4184.523)	Log prob: -12209.983, -7934.120, -5623.212, -4466.753, -4124.597, -4098.251, -4085.649, -4084.283, -4085.286, -4086.594, -4089.921, -4091.340, -4095.193, -4098.925, -4100.826, -4103.562 (-4068.117)	KLD: 20.665, 16.060, 14.369, 12.567, 9.369, 6.302, 5.846, 4.710, 3.245, 3.374, 2.933, 3.262, 3.216, 3.192, 2.723, 3.420 (116.405)	Grad: 5.657, 3.268, 2.604, 2.474, 1.984, 1.689, 1.829, 1.725, 1.739, 1.805, 1.785, 1.951, 1.941, 2.019, 1.993, 2.029
[Epoch  28 (307.13s)]	ELBO: -12231.231, -7980.289, -5670.719, -4500.617, -4142.093, -4075.891, -4059.065, -4062.398, -4066.819, -4071.728, -4077.279, -4082.887, -4089.669, -4096.244, -4099.805, -4106.375 (-4129.707)	Log prob: -12210.607, -7943.630, -5619.647, -4436.900, -4068.878, -3995.690, -3972.749, -3971.476, -3972.683, -3974.215, -3976.953, -3979.391, -3982.942, -3986.363, -3987.319, -3990.581 (-4017.893)	KLD: 20.621, 16.041, 14.413, 12.639, 9.499, 6.987, 6.117, 4.604, 3.216, 3.377, 2.812, 3.172, 3.229, 3.155, 2.603, 3.310 (111.814)	Grad: 5.746, 3.130, 2.532, 2.261, 1.809, 1.638, 1.721, 1.560, 1.588, 1.654, 1.629, 1.779, 1.776, 1.847, 1.814, 1.846
[Epoch  29 (314.79s)]	ELBO: -12207.636, -7943.845, -5623.642, -4470.243, -4044.185, -3927.984, -3901.327, -3905.120, -3909.864, -3913.627, -3919.756, -3924.010, -3930.297, -3935.971, -3940.918, -3945.769 (-3992.028)	Log prob: -12186.935, -7907.085, -5572.437, -4406.392, -3970.425, -3846.653, -3813.553, -3812.850, -3814.377, -3814.703, -3818.073, -3819.232, -3822.396, -3825.006, -3827.365, -3829.061 (-3871.478)	KLD: 20.701, 16.060, 14.445, 12.650, 9.904, 7.572, 6.443, 4.495, 3.216, 3.439, 2.758, 3.095, 3.123, 3.063, 2.586, 3.156 (120.550)	Grad: 5.361, 3.304, 2.562, 2.267, 1.830, 1.625, 1.709, 1.519, 1.554, 1.611, 1.589, 1.705, 1.691, 1.753, 1.736, 1.755
[Epoch  30 (335.64s)]	ELBO: -12176.353, -7919.757, -5607.024, -4455.001, -3934.224, -3779.985, -3754.478, -3759.364, -3763.263, -3767.734, -3773.056, -3777.587, -3783.010, -3789.704, -3794.825, -3799.858 (-3856.784)	Log prob: -12155.706, -7882.974, -5555.750, -4391.064, -3859.717, -3697.680, -3665.615, -3666.191, -3666.850, -3667.974, -3670.404, -3671.877, -3674.289, -3678.017, -3680.612, -3682.473 (-3741.553)	KLD: 20.646, 16.132, 14.495, 12.666, 10.566, 7.801, 6.556, 4.311, 3.240, 3.344, 2.894, 3.060, 3.012, 2.964, 2.527, 3.171 (115.231)	Grad: 4.961, 3.178, 2.464, 2.082, 1.794, 1.520, 1.555, 1.363, 1.393, 1.440, 1.420, 1.511, 1.499, 1.552, 1.527, 1.549
[Epoch  31 (317.70s)]	ELBO: -12207.307, -7965.271, -5660.628, -4484.900, -3923.495, -3757.129, -3737.196, -3741.665, -3746.248, -3751.676, -3755.974, -3761.867, -3767.380, -3773.726, -3778.063, -3783.469 (-3699.238)	Log prob: -12186.858, -7928.869, -5609.888, -4421.396, -3849.318, -3675.160, -3648.803, -3649.083, -3650.435, -3652.635, -3654.156, -3656.943, -3659.339, -3662.660, -3664.318, -3666.479 (-3582.598)	KLD: 20.443, 15.956, 14.342, 12.760, 10.678, 7.790, 6.423, 4.192, 3.228, 3.228, 2.782, 3.101, 3.119, 3.025, 2.681, 3.244 (116.640)	Grad: 5.799, 3.393, 2.639, 2.351, 1.952, 1.673, 1.709, 1.507, 1.553, 1.593, 1.574, 1.696, 1.673, 1.735, 1.705, 1.730
[Epoch  32 (359.24s)]	ELBO: -12167.978, -7912.038, -5589.870, -4413.857, -3822.266, -3652.531, -3639.164, -3642.936, -3646.710, -3651.165, -3655.947, -3660.797, -3666.139, -3672.287, -3675.604, -3680.244 (-3746.934)	Log prob: -12147.527, -7875.623, -5539.019, -4350.291, -3747.915, -3570.350, -3550.677, -3550.420, -3551.193, -3552.687, -3554.848, -3556.788, -3559.095, -3562.431, -3563.223, -3564.786 (-3634.035)	KLD: 20.453, 15.962, 14.436, 12.714, 10.785, 7.830, 6.307, 4.030, 2.999, 2.965, 2.617, 2.911, 3.034, 2.815, 2.523, 3.077 (112.899)	Grad: 4.983, 3.078, 2.381, 2.153, 1.736, 1.478, 1.510, 1.339, 1.376, 1.403, 1.392, 1.493, 1.472, 1.525, 1.500, 1.515
[Epoch  33 (339.79s)]	ELBO: -12161.667, -7905.059, -5581.417, -4383.348, -3768.395, -3617.798, -3606.621, -3610.636, -3614.482, -3618.878, -3623.177, -3628.288, -3634.132, -3638.838, -3642.782, -3647.535 (-3668.571)	Log prob: -12141.257, -7868.682, -5530.597, -4319.806, -3693.930, -3535.552, -3518.164, -3518.233, -3519.113, -3520.602, -3522.250, -3524.521, -3527.459, -3529.333, -3530.940, -3532.689 (-3551.724)	KLD: 20.403, 15.978, 14.435, 12.723, 10.928, 7.781, 6.208, 3.945, 2.967, 2.910, 2.647, 2.838, 2.910, 2.832, 2.337, 3.002 (116.847)	Grad: 5.115, 3.007, 2.354, 2.074, 1.694, 1.428, 1.413, 1.266, 1.293, 1.327, 1.302, 1.396, 1.380, 1.415, 1.397, 1.410
[Epoch  34 (321.21s)]	ELBO: -12170.114, -7922.164, -5597.095, -4374.728, -3735.241, -3612.204, -3603.130, -3607.007, -3611.313, -3615.205, -3620.281, -3625.028, -3630.520, -3636.149, -3638.887, -3643.904 (-3725.065)	Log prob: -12149.805, -7885.912, -5546.409, -4311.274, -3660.716, -3530.066, -3514.828, -3514.799, -3516.152, -3517.170, -3519.588, -3521.465, -3523.997, -3526.841, -3527.163, -3529.114 (-3610.133)	KLD: 20.306, 15.948, 14.434, 12.767, 11.070, 7.613, 6.165, 3.906, 2.955, 2.873, 2.656, 2.871, 2.959, 2.786, 2.414, 3.069 (114.931)	Grad: 5.381, 3.243, 2.488, 2.130, 1.804, 1.473, 1.485, 1.326, 1.350, 1.382, 1.368, 1.456, 1.433, 1.476, 1.453, 1.460
[Epoch  35 (322.46s)]	ELBO: -12162.243, -7898.763, -5565.082, -4324.215, -3655.110, -3566.640, -3559.135, -3562.205, -3565.977, -3570.178, -3573.844, -3578.718, -3583.577, -3588.585, -3592.135, -3595.723 (-3786.963)	Log prob: -12141.988, -7862.533, -5514.403, -4260.768, -3580.427, -3484.493, -3470.905, -3470.187, -3471.056, -3472.432, -3473.521, -3475.666, -3477.695, -3479.989, -3481.220, -3482.016 (-3673.890)	KLD: 20.260, 15.972, 14.448, 12.768, 11.235, 7.464, 6.083, 3.791, 2.895, 2.829, 2.580, 2.727, 2.831, 2.715, 2.317, 2.793 (113.072)	Grad: 4.872, 2.897, 2.260, 1.953, 1.612, 1.287, 1.275, 1.136, 1.156, 1.180, 1.158, 1.228, 1.214, 1.241, 1.222, 1.231
[Epoch  36 (334.82s)]	ELBO: -12137.337, -7880.673, -5542.418, -4270.040, -3599.083, -3535.831, -3528.532, -3532.286, -3535.482, -3538.661, -3542.835, -3547.063, -3552.030, -3556.818, -3560.185, -3563.596 (-3629.728)	Log prob: -12117.176, -7844.591, -5491.937, -4206.774, -3524.464, -3453.967, -3440.664, -3440.756, -3441.120, -3441.588, -3443.278, -3444.920, -3447.068, -3449.252, -3450.371, -3451.095 (-3518.021)	KLD: 20.162, 15.921, 14.400, 12.784, 11.355, 7.243, 6.005, 3.661, 2.828, 2.712, 2.488, 2.584, 2.819, 2.603, 2.251, 2.683 (111.706)	Grad: 4.411, 2.880, 2.296, 1.861, 1.580, 1.172, 1.127, 1.006, 1.017, 1.030, 1.014, 1.063, 1.052, 1.074, 1.054, 1.061
[Epoch  37 (327.33s)]	ELBO: -12128.253, -7876.690, -5536.601, -4218.969, -3572.414, -3523.533, -3515.567, -3518.849, -3522.368, -3525.553, -3529.980, -3533.777, -3538.649, -3544.133, -3546.456, -3549.742 (-3701.151)	Log prob: -12108.246, -7840.784, -5486.236, -4155.728, -3497.783, -3441.733, -3427.770, -3427.351, -3427.974, -3428.436, -3430.342, -3431.577, -3433.680, -3436.645, -3436.787, -3437.139 (-3586.396)	KLD: 20.005, 15.906, 14.454, 12.875, 11.391, 7.167, 6.000, 3.702, 2.895, 2.726, 2.519, 2.558, 2.773, 2.518, 2.181, 2.934 (114.755)	Grad: 4.586, 3.099, 2.259, 1.950, 1.681, 1.256, 1.223, 1.079, 1.096, 1.108, 1.090, 1.134, 1.130, 1.145, 1.126, 1.130
[Epoch  38 (352.00s)]	ELBO: -12131.619, -7868.375, -5522.900, -4156.105, -3533.477, -3491.811, -3481.949, -3484.701, -3488.127, -3491.369, -3495.151, -3499.994, -3504.541, -3509.209, -3511.415, -3514.784 (-3959.500)	Log prob: -12111.621, -7832.450, -5472.497, -4092.711, -3458.707, -3409.925, -3393.994, -3393.113, -3393.689, -3394.244, -3395.524, -3397.679, -3399.490, -3401.670, -3401.740, -3402.427 (-3846.180)	KLD: 19.997, 15.927, 14.478, 12.992, 11.376, 7.112, 6.074, 3.631, 2.851, 2.688, 2.500, 2.687, 2.736, 2.490, 2.136, 2.681 (113.321)	Grad: 4.399, 2.845, 2.261, 1.879, 1.530, 1.134, 1.102, 0.962, 0.971, 0.980, 0.964, 1.002, 0.991, 1.005, 0.988, 0.991
[Epoch  39 (355.13s)]	ELBO: -12165.660, -7903.348, -5565.921, -4162.591, -3546.814, -3477.132, -3445.563, -3448.380, -3450.628, -3454.760, -3457.099, -3461.368, -3466.563, -3471.198, -3473.811, -3476.090 (-3852.513)	Log prob: -12145.850, -7867.646, -5515.770, -4099.330, -3472.172, -3394.963, -3356.784, -3355.878, -3355.211, -3356.547, -3356.475, -3358.216, -3360.689, -3362.799, -3363.276, -3362.946 (-3735.725)	KLD: 19.812, 15.890, 14.450, 13.109, 11.382, 7.525, 6.610, 3.725, 2.914, 2.798, 2.408, 2.532, 2.719, 2.525, 2.139, 2.605 (116.788)	Grad: 5.013, 3.106, 2.384, 2.044, 1.755, 1.398, 1.448, 1.215, 1.231, 1.252, 1.228, 1.289, 1.275, 1.296, 1.274, 1.274
[Epoch  40 (322.34s)]	ELBO: -12130.496, -7875.985, -5539.287, -4117.690, -3504.013, -3388.199, -3355.857, -3358.627, -3361.098, -3364.287, -3368.030, -3371.197, -3376.326, -3380.706, -3382.329, -3386.119 (-3588.111)	Log prob: -12110.820, -7840.436, -5489.295, -4054.542, -3429.457, -3305.824, -3266.755, -3265.909, -3265.575, -3266.099, -3267.417, -3268.143, -3270.563, -3272.548, -3272.109, -3273.355 (-3478.580)	KLD: 19.677, 15.869, 14.445, 13.157, 11.409, 7.816, 6.728, 3.619, 2.803, 2.664, 2.428, 2.440, 2.709, 2.396, 2.060, 2.543 (109.531)	Grad: 4.802, 3.011, 2.357, 2.031, 1.768, 1.359, 1.360, 1.132, 1.151, 1.168, 1.138, 1.199, 1.186, 1.198, 1.180, 1.187
[Epoch  41 (317.70s)]	ELBO: -12132.413, -7873.964, -5536.450, -4091.952, -3451.047, -3329.109, -3306.859, -3309.629, -3312.351, -3315.601, -3318.691, -3320.887, -3326.240, -3330.833, -3332.436, -3334.783 (-3523.126)	Log prob: -12112.719, -7838.399, -5486.474, -4028.737, -3376.200, -3246.363, -3217.490, -3216.778, -3216.693, -3217.281, -3217.997, -3217.731, -3220.443, -3222.592, -3222.179, -3222.065 (-3406.824)	KLD: 19.696, 15.867, 14.411, 13.238, 11.634, 7.900, 6.621, 3.485, 2.810, 2.657, 2.380, 2.455, 2.644, 2.444, 2.015, 2.462 (116.303)	Grad: 4.985, 2.940, 2.307, 1.974, 1.841, 1.402, 1.374, 1.166, 1.188, 1.196, 1.173, 1.235, 1.222, 1.238, 1.218, 1.215
[Epoch  42 (327.69s)]	ELBO: -12124.354, -7861.812, -5520.200, -4060.337, -3385.402, -3279.635, -3262.955, -3264.999, -3267.097, -3269.874, -3272.768, -3276.019, -3280.428, -3284.515, -3285.894, -3288.704 (-3469.575)	Log prob: -12104.723, -7826.318, -5470.291, -3997.143, -3310.475, -3196.795, -3173.681, -3172.330, -3171.690, -3171.813, -3172.406, -3173.314, -3175.165, -3176.909, -3176.383, -3176.933 (-3358.607)	KLD: 19.632, 15.863, 14.413, 13.287, 11.730, 7.915, 6.432, 3.398, 2.735, 2.655, 2.302, 2.340, 2.558, 2.343, 1.905, 2.263 (110.968)	Grad: 4.855, 2.896, 2.316, 1.928, 1.797, 1.360, 1.336, 1.130, 1.149, 1.162, 1.133, 1.185, 1.175, 1.185, 1.167, 1.171
[Epoch  43 (333.66s)]	ELBO: -12121.575, -7868.266, -5521.448, -4048.223, -3336.813, -3252.870, -3235.501, -3237.987, -3240.386, -3242.046, -3244.641, -3248.018, -3251.611, -3255.654, -3257.426, -3260.094 (-3437.546)	Log prob: -12101.968, -7832.781, -5471.499, -3984.931, -3261.663, -3169.904, -3146.199, -3145.346, -3144.991, -3144.050, -3144.452, -3145.552, -3146.654, -3148.390, -3148.369, -3148.863 (-3327.431)	KLD: 19.610, 15.879, 14.457, 13.348, 11.856, 7.818, 6.336, 3.337, 2.756, 2.600, 2.193, 2.279, 2.493, 2.303, 1.794, 2.174 (110.115)	Grad: 4.834, 2.964, 2.255, 1.885, 1.804, 1.314, 1.286, 1.089, 1.109, 1.117, 1.089, 1.133, 1.122, 1.135, 1.114, 1.118
[Epoch  44 (333.50s)]	ELBO: -12112.182, -7854.495, -5509.480, -4031.380, -3288.762, -3208.526, -3169.469, -3171.392, -3173.421, -3175.258, -3177.826, -3180.441, -3183.664, -3187.657, -3189.133, -3192.231 (-3298.432)	Log prob: -12092.632, -7819.109, -5459.663, -3968.194, -3213.607, -3125.532, -3079.844, -3078.537, -3077.776, -3076.995, -3077.459, -3077.851, -3078.544, -3080.323, -3080.013, -3080.897 (-3189.077)	KLD: 19.553, 15.836, 14.426, 13.370, 11.970, 7.840, 6.629, 3.230, 2.791, 2.618, 2.099, 2.227, 2.527, 2.215, 1.787, 2.215 (109.356)	Grad: 4.583, 2.861, 2.228, 1.966, 1.776, 1.275, 1.275, 1.029, 1.052, 1.062, 1.031, 1.074, 1.062, 1.073, 1.056, 1.057
[Epoch  45 (362.41s)]	ELBO: -12129.981, -7874.679, -5532.701, -4050.978, -3256.683, -3161.528, -3108.563, -3111.243, -3112.483, -3114.698, -3116.826, -3120.216, -3122.970, -3127.005, -3128.261, -3131.039 (-3286.319)	Log prob: -12110.476, -7839.333, -5482.906, -3987.792, -3181.380, -3078.255, -3018.231, -3017.694, -3016.125, -3015.750, -3015.779, -3016.966, -3017.309, -3019.164, -3018.701, -3019.480 (-3177.080)	KLD: 19.503, 15.851, 14.439, 13.394, 12.117, 7.970, 7.055, 3.220, 2.809, 2.589, 2.098, 2.204, 2.411, 2.180, 1.717, 2.000 (109.239)	Grad: 5.182, 2.978, 2.405, 2.017, 1.946, 1.441, 1.481, 1.197, 1.222, 1.229, 1.198, 1.260, 1.239, 1.256, 1.233, 1.236
[Epoch  46 (330.89s)]	ELBO: -12112.192, -7862.051, -5512.355, -4022.943, -3170.753, -3077.099, -3043.194, -3045.396, -3046.453, -3048.779, -3050.505, -3053.811, -3056.184, -3059.536, -3061.780, -3063.884 (-3180.869)	Log prob: -12092.679, -7826.695, -5462.511, -3959.660, -3095.181, -2993.395, -2952.736, -2951.766, -2950.094, -2950.048, -2949.789, -2951.030, -2951.069, -2952.382, -2953.023, -2953.085 (-3073.355)	KLD: 19.513, 15.841, 14.489, 13.443, 12.286, 8.131, 6.754, 3.171, 2.734, 2.370, 1.982, 2.069, 2.333, 2.038, 1.603, 2.042 (107.514)	Grad: 4.598, 2.954, 2.193, 1.883, 1.709, 1.228, 1.190, 0.970, 0.986, 0.984, 0.963, 0.998, 0.989, 0.998, 0.981, 0.980
[Epoch  47 (317.60s)]	ELBO: -12115.772, -7853.215, -5505.048, -4014.153, -3109.352, -3021.511, -2997.916, -3000.464, -3001.274, -3003.658, -3005.582, -3007.489, -3010.334, -3013.794, -3015.383, -3018.008 (-3259.383)	Log prob: -12096.281, -7817.863, -5455.202, -3950.841, -3033.599, -2937.672, -2907.484, -2906.964, -2905.179, -2905.221, -2905.269, -2905.149, -2905.689, -2907.157, -2907.177, -2907.903 (-3148.875)	KLD: 19.494, 15.863, 14.489, 13.465, 12.440, 8.090, 6.593, 3.067, 2.595, 2.341, 1.876, 2.030, 2.305, 1.988, 1.572, 1.899 (110.509)	Grad: 4.676, 2.849, 2.257, 1.916, 1.670, 1.255, 1.176, 0.977, 0.992, 0.993, 0.973, 1.005, 0.994, 1.009, 0.990, 0.993
[Epoch  48 (321.47s)]	ELBO: -12126.305, -7865.535, -5516.400, -4028.512, -3093.723, -2969.019, -2945.942, -2948.497, -2948.970, -2950.634, -2953.045, -2954.836, -2957.481, -2960.999, -2962.041, -2964.245 (-3158.881)	Log prob: -12106.914, -7830.302, -5466.716, -3965.417, -3018.078, -2884.877, -2855.181, -2854.591, -2852.486, -2851.842, -2852.423, -2852.245, -2852.667, -2854.207, -2853.628, -2853.915 (-3047.124)	KLD: 19.389, 15.844, 14.449, 13.411, 12.551, 8.495, 6.619, 3.146, 2.575, 2.308, 1.833, 1.968, 2.223, 1.979, 1.618, 1.918 (111.757)	Grad: 5.049, 2.951, 2.253, 2.008, 1.761, 1.408, 1.286, 1.052, 1.069, 1.068, 1.045, 1.076, 1.066, 1.081, 1.065, 1.065
[Epoch  49 (338.29s)]	ELBO: -12116.247, -7865.640, -5519.652, -4028.758, -3067.749, -2897.241, -2879.118, -2881.556, -2882.443, -2883.829, -2885.700, -2888.045, -2890.127, -2893.194, -2895.256, -2897.543 (-3106.486)	Log prob: -12096.756, -7830.266, -5469.803, -3965.398, -2991.658, -2812.003, -2787.292, -2786.598, -2784.964, -2784.182, -2784.295, -2784.732, -2784.659, -2785.864, -2786.375, -2786.835 (-2994.912)	KLD: 19.496, 15.877, 14.480, 13.509, 12.729, 9.145, 6.590, 3.133, 2.519, 2.168, 1.758, 1.909, 2.154, 1.861, 1.552, 1.826 (111.574)	Grad: 5.066, 3.042, 2.312, 1.963, 1.783, 1.488, 1.345, 1.101, 1.115, 1.117, 1.094, 1.126, 1.113, 1.128, 1.114, 1.113
[Epoch  50 (323.28s)]	ELBO: -12108.868, -7859.934, -5508.723, -4012.130, -3032.285, -2844.781, -2830.841, -2832.722, -2833.088, -2835.047, -2836.420, -2839.010, -2841.060, -2844.084, -2846.013, -2847.761 (-3276.694)	Log prob: -12089.501, -7824.715, -5459.040, -3949.004, -2956.367, -2759.842, -2739.529, -2738.432, -2736.372, -2736.192, -2735.848, -2736.625, -2736.455, -2737.740, -2738.290, -2738.310 (-3166.757)	KLD: 19.373, 15.849, 14.461, 13.444, 12.791, 9.021, 6.372, 2.979, 2.425, 2.137, 1.720, 1.810, 2.220, 1.741, 1.381, 1.726 (109.937)	Grad: 4.802, 2.912, 2.194, 1.941, 1.752, 1.423, 1.256, 1.038, 1.053, 1.052, 1.033, 1.061, 1.052, 1.062, 1.050, 1.049
[Epoch  51 (356.54s)]	ELBO: -12094.079, -7844.985, -5499.296, -3997.839, -3006.680, -2808.517, -2796.453, -2798.313, -2798.132, -2799.867, -2801.447, -2803.503, -2805.383, -2808.299, -2809.685, -2811.521 (-2972.785)	Log prob: -12074.700, -7809.795, -5449.667, -3934.783, -2930.829, -2723.622, -2705.371, -2704.312, -2701.743, -2701.461, -2701.404, -2701.689, -2701.564, -2702.874, -2702.935, -2703.077 (-2866.790)	KLD: 19.375, 15.814, 14.442, 13.424, 12.795, 9.046, 6.188, 2.920, 2.386, 2.019, 1.635, 1.771, 2.005, 1.607, 1.326, 1.690 (105.995)	Grad: 4.616, 2.866, 2.274, 1.857, 1.747, 1.274, 1.107, 0.931, 0.946, 0.939, 0.923, 0.943, 0.935, 0.941, 0.929, 0.929
[Epoch  52 (340.54s)]	ELBO: -12093.555, -7844.872, -5495.598, -3988.676, -2984.690, -2780.573, -2768.131, -2769.576, -2769.304, -2771.189, -2772.427, -2774.304, -2776.557, -2778.928, -2780.127, -2782.667 (-3032.206)	Log prob: -12074.265, -7809.698, -5445.971, -3925.564, -2908.697, -2695.501, -2676.994, -2675.587, -2672.937, -2672.802, -2672.463, -2672.648, -2672.942, -2673.729, -2673.562, -2674.500 (-2921.807)	KLD: 19.295, 15.878, 14.455, 13.483, 12.881, 9.081, 6.063, 2.853, 2.377, 2.021, 1.576, 1.693, 1.956, 1.587, 1.365, 1.603 (110.399)	Grad: 4.533, 2.832, 2.227, 1.875, 1.665, 1.275, 1.090, 0.909, 0.924, 0.919, 0.903, 0.923, 0.914, 0.919, 0.909, 0.910
[Epoch  53 (313.83s)]	ELBO: -12090.294, -7836.219, -5488.338, -3983.359, -2971.059, -2759.104, -2739.448, -2740.782, -2740.642, -2740.979, -2742.130, -2744.493, -2746.271, -2748.823, -2750.226, -2753.550 (-2909.601)	Log prob: -12070.983, -7801.007, -5438.635, -3920.184, -2894.996, -2673.902, -2648.102, -2646.646, -2644.180, -2642.591, -2642.261, -2643.009, -2642.961, -2643.993, -2644.060, -2645.313 (-2800.998)	KLD: 19.312, 15.901, 14.489, 13.471, 12.889, 9.139, 6.144, 2.792, 2.323, 1.927, 1.481, 1.614, 1.826, 1.520, 1.336, 2.072 (108.603)	Grad: 4.486, 2.827, 2.131, 1.824, 1.656, 1.219, 1.073, 0.876, 0.898, 0.891, 0.872, 0.891, 0.886, 0.889, 0.884, 0.890
[Epoch  54 (318.46s)]	ELBO: -12084.902, -7844.049, -5496.335, -3990.205, -2979.210, -2749.178, -2690.939, -2691.610, -2692.254, -2693.170, -2694.335, -2695.682, -2697.564, -2699.660, -2701.034, -2703.013 (-2862.486)	Log prob: -12065.658, -7808.957, -5446.790, -3927.186, -2903.297, -2664.037, -2598.986, -2596.983, -2595.312, -2594.369, -2594.124, -2593.886, -2594.038, -2594.675, -2594.772, -2595.179 (-2754.801)	KLD: 19.244, 15.846, 14.455, 13.474, 12.896, 9.227, 6.811, 2.672, 2.318, 1.859, 1.409, 1.585, 1.732, 1.457, 1.277, 1.573 (107.685)	Grad: 4.826, 2.961, 2.195, 1.883, 1.735, 1.336, 1.260, 0.979, 0.998, 0.994, 0.980, 1.003, 0.997, 0.999, 0.989, 0.991
[Epoch  55 (335.01s)]	ELBO: -12083.514, -7836.688, -5489.112, -3984.344, -2965.989, -2724.762, -2640.327, -2640.955, -2640.721, -2641.698, -2642.380, -2644.358, -2646.656, -2647.896, -2650.090, -2651.181 (-2805.463)	Log prob: -12064.326, -7801.634, -5439.598, -3921.389, -2890.129, -2639.601, -2548.077, -2546.043, -2543.575, -2542.741, -2542.070, -2542.444, -2543.006, -2542.868, -2543.853, -2543.487 (-2697.140)	KLD: 19.178, 15.874, 14.460, 13.442, 12.905, 9.301, 7.090, 2.661, 2.234, 1.811, 1.353, 1.604, 1.736, 1.378, 1.209, 1.459 (108.323)	Grad: 4.884, 2.875, 2.245, 1.893, 1.721, 1.341, 1.297, 0.992, 1.011, 1.006, 0.990, 1.024, 1.013, 1.016, 1.011, 1.011
[Epoch  56 (327.54s)]	ELBO: -12075.171, -7830.495, -5479.753, -3968.966, -2942.513, -2683.898, -2594.008, -2594.742, -2594.481, -2595.160, -2596.173, -2597.943, -2599.489, -2601.399, -2602.944, -2604.867 (-2798.757)	Log prob: -12055.965, -7795.391, -5430.172, -3905.906, -2866.488, -2598.528, -2501.554, -2499.702, -2497.263, -2496.188, -2495.909, -2496.116, -2495.993, -2496.559, -2496.923, -2497.326 (-2691.878)	KLD: 19.209, 15.902, 14.470, 13.481, 12.965, 9.343, 7.085, 2.586, 2.178, 1.755, 1.291, 1.563, 1.669, 1.345, 1.178, 1.525 (106.879)	Grad: 4.583, 2.908, 2.130, 1.784, 1.613, 1.204, 1.146, 0.873, 0.892, 0.891, 0.874, 0.913, 0.897, 0.901, 0.894, 0.894
[Epoch  57 (344.43s)]	ELBO: -12081.029, -7834.204, -5480.262, -3969.904, -2941.369, -2663.052, -2577.697, -2578.595, -2577.871, -2578.415, -2579.571, -2581.126, -2582.316, -2583.919, -2584.542, -2587.386 (-2804.430)	Log prob: -12061.786, -7799.104, -5430.674, -3906.822, -2865.298, -2577.494, -2485.028, -2483.372, -2480.490, -2479.251, -2479.187, -2479.174, -2478.790, -2479.122, -2478.583, -2479.939 (-2694.812)	KLD: 19.239, 15.865, 14.487, 13.490, 12.990, 9.490, 7.108, 2.555, 2.157, 1.784, 1.218, 1.569, 1.573, 1.272, 1.163, 1.489 (109.617)	Grad: 4.635, 2.873, 2.122, 1.847, 1.699, 1.269, 1.212, 0.909, 0.928, 0.923, 0.910, 0.948, 0.931, 0.935, 0.925, 0.929
[Epoch  58 (358.67s)]	ELBO: -12079.214, -7836.399, -5487.147, -3978.136, -2947.117, -2638.655, -2544.899, -2545.206, -2544.734, -2544.746, -2545.776, -2547.116, -2549.053, -2549.908, -2551.729, -2553.696 (-2771.959)	Log prob: -12060.108, -7801.436, -5437.756, -3915.300, -2871.315, -2553.156, -2452.088, -2449.875, -2447.297, -2445.594, -2445.416, -2445.193, -2445.565, -2445.216, -2445.957, -2446.496 (-2665.035)	KLD: 19.106, 15.853, 14.431, 13.448, 12.965, 9.698, 7.309, 2.522, 2.107, 1.714, 1.208, 1.562, 1.567, 1.205, 1.077, 1.428 (106.924)	Grad: 4.836, 2.904, 2.228, 1.868, 1.708, 1.336, 1.293, 0.945, 0.961, 0.963, 0.947, 0.992, 0.974, 0.979, 0.971, 0.978
[Epoch  59 (316.72s)]	ELBO: -12068.081, -7822.698, -5471.315, -3963.466, -2932.688, -2600.839, -2479.202, -2479.257, -2478.728, -2479.186, -2480.095, -2481.333, -2482.489, -2484.077, -2485.586, -2487.148 (-2633.037)	Log prob: -12048.936, -7787.668, -5421.776, -3900.435, -2856.692, -2514.999, -2385.719, -2383.310, -2380.774, -2379.537, -2379.272, -2378.927, -2378.626, -2379.031, -2379.447, -2379.621 (-2525.351)	KLD: 19.141, 15.887, 14.511, 13.492, 12.963, 9.845, 7.644, 2.463, 2.007, 1.697, 1.172, 1.584, 1.456, 1.183, 1.092, 1.388 (107.685)	Grad: 4.425, 2.817, 2.122, 1.815, 1.690, 1.229, 1.205, 0.844, 0.862, 0.865, 0.850, 0.890, 0.875, 0.875, 0.873, 0.873
[Epoch  60 (316.25s)]	ELBO: -12087.903, -7842.395, -5489.614, -3979.084, -2942.063, -2583.368, -2446.797, -2447.432, -2446.479, -2446.718, -2447.448, -2448.818, -2450.285, -2452.010, -2452.902, -2454.340 (-2813.813)	Log prob: -12068.777, -7807.408, -5440.157, -3916.130, -2866.119, -2497.389, -2353.070, -2351.315, -2348.331, -2346.862, -2346.448, -2346.232, -2346.274, -2346.865, -2346.714, -2346.906 (-2706.371)	KLD: 19.125, 15.860, 14.473, 13.497, 12.989, 10.037, 7.747, 2.391, 2.031, 1.707, 1.144, 1.587, 1.424, 1.136, 1.044, 1.242 (107.442)	Grad: 4.867, 2.967, 2.157, 1.823, 1.694, 1.352, 1.319, 0.939, 0.955, 0.959, 0.942, 0.997, 0.978, 0.980, 0.975, 0.976
[Epoch  61 (323.69s)]	ELBO: -12056.183, -7812.426, -5464.668, -3954.968, -2916.734, -2538.169, -2401.492, -2401.238, -2400.236, -2400.106, -2401.192, -2401.909, -2403.771, -2404.663, -2405.777, -2407.321 (-2706.830)	Log prob: -12037.036, -7777.375, -5415.084, -3891.839, -2840.553, -2451.805, -2307.423, -2304.823, -2301.878, -2300.116, -2300.123, -2299.335, -2299.839, -2299.652, -2299.838, -2300.051 (-2602.053)	KLD: 19.143, 15.906, 14.532, 13.547, 13.052, 10.182, 7.706, 2.345, 1.944, 1.635, 1.078, 1.503, 1.360, 1.076, 0.929, 1.332 (104.777)	Grad: 4.561, 2.813, 2.109, 1.807, 1.596, 1.278, 1.191, 0.852, 0.872, 0.872, 0.858, 0.908, 0.889, 0.892, 0.886, 0.887
[Epoch  62 (346.52s)]	ELBO: -12074.082, -7827.122, -5469.463, -3958.099, -2921.819, -2522.113, -2392.409, -2392.368, -2391.393, -2391.780, -2392.380, -2393.554, -2394.501, -2395.886, -2396.731, -2398.713 (-2679.957)	Log prob: -12054.976, -7792.108, -5419.914, -3895.044, -2845.737, -2435.676, -2298.412, -2296.159, -2293.255, -2292.035, -2291.614, -2291.301, -2290.960, -2291.325, -2291.189, -2291.813 (-2572.774)	KLD: 19.095, 15.919, 14.535, 13.510, 13.024, 10.355, 7.559, 2.215, 1.927, 1.606, 1.021, 1.487, 1.290, 1.021, 0.977, 1.358 (107.183)	Grad: 4.714, 2.797, 2.058, 1.797, 1.697, 1.358, 1.232, 0.885, 0.905, 0.911, 0.891, 0.949, 0.927, 0.932, 0.925, 0.923
[Epoch  63 (326.52s)]	ELBO: -12053.904, -7818.368, -5469.849, -3960.670, -2917.847, -2495.538, -2374.814, -2374.590, -2373.258, -2373.688, -2373.880, -2374.857, -2375.938, -2377.803, -2378.557, -2380.102 (-2680.162)	Log prob: -12034.822, -7783.409, -5420.416, -3897.728, -2841.844, -2409.058, -2280.891, -2278.445, -2275.274, -2274.119, -2273.295, -2272.869, -2272.745, -2273.561, -2273.407, -2273.760 (-2575.370)	KLD: 19.083, 15.877, 14.476, 13.508, 13.061, 10.475, 7.445, 2.222, 1.837, 1.586, 1.015, 1.403, 1.205, 1.050, 0.907, 1.191 (104.792)	Grad: 4.586, 2.780, 2.213, 1.877, 1.618, 1.323, 1.177, 0.860, 0.878, 0.880, 0.864, 0.910, 0.893, 0.893, 0.888, 0.889
[Epoch  64 (352.00s)]	ELBO: -12048.586, -7817.500, -5469.666, -3958.154, -2918.641, -2460.923, -2340.569, -2339.891, -2338.048, -2338.334, -2338.736, -2339.693, -2340.863, -2341.631, -2342.811, -2344.432 (-2543.751)	Log prob: -12029.507, -7782.505, -5420.116, -3895.101, -2842.557, -2373.972, -2246.186, -2243.345, -2239.671, -2238.409, -2237.858, -2237.449, -2237.411, -2237.268, -2237.592, -2238.169 (-2437.534)	KLD: 19.080, 15.912, 14.558, 13.504, 13.029, 10.867, 7.434, 2.163, 1.832, 1.546, 0.953, 1.365, 1.209, 0.913, 0.853, 1.046 (106.217)	Grad: 4.389, 2.788, 2.038, 1.787, 1.692, 1.342, 1.135, 0.822, 0.838, 0.843, 0.828, 0.874, 0.853, 0.854, 0.852, 0.852
[Epoch  65 (335.93s)]	ELBO: -12063.007, -7825.003, -5475.338, -3966.663, -2926.814, -2427.219, -2285.340, -2284.990, -2283.485, -2283.409, -2283.925, -2284.871, -2286.021, -2287.148, -2287.756, -2289.060 (-2598.374)	Log prob: -12043.932, -7790.052, -5425.840, -3903.635, -2850.709, -2339.998, -2190.551, -2188.130, -2184.876, -2183.333, -2182.927, -2182.508, -2182.518, -2182.783, -2182.463, -2182.665 (-2492.506)	KLD: 19.066, 15.887, 14.542, 13.532, 13.077, 11.118, 7.567, 2.072, 1.746, 1.469, 0.923, 1.364, 1.139, 0.862, 0.930, 1.101 (105.868)	Grad: 4.660, 2.929, 2.145, 1.847, 1.646, 1.423, 1.223, 0.877, 0.895, 0.898, 0.881, 0.931, 0.911, 0.911, 0.907, 0.907
[Epoch  66 (320.33s)]	ELBO: -12049.294, -7815.364, -5473.163, -3958.594, -2917.584, -2402.059, -2251.309, -2250.760, -2249.258, -2249.140, -2249.562, -2250.250, -2251.259, -2252.126, -2253.503, -2254.998 (-2551.412)	Log prob: -12030.260, -7780.429, -5423.679, -3895.559, -2841.489, -2314.753, -2156.451, -2153.870, -2150.692, -2149.127, -2148.704, -2148.114, -2148.082, -2148.099, -2148.618, -2149.052 (-2447.076)	KLD: 19.037, 15.898, 14.549, 13.549, 13.061, 11.214, 7.550, 2.032, 1.677, 1.445, 0.847, 1.278, 1.039, 0.852, 0.856, 1.062 (104.337)	Grad: 4.868, 2.699, 2.152, 1.802, 1.634, 1.503, 1.276, 0.915, 0.933, 0.936, 0.923, 0.971, 0.949, 0.951, 0.948, 0.948
[Epoch  67 (324.11s)]	ELBO: -12056.854, -7818.381, -5474.314, -3960.246, -2915.924, -2381.939, -2224.835, -2223.898, -2222.244, -2222.360, -2222.322, -2222.759, -2223.851, -2225.331, -2225.576, -2227.359 (-2586.165)	Log prob: -12037.860, -7783.438, -5424.826, -3897.216, -2839.774, -2294.437, -2129.770, -2126.850, -2123.580, -2122.319, -2121.433, -2120.592, -2120.680, -2121.359, -2120.838, -2121.543 (-2482.126)	KLD: 19.002, 15.940, 14.546, 13.545, 13.119, 11.349, 7.565, 1.985, 1.616, 1.375, 0.848, 1.278, 1.004, 0.801, 0.767, 1.079 (104.040)	Grad: 4.677, 2.758, 2.202, 1.847, 1.596, 1.410, 1.192, 0.869, 0.887, 0.888, 0.877, 0.921, 0.902, 0.903, 0.898, 0.901
[Epoch  68 (326.80s)]	ELBO: -12053.282, -7818.016, -5470.015, -3958.177, -2916.675, -2378.782, -2216.280, -2215.195, -2213.739, -2213.169, -2213.777, -2214.510, -2215.696, -2216.434, -2217.328, -2218.097 (-2640.683)	Log prob: -12034.203, -7783.009, -5420.470, -3895.092, -2840.476, -2291.231, -2121.221, -2118.163, -2115.088, -2113.170, -2112.973, -2112.448, -2112.673, -2112.633, -2112.801, -2112.524 (-2536.384)	KLD: 19.084, 15.922, 14.540, 13.540, 13.116, 11.350, 7.509, 1.972, 1.619, 1.347, 0.806, 1.257, 0.963, 0.777, 0.726, 1.045 (104.299)	Grad: 4.398, 2.802, 2.099, 1.788, 1.657, 1.372, 1.116, 0.812, 0.829, 0.824, 0.816, 0.855, 0.836, 0.837, 0.836, 0.833
[Epoch  69 (270.05s)]	ELBO: -12063.564, -7828.215, -5478.693, -3965.088, -2922.812, -2371.881, -2190.136, -2189.352, -2187.232, -2187.402, -2187.372, -2188.310, -2188.764, -2189.433, -2190.139, -2191.564 (-2518.761)	Log prob: -12044.518, -7793.256, -5429.223, -3902.078, -2846.691, -2284.213, -2094.580, -2091.857, -2088.216, -2087.105, -2086.336, -2086.010, -2085.533, -2085.472, -2085.456, -2085.882 (-2414.372)	KLD: 19.038, 15.919, 14.513, 13.539, 13.110, 11.550, 7.887, 1.938, 1.523, 1.278, 0.741, 1.265, 0.930, 0.730, 0.723, 0.998 (104.389)	Grad: 4.535, 2.823, 2.130, 1.750, 1.572, 1.450, 1.239, 0.858, 0.874, 0.876, 0.866, 0.917, 0.895, 0.895, 0.893, 0.890
[Epoch  70 (288.96s)]	ELBO: -12048.179, -7817.248, -5469.542, -3961.090, -2919.681, -2365.486, -2135.477, -2134.715, -2132.630, -2132.694, -2132.485, -2132.700, -2133.585, -2134.377, -2135.458, -2136.564 (-2553.502)	Log prob: -12029.142, -7782.280, -5419.999, -3898.004, -2843.454, -2277.731, -2039.266, -2036.619, -2032.920, -2031.674, -2030.718, -2029.659, -2029.672, -2029.762, -2030.179, -2030.338 (-2449.856)	KLD: 19.034, 15.936, 14.572, 13.546, 13.138, 11.530, 8.456, 1.883, 1.617, 1.309, 0.746, 1.273, 0.873, 0.703, 0.664, 0.946 (103.646)	Grad: 4.606, 2.906, 2.077, 1.892, 1.666, 1.492, 1.308, 0.893, 0.917, 0.916, 0.904, 0.964, 0.939, 0.937, 0.937, 0.937
[Epoch  71 (286.33s)]	ELBO: -12049.179, -7809.357, -5467.833, -3953.746, -2913.752, -2351.998, -2091.801, -2090.939, -2088.451, -2088.052, -2088.130, -2088.465, -2089.610, -2090.125, -2091.308, -2092.119 (-2495.179)	Log prob: -12030.190, -7774.434, -5418.348, -3890.713, -2837.559, -2264.245, -1995.297, -1992.600, -1988.607, -1986.953, -1986.349, -1985.482, -1985.785, -1985.608, -1986.217, -1986.123 (-2388.926)	KLD: 18.989, 15.934, 14.564, 13.548, 13.157, 11.559, 8.748, 1.838, 1.506, 1.256, 0.682, 1.202, 0.842, 0.692, 0.573, 0.906 (106.253)	Grad: 4.624, 2.702, 2.129, 1.825, 1.605, 1.460, 1.285, 0.857, 0.879, 0.877, 0.869, 0.926, 0.903, 0.900, 0.901, 0.900
[Epoch  72 (271.91s)]	ELBO: -12057.549, -7836.879, -5506.405, -4007.275, -2976.947, -2409.470, -2140.869, -2144.566, -2141.702, -2139.274, -2142.721, -2139.899, -2140.315, -2144.569, -2145.367, -2143.182 (-2307.339)	Log prob: -12037.929, -7800.688, -5455.175, -3941.948, -2897.976, -2318.327, -2040.618, -2041.953, -2037.617, -2033.936, -2036.763, -2032.704, -2032.322, -2035.947, -2036.135, -2033.053 (-2203.313)	KLD: 19.614, 16.573, 15.041, 14.094, 13.650, 12.173, 9.105, 2.364, 1.470, 1.253, 0.619, 1.238, 0.798, 0.628, 0.612, 0.897 (104.026)	Grad: 4.943, 3.085, 2.239, 1.953, 1.783, 1.537, 1.369, 0.922, 0.935, 0.929, 0.926, 0.989, 0.960, 0.964, 0.964, 0.960
[Epoch  73 (275.74s)]	ELBO: -12052.693, -7817.214, -5474.815, -3965.607, -2923.788, -2354.633, -2077.904, -2076.993, -2075.129, -2074.668, -2074.812, -2075.075, -2075.726, -2076.835, -2077.540, -2078.346 (-2396.303)	Log prob: -12033.518, -7781.875, -5424.828, -3901.954, -2846.893, -2266.060, -1980.549, -1977.899, -1974.625, -1972.953, -1972.556, -1971.703, -1971.575, -1972.120, -1972.238, -1972.169 (-2292.941)	KLD: 19.182, 16.155, 14.649, 13.667, 13.242, 11.677, 8.782, 1.739, 1.409, 1.212, 0.541, 1.116, 0.778, 0.564, 0.588, 0.875 (103.361)	Grad: 4.464, 2.791, 2.133, 1.863, 1.574, 1.465, 1.262, 0.821, 0.841, 0.841, 0.832, 0.879, 0.858, 0.858, 0.856, 0.855
[Epoch  74 (277.11s)]	ELBO: -12048.440, -7809.234, -5466.221, -3956.319, -2911.795, -2331.215, -2046.114, -2044.891, -2042.898, -2042.598, -2042.623, -2043.048, -2043.813, -2044.684, -2044.806, -2045.743 (-2245.655)	Log prob: -12029.318, -7774.057, -5416.412, -3892.894, -2835.154, -2242.885, -1948.994, -1946.113, -1942.778, -1941.305, -1940.835, -1940.167, -1940.227, -1940.584, -1940.209, -1940.369 (-2142.811)	KLD: 19.116, 16.063, 14.633, 13.611, 13.218, 11.690, 8.791, 1.657, 1.343, 1.171, 0.495, 1.095, 0.707, 0.513, 0.497, 0.776 (102.844)	Grad: 4.642, 2.700, 2.080, 1.882, 1.618, 1.440, 1.246, 0.853, 0.873, 0.873, 0.863, 0.924, 0.896, 0.899, 0.895, 0.897
[Epoch  75 (289.43s)]	ELBO: -12023.061, -7789.361, -5450.287, -3938.299, -2892.513, -2305.753, -2021.344, -2020.361, -2018.220, -2017.952, -2017.440, -2017.781, -2018.557, -2018.756, -2019.245, -2020.344 (-2370.321)	Log prob: -12004.014, -7754.307, -5400.665, -3875.080, -2816.097, -2217.658, -1924.524, -1921.883, -1918.438, -1917.011, -1916.040, -1915.305, -1915.441, -1915.164, -1915.188, -1915.382 (-2266.834)	KLD: 19.053, 16.003, 14.568, 13.595, 13.195, 11.680, 8.727, 1.656, 1.306, 1.158, 0.458, 1.076, 0.641, 0.476, 0.463, 0.905 (103.486)	Grad: 4.330, 2.733, 2.025, 1.797, 1.532, 1.315, 1.156, 0.749, 0.767, 0.769, 0.761, 0.801, 0.784, 0.783, 0.781, 0.783
[Epoch  76 (280.90s)]	ELBO: -12043.079, -7810.174, -5469.769, -3956.839, -2913.648, -2317.951, -2029.576, -2028.268, -2025.894, -2025.305, -2025.054, -2025.391, -2026.009, -2026.343, -2026.590, -2027.984 (-2294.611)	Log prob: -12024.070, -7775.181, -5420.160, -3893.663, -2837.299, -2229.911, -1932.783, -1929.903, -1926.234, -1924.464, -1923.797, -1923.047, -1923.060, -1922.902, -1922.732, -1923.102 (-2190.027)	KLD: 19.011, 15.984, 14.613, 13.569, 13.173, 11.690, 8.756, 1.569, 1.298, 1.178, 0.417, 1.087, 0.606, 0.491, 0.419, 1.022 (104.584)	Grad: 4.643, 2.825, 2.074, 1.851, 1.642, 1.434, 1.246, 0.845, 0.866, 0.866, 0.857, 0.916, 0.892, 0.890, 0.888, 0.894
[Epoch  77 (273.31s)]	ELBO: -12023.458, -7791.588, -5449.593, -3936.613, -2892.752, -2293.004, -2007.586, -2006.045, -2003.488, -2002.283, -2002.276, -2002.543, -2003.369, -2003.521, -2004.012, -2004.815 (-2350.439)	Log prob: -12004.424, -7756.584, -5400.014, -3873.455, -2816.378, -2204.926, -1910.847, -1907.740, -1903.894, -1901.587, -1901.212, -1900.425, -1900.694, -1900.469, -1900.557, -1900.452 (-2243.045)	KLD: 19.032, 15.970, 14.578, 13.578, 13.216, 11.706, 8.659, 1.566, 1.290, 1.101, 0.368, 1.054, 0.555, 0.378, 0.404, 0.908 (107.394)	Grad: 4.281, 2.736, 2.081, 1.775, 1.605, 1.297, 1.111, 0.741, 0.763, 0.760, 0.752, 0.791, 0.773, 0.773, 0.771, 0.771
[Epoch  78 (279.58s)]	ELBO: -12033.147, -7797.016, -5456.048, -3945.003, -2897.703, -2289.312, -2005.040, -2004.045, -2000.797, -2000.213, -2000.122, -1999.597, -2000.082, -2000.576, -2001.009, -2002.368 (-2347.969)	Log prob: -12014.206, -7762.116, -5406.564, -3881.932, -2821.421, -2201.311, -1908.392, -1905.875, -1901.321, -1899.615, -1899.181, -1897.572, -1897.529, -1897.615, -1897.666, -1898.295 (-2244.817)	KLD: 18.948, 15.954, 14.582, 13.587, 13.212, 11.720, 8.645, 1.520, 1.308, 1.122, 0.343, 1.084, 0.529, 0.407, 0.383, 0.729 (103.151)	Grad: 4.551, 2.723, 2.112, 1.840, 1.602, 1.351, 1.198, 0.810, 0.831, 0.834, 0.823, 0.880, 0.851, 0.851, 0.849, 0.849
[Epoch  79 (277.44s)]	ELBO: -12025.062, -7791.048, -5453.032, -3938.773, -2894.553, -2277.533, -1997.804, -1996.330, -1993.738, -1992.649, -1992.483, -1991.947, -1992.225, -1992.574, -1993.035, -1994.024 (-2294.640)	Log prob: -12006.124, -7756.158, -5403.554, -3875.702, -2818.287, -2189.526, -1901.168, -1898.169, -1894.312, -1892.116, -1891.649, -1890.069, -1889.808, -1889.801, -1889.926, -1890.247 (-2190.774)	KLD: 18.940, 15.951, 14.588, 13.593, 13.192, 11.745, 8.627, 1.523, 1.266, 1.107, 0.301, 1.045, 0.541, 0.355, 0.336, 0.667 (103.866)	Grad: 4.563, 2.694, 2.058, 1.772, 1.593, 1.363, 1.219, 0.800, 0.821, 0.822, 0.809, 0.861, 0.837, 0.837, 0.836, 0.836
[Epoch  80 (289.25s)]	ELBO: -12030.527, -7791.029, -5448.870, -3935.091, -2886.572, -2261.161, -1983.617, -1982.101, -1979.502, -1978.287, -1977.867, -1976.525, -1976.975, -1977.142, -1977.521, -1978.213 (-2272.337)	Log prob: -12011.575, -7756.103, -5399.362, -3872.022, -2810.306, -2173.139, -1886.894, -1883.877, -1880.005, -1877.683, -1877.032, -1874.540, -1874.496, -1874.346, -1874.380, -1874.343 (-2168.101)	KLD: 18.956, 15.961, 14.592, 13.562, 13.195, 11.758, 8.699, 1.502, 1.272, 1.108, 0.231, 1.152, 0.494, 0.317, 0.342, 0.732 (104.236)	Grad: 4.601, 2.631, 2.056, 1.810, 1.548, 1.372, 1.215, 0.806, 0.830, 0.829, 0.819, 0.884, 0.855, 0.855, 0.854, 0.852
[Epoch  81 (285.40s)]	ELBO: -12020.971, -7788.220, -5448.479, -3935.248, -2888.870, -2257.175, -1982.287, -1980.562, -1977.472, -1976.296, -1976.044, -1973.788, -1973.795, -1974.169, -1974.646, -1975.703 (-2260.498)	Log prob: -12002.025, -7753.362, -5399.069, -3872.255, -2812.658, -2169.232, -1885.565, -1882.359, -1878.037, -1875.773, -1875.298, -1871.718, -1871.304, -1871.416, -1871.604, -1871.962 (-2155.688)	KLD: 18.940, 15.918, 14.552, 13.584, 13.217, 11.731, 8.779, 1.483, 1.230, 1.088, 0.223, 1.325, 0.422, 0.260, 0.289, 0.700 (104.809)	Grad: 4.375, 2.698, 2.068, 1.835, 1.601, 1.335, 1.132, 0.746, 0.768, 0.770, 0.758, 0.813, 0.785, 0.786, 0.783, 0.785
[Epoch  82 (280.57s)]	ELBO: -12041.902, -7803.121, -5461.842, -3945.702, -2899.546, -2265.613, -1972.481, -1970.827, -1967.810, -1966.872, -1966.345, -1963.869, -1964.393, -1964.530, -1964.354, -1965.162 (-2253.878)	Log prob: -12022.929, -7768.198, -5412.317, -3882.606, -2823.285, -2177.523, -1875.087, -1871.984, -1867.742, -1865.681, -1864.972, -1861.081, -1861.200, -1861.090, -1860.636, -1860.814 (-2147.723)	KLD: 18.968, 15.958, 14.597, 13.571, 13.168, 11.829, 9.303, 1.448, 1.227, 1.122, 0.184, 1.415, 0.403, 0.249, 0.276, 0.631 (106.155)	Grad: 4.906, 2.847, 2.052, 1.842, 1.621, 1.511, 1.325, 0.882, 0.904, 0.909, 0.894, 1.001, 0.953, 0.954, 0.953, 0.955
[Epoch  83 (270.65s)]	ELBO: -12005.675, -7777.178, -5438.567, -3922.095, -2876.082, -2231.879, -1920.548, -1918.971, -1915.922, -1914.680, -1914.369, -1912.471, -1912.874, -1913.212, -1913.257, -1914.151 (-2237.566)	Log prob: -11986.688, -7742.230, -5389.026, -3858.934, -2799.749, -2143.751, -1822.602, -1819.601, -1815.396, -1813.048, -1812.565, -1809.328, -1809.337, -1809.446, -1809.264, -1809.510 (-2134.357)	KLD: 18.988, 15.962, 14.593, 13.617, 13.174, 11.794, 9.818, 1.423, 1.156, 1.108, 0.171, 1.340, 0.393, 0.230, 0.225, 0.648 (103.209)	Grad: 4.312, 2.742, 2.034, 1.723, 1.533, 1.294, 1.149, 0.734, 0.756, 0.762, 0.748, 0.822, 0.787, 0.786, 0.786, 0.786
[Epoch  84 (285.48s)]	ELBO: -12010.514, -7782.106, -5443.807, -3927.830, -2884.023, -2229.724, -1899.895, -1897.624, -1895.214, -1893.563, -1893.142, -1892.049, -1891.495, -1892.023, -1892.472, -1892.967 (-2149.250)	Log prob: -11991.578, -7747.160, -5394.292, -3864.721, -2807.772, -2141.608, -1801.810, -1798.134, -1794.607, -1791.926, -1791.349, -1788.966, -1788.130, -1788.484, -1788.747, -1788.639 (-2044.747)	KLD: 18.928, 16.015, 14.571, 13.594, 13.145, 11.862, 9.969, 1.407, 1.117, 1.029, 0.155, 1.290, 0.283, 0.176, 0.184, 0.601 (104.503)	Grad: 4.583, 2.685, 2.074, 1.819, 1.526, 1.342, 1.189, 0.767, 0.787, 0.789, 0.778, 0.860, 0.821, 0.821, 0.821, 0.821
[Epoch  85 (288.50s)]	ELBO: -12018.121, -7781.084, -5440.847, -3922.669, -2881.460, -2213.701, -1872.054, -1869.737, -1866.773, -1865.677, -1864.894, -1864.109, -1864.527, -1864.502, -1864.443, -1865.147 (-2140.047)	Log prob: -11999.164, -7746.141, -5391.277, -3859.507, -2805.147, -2125.496, -1773.677, -1769.998, -1765.885, -1763.776, -1762.861, -1760.817, -1760.961, -1760.791, -1760.577, -1760.742 (-2036.947)	KLD: 18.954, 15.990, 14.624, 13.594, 13.151, 11.893, 10.174, 1.361, 1.147, 1.013, 0.133, 1.258, 0.274, 0.147, 0.153, 0.539 (103.100)	Grad: 4.505, 2.637, 2.009, 1.761, 1.536, 1.297, 1.184, 0.760, 0.779, 0.784, 0.769, 0.853, 0.816, 0.817, 0.814, 0.815
[Epoch  86 (284.83s)]	ELBO: -11992.639, -7765.614, -5432.466, -3916.171, -2876.231, -2202.108, -1857.783, -1855.658, -1852.274, -1850.927, -1850.279, -1849.707, -1849.575, -1850.034, -1850.092, -1850.947 (-2295.269)	Log prob: -11973.687, -7730.715, -5382.993, -3853.099, -2800.009, -2113.954, -1759.469, -1755.952, -1751.504, -1749.171, -1748.397, -1746.628, -1746.244, -1746.568, -1746.501, -1746.796 (-2192.087)	KLD: 18.959, 15.941, 14.573, 13.597, 13.151, 11.932, 10.160, 1.393, 1.064, 0.984, 0.126, 1.198, 0.253, 0.133, 0.126, 0.559 (103.182)	Grad: 4.373, 2.722, 2.139, 1.761, 1.561, 1.296, 1.190, 0.752, 0.772, 0.773, 0.761, 0.833, 0.798, 0.800, 0.797, 0.799
[Epoch  87 (279.50s)]	ELBO: -12007.598, -7777.471, -5446.926, -3931.967, -2888.237, -2207.386, -1863.765, -1861.562, -1858.152, -1856.887, -1856.023, -1855.613, -1855.566, -1855.357, -1855.314, -1856.398 (-2223.675)	Log prob: -11988.669, -7742.650, -5397.508, -3868.982, -2812.092, -2119.292, -1765.519, -1761.948, -1757.448, -1755.196, -1754.223, -1752.679, -1752.421, -1752.108, -1751.941, -1752.497 (-2118.748)	KLD: 18.929, 15.892, 14.597, 13.569, 13.157, 11.951, 10.150, 1.370, 1.089, 0.987, 0.108, 1.133, 0.213, 0.103, 0.124, 0.526 (104.926)	Grad: 4.565, 2.796, 2.070, 1.848, 1.596, 1.329, 1.229, 0.767, 0.791, 0.794, 0.780, 0.856, 0.823, 0.822, 0.820, 0.823
[Epoch  88 (272.26s)]	ELBO: -12008.972, -7769.021, -5434.855, -3916.839, -2870.812, -2183.823, -1841.334, -1839.381, -1836.430, -1834.332, -1834.304, -1832.806, -1833.000, -1833.138, -1833.140, -1833.719 (-2187.444)	Log prob: -11989.992, -7734.053, -5385.197, -3853.580, -2794.398, -2095.419, -1742.789, -1739.541, -1735.508, -1732.458, -1732.326, -1729.699, -1729.711, -1729.756, -1729.647, -1729.789 (-2083.667)	KLD: 18.975, 15.991, 14.694, 13.602, 13.153, 11.991, 10.140, 1.295, 1.081, 0.952, 0.105, 1.128, 0.182, 0.092, 0.112, 0.437 (103.777)	Grad: 4.334, 2.687, 1.974, 1.712, 1.476, 1.318, 1.174, 0.724, 0.747, 0.749, 0.736, 0.803, 0.770, 0.772, 0.770, 0.773
[Epoch  89 (287.53s)]	ELBO: -11988.933, -7757.369, -5428.388, -3910.517, -2864.886, -2172.266, -1830.762, -1828.838, -1825.359, -1823.725, -1823.147, -1822.083, -1821.772, -1821.939, -1822.019, -1822.753 (-2142.852)	Log prob: -11970.015, -7722.471, -5378.888, -3847.388, -2788.585, -2083.930, -1732.289, -1729.099, -1724.578, -1721.969, -1721.283, -1719.138, -1718.653, -1718.734, -1718.708, -1718.963 (-2041.227)	KLD: 18.917, 15.980, 14.602, 13.628, 13.176, 12.031, 10.139, 1.266, 1.042, 0.975, 0.105, 1.084, 0.174, 0.085, 0.106, 0.479 (101.625)	Grad: 4.466, 2.674, 2.022, 1.718, 1.468, 1.307, 1.229, 0.748, 0.771, 0.775, 0.760, 0.837, 0.803, 0.804, 0.803, 0.805
[Epoch  90 (285.64s)]	ELBO: -12010.644, -7770.646, -5442.166, -3920.885, -2874.952, -2176.067, -1830.802, -1828.970, -1825.123, -1823.564, -1822.833, -1821.846, -1821.802, -1822.137, -1822.011, -1822.376 (-2126.126)	Log prob: -11991.695, -7735.733, -5392.659, -3857.772, -2798.652, -2087.735, -1732.316, -1729.222, -1724.332, -1721.834, -1720.996, -1718.961, -1718.747, -1719.017, -1718.823, -1718.672 (-2020.608)	KLD: 18.956, 15.957, 14.593, 13.608, 13.186, 12.032, 10.155, 1.261, 1.042, 0.940, 0.105, 1.051, 0.167, 0.065, 0.070, 0.516 (105.518)	Grad: 4.663, 2.712, 2.089, 1.744, 1.512, 1.325, 1.277, 0.781, 0.808, 0.810, 0.795, 0.883, 0.844, 0.846, 0.845, 0.847
[Epoch  91 (278.81s)]	ELBO: -12008.865, -7764.723, -5436.779, -3912.569, -2865.698, -2158.527, -1819.441, -1817.006, -1813.506, -1812.146, -1811.240, -1810.281, -1810.236, -1810.196, -1810.549, -1810.875 (-2258.141)	Log prob: -11989.897, -7729.794, -5387.228, -3849.404, -2789.347, -2070.103, -1720.908, -1717.196, -1712.633, -1710.367, -1709.357, -1707.417, -1707.240, -1707.149, -1707.437, -1707.346 (-2154.720)	KLD: 18.966, 15.960, 14.625, 13.612, 13.189, 12.073, 10.108, 1.276, 1.064, 0.905, 0.105, 0.982, 0.131, 0.052, 0.065, 0.415 (103.421)	Grad: 4.287, 2.703, 1.960, 1.704, 1.525, 1.248, 1.186, 0.720, 0.745, 0.747, 0.734, 0.800, 0.770, 0.771, 0.770, 0.771
[Epoch  92 (280.77s)]	ELBO: -11989.975, -7754.028, -5430.124, -3911.017, -2863.213, -2154.073, -1812.271, -1809.969, -1806.432, -1805.103, -1804.216, -1803.396, -1803.301, -1803.078, -1802.959, -1803.464 (-2160.473)	Log prob: -11971.050, -7719.139, -5380.625, -3847.898, -2786.885, -2065.629, -1713.690, -1710.129, -1705.561, -1703.340, -1702.368, -1700.541, -1700.327, -1700.058, -1699.887, -1699.993 (-2058.498)	KLD: 18.920, 15.970, 14.607, 13.621, 13.211, 12.114, 10.137, 1.258, 1.032, 0.892, 0.085, 1.009, 0.120, 0.044, 0.052, 0.400 (101.975)	Grad: 4.269, 2.681, 2.009, 1.733, 1.477, 1.224, 1.127, 0.698, 0.721, 0.723, 0.709, 0.774, 0.744, 0.744, 0.743, 0.744
[Epoch  93 (276.93s)]	ELBO: -11997.039, -7754.979, -5431.203, -3909.326, -2861.732, -2145.694, -1803.517, -1800.680, -1797.005, -1794.924, -1794.596, -1793.413, -1793.185, -1793.413, -1793.140, -1793.685 (-2139.972)	Log prob: -11978.055, -7720.020, -5381.643, -3846.144, -2785.344, -2057.177, -1704.872, -1700.820, -1696.146, -1693.185, -1692.771, -1690.614, -1690.288, -1690.472, -1690.162, -1690.338 (-2035.896)	KLD: 18.982, 15.979, 14.605, 13.618, 13.206, 12.128, 10.127, 1.217, 0.998, 0.879, 0.087, 0.974, 0.101, 0.042, 0.037, 0.369 (104.076)	Grad: 4.347, 2.657, 2.028, 1.667, 1.524, 1.259, 1.171, 0.715, 0.740, 0.742, 0.728, 0.795, 0.764, 0.766, 0.763, 0.765
[Epoch  94 (286.32s)]	ELBO: -11990.036, -7754.095, -5432.766, -3911.180, -2862.711, -2142.268, -1797.730, -1795.736, -1792.062, -1790.242, -1789.806, -1788.357, -1788.483, -1788.176, -1788.025, -1788.281 (-2116.964)	Log prob: -11971.090, -7719.177, -5383.201, -3848.012, -2786.354, -2053.805, -1699.160, -1695.952, -1691.278, -1688.569, -1688.033, -1685.608, -1685.619, -1685.273, -1685.094, -1684.995 (-2011.117)	KLD: 18.945, 15.974, 14.644, 13.604, 13.187, 12.109, 10.107, 1.213, 1.000, 0.890, 0.099, 0.975, 0.116, 0.037, 0.028, 0.357 (105.847)	Grad: 4.413, 2.727, 2.005, 1.735, 1.511, 1.240, 1.183, 0.739, 0.763, 0.763, 0.748, 0.828, 0.792, 0.791, 0.790, 0.791
[Epoch  95 (281.60s)]	ELBO: -11995.815, -7755.747, -5430.956, -3905.164, -2856.680, -2133.054, -1786.633, -1783.813, -1780.144, -1778.178, -1777.467, -1776.427, -1776.066, -1776.512, -1776.192, -1776.398 (-2279.807)	Log prob: -11976.842, -7720.768, -5381.331, -3841.902, -2780.202, -2044.450, -1687.917, -1683.878, -1679.201, -1676.346, -1675.541, -1673.542, -1673.100, -1673.519, -1673.169, -1673.063 (-2176.567)	KLD: 18.978, 15.993, 14.654, 13.636, 13.216, 12.128, 10.111, 1.219, 1.008, 0.890, 0.093, 0.960, 0.080, 0.028, 0.031, 0.311 (103.240)	Grad: 4.311, 2.625, 1.877, 1.647, 1.489, 1.203, 1.110, 0.684, 0.708, 0.711, 0.695, 0.765, 0.732, 0.735, 0.733, 0.734
[Epoch  96 (280.38s)]	ELBO: -11995.175, -7748.989, -5430.886, -3911.104, -2861.086, -2139.022, -1789.216, -1786.312, -1782.610, -1780.625, -1780.182, -1778.665, -1777.969, -1778.426, -1778.224, -1778.409 (-2193.890)	Log prob: -11976.246, -7714.089, -5381.373, -3847.951, -2784.755, -2050.598, -1690.670, -1686.553, -1681.832, -1678.983, -1678.449, -1675.947, -1675.182, -1675.616, -1675.392, -1675.299 (-2090.527)	KLD: 18.925, 15.972, 14.613, 13.644, 13.177, 12.091, 10.124, 1.213, 1.019, 0.863, 0.091, 0.985, 0.068, 0.024, 0.022, 0.278 (103.363)	Grad: 4.548, 2.680, 2.061, 1.757, 1.494, 1.274, 1.185, 0.739, 0.763, 0.762, 0.748, 0.831, 0.795, 0.795, 0.794, 0.794
[Epoch  97 (280.77s)]	ELBO: -11982.529, -7738.444, -5420.907, -3895.406, -2848.438, -2120.401, -1772.463, -1769.667, -1765.274, -1763.627, -1762.634, -1761.257, -1761.488, -1761.150, -1761.053, -1760.885 (-2088.742)	Log prob: -11963.560, -7703.509, -5371.371, -3832.262, -2772.089, -2031.950, -1673.836, -1669.839, -1664.460, -1661.930, -1660.852, -1658.481, -1658.638, -1658.278, -1658.162, -1657.718 (-1986.361)	KLD: 18.972, 15.960, 14.601, 13.609, 13.207, 12.103, 10.174, 1.201, 0.985, 0.884, 0.086, 0.993, 0.075, 0.021, 0.021, 0.275 (102.380)	Grad: 4.292, 2.664, 2.041, 1.634, 1.509, 1.203, 1.124, 0.687, 0.711, 0.713, 0.698, 0.767, 0.734, 0.734, 0.732, 0.736
[Epoch  98 (287.89s)]	ELBO: -11973.674, -7733.452, -5416.758, -3892.672, -2841.529, -2112.229, -1751.450, -1748.879, -1745.209, -1743.071, -1742.678, -1739.893, -1739.431, -1739.444, -1739.148, -1739.221 (-2071.418)	Log prob: -11954.728, -7698.511, -5367.176, -3829.457, -2765.114, -2023.667, -1652.651, -1648.888, -1644.260, -1641.257, -1640.772, -1636.834, -1636.316, -1636.308, -1635.996, -1635.842 (-1968.498)	KLD: 18.947, 15.989, 14.643, 13.636, 13.200, 12.145, 10.237, 1.192, 0.959, 0.865, 0.093, 1.151, 0.058, 0.022, 0.014, 0.227 (102.919)	Grad: 4.437, 2.686, 1.974, 1.640, 1.482, 1.209, 1.123, 0.684, 0.709, 0.714, 0.699, 0.789, 0.745, 0.748, 0.746, 0.749
[Epoch  99 (294.18s)]	ELBO: -11978.354, -7743.485, -5428.544, -3905.463, -2856.879, -2127.479, -1751.292, -1748.457, -1744.910, -1742.134, -1741.232, -1738.108, -1737.985, -1737.979, -1737.564, -1737.529 (-2036.376)	Log prob: -11959.383, -7708.524, -5378.958, -3842.255, -2780.476, -2038.922, -1652.322, -1648.340, -1643.894, -1640.245, -1639.258, -1634.870, -1634.694, -1634.666, -1634.241, -1633.981 (-1933.177)	KLD: 18.970, 15.988, 14.627, 13.624, 13.192, 12.155, 10.414, 1.147, 0.899, 0.872, 0.087, 1.262, 0.053, 0.022, 0.012, 0.224 (103.199)	Grad: 4.612, 2.747, 2.019, 1.708, 1.521, 1.260, 1.215, 0.716, 0.740, 0.746, 0.729, 0.839, 0.787, 0.788, 0.786, 0.789
[Epoch 100 (275.53s)]	ELBO: -11983.196, -7743.260, -5429.679, -3907.791, -2857.774, -2125.372, -1721.982, -1719.613, -1715.345, -1713.264, -1712.498, -1708.923, -1708.494, -1708.264, -1708.372, -1708.319 (-2075.373)	Log prob: -11964.212, -7708.311, -5380.088, -3844.575, -2781.369, -2036.804, -1622.619, -1619.124, -1613.940, -1611.000, -1610.136, -1605.234, -1604.745, -1604.504, -1604.600, -1604.355 (-1973.627)	KLD: 18.981, 15.967, 14.645, 13.625, 13.188, 12.163, 10.795, 1.125, 0.918, 0.859, 0.099, 1.326, 0.060, 0.012, 0.013, 0.191 (101.746)	Grad: 4.512, 2.792, 2.010, 1.690, 1.531, 1.235, 1.249, 0.711, 0.737, 0.742, 0.727, 0.840, 0.787, 0.787, 0.788, 0.789
[Epoch 101 (301.60s)]	ELBO: -11972.394, -7729.495, -5417.866, -3896.453, -2849.470, -2118.573, -1691.076, -1688.711, -1684.620, -1682.499, -1681.773, -1678.528, -1678.599, -1677.738, -1677.777, -1678.060 (-2241.625)	Log prob: -11953.486, -7694.622, -5368.353, -3833.345, -2773.203, -2030.171, -1591.674, -1588.206, -1583.216, -1580.291, -1579.484, -1574.924, -1574.950, -1574.073, -1574.096, -1574.197 (-2138.597)	KLD: 18.910, 15.965, 14.635, 13.598, 13.160, 12.133, 11.001, 1.103, 0.898, 0.805, 0.080, 1.316, 0.045, 0.014, 0.017, 0.181 (103.027)	Grad: 4.295, 2.567, 2.002, 1.643, 1.472, 1.226, 1.160, 0.656, 0.680, 0.686, 0.671, 0.751, 0.709, 0.709, 0.709, 0.711
[Epoch 102 (344.01s)]	ELBO: -11984.111, -7741.545, -5430.247, -3910.389, -2862.609, -2128.311, -1679.507, -1676.886, -1673.378, -1670.981, -1670.015, -1665.786, -1664.983, -1665.252, -1665.013, -1665.302 (-2060.381)	Log prob: -11965.172, -7706.615, -5380.737, -3847.260, -2786.304, -2039.839, -1579.885, -1576.175, -1571.805, -1568.603, -1567.538, -1561.905, -1561.046, -1561.303, -1561.049, -1561.158 (-1958.186)	KLD: 18.939, 15.989, 14.580, 13.622, 13.176, 12.167, 11.149, 1.089, 0.860, 0.807, 0.098, 1.405, 0.057, 0.013, 0.014, 0.180 (102.196)	Grad: 4.413, 2.582, 2.007, 1.756, 1.530, 1.235, 1.200, 0.681, 0.706, 0.716, 0.699, 0.805, 0.754, 0.755, 0.754, 0.756
[Epoch 103 (356.12s)]	ELBO: -11985.646, -7736.188, -5424.732, -3902.917, -2854.710, -2121.115, -1649.723, -1647.336, -1644.317, -1641.339, -1640.548, -1635.615, -1635.123, -1635.226, -1635.174, -1635.020 (-2121.096)	Log prob: -11966.658, -7701.229, -5375.098, -3839.674, -2778.263, -2032.443, -1549.767, -1546.302, -1542.445, -1538.632, -1537.745, -1531.332, -1530.797, -1530.879, -1530.814, -1530.538 (-2017.891)	KLD: 18.986, 15.973, 14.672, 13.611, 13.205, 12.225, 11.283, 1.079, 0.838, 0.836, 0.096, 1.480, 0.043, 0.021, 0.011, 0.122 (103.206)	Grad: 4.314, 2.592, 1.985, 1.628, 1.440, 1.215, 1.123, 0.634, 0.659, 0.669, 0.652, 0.740, 0.690, 0.694, 0.692, 0.694
[Epoch 104 (351.80s)]	ELBO: -11967.997, -7731.648, -5420.704, -3902.846, -2857.477, -2125.724, -1633.869, -1631.463, -1627.714, -1625.189, -1624.528, -1616.258, -1615.978, -1615.744, -1615.671, -1615.755 (-1984.847)	Log prob: -11949.021, -7696.659, -5371.060, -3839.602, -2781.088, -2037.137, -1533.894, -1530.427, -1525.856, -1522.451, -1521.703, -1511.784, -1511.456, -1511.205, -1511.125, -1511.091 (-1879.303)	KLD: 18.986, 15.999, 14.658, 13.602, 13.144, 12.199, 11.387, 1.061, 0.821, 0.883, 0.084, 1.649, 0.050, 0.015, 0.008, 0.118 (105.544)	Grad: 4.353, 2.731, 1.928, 1.671, 1.485, 1.278, 1.188, 0.663, 0.688, 0.703, 0.684, 0.808, 0.744, 0.745, 0.744, 0.748
[Epoch 105 (328.57s)]	ELBO: -11965.897, -7726.710, -5419.840, -3899.137, -2852.942, -2122.898, -1614.065, -1611.402, -1608.710, -1605.070, -1604.636, -1596.754, -1595.783, -1595.912, -1595.817, -1595.971 (-1955.216)	Log prob: -11946.964, -7691.844, -5370.352, -3836.035, -2776.679, -2034.443, -1514.121, -1510.413, -1506.934, -1502.405, -1501.871, -1492.378, -1491.359, -1491.477, -1491.372, -1491.402 (-1850.789)	KLD: 18.935, 15.934, 14.617, 13.617, 13.157, 12.194, 11.489, 1.045, 0.787, 0.889, 0.100, 1.611, 0.046, 0.014, 0.008, 0.124 (104.427)	Grad: 4.391, 2.615, 1.992, 1.636, 1.450, 1.284, 1.189, 0.656, 0.681, 0.697, 0.677, 0.786, 0.725, 0.727, 0.727, 0.728
[Epoch 106 (326.94s)]	ELBO: -14083.361, -10317.126, -8354.096, -6962.916, -6154.667, -5603.041, -788080.750, -792651.250, -3706600.250, -3706591.250, -3712630.750, -9216110937218761885745152.000, -9216110937218761885745152.000, -9216110937218761885745152.000, -9216110937218761885745152.000, -9216110937218761885745152.000 (-19424767241778951985232095477760.000)	Log prob: -14049.908, -10221.554, -8186.428, -6754.348, -5882.671, -5256.359, -4788.361, -4768.550, -4785.457, -4737.688, -4730.286, -4776.278, -4770.835, -4753.043, -4783.500, -4779.117 (-164937.795)	KLD: 33.460, 62.114, 72.093, 40.902, 63.426, 74.688, 782945.562, 4590.353, 2913932.000, 38.530, 6047.424, 9216110937218761885745152.000, 0.739, 0.474, 0.937, 1.530 (19424767241778951985232095477760.000)	Grad: 8.871, 5.937, 3.983, 2.669, 2.522, 3.641, 91426.987, 34068.468, 764143.822, 41572.601, 42698.940, 2686313149274098310840320.000, 43363429492661499723776.000, 43363423294158784167936.000, 43363435691164206891008.000, 43363410897153361444864.000
