Encoder
=================================================================
Layer (type:depth-idx)                   Param #
=================================================================
Encoder                                  --
├─Linear: 1-1                            31,400
├─Linear: 1-2                            1,640
=================================================================
Total params: 33,040
Trainable params: 33,040
Non-trainable params: 0
=================================================================
Encoder Encoder to Encoder
=================================================================
Layer (type:depth-idx)                   Param #
=================================================================
EncoderEncoderToEncoder                  --
├─Linear: 1-1                            3,240
├─Linear: 1-2                            1,640
=================================================================
Total params: 4,880
Trainable params: 4,880
Non-trainable params: 0
=================================================================
Encoder to Latents 0
=================================================================
Layer (type:depth-idx)                   Param #
=================================================================
EncoderToLatents                         --
├─Linear: 1-1                            82
├─Linear: 1-2                            82
=================================================================
Total params: 164
Trainable params: 164
Non-trainable params: 0
=================================================================
Encoder to Latents 1
=================================================================
Layer (type:depth-idx)                   Param #
=================================================================
EncoderToLatents                         --
├─Linear: 1-1                            82
├─Linear: 1-2                            82
=================================================================
Total params: 164
Trainable params: 164
Non-trainable params: 0
=================================================================
Encoder to Latents 2
=================================================================
Layer (type:depth-idx)                   Param #
=================================================================
EncoderToLatents                         --
├─Linear: 1-1                            82
├─Linear: 1-2                            82
=================================================================
Total params: 164
Trainable params: 164
Non-trainable params: 0
=================================================================
Encoder to Latents 3
=================================================================
Layer (type:depth-idx)                   Param #
=================================================================
EncoderToLatents                         --
├─Linear: 1-1                            82
├─Linear: 1-2                            82
=================================================================
Total params: 164
Trainable params: 164
Non-trainable params: 0
=================================================================
Encoder to Latents 4
=================================================================
Layer (type:depth-idx)                   Param #
=================================================================
EncoderToLatents                         --
├─Linear: 1-1                            82
├─Linear: 1-2                            82
=================================================================
Total params: 164
Trainable params: 164
Non-trainable params: 0
=================================================================
Latents to Latents
=================================================================
Layer (type:depth-idx)                   Param #
=================================================================
LatentsToLatents                         --
├─Linear: 1-1                            36
├─Linear: 1-2                            20
=================================================================
Total params: 56
Trainable params: 56
Non-trainable params: 0
=================================================================
Latents to Decoder 0
=================================================================
Layer (type:depth-idx)                   Param #
=================================================================
LatentsToDecoder                         --
├─Linear: 1-1                            120
=================================================================
Total params: 120
Trainable params: 120
Non-trainable params: 0
=================================================================
Latents to Decoder 1
=================================================================
Layer (type:depth-idx)                   Param #
=================================================================
LatentsToDecoder                         --
├─Linear: 1-1                            120
=================================================================
Total params: 120
Trainable params: 120
Non-trainable params: 0
=================================================================
Latents to Decoder 2
=================================================================
Layer (type:depth-idx)                   Param #
=================================================================
LatentsToDecoder                         --
├─Linear: 1-1                            120
=================================================================
Total params: 120
Trainable params: 120
Non-trainable params: 0
=================================================================
Latents to Decoder 3
=================================================================
Layer (type:depth-idx)                   Param #
=================================================================
LatentsToDecoder                         --
├─Linear: 1-1                            120
=================================================================
Total params: 120
Trainable params: 120
Non-trainable params: 0
=================================================================
Latents to Decoder 4
=================================================================
Layer (type:depth-idx)                   Param #
=================================================================
LatentsToDecoder                         --
├─Linear: 1-1                            120
=================================================================
Total params: 120
Trainable params: 120
Non-trainable params: 0
=================================================================
Decoder
=================================================================
Layer (type:depth-idx)                   Param #
=================================================================
Decoder                                  --
├─Linear: 1-1                            1,640
├─Linear: 1-2                            32,144
=================================================================
Total params: 33,784
Trainable params: 33,784
Non-trainable params: 0
=================================================================
[Epoch   1 (28.93s)]	ELBO: 1195.371, 1221.580, 1233.411, 1234.614, 1233.696 (1358.710)	Log prob: 1215.676, 1243.858, 1257.049, 1258.908, 1258.979 (1373.306)	KLD: 20.305, 22.278, 23.637, 24.294, 25.283 (14.597)	Grad: 0.317, 0.441, 0.482, 0.472, 0.498
[Epoch   2 (29.66s)]	ELBO: 1389.906, 1397.161, 1396.787, 1395.863, 1394.732 (1410.389)	Log prob: 1398.330, 1407.464, 1408.144, 1407.849, 1407.714 (1421.620)	KLD: 8.424, 10.304, 11.357, 11.986, 12.982 (11.231)	Grad: 0.155, 0.198, 0.232, 0.262, 0.311
[Epoch   3 (20.75s)]	ELBO: 1410.523, 1435.655, 1434.894, 1434.305, 1433.323 (1453.998)	Log prob: 1417.867, 1445.704, 1445.902, 1445.762, 1445.618 (1466.463)	KLD: 7.345, 10.049, 11.008, 11.457, 12.293 (12.464)	Grad: 0.176, 0.184, 0.217, 0.262, 0.322
[Epoch   4 (21.29s)]	ELBO: 1422.113, 1477.151, 1476.691, 1476.490, 1475.810 (1497.586)	Log prob: 1429.337, 1488.340, 1488.778, 1488.711, 1488.660 (1510.887)	KLD: 7.223, 11.190, 12.086, 12.222, 12.852 (13.301)	Grad: 0.131, 0.173, 0.241, 0.316, 0.395
[Epoch   5 (25.09s)]	ELBO: 1433.057, 1516.234, 1516.471, 1516.788, 1516.319 (1535.279)	Log prob: 1439.956, 1528.129, 1529.192, 1529.794, 1529.779 (1549.436)	KLD: 6.899, 11.894, 12.720, 13.007, 13.460 (14.158)	Grad: 0.147, 0.192, 0.269, 0.356, 0.447
[Epoch   6 (19.83s)]	ELBO: 1447.461, 1543.300, 1550.220, 1550.107, 1549.804 (1564.642)	Log prob: 1454.381, 1555.760, 1564.114, 1564.210, 1564.132 (1579.266)	KLD: 6.921, 12.460, 13.895, 14.104, 14.328 (14.624)	Grad: 0.151, 0.200, 0.267, 0.348, 0.438
[Epoch   7 (17.62s)]	ELBO: 1455.671, 1560.505, 1573.667, 1573.640, 1573.560 (1581.157)	Log prob: 1462.595, 1573.176, 1588.219, 1588.241, 1588.227 (1596.028)	KLD: 6.926, 12.670, 14.552, 14.603, 14.668 (14.871)	Grad: 0.151, 0.206, 0.280, 0.369, 0.465
[Epoch   8 (19.32s)]	ELBO: 1464.928, 1571.653, 1587.380, 1587.386, 1587.342 (1593.193)	Log prob: 1471.893, 1584.360, 1602.064, 1602.091, 1602.072 (1608.061)	KLD: 6.964, 12.708, 14.684, 14.705, 14.730 (14.869)	Grad: 0.148, 0.214, 0.293, 0.387, 0.486
[Epoch   9 (22.98s)]	ELBO: 1472.622, 1580.688, 1597.753, 1597.782, 1597.781 (1603.953)	Log prob: 1479.605, 1593.473, 1612.594, 1612.639, 1612.658 (1618.943)	KLD: 6.982, 12.785, 14.841, 14.856, 14.876 (14.989)	Grad: 0.151, 0.229, 0.315, 0.417, 0.526
[Epoch  10 (22.62s)]	ELBO: 1478.774, 1587.308, 1613.199, 1613.263, 1613.272 (1621.927)	Log prob: 1485.801, 1600.130, 1629.311, 1629.411, 1629.435 (1638.252)	KLD: 7.027, 12.822, 16.111, 16.147, 16.164 (16.325)	Grad: 0.159, 0.240, 0.323, 0.423, 0.533
[Epoch  11 (21.00s)]	ELBO: 1483.526, 1591.916, 1626.701, 1626.741, 1626.746 (1632.461)	Log prob: 1490.585, 1604.695, 1643.231, 1643.312, 1643.329 (1649.027)	KLD: 7.059, 12.779, 16.530, 16.572, 16.583 (16.565)	Grad: 0.176, 0.261, 0.336, 0.432, 0.541
[Epoch  12 (18.96s)]	ELBO: 1487.513, 1596.280, 1635.550, 1635.533, 1635.552 (1639.439)	Log prob: 1494.611, 1609.067, 1652.206, 1652.213, 1652.240 (1656.035)	KLD: 7.098, 12.788, 16.656, 16.681, 16.689 (16.596)	Grad: 0.181, 0.272, 0.344, 0.438, 0.548
[Epoch  13 (19.49s)]	ELBO: 1490.630, 1599.734, 1641.642, 1641.605, 1641.624 (1644.647)	Log prob: 1497.741, 1612.492, 1658.351, 1658.330, 1658.353 (1661.397)	KLD: 7.113, 12.758, 16.709, 16.723, 16.729 (16.750)	Grad: 0.182, 0.282, 0.355, 0.456, 0.572
[Epoch  14 (19.56s)]	ELBO: 1493.279, 1602.733, 1646.594, 1646.574, 1646.555 (1649.275)	Log prob: 1500.410, 1615.475, 1663.338, 1663.327, 1663.313 (1665.956)	KLD: 7.132, 12.742, 16.743, 16.752, 16.757 (16.681)	Grad: 0.186, 0.286, 0.359, 0.459, 0.574
[Epoch  15 (19.36s)]	ELBO: 1495.691, 1605.460, 1650.319, 1650.335, 1650.365 (1652.623)	Log prob: 1502.842, 1618.199, 1667.083, 1667.105, 1667.141 (1669.146)	KLD: 7.150, 12.738, 16.764, 16.769, 16.774 (16.523)	Grad: 0.186, 0.286, 0.362, 0.463, 0.580
[Epoch  16 (19.15s)]	ELBO: 1498.124, 1607.820, 1653.441, 1653.492, 1653.460 (1653.741)	Log prob: 1505.291, 1620.553, 1670.217, 1670.273, 1670.246 (1670.204)	KLD: 7.167, 12.733, 16.777, 16.781, 16.786 (16.463)	Grad: 0.185, 0.287, 0.362, 0.465, 0.582
[Epoch  17 (20.63s)]	ELBO: 1501.212, 1610.010, 1656.140, 1656.108, 1656.128 (1657.092)	Log prob: 1508.375, 1622.731, 1672.928, 1672.898, 1672.922 (1673.919)	KLD: 7.162, 12.723, 16.786, 16.790, 16.795 (16.827)	Grad: 0.184, 0.289, 0.371, 0.479, 0.602
[Epoch  18 (19.99s)]	ELBO: 1504.964, 1612.251, 1658.588, 1658.538, 1658.564 (1659.371)	Log prob: 1512.143, 1625.006, 1675.406, 1675.360, 1675.391 (1675.959)	KLD: 7.179, 12.754, 16.818, 16.822, 16.826 (16.588)	Grad: 0.181, 0.289, 0.371, 0.480, 0.603
[Epoch  19 (19.85s)]	ELBO: 1507.630, 1614.313, 1660.566, 1660.585, 1660.620 (1660.457)	Log prob: 1514.817, 1627.062, 1677.390, 1677.413, 1677.454 (1677.322)	KLD: 7.187, 12.750, 16.824, 16.830, 16.834 (16.865)	Grad: 0.183, 0.289, 0.372, 0.480, 0.604
[Epoch  20 (18.70s)]	ELBO: 1509.408, 1615.929, 1662.308, 1662.252, 1662.258 (1662.647)	Log prob: 1516.601, 1628.707, 1679.156, 1679.107, 1679.117 (1679.648)	KLD: 7.194, 12.779, 16.847, 16.855, 16.860 (17.001)	Grad: 0.186, 0.294, 0.381, 0.493, 0.619
[Epoch  21 (20.84s)]	ELBO: 1510.856, 1617.542, 1663.790, 1663.832, 1663.783 (1663.379)	Log prob: 1518.051, 1630.333, 1680.662, 1680.714, 1680.670 (1680.515)	KLD: 7.196, 12.791, 16.872, 16.882, 16.887 (17.136)	Grad: 0.187, 0.293, 0.379, 0.488, 0.612
[Epoch  22 (21.20s)]	ELBO: 1512.489, 1619.060, 1665.272, 1665.319, 1665.317 (1665.192)	Log prob: 1519.711, 1631.871, 1682.162, 1682.218, 1682.221 (1681.936)	KLD: 7.222, 12.812, 16.889, 16.900, 16.905 (16.743)	Grad: 0.187, 0.294, 0.383, 0.496, 0.624
[Epoch  23 (17.72s)]	ELBO: 1513.635, 1620.229, 1666.496, 1666.513, 1666.485 (1666.873)	Log prob: 1520.851, 1633.039, 1683.387, 1683.415, 1683.391 (1683.614)	KLD: 7.216, 12.808, 16.891, 16.902, 16.906 (16.740)	Grad: 0.193, 0.302, 0.394, 0.511, 0.641
[Epoch  24 (18.33s)]	ELBO: 1514.941, 1621.837, 1667.770, 1667.793, 1667.795 (1667.888)	Log prob: 1522.182, 1634.678, 1684.685, 1684.724, 1684.731 (1684.941)	KLD: 7.242, 12.841, 16.916, 16.930, 16.935 (17.053)	Grad: 0.192, 0.297, 0.384, 0.496, 0.622
[Epoch  25 (22.13s)]	ELBO: 1516.100, 1622.851, 1668.877, 1668.888, 1668.923 (1669.046)	Log prob: 1523.333, 1635.696, 1685.802, 1685.831, 1685.871 (1686.008)	KLD: 7.233, 12.843, 16.925, 16.944, 16.948 (16.962)	Grad: 0.194, 0.301, 0.389, 0.501, 0.628
[Epoch  26 (22.26s)]	ELBO: 1517.205, 1623.860, 1669.881, 1669.868, 1669.919 (1668.903)	Log prob: 1524.436, 1636.698, 1686.808, 1686.829, 1686.883 (1686.010)	KLD: 7.232, 12.839, 16.926, 16.960, 16.963 (17.107)	Grad: 0.194, 0.300, 0.388, 0.501, 0.627
[Epoch  27 (21.38s)]	ELBO: 1518.337, 1624.927, 1670.893, 1670.990, 1670.943 (1670.165)	Log prob: 1525.579, 1637.798, 1687.862, 1688.049, 1688.004 (1687.116)	KLD: 7.242, 12.872, 16.971, 17.059, 17.063 (16.951)	Grad: 0.196, 0.302, 0.391, 0.504, 0.631
[Epoch  28 (20.80s)]	ELBO: 1518.877, 1625.666, 1671.576, 1671.973, 1671.988 (1671.491)	Log prob: 1526.111, 1638.524, 1688.521, 1689.195, 1689.215 (1688.707)	KLD: 7.235, 12.858, 16.945, 17.222, 17.227 (17.217)	Grad: 0.199, 0.308, 0.400, 0.516, 0.646
[Epoch  29 (20.35s)]	ELBO: 1520.222, 1626.688, 1672.336, 1673.603, 1673.598 (1673.817)	Log prob: 1527.471, 1639.564, 1689.290, 1691.146, 1691.144 (1691.426)	KLD: 7.249, 12.876, 16.953, 17.543, 17.547 (17.609)	Grad: 0.198, 0.307, 0.399, 0.515, 0.645
[Epoch  30 (20.06s)]	ELBO: 1520.999, 1627.396, 1672.882, 1675.372, 1675.379 (1675.549)	Log prob: 1528.254, 1640.294, 1689.827, 1693.229, 1693.238 (1693.643)	KLD: 7.255, 12.898, 16.946, 17.856, 17.858 (18.094)	Grad: 0.200, 0.306, 0.400, 0.515, 0.642
[Epoch  31 (21.06s)]	ELBO: 1521.933, 1628.411, 1673.676, 1677.168, 1677.217 (1677.322)	Log prob: 1529.197, 1641.316, 1690.619, 1695.216, 1695.267 (1695.369)	KLD: 7.264, 12.906, 16.942, 18.048, 18.049 (18.046)	Grad: 0.200, 0.302, 0.389, 0.497, 0.618
[Epoch  32 (21.90s)]	ELBO: 1522.733, 1628.919, 1674.002, 1678.637, 1678.613 (1679.157)	Log prob: 1530.005, 1641.836, 1690.950, 1696.809, 1696.785 (1697.176)	KLD: 7.273, 12.916, 16.947, 18.171, 18.172 (18.018)	Grad: 0.205, 0.313, 0.408, 0.524, 0.652
[Epoch  33 (23.22s)]	ELBO: 1523.539, 1629.713, 1674.794, 1680.330, 1680.339 (1680.294)	Log prob: 1530.814, 1642.629, 1691.741, 1698.589, 1698.594 (1698.610)	KLD: 7.274, 12.915, 16.947, 18.256, 18.256 (18.317)	Grad: 0.206, 0.312, 0.404, 0.516, 0.640
[Epoch  34 (22.20s)]	ELBO: 1524.618, 1630.400, 1675.282, 1681.800, 1681.786 (1681.978)	Log prob: 1531.893, 1643.327, 1692.242, 1700.135, 1700.121 (1700.327)	KLD: 7.275, 12.927, 16.960, 18.335, 18.335 (18.349)	Grad: 0.203, 0.308, 0.401, 0.512, 0.636
[Epoch  35 (22.34s)]	ELBO: 1524.912, 1630.619, 1675.709, 1682.914, 1682.873 (1682.500)	Log prob: 1532.181, 1643.536, 1692.659, 1701.290, 1701.249 (1700.679)	KLD: 7.269, 12.917, 16.950, 18.375, 18.376 (18.179)	Grad: 0.210, 0.321, 0.416, 0.530, 0.656
[Epoch  36 (20.67s)]	ELBO: 1525.922, 1631.459, 1676.398, 1684.146, 1684.194 (1683.482)	Log prob: 1533.199, 1644.386, 1693.365, 1702.575, 1702.623 (1701.715)	KLD: 7.278, 12.927, 16.967, 18.429, 18.430 (18.233)	Grad: 0.209, 0.319, 0.413, 0.527, 0.653
[Epoch  37 (21.64s)]	ELBO: 1526.781, 1632.142, 1677.130, 1685.320, 1685.335 (1684.320)	Log prob: 1534.072, 1645.087, 1694.109, 1703.793, 1703.808 (1702.674)	KLD: 7.290, 12.945, 16.979, 18.472, 18.474 (18.355)	Grad: 0.208, 0.319, 0.415, 0.529, 0.656
[Epoch  38 (23.82s)]	ELBO: 1527.536, 1632.714, 1677.700, 1686.232, 1686.228 (1684.424)	Log prob: 1534.833, 1645.669, 1694.691, 1704.746, 1704.741 (1702.747)	KLD: 7.296, 12.954, 16.991, 18.514, 18.515 (18.324)	Grad: 0.206, 0.315, 0.407, 0.518, 0.643
[Epoch  39 (18.84s)]	ELBO: 1527.787, 1632.844, 1677.917, 1686.728, 1686.753 (1685.306)	Log prob: 1535.059, 1645.776, 1694.894, 1705.245, 1705.273 (1703.583)	KLD: 7.272, 12.932, 16.978, 18.517, 18.518 (18.277)	Grad: 0.214, 0.329, 0.428, 0.544, 0.673
[Epoch  40 (19.07s)]	ELBO: 1528.833, 1633.444, 1678.674, 1687.745, 1687.738 (1686.567)	Log prob: 1536.115, 1646.390, 1695.676, 1706.314, 1706.308 (1705.031)	KLD: 7.283, 12.946, 17.002, 18.568, 18.570 (18.464)	Grad: 0.211, 0.321, 0.415, 0.528, 0.655
[Epoch  41 (26.89s)]	ELBO: 1529.291, 1633.877, 1679.140, 1688.463, 1688.467 (1687.497)	Log prob: 1536.577, 1646.817, 1696.133, 1707.046, 1707.052 (1706.097)	KLD: 7.286, 12.939, 16.993, 18.583, 18.585 (18.600)	Grad: 0.209, 0.320, 0.415, 0.527, 0.653
[Epoch  42 (23.99s)]	ELBO: 1530.143, 1634.085, 1679.232, 1688.856, 1688.826 (1688.265)	Log prob: 1537.438, 1647.032, 1696.248, 1707.531, 1707.503 (1706.705)	KLD: 7.296, 12.946, 17.016, 18.675, 18.678 (18.440)	Grad: 0.210, 0.326, 0.426, 0.545, 0.675
[Epoch  43 (25.86s)]	ELBO: 1530.511, 1634.496, 1679.635, 1689.786, 1689.807 (1690.468)	Log prob: 1537.799, 1647.445, 1696.633, 1708.686, 1708.711 (1709.741)	KLD: 7.289, 12.949, 16.997, 18.901, 18.904 (19.273)	Grad: 0.212, 0.329, 0.428, 0.546, 0.677
[Epoch  44 (22.43s)]	ELBO: 1530.974, 1634.800, 1679.869, 1691.656, 1691.633 (1691.466)	Log prob: 1538.255, 1647.740, 1696.857, 1711.006, 1710.986 (1710.986)	KLD: 7.281, 12.940, 16.989, 19.350, 19.355 (19.520)	Grad: 0.215, 0.333, 0.433, 0.550, 0.679
[Epoch  45 (22.69s)]	ELBO: 1531.905, 1635.064, 1680.120, 1693.422, 1693.422 (1693.326)	Log prob: 1539.188, 1648.004, 1697.112, 1713.041, 1713.045 (1713.086)	KLD: 7.283, 12.940, 16.992, 19.619, 19.622 (19.760)	Grad: 0.208, 0.323, 0.422, 0.534, 0.659
[Epoch  46 (23.67s)]	ELBO: 1532.218, 1635.690, 1680.741, 1694.731, 1694.768 (1694.302)	Log prob: 1539.513, 1648.640, 1697.750, 1714.465, 1714.503 (1714.050)	KLD: 7.294, 12.950, 17.009, 19.733, 19.734 (19.748)	Grad: 0.213, 0.329, 0.431, 0.543, 0.669
[Epoch  47 (21.80s)]	ELBO: 1532.954, 1636.026, 1681.179, 1695.871, 1695.879 (1694.701)	Log prob: 1540.260, 1648.984, 1698.190, 1715.639, 1715.647 (1714.298)	KLD: 7.306, 12.957, 17.011, 19.768, 19.769 (19.597)	Grad: 0.210, 0.326, 0.425, 0.536, 0.659
[Epoch  48 (22.38s)]	ELBO: 1533.478, 1636.139, 1681.208, 1696.358, 1696.360 (1695.295)	Log prob: 1540.789, 1649.105, 1698.235, 1716.187, 1716.193 (1715.013)	KLD: 7.311, 12.965, 17.027, 19.830, 19.831 (19.718)	Grad: 0.213, 0.332, 0.437, 0.552, 0.682
[Epoch  49 (23.35s)]	ELBO: 1533.964, 1636.391, 1681.706, 1697.246, 1697.246 (1697.356)	Log prob: 1541.273, 1649.361, 1698.736, 1717.111, 1717.113 (1716.800)	KLD: 7.308, 12.969, 17.031, 19.865, 19.866 (19.444)	Grad: 0.211, 0.328, 0.430, 0.542, 0.668
[Epoch  50 (23.97s)]	ELBO: 1534.321, 1636.901, 1682.106, 1697.948, 1697.993 (1698.410)	Log prob: 1541.621, 1649.859, 1699.124, 1717.826, 1717.873 (1718.373)	KLD: 7.301, 12.957, 17.018, 19.878, 19.879 (19.963)	Grad: 0.217, 0.336, 0.439, 0.552, 0.679
[Epoch  51 (23.24s)]	ELBO: 1534.780, 1637.244, 1682.283, 1698.488, 1698.477 (1697.091)	Log prob: 1542.086, 1650.209, 1699.310, 1718.381, 1718.371 (1716.910)	KLD: 7.305, 12.965, 17.026, 19.893, 19.895 (19.818)	Grad: 0.217, 0.335, 0.437, 0.547, 0.670
[Epoch  52 (23.83s)]	ELBO: 1535.201, 1637.223, 1682.573, 1698.917, 1698.904 (1698.505)	Log prob: 1542.519, 1650.205, 1699.620, 1718.846, 1718.835 (1718.555)	KLD: 7.318, 12.982, 17.048, 19.929, 19.930 (20.050)	Grad: 0.221, 0.345, 0.453, 0.571, 0.701
[Epoch  53 (22.45s)]	ELBO: 1535.701, 1637.733, 1683.065, 1699.766, 1699.763 (1698.829)	Log prob: 1543.022, 1650.718, 1700.120, 1719.738, 1719.736 (1718.835)	KLD: 7.321, 12.984, 17.054, 19.972, 19.973 (20.007)	Grad: 0.212, 0.328, 0.431, 0.541, 0.664
[Epoch  54 (28.54s)]	ELBO: 1535.805, 1637.660, 1682.900, 1699.725, 1699.735 (1698.477)	Log prob: 1543.105, 1650.628, 1699.939, 1719.681, 1719.690 (1718.697)	KLD: 7.301, 12.968, 17.038, 19.955, 19.957 (20.220)	Grad: 0.221, 0.350, 0.460, 0.579, 0.710
[Epoch  55 (21.82s)]	ELBO: 1536.295, 1637.541, 1682.789, 1699.928, 1699.955 (1699.748)	Log prob: 1543.591, 1650.497, 1699.810, 1719.891, 1719.918 (1719.706)	KLD: 7.296, 12.956, 17.020, 19.963, 19.963 (19.958)	Grad: 0.225, 0.356, 0.470, 0.589, 0.720
[Epoch  56 (19.05s)]	ELBO: 1537.103, 1638.307, 1683.755, 1700.853, 1700.886 (1700.195)	Log prob: 1544.423, 1651.294, 1700.819, 1720.861, 1720.894 (1720.165)	KLD: 7.319, 12.986, 17.062, 20.007, 20.008 (19.969)	Grad: 0.220, 0.345, 0.453, 0.568, 0.696
[Epoch  57 (22.26s)]	ELBO: 1537.589, 1638.521, 1684.070, 1701.333, 1701.328 (1701.126)	Log prob: 1544.908, 1651.512, 1701.133, 1721.352, 1721.347 (1721.157)	KLD: 7.320, 12.991, 17.062, 20.018, 20.019 (20.031)	Grad: 0.219, 0.342, 0.447, 0.558, 0.682
[Epoch  58 (26.88s)]	ELBO: 1537.798, 1638.898, 1684.360, 1701.811, 1701.796 (1700.384)	Log prob: 1545.122, 1651.892, 1701.433, 1721.843, 1721.830 (1720.382)	KLD: 7.323, 12.995, 17.072, 20.032, 20.033 (19.998)	Grad: 0.214, 0.335, 0.440, 0.552, 0.679
[Epoch  59 (25.78s)]	ELBO: 1538.145, 1639.196, 1684.661, 1702.187, 1702.247 (1700.080)	Log prob: 1545.469, 1652.201, 1701.735, 1722.230, 1722.290 (1720.001)	KLD: 7.324, 13.004, 17.075, 20.042, 20.043 (19.921)	Grad: 0.216, 0.339, 0.446, 0.560, 0.688
[Epoch  60 (19.50s)]	ELBO: 1538.464, 1639.512, 1684.956, 1702.563, 1702.560 (1701.329)	Log prob: 1545.780, 1652.511, 1702.037, 1722.621, 1722.622 (1721.144)	KLD: 7.317, 12.999, 17.080, 20.060, 20.060 (19.815)	Grad: 0.216, 0.338, 0.446, 0.559, 0.685
[Epoch  61 (22.01s)]	ELBO: 1538.920, 1639.489, 1684.950, 1702.653, 1702.657 (1701.955)	Log prob: 1546.251, 1652.496, 1702.032, 1722.729, 1722.735 (1722.127)	KLD: 7.332, 13.007, 17.085, 20.076, 20.078 (20.172)	Grad: 0.213, 0.338, 0.449, 0.567, 0.699
[Epoch  62 (22.49s)]	ELBO: 1539.003, 1639.658, 1685.286, 1703.012, 1703.017 (1702.320)	Log prob: 1546.332, 1652.657, 1702.374, 1723.100, 1723.106 (1722.285)	KLD: 7.328, 12.999, 17.088, 20.087, 20.088 (19.966)	Grad: 0.215, 0.341, 0.450, 0.565, 0.693
[Epoch  63 (22.93s)]	ELBO: 1539.411, 1640.016, 1685.719, 1703.608, 1703.612 (1702.933)	Log prob: 1546.731, 1653.014, 1702.804, 1723.691, 1723.695 (1722.787)	KLD: 7.320, 13.000, 17.086, 20.083, 20.084 (19.853)	Grad: 0.219, 0.342, 0.451, 0.566, 0.694
[Epoch  64 (28.04s)]	ELBO: 1540.096, 1640.583, 1686.004, 1703.954, 1703.960 (1703.053)	Log prob: 1547.421, 1653.582, 1703.077, 1724.032, 1724.037 (1723.187)	KLD: 7.325, 12.999, 17.074, 20.077, 20.078 (20.135)	Grad: 0.212, 0.334, 0.442, 0.557, 0.685
[Epoch  65 (28.57s)]	ELBO: 1540.591, 1640.518, 1686.289, 1704.414, 1704.455 (1702.995)	Log prob: 1547.922, 1653.524, 1703.381, 1724.515, 1724.557 (1722.799)	KLD: 7.331, 13.005, 17.092, 20.103, 20.103 (19.804)	Grad: 0.220, 0.342, 0.448, 0.561, 0.686
[Epoch  66 (29.55s)]	ELBO: 1540.545, 1640.675, 1686.213, 1704.429, 1704.412 (1703.133)	Log prob: 1547.876, 1653.686, 1703.304, 1724.544, 1724.525 (1723.019)	KLD: 7.331, 13.011, 17.091, 20.114, 20.115 (19.886)	Grad: 0.214, 0.338, 0.448, 0.563, 0.692
[Epoch  67 (31.05s)]	ELBO: 1541.050, 1640.690, 1686.188, 1704.543, 1704.588 (1701.395)	Log prob: 1548.386, 1653.700, 1703.280, 1724.661, 1724.708 (1721.890)	KLD: 7.336, 13.009, 17.092, 20.118, 20.120 (20.495)	Grad: 0.222, 0.348, 0.459, 0.574, 0.703
[Epoch  68 (29.08s)]	ELBO: 1540.763, 1640.504, 1685.967, 1704.380, 1704.329 (1702.931)	Log prob: 1548.079, 1653.499, 1703.048, 1724.497, 1724.449 (1722.769)	KLD: 7.316, 12.996, 17.081, 20.118, 20.119 (19.838)	Grad: 0.219, 0.348, 0.459, 0.575, 0.704
[Epoch  69 (29.39s)]	ELBO: 1540.891, 1640.515, 1686.228, 1704.808, 1704.771 (1703.758)	Log prob: 1548.215, 1653.515, 1703.320, 1724.931, 1724.894 (1723.579)	KLD: 7.323, 12.999, 17.091, 20.122, 20.123 (19.821)	Grad: 0.221, 0.350, 0.463, 0.581, 0.713
[Epoch  70 (29.32s)]	ELBO: 1541.669, 1641.555, 1687.126, 1705.592, 1705.571 (1703.906)	Log prob: 1549.001, 1654.570, 1704.211, 1725.723, 1725.699 (1724.047)	KLD: 7.334, 13.015, 17.086, 20.129, 20.130 (20.141)	Grad: 0.210, 0.333, 0.440, 0.552, 0.678
[Epoch  71 (31.43s)]	ELBO: 1541.972, 1641.838, 1687.150, 1705.697, 1705.707 (1704.594)	Log prob: 1549.307, 1654.862, 1704.251, 1725.832, 1725.843 (1724.624)	KLD: 7.335, 13.023, 17.101, 20.135, 20.136 (20.031)	Grad: 0.215, 0.338, 0.447, 0.563, 0.691
[Epoch  72 (32.89s)]	ELBO: 1542.477, 1641.952, 1687.497, 1706.219, 1706.275 (1704.970)	Log prob: 1549.828, 1654.975, 1704.610, 1726.368, 1726.425 (1724.932)	KLD: 7.350, 13.024, 17.113, 20.149, 20.150 (19.962)	Grad: 0.215, 0.341, 0.450, 0.564, 0.691
[Epoch  73 (26.25s)]	ELBO: 1542.588, 1642.134, 1687.631, 1706.260, 1706.329 (1705.486)	Log prob: 1549.940, 1655.169, 1704.750, 1726.428, 1726.499 (1725.531)	KLD: 7.351, 13.035, 17.119, 20.168, 20.169 (20.045)	Grad: 0.215, 0.338, 0.447, 0.563, 0.692
[Epoch  74 (25.89s)]	ELBO: 1543.239, 1642.358, 1687.962, 1706.622, 1706.575 (1704.270)	Log prob: 1550.592, 1655.390, 1705.077, 1726.792, 1726.746 (1724.752)	KLD: 7.352, 13.031, 17.115, 20.170, 20.171 (20.482)	Grad: 0.215, 0.345, 0.458, 0.577, 0.708
[Epoch  75 (27.50s)]	ELBO: 1543.414, 1642.313, 1687.815, 1706.522, 1706.464 (1705.379)	Log prob: 1550.763, 1655.334, 1704.924, 1726.676, 1726.621 (1725.420)	KLD: 7.349, 13.020, 17.110, 20.154, 20.156 (20.042)	Grad: 0.218, 0.345, 0.456, 0.572, 0.701
[Epoch  76 (31.17s)]	ELBO: 1543.576, 1642.466, 1688.106, 1706.835, 1706.821 (1705.638)	Log prob: 1550.934, 1655.513, 1705.238, 1727.033, 1727.021 (1725.794)	KLD: 7.359, 13.048, 17.131, 20.197, 20.200 (20.156)	Grad: 0.220, 0.347, 0.460, 0.579, 0.711
[Epoch  77 (34.39s)]	ELBO: 1543.934, 1642.567, 1688.283, 1706.990, 1707.034 (1705.709)	Log prob: 1551.278, 1655.602, 1705.418, 1727.177, 1727.226 (1725.873)	KLD: 7.345, 13.035, 17.135, 20.187, 20.192 (20.163)	Grad: 0.217, 0.347, 0.462, 0.581, 0.712
[Epoch  78 (45.01s)]	ELBO: 1544.000, 1642.604, 1688.582, 1707.304, 1707.327 (1705.716)	Log prob: 1551.366, 1655.657, 1705.738, 1727.530, 1727.559 (1725.750)	KLD: 7.368, 13.052, 17.155, 20.226, 20.232 (20.034)	Grad: 0.221, 0.350, 0.461, 0.577, 0.706
[Epoch  79 (40.26s)]	ELBO: 1544.260, 1643.409, 1688.872, 1707.654, 1707.696 (1706.668)	Log prob: 1551.622, 1656.464, 1706.017, 1727.863, 1727.912 (1726.916)	KLD: 7.362, 13.055, 17.145, 20.209, 20.216 (20.248)	Grad: 0.217, 0.344, 0.460, 0.578, 0.711
[Epoch  80 (40.84s)]	ELBO: 1544.730, 1643.491, 1689.074, 1707.893, 1707.910 (1706.638)	Log prob: 1552.100, 1656.551, 1706.220, 1728.096, 1728.123 (1726.892)	KLD: 7.371, 13.059, 17.143, 20.204, 20.212 (20.254)	Grad: 0.215, 0.344, 0.456, 0.575, 0.705
[Epoch  81 (42.05s)]	ELBO: 1544.655, 1643.553, 1689.027, 1707.925, 1707.931 (1705.510)	Log prob: 1552.019, 1656.602, 1706.170, 1728.136, 1728.151 (1725.705)	KLD: 7.364, 13.050, 17.143, 20.211, 20.219 (20.195)	Grad: 0.218, 0.349, 0.463, 0.580, 0.709
[Epoch  82 (42.38s)]	ELBO: 1545.033, 1643.924, 1689.126, 1708.073, 1708.076 (1706.549)	Log prob: 1552.418, 1657.000, 1706.272, 1728.281, 1728.295 (1726.781)	KLD: 7.383, 13.076, 17.147, 20.208, 20.219 (20.232)	Grad: 0.211, 0.336, 0.447, 0.562, 0.687
[Epoch  83 (45.64s)]	ELBO: 1545.694, 1643.596, 1689.166, 1708.176, 1708.129 (1706.112)	Log prob: 1553.068, 1656.659, 1706.310, 1728.391, 1728.355 (1726.547)	KLD: 7.373, 13.062, 17.145, 20.215, 20.226 (20.435)	Grad: 0.214, 0.341, 0.453, 0.568, 0.697
[Epoch  84 (39.66s)]	ELBO: 1545.911, 1643.539, 1689.505, 1708.509, 1708.545 (1706.791)	Log prob: 1553.288, 1656.605, 1706.664, 1728.739, 1728.787 (1727.194)	KLD: 7.378, 13.066, 17.159, 20.229, 20.241 (20.404)	Grad: 0.221, 0.351, 0.463, 0.581, 0.710
[Epoch  85 (42.53s)]	ELBO: 1545.505, 1643.404, 1689.023, 1708.123, 1708.086 (1706.906)	Log prob: 1552.887, 1656.464, 1706.182, 1728.349, 1728.327 (1727.220)	KLD: 7.382, 13.061, 17.159, 20.227, 20.240 (20.315)	Grad: 0.226, 0.364, 0.483, 0.609, 0.746
[Epoch  86 (40.78s)]	ELBO: 1545.452, 1643.501, 1688.753, 1707.963, 1707.977 (1707.290)	Log prob: 1552.812, 1656.543, 1705.886, 1728.188, 1728.218 (1727.661)	KLD: 7.360, 13.042, 17.135, 20.224, 20.239 (20.371)	Grad: 0.227, 0.364, 0.485, 0.606, 0.740
[Epoch  87 (39.43s)]	ELBO: 1546.179, 1644.086, 1689.669, 1708.770, 1708.818 (1707.186)	Log prob: 1553.550, 1657.151, 1706.823, 1729.000, 1729.062 (1727.252)	KLD: 7.371, 13.066, 17.155, 20.230, 20.245 (20.066)	Grad: 0.217, 0.352, 0.468, 0.589, 0.721
[Epoch  88 (40.25s)]	ELBO: 1546.548, 1644.796, 1690.082, 1709.167, 1709.183 (1707.646)	Log prob: 1553.934, 1657.867, 1707.228, 1729.381, 1729.417 (1727.889)	KLD: 7.385, 13.071, 17.147, 20.215, 20.234 (20.243)	Grad: 0.215, 0.345, 0.460, 0.581, 0.712
[Epoch  89 (43.91s)]	ELBO: 1546.852, 1645.020, 1690.251, 1709.327, 1709.332 (1708.003)	Log prob: 1554.243, 1658.104, 1707.410, 1729.564, 1729.589 (1728.168)	KLD: 7.390, 13.085, 17.158, 20.238, 20.257 (20.165)	Grad: 0.215, 0.345, 0.461, 0.580, 0.712
[Epoch  90 (45.59s)]	ELBO: 1547.270, 1644.752, 1690.521, 1709.667, 1709.677 (1708.091)	Log prob: 1554.662, 1657.825, 1707.694, 1729.919, 1729.949 (1728.485)	KLD: 7.391, 13.073, 17.172, 20.252, 20.273 (20.394)	Grad: 0.220, 0.351, 0.465, 0.583, 0.713
[Epoch  91 (40.86s)]	ELBO: 1546.754, 1643.651, 1689.427, 1708.599, 1708.671 (1707.321)	Log prob: 1554.124, 1656.699, 1706.568, 1728.830, 1728.923 (1727.751)	KLD: 7.370, 13.050, 17.141, 20.229, 20.253 (20.430)	Grad: 0.227, 0.369, 0.491, 0.615, 0.753
[Epoch  92 (43.10s)]	ELBO: 1547.438, 1644.664, 1690.537, 1709.749, 1709.754 (1707.316)	Log prob: 1554.841, 1657.758, 1707.718, 1730.024, 1730.059 (1727.713)	KLD: 7.403, 13.095, 17.182, 20.276, 20.304 (20.397)	Grad: 0.223, 0.356, 0.475, 0.596, 0.731
[Epoch  93 (38.46s)]	ELBO: 1547.625, 1645.264, 1690.460, 1709.610, 1709.616 (1707.904)	Log prob: 1555.016, 1658.349, 1707.631, 1729.874, 1729.915 (1728.208)	KLD: 7.390, 13.084, 17.170, 20.263, 20.299 (20.305)	Grad: 0.213, 0.344, 0.458, 0.577, 0.709
[Epoch  94 (33.12s)]	ELBO: 1546.724, 1644.821, 1689.743, 1708.917, 1708.983 (1708.288)	Log prob: 1554.109, 1657.896, 1706.883, 1729.130, 1729.238 (1728.350)	KLD: 7.383, 13.074, 17.140, 20.213, 20.254 (20.063)	Grad: 0.220, 0.361, 0.483, 0.608, 0.744
[Epoch  95 (33.14s)]	ELBO: 1547.808, 1645.261, 1690.616, 1709.804, 1709.816 (1707.555)	Log prob: 1555.188, 1658.333, 1707.778, 1730.048, 1730.114 (1727.829)	KLD: 7.380, 13.072, 17.161, 20.244, 20.298 (20.274)	Grad: 0.215, 0.346, 0.465, 0.587, 0.720
[Epoch  96 (30.00s)]	ELBO: 1548.391, 1645.746, 1691.178, 1710.328, 1710.405 (1708.420)	Log prob: 1555.792, 1658.841, 1708.353, 1730.590, 1730.730 (1728.551)	KLD: 7.401, 13.094, 17.174, 20.261, 20.326 (20.131)	Grad: 0.222, 0.357, 0.476, 0.598, 0.732
[Epoch  97 (26.29s)]	ELBO: 1548.332, 1645.627, 1691.126, 1710.224, 1710.300 (1708.739)	Log prob: 1555.745, 1658.731, 1708.315, 1730.505, 1730.664 (1729.144)	KLD: 7.412, 13.104, 17.189, 20.280, 20.364 (20.405)	Grad: 0.215, 0.348, 0.466, 0.590, 0.724
[Epoch  98 (26.11s)]	ELBO: 1547.428, 1645.548, 1691.007, 1710.108, 1710.242 (1710.039)	Log prob: 1554.814, 1658.630, 1708.170, 1730.348, 1730.608 (1730.316)	KLD: 7.386, 13.082, 17.164, 20.241, 20.365 (20.277)	Grad: 0.215, 0.345, 0.459, 0.580, 0.712
[Epoch  99 (26.49s)]	ELBO: 1548.710, 1646.126, 1691.805, 1710.921, 1711.040 (1709.495)	Log prob: 1556.134, 1659.240, 1709.004, 1731.216, 1731.488 (1729.836)	KLD: 7.422, 13.115, 17.198, 20.297, 20.449 (20.341)	Grad: 0.212, 0.339, 0.451, 0.567, 0.696
[Epoch 100 (31.11s)]	ELBO: 1548.597, 1645.013, 1691.217, 1710.416, 1710.640 (1708.298)	Log prob: 1555.997, 1658.103, 1708.401, 1730.700, 1731.111 (1728.645)	KLD: 7.399, 13.089, 17.184, 20.285, 20.470 (20.347)	Grad: 0.222, 0.354, 0.472, 0.594, 0.728
Best epoch(s): [98]	Training time(s): 2673.91s (2673.91s)	Best ELBO: 1711.040 (1710.039)	Best log prob: 1731.488 (1730.316)
Avg. mu: -0.065, 0.005, 0.017, 0.078, -0.070, 0.030, 0.112, 0.055, 0.040, 0.048
Avg. var: 0.002, 0.002, 0.005, 0.005, 0.018, 0.021, 0.051, 0.062, 0.990, 0.667
Max. mu: 4.099, 4.441, 4.732, 3.797, 4.627, 4.136, 4.575, 4.033, 0.228, 1.910
Max. var: 0.039, 0.022, 0.046, 0.049, 0.093, 0.105, 0.171, 0.350, 1.015, 1.423
Min. mu: -4.920, -3.553, -4.081, -3.973, -4.302, -3.441, -3.607, -4.015, -0.166, -1.996
Min. var: 0.000, 0.000, 0.001, 0.000, 0.007, 0.004, 0.018, 0.017, 0.964, 0.269
Cov. mu:
[[2.101 0.204 0.207 0.071 -0.032 -0.000 -0.002 0.158 -0.001 -0.075]
 [0.204 1.524 0.039 0.033 -0.091 0.139 -0.007 0.073 0.005 -0.064]
 [0.207 0.039 0.939 0.091 0.016 -0.115 0.002 -0.028 0.005 0.042]
 [0.071 0.033 0.091 1.095 -0.014 0.028 0.037 -0.018 0.011 0.009]
 [-0.032 -0.091 0.016 -0.014 1.061 0.062 0.045 0.042 -0.005 0.004]
 [-0.000 0.139 -0.115 0.028 0.062 1.013 -0.002 0.013 -0.001 0.043]
 [-0.002 -0.007 0.002 0.037 0.045 -0.002 1.001 -0.029 0.003 0.030]
 [0.158 0.073 -0.028 -0.018 0.042 0.013 -0.029 1.016 -0.003 -0.034]
 [-0.001 0.005 0.005 0.011 -0.005 -0.001 0.003 -0.003 0.002 0.015]
 [-0.075 -0.064 0.042 0.009 0.004 0.043 0.030 -0.034 0.015 0.189]]
