=================================================================
Layer (type:depth-idx)                   Param #
=================================================================
Quotient                                 --
├─Canvas: 1-1                            --
│    └─Linear: 2-1                       784
├─KL: 1-2                                --
│    └─Linear: 2-2                       1
│    └─Linear: 2-3                       1
├─Encoder: 1-3                           --
│    └─Linear: 2-4                       76,930
│    └─Linear: 2-5                       9,702
├─EncoderToLatents: 1-4                  --
│    └─Linear: 2-6                       99
│    └─Linear: 2-7                       99
├─ModuleList: 1-5                        --
│    └─LatentsToDecoder: 2-8             --
│    │    └─Linear: 3-1                  196
│    └─LatentsToDecoder: 2-9             --
│    │    └─Linear: 3-2                  196
├─Decoder: 1-6                           --
│    └─Linear: 2-10                      9,702
│    └─Linear: 2-11                      77,616
=================================================================
Total params: 175,326
Trainable params: 175,326
Non-trainable params: 0
=================================================================
[Epoch   1 (25.38s)]	ELBO: 341.208, 529.663 (931.217)	Log prob: 341.232, 529.716 (931.266)	KLD: 0.024, 0.028 (0.048)	Grad: 208760.391
[Epoch   2 (24.34s)]	ELBO: 948.548, 1014.706 (1129.176)	Log prob: 948.575, 1014.754 (1129.228)	KLD: 0.027, 0.021 (0.052)	Grad: 175985.797
[Epoch   3 (22.88s)]	ELBO: 1128.735, 1111.506 (1138.953)	Log prob: 1128.770, 1111.549 (1138.966)	KLD: 0.035, 0.008 (0.013)	Grad: 196167.469
[Epoch   4 (24.45s)]	ELBO: 1212.297, 1178.273 (1247.091)	Log prob: 1212.309, 1178.296 (1247.123)	KLD: 0.011, 0.011 (0.032)	Grad: 172747.375
[Epoch   5 (23.04s)]	ELBO: 1262.458, 1210.073 (1255.227)	Log prob: 1262.469, 1210.094 (1255.243)	KLD: 0.011, 0.010 (0.015)	Grad: 118118.477
[Epoch   6 (22.84s)]	ELBO: 1236.671, 971.581 (1300.677)	Log prob: 1236.678, 971.595 (1300.688)	KLD: 0.007, 0.006 (0.011)	Grad: 109040.180
[Epoch   7 (22.86s)]	ELBO: 1297.979, 1292.226 (1301.861)	Log prob: 1297.984, 1292.237 (1301.870)	KLD: 0.005, 0.006 (0.009)	Grad: 84833.688
[Epoch   8 (24.01s)]	ELBO: 1309.713, 1307.841 (1303.114)	Log prob: 1309.725, 1307.854 (1303.128)	KLD: 0.011, 0.003 (0.014)	Grad: 73493.875
[Epoch   9 (25.13s)]	ELBO: 1317.803, 1308.171 (1302.668)	Log prob: 1317.824, 1308.194 (1302.690)	KLD: 0.020, 0.004 (0.023)	Grad: 66583.031
[Epoch  10 (22.55s)]	ELBO: 1315.616, 1312.760 (1317.091)	Log prob: 1315.687, 1312.837 (1317.206)	KLD: 0.073, 0.006 (0.115)	Grad: 66342.680
[Epoch  11 (22.68s)]	ELBO: 1322.182, 1315.710 (1320.509)	Log prob: 1322.243, 1315.775 (1320.596)	KLD: 0.061, 0.004 (0.086)	Grad: 57943.957
[Epoch  12 (23.29s)]	ELBO: 1324.257, 1320.975 (1321.726)	Log prob: 1324.335, 1321.057 (1321.777)	KLD: 0.079, 0.003 (0.051)	Grad: 39367.918
[Epoch  13 (22.87s)]	ELBO: 1323.011, 1318.896 (1323.150)	Log prob: 1323.044, 1318.933 (1323.171)	KLD: 0.033, 0.004 (0.021)	Grad: 59630.988
[Epoch  14 (23.08s)]	ELBO: 1325.326, 1323.084 (1319.545)	Log prob: 1325.412, 1323.177 (1319.892)	KLD: 0.086, 0.006 (0.347)	Grad: 37310.973
[Epoch  15 (22.88s)]	ELBO: 1327.586, 1324.104 (1324.807)	Log prob: 1327.888, 1324.403 (1325.358)	KLD: 0.301, -0.001 (0.551)	Grad: 27210.512
[Epoch  16 (23.88s)]	ELBO: 1328.129, 1322.375 (1325.245)	Log prob: 1328.677, 1322.927 (1325.587)	KLD: 0.547, 0.004 (0.342)	Grad: 22407.525
[Epoch  17 (22.68s)]	ELBO: 1327.885, 1324.076 (1326.893)	Log prob: 1328.098, 1324.297 (1327.118)	KLD: 0.212, 0.008 (0.226)	Grad: 38630.020
[Epoch  18 (25.47s)]	ELBO: 1302.927, 1324.779 (1326.567)	Log prob: 1303.075, 1324.932 (1326.685)	KLD: 0.147, 0.005 (0.119)	Grad: 39021.809
[Epoch  19 (27.26s)]	ELBO: 1328.542, 1325.796 (1327.705)	Log prob: 1328.795, 1326.064 (1328.023)	KLD: 0.253, 0.014 (0.318)	Grad: 34656.691
[Epoch  20 (28.13s)]	ELBO: 1329.636, 1325.896 (1325.943)	Log prob: 1330.141, 1326.413 (1326.658)	KLD: 0.505, 0.011 (0.715)	Grad: 23712.232
[Epoch  21 (26.11s)]	ELBO: 1329.621, 1325.304 (1327.985)	Log prob: 1330.281, 1325.969 (1328.612)	KLD: 0.660, 0.005 (0.627)	Grad: 19367.328
[Epoch  22 (23.65s)]	ELBO: 1329.980, 1327.241 (1325.566)	Log prob: 1330.580, 1327.852 (1326.125)	KLD: 0.600, 0.010 (0.559)	Grad: 12441.061
[Epoch  23 (23.81s)]	ELBO: 1330.111, 1326.560 (1321.969)	Log prob: 1330.704, 1327.162 (1322.667)	KLD: 0.593, 0.009 (0.699)	Grad: 17823.664
[Epoch  24 (22.99s)]	ELBO: 1330.297, 1326.729 (1328.780)	Log prob: 1330.985, 1327.423 (1329.594)	KLD: 0.687, 0.005 (0.815)	Grad: 17800.615
[Epoch  25 (23.75s)]	ELBO: 1330.575, 1328.672 (1328.827)	Log prob: 1331.472, 1329.587 (1329.701)	KLD: 0.897, 0.019 (0.875)	Grad: 8136.520
[Epoch  26 (24.11s)]	ELBO: 1330.815, 1237.071 (1329.317)	Log prob: 1331.712, 1237.989 (1330.272)	KLD: 0.896, 0.021 (0.955)	Grad: 23083.512
[Epoch  27 (28.15s)]	ELBO: 1331.206, 1328.096 (1329.427)	Log prob: 1332.030, 1328.960 (1330.211)	KLD: 0.825, 0.038 (0.784)	Grad: 23881.238
[Epoch  28 (24.51s)]	ELBO: 1331.466, 1325.196 (1287.824)	Log prob: 1332.225, 1325.979 (1288.607)	KLD: 0.759, 0.024 (0.782)	Grad: 22527.717
[Epoch  29 (23.92s)]	ELBO: 1331.797, 1328.304 (1329.772)	Log prob: 1332.560, 1329.099 (1330.464)	KLD: 0.763, 0.030 (0.692)	Grad: 17012.910
[Epoch  30 (24.15s)]	ELBO: 1331.527, 1329.720 (1331.709)	Log prob: 1332.120, 1330.337 (1332.397)	KLD: 0.594, 0.023 (0.688)	Grad: 15651.682
[Epoch  31 (24.93s)]	ELBO: 1332.747, 1330.862 (1328.203)	Log prob: 1333.453, 1331.589 (1328.910)	KLD: 0.707, 0.020 (0.706)	Grad: 10750.317
[Epoch  32 (24.00s)]	ELBO: 1334.994, 1305.347 (1336.201)	Log prob: 1335.655, 1306.031 (1336.933)	KLD: 0.660, 0.024 (0.731)	Grad: 20361.035
[Epoch  33 (23.47s)]	ELBO: 1340.795, 1338.053 (1343.092)	Log prob: 1341.577, 1338.905 (1343.986)	KLD: 0.781, 0.071 (0.895)	Grad: 15934.478
[Epoch  34 (23.55s)]	ELBO: 1349.365, 1284.170 (1353.626)	Log prob: 1350.120, 1285.061 (1354.550)	KLD: 0.756, 0.134 (0.924)	Grad: 17996.059
[Epoch  35 (24.27s)]	ELBO: 1357.915, 1352.848 (1359.243)	Log prob: 1358.733, 1353.898 (1360.237)	KLD: 0.817, 0.234 (0.993)	Grad: 23720.176
[Epoch  36 (24.94s)]	ELBO: 1361.400, 1358.007 (1351.593)	Log prob: 1362.200, 1359.014 (1352.467)	KLD: 0.801, 0.207 (0.874)	Grad: 25881.135
[Epoch  37 (24.55s)]	ELBO: 1349.901, 1345.115 (1346.991)	Log prob: 1350.690, 1345.986 (1347.892)	KLD: 0.790, 0.081 (0.902)	Grad: 16623.770
[Epoch  38 (24.36s)]	ELBO: 1347.442, 1345.351 (1339.235)	Log prob: 1348.320, 1346.299 (1340.159)	KLD: 0.878, 0.069 (0.924)	Grad: 17294.166
[Epoch  39 (24.49s)]	ELBO: 1344.559, 1331.390 (1343.248)	Log prob: 1345.435, 1332.336 (1344.174)	KLD: 0.878, 0.068 (0.927)	Grad: 18416.309
[Epoch  40 (23.47s)]	ELBO: 1344.933, 1338.205 (1344.708)	Log prob: 1345.750, 1339.057 (1345.564)	KLD: 0.817, 0.035 (0.856)	Grad: 20527.350
[Epoch  41 (25.06s)]	ELBO: 1347.871, 1346.726 (1346.876)	Log prob: 1348.687, 1347.587 (1347.803)	KLD: 0.816, 0.044 (0.927)	Grad: 8764.938
[Epoch  42 (20.26s)]	ELBO: 1347.936, 1345.463 (1342.654)	Log prob: 1348.771, 1346.374 (1343.610)	KLD: 0.835, 0.075 (0.956)	Grad: 23249.197
[Epoch  43 (19.74s)]	ELBO: 1349.761, 1348.871 (1349.312)	Log prob: 1350.672, 1349.886 (1350.286)	KLD: 0.910, 0.105 (0.975)	Grad: 10400.682
[Epoch  44 (21.47s)]	ELBO: 1349.826, 1346.826 (1346.250)	Log prob: 1350.670, 1347.743 (1347.179)	KLD: 0.845, 0.072 (0.929)	Grad: 24907.389
No improvement after 10 epochs...
Best epoch(s): [35]	Training time(s): 1053.42s (1053.42s)	Best ELBO: 1358.007 (1359.243)	Best log prob: 1359.014 (1360.237)
