Encoder
=================================================================
Layer (type:depth-idx)                   Param #
=================================================================
Encoder                                  --
├─Linear: 1-1                            76,930
├─Linear: 1-2                            4,851
=================================================================
Total params: 81,781
Trainable params: 81,781
Non-trainable params: 0
=================================================================
Encoder to Latents 0
=================================================================
Layer (type:depth-idx)                   Param #
=================================================================
EncoderToLatents                         --
├─Linear: 1-1                            100
├─Linear: 1-2                            100
=================================================================
Total params: 200
Trainable params: 200
Non-trainable params: 0
=================================================================
Encoder to Latents 1
=================================================================
Layer (type:depth-idx)                   Param #
=================================================================
EncoderToLatents                         --
├─Linear: 1-1                            100
├─Linear: 1-2                            100
=================================================================
Total params: 200
Trainable params: 200
Non-trainable params: 0
=================================================================
Latents to Decoder 0
=================================================================
Layer (type:depth-idx)                   Param #
=================================================================
LatentsToDecoder                         --
├─Linear: 1-1                            147
=================================================================
Total params: 147
Trainable params: 147
Non-trainable params: 0
=================================================================
Latents to Decoder 1
=================================================================
Layer (type:depth-idx)                   Param #
=================================================================
LatentsToDecoder                         --
├─Linear: 1-1                            147
=================================================================
Total params: 147
Trainable params: 147
Non-trainable params: 0
=================================================================
Decoder
=================================================================
Layer (type:depth-idx)                   Param #
=================================================================
Decoder                                  --
├─Linear: 1-1                            4,900
├─Linear: 1-2                            77,616
=================================================================
Total params: 82,516
Trainable params: 82,516
Non-trainable params: 0
=================================================================
[Epoch   1 (53.01s)]	ELBO: 1311.684, 1338.326 (1421.482)	Log prob: 1327.420, 1340.320 (1433.586)	KLD: 15.736, 1.995 (12.104)	Grad: 0.069, 0.048
[Epoch   2 (61.47s)]	ELBO: 1456.307, 1488.517 (1532.751)	Log prob: 1465.842, 1491.569 (1545.634)	KLD: 9.536, 3.051 (12.883)	Grad: 0.058, 0.036
[Epoch   3 (57.44s)]	ELBO: 1501.096, 1566.661 (1572.489)	Log prob: 1508.635, 1571.553 (1584.551)	KLD: 7.539, 4.890 (12.062)	Grad: 0.061, 0.041
[Epoch   4 (52.99s)]	ELBO: 1516.967, 1589.474 (1588.522)	Log prob: 1524.119, 1594.485 (1600.563)	KLD: 7.151, 5.012 (12.041)	Grad: 0.066, 0.042
[Epoch   5 (51.97s)]	ELBO: 1526.102, 1601.497 (1598.457)	Log prob: 1533.193, 1606.526 (1610.894)	KLD: 7.091, 5.029 (12.437)	Grad: 0.069, 0.043
[Epoch   6 (55.95s)]	ELBO: 1532.672, 1608.935 (1603.705)	Log prob: 1539.808, 1614.001 (1615.862)	KLD: 7.136, 5.065 (12.157)	Grad: 0.073, 0.045
[Epoch   7 (61.77s)]	ELBO: 1537.849, 1614.299 (1607.175)	Log prob: 1545.038, 1619.399 (1619.257)	KLD: 7.189, 5.101 (12.082)	Grad: 0.077, 0.046
[Epoch   8 (57.61s)]	ELBO: 1542.851, 1619.071 (1611.028)	Log prob: 1550.119, 1624.166 (1623.663)	KLD: 7.269, 5.096 (12.635)	Grad: 0.077, 0.046
[Epoch   9 (82.44s)]	ELBO: 1547.336, 1622.237 (1614.902)	Log prob: 1554.706, 1627.340 (1627.259)	KLD: 7.370, 5.104 (12.356)	Grad: 0.081, 0.049
[Epoch  10 (78.79s)]	ELBO: 1551.151, 1625.409 (1616.531)	Log prob: 1558.633, 1630.525 (1628.930)	KLD: 7.482, 5.116 (12.399)	Grad: 0.084, 0.051
[Epoch  11 (74.54s)]	ELBO: 1554.460, 1627.923 (1617.917)	Log prob: 1562.010, 1633.063 (1630.800)	KLD: 7.550, 5.140 (12.882)	Grad: 0.082, 0.052
[Epoch  12 (76.00s)]	ELBO: 1557.038, 1630.159 (1622.404)	Log prob: 1564.611, 1635.297 (1634.898)	KLD: 7.572, 5.139 (12.495)	Grad: 0.084, 0.053
[Epoch  13 (82.59s)]	ELBO: 1559.130, 1631.906 (1623.001)	Log prob: 1566.753, 1637.097 (1635.954)	KLD: 7.623, 5.192 (12.953)	Grad: 0.090, 0.054
[Epoch  14 (84.54s)]	ELBO: 1562.043, 1634.141 (1624.572)	Log prob: 1569.718, 1639.313 (1637.560)	KLD: 7.674, 5.172 (12.988)	Grad: 0.086, 0.055
[Epoch  15 (80.84s)]	ELBO: 1564.018, 1635.878 (1625.500)	Log prob: 1571.717, 1641.065 (1638.120)	KLD: 7.700, 5.188 (12.620)	Grad: 0.088, 0.055
[Epoch  16 (76.83s)]	ELBO: 1565.766, 1637.486 (1627.527)	Log prob: 1573.511, 1642.672 (1640.895)	KLD: 7.746, 5.186 (13.367)	Grad: 0.091, 0.056
[Epoch  17 (76.02s)]	ELBO: 1567.704, 1638.860 (1627.920)	Log prob: 1575.481, 1644.064 (1640.819)	KLD: 7.777, 5.205 (12.899)	Grad: 0.090, 0.055
[Epoch  18 (72.93s)]	ELBO: 1568.509, 1639.627 (1627.102)	Log prob: 1576.342, 1644.827 (1639.938)	KLD: 7.834, 5.201 (12.835)	Grad: 0.093, 0.057
[Epoch  19 (73.99s)]	ELBO: 1570.303, 1641.001 (1630.309)	Log prob: 1578.134, 1646.241 (1643.339)	KLD: 7.830, 5.241 (13.030)	Grad: 0.092, 0.057
[Epoch  20 (75.71s)]	ELBO: 1571.882, 1642.482 (1629.865)	Log prob: 1579.805, 1647.719 (1643.117)	KLD: 7.923, 5.236 (13.252)	Grad: 0.094, 0.056
[Epoch  21 (76.34s)]	ELBO: 1572.238, 1642.687 (1629.448)	Log prob: 1580.160, 1647.892 (1642.178)	KLD: 7.923, 5.206 (12.730)	Grad: 0.100, 0.058
[Epoch  22 (73.20s)]	ELBO: 1574.484, 1644.280 (1631.556)	Log prob: 1582.450, 1649.519 (1644.813)	KLD: 7.967, 5.239 (13.257)	Grad: 0.098, 0.058
[Epoch  23 (80.16s)]	ELBO: 1575.913, 1645.565 (1631.648)	Log prob: 1583.913, 1650.813 (1644.874)	KLD: 8.001, 5.248 (13.226)	Grad: 0.096, 0.057
[Epoch  24 (74.71s)]	ELBO: 1577.268, 1646.310 (1633.537)	Log prob: 1585.315, 1651.550 (1647.037)	KLD: 8.045, 5.239 (13.499)	Grad: 0.096, 0.058
[Epoch  25 (76.64s)]	ELBO: 1578.582, 1647.419 (1634.619)	Log prob: 1586.627, 1652.666 (1647.875)	KLD: 8.045, 5.247 (13.256)	Grad: 0.101, 0.058
[Epoch  26 (82.26s)]	ELBO: 1579.295, 1648.266 (1635.019)	Log prob: 1587.327, 1653.493 (1648.554)	KLD: 8.032, 5.227 (13.535)	Grad: 0.104, 0.058
[Epoch  27 (77.03s)]	ELBO: 1580.656, 1649.364 (1636.589)	Log prob: 1588.719, 1654.619 (1649.808)	KLD: 8.063, 5.254 (13.219)	Grad: 0.101, 0.058
[Epoch  28 (75.95s)]	ELBO: 1580.833, 1649.623 (1635.852)	Log prob: 1588.872, 1654.891 (1648.866)	KLD: 8.039, 5.267 (13.014)	Grad: 0.104, 0.059
[Epoch  29 (75.84s)]	ELBO: 1581.844, 1650.527 (1637.540)	Log prob: 1589.900, 1655.782 (1650.863)	KLD: 8.055, 5.256 (13.323)	Grad: 0.104, 0.058
[Epoch  30 (74.94s)]	ELBO: 1582.975, 1651.211 (1636.471)	Log prob: 1591.031, 1656.492 (1649.784)	KLD: 8.057, 5.281 (13.313)	Grad: 0.103, 0.059
[Epoch  31 (76.21s)]	ELBO: 1583.488, 1651.501 (1638.364)	Log prob: 1591.516, 1656.784 (1651.359)	KLD: 8.030, 5.282 (12.995)	Grad: 0.106, 0.058
[Epoch  32 (78.71s)]	ELBO: 1584.684, 1652.724 (1640.395)	Log prob: 1592.728, 1657.997 (1653.648)	KLD: 8.043, 5.273 (13.253)	Grad: 0.106, 0.057
[Epoch  33 (75.41s)]	ELBO: 1585.479, 1653.339 (1639.594)	Log prob: 1593.518, 1658.619 (1652.802)	KLD: 8.039, 5.279 (13.208)	Grad: 0.103, 0.057
[Epoch  34 (73.30s)]	ELBO: 1585.965, 1654.081 (1638.806)	Log prob: 1594.028, 1659.387 (1652.227)	KLD: 8.063, 5.307 (13.421)	Grad: 0.106, 0.057
[Epoch  35 (72.10s)]	ELBO: 1586.197, 1654.103 (1640.132)	Log prob: 1594.244, 1659.380 (1653.623)	KLD: 8.046, 5.276 (13.491)	Grad: 0.105, 0.059
[Epoch  36 (74.58s)]	ELBO: 1587.262, 1655.050 (1640.181)	Log prob: 1595.298, 1660.348 (1653.709)	KLD: 8.036, 5.298 (13.527)	Grad: 0.106, 0.057
[Epoch  37 (79.84s)]	ELBO: 1588.133, 1656.045 (1641.413)	Log prob: 1596.178, 1661.365 (1655.127)	KLD: 8.045, 5.320 (13.714)	Grad: 0.104, 0.058
[Epoch  38 (76.54s)]	ELBO: 1588.638, 1656.484 (1640.059)	Log prob: 1596.709, 1661.806 (1653.408)	KLD: 8.071, 5.323 (13.350)	Grad: 0.106, 0.058
[Epoch  39 (73.85s)]	ELBO: 1588.189, 1656.200 (1643.018)	Log prob: 1596.267, 1661.528 (1656.390)	KLD: 8.080, 5.327 (13.372)	Grad: 0.107, 0.058
[Epoch  40 (73.22s)]	ELBO: 1589.216, 1656.977 (1640.043)	Log prob: 1597.266, 1662.301 (1653.383)	KLD: 8.050, 5.323 (13.340)	Grad: 0.109, 0.058
[Epoch  41 (74.45s)]	ELBO: 1589.990, 1657.770 (1642.400)	Log prob: 1598.035, 1663.106 (1655.831)	KLD: 8.045, 5.337 (13.431)	Grad: 0.108, 0.058
[Epoch  42 (73.25s)]	ELBO: 1591.008, 1658.732 (1642.710)	Log prob: 1599.092, 1664.065 (1656.180)	KLD: 8.084, 5.332 (13.471)	Grad: 0.105, 0.057
[Epoch  43 (75.65s)]	ELBO: 1591.049, 1658.848 (1644.700)	Log prob: 1599.124, 1664.191 (1657.992)	KLD: 8.076, 5.345 (13.291)	Grad: 0.107, 0.058
[Epoch  44 (74.24s)]	ELBO: 1592.006, 1659.981 (1639.215)	Log prob: 1600.096, 1665.353 (1652.393)	KLD: 8.089, 5.372 (13.178)	Grad: 0.108, 0.057
[Epoch  45 (74.78s)]	ELBO: 1592.628, 1660.218 (1644.150)	Log prob: 1600.709, 1665.583 (1657.444)	KLD: 8.081, 5.366 (13.294)	Grad: 0.107, 0.058
[Epoch  46 (75.70s)]	ELBO: 1592.197, 1660.515 (1643.338)	Log prob: 1600.291, 1665.877 (1656.753)	KLD: 8.092, 5.362 (13.415)	Grad: 0.111, 0.057
[Epoch  47 (73.47s)]	ELBO: 1593.077, 1661.133 (1644.258)	Log prob: 1601.174, 1666.518 (1657.537)	KLD: 8.098, 5.386 (13.279)	Grad: 0.108, 0.058
[Epoch  48 (74.05s)]	ELBO: 1593.708, 1661.787 (1645.489)	Log prob: 1601.817, 1667.165 (1659.046)	KLD: 8.109, 5.378 (13.557)	Grad: 0.108, 0.058
[Epoch  49 (77.48s)]	ELBO: 1593.656, 1661.771 (1644.514)	Log prob: 1601.738, 1667.162 (1657.899)	KLD: 8.083, 5.391 (13.385)	Grad: 0.109, 0.059
[Epoch  50 (74.31s)]	ELBO: 1594.466, 1662.598 (1645.766)	Log prob: 1602.572, 1667.981 (1659.008)	KLD: 8.105, 5.384 (13.242)	Grad: 0.110, 0.058
[Epoch  51 (74.39s)]	ELBO: 1594.652, 1662.870 (1646.623)	Log prob: 1602.762, 1668.266 (1659.884)	KLD: 8.110, 5.395 (13.261)	Grad: 0.107, 0.057
[Epoch  52 (73.65s)]	ELBO: 1594.750, 1662.853 (1645.740)	Log prob: 1602.856, 1668.260 (1659.307)	KLD: 8.105, 5.407 (13.566)	Grad: 0.109, 0.058
[Epoch  53 (72.45s)]	ELBO: 1594.239, 1662.564 (1645.559)	Log prob: 1602.360, 1667.948 (1658.677)	KLD: 8.121, 5.384 (13.118)	Grad: 0.110, 0.058
[Epoch  54 (74.51s)]	ELBO: 1594.454, 1662.909 (1647.328)	Log prob: 1602.580, 1668.295 (1660.717)	KLD: 8.125, 5.385 (13.390)	Grad: 0.113, 0.059
[Epoch  55 (77.28s)]	ELBO: 1594.552, 1663.231 (1646.497)	Log prob: 1602.672, 1668.637 (1660.357)	KLD: 8.119, 5.404 (13.859)	Grad: 0.112, 0.058
[Epoch  56 (75.30s)]	ELBO: 1595.118, 1663.991 (1646.003)	Log prob: 1603.223, 1669.403 (1659.397)	KLD: 8.104, 5.411 (13.394)	Grad: 0.113, 0.058
[Epoch  57 (76.56s)]	ELBO: 1595.572, 1664.103 (1647.525)	Log prob: 1603.685, 1669.502 (1660.996)	KLD: 8.113, 5.398 (13.471)	Grad: 0.113, 0.058
[Epoch  58 (72.94s)]	ELBO: 1595.604, 1664.216 (1647.329)	Log prob: 1603.730, 1669.663 (1660.872)	KLD: 8.126, 5.447 (13.543)	Grad: 0.114, 0.058
[Epoch  59 (74.95s)]	ELBO: 1596.658, 1665.250 (1644.928)	Log prob: 1604.785, 1670.668 (1658.572)	KLD: 8.128, 5.417 (13.644)	Grad: 0.111, 0.058
[Epoch  60 (71.24s)]	ELBO: 1596.967, 1665.906 (1649.049)	Log prob: 1605.113, 1671.338 (1662.770)	KLD: 8.147, 5.432 (13.722)	Grad: 0.112, 0.057
[Epoch  61 (71.92s)]	ELBO: 1597.767, 1666.381 (1648.335)	Log prob: 1605.918, 1671.820 (1661.899)	KLD: 8.151, 5.441 (13.564)	Grad: 0.109, 0.057
[Epoch  62 (75.49s)]	ELBO: 1598.009, 1666.412 (1648.965)	Log prob: 1606.172, 1671.851 (1662.682)	KLD: 8.162, 5.438 (13.718)	Grad: 0.113, 0.058
[Epoch  63 (73.80s)]	ELBO: 1598.369, 1666.954 (1650.442)	Log prob: 1606.550, 1672.400 (1664.049)	KLD: 8.181, 5.446 (13.607)	Grad: 0.111, 0.057
[Epoch  64 (73.26s)]	ELBO: 1598.288, 1666.922 (1649.323)	Log prob: 1606.428, 1672.361 (1662.702)	KLD: 8.140, 5.437 (13.379)	Grad: 0.112, 0.057
[Epoch  65 (66.83s)]	ELBO: 1598.498, 1666.555 (1649.636)	Log prob: 1606.637, 1672.024 (1663.045)	KLD: 8.139, 5.469 (13.409)	Grad: 0.113, 0.058
[Epoch  66 (68.40s)]	ELBO: 1598.067, 1666.641 (1648.482)	Log prob: 1606.221, 1672.110 (1661.939)	KLD: 8.156, 5.469 (13.457)	Grad: 0.115, 0.058
[Epoch  67 (70.16s)]	ELBO: 1599.298, 1667.823 (1648.946)	Log prob: 1607.466, 1673.278 (1662.540)	KLD: 8.167, 5.455 (13.594)	Grad: 0.115, 0.058
[Epoch  68 (70.32s)]	ELBO: 1599.209, 1667.511 (1650.041)	Log prob: 1607.370, 1672.983 (1663.647)	KLD: 8.161, 5.472 (13.606)	Grad: 0.113, 0.058
[Epoch  69 (71.50s)]	ELBO: 1598.952, 1667.578 (1649.423)	Log prob: 1607.137, 1673.045 (1662.948)	KLD: 8.186, 5.466 (13.525)	Grad: 0.115, 0.057
[Epoch  70 (70.58s)]	ELBO: 1600.076, 1668.455 (1651.058)	Log prob: 1608.230, 1673.899 (1664.760)	KLD: 8.155, 5.444 (13.702)	Grad: 0.112, 0.057
[Epoch  71 (68.38s)]	ELBO: 1600.527, 1668.587 (1648.380)	Log prob: 1608.686, 1674.044 (1661.787)	KLD: 8.159, 5.457 (13.406)	Grad: 0.110, 0.057
[Epoch  72 (68.17s)]	ELBO: 1600.025, 1668.305 (1650.150)	Log prob: 1608.189, 1673.738 (1663.735)	KLD: 8.163, 5.433 (13.586)	Grad: 0.115, 0.057
[Epoch  73 (69.53s)]	ELBO: 1600.467, 1668.804 (1649.916)	Log prob: 1608.634, 1674.258 (1663.390)	KLD: 8.168, 5.454 (13.474)	Grad: 0.112, 0.057
[Epoch  74 (71.01s)]	ELBO: 1600.407, 1669.030 (1650.760)	Log prob: 1608.589, 1674.517 (1664.319)	KLD: 8.181, 5.488 (13.559)	Grad: 0.113, 0.057
[Epoch  75 (71.86s)]	ELBO: 1600.809, 1669.243 (1649.707)	Log prob: 1608.983, 1674.721 (1663.216)	KLD: 8.175, 5.478 (13.509)	Grad: 0.116, 0.058
[Epoch  76 (70.06s)]	ELBO: 1600.581, 1669.230 (1650.694)	Log prob: 1608.780, 1674.717 (1664.347)	KLD: 8.200, 5.486 (13.653)	Grad: 0.112, 0.058
[Epoch  77 (73.21s)]	ELBO: 1600.978, 1669.407 (1649.656)	Log prob: 1609.173, 1674.866 (1663.389)	KLD: 8.195, 5.458 (13.733)	Grad: 0.113, 0.058
[Epoch  78 (67.49s)]	ELBO: 1602.122, 1670.130 (1652.538)	Log prob: 1610.336, 1675.588 (1666.073)	KLD: 8.213, 5.457 (13.535)	Grad: 0.110, 0.057
[Epoch  79 (60.95s)]	ELBO: 1602.408, 1670.317 (1650.749)	Log prob: 1610.606, 1675.798 (1664.389)	KLD: 8.198, 5.480 (13.640)	Grad: 0.110, 0.057
[Epoch  80 (58.76s)]	ELBO: 1602.071, 1669.784 (1651.294)	Log prob: 1610.275, 1675.262 (1664.752)	KLD: 8.203, 5.478 (13.458)	Grad: 0.115, 0.058
[Epoch  81 (60.66s)]	ELBO: 1602.438, 1670.309 (1651.021)	Log prob: 1610.670, 1675.781 (1664.861)	KLD: 8.233, 5.472 (13.840)	Grad: 0.113, 0.057
[Epoch  82 (60.25s)]	ELBO: 1602.726, 1670.490 (1651.763)	Log prob: 1610.940, 1675.948 (1665.559)	KLD: 8.215, 5.457 (13.796)	Grad: 0.113, 0.057
[Epoch  83 (60.57s)]	ELBO: 1602.454, 1670.613 (1651.784)	Log prob: 1610.674, 1676.088 (1665.467)	KLD: 8.220, 5.476 (13.683)	Grad: 0.115, 0.057
[Epoch  84 (61.21s)]	ELBO: 1603.400, 1671.219 (1648.549)	Log prob: 1611.627, 1676.699 (1662.567)	KLD: 8.227, 5.480 (14.017)	Grad: 0.109, 0.057
[Epoch  85 (58.28s)]	ELBO: 1602.641, 1670.571 (1652.067)	Log prob: 1610.861, 1676.068 (1665.897)	KLD: 8.220, 5.497 (13.829)	Grad: 0.119, 0.058
[Epoch  86 (56.03s)]	ELBO: 1602.811, 1671.197 (1653.066)	Log prob: 1611.050, 1676.692 (1666.593)	KLD: 8.238, 5.495 (13.527)	Grad: 0.116, 0.056
[Epoch  87 (54.82s)]	ELBO: 1602.870, 1671.079 (1648.985)	Log prob: 1611.092, 1676.543 (1662.781)	KLD: 8.222, 5.464 (13.796)	Grad: 0.115, 0.057
[Epoch  88 (57.34s)]	ELBO: 1603.281, 1671.470 (1652.069)	Log prob: 1611.515, 1676.959 (1665.766)	KLD: 8.234, 5.489 (13.697)	Grad: 0.112, 0.057
[Epoch  89 (55.53s)]	ELBO: 1603.264, 1671.196 (1652.378)	Log prob: 1611.481, 1676.686 (1666.204)	KLD: 8.218, 5.491 (13.826)	Grad: 0.114, 0.058
[Epoch  90 (57.92s)]	ELBO: 1604.106, 1672.101 (1651.680)	Log prob: 1612.333, 1677.569 (1665.303)	KLD: 8.226, 5.467 (13.623)	Grad: 0.113, 0.057
[Epoch  91 (54.29s)]	ELBO: 1604.410, 1672.201 (1652.833)	Log prob: 1612.664, 1677.710 (1666.669)	KLD: 8.254, 5.509 (13.836)	Grad: 0.114, 0.057
[Epoch  92 (51.19s)]	ELBO: 1604.400, 1671.601 (1652.059)	Log prob: 1612.636, 1677.078 (1665.707)	KLD: 8.239, 5.478 (13.649)	Grad: 0.112, 0.057
[Epoch  93 (52.80s)]	ELBO: 1605.059, 1672.208 (1652.838)	Log prob: 1613.313, 1677.684 (1666.697)	KLD: 8.255, 5.477 (13.859)	Grad: 0.111, 0.057
[Epoch  94 (50.91s)]	ELBO: 1604.729, 1672.385 (1653.087)	Log prob: 1612.961, 1677.865 (1666.834)	KLD: 8.232, 5.480 (13.747)	Grad: 0.121, 0.057
[Epoch  95 (51.47s)]	ELBO: 1605.455, 1672.642 (1653.440)	Log prob: 1613.714, 1678.093 (1667.307)	KLD: 8.259, 5.451 (13.866)	Grad: 0.112, 0.057
[Epoch  96 (51.35s)]	ELBO: 1605.339, 1672.894 (1651.618)	Log prob: 1613.604, 1678.404 (1665.282)	KLD: 8.264, 5.511 (13.665)	Grad: 0.113, 0.056
[Epoch  97 (50.58s)]	ELBO: 1605.488, 1673.131 (1651.276)	Log prob: 1613.744, 1678.600 (1665.000)	KLD: 8.257, 5.470 (13.724)	Grad: 0.114, 0.057
[Epoch  98 (54.05s)]	ELBO: 1605.491, 1673.187 (1652.749)	Log prob: 1613.736, 1678.697 (1666.537)	KLD: 8.244, 5.511 (13.788)	Grad: 0.117, 0.057
[Epoch  99 (54.63s)]	ELBO: 1606.349, 1673.417 (1654.801)	Log prob: 1614.605, 1678.919 (1668.594)	KLD: 8.256, 5.501 (13.793)	Grad: 0.111, 0.057
[Epoch 100 (52.23s)]	ELBO: 1605.501, 1673.124 (1653.103)	Log prob: 1613.768, 1678.621 (1666.977)	KLD: 8.267, 5.498 (13.875)	Grad: 0.116, 0.057
[Epoch 101 (49.87s)]	ELBO: 1605.394, 1672.795 (1653.946)	Log prob: 1613.641, 1678.278 (1667.768)	KLD: 8.247, 5.482 (13.822)	Grad: 0.116, 0.057
[Epoch 102 (51.24s)]	ELBO: 1605.283, 1673.022 (1651.590)	Log prob: 1613.547, 1678.517 (1665.193)	KLD: 8.262, 5.495 (13.603)	Grad: 0.116, 0.056
[Epoch 103 (47.22s)]	ELBO: 1604.817, 1672.057 (1651.787)	Log prob: 1613.052, 1677.564 (1665.339)	KLD: 8.235, 5.505 (13.553)	Grad: 0.114, 0.057
[Epoch 104 (47.68s)]	ELBO: 1605.261, 1672.324 (1653.534)	Log prob: 1613.517, 1677.816 (1667.280)	KLD: 8.257, 5.491 (13.746)	Grad: 0.115, 0.058
[Epoch 105 (46.89s)]	ELBO: 1606.869, 1674.271 (1652.492)	Log prob: 1615.154, 1679.784 (1666.226)	KLD: 8.285, 5.512 (13.734)	Grad: 0.118, 0.056
[Epoch 106 (47.50s)]	ELBO: 1606.471, 1673.560 (1650.194)	Log prob: 1614.756, 1679.067 (1663.675)	KLD: 8.285, 5.506 (13.481)	Grad: 0.113, 0.057
[Epoch 107 (49.93s)]	ELBO: 1606.402, 1673.525 (1652.695)	Log prob: 1614.698, 1679.034 (1666.439)	KLD: 8.296, 5.509 (13.744)	Grad: 0.117, 0.056
[Epoch 108 (47.36s)]	ELBO: 1606.505, 1673.418 (1654.151)	Log prob: 1614.796, 1678.920 (1668.054)	KLD: 8.291, 5.502 (13.904)	Grad: 0.117, 0.058
No improvement after 10 epochs...
Best epoch(s): [99]	Training time(s): 7284.34s (7284.34s)	Best ELBO: 1674.271 (1654.801)	Best log prob: 1679.784 (1668.594)
Avg. mu: -0.342, 0.047, -0.202, -0.213
Avg. var: 0.000, 0.001, 0.005, 0.004
Max. mu: 2.759, 5.277, 3.831, 5.467
Max. var: 0.007, 0.040, 0.027, 0.027
Min. mu: -5.787, -2.779, -5.345, -3.805
Min. var: 0.000, 0.000, 0.001, 0.001
Cov. mu:
[[1.393 0.015 0.182 -0.247]
 [0.015 0.958 0.090 -0.075]
 [0.182 0.090 0.926 0.047]
 [-0.247 -0.075 0.047 0.905]]
