Encoder
=================================================================
Layer (type:depth-idx)                   Param #
=================================================================
Encoder                                  --
├─Conv2d: 1-1                            20
├─Conv2d: 1-2                            36
├─Conv2d: 1-3                            296
├─Conv2d: 1-4                            528
├─Linear: 1-5                            153,860
├─Linear: 1-6                            9,653
=================================================================
Total params: 164,393
Trainable params: 164,393
Non-trainable params: 0
=================================================================
Encoder to Latents 0
=================================================================
Layer (type:depth-idx)                   Param #
=================================================================
EncoderToLatents                         --
├─Linear: 1-1                            100
├─Linear: 1-2                            100
=================================================================
Total params: 200
Trainable params: 200
Non-trainable params: 0
=================================================================
Encoder to Latents 1
=================================================================
Layer (type:depth-idx)                   Param #
=================================================================
EncoderToLatents                         --
├─Linear: 1-1                            100
├─Linear: 1-2                            100
=================================================================
Total params: 200
Trainable params: 200
Non-trainable params: 0
=================================================================
Latents to Decoder 0
=================================================================
Layer (type:depth-idx)                   Param #
=================================================================
LatentsToDecoder                         --
├─Linear: 1-1                            147
=================================================================
Total params: 147
Trainable params: 147
Non-trainable params: 0
=================================================================
Latents to Decoder 1
=================================================================
Layer (type:depth-idx)                   Param #
=================================================================
LatentsToDecoder                         --
├─Linear: 1-1                            147
=================================================================
Total params: 147
Trainable params: 147
Non-trainable params: 0
=================================================================
Decoder
=================================================================
Layer (type:depth-idx)                   Param #
=================================================================
Decoder                                  --
├─Linear: 1-1                            9,800
├─Linear: 1-2                            154,448
├─ConvTranspose2d: 1-3                   520
├─ConvTranspose2d: 1-4                   292
├─ConvTranspose2d: 1-5                   34
├─ConvTranspose2d: 1-6                   19
=================================================================
Total params: 165,113
Trainable params: 165,113
Non-trainable params: 0
=================================================================
[Epoch   1 (290.24s)]	ELBO: 1005.348, 1049.784 (1331.187)	Log prob: 1042.898, 1051.514 (1346.379)	KLD: 37.550, 1.730 (15.192)
[Epoch   2 (317.71s)]	ELBO: 1344.484, 1354.592 (1356.171)	Log prob: 1353.982, 1355.040 (1363.048)	KLD: 9.499, 0.449 (6.876)
[Epoch   3 (297.87s)]	ELBO: 1383.965, 1390.446 (1406.153)	Log prob: 1390.049, 1391.029 (1413.730)	KLD: 6.085, 0.583 (7.577)
[Epoch   4 (284.10s)]	ELBO: 1440.389, 1449.340 (1478.029)	Log prob: 1448.725, 1449.802 (1487.173)	KLD: 8.337, 0.461 (9.144)
[Epoch   5 (303.06s)]	ELBO: 1491.749, 1508.870 (1523.308)	Log prob: 1500.112, 1510.111 (1533.123)	KLD: 8.364, 1.241 (9.816)
[Epoch   6 (302.83s)]	ELBO: 1508.072, 1542.735 (1546.453)	Log prob: 1515.954, 1544.917 (1556.552)	KLD: 7.882, 2.181 (10.099)
[Epoch   7 (317.30s)]	ELBO: 1517.643, 1560.911 (1559.249)	Log prob: 1525.287, 1563.311 (1569.104)	KLD: 7.645, 2.401 (9.855)
[Epoch   8 (307.72s)]	ELBO: 1524.029, 1570.415 (1566.929)	Log prob: 1531.505, 1572.870 (1577.143)	KLD: 7.477, 2.454 (10.213)
[Epoch   9 (283.97s)]	ELBO: 1530.582, 1577.615 (1573.184)	Log prob: 1538.033, 1580.064 (1583.027)	KLD: 7.452, 2.449 (9.843)
[Epoch  10 (289.73s)]	ELBO: 1536.069, 1583.670 (1577.441)	Log prob: 1543.481, 1586.144 (1587.409)	KLD: 7.413, 2.474 (9.968)
[Epoch  11 (294.54s)]	ELBO: 1541.084, 1589.126 (1577.937)	Log prob: 1548.561, 1591.648 (1588.229)	KLD: 7.476, 2.521 (10.293)
[Epoch  12 (307.49s)]	ELBO: 1545.159, 1593.103 (1586.190)	Log prob: 1552.658, 1595.674 (1596.233)	KLD: 7.499, 2.572 (10.043)
[Epoch  13 (302.81s)]	ELBO: 1549.699, 1597.444 (1589.900)	Log prob: 1557.311, 1600.038 (1599.843)	KLD: 7.613, 2.594 (9.943)
[Epoch  14 (301.73s)]	ELBO: 1553.052, 1600.943 (1593.131)	Log prob: 1560.714, 1603.590 (1603.642)	KLD: 7.662, 2.646 (10.511)
[Epoch  15 (305.50s)]	ELBO: 1556.866, 1604.156 (1591.084)	Log prob: 1564.588, 1606.798 (1601.444)	KLD: 7.722, 2.642 (10.360)
[Epoch  16 (305.19s)]	ELBO: 1560.311, 1607.437 (1599.684)	Log prob: 1568.130, 1610.118 (1610.314)	KLD: 7.819, 2.681 (10.630)
[Epoch  17 (300.69s)]	ELBO: 1564.050, 1610.637 (1599.031)	Log prob: 1571.998, 1613.323 (1609.415)	KLD: 7.948, 2.686 (10.383)
[Epoch  18 (298.57s)]	ELBO: 1566.114, 1612.341 (1602.670)	Log prob: 1574.045, 1615.041 (1613.470)	KLD: 7.932, 2.700 (10.801)
[Epoch  19 (311.08s)]	ELBO: 1568.696, 1614.580 (1604.152)	Log prob: 1576.731, 1617.288 (1614.785)	KLD: 8.035, 2.707 (10.633)
[Epoch  20 (304.33s)]	ELBO: 1570.911, 1615.120 (1603.590)	Log prob: 1578.956, 1617.816 (1614.296)	KLD: 8.045, 2.696 (10.706)
[Epoch  21 (303.43s)]	ELBO: 1573.683, 1617.546 (1606.516)	Log prob: 1581.787, 1620.254 (1617.136)	KLD: 8.105, 2.708 (10.620)
[Epoch  22 (289.51s)]	ELBO: 1575.872, 1619.554 (1605.855)	Log prob: 1584.049, 1622.292 (1616.620)	KLD: 8.177, 2.738 (10.765)
[Epoch  23 (310.39s)]	ELBO: 1576.245, 1619.282 (1608.232)	Log prob: 1584.428, 1622.000 (1619.097)	KLD: 8.182, 2.719 (10.865)
[Epoch  24 (298.05s)]	ELBO: 1578.707, 1621.633 (1610.506)	Log prob: 1586.958, 1624.384 (1621.210)	KLD: 8.251, 2.751 (10.704)
[Epoch  25 (310.31s)]	ELBO: 1580.489, 1623.692 (1611.947)	Log prob: 1588.792, 1626.459 (1622.903)	KLD: 8.304, 2.767 (10.956)
[Epoch  26 (306.14s)]	ELBO: 1581.827, 1625.408 (1614.083)	Log prob: 1590.197, 1628.164 (1625.013)	KLD: 8.370, 2.756 (10.931)
[Epoch  27 (311.61s)]	ELBO: 1583.489, 1626.088 (1611.832)	Log prob: 1591.857, 1628.844 (1622.991)	KLD: 8.368, 2.757 (11.159)
[Epoch  28 (316.91s)]	ELBO: 1585.406, 1628.153 (1615.109)	Log prob: 1593.812, 1630.922 (1626.196)	KLD: 8.406, 2.769 (11.086)
[Epoch  29 (314.05s)]	ELBO: 1585.943, 1628.087 (1613.634)	Log prob: 1594.356, 1630.863 (1624.635)	KLD: 8.412, 2.776 (11.001)
[Epoch  30 (317.83s)]	ELBO: 1586.707, 1628.460 (1616.534)	Log prob: 1595.138, 1631.214 (1628.077)	KLD: 8.430, 2.756 (11.543)
[Epoch  31 (327.47s)]	ELBO: 1587.524, 1630.769 (1616.167)	Log prob: 1595.970, 1633.565 (1627.683)	KLD: 8.446, 2.796 (11.516)
[Epoch  32 (301.34s)]	ELBO: 1589.635, 1632.893 (1619.416)	Log prob: 1598.136, 1635.719 (1631.020)	KLD: 8.501, 2.827 (11.603)
[Epoch  33 (302.35s)]	ELBO: 1591.042, 1633.891 (1620.779)	Log prob: 1599.584, 1636.714 (1632.376)	KLD: 8.542, 2.822 (11.597)
[Epoch  34 (301.57s)]	ELBO: 1590.880, 1633.777 (1620.224)	Log prob: 1599.414, 1636.608 (1631.849)	KLD: 8.534, 2.831 (11.626)
[Epoch  35 (308.84s)]	ELBO: 1591.813, 1634.469 (1618.735)	Log prob: 1600.365, 1637.295 (1630.176)	KLD: 8.552, 2.825 (11.441)
[Epoch  36 (304.63s)]	ELBO: 1592.335, 1634.366 (1616.288)	Log prob: 1600.882, 1637.176 (1627.711)	KLD: 8.548, 2.810 (11.424)
[Epoch  37 (305.09s)]	ELBO: 1594.421, 1636.336 (1620.033)	Log prob: 1603.037, 1639.149 (1631.420)	KLD: 8.616, 2.811 (11.386)
[Epoch  38 (305.47s)]	ELBO: 1594.682, 1637.385 (1620.290)	Log prob: 1603.296, 1640.224 (1631.576)	KLD: 8.614, 2.839 (11.286)
[Epoch  39 (348.98s)]	ELBO: 1588.397, 1633.773 (1620.053)	Log prob: 1597.020, 1636.649 (1631.564)	KLD: 8.622, 2.875 (11.511)
[Epoch  40 (448.53s)]	ELBO: 1589.869, 1635.099 (1623.688)	Log prob: 1598.491, 1637.975 (1635.067)	KLD: 8.623, 2.875 (11.379)
[Epoch  41 (439.72s)]	ELBO: 1594.047, 1638.611 (1622.747)	Log prob: 1602.653, 1641.485 (1633.955)	KLD: 8.606, 2.873 (11.208)
[Epoch  42 (445.79s)]	ELBO: 1596.574, 1639.869 (1626.050)	Log prob: 1605.227, 1642.743 (1637.456)	KLD: 8.652, 2.874 (11.406)
[Epoch  43 (433.32s)]	ELBO: 1596.551, 1640.339 (1626.669)	Log prob: 1605.206, 1643.210 (1638.090)	KLD: 8.655, 2.871 (11.421)
[Epoch  44 (436.86s)]	ELBO: 1595.241, 1639.654 (1624.811)	Log prob: 1603.921, 1642.559 (1636.272)	KLD: 8.681, 2.905 (11.461)
[Epoch  45 (457.13s)]	ELBO: 1596.336, 1640.428 (1626.186)	Log prob: 1604.992, 1643.322 (1637.641)	KLD: 8.656, 2.895 (11.455)
[Epoch  46 (528.88s)]	ELBO: 1597.743, 1640.393 (1624.448)	Log prob: 1606.384, 1643.254 (1635.888)	KLD: 8.641, 2.862 (11.440)
[Epoch  47 (6236.30s)]	ELBO: 1599.496, 1641.747 (1628.316)	Log prob: 1608.128, 1644.617 (1639.992)	KLD: 8.631, 2.869 (11.676)
[Epoch  48 (401.27s)]	ELBO: 1599.780, 1642.353 (1628.768)	Log prob: 1608.455, 1645.208 (1640.425)	KLD: 8.675, 2.856 (11.657)
[Epoch  49 (418.62s)]	ELBO: 1600.635, 1642.769 (1628.395)	Log prob: 1609.340, 1645.619 (1639.965)	KLD: 8.705, 2.850 (11.570)
[Epoch  50 (441.04s)]	ELBO: 1600.852, 1643.432 (1629.735)	Log prob: 1609.581, 1646.309 (1641.612)	KLD: 8.729, 2.877 (11.877)
[Epoch  51 (423.52s)]	ELBO: 1600.999, 1644.246 (1631.686)	Log prob: 1609.755, 1647.131 (1643.219)	KLD: 8.755, 2.886 (11.533)
[Epoch  52 (424.92s)]	ELBO: 1603.355, 1646.718 (1631.926)	Log prob: 1612.059, 1649.611 (1643.526)	KLD: 8.704, 2.892 (11.600)
[Epoch  53 (428.86s)]	ELBO: 1602.977, 1646.580 (1630.608)	Log prob: 1611.703, 1649.501 (1642.392)	KLD: 8.727, 2.921 (11.784)
[Epoch  54 (427.83s)]	ELBO: 1601.458, 1645.987 (1630.974)	Log prob: 1610.195, 1648.938 (1642.908)	KLD: 8.737, 2.950 (11.934)
[Epoch  55 (424.81s)]	ELBO: 1600.769, 1644.423 (1628.266)	Log prob: 1609.501, 1647.360 (1640.501)	KLD: 8.731, 2.938 (12.236)
[Epoch  56 (428.55s)]	ELBO: 1599.972, 1644.077 (1631.437)	Log prob: 1608.711, 1647.033 (1643.326)	KLD: 8.739, 2.957 (11.890)
[Epoch  57 (434.74s)]	ELBO: 1601.283, 1646.427 (1633.211)	Log prob: 1610.058, 1649.403 (1644.628)	KLD: 8.774, 2.975 (11.417)
[Epoch  58 (444.27s)]	ELBO: 1603.123, 1647.452 (1634.793)	Log prob: 1611.881, 1650.419 (1646.461)	KLD: 8.759, 2.968 (11.668)
[Epoch  59 (435.16s)]	ELBO: 1604.044, 1648.096 (1627.592)	Log prob: 1612.817, 1651.065 (1638.873)	KLD: 8.774, 2.968 (11.281)
[Epoch  60 (441.70s)]	ELBO: 1603.295, 1647.330 (1633.515)	Log prob: 1612.054, 1650.269 (1645.243)	KLD: 8.758, 2.938 (11.728)
[Epoch  61 (457.91s)]	ELBO: 1605.070, 1648.655 (1634.902)	Log prob: 1613.856, 1651.602 (1646.734)	KLD: 8.785, 2.947 (11.832)
[Epoch  62 (442.41s)]	ELBO: 1605.818, 1649.774 (1627.470)	Log prob: 1614.635, 1652.729 (1639.400)	KLD: 8.819, 2.956 (11.930)
[Epoch  63 (444.88s)]	ELBO: 1603.210, 1647.863 (1635.114)	Log prob: 1612.027, 1650.831 (1646.711)	KLD: 8.818, 2.969 (11.597)
[Epoch  64 (454.95s)]	ELBO: 1605.534, 1649.467 (1634.052)	Log prob: 1614.323, 1652.434 (1645.667)	KLD: 8.788, 2.968 (11.615)
[Epoch  65 (444.13s)]	ELBO: 1605.554, 1649.598 (1632.227)	Log prob: 1614.399, 1652.591 (1644.009)	KLD: 8.847, 2.993 (11.782)
[Epoch  66 (440.21s)]	ELBO: 1606.066, 1650.860 (1634.041)	Log prob: 1614.958, 1653.880 (1645.892)	KLD: 8.892, 3.020 (11.851)
[Epoch  67 (446.39s)]	ELBO: 1607.473, 1651.849 (1634.584)	Log prob: 1616.306, 1654.837 (1646.648)	KLD: 8.834, 2.988 (12.064)
[Epoch  68 (444.78s)]	ELBO: 1606.926, 1651.488 (1636.648)	Log prob: 1615.784, 1654.508 (1648.540)	KLD: 8.858, 3.021 (11.892)
[Epoch  69 (438.41s)]	ELBO: 1607.676, 1651.842 (1637.532)	Log prob: 1616.561, 1654.872 (1649.554)	KLD: 8.887, 3.030 (12.023)
[Epoch  70 (443.28s)]	ELBO: 1607.336, 1651.619 (1637.455)	Log prob: 1616.222, 1654.624 (1649.394)	KLD: 8.886, 3.005 (11.939)
[Epoch  71 (442.09s)]	ELBO: 1604.817, 1650.005 (1636.068)	Log prob: 1613.682, 1653.035 (1648.046)	KLD: 8.864, 3.029 (11.978)
[Epoch  72 (456.83s)]	ELBO: 1607.658, 1652.078 (1639.277)	Log prob: 1616.527, 1655.064 (1651.032)	KLD: 8.870, 2.987 (11.755)
[Epoch  73 (447.56s)]	ELBO: 1609.294, 1653.012 (1638.544)	Log prob: 1618.172, 1655.993 (1650.371)	KLD: 8.878, 2.981 (11.827)
[Epoch  74 (755.29s)]	ELBO: 1608.259, 1651.777 (1637.754)	Log prob: 1617.177, 1654.794 (1649.589)	KLD: 8.919, 3.017 (11.834)
[Epoch  75 (428.26s)]	ELBO: 1608.656, 1652.529 (1638.845)	Log prob: 1617.617, 1655.561 (1650.839)	KLD: 8.961, 3.031 (11.995)
[Epoch  76 (441.55s)]	ELBO: 1610.555, 1654.363 (1636.502)	Log prob: 1619.510, 1657.373 (1648.526)	KLD: 8.955, 3.011 (12.024)
[Epoch  77 (382.85s)]	ELBO: 1609.625, 1652.790 (1636.781)	Log prob: 1618.510, 1655.759 (1648.710)	KLD: 8.887, 2.969 (11.929)
[Epoch  78 (318.08s)]	ELBO: 1611.948, 1655.333 (1639.325)	Log prob: 1620.883, 1658.341 (1651.347)	KLD: 8.934, 3.009 (12.022)
[Epoch  79 (317.36s)]	ELBO: 1611.252, 1654.126 (1640.118)	Log prob: 1620.186, 1657.105 (1651.670)	KLD: 8.934, 2.979 (11.552)
[Epoch  80 (307.86s)]	ELBO: 1612.437, 1655.454 (1640.410)	Log prob: 1621.361, 1658.452 (1652.249)	KLD: 8.925, 2.997 (11.839)
[Epoch  81 (318.19s)]	ELBO: 1611.943, 1655.095 (1640.889)	Log prob: 1620.869, 1658.082 (1653.133)	KLD: 8.927, 2.988 (12.244)
[Epoch  82 (319.37s)]	ELBO: 1611.873, 1655.055 (1639.100)	Log prob: 1620.838, 1658.070 (1651.102)	KLD: 8.965, 3.015 (12.003)
[Epoch  83 (315.82s)]	ELBO: 1612.571, 1655.880 (1640.864)	Log prob: 1621.518, 1658.880 (1653.070)	KLD: 8.945, 3.000 (12.206)
[Epoch  84 (309.96s)]	ELBO: 1610.190, 1653.687 (1639.628)	Log prob: 1619.165, 1656.689 (1651.676)	KLD: 8.974, 3.003 (12.048)
[Epoch  85 (311.71s)]	ELBO: 1612.448, 1656.098 (1640.929)	Log prob: 1621.438, 1659.118 (1652.729)	KLD: 8.990, 3.021 (11.800)
[Epoch  86 (316.98s)]	ELBO: 1614.243, 1657.482 (1642.763)	Log prob: 1623.204, 1660.501 (1654.774)	KLD: 8.960, 3.019 (12.011)
[Epoch  87 (318.50s)]	ELBO: 1613.501, 1656.541 (1641.803)	Log prob: 1622.481, 1659.546 (1653.683)	KLD: 8.980, 3.004 (11.881)
[Epoch  88 (304.16s)]	ELBO: 1614.398, 1657.488 (1638.088)	Log prob: 1623.420, 1660.518 (1649.839)	KLD: 9.022, 3.030 (11.751)
[Epoch  89 (283.09s)]	ELBO: 1612.715, 1655.365 (1642.006)	Log prob: 1621.671, 1658.353 (1653.619)	KLD: 8.956, 2.988 (11.614)
[Epoch  90 (298.40s)]	ELBO: 1614.013, 1657.041 (1639.439)	Log prob: 1622.995, 1660.050 (1651.722)	KLD: 8.982, 3.008 (12.283)
[Epoch  91 (187.32s)]	ELBO: 1614.350, 1657.351 (1642.203)	Log prob: 1623.357, 1660.372 (1654.498)	KLD: 9.007, 3.021 (12.295)
[Epoch  92 (162.41s)]	ELBO: 1615.526, 1658.494 (1643.338)	Log prob: 1624.522, 1661.490 (1655.223)	KLD: 8.996, 2.997 (11.885)
[Epoch  93 (172.68s)]	ELBO: 1614.315, 1657.334 (1639.113)	Log prob: 1623.299, 1660.363 (1650.838)	KLD: 8.984, 3.028 (11.725)
[Epoch  94 (170.54s)]	ELBO: 1614.676, 1657.653 (1642.246)	Log prob: 1623.654, 1660.653 (1654.149)	KLD: 8.980, 2.999 (11.903)
[Epoch  95 (175.01s)]	ELBO: 1614.348, 1658.305 (1641.559)	Log prob: 1623.329, 1661.312 (1653.261)	KLD: 8.980, 3.008 (11.703)
[Epoch  96 (170.79s)]	ELBO: 1615.869, 1659.345 (1642.727)	Log prob: 1624.885, 1662.386 (1654.605)	KLD: 9.017, 3.040 (11.879)
[Epoch  97 (164.08s)]	ELBO: 1615.197, 1658.666 (1644.236)	Log prob: 1624.214, 1661.726 (1656.444)	KLD: 9.016, 3.059 (12.208)
[Epoch  98 (175.67s)]	ELBO: 1615.187, 1658.130 (1643.214)	Log prob: 1624.204, 1661.141 (1655.282)	KLD: 9.018, 3.010 (12.068)
[Epoch  99 (166.65s)]	ELBO: 1616.356, 1659.527 (1643.482)	Log prob: 1625.344, 1662.550 (1655.615)	KLD: 8.986, 3.024 (12.133)
[Epoch 100 (173.98s)]	ELBO: 1617.427, 1660.666 (1643.226)	Log prob: 1626.462, 1663.700 (1655.205)	KLD: 9.034, 3.034 (11.980)
Best epoch: 97	Training time: 40482.57s	Best ELBO: 1660.666 (1644.236)	Best log prob: -1051.514 (-1346.379)
Avg. mu: 0.554, 0.206, -0.030, 0.000
Avg. var: 0.000, 0.001, 0.003, 1.000
Max. mu: 4.047, 4.811, 4.697, 0.000
Max. var: 0.006, 0.620, 0.064, 1.000
Min. mu: -2.289, -8.942, -3.660, -0.000
Min. var: 0.000, 0.000, 0.000, 1.000
Cov. mu:
[[0.730 -0.115 0.050 0.000]
 [-0.115 1.346 0.038 0.000]
 [0.050 0.038 1.037 -0.000]
 [0.000 0.000 -0.000 0.000]]
