Seed: 2021
=================================================================
Layer (type:depth-idx)                   Param #
=================================================================
VAE                                      --
├─Encoder: 1-1                           --
│    └─Linear: 2-1                       76,930
│    └─Linear: 2-2                       9,702
├─Decoder: 1-2                           --
│    └─Linear: 2-3                       9,702
│    └─Linear: 2-4                       77,616
=================================================================
Total params: 173,950
Trainable params: 173,950
Non-trainable params: 0
=================================================================
[Epoch   1 (14.63s)]	ELBO (bits/dim): 2.44689 (2.67725)	Reconstruction error (/dim): 0.07782 (0.06451)	KLD: 0.359, 0.492, 1.284, 0.801, 0.387, 0.402, 0.610, 0.174, 2.388, 0.310 (13.813)	Grad: 0.1
[Epoch   2 (15.08s)]	ELBO (bits/dim): 2.80707 (2.88558)	Reconstruction error (/dim): 0.05645 (0.05075)	KLD: 1.260, 2.230, 2.760, 2.001, 1.953, 1.153, 2.798, 0.207, 3.141, 1.225 (21.881)	Grad: 0.1
[Epoch   3 (14.24s)]	ELBO (bits/dim): 2.93043 (2.97994)	Reconstruction error (/dim): 0.04733 (0.04378)	KLD: 2.049, 2.654, 2.938, 2.136, 2.593, 2.219, 3.034, 0.358, 3.373, 1.873 (25.052)	Grad: 0.1
[Epoch   4 (14.54s)]	ELBO (bits/dim): 3.00501 (3.03692)	Reconstruction error (/dim): 0.04184 (0.03927)	KLD: 2.443, 2.705, 3.237, 2.207, 2.877, 2.294, 2.993, 1.103, 3.432, 2.536 (26.361)	Grad: 0.1
[Epoch   5 (14.34s)]	ELBO (bits/dim): 3.05675 (3.07708)	Reconstruction error (/dim): 0.03816 (0.03647)	KLD: 2.463, 2.724, 3.253, 2.317, 2.883, 2.379, 2.991, 1.818, 3.540, 2.723 (27.677)	Grad: 0.1
[Epoch   6 (15.15s)]	ELBO (bits/dim): 3.08830 (3.10234)	Reconstruction error (/dim): 0.03595 (0.03457)	KLD: 2.494, 2.730, 3.276, 2.421, 2.984, 2.450, 3.015, 1.942, 3.633, 2.754 (27.582)	Grad: 0.1
[Epoch   7 (14.05s)]	ELBO (bits/dim): 3.11114 (3.12196)	Reconstruction error (/dim): 0.03437 (0.03339)	KLD: 2.492, 2.742, 3.222, 2.435, 3.045, 2.463, 3.019, 2.019, 3.588, 2.766 (27.940)	Grad: 0.1
[Epoch   8 (14.07s)]	ELBO (bits/dim): 3.12895 (3.13874)	Reconstruction error (/dim): 0.03319 (0.03232)	KLD: 2.486, 2.725, 3.177, 2.450, 3.030, 2.473, 3.000, 2.057, 3.543, 2.756 (27.888)	Grad: 0.1
[Epoch   9 (14.51s)]	ELBO (bits/dim): 3.14433 (3.15190)	Reconstruction error (/dim): 0.03212 (0.03126)	KLD: 2.503, 2.735, 3.167, 2.437, 3.031, 2.491, 3.001, 2.105, 3.518, 2.736 (27.938)	Grad: 0.1
[Epoch  10 (14.31s)]	ELBO (bits/dim): 3.15539 (3.16275)	Reconstruction error (/dim): 0.03135 (0.03063)	KLD: 2.531, 2.734, 3.142, 2.424, 2.995, 2.491, 2.965, 2.141, 3.500, 2.710 (27.571)	Grad: 0.1
[Epoch  11 (14.88s)]	ELBO (bits/dim): 3.16399 (3.17004)	Reconstruction error (/dim): 0.03077 (0.02996)	KLD: 2.536, 2.741, 3.122, 2.418, 2.980, 2.486, 2.944, 2.158, 3.493, 2.700 (27.753)	Grad: 0.1
[Epoch  12 (14.53s)]	ELBO (bits/dim): 3.17194 (3.17711)	Reconstruction error (/dim): 0.03023 (0.02948)	KLD: 2.528, 2.738, 3.107, 2.410, 2.974, 2.478, 2.918, 2.177, 3.475, 2.679 (27.355)	Grad: 0.1
[Epoch  13 (13.95s)]	ELBO (bits/dim): 3.17879 (3.18475)	Reconstruction error (/dim): 0.02977 (0.02894)	KLD: 2.526, 2.727, 3.087, 2.405, 2.964, 2.474, 2.890, 2.184, 3.473, 2.666 (27.595)	Grad: 0.1
[Epoch  14 (14.54s)]	ELBO (bits/dim): 3.18478 (3.19029)	Reconstruction error (/dim): 0.02934 (0.02870)	KLD: 2.521, 2.720, 3.076, 2.403, 2.957, 2.471, 2.873, 2.189, 3.445, 2.663 (27.441)	Grad: 0.1
[Epoch  15 (14.28s)]	ELBO (bits/dim): 3.19026 (3.19452)	Reconstruction error (/dim): 0.02896 (0.02839)	KLD: 2.521, 2.730, 3.079, 2.392, 2.961, 2.469, 2.868, 2.204, 3.446, 2.652 (27.367)	Grad: 0.1
[Epoch  16 (14.67s)]	ELBO (bits/dim): 3.19510 (3.19918)	Reconstruction error (/dim): 0.02864 (0.02814)	KLD: 2.504, 2.726, 3.059, 2.384, 2.947, 2.461, 2.850, 2.204, 3.430, 2.633 (27.334)	Grad: 0.1
[Epoch  17 (14.65s)]	ELBO (bits/dim): 3.19979 (3.20422)	Reconstruction error (/dim): 0.02831 (0.02768)	KLD: 2.512, 2.706, 3.054, 2.389, 2.938, 2.474, 2.851, 2.206, 3.430, 2.638 (27.157)	Grad: 0.1
[Epoch  18 (14.64s)]	ELBO (bits/dim): 3.20405 (3.20689)	Reconstruction error (/dim): 0.02802 (0.02758)	KLD: 2.509, 2.713, 3.029, 2.399, 2.941, 2.464, 2.842, 2.226, 3.422, 2.646 (27.463)	Grad: 0.1
[Epoch  19 (14.71s)]	ELBO (bits/dim): 3.20767 (3.21028)	Reconstruction error (/dim): 0.02777 (0.02723)	KLD: 2.503, 2.708, 3.026, 2.383, 2.924, 2.474, 2.836, 2.217, 3.427, 2.633 (27.598)	Grad: 0.1
[Epoch  20 (14.19s)]	ELBO (bits/dim): 3.21119 (3.21427)	Reconstruction error (/dim): 0.02752 (0.02697)	KLD: 2.513, 2.712, 3.021, 2.385, 2.929, 2.477, 2.835, 2.226, 3.416, 2.629 (27.341)	Grad: 0.1
[Epoch  21 (14.53s)]	ELBO (bits/dim): 3.21422 (3.21775)	Reconstruction error (/dim): 0.02733 (0.02674)	KLD: 2.520, 2.709, 3.011, 2.370, 2.932, 2.486, 2.836, 2.224, 3.419, 2.627 (27.007)	Grad: 0.1
[Epoch  22 (14.69s)]	ELBO (bits/dim): 3.21725 (3.21973)	Reconstruction error (/dim): 0.02710 (0.02665)	KLD: 2.515, 2.700, 3.001, 2.374, 2.930, 2.494, 2.834, 2.224, 3.412, 2.629 (27.322)	Grad: 0.1
[Epoch  23 (14.64s)]	ELBO (bits/dim): 3.21975 (3.22288)	Reconstruction error (/dim): 0.02693 (0.02639)	KLD: 2.521, 2.703, 3.004, 2.368, 2.923, 2.489, 2.837, 2.235, 3.407, 2.629 (27.340)	Grad: 0.1
[Epoch  24 (14.33s)]	ELBO (bits/dim): 3.22208 (3.22376)	Reconstruction error (/dim): 0.02678 (0.02644)	KLD: 2.525, 2.704, 3.004, 2.365, 2.911, 2.487, 2.829, 2.235, 3.395, 2.626 (27.146)	Grad: 0.1
[Epoch  25 (13.36s)]	ELBO (bits/dim): 3.22455 (3.22638)	Reconstruction error (/dim): 0.02660 (0.02625)	KLD: 2.523, 2.702, 2.990, 2.360, 2.917, 2.495, 2.837, 2.232, 3.390, 2.637 (27.231)	Grad: 0.1
[Epoch  26 (11.27s)]	ELBO (bits/dim): 3.22628 (3.22737)	Reconstruction error (/dim): 0.02649 (0.02626)	KLD: 2.512, 2.690, 2.994, 2.355, 2.926, 2.494, 2.835, 2.235, 3.379, 2.636 (27.086)	Grad: 0.1
[Epoch  27 (11.41s)]	ELBO (bits/dim): 3.22851 (3.23057)	Reconstruction error (/dim): 0.02631 (0.02585)	KLD: 2.528, 2.693, 2.998, 2.356, 2.919, 2.494, 2.834, 2.234, 3.378, 2.630 (27.029)	Grad: 0.1
[Epoch  28 (11.58s)]	ELBO (bits/dim): 3.23014 (3.22917)	Reconstruction error (/dim): 0.02622 (0.02608)	KLD: 2.533, 2.686, 2.994, 2.352, 2.911, 2.494, 2.835, 2.239, 3.365, 2.633 (27.121)	Grad: 0.1
[Epoch  29 (11.41s)]	ELBO (bits/dim): 3.23194 (3.23207)	Reconstruction error (/dim): 0.02610 (0.02587)	KLD: 2.535, 2.685, 2.993, 2.351, 2.916, 2.500, 2.829, 2.246, 3.352, 2.634 (26.995)	Grad: 0.1
[Epoch  30 (11.69s)]	ELBO (bits/dim): 3.23368 (3.23426)	Reconstruction error (/dim): 0.02598 (0.02574)	KLD: 2.529, 2.672, 2.992, 2.339, 2.915, 2.496, 2.823, 2.241, 3.349, 2.630 (27.287)	Grad: 0.1
[Epoch  31 (11.81s)]	ELBO (bits/dim): 3.23502 (3.23402)	Reconstruction error (/dim): 0.02590 (0.02577)	KLD: 2.536, 2.681, 2.979, 2.349, 2.921, 2.501, 2.827, 2.242, 3.350, 2.632 (26.947)	Grad: 0.1
[Epoch  32 (11.49s)]	ELBO (bits/dim): 3.23660 (3.23602)	Reconstruction error (/dim): 0.02578 (0.02557)	KLD: 2.530, 2.684, 2.995, 2.347, 2.920, 2.501, 2.830, 2.255, 3.349, 2.634 (27.088)	Grad: 0.1
[Epoch  33 (11.99s)]	ELBO (bits/dim): 3.23809 (3.23833)	Reconstruction error (/dim): 0.02567 (0.02541)	KLD: 2.529, 2.682, 2.978, 2.348, 2.917, 2.507, 2.821, 2.248, 3.344, 2.631 (27.333)	Grad: 0.1
[Epoch  34 (11.70s)]	ELBO (bits/dim): 3.23942 (3.23954)	Reconstruction error (/dim): 0.02557 (0.02542)	KLD: 2.537, 2.685, 2.971, 2.351, 2.923, 2.509, 2.830, 2.251, 3.343, 2.647 (27.161)	Grad: 0.1
[Epoch  35 (11.79s)]	ELBO (bits/dim): 3.24084 (3.24056)	Reconstruction error (/dim): 0.02549 (0.02519)	KLD: 2.544, 2.675, 2.983, 2.349, 2.908, 2.504, 2.828, 2.261, 3.338, 2.641 (27.172)	Grad: 0.1
[Epoch  36 (11.19s)]	ELBO (bits/dim): 3.24205 (3.24212)	Reconstruction error (/dim): 0.02540 (0.02514)	KLD: 2.545, 2.675, 2.973, 2.345, 2.917, 2.508, 2.830, 2.255, 3.321, 2.642 (27.233)	Grad: 0.1
[Epoch  37 (11.73s)]	ELBO (bits/dim): 3.24320 (3.24218)	Reconstruction error (/dim): 0.02532 (0.02509)	KLD: 2.549, 2.678, 2.981, 2.345, 2.908, 2.508, 2.821, 2.258, 3.324, 2.644 (27.519)	Grad: 0.1
[Epoch  38 (12.13s)]	ELBO (bits/dim): 3.24390 (3.24385)	Reconstruction error (/dim): 0.02528 (0.02507)	KLD: 2.557, 2.679, 2.986, 2.350, 2.909, 2.510, 2.827, 2.257, 3.313, 2.647 (27.348)	Grad: 0.1
[Epoch  39 (12.72s)]	ELBO (bits/dim): 3.24508 (3.24368)	Reconstruction error (/dim): 0.02519 (0.02503)	KLD: 2.560, 2.673, 2.983, 2.342, 2.915, 2.521, 2.824, 2.262, 3.322, 2.658 (27.385)	Grad: 0.1
[Epoch  40 (11.83s)]	ELBO (bits/dim): 3.24608 (3.24604)	Reconstruction error (/dim): 0.02512 (0.02490)	KLD: 2.555, 2.675, 2.978, 2.353, 2.902, 2.516, 2.823, 2.268, 3.313, 2.649 (26.928)	Grad: 0.1
[Epoch  41 (11.55s)]	ELBO (bits/dim): 3.24696 (3.24567)	Reconstruction error (/dim): 0.02505 (0.02496)	KLD: 2.563, 2.682, 2.987, 2.355, 2.907, 2.519, 2.824, 2.271, 3.316, 2.652 (27.357)	Grad: 0.1
[Epoch  42 (11.86s)]	ELBO (bits/dim): 3.24797 (3.24788)	Reconstruction error (/dim): 0.02499 (0.02476)	KLD: 2.556, 2.680, 2.987, 2.343, 2.907, 2.515, 2.815, 2.268, 3.311, 2.656 (27.103)	Grad: 0.1
[Epoch  43 (11.63s)]	ELBO (bits/dim): 3.24880 (3.24875)	Reconstruction error (/dim): 0.02494 (0.02465)	KLD: 2.560, 2.687, 2.978, 2.356, 2.906, 2.522, 2.819, 2.280, 3.308, 2.652 (26.980)	Grad: 0.1
[Epoch  44 (11.59s)]	ELBO (bits/dim): 3.24951 (3.24952)	Reconstruction error (/dim): 0.02488 (0.02469)	KLD: 2.562, 2.685, 2.973, 2.354, 2.911, 2.529, 2.828, 2.274, 3.301, 2.647 (27.280)	Grad: 0.1
[Epoch  45 (11.54s)]	ELBO (bits/dim): 3.25045 (3.24903)	Reconstruction error (/dim): 0.02480 (0.02466)	KLD: 2.569, 2.686, 2.965, 2.349, 2.911, 2.522, 2.821, 2.279, 3.310, 2.657 (27.176)	Grad: 0.1
[Epoch  46 (11.48s)]	ELBO (bits/dim): 3.25109 (3.24923)	Reconstruction error (/dim): 0.02477 (0.02464)	KLD: 2.573, 2.689, 2.975, 2.363, 2.909, 2.529, 2.828, 2.282, 3.305, 2.665 (27.279)	Grad: 0.1
[Epoch  47 (11.78s)]	ELBO (bits/dim): 3.25205 (3.24904)	Reconstruction error (/dim): 0.02471 (0.02468)	KLD: 2.575, 2.685, 2.961, 2.357, 2.908, 2.523, 2.825, 2.282, 3.292, 2.660 (27.162)	Grad: 0.1
[Epoch  48 (12.36s)]	ELBO (bits/dim): 3.25236 (3.25018)	Reconstruction error (/dim): 0.02469 (0.02461)	KLD: 2.578, 2.688, 2.977, 2.353, 2.915, 2.528, 2.824, 2.285, 3.291, 2.652 (27.351)	Grad: 0.1
[Epoch  49 (11.63s)]	ELBO (bits/dim): 3.25321 (3.25083)	Reconstruction error (/dim): 0.02463 (0.02458)	KLD: 2.580, 2.690, 2.978, 2.359, 2.920, 2.528, 2.825, 2.287, 3.287, 2.649 (27.238)	Grad: 0.1
[Epoch  50 (11.95s)]	ELBO (bits/dim): 3.25380 (3.25114)	Reconstruction error (/dim): 0.02460 (0.02448)	KLD: 2.578, 2.687, 2.969, 2.357, 2.911, 2.523, 2.826, 2.288, 3.292, 2.654 (27.471)	Grad: 0.1
[Epoch  51 (12.10s)]	ELBO (bits/dim): 3.25461 (3.25204)	Reconstruction error (/dim): 0.02453 (0.02447)	KLD: 2.586, 2.692, 2.985, 2.356, 2.914, 2.526, 2.822, 2.293, 3.289, 2.653 (27.293)	Grad: 0.1
[Epoch  52 (12.45s)]	ELBO (bits/dim): 3.25502 (3.25313)	Reconstruction error (/dim): 0.02451 (0.02434)	KLD: 2.583, 2.684, 2.971, 2.355, 2.918, 2.521, 2.827, 2.288, 3.281, 2.662 (26.879)	Grad: 0.1
[Epoch  53 (12.01s)]	ELBO (bits/dim): 3.25580 (3.25333)	Reconstruction error (/dim): 0.02444 (0.02430)	KLD: 2.591, 2.685, 2.978, 2.371, 2.921, 2.525, 2.822, 2.295, 3.290, 2.664 (27.332)	Grad: 0.1
[Epoch  54 (13.28s)]	ELBO (bits/dim): 3.25643 (3.25443)	Reconstruction error (/dim): 0.02439 (0.02425)	KLD: 2.590, 2.686, 2.970, 2.355, 2.921, 2.525, 2.832, 2.288, 3.282, 2.657 (27.389)	Grad: 0.1
[Epoch  55 (14.67s)]	ELBO (bits/dim): 3.25704 (3.25353)	Reconstruction error (/dim): 0.02436 (0.02433)	KLD: 2.587, 2.689, 2.979, 2.362, 2.916, 2.525, 2.819, 2.288, 3.276, 2.661 (27.181)	Grad: 0.1
[Epoch  56 (14.70s)]	ELBO (bits/dim): 3.25758 (3.25415)	Reconstruction error (/dim): 0.02433 (0.02421)	KLD: 2.595, 2.690, 2.977, 2.372, 2.913, 2.517, 2.825, 2.293, 3.275, 2.666 (27.399)	Grad: 0.1
[Epoch  57 (15.07s)]	ELBO (bits/dim): 3.25766 (3.25557)	Reconstruction error (/dim): 0.02433 (0.02422)	KLD: 2.595, 2.688, 2.976, 2.367, 2.910, 2.524, 2.827, 2.297, 3.282, 2.675 (27.198)	Grad: 0.1
[Epoch  58 (15.99s)]	ELBO (bits/dim): 3.25868 (3.25547)	Reconstruction error (/dim): 0.02425 (0.02426)	KLD: 2.596, 2.694, 2.982, 2.376, 2.922, 2.525, 2.834, 2.295, 3.279, 2.677 (27.184)	Grad: 0.1
[Epoch  59 (15.71s)]	ELBO (bits/dim): 3.25897 (3.25662)	Reconstruction error (/dim): 0.02422 (0.02412)	KLD: 2.599, 2.694, 2.983, 2.371, 2.927, 2.531, 2.824, 2.291, 3.273, 2.668 (27.078)	Grad: 0.1
[Epoch  60 (14.31s)]	ELBO (bits/dim): 3.25950 (3.25695)	Reconstruction error (/dim): 0.02420 (0.02410)	KLD: 2.599, 2.696, 2.984, 2.370, 2.923, 2.525, 2.830, 2.295, 3.278, 2.675 (27.191)	Grad: 0.1
[Epoch  61 (14.64s)]	ELBO (bits/dim): 3.26001 (3.25629)	Reconstruction error (/dim): 0.02416 (0.02416)	KLD: 2.602, 2.694, 2.979, 2.368, 2.931, 2.530, 2.828, 2.292, 3.268, 2.677 (27.298)	Grad: 0.1
[Epoch  62 (15.35s)]	ELBO (bits/dim): 3.26034 (3.25861)	Reconstruction error (/dim): 0.02415 (0.02399)	KLD: 2.610, 2.691, 2.988, 2.364, 2.927, 2.525, 2.829, 2.304, 3.275, 2.669 (27.219)	Grad: 0.1
[Epoch  63 (14.75s)]	ELBO (bits/dim): 3.26082 (3.25727)	Reconstruction error (/dim): 0.02410 (0.02416)	KLD: 2.611, 2.686, 2.988, 2.367, 2.928, 2.527, 2.830, 2.301, 3.270, 2.670 (27.127)	Grad: 0.1
[Epoch  64 (15.11s)]	ELBO (bits/dim): 3.26142 (3.25823)	Reconstruction error (/dim): 0.02407 (0.02412)	KLD: 2.605, 2.686, 2.975, 2.366, 2.919, 2.520, 2.831, 2.302, 3.264, 2.671 (27.165)	Grad: 0.1
[Epoch  65 (15.40s)]	ELBO (bits/dim): 3.26199 (3.25918)	Reconstruction error (/dim): 0.02402 (0.02404)	KLD: 2.610, 2.695, 2.977, 2.363, 2.933, 2.529, 2.835, 2.308, 3.265, 2.668 (27.272)	Grad: 0.1
[Epoch  66 (16.02s)]	ELBO (bits/dim): 3.26221 (3.25845)	Reconstruction error (/dim): 0.02402 (0.02400)	KLD: 2.610, 2.698, 2.980, 2.373, 2.926, 2.529, 2.836, 2.309, 3.272, 2.668 (27.293)	Grad: 0.1
[Epoch  67 (14.91s)]	ELBO (bits/dim): 3.26260 (3.25927)	Reconstruction error (/dim): 0.02400 (0.02389)	KLD: 2.610, 2.701, 2.982, 2.365, 2.926, 2.524, 2.837, 2.309, 3.269, 2.676 (27.306)	Grad: 0.1
[Epoch  68 (14.88s)]	ELBO (bits/dim): 3.26332 (3.26003)	Reconstruction error (/dim): 0.02393 (0.02398)	KLD: 2.614, 2.691, 2.973, 2.364, 2.915, 2.526, 2.833, 2.307, 3.267, 2.675 (27.401)	Grad: 0.1
[Epoch  69 (14.69s)]	ELBO (bits/dim): 3.26346 (3.26094)	Reconstruction error (/dim): 0.02395 (0.02387)	KLD: 2.605, 2.702, 2.973, 2.369, 2.923, 2.519, 2.826, 2.309, 3.271, 2.684 (27.174)	Grad: 0.1
[Epoch  70 (15.51s)]	ELBO (bits/dim): 3.26414 (3.26105)	Reconstruction error (/dim): 0.02389 (0.02390)	KLD: 2.612, 2.694, 2.979, 2.374, 2.936, 2.524, 2.828, 2.308, 3.272, 2.686 (27.321)	Grad: 0.1
[Epoch  71 (14.78s)]	ELBO (bits/dim): 3.26426 (3.25966)	Reconstruction error (/dim): 0.02390 (0.02400)	KLD: 2.614, 2.691, 2.973, 2.370, 2.935, 2.519, 2.838, 2.305, 3.260, 2.682 (27.322)	Grad: 0.1
[Epoch  72 (14.85s)]	ELBO (bits/dim): 3.26478 (3.26113)	Reconstruction error (/dim): 0.02385 (0.02396)	KLD: 2.608, 2.693, 2.975, 2.371, 2.929, 2.525, 2.838, 2.308, 3.263, 2.680 (27.178)	Grad: 0.1
[Epoch  73 (14.49s)]	ELBO (bits/dim): 3.26511 (3.26203)	Reconstruction error (/dim): 0.02383 (0.02387)	KLD: 2.614, 2.699, 2.984, 2.369, 2.931, 2.521, 2.838, 2.311, 3.270, 2.685 (27.283)	Grad: 0.1
[Epoch  74 (15.10s)]	ELBO (bits/dim): 3.26544 (3.26314)	Reconstruction error (/dim): 0.02381 (0.02370)	KLD: 2.623, 2.696, 2.991, 2.369, 2.931, 2.519, 2.842, 2.314, 3.262, 2.686 (27.186)	Grad: 0.1
[Epoch  75 (14.92s)]	ELBO (bits/dim): 3.26579 (3.26176)	Reconstruction error (/dim): 0.02378 (0.02384)	KLD: 2.612, 2.691, 2.981, 2.379, 2.926, 2.515, 2.837, 2.321, 3.259, 2.682 (27.098)	Grad: 0.1
[Epoch  76 (15.04s)]	ELBO (bits/dim): 3.26608 (3.26325)	Reconstruction error (/dim): 0.02378 (0.02367)	KLD: 2.612, 2.704, 2.977, 2.365, 2.929, 2.513, 2.838, 2.313, 3.264, 2.675 (27.347)	Grad: 0.1
[Epoch  77 (15.34s)]	ELBO (bits/dim): 3.26650 (3.26226)	Reconstruction error (/dim): 0.02374 (0.02378)	KLD: 2.611, 2.704, 2.981, 2.370, 2.926, 2.524, 2.844, 2.319, 3.255, 2.674 (27.177)	Grad: 0.1
[Epoch  78 (15.34s)]	ELBO (bits/dim): 3.26676 (3.26240)	Reconstruction error (/dim): 0.02372 (0.02378)	KLD: 2.618, 2.703, 2.989, 2.369, 2.930, 2.520, 2.837, 2.317, 3.260, 2.677 (27.305)	Grad: 0.1
[Epoch  79 (15.44s)]	ELBO (bits/dim): 3.26743 (3.26218)	Reconstruction error (/dim): 0.02366 (0.02382)	KLD: 2.617, 2.701, 2.983, 2.375, 2.935, 2.524, 2.843, 2.320, 3.265, 2.682 (27.392)	Grad: 0.1
[Epoch  80 (15.47s)]	ELBO (bits/dim): 3.26764 (3.26055)	Reconstruction error (/dim): 0.02366 (0.02396)	KLD: 2.620, 2.709, 2.991, 2.374, 2.934, 2.525, 2.839, 2.321, 3.264, 2.682 (27.500)	Grad: 0.1
[Epoch  81 (15.08s)]	ELBO (bits/dim): 3.26764 (3.26233)	Reconstruction error (/dim): 0.02367 (0.02374)	KLD: 2.626, 2.711, 2.991, 2.373, 2.931, 2.521, 2.838, 2.318, 3.265, 2.689 (27.302)	Grad: 0.1
[Epoch  82 (15.31s)]	ELBO (bits/dim): 3.26797 (3.26314)	Reconstruction error (/dim): 0.02363 (0.02379)	KLD: 2.624, 2.707, 2.984, 2.379, 2.934, 2.519, 2.840, 2.321, 3.264, 2.683 (27.406)	Grad: 0.1
[Epoch  83 (15.13s)]	ELBO (bits/dim): 3.26860 (3.26325)	Reconstruction error (/dim): 0.02360 (0.02378)	KLD: 2.631, 2.705, 2.989, 2.373, 2.934, 2.519, 2.834, 2.318, 3.263, 2.684 (27.436)	Grad: 0.1
[Epoch  84 (15.43s)]	ELBO (bits/dim): 3.26877 (3.26327)	Reconstruction error (/dim): 0.02359 (0.02371)	KLD: 2.627, 2.708, 2.977, 2.367, 2.929, 2.520, 2.839, 2.320, 3.260, 2.684 (27.176)	Grad: 0.1
[Epoch  85 (15.37s)]	ELBO (bits/dim): 3.26915 (3.26414)	Reconstruction error (/dim): 0.02355 (0.02374)	KLD: 2.629, 2.710, 2.989, 2.366, 2.939, 2.522, 2.837, 2.321, 3.262, 2.689 (27.273)	Grad: 0.1
[Epoch  86 (15.30s)]	ELBO (bits/dim): 3.26935 (3.26411)	Reconstruction error (/dim): 0.02354 (0.02358)	KLD: 2.630, 2.701, 2.982, 2.377, 2.940, 2.520, 2.840, 2.320, 3.262, 2.687 (27.454)	Grad: 0.1
[Epoch  87 (15.39s)]	ELBO (bits/dim): 3.26962 (3.26328)	Reconstruction error (/dim): 0.02352 (0.02370)	KLD: 2.628, 2.699, 2.990, 2.376, 2.943, 2.522, 2.837, 2.321, 3.266, 2.687 (27.444)	Grad: 0.1
[Epoch  88 (15.80s)]	ELBO (bits/dim): 3.27006 (3.26412)	Reconstruction error (/dim): 0.02351 (0.02371)	KLD: 2.633, 2.703, 2.985, 2.375, 2.942, 2.513, 2.836, 2.325, 3.266, 2.683 (27.437)	Grad: 0.1
[Epoch  89 (15.50s)]	ELBO (bits/dim): 3.27024 (3.26509)	Reconstruction error (/dim): 0.02349 (0.02357)	KLD: 2.635, 2.700, 2.986, 2.376, 2.933, 2.522, 2.848, 2.322, 3.257, 2.684 (27.111)	Grad: 0.1
[Epoch  90 (15.38s)]	ELBO (bits/dim): 3.27025 (3.26439)	Reconstruction error (/dim): 0.02348 (0.02368)	KLD: 2.634, 2.700, 2.990, 2.379, 2.938, 2.520, 2.839, 2.327, 3.262, 2.685 (27.405)	Grad: 0.1
[Epoch  91 (15.61s)]	ELBO (bits/dim): 3.27059 (3.26418)	Reconstruction error (/dim): 0.02346 (0.02376)	KLD: 2.636, 2.705, 2.990, 2.376, 2.942, 2.517, 2.842, 2.324, 3.260, 2.687 (27.454)	Grad: 0.1
[Epoch  92 (15.02s)]	ELBO (bits/dim): 3.27105 (3.26460)	Reconstruction error (/dim): 0.02343 (0.02369)	KLD: 2.634, 2.705, 2.983, 2.373, 2.938, 2.515, 2.846, 2.327, 3.265, 2.683 (27.601)	Grad: 0.1
[Epoch  93 (15.25s)]	ELBO (bits/dim): 3.27129 (3.26629)	Reconstruction error (/dim): 0.02343 (0.02355)	KLD: 2.637, 2.709, 2.987, 2.380, 2.944, 2.515, 2.854, 2.337, 3.261, 2.693 (27.426)	Grad: 0.1
[Epoch  94 (15.16s)]	ELBO (bits/dim): 3.27148 (3.26595)	Reconstruction error (/dim): 0.02341 (0.02362)	KLD: 2.632, 2.711, 2.996, 2.380, 2.946, 2.514, 2.841, 2.330, 3.255, 2.686 (27.269)	Grad: 0.1
[Epoch  95 (15.12s)]	ELBO (bits/dim): 3.27190 (3.26513)	Reconstruction error (/dim): 0.02337 (0.02369)	KLD: 2.637, 2.710, 2.994, 2.377, 2.937, 2.519, 2.848, 2.329, 3.263, 2.680 (27.270)	Grad: 0.1
[Epoch  96 (15.14s)]	ELBO (bits/dim): 3.27195 (3.26750)	Reconstruction error (/dim): 0.02338 (0.02344)	KLD: 2.635, 2.713, 2.995, 2.375, 2.944, 2.515, 2.843, 2.332, 3.266, 2.681 (27.345)	Grad: 0.1
[Epoch  97 (15.29s)]	ELBO (bits/dim): 3.27222 (3.26715)	Reconstruction error (/dim): 0.02337 (0.02353)	KLD: 2.643, 2.708, 2.993, 2.378, 2.942, 2.511, 2.844, 2.327, 3.262, 2.685 (27.287)	Grad: 0.1
[Epoch  98 (15.17s)]	ELBO (bits/dim): 3.27239 (3.26734)	Reconstruction error (/dim): 0.02334 (0.02351)	KLD: 2.640, 2.702, 2.991, 2.386, 2.944, 2.510, 2.844, 2.331, 3.262, 2.691 (27.302)	Grad: 0.1
[Epoch  99 (15.24s)]	ELBO (bits/dim): 3.27273 (3.26726)	Reconstruction error (/dim): 0.02332 (0.02358)	KLD: 2.646, 2.706, 2.994, 2.382, 2.944, 2.520, 2.848, 2.331, 3.260, 2.694 (27.388)	Grad: 0.1
[Epoch 100 (14.97s)]	ELBO (bits/dim): 3.27312 (3.26798)	Reconstruction error (/dim): 0.02330 (0.02342)	KLD: 2.641, 2.702, 2.988, 2.383, 2.943, 2.515, 2.845, 2.336, 3.261, 2.686 (27.525)	Grad: 0.1
Best epoch(s): [100]	Training time(s): 1402.60s (1402.60s)	Best ELBO (bits/dim): 3.27312 (3.26798)	Best reconstruction error (/dim): 0.07782 (0.06451)
Avg. mu: 0.151, -0.156, -0.011, -0.031, 0.087, -0.154, -0.035, 0.071, 0.060, -0.031
Avg. var: 0.006, 0.006, 0.005, 0.009, 0.004, 0.006, 0.006, 0.010, 0.004, 0.006
Max. mu: 3.340, 4.350, 3.673, 3.480, 3.757, 3.497, 3.866, 4.057, 3.594, 4.457
Max. var: 0.023, 0.028, 0.021, 0.034, 0.027, 0.040, 0.021, 0.043, 0.027, 0.031
Min. mu: -4.098, -4.092, -3.291, -3.582, -4.618, -3.655, -4.155, -3.773, -3.563, -3.752
Min. var: 0.001, 0.001, 0.001, 0.002, 0.001, 0.001, 0.001, 0.002, 0.000, 0.001
Cov. mu:
[[1.100 0.112 0.082 0.200 -0.257 -0.046 0.005 0.147 -0.285 0.033]
 [0.112 1.312 0.035 0.131 -0.014 -0.128 -0.102 0.075 0.004 -0.050]
 [0.082 0.035 1.519 -0.094 -0.287 -0.021 0.165 0.124 -0.310 -0.138]
 [0.200 0.131 -0.094 0.917 -0.190 0.013 0.165 -0.047 -0.154 0.016]
 [-0.257 -0.014 -0.287 -0.190 1.341 -0.037 -0.185 0.012 -0.038 -0.307]
 [-0.046 -0.128 -0.021 0.013 -0.037 0.816 -0.059 -0.003 -0.302 0.157]
 [0.005 -0.102 0.165 0.165 -0.185 -0.059 1.385 0.081 0.067 -0.120]
 [0.147 0.075 0.124 -0.047 0.012 -0.003 0.081 0.994 -0.214 -0.075]
 [-0.285 0.004 -0.310 -0.154 -0.038 -0.302 0.067 -0.214 1.782 0.159]
 [0.033 -0.050 -0.138 0.016 -0.307 0.157 -0.120 -0.075 0.159 1.184]]
