Encoder
=================================================================
Layer (type:depth-idx)                   Param #
=================================================================
Encoder                                  --
├─Linear: 1-1                            31,400
├─Linear: 1-2                            1,640
=================================================================
Total params: 33,040
Trainable params: 33,040
Non-trainable params: 0
=================================================================
Encoder 2
=================================================================
Layer (type:depth-idx)                   Param #
=================================================================
Encoder                                  --
├─Linear: 1-1                            31,400
├─Linear: 1-2                            1,640
=================================================================
Total params: 33,040
Trainable params: 33,040
Non-trainable params: 0
=================================================================
Encoder Encoder to Encoder
=================================================================
Layer (type:depth-idx)                   Param #
=================================================================
EncoderEncoderToEncoder                  --
├─Linear: 1-1                            3,240
├─Linear: 1-2                            1,640
=================================================================
Total params: 4,880
Trainable params: 4,880
Non-trainable params: 0
=================================================================
Encoder Latents to Latents 0
=================================================================
Layer (type:depth-idx)                   Param #
=================================================================
EncoderLatentsToLatents                  --
├─Linear: 1-1                            1,640
├─Linear: 1-2                            41
├─Linear: 1-3                            41
=================================================================
Total params: 1,722
Trainable params: 1,722
Non-trainable params: 0
=================================================================
Encoder Latents to Latents 1
=================================================================
Layer (type:depth-idx)                   Param #
=================================================================
EncoderLatentsToLatents                  --
├─Linear: 1-1                            1,806
├─Linear: 1-2                            43
├─Linear: 1-3                            43
=================================================================
Total params: 1,892
Trainable params: 1,892
Non-trainable params: 0
=================================================================
Encoder Latents to Latents 2
=================================================================
Layer (type:depth-idx)                   Param #
=================================================================
EncoderLatentsToLatents                  --
├─Linear: 1-1                            1,980
├─Linear: 1-2                            45
├─Linear: 1-3                            45
=================================================================
Total params: 2,070
Trainable params: 2,070
Non-trainable params: 0
=================================================================
Encoder Latents to Latents 3
=================================================================
Layer (type:depth-idx)                   Param #
=================================================================
EncoderLatentsToLatents                  --
├─Linear: 1-1                            2,162
├─Linear: 1-2                            47
├─Linear: 1-3                            47
=================================================================
Total params: 2,256
Trainable params: 2,256
Non-trainable params: 0
=================================================================
Encoder Latents to Latents 4
=================================================================
Layer (type:depth-idx)                   Param #
=================================================================
EncoderLatentsToLatents                  --
├─Linear: 1-1                            2,352
├─Linear: 1-2                            49
├─Linear: 1-3                            49
=================================================================
Total params: 2,450
Trainable params: 2,450
Non-trainable params: 0
=================================================================
Encoder Latents to Latents 5
=================================================================
Layer (type:depth-idx)                   Param #
=================================================================
EncoderLatentsToLatents                  --
├─Linear: 1-1                            2,550
├─Linear: 1-2                            51
├─Linear: 1-3                            51
=================================================================
Total params: 2,652
Trainable params: 2,652
Non-trainable params: 0
=================================================================
Encoder Latents to Latents 6
=================================================================
Layer (type:depth-idx)                   Param #
=================================================================
EncoderLatentsToLatents                  --
├─Linear: 1-1                            2,756
├─Linear: 1-2                            53
├─Linear: 1-3                            53
=================================================================
Total params: 2,862
Trainable params: 2,862
Non-trainable params: 0
=================================================================
Encoder Latents to Latents 7
=================================================================
Layer (type:depth-idx)                   Param #
=================================================================
EncoderLatentsToLatents                  --
├─Linear: 1-1                            2,970
├─Linear: 1-2                            55
├─Linear: 1-3                            55
=================================================================
Total params: 3,080
Trainable params: 3,080
Non-trainable params: 0
=================================================================
Encoder Latents to Latents 8
=================================================================
Layer (type:depth-idx)                   Param #
=================================================================
EncoderLatentsToLatents                  --
├─Linear: 1-1                            3,192
├─Linear: 1-2                            57
├─Linear: 1-3                            57
=================================================================
Total params: 3,306
Trainable params: 3,306
Non-trainable params: 0
=================================================================
Encoder Latents to Latents 9
=================================================================
Layer (type:depth-idx)                   Param #
=================================================================
EncoderLatentsToLatents                  --
├─Linear: 1-1                            3,422
├─Linear: 1-2                            59
├─Linear: 1-3                            59
=================================================================
Total params: 3,540
Trainable params: 3,540
Non-trainable params: 0
=================================================================
Latents to Decoder 0
=================================================================
Layer (type:depth-idx)                   Param #
=================================================================
LatentsToDecoder                         --
├─Linear: 1-1                            80
=================================================================
Total params: 80
Trainable params: 80
Non-trainable params: 0
=================================================================
Latents to Decoder 1
=================================================================
Layer (type:depth-idx)                   Param #
=================================================================
LatentsToDecoder                         --
├─Linear: 1-1                            80
=================================================================
Total params: 80
Trainable params: 80
Non-trainable params: 0
=================================================================
Latents to Decoder 2
=================================================================
Layer (type:depth-idx)                   Param #
=================================================================
LatentsToDecoder                         --
├─Linear: 1-1                            80
=================================================================
Total params: 80
Trainable params: 80
Non-trainable params: 0
=================================================================
Latents to Decoder 3
=================================================================
Layer (type:depth-idx)                   Param #
=================================================================
LatentsToDecoder                         --
├─Linear: 1-1                            80
=================================================================
Total params: 80
Trainable params: 80
Non-trainable params: 0
=================================================================
Latents to Decoder 4
=================================================================
Layer (type:depth-idx)                   Param #
=================================================================
LatentsToDecoder                         --
├─Linear: 1-1                            80
=================================================================
Total params: 80
Trainable params: 80
Non-trainable params: 0
=================================================================
Latents to Decoder 5
=================================================================
Layer (type:depth-idx)                   Param #
=================================================================
LatentsToDecoder                         --
├─Linear: 1-1                            80
=================================================================
Total params: 80
Trainable params: 80
Non-trainable params: 0
=================================================================
Latents to Decoder 6
=================================================================
Layer (type:depth-idx)                   Param #
=================================================================
LatentsToDecoder                         --
├─Linear: 1-1                            80
=================================================================
Total params: 80
Trainable params: 80
Non-trainable params: 0
=================================================================
Latents to Decoder 7
=================================================================
Layer (type:depth-idx)                   Param #
=================================================================
LatentsToDecoder                         --
├─Linear: 1-1                            80
=================================================================
Total params: 80
Trainable params: 80
Non-trainable params: 0
=================================================================
Latents to Decoder 8
=================================================================
Layer (type:depth-idx)                   Param #
=================================================================
LatentsToDecoder                         --
├─Linear: 1-1                            80
=================================================================
Total params: 80
Trainable params: 80
Non-trainable params: 0
=================================================================
Latents to Decoder 9
=================================================================
Layer (type:depth-idx)                   Param #
=================================================================
LatentsToDecoder                         --
├─Linear: 1-1                            80
=================================================================
Total params: 80
Trainable params: 80
Non-trainable params: 0
=================================================================
Decoder
=================================================================
Layer (type:depth-idx)                   Param #
=================================================================
Decoder                                  --
├─Linear: 1-1                            1,640
├─Linear: 1-2                            32,144
=================================================================
Total params: 33,784
Trainable params: 33,784
Non-trainable params: 0
=================================================================
[Epoch   1 (27.77s)]	ELBO: -11923.164, -9127.386, -8744.574, -8650.643, -8568.107, -8564.045, -8578.064, -8602.662, -8639.969, -8692.177 (-4667.217)	Log prob: -11876.143, -9064.370, -8677.747, -8580.659, -8493.396, -8486.986, -8498.431, -8521.145, -8555.945, -8605.591 (-4584.571)	KLD: 47.023, 15.986, 3.818, 3.152, 4.737, 2.335, 2.589, 1.881, 2.499, 2.566 (82.646)	Grad: 31.481, 10.581, 5.731, 5.526, 3.949, 3.702, 4.547, 3.255, 4.891, 3.867
[Epoch   2 (35.45s)]	ELBO: -9359.250, -4940.186, -4288.820, -4217.399, -4177.087, -4117.091, -4101.110, -4097.907, -4094.495, -4101.311 (-3423.872)	Log prob: -9341.890, -4895.866, -4237.969, -4163.761, -4119.360, -4056.793, -4038.478, -4033.385, -4027.637, -4032.327 (-3356.822)	KLD: 17.362, 26.959, 6.528, 2.787, 4.092, 2.568, 2.335, 1.890, 2.334, 2.128 (67.051)	Grad: 24.483, 29.702, 9.132, 7.621, 5.564, 6.488, 6.045, 4.427, 7.686, 4.921
[Epoch   3 (37.35s)]	ELBO: -8717.824, -4717.772, -3542.373, -3254.136, -3221.546, -3065.771, -3044.876, -3035.974, -3028.711, -3028.230 (-2593.054)	Log prob: -8705.785, -4681.994, -3495.376, -3203.900, -3168.272, -3009.329, -2985.981, -2975.101, -2965.396, -2962.826 (-2527.791)	KLD: 12.033, 23.742, 11.223, 3.239, 3.037, 3.169, 2.453, 1.978, 2.440, 2.088 (65.264)	Grad: 25.350, 24.450, 11.671, 8.182, 4.533, 8.745, 5.708, 4.152, 6.798, 4.570
[Epoch   4 (36.29s)]	ELBO: -8394.119, -4559.948, -3267.474, -2653.501, -2599.280, -2502.244, -2478.458, -2470.616, -2461.414, -2459.133 (-2291.416)	Log prob: -8382.589, -4527.169, -3222.717, -2604.357, -2546.828, -2446.921, -2420.577, -2410.787, -2399.037, -2394.540 (-2228.169)	KLD: 11.533, 21.244, 11.980, 4.386, 3.308, 2.871, 2.557, 1.950, 2.547, 2.216 (63.247)	Grad: 26.263, 24.071, 13.473, 12.188, 5.115, 8.357, 6.587, 4.846, 7.143, 5.234
[Epoch   5 (36.19s)]	ELBO: -8120.617, -4349.738, -3122.526, -2433.594, -2352.158, -2280.166, -2249.589, -2234.062, -2224.514, -2223.611 (-2107.579)	Log prob: -8107.847, -4318.540, -3080.959, -2387.296, -2302.017, -2227.324, -2194.048, -2176.480, -2164.307, -2161.158 (-2046.224)	KLD: 12.775, 18.426, 10.367, 4.730, 3.844, 2.702, 2.698, 2.041, 2.625, 2.245 (61.355)	Grad: 23.464, 25.827, 12.189, 8.911, 5.156, 7.804, 6.067, 4.838, 6.465, 4.491
[Epoch   6 (36.67s)]	ELBO: -7889.312, -4179.815, -3041.369, -2350.819, -2257.224, -2192.495, -2158.104, -2138.928, -2133.486, -2132.442 (-2010.434)	Log prob: -7875.842, -4150.773, -3003.430, -2308.163, -2210.548, -2143.254, -2106.198, -2084.884, -2076.768, -2073.566 (-1950.577)	KLD: 13.465, 15.576, 8.900, 4.716, 4.019, 2.565, 2.666, 2.139, 2.673, 2.157 (59.858)	Grad: 25.955, 28.487, 16.235, 9.319, 6.509, 11.230, 9.546, 6.885, 8.098, 5.945
[Epoch   7 (36.63s)]	ELBO: -7634.572, -4068.359, -2951.875, -2275.232, -2172.673, -2098.794, -2058.018, -2035.389, -2031.766, -2029.485 (-1938.831)	Log prob: -7620.648, -4040.104, -2915.418, -2234.075, -2127.313, -2050.892, -2007.446, -1982.594, -1976.273, -1971.809 (-1881.556)	KLD: 13.925, 14.329, 8.202, 4.699, 4.204, 2.543, 2.670, 2.221, 2.700, 2.182 (57.274)	Grad: 23.335, 26.615, 12.871, 8.173, 5.831, 6.672, 7.572, 5.043, 6.414, 4.593
[Epoch   8 (37.78s)]	ELBO: -7429.631, -4013.113, -2897.174, -2235.784, -2123.247, -2038.083, -1993.545, -1971.930, -1967.515, -1965.016 (-1887.772)	Log prob: -7415.713, -3985.789, -2862.303, -2196.283, -2079.429, -1991.733, -1944.527, -1920.676, -1913.542, -1908.888 (-1830.672)	KLD: 13.921, 13.405, 7.545, 4.633, 4.316, 2.532, 2.666, 2.234, 2.721, 2.155 (57.100)	Grad: 26.130, 27.405, 13.074, 8.261, 6.272, 6.457, 8.204, 5.322, 6.855, 4.640
[Epoch   9 (36.36s)]	ELBO: -7246.180, -3970.243, -2846.668, -2198.560, -2076.319, -1978.240, -1931.255, -1911.195, -1905.888, -1902.949 (-1839.178)	Log prob: -7232.299, -3943.674, -2812.968, -2160.229, -2033.656, -1933.001, -1883.340, -1861.050, -1852.979, -1847.867 (-1782.754)	KLD: 13.881, 12.688, 7.130, 4.633, 4.328, 2.578, 2.676, 2.231, 2.763, 2.174 (56.425)	Grad: 27.666, 26.497, 12.858, 8.983, 6.194, 5.975, 7.049, 5.282, 6.563, 4.195
[Epoch  10 (36.69s)]	ELBO: -7107.326, -3937.650, -2807.226, -2170.536, -2036.685, -1930.878, -1883.411, -1864.757, -1858.424, -1856.149 (-1781.877)	Log prob: -7093.507, -3911.729, -2774.476, -2133.149, -1994.973, -1886.563, -1836.428, -1815.569, -1806.474, -1801.977 (-1726.415)	KLD: 13.819, 12.104, 6.826, 4.638, 4.323, 2.604, 2.667, 2.206, 2.762, 2.223 (55.461)	Grad: 29.716, 27.072, 12.995, 9.189, 6.859, 6.783, 7.529, 5.531, 7.046, 4.470
[Epoch  11 (36.38s)]	ELBO: -6999.547, -3904.092, -2769.250, -2141.398, -1993.082, -1882.657, -1834.204, -1816.200, -1809.577, -1807.611 (-1729.559)	Log prob: -6985.916, -3878.792, -2737.289, -2104.775, -1952.166, -1839.103, -1787.944, -1767.723, -1758.323, -1754.151 (-1675.260)	KLD: 13.630, 11.669, 6.661, 4.663, 4.293, 2.637, 2.708, 2.216, 2.778, 2.205 (54.299)	Grad: 30.198, 25.472, 11.903, 9.561, 6.818, 6.603, 7.171, 5.206, 6.707, 4.205
[Epoch  12 (38.59s)]	ELBO: -6912.008, -3873.772, -2738.463, -2115.771, -1953.210, -1841.946, -1788.497, -1770.674, -1763.712, -1762.024 (-1691.311)	Log prob: -6898.628, -3848.994, -2707.157, -2079.804, -1912.952, -1799.014, -1742.827, -1722.773, -1713.047, -1709.170 (-1638.979)	KLD: 13.383, 11.398, 6.524, 4.661, 4.293, 2.673, 2.738, 2.232, 2.765, 2.186 (52.332)	Grad: 28.980, 25.619, 11.049, 9.007, 6.512, 6.379, 6.660, 5.159, 6.448, 3.931
[Epoch  13 (37.52s)]	ELBO: -6824.261, -3854.528, -2709.218, -2091.262, -1916.122, -1804.276, -1741.092, -1722.135, -1714.008, -1712.472 (-1645.710)	Log prob: -6811.128, -3830.205, -2678.487, -2055.857, -1876.383, -1761.796, -1695.858, -1674.619, -1663.739, -1660.030 (-1592.221)	KLD: 13.136, 11.185, 6.412, 4.671, 4.336, 2.740, 2.755, 2.281, 2.754, 2.173 (53.489)	Grad: 29.356, 23.488, 10.574, 8.621, 6.265, 6.211, 5.922, 4.791, 5.848, 3.690
[Epoch  14 (37.23s)]	ELBO: -6732.391, -3833.260, -2683.817, -2070.889, -1885.964, -1772.298, -1704.466, -1683.797, -1675.857, -1674.339 (-1608.597)	Log prob: -6719.486, -3809.346, -2653.600, -2035.983, -1846.748, -1730.315, -1659.703, -1636.715, -1626.012, -1622.316 (-1557.516)	KLD: 12.901, 11.013, 6.306, 4.687, 4.308, 2.768, 2.780, 2.320, 2.761, 2.180 (51.081)	Grad: 29.380, 25.009, 10.416, 8.605, 6.466, 6.320, 6.351, 5.101, 6.065, 3.737
[Epoch  15 (36.73s)]	ELBO: -6619.751, -3817.116, -2668.177, -2058.417, -1866.188, -1748.502, -1676.875, -1654.430, -1645.747, -1644.325 (-1573.616)	Log prob: -6607.135, -3793.772, -2638.650, -2024.211, -1827.671, -1707.182, -1632.755, -1607.963, -1596.565, -1592.964 (-1520.697)	KLD: 12.619, 10.726, 6.184, 4.678, 4.310, 2.803, 2.800, 2.347, 2.715, 2.180 (52.919)	Grad: 32.108, 24.691, 10.739, 7.819, 6.835, 6.756, 6.005, 5.161, 6.068, 3.753
[Epoch  16 (36.88s)]	ELBO: -6527.981, -3792.335, -2652.089, -2041.446, -1842.511, -1719.256, -1646.522, -1621.418, -1612.335, -1610.337 (-1569.561)	Log prob: -6515.497, -3769.237, -2622.898, -2007.522, -1804.279, -1678.156, -1602.598, -1575.059, -1563.243, -1559.006 (-1517.876)	KLD: 12.487, 10.613, 6.090, 4.733, 4.308, 2.868, 2.825, 2.435, 2.732, 2.240 (51.685)	Grad: 32.664, 23.394, 11.198, 8.095, 6.781, 6.410, 6.364, 5.408, 6.113, 3.933
[Epoch  17 (36.96s)]	ELBO: -6432.900, -3783.438, -2643.923, -2031.650, -1824.093, -1694.159, -1619.453, -1591.026, -1580.791, -1578.250 (-1524.019)	Log prob: -6420.575, -3760.686, -2615.176, -1998.134, -1786.217, -1653.354, -1575.809, -1544.861, -1531.929, -1527.116 (-1472.217)	KLD: 12.326, 10.426, 5.994, 4.770, 4.361, 2.930, 2.838, 2.521, 2.697, 2.272 (51.801)	Grad: 35.224, 23.866, 10.788, 8.202, 6.803, 6.261, 6.044, 5.466, 6.000, 3.877
[Epoch  18 (37.47s)]	ELBO: -6304.970, -3789.786, -2638.557, -2022.233, -1807.312, -1670.735, -1593.373, -1563.053, -1551.281, -1548.518 (-1506.156)	Log prob: -6292.479, -3767.060, -2609.887, -1988.729, -1769.413, -1629.881, -1549.670, -1516.776, -1502.314, -1497.249 (-1454.574)	KLD: 12.491, 10.239, 5.941, 4.834, 4.395, 2.954, 2.849, 2.574, 2.692, 2.301 (51.581)	Grad: 37.104, 22.833, 11.296, 8.212, 7.104, 6.747, 6.312, 5.726, 6.008, 4.053
[Epoch  19 (37.21s)]	ELBO: -6228.871, -3777.294, -2624.821, -2004.818, -1785.763, -1641.659, -1562.563, -1531.673, -1519.448, -1516.202 (-1452.170)	Log prob: -6216.345, -3754.653, -2596.277, -1971.435, -1748.004, -1600.955, -1518.995, -1485.501, -1470.624, -1465.015 (-1400.626)	KLD: 12.526, 10.114, 5.905, 4.838, 4.376, 2.943, 2.866, 2.604, 2.654, 2.361 (51.545)	Grad: 38.726, 23.307, 11.152, 8.179, 6.888, 6.685, 6.433, 5.603, 5.767, 3.984
[Epoch  20 (37.47s)]	ELBO: -6168.838, -3768.935, -2612.863, -1994.147, -1771.382, -1619.420, -1538.772, -1507.629, -1494.657, -1491.362 (-1431.254)	Log prob: -6156.450, -3746.586, -2584.621, -1961.044, -1733.960, -1579.015, -1495.502, -1461.743, -1446.129, -1440.452 (-1379.666)	KLD: 12.386, 9.964, 5.894, 4.861, 4.319, 2.980, 2.868, 2.616, 2.640, 2.383 (51.588)	Grad: 40.231, 23.208, 11.208, 8.326, 6.794, 6.449, 6.715, 5.956, 5.841, 4.109
[Epoch  21 (37.53s)]	ELBO: -6081.484, -3770.156, -2602.991, -1987.697, -1759.930, -1602.669, -1520.051, -1488.557, -1475.533, -1471.709 (-1423.090)	Log prob: -6069.245, -3748.091, -2575.051, -1954.896, -1722.830, -1562.583, -1477.083, -1442.943, -1427.307, -1421.010 (-1371.737)	KLD: 12.242, 9.826, 5.873, 4.861, 4.299, 2.986, 2.882, 2.645, 2.614, 2.473 (51.353)	Grad: 40.866, 23.748, 11.160, 8.767, 6.589, 6.853, 6.377, 6.022, 5.764, 4.088
[Epoch  22 (37.16s)]	ELBO: -6012.034, -3769.549, -2604.202, -1990.042, -1759.797, -1599.079, -1516.120, -1484.167, -1470.439, -1466.226 (-1393.980)	Log prob: -5999.921, -3747.754, -2576.558, -1957.583, -1723.111, -1559.426, -1473.603, -1438.995, -1422.658, -1415.939 (-1343.630)	KLD: 12.119, 9.674, 5.851, 4.815, 4.226, 2.968, 2.862, 2.655, 2.609, 2.508 (50.350)	Grad: 45.097, 25.207, 14.543, 8.686, 7.743, 7.942, 7.439, 7.315, 6.818, 5.041
[Epoch  23 (38.10s)]	ELBO: -5937.174, -3762.403, -2583.443, -1969.825, -1737.852, -1571.705, -1485.820, -1453.606, -1439.852, -1435.174 (-1386.458)	Log prob: -5925.096, -3740.749, -2555.919, -1937.471, -1701.275, -1532.105, -1443.349, -1408.439, -1392.085, -1384.888 (-1336.178)	KLD: 12.073, 9.583, 5.870, 4.829, 4.224, 3.022, 2.871, 2.698, 2.599, 2.520 (50.279)	Grad: 41.818, 22.511, 10.240, 8.078, 6.039, 6.294, 5.876, 5.761, 5.305, 4.052
[Epoch  24 (38.79s)]	ELBO: -5878.332, -3752.356, -2574.224, -1963.462, -1730.360, -1561.225, -1472.764, -1439.290, -1425.374, -1420.195 (-1366.999)	Log prob: -5866.326, -3730.901, -2546.921, -1931.378, -1694.029, -1521.859, -1430.518, -1394.335, -1377.845, -1370.104 (-1315.848)	KLD: 12.003, 9.452, 5.848, 4.781, 4.248, 3.033, 2.881, 2.710, 2.574, 2.562 (51.151)	Grad: 43.821, 22.520, 11.903, 8.304, 6.551, 6.282, 6.061, 5.916, 5.473, 4.323
[Epoch  25 (38.43s)]	ELBO: -5823.688, -3742.998, -2566.399, -1957.672, -1722.215, -1549.425, -1459.619, -1425.536, -1411.619, -1405.813 (-1365.359)	Log prob: -5811.865, -3721.830, -2539.428, -1925.931, -1686.259, -1510.409, -1417.728, -1380.925, -1364.463, -1356.067 (-1315.584)	KLD: 11.824, 9.341, 5.806, 4.770, 4.215, 3.059, 2.875, 2.719, 2.546, 2.591 (49.776)	Grad: 43.067, 22.632, 11.978, 9.137, 6.325, 6.327, 6.174, 5.982, 5.523, 4.457
[Epoch  26 (37.50s)]	ELBO: -5816.682, -3732.701, -2560.928, -1952.957, -1716.453, -1541.820, -1448.752, -1413.581, -1399.563, -1393.288 (-1361.989)	Log prob: -5805.173, -3711.945, -2534.374, -1921.667, -1680.935, -1503.241, -1407.280, -1369.368, -1352.824, -1343.940 (-1312.302)	KLD: 11.511, 9.242, 5.803, 4.734, 4.229, 3.059, 2.894, 2.739, 2.526, 2.608 (49.687)	Grad: 45.502, 24.591, 11.760, 8.694, 6.095, 6.353, 5.844, 6.018, 5.525, 4.534
[Epoch  27 (37.90s)]	ELBO: -5780.916, -3724.690, -2555.609, -1948.381, -1709.900, -1532.885, -1439.635, -1403.412, -1388.921, -1382.632 (-1348.105)	Log prob: -5769.827, -3704.439, -2529.580, -1917.662, -1674.964, -1494.852, -1398.725, -1359.747, -1342.754, -1333.823 (-1298.938)	KLD: 11.095, 9.155, 5.777, 4.690, 4.218, 3.097, 2.877, 2.755, 2.503, 2.640 (49.167)	Grad: 46.279, 21.955, 11.066, 8.493, 6.415, 6.084, 6.184, 5.895, 5.241, 4.344
[Epoch  28 (41.29s)]	ELBO: -5738.429, -3722.916, -2549.264, -1943.013, -1703.237, -1524.911, -1430.596, -1393.307, -1378.857, -1372.439 (-1322.452)	Log prob: -5727.435, -3702.897, -2523.493, -1912.571, -1668.594, -1487.169, -1389.977, -1349.925, -1333.010, -1323.919 (-1274.570)	KLD: 10.993, 9.026, 5.750, 4.673, 4.200, 3.100, 2.876, 2.764, 2.465, 2.672 (47.883)	Grad: 46.394, 24.826, 11.021, 8.297, 6.171, 6.302, 5.982, 5.826, 5.500, 4.375
[Epoch  29 (41.48s)]	ELBO: -5706.557, -3713.192, -2544.163, -1939.145, -1698.639, -1520.301, -1424.842, -1385.314, -1371.258, -1364.129 (-1308.008)	Log prob: -5695.792, -3693.528, -2518.790, -1909.112, -1664.407, -1482.962, -1384.624, -1342.324, -1325.831, -1316.047 (-1259.555)	KLD: 10.770, 8.893, 5.708, 4.661, 4.198, 3.108, 2.881, 2.772, 2.436, 2.654 (48.453)	Grad: 46.358, 23.474, 11.041, 8.593, 6.444, 6.648, 6.014, 5.829, 5.235, 4.419
[Epoch  30 (41.15s)]	ELBO: -5655.414, -3713.309, -2537.221, -1932.856, -1689.957, -1507.878, -1411.592, -1370.606, -1355.491, -1348.314 (-1308.873)	Log prob: -5644.769, -3693.831, -2512.050, -1903.000, -1655.891, -1470.664, -1371.505, -1327.725, -1310.178, -1300.357 (-1261.341)	KLD: 10.645, 8.835, 5.691, 4.685, 4.211, 3.147, 2.873, 2.793, 2.433, 2.643 (47.532)	Grad: 44.750, 22.359, 11.209, 8.082, 5.776, 5.756, 5.535, 5.478, 4.936, 4.167
[Epoch  31 (41.54s)]	ELBO: -5627.999, -3706.328, -2529.139, -1927.594, -1683.786, -1500.293, -1402.512, -1359.891, -1344.835, -1337.476 (-1293.200)	Log prob: -5617.463, -3687.096, -2504.241, -1898.042, -1650.032, -1463.401, -1362.723, -1317.311, -1299.820, -1289.797 (-1244.636)	KLD: 10.540, 8.692, 5.666, 4.652, 4.203, 3.138, 2.899, 2.789, 2.435, 2.665 (48.564)	Grad: 43.881, 21.936, 11.194, 8.403, 5.709, 5.778, 5.551, 5.517, 5.105, 4.284
[Epoch  32 (41.85s)]	ELBO: -5617.053, -3703.190, -2527.256, -1927.582, -1682.712, -1498.428, -1400.616, -1356.330, -1341.176, -1333.983 (-1344.277)	Log prob: -5606.697, -3684.178, -2502.641, -1898.335, -1649.314, -1461.891, -1361.203, -1314.121, -1296.550, -1286.707 (-1297.030)	KLD: 10.357, 8.656, 5.604, 4.629, 4.154, 3.137, 2.877, 2.796, 2.416, 2.649 (47.246)	Grad: 46.829, 22.778, 11.095, 8.758, 6.400, 5.985, 5.737, 5.792, 5.341, 4.415
[Epoch  33 (42.09s)]	ELBO: -5615.377, -3691.421, -2521.488, -1922.338, -1676.312, -1491.655, -1392.498, -1347.773, -1332.504, -1325.093 (-1277.719)	Log prob: -5605.196, -3672.653, -2497.119, -1893.343, -1643.148, -1455.336, -1353.310, -1305.795, -1288.112, -1278.049 (-1228.879)	KLD: 10.182, 8.590, 5.598, 4.626, 4.169, 3.154, 2.871, 2.789, 2.414, 2.653 (48.839)	Grad: 44.010, 22.869, 10.223, 8.545, 6.094, 5.785, 5.501, 5.526, 5.142, 4.227
[Epoch  34 (40.06s)]	ELBO: -5587.482, -3689.356, -2515.564, -1920.037, -1673.608, -1487.239, -1387.117, -1340.557, -1325.318, -1318.118 (-1288.564)	Log prob: -5577.341, -3670.750, -2491.408, -1891.251, -1640.680, -1451.125, -1348.119, -1298.767, -1281.119, -1271.295 (-1241.044)	KLD: 10.139, 8.468, 5.550, 4.629, 4.142, 3.185, 2.885, 2.790, 2.410, 2.624 (47.519)	Grad: 43.871, 21.827, 11.276, 9.040, 6.091, 5.588, 5.374, 5.226, 5.157, 4.405
[Epoch  35 (37.43s)]	ELBO: -5595.725, -3676.398, -2509.581, -1914.493, -1665.949, -1480.530, -1380.114, -1333.498, -1317.572, -1310.031 (-1260.398)	Log prob: -5585.681, -3657.895, -2485.538, -1885.860, -1633.178, -1444.617, -1341.333, -1291.922, -1273.600, -1263.469 (-1213.833)	KLD: 10.043, 8.463, 5.536, 4.590, 4.138, 3.143, 2.868, 2.796, 2.394, 2.591 (46.565)	Grad: 42.917, 22.437, 11.141, 8.627, 6.318, 5.973, 5.483, 5.389, 5.006, 4.333
[Epoch  36 (37.01s)]	ELBO: -5575.326, -3671.953, -2507.286, -1912.094, -1663.624, -1477.399, -1376.155, -1327.560, -1311.494, -1303.328 (-1250.059)	Log prob: -5565.494, -3653.714, -2483.525, -1883.745, -1631.166, -1441.772, -1337.661, -1286.304, -1267.841, -1257.024 (-1204.515)	KLD: 9.835, 8.406, 5.519, 4.589, 4.108, 3.169, 2.868, 2.760, 2.399, 2.651 (45.544)	Grad: 44.297, 23.102, 10.622, 8.319, 6.137, 5.815, 5.133, 5.202, 4.997, 4.228
[Epoch  37 (36.05s)]	ELBO: -5544.375, -3668.547, -2505.887, -1909.983, -1660.674, -1470.934, -1369.952, -1320.604, -1304.027, -1295.832 (-1276.776)	Log prob: -5534.693, -3650.510, -2482.327, -1881.836, -1628.403, -1435.470, -1331.617, -1279.488, -1260.510, -1249.689 (-1229.932)	KLD: 9.682, 8.354, 5.520, 4.589, 4.124, 3.194, 2.870, 2.781, 2.401, 2.625 (46.843)	Grad: 43.898, 21.942, 10.388, 8.635, 5.983, 5.494, 5.247, 5.208, 4.998, 4.225
[Epoch  38 (36.87s)]	ELBO: -5564.404, -3655.453, -2500.909, -1905.943, -1654.755, -1467.623, -1365.448, -1316.778, -1299.895, -1291.631 (-1273.643)	Log prob: -5554.892, -3637.629, -2477.581, -1878.037, -1622.755, -1432.445, -1327.403, -1275.975, -1256.685, -1245.842 (-1227.490)	KLD: 9.510, 8.317, 5.500, 4.577, 4.097, 3.177, 2.868, 2.758, 2.406, 2.579 (46.153)	Grad: 44.983, 22.131, 10.320, 8.313, 6.043, 5.826, 5.377, 5.351, 4.976, 4.292
[Epoch  39 (36.31s)]	ELBO: -5556.298, -3646.950, -2500.595, -1907.695, -1655.100, -1466.249, -1363.288, -1314.641, -1297.359, -1288.976 (-1237.927)	Log prob: -5546.869, -3629.255, -2477.455, -1880.001, -1623.293, -1431.246, -1325.420, -1274.007, -1254.322, -1243.333 (-1191.648)	KLD: 9.432, 8.263, 5.444, 4.556, 4.113, 3.196, 2.864, 2.765, 2.405, 2.605 (46.280)	Grad: 40.645, 21.841, 10.779, 9.153, 6.533, 5.740, 5.281, 5.448, 5.014, 4.316
[Epoch  40 (36.72s)]	ELBO: -5506.771, -3637.584, -2491.373, -1898.602, -1644.472, -1455.763, -1352.900, -1301.858, -1284.150, -1275.683 (-1255.552)	Log prob: -5497.458, -3620.046, -2468.385, -1871.027, -1612.787, -1420.889, -1315.144, -1261.335, -1241.252, -1230.204 (-1210.330)	KLD: 9.317, 8.223, 5.449, 4.587, 4.111, 3.188, 2.881, 2.768, 2.373, 2.582 (45.221)	Grad: 39.877, 20.912, 10.244, 8.241, 5.780, 5.694, 4.995, 4.941, 4.798, 4.062
[Epoch  41 (35.80s)]	ELBO: -5565.688, -3626.760, -2491.981, -1900.563, -1645.581, -1458.431, -1354.515, -1304.199, -1287.044, -1278.408 (-1278.049)	Log prob: -5556.446, -3609.299, -2469.089, -1873.125, -1614.033, -1423.693, -1316.899, -1263.806, -1244.270, -1233.039 (-1233.019)	KLD: 9.245, 8.216, 5.432, 4.545, 4.111, 3.190, 2.878, 2.777, 2.381, 2.595 (45.030)	Grad: 40.661, 22.064, 10.941, 8.874, 5.879, 5.888, 5.193, 5.121, 5.063, 4.327
[Epoch  42 (35.67s)]	ELBO: -5502.190, -3627.621, -2489.870, -1898.432, -1643.836, -1453.694, -1349.427, -1296.990, -1279.198, -1270.512 (-1251.924)	Log prob: -5492.981, -3610.310, -2467.147, -1871.154, -1612.453, -1419.096, -1311.953, -1256.743, -1236.551, -1225.270 (-1207.338)	KLD: 9.205, 8.106, 5.412, 4.554, 4.106, 3.215, 2.875, 2.774, 2.400, 2.594 (44.586)	Grad: 41.411, 21.563, 10.165, 8.287, 6.116, 5.500, 5.143, 5.145, 4.938, 4.233
[Epoch  43 (38.67s)]	ELBO: -5491.904, -3616.701, -2482.915, -1893.789, -1636.596, -1446.563, -1342.424, -1289.424, -1270.661, -1261.667 (-1220.383)	Log prob: -5482.818, -3599.537, -2460.368, -1866.706, -1605.408, -1412.150, -1305.149, -1249.385, -1228.230, -1216.668 (-1174.668)	KLD: 9.084, 8.078, 5.384, 4.536, 4.105, 3.225, 2.863, 2.765, 2.390, 2.568 (45.714)	Grad: 40.021, 21.451, 9.962, 7.748, 5.935, 5.116, 4.808, 4.929, 4.760, 4.020
[Epoch  44 (41.76s)]	ELBO: -5509.112, -3602.423, -2478.380, -1891.288, -1633.718, -1442.744, -1338.299, -1284.693, -1266.267, -1257.322 (-1232.491)	Log prob: -5500.113, -3585.380, -2455.987, -1864.404, -1602.735, -1408.553, -1301.248, -1244.884, -1224.070, -1212.541 (-1187.231)	KLD: 9.001, 8.043, 5.348, 4.493, 4.099, 3.208, 2.860, 2.758, 2.389, 2.584 (45.260)	Grad: 40.410, 22.047, 10.174, 8.260, 5.999, 5.597, 5.002, 4.982, 5.002, 4.189
[Epoch  45 (42.68s)]	ELBO: -5481.951, -3600.593, -2476.483, -1889.806, -1631.354, -1440.792, -1336.138, -1281.989, -1263.322, -1254.409 (-1232.898)	Log prob: -5472.973, -3583.587, -2454.099, -1862.907, -1600.359, -1406.582, -1299.053, -1242.125, -1221.071, -1209.531 (-1188.701)	KLD: 8.976, 8.027, 5.381, 4.515, 4.096, 3.216, 2.875, 2.780, 2.386, 2.628 (44.197)	Grad: 38.053, 20.896, 10.093, 8.797, 6.135, 5.378, 5.150, 5.002, 4.856, 4.287
[Epoch  46 (41.68s)]	ELBO: -5540.771, -3603.214, -2481.510, -1895.190, -1635.608, -1446.658, -1340.180, -1285.416, -1266.286, -1256.258 (-1236.797)	Log prob: -5531.923, -3586.361, -2459.322, -1868.520, -1604.857, -1412.711, -1303.362, -1245.820, -1224.314, -1211.688 (-1192.073)	KLD: 8.847, 8.006, 5.335, 4.483, 4.081, 3.197, 2.869, 2.778, 2.375, 2.598 (44.724)	Grad: 39.794, 21.736, 10.288, 8.815, 6.390, 5.474, 5.072, 5.176, 5.064, 4.260
[Epoch  47 (42.27s)]	ELBO: -5535.592, -3603.742, -2494.332, -1904.327, -1643.759, -1453.331, -1347.791, -1294.002, -1274.449, -1265.092 (-1217.800)	Log prob: -5526.924, -3587.148, -2472.465, -1877.993, -1613.330, -1419.688, -1311.308, -1254.763, -1232.814, -1220.903 (-1174.593)	KLD: 8.666, 7.925, 5.275, 4.468, 4.095, 3.214, 2.841, 2.754, 2.397, 2.554 (43.207)	Grad: 42.317, 22.144, 10.289, 8.359, 6.311, 5.220, 5.129, 5.372, 5.183, 4.224
[Epoch  48 (41.21s)]	ELBO: -5462.384, -3603.480, -2486.067, -1897.467, -1635.810, -1445.575, -1339.461, -1284.359, -1264.326, -1254.327 (-1208.037)	Log prob: -5453.745, -3586.957, -2464.241, -1871.159, -1605.411, -1411.965, -1303.007, -1245.129, -1222.691, -1210.136 (-1163.775)	KLD: 8.643, 7.880, 5.300, 4.483, 4.091, 3.211, 2.843, 2.777, 2.403, 2.558 (44.262)	Grad: 42.010, 22.579, 10.596, 8.876, 6.077, 5.208, 4.901, 5.145, 5.077, 4.264
[Epoch  49 (41.62s)]	ELBO: -5446.664, -3582.614, -2468.918, -1882.265, -1621.181, -1431.433, -1324.491, -1268.285, -1248.346, -1238.556 (-1218.424)	Log prob: -5437.875, -3565.871, -2446.855, -1855.714, -1590.534, -1397.563, -1287.771, -1228.785, -1206.445, -1194.120 (-1173.336)	KLD: 8.794, 7.948, 5.321, 4.487, 4.096, 3.223, 2.851, 2.780, 2.400, 2.535 (45.088)	Grad: 38.362, 19.979, 9.657, 7.676, 5.887, 5.102, 4.500, 4.545, 4.716, 3.947
[Epoch  50 (41.36s)]	ELBO: -5438.368, -3568.555, -2456.481, -1878.850, -1618.266, -1426.962, -1319.766, -1263.037, -1243.242, -1232.615 (-1196.406)	Log prob: -5429.632, -3551.906, -2434.522, -1852.406, -1587.732, -1393.210, -1283.172, -1223.678, -1201.477, -1188.332 (-1151.146)	KLD: 8.737, 7.910, 5.312, 4.486, 4.089, 3.216, 2.845, 2.764, 2.406, 2.517 (45.260)	Grad: 36.301, 20.686, 9.705, 7.771, 5.933, 5.136, 4.676, 4.668, 4.774, 3.962
[Epoch  51 (45.67s)]	ELBO: -5433.957, -3561.515, -2455.909, -1878.013, -1616.408, -1425.711, -1317.990, -1261.181, -1241.066, -1230.863 (-1190.630)	Log prob: -5425.259, -3544.905, -2433.990, -1851.603, -1585.874, -1391.960, -1281.390, -1221.797, -1199.300, -1186.567 (-1145.838)	KLD: 8.697, 7.915, 5.308, 4.491, 4.124, 3.218, 2.848, 2.783, 2.382, 2.531 (44.792)	Grad: 38.942, 21.520, 9.897, 7.988, 5.978, 5.274, 4.811, 4.862, 4.842, 4.113
[Epoch  52 (44.50s)]	ELBO: -5417.836, -3561.241, -2457.409, -1881.844, -1618.688, -1426.431, -1319.315, -1261.718, -1240.663, -1229.891 (-1182.724)	Log prob: -5409.233, -3544.771, -2435.651, -1855.604, -1588.372, -1392.881, -1282.925, -1222.547, -1199.072, -1185.752 (-1138.859)	KLD: 8.603, 7.867, 5.288, 4.482, 4.077, 3.234, 2.839, 2.781, 2.421, 2.546 (43.865)	Grad: 37.874, 21.851, 10.351, 8.401, 5.869, 5.023, 4.610, 4.686, 4.780, 4.036
[Epoch  53 (43.59s)]	ELBO: -5436.236, -3548.574, -2450.963, -1876.193, -1612.688, -1422.085, -1313.353, -1254.835, -1233.929, -1223.122 (-1190.893)	Log prob: -5427.636, -3532.104, -2429.207, -1849.987, -1582.407, -1388.597, -1277.006, -1215.689, -1192.376, -1179.031 (-1146.597)	KLD: 8.597, 7.874, 5.286, 4.448, 4.076, 3.209, 2.856, 2.800, 2.409, 2.536 (44.296)	Grad: 37.877, 20.725, 9.636, 8.036, 6.167, 5.036, 4.521, 4.623, 4.781, 3.923
[Epoch  54 (46.49s)]	ELBO: -5419.378, -3561.581, -2455.538, -1881.204, -1616.167, -1425.775, -1317.833, -1259.532, -1237.609, -1226.878 (-1191.625)	Log prob: -5410.826, -3545.181, -2433.839, -1855.041, -1585.925, -1392.305, -1281.520, -1220.427, -1196.081, -1182.840 (-1147.281)	KLD: 8.555, 7.844, 5.302, 4.463, 4.079, 3.227, 2.844, 2.793, 2.421, 2.511 (44.345)	Grad: 38.206, 20.184, 9.852, 7.984, 5.814, 5.061, 4.485, 4.635, 5.006, 3.987
[Epoch  55 (45.66s)]	ELBO: -5423.457, -3553.649, -2455.354, -1885.294, -1620.145, -1427.930, -1318.436, -1258.048, -1236.804, -1226.064 (-1183.227)	Log prob: -5414.958, -3537.386, -2433.849, -1859.389, -1590.179, -1394.735, -1282.383, -1219.194, -1195.541, -1182.289 (-1139.695)	KLD: 8.495, 7.770, 5.240, 4.402, 4.061, 3.228, 2.859, 2.800, 2.408, 2.513 (43.532)	Grad: 41.897, 22.802, 10.345, 8.589, 6.193, 5.092, 4.698, 4.849, 5.102, 4.161
[Epoch  56 (44.84s)]	ELBO: -5403.466, -3543.345, -2445.239, -1875.047, -1608.561, -1418.792, -1309.679, -1251.018, -1228.680, -1217.379 (-1174.023)	Log prob: -5395.041, -3527.110, -2423.750, -1849.122, -1578.569, -1385.597, -1273.639, -1212.179, -1187.412, -1173.573 (-1129.791)	KLD: 8.426, 7.808, 5.255, 4.435, 4.066, 3.204, 2.845, 2.799, 2.428, 2.537 (44.232)	Grad: 40.309, 21.029, 10.022, 8.442, 5.816, 5.041, 4.709, 4.600, 4.716, 4.059
[Epoch  57 (44.48s)]	ELBO: -5411.772, -3530.582, -2434.888, -1865.726, -1599.016, -1410.174, -1301.194, -1242.794, -1221.329, -1209.484 (-1168.408)	Log prob: -5403.367, -3514.354, -2413.399, -1839.813, -1569.030, -1376.984, -1265.154, -1203.974, -1180.114, -1165.728 (-1124.564)	KLD: 8.405, 7.820, 5.263, 4.425, 4.074, 3.205, 2.848, 2.781, 2.396, 2.540 (43.844)	Grad: 36.484, 20.450, 9.786, 7.933, 5.875, 4.918, 4.295, 4.582, 4.603, 3.915
[Epoch  58 (38.79s)]	ELBO: -5389.719, -3531.441, -2433.146, -1864.175, -1596.070, -1406.760, -1297.168, -1236.961, -1214.791, -1202.914 (-1161.098)	Log prob: -5381.338, -3515.250, -2411.692, -1838.278, -1566.088, -1373.559, -1261.117, -1198.114, -1173.531, -1159.146 (-1116.476)	KLD: 8.379, 7.817, 5.259, 4.442, 4.086, 3.219, 2.849, 2.797, 2.413, 2.507 (44.622)	Grad: 36.970, 20.562, 9.579, 7.817, 5.528, 4.934, 4.449, 4.325, 4.593, 3.811
[Epoch  59 (37.95s)]	ELBO: -5409.378, -3526.074, -2438.120, -1872.434, -1602.340, -1414.399, -1303.680, -1243.441, -1221.099, -1208.761 (-1152.477)	Log prob: -5401.066, -3509.982, -2416.815, -1846.695, -1572.523, -1381.372, -1267.813, -1204.779, -1180.007, -1165.102 (-1108.868)	KLD: 8.315, 7.775, 5.216, 4.432, 4.080, 3.210, 2.840, 2.795, 2.430, 2.565 (43.610)	Grad: 40.340, 19.952, 10.005, 8.448, 5.649, 5.005, 4.343, 4.490, 4.730, 3.992
[Epoch  60 (38.49s)]	ELBO: -5439.749, -3512.020, -2428.403, -1860.640, -1589.242, -1400.750, -1290.536, -1230.479, -1208.600, -1197.032 (-1178.232)	Log prob: -5431.437, -3495.892, -2407.004, -1834.820, -1559.343, -1367.643, -1254.573, -1191.760, -1167.488, -1153.408 (-1133.911)	KLD: 8.316, 7.810, 5.273, 4.421, 4.080, 3.208, 2.855, 2.757, 2.395, 2.511 (44.321)	Grad: 36.347, 21.114, 9.684, 8.225, 5.624, 4.988, 4.350, 4.384, 4.684, 3.937
[Epoch  61 (38.23s)]	ELBO: -5460.674, -3512.046, -2429.011, -1861.504, -1591.872, -1404.962, -1295.232, -1235.768, -1213.842, -1201.944 (-1163.204)	Log prob: -5452.391, -3495.960, -2407.647, -1835.707, -1561.998, -1371.906, -1259.327, -1197.074, -1172.735, -1158.305 (-1119.247)	KLD: 8.286, 7.802, 5.275, 4.433, 4.078, 3.183, 2.847, 2.789, 2.412, 2.534 (43.957)	Grad: 35.586, 20.190, 10.003, 8.292, 5.885, 4.994, 4.556, 4.613, 4.754, 4.117
[Epoch  62 (38.54s)]	ELBO: -5396.889, -3505.000, -2420.723, -1858.461, -1588.619, -1400.814, -1289.273, -1228.438, -1205.901, -1194.098 (-1182.742)	Log prob: -5388.578, -3488.907, -2399.383, -1832.695, -1558.795, -1367.769, -1253.378, -1189.744, -1164.812, -1150.499 (-1138.675)	KLD: 8.313, 7.780, 5.246, 4.425, 4.059, 3.223, 2.848, 2.800, 2.394, 2.510 (44.067)	Grad: 34.436, 19.945, 9.798, 8.089, 5.881, 4.788, 4.324, 4.316, 4.466, 3.888
[Epoch  63 (38.33s)]	ELBO: -5428.886, -3493.903, -2419.962, -1857.014, -1586.267, -1399.574, -1287.850, -1228.058, -1205.104, -1192.703 (-1175.897)	Log prob: -5420.613, -3477.879, -2398.704, -1831.346, -1556.535, -1366.639, -1252.073, -1189.518, -1164.166, -1149.249 (-1132.735)	KLD: 8.272, 7.754, 5.230, 4.410, 4.065, 3.204, 2.840, 2.764, 2.400, 2.515 (43.162)	Grad: 36.914, 21.010, 9.549, 8.289, 6.142, 4.699, 4.479, 4.473, 4.781, 4.014
[Epoch  64 (39.44s)]	ELBO: -5480.456, -3509.776, -2432.371, -1869.804, -1596.451, -1408.690, -1295.970, -1234.431, -1211.082, -1198.852 (-1147.664)	Log prob: -5472.325, -3493.912, -2411.346, -1844.373, -1566.937, -1375.959, -1260.407, -1196.055, -1170.271, -1155.525 (-1103.606)	KLD: 8.133, 7.733, 5.160, 4.406, 4.084, 3.216, 2.831, 2.813, 2.435, 2.515 (44.057)	Grad: 38.021, 20.515, 9.542, 8.183, 5.757, 4.838, 4.405, 4.631, 4.780, 4.015
[Epoch  65 (39.48s)]	ELBO: -5485.891, -3506.642, -2435.824, -1869.621, -1597.125, -1411.238, -1298.041, -1237.545, -1213.579, -1201.477 (-1169.143)	Log prob: -5477.889, -3490.953, -2415.016, -1844.422, -1567.849, -1378.759, -1262.713, -1199.395, -1173.040, -1158.437 (-1125.391)	KLD: 8.002, 7.686, 5.121, 4.390, 4.077, 3.204, 2.849, 2.821, 2.390, 2.500 (43.752)	Grad: 39.509, 19.648, 9.711, 8.209, 6.019, 4.867, 4.413, 4.599, 4.707, 3.906
[Epoch  66 (42.03s)]	ELBO: -5399.887, -3481.921, -2419.117, -1856.475, -1582.321, -1395.265, -1281.273, -1219.411, -1195.612, -1182.655 (-1150.124)	Log prob: -5391.868, -3466.208, -2398.229, -1831.198, -1552.982, -1362.708, -1245.851, -1181.208, -1155.007, -1139.510 (-1106.957)	KLD: 8.017, 7.695, 5.177, 4.389, 4.060, 3.219, 2.865, 2.781, 2.400, 2.542 (43.167)	Grad: 35.557, 20.463, 9.541, 7.908, 5.174, 4.858, 4.091, 4.243, 4.457, 3.759
[Epoch  67 (40.04s)]	ELBO: -5418.568, -3478.341, -2414.516, -1850.878, -1576.586, -1389.352, -1276.846, -1215.273, -1191.117, -1178.272 (-1141.232)	Log prob: -5410.505, -3462.543, -2393.542, -1825.511, -1547.110, -1356.663, -1241.325, -1176.933, -1150.387, -1135.015 (-1097.217)	KLD: 8.062, 7.738, 5.174, 4.394, 4.109, 3.213, 2.831, 2.820, 2.390, 2.526 (44.015)	Grad: 37.124, 19.149, 9.589, 7.957, 5.724, 4.656, 4.209, 4.275, 4.470, 3.858
[Epoch  68 (40.75s)]	ELBO: -5383.900, -3481.772, -2415.385, -1855.663, -1581.350, -1394.484, -1280.694, -1218.202, -1192.807, -1180.096 (-1150.785)	Log prob: -5375.925, -3466.116, -2394.611, -1830.510, -1552.150, -1362.071, -1245.438, -1180.148, -1152.353, -1137.161 (-1107.462)	KLD: 7.979, 7.676, 5.120, 4.379, 4.047, 3.214, 2.843, 2.798, 2.399, 2.482 (43.323)	Grad: 37.487, 20.000, 9.425, 8.156, 5.865, 4.951, 4.167, 4.314, 4.619, 3.848
[Epoch  69 (39.11s)]	ELBO: -5435.060, -3465.573, -2403.213, -1846.330, -1570.460, -1384.407, -1269.900, -1209.489, -1185.033, -1172.182 (-1133.572)	Log prob: -5427.120, -3449.938, -2382.386, -1821.101, -1541.164, -1351.920, -1234.574, -1171.417, -1144.623, -1129.286 (-1090.899)	KLD: 7.940, 7.696, 5.189, 4.403, 4.070, 3.190, 2.840, 2.744, 2.339, 2.486 (42.674)	Grad: 35.852, 20.820, 9.609, 8.114, 5.617, 4.673, 4.069, 4.346, 4.563, 3.823
[Epoch  70 (39.35s)]	ELBO: -5396.394, -3462.508, -2403.968, -1844.599, -1568.647, -1381.971, -1268.026, -1206.081, -1180.778, -1168.191 (-1135.214)	Log prob: -5388.382, -3446.791, -2383.042, -1819.268, -1539.215, -1349.317, -1232.535, -1167.801, -1140.117, -1125.033 (-1092.367)	KLD: 8.015, 7.702, 5.208, 4.407, 4.099, 3.222, 2.836, 2.789, 2.380, 2.497 (42.847)	Grad: 33.614, 20.440, 9.272, 7.388, 5.607, 4.825, 4.072, 4.327, 4.523, 3.812
[Epoch  71 (40.29s)]	ELBO: -5452.773, -3478.544, -2415.729, -1859.122, -1582.564, -1396.154, -1281.610, -1217.815, -1190.962, -1178.085 (-1148.494)	Log prob: -5444.835, -3462.972, -2395.049, -1834.054, -1553.401, -1363.771, -1246.400, -1179.782, -1150.506, -1135.170 (-1105.881)	KLD: 7.939, 7.635, 5.106, 4.388, 4.097, 3.218, 2.828, 2.823, 2.422, 2.460 (42.613)	Grad: 37.396, 20.085, 9.445, 8.136, 5.834, 4.899, 4.204, 4.179, 4.577, 3.868
[Epoch  72 (40.23s)]	ELBO: -5516.706, -3478.006, -2426.532, -1865.565, -1588.288, -1401.569, -1286.432, -1222.733, -1195.474, -1182.964 (-1138.785)	Log prob: -5508.912, -3462.613, -2406.093, -1840.786, -1559.469, -1369.534, -1251.569, -1185.067, -1155.427, -1140.435 (-1096.254)	KLD: 7.797, 7.596, 5.045, 4.339, 4.043, 3.214, 2.827, 2.805, 2.380, 2.483 (42.531)	Grad: 37.378, 19.930, 9.250, 8.147, 5.764, 4.759, 4.353, 4.389, 4.694, 3.789
[Epoch  73 (39.10s)]	ELBO: -5456.734, -3452.755, -2410.566, -1851.989, -1574.111, -1388.278, -1272.598, -1210.996, -1185.060, -1172.584 (-1127.943)	Log prob: -5449.060, -3437.445, -2390.133, -1827.199, -1545.272, -1356.229, -1237.706, -1173.321, -1145.009, -1130.080 (-1085.140)	KLD: 7.674, 7.638, 5.121, 4.357, 4.048, 3.210, 2.843, 2.783, 2.376, 2.454 (42.803)	Grad: 37.585, 19.787, 9.857, 8.141, 5.665, 4.875, 4.243, 4.272, 4.501, 3.876
[Epoch  74 (40.96s)]	ELBO: -5417.714, -3448.007, -2404.005, -1845.563, -1567.902, -1381.905, -1264.741, -1203.148, -1175.969, -1162.522 (-1113.596)	Log prob: -5409.896, -3432.528, -2383.355, -1820.524, -1538.777, -1349.563, -1229.549, -1165.182, -1135.625, -1119.698 (-1070.456)	KLD: 7.819, 7.660, 5.171, 4.390, 4.083, 3.219, 2.850, 2.773, 2.379, 2.481 (43.140)	Grad: 35.518, 18.992, 9.486, 7.474, 5.488, 4.618, 3.957, 4.003, 4.291, 3.620
[Epoch  75 (42.20s)]	ELBO: -5390.488, -3453.148, -2407.904, -1851.413, -1573.353, -1386.451, -1269.184, -1203.475, -1175.950, -1162.993 (-1133.211)	Log prob: -5382.684, -3437.716, -2387.361, -1826.519, -1544.409, -1354.290, -1234.172, -1165.635, -1135.708, -1120.300 (-1089.914)	KLD: 7.806, 7.625, 5.115, 4.348, 4.050, 3.218, 2.850, 2.829, 2.401, 2.451 (43.297)	Grad: 38.433, 20.403, 9.433, 7.713, 5.499, 4.579, 4.133, 4.156, 4.478, 3.820
[Epoch  76 (40.94s)]	ELBO: -5405.321, -3438.522, -2398.907, -1840.136, -1560.671, -1375.153, -1257.848, -1195.117, -1166.469, -1153.008 (-1116.924)	Log prob: -5397.581, -3423.210, -2378.472, -1815.313, -1531.793, -1343.065, -1222.924, -1157.409, -1126.363, -1110.436 (-1074.004)	KLD: 7.737, 7.572, 5.125, 4.387, 4.057, 3.211, 2.835, 2.785, 2.398, 2.466 (42.920)	Grad: 34.324, 19.913, 9.343, 7.794, 5.374, 4.466, 4.036, 4.092, 4.524, 3.776
[Epoch  77 (40.06s)]	ELBO: -5368.895, -3440.483, -2396.166, -1838.521, -1560.136, -1373.545, -1256.845, -1192.068, -1163.580, -1149.974 (-1109.067)	Log prob: -5361.158, -3425.144, -2375.718, -1813.696, -1531.265, -1341.460, -1221.911, -1154.313, -1123.418, -1107.340 (-1066.472)	KLD: 7.738, 7.601, 5.110, 4.376, 4.045, 3.213, 2.851, 2.822, 2.406, 2.472 (42.596)	Grad: 35.201, 19.568, 9.144, 7.512, 5.326, 4.487, 3.932, 4.030, 4.223, 3.659
[Epoch  78 (39.69s)]	ELBO: -5385.595, -3434.739, -2393.944, -1839.301, -1560.352, -1372.995, -1255.614, -1191.203, -1162.319, -1149.105 (-1123.806)	Log prob: -5377.796, -3419.343, -2373.444, -1814.413, -1531.424, -1340.849, -1220.635, -1153.406, -1122.116, -1106.459 (-1080.790)	KLD: 7.795, 7.600, 5.102, 4.391, 4.040, 3.217, 2.834, 2.818, 2.405, 2.443 (43.015)	Grad: 36.898, 18.919, 9.755, 7.315, 5.504, 4.532, 3.850, 4.005, 4.311, 3.751
[Epoch  79 (39.04s)]	ELBO: -5389.481, -3436.880, -2394.117, -1836.702, -1555.961, -1369.715, -1252.679, -1188.760, -1159.716, -1146.323 (-1122.112)	Log prob: -5381.740, -3421.545, -2373.653, -1811.854, -1527.051, -1337.583, -1217.692, -1151.014, -1119.569, -1103.725 (-1079.198)	KLD: 7.740, 7.596, 5.128, 4.387, 4.060, 3.220, 2.856, 2.759, 2.402, 2.450 (42.913)	Grad: 35.012, 20.067, 9.151, 7.454, 5.401, 4.598, 4.047, 4.004, 4.403, 3.713
[Epoch  80 (39.18s)]	ELBO: -5408.063, -3447.580, -2407.409, -1851.020, -1571.503, -1386.056, -1268.755, -1203.212, -1172.305, -1158.388 (-1115.909)	Log prob: -5400.396, -3432.397, -2387.189, -1826.425, -1542.891, -1354.227, -1234.080, -1165.715, -1132.376, -1115.993 (-1073.535)	KLD: 7.669, 7.514, 5.036, 4.377, 4.017, 3.217, 2.846, 2.821, 2.432, 2.466 (42.374)	Grad: 38.747, 20.247, 9.366, 7.876, 5.709, 4.578, 4.005, 4.105, 4.506, 3.749
[Epoch  81 (41.45s)]	ELBO: -5389.398, -3434.370, -2403.240, -1843.203, -1562.133, -1375.051, -1258.618, -1193.033, -1162.047, -1148.686 (-1127.009)	Log prob: -5381.827, -3419.260, -2383.096, -1818.680, -1533.560, -1343.236, -1223.990, -1155.569, -1122.162, -1106.361 (-1084.315)	KLD: 7.578, 7.535, 5.031, 4.379, 4.050, 3.241, 2.815, 2.836, 2.421, 2.441 (42.694)	Grad: 37.580, 21.017, 9.427, 7.812, 5.451, 4.578, 4.179, 4.130, 4.454, 3.793
[Epoch  82 (43.51s)]	ELBO: -5372.613, -3417.138, -2385.111, -1828.788, -1546.622, -1359.383, -1241.347, -1177.109, -1146.462, -1132.929 (-1103.511)	Log prob: -5364.991, -3401.955, -2364.831, -1804.138, -1517.910, -1327.441, -1206.555, -1139.530, -1106.499, -1090.488 (-1061.123)	KLD: 7.622, 7.563, 5.095, 4.371, 4.060, 3.231, 2.850, 2.786, 2.385, 2.478 (42.389)	Grad: 32.983, 18.415, 9.129, 7.416, 5.075, 4.229, 3.660, 3.641, 3.953, 3.439
[Epoch  83 (44.15s)]	ELBO: -5379.268, -3417.998, -2382.008, -1826.638, -1544.307, -1358.408, -1240.646, -1177.540, -1147.105, -1133.178 (-1094.006)	Log prob: -5371.621, -3402.837, -2361.754, -1801.999, -1515.649, -1326.517, -1205.918, -1140.062, -1107.211, -1090.810 (-1051.001)	KLD: 7.646, 7.512, 5.097, 4.383, 4.020, 3.232, 2.837, 2.750, 2.417, 2.473 (43.005)	Grad: 33.367, 20.073, 9.475, 7.547, 5.384, 4.470, 3.978, 4.012, 4.348, 3.752
[Epoch  84 (41.38s)]	ELBO: -5461.213, -3421.896, -2387.958, -1828.175, -1544.925, -1359.787, -1241.292, -1179.613, -1148.421, -1134.996 (-1100.333)	Log prob: -5453.537, -3406.681, -2367.643, -1803.473, -1516.181, -1327.826, -1206.491, -1142.073, -1108.444, -1092.568 (-1057.154)	KLD: 7.679, 7.534, 5.100, 4.389, 4.044, 3.217, 2.841, 2.737, 2.436, 2.453 (43.179)	Grad: 32.942, 20.403, 9.516, 7.301, 5.426, 4.478, 4.006, 3.991, 4.324, 3.746
[Epoch  85 (44.23s)]	ELBO: -5364.497, -3429.092, -2391.893, -1836.065, -1553.955, -1368.204, -1250.771, -1185.579, -1154.837, -1141.743 (-1102.778)	Log prob: -5356.921, -3413.971, -2371.680, -1811.480, -1525.326, -1336.344, -1216.075, -1148.087, -1114.952, -1099.458 (-1060.119)	KLD: 7.576, 7.546, 5.091, 4.373, 4.044, 3.231, 2.836, 2.794, 2.394, 2.401 (42.658)	Grad: 35.119, 19.070, 9.506, 7.443, 5.311, 4.734, 4.110, 4.087, 4.321, 3.681
[Epoch  86 (45.51s)]	ELBO: -5370.546, -3414.425, -2382.881, -1828.795, -1545.829, -1359.164, -1242.048, -1177.599, -1146.520, -1133.047 (-1104.426)	Log prob: -5362.913, -3399.279, -2362.663, -1804.187, -1517.196, -1327.311, -1207.355, -1140.140, -1106.659, -1090.752 (-1061.333)	KLD: 7.628, 7.519, 5.069, 4.392, 4.024, 3.221, 2.840, 2.765, 2.403, 2.433 (43.093)	Grad: 33.971, 19.249, 9.743, 7.240, 5.301, 4.418, 4.022, 3.887, 4.286, 3.703
[Epoch  87 (45.12s)]	ELBO: -5367.482, -3419.250, -2383.963, -1830.804, -1548.836, -1363.673, -1245.771, -1180.524, -1148.828, -1134.981 (-1094.736)	Log prob: -5359.900, -3404.226, -2363.871, -1806.351, -1520.352, -1331.963, -1211.221, -1143.187, -1109.073, -1092.811 (-1052.486)	KLD: 7.584, 7.439, 5.068, 4.362, 4.031, 3.226, 2.839, 2.788, 2.418, 2.414 (42.250)	Grad: 35.767, 20.423, 9.609, 8.005, 5.244, 4.576, 4.028, 4.045, 4.334, 3.828
[Epoch  88 (43.96s)]	ELBO: -5371.372, -3410.823, -2384.093, -1830.791, -1547.081, -1360.632, -1241.137, -1174.444, -1142.009, -1128.692 (-1121.306)	Log prob: -5363.779, -3395.742, -2363.947, -1806.281, -1518.537, -1328.857, -1206.521, -1137.022, -1102.155, -1086.454 (-1078.834)	KLD: 7.592, 7.488, 5.067, 4.363, 4.034, 3.233, 2.839, 2.806, 2.433, 2.384 (42.471)	Grad: 34.832, 19.960, 9.290, 7.304, 5.238, 4.391, 3.877, 3.854, 4.121, 3.637
[Epoch  89 (42.87s)]	ELBO: -5360.267, -3408.770, -2378.992, -1831.513, -1549.428, -1363.552, -1244.403, -1178.758, -1146.000, -1132.117 (-1103.193)	Log prob: -5352.753, -3393.788, -2358.951, -1807.100, -1521.004, -1331.897, -1209.898, -1141.473, -1106.296, -1089.974 (-1060.947)	KLD: 7.516, 7.465, 5.059, 4.373, 4.012, 3.231, 2.849, 2.779, 2.420, 2.439 (42.246)	Grad: 37.208, 20.027, 9.579, 7.776, 5.358, 4.815, 4.095, 4.059, 4.349, 3.796
[Epoch  90 (46.64s)]	ELBO: -5370.515, -3410.920, -2383.040, -1833.342, -1550.044, -1363.603, -1244.136, -1178.536, -1145.396, -1131.941 (-1092.678)	Log prob: -5363.029, -3396.017, -2363.115, -1809.056, -1521.718, -1332.032, -1209.716, -1141.319, -1105.777, -1089.924 (-1050.390)	KLD: 7.484, 7.420, 5.022, 4.359, 4.042, 3.244, 2.850, 2.796, 2.401, 2.398 (42.289)	Grad: 35.727, 19.008, 9.127, 7.241, 5.252, 4.322, 3.807, 3.788, 4.030, 3.612
[Epoch  91 (49.65s)]	ELBO: -5348.585, -3405.161, -2374.282, -1823.818, -1541.059, -1356.620, -1237.226, -1172.110, -1138.572, -1125.017 (-1095.135)	Log prob: -5341.096, -3390.167, -2354.203, -1799.365, -1512.584, -1324.909, -1202.676, -1134.822, -1098.879, -1082.939 (-1052.965)	KLD: 7.491, 7.501, 5.088, 4.374, 4.021, 3.236, 2.840, 2.738, 2.405, 2.384 (42.170)	Grad: 33.818, 18.506, 9.667, 7.272, 5.135, 4.435, 3.896, 3.801, 3.995, 3.573
[Epoch  92 (52.15s)]	ELBO: -5345.156, -3400.979, -2374.100, -1823.608, -1540.243, -1355.318, -1236.918, -1171.079, -1137.244, -1123.439 (-1095.160)	Log prob: -5337.642, -3386.042, -2354.114, -1799.231, -1511.869, -1323.721, -1202.482, -1133.873, -1097.633, -1081.423 (-1053.961)	KLD: 7.512, 7.425, 5.050, 4.390, 3.997, 3.224, 2.840, 2.769, 2.405, 2.404 (41.199)	Grad: 33.887, 19.097, 9.249, 7.223, 5.334, 4.410, 3.895, 3.883, 4.111, 3.622
[Epoch  93 (51.50s)]	ELBO: -5364.905, -3384.623, -2366.143, -1820.243, -1534.691, -1348.068, -1228.283, -1162.432, -1129.046, -1115.395 (-1091.548)	Log prob: -5357.458, -3369.750, -2346.246, -1795.982, -1506.393, -1316.525, -1193.902, -1125.280, -1089.495, -1073.448 (-1049.472)	KLD: 7.450, 7.426, 5.021, 4.365, 4.037, 3.245, 2.838, 2.770, 2.399, 2.396 (42.077)	Grad: 31.679, 18.842, 8.864, 6.763, 4.954, 4.198, 3.702, 3.619, 3.903, 3.447
[Epoch  94 (52.61s)]	ELBO: -5320.413, -3408.189, -2384.075, -1836.160, -1553.632, -1365.214, -1245.882, -1178.381, -1144.388, -1129.979 (-1105.441)	Log prob: -5313.014, -3393.421, -2364.307, -1812.029, -1525.475, -1333.818, -1211.642, -1141.334, -1104.921, -1088.119 (-1063.930)	KLD: 7.397, 7.369, 5.002, 4.365, 4.025, 3.239, 2.843, 2.807, 2.420, 2.393 (41.512)	Grad: 36.568, 19.662, 9.599, 6.896, 5.536, 4.402, 3.933, 4.008, 4.198, 3.757
[Epoch  95 (52.09s)]	ELBO: -5360.467, -3403.125, -2374.792, -1827.741, -1543.272, -1357.299, -1237.589, -1171.378, -1138.204, -1124.275 (-1075.538)	Log prob: -5353.088, -3388.354, -2354.999, -1803.590, -1515.105, -1325.879, -1203.323, -1134.335, -1098.760, -1082.463 (-1033.580)	KLD: 7.377, 7.393, 5.024, 4.357, 4.016, 3.252, 2.848, 2.776, 2.399, 2.370 (41.959)	Grad: 35.955, 19.233, 9.500, 7.290, 5.374, 4.371, 3.802, 3.918, 4.161, 3.699
[Epoch  96 (40.65s)]	ELBO: -5338.390, -3397.592, -2379.856, -1833.272, -1548.468, -1362.578, -1241.619, -1172.177, -1138.276, -1124.436 (-1122.464)	Log prob: -5331.031, -3382.841, -2360.151, -1809.236, -1520.409, -1331.286, -1207.484, -1135.204, -1098.893, -1082.658 (-1080.420)	KLD: 7.357, 7.393, 4.955, 4.331, 4.025, 3.232, 2.842, 2.838, 2.410, 2.394 (42.044)	Grad: 37.874, 19.286, 9.509, 7.305, 5.304, 4.436, 3.897, 3.928, 4.023, 3.644
[Epoch  97 (34.47s)]	ELBO: -5363.317, -3384.768, -2370.682, -1825.660, -1539.879, -1353.829, -1233.090, -1165.700, -1131.046, -1117.034 (-1088.460)	Log prob: -5355.918, -3369.972, -2350.898, -1801.529, -1511.733, -1322.436, -1198.849, -1128.677, -1091.615, -1075.195 (-1045.934)	KLD: 7.397, 7.398, 4.988, 4.347, 4.016, 3.246, 2.848, 2.782, 2.409, 2.408 (42.526)	Grad: 35.051, 19.469, 9.465, 6.738, 5.006, 4.337, 3.751, 3.776, 3.858, 3.508
[Epoch  98 (33.66s)]	ELBO: -5364.004, -3385.123, -2375.422, -1827.466, -1541.206, -1356.041, -1235.350, -1166.403, -1133.232, -1120.089 (-1081.288)	Log prob: -5356.629, -3370.413, -2355.731, -1803.421, -1513.156, -1324.753, -1201.209, -1129.474, -1093.937, -1078.461 (-1039.734)	KLD: 7.376, 7.332, 4.983, 4.353, 4.007, 3.238, 2.851, 2.788, 2.366, 2.334 (41.554)	Grad: 36.743, 18.946, 9.486, 7.277, 5.001, 4.296, 3.691, 3.734, 3.883, 3.468
[Epoch  99 (34.36s)]	ELBO: -5348.730, -3382.670, -2367.432, -1819.028, -1532.505, -1347.479, -1226.513, -1159.573, -1125.663, -1111.412 (-1072.055)	Log prob: -5341.329, -3367.907, -2347.666, -1794.903, -1504.355, -1316.087, -1192.273, -1122.572, -1086.276, -1069.634 (-1030.460)	KLD: 7.398, 7.366, 5.000, 4.360, 4.025, 3.243, 2.848, 2.762, 2.387, 2.390 (41.595)	Grad: 36.058, 18.798, 8.923, 6.868, 5.073, 4.118, 3.534, 3.608, 3.761, 3.353
[Epoch 100 (33.86s)]	ELBO: -5340.870, -3378.608, -2365.691, -1818.986, -1532.071, -1346.680, -1225.747, -1159.181, -1124.487, -1110.659 (-1087.125)	Log prob: -5333.521, -3363.905, -2345.982, -1794.914, -1503.968, -1315.345, -1191.568, -1122.210, -1085.131, -1068.947 (-1044.496)	KLD: 7.352, 7.354, 5.002, 4.364, 4.032, 3.232, 2.844, 2.792, 2.384, 2.356 (42.629)	Grad: 35.317, 20.256, 9.378, 6.927, 5.138, 4.236, 3.821, 3.744, 3.982, 3.611
Best epoch(s): [99]	Training time(s): 4008.83s (4008.83s)	Best ELBO: -1110.659 (-1072.055)	Best log prob: -1068.947 (-1030.460)
Avg. mu: -0.053, -0.025, -0.408, -0.144, 0.325, 0.366, -0.220, 0.033, -0.262, -0.529
Avg. var: 0.000, 0.000, 0.001, 0.001, 0.003, 0.003, 0.003, 0.006, 0.013, 0.008
Max. mu: 5.002, 5.204, 6.641, 8.376, 12.552, 8.575, 4.823, 8.563, 5.302, 2.700
Max. var: 0.006, 0.016, 0.027, 0.131, 0.098, 0.074, 0.039, 0.198, 0.169, 0.084
Min. mu: -9.225, -7.961, -10.628, -14.188, -9.040, -4.770, -8.000, -6.712, -7.124, -4.397
Min. var: 0.000, 0.000, 0.000, 0.000, 0.000, 0.000, 0.000, 0.000, 0.000, 0.001
Cov. mu:
[[6.306 -2.683 -0.943 -0.578 0.166 0.033 0.195 0.230 -0.112 -0.158]
 [-2.683 6.461 0.763 0.168 -0.205 -0.568 -0.336 -0.919 -0.405 0.003]
 [-0.943 0.763 2.833 -0.035 0.110 0.044 -0.032 -0.321 -0.068 0.124]
 [-0.578 0.168 -0.035 1.704 -0.104 -0.008 -0.035 -0.069 -0.005 -0.000]
 [0.166 -0.205 0.110 -0.104 2.004 0.010 0.008 -0.020 0.071 0.145]
 [0.033 -0.568 0.044 -0.008 0.010 1.028 0.089 0.015 -0.028 -0.003]
 [0.195 -0.336 -0.032 -0.035 0.008 0.089 0.907 0.064 0.029 0.009]
 [0.230 -0.919 -0.321 -0.069 -0.020 0.015 0.064 0.928 0.072 0.023]
 [-0.112 -0.405 -0.068 -0.005 0.071 -0.028 0.029 0.072 0.903 0.014]
 [-0.158 0.003 0.124 -0.000 0.145 -0.003 0.009 0.023 0.014 0.286]]
