Encoder
=================================================================
Layer (type:depth-idx)                   Param #
=================================================================
Encoder                                  --
├─Linear: 1-1                            76,930
├─Linear: 1-2                            9,702
=================================================================
Total params: 86,632
Trainable params: 86,632
Non-trainable params: 0
=================================================================
Encoder to Latents 0
=================================================================
Layer (type:depth-idx)                   Param #
=================================================================
EncoderToLatents                         --
├─Linear: 1-1                            99
├─Linear: 1-2                            99
=================================================================
Total params: 198
Trainable params: 198
Non-trainable params: 0
=================================================================
Encoder to Latents 1
=================================================================
Layer (type:depth-idx)                   Param #
=================================================================
EncoderToLatents                         --
├─Linear: 1-1                            99
├─Linear: 1-2                            99
=================================================================
Total params: 198
Trainable params: 198
Non-trainable params: 0
=================================================================
Latents to Decoder 0
=================================================================
Layer (type:depth-idx)                   Param #
=================================================================
LatentsToDecoder                         --
├─Linear: 1-1                            196
=================================================================
Total params: 196
Trainable params: 196
Non-trainable params: 0
=================================================================
Latents to Decoder 1
=================================================================
Layer (type:depth-idx)                   Param #
=================================================================
LatentsToDecoder                         --
├─Linear: 1-1                            196
=================================================================
Total params: 196
Trainable params: 196
Non-trainable params: 0
=================================================================
Decoder
=================================================================
Layer (type:depth-idx)                   Param #
=================================================================
Decoder                                  --
├─Linear: 1-1                            9,702
├─Linear: 1-2                            77,616
=================================================================
Total params: 87,318
Trainable params: 87,318
Non-trainable params: 0
=================================================================
[Epoch   1 (10.31s)]	ELBO: 125.690, 180.354 (606.814)	Log prob: 125.739, 180.449 (606.884)	KLD: 0.049, 0.046 (0.070)	Grad: 16369.037, 22804.972
[Epoch   2 (16.26s)]	ELBO: 613.746, 821.344 (998.210)	Log prob: 613.796, 821.426 (998.298)	KLD: 0.050, 0.032 (0.089)	Grad: 7672.696, 18732.435
[Epoch   3 (15.83s)]	ELBO: 896.315, 947.809 (-1058.895)	Log prob: 896.379, 947.892 (-1058.845)	KLD: 0.064, 0.019 (0.051)	Grad: 21447.080, 4419707.411
[Epoch   4 (15.65s)]	ELBO: 1017.510, 1101.031 (1036.319)	Log prob: 1017.550, 1101.077 (1036.366)	KLD: 0.039, 0.006 (0.047)	Grad: 9991.077, 15636.884
[Epoch   5 (18.01s)]	ELBO: 1131.405, 1141.926 (1190.169)	Log prob: 1131.442, 1141.968 (1190.193)	KLD: 0.038, 0.004 (0.024)	Grad: 4660.666, 26800.669
[Epoch   6 (16.92s)]	ELBO: 1203.712, 1209.327 (1222.203)	Log prob: 1203.733, 1209.353 (1222.238)	KLD: 0.021, 0.005 (0.035)	Grad: 19345.630, 4293.453
[Epoch   7 (15.23s)]	ELBO: 965.065, 929.293 (1280.762)	Log prob: 965.089, 929.321 (1280.790)	KLD: 0.024, 0.005 (0.028)	Grad: 9350891.679, 159800.279
[Epoch   8 (17.22s)]	ELBO: 1283.046, 1279.802 (1305.264)	Log prob: 1283.092, 1279.855 (1305.347)	KLD: 0.046, 0.007 (0.083)	Grad: 11287.300, 2323.951
[Epoch   9 (16.46s)]	ELBO: 1309.984, 1297.806 (1312.191)	Log prob: 1310.092, 1297.925 (1312.335)	KLD: 0.108, 0.011 (0.144)	Grad: 993.840, 11059.799
[Epoch  10 (18.88s)]	ELBO: 1317.732, 1310.243 (1318.020)	Log prob: 1317.903, 1310.431 (1318.265)	KLD: 0.171, 0.016 (0.245)	Grad: 10447.582, 5438.925
[Epoch  11 (19.62s)]	ELBO: 1323.056, 1316.932 (1320.099)	Log prob: 1323.328, 1317.271 (1320.497)	KLD: 0.272, 0.067 (0.398)	Grad: 389.104, 816.288
[Epoch  12 (18.83s)]	ELBO: 1322.251, 1316.280 (1322.559)	Log prob: 1322.570, 1316.720 (1323.148)	KLD: 0.318, 0.121 (0.589)	Grad: 16241.749, 978.263
[Epoch  13 (18.47s)]	ELBO: 1327.535, 1323.174 (1323.394)	Log prob: 1327.878, 1323.652 (1323.899)	KLD: 0.342, 0.137 (0.504)	Grad: 483.690, 1409.192
[Epoch  14 (18.06s)]	ELBO: 1328.101, 1321.388 (1326.078)	Log prob: 1328.334, 1321.777 (1326.582)	KLD: 0.234, 0.154 (0.504)	Grad: 450.527, 6288.548
[Epoch  15 (17.27s)]	ELBO: 1327.084, 1318.653 (1323.007)	Log prob: 1327.380, 1319.169 (1323.756)	KLD: 0.296, 0.221 (0.750)	Grad: 5268.258, 35717.183
[Epoch  16 (17.22s)]	ELBO: 1329.406, 1322.634 (1310.359)	Log prob: 1329.900, 1323.552 (1311.415)	KLD: 0.494, 0.425 (1.056)	Grad: 62.583, 8332.440
[Epoch  17 (17.83s)]	ELBO: 1327.828, 1326.567 (1337.081)	Log prob: 1328.292, 1327.866 (1338.813)	KLD: 0.465, 0.835 (1.732)	Grad: 1519.362, 8963.303
[Epoch  18 (18.07s)]	ELBO: 1304.598, 1307.292 (1332.849)	Log prob: 1305.122, 1309.193 (1334.899)	KLD: 0.523, 1.377 (2.050)	Grad: 474015.509, 5010.147
[Epoch  19 (17.29s)]	ELBO: 1317.640, 1323.186 (1303.941)	Log prob: 1318.361, 1325.570 (1306.488)	KLD: 0.721, 1.663 (2.547)	Grad: 13865.662, 163.380
[Epoch  20 (18.21s)]	ELBO: 1269.742, 1277.531 (1331.758)	Log prob: 1270.370, 1280.135 (1334.469)	KLD: 0.628, 1.976 (2.711)	Grad: 118606.613, 1267.836
[Epoch  21 (17.71s)]	ELBO: 1328.523, 1313.331 (1345.339)	Log prob: 1329.191, 1315.765 (1347.767)	KLD: 0.668, 1.766 (2.427)	Grad: 75988.797, 56270.499
[Epoch  22 (17.60s)]	ELBO: 1326.866, 1328.252 (1313.695)	Log prob: 1327.520, 1330.731 (1316.379)	KLD: 0.654, 1.826 (2.684)	Grad: 2600.991, 6138.688
[Epoch  23 (17.62s)]	ELBO: 1331.303, 1340.271 (1355.096)	Log prob: 1331.998, 1343.025 (1358.027)	KLD: 0.695, 2.059 (2.932)	Grad: 3518.883, 131.222
[Epoch  24 (18.02s)]	ELBO: 1322.340, 1332.045 (1355.632)	Log prob: 1323.055, 1335.099 (1358.891)	KLD: 0.714, 2.339 (3.259)	Grad: 14646.899, 427.405
[Epoch  25 (19.21s)]	ELBO: 1362.138, 1372.212 (1375.488)	Log prob: 1363.061, 1375.657 (1379.080)	KLD: 0.924, 2.521 (3.592)	Grad: 97.060, 5.885
[Epoch  26 (18.70s)]	ELBO: 1368.728, 1380.402 (1381.156)	Log prob: 1370.043, 1384.438 (1385.841)	KLD: 1.314, 2.722 (4.685)	Grad: 7.137, 0.718
[Epoch  27 (17.66s)]	ELBO: 1379.110, 1372.730 (1367.972)	Log prob: 1381.849, 1378.452 (1375.015)	KLD: 2.738, 2.984 (7.044)	Grad: 29.474, 18680.575
[Epoch  28 (17.65s)]	ELBO: 1386.311, 1379.719 (1382.397)	Log prob: 1389.963, 1386.688 (1389.516)	KLD: 3.653, 3.317 (7.119)	Grad: 57.380, 3930.156
[Epoch  29 (17.77s)]	ELBO: 1333.109, 1330.707 (1387.331)	Log prob: 1337.163, 1337.869 (1394.122)	KLD: 4.055, 3.109 (6.791)	Grad: 645078.401, 9087.779
[Epoch  30 (17.88s)]	ELBO: 1394.369, 1388.009 (1397.030)	Log prob: 1398.567, 1394.732 (1403.409)	KLD: 4.198, 2.525 (6.379)	Grad: 187.818, 19817.760
[Epoch  31 (17.53s)]	ELBO: 1396.804, 1393.937 (1401.123)	Log prob: 1401.092, 1400.257 (1407.191)	KLD: 4.288, 2.031 (6.068)	Grad: 244.398, 560.063
[Epoch  32 (20.00s)]	ELBO: 1404.209, 1400.698 (1401.808)	Log prob: 1408.563, 1406.455 (1407.484)	KLD: 4.353, 1.403 (5.676)	Grad: 112.895, 1593.059
[Epoch  33 (19.52s)]	ELBO: 1119.775, 1057.725 (1271.464)	Log prob: 1124.228, 1063.501 (1277.639)	KLD: 4.453, 1.323 (6.175)	Grad: 19273.063, 419799.895
[Epoch  34 (19.60s)]	ELBO: 1371.733, 1353.699 (1397.823)	Log prob: 1375.663, 1359.094 (1402.960)	KLD: 3.931, 1.464 (5.136)	Grad: 6.424, 127722.677
[Epoch  35 (19.62s)]	ELBO: 1404.542, 1402.713 (1405.659)	Log prob: 1408.414, 1408.174 (1411.145)	KLD: 3.872, 1.589 (5.486)	Grad: 33.059, 933.106
[Epoch  36 (19.64s)]	ELBO: 1007.566, 988.308 (461.940)	Log prob: 1011.631, 993.267 (466.828)	KLD: 4.065, 0.894 (4.888)	Grad: 106507.630, 5854763.703
[Epoch  37 (19.39s)]	ELBO: 1272.099, 1274.289 (1377.262)	Log prob: 1275.859, 1279.348 (1382.131)	KLD: 3.760, 1.299 (4.868)	Grad: 21.805, 852365.348
[Epoch  38 (19.70s)]	ELBO: 1394.121, 1394.323 (1406.052)	Log prob: 1396.925, 1399.360 (1411.706)	KLD: 2.803, 2.234 (5.654)	Grad: 10.032, 2646.161
[Epoch  39 (18.63s)]	ELBO: 1410.996, 1409.884 (1409.100)	Log prob: 1414.559, 1415.497 (1414.732)	KLD: 3.563, 2.050 (5.632)	Grad: 24.851, 1.898
[Epoch  40 (18.44s)]	ELBO: 1414.754, 1413.905 (1412.961)	Log prob: 1418.586, 1419.321 (1418.211)	KLD: 3.832, 1.583 (5.250)	Grad: 22.144, 17.169
[Epoch  41 (18.57s)]	ELBO: 1416.523, 1416.014 (1415.670)	Log prob: 1420.427, 1421.369 (1421.119)	KLD: 3.904, 1.452 (5.449)	Grad: 29.937, 60.596
[Epoch  42 (18.92s)]	ELBO: 1417.437, 1417.167 (1415.276)	Log prob: 1421.306, 1422.508 (1420.569)	KLD: 3.870, 1.471 (5.293)	Grad: 40.434, 265.916
[Epoch  43 (19.81s)]	ELBO: 1418.710, 1419.061 (1419.090)	Log prob: 1422.526, 1424.380 (1424.531)	KLD: 3.815, 1.504 (5.441)	Grad: 47.505, 60.413
[Epoch  44 (18.24s)]	ELBO: 1419.685, 1420.769 (1420.575)	Log prob: 1423.545, 1426.129 (1425.987)	KLD: 3.859, 1.501 (5.412)	Grad: 61.555, 10.170
[Epoch  45 (17.92s)]	ELBO: 1421.527, 1423.363 (1423.141)	Log prob: 1425.395, 1428.811 (1428.630)	KLD: 3.868, 1.580 (5.489)	Grad: 36.349, 10.260
[Epoch  46 (20.12s)]	ELBO: 1421.574, 1424.907 (1425.822)	Log prob: 1425.498, 1430.526 (1431.583)	KLD: 3.924, 1.696 (5.762)	Grad: 70.142, 7.847
[Epoch  47 (18.24s)]	ELBO: 1422.225, 1427.580 (1427.631)	Log prob: 1426.143, 1433.376 (1433.435)	KLD: 3.918, 1.878 (5.804)	Grad: 87.666, 6.852
[Epoch  48 (16.63s)]	ELBO: 1422.396, 1430.235 (1431.386)	Log prob: 1426.313, 1436.147 (1437.418)	KLD: 3.917, 1.995 (6.032)	Grad: 124.600, 618.913
[Epoch  49 (14.79s)]	ELBO: 1423.453, 1434.196 (1437.014)	Log prob: 1427.385, 1440.336 (1443.247)	KLD: 3.933, 2.209 (6.233)	Grad: 117.204, 8.160
[Epoch  50 (13.19s)]	ELBO: 1424.618, 1438.572 (1438.678)	Log prob: 1428.544, 1444.845 (1445.175)	KLD: 3.927, 2.347 (6.497)	Grad: 113.666, 58.324
Best epoch(s): [50]	Training time(s): 890.01s (890.01s)	Best ELBO: 1438.572 (1438.678)	Best log prob: 1444.845 (1445.175)
Avg. z: 15.982, 2.366
Max. z: 228.976, 2444.704
Min. z: -47.513, -11.632
Cov. z:
[[1249.255 -18.525]
 [-18.525 622.076]]
