Seed: 2019
=================================================================
Layer (type:depth-idx)                   Param #
=================================================================
RNN                                      --
├─Canvas: 1-1                            --
│    └─Linear: 2-1                       784
├─Encoder: 1-2                           --
│    └─Linear: 2-2                       76,930
│    └─Linear: 2-3                       9,702
├─ModuleList: 1-3                        --
│    └─EncoderToLatents: 2-4             --
│    │    └─Linear: 3-1                  99
│    │    └─Linear: 3-2                  99
│    └─EncoderToLatents: 2-5             --
│    │    └─Linear: 3-3                  99
│    │    └─Linear: 3-4                  99
│    └─EncoderToLatents: 2-6             --
│    │    └─Linear: 3-5                  99
│    │    └─Linear: 3-6                  99
│    └─EncoderToLatents: 2-7             --
│    │    └─Linear: 3-7                  99
│    │    └─Linear: 3-8                  99
│    └─EncoderToLatents: 2-8             --
│    │    └─Linear: 3-9                  99
│    │    └─Linear: 3-10                 99
│    └─EncoderToLatents: 2-9             --
│    │    └─Linear: 3-11                 99
│    │    └─Linear: 3-12                 99
│    └─EncoderToLatents: 2-10            --
│    │    └─Linear: 3-13                 99
│    │    └─Linear: 3-14                 99
│    └─EncoderToLatents: 2-11            --
│    │    └─Linear: 3-15                 99
│    │    └─Linear: 3-16                 99
│    └─EncoderToLatents: 2-12            --
│    │    └─Linear: 3-17                 99
│    │    └─Linear: 3-18                 99
│    └─EncoderToLatents: 2-13            --
│    │    └─Linear: 3-19                 99
│    │    └─Linear: 3-20                 99
├─LatentsToLatentsComplicated: 1-4       --
│    └─Linear: 2-14                      500
│    └─Linear: 2-15                      10,100
│    └─Linear: 2-16                      10,100
│    └─Linear: 2-17                      101
│    └─Linear: 2-18                      101
├─ModuleList: 1-5                        --
│    └─LatentsToDecoder: 2-19            --
│    │    └─Linear: 3-21                 196
│    └─LatentsToDecoder: 2-20            --
│    │    └─Linear: 3-22                 196
│    └─LatentsToDecoder: 2-21            --
│    │    └─Linear: 3-23                 196
│    └─LatentsToDecoder: 2-22            --
│    │    └─Linear: 3-24                 196
│    └─LatentsToDecoder: 2-23            --
│    │    └─Linear: 3-25                 196
│    └─LatentsToDecoder: 2-24            --
│    │    └─Linear: 3-26                 196
│    └─LatentsToDecoder: 2-25            --
│    │    └─Linear: 3-27                 196
│    └─LatentsToDecoder: 2-26            --
│    │    └─Linear: 3-28                 196
│    └─LatentsToDecoder: 2-27            --
│    │    └─Linear: 3-29                 196
│    └─LatentsToDecoder: 2-28            --
│    │    └─Linear: 3-30                 196
├─Decoder: 1-6                           --
│    └─Linear: 2-29                      9,702
│    └─Linear: 2-30                      77,616
=================================================================
Total params: 199,576
Trainable params: 199,576
Non-trainable params: 0
=================================================================
[Epoch   1 (91.00s)]	ELBO (bits/dim): 2.18685, 2.33753, 2.38353, 2.40648, 2.41438, 2.41677, 2.41641, 2.41135, 2.40432, 2.39710 (2.63734)	Reconstruction error (/dim): 0.08488, 0.07902, 0.07771, 0.07711, 0.07744, 0.07803, 0.07837, 0.07874, 0.07958, 0.08003 (0.06804)	KLD: 8.016, 1.860, 0.592, 0.558, 0.277, 0.291, 0.340, 0.313, 0.350, 0.319 (15.105)	Grad: 1237.9
[Epoch   2 (87.58s)]	ELBO (bits/dim): 2.50402, 2.63837, 2.71086, 2.74412, 2.75825, 2.76644, 2.76847, 2.76827, 2.76765, 2.76638 (2.89544)	Reconstruction error (/dim): 0.07691, 0.06996, 0.06466, 0.06139, 0.06010, 0.05947, 0.05902, 0.05890, 0.05929, 0.05936 (0.04902)	KLD: 4.594, 3.558, 2.799, 2.139, 1.274, 1.152, 0.683, 0.659, 0.385, 0.362 (20.478)	Grad: 1296.3
[Epoch   3 (89.58s)]	ELBO (bits/dim): 2.54927, 2.68903, 2.79504, 2.85048, 2.89895, 2.91699, 2.94907, 2.95517, 2.95712, 2.95666 (3.01646)	Reconstruction error (/dim): 0.07501, 0.06796, 0.06060, 0.05569, 0.05100, 0.04939, 0.04572, 0.04491, 0.04485, 0.04486 (0.04058)	KLD: 3.856, 3.561, 3.069, 2.399, 2.157, 1.728, 2.100, 1.344, 0.755, 0.629 (21.797)	Grad: 1351.2
[Epoch   4 (83.12s)]	ELBO (bits/dim): 2.57343, 2.70961, 2.83747, 2.90161, 2.95400, 2.98523, 3.01245, 3.02617, 3.02727, 3.03084 (3.06648)	Reconstruction error (/dim): 0.07288, 0.06673, 0.05752, 0.05226, 0.04715, 0.04421, 0.04161, 0.04013, 0.04012, 0.03970 (0.03677)	KLD: 3.630, 3.412, 3.180, 2.432, 2.174, 2.001, 1.844, 1.707, 0.652, 0.854 (22.420)	Grad: 1391.0
[Epoch   5 (83.27s)]	ELBO (bits/dim): 2.58363, 2.72069, 2.85798, 2.92839, 2.97986, 3.01341, 3.04034, 3.05644, 3.06051, 3.06798 (3.09466)	Reconstruction error (/dim): 0.07169, 0.06590, 0.05602, 0.05017, 0.04524, 0.04227, 0.03981, 0.03820, 0.03777, 0.03700 (0.03457)	KLD: 3.551, 3.418, 3.139, 2.460, 2.171, 1.988, 1.927, 1.726, 1.003, 1.168 (22.670)	Grad: 1523.4
[Epoch   6 (87.24s)]	ELBO (bits/dim): 2.58828, 2.72804, 2.87148, 2.94726, 2.99928, 3.03296, 3.05965, 3.07637, 3.08267, 3.09017 (3.10877)	Reconstruction error (/dim): 0.07146, 0.06536, 0.05508, 0.04869, 0.04376, 0.04087, 0.03848, 0.03685, 0.03614, 0.03539 (0.03371)	KLD: 3.481, 3.411, 3.116, 2.500, 2.167, 1.999, 1.922, 1.733, 1.155, 1.172 (22.849)	Grad: 1340.0
[Epoch   7 (89.77s)]	ELBO (bits/dim): 2.59116, 2.73343, 2.88048, 2.96000, 3.01251, 3.04645, 3.07292, 3.08984, 3.09759, 3.10423 (3.12225)	Reconstruction error (/dim): 0.07142, 0.06503, 0.05444, 0.04768, 0.04276, 0.03990, 0.03754, 0.03587, 0.03503, 0.03436 (0.03276)	KLD: 3.444, 3.413, 3.111, 2.524, 2.165, 2.018, 1.914, 1.720, 1.226, 1.142 (22.899)	Grad: 1295.0
[Epoch   8 (83.38s)]	ELBO (bits/dim): 2.59375, 2.73983, 2.88737, 2.97019, 3.02298, 3.05754, 3.08413, 3.10131, 3.11043, 3.11607 (3.13367)	Reconstruction error (/dim): 0.07130, 0.06428, 0.05399, 0.04694, 0.04201, 0.03911, 0.03678, 0.03509, 0.03412, 0.03354 (0.03226)	KLD: 3.410, 3.397, 3.120, 2.552, 2.169, 2.023, 1.916, 1.706, 1.275, 1.121 (22.507)	Grad: 1459.0
[Epoch   9 (73.40s)]	ELBO (bits/dim): 2.59540, 2.74440, 2.89318, 2.97818, 3.03102, 3.06654, 3.09355, 3.11096, 3.12075, 3.12619 (3.14320)	Reconstruction error (/dim): 0.07119, 0.06368, 0.05359, 0.04637, 0.04145, 0.03849, 0.03614, 0.03444, 0.03343, 0.03283 (0.03147)	KLD: 3.391, 3.392, 3.118, 2.568, 2.177, 2.026, 1.922, 1.691, 1.292, 1.142 (22.974)	Grad: 1358.2
[Epoch  10 (65.79s)]	ELBO (bits/dim): 2.59677, 2.74784, 2.89830, 2.98488, 3.03797, 3.07430, 3.10211, 3.11957, 3.12988, 3.13551 (3.15060)	Reconstruction error (/dim): 0.07103, 0.06335, 0.05321, 0.04586, 0.04096, 0.03795, 0.03554, 0.03385, 0.03281, 0.03216 (0.03101)	KLD: 3.373, 3.394, 3.110, 2.578, 2.189, 2.039, 1.932, 1.689, 1.298, 1.156 (22.886)	Grad: 1371.3
[Epoch  11 (66.52s)]	ELBO (bits/dim): 2.59799, 2.75120, 2.90256, 2.99055, 3.04342, 3.08111, 3.10935, 3.12706, 3.13759, 3.14340 (3.15462)	Reconstruction error (/dim): 0.07088, 0.06303, 0.05291, 0.04541, 0.04057, 0.03747, 0.03504, 0.03334, 0.03229, 0.03160 (0.03023)	KLD: 3.359, 3.406, 3.114, 2.582, 2.193, 2.049, 1.937, 1.692, 1.307, 1.174 (22.828)	Grad: 1382.9
[Epoch  12 (67.73s)]	ELBO (bits/dim): 2.59905, 2.75403, 2.90626, 2.99498, 3.04782, 3.08680, 3.11559, 3.13336, 3.14408, 3.15021 (3.16290)	Reconstruction error (/dim): 0.07068, 0.06273, 0.05263, 0.04507, 0.04028, 0.03706, 0.03461, 0.03292, 0.03185, 0.03114 (0.02976)	KLD: 3.350, 3.412, 3.109, 2.596, 2.189, 2.057, 1.941, 1.696, 1.313, 1.183 (23.004)	Grad: 1493.2
[Epoch  13 (70.21s)]	ELBO (bits/dim): 2.60029, 2.75687, 2.90913, 2.99894, 3.05169, 3.09194, 3.12137, 3.13908, 3.15009, 3.15647 (3.16762)	Reconstruction error (/dim): 0.07046, 0.06244, 0.05241, 0.04476, 0.04001, 0.03671, 0.03417, 0.03249, 0.03143, 0.03070 (0.02967)	KLD: 3.354, 3.426, 3.114, 2.603, 2.193, 2.063, 1.946, 1.699, 1.323, 1.203 (23.091)	Grad: 1498.2
[Epoch  14 (69.68s)]	ELBO (bits/dim): 2.60181, 2.76013, 2.91258, 3.00299, 3.05594, 3.09688, 3.12690, 3.14464, 3.15580, 3.16257 (3.17336)	Reconstruction error (/dim): 0.07028, 0.06213, 0.05213, 0.04445, 0.03971, 0.03634, 0.03376, 0.03210, 0.03102, 0.03025 (0.02931)	KLD: 3.349, 3.440, 3.119, 2.615, 2.188, 2.069, 1.939, 1.695, 1.330, 1.212 (23.138)	Grad: 1359.0
[Epoch  15 (70.23s)]	ELBO (bits/dim): 2.60315, 2.76328, 2.91544, 3.00643, 3.05929, 3.10094, 3.13158, 3.14928, 3.16060, 3.16765 (3.17749)	Reconstruction error (/dim): 0.07014, 0.06183, 0.05189, 0.04418, 0.03949, 0.03606, 0.03344, 0.03178, 0.03070, 0.02991 (0.02890)	KLD: 3.350, 3.454, 3.121, 2.624, 2.190, 2.077, 1.950, 1.696, 1.344, 1.225 (22.796)	Grad: 1402.5
[Epoch  16 (74.71s)]	ELBO (bits/dim): 2.60419, 2.76575, 2.91809, 3.00957, 3.06265, 3.10482, 3.13575, 3.15328, 3.16469, 3.17193 (3.18025)	Reconstruction error (/dim): 0.07008, 0.06160, 0.05167, 0.04398, 0.03927, 0.03580, 0.03312, 0.03151, 0.03042, 0.02964 (0.02887)	KLD: 3.349, 3.473, 3.124, 2.631, 2.193, 2.080, 1.950, 1.693, 1.351, 1.230 (23.278)	Grad: 1428.1
[Epoch  17 (68.84s)]	ELBO (bits/dim): 2.60533, 2.76840, 2.92058, 3.01236, 3.06556, 3.10821, 3.13945, 3.15685, 3.16829, 3.17581 (3.18465)	Reconstruction error (/dim): 0.06991, 0.06130, 0.05148, 0.04378, 0.03909, 0.03556, 0.03286, 0.03125, 0.03017, 0.02938 (0.02850)	KLD: 3.353, 3.489, 3.125, 2.634, 2.198, 2.091, 1.955, 1.692, 1.359, 1.241 (23.358)	Grad: 1494.7
[Epoch  18 (75.87s)]	ELBO (bits/dim): 2.60631, 2.77086, 2.92274, 3.01482, 3.06799, 3.11117, 3.14284, 3.16031, 3.17171, 3.17933 (3.18871)	Reconstruction error (/dim): 0.06988, 0.06103, 0.05128, 0.04357, 0.03892, 0.03535, 0.03261, 0.03100, 0.02993, 0.02913 (0.02813)	KLD: 3.358, 3.505, 3.135, 2.642, 2.189, 2.091, 1.954, 1.685, 1.358, 1.241 (22.932)	Grad: 1428.5
[Epoch  19 (68.24s)]	ELBO (bits/dim): 2.60729, 2.77289, 2.92483, 3.01709, 3.07052, 3.11391, 3.14585, 3.16311, 3.17460, 3.18238 (3.18971)	Reconstruction error (/dim): 0.06978, 0.06083, 0.05112, 0.04343, 0.03878, 0.03516, 0.03240, 0.03081, 0.02974, 0.02892 (0.02803)	KLD: 3.360, 3.515, 3.134, 2.651, 2.191, 2.099, 1.953, 1.685, 1.357, 1.246 (22.903)	Grad: 1397.9
[Epoch  20 (67.15s)]	ELBO (bits/dim): 2.60823, 2.77521, 2.92697, 3.01945, 3.07286, 3.11643, 3.14852, 3.16565, 3.17732, 3.18500 (3.19444)	Reconstruction error (/dim): 0.06975, 0.06061, 0.05095, 0.04326, 0.03861, 0.03498, 0.03221, 0.03063, 0.02955, 0.02876 (0.02761)	KLD: 3.367, 3.531, 3.137, 2.661, 2.191, 2.102, 1.953, 1.680, 1.365, 1.253 (22.740)	Grad: 1421.0
[Epoch  21 (67.52s)]	ELBO (bits/dim): 2.60929, 2.77708, 2.92866, 3.02121, 3.07487, 3.11856, 3.15079, 3.16794, 3.17955, 3.18747 (3.19303)	Reconstruction error (/dim): 0.06967, 0.06039, 0.05081, 0.04313, 0.03849, 0.03485, 0.03206, 0.03050, 0.02941, 0.02858 (0.02794)	KLD: 3.371, 3.536, 3.140, 2.666, 2.189, 2.108, 1.954, 1.676, 1.366, 1.255 (23.290)	Grad: 1426.5
[Epoch  22 (67.10s)]	ELBO (bits/dim): 2.61010, 2.77924, 2.93055, 3.02298, 3.07659, 3.12061, 3.15307, 3.17026, 3.18180, 3.18962 (3.19815)	Reconstruction error (/dim): 0.06961, 0.06019, 0.05066, 0.04303, 0.03838, 0.03470, 0.03191, 0.03034, 0.02926, 0.02845 (0.02775)	KLD: 3.378, 3.549, 3.137, 2.675, 2.186, 2.109, 1.958, 1.673, 1.360, 1.252 (22.922)	Grad: 1431.9
[Epoch  23 (67.74s)]	ELBO (bits/dim): 2.61127, 2.78136, 2.93225, 3.02477, 3.07864, 3.12268, 3.15511, 3.17206, 3.18374, 3.19166 (3.19831)	Reconstruction error (/dim): 0.06954, 0.05995, 0.05050, 0.04287, 0.03824, 0.03455, 0.03176, 0.03020, 0.02913, 0.02831 (0.02751)	KLD: 3.385, 3.559, 3.144, 2.681, 2.191, 2.117, 1.957, 1.669, 1.360, 1.250 (23.481)	Grad: 1481.4
[Epoch  24 (67.77s)]	ELBO (bits/dim): 2.61216, 2.78326, 2.93382, 3.02629, 3.08025, 3.12455, 3.15700, 3.17396, 3.18562, 3.19350 (3.20276)	Reconstruction error (/dim): 0.06953, 0.05982, 0.05039, 0.04278, 0.03815, 0.03443, 0.03163, 0.03010, 0.02901, 0.02819 (0.02724)	KLD: 3.391, 3.566, 3.151, 2.689, 2.182, 2.117, 1.955, 1.663, 1.360, 1.249 (22.769)	Grad: 1415.4
[Epoch  25 (67.19s)]	ELBO (bits/dim): 2.61339, 2.78553, 2.93579, 3.02805, 3.08206, 3.12635, 3.15889, 3.17581, 3.18757, 3.19549 (3.20178)	Reconstruction error (/dim): 0.06940, 0.05960, 0.05023, 0.04267, 0.03801, 0.03431, 0.03151, 0.02997, 0.02888, 0.02804 (0.02726)	KLD: 3.403, 3.578, 3.152, 2.693, 2.183, 2.126, 1.951, 1.662, 1.353, 1.250 (23.763)	Grad: 1441.4
[Epoch  26 (67.25s)]	ELBO (bits/dim): 2.61442, 2.78760, 2.93688, 3.02931, 3.08325, 3.12752, 3.15996, 3.17690, 3.18860, 3.19641 (3.20474)	Reconstruction error (/dim): 0.06934, 0.05941, 0.05017, 0.04259, 0.03797, 0.03424, 0.03144, 0.02990, 0.02883, 0.02800 (0.02724)	KLD: 3.421, 3.588, 3.155, 2.701, 2.187, 2.127, 1.955, 1.659, 1.354, 1.254 (23.072)	Grad: 1479.5
[Epoch  27 (67.05s)]	ELBO (bits/dim): 2.61546, 2.78954, 2.93856, 3.03049, 3.08449, 3.12877, 3.16131, 3.17819, 3.18995, 3.19778 (3.20585)	Reconstruction error (/dim): 0.06931, 0.05923, 0.05001, 0.04250, 0.03789, 0.03415, 0.03134, 0.02981, 0.02873, 0.02791 (0.02699)	KLD: 3.418, 3.590, 3.159, 2.705, 2.181, 2.121, 1.951, 1.664, 1.355, 1.252 (23.370)	Grad: 1505.1
[Epoch  28 (67.07s)]	ELBO (bits/dim): 2.61652, 2.79134, 2.94011, 3.03205, 3.08608, 3.13048, 3.16316, 3.17976, 3.19158, 3.19954 (3.20531)	Reconstruction error (/dim): 0.06927, 0.05910, 0.04989, 0.04239, 0.03779, 0.03404, 0.03121, 0.02971, 0.02862, 0.02779 (0.02715)	KLD: 3.429, 3.599, 3.162, 2.714, 2.178, 2.126, 1.959, 1.656, 1.351, 1.261 (23.085)	Grad: 1494.7
[Epoch  29 (67.44s)]	ELBO (bits/dim): 2.61782, 2.79350, 2.94178, 3.03357, 3.08776, 3.13196, 3.16457, 3.18122, 3.19308, 3.20079 (3.20813)	Reconstruction error (/dim): 0.06921, 0.05893, 0.04973, 0.04228, 0.03767, 0.03394, 0.03111, 0.02960, 0.02851, 0.02770 (0.02700)	KLD: 3.445, 3.603, 3.163, 2.709, 2.176, 2.125, 1.954, 1.652, 1.348, 1.248 (23.535)	Grad: 1438.6
[Epoch  30 (66.64s)]	ELBO (bits/dim): 2.61898, 2.79554, 2.94290, 3.03456, 3.08874, 3.13316, 3.16567, 3.18231, 3.19416, 3.20202 (3.20897)	Reconstruction error (/dim): 0.06908, 0.05876, 0.04965, 0.04222, 0.03762, 0.03386, 0.03103, 0.02952, 0.02845, 0.02762 (0.02708)	KLD: 3.451, 3.612, 3.171, 2.722, 2.177, 2.132, 1.962, 1.645, 1.343, 1.243 (23.487)	Grad: 1512.1
[Epoch  31 (66.70s)]	ELBO (bits/dim): 2.62032, 2.79763, 2.94427, 3.03553, 3.08964, 3.13407, 3.16651, 3.18307, 3.19510, 3.20278 (3.20976)	Reconstruction error (/dim): 0.06905, 0.05861, 0.04957, 0.04217, 0.03757, 0.03380, 0.03098, 0.02948, 0.02838, 0.02758 (0.02697)	KLD: 3.462, 3.620, 3.169, 2.722, 2.179, 2.134, 1.957, 1.650, 1.352, 1.253 (23.461)	Grad: 1509.0
[Epoch  32 (66.74s)]	ELBO (bits/dim): 2.62125, 2.79908, 2.94528, 3.03670, 3.09057, 3.13501, 3.16735, 3.18397, 3.19580, 3.20355 (3.21129)	Reconstruction error (/dim): 0.06900, 0.05852, 0.04949, 0.04208, 0.03753, 0.03375, 0.03093, 0.02943, 0.02835, 0.02754 (0.02681)	KLD: 3.470, 3.621, 3.169, 2.727, 2.177, 2.134, 1.962, 1.647, 1.347, 1.251 (23.196)	Grad: 1463.5
[Epoch  33 (66.30s)]	ELBO (bits/dim): 2.62236, 2.80094, 2.94647, 3.03743, 3.09161, 3.13588, 3.16827, 3.18488, 3.19686, 3.20444 (3.21170)	Reconstruction error (/dim): 0.06894, 0.05839, 0.04938, 0.04204, 0.03746, 0.03368, 0.03085, 0.02936, 0.02827, 0.02748 (0.02678)	KLD: 3.483, 3.622, 3.168, 2.727, 2.175, 2.132, 1.962, 1.646, 1.344, 1.251 (23.454)	Grad: 1556.5
[Epoch  34 (70.84s)]	ELBO (bits/dim): 2.62358, 2.80293, 2.94789, 3.03889, 3.09284, 3.13723, 3.16968, 3.18616, 3.19790, 3.20576 (3.21097)	Reconstruction error (/dim): 0.06885, 0.05824, 0.04929, 0.04193, 0.03736, 0.03358, 0.03074, 0.02927, 0.02820, 0.02738 (0.02688)	KLD: 3.491, 3.635, 3.176, 2.735, 2.172, 2.137, 1.968, 1.647, 1.348, 1.238 (24.043)	Grad: 1467.2
[Epoch  35 (83.46s)]	ELBO (bits/dim): 2.62485, 2.80493, 2.94903, 3.03972, 3.09375, 3.13805, 3.17055, 3.18701, 3.19894, 3.20659 (3.21119)	Reconstruction error (/dim): 0.06874, 0.05813, 0.04919, 0.04189, 0.03733, 0.03354, 0.03071, 0.02920, 0.02813, 0.02734 (0.02681)	KLD: 3.503, 3.634, 3.176, 2.739, 2.178, 2.137, 1.966, 1.646, 1.342, 1.231 (23.869)	Grad: 1535.4
[Epoch  36 (81.43s)]	ELBO (bits/dim): 2.62604, 2.80656, 2.95019, 3.04048, 3.09441, 3.13861, 3.17116, 3.18754, 3.19962, 3.20712 (3.21300)	Reconstruction error (/dim): 0.06871, 0.05798, 0.04909, 0.04183, 0.03727, 0.03350, 0.03066, 0.02917, 0.02807, 0.02729 (0.02648)	KLD: 3.511, 3.640, 3.181, 2.741, 2.171, 2.134, 1.968, 1.641, 1.345, 1.235 (23.516)	Grad: 1546.9
[Epoch  37 (79.43s)]	ELBO (bits/dim): 2.62716, 2.80808, 2.95057, 3.04098, 3.09481, 3.13910, 3.17141, 3.18778, 3.19982, 3.20745 (3.21297)	Reconstruction error (/dim): 0.06862, 0.05787, 0.04906, 0.04178, 0.03724, 0.03345, 0.03065, 0.02917, 0.02806, 0.02728 (0.02655)	KLD: 3.527, 3.640, 3.180, 2.746, 2.175, 2.137, 1.969, 1.641, 1.342, 1.223 (23.653)	Grad: 1664.2
[Epoch  38 (80.12s)]	ELBO (bits/dim): 2.62815, 2.80984, 2.95189, 3.04200, 3.09592, 3.14014, 3.17242, 3.18885, 3.20075, 3.20826 (3.21493)	Reconstruction error (/dim): 0.06858, 0.05779, 0.04896, 0.04170, 0.03716, 0.03338, 0.03057, 0.02908, 0.02800, 0.02722 (0.02637)	KLD: 3.534, 3.645, 3.181, 2.748, 2.175, 2.137, 1.968, 1.640, 1.338, 1.220 (23.845)	Grad: 1610.9
[Epoch  39 (80.72s)]	ELBO (bits/dim): 2.62946, 2.81169, 2.95307, 3.04311, 3.09697, 3.14123, 3.17342, 3.18980, 3.20177, 3.20938 (3.21376)	Reconstruction error (/dim): 0.06851, 0.05768, 0.04888, 0.04164, 0.03711, 0.03332, 0.03051, 0.02902, 0.02792, 0.02715 (0.02656)	KLD: 3.547, 3.653, 3.180, 2.755, 2.171, 2.137, 1.968, 1.638, 1.345, 1.224 (23.568)	Grad: 1538.8
[Epoch  40 (78.73s)]	ELBO (bits/dim): 2.63058, 2.81309, 2.95363, 3.04359, 3.09717, 3.14122, 3.17345, 3.18976, 3.20173, 3.20950 (3.21385)	Reconstruction error (/dim): 0.06843, 0.05757, 0.04881, 0.04159, 0.03708, 0.03330, 0.03049, 0.02903, 0.02794, 0.02714 (0.02672)	KLD: 3.559, 3.656, 3.184, 2.752, 2.171, 2.132, 1.967, 1.640, 1.338, 1.219 (23.126)	Grad: 1568.3
[Epoch  41 (79.34s)]	ELBO (bits/dim): 2.63171, 2.81490, 2.95486, 3.04450, 3.09802, 3.14211, 3.17427, 3.19078, 3.20258, 3.21015 (3.21733)	Reconstruction error (/dim): 0.06840, 0.05741, 0.04869, 0.04154, 0.03704, 0.03325, 0.03045, 0.02895, 0.02788, 0.02710 (0.02661)	KLD: 3.570, 3.655, 3.184, 2.754, 2.169, 2.137, 1.965, 1.630, 1.342, 1.218 (23.369)	Grad: 1603.5
[Epoch  42 (79.69s)]	ELBO (bits/dim): 2.63274, 2.81622, 2.95573, 3.04510, 3.09867, 3.14267, 3.17469, 3.19122, 3.20324, 3.21083 (3.21725)	Reconstruction error (/dim): 0.06829, 0.05734, 0.04865, 0.04150, 0.03699, 0.03321, 0.03043, 0.02893, 0.02783, 0.02705 (0.02645)	KLD: 3.574, 3.663, 3.185, 2.762, 2.167, 2.141, 1.960, 1.639, 1.348, 1.221 (23.853)	Grad: 1677.9
[Epoch  43 (80.06s)]	ELBO (bits/dim): 2.63365, 2.81785, 2.95663, 3.04609, 3.09978, 3.14389, 3.17590, 3.19236, 3.20427, 3.21178 (3.21790)	Reconstruction error (/dim): 0.06828, 0.05727, 0.04857, 0.04142, 0.03691, 0.03311, 0.03033, 0.02883, 0.02775, 0.02699 (0.02645)	KLD: 3.581, 3.666, 3.182, 2.764, 2.169, 2.138, 1.967, 1.637, 1.342, 1.216 (23.315)	Grad: 1739.3
[Epoch  44 (79.87s)]	ELBO (bits/dim): 2.63471, 2.81903, 2.95737, 3.04675, 3.10031, 3.14422, 3.17632, 3.19272, 3.20463, 3.21234 (3.21824)	Reconstruction error (/dim): 0.06822, 0.05718, 0.04850, 0.04136, 0.03687, 0.03310, 0.03030, 0.02881, 0.02773, 0.02695 (0.02641)	KLD: 3.591, 3.675, 3.187, 2.765, 2.171, 2.139, 1.963, 1.630, 1.340, 1.211 (23.164)	Grad: 1533.8
[Epoch  45 (77.99s)]	ELBO (bits/dim): 2.63542, 2.82038, 2.95824, 3.04759, 3.10105, 3.14489, 3.17707, 3.19345, 3.20535, 3.21291 (3.21723)	Reconstruction error (/dim): 0.06814, 0.05707, 0.04843, 0.04130, 0.03683, 0.03305, 0.03026, 0.02877, 0.02769, 0.02693 (0.02639)	KLD: 3.598, 3.680, 3.185, 2.770, 2.165, 2.138, 1.958, 1.635, 1.338, 1.203 (23.766)	Grad: 1641.9
[Epoch  46 (77.75s)]	ELBO (bits/dim): 2.63697, 2.82218, 2.95924, 3.04809, 3.10136, 3.14540, 3.17734, 3.19378, 3.20565, 3.21326 (3.21807)	Reconstruction error (/dim): 0.06809, 0.05697, 0.04835, 0.04127, 0.03681, 0.03302, 0.03023, 0.02875, 0.02766, 0.02690 (0.02635)	KLD: 3.613, 3.678, 3.190, 2.775, 2.165, 2.141, 1.963, 1.636, 1.337, 1.206 (23.749)	Grad: 1665.9
[Epoch  47 (78.19s)]	ELBO (bits/dim): 2.63760, 2.82294, 2.95967, 3.04865, 3.10192, 3.14561, 3.17734, 3.19376, 3.20570, 3.21335 (3.21774)	Reconstruction error (/dim): 0.06804, 0.05692, 0.04830, 0.04121, 0.03675, 0.03297, 0.03022, 0.02874, 0.02764, 0.02687 (0.02638)	KLD: 3.623, 3.674, 3.192, 2.771, 2.166, 2.133, 1.963, 1.636, 1.340, 1.215 (23.592)	Grad: 1585.4
[Epoch  48 (77.25s)]	ELBO (bits/dim): 2.63871, 2.82480, 2.96054, 3.04942, 3.10245, 3.14621, 3.17806, 3.19440, 3.20643, 3.21382 (3.21793)	Reconstruction error (/dim): 0.06801, 0.05679, 0.04825, 0.04119, 0.03673, 0.03295, 0.03017, 0.02870, 0.02760, 0.02687 (0.02623)	KLD: 3.625, 3.680, 3.190, 2.779, 2.161, 2.135, 1.965, 1.630, 1.338, 1.209 (23.501)	Grad: 1708.8
[Epoch  49 (77.84s)]	ELBO (bits/dim): 2.63931, 2.82570, 2.96122, 3.04985, 3.10309, 3.14681, 3.17869, 3.19503, 3.20703, 3.21465 (3.21605)	Reconstruction error (/dim): 0.06798, 0.05677, 0.04818, 0.04114, 0.03667, 0.03291, 0.03013, 0.02866, 0.02757, 0.02681 (0.02667)	KLD: 3.637, 3.689, 3.189, 2.778, 2.161, 2.133, 1.962, 1.641, 1.337, 1.206 (24.238)	Grad: 1636.2
[Epoch  50 (77.92s)]	ELBO (bits/dim): 2.64050, 2.82688, 2.96148, 3.05038, 3.10356, 3.14737, 3.17895, 3.19532, 3.20726, 3.21479 (3.22063)	Reconstruction error (/dim): 0.06787, 0.05667, 0.04814, 0.04109, 0.03663, 0.03286, 0.03010, 0.02862, 0.02754, 0.02678 (0.02604)	KLD: 3.644, 3.685, 3.192, 2.778, 2.160, 2.135, 1.964, 1.634, 1.338, 1.206 (23.475)	Grad: 1737.8
[Epoch  51 (77.41s)]	ELBO (bits/dim): 2.64105, 2.82831, 2.96279, 3.05111, 3.10430, 3.14796, 3.17962, 3.19599, 3.20797, 3.21563 (3.22173)	Reconstruction error (/dim): 0.06786, 0.05657, 0.04805, 0.04104, 0.03658, 0.03281, 0.03005, 0.02857, 0.02749, 0.02671 (0.02618)	KLD: 3.650, 3.691, 3.196, 2.783, 2.158, 2.142, 1.965, 1.640, 1.341, 1.209 (23.630)	Grad: 1846.1
[Epoch  52 (77.56s)]	ELBO (bits/dim): 2.64215, 2.82956, 2.96360, 3.05209, 3.10523, 3.14877, 3.18043, 3.19674, 3.20863, 3.21632 (3.22188)	Reconstruction error (/dim): 0.06779, 0.05650, 0.04798, 0.04098, 0.03653, 0.03275, 0.03000, 0.02853, 0.02744, 0.02668 (0.02617)	KLD: 3.664, 3.700, 3.197, 2.789, 2.159, 2.136, 1.963, 1.642, 1.343, 1.213 (23.391)	Grad: 1635.1
[Epoch  53 (78.53s)]	ELBO (bits/dim): 2.64274, 2.83053, 2.96424, 3.05283, 3.10584, 3.14940, 3.18107, 3.19750, 3.20953, 3.21711 (3.22079)	Reconstruction error (/dim): 0.06774, 0.05644, 0.04793, 0.04093, 0.03648, 0.03271, 0.02995, 0.02847, 0.02739, 0.02663 (0.02605)	KLD: 3.662, 3.693, 3.194, 2.788, 2.160, 2.133, 1.959, 1.632, 1.342, 1.215 (23.140)	Grad: 1808.9
[Epoch  54 (79.69s)]	ELBO (bits/dim): 2.64377, 2.83155, 2.96477, 3.05350, 3.10636, 3.14979, 3.18127, 3.19769, 3.20957, 3.21722 (3.22213)	Reconstruction error (/dim): 0.06769, 0.05636, 0.04789, 0.04086, 0.03644, 0.03267, 0.02993, 0.02847, 0.02739, 0.02662 (0.02585)	KLD: 3.666, 3.695, 3.193, 2.790, 2.161, 2.137, 1.964, 1.632, 1.346, 1.206 (23.805)	Grad: 1762.2
[Epoch  55 (78.92s)]	ELBO (bits/dim): 2.64421, 2.83243, 2.96510, 3.05355, 3.10670, 3.14997, 3.18150, 3.19786, 3.20972, 3.21748 (3.22139)	Reconstruction error (/dim): 0.06767, 0.05632, 0.04787, 0.04085, 0.03640, 0.03265, 0.02991, 0.02845, 0.02736, 0.02660 (0.02606)	KLD: 3.678, 3.701, 3.196, 2.795, 2.157, 2.137, 1.967, 1.640, 1.344, 1.210 (23.160)	Grad: 1728.2
[Epoch  56 (78.66s)]	ELBO (bits/dim): 2.64518, 2.83319, 2.96509, 3.05314, 3.10603, 3.14926, 3.18072, 3.19703, 3.20895, 3.21646 (3.21974)	Reconstruction error (/dim): 0.06765, 0.05626, 0.04783, 0.04087, 0.03646, 0.03270, 0.02995, 0.02850, 0.02741, 0.02666 (0.02625)	KLD: 3.689, 3.699, 3.197, 2.797, 2.152, 2.133, 1.964, 1.641, 1.335, 1.211 (24.082)	Grad: 1711.7
[Epoch  57 (79.85s)]	ELBO (bits/dim): 2.64560, 2.83413, 2.96564, 3.05382, 3.10695, 3.15008, 3.18146, 3.19776, 3.20971, 3.21737 (3.22273)	Reconstruction error (/dim): 0.06764, 0.05620, 0.04781, 0.04082, 0.03639, 0.03265, 0.02992, 0.02845, 0.02737, 0.02660 (0.02606)	KLD: 3.688, 3.699, 3.197, 2.802, 2.159, 2.139, 1.963, 1.637, 1.342, 1.218 (23.906)	Grad: 1882.8
[Epoch  58 (81.54s)]	ELBO (bits/dim): 2.64693, 2.83561, 2.96703, 3.05514, 3.10804, 3.15136, 3.18275, 3.19906, 3.21088, 3.21871 (3.22343)	Reconstruction error (/dim): 0.06753, 0.05611, 0.04768, 0.04073, 0.03630, 0.03256, 0.02983, 0.02836, 0.02728, 0.02650 (0.02589)	KLD: 3.700, 3.710, 3.194, 2.799, 2.158, 2.133, 1.960, 1.637, 1.342, 1.213 (23.277)	Grad: 1692.6
[Epoch  59 (82.31s)]	ELBO (bits/dim): 2.64772, 2.83674, 2.96786, 3.05558, 3.10851, 3.15178, 3.18292, 3.19923, 3.21100, 3.21857 (3.22278)	Reconstruction error (/dim): 0.06748, 0.05603, 0.04761, 0.04069, 0.03626, 0.03251, 0.02980, 0.02835, 0.02728, 0.02652 (0.02607)	KLD: 3.710, 3.707, 3.194, 2.802, 2.155, 2.143, 1.959, 1.636, 1.343, 1.221 (23.771)	Grad: 1831.4
[Epoch  60 (81.59s)]	ELBO (bits/dim): 2.64838, 2.83752, 2.96843, 3.05614, 3.10895, 3.15206, 3.18327, 3.19961, 3.21153, 3.21909 (3.22389)	Reconstruction error (/dim): 0.06743, 0.05598, 0.04758, 0.04067, 0.03624, 0.03252, 0.02979, 0.02833, 0.02725, 0.02649 (0.02592)	KLD: 3.709, 3.711, 3.198, 2.808, 2.153, 2.141, 1.962, 1.639, 1.340, 1.216 (23.375)	Grad: 1705.6
[Epoch  61 (81.01s)]	ELBO (bits/dim): 2.64902, 2.83829, 2.96886, 3.05683, 3.10966, 3.15283, 3.18387, 3.20011, 3.21192, 3.21964 (3.21952)	Reconstruction error (/dim): 0.06738, 0.05592, 0.04753, 0.04059, 0.03619, 0.03244, 0.02975, 0.02828, 0.02721, 0.02644 (0.02616)	KLD: 3.718, 3.717, 3.198, 2.806, 2.155, 2.140, 1.955, 1.640, 1.344, 1.216 (23.255)	Grad: 1806.3
[Epoch  62 (80.21s)]	ELBO (bits/dim): 2.64947, 2.83893, 2.96898, 3.05672, 3.10950, 3.15260, 3.18379, 3.20003, 3.21192, 3.21954 (3.22456)	Reconstruction error (/dim): 0.06735, 0.05588, 0.04752, 0.04061, 0.03620, 0.03246, 0.02975, 0.02828, 0.02720, 0.02644 (0.02594)	KLD: 3.720, 3.710, 3.203, 2.806, 2.156, 2.136, 1.965, 1.636, 1.342, 1.205 (23.721)	Grad: 1914.0
[Epoch  63 (81.02s)]	ELBO (bits/dim): 2.65024, 2.83994, 2.97012, 3.05771, 3.11038, 3.15348, 3.18450, 3.20069, 3.21267, 3.22015 (3.22545)	Reconstruction error (/dim): 0.06729, 0.05581, 0.04742, 0.04054, 0.03614, 0.03240, 0.02969, 0.02823, 0.02715, 0.02640 (0.02592)	KLD: 3.738, 3.716, 3.203, 2.813, 2.150, 2.140, 1.959, 1.645, 1.346, 1.223 (23.898)	Grad: 1701.2
[Epoch  64 (81.72s)]	ELBO (bits/dim): 2.65067, 2.83999, 2.96956, 3.05688, 3.10937, 3.15248, 3.18360, 3.19978, 3.21181, 3.21931 (3.22468)	Reconstruction error (/dim): 0.06729, 0.05582, 0.04748, 0.04061, 0.03621, 0.03248, 0.02977, 0.02832, 0.02723, 0.02649 (0.02602)	KLD: 3.737, 3.719, 3.203, 2.809, 2.152, 2.138, 1.957, 1.644, 1.343, 1.221 (23.378)	Grad: 1990.5
[Epoch  65 (81.04s)]	ELBO (bits/dim): 2.65085, 2.84097, 2.97027, 3.05793, 3.11055, 3.15356, 3.18464, 3.20089, 3.21291, 3.22054 (3.22669)	Reconstruction error (/dim): 0.06723, 0.05575, 0.04742, 0.04054, 0.03614, 0.03241, 0.02970, 0.02824, 0.02715, 0.02639 (0.02580)	KLD: 3.735, 3.715, 3.201, 2.814, 2.150, 2.133, 1.964, 1.637, 1.348, 1.227 (23.661)	Grad: 1946.1
[Epoch  66 (81.75s)]	ELBO (bits/dim): 2.65185, 2.84197, 2.97122, 3.05913, 3.11170, 3.15499, 3.18607, 3.20230, 3.21420, 3.22172 (3.22613)	Reconstruction error (/dim): 0.06715, 0.05567, 0.04735, 0.04045, 0.03606, 0.03230, 0.02959, 0.02813, 0.02705, 0.02630 (0.02588)	KLD: 3.736, 3.721, 3.202, 2.817, 2.151, 2.132, 1.962, 1.646, 1.344, 1.229 (23.869)	Grad: 2047.1
[Epoch  67 (80.85s)]	ELBO (bits/dim): 2.65271, 2.84312, 2.97175, 3.05946, 3.11202, 3.15514, 3.18615, 3.20250, 3.21423, 3.22188 (3.22422)	Reconstruction error (/dim): 0.06709, 0.05558, 0.04729, 0.04041, 0.03601, 0.03227, 0.02958, 0.02811, 0.02704, 0.02628 (0.02585)	KLD: 3.744, 3.723, 3.203, 2.824, 2.150, 2.142, 1.963, 1.649, 1.346, 1.228 (23.953)	Grad: 1740.1
[Epoch  68 (81.46s)]	ELBO (bits/dim): 2.65300, 2.84308, 2.97165, 3.05898, 3.11148, 3.15438, 3.18539, 3.20169, 3.21347, 3.22112 (3.22406)	Reconstruction error (/dim): 0.06707, 0.05561, 0.04731, 0.04047, 0.03607, 0.03234, 0.02964, 0.02818, 0.02710, 0.02635 (0.02590)	KLD: 3.745, 3.722, 3.202, 2.818, 2.148, 2.137, 1.963, 1.644, 1.350, 1.228 (23.587)	Grad: 1867.4
[Epoch  69 (81.83s)]	ELBO (bits/dim): 2.65394, 2.84401, 2.97253, 3.05993, 3.11250, 3.15550, 3.18646, 3.20256, 3.21448, 3.22219 (3.22647)	Reconstruction error (/dim): 0.06696, 0.05554, 0.04723, 0.04037, 0.03596, 0.03224, 0.02954, 0.02810, 0.02702, 0.02624 (0.02569)	KLD: 3.751, 3.727, 3.205, 2.822, 2.149, 2.140, 1.961, 1.642, 1.344, 1.228 (23.929)	Grad: 1744.8
[Epoch  70 (80.06s)]	ELBO (bits/dim): 2.65412, 2.84464, 2.97267, 3.06016, 3.11276, 3.15575, 3.18666, 3.20290, 3.21466, 3.22225 (3.22100)	Reconstruction error (/dim): 0.06699, 0.05553, 0.04726, 0.04039, 0.03599, 0.03225, 0.02957, 0.02812, 0.02705, 0.02629 (0.02600)	KLD: 3.753, 3.723, 3.204, 2.824, 2.147, 2.136, 1.956, 1.643, 1.343, 1.222 (23.750)	Grad: 2000.4
[Epoch  71 (80.49s)]	ELBO (bits/dim): 2.65461, 2.84454, 2.97244, 3.05979, 3.11230, 3.15527, 3.18622, 3.20248, 3.21417, 3.22181 (3.22733)	Reconstruction error (/dim): 0.06695, 0.05554, 0.04724, 0.04041, 0.03601, 0.03228, 0.02959, 0.02813, 0.02708, 0.02632 (0.02581)	KLD: 3.766, 3.724, 3.204, 2.826, 2.142, 2.135, 1.962, 1.648, 1.340, 1.226 (23.683)	Grad: 1940.7
[Epoch  72 (79.93s)]	ELBO (bits/dim): 2.65532, 2.84588, 2.97348, 3.06087, 3.11328, 3.15625, 3.18694, 3.20320, 3.21486, 3.22253 (3.22419)	Reconstruction error (/dim): 0.06688, 0.05541, 0.04715, 0.04030, 0.03593, 0.03219, 0.02954, 0.02808, 0.02702, 0.02625 (0.02591)	KLD: 3.765, 3.729, 3.205, 2.831, 2.145, 2.133, 1.962, 1.651, 1.346, 1.234 (24.340)	Grad: 1824.3
[Epoch  73 (82.40s)]	ELBO (bits/dim): 2.65522, 2.84628, 2.97366, 3.06078, 3.11326, 3.15604, 3.18682, 3.20310, 3.21483, 3.22229 (3.22620)	Reconstruction error (/dim): 0.06689, 0.05537, 0.04712, 0.04031, 0.03593, 0.03221, 0.02956, 0.02809, 0.02701, 0.02626 (0.02585)	KLD: 3.762, 3.725, 3.209, 2.826, 2.147, 2.136, 1.958, 1.650, 1.340, 1.227 (23.544)	Grad: 1995.1
[Epoch  74 (80.22s)]	ELBO (bits/dim): 2.65604, 2.84712, 2.97412, 3.06133, 3.11375, 3.15673, 3.18749, 3.20368, 3.21542, 3.22284 (3.22616)	Reconstruction error (/dim): 0.06679, 0.05533, 0.04710, 0.04028, 0.03591, 0.03216, 0.02949, 0.02804, 0.02697, 0.02623 (0.02595)	KLD: 3.770, 3.731, 3.202, 2.826, 2.142, 2.141, 1.964, 1.644, 1.346, 1.232 (24.035)	Grad: 1917.5
[Epoch  75 (79.97s)]	ELBO (bits/dim): 2.65692, 2.84772, 2.97443, 3.06205, 3.11460, 3.15754, 3.18819, 3.20431, 3.21600, 3.22355 (3.22394)	Reconstruction error (/dim): 0.06671, 0.05530, 0.04707, 0.04021, 0.03584, 0.03210, 0.02943, 0.02798, 0.02692, 0.02618 (0.02573)	KLD: 3.772, 3.734, 3.207, 2.834, 2.141, 2.140, 1.959, 1.650, 1.346, 1.220 (24.295)	Grad: 1969.4
[Epoch  76 (80.84s)]	ELBO (bits/dim): 2.65792, 2.84910, 2.97564, 3.06273, 3.11523, 3.15804, 3.18865, 3.20492, 3.21667, 3.22420 (3.22745)	Reconstruction error (/dim): 0.06666, 0.05519, 0.04697, 0.04019, 0.03579, 0.03207, 0.02941, 0.02795, 0.02690, 0.02613 (0.02578)	KLD: 3.781, 3.738, 3.206, 2.833, 2.148, 2.142, 1.959, 1.651, 1.340, 1.229 (24.344)	Grad: 1879.3
[Epoch  77 (80.48s)]	ELBO (bits/dim): 2.65831, 2.84913, 2.97557, 3.06268, 3.11502, 3.15819, 3.18861, 3.20498, 3.21663, 3.22417 (3.22633)	Reconstruction error (/dim): 0.06663, 0.05522, 0.04699, 0.04020, 0.03582, 0.03206, 0.02942, 0.02795, 0.02690, 0.02614 (0.02583)	KLD: 3.786, 3.733, 3.204, 2.832, 2.140, 2.150, 1.958, 1.648, 1.338, 1.227 (23.518)	Grad: 1930.8
[Epoch  78 (81.40s)]	ELBO (bits/dim): 2.65919, 2.85002, 2.97639, 3.06329, 3.11562, 3.15850, 3.18902, 3.20529, 3.21690, 3.22442 (3.22828)	Reconstruction error (/dim): 0.06658, 0.05516, 0.04693, 0.04015, 0.03576, 0.03202, 0.02939, 0.02792, 0.02687, 0.02612 (0.02573)	KLD: 3.789, 3.742, 3.207, 2.826, 2.140, 2.138, 1.957, 1.649, 1.344, 1.227 (23.848)	Grad: 2025.7
[Epoch  79 (80.93s)]	ELBO (bits/dim): 2.65925, 2.85047, 2.97636, 3.06379, 3.11632, 3.15929, 3.18986, 3.20609, 3.21761, 3.22508 (3.22628)	Reconstruction error (/dim): 0.06655, 0.05513, 0.04695, 0.04012, 0.03572, 0.03198, 0.02932, 0.02788, 0.02684, 0.02608 (0.02599)	KLD: 3.786, 3.741, 3.210, 2.839, 2.145, 2.137, 1.961, 1.648, 1.344, 1.238 (24.009)	Grad: 2101.5
[Epoch  80 (79.68s)]	ELBO (bits/dim): 2.65879, 2.84937, 2.97534, 3.06286, 3.11534, 3.15831, 3.18874, 3.20493, 3.21667, 3.22402 (3.22883)	Reconstruction error (/dim): 0.06655, 0.05525, 0.04706, 0.04021, 0.03581, 0.03206, 0.02943, 0.02797, 0.02691, 0.02617 (0.02548)	KLD: 3.784, 3.740, 3.207, 2.833, 2.146, 2.141, 1.963, 1.648, 1.337, 1.221 (23.985)	Grad: 1976.6
[Epoch  81 (81.12s)]	ELBO (bits/dim): 2.66040, 2.85067, 2.97588, 3.06320, 3.11551, 3.15862, 3.18892, 3.20511, 3.21683, 3.22416 (3.22394)	Reconstruction error (/dim): 0.06641, 0.05513, 0.04699, 0.04017, 0.03579, 0.03204, 0.02942, 0.02796, 0.02688, 0.02614 (0.02587)	KLD: 3.794, 3.735, 3.210, 2.841, 2.138, 2.146, 1.964, 1.656, 1.342, 1.229 (24.757)	Grad: 2015.0
[Epoch  82 (81.09s)]	ELBO (bits/dim): 2.66108, 2.85128, 2.97652, 3.06348, 3.11580, 3.15874, 3.18882, 3.20500, 3.21676, 3.22410 (3.22565)	Reconstruction error (/dim): 0.06639, 0.05509, 0.04691, 0.04014, 0.03576, 0.03200, 0.02940, 0.02795, 0.02689, 0.02614 (0.02579)	KLD: 3.803, 3.744, 3.208, 2.837, 2.139, 2.146, 1.956, 1.662, 1.344, 1.233 (23.848)	Grad: 2067.9
[Epoch  83 (80.56s)]	ELBO (bits/dim): 2.66141, 2.85199, 2.97706, 3.06439, 3.11661, 3.15942, 3.18964, 3.20567, 3.21742, 3.22472 (3.22913)	Reconstruction error (/dim): 0.06636, 0.05505, 0.04688, 0.04007, 0.03571, 0.03196, 0.02935, 0.02790, 0.02683, 0.02610 (0.02569)	KLD: 3.807, 3.738, 3.211, 2.839, 2.141, 2.141, 1.958, 1.661, 1.345, 1.231 (23.910)	Grad: 2073.8
[Epoch  84 (80.33s)]	ELBO (bits/dim): 2.66191, 2.85264, 2.97748, 3.06492, 3.11718, 3.16010, 3.19042, 3.20666, 3.21835, 3.22554 (3.22841)	Reconstruction error (/dim): 0.06637, 0.05501, 0.04685, 0.04003, 0.03566, 0.03190, 0.02928, 0.02782, 0.02676, 0.02603 (0.02577)	KLD: 3.817, 3.743, 3.206, 2.844, 2.142, 2.140, 1.955, 1.659, 1.345, 1.226 (23.881)	Grad: 2002.0
[Epoch  85 (80.02s)]	ELBO (bits/dim): 2.66316, 2.85384, 2.97842, 3.06558, 3.11789, 3.16076, 3.19095, 3.20707, 3.21883, 3.22598 (3.22567)	Reconstruction error (/dim): 0.06625, 0.05491, 0.04678, 0.03999, 0.03563, 0.03187, 0.02926, 0.02779, 0.02673, 0.02602 (0.02603)	KLD: 3.821, 3.750, 3.207, 2.848, 2.141, 2.144, 1.961, 1.664, 1.347, 1.238 (24.596)	Grad: 1866.1
[Epoch  86 (81.00s)]	ELBO (bits/dim): 2.66289, 2.85309, 2.97745, 3.06414, 3.11658, 3.15951, 3.18960, 3.20586, 3.21747, 3.22482 (3.22783)	Reconstruction error (/dim): 0.06630, 0.05502, 0.04685, 0.04010, 0.03572, 0.03197, 0.02937, 0.02790, 0.02686, 0.02611 (0.02575)	KLD: 3.816, 3.745, 3.209, 2.848, 2.140, 2.144, 1.954, 1.665, 1.342, 1.230 (24.367)	Grad: 2228.1
[Epoch  87 (81.09s)]	ELBO (bits/dim): 2.66292, 2.85318, 2.97773, 3.06459, 3.11700, 3.15989, 3.19002, 3.20617, 3.21795, 3.22520 (3.22605)	Reconstruction error (/dim): 0.06624, 0.05500, 0.04686, 0.04005, 0.03569, 0.03194, 0.02933, 0.02788, 0.02681, 0.02607 (0.02586)	KLD: 3.821, 3.744, 3.211, 2.849, 2.137, 2.145, 1.964, 1.668, 1.345, 1.224 (23.782)	Grad: 2070.6
[Epoch  88 (83.47s)]	ELBO (bits/dim): 2.66421, 2.85506, 2.97896, 3.06587, 3.11803, 3.16103, 3.19093, 3.20715, 3.21879, 3.22602 (3.22986)	Reconstruction error (/dim): 0.06617, 0.05485, 0.04675, 0.03997, 0.03561, 0.03185, 0.02927, 0.02779, 0.02676, 0.02602 (0.02554)	KLD: 3.823, 3.749, 3.209, 2.849, 2.138, 2.146, 1.951, 1.669, 1.336, 1.222 (23.987)	Grad: 2060.7
[Epoch  89 (83.77s)]	ELBO (bits/dim): 2.66484, 2.85465, 2.97854, 3.06476, 3.11689, 3.15962, 3.18960, 3.20574, 3.21726, 3.22451 (3.22703)	Reconstruction error (/dim): 0.06613, 0.05488, 0.04676, 0.04005, 0.03568, 0.03194, 0.02937, 0.02789, 0.02687, 0.02612 (0.02578)	KLD: 3.830, 3.745, 3.214, 2.848, 2.139, 2.148, 1.956, 1.674, 1.340, 1.222 (24.158)	Grad: 2240.5
[Epoch  90 (83.44s)]	ELBO (bits/dim): 2.66486, 2.85570, 2.97941, 3.06542, 3.11773, 3.16044, 3.19041, 3.20670, 3.21822, 3.22537 (3.22833)	Reconstruction error (/dim): 0.06616, 0.05481, 0.04668, 0.03998, 0.03561, 0.03189, 0.02930, 0.02783, 0.02679, 0.02607 (0.02558)	KLD: 3.848, 3.752, 3.217, 2.848, 2.136, 2.145, 1.957, 1.666, 1.334, 1.218 (23.879)	Grad: 2180.3
[Epoch  91 (82.67s)]	ELBO (bits/dim): 2.66552, 2.85614, 2.97966, 3.06573, 3.11800, 3.16084, 3.19076, 3.20691, 3.21856, 3.22564 (3.22764)	Reconstruction error (/dim): 0.06608, 0.05479, 0.04666, 0.03996, 0.03559, 0.03185, 0.02927, 0.02782, 0.02676, 0.02604 (0.02578)	KLD: 3.852, 3.750, 3.210, 2.848, 2.137, 2.144, 1.966, 1.674, 1.335, 1.216 (24.515)	Grad: 2150.7
[Epoch  92 (84.08s)]	ELBO (bits/dim): 2.66624, 2.85723, 2.98079, 3.06698, 3.11909, 3.16188, 3.19158, 3.20792, 3.21933, 3.22651 (3.22430)	Reconstruction error (/dim): 0.06606, 0.05470, 0.04656, 0.03986, 0.03552, 0.03179, 0.02921, 0.02773, 0.02670, 0.02597 (0.02585)	KLD: 3.863, 3.751, 3.212, 2.855, 2.133, 2.145, 1.961, 1.676, 1.333, 1.224 (24.537)	Grad: 2188.2
[Epoch  93 (83.10s)]	ELBO (bits/dim): 2.66595, 2.85687, 2.98017, 3.06627, 3.11799, 3.16088, 3.19040, 3.20663, 3.21803, 3.22530 (3.22933)	Reconstruction error (/dim): 0.06612, 0.05476, 0.04664, 0.03995, 0.03561, 0.03185, 0.02931, 0.02784, 0.02681, 0.02607 (0.02556)	KLD: 3.869, 3.744, 3.207, 2.849, 2.134, 2.138, 1.959, 1.670, 1.339, 1.212 (24.069)	Grad: 2213.2
[Epoch  94 (81.96s)]	ELBO (bits/dim): 2.66708, 2.85809, 2.98100, 3.06688, 3.11905, 3.16173, 3.19147, 3.20757, 3.21908, 3.22621 (3.22781)	Reconstruction error (/dim): 0.06594, 0.05464, 0.04656, 0.03989, 0.03554, 0.03179, 0.02924, 0.02776, 0.02672, 0.02601 (0.02578)	KLD: 3.864, 3.752, 3.214, 2.855, 2.132, 2.144, 1.966, 1.675, 1.339, 1.208 (24.058)	Grad: 2108.8
[Epoch  95 (82.55s)]	ELBO (bits/dim): 2.66737, 2.85875, 2.98191, 3.06822, 3.12037, 3.16330, 3.19305, 3.20911, 3.22061, 3.22778 (3.22715)	Reconstruction error (/dim): 0.06595, 0.05459, 0.04647, 0.03978, 0.03542, 0.03167, 0.02910, 0.02764, 0.02661, 0.02587 (0.02575)	KLD: 3.869, 3.759, 3.214, 2.851, 2.134, 2.142, 1.961, 1.672, 1.345, 1.218 (24.003)	Grad: 1963.0
[Epoch  96 (85.16s)]	ELBO (bits/dim): 2.66710, 2.85842, 2.98088, 3.06721, 3.11946, 3.16225, 3.19195, 3.20809, 3.21963, 3.22681 (3.22968)	Reconstruction error (/dim): 0.06599, 0.05466, 0.04658, 0.03988, 0.03552, 0.03177, 0.02921, 0.02775, 0.02669, 0.02597 (0.02572)	KLD: 3.863, 3.758, 3.210, 2.852, 2.132, 2.146, 1.969, 1.677, 1.344, 1.211 (23.897)	Grad: 2288.5
[Epoch  97 (85.99s)]	ELBO (bits/dim): 2.66763, 2.85812, 2.98058, 3.06659, 3.11877, 3.16165, 3.19134, 3.20761, 3.21912, 3.22620 (3.22882)	Reconstruction error (/dim): 0.06591, 0.05468, 0.04660, 0.03993, 0.03556, 0.03180, 0.02924, 0.02776, 0.02672, 0.02602 (0.02547)	KLD: 3.859, 3.740, 3.208, 2.854, 2.128, 2.152, 1.968, 1.686, 1.340, 1.211 (23.749)	Grad: 2243.1
No improvement after 10 epochs...
Best epoch(s): [88]	Training time(s): 7561.20s (7561.20s)	Best ELBO (bits/dim): 3.22778 (3.22986)	Best reconstruction error (/dim): 0.08003 (0.06804)
Avg. mu: 0.063, -0.063, -0.125, -0.176, 0.197, 0.038, -0.032, -0.171, -0.075, -0.024
Avg. var: 0.001, 0.002, 0.002, 0.005, 0.015, 0.016, 0.022, 0.037, 0.079, 0.087
Max. mu: 4.864, 4.087, 4.545, 3.769, 4.543, 3.833, 3.546, 3.410, 5.104, 4.129
Max. var: 0.043, 0.014, 0.026, 0.031, 0.095, 0.125, 0.142, 0.236, 0.332, 0.341
Min. mu: -4.450, -3.988, -4.269, -3.189, -3.407, -3.422, -3.421, -3.681, -5.738, -3.716
Min. var: 0.000, 0.000, 0.000, 0.000, 0.004, 0.001, 0.002, 0.005, 0.003, 0.013
Cov. mu:
[[1.516 0.430 0.188 -0.110 0.032 -0.144 -0.028 -0.010 -0.030 0.010]
 [0.430 1.665 0.036 -0.184 0.003 0.086 0.024 -0.021 -0.011 0.085]
 [0.188 0.036 0.941 -0.051 -0.018 0.039 0.017 0.025 0.016 0.003]
 [-0.110 -0.184 -0.051 1.006 0.008 0.018 -0.076 -0.028 0.045 -0.066]
 [0.032 0.003 -0.018 0.008 0.962 0.005 0.032 0.036 0.007 0.003]
 [-0.144 0.086 0.039 0.018 0.005 0.907 0.067 -0.038 0.020 0.031]
 [-0.028 0.024 0.017 -0.076 0.032 0.067 0.774 0.002 -0.008 0.008]
 [-0.010 -0.021 0.025 -0.028 0.036 -0.038 0.002 0.731 0.009 0.027]
 [-0.030 -0.011 0.016 0.045 0.007 0.020 -0.008 0.009 0.985 -0.050]
 [0.010 0.085 0.003 -0.066 0.003 0.031 0.008 0.027 -0.050 0.758]]
