Seed: 2021
=================================================================
Layer (type:depth-idx)                   Param #
=================================================================
RNN                                      --
├─Canvas: 1-1                            --
│    └─Linear: 2-1                       784
├─Encoder: 1-2                           --
│    └─Linear: 2-2                       76,930
│    └─Linear: 2-3                       9,702
├─ModuleList: 1-3                        --
│    └─EncoderEncoderToLatents: 2-4      --
│    │    └─Linear: 3-1                  19,306
│    │    └─Linear: 3-2                  99
│    │    └─Linear: 3-3                  99
│    └─EncoderEncoderToLatents: 2-5      --
│    │    └─Linear: 3-4                  19,306
│    │    └─Linear: 3-5                  99
│    │    └─Linear: 3-6                  99
│    └─EncoderEncoderToLatents: 2-6      --
│    │    └─Linear: 3-7                  19,306
│    │    └─Linear: 3-8                  99
│    │    └─Linear: 3-9                  99
│    └─EncoderEncoderToLatents: 2-7      --
│    │    └─Linear: 3-10                 19,306
│    │    └─Linear: 3-11                 99
│    │    └─Linear: 3-12                 99
│    └─EncoderEncoderToLatents: 2-8      --
│    │    └─Linear: 3-13                 19,306
│    │    └─Linear: 3-14                 99
│    │    └─Linear: 3-15                 99
│    └─EncoderEncoderToLatents: 2-9      --
│    │    └─Linear: 3-16                 19,306
│    │    └─Linear: 3-17                 99
│    │    └─Linear: 3-18                 99
│    └─EncoderEncoderToLatents: 2-10     --
│    │    └─Linear: 3-19                 19,306
│    │    └─Linear: 3-20                 99
│    │    └─Linear: 3-21                 99
│    └─EncoderEncoderToLatents: 2-11     --
│    │    └─Linear: 3-22                 19,306
│    │    └─Linear: 3-23                 99
│    │    └─Linear: 3-24                 99
│    └─EncoderEncoderToLatents: 2-12     --
│    │    └─Linear: 3-25                 19,306
│    │    └─Linear: 3-26                 99
│    │    └─Linear: 3-27                 99
│    └─EncoderEncoderToLatents: 2-13     --
│    │    └─Linear: 3-28                 19,306
│    │    └─Linear: 3-29                 99
│    │    └─Linear: 3-30                 99
├─ModuleList: 1-4                        --
│    └─LatentsToDecoder: 2-14            --
│    │    └─Linear: 3-31                 196
│    └─LatentsToDecoder: 2-15            --
│    │    └─Linear: 3-32                 196
│    └─LatentsToDecoder: 2-16            --
│    │    └─Linear: 3-33                 196
│    └─LatentsToDecoder: 2-17            --
│    │    └─Linear: 3-34                 196
│    └─LatentsToDecoder: 2-18            --
│    │    └─Linear: 3-35                 196
│    └─LatentsToDecoder: 2-19            --
│    │    └─Linear: 3-36                 196
│    └─LatentsToDecoder: 2-20            --
│    │    └─Linear: 3-37                 196
│    └─LatentsToDecoder: 2-21            --
│    │    └─Linear: 3-38                 196
│    └─LatentsToDecoder: 2-22            --
│    │    └─Linear: 3-39                 196
│    └─LatentsToDecoder: 2-23            --
│    │    └─Linear: 3-40                 196
├─Decoder: 1-5                           --
│    └─Linear: 2-24                      9,702
│    └─Linear: 2-25                      77,616
=================================================================
Total params: 371,734
Trainable params: 371,734
Non-trainable params: 0
=================================================================
[Epoch   1 (33.36s)]	ELBO (bits/dim): 2.31219, 2.42314, 2.44499, 2.45438, 2.45843, 2.46056, 2.45904, 2.45678, 2.45357, 2.44948 (2.67343)	Reconstruction error (/dim): 0.08239, 0.07695, 0.07634, 0.07638, 0.07608, 0.07625, 0.07680, 0.07685, 0.07731, 0.07766 (0.06267)	KLD: 10.854, 3.470, 1.210, 0.634, 0.499, 0.564, 0.370, 0.437, 0.265, 0.409 (17.118)	Grad: 948.8
[Epoch   2 (33.68s)]	ELBO (bits/dim): 2.48149, 2.61962, 2.68032, 2.75833, 2.81007, 2.81561, 2.81627, 2.81984, 2.81989, 2.81892 (2.90852)	Reconstruction error (/dim): 0.07805, 0.07101, 0.06705, 0.06075, 0.05565, 0.05541, 0.05558, 0.05525, 0.05535, 0.05544 (0.04897)	KLD: 4.183, 3.796, 2.639, 3.235, 2.230, 1.120, 0.303, 0.948, 0.424, 0.291 (20.069)	Grad: 1065.4
[Epoch   3 (33.88s)]	ELBO (bits/dim): 2.53690, 2.65923, 2.74519, 2.85355, 2.91145, 2.93633, 2.94501, 2.95512, 2.95572, 2.95533 (2.99536)	Reconstruction error (/dim): 0.07521, 0.06916, 0.06438, 0.05607, 0.05012, 0.04735, 0.04645, 0.04543, 0.04543, 0.04555 (0.04206)	KLD: 3.747, 3.420, 2.779, 3.079, 2.246, 1.756, 1.219, 1.383, 0.578, 0.442 (21.201)	Grad: 1229.8
[Epoch   4 (33.30s)]	ELBO (bits/dim): 2.57141, 2.68584, 2.78253, 2.89072, 2.94628, 2.98301, 3.00133, 3.02094, 3.02321, 3.02370 (3.04834)	Reconstruction error (/dim): 0.07338, 0.06754, 0.06173, 0.05371, 0.04823, 0.04448, 0.04274, 0.04079, 0.04060, 0.04063 (0.03833)	KLD: 3.572, 3.233, 2.827, 2.853, 2.239, 2.020, 1.674, 1.603, 0.727, 0.600 (21.533)	Grad: 1084.0
[Epoch   5 (33.43s)]	ELBO (bits/dim): 2.58711, 2.70762, 2.81221, 2.91625, 2.97161, 3.01346, 3.03438, 3.05570, 3.06274, 3.06546 (3.08463)	Reconstruction error (/dim): 0.07198, 0.06599, 0.05919, 0.05137, 0.04627, 0.04234, 0.04046, 0.03847, 0.03771, 0.03744 (0.03540)	KLD: 3.533, 3.252, 2.831, 2.794, 2.257, 2.056, 1.688, 1.632, 1.190, 0.849 (22.380)	Grad: 1061.5
[Epoch   6 (33.37s)]	ELBO (bits/dim): 2.59674, 2.72099, 2.83361, 2.93420, 2.99149, 3.03634, 3.05826, 3.07947, 3.08895, 3.09425 (3.10539)	Reconstruction error (/dim): 0.07118, 0.06518, 0.05768, 0.04979, 0.04478, 0.04070, 0.03872, 0.03683, 0.03582, 0.03529 (0.03371)	KLD: 3.526, 3.320, 2.848, 2.758, 2.278, 2.087, 1.698, 1.643, 1.293, 1.105 (22.311)	Grad: 995.5
[Epoch   7 (32.20s)]	ELBO (bits/dim): 2.60325, 2.73221, 2.84994, 2.94647, 3.00502, 3.05148, 3.07428, 3.09553, 3.10664, 3.11262 (3.12107)	Reconstruction error (/dim): 0.07049, 0.06446, 0.05653, 0.04879, 0.04381, 0.03962, 0.03754, 0.03569, 0.03457, 0.03398 (0.03280)	KLD: 3.517, 3.382, 2.847, 2.741, 2.278, 2.098, 1.716, 1.656, 1.355, 1.133 (22.542)	Grad: 1020.2
[Epoch   8 (31.65s)]	ELBO (bits/dim): 2.60778, 2.74224, 2.86303, 2.95683, 3.01557, 3.06286, 3.08674, 3.10797, 3.11968, 3.12565 (3.13439)	Reconstruction error (/dim): 0.07011, 0.06378, 0.05549, 0.04791, 0.04306, 0.03885, 0.03664, 0.03479, 0.03364, 0.03301 (0.03192)	KLD: 3.511, 3.419, 2.865, 2.743, 2.283, 2.116, 1.728, 1.659, 1.376, 1.142 (23.571)	Grad: 1093.6
[Epoch   9 (31.95s)]	ELBO (bits/dim): 2.61189, 2.75065, 2.87428, 2.96682, 3.02536, 3.07362, 3.09815, 3.11914, 3.13106, 3.13698 (3.14372)	Reconstruction error (/dim): 0.06979, 0.06318, 0.05453, 0.04712, 0.04236, 0.03809, 0.03581, 0.03401, 0.03286, 0.03223 (0.03122)	KLD: 3.518, 3.452, 2.876, 2.757, 2.278, 2.123, 1.734, 1.650, 1.396, 1.128 (22.729)	Grad: 1079.7
[Epoch  10 (32.12s)]	ELBO (bits/dim): 2.61622, 2.75823, 2.88374, 2.97583, 3.03363, 3.08241, 3.10763, 3.12825, 3.14026, 3.14634 (3.15255)	Reconstruction error (/dim): 0.06946, 0.06256, 0.05377, 0.04647, 0.04177, 0.03749, 0.03515, 0.03339, 0.03221, 0.03157 (0.03064)	KLD: 3.526, 3.490, 2.898, 2.761, 2.268, 2.128, 1.752, 1.640, 1.411, 1.125 (22.997)	Grad: 1183.8
[Epoch  11 (32.17s)]	ELBO (bits/dim): 2.62032, 2.76513, 2.89220, 2.98290, 3.04050, 3.08961, 3.11597, 3.13628, 3.14844, 3.15442 (3.16014)	Reconstruction error (/dim): 0.06928, 0.06193, 0.05306, 0.04598, 0.04125, 0.03697, 0.03453, 0.03280, 0.03162, 0.03097 (0.03028)	KLD: 3.542, 3.505, 2.906, 2.768, 2.269, 2.123, 1.778, 1.635, 1.419, 1.119 (22.877)	Grad: 1106.8
[Epoch  12 (32.21s)]	ELBO (bits/dim): 2.62328, 2.77134, 2.90021, 2.98904, 3.04583, 3.09515, 3.12217, 3.14234, 3.15461, 3.16069 (3.16492)	Reconstruction error (/dim): 0.06917, 0.06140, 0.05239, 0.04553, 0.04086, 0.03655, 0.03409, 0.03238, 0.03119, 0.03053 (0.02987)	KLD: 3.558, 3.512, 2.921, 2.769, 2.266, 2.126, 1.801, 1.627, 1.413, 1.114 (22.778)	Grad: 1127.9
[Epoch  13 (33.20s)]	ELBO (bits/dim): 2.62583, 2.77660, 2.90618, 2.99387, 3.05043, 3.09982, 3.12747, 3.14762, 3.15959, 3.16612 (3.17029)	Reconstruction error (/dim): 0.06902, 0.06091, 0.05192, 0.04517, 0.04050, 0.03623, 0.03372, 0.03202, 0.03084, 0.03016 (0.02916)	KLD: 3.573, 3.517, 2.927, 2.775, 2.274, 2.125, 1.822, 1.620, 1.422, 1.127 (22.478)	Grad: 1250.7
[Epoch  14 (32.90s)]	ELBO (bits/dim): 2.62857, 2.78145, 2.91181, 2.99824, 3.05476, 3.10418, 3.13225, 3.15247, 3.16444, 3.17115 (3.17446)	Reconstruction error (/dim): 0.06882, 0.06047, 0.05145, 0.04485, 0.04016, 0.03590, 0.03339, 0.03166, 0.03050, 0.02978 (0.02902)	KLD: 3.585, 3.524, 2.932, 2.781, 2.276, 2.119, 1.829, 1.621, 1.425, 1.130 (23.537)	Grad: 1243.8
[Epoch  15 (33.20s)]	ELBO (bits/dim): 2.63110, 2.78552, 2.91659, 3.00224, 3.05888, 3.10823, 3.13654, 3.15692, 3.16893, 3.17579 (3.18070)	Reconstruction error (/dim): 0.06868, 0.06011, 0.05108, 0.04454, 0.03982, 0.03560, 0.03308, 0.03135, 0.03015, 0.02945 (0.02861)	KLD: 3.595, 3.524, 2.943, 2.788, 2.276, 2.127, 1.842, 1.615, 1.429, 1.142 (23.307)	Grad: 1199.5
[Epoch  16 (34.41s)]	ELBO (bits/dim): 2.63308, 2.78860, 2.92083, 3.00556, 3.06220, 3.11145, 3.14017, 3.16048, 3.17251, 3.17935 (3.18303)	Reconstruction error (/dim): 0.06855, 0.05985, 0.05072, 0.04427, 0.03956, 0.03534, 0.03282, 0.03107, 0.02989, 0.02919 (0.02849)	KLD: 3.614, 3.533, 2.951, 2.797, 2.279, 2.127, 1.853, 1.622, 1.426, 1.157 (23.363)	Grad: 1230.4
[Epoch  17 (36.32s)]	ELBO (bits/dim): 2.63503, 2.79160, 2.92434, 3.00868, 3.06554, 3.11462, 3.14351, 3.16371, 3.17584, 3.18283 (3.18643)	Reconstruction error (/dim): 0.06839, 0.05960, 0.05045, 0.04403, 0.03929, 0.03511, 0.03257, 0.03085, 0.02964, 0.02896 (0.02832)	KLD: 3.635, 3.533, 2.952, 2.801, 2.285, 2.126, 1.862, 1.623, 1.437, 1.151 (23.230)	Grad: 1267.5
[Epoch  18 (34.51s)]	ELBO (bits/dim): 2.63691, 2.79485, 2.92762, 3.01150, 3.06815, 3.11711, 3.14614, 3.16636, 3.17844, 3.18584 (3.18830)	Reconstruction error (/dim): 0.06825, 0.05931, 0.05016, 0.04379, 0.03908, 0.03491, 0.03238, 0.03065, 0.02946, 0.02874 (0.02805)	KLD: 3.642, 3.534, 2.958, 2.806, 2.293, 2.126, 1.868, 1.623, 1.429, 1.173 (23.279)	Grad: 1252.0
[Epoch  19 (34.63s)]	ELBO (bits/dim): 2.63858, 2.79722, 2.93013, 3.01379, 3.07039, 3.11908, 3.14835, 3.16844, 3.18057, 3.18793 (3.19098)	Reconstruction error (/dim): 0.06818, 0.05911, 0.04996, 0.04362, 0.03890, 0.03477, 0.03222, 0.03051, 0.02931, 0.02859 (0.02820)	KLD: 3.662, 3.537, 2.964, 2.812, 2.288, 2.125, 1.875, 1.623, 1.430, 1.182 (23.514)	Grad: 1276.8
[Epoch  20 (35.41s)]	ELBO (bits/dim): 2.64008, 2.79946, 2.93309, 3.01653, 3.07321, 3.12190, 3.15107, 3.17104, 3.18327, 3.19076 (3.19291)	Reconstruction error (/dim): 0.06808, 0.05892, 0.04972, 0.04340, 0.03869, 0.03457, 0.03204, 0.03033, 0.02912, 0.02838 (0.02765)	KLD: 3.676, 3.547, 2.964, 2.821, 2.293, 2.128, 1.881, 1.627, 1.435, 1.185 (23.543)	Grad: 1368.5
[Epoch  21 (32.04s)]	ELBO (bits/dim): 2.64181, 2.80273, 2.93619, 3.01944, 3.07600, 3.12440, 3.15349, 3.17363, 3.18581, 3.19325 (3.19452)	Reconstruction error (/dim): 0.06804, 0.05871, 0.04950, 0.04318, 0.03847, 0.03438, 0.03187, 0.03014, 0.02894, 0.02821 (0.02782)	KLD: 3.687, 3.548, 2.971, 2.830, 2.297, 2.131, 1.883, 1.631, 1.436, 1.186 (23.833)	Grad: 1288.6
[Epoch  22 (32.93s)]	ELBO (bits/dim): 2.64296, 2.80424, 2.93809, 3.02145, 3.07797, 3.12617, 3.15535, 3.17541, 3.18762, 3.19518 (3.19798)	Reconstruction error (/dim): 0.06794, 0.05861, 0.04934, 0.04301, 0.03830, 0.03424, 0.03175, 0.03002, 0.02882, 0.02808 (0.02745)	KLD: 3.705, 3.553, 2.972, 2.835, 2.296, 2.128, 1.887, 1.636, 1.432, 1.201 (23.652)	Grad: 1364.2
[Epoch  23 (36.94s)]	ELBO (bits/dim): 2.64416, 2.80633, 2.94030, 3.02342, 3.07994, 3.12803, 3.15714, 3.17707, 3.18941, 3.19685 (3.19865)	Reconstruction error (/dim): 0.06788, 0.05843, 0.04917, 0.04284, 0.03815, 0.03410, 0.03161, 0.02991, 0.02869, 0.02796 (0.02747)	KLD: 3.717, 3.557, 2.981, 2.845, 2.297, 2.125, 1.884, 1.637, 1.432, 1.209 (24.005)	Grad: 1286.1
[Epoch  24 (51.80s)]	ELBO (bits/dim): 2.64555, 2.80857, 2.94224, 3.02528, 3.08141, 3.12944, 3.15868, 3.17874, 3.19101, 3.19869 (3.20054)	Reconstruction error (/dim): 0.06786, 0.05825, 0.04901, 0.04269, 0.03804, 0.03400, 0.03152, 0.02980, 0.02858, 0.02783 (0.02746)	KLD: 3.732, 3.559, 2.982, 2.854, 2.296, 2.128, 1.888, 1.642, 1.435, 1.203 (23.873)	Grad: 1400.7
[Epoch  25 (45.50s)]	ELBO (bits/dim): 2.64669, 2.80998, 2.94392, 3.02724, 3.08357, 3.13129, 3.16040, 3.18045, 3.19264, 3.20032 (3.20164)	Reconstruction error (/dim): 0.06775, 0.05817, 0.04887, 0.04255, 0.03788, 0.03387, 0.03139, 0.02968, 0.02848, 0.02773 (0.02723)	KLD: 3.743, 3.566, 2.986, 2.858, 2.300, 2.127, 1.892, 1.642, 1.431, 1.213 (23.823)	Grad: 1334.7
[Epoch  26 (34.99s)]	ELBO (bits/dim): 2.64782, 2.81232, 2.94571, 3.02918, 3.08534, 3.13299, 3.16216, 3.18220, 3.19440, 3.20221 (3.20125)	Reconstruction error (/dim): 0.06769, 0.05799, 0.04877, 0.04238, 0.03772, 0.03375, 0.03126, 0.02955, 0.02834, 0.02758 (0.02747)	KLD: 3.753, 3.563, 2.991, 2.874, 2.304, 2.128, 1.890, 1.652, 1.445, 1.221 (24.064)	Grad: 1317.5
[Epoch  27 (31.76s)]	ELBO (bits/dim): 2.64901, 2.81406, 2.94716, 3.03068, 3.08691, 3.13436, 3.16352, 3.18342, 3.19580, 3.20348 (3.20650)	Reconstruction error (/dim): 0.06759, 0.05787, 0.04864, 0.04226, 0.03761, 0.03364, 0.03117, 0.02947, 0.02826, 0.02750 (0.02692)	KLD: 3.768, 3.568, 2.994, 2.877, 2.306, 2.124, 1.897, 1.655, 1.429, 1.211 (23.458)	Grad: 1412.4
[Epoch  28 (32.27s)]	ELBO (bits/dim): 2.64990, 2.81543, 2.94891, 3.03222, 3.08847, 3.13583, 3.16495, 3.18505, 3.19732, 3.20508 (3.20626)	Reconstruction error (/dim): 0.06757, 0.05778, 0.04851, 0.04214, 0.03747, 0.03354, 0.03108, 0.02935, 0.02815, 0.02738 (0.02694)	KLD: 3.778, 3.573, 2.997, 2.887, 2.306, 2.125, 1.894, 1.656, 1.443, 1.222 (23.683)	Grad: 1407.2
[Epoch  29 (31.84s)]	ELBO (bits/dim): 2.65105, 2.81721, 2.95048, 3.03378, 3.08977, 3.13687, 3.16609, 3.18621, 3.19841, 3.20626 (3.20798)	Reconstruction error (/dim): 0.06749, 0.05766, 0.04838, 0.04201, 0.03738, 0.03347, 0.03101, 0.02929, 0.02809, 0.02730 (0.02670)	KLD: 3.794, 3.572, 3.002, 2.892, 2.301, 2.126, 1.891, 1.665, 1.432, 1.220 (24.178)	Grad: 1435.8
[Epoch  30 (31.97s)]	ELBO (bits/dim): 2.65159, 2.81872, 2.95140, 3.03502, 3.09083, 3.13798, 3.16716, 3.18717, 3.19925, 3.20720 (3.20910)	Reconstruction error (/dim): 0.06743, 0.05756, 0.04832, 0.04192, 0.03729, 0.03340, 0.03094, 0.02923, 0.02804, 0.02725 (0.02676)	KLD: 3.801, 3.575, 3.002, 2.896, 2.306, 2.120, 1.898, 1.658, 1.437, 1.228 (23.962)	Grad: 1462.5
[Epoch  31 (31.74s)]	ELBO (bits/dim): 2.65263, 2.81976, 2.95268, 3.03661, 3.09236, 3.13903, 3.16830, 3.18836, 3.20057, 3.20848 (3.20905)	Reconstruction error (/dim): 0.06742, 0.05746, 0.04823, 0.04180, 0.03718, 0.03333, 0.03085, 0.02914, 0.02793, 0.02714 (0.02683)	KLD: 3.811, 3.577, 3.006, 2.903, 2.306, 2.123, 1.899, 1.663, 1.429, 1.230 (24.387)	Grad: 1461.0
[Epoch  32 (53.94s)]	ELBO (bits/dim): 2.65347, 2.82122, 2.95419, 3.03790, 3.09358, 3.14047, 3.16951, 3.18950, 3.20172, 3.20953 (3.20655)	Reconstruction error (/dim): 0.06731, 0.05737, 0.04811, 0.04170, 0.03709, 0.03323, 0.03078, 0.02907, 0.02785, 0.02708 (0.02712)	KLD: 3.816, 3.586, 3.014, 2.912, 2.307, 2.120, 1.902, 1.664, 1.434, 1.233 (23.937)	Grad: 1459.2
[Epoch  33 (49.84s)]	ELBO (bits/dim): 2.65396, 2.82191, 2.95444, 3.03823, 3.09379, 3.14052, 3.16961, 3.18961, 3.20185, 3.20979 (3.21229)	Reconstruction error (/dim): 0.06732, 0.05733, 0.04808, 0.04169, 0.03707, 0.03323, 0.03078, 0.02906, 0.02785, 0.02706 (0.02647)	KLD: 3.822, 3.580, 3.011, 2.915, 2.302, 2.122, 1.900, 1.665, 1.431, 1.242 (24.214)	Grad: 1550.9
[Epoch  34 (50.67s)]	ELBO (bits/dim): 2.65513, 2.82310, 2.95634, 3.04014, 3.09588, 3.14236, 3.17135, 3.19124, 3.20348, 3.21130 (3.21334)	Reconstruction error (/dim): 0.06721, 0.05725, 0.04795, 0.04154, 0.03691, 0.03310, 0.03065, 0.02895, 0.02774, 0.02695 (0.02643)	KLD: 3.829, 3.583, 3.020, 2.916, 2.305, 2.117, 1.892, 1.676, 1.428, 1.230 (24.065)	Grad: 1441.0
[Epoch  35 (48.38s)]	ELBO (bits/dim): 2.65565, 2.82466, 2.95734, 3.04103, 3.09698, 3.14339, 3.17234, 3.19232, 3.20447, 3.21228 (3.21395)	Reconstruction error (/dim): 0.06718, 0.05712, 0.04786, 0.04147, 0.03681, 0.03303, 0.03059, 0.02886, 0.02766, 0.02687 (0.02653)	KLD: 3.837, 3.590, 3.019, 2.926, 2.305, 2.115, 1.897, 1.674, 1.426, 1.250 (23.814)	Grad: 1592.2
[Epoch  36 (48.24s)]	ELBO (bits/dim): 2.65650, 2.82608, 2.95834, 3.04211, 3.09776, 3.14399, 3.17308, 3.19292, 3.20509, 3.21307 (3.21424)	Reconstruction error (/dim): 0.06713, 0.05703, 0.04778, 0.04138, 0.03676, 0.03299, 0.03053, 0.02883, 0.02762, 0.02681 (0.02650)	KLD: 3.848, 3.592, 3.022, 2.934, 2.303, 2.115, 1.902, 1.673, 1.428, 1.253 (24.269)	Grad: 1439.5
[Epoch  37 (48.45s)]	ELBO (bits/dim): 2.65729, 2.82764, 2.95992, 3.04380, 3.09927, 3.14549, 3.17443, 3.19427, 3.20641, 3.21418 (3.21415)	Reconstruction error (/dim): 0.06707, 0.05688, 0.04766, 0.04126, 0.03665, 0.03286, 0.03043, 0.02871, 0.02752, 0.02673 (0.02661)	KLD: 3.851, 3.599, 3.026, 2.940, 2.302, 2.113, 1.900, 1.669, 1.426, 1.226 (24.347)	Grad: 1463.8
[Epoch  38 (52.07s)]	ELBO (bits/dim): 2.65776, 2.82829, 2.96022, 3.04417, 3.09958, 3.14564, 3.17454, 3.19430, 3.20647, 3.21435 (3.21573)	Reconstruction error (/dim): 0.06705, 0.05683, 0.04762, 0.04122, 0.03661, 0.03286, 0.03043, 0.02873, 0.02752, 0.02674 (0.02640)	KLD: 3.855, 3.598, 3.027, 2.943, 2.301, 2.114, 1.903, 1.670, 1.426, 1.237 (24.236)	Grad: 1544.0
[Epoch  39 (52.80s)]	ELBO (bits/dim): 2.65838, 2.82912, 2.96120, 3.04527, 3.10050, 3.14649, 3.17527, 3.19497, 3.20709, 3.21502 (3.21694)	Reconstruction error (/dim): 0.06703, 0.05678, 0.04756, 0.04115, 0.03656, 0.03282, 0.03039, 0.02867, 0.02749, 0.02670 (0.02621)	KLD: 3.863, 3.600, 3.031, 2.947, 2.302, 2.112, 1.900, 1.669, 1.426, 1.238 (23.742)	Grad: 1612.1
[Epoch  40 (50.65s)]	ELBO (bits/dim): 2.65908, 2.83040, 2.96212, 3.04599, 3.10133, 3.14728, 3.17609, 3.19577, 3.20782, 3.21581 (3.21560)	Reconstruction error (/dim): 0.06700, 0.05669, 0.04748, 0.04109, 0.03650, 0.03275, 0.03033, 0.02863, 0.02744, 0.02663 (0.02638)	KLD: 3.870, 3.607, 3.034, 2.953, 2.299, 2.109, 1.898, 1.671, 1.428, 1.244 (24.023)	Grad: 1609.0
[Epoch  41 (53.82s)]	ELBO (bits/dim): 2.65981, 2.83095, 2.96231, 3.04616, 3.10122, 3.14741, 3.17627, 3.19590, 3.20783, 3.21601 (3.21682)	Reconstruction error (/dim): 0.06690, 0.05663, 0.04746, 0.04108, 0.03648, 0.03275, 0.03032, 0.02862, 0.02743, 0.02662 (0.02624)	KLD: 3.879, 3.600, 3.034, 2.959, 2.297, 2.109, 1.898, 1.669, 1.431, 1.259 (24.405)	Grad: 1555.9
[Epoch  42 (51.55s)]	ELBO (bits/dim): 2.66039, 2.83197, 2.96364, 3.04751, 3.10266, 3.14862, 3.17739, 3.19705, 3.20905, 3.21705 (3.21803)	Reconstruction error (/dim): 0.06687, 0.05655, 0.04735, 0.04095, 0.03639, 0.03265, 0.03024, 0.02855, 0.02735, 0.02656 (0.02636)	KLD: 3.883, 3.602, 3.037, 2.964, 2.298, 2.110, 1.901, 1.670, 1.422, 1.234 (24.101)	Grad: 1585.1
[Epoch  43 (50.84s)]	ELBO (bits/dim): 2.66114, 2.83284, 2.96482, 3.04840, 3.10367, 3.14944, 3.17819, 3.19791, 3.20972, 3.21768 (3.21818)	Reconstruction error (/dim): 0.06685, 0.05651, 0.04727, 0.04091, 0.03632, 0.03261, 0.03018, 0.02847, 0.02730, 0.02651 (0.02633)	KLD: 3.887, 3.608, 3.041, 2.970, 2.298, 2.108, 1.902, 1.674, 1.427, 1.233 (23.867)	Grad: 1628.3
[Epoch  44 (49.59s)]	ELBO (bits/dim): 2.66109, 2.83378, 2.96512, 3.04903, 3.10411, 3.14982, 3.17850, 3.19808, 3.20993, 3.21789 (3.21698)	Reconstruction error (/dim): 0.06683, 0.05643, 0.04725, 0.04086, 0.03629, 0.03259, 0.03018, 0.02847, 0.02730, 0.02649 (0.02645)	KLD: 3.891, 3.612, 3.041, 2.970, 2.298, 2.106, 1.895, 1.669, 1.420, 1.244 (23.880)	Grad: 1662.5
[Epoch  45 (50.98s)]	ELBO (bits/dim): 2.66193, 2.83451, 2.96572, 3.04938, 3.10461, 3.15026, 3.17899, 3.19858, 3.21050, 3.21832 (3.21946)	Reconstruction error (/dim): 0.06681, 0.05638, 0.04719, 0.04083, 0.03625, 0.03256, 0.03013, 0.02842, 0.02725, 0.02646 (0.02622)	KLD: 3.897, 3.608, 3.041, 2.969, 2.303, 2.104, 1.895, 1.669, 1.414, 1.231 (24.161)	Grad: 1591.9
[Epoch  46 (54.88s)]	ELBO (bits/dim): 2.66245, 2.83543, 2.96658, 3.05029, 3.10537, 3.15077, 3.17946, 3.19889, 3.21085, 3.21883 (3.22040)	Reconstruction error (/dim): 0.06677, 0.05636, 0.04714, 0.04077, 0.03618, 0.03253, 0.03011, 0.02841, 0.02724, 0.02643 (0.02611)	KLD: 3.895, 3.613, 3.047, 2.975, 2.296, 2.100, 1.899, 1.667, 1.417, 1.235 (23.987)	Grad: 1774.4
[Epoch  47 (52.49s)]	ELBO (bits/dim): 2.66274, 2.83595, 2.96721, 3.05093, 3.10582, 3.15141, 3.17998, 3.19958, 3.21141, 3.21935 (3.21903)	Reconstruction error (/dim): 0.06673, 0.05627, 0.04708, 0.04072, 0.03617, 0.03248, 0.03007, 0.02837, 0.02719, 0.02641 (0.02623)	KLD: 3.904, 3.611, 3.048, 2.982, 2.296, 2.097, 1.898, 1.670, 1.416, 1.237 (24.524)	Grad: 1688.2
[Epoch  48 (49.93s)]	ELBO (bits/dim): 2.66375, 2.83753, 2.96867, 3.05223, 3.10704, 3.15240, 3.18121, 3.20072, 3.21242, 3.22042 (3.21789)	Reconstruction error (/dim): 0.06667, 0.05619, 0.04700, 0.04065, 0.03609, 0.03243, 0.02999, 0.02829, 0.02713, 0.02632 (0.02635)	KLD: 3.907, 3.617, 3.045, 2.984, 2.293, 2.096, 1.899, 1.668, 1.418, 1.244 (23.961)	Grad: 1690.7
[Epoch  49 (48.98s)]	ELBO (bits/dim): 2.66402, 2.83771, 2.96817, 3.05184, 3.10651, 3.15206, 3.18062, 3.20000, 3.21188, 3.21993 (3.22023)	Reconstruction error (/dim): 0.06664, 0.05614, 0.04702, 0.04067, 0.03611, 0.03244, 0.03003, 0.02835, 0.02717, 0.02637 (0.02614)	KLD: 3.913, 3.610, 3.048, 2.987, 2.288, 2.097, 1.898, 1.669, 1.415, 1.243 (24.393)	Grad: 1810.8
[Epoch  50 (49.30s)]	ELBO (bits/dim): 2.66428, 2.83868, 2.96973, 3.05319, 3.10804, 3.15354, 3.18208, 3.20140, 3.21311, 3.22115 (3.22128)	Reconstruction error (/dim): 0.06668, 0.05607, 0.04689, 0.04055, 0.03602, 0.03234, 0.02994, 0.02824, 0.02709, 0.02628 (0.02601)	KLD: 3.917, 3.622, 3.052, 2.994, 2.294, 2.101, 1.898, 1.670, 1.419, 1.229 (24.371)	Grad: 1740.9
[Epoch  51 (49.34s)]	ELBO (bits/dim): 2.66507, 2.83965, 2.97056, 3.05404, 3.10875, 3.15397, 3.18255, 3.20196, 3.21358, 3.22160 (3.22182)	Reconstruction error (/dim): 0.06660, 0.05601, 0.04683, 0.04050, 0.03596, 0.03230, 0.02989, 0.02820, 0.02705, 0.02625 (0.02618)	KLD: 3.919, 3.624, 3.051, 2.996, 2.289, 2.095, 1.901, 1.671, 1.413, 1.244 (24.177)	Grad: 1796.2
[Epoch  52 (49.13s)]	ELBO (bits/dim): 2.66524, 2.84045, 2.97129, 3.05496, 3.10980, 3.15488, 3.18326, 3.20270, 3.21435, 3.22224 (3.22193)	Reconstruction error (/dim): 0.06661, 0.05596, 0.04678, 0.04043, 0.03589, 0.03224, 0.02984, 0.02815, 0.02698, 0.02621 (0.02596)	KLD: 3.927, 3.628, 3.055, 2.999, 2.293, 2.093, 1.899, 1.671, 1.404, 1.232 (24.230)	Grad: 1702.2
[Epoch  53 (49.20s)]	ELBO (bits/dim): 2.66590, 2.84132, 2.97194, 3.05570, 3.11045, 3.15566, 3.18383, 3.20331, 3.21500, 3.22284 (3.22152)	Reconstruction error (/dim): 0.06658, 0.05590, 0.04672, 0.04037, 0.03583, 0.03217, 0.02980, 0.02810, 0.02694, 0.02615 (0.02615)	KLD: 3.933, 3.636, 3.057, 3.007, 2.289, 2.092, 1.897, 1.672, 1.406, 1.236 (24.043)	Grad: 1755.3
[Epoch  54 (49.42s)]	ELBO (bits/dim): 2.66610, 2.84193, 2.97237, 3.05618, 3.11074, 3.15571, 3.18414, 3.20374, 3.21527, 3.22313 (3.22264)	Reconstruction error (/dim): 0.06658, 0.05582, 0.04669, 0.04033, 0.03580, 0.03219, 0.02979, 0.02807, 0.02692, 0.02614 (0.02599)	KLD: 3.933, 3.634, 3.056, 3.012, 2.293, 2.087, 1.901, 1.674, 1.412, 1.233 (24.242)	Grad: 1742.5
[Epoch  55 (49.38s)]	ELBO (bits/dim): 2.66654, 2.84225, 2.97254, 3.05635, 3.11081, 3.15570, 3.18403, 3.20330, 3.21495, 3.22279 (3.22324)	Reconstruction error (/dim): 0.06656, 0.05584, 0.04670, 0.04034, 0.03582, 0.03219, 0.02981, 0.02813, 0.02697, 0.02618 (0.02594)	KLD: 3.943, 3.633, 3.057, 3.014, 2.285, 2.091, 1.902, 1.672, 1.414, 1.234 (24.154)	Grad: 1766.1
[Epoch  56 (50.11s)]	ELBO (bits/dim): 2.66692, 2.84304, 2.97312, 3.05657, 3.11088, 3.15604, 3.18446, 3.20371, 3.21536, 3.22327 (3.22294)	Reconstruction error (/dim): 0.06655, 0.05576, 0.04664, 0.04032, 0.03582, 0.03218, 0.02979, 0.02810, 0.02694, 0.02615 (0.02593)	KLD: 3.937, 3.631, 3.061, 3.010, 2.285, 2.091, 1.898, 1.666, 1.416, 1.239 (23.957)	Grad: 1944.0
[Epoch  57 (49.18s)]	ELBO (bits/dim): 2.66692, 2.84325, 2.97349, 3.05686, 3.11134, 3.15648, 3.18484, 3.20413, 3.21591, 3.22357 (3.22274)	Reconstruction error (/dim): 0.06653, 0.05576, 0.04661, 0.04029, 0.03578, 0.03213, 0.02975, 0.02805, 0.02689, 0.02612 (0.02600)	KLD: 3.941, 3.633, 3.057, 3.014, 2.284, 2.085, 1.900, 1.668, 1.417, 1.246 (24.137)	Grad: 1876.6
[Epoch  58 (49.67s)]	ELBO (bits/dim): 2.66748, 2.84406, 2.97430, 3.05815, 3.11242, 3.15748, 3.18586, 3.20510, 3.21659, 3.22457 (3.22227)	Reconstruction error (/dim): 0.06651, 0.05568, 0.04656, 0.04020, 0.03571, 0.03208, 0.02968, 0.02799, 0.02684, 0.02606 (0.02599)	KLD: 3.947, 3.641, 3.062, 3.018, 2.286, 2.086, 1.898, 1.663, 1.402, 1.237 (24.034)	Grad: 1819.0
[Epoch  59 (49.52s)]	ELBO (bits/dim): 2.66807, 2.84397, 2.97427, 3.05770, 3.11202, 3.15690, 3.18507, 3.20446, 3.21607, 3.22405 (3.22372)	Reconstruction error (/dim): 0.06646, 0.05569, 0.04655, 0.04023, 0.03573, 0.03211, 0.02972, 0.02802, 0.02687, 0.02609 (0.02590)	KLD: 3.952, 3.631, 3.059, 3.021, 2.286, 2.084, 1.904, 1.664, 1.413, 1.237 (24.362)	Grad: 1916.0
[Epoch  60 (49.33s)]	ELBO (bits/dim): 2.66864, 2.84554, 2.97555, 3.05914, 3.11357, 3.15825, 3.18628, 3.20563, 3.21730, 3.22511 (3.22302)	Reconstruction error (/dim): 0.06642, 0.05555, 0.04647, 0.04014, 0.03563, 0.03202, 0.02966, 0.02795, 0.02680, 0.02602 (0.02604)	KLD: 3.952, 3.637, 3.060, 3.023, 2.283, 2.084, 1.902, 1.670, 1.408, 1.234 (24.235)	Grad: 1847.6
[Epoch  61 (49.05s)]	ELBO (bits/dim): 2.66880, 2.84547, 2.97557, 3.05924, 3.11373, 3.15828, 3.18653, 3.20569, 3.21733, 3.22517 (3.22278)	Reconstruction error (/dim): 0.06642, 0.05560, 0.04645, 0.04010, 0.03562, 0.03201, 0.02964, 0.02794, 0.02679, 0.02601 (0.02605)	KLD: 3.960, 3.638, 3.063, 3.025, 2.285, 2.083, 1.899, 1.674, 1.409, 1.234 (24.426)	Grad: 2052.3
[Epoch  62 (48.78s)]	ELBO (bits/dim): 2.66911, 2.84635, 2.97617, 3.05964, 3.11403, 3.15867, 3.18692, 3.20613, 3.21776, 3.22556 (3.22416)	Reconstruction error (/dim): 0.06637, 0.05548, 0.04639, 0.04008, 0.03559, 0.03198, 0.02960, 0.02789, 0.02676, 0.02598 (0.02583)	KLD: 3.960, 3.641, 3.063, 3.036, 2.283, 2.084, 1.903, 1.666, 1.410, 1.230 (24.123)	Grad: 1911.1
[Epoch  63 (48.37s)]	ELBO (bits/dim): 2.66958, 2.84692, 2.97681, 3.06015, 3.11440, 3.15907, 3.18707, 3.20626, 3.21783, 3.22565 (3.22525)	Reconstruction error (/dim): 0.06638, 0.05548, 0.04636, 0.04005, 0.03556, 0.03196, 0.02960, 0.02790, 0.02676, 0.02598 (0.02577)	KLD: 3.969, 3.643, 3.063, 3.032, 2.282, 2.078, 1.901, 1.667, 1.407, 1.234 (23.910)	Grad: 1971.4
[Epoch  64 (48.55s)]	ELBO (bits/dim): 2.67016, 2.84774, 2.97687, 3.06033, 3.11446, 3.15916, 3.18705, 3.20625, 3.21787, 3.22585 (3.22392)	Reconstruction error (/dim): 0.06630, 0.05541, 0.04633, 0.04003, 0.03556, 0.03195, 0.02961, 0.02792, 0.02676, 0.02599 (0.02592)	KLD: 3.972, 3.641, 3.064, 3.032, 2.283, 2.073, 1.888, 1.672, 1.408, 1.242 (24.441)	Grad: 2000.0
[Epoch  65 (48.61s)]	ELBO (bits/dim): 2.67052, 2.84802, 2.97785, 3.06130, 3.11536, 3.15997, 3.18793, 3.20724, 3.21877, 3.22653 (3.22489)	Reconstruction error (/dim): 0.06632, 0.05537, 0.04627, 0.03997, 0.03551, 0.03189, 0.02955, 0.02784, 0.02670, 0.02592 (0.02575)	KLD: 3.981, 3.645, 3.065, 3.042, 2.285, 2.084, 1.893, 1.673, 1.408, 1.231 (24.361)	Grad: 1954.8
[Epoch  66 (48.65s)]	ELBO (bits/dim): 2.67105, 2.84887, 2.97851, 3.06163, 3.11593, 3.16054, 3.18838, 3.20761, 3.21906, 3.22691 (3.22388)	Reconstruction error (/dim): 0.06627, 0.05534, 0.04622, 0.03994, 0.03544, 0.03184, 0.02950, 0.02780, 0.02667, 0.02590 (0.02594)	KLD: 3.981, 3.649, 3.064, 3.046, 2.280, 2.079, 1.893, 1.668, 1.401, 1.223 (23.949)	Grad: 2024.3
[Epoch  67 (48.36s)]	ELBO (bits/dim): 2.67147, 2.84943, 2.97874, 3.06194, 3.11624, 3.16087, 3.18875, 3.20792, 3.21943, 3.22710 (3.22362)	Reconstruction error (/dim): 0.06626, 0.05529, 0.04621, 0.03991, 0.03544, 0.03183, 0.02948, 0.02779, 0.02666, 0.02589 (0.02600)	KLD: 3.979, 3.648, 3.069, 3.046, 2.281, 2.076, 1.894, 1.668, 1.407, 1.229 (24.137)	Grad: 1944.2
[Epoch  68 (48.36s)]	ELBO (bits/dim): 2.67180, 2.84958, 2.97914, 3.06242, 3.11630, 3.16105, 3.18882, 3.20804, 3.21954, 3.22751 (3.22599)	Reconstruction error (/dim): 0.06620, 0.05527, 0.04614, 0.03986, 0.03543, 0.03180, 0.02948, 0.02777, 0.02665, 0.02585 (0.02599)	KLD: 3.984, 3.649, 3.065, 3.048, 2.278, 2.075, 1.890, 1.669, 1.408, 1.237 (24.258)	Grad: 2008.7
[Epoch  69 (48.44s)]	ELBO (bits/dim): 2.67213, 2.85018, 2.97937, 3.06252, 3.11669, 3.16128, 3.18900, 3.20814, 3.21970, 3.22759 (3.22604)	Reconstruction error (/dim): 0.06618, 0.05523, 0.04612, 0.03987, 0.03541, 0.03180, 0.02946, 0.02778, 0.02664, 0.02585 (0.02586)	KLD: 3.990, 3.655, 3.067, 3.050, 2.276, 2.074, 1.891, 1.668, 1.408, 1.220 (24.194)	Grad: 1922.9
[Epoch  70 (48.42s)]	ELBO (bits/dim): 2.67249, 2.85065, 2.98041, 3.06369, 3.11774, 3.16202, 3.18960, 3.20872, 3.22029, 3.22796 (3.22473)	Reconstruction error (/dim): 0.06615, 0.05519, 0.04606, 0.03976, 0.03532, 0.03175, 0.02942, 0.02772, 0.02658, 0.02582 (0.02573)	KLD: 3.995, 3.656, 3.067, 3.052, 2.280, 2.067, 1.892, 1.666, 1.408, 1.230 (24.409)	Grad: 1935.6
[Epoch  71 (49.91s)]	ELBO (bits/dim): 2.67258, 2.85086, 2.98004, 3.06317, 3.11728, 3.16192, 3.18930, 3.20833, 3.21978, 3.22748 (3.22664)	Reconstruction error (/dim): 0.06619, 0.05515, 0.04605, 0.03980, 0.03537, 0.03177, 0.02946, 0.02777, 0.02664, 0.02587 (0.02559)	KLD: 3.995, 3.653, 3.071, 3.051, 2.279, 2.072, 1.894, 1.666, 1.413, 1.233 (24.306)	Grad: 2035.7
[Epoch  72 (48.81s)]	ELBO (bits/dim): 2.67300, 2.85159, 2.98104, 3.06402, 3.11816, 3.16251, 3.19014, 3.20934, 3.22064, 3.22847 (3.22460)	Reconstruction error (/dim): 0.06612, 0.05511, 0.04600, 0.03976, 0.03530, 0.03171, 0.02938, 0.02769, 0.02657, 0.02580 (0.02592)	KLD: 4.001, 3.656, 3.071, 3.057, 2.278, 2.072, 1.891, 1.668, 1.411, 1.222 (24.748)	Grad: 2020.8
[Epoch  73 (48.53s)]	ELBO (bits/dim): 2.67371, 2.85222, 2.98138, 3.06459, 3.11848, 3.16281, 3.19044, 3.20948, 3.22102, 3.22863 (3.22645)	Reconstruction error (/dim): 0.06609, 0.05508, 0.04597, 0.03971, 0.03527, 0.03168, 0.02937, 0.02767, 0.02653, 0.02577 (0.02578)	KLD: 4.010, 3.658, 3.074, 3.064, 2.279, 2.070, 1.890, 1.667, 1.406, 1.231 (24.412)	Grad: 2143.3
[Epoch  74 (48.65s)]	ELBO (bits/dim): 2.67394, 2.85260, 2.98138, 3.06505, 3.11906, 3.16317, 3.19066, 3.20974, 3.22106, 3.22886 (3.22688)	Reconstruction error (/dim): 0.06604, 0.05504, 0.04598, 0.03967, 0.03523, 0.03166, 0.02935, 0.02765, 0.02653, 0.02576 (0.02572)	KLD: 4.011, 3.660, 3.074, 3.062, 2.278, 2.066, 1.888, 1.664, 1.410, 1.228 (24.343)	Grad: 2014.5
[Epoch  75 (48.37s)]	ELBO (bits/dim): 2.67420, 2.85298, 2.98192, 3.06512, 3.11889, 3.16312, 3.19058, 3.20978, 3.22108, 3.22880 (3.22575)	Reconstruction error (/dim): 0.06606, 0.05502, 0.04595, 0.03968, 0.03526, 0.03168, 0.02936, 0.02766, 0.02654, 0.02578 (0.02581)	KLD: 4.009, 3.657, 3.072, 3.062, 2.275, 2.070, 1.885, 1.670, 1.411, 1.223 (24.277)	Grad: 2202.3
[Epoch  76 (48.22s)]	ELBO (bits/dim): 2.67484, 2.85337, 2.98266, 3.06575, 3.11976, 3.16389, 3.19113, 3.21029, 3.22156, 3.22916 (3.22710)	Reconstruction error (/dim): 0.06599, 0.05496, 0.04586, 0.03962, 0.03519, 0.03161, 0.02931, 0.02760, 0.02649, 0.02573 (0.02572)	KLD: 4.020, 3.665, 3.070, 3.067, 2.276, 2.065, 1.883, 1.667, 1.409, 1.226 (24.766)	Grad: 2283.8
[Epoch  77 (48.34s)]	ELBO (bits/dim): 2.67571, 2.85495, 2.98341, 3.06649, 3.12044, 3.16473, 3.19203, 3.21101, 3.22239, 3.23016 (3.22675)	Reconstruction error (/dim): 0.06594, 0.05485, 0.04582, 0.03959, 0.03515, 0.03155, 0.02925, 0.02756, 0.02645, 0.02568 (0.02575)	KLD: 4.028, 3.668, 3.075, 3.072, 2.271, 2.063, 1.886, 1.668, 1.412, 1.222 (24.220)	Grad: 1986.5
[Epoch  78 (48.11s)]	ELBO (bits/dim): 2.67571, 2.85508, 2.98400, 3.06705, 3.12080, 3.16491, 3.19227, 3.21112, 3.22251, 3.23000 (3.22604)	Reconstruction error (/dim): 0.06590, 0.05485, 0.04576, 0.03951, 0.03510, 0.03151, 0.02922, 0.02755, 0.02642, 0.02567 (0.02591)	KLD: 4.023, 3.671, 3.078, 3.076, 2.275, 2.067, 1.888, 1.672, 1.413, 1.220 (24.522)	Grad: 2070.6
[Epoch  79 (48.06s)]	ELBO (bits/dim): 2.67610, 2.85599, 2.98449, 3.06731, 3.12103, 3.16522, 3.19251, 3.21136, 3.22278, 3.23038 (3.22803)	Reconstruction error (/dim): 0.06593, 0.05480, 0.04574, 0.03953, 0.03510, 0.03152, 0.02924, 0.02755, 0.02641, 0.02567 (0.02551)	KLD: 4.031, 3.674, 3.080, 3.079, 2.275, 2.062, 1.887, 1.667, 1.420, 1.221 (24.219)	Grad: 2055.6
[Epoch  80 (47.87s)]	ELBO (bits/dim): 2.67662, 2.85610, 2.98484, 3.06775, 3.12144, 3.16562, 3.19281, 3.21168, 3.22298, 3.23067 (3.22641)	Reconstruction error (/dim): 0.06589, 0.05478, 0.04571, 0.03948, 0.03507, 0.03149, 0.02921, 0.02753, 0.02641, 0.02565 (0.02561)	KLD: 4.035, 3.677, 3.078, 3.076, 2.277, 2.065, 1.886, 1.660, 1.413, 1.219 (24.460)	Grad: 2177.5
[Epoch  81 (48.54s)]	ELBO (bits/dim): 2.67652, 2.85590, 2.98456, 3.06750, 3.12121, 3.16539, 3.19257, 3.21129, 3.22269, 3.23031 (3.22777)	Reconstruction error (/dim): 0.06594, 0.05481, 0.04573, 0.03951, 0.03509, 0.03151, 0.02922, 0.02756, 0.02642, 0.02567 (0.02559)	KLD: 4.033, 3.677, 3.076, 3.079, 2.274, 2.065, 1.886, 1.666, 1.409, 1.227 (24.333)	Grad: 2155.0
[Epoch  82 (48.02s)]	ELBO (bits/dim): 2.67710, 2.85705, 2.98518, 3.06842, 3.12209, 3.16606, 3.19310, 3.21190, 3.22339, 3.23089 (3.22872)	Reconstruction error (/dim): 0.06585, 0.05472, 0.04570, 0.03943, 0.03501, 0.03145, 0.02917, 0.02749, 0.02635, 0.02562 (0.02561)	KLD: 4.043, 3.679, 3.073, 3.081, 2.271, 2.061, 1.883, 1.656, 1.407, 1.213 (24.253)	Grad: 2115.6
[Epoch  83 (47.99s)]	ELBO (bits/dim): 2.67753, 2.85727, 2.98559, 3.06862, 3.12222, 3.16629, 3.19338, 3.21227, 3.22360, 3.23112 (3.22565)	Reconstruction error (/dim): 0.06582, 0.05467, 0.04563, 0.03942, 0.03501, 0.03143, 0.02916, 0.02747, 0.02635, 0.02561 (0.02580)	KLD: 4.040, 3.680, 3.077, 3.081, 2.272, 2.062, 1.882, 1.662, 1.415, 1.225 (24.494)	Grad: 2191.1
[Epoch  84 (47.94s)]	ELBO (bits/dim): 2.67766, 2.85728, 2.98497, 3.06812, 3.12168, 3.16570, 3.19273, 3.21147, 3.22287, 3.23044 (3.22619)	Reconstruction error (/dim): 0.06580, 0.05470, 0.04568, 0.03945, 0.03505, 0.03149, 0.02921, 0.02753, 0.02641, 0.02566 (0.02584)	KLD: 4.042, 3.681, 3.080, 3.087, 2.273, 2.063, 1.882, 1.662, 1.407, 1.233 (24.328)	Grad: 2250.6
[Epoch  85 (48.32s)]	ELBO (bits/dim): 2.67813, 2.85772, 2.98583, 3.06906, 3.12250, 3.16649, 3.19353, 3.21217, 3.22344, 3.23107 (3.22523)	Reconstruction error (/dim): 0.06580, 0.05467, 0.04562, 0.03938, 0.03498, 0.03142, 0.02913, 0.02747, 0.02638, 0.02561 (0.02581)	KLD: 4.051, 3.683, 3.077, 3.085, 2.270, 2.056, 1.879, 1.660, 1.414, 1.221 (24.344)	Grad: 2244.9
[Epoch  86 (47.91s)]	ELBO (bits/dim): 2.67863, 2.85818, 2.98528, 3.06871, 3.12225, 3.16643, 3.19335, 3.21198, 3.22350, 3.23108 (3.22820)	Reconstruction error (/dim): 0.06570, 0.05460, 0.04564, 0.03942, 0.03500, 0.03142, 0.02916, 0.02749, 0.02636, 0.02562 (0.02568)	KLD: 4.050, 3.673, 3.071, 3.091, 2.274, 2.066, 1.880, 1.667, 1.412, 1.219 (24.144)	Grad: 2159.2
[Epoch  87 (48.07s)]	ELBO (bits/dim): 2.67873, 2.85838, 2.98585, 3.06885, 3.12222, 3.16628, 3.19318, 3.21177, 3.22319, 3.23080 (3.22840)	Reconstruction error (/dim): 0.06574, 0.05462, 0.04563, 0.03940, 0.03501, 0.03145, 0.02918, 0.02752, 0.02639, 0.02564 (0.02552)	KLD: 4.055, 3.683, 3.078, 3.087, 2.271, 2.059, 1.879, 1.661, 1.418, 1.213 (24.121)	Grad: 2287.5
[Epoch  88 (48.26s)]	ELBO (bits/dim): 2.67941, 2.85931, 2.98723, 3.07046, 3.12385, 3.16764, 3.19458, 3.21323, 3.22455, 3.23205 (3.22771)	Reconstruction error (/dim): 0.06566, 0.05454, 0.04550, 0.03927, 0.03488, 0.03132, 0.02905, 0.02739, 0.02626, 0.02553 (0.02574)	KLD: 4.055, 3.688, 3.077, 3.092, 2.271, 2.060, 1.882, 1.658, 1.411, 1.206 (24.401)	Grad: 2157.9
[Epoch  89 (47.97s)]	ELBO (bits/dim): 2.67966, 2.85972, 2.98753, 3.07074, 3.12422, 3.16791, 3.19477, 3.21330, 3.22476, 3.23206 (3.22842)	Reconstruction error (/dim): 0.06565, 0.05451, 0.04548, 0.03925, 0.03486, 0.03130, 0.02906, 0.02740, 0.02627, 0.02555 (0.02551)	KLD: 4.061, 3.689, 3.086, 3.099, 2.269, 2.058, 1.876, 1.663, 1.407, 1.214 (24.402)	Grad: 2317.6
[Epoch  90 (48.09s)]	ELBO (bits/dim): 2.67951, 2.85998, 2.98721, 3.07048, 3.12352, 3.16755, 3.19436, 3.21292, 3.22434, 3.23178 (3.22758)	Reconstruction error (/dim): 0.06569, 0.05450, 0.04549, 0.03926, 0.03491, 0.03134, 0.02909, 0.02742, 0.02630, 0.02556 (0.02563)	KLD: 4.062, 3.687, 3.083, 3.098, 2.268, 2.057, 1.877, 1.658, 1.420, 1.215 (24.586)	Grad: 2326.1
[Epoch  91 (48.46s)]	ELBO (bits/dim): 2.67992, 2.86096, 2.98812, 3.07121, 3.12457, 3.16831, 3.19498, 3.21364, 3.22497, 3.23240 (3.22654)	Reconstruction error (/dim): 0.06563, 0.05441, 0.04543, 0.03922, 0.03482, 0.03128, 0.02904, 0.02736, 0.02624, 0.02551 (0.02583)	KLD: 4.068, 3.692, 3.079, 3.098, 2.267, 2.058, 1.880, 1.657, 1.412, 1.214 (24.454)	Grad: 2277.9
No improvement after 10 epochs...
Best epoch(s): [82]	Training time(s): 4023.35s (4023.35s)	Best ELBO (bits/dim): 3.23240 (3.22872)	Best reconstruction error (/dim): 0.07766 (0.06267)
Avg. mu: 0.064, 0.049, 0.087, 0.008, 0.014, 0.000, -0.050, 0.006, 0.062, 0.014
Avg. var: 0.001, 0.002, 0.003, 0.004, 0.011, 0.023, 0.028, 0.041, 0.082, 0.109
Max. mu: 4.285, 4.352, 4.008, 4.071, 3.866, 4.333, 5.121, 6.319, 4.612, 4.829
Max. var: 0.024, 0.039, 0.030, 0.050, 0.100, 0.139, 0.257, 0.240, 1.287, 0.460
Min. mu: -4.913, -4.088, -3.887, -3.612, -6.084, -5.352, -5.086, -5.082, -5.911, -6.266
Min. var: 0.000, 0.000, 0.000, 0.000, 0.002, 0.004, 0.004, 0.006, 0.007, 0.024
Cov. mu:
[[1.721 -0.429 -0.104 -0.303 0.090 0.041 -0.038 0.010 0.061 -0.006]
 [-0.429 1.175 -0.083 -0.108 0.035 -0.043 0.049 -0.010 0.032 -0.079]
 [-0.104 -0.083 0.935 0.059 0.070 -0.079 -0.012 -0.052 0.007 0.003]
 [-0.303 -0.108 0.059 1.168 0.030 -0.088 -0.015 -0.049 0.028 0.055]
 [0.090 0.035 0.070 0.030 0.896 -0.091 -0.027 0.002 0.030 0.031]
 [0.041 -0.043 -0.079 -0.088 -0.091 0.961 -0.017 -0.014 -0.030 -0.025]
 [-0.038 0.049 -0.012 -0.015 -0.027 -0.017 0.899 0.016 0.055 -0.009]
 [0.010 -0.010 -0.052 -0.049 0.002 -0.014 0.016 0.906 -0.000 0.010]
 [0.061 0.032 0.007 0.028 0.030 -0.030 0.055 -0.000 0.912 -0.023]
 [-0.006 -0.079 0.003 0.055 0.031 -0.025 -0.009 0.010 -0.023 0.933]]
