Seed: 2020
=================================================================
Layer (type:depth-idx)                   Param #
=================================================================
RNN                                      --
├─Canvas: 1-1                            --
│    └─Linear: 2-1                       784
├─Encoder: 1-2                           --
│    └─Linear: 2-2                       76,930
│    └─Linear: 2-3                       9,702
├─ModuleList: 1-3                        --
│    └─EncoderEncoderToLatents: 2-4      --
│    │    └─Linear: 3-1                  19,306
│    │    └─Linear: 3-2                  99
│    │    └─Linear: 3-3                  99
│    └─EncoderEncoderToLatents: 2-5      --
│    │    └─Linear: 3-4                  19,306
│    │    └─Linear: 3-5                  99
│    │    └─Linear: 3-6                  99
│    └─EncoderEncoderToLatents: 2-6      --
│    │    └─Linear: 3-7                  19,306
│    │    └─Linear: 3-8                  99
│    │    └─Linear: 3-9                  99
│    └─EncoderEncoderToLatents: 2-7      --
│    │    └─Linear: 3-10                 19,306
│    │    └─Linear: 3-11                 99
│    │    └─Linear: 3-12                 99
│    └─EncoderEncoderToLatents: 2-8      --
│    │    └─Linear: 3-13                 19,306
│    │    └─Linear: 3-14                 99
│    │    └─Linear: 3-15                 99
│    └─EncoderEncoderToLatents: 2-9      --
│    │    └─Linear: 3-16                 19,306
│    │    └─Linear: 3-17                 99
│    │    └─Linear: 3-18                 99
│    └─EncoderEncoderToLatents: 2-10     --
│    │    └─Linear: 3-19                 19,306
│    │    └─Linear: 3-20                 99
│    │    └─Linear: 3-21                 99
│    └─EncoderEncoderToLatents: 2-11     --
│    │    └─Linear: 3-22                 19,306
│    │    └─Linear: 3-23                 99
│    │    └─Linear: 3-24                 99
│    └─EncoderEncoderToLatents: 2-12     --
│    │    └─Linear: 3-25                 19,306
│    │    └─Linear: 3-26                 99
│    │    └─Linear: 3-27                 99
│    └─EncoderEncoderToLatents: 2-13     --
│    │    └─Linear: 3-28                 19,306
│    │    └─Linear: 3-29                 99
│    │    └─Linear: 3-30                 99
├─ModuleList: 1-4                        --
│    └─LatentsToDecoder: 2-14            --
│    │    └─Linear: 3-31                 196
│    └─LatentsToDecoder: 2-15            --
│    │    └─Linear: 3-32                 196
│    └─LatentsToDecoder: 2-16            --
│    │    └─Linear: 3-33                 196
│    └─LatentsToDecoder: 2-17            --
│    │    └─Linear: 3-34                 196
│    └─LatentsToDecoder: 2-18            --
│    │    └─Linear: 3-35                 196
│    └─LatentsToDecoder: 2-19            --
│    │    └─Linear: 3-36                 196
│    └─LatentsToDecoder: 2-20            --
│    │    └─Linear: 3-37                 196
│    └─LatentsToDecoder: 2-21            --
│    │    └─Linear: 3-38                 196
│    └─LatentsToDecoder: 2-22            --
│    │    └─Linear: 3-39                 196
│    └─LatentsToDecoder: 2-23            --
│    │    └─Linear: 3-40                 196
├─Decoder: 1-5                           --
│    └─Linear: 2-24                      9,702
│    └─Linear: 2-25                      77,616
=================================================================
Total params: 371,734
Trainable params: 371,734
Non-trainable params: 0
=================================================================
[Epoch   1 (31.15s)]	ELBO (bits/dim): 2.25188, 2.38899, 2.43139, 2.45147, 2.45688, 2.45767, 2.45680, 2.45284, 2.44651, 2.44095 (2.67802)	Reconstruction error (/dim): 0.08312, 0.07684, 0.07618, 0.07559, 0.07598, 0.07586, 0.07604, 0.07650, 0.07685, 0.07727 (0.06434)	KLD: 7.920, 3.791, 1.315, 1.096, 0.461, 0.425, 0.354, 0.480, 0.551, 0.321 (16.265)	Grad: 1306.6
[Epoch   2 (31.30s)]	ELBO (bits/dim): 2.49858, 2.61211, 2.70289, 2.76068, 2.78946, 2.80121, 2.80473, 2.80638, 2.80517, 2.80439 (2.92488)	Reconstruction error (/dim): 0.07671, 0.07097, 0.06486, 0.06048, 0.05846, 0.05682, 0.05635, 0.05617, 0.05647, 0.05657 (0.04712)	KLD: 4.106, 3.525, 3.183, 2.447, 1.991, 1.206, 0.802, 0.758, 0.447, 0.228 (20.355)	Grad: 1292.2
[Epoch   3 (31.51s)]	ELBO (bits/dim): 2.54036, 2.64324, 2.75584, 2.84454, 2.90344, 2.93960, 2.95494, 2.95611, 2.95610, 2.95544 (3.00339)	Reconstruction error (/dim): 0.07388, 0.07041, 0.06310, 0.05634, 0.05140, 0.04707, 0.04551, 0.04554, 0.04562, 0.04570 (0.04198)	KLD: 3.852, 3.361, 3.166, 2.622, 2.391, 2.074, 1.509, 0.833, 0.489, 0.199 (20.504)	Grad: 1340.8
[Epoch   4 (31.66s)]	ELBO (bits/dim): 2.56184, 2.65955, 2.78594, 2.88133, 2.94955, 2.99144, 3.01300, 3.01703, 3.02021, 3.02024 (3.05777)	Reconstruction error (/dim): 0.07326, 0.06907, 0.06107, 0.05355, 0.04808, 0.04366, 0.04161, 0.04124, 0.04083, 0.04087 (0.03758)	KLD: 3.558, 3.240, 3.076, 2.643, 2.416, 2.028, 1.683, 0.876, 0.854, 0.384 (21.266)	Grad: 1154.3
[Epoch   5 (31.76s)]	ELBO (bits/dim): 2.57598, 2.67995, 2.81466, 2.90605, 2.97469, 3.01856, 3.04355, 3.05517, 3.05830, 3.06037 (3.09087)	Reconstruction error (/dim): 0.07259, 0.06730, 0.05872, 0.05164, 0.04621, 0.04181, 0.03958, 0.03835, 0.03805, 0.03783 (0.03499)	KLD: 3.500, 3.192, 3.048, 2.568, 2.404, 2.040, 1.768, 1.292, 0.950, 0.664 (21.617)	Grad: 1067.6
[Epoch   6 (31.73s)]	ELBO (bits/dim): 2.58256, 2.69620, 2.83534, 2.92283, 2.99162, 3.03685, 3.06292, 3.07793, 3.08263, 3.08894 (3.11366)	Reconstruction error (/dim): 0.07209, 0.06618, 0.05703, 0.05035, 0.04496, 0.04057, 0.03825, 0.03676, 0.03624, 0.03557 (0.03323)	KLD: 3.467, 3.191, 3.026, 2.536, 2.375, 2.059, 1.816, 1.474, 1.003, 1.169 (22.680)	Grad: 1062.4
[Epoch   7 (31.42s)]	ELBO (bits/dim): 2.58605, 2.70643, 2.84864, 2.93488, 3.00371, 3.04975, 3.07632, 3.09361, 3.10269, 3.10988 (3.13132)	Reconstruction error (/dim): 0.07184, 0.06549, 0.05593, 0.04943, 0.04411, 0.03974, 0.03738, 0.03571, 0.03469, 0.03396 (0.03208)	KLD: 3.438, 3.226, 3.026, 2.548, 2.374, 2.066, 1.826, 1.575, 1.262, 1.219 (23.235)	Grad: 1084.6
[Epoch   8 (31.48s)]	ELBO (bits/dim): 2.58949, 2.71490, 2.86050, 2.94644, 3.01410, 3.06033, 3.08742, 3.10651, 3.11781, 3.12595 (3.14552)	Reconstruction error (/dim): 0.07156, 0.06489, 0.05495, 0.04853, 0.04336, 0.03905, 0.03663, 0.03484, 0.03361, 0.03282 (0.03110)	KLD: 3.420, 3.271, 3.048, 2.570, 2.348, 2.072, 1.830, 1.626, 1.363, 1.261 (22.879)	Grad: 1106.0
[Epoch   9 (31.79s)]	ELBO (bits/dim): 2.59685, 2.72336, 2.87074, 2.95720, 3.02274, 3.06986, 3.09734, 3.11721, 3.12974, 3.13838 (3.15611)	Reconstruction error (/dim): 0.07091, 0.06429, 0.05417, 0.04775, 0.04276, 0.03841, 0.03597, 0.03410, 0.03280, 0.03193 (0.03003)	KLD: 3.441, 3.333, 3.061, 2.588, 2.330, 2.085, 1.834, 1.658, 1.398, 1.278 (22.947)	Grad: 1086.7
[Epoch  10 (31.60s)]	ELBO (bits/dim): 2.60234, 2.73107, 2.87926, 2.96638, 3.03000, 3.07766, 3.10542, 3.12567, 3.13878, 3.14783 (3.16463)	Reconstruction error (/dim): 0.07056, 0.06364, 0.05357, 0.04707, 0.04222, 0.03788, 0.03540, 0.03351, 0.03216, 0.03124 (0.02983)	KLD: 3.466, 3.370, 3.072, 2.602, 2.314, 2.092, 1.826, 1.679, 1.422, 1.282 (23.776)	Grad: 1081.8
[Epoch  11 (32.44s)]	ELBO (bits/dim): 2.60662, 2.73856, 2.88623, 2.97377, 3.03598, 3.08407, 3.11210, 3.13248, 3.14623, 3.15517 (3.17052)	Reconstruction error (/dim): 0.07037, 0.06306, 0.05312, 0.04656, 0.04180, 0.03747, 0.03496, 0.03306, 0.03165, 0.03075 (0.02938)	KLD: 3.493, 3.392, 3.087, 2.622, 2.305, 2.099, 1.833, 1.682, 1.440, 1.277 (23.093)	Grad: 1119.1
[Epoch  12 (31.75s)]	ELBO (bits/dim): 2.61045, 2.74532, 2.89268, 2.98089, 3.04172, 3.08987, 3.11812, 3.13871, 3.15256, 3.16154 (3.17772)	Reconstruction error (/dim): 0.07014, 0.06259, 0.05266, 0.04601, 0.04136, 0.03706, 0.03453, 0.03261, 0.03122, 0.03031 (0.02917)	KLD: 3.519, 3.416, 3.105, 2.628, 2.298, 2.100, 1.829, 1.688, 1.446, 1.270 (22.961)	Grad: 1080.2
[Epoch  13 (31.79s)]	ELBO (bits/dim): 2.61403, 2.75158, 2.89814, 2.98655, 3.04641, 3.09471, 3.12326, 3.14393, 3.15799, 3.16681 (3.18296)	Reconstruction error (/dim): 0.06990, 0.06214, 0.05231, 0.04561, 0.04103, 0.03673, 0.03419, 0.03226, 0.03085, 0.02995 (0.02845)	KLD: 3.538, 3.430, 3.121, 2.638, 2.303, 2.101, 1.840, 1.694, 1.458, 1.259 (23.151)	Grad: 1195.0
[Epoch  14 (31.78s)]	ELBO (bits/dim): 2.61753, 2.75739, 2.90332, 2.99215, 3.05115, 3.09967, 3.12842, 3.14908, 3.16319, 3.17206 (3.18523)	Reconstruction error (/dim): 0.06966, 0.06172, 0.05195, 0.04522, 0.04066, 0.03639, 0.03382, 0.03190, 0.03049, 0.02957 (0.02858)	KLD: 3.558, 3.451, 3.139, 2.643, 2.304, 2.095, 1.844, 1.699, 1.454, 1.251 (23.664)	Grad: 1117.8
[Epoch  15 (32.11s)]	ELBO (bits/dim): 2.62018, 2.76217, 2.90794, 2.99659, 3.05513, 3.10367, 3.13242, 3.15320, 3.16734, 3.17617 (3.19199)	Reconstruction error (/dim): 0.06949, 0.06142, 0.05163, 0.04489, 0.04038, 0.03611, 0.03352, 0.03161, 0.03019, 0.02929 (0.02811)	KLD: 3.580, 3.460, 3.156, 2.653, 2.317, 2.098, 1.849, 1.699, 1.457, 1.254 (23.384)	Grad: 1072.3
[Epoch  16 (31.81s)]	ELBO (bits/dim): 2.62259, 2.76724, 2.91238, 3.00070, 3.05876, 3.10733, 3.13621, 3.15676, 3.17084, 3.17968 (3.19209)	Reconstruction error (/dim): 0.06930, 0.06100, 0.05135, 0.04462, 0.04012, 0.03587, 0.03328, 0.03139, 0.02997, 0.02909 (0.02809)	KLD: 3.590, 3.480, 3.172, 2.654, 2.324, 2.094, 1.850, 1.687, 1.452, 1.250 (23.853)	Grad: 1163.3
[Epoch  17 (31.86s)]	ELBO (bits/dim): 2.62465, 2.77152, 2.91616, 3.00419, 3.06211, 3.11058, 3.13932, 3.16015, 3.17408, 3.18307 (3.19504)	Reconstruction error (/dim): 0.06924, 0.06072, 0.05108, 0.04436, 0.03987, 0.03564, 0.03304, 0.03114, 0.02973, 0.02881 (0.02760)	KLD: 3.609, 3.487, 3.182, 2.658, 2.334, 2.090, 1.856, 1.696, 1.444, 1.257 (23.376)	Grad: 1202.2
[Epoch  18 (31.87s)]	ELBO (bits/dim): 2.62654, 2.77527, 2.91991, 3.00728, 3.06513, 3.11374, 3.14234, 3.16315, 3.17711, 3.18601 (3.19776)	Reconstruction error (/dim): 0.06912, 0.06036, 0.05079, 0.04414, 0.03965, 0.03542, 0.03282, 0.03093, 0.02952, 0.02861 (0.02752)	KLD: 3.619, 3.503, 3.192, 2.665, 2.342, 2.090, 1.849, 1.699, 1.452, 1.264 (23.770)	Grad: 1233.3
[Epoch  19 (31.71s)]	ELBO (bits/dim): 2.62874, 2.77899, 2.92324, 3.01017, 3.06800, 3.11654, 3.14519, 3.16606, 3.17994, 3.18890 (3.19956)	Reconstruction error (/dim): 0.06900, 0.06008, 0.05059, 0.04396, 0.03946, 0.03523, 0.03262, 0.03073, 0.02933, 0.02841 (0.02760)	KLD: 3.641, 3.505, 3.203, 2.664, 2.346, 2.084, 1.854, 1.698, 1.436, 1.269 (24.188)	Grad: 1181.4
[Epoch  20 (31.55s)]	ELBO (bits/dim): 2.63027, 2.78225, 2.92636, 3.01276, 3.07042, 3.11884, 3.14748, 3.16833, 3.18208, 3.19100 (3.20402)	Reconstruction error (/dim): 0.06898, 0.05980, 0.05038, 0.04379, 0.03928, 0.03509, 0.03247, 0.03060, 0.02919, 0.02829 (0.02723)	KLD: 3.640, 3.514, 3.214, 2.671, 2.353, 2.083, 1.857, 1.696, 1.433, 1.266 (23.847)	Grad: 1240.8
[Epoch  21 (33.65s)]	ELBO (bits/dim): 2.63193, 2.78553, 2.92920, 3.01517, 3.07293, 3.12148, 3.15002, 3.17077, 3.18444, 3.19339 (3.20563)	Reconstruction error (/dim): 0.06887, 0.05950, 0.05019, 0.04361, 0.03910, 0.03489, 0.03228, 0.03042, 0.02904, 0.02813 (0.02706)	KLD: 3.647, 3.519, 3.227, 2.670, 2.363, 2.078, 1.857, 1.698, 1.433, 1.266 (23.942)	Grad: 1196.4
[Epoch  22 (35.48s)]	ELBO (bits/dim): 2.63320, 2.78839, 2.93188, 3.01756, 3.07528, 3.12372, 3.15224, 3.17290, 3.18644, 3.19551 (3.20683)	Reconstruction error (/dim): 0.06882, 0.05926, 0.05000, 0.04345, 0.03892, 0.03474, 0.03213, 0.03028, 0.02891, 0.02798 (0.02700)	KLD: 3.667, 3.530, 3.233, 2.670, 2.366, 2.077, 1.860, 1.690, 1.421, 1.263 (24.168)	Grad: 1246.4
[Epoch  23 (35.79s)]	ELBO (bits/dim): 2.63462, 2.79134, 2.93445, 3.01935, 3.07693, 3.12545, 3.15402, 3.17468, 3.18807, 3.19719 (3.20759)	Reconstruction error (/dim): 0.06872, 0.05899, 0.04981, 0.04332, 0.03882, 0.03462, 0.03202, 0.03015, 0.02882, 0.02788 (0.02685)	KLD: 3.668, 3.538, 3.240, 2.670, 2.368, 2.075, 1.856, 1.693, 1.419, 1.265 (23.676)	Grad: 1325.8
[Epoch  24 (35.43s)]	ELBO (bits/dim): 2.63539, 2.79346, 2.93677, 3.02135, 3.07907, 3.12759, 3.15588, 3.17652, 3.18991, 3.19891 (3.20996)	Reconstruction error (/dim): 0.06872, 0.05883, 0.04965, 0.04319, 0.03867, 0.03447, 0.03188, 0.03003, 0.02867, 0.02775 (0.02680)	KLD: 3.670, 3.546, 3.241, 2.671, 2.376, 2.071, 1.852, 1.689, 1.419, 1.266 (23.993)	Grad: 1319.9
[Epoch  25 (32.34s)]	ELBO (bits/dim): 2.63644, 2.79565, 2.93872, 3.02313, 3.08104, 3.12962, 3.15769, 3.17828, 3.19165, 3.20071 (3.21013)	Reconstruction error (/dim): 0.06867, 0.05865, 0.04953, 0.04307, 0.03852, 0.03434, 0.03175, 0.02990, 0.02858, 0.02763 (0.02682)	KLD: 3.682, 3.557, 3.248, 2.675, 2.378, 2.073, 1.858, 1.684, 1.410, 1.272 (23.675)	Grad: 1313.3
[Epoch  26 (31.71s)]	ELBO (bits/dim): 2.63735, 2.79751, 2.94017, 3.02428, 3.08224, 3.13071, 3.15901, 3.17948, 3.19264, 3.20163 (3.21073)	Reconstruction error (/dim): 0.06862, 0.05849, 0.04943, 0.04298, 0.03843, 0.03425, 0.03165, 0.02982, 0.02851, 0.02758 (0.02653)	KLD: 3.686, 3.559, 3.253, 2.671, 2.382, 2.068, 1.858, 1.687, 1.415, 1.268 (24.073)	Grad: 1323.6
[Epoch  27 (32.02s)]	ELBO (bits/dim): 2.63835, 2.79971, 2.94235, 3.02580, 3.08387, 3.13243, 3.16053, 3.18096, 3.19418, 3.20322 (3.21351)	Reconstruction error (/dim): 0.06857, 0.05831, 0.04928, 0.04289, 0.03832, 0.03413, 0.03155, 0.02973, 0.02841, 0.02746 (0.02652)	KLD: 3.694, 3.561, 3.258, 2.673, 2.388, 2.066, 1.863, 1.684, 1.407, 1.277 (24.149)	Grad: 1333.1
[Epoch  28 (34.15s)]	ELBO (bits/dim): 2.63906, 2.80131, 2.94384, 3.02743, 3.08576, 3.13431, 3.16240, 3.18264, 3.19582, 3.20477 (3.21553)	Reconstruction error (/dim): 0.06850, 0.05817, 0.04917, 0.04279, 0.03818, 0.03400, 0.03139, 0.02959, 0.02828, 0.02735 (0.02633)	KLD: 3.708, 3.569, 3.264, 2.674, 2.394, 2.063, 1.856, 1.686, 1.416, 1.266 (23.457)	Grad: 1357.9
[Epoch  29 (33.89s)]	ELBO (bits/dim): 2.64022, 2.80320, 2.94566, 3.02896, 3.08704, 3.13562, 3.16371, 3.18385, 3.19688, 3.20596 (3.21476)	Reconstruction error (/dim): 0.06845, 0.05804, 0.04904, 0.04266, 0.03808, 0.03390, 0.03132, 0.02951, 0.02821, 0.02727 (0.02644)	KLD: 3.704, 3.577, 3.267, 2.676, 2.398, 2.063, 1.856, 1.686, 1.411, 1.266 (24.067)	Grad: 1445.4
[Epoch  30 (33.79s)]	ELBO (bits/dim): 2.64100, 2.80481, 2.94725, 3.03041, 3.08848, 3.13706, 3.16498, 3.18509, 3.19813, 3.20722 (3.21547)	Reconstruction error (/dim): 0.06840, 0.05791, 0.04894, 0.04256, 0.03796, 0.03380, 0.03121, 0.02942, 0.02813, 0.02717 (0.02650)	KLD: 3.716, 3.582, 3.272, 2.683, 2.404, 2.066, 1.864, 1.674, 1.408, 1.283 (24.240)	Grad: 1433.7
[Epoch  31 (33.13s)]	ELBO (bits/dim): 2.64153, 2.80614, 2.94859, 3.03155, 3.08967, 3.13805, 3.16613, 3.18627, 3.19904, 3.20817 (3.21731)	Reconstruction error (/dim): 0.06835, 0.05779, 0.04883, 0.04248, 0.03789, 0.03372, 0.03112, 0.02934, 0.02808, 0.02713 (0.02634)	KLD: 3.716, 3.586, 3.276, 2.679, 2.413, 2.064, 1.860, 1.674, 1.403, 1.268 (23.632)	Grad: 1380.4
[Epoch  32 (32.01s)]	ELBO (bits/dim): 2.64265, 2.80813, 2.95043, 3.03276, 3.09098, 3.13952, 3.16748, 3.18748, 3.20033, 3.20946 (3.21730)	Reconstruction error (/dim): 0.06827, 0.05763, 0.04870, 0.04240, 0.03779, 0.03362, 0.03104, 0.02927, 0.02799, 0.02703 (0.02633)	KLD: 3.714, 3.582, 3.278, 2.681, 2.409, 2.060, 1.861, 1.671, 1.401, 1.273 (24.231)	Grad: 1410.6
[Epoch  33 (32.24s)]	ELBO (bits/dim): 2.64319, 2.80905, 2.95130, 3.03348, 3.09175, 3.14046, 3.16840, 3.18834, 3.20119, 3.21015 (3.21927)	Reconstruction error (/dim): 0.06827, 0.05752, 0.04863, 0.04235, 0.03773, 0.03355, 0.03096, 0.02919, 0.02792, 0.02699 (0.02602)	KLD: 3.724, 3.597, 3.285, 2.679, 2.417, 2.067, 1.863, 1.675, 1.411, 1.270 (24.139)	Grad: 1476.1
[Epoch  34 (33.19s)]	ELBO (bits/dim): 2.64410, 2.81024, 2.95260, 3.03490, 3.09301, 3.14187, 3.16968, 3.18947, 3.20223, 3.21136 (3.21910)	Reconstruction error (/dim): 0.06818, 0.05748, 0.04852, 0.04224, 0.03766, 0.03344, 0.03086, 0.02911, 0.02786, 0.02691 (0.02608)	KLD: 3.728, 3.598, 3.284, 2.678, 2.415, 2.065, 1.867, 1.659, 1.405, 1.274 (23.925)	Grad: 1483.2
[Epoch  35 (33.74s)]	ELBO (bits/dim): 2.64467, 2.81175, 2.95370, 3.03573, 3.09399, 3.14262, 3.17058, 3.19052, 3.20322, 3.21229 (3.22062)	Reconstruction error (/dim): 0.06813, 0.05732, 0.04843, 0.04218, 0.03757, 0.03340, 0.03080, 0.02904, 0.02778, 0.02683 (0.02622)	KLD: 3.739, 3.592, 3.289, 2.682, 2.421, 2.065, 1.867, 1.668, 1.406, 1.276 (24.146)	Grad: 1520.5
[Epoch  36 (35.32s)]	ELBO (bits/dim): 2.64516, 2.81322, 2.95484, 3.03684, 3.09511, 3.14383, 3.17163, 3.19136, 3.20415, 3.21326 (3.21970)	Reconstruction error (/dim): 0.06813, 0.05721, 0.04837, 0.04209, 0.03749, 0.03330, 0.03072, 0.02898, 0.02772, 0.02677 (0.02618)	KLD: 3.738, 3.604, 3.295, 2.685, 2.423, 2.063, 1.871, 1.664, 1.410, 1.266 (24.197)	Grad: 1602.3
[Epoch  37 (34.28s)]	ELBO (bits/dim): 2.64594, 2.81420, 2.95607, 3.03790, 3.09604, 3.14481, 3.17251, 3.19218, 3.20488, 3.21397 (3.22238)	Reconstruction error (/dim): 0.06805, 0.05713, 0.04826, 0.04202, 0.03742, 0.03323, 0.03065, 0.02892, 0.02766, 0.02673 (0.02605)	KLD: 3.742, 3.612, 3.296, 2.684, 2.430, 2.063, 1.869, 1.657, 1.410, 1.268 (24.200)	Grad: 1494.6
[Epoch  38 (33.98s)]	ELBO (bits/dim): 2.64674, 2.81492, 2.95626, 3.03817, 3.09648, 3.14499, 3.17288, 3.19272, 3.20542, 3.21450 (3.22111)	Reconstruction error (/dim): 0.06800, 0.05710, 0.04828, 0.04201, 0.03741, 0.03323, 0.03064, 0.02889, 0.02763, 0.02669 (0.02601)	KLD: 3.745, 3.607, 3.298, 2.689, 2.432, 2.064, 1.869, 1.660, 1.407, 1.267 (24.008)	Grad: 1602.8
[Epoch  39 (32.41s)]	ELBO (bits/dim): 2.64702, 2.81656, 2.95787, 3.03933, 3.09757, 3.14631, 3.17414, 3.19366, 3.20637, 3.21552 (3.22230)	Reconstruction error (/dim): 0.06798, 0.05695, 0.04812, 0.04191, 0.03731, 0.03312, 0.03054, 0.02881, 0.02755, 0.02662 (0.02599)	KLD: 3.752, 3.612, 3.298, 2.686, 2.437, 2.063, 1.869, 1.653, 1.405, 1.273 (24.379)	Grad: 1636.8
[Epoch  40 (33.27s)]	ELBO (bits/dim): 2.64786, 2.81757, 2.95891, 3.04047, 3.09878, 3.14746, 3.17535, 3.19506, 3.20779, 3.21674 (3.22348)	Reconstruction error (/dim): 0.06791, 0.05686, 0.04805, 0.04184, 0.03722, 0.03305, 0.03045, 0.02872, 0.02745, 0.02653 (0.02589)	KLD: 3.760, 3.615, 3.305, 2.691, 2.440, 2.067, 1.871, 1.654, 1.413, 1.263 (23.945)	Grad: 1561.8
[Epoch  41 (33.35s)]	ELBO (bits/dim): 2.64804, 2.81806, 2.95947, 3.04093, 3.09912, 3.14789, 3.17576, 3.19547, 3.20821, 3.21697 (3.22345)	Reconstruction error (/dim): 0.06793, 0.05682, 0.04799, 0.04179, 0.03719, 0.03301, 0.03042, 0.02868, 0.02742, 0.02651 (0.02574)	KLD: 3.759, 3.610, 3.310, 2.688, 2.443, 2.068, 1.874, 1.653, 1.413, 1.268 (24.211)	Grad: 1594.1
[Epoch  42 (36.33s)]	ELBO (bits/dim): 2.64889, 2.81902, 2.96050, 3.04194, 3.10016, 3.14899, 3.17682, 3.19640, 3.20905, 3.21810 (3.22364)	Reconstruction error (/dim): 0.06785, 0.05676, 0.04792, 0.04172, 0.03711, 0.03293, 0.03035, 0.02862, 0.02736, 0.02644 (0.02560)	KLD: 3.765, 3.615, 3.308, 2.689, 2.439, 2.066, 1.876, 1.654, 1.415, 1.255 (24.117)	Grad: 1651.2
[Epoch  43 (32.81s)]	ELBO (bits/dim): 2.64913, 2.81948, 2.96072, 3.04245, 3.10075, 3.14959, 3.17734, 3.19671, 3.20945, 3.21836 (3.22468)	Reconstruction error (/dim): 0.06782, 0.05672, 0.04790, 0.04167, 0.03707, 0.03289, 0.03031, 0.02860, 0.02734, 0.02641 (0.02579)	KLD: 3.767, 3.622, 3.318, 2.692, 2.442, 2.064, 1.873, 1.646, 1.427, 1.256 (24.310)	Grad: 1592.9
[Epoch  44 (33.60s)]	ELBO (bits/dim): 2.64974, 2.82109, 2.96192, 3.04342, 3.10173, 3.15045, 3.17821, 3.19749, 3.21020, 3.21913 (3.22527)	Reconstruction error (/dim): 0.06780, 0.05658, 0.04781, 0.04159, 0.03699, 0.03282, 0.03024, 0.02855, 0.02729, 0.02636 (0.02590)	KLD: 3.773, 3.625, 3.320, 2.691, 2.445, 2.066, 1.876, 1.643, 1.414, 1.265 (24.032)	Grad: 1582.1
[Epoch  45 (32.83s)]	ELBO (bits/dim): 2.65038, 2.82226, 2.96289, 3.04421, 3.10243, 3.15107, 3.17890, 3.19839, 3.21095, 3.22001 (3.22638)	Reconstruction error (/dim): 0.06774, 0.05651, 0.04774, 0.04153, 0.03695, 0.03278, 0.03019, 0.02847, 0.02723, 0.02631 (0.02565)	KLD: 3.778, 3.625, 3.319, 2.689, 2.452, 2.064, 1.875, 1.646, 1.418, 1.266 (23.825)	Grad: 1622.9
[Epoch  46 (31.97s)]	ELBO (bits/dim): 2.65074, 2.82250, 2.96300, 3.04458, 3.10280, 3.15135, 3.17910, 3.19852, 3.21118, 3.22002 (3.22519)	Reconstruction error (/dim): 0.06773, 0.05650, 0.04774, 0.04154, 0.03693, 0.03276, 0.03017, 0.02848, 0.02723, 0.02631 (0.02589)	KLD: 3.779, 3.620, 3.322, 2.691, 2.450, 2.066, 1.881, 1.643, 1.418, 1.261 (24.347)	Grad: 1758.0
[Epoch  47 (34.63s)]	ELBO (bits/dim): 2.65118, 2.82350, 2.96364, 3.04497, 3.10331, 3.15179, 3.17959, 3.19928, 3.21175, 3.22054 (3.22711)	Reconstruction error (/dim): 0.06769, 0.05637, 0.04767, 0.04151, 0.03690, 0.03274, 0.03015, 0.02843, 0.02718, 0.02628 (0.02532)	KLD: 3.784, 3.619, 3.326, 2.693, 2.452, 2.062, 1.885, 1.646, 1.416, 1.250 (24.087)	Grad: 1694.5
[Epoch  48 (31.88s)]	ELBO (bits/dim): 2.65164, 2.82451, 2.96486, 3.04607, 3.10428, 3.15292, 3.18057, 3.19995, 3.21241, 3.22134 (3.22653)	Reconstruction error (/dim): 0.06766, 0.05634, 0.04759, 0.04142, 0.03682, 0.03266, 0.03009, 0.02838, 0.02715, 0.02623 (0.02554)	KLD: 3.793, 3.633, 3.332, 2.693, 2.449, 2.065, 1.882, 1.644, 1.420, 1.250 (24.353)	Grad: 1749.0
[Epoch  49 (31.66s)]	ELBO (bits/dim): 2.65227, 2.82556, 2.96576, 3.04663, 3.10481, 3.15344, 3.18112, 3.20047, 3.21296, 3.22172 (3.22677)	Reconstruction error (/dim): 0.06764, 0.05626, 0.04750, 0.04136, 0.03678, 0.03261, 0.03003, 0.02834, 0.02711, 0.02621 (0.02565)	KLD: 3.794, 3.637, 3.330, 2.690, 2.454, 2.067, 1.881, 1.635, 1.416, 1.252 (24.340)	Grad: 1768.2
[Epoch  50 (33.05s)]	ELBO (bits/dim): 2.65239, 2.82557, 2.96547, 3.04656, 3.10485, 3.15320, 3.18083, 3.20041, 3.21287, 3.22168 (3.22620)	Reconstruction error (/dim): 0.06760, 0.05622, 0.04753, 0.04138, 0.03678, 0.03262, 0.03006, 0.02834, 0.02711, 0.02621 (0.02571)	KLD: 3.793, 3.629, 3.333, 2.697, 2.456, 2.067, 1.882, 1.634, 1.417, 1.265 (24.052)	Grad: 1768.9
[Epoch  51 (33.37s)]	ELBO (bits/dim): 2.65330, 2.82709, 2.96693, 3.04802, 3.10632, 3.15448, 3.18221, 3.20178, 3.21416, 3.22301 (3.22733)	Reconstruction error (/dim): 0.06755, 0.05611, 0.04740, 0.04127, 0.03668, 0.03254, 0.02997, 0.02825, 0.02702, 0.02612 (0.02570)	KLD: 3.795, 3.631, 3.342, 2.696, 2.460, 2.063, 1.884, 1.642, 1.421, 1.255 (23.999)	Grad: 1733.5
[Epoch  52 (33.00s)]	ELBO (bits/dim): 2.65061, 2.81843, 2.95613, 3.03605, 3.09317, 3.14171, 3.16881, 3.18788, 3.19994, 3.20880 (3.20838)	Reconstruction error (/dim): 0.06806, 0.05696, 0.04829, 0.04227, 0.03778, 0.03362, 0.03110, 0.02943, 0.02824, 0.02733 (0.02720)	KLD: 3.788, 3.624, 3.325, 2.692, 2.451, 2.067, 1.872, 1.640, 1.419, 1.255 (24.379)	Grad: 2816.9
[Epoch  53 (33.31s)]	ELBO (bits/dim): 2.65279, 2.82453, 2.96371, 3.04448, 3.10239, 3.15067, 3.17792, 3.19705, 3.20940, 3.21811 (3.22844)	Reconstruction error (/dim): 0.06760, 0.05633, 0.04763, 0.04152, 0.03697, 0.03283, 0.03031, 0.02861, 0.02739, 0.02650 (0.02562)	KLD: 3.788, 3.665, 3.323, 2.695, 2.453, 2.068, 1.878, 1.636, 1.419, 1.246 (24.012)	Grad: 1864.1
[Epoch  54 (32.88s)]	ELBO (bits/dim): 2.65337, 2.82542, 2.96455, 3.04527, 3.10308, 3.15139, 3.17891, 3.19815, 3.21046, 3.21920 (3.22023)	Reconstruction error (/dim): 0.06760, 0.05630, 0.04760, 0.04150, 0.03696, 0.03279, 0.03026, 0.02856, 0.02734, 0.02644 (0.02619)	KLD: 3.797, 3.659, 3.330, 2.693, 2.458, 2.066, 1.887, 1.632, 1.413, 1.255 (24.219)	Grad: 2099.1
[Epoch  55 (31.91s)]	ELBO (bits/dim): 2.65412, 2.82746, 2.96634, 3.04703, 3.10513, 3.15337, 3.18096, 3.20027, 3.21271, 3.22141 (3.22726)	Reconstruction error (/dim): 0.06746, 0.05610, 0.04745, 0.04136, 0.03680, 0.03265, 0.03010, 0.02839, 0.02716, 0.02627 (0.02579)	KLD: 3.800, 3.660, 3.333, 2.692, 2.461, 2.059, 1.883, 1.632, 1.416, 1.256 (24.532)	Grad: 1841.9
[Epoch  56 (34.18s)]	ELBO (bits/dim): 2.65471, 2.82888, 2.96768, 3.04863, 3.10677, 3.15492, 3.18251, 3.20177, 3.21395, 3.22276 (3.22816)	Reconstruction error (/dim): 0.06743, 0.05599, 0.04736, 0.04123, 0.03666, 0.03253, 0.02996, 0.02828, 0.02707, 0.02616 (0.02548)	KLD: 3.803, 3.656, 3.340, 2.696, 2.462, 2.062, 1.885, 1.631, 1.415, 1.254 (24.219)	Grad: 1856.1
[Epoch  57 (35.16s)]	ELBO (bits/dim): 2.65527, 2.82964, 2.96858, 3.04951, 3.10769, 3.15582, 3.18341, 3.20260, 3.21489, 3.22360 (3.22733)	Reconstruction error (/dim): 0.06743, 0.05598, 0.04730, 0.04117, 0.03660, 0.03246, 0.02990, 0.02821, 0.02699, 0.02610 (0.02575)	KLD: 3.806, 3.670, 3.344, 2.701, 2.467, 2.061, 1.890, 1.635, 1.419, 1.244 (24.167)	Grad: 1804.4
[Epoch  58 (34.03s)]	ELBO (bits/dim): 2.65541, 2.82963, 2.96872, 3.04988, 3.10783, 3.15608, 3.18358, 3.20266, 3.21497, 3.22361 (3.22697)	Reconstruction error (/dim): 0.06738, 0.05597, 0.04728, 0.04112, 0.03656, 0.03242, 0.02988, 0.02819, 0.02697, 0.02608 (0.02566)	KLD: 3.812, 3.677, 3.345, 2.697, 2.469, 2.066, 1.886, 1.634, 1.411, 1.250 (24.295)	Grad: 1909.9
[Epoch  59 (34.25s)]	ELBO (bits/dim): 2.65615, 2.82988, 2.96866, 3.05028, 3.10829, 3.15638, 3.18389, 3.20288, 3.21517, 3.22386 (3.23092)	Reconstruction error (/dim): 0.06726, 0.05597, 0.04729, 0.04108, 0.03654, 0.03241, 0.02986, 0.02819, 0.02696, 0.02608 (0.02539)	KLD: 3.817, 3.685, 3.347, 2.699, 2.466, 2.061, 1.886, 1.624, 1.407, 1.250 (24.341)	Grad: 1835.0
[Epoch  60 (34.01s)]	ELBO (bits/dim): 2.65648, 2.83110, 2.96975, 3.05109, 3.10913, 3.15735, 3.18468, 3.20385, 3.21600, 3.22471 (3.22967)	Reconstruction error (/dim): 0.06729, 0.05584, 0.04718, 0.04102, 0.03646, 0.03232, 0.02978, 0.02810, 0.02689, 0.02600 (0.02543)	KLD: 3.826, 3.681, 3.349, 2.700, 2.464, 2.061, 1.885, 1.629, 1.418, 1.250 (24.145)	Grad: 1752.8
[Epoch  61 (33.85s)]	ELBO (bits/dim): 2.65700, 2.83230, 2.97067, 3.05195, 3.10997, 3.15808, 3.18576, 3.20473, 3.21700, 3.22567 (3.23242)	Reconstruction error (/dim): 0.06719, 0.05577, 0.04713, 0.04096, 0.03642, 0.03228, 0.02970, 0.02804, 0.02682, 0.02593 (0.02524)	KLD: 3.827, 3.679, 3.353, 2.696, 2.466, 2.065, 1.894, 1.625, 1.408, 1.243 (24.103)	Grad: 1784.8
[Epoch  62 (34.19s)]	ELBO (bits/dim): 2.65700, 2.83223, 2.96968, 3.05068, 3.10899, 3.15679, 3.18455, 3.20396, 3.21597, 3.22477 (3.22866)	Reconstruction error (/dim): 0.06728, 0.05579, 0.04719, 0.04109, 0.03650, 0.03240, 0.02984, 0.02813, 0.02694, 0.02605 (0.02558)	KLD: 3.830, 3.647, 3.358, 2.700, 2.468, 2.059, 1.892, 1.638, 1.413, 1.264 (24.346)	Grad: 1935.4
[Epoch  63 (34.54s)]	ELBO (bits/dim): 2.65779, 2.83345, 2.97109, 3.05219, 3.11048, 3.15838, 3.18592, 3.20522, 3.21741, 3.22610 (3.23300)	Reconstruction error (/dim): 0.06717, 0.05566, 0.04709, 0.04096, 0.03638, 0.03227, 0.02973, 0.02802, 0.02682, 0.02591 (0.02514)	KLD: 3.837, 3.661, 3.362, 2.700, 2.471, 2.062, 1.894, 1.637, 1.419, 1.246 (23.987)	Grad: 1832.1
[Epoch  64 (33.83s)]	ELBO (bits/dim): 2.65765, 2.83315, 2.97076, 3.05140, 3.10945, 3.15721, 3.18459, 3.20394, 3.21601, 3.22466 (3.22754)	Reconstruction error (/dim): 0.06723, 0.05578, 0.04712, 0.04103, 0.03648, 0.03237, 0.02985, 0.02814, 0.02696, 0.02606 (0.02563)	KLD: 3.837, 3.670, 3.358, 2.705, 2.470, 2.063, 1.891, 1.628, 1.415, 1.244 (24.597)	Grad: 2147.9
[Epoch  65 (35.79s)]	ELBO (bits/dim): 2.65684, 2.82993, 2.96616, 3.04610, 3.10386, 3.15161, 3.17898, 3.19814, 3.21001, 3.21839 (3.23051)	Reconstruction error (/dim): 0.06737, 0.05603, 0.04747, 0.04146, 0.03694, 0.03282, 0.03031, 0.02862, 0.02746, 0.02659 (0.02537)	KLD: 3.833, 3.680, 3.354, 2.699, 2.465, 2.061, 1.887, 1.634, 1.413, 1.250 (24.291)	Grad: 2419.1
[Epoch  66 (33.99s)]	ELBO (bits/dim): 2.65854, 2.83395, 2.97130, 3.05169, 3.10997, 3.15768, 3.18515, 3.20422, 3.21627, 3.22489 (3.23041)	Reconstruction error (/dim): 0.06717, 0.05564, 0.04706, 0.04099, 0.03643, 0.03232, 0.02979, 0.02811, 0.02691, 0.02603 (0.02542)	KLD: 3.838, 3.694, 3.366, 2.705, 2.468, 2.063, 1.896, 1.632, 1.409, 1.250 (24.619)	Grad: 1999.2
[Epoch  67 (33.43s)]	ELBO (bits/dim): 2.65899, 2.83528, 2.97258, 3.05331, 3.11151, 3.15916, 3.18682, 3.20598, 3.21817, 3.22678 (3.23165)	Reconstruction error (/dim): 0.06708, 0.05556, 0.04695, 0.04087, 0.03631, 0.03220, 0.02967, 0.02798, 0.02676, 0.02589 (0.02535)	KLD: 3.845, 3.688, 3.361, 2.705, 2.469, 2.057, 1.892, 1.629, 1.418, 1.239 (23.993)	Grad: 1885.4
[Epoch  68 (34.11s)]	ELBO (bits/dim): 2.65918, 2.83571, 2.97255, 3.05362, 3.11218, 3.15952, 3.18737, 3.20674, 3.21890, 3.22757 (3.23206)	Reconstruction error (/dim): 0.06711, 0.05549, 0.04695, 0.04083, 0.03625, 0.03219, 0.02961, 0.02792, 0.02672, 0.02582 (0.02548)	KLD: 3.848, 3.668, 3.368, 2.702, 2.472, 2.059, 1.903, 1.634, 1.407, 1.243 (24.485)	Grad: 1815.1
[Epoch  69 (34.17s)]	ELBO (bits/dim): 2.66009, 2.83652, 2.97366, 3.05478, 3.11316, 3.16082, 3.18852, 3.20765, 3.21964, 3.22818 (3.23273)	Reconstruction error (/dim): 0.06704, 0.05548, 0.04688, 0.04074, 0.03618, 0.03208, 0.02953, 0.02783, 0.02665, 0.02578 (0.02533)	KLD: 3.854, 3.691, 3.369, 2.706, 2.469, 2.058, 1.899, 1.630, 1.402, 1.245 (24.395)	Grad: 1842.9
[Epoch  70 (33.72s)]	ELBO (bits/dim): 2.66045, 2.83792, 2.97417, 3.05519, 3.11354, 3.16097, 3.18890, 3.20807, 3.22014, 3.22869 (3.23450)	Reconstruction error (/dim): 0.06698, 0.05535, 0.04685, 0.04073, 0.03616, 0.03208, 0.02952, 0.02782, 0.02663, 0.02575 (0.02499)	KLD: 3.856, 3.674, 3.374, 2.708, 2.479, 2.062, 1.901, 1.632, 1.418, 1.246 (24.496)	Grad: 1788.4
[Epoch  71 (31.92s)]	ELBO (bits/dim): 2.66070, 2.83796, 2.97400, 3.05502, 3.11333, 3.16063, 3.18836, 3.20751, 3.21951, 3.22805 (3.22785)	Reconstruction error (/dim): 0.06703, 0.05538, 0.04686, 0.04075, 0.03618, 0.03212, 0.02957, 0.02788, 0.02669, 0.02581 (0.02575)	KLD: 3.859, 3.675, 3.374, 2.703, 2.474, 2.054, 1.898, 1.634, 1.413, 1.247 (24.176)	Grad: 2057.8
[Epoch  72 (32.01s)]	ELBO (bits/dim): 2.66099, 2.83882, 2.97484, 3.05546, 3.11387, 3.16107, 3.18870, 3.20786, 3.21978, 3.22848 (3.23553)	Reconstruction error (/dim): 0.06700, 0.05531, 0.04679, 0.04071, 0.03613, 0.03209, 0.02954, 0.02784, 0.02667, 0.02578 (0.02510)	KLD: 3.860, 3.683, 3.380, 2.708, 2.469, 2.054, 1.904, 1.629, 1.408, 1.242 (24.274)	Grad: 1943.9
[Epoch  73 (32.04s)]	ELBO (bits/dim): 2.66178, 2.84008, 2.97585, 3.05690, 3.11514, 3.16236, 3.19011, 3.20914, 3.22102, 3.22966 (3.23162)	Reconstruction error (/dim): 0.06690, 0.05522, 0.04672, 0.04060, 0.03604, 0.03199, 0.02942, 0.02775, 0.02659, 0.02570 (0.02541)	KLD: 3.869, 3.689, 3.382, 2.703, 2.478, 2.054, 1.906, 1.628, 1.401, 1.246 (24.037)	Grad: 1896.6
[Epoch  74 (34.21s)]	ELBO (bits/dim): 2.66177, 2.83980, 2.97546, 3.05608, 3.11444, 3.16168, 3.18924, 3.20811, 3.22004, 3.22857 (3.23424)	Reconstruction error (/dim): 0.06691, 0.05524, 0.04675, 0.04066, 0.03610, 0.03204, 0.02950, 0.02784, 0.02665, 0.02579 (0.02513)	KLD: 3.870, 3.696, 3.381, 2.702, 2.478, 2.059, 1.898, 1.632, 1.408, 1.241 (24.264)	Grad: 2076.8
[Epoch  75 (34.38s)]	ELBO (bits/dim): 2.66240, 2.84019, 2.97561, 3.05670, 3.11498, 3.16223, 3.18998, 3.20888, 3.22084, 3.22940 (3.23361)	Reconstruction error (/dim): 0.06689, 0.05522, 0.04673, 0.04061, 0.03605, 0.03199, 0.02944, 0.02777, 0.02659, 0.02571 (0.02528)	KLD: 3.873, 3.696, 3.386, 2.707, 2.476, 2.055, 1.905, 1.631, 1.415, 1.246 (24.415)	Grad: 1985.7
[Epoch  76 (32.40s)]	ELBO (bits/dim): 2.66220, 2.84004, 2.97524, 3.05597, 3.11426, 3.16142, 3.18911, 3.20821, 3.21991, 3.22843 (3.23247)	Reconstruction error (/dim): 0.06694, 0.05527, 0.04676, 0.04067, 0.03609, 0.03206, 0.02952, 0.02784, 0.02668, 0.02581 (0.02532)	KLD: 3.879, 3.701, 3.389, 2.709, 2.475, 2.054, 1.896, 1.623, 1.402, 1.253 (24.120)	Grad: 2108.2
[Epoch  77 (32.35s)]	ELBO (bits/dim): 2.66306, 2.84155, 2.97658, 3.05717, 3.11560, 3.16250, 3.19010, 3.20914, 3.22103, 3.22950 (3.23297)	Reconstruction error (/dim): 0.06687, 0.05512, 0.04667, 0.04058, 0.03601, 0.03199, 0.02944, 0.02776, 0.02658, 0.02573 (0.02532)	KLD: 3.872, 3.701, 3.387, 2.712, 2.474, 2.052, 1.901, 1.627, 1.401, 1.243 (24.446)	Grad: 2023.0
[Epoch  78 (32.34s)]	ELBO (bits/dim): 2.66103, 2.83508, 2.96898, 3.04963, 3.10746, 3.15483, 3.18180, 3.20103, 3.21274, 3.22103 (3.23164)	Reconstruction error (/dim): 0.06717, 0.05575, 0.04729, 0.04122, 0.03668, 0.03260, 0.03012, 0.02844, 0.02727, 0.02642 (0.02540)	KLD: 3.876, 3.720, 3.376, 2.707, 2.477, 2.059, 1.898, 1.641, 1.401, 1.248 (24.711)	Grad: 2587.9
[Epoch  79 (32.38s)]	ELBO (bits/dim): 2.66355, 2.84152, 2.97604, 3.05704, 3.11557, 3.16246, 3.19011, 3.20929, 3.22120, 3.22957 (3.23551)	Reconstruction error (/dim): 0.06680, 0.05511, 0.04667, 0.04058, 0.03600, 0.03197, 0.02943, 0.02774, 0.02657, 0.02570 (0.02500)	KLD: 3.877, 3.709, 3.384, 2.704, 2.475, 2.054, 1.906, 1.627, 1.401, 1.244 (24.084)	Grad: 1918.8
[Epoch  80 (32.36s)]	ELBO (bits/dim): 2.66440, 2.84326, 2.97796, 3.05907, 3.11731, 3.16418, 3.19177, 3.21079, 3.22265, 3.23123 (3.23336)	Reconstruction error (/dim): 0.06674, 0.05499, 0.04652, 0.04039, 0.03586, 0.03184, 0.02929, 0.02762, 0.02645, 0.02558 (0.02540)	KLD: 3.883, 3.710, 3.390, 2.708, 2.477, 2.054, 1.911, 1.628, 1.407, 1.237 (24.031)	Grad: 1869.8
[Epoch  81 (32.42s)]	ELBO (bits/dim): 2.66462, 2.84384, 2.97845, 3.05918, 3.11780, 3.16466, 3.19230, 3.21125, 3.22315, 3.23153 (3.23316)	Reconstruction error (/dim): 0.06674, 0.05496, 0.04650, 0.04040, 0.03582, 0.03180, 0.02926, 0.02760, 0.02642, 0.02555 (0.02531)	KLD: 3.886, 3.711, 3.392, 2.705, 2.483, 2.053, 1.907, 1.628, 1.407, 1.237 (24.139)	Grad: 1894.8
No improvement after 10 epochs...
Best epoch(s): [72]	Training time(s): 2674.55s (2674.55s)	Best ELBO (bits/dim): 3.23153 (3.23553)	Best reconstruction error (/dim): 0.07727 (0.06434)
Avg. mu: -0.000, -0.051, -0.072, 0.040, 0.020, -0.127, 0.071, 0.018, 0.084, -0.065
Avg. var: 0.001, 0.002, 0.003, 0.007, 0.008, 0.017, 0.028, 0.048, 0.072, 0.107
Max. mu: 5.208, 4.246, 4.045, 4.140, 4.441, 4.754, 4.510, 4.482, 4.242, 4.845
Max. var: 0.030, 0.029, 0.026, 0.071, 0.046, 0.077, 0.160, 0.323, 0.461, 0.777
Min. mu: -4.349, -4.997, -3.779, -5.020, -4.072, -4.268, -5.411, -5.406, -4.699, -4.885
Min. var: 0.000, 0.000, 0.000, 0.001, 0.001, 0.005, 0.002, 0.005, 0.012, 0.022
Cov. mu:
[[1.450 0.512 -0.475 0.111 0.037 0.020 0.068 0.059 0.071 -0.048]
 [0.512 1.202 -0.122 0.073 0.206 -0.115 0.089 -0.125 0.021 -0.012]
 [-0.475 -0.122 1.407 -0.049 0.046 -0.009 0.121 -0.183 -0.005 -0.041]
 [0.111 0.073 -0.049 0.901 0.104 -0.044 0.010 -0.022 -0.046 -0.036]
 [0.037 0.206 0.046 0.104 0.842 -0.041 0.029 -0.030 -0.002 0.010]
 [0.020 -0.115 -0.009 -0.044 -0.041 1.006 0.055 0.034 -0.016 -0.045]
 [0.068 0.089 0.121 0.010 0.029 0.055 0.816 0.055 -0.021 -0.009]
 [0.059 -0.125 -0.183 -0.022 -0.030 0.034 0.055 0.966 -0.016 -0.031]
 [0.071 0.021 -0.005 -0.046 -0.002 -0.016 -0.021 -0.016 0.779 0.001]
 [-0.048 -0.012 -0.041 -0.036 0.010 -0.045 -0.009 -0.031 0.001 0.811]]
