=================================================================
Layer (type:depth-idx)                   Param #
=================================================================
VAE                                      --
├─Encoder: 1-1                           --
│    └─Linear: 2-1                       76,930
│    └─Linear: 2-2                       9,702
├─Decoder: 1-2                           --
│    └─Linear: 2-3                       9,702
│    └─Linear: 2-4                       77,616
=================================================================
Total params: 173,950
Trainable params: 173,950
Non-trainable params: 0
=================================================================
[Epoch   1 (13.69s)]	ELBO: 1295.333 (1433.409)	Log prob: 1302.525 (1439.828)	KLD: 7.192 (6.419)
[Epoch   2 (14.44s)]	ELBO: 1466.791 (1488.009)	Log prob: 1474.074 (1495.822)	KLD: 7.283 (7.813)
[Epoch   3 (14.38s)]	ELBO: 1496.743 (1505.050)	Log prob: 1504.816 (1513.136)	KLD: 8.073 (8.086)
[Epoch   4 (12.54s)]	ELBO: 1510.018 (1516.764)	Log prob: 1518.370 (1525.158)	KLD: 8.352 (8.394)
[Epoch   5 (13.32s)]	ELBO: 1519.844 (1523.997)	Log prob: 1528.482 (1532.693)	KLD: 8.638 (8.696)
[Epoch   6 (12.78s)]	ELBO: 1527.881 (1531.784)	Log prob: 1536.762 (1540.837)	KLD: 8.880 (9.053)
[Epoch   7 (13.33s)]	ELBO: 1534.474 (1537.885)	Log prob: 1543.429 (1546.831)	KLD: 8.954 (8.947)
[Epoch   8 (12.33s)]	ELBO: 1540.044 (1543.042)	Log prob: 1548.996 (1551.853)	KLD: 8.952 (8.810)
[Epoch   9 (12.10s)]	ELBO: 1544.770 (1547.373)	Log prob: 1553.737 (1556.367)	KLD: 8.966 (8.993)
[Epoch  10 (12.09s)]	ELBO: 1548.869 (1550.584)	Log prob: 1557.849 (1559.248)	KLD: 8.980 (8.664)
[Epoch  11 (12.62s)]	ELBO: 1552.797 (1555.193)	Log prob: 1561.742 (1564.051)	KLD: 8.944 (8.859)
[Epoch  12 (12.14s)]	ELBO: 1556.428 (1558.178)	Log prob: 1565.391 (1566.858)	KLD: 8.963 (8.679)
[Epoch  13 (12.05s)]	ELBO: 1559.743 (1560.318)	Log prob: 1568.722 (1569.054)	KLD: 8.978 (8.736)
[Epoch  14 (12.50s)]	ELBO: 1562.647 (1562.536)	Log prob: 1571.615 (1571.289)	KLD: 8.968 (8.752)
[Epoch  15 (12.57s)]	ELBO: 1564.993 (1565.288)	Log prob: 1573.946 (1574.204)	KLD: 8.952 (8.916)
[Epoch  16 (12.70s)]	ELBO: 1567.694 (1567.258)	Log prob: 1576.659 (1576.080)	KLD: 8.965 (8.822)
[Epoch  17 (12.53s)]	ELBO: 1570.063 (1569.439)	Log prob: 1579.051 (1578.367)	KLD: 8.988 (8.927)
[Epoch  18 (12.74s)]	ELBO: 1572.244 (1570.831)	Log prob: 1581.244 (1579.743)	KLD: 9.001 (8.912)
[Epoch  19 (11.95s)]	ELBO: 1574.512 (1573.635)	Log prob: 1583.513 (1582.464)	KLD: 9.001 (8.829)
[Epoch  20 (12.86s)]	ELBO: 1576.237 (1575.632)	Log prob: 1585.253 (1584.575)	KLD: 9.016 (8.943)
[Epoch  21 (12.51s)]	ELBO: 1578.266 (1576.711)	Log prob: 1587.288 (1585.773)	KLD: 9.023 (9.062)
[Epoch  22 (13.47s)]	ELBO: 1579.867 (1578.741)	Log prob: 1588.903 (1587.745)	KLD: 9.036 (9.004)
[Epoch  23 (13.62s)]	ELBO: 1581.625 (1580.162)	Log prob: 1590.671 (1589.129)	KLD: 9.045 (8.966)
[Epoch  24 (12.12s)]	ELBO: 1583.066 (1580.691)	Log prob: 1592.128 (1589.460)	KLD: 9.062 (8.769)
[Epoch  25 (12.38s)]	ELBO: 1584.190 (1582.686)	Log prob: 1593.252 (1591.649)	KLD: 9.062 (8.963)
[Epoch  26 (12.56s)]	ELBO: 1586.110 (1583.554)	Log prob: 1595.206 (1592.439)	KLD: 9.096 (8.885)
[Epoch  27 (12.41s)]	ELBO: 1587.156 (1584.434)	Log prob: 1596.258 (1593.457)	KLD: 9.102 (9.023)
[Epoch  28 (13.06s)]	ELBO: 1588.291 (1585.387)	Log prob: 1597.405 (1594.375)	KLD: 9.114 (8.988)
[Epoch  29 (12.83s)]	ELBO: 1589.512 (1584.797)	Log prob: 1598.623 (1593.719)	KLD: 9.111 (8.922)
[Epoch  30 (12.32s)]	ELBO: 1590.334 (1587.182)	Log prob: 1599.450 (1596.172)	KLD: 9.116 (8.990)
[Epoch  31 (13.96s)]	ELBO: 1591.505 (1586.617)	Log prob: 1600.677 (1595.709)	KLD: 9.172 (9.092)
[Epoch  32 (13.92s)]	ELBO: 1592.285 (1587.918)	Log prob: 1601.443 (1597.002)	KLD: 9.158 (9.085)
[Epoch  33 (13.66s)]	ELBO: 1593.369 (1588.623)	Log prob: 1602.513 (1597.715)	KLD: 9.143 (9.092)
[Epoch  34 (13.83s)]	ELBO: 1594.308 (1588.207)	Log prob: 1603.444 (1597.434)	KLD: 9.136 (9.228)
[Epoch  35 (13.61s)]	ELBO: 1594.903 (1590.004)	Log prob: 1604.058 (1598.852)	KLD: 9.155 (8.849)
[Epoch  36 (14.14s)]	ELBO: 1595.581 (1589.362)	Log prob: 1604.733 (1598.570)	KLD: 9.152 (9.208)
[Epoch  37 (13.22s)]	ELBO: 1596.541 (1590.754)	Log prob: 1605.705 (1599.880)	KLD: 9.164 (9.127)
[Epoch  38 (13.44s)]	ELBO: 1597.324 (1590.083)	Log prob: 1606.490 (1599.227)	KLD: 9.166 (9.144)
[Epoch  39 (13.98s)]	ELBO: 1597.927 (1591.363)	Log prob: 1607.106 (1600.398)	KLD: 9.178 (9.035)
[Epoch  40 (14.57s)]	ELBO: 1598.830 (1591.669)	Log prob: 1608.035 (1600.795)	KLD: 9.204 (9.125)
[Epoch  41 (14.11s)]	ELBO: 1599.245 (1591.182)	Log prob: 1608.423 (1600.234)	KLD: 9.179 (9.052)
[Epoch  42 (13.03s)]	ELBO: 1599.870 (1592.515)	Log prob: 1609.082 (1601.682)	KLD: 9.212 (9.167)
[Epoch  43 (12.56s)]	ELBO: 1600.272 (1593.123)	Log prob: 1609.465 (1602.086)	KLD: 9.193 (8.963)
[Epoch  44 (12.58s)]	ELBO: 1600.686 (1593.573)	Log prob: 1609.901 (1602.844)	KLD: 9.215 (9.271)
[Epoch  45 (13.83s)]	ELBO: 1601.198 (1592.850)	Log prob: 1610.393 (1601.881)	KLD: 9.196 (9.031)
[Epoch  46 (14.15s)]	ELBO: 1601.934 (1593.892)	Log prob: 1611.166 (1603.196)	KLD: 9.232 (9.305)
[Epoch  47 (14.07s)]	ELBO: 1602.446 (1594.810)	Log prob: 1611.649 (1604.055)	KLD: 9.203 (9.245)
[Epoch  48 (13.14s)]	ELBO: 1602.971 (1594.757)	Log prob: 1612.184 (1603.999)	KLD: 9.213 (9.241)
[Epoch  49 (12.88s)]	ELBO: 1603.485 (1595.559)	Log prob: 1612.701 (1604.589)	KLD: 9.216 (9.030)
[Epoch  50 (12.50s)]	ELBO: 1603.976 (1595.249)	Log prob: 1613.217 (1604.470)	KLD: 9.241 (9.221)
Best epoch(s): [49]	Training time(s): 654.16s (654.16s)	Best ELBO: 1603.976 (1595.559)	Best log prob: 1613.217 (1604.589)
Avg. mu: 0.199, -0.006
Avg. var: 0.002, 0.002
Max. mu: 6.420, 5.883
Max. var: 0.029, 0.029
Min. mu: -5.105, -6.657
Min. var: 0.000, 0.000
Cov. mu:
[[3.346 -0.526]
 [-0.526 3.352]]
