=================================================================
Layer (type:depth-idx)                   Param #
=================================================================
Quotient                                 --
├─Canvas: 1-1                            --
│    └─Linear: 2-1                       784
├─KL: 1-2                                --
│    └─Linear: 2-2                       1
│    └─Linear: 2-3                       1
├─Encoder: 1-3                           --
│    └─Linear: 2-4                       76,930
│    └─Linear: 2-5                       9,702
├─ModuleList: 1-4                        --
│    └─EncoderToLatents: 2-6             --
│    │    └─Linear: 3-1                  99
│    │    └─Linear: 3-2                  99
│    └─EncoderToLatents: 2-7             --
│    │    └─Linear: 3-3                  99
│    │    └─Linear: 3-4                  99
├─ModuleList: 1-5                        --
│    └─LatentsToDecoder: 2-8             --
│    │    └─Linear: 3-5                  196
│    └─LatentsToDecoder: 2-9             --
│    │    └─Linear: 3-6                  196
├─Decoder: 1-6                           --
│    └─Linear: 2-10                      9,702
│    └─Linear: 2-11                      77,616
=================================================================
Total params: 175,524
Trainable params: 175,524
Non-trainable params: 0
=================================================================
[Epoch   1 (26.78s)]	ELBO: 339.093, 463.541 (892.839)	Log prob: 339.132, 463.622 (892.909)	KLD: 0.039, 0.041 (0.070)	Grad: 208138.516
[Epoch   2 (24.45s)]	ELBO: 933.420, 1067.957 (1018.459)	Log prob: 933.453, 1068.011 (1018.508)	KLD: 0.033, 0.020 (0.049)	Grad: 250029.594
[Epoch   3 (23.40s)]	ELBO: 1132.797, 1038.528 (1202.694)	Log prob: 1132.820, 1038.569 (1202.732)	KLD: 0.023, 0.018 (0.037)	Grad: 187747.625
[Epoch   4 (24.25s)]	ELBO: 1207.585, 1230.741 (665.356)	Log prob: 1207.603, 1230.770 (665.383)	KLD: 0.017, 0.012 (0.027)	Grad: 139406.266
[Epoch   5 (23.18s)]	ELBO: 1272.186, 1233.386 (1286.920)	Log prob: 1272.199, 1233.407 (1286.938)	KLD: 0.012, 0.010 (0.018)	Grad: 134119.562
[Epoch   6 (23.35s)]	ELBO: 1297.628, 1286.185 (1306.041)	Log prob: 1297.639, 1286.203 (1306.059)	KLD: 0.011, 0.008 (0.018)	Grad: 107485.992
[Epoch   7 (23.72s)]	ELBO: 1303.972, 1303.517 (1310.769)	Log prob: 1303.983, 1303.534 (1310.781)	KLD: 0.011, 0.006 (0.012)	Grad: 93136.195
[Epoch   8 (26.28s)]	ELBO: 1318.920, 1308.216 (1318.357)	Log prob: 1318.931, 1308.232 (1318.368)	KLD: 0.011, 0.004 (0.010)	Grad: 72599.797
[Epoch   9 (23.53s)]	ELBO: 1323.057, 1275.420 (1319.085)	Log prob: 1323.073, 1275.440 (1319.097)	KLD: 0.016, 0.004 (0.012)	Grad: 52341.922
[Epoch  10 (22.40s)]	ELBO: 1324.108, 1312.019 (1321.053)	Log prob: 1324.123, 1312.034 (1321.064)	KLD: 0.015, 0.002 (0.011)	Grad: 55088.988
[Epoch  11 (23.54s)]	ELBO: 1319.411, 1234.908 (1318.136)	Log prob: 1319.419, 1234.916 (1318.144)	KLD: 0.008, 0.001 (0.009)	Grad: 75077.406
[Epoch  12 (23.91s)]	ELBO: 1326.091, 1322.746 (1320.211)	Log prob: 1326.096, 1322.753 (1320.216)	KLD: 0.005, 0.000 (0.005)	Grad: 37427.176
[Epoch  13 (23.20s)]	ELBO: 1326.419, 1321.385 (1321.141)	Log prob: 1326.424, 1321.392 (1321.149)	KLD: 0.005, 0.002 (0.008)	Grad: 44195.883
[Epoch  14 (22.76s)]	ELBO: 1324.880, 1322.193 (1322.539)	Log prob: 1324.885, 1322.198 (1322.543)	KLD: 0.005, 0.001 (0.004)	Grad: 52897.207
[Epoch  15 (23.43s)]	ELBO: 1326.914, 1320.066 (1326.724)	Log prob: 1326.918, 1320.070 (1326.727)	KLD: 0.005, -0.000 (0.003)	Grad: 45260.715
[Epoch  16 (24.00s)]	ELBO: 1327.443, 1325.083 (1325.676)	Log prob: 1327.446, 1325.086 (1325.677)	KLD: 0.004, -0.000 (0.000)	Grad: 36613.770
[Epoch  17 (24.49s)]	ELBO: 1322.855, 1323.824 (1327.535)	Log prob: 1322.858, 1323.826 (1327.535)	KLD: 0.003, -0.000 (-0.000)	Grad: 45158.465
[Epoch  18 (25.74s)]	ELBO: 1314.286, 1325.870 (1326.533)	Log prob: 1314.371, 1325.957 (1326.631)	KLD: 0.086, 0.001 (0.099)	Grad: 37137.625
[Epoch  19 (29.32s)]	ELBO: 1328.896, 1325.081 (1324.873)	Log prob: 1329.060, 1325.242 (1325.201)	KLD: 0.164, -0.004 (0.328)	Grad: 48195.059
[Epoch  20 (28.24s)]	ELBO: 1328.370, 1326.007 (1324.982)	Log prob: 1328.518, 1326.159 (1324.997)	KLD: 0.147, 0.005 (0.015)	Grad: 45838.770
[Epoch  21 (25.85s)]	ELBO: 1328.655, 1324.477 (1327.576)	Log prob: 1328.667, 1324.490 (1327.591)	KLD: 0.012, 0.002 (0.016)	Grad: 51987.355
[Epoch  22 (24.06s)]	ELBO: 1328.809, 1323.734 (1317.936)	Log prob: 1328.826, 1323.751 (1317.946)	KLD: 0.017, 0.000 (0.010)	Grad: 47599.219
[Epoch  23 (23.24s)]	ELBO: 1315.009, 1325.694 (1327.582)	Log prob: 1315.025, 1325.712 (1327.614)	KLD: 0.017, 0.002 (0.032)	Grad: 55883.648
[Epoch  24 (23.32s)]	ELBO: 1327.347, 1326.187 (1327.847)	Log prob: 1327.369, 1326.223 (1327.879)	KLD: 0.022, 0.013 (0.032)	Grad: 50521.801
[Epoch  25 (23.95s)]	ELBO: 1327.037, 1324.629 (1326.441)	Log prob: 1327.054, 1324.647 (1326.469)	KLD: 0.017, 0.003 (0.028)	Grad: 49560.449
[Epoch  26 (28.69s)]	ELBO: 1328.469, 1323.857 (1324.113)	Log prob: 1328.484, 1323.876 (1324.134)	KLD: 0.016, 0.003 (0.021)	Grad: 55925.695
[Epoch  27 (24.99s)]	ELBO: 1328.591, 1326.203 (1322.435)	Log prob: 1328.609, 1326.223 (1322.452)	KLD: 0.019, 0.002 (0.017)	Grad: 47243.934
[Epoch  28 (23.60s)]	ELBO: 1325.220, 1310.112 (1325.147)	Log prob: 1325.236, 1310.131 (1325.157)	KLD: 0.016, 0.004 (0.010)	Grad: 60744.328
[Epoch  29 (25.29s)]	ELBO: 1328.054, 1325.074 (1325.185)	Log prob: 1328.071, 1325.093 (1325.203)	KLD: 0.017, 0.001 (0.017)	Grad: 59179.902
[Epoch  30 (23.54s)]	ELBO: 1322.784, 1326.747 (1328.320)	Log prob: 1322.813, 1326.774 (1328.357)	KLD: 0.029, -0.001 (0.037)	Grad: 38945.855
[Epoch  31 (24.04s)]	ELBO: 1328.932, 1327.232 (1328.797)	Log prob: 1329.016, 1327.316 (1328.910)	KLD: 0.084, 0.001 (0.113)	Grad: 44179.586
[Epoch  32 (24.29s)]	ELBO: 1329.712, 1325.313 (1328.386)	Log prob: 1330.039, 1325.646 (1328.742)	KLD: 0.328, 0.006 (0.356)	Grad: 20519.107
[Epoch  33 (23.57s)]	ELBO: 1328.969, 1328.212 (1327.208)	Log prob: 1329.283, 1328.529 (1327.537)	KLD: 0.314, 0.003 (0.329)	Grad: 15210.560
[Epoch  34 (24.69s)]	ELBO: 1329.625, 1325.812 (1328.541)	Log prob: 1330.042, 1326.235 (1329.071)	KLD: 0.416, 0.006 (0.530)	Grad: 20258.660
[Epoch  35 (24.58s)]	ELBO: 1329.613, 1328.318 (1307.826)	Log prob: 1330.084, 1328.808 (1308.194)	KLD: 0.471, 0.019 (0.368)	Grad: 10651.088
[Epoch  36 (25.33s)]	ELBO: 1329.734, 1320.610 (1327.264)	Log prob: 1330.189, 1321.090 (1327.711)	KLD: 0.456, 0.025 (0.447)	Grad: 26135.141
[Epoch  37 (24.62s)]	ELBO: 1329.784, 1326.444 (1327.430)	Log prob: 1330.061, 1326.745 (1327.925)	KLD: 0.278, 0.023 (0.495)	Grad: 23277.703
[Epoch  38 (24.85s)]	ELBO: 1329.618, 1325.464 (1328.214)	Log prob: 1330.238, 1326.099 (1328.903)	KLD: 0.621, 0.014 (0.690)	Grad: 25737.172
[Epoch  39 (24.85s)]	ELBO: 1329.630, 1326.788 (1328.747)	Log prob: 1330.282, 1327.466 (1329.418)	KLD: 0.653, 0.025 (0.670)	Grad: 17716.918
[Epoch  40 (23.69s)]	ELBO: 1329.714, 1327.715 (1327.916)	Log prob: 1330.241, 1328.262 (1328.455)	KLD: 0.527, 0.020 (0.539)	Grad: 15811.487
No improvement after 10 epochs...
Best epoch(s): [31]	Training time(s): 981.02s (981.02s)	Best ELBO: 1328.318 (1328.797)	Best log prob: 1328.808 (1329.418)
