Encoder
=================================================================
Layer (type:depth-idx)                   Param #
=================================================================
Encoder                                  --
├─Linear: 1-1                            31,400
├─Linear: 1-2                            1,640
=================================================================
Total params: 33,040
Trainable params: 33,040
Non-trainable params: 0
=================================================================
Encoder to Latent
=================================================================
Layer (type:depth-idx)                   Param #
=================================================================
EncoderToLatents                         --
├─Linear: 1-1                            82
├─Linear: 1-2                            82
=================================================================
Total params: 164
Trainable params: 164
Non-trainable params: 0
=================================================================
Latents to Decoder 0
=================================================================
Layer (type:depth-idx)                   Param #
=================================================================
LatentsToDecoder                         --
├─Linear: 1-1                            120
=================================================================
Total params: 120
Trainable params: 120
Non-trainable params: 0
=================================================================
Latents to Decoder 1
=================================================================
Layer (type:depth-idx)                   Param #
=================================================================
LatentsToDecoder                         --
├─Linear: 1-1                            120
=================================================================
Total params: 120
Trainable params: 120
Non-trainable params: 0
=================================================================
Latents to Decoder 2
=================================================================
Layer (type:depth-idx)                   Param #
=================================================================
LatentsToDecoder                         --
├─Linear: 1-1                            120
=================================================================
Total params: 120
Trainable params: 120
Non-trainable params: 0
=================================================================
Latents to Decoder 3
=================================================================
Layer (type:depth-idx)                   Param #
=================================================================
LatentsToDecoder                         --
├─Linear: 1-1                            120
=================================================================
Total params: 120
Trainable params: 120
Non-trainable params: 0
=================================================================
Latents to Decoder 4
=================================================================
Layer (type:depth-idx)                   Param #
=================================================================
LatentsToDecoder                         --
├─Linear: 1-1                            120
=================================================================
Total params: 120
Trainable params: 120
Non-trainable params: 0
=================================================================
Decoder
=================================================================
Layer (type:depth-idx)                   Param #
=================================================================
Decoder                                  --
├─Linear: 1-1                            1,640
├─Linear: 1-2                            32,144
=================================================================
Total params: 33,784
Trainable params: 33,784
Non-trainable params: 0
=================================================================
[Epoch   1 (49.01s)]	ELBO: -43.601, -164.767, -768.959, -3201.305, -1466.992 (-127.771)	Log prob: -43.598, -164.762, -768.953, -3201.298, -1466.982 (-127.762)	KLD: 0.002, 0.005, 0.006, 0.009, 0.010 (0.009)	Grad: 3293.069, 62154.404, 1769849.344, 100998989.605, 111653668.544
[Epoch   2 (56.57s)]	ELBO: 57.153, -0.214, 48.806, -14.113, -28.525 (224.566)	Log prob: 57.156, -0.209, 48.814, -14.104, -28.515 (224.572)	KLD: 0.002, 0.005, 0.007, 0.009, 0.010 (0.006)	Grad: 1527.219, 118914.068, 124106.737, 140252.935, 163517.111
[Epoch   3 (50.14s)]	ELBO: 203.580, 221.661, 259.941, 334.857, 298.197 (441.158)	Log prob: 203.582, 221.666, 259.947, 334.865, 298.207 (441.167)	KLD: 0.002, 0.005, 0.006, 0.008, 0.011 (0.009)	Grad: 352.953, 136056.818, 151499.778, 164613.567, 190086.829
[Epoch   4 (52.06s)]	ELBO: 316.697, 479.660, 574.318, 373.781, 642.767 (814.400)	Log prob: 316.699, 479.664, 574.325, 373.789, 642.776 (814.410)	KLD: 0.002, 0.004, 0.007, 0.008, 0.009 (0.010)	Grad: 35965.074, 38309.791, 44270.373, 151999.715, 186682.771
[Epoch   5 (49.02s)]	ELBO: 378.471, 631.914, 705.239, 709.968, 831.809 (913.488)	Log prob: 378.473, 631.917, 705.244, 709.976, 831.819 (913.497)	KLD: 0.002, 0.004, 0.006, 0.008, 0.010 (0.009)	Grad: 414894.815, 418624.705, 510793.203, 544253.449, 571931.941
[Epoch   6 (47.55s)]	ELBO: 544.708, -726.733, 808.621, 864.232, 883.972 (986.705)	Log prob: 544.710, -726.729, 808.627, 864.239, 883.980 (986.714)	KLD: 0.002, 0.003, 0.006, 0.007, 0.008 (0.009)	Grad: 2234.463, 44949653.906, 44967813.643, 44995721.594, 45067659.616
[Epoch   7 (51.62s)]	ELBO: 621.950, 833.197, 257.657, 902.840, 854.656 (979.641)	Log prob: 621.952, 833.202, 257.664, 902.849, 854.666 (979.653)	KLD: 0.002, 0.004, 0.007, 0.009, 0.011 (0.012)	Grad: 3182.039, 3911.558, 1393312.479, 1445441.260, 1544386.457
[Epoch   8 (56.00s)]	ELBO: 627.604, 865.659, 947.858, 928.453, 1003.417 (1075.283)	Log prob: 627.606, 865.664, 947.867, 928.465, 1003.431 (1075.294)	KLD: 0.002, 0.005, 0.008, 0.012, 0.015 (0.011)	Grad: 107298.483, 110570.311, 123085.899, 139408.887, 142788.601
[Epoch   9 (48.58s)]	ELBO: 750.697, 924.243, -2615.022, 1012.844, 915.810 (998.199)	Log prob: 750.705, 924.256, -2615.002, 1012.869, 915.840 (998.252)	KLD: 0.008, 0.013, 0.020, 0.025, 0.030 (0.052)	Grad: 219.338, 13015.695, 72742195.995, 72754716.634, 72775818.320
[Epoch  10 (51.32s)]	ELBO: 766.578, 886.852, 1027.635, 1006.009, 983.043 (1009.307)	Log prob: 766.597, 886.881, 1027.673, 1006.057, 983.100 (1009.361)	KLD: 0.019, 0.029, 0.037, 0.048, 0.057 (0.053)	Grad: 9841.280, 38689.541, 52887.281, 195126.911, 209554.364
[Epoch  11 (52.10s)]	ELBO: 834.535, 1002.887, 992.761, 1021.349, 1035.899 (1000.244)	Log prob: 834.553, 1002.916, 992.799, 1021.395, 1035.958 (1000.300)	KLD: 0.019, 0.029, 0.038, 0.047, 0.059 (0.056)	Grad: 237.586, 1717.377, 21705.099, 32263.068, 69174.338
[Epoch  12 (48.17s)]	ELBO: 859.016, 455.334, 885.526, 1048.765, 608.469 (1065.718)	Log prob: 859.039, 455.368, 885.567, 1048.816, 608.533 (1065.777)	KLD: 0.023, 0.034, 0.041, 0.052, 0.064 (0.059)	Grad: 1259.112, 6768971.263, 7023964.292, 7041221.551, 8336231.983
[Epoch  13 (58.38s)]	ELBO: 878.827, 1070.672, 1064.149, 1087.066, 959.661 (1151.435)	Log prob: 878.852, 1070.706, 1064.192, 1087.117, 959.725 (1151.507)	KLD: 0.025, 0.034, 0.043, 0.052, 0.063 (0.073)	Grad: 22209.285, 23805.940, 46777.981, 48968.515, 89437.531
[Epoch  14 (54.02s)]	ELBO: 919.101, 1092.692, 978.792, 1082.060, 1101.656 (1158.700)	Log prob: 919.123, 1092.725, 978.835, 1082.113, 1101.723 (1158.760)	KLD: 0.023, 0.033, 0.043, 0.054, 0.066 (0.060)	Grad: 2261.013, 8032.702, 65750.220, 73867.746, 74996.581
[Epoch  15 (49.04s)]	ELBO: 964.206, 1102.051, 1070.170, 953.553, 1059.509 (1165.658)	Log prob: 964.230, 1102.085, 1070.214, 953.606, 1059.573 (1165.724)	KLD: 0.024, 0.033, 0.044, 0.053, 0.064 (0.066)	Grad: 2919.161, 7866.854, 26197.477, 123414.824, 129259.489
[Epoch  16 (47.80s)]	ELBO: 973.423, 1024.357, 1082.241, 1088.389, 889.044 (1121.813)	Log prob: 973.449, 1024.390, 1082.284, 1088.444, 889.107 (1121.878)	KLD: 0.026, 0.034, 0.044, 0.055, 0.064 (0.066)	Grad: 10384.000, 261813.387, 269243.140, 291708.236, 556107.096
[Epoch  17 (47.86s)]	ELBO: 1019.586, 1113.776, 1082.176, 1103.679, 1027.400 (1122.655)	Log prob: 1019.613, 1113.812, 1082.225, 1103.737, 1027.466 (1122.720)	KLD: 0.027, 0.036, 0.050, 0.058, 0.065 (0.065)	Grad: 376.017, 10897.641, 71595.841, 81921.499, 93885.157
[Epoch  18 (47.76s)]	ELBO: 1035.201, 1112.819, 1160.166, 1149.854, 1061.012 (1158.350)	Log prob: 1035.227, 1112.855, 1160.213, 1149.910, 1061.075 (1158.410)	KLD: 0.026, 0.036, 0.047, 0.056, 0.063 (0.060)	Grad: 4336.520, 10435.377, 14718.298, 17479.058, 34729.702
[Epoch  19 (47.84s)]	ELBO: 1068.729, 930.673, 1175.498, 1117.451, 981.883 (1187.418)	Log prob: 1068.761, 930.717, 1175.553, 1117.517, 981.958 (1187.491)	KLD: 0.032, 0.044, 0.055, 0.066, 0.075 (0.073)	Grad: 243.925, 710884.694, 713262.929, 729661.535, 903700.918
[Epoch  20 (48.23s)]	ELBO: 1024.860, 1149.695, 1185.256, 1176.171, 1122.515 (1069.016)	Log prob: 1024.900, 1149.742, 1185.315, 1176.242, 1122.593 (1069.103)	KLD: 0.039, 0.048, 0.059, 0.071, 0.078 (0.087)	Grad: 58442.410, 67359.305, 69553.021, 72046.606, 76345.460
[Epoch  21 (46.09s)]	ELBO: 1102.326, 1067.596, 1184.933, 1124.606, 1112.708 (1098.950)	Log prob: 1102.362, 1067.645, 1184.989, 1124.674, 1112.785 (1099.038)	KLD: 0.037, 0.049, 0.056, 0.067, 0.077 (0.088)	Grad: 689.628, 103308.823, 120252.763, 134931.448, 141290.139
[Epoch  22 (45.40s)]	ELBO: 1122.489, 1110.888, 1157.890, 1197.644, 1093.649 (1178.190)	Log prob: 1122.524, 1110.932, 1157.947, 1197.711, 1093.727 (1178.260)	KLD: 0.035, 0.045, 0.057, 0.067, 0.078 (0.070)	Grad: 365.394, 24679.423, 30685.590, 32640.181, 60308.522
[Epoch  23 (45.77s)]	ELBO: 1139.576, 1086.793, 1142.026, 1127.228, 992.769 (1176.262)	Log prob: 1139.605, 1086.831, 1142.074, 1127.288, 992.836 (1176.312)	KLD: 0.028, 0.038, 0.047, 0.059, 0.067 (0.050)	Grad: 164.628, 175083.566, 243610.700, 259425.274, 1218701.314
[Epoch  24 (45.64s)]	ELBO: 1153.698, 1209.408, 1181.769, 1187.493, 1155.464 (1101.216)	Log prob: 1153.715, 1209.433, 1181.800, 1187.534, 1155.514 (1101.263)	KLD: 0.017, 0.025, 0.031, 0.040, 0.049 (0.047)	Grad: 332.462, 1651.475, 21792.133, 49979.038, 53940.988
[Epoch  25 (45.39s)]	ELBO: 1124.329, 1111.904, 1077.821, 1155.459, 1042.308 (1242.756)	Log prob: 1124.342, 1111.924, 1077.850, 1155.496, 1042.352 (1242.796)	KLD: 0.014, 0.021, 0.030, 0.037, 0.044 (0.040)	Grad: 75238.495, 143111.165, 386998.112, 430666.864, 668129.173
[Epoch  26 (44.40s)]	ELBO: 1182.991, 1235.658, 1237.776, 1161.850, 1141.854 (1184.896)	Log prob: 1183.004, 1235.678, 1237.805, 1161.885, 1141.898 (1184.938)	KLD: 0.012, 0.020, 0.029, 0.035, 0.042 (0.042)	Grad: 140.843, 659.807, 1735.607, 15746.024, 39549.658
[Epoch  27 (43.85s)]	ELBO: 1197.976, 1241.887, 1142.255, 1196.514, 1192.653 (1234.755)	Log prob: 1197.992, 1241.911, 1142.286, 1196.555, 1192.700 (1234.805)	KLD: 0.016, 0.023, 0.031, 0.040, 0.047 (0.050)	Grad: 272.531, 3011.575, 330158.414, 341623.498, 344340.747
[Epoch  28 (46.63s)]	ELBO: 1209.540, 1128.727, 1231.443, 1228.476, 1179.550 (1265.683)	Log prob: 1209.554, 1128.750, 1231.472, 1228.511, 1179.594 (1265.718)	KLD: 0.014, 0.023, 0.028, 0.036, 0.044 (0.035)	Grad: 133.614, 212136.763, 219736.311, 476028.730, 485331.006
[Epoch  29 (49.27s)]	ELBO: 1224.506, 1251.766, 1273.977, 1118.739, 1227.935 (1151.709)	Log prob: 1224.516, 1251.783, 1274.000, 1118.770, 1227.971 (1151.744)	KLD: 0.010, 0.017, 0.022, 0.031, 0.036 (0.035)	Grad: 169.860, 1279.015, 3071.663, 34415.904, 35333.215
[Epoch  30 (49.51s)]	ELBO: 1225.240, 1241.135, 1201.210, 1202.237, 1229.068 (1273.069)	Log prob: 1225.248, 1241.151, 1201.232, 1202.262, 1229.103 (1273.104)	KLD: 0.009, 0.016, 0.022, 0.027, 0.035 (0.036)	Grad: 664.225, 4195.219, 97334.408, 153199.026, 156029.584
[Epoch  31 (46.70s)]	ELBO: 1242.162, 1283.000, 1222.346, 1269.959, 1200.253 (1281.922)	Log prob: 1242.171, 1283.017, 1222.367, 1269.988, 1200.289 (1281.948)	KLD: 0.010, 0.017, 0.022, 0.028, 0.036 (0.025)	Grad: 913.563, 1146.068, 38299.848, 40675.970, 57494.423
[Epoch  32 (46.74s)]	ELBO: 1247.861, 1285.774, 1273.902, 1263.688, 1128.234 (1264.395)	Log prob: 1247.873, 1285.795, 1273.927, 1263.719, 1128.271 (1264.434)	KLD: 0.012, 0.021, 0.025, 0.032, 0.037 (0.039)	Grad: 2787.931, 3263.035, 7097.101, 8967.296, 107075.689
[Epoch  33 (45.61s)]	ELBO: 1256.306, 1289.178, 1295.743, 1274.474, 1271.927 (1280.693)	Log prob: 1256.317, 1289.198, 1295.771, 1274.509, 1271.971 (1280.734)	KLD: 0.012, 0.020, 0.028, 0.034, 0.043 (0.040)	Grad: 1356.963, 3980.569, 6979.177, 7847.422, 8203.898
[Epoch  34 (45.08s)]	ELBO: 1265.598, 1298.743, 1299.094, 1279.105, 1240.714 (1072.720)	Log prob: 1265.609, 1298.762, 1299.120, 1279.136, 1240.754 (1072.755)	KLD: 0.011, 0.019, 0.027, 0.031, 0.041 (0.035)	Grad: 467.855, 788.235, 1061.565, 1906.162, 4550.178
[Epoch  35 (53.68s)]	ELBO: 1276.244, 1306.576, 1297.281, 1293.838, 1081.082 (1298.026)	Log prob: 1276.268, 1306.611, 1297.323, 1293.891, 1081.146 (1298.131)	KLD: 0.024, 0.034, 0.043, 0.053, 0.064 (0.105)	Grad: 26.937, 328.270, 2158.597, 2382.918, 1038850.228
[Epoch  36 (54.03s)]	ELBO: 1266.474, 1304.249, 1294.919, 1292.707, 1272.060 (1232.352)	Log prob: 1266.513, 1304.304, 1294.988, 1292.791, 1272.160 (1232.459)	KLD: 0.039, 0.055, 0.070, 0.084, 0.101 (0.107)	Grad: 5327.974, 5781.586, 8073.455, 9091.412, 11549.021
[Epoch  37 (53.84s)]	ELBO: 1285.506, 1309.523, 1303.091, 1285.590, 1275.939 (1297.384)	Log prob: 1285.547, 1309.575, 1303.162, 1285.674, 1276.040 (1297.480)	KLD: 0.042, 0.053, 0.072, 0.084, 0.101 (0.096)	Grad: 231.250, 717.013, 1882.464, 3053.849, 4572.156
[Epoch  38 (52.27s)]	ELBO: 1281.399, 1311.977, 1305.434, 1287.935, 1276.891 (1301.399)	Log prob: 1281.444, 1312.043, 1305.509, 1288.029, 1277.002 (1301.501)	KLD: 0.046, 0.067, 0.074, 0.094, 0.111 (0.102)	Grad: 21727.244, 22380.633, 23274.574, 28398.319, 32634.578
[Epoch  39 (49.83s)]	ELBO: 1296.348, 1304.029, 1307.314, 1299.769, 1278.163 (1301.783)	Log prob: 1296.395, 1304.091, 1307.392, 1299.871, 1278.280 (1301.903)	KLD: 0.047, 0.061, 0.079, 0.101, 0.116 (0.120)	Grad: 84.772, 8285.481, 12642.552, 14051.953, 18340.250
[Epoch  40 (48.08s)]	ELBO: 1300.342, 1318.640, 1311.395, 1241.364, 1296.746 (1291.182)	Log prob: 1300.397, 1318.713, 1311.489, 1241.474, 1296.875 (1291.341)	KLD: 0.055, 0.074, 0.094, 0.111, 0.129 (0.159)	Grad: 146.595, 335.984, 702.289, 53659.672, 54472.025
[Epoch  41 (49.51s)]	ELBO: 1303.368, 1318.899, 1308.060, 1195.852, 1294.888 (1304.843)	Log prob: 1303.449, 1319.002, 1308.180, 1195.989, 1295.048 (1304.990)	KLD: 0.081, 0.103, 0.118, 0.137, 0.160 (0.147)	Grad: 504.118, 1314.748, 2239.832, 531722.762, 532291.607
[Epoch  42 (51.27s)]	ELBO: 1309.132, 1319.962, 1314.227, 1293.911, 1288.200 (1299.743)	Log prob: 1309.196, 1320.048, 1314.322, 1294.027, 1288.332 (1299.873)	KLD: 0.064, 0.086, 0.096, 0.117, 0.132 (0.130)	Grad: 35.609, 427.622, 738.134, 34043.314, 38215.236
[Epoch  43 (50.46s)]	ELBO: 1309.547, 1319.455, 1312.190, 1306.542, 1299.439 (797.287)	Log prob: 1309.601, 1319.526, 1312.277, 1306.644, 1299.561 (797.448)	KLD: 0.054, 0.071, 0.087, 0.101, 0.121 (0.161)	Grad: 216.041, 624.322, 1551.250, 34291.595, 37228.774
[Epoch  44 (49.96s)]	ELBO: 1313.643, 1321.370, 1317.010, 1308.830, 1295.812 (1313.737)	Log prob: 1313.724, 1321.470, 1317.126, 1308.967, 1295.965 (1313.892)	KLD: 0.080, 0.101, 0.117, 0.137, 0.153 (0.155)	Grad: 203.469, 636.945, 766.382, 3201.004, 5327.153
[Epoch  45 (51.63s)]	ELBO: 1316.866, 1318.976, 1318.561, 1229.567, 1227.389 (1314.349)	Log prob: 1316.954, 1319.092, 1318.689, 1229.718, 1227.566 (1314.519)	KLD: 0.088, 0.115, 0.130, 0.152, 0.176 (0.169)	Grad: 150.568, 2074.575, 2148.791, 134197.849, 1258060.817
[Epoch  46 (51.80s)]	ELBO: 1319.649, 1320.777, 1306.348, 1309.929, 1302.624 (1302.071)	Log prob: 1319.744, 1320.888, 1306.481, 1310.085, 1302.801 (1302.246)	KLD: 0.095, 0.111, 0.134, 0.155, 0.176 (0.175)	Grad: 11.968, 445.626, 6185.933, 7807.874, 8934.938
[Epoch  47 (50.59s)]	ELBO: 1319.904, 1322.781, 1318.689, 1312.188, 1280.793 (1316.086)	Log prob: 1320.002, 1322.900, 1318.829, 1312.348, 1280.973 (1316.271)	KLD: 0.097, 0.118, 0.140, 0.160, 0.179 (0.185)	Grad: 323.281, 1242.501, 2850.872, 3819.024, 10216.581
[Epoch  48 (53.38s)]	ELBO: 1321.677, 1082.607, 1320.425, 1315.140, 1286.904 (1241.338)	Log prob: 1321.856, 1082.818, 1320.674, 1315.422, 1287.221 (1241.871)	KLD: 0.179, 0.210, 0.248, 0.282, 0.317 (0.532)	Grad: 238.187, 11364872.288, 11365107.792, 11365343.303, 11372226.309
[Epoch  49 (53.48s)]	ELBO: 1323.568, 1270.788, 1313.390, 1317.338, 1296.118 (1312.535)	Log prob: 1323.892, 1271.183, 1313.850, 1317.864, 1296.718 (1313.250)	KLD: 0.324, 0.395, 0.460, 0.527, 0.600 (0.715)	Grad: 15.154, 322348.224, 326190.329, 326264.246, 333647.971
[Epoch  50 (52.50s)]	ELBO: 1323.125, 1320.983, 1321.002, 1300.386, 1294.167 (1309.786)	Log prob: 1323.506, 1321.450, 1321.551, 1301.016, 1294.889 (1310.536)	KLD: 0.380, 0.467, 0.550, 0.630, 0.722 (0.750)	Grad: 150.117, 1533.928, 2340.195, 10233.251, 35082.104
[Epoch  51 (53.61s)]	ELBO: 1323.876, 1314.168, 1322.277, 1318.298, 1290.840 (1301.460)	Log prob: 1324.268, 1314.653, 1322.857, 1318.962, 1291.596 (1302.263)	KLD: 0.391, 0.484, 0.578, 0.665, 0.756 (0.803)	Grad: 86.305, 3991.404, 4036.937, 4128.215, 36681.421
[Epoch  52 (52.90s)]	ELBO: 1325.609, 1323.203, 1304.349, 1314.520, 1312.755 (1296.822)	Log prob: 1326.019, 1323.717, 1304.960, 1315.223, 1313.563 (1297.663)	KLD: 0.410, 0.515, 0.612, 0.704, 0.809 (0.842)	Grad: 5.644, 319.514, 56105.591, 57302.482, 58718.873
[Epoch  53 (59.04s)]	ELBO: 1325.900, 1324.152, 1317.529, 1316.423, 1310.175 (1294.090)	Log prob: 1326.330, 1324.702, 1318.174, 1317.171, 1311.033 (1294.931)	KLD: 0.430, 0.550, 0.645, 0.748, 0.859 (0.842)	Grad: 8.232, 230.659, 2923.467, 3356.538, 11725.431
