Seed: 2020
=================================================================
Layer (type:depth-idx)                   Param #
=================================================================
VAE                                      --
├─Encoder: 1-1                           --
│    └─Linear: 2-1                       76,930
│    └─Linear: 2-2                       9,702
├─Decoder: 1-2                           --
│    └─Linear: 2-3                       9,702
│    └─Linear: 2-4                       77,616
=================================================================
Total params: 173,950
Trainable params: 173,950
Non-trainable params: 0
=================================================================
[Epoch   1 (8.32s)]	ELBO (bits/dim): 2.39627 (2.56446)	Reconstruction error (/dim): 0.08059 (0.06876)	KLD: 0.275, 0.110, 0.114, 0.349, 0.254, 0.148, 0.202, 0.148, 0.396, 0.161 (4.452)	Grad: 0.1
[Epoch   2 (8.29s)]	ELBO (bits/dim): 2.66927 (2.79000)	Reconstruction error (/dim): 0.06426 (0.05239)	KLD: 1.497, 0.371, 0.272, 1.181, 1.015, 0.322, 0.267, 0.738, 1.349, 0.230 (9.996)	Grad: 0.1
[Epoch   3 (9.05s)]	ELBO (bits/dim): 2.80170 (2.86462)	Reconstruction error (/dim): 0.05418 (0.04804)	KLD: 1.879, 0.601, 0.296, 1.711, 1.449, 0.663, 0.535, 1.289, 1.590, 0.774 (11.712)	Grad: 0.1
[Epoch   4 (8.86s)]	ELBO (bits/dim): 2.85806 (2.93128)	Reconstruction error (/dim): 0.04934 (0.04206)	KLD: 1.918, 0.473, 0.310, 1.838, 1.687, 0.913, 1.063, 1.453, 1.668, 0.933 (13.180)	Grad: 0.1
[Epoch   5 (8.16s)]	ELBO (bits/dim): 2.92843 (2.99360)	Reconstruction error (/dim): 0.04325 (0.03681)	KLD: 1.987, 0.599, 0.357, 2.045, 1.838, 1.239, 1.348, 1.670, 1.748, 1.305 (15.128)	Grad: 0.1
[Epoch   6 (8.17s)]	ELBO (bits/dim): 2.96926 (3.02245)	Reconstruction error (/dim): 0.03982 (0.03486)	KLD: 2.038, 0.960, 0.758, 2.111, 1.895, 1.338, 1.402, 1.680, 1.828, 1.400 (15.899)	Grad: 0.1
[Epoch   7 (7.93s)]	ELBO (bits/dim): 2.99361 (3.04247)	Reconstruction error (/dim): 0.03784 (0.03295)	KLD: 2.065, 1.039, 0.964, 2.136, 1.903, 1.390, 1.438, 1.744, 1.859, 1.440 (16.406)	Grad: 0.1
[Epoch   8 (8.13s)]	ELBO (bits/dim): 3.01360 (3.05815)	Reconstruction error (/dim): 0.03628 (0.03265)	KLD: 2.103, 1.084, 1.061, 2.158, 1.927, 1.416, 1.471, 1.770, 1.866, 1.463 (16.436)	Grad: 0.1
[Epoch   9 (8.02s)]	ELBO (bits/dim): 3.02904 (3.07243)	Reconstruction error (/dim): 0.03516 (0.03109)	KLD: 2.116, 1.121, 1.110, 2.147, 1.927, 1.429, 1.485, 1.798, 1.875, 1.490 (16.686)	Grad: 0.1
[Epoch  10 (8.14s)]	ELBO (bits/dim): 3.04147 (3.08376)	Reconstruction error (/dim): 0.03422 (0.03049)	KLD: 2.140, 1.143, 1.144, 2.145, 1.931, 1.450, 1.502, 1.804, 1.881, 1.500 (16.809)	Grad: 0.1
[Epoch  11 (8.01s)]	ELBO (bits/dim): 3.05069 (3.09186)	Reconstruction error (/dim): 0.03353 (0.02976)	KLD: 2.164, 1.159, 1.172, 2.150, 1.939, 1.460, 1.515, 1.817, 1.889, 1.517 (16.929)	Grad: 0.1
[Epoch  12 (8.02s)]	ELBO (bits/dim): 3.05944 (3.09701)	Reconstruction error (/dim): 0.03287 (0.02957)	KLD: 2.173, 1.174, 1.190, 2.156, 1.963, 1.477, 1.530, 1.833, 1.883, 1.541 (17.214)	Grad: 0.1
[Epoch  13 (7.95s)]	ELBO (bits/dim): 3.06667 (3.10456)	Reconstruction error (/dim): 0.03230 (0.02862)	KLD: 2.193, 1.181, 1.219, 2.157, 1.969, 1.484, 1.539, 1.832, 1.893, 1.550 (17.159)	Grad: 0.1
[Epoch  14 (8.07s)]	ELBO (bits/dim): 3.07297 (3.11184)	Reconstruction error (/dim): 0.03181 (0.02819)	KLD: 2.203, 1.190, 1.240, 2.174, 1.984, 1.494, 1.550, 1.843, 1.899, 1.563 (17.024)	Grad: 0.1
[Epoch  15 (8.03s)]	ELBO (bits/dim): 3.07921 (3.11736)	Reconstruction error (/dim): 0.03133 (0.02782)	KLD: 2.217, 1.199, 1.252, 2.184, 1.981, 1.497, 1.545, 1.839, 1.911, 1.575 (17.332)	Grad: 0.1
[Epoch  16 (8.09s)]	ELBO (bits/dim): 3.08422 (3.12129)	Reconstruction error (/dim): 0.03093 (0.02779)	KLD: 2.225, 1.216, 1.273, 2.186, 1.992, 1.515, 1.556, 1.846, 1.918, 1.586 (17.411)	Grad: 0.1
[Epoch  17 (7.97s)]	ELBO (bits/dim): 3.08869 (3.12720)	Reconstruction error (/dim): 0.03061 (0.02730)	KLD: 2.233, 1.223, 1.285, 2.186, 1.992, 1.520, 1.564, 1.851, 1.919, 1.598 (17.493)	Grad: 0.1
[Epoch  18 (8.09s)]	ELBO (bits/dim): 3.09308 (3.13121)	Reconstruction error (/dim): 0.03024 (0.02688)	KLD: 2.246, 1.234, 1.301, 2.195, 1.996, 1.535, 1.567, 1.865, 1.923, 1.605 (17.566)	Grad: 0.1
[Epoch  19 (8.14s)]	ELBO (bits/dim): 3.09646 (3.13521)	Reconstruction error (/dim): 0.02998 (0.02669)	KLD: 2.244, 1.242, 1.325, 2.203, 1.997, 1.536, 1.566, 1.872, 1.929, 1.617 (17.444)	Grad: 0.1
[Epoch  20 (8.08s)]	ELBO (bits/dim): 3.09965 (3.13487)	Reconstruction error (/dim): 0.02973 (0.02655)	KLD: 2.253, 1.251, 1.329, 2.206, 2.000, 1.544, 1.571, 1.873, 1.933, 1.622 (17.761)	Grad: 0.1
[Epoch  21 (8.09s)]	ELBO (bits/dim): 3.10239 (3.13820)	Reconstruction error (/dim): 0.02953 (0.02640)	KLD: 2.253, 1.256, 1.336, 2.211, 2.000, 1.553, 1.576, 1.879, 1.934, 1.627 (17.784)	Grad: 0.1
[Epoch  22 (8.08s)]	ELBO (bits/dim): 3.10493 (3.14240)	Reconstruction error (/dim): 0.02933 (0.02608)	KLD: 2.258, 1.259, 1.340, 2.216, 2.011, 1.553, 1.579, 1.891, 1.934, 1.639 (17.534)	Grad: 0.1
[Epoch  23 (8.12s)]	ELBO (bits/dim): 3.10718 (3.14437)	Reconstruction error (/dim): 0.02914 (0.02589)	KLD: 2.266, 1.267, 1.341, 2.213, 2.002, 1.560, 1.577, 1.885, 1.944, 1.648 (17.724)	Grad: 0.1
[Epoch  24 (8.07s)]	ELBO (bits/dim): 3.10929 (3.14516)	Reconstruction error (/dim): 0.02898 (0.02589)	KLD: 2.263, 1.275, 1.346, 2.217, 2.004, 1.568, 1.581, 1.900, 1.947, 1.642 (17.674)	Grad: 0.1
[Epoch  25 (8.03s)]	ELBO (bits/dim): 3.11103 (3.14563)	Reconstruction error (/dim): 0.02886 (0.02565)	KLD: 2.263, 1.275, 1.348, 2.221, 2.010, 1.563, 1.584, 1.904, 1.939, 1.651 (17.953)	Grad: 0.1
[Epoch  26 (8.13s)]	ELBO (bits/dim): 3.11278 (3.14858)	Reconstruction error (/dim): 0.02870 (0.02545)	KLD: 2.275, 1.282, 1.362, 2.226, 2.007, 1.569, 1.586, 1.910, 1.954, 1.659 (17.886)	Grad: 0.1
[Epoch  27 (8.11s)]	ELBO (bits/dim): 3.11438 (3.14989)	Reconstruction error (/dim): 0.02857 (0.02551)	KLD: 2.277, 1.286, 1.364, 2.229, 2.011, 1.574, 1.584, 1.915, 1.944, 1.653 (17.919)	Grad: 0.1
[Epoch  28 (8.23s)]	ELBO (bits/dim): 3.11620 (3.15086)	Reconstruction error (/dim): 0.02845 (0.02527)	KLD: 2.276, 1.288, 1.363, 2.229, 2.009, 1.578, 1.587, 1.918, 1.951, 1.663 (17.886)	Grad: 0.1
[Epoch  29 (8.15s)]	ELBO (bits/dim): 3.11742 (3.15314)	Reconstruction error (/dim): 0.02834 (0.02547)	KLD: 2.284, 1.290, 1.376, 2.231, 2.017, 1.582, 1.591, 1.922, 1.960, 1.668 (17.774)	Grad: 0.1
[Epoch  30 (8.08s)]	ELBO (bits/dim): 3.11895 (3.15448)	Reconstruction error (/dim): 0.02822 (0.02529)	KLD: 2.287, 1.293, 1.372, 2.237, 2.015, 1.582, 1.588, 1.928, 1.960, 1.671 (17.825)	Grad: 0.1
[Epoch  31 (8.13s)]	ELBO (bits/dim): 3.12011 (3.15331)	Reconstruction error (/dim): 0.02814 (0.02520)	KLD: 2.286, 1.296, 1.377, 2.239, 2.013, 1.587, 1.590, 1.931, 1.959, 1.679 (18.048)	Grad: 0.1
[Epoch  32 (8.01s)]	ELBO (bits/dim): 3.12155 (3.15711)	Reconstruction error (/dim): 0.02803 (0.02501)	KLD: 2.284, 1.297, 1.383, 2.237, 2.019, 1.584, 1.595, 1.931, 1.965, 1.673 (17.969)	Grad: 0.1
[Epoch  33 (8.06s)]	ELBO (bits/dim): 3.12248 (3.15689)	Reconstruction error (/dim): 0.02795 (0.02503)	KLD: 2.293, 1.302, 1.386, 2.235, 2.018, 1.590, 1.590, 1.929, 1.967, 1.670 (18.009)	Grad: 0.1
[Epoch  34 (8.02s)]	ELBO (bits/dim): 3.12394 (3.15876)	Reconstruction error (/dim): 0.02784 (0.02473)	KLD: 2.290, 1.297, 1.390, 2.246, 2.020, 1.594, 1.593, 1.936, 1.968, 1.685 (18.063)	Grad: 0.1
[Epoch  35 (8.00s)]	ELBO (bits/dim): 3.12503 (3.15861)	Reconstruction error (/dim): 0.02777 (0.02508)	KLD: 2.295, 1.308, 1.389, 2.243, 2.018, 1.590, 1.593, 1.943, 1.967, 1.689 (17.933)	Grad: 0.1
[Epoch  36 (8.01s)]	ELBO (bits/dim): 3.12589 (3.15912)	Reconstruction error (/dim): 0.02768 (0.02472)	KLD: 2.291, 1.308, 1.392, 2.239, 2.026, 1.595, 1.599, 1.940, 1.974, 1.681 (18.280)	Grad: 0.1
[Epoch  37 (8.12s)]	ELBO (bits/dim): 3.12661 (3.16144)	Reconstruction error (/dim): 0.02761 (0.02456)	KLD: 2.290, 1.306, 1.396, 2.244, 2.030, 1.597, 1.595, 1.949, 1.977, 1.693 (18.176)	Grad: 0.1
[Epoch  38 (8.09s)]	ELBO (bits/dim): 3.12805 (3.16159)	Reconstruction error (/dim): 0.02754 (0.02453)	KLD: 2.304, 1.304, 1.392, 2.245, 2.025, 1.596, 1.594, 1.945, 1.966, 1.693 (18.256)	Grad: 0.1
[Epoch  39 (7.94s)]	ELBO (bits/dim): 3.12831 (3.16408)	Reconstruction error (/dim): 0.02748 (0.02450)	KLD: 2.302, 1.313, 1.405, 2.246, 2.030, 1.602, 1.597, 1.954, 1.971, 1.703 (18.007)	Grad: 0.1
[Epoch  40 (8.17s)]	ELBO (bits/dim): 3.12948 (3.16357)	Reconstruction error (/dim): 0.02742 (0.02443)	KLD: 2.303, 1.310, 1.402, 2.249, 2.039, 1.602, 1.598, 1.953, 1.972, 1.703 (18.134)	Grad: 0.1
[Epoch  41 (8.00s)]	ELBO (bits/dim): 3.13020 (3.16748)	Reconstruction error (/dim): 0.02732 (0.02432)	KLD: 2.303, 1.312, 1.408, 2.251, 2.030, 1.605, 1.591, 1.960, 1.975, 1.705 (17.834)	Grad: 0.1
[Epoch  42 (8.09s)]	ELBO (bits/dim): 3.13121 (3.16604)	Reconstruction error (/dim): 0.02727 (0.02436)	KLD: 2.305, 1.310, 1.408, 2.248, 2.025, 1.606, 1.594, 1.957, 1.977, 1.708 (18.020)	Grad: 0.1
[Epoch  43 (8.50s)]	ELBO (bits/dim): 3.13153 (3.16260)	Reconstruction error (/dim): 0.02724 (0.02449)	KLD: 2.303, 1.311, 1.414, 2.251, 2.031, 1.612, 1.600, 1.962, 1.981, 1.713 (18.256)	Grad: 0.1
[Epoch  44 (8.07s)]	ELBO (bits/dim): 3.13218 (3.16553)	Reconstruction error (/dim): 0.02718 (0.02442)	KLD: 2.306, 1.316, 1.412, 2.255, 2.039, 1.622, 1.598, 1.961, 1.978, 1.707 (18.134)	Grad: 0.1
[Epoch  45 (8.42s)]	ELBO (bits/dim): 3.13314 (3.16450)	Reconstruction error (/dim): 0.02713 (0.02426)	KLD: 2.301, 1.313, 1.413, 2.252, 2.039, 1.615, 1.598, 1.969, 1.979, 1.713 (18.335)	Grad: 0.1
[Epoch  46 (8.37s)]	ELBO (bits/dim): 3.13367 (3.16774)	Reconstruction error (/dim): 0.02707 (0.02419)	KLD: 2.311, 1.318, 1.418, 2.250, 2.040, 1.624, 1.594, 1.965, 1.979, 1.714 (18.199)	Grad: 0.1
[Epoch  47 (8.34s)]	ELBO (bits/dim): 3.13425 (3.16920)	Reconstruction error (/dim): 0.02701 (0.02411)	KLD: 2.310, 1.319, 1.420, 2.252, 2.042, 1.627, 1.589, 1.970, 1.983, 1.724 (18.175)	Grad: 0.1
[Epoch  48 (8.21s)]	ELBO (bits/dim): 3.13546 (3.16963)	Reconstruction error (/dim): 0.02693 (0.02417)	KLD: 2.312, 1.320, 1.420, 2.254, 2.047, 1.623, 1.587, 1.979, 1.979, 1.717 (18.154)	Grad: 0.1
[Epoch  49 (8.10s)]	ELBO (bits/dim): 3.13607 (3.16901)	Reconstruction error (/dim): 0.02688 (0.02415)	KLD: 2.315, 1.321, 1.421, 2.258, 2.040, 1.625, 1.596, 1.969, 1.983, 1.724 (18.212)	Grad: 0.1
[Epoch  50 (8.10s)]	ELBO (bits/dim): 3.13617 (3.16958)	Reconstruction error (/dim): 0.02687 (0.02404)	KLD: 2.314, 1.325, 1.421, 2.259, 2.046, 1.624, 1.597, 1.964, 1.980, 1.721 (18.207)	Grad: 0.1
[Epoch  51 (8.11s)]	ELBO (bits/dim): 3.13696 (3.17042)	Reconstruction error (/dim): 0.02684 (0.02407)	KLD: 2.311, 1.321, 1.425, 2.264, 2.042, 1.633, 1.592, 1.974, 1.982, 1.720 (18.158)	Grad: 0.1
[Epoch  52 (8.19s)]	ELBO (bits/dim): 3.13741 (3.16830)	Reconstruction error (/dim): 0.02677 (0.02407)	KLD: 2.321, 1.327, 1.427, 2.258, 2.047, 1.631, 1.600, 1.987, 1.989, 1.722 (18.547)	Grad: 0.1
[Epoch  53 (8.16s)]	ELBO (bits/dim): 3.13814 (3.17265)	Reconstruction error (/dim): 0.02671 (0.02381)	KLD: 2.319, 1.330, 1.429, 2.261, 2.043, 1.631, 1.592, 1.981, 1.991, 1.725 (18.368)	Grad: 0.1
[Epoch  54 (8.07s)]	ELBO (bits/dim): 3.13865 (3.16929)	Reconstruction error (/dim): 0.02667 (0.02392)	KLD: 2.320, 1.332, 1.430, 2.267, 2.046, 1.631, 1.589, 1.978, 1.988, 1.731 (18.417)	Grad: 0.1
[Epoch  55 (8.38s)]	ELBO (bits/dim): 3.13909 (3.17307)	Reconstruction error (/dim): 0.02666 (0.02375)	KLD: 2.317, 1.326, 1.432, 2.261, 2.046, 1.630, 1.593, 1.978, 1.984, 1.726 (18.163)	Grad: 0.1
[Epoch  56 (8.20s)]	ELBO (bits/dim): 3.13957 (3.17331)	Reconstruction error (/dim): 0.02661 (0.02378)	KLD: 2.322, 1.330, 1.436, 2.259, 2.044, 1.640, 1.592, 1.982, 1.994, 1.731 (18.305)	Grad: 0.1
[Epoch  57 (8.08s)]	ELBO (bits/dim): 3.13975 (3.17309)	Reconstruction error (/dim): 0.02658 (0.02382)	KLD: 2.326, 1.328, 1.439, 2.263, 2.052, 1.643, 1.595, 1.986, 1.998, 1.732 (18.343)	Grad: 0.1
[Epoch  58 (9.19s)]	ELBO (bits/dim): 3.14050 (3.17310)	Reconstruction error (/dim): 0.02652 (0.02386)	KLD: 2.327, 1.332, 1.445, 2.265, 2.045, 1.647, 1.594, 1.992, 1.988, 1.738 (18.346)	Grad: 0.1
[Epoch  59 (8.18s)]	ELBO (bits/dim): 3.14093 (3.17253)	Reconstruction error (/dim): 0.02650 (0.02366)	KLD: 2.328, 1.326, 1.445, 2.269, 2.047, 1.645, 1.598, 1.987, 1.994, 1.740 (18.553)	Grad: 0.1
[Epoch  60 (8.16s)]	ELBO (bits/dim): 3.14140 (3.17356)	Reconstruction error (/dim): 0.02645 (0.02378)	KLD: 2.331, 1.336, 1.445, 2.266, 2.050, 1.635, 1.590, 1.992, 1.994, 1.733 (18.286)	Grad: 0.1
[Epoch  61 (8.04s)]	ELBO (bits/dim): 3.14186 (3.17644)	Reconstruction error (/dim): 0.02644 (0.02367)	KLD: 2.329, 1.335, 1.447, 2.271, 2.059, 1.641, 1.591, 1.986, 2.000, 1.736 (18.095)	Grad: 0.1
[Epoch  62 (8.09s)]	ELBO (bits/dim): 3.14174 (3.17462)	Reconstruction error (/dim): 0.02642 (0.02371)	KLD: 2.323, 1.337, 1.452, 2.272, 2.057, 1.642, 1.587, 2.003, 1.999, 1.742 (18.367)	Grad: 0.1
[Epoch  63 (7.41s)]	ELBO (bits/dim): 3.14262 (3.17246)	Reconstruction error (/dim): 0.02636 (0.02375)	KLD: 2.330, 1.339, 1.448, 2.275, 2.051, 1.648, 1.591, 1.992, 1.992, 1.744 (18.459)	Grad: 0.1
[Epoch  64 (6.75s)]	ELBO (bits/dim): 3.14288 (3.17518)	Reconstruction error (/dim): 0.02635 (0.02361)	KLD: 2.335, 1.338, 1.446, 2.270, 2.058, 1.648, 1.592, 1.995, 1.994, 1.749 (18.242)	Grad: 0.1
[Epoch  65 (6.68s)]	ELBO (bits/dim): 3.14305 (3.17406)	Reconstruction error (/dim): 0.02632 (0.02366)	KLD: 2.330, 1.336, 1.450, 2.266, 2.057, 1.654, 1.594, 2.003, 2.001, 1.750 (18.429)	Grad: 0.1
[Epoch  66 (6.79s)]	ELBO (bits/dim): 3.14387 (3.17562)	Reconstruction error (/dim): 0.02628 (0.02347)	KLD: 2.331, 1.346, 1.449, 2.270, 2.060, 1.640, 1.590, 2.002, 1.995, 1.744 (18.590)	Grad: 0.1
[Epoch  67 (6.76s)]	ELBO (bits/dim): 3.14393 (3.17886)	Reconstruction error (/dim): 0.02625 (0.02344)	KLD: 2.333, 1.348, 1.456, 2.277, 2.060, 1.653, 1.590, 1.997, 2.002, 1.758 (18.321)	Grad: 0.1
[Epoch  68 (6.76s)]	ELBO (bits/dim): 3.14410 (3.17582)	Reconstruction error (/dim): 0.02625 (0.02346)	KLD: 2.334, 1.340, 1.453, 2.264, 2.064, 1.658, 1.588, 2.000, 1.994, 1.752 (18.585)	Grad: 0.1
[Epoch  69 (6.74s)]	ELBO (bits/dim): 3.14468 (3.17657)	Reconstruction error (/dim): 0.02622 (0.02354)	KLD: 2.337, 1.344, 1.456, 2.276, 2.067, 1.650, 1.591, 1.998, 1.992, 1.744 (18.459)	Grad: 0.1
[Epoch  70 (6.79s)]	ELBO (bits/dim): 3.14514 (3.17855)	Reconstruction error (/dim): 0.02617 (0.02337)	KLD: 2.335, 1.349, 1.454, 2.279, 2.062, 1.660, 1.591, 1.998, 1.997, 1.750 (18.377)	Grad: 0.1
[Epoch  71 (6.70s)]	ELBO (bits/dim): 3.14533 (3.17609)	Reconstruction error (/dim): 0.02616 (0.02331)	KLD: 2.327, 1.340, 1.462, 2.282, 2.052, 1.656, 1.590, 2.004, 2.001, 1.755 (18.597)	Grad: 0.1
[Epoch  72 (6.72s)]	ELBO (bits/dim): 3.14565 (3.17710)	Reconstruction error (/dim): 0.02614 (0.02355)	KLD: 2.337, 1.343, 1.464, 2.280, 2.062, 1.660, 1.586, 2.010, 2.002, 1.754 (18.420)	Grad: 0.1
[Epoch  73 (6.73s)]	ELBO (bits/dim): 3.14633 (3.17895)	Reconstruction error (/dim): 0.02607 (0.02326)	KLD: 2.335, 1.352, 1.464, 2.278, 2.063, 1.656, 1.586, 2.003, 2.008, 1.752 (18.461)	Grad: 0.1
[Epoch  74 (6.62s)]	ELBO (bits/dim): 3.14647 (3.18119)	Reconstruction error (/dim): 0.02606 (0.02340)	KLD: 2.335, 1.344, 1.461, 2.282, 2.061, 1.660, 1.582, 2.008, 2.010, 1.754 (18.250)	Grad: 0.1
[Epoch  75 (6.70s)]	ELBO (bits/dim): 3.14657 (3.17821)	Reconstruction error (/dim): 0.02607 (0.02325)	KLD: 2.333, 1.351, 1.466, 2.275, 2.064, 1.665, 1.592, 1.998, 2.003, 1.755 (18.609)	Grad: 0.1
[Epoch  76 (6.66s)]	ELBO (bits/dim): 3.14739 (3.17870)	Reconstruction error (/dim): 0.02602 (0.02353)	KLD: 2.340, 1.340, 1.460, 2.279, 2.068, 1.657, 1.581, 2.003, 2.005, 1.759 (18.301)	Grad: 0.1
[Epoch  77 (6.62s)]	ELBO (bits/dim): 3.14737 (3.17687)	Reconstruction error (/dim): 0.02600 (0.02344)	KLD: 2.342, 1.348, 1.470, 2.281, 2.059, 1.661, 1.587, 2.012, 2.006, 1.760 (18.822)	Grad: 0.1
[Epoch  78 (6.66s)]	ELBO (bits/dim): 3.14766 (3.18015)	Reconstruction error (/dim): 0.02597 (0.02332)	KLD: 2.339, 1.352, 1.464, 2.284, 2.071, 1.664, 1.589, 2.005, 2.009, 1.769 (18.326)	Grad: 0.1
[Epoch  79 (6.73s)]	ELBO (bits/dim): 3.14794 (3.17556)	Reconstruction error (/dim): 0.02598 (0.02355)	KLD: 2.336, 1.339, 1.468, 2.287, 2.063, 1.657, 1.583, 2.008, 2.006, 1.765 (18.773)	Grad: 0.1
[Epoch  80 (6.91s)]	ELBO (bits/dim): 3.14870 (3.18244)	Reconstruction error (/dim): 0.02590 (0.02324)	KLD: 2.336, 1.352, 1.463, 2.289, 2.072, 1.670, 1.583, 2.008, 2.007, 1.766 (18.334)	Grad: 0.1
[Epoch  81 (6.64s)]	ELBO (bits/dim): 3.14861 (3.17684)	Reconstruction error (/dim): 0.02591 (0.02329)	KLD: 2.333, 1.353, 1.467, 2.286, 2.071, 1.667, 1.587, 2.003, 2.004, 1.770 (18.759)	Grad: 0.1
[Epoch  82 (6.74s)]	ELBO (bits/dim): 3.14899 (3.17990)	Reconstruction error (/dim): 0.02587 (0.02338)	KLD: 2.340, 1.351, 1.465, 2.278, 2.067, 1.669, 1.580, 2.017, 2.017, 1.767 (18.612)	Grad: 0.1
[Epoch  83 (6.67s)]	ELBO (bits/dim): 3.14904 (3.17801)	Reconstruction error (/dim): 0.02586 (0.02315)	KLD: 2.337, 1.355, 1.469, 2.287, 2.074, 1.672, 1.578, 2.009, 2.014, 1.766 (18.849)	Grad: 0.1
[Epoch  84 (6.62s)]	ELBO (bits/dim): 3.14949 (3.18215)	Reconstruction error (/dim): 0.02583 (0.02313)	KLD: 2.340, 1.356, 1.471, 2.284, 2.071, 1.674, 1.586, 2.010, 2.010, 1.767 (18.437)	Grad: 0.1
[Epoch  85 (6.66s)]	ELBO (bits/dim): 3.15016 (3.18161)	Reconstruction error (/dim): 0.02579 (0.02309)	KLD: 2.337, 1.352, 1.468, 2.277, 2.066, 1.672, 1.577, 2.012, 2.010, 1.769 (18.594)	Grad: 0.1
[Epoch  86 (6.74s)]	ELBO (bits/dim): 3.14995 (3.18152)	Reconstruction error (/dim): 0.02579 (0.02332)	KLD: 2.349, 1.353, 1.472, 2.291, 2.069, 1.673, 1.585, 2.014, 2.016, 1.769 (18.427)	Grad: 0.1
[Epoch  87 (6.65s)]	ELBO (bits/dim): 3.15071 (3.18303)	Reconstruction error (/dim): 0.02573 (0.02298)	KLD: 2.339, 1.360, 1.474, 2.286, 2.069, 1.675, 1.581, 2.011, 2.011, 1.770 (18.450)	Grad: 0.1
[Epoch  88 (6.73s)]	ELBO (bits/dim): 3.15048 (3.17799)	Reconstruction error (/dim): 0.02572 (0.02343)	KLD: 2.346, 1.356, 1.478, 2.285, 2.077, 1.676, 1.586, 2.015, 2.017, 1.777 (18.713)	Grad: 0.1
[Epoch  89 (6.78s)]	ELBO (bits/dim): 3.15087 (3.18140)	Reconstruction error (/dim): 0.02572 (0.02313)	KLD: 2.349, 1.355, 1.473, 2.285, 2.081, 1.673, 1.579, 2.009, 2.017, 1.774 (18.697)	Grad: 0.1
[Epoch  90 (6.87s)]	ELBO (bits/dim): 3.15108 (3.18187)	Reconstruction error (/dim): 0.02571 (0.02305)	KLD: 2.344, 1.354, 1.477, 2.291, 2.078, 1.671, 1.581, 2.016, 2.019, 1.778 (18.716)	Grad: 0.1
[Epoch  91 (6.84s)]	ELBO (bits/dim): 3.15177 (3.18551)	Reconstruction error (/dim): 0.02566 (0.02293)	KLD: 2.344, 1.357, 1.477, 2.290, 2.072, 1.675, 1.572, 2.018, 2.017, 1.776 (18.368)	Grad: 0.1
[Epoch  92 (6.74s)]	ELBO (bits/dim): 3.15140 (3.18349)	Reconstruction error (/dim): 0.02569 (0.02298)	KLD: 2.345, 1.358, 1.481, 2.292, 2.071, 1.681, 1.582, 2.014, 2.016, 1.774 (18.561)	Grad: 0.1
[Epoch  93 (6.91s)]	ELBO (bits/dim): 3.15204 (3.18224)	Reconstruction error (/dim): 0.02564 (0.02319)	KLD: 2.347, 1.359, 1.477, 2.288, 2.073, 1.678, 1.577, 2.012, 2.012, 1.780 (18.558)	Grad: 0.1
[Epoch  94 (6.67s)]	ELBO (bits/dim): 3.15206 (3.18396)	Reconstruction error (/dim): 0.02563 (0.02298)	KLD: 2.352, 1.362, 1.474, 2.296, 2.080, 1.679, 1.581, 2.024, 2.018, 1.777 (18.660)	Grad: 0.1
[Epoch  95 (6.71s)]	ELBO (bits/dim): 3.15240 (3.18115)	Reconstruction error (/dim): 0.02560 (0.02318)	KLD: 2.344, 1.358, 1.480, 2.293, 2.078, 1.683, 1.585, 2.015, 2.024, 1.779 (18.813)	Grad: 0.1
[Epoch  96 (6.64s)]	ELBO (bits/dim): 3.15249 (3.18601)	Reconstruction error (/dim): 0.02559 (0.02296)	KLD: 2.347, 1.364, 1.474, 2.302, 2.080, 1.679, 1.578, 2.023, 2.019, 1.779 (18.325)	Grad: 0.1
[Epoch  97 (6.62s)]	ELBO (bits/dim): 3.15321 (3.18318)	Reconstruction error (/dim): 0.02556 (0.02301)	KLD: 2.347, 1.359, 1.480, 2.294, 2.074, 1.682, 1.576, 2.026, 2.013, 1.777 (18.567)	Grad: 0.1
[Epoch  98 (6.58s)]	ELBO (bits/dim): 3.15342 (3.18519)	Reconstruction error (/dim): 0.02555 (0.02301)	KLD: 2.347, 1.360, 1.477, 2.290, 2.067, 1.680, 1.581, 2.025, 2.019, 1.779 (18.476)	Grad: 0.1
[Epoch  99 (6.57s)]	ELBO (bits/dim): 3.15336 (3.18453)	Reconstruction error (/dim): 0.02554 (0.02288)	KLD: 2.345, 1.366, 1.474, 2.299, 2.079, 1.681, 1.579, 2.026, 2.015, 1.787 (18.560)	Grad: 0.1
[Epoch 100 (6.64s)]	ELBO (bits/dim): 3.15377 (3.18219)	Reconstruction error (/dim): 0.02549 (0.02312)	KLD: 2.347, 1.366, 1.487, 2.301, 2.078, 1.687, 1.577, 2.022, 2.026, 1.786 (18.863)	Grad: 0.1
Best epoch(s): [96]	Training time(s): 761.96s (761.96s)	Best ELBO (bits/dim): 3.15377 (3.18601)	Best reconstruction error (/dim): 0.08059 (0.06876)
Avg. mu: -0.051, 0.041, -0.022, -0.016, -0.033, 0.058, 0.131, -0.064, -0.075, 0.026
Avg. var: 0.017, 0.078, 0.065, 0.015, 0.022, 0.039, 0.045, 0.022, 0.024, 0.037
Max. mu: 3.142, 3.929, 3.222, 3.498, 3.879, 3.284, 3.542, 3.119, 3.593, 3.516
Max. var: 0.120, 0.399, 0.417, 0.083, 0.102, 0.144, 0.155, 0.116, 0.145, 0.133
Min. mu: -3.370, -4.023, -4.140, -3.470, -3.160, -4.016, -3.160, -4.068, -3.018, -3.356
Min. var: 0.003, 0.016, 0.010, 0.003, 0.005, 0.011, 0.013, 0.003, 0.004, 0.008
Cov. mu:
[[1.243 0.022 -0.023 0.208 -0.050 -0.210 0.082 -0.092 -0.112 0.092]
 [0.022 0.869 0.014 -0.100 0.045 -0.032 0.012 -0.099 0.101 -0.050]
 [-0.023 0.014 0.931 -0.049 -0.000 0.088 0.013 -0.003 0.081 -0.134]
 [0.208 -0.100 -0.049 1.220 0.017 -0.057 -0.068 -0.184 -0.221 0.046]
 [-0.050 0.045 -0.000 0.017 1.013 0.018 0.039 0.208 -0.153 -0.023]
 [-0.210 -0.032 0.088 -0.057 0.018 0.958 0.022 0.112 0.089 0.011]
 [0.082 0.012 0.013 -0.068 0.039 0.022 0.928 0.058 -0.022 0.088]
 [-0.092 -0.099 -0.003 -0.184 0.208 0.112 0.058 1.073 -0.150 0.125]
 [-0.112 0.101 0.081 -0.221 -0.153 0.089 -0.022 -0.150 1.124 0.096]
 [0.092 -0.050 -0.134 0.046 -0.023 0.011 0.088 0.125 0.096 1.112]]
