Seed: 2022
=================================================================
Layer (type:depth-idx)                   Param #
=================================================================
RNN                                      --
├─Canvas: 1-1                            --
│    └─Linear: 2-1                       784
├─Encoder: 1-2                           --
│    └─Linear: 2-2                       76,930
│    └─Linear: 2-3                       9,702
├─ModuleList: 1-3                        --
│    └─EncoderToLatents: 2-4             --
│    │    └─Linear: 3-1                  99
│    │    └─Linear: 3-2                  99
│    └─EncoderToLatents: 2-5             --
│    │    └─Linear: 3-3                  99
│    │    └─Linear: 3-4                  99
│    └─EncoderToLatents: 2-6             --
│    │    └─Linear: 3-5                  99
│    │    └─Linear: 3-6                  99
│    └─EncoderToLatents: 2-7             --
│    │    └─Linear: 3-7                  99
│    │    └─Linear: 3-8                  99
│    └─EncoderToLatents: 2-8             --
│    │    └─Linear: 3-9                  99
│    │    └─Linear: 3-10                 99
│    └─EncoderToLatents: 2-9             --
│    │    └─Linear: 3-11                 99
│    │    └─Linear: 3-12                 99
│    └─EncoderToLatents: 2-10            --
│    │    └─Linear: 3-13                 99
│    │    └─Linear: 3-14                 99
│    └─EncoderToLatents: 2-11            --
│    │    └─Linear: 3-15                 99
│    │    └─Linear: 3-16                 99
│    └─EncoderToLatents: 2-12            --
│    │    └─Linear: 3-17                 99
│    │    └─Linear: 3-18                 99
│    └─EncoderToLatents: 2-13            --
│    │    └─Linear: 3-19                 99
│    │    └─Linear: 3-20                 99
├─ModuleList: 1-4                        --
│    └─LatentsToDecoder: 2-14            --
│    │    └─Linear: 3-21                 196
│    └─LatentsToDecoder: 2-15            --
│    │    └─Linear: 3-22                 196
│    └─LatentsToDecoder: 2-16            --
│    │    └─Linear: 3-23                 196
│    └─LatentsToDecoder: 2-17            --
│    │    └─Linear: 3-24                 196
│    └─LatentsToDecoder: 2-18            --
│    │    └─Linear: 3-25                 196
│    └─LatentsToDecoder: 2-19            --
│    │    └─Linear: 3-26                 196
│    └─LatentsToDecoder: 2-20            --
│    │    └─Linear: 3-27                 196
│    └─LatentsToDecoder: 2-21            --
│    │    └─Linear: 3-28                 196
│    └─LatentsToDecoder: 2-22            --
│    │    └─Linear: 3-29                 196
│    └─LatentsToDecoder: 2-23            --
│    │    └─Linear: 3-30                 196
├─Decoder: 1-5                           --
│    └─Linear: 2-24                      9,702
│    └─Linear: 2-25                      77,616
=================================================================
Total params: 178,674
Trainable params: 178,674
Non-trainable params: 0
=================================================================
[Epoch   1 (30.07s)]	ELBO (bits/dim): 2.22471, 2.36930, 2.39816, 2.42002, 2.42751, 2.42992, 2.42965, 2.42719, 2.42155, 2.41227 (2.64978)	Reconstruction error (/dim): 0.08100, 0.07631, 0.07618, 0.07627, 0.07671, 0.07749, 0.07781, 0.07822, 0.07889, 0.07965 (0.06574)	KLD: 8.336, 3.278, 0.384, 1.038, 0.480, 0.488, 0.319, 0.456, 0.377, 0.450 (13.163)	Grad: 1027.9
[Epoch   2 (28.90s)]	ELBO (bits/dim): 2.49059, 2.62061, 2.69631, 2.74242, 2.74893, 2.75128, 2.75281, 2.75233, 2.75166, 2.74973 (2.86809)	Reconstruction error (/dim): 0.07745, 0.07061, 0.06520, 0.06182, 0.06122, 0.06105, 0.06074, 0.06077, 0.06096, 0.06123 (0.05290)	KLD: 4.218, 3.683, 2.890, 2.012, 0.886, 0.787, 0.399, 0.388, 0.177, 0.312 (17.635)	Grad: 1001.3
[Epoch   3 (29.93s)]	ELBO (bits/dim): 2.53681, 2.65522, 2.75978, 2.85760, 2.89600, 2.92395, 2.92853, 2.92908, 2.92849, 2.92768 (2.98702)	Reconstruction error (/dim): 0.07381, 0.06848, 0.06247, 0.05540, 0.05154, 0.04813, 0.04792, 0.04794, 0.04811, 0.04828 (0.04400)	KLD: 3.574, 3.441, 3.328, 2.996, 1.920, 1.564, 0.916, 0.323, 0.318, 0.183 (18.400)	Grad: 1266.8
[Epoch   4 (29.79s)]	ELBO (bits/dim): 2.56383, 2.67756, 2.78529, 2.89767, 2.94575, 2.98761, 2.99465, 2.99510, 2.99482, 2.99441 (3.03304)	Reconstruction error (/dim): 0.07262, 0.06712, 0.06129, 0.05290, 0.04822, 0.04372, 0.04311, 0.04313, 0.04323, 0.04335 (0.04007)	KLD: 3.323, 3.326, 3.087, 3.088, 2.095, 1.949, 1.051, 0.205, 0.118, 0.133 (19.332)	Grad: 1340.6
[Epoch   5 (28.95s)]	ELBO (bits/dim): 2.57934, 2.69509, 2.80092, 2.92071, 2.97232, 3.01575, 3.03215, 3.04023, 3.04013, 3.03982 (3.06996)	Reconstruction error (/dim): 0.07217, 0.06586, 0.06016, 0.05107, 0.04622, 0.04188, 0.04032, 0.03954, 0.03963, 0.03975 (0.03741)	KLD: 3.297, 3.241, 3.028, 3.004, 2.139, 2.015, 1.531, 1.015, 0.111, 0.125 (20.085)	Grad: 1377.4
[Epoch   6 (28.33s)]	ELBO (bits/dim): 2.59228, 2.70837, 2.81176, 2.93454, 2.98839, 3.03251, 3.05069, 3.06701, 3.06694, 3.06674 (3.08959)	Reconstruction error (/dim): 0.07145, 0.06499, 0.05940, 0.05000, 0.04511, 0.04083, 0.03907, 0.03755, 0.03763, 0.03771 (0.03598)	KLD: 3.383, 3.222, 3.027, 2.938, 2.169, 2.024, 1.574, 1.475, 0.116, 0.129 (20.409)	Grad: 1394.3
[Epoch   7 (28.72s)]	ELBO (bits/dim): 2.59908, 2.71781, 2.82061, 2.94452, 3.00005, 3.04411, 3.06358, 3.08195, 3.08197, 3.08191 (3.10050)	Reconstruction error (/dim): 0.07087, 0.06432, 0.05870, 0.04924, 0.04429, 0.04008, 0.03819, 0.03652, 0.03656, 0.03661 (0.03503)	KLD: 3.413, 3.193, 3.015, 2.899, 2.193, 2.019, 1.598, 1.546, 0.096, 0.173 (19.896)	Grad: 1526.8
[Epoch   8 (28.46s)]	ELBO (bits/dim): 2.60412, 2.72568, 2.82885, 2.95292, 3.01038, 3.05412, 3.07489, 3.09340, 3.09335, 3.09410 (3.11520)	Reconstruction error (/dim): 0.07046, 0.06368, 0.05793, 0.04860, 0.04351, 0.03940, 0.03740, 0.03573, 0.03576, 0.03572 (0.03433)	KLD: 3.433, 3.180, 3.020, 2.881, 2.218, 2.016, 1.613, 1.567, 0.103, 0.324 (20.369)	Grad: 1456.1
[Epoch   9 (29.27s)]	ELBO (bits/dim): 2.60777, 2.73214, 2.83685, 2.96096, 3.01948, 3.06316, 3.08539, 3.10359, 3.10383, 3.10587 (3.12559)	Reconstruction error (/dim): 0.07037, 0.06315, 0.05713, 0.04796, 0.04281, 0.03875, 0.03666, 0.03502, 0.03502, 0.03486 (0.03331)	KLD: 3.443, 3.186, 3.022, 2.881, 2.242, 2.022, 1.637, 1.571, 0.157, 0.625 (21.037)	Grad: 1420.5
[Epoch  10 (28.72s)]	ELBO (bits/dim): 2.61041, 2.73732, 2.84427, 2.96719, 3.02651, 3.07053, 3.09407, 3.11242, 3.11330, 3.11700 (3.13382)	Reconstruction error (/dim): 0.07039, 0.06266, 0.05633, 0.04745, 0.04229, 0.03826, 0.03607, 0.03441, 0.03432, 0.03403 (0.03263)	KLD: 3.445, 3.194, 3.035, 2.876, 2.261, 2.021, 1.676, 1.574, 0.326, 0.888 (21.750)	Grad: 1532.4
[Epoch  11 (28.59s)]	ELBO (bits/dim): 2.61299, 2.74263, 2.85134, 2.97319, 3.03334, 3.07724, 3.10215, 3.12059, 3.12301, 3.12681 (3.14310)	Reconstruction error (/dim): 0.07029, 0.06211, 0.05565, 0.04694, 0.04177, 0.03779, 0.03551, 0.03383, 0.03356, 0.03329 (0.03221)	KLD: 3.464, 3.207, 3.048, 2.873, 2.268, 2.025, 1.716, 1.567, 0.607, 0.964 (22.379)	Grad: 1566.5
[Epoch  12 (28.69s)]	ELBO (bits/dim): 2.61525, 2.74751, 2.85733, 2.97830, 3.03884, 3.08287, 3.10886, 3.12776, 3.13214, 3.13497 (3.15234)	Reconstruction error (/dim): 0.07018, 0.06174, 0.05518, 0.04654, 0.04136, 0.03742, 0.03505, 0.03332, 0.03286, 0.03267 (0.03163)	KLD: 3.474, 3.229, 3.055, 2.879, 2.282, 2.027, 1.756, 1.575, 0.861, 0.916 (21.604)	Grad: 1554.4
[Epoch  13 (28.83s)]	ELBO (bits/dim): 2.61747, 2.75151, 2.86204, 2.98257, 3.04401, 3.08814, 3.11470, 3.13380, 3.13976, 3.14248 (3.15778)	Reconstruction error (/dim): 0.06994, 0.06142, 0.05477, 0.04619, 0.04098, 0.03707, 0.03463, 0.03288, 0.03228, 0.03210 (0.03087)	KLD: 3.493, 3.255, 3.050, 2.879, 2.294, 2.026, 1.780, 1.590, 1.021, 0.863 (22.264)	Grad: 1522.1
[Epoch  14 (32.19s)]	ELBO (bits/dim): 2.61950, 2.75564, 2.86637, 2.98667, 3.04877, 3.09292, 3.11954, 3.13885, 3.14572, 3.14874 (3.16265)	Reconstruction error (/dim): 0.06971, 0.06109, 0.05438, 0.04586, 0.04062, 0.03674, 0.03431, 0.03255, 0.03187, 0.03164 (0.03089)	KLD: 3.500, 3.274, 3.061, 2.876, 2.310, 2.027, 1.791, 1.590, 1.132, 0.855 (22.002)	Grad: 1496.6
[Epoch  15 (29.50s)]	ELBO (bits/dim): 2.62151, 2.75975, 2.87051, 2.99002, 3.05297, 3.09717, 3.12382, 3.14326, 3.15091, 3.15452 (3.16629)	Reconstruction error (/dim): 0.06952, 0.06084, 0.05401, 0.04560, 0.04031, 0.03647, 0.03402, 0.03227, 0.03152, 0.03121 (0.03046)	KLD: 3.522, 3.286, 3.058, 2.873, 2.313, 2.030, 1.792, 1.597, 1.185, 0.878 (22.632)	Grad: 1509.5
[Epoch  16 (28.86s)]	ELBO (bits/dim): 2.62308, 2.76337, 2.87425, 2.99309, 3.05670, 3.10081, 3.12752, 3.14705, 3.15500, 3.15907 (3.17441)	Reconstruction error (/dim): 0.06930, 0.06055, 0.05370, 0.04533, 0.04004, 0.03623, 0.03378, 0.03201, 0.03125, 0.03087 (0.02968)	KLD: 3.531, 3.307, 3.060, 2.872, 2.325, 2.027, 1.793, 1.596, 1.217, 0.911 (22.011)	Grad: 1612.9
[Epoch  17 (28.31s)]	ELBO (bits/dim): 2.62481, 2.76726, 2.87796, 2.99622, 3.06027, 3.10455, 3.13127, 3.15072, 3.15893, 3.16333 (3.17725)	Reconstruction error (/dim): 0.06918, 0.06026, 0.05338, 0.04508, 0.03979, 0.03596, 0.03354, 0.03177, 0.03098, 0.03058 (0.02966)	KLD: 3.545, 3.314, 3.058, 2.881, 2.339, 2.029, 1.795, 1.596, 1.238, 0.936 (22.614)	Grad: 1496.4
[Epoch  18 (28.16s)]	ELBO (bits/dim): 2.62637, 2.77041, 2.88174, 2.99895, 3.06364, 3.10791, 3.13463, 3.15407, 3.16247, 3.16723 (3.17898)	Reconstruction error (/dim): 0.06904, 0.06005, 0.05305, 0.04483, 0.03954, 0.03574, 0.03332, 0.03156, 0.03076, 0.03032 (0.02947)	KLD: 3.551, 3.328, 3.059, 2.878, 2.345, 2.026, 1.798, 1.589, 1.240, 0.967 (22.222)	Grad: 1560.4
[Epoch  19 (28.33s)]	ELBO (bits/dim): 2.62781, 2.77327, 2.88492, 3.00188, 3.06676, 3.11114, 3.13789, 3.15701, 3.16547, 3.17053 (3.18060)	Reconstruction error (/dim): 0.06898, 0.05983, 0.05280, 0.04457, 0.03930, 0.03551, 0.03308, 0.03137, 0.03055, 0.03007 (0.02936)	KLD: 3.566, 3.332, 3.065, 2.877, 2.348, 2.024, 1.797, 1.588, 1.243, 0.987 (23.178)	Grad: 1474.8
[Epoch  20 (28.27s)]	ELBO (bits/dim): 2.62897, 2.77584, 2.88769, 3.00384, 3.06883, 3.11315, 3.14003, 3.15900, 3.16751, 3.17289 (3.18500)	Reconstruction error (/dim): 0.06887, 0.05963, 0.05257, 0.04440, 0.03916, 0.03537, 0.03293, 0.03124, 0.03041, 0.02990 (0.02926)	KLD: 3.580, 3.348, 3.059, 2.880, 2.352, 2.028, 1.799, 1.586, 1.243, 1.020 (22.530)	Grad: 1657.4
[Epoch  21 (28.36s)]	ELBO (bits/dim): 2.63027, 2.77832, 2.89048, 3.00578, 3.07129, 3.11561, 3.14240, 3.16136, 3.16991, 3.17537 (3.18761)	Reconstruction error (/dim): 0.06877, 0.05943, 0.05231, 0.04425, 0.03897, 0.03520, 0.03278, 0.03108, 0.03025, 0.02973 (0.02872)	KLD: 3.588, 3.366, 3.060, 2.885, 2.366, 2.031, 1.797, 1.584, 1.241, 1.022 (22.632)	Grad: 1594.0
[Epoch  22 (29.55s)]	ELBO (bits/dim): 2.63160, 2.78071, 2.89299, 3.00776, 3.07333, 3.11758, 3.14452, 3.16321, 3.17204, 3.17753 (3.18691)	Reconstruction error (/dim): 0.06869, 0.05922, 0.05213, 0.04406, 0.03881, 0.03505, 0.03262, 0.03096, 0.03010, 0.02958 (0.02906)	KLD: 3.601, 3.373, 3.062, 2.881, 2.373, 2.029, 1.803, 1.575, 1.248, 1.034 (22.621)	Grad: 1542.8
[Epoch  23 (27.89s)]	ELBO (bits/dim): 2.63255, 2.78299, 2.89548, 3.00946, 3.07533, 3.11963, 3.14659, 3.16510, 3.17400, 3.17958 (3.19000)	Reconstruction error (/dim): 0.06864, 0.05904, 0.05192, 0.04393, 0.03868, 0.03491, 0.03248, 0.03083, 0.02997, 0.02944 (0.02857)	KLD: 3.602, 3.380, 3.067, 2.887, 2.373, 2.023, 1.802, 1.579, 1.246, 1.062 (23.013)	Grad: 1602.4
[Epoch  24 (28.13s)]	ELBO (bits/dim): 2.63390, 2.78545, 2.89793, 3.01115, 3.07693, 3.12141, 3.14842, 3.16695, 3.17582, 3.18159 (3.19009)	Reconstruction error (/dim): 0.06853, 0.05881, 0.05172, 0.04378, 0.03857, 0.03479, 0.03236, 0.03069, 0.02984, 0.02928 (0.02867)	KLD: 3.612, 3.390, 3.066, 2.883, 2.374, 2.023, 1.804, 1.571, 1.252, 1.052 (23.090)	Grad: 1541.2
[Epoch  25 (27.90s)]	ELBO (bits/dim): 2.63498, 2.78747, 2.90047, 3.01287, 3.07846, 3.12296, 3.15013, 3.16846, 3.17742, 3.18323 (3.19369)	Reconstruction error (/dim): 0.06847, 0.05866, 0.05153, 0.04364, 0.03846, 0.03469, 0.03223, 0.03060, 0.02973, 0.02917 (0.02832)	KLD: 3.616, 3.405, 3.067, 2.888, 2.379, 2.024, 1.805, 1.569, 1.248, 1.067 (23.173)	Grad: 1593.6
[Epoch  26 (28.49s)]	ELBO (bits/dim): 2.63589, 2.78955, 2.90208, 3.01404, 3.07956, 3.12419, 3.15116, 3.16942, 3.17850, 3.18442 (3.19435)	Reconstruction error (/dim): 0.06842, 0.05845, 0.05140, 0.04354, 0.03838, 0.03460, 0.03216, 0.03053, 0.02965, 0.02910 (0.02838)	KLD: 3.628, 3.405, 3.069, 2.891, 2.384, 2.023, 1.808, 1.569, 1.243, 1.068 (22.919)	Grad: 1540.1
[Epoch  27 (36.54s)]	ELBO (bits/dim): 2.63710, 2.79237, 2.90492, 3.01570, 3.08121, 3.12577, 3.15309, 3.17134, 3.18037, 3.18632 (3.19372)	Reconstruction error (/dim): 0.06833, 0.05821, 0.05116, 0.04341, 0.03826, 0.03449, 0.03202, 0.03039, 0.02953, 0.02896 (0.02862)	KLD: 3.635, 3.417, 3.071, 2.890, 2.386, 2.028, 1.806, 1.564, 1.251, 1.081 (22.628)	Grad: 1596.9
[Epoch  28 (29.05s)]	ELBO (bits/dim): 2.63802, 2.79400, 2.90700, 3.01707, 3.08233, 3.12691, 3.15441, 3.17254, 3.18166, 3.18762 (3.19524)	Reconstruction error (/dim): 0.06825, 0.05811, 0.05101, 0.04332, 0.03820, 0.03442, 0.03196, 0.03032, 0.02944, 0.02887 (0.02837)	KLD: 3.640, 3.428, 3.068, 2.893, 2.387, 2.024, 1.803, 1.555, 1.245, 1.090 (22.990)	Grad: 1592.9
[Epoch  29 (28.24s)]	ELBO (bits/dim): 2.63905, 2.79576, 2.90876, 3.01825, 3.08359, 3.12823, 3.15566, 3.17372, 3.18288, 3.18904 (3.19702)	Reconstruction error (/dim): 0.06814, 0.05799, 0.05090, 0.04321, 0.03811, 0.03434, 0.03186, 0.03024, 0.02936, 0.02878 (0.02834)	KLD: 3.651, 3.433, 3.072, 2.894, 2.391, 2.026, 1.810, 1.557, 1.245, 1.088 (22.921)	Grad: 1676.7
[Epoch  30 (27.87s)]	ELBO (bits/dim): 2.63941, 2.79720, 2.91034, 3.01921, 3.08441, 3.12931, 3.15675, 3.17480, 3.18408, 3.19009 (3.19752)	Reconstruction error (/dim): 0.06809, 0.05789, 0.05075, 0.04312, 0.03806, 0.03426, 0.03176, 0.03017, 0.02928, 0.02871 (0.02817)	KLD: 3.655, 3.450, 3.071, 2.892, 2.389, 2.024, 1.810, 1.562, 1.251, 1.104 (23.312)	Grad: 1607.0
[Epoch  31 (27.84s)]	ELBO (bits/dim): 2.64057, 2.79917, 2.91216, 3.02036, 3.08528, 3.13016, 3.15785, 3.17581, 3.18499, 3.19129 (3.19839)	Reconstruction error (/dim): 0.06805, 0.05776, 0.05063, 0.04302, 0.03800, 0.03420, 0.03170, 0.03009, 0.02923, 0.02862 (0.02825)	KLD: 3.663, 3.448, 3.074, 2.895, 2.395, 2.023, 1.807, 1.557, 1.257, 1.114 (23.369)	Grad: 1642.0
[Epoch  32 (28.29s)]	ELBO (bits/dim): 2.64113, 2.80060, 2.91410, 3.02168, 3.08655, 3.13145, 3.15912, 3.17699, 3.18609, 3.19252 (3.19787)	Reconstruction error (/dim): 0.06801, 0.05769, 0.05050, 0.04292, 0.03792, 0.03412, 0.03162, 0.03001, 0.02914, 0.02853 (0.02812)	KLD: 3.664, 3.462, 3.072, 2.899, 2.400, 2.022, 1.806, 1.559, 1.251, 1.115 (23.471)	Grad: 1561.7
[Epoch  33 (28.16s)]	ELBO (bits/dim): 2.64178, 2.80196, 2.91528, 3.02232, 3.08703, 3.13213, 3.15972, 3.17762, 3.18687, 3.19318 (3.20038)	Reconstruction error (/dim): 0.06794, 0.05761, 0.05042, 0.04287, 0.03787, 0.03408, 0.03156, 0.02996, 0.02909, 0.02849 (0.02805)	KLD: 3.675, 3.470, 3.073, 2.902, 2.402, 2.030, 1.812, 1.558, 1.258, 1.114 (23.218)	Grad: 1617.9
[Epoch  34 (27.88s)]	ELBO (bits/dim): 2.64249, 2.80329, 2.91685, 3.02355, 3.08815, 3.13321, 3.16088, 3.17872, 3.18799, 3.19435 (3.19952)	Reconstruction error (/dim): 0.06792, 0.05754, 0.05030, 0.04278, 0.03779, 0.03399, 0.03148, 0.02988, 0.02899, 0.02840 (0.02798)	KLD: 3.678, 3.470, 3.070, 2.903, 2.402, 2.023, 1.810, 1.546, 1.251, 1.126 (23.389)	Grad: 1629.9
[Epoch  35 (27.73s)]	ELBO (bits/dim): 2.64310, 2.80462, 2.91827, 3.02457, 3.08921, 3.13420, 3.16183, 3.17968, 3.18913, 3.19562 (3.20173)	Reconstruction error (/dim): 0.06785, 0.05745, 0.05019, 0.04269, 0.03772, 0.03393, 0.03142, 0.02981, 0.02891, 0.02831 (0.02797)	KLD: 3.682, 3.476, 3.075, 2.898, 2.405, 2.025, 1.812, 1.555, 1.255, 1.128 (23.314)	Grad: 1599.9
[Epoch  36 (27.59s)]	ELBO (bits/dim): 2.64372, 2.80562, 2.91955, 3.02543, 3.08985, 3.13495, 3.16257, 3.18040, 3.18966, 3.19611 (3.20194)	Reconstruction error (/dim): 0.06780, 0.05738, 0.05010, 0.04261, 0.03765, 0.03386, 0.03136, 0.02975, 0.02887, 0.02827 (0.02797)	KLD: 3.687, 3.491, 3.074, 2.906, 2.408, 2.022, 1.810, 1.554, 1.258, 1.138 (23.173)	Grad: 1646.3
[Epoch  37 (27.27s)]	ELBO (bits/dim): 2.64437, 2.80681, 2.92073, 3.02599, 3.09036, 3.13563, 3.16344, 3.18118, 3.19043, 3.19716 (3.20399)	Reconstruction error (/dim): 0.06777, 0.05733, 0.05003, 0.04258, 0.03763, 0.03382, 0.03131, 0.02972, 0.02882, 0.02820 (0.02783)	KLD: 3.696, 3.483, 3.082, 2.910, 2.409, 2.023, 1.811, 1.554, 1.252, 1.139 (23.234)	Grad: 1612.8
[Epoch  38 (27.18s)]	ELBO (bits/dim): 2.64502, 2.80826, 2.92192, 3.02677, 3.09114, 3.13623, 3.16413, 3.18187, 3.19123, 3.19806 (3.20550)	Reconstruction error (/dim): 0.06768, 0.05721, 0.04992, 0.04252, 0.03758, 0.03379, 0.03125, 0.02967, 0.02878, 0.02814 (0.02778)	KLD: 3.702, 3.492, 3.077, 2.906, 2.411, 2.026, 1.811, 1.555, 1.258, 1.145 (23.230)	Grad: 1620.4
[Epoch  39 (27.37s)]	ELBO (bits/dim): 2.64549, 2.80951, 2.92301, 3.02759, 3.09163, 3.13696, 3.16492, 3.18247, 3.19185, 3.19875 (3.20563)	Reconstruction error (/dim): 0.06769, 0.05717, 0.04989, 0.04246, 0.03755, 0.03374, 0.03120, 0.02963, 0.02874, 0.02809 (0.02764)	KLD: 3.705, 3.500, 3.079, 2.905, 2.413, 2.020, 1.813, 1.550, 1.255, 1.149 (23.349)	Grad: 1782.8
[Epoch  40 (26.97s)]	ELBO (bits/dim): 2.64609, 2.81055, 2.92425, 3.02832, 3.09239, 3.13778, 3.16560, 3.18326, 3.19253, 3.19956 (3.20500)	Reconstruction error (/dim): 0.06762, 0.05705, 0.04975, 0.04242, 0.03749, 0.03368, 0.03116, 0.02958, 0.02869, 0.02805 (0.02757)	KLD: 3.711, 3.503, 3.081, 2.906, 2.413, 2.021, 1.812, 1.550, 1.256, 1.150 (23.523)	Grad: 1698.0
[Epoch  41 (26.85s)]	ELBO (bits/dim): 2.64677, 2.81149, 2.92529, 3.02921, 3.09321, 3.13848, 3.16642, 3.18410, 3.19338, 3.20035 (3.20717)	Reconstruction error (/dim): 0.06757, 0.05704, 0.04972, 0.04233, 0.03744, 0.03363, 0.03110, 0.02951, 0.02864, 0.02799 (0.02756)	KLD: 3.719, 3.514, 3.086, 2.908, 2.412, 2.026, 1.819, 1.550, 1.257, 1.145 (23.241)	Grad: 1728.8
[Epoch  42 (26.69s)]	ELBO (bits/dim): 2.64726, 2.81240, 2.92663, 3.03000, 3.09402, 3.13958, 3.16743, 3.18523, 3.19444, 3.20143 (3.20621)	Reconstruction error (/dim): 0.06757, 0.05698, 0.04960, 0.04228, 0.03738, 0.03355, 0.03102, 0.02942, 0.02854, 0.02790 (0.02744)	KLD: 3.719, 3.510, 3.086, 2.908, 2.415, 2.025, 1.819, 1.549, 1.251, 1.159 (23.523)	Grad: 1659.8
[Epoch  43 (26.44s)]	ELBO (bits/dim): 2.64782, 2.81341, 2.92748, 3.03062, 3.09455, 3.13993, 3.16788, 3.18553, 3.19484, 3.20202 (3.20883)	Reconstruction error (/dim): 0.06751, 0.05688, 0.04953, 0.04221, 0.03733, 0.03352, 0.03099, 0.02941, 0.02852, 0.02784 (0.02744)	KLD: 3.728, 3.516, 3.082, 2.904, 2.418, 2.023, 1.819, 1.546, 1.251, 1.153 (23.001)	Grad: 1725.7
[Epoch  44 (26.50s)]	ELBO (bits/dim): 2.64794, 2.81351, 2.92771, 3.03070, 3.09453, 3.13989, 3.16802, 3.18579, 3.19511, 3.20235 (3.20799)	Reconstruction error (/dim): 0.06750, 0.05690, 0.04953, 0.04223, 0.03733, 0.03353, 0.03098, 0.02939, 0.02850, 0.02785 (0.02756)	KLD: 3.735, 3.522, 3.090, 2.912, 2.415, 2.023, 1.821, 1.553, 1.254, 1.151 (23.266)	Grad: 1660.3
[Epoch  45 (26.84s)]	ELBO (bits/dim): 2.64865, 2.81435, 2.92855, 3.03135, 3.09509, 3.14034, 3.16846, 3.18620, 3.19530, 3.20269 (3.20827)	Reconstruction error (/dim): 0.06743, 0.05685, 0.04948, 0.04218, 0.03731, 0.03350, 0.03094, 0.02937, 0.02851, 0.02782 (0.02758)	KLD: 3.732, 3.519, 3.090, 2.908, 2.418, 2.022, 1.814, 1.554, 1.261, 1.162 (23.573)	Grad: 1819.2
[Epoch  46 (26.78s)]	ELBO (bits/dim): 2.64925, 2.81582, 2.93008, 3.03246, 3.09624, 3.14174, 3.16978, 3.18741, 3.19669, 3.20409 (3.20818)	Reconstruction error (/dim): 0.06740, 0.05677, 0.04938, 0.04211, 0.03724, 0.03341, 0.03087, 0.02929, 0.02840, 0.02773 (0.02763)	KLD: 3.739, 3.527, 3.091, 2.914, 2.414, 2.022, 1.816, 1.551, 1.251, 1.160 (23.157)	Grad: 1677.3
[Epoch  47 (29.65s)]	ELBO (bits/dim): 2.64957, 2.81653, 2.93092, 3.03296, 3.09672, 3.14206, 3.17005, 3.18773, 3.19704, 3.20448 (3.21056)	Reconstruction error (/dim): 0.06736, 0.05672, 0.04933, 0.04207, 0.03718, 0.03337, 0.03085, 0.02925, 0.02838, 0.02770 (0.02730)	KLD: 3.746, 3.537, 3.091, 2.909, 2.422, 2.021, 1.813, 1.549, 1.255, 1.163 (23.570)	Grad: 1794.8
[Epoch  48 (26.89s)]	ELBO (bits/dim): 2.65001, 2.81770, 2.93227, 3.03387, 3.09736, 3.14278, 3.17090, 3.18855, 3.19781, 3.20535 (3.20940)	Reconstruction error (/dim): 0.06732, 0.05661, 0.04922, 0.04198, 0.03715, 0.03331, 0.03078, 0.02920, 0.02832, 0.02763 (0.02731)	KLD: 3.749, 3.536, 3.096, 2.910, 2.421, 2.022, 1.819, 1.545, 1.261, 1.161 (23.191)	Grad: 1621.6
[Epoch  49 (30.63s)]	ELBO (bits/dim): 2.65061, 2.81816, 2.93248, 3.03402, 3.09763, 3.14310, 3.17108, 3.18869, 3.19800, 3.20546 (3.21142)	Reconstruction error (/dim): 0.06732, 0.05663, 0.04923, 0.04200, 0.03714, 0.03331, 0.03078, 0.02920, 0.02832, 0.02763 (0.02714)	KLD: 3.752, 3.538, 3.092, 2.911, 2.416, 2.025, 1.807, 1.549, 1.259, 1.161 (23.728)	Grad: 1832.0
[Epoch  50 (27.36s)]	ELBO (bits/dim): 2.65070, 2.81920, 2.93368, 3.03489, 3.09836, 3.14399, 3.17197, 3.18956, 3.19890, 3.20642 (3.21064)	Reconstruction error (/dim): 0.06731, 0.05653, 0.04911, 0.04191, 0.03706, 0.03324, 0.03070, 0.02913, 0.02824, 0.02754 (0.02723)	KLD: 3.753, 3.549, 3.096, 2.911, 2.422, 2.023, 1.812, 1.550, 1.255, 1.176 (23.291)	Grad: 1726.3
[Epoch  51 (29.14s)]	ELBO (bits/dim): 2.65118, 2.81976, 2.93422, 3.03514, 3.09849, 3.14394, 3.17202, 3.18966, 3.19902, 3.20639 (3.21132)	Reconstruction error (/dim): 0.06725, 0.05651, 0.04909, 0.04191, 0.03709, 0.03325, 0.03071, 0.02912, 0.02823, 0.02756 (0.02719)	KLD: 3.760, 3.546, 3.094, 2.911, 2.417, 2.019, 1.811, 1.549, 1.257, 1.179 (23.696)	Grad: 1791.6
[Epoch  52 (28.77s)]	ELBO (bits/dim): 2.65184, 2.82024, 2.93476, 3.03572, 3.09883, 3.14450, 3.17252, 3.19012, 3.19946, 3.20710 (3.20956)	Reconstruction error (/dim): 0.06724, 0.05649, 0.04908, 0.04185, 0.03704, 0.03319, 0.03067, 0.02910, 0.02821, 0.02751 (0.02728)	KLD: 3.770, 3.554, 3.095, 2.910, 2.421, 2.025, 1.817, 1.552, 1.267, 1.179 (23.365)	Grad: 1737.6
[Epoch  53 (28.20s)]	ELBO (bits/dim): 2.65215, 2.82117, 2.93554, 3.03605, 3.09941, 3.14496, 3.17292, 3.19034, 3.19980, 3.20732 (3.21108)	Reconstruction error (/dim): 0.06717, 0.05643, 0.04903, 0.04184, 0.03702, 0.03318, 0.03064, 0.02908, 0.02818, 0.02750 (0.02720)	KLD: 3.768, 3.550, 3.095, 2.911, 2.425, 2.020, 1.815, 1.547, 1.260, 1.168 (23.231)	Grad: 1797.7
[Epoch  54 (27.78s)]	ELBO (bits/dim): 2.65256, 2.82077, 2.93551, 3.03598, 3.09935, 3.14488, 3.17292, 3.19068, 3.19999, 3.20759 (3.20867)	Reconstruction error (/dim): 0.06718, 0.05646, 0.04901, 0.04187, 0.03701, 0.03318, 0.03065, 0.02905, 0.02817, 0.02747 (0.02735)	KLD: 3.776, 3.546, 3.094, 2.913, 2.420, 2.022, 1.809, 1.548, 1.263, 1.174 (23.878)	Grad: 1819.2
[Epoch  55 (28.40s)]	ELBO (bits/dim): 2.65285, 2.82212, 2.93668, 3.03675, 3.10002, 3.14575, 3.17373, 3.19140, 3.20089, 3.20832 (3.21281)	Reconstruction error (/dim): 0.06714, 0.05635, 0.04895, 0.04180, 0.03697, 0.03310, 0.03058, 0.02900, 0.02810, 0.02743 (0.02697)	KLD: 3.774, 3.553, 3.101, 2.914, 2.427, 2.023, 1.816, 1.553, 1.264, 1.185 (23.501)	Grad: 1795.5
[Epoch  56 (28.17s)]	ELBO (bits/dim): 2.65321, 2.82302, 2.93777, 3.03766, 3.10093, 3.14642, 3.17443, 3.19196, 3.20144, 3.20915 (3.21076)	Reconstruction error (/dim): 0.06710, 0.05629, 0.04888, 0.04173, 0.03690, 0.03307, 0.03054, 0.02896, 0.02806, 0.02736 (0.02724)	KLD: 3.783, 3.557, 3.102, 2.913, 2.424, 2.020, 1.819, 1.547, 1.262, 1.171 (23.351)	Grad: 1742.3
[Epoch  57 (27.90s)]	ELBO (bits/dim): 2.65376, 2.82378, 2.93828, 3.03813, 3.10114, 3.14696, 3.17509, 3.19260, 3.20198, 3.20959 (3.21177)	Reconstruction error (/dim): 0.06709, 0.05626, 0.04884, 0.04170, 0.03688, 0.03303, 0.03049, 0.02892, 0.02803, 0.02733 (0.02723)	KLD: 3.779, 3.564, 3.100, 2.911, 2.429, 2.023, 1.821, 1.551, 1.264, 1.172 (23.478)	Grad: 1830.2
[Epoch  58 (27.98s)]	ELBO (bits/dim): 2.65418, 2.82464, 2.93924, 3.03868, 3.10171, 3.14728, 3.17544, 3.19298, 3.20244, 3.21000 (3.21365)	Reconstruction error (/dim): 0.06708, 0.05621, 0.04878, 0.04167, 0.03685, 0.03300, 0.03047, 0.02890, 0.02799, 0.02730 (0.02695)	KLD: 3.790, 3.570, 3.100, 2.913, 2.427, 2.018, 1.817, 1.547, 1.270, 1.180 (23.489)	Grad: 1778.6
[Epoch  59 (27.45s)]	ELBO (bits/dim): 2.65451, 2.82513, 2.93975, 3.03898, 3.10211, 3.14766, 3.17573, 3.19327, 3.20275, 3.21041 (3.21285)	Reconstruction error (/dim): 0.06700, 0.05617, 0.04875, 0.04165, 0.03682, 0.03299, 0.03044, 0.02888, 0.02798, 0.02728 (0.02715)	KLD: 3.788, 3.563, 3.102, 2.912, 2.426, 2.019, 1.813, 1.549, 1.268, 1.182 (23.306)	Grad: 1780.8
[Epoch  60 (27.70s)]	ELBO (bits/dim): 2.65498, 2.82542, 2.94037, 3.03930, 3.10228, 3.14797, 3.17605, 3.19364, 3.20307, 3.21065 (3.21157)	Reconstruction error (/dim): 0.06698, 0.05618, 0.04870, 0.04162, 0.03681, 0.03297, 0.03042, 0.02887, 0.02795, 0.02726 (0.02733)	KLD: 3.797, 3.565, 3.103, 2.911, 2.426, 2.019, 1.821, 1.550, 1.272, 1.184 (23.372)	Grad: 1855.5
[Epoch  61 (27.96s)]	ELBO (bits/dim): 2.65517, 2.82613, 2.94033, 3.03941, 3.10226, 3.14801, 3.17610, 3.19367, 3.20313, 3.21087 (3.21355)	Reconstruction error (/dim): 0.06697, 0.05608, 0.04870, 0.04161, 0.03679, 0.03294, 0.03041, 0.02883, 0.02795, 0.02723 (0.02706)	KLD: 3.799, 3.571, 3.108, 2.910, 2.426, 2.020, 1.821, 1.549, 1.269, 1.179 (23.566)	Grad: 1794.1
[Epoch  62 (27.91s)]	ELBO (bits/dim): 2.65548, 2.82679, 2.94115, 3.04005, 3.10283, 3.14838, 3.17653, 3.19411, 3.20363, 3.21139 (3.21363)	Reconstruction error (/dim): 0.06697, 0.05608, 0.04865, 0.04158, 0.03677, 0.03293, 0.03040, 0.02882, 0.02790, 0.02720 (0.02683)	KLD: 3.803, 3.574, 3.105, 2.909, 2.429, 2.024, 1.816, 1.550, 1.273, 1.178 (23.652)	Grad: 1829.4
[Epoch  63 (27.85s)]	ELBO (bits/dim): 2.65579, 2.82667, 2.94126, 3.04028, 3.10318, 3.14862, 3.17680, 3.19425, 3.20365, 3.21145 (3.21319)	Reconstruction error (/dim): 0.06694, 0.05607, 0.04863, 0.04155, 0.03673, 0.03290, 0.03036, 0.02880, 0.02791, 0.02721 (0.02710)	KLD: 3.809, 3.574, 3.104, 2.917, 2.432, 2.018, 1.813, 1.541, 1.269, 1.182 (23.419)	Grad: 1872.3
[Epoch  64 (27.59s)]	ELBO (bits/dim): 2.65610, 2.82814, 2.94270, 3.04100, 3.10377, 3.14938, 3.17751, 3.19503, 3.20455, 3.21213 (3.21380)	Reconstruction error (/dim): 0.06694, 0.05597, 0.04854, 0.04151, 0.03669, 0.03286, 0.03030, 0.02876, 0.02785, 0.02717 (0.02700)	KLD: 3.808, 3.578, 3.109, 2.910, 2.430, 2.017, 1.813, 1.546, 1.266, 1.175 (23.093)	Grad: 1821.7
[Epoch  65 (28.35s)]	ELBO (bits/dim): 2.65642, 2.82829, 2.94275, 3.04117, 3.10373, 3.14942, 3.17757, 3.19512, 3.20476, 3.21219 (3.21445)	Reconstruction error (/dim): 0.06689, 0.05595, 0.04856, 0.04149, 0.03671, 0.03286, 0.03032, 0.02876, 0.02783, 0.02716 (0.02693)	KLD: 3.807, 3.580, 3.106, 2.913, 2.430, 2.018, 1.814, 1.553, 1.271, 1.175 (23.396)	Grad: 1926.7
[Epoch  66 (29.50s)]	ELBO (bits/dim): 2.65704, 2.82899, 2.94345, 3.04146, 3.10394, 3.14966, 3.17785, 3.19536, 3.20492, 3.21233 (3.21564)	Reconstruction error (/dim): 0.06686, 0.05594, 0.04850, 0.04148, 0.03670, 0.03283, 0.03030, 0.02874, 0.02782, 0.02714 (0.02681)	KLD: 3.814, 3.582, 3.108, 2.911, 2.431, 2.018, 1.809, 1.552, 1.276, 1.171 (23.413)	Grad: 1854.3
[Epoch  67 (27.93s)]	ELBO (bits/dim): 2.65727, 2.82982, 2.94415, 3.04228, 3.10468, 3.15050, 3.17840, 3.19601, 3.20565, 3.21323 (3.21237)	Reconstruction error (/dim): 0.06682, 0.05587, 0.04845, 0.04141, 0.03664, 0.03277, 0.03025, 0.02869, 0.02779, 0.02708 (0.02712)	KLD: 3.818, 3.589, 3.106, 2.912, 2.432, 2.021, 1.813, 1.550, 1.271, 1.178 (23.331)	Grad: 1892.6
[Epoch  68 (27.82s)]	ELBO (bits/dim): 2.65745, 2.82990, 2.94446, 3.04234, 3.10479, 3.15050, 3.17844, 3.19603, 3.20569, 3.21328 (3.21530)	Reconstruction error (/dim): 0.06682, 0.05587, 0.04843, 0.04141, 0.03663, 0.03277, 0.03025, 0.02870, 0.02776, 0.02708 (0.02704)	KLD: 3.818, 3.593, 3.113, 2.912, 2.426, 2.021, 1.817, 1.547, 1.274, 1.170 (23.177)	Grad: 1922.2
[Epoch  69 (32.12s)]	ELBO (bits/dim): 2.65770, 2.83025, 2.94490, 3.04259, 3.10495, 3.15058, 3.17860, 3.19618, 3.20569, 3.21340 (3.21219)	Reconstruction error (/dim): 0.06678, 0.05583, 0.04839, 0.04139, 0.03662, 0.03277, 0.03024, 0.02868, 0.02777, 0.02706 (0.02692)	KLD: 3.818, 3.585, 3.109, 2.914, 2.435, 2.019, 1.816, 1.550, 1.268, 1.183 (23.798)	Grad: 1888.4
[Epoch  70 (27.79s)]	ELBO (bits/dim): 2.65808, 2.83093, 2.94544, 3.04302, 3.10536, 3.15112, 3.17922, 3.19666, 3.20636, 3.21387 (3.21435)	Reconstruction error (/dim): 0.06674, 0.05577, 0.04838, 0.04137, 0.03659, 0.03274, 0.03020, 0.02865, 0.02771, 0.02703 (0.02704)	KLD: 3.824, 3.592, 3.115, 2.910, 2.431, 2.019, 1.815, 1.543, 1.275, 1.180 (23.463)	Grad: 1929.0
[Epoch  71 (27.90s)]	ELBO (bits/dim): 2.65819, 2.83132, 2.94553, 3.04335, 3.10568, 3.15152, 3.17949, 3.19688, 3.20651, 3.21405 (3.21505)	Reconstruction error (/dim): 0.06676, 0.05575, 0.04836, 0.04134, 0.03657, 0.03271, 0.03018, 0.02863, 0.02771, 0.02703 (0.02699)	KLD: 3.834, 3.599, 3.111, 2.910, 2.434, 2.025, 1.818, 1.552, 1.277, 1.179 (23.458)	Grad: 1953.9
[Epoch  72 (27.93s)]	ELBO (bits/dim): 2.65878, 2.83243, 2.94659, 3.04384, 3.10580, 3.15170, 3.17954, 3.19710, 3.20681, 3.21421 (3.21427)	Reconstruction error (/dim): 0.06672, 0.05569, 0.04830, 0.04130, 0.03658, 0.03271, 0.03019, 0.02863, 0.02770, 0.02703 (0.02710)	KLD: 3.828, 3.601, 3.119, 2.914, 2.432, 2.022, 1.815, 1.546, 1.281, 1.173 (23.270)	Grad: 1957.4
[Epoch  73 (28.42s)]	ELBO (bits/dim): 2.65897, 2.83290, 2.94685, 3.04409, 3.10628, 3.15207, 3.18004, 3.19747, 3.20705, 3.21467 (3.21463)	Reconstruction error (/dim): 0.06670, 0.05566, 0.04828, 0.04128, 0.03653, 0.03266, 0.03015, 0.02860, 0.02769, 0.02699 (0.02699)	KLD: 3.832, 3.597, 3.117, 2.910, 2.435, 2.017, 1.810, 1.549, 1.274, 1.169 (23.441)	Grad: 1884.4
[Epoch  74 (30.65s)]	ELBO (bits/dim): 2.65930, 2.83303, 2.94715, 3.04428, 3.10652, 3.15224, 3.18023, 3.19772, 3.20734, 3.21469 (3.21359)	Reconstruction error (/dim): 0.06667, 0.05565, 0.04827, 0.04130, 0.03652, 0.03267, 0.03015, 0.02859, 0.02766, 0.02698 (0.02702)	KLD: 3.834, 3.601, 3.117, 2.919, 2.436, 2.017, 1.809, 1.551, 1.272, 1.166 (23.494)	Grad: 2001.8
[Epoch  75 (27.34s)]	ELBO (bits/dim): 2.65973, 2.83418, 2.94842, 3.04520, 3.10715, 3.15291, 3.18091, 3.19831, 3.20807, 3.21562 (3.21450)	Reconstruction error (/dim): 0.06662, 0.05560, 0.04818, 0.04122, 0.03646, 0.03263, 0.03009, 0.02855, 0.02762, 0.02693 (0.02698)	KLD: 3.837, 3.608, 3.117, 2.913, 2.434, 2.017, 1.817, 1.546, 1.271, 1.172 (23.245)	Grad: 1913.4
No improvement after 10 epochs...
Best epoch(s): [66]	Training time(s): 2132.34s (2132.34s)	Best ELBO (bits/dim): 3.21562 (3.21564)	Best reconstruction error (/dim): 0.07965 (0.06574)
Avg. mu: -0.020, -0.012, -0.032, -0.181, 0.036, -0.199, -0.011, 0.024, -0.006, -0.009
Avg. var: 0.002, 0.002, 0.003, 0.004, 0.010, 0.019, 0.030, 0.053, 0.093, 0.118
Max. mu: 4.191, 3.985, 4.441, 4.486, 4.612, 3.321, 5.114, 4.300, 4.189, 4.997
Max. var: 0.051, 0.023, 0.033, 0.027, 0.052, 0.083, 0.124, 0.307, 0.424, 0.427
Min. mu: -5.034, -4.736, -3.790, -4.385, -3.805, -3.763, -3.910, -4.170, -4.224, -5.046
Min. var: 0.000, 0.000, 0.000, 0.001, 0.002, 0.005, 0.008, 0.011, 0.031, 0.032
Cov. mu:
[[1.726 0.496 -0.466 0.134 0.213 0.007 0.138 0.027 0.029 -0.039]
 [0.496 1.516 -0.009 0.050 0.062 -0.012 0.073 -0.010 -0.093 -0.117]
 [-0.466 -0.009 1.113 -0.023 -0.041 -0.014 -0.054 0.025 -0.020 -0.034]
 [0.134 0.050 -0.023 1.053 0.061 0.056 0.010 -0.001 -0.068 0.011]
 [0.213 0.062 -0.041 0.061 1.088 0.030 0.038 -0.026 -0.040 0.013]
 [0.007 -0.012 -0.014 0.056 0.030 0.998 -0.007 -0.052 -0.027 -0.008]
 [0.138 0.073 -0.054 0.010 0.038 -0.007 1.051 0.009 -0.029 -0.030]
 [0.027 -0.010 0.025 -0.001 -0.026 -0.052 0.009 0.926 -0.007 -0.003]
 [0.029 -0.093 -0.020 -0.068 -0.040 -0.027 -0.029 -0.007 0.952 0.060]
 [-0.039 -0.117 -0.034 0.011 0.013 -0.008 -0.030 -0.003 0.060 0.932]]
