=================================================================
Layer (type:depth-idx)                   Param #
=================================================================
VAE                                      --
├─Encoder: 1-1                           --
│    └─Linear: 2-1                       38,465
├─Decoder: 1-2                           --
│    └─Linear: 2-2                       39,200
=================================================================
Total params: 77,665
Trainable params: 77,665
Non-trainable params: 0
=================================================================
=================================================================
Layer (type:depth-idx)                   Param #
=================================================================
VAE                                      --
├─Encoder: 1-1                           --
│    └─Linear: 2-1                       38,465
├─Decoder: 1-2                           --
│    └─Linear: 2-2                       39,200
=================================================================
Total params: 77,665
Trainable params: 77,665
Non-trainable params: 0
=================================================================
=================================================================
Layer (type:depth-idx)                   Param #
=================================================================
VAE                                      --
├─Encoder: 1-1                           --
│    └─Linear: 2-1                       38,465
├─Decoder: 1-2                           --
│    └─Linear: 2-2                       39,200
=================================================================
Total params: 77,665
Trainable params: 77,665
Non-trainable params: 0
=================================================================
Training model 1/3...
[Epoch   1 (52.78s)]	ELBO: 1156.571 (1338.642)	Log prob: 1247.370 (1382.474)	KLD: 90.799 (43.832)	Grad: 0.129
[Epoch   2 (50.83s)]	ELBO: 1357.344 (1370.712)	Log prob: 1390.445 (1398.076)	KLD: 33.101 (27.364)	Grad: 0.127
[Epoch   3 (49.43s)]	ELBO: 1375.540 (1382.890)	Log prob: 1399.880 (1404.805)	KLD: 24.340 (21.915)	Grad: 0.133
[Epoch   4 (50.07s)]	ELBO: 1384.903 (1389.415)	Log prob: 1405.498 (1407.857)	KLD: 20.595 (18.442)	Grad: 0.156
[Epoch   5 (50.10s)]	ELBO: 1391.403 (1395.275)	Log prob: 1409.975 (1412.121)	KLD: 18.572 (16.846)	Grad: 0.184
[Epoch   6 (48.43s)]	ELBO: 1397.121 (1401.222)	Log prob: 1414.238 (1417.432)	KLD: 17.117 (16.210)	Grad: 0.169
[Epoch   7 (50.79s)]	ELBO: 1402.036 (1405.717)	Log prob: 1418.126 (1421.193)	KLD: 16.090 (15.476)	Grad: 0.184
[Epoch   8 (50.25s)]	ELBO: 1406.606 (1410.226)	Log prob: 1422.000 (1425.023)	KLD: 15.394 (14.797)	Grad: 0.195
[Epoch   9 (51.58s)]	ELBO: 1410.947 (1413.737)	Log prob: 1425.653 (1427.501)	KLD: 14.706 (13.763)	Grad: 0.199
[Epoch  10 (49.70s)]	ELBO: 1415.201 (1417.938)	Log prob: 1429.299 (1431.593)	KLD: 14.098 (13.655)	Grad: 0.180
[Epoch  11 (49.12s)]	ELBO: 1419.004 (1421.255)	Log prob: 1432.527 (1434.409)	KLD: 13.524 (13.154)	Grad: 0.177
[Epoch  12 (48.28s)]	ELBO: 1422.965 (1425.104)	Log prob: 1435.960 (1437.945)	KLD: 12.995 (12.842)	Grad: 0.166
[Epoch  13 (48.89s)]	ELBO: 1426.577 (1428.674)	Log prob: 1439.112 (1440.851)	KLD: 12.535 (12.176)	Grad: 0.164
[Epoch  14 (48.31s)]	ELBO: 1430.074 (1431.290)	Log prob: 1442.183 (1442.358)	KLD: 12.110 (11.068)	Grad: 0.174
[Epoch  15 (48.14s)]	ELBO: 1433.154 (1435.123)	Log prob: 1444.822 (1446.495)	KLD: 11.668 (11.373)	Grad: 0.181
[Epoch  16 (47.62s)]	ELBO: 1436.326 (1436.751)	Log prob: 1447.665 (1448.600)	KLD: 11.339 (11.849)	Grad: 0.176
[Epoch  17 (48.29s)]	ELBO: 1439.168 (1440.403)	Log prob: 1450.289 (1451.705)	KLD: 11.120 (11.302)	Grad: 0.188
[Epoch  18 (48.35s)]	ELBO: 1442.325 (1442.607)	Log prob: 1453.116 (1453.276)	KLD: 10.791 (10.668)	Grad: 0.182
[Epoch  19 (49.44s)]	ELBO: 1445.249 (1445.943)	Log prob: 1455.816 (1456.633)	KLD: 10.566 (10.690)	Grad: 0.204
[Epoch  20 (48.02s)]	ELBO: 1448.237 (1449.900)	Log prob: 1458.596 (1460.152)	KLD: 10.359 (10.252)	Grad: 0.208
[Epoch  21 (48.44s)]	ELBO: 1451.648 (1451.947)	Log prob: 1461.799 (1462.103)	KLD: 10.151 (10.156)	Grad: 0.174
[Epoch  22 (50.29s)]	ELBO: 1454.235 (1455.042)	Log prob: 1464.263 (1464.819)	KLD: 10.028 (9.776)	Grad: 0.193
[Epoch  23 (49.73s)]	ELBO: 1456.434 (1455.439)	Log prob: 1466.387 (1465.231)	KLD: 9.953 (9.792)	Grad: 0.211
[Epoch  24 (49.00s)]	ELBO: 1458.729 (1459.134)	Log prob: 1468.602 (1468.966)	KLD: 9.872 (9.832)	Grad: 0.197
[Epoch  25 (50.02s)]	ELBO: 1460.685 (1459.581)	Log prob: 1470.470 (1469.307)	KLD: 9.785 (9.726)	Grad: 0.194
[Epoch  26 (51.31s)]	ELBO: 1462.109 (1462.093)	Log prob: 1471.843 (1471.822)	KLD: 9.735 (9.729)	Grad: 0.204
[Epoch  27 (52.14s)]	ELBO: 1463.578 (1464.044)	Log prob: 1473.261 (1473.427)	KLD: 9.682 (9.383)	Grad: 0.208
[Epoch  28 (49.73s)]	ELBO: 1464.850 (1464.689)	Log prob: 1474.534 (1474.649)	KLD: 9.684 (9.959)	Grad: 0.216
[Epoch  29 (51.21s)]	ELBO: 1465.880 (1465.195)	Log prob: 1475.520 (1474.931)	KLD: 9.640 (9.736)	Grad: 0.238
[Epoch  30 (50.50s)]	ELBO: 1467.025 (1466.173)	Log prob: 1476.640 (1475.415)	KLD: 9.615 (9.241)	Grad: 0.207
[Epoch  31 (49.95s)]	ELBO: 1468.157 (1468.119)	Log prob: 1477.730 (1477.003)	KLD: 9.573 (8.884)	Grad: 0.200
[Epoch  32 (49.54s)]	ELBO: 1468.961 (1469.671)	Log prob: 1478.491 (1479.139)	KLD: 9.531 (9.469)	Grad: 0.223
[Epoch  33 (50.27s)]	ELBO: 1469.938 (1469.800)	Log prob: 1479.464 (1479.137)	KLD: 9.526 (9.338)	Grad: 0.222
[Epoch  34 (49.59s)]	ELBO: 1470.735 (1470.586)	Log prob: 1480.217 (1479.960)	KLD: 9.482 (9.374)	Grad: 0.211
[Epoch  35 (52.39s)]	ELBO: 1471.562 (1472.003)	Log prob: 1481.042 (1481.512)	KLD: 9.480 (9.509)	Grad: 0.214
[Epoch  36 (49.83s)]	ELBO: 1472.412 (1472.448)	Log prob: 1481.862 (1481.554)	KLD: 9.450 (9.107)	Grad: 0.200
[Epoch  37 (48.44s)]	ELBO: 1472.938 (1473.598)	Log prob: 1482.380 (1482.986)	KLD: 9.442 (9.388)	Grad: 0.220
[Epoch  38 (49.45s)]	ELBO: 1473.411 (1474.313)	Log prob: 1482.858 (1483.934)	KLD: 9.447 (9.621)	Grad: 0.244
[Epoch  39 (48.70s)]	ELBO: 1474.244 (1474.959)	Log prob: 1483.663 (1484.271)	KLD: 9.420 (9.312)	Grad: 0.227
[Epoch  40 (47.81s)]	ELBO: 1475.009 (1474.859)	Log prob: 1484.411 (1484.652)	KLD: 9.402 (9.793)	Grad: 0.208
[Epoch  41 (49.43s)]	ELBO: 1475.465 (1471.640)	Log prob: 1484.867 (1481.004)	KLD: 9.403 (9.364)	Grad: 0.218
[Epoch  42 (49.73s)]	ELBO: 1475.952 (1476.300)	Log prob: 1485.386 (1485.968)	KLD: 9.434 (9.668)	Grad: 0.243
[Epoch  43 (50.50s)]	ELBO: 1476.464 (1477.179)	Log prob: 1485.852 (1486.428)	KLD: 9.387 (9.249)	Grad: 0.232
[Epoch  44 (50.08s)]	ELBO: 1477.054 (1477.630)	Log prob: 1486.435 (1487.210)	KLD: 9.381 (9.579)	Grad: 0.229
[Epoch  45 (51.52s)]	ELBO: 1477.649 (1477.859)	Log prob: 1487.026 (1487.243)	KLD: 9.377 (9.384)	Grad: 0.217
[Epoch  46 (46.66s)]	ELBO: 1478.024 (1476.911)	Log prob: 1487.375 (1486.325)	KLD: 9.351 (9.413)	Grad: 0.221
[Epoch  47 (48.99s)]	ELBO: 1478.326 (1478.695)	Log prob: 1487.668 (1488.471)	KLD: 9.342 (9.776)	Grad: 0.239
[Epoch  48 (50.02s)]	ELBO: 1478.786 (1479.149)	Log prob: 1488.151 (1488.462)	KLD: 9.365 (9.314)	Grad: 0.230
[Epoch  49 (49.28s)]	ELBO: 1479.358 (1476.428)	Log prob: 1488.693 (1485.892)	KLD: 9.335 (9.465)	Grad: 0.228
[Epoch  50 (48.52s)]	ELBO: 1479.784 (1480.450)	Log prob: 1489.112 (1489.553)	KLD: 9.329 (9.103)	Grad: 0.216
[Epoch  51 (49.60s)]	ELBO: 1480.174 (1477.298)	Log prob: 1489.487 (1487.003)	KLD: 9.313 (9.705)	Grad: 0.229
[Epoch  52 (48.68s)]	ELBO: 1480.614 (1481.099)	Log prob: 1489.904 (1490.584)	KLD: 9.290 (9.485)	Grad: 0.223
[Epoch  53 (48.20s)]	ELBO: 1481.020 (1480.799)	Log prob: 1490.348 (1490.247)	KLD: 9.328 (9.448)	Grad: 0.214
[Epoch  54 (49.13s)]	ELBO: 1481.368 (1478.858)	Log prob: 1490.720 (1488.217)	KLD: 9.352 (9.359)	Grad: 0.232
[Epoch  55 (49.26s)]	ELBO: 1481.733 (1481.586)	Log prob: 1491.066 (1490.717)	KLD: 9.333 (9.131)	Grad: 0.231
[Epoch  56 (49.44s)]	ELBO: 1482.153 (1482.025)	Log prob: 1491.496 (1491.491)	KLD: 9.342 (9.467)	Grad: 0.226
[Epoch  57 (49.90s)]	ELBO: 1482.596 (1482.650)	Log prob: 1491.886 (1491.929)	KLD: 9.290 (9.278)	Grad: 0.215
[Epoch  58 (49.28s)]	ELBO: 1482.826 (1482.421)	Log prob: 1492.112 (1491.845)	KLD: 9.286 (9.424)	Grad: 0.212
[Epoch  59 (48.84s)]	ELBO: 1482.994 (1482.284)	Log prob: 1492.279 (1491.476)	KLD: 9.285 (9.192)	Grad: 0.244
[Epoch  60 (48.48s)]	ELBO: 1483.520 (1482.912)	Log prob: 1492.843 (1492.246)	KLD: 9.323 (9.335)	Grad: 0.229
[Epoch  61 (47.55s)]	ELBO: 1483.904 (1482.325)	Log prob: 1493.234 (1491.384)	KLD: 9.330 (9.059)	Grad: 0.222
[Epoch  62 (49.26s)]	ELBO: 1484.354 (1484.047)	Log prob: 1493.687 (1493.596)	KLD: 9.333 (9.549)	Grad: 0.212
[Epoch  63 (48.64s)]	ELBO: 1484.513 (1482.382)	Log prob: 1493.874 (1492.073)	KLD: 9.361 (9.691)	Grad: 0.227
[Epoch  64 (50.72s)]	ELBO: 1484.728 (1485.101)	Log prob: 1494.081 (1494.252)	KLD: 9.353 (9.151)	Grad: 0.232
[Epoch  65 (47.64s)]	ELBO: 1485.255 (1485.322)	Log prob: 1494.599 (1494.767)	KLD: 9.343 (9.445)	Grad: 0.215
[Epoch  66 (48.77s)]	ELBO: 1485.374 (1485.690)	Log prob: 1494.748 (1495.018)	KLD: 9.374 (9.328)	Grad: 0.232
[Epoch  67 (48.83s)]	ELBO: 1485.717 (1484.249)	Log prob: 1495.120 (1493.986)	KLD: 9.403 (9.738)	Grad: 0.220
[Epoch  68 (50.02s)]	ELBO: 1485.802 (1486.104)	Log prob: 1495.192 (1495.452)	KLD: 9.389 (9.349)	Grad: 0.233
[Epoch  69 (48.58s)]	ELBO: 1486.450 (1484.575)	Log prob: 1495.807 (1493.556)	KLD: 9.357 (8.981)	Grad: 0.208
[Epoch  70 (50.06s)]	ELBO: 1486.672 (1485.935)	Log prob: 1496.045 (1495.346)	KLD: 9.373 (9.411)	Grad: 0.227
[Epoch  71 (48.63s)]	ELBO: 1486.672 (1487.004)	Log prob: 1496.077 (1496.362)	KLD: 9.405 (9.359)	Grad: 0.235
[Epoch  72 (49.04s)]	ELBO: 1487.108 (1484.834)	Log prob: 1496.498 (1494.485)	KLD: 9.390 (9.651)	Grad: 0.227
[Epoch  73 (48.66s)]	ELBO: 1487.374 (1486.290)	Log prob: 1496.791 (1495.711)	KLD: 9.417 (9.422)	Grad: 0.216
[Epoch  74 (49.79s)]	ELBO: 1487.460 (1487.108)	Log prob: 1496.868 (1496.787)	KLD: 9.408 (9.679)	Grad: 0.234
[Epoch  75 (49.40s)]	ELBO: 1487.623 (1487.713)	Log prob: 1497.076 (1497.119)	KLD: 9.453 (9.406)	Grad: 0.235
[Epoch  76 (48.52s)]	ELBO: 1487.954 (1487.310)	Log prob: 1497.419 (1497.051)	KLD: 9.465 (9.742)	Grad: 0.234
[Epoch  77 (48.80s)]	ELBO: 1488.244 (1485.048)	Log prob: 1497.717 (1494.348)	KLD: 9.472 (9.301)	Grad: 0.224
[Epoch  78 (48.48s)]	ELBO: 1488.198 (1488.157)	Log prob: 1497.676 (1497.553)	KLD: 9.478 (9.397)	Grad: 0.254
[Epoch  79 (48.73s)]	ELBO: 1488.806 (1483.692)	Log prob: 1498.273 (1492.890)	KLD: 9.467 (9.198)	Grad: 0.217
[Epoch  80 (49.67s)]	ELBO: 1488.920 (1488.199)	Log prob: 1498.399 (1497.364)	KLD: 9.479 (9.165)	Grad: 0.228
[Epoch  81 (49.30s)]	ELBO: 1489.098 (1488.720)	Log prob: 1498.575 (1498.267)	KLD: 9.477 (9.546)	Grad: 0.230
[Epoch  82 (48.38s)]	ELBO: 1489.321 (1488.358)	Log prob: 1498.816 (1497.783)	KLD: 9.495 (9.426)	Grad: 0.238
[Epoch  83 (48.93s)]	ELBO: 1489.561 (1488.300)	Log prob: 1499.041 (1497.895)	KLD: 9.480 (9.595)	Grad: 0.225
[Epoch  84 (46.76s)]	ELBO: 1489.838 (1487.044)	Log prob: 1499.323 (1496.394)	KLD: 9.485 (9.350)	Grad: 0.226
[Epoch  85 (47.29s)]	ELBO: 1489.906 (1489.586)	Log prob: 1499.416 (1498.950)	KLD: 9.510 (9.364)	Grad: 0.237
[Epoch  86 (46.78s)]	ELBO: 1489.850 (1489.481)	Log prob: 1499.376 (1498.909)	KLD: 9.526 (9.427)	Grad: 0.238
[Epoch  87 (47.60s)]	ELBO: 1490.491 (1490.214)	Log prob: 1500.002 (1499.695)	KLD: 9.511 (9.481)	Grad: 0.225
[Epoch  88 (46.77s)]	ELBO: 1490.804 (1489.083)	Log prob: 1500.343 (1498.485)	KLD: 9.538 (9.403)	Grad: 0.215
[Epoch  89 (47.35s)]	ELBO: 1490.513 (1487.771)	Log prob: 1500.050 (1497.668)	KLD: 9.537 (9.896)	Grad: 0.242
[Epoch  90 (47.07s)]	ELBO: 1490.889 (1488.929)	Log prob: 1500.432 (1498.847)	KLD: 9.543 (9.918)	Grad: 0.230
[Epoch  91 (46.78s)]	ELBO: 1491.152 (1489.814)	Log prob: 1500.683 (1499.654)	KLD: 9.531 (9.840)	Grad: 0.235
[Epoch  92 (47.75s)]	ELBO: 1491.273 (1490.787)	Log prob: 1500.797 (1500.197)	KLD: 9.523 (9.410)	Grad: 0.230
[Epoch  93 (48.30s)]	ELBO: 1491.277 (1489.813)	Log prob: 1500.836 (1499.199)	KLD: 9.559 (9.386)	Grad: 0.249
[Epoch  94 (47.61s)]	ELBO: 1491.709 (1490.519)	Log prob: 1501.257 (1499.907)	KLD: 9.547 (9.388)	Grad: 0.225
[Epoch  95 (46.54s)]	ELBO: 1491.591 (1491.490)	Log prob: 1501.161 (1500.865)	KLD: 9.570 (9.376)	Grad: 0.261
[Epoch  96 (46.83s)]	ELBO: 1492.083 (1491.146)	Log prob: 1501.638 (1500.645)	KLD: 9.556 (9.499)	Grad: 0.229
[Epoch  97 (48.00s)]	ELBO: 1492.170 (1491.705)	Log prob: 1501.763 (1501.207)	KLD: 9.593 (9.502)	Grad: 0.229
[Epoch  98 (47.28s)]	ELBO: 1492.477 (1491.696)	Log prob: 1502.056 (1501.429)	KLD: 9.578 (9.733)	Grad: 0.219
[Epoch  99 (45.51s)]	ELBO: 1492.517 (1490.690)	Log prob: 1502.071 (1500.567)	KLD: 9.555 (9.878)	Grad: 0.241
[Epoch 100 (46.26s)]	ELBO: 1492.975 (1491.420)	Log prob: 1502.545 (1500.890)	KLD: 9.570 (9.469)	Grad: 0.227
[Epoch 101 (47.54s)]	ELBO: 1492.822 (1489.671)	Log prob: 1502.390 (1499.078)	KLD: 9.568 (9.407)	Grad: 0.250
[Epoch 102 (48.29s)]	ELBO: 1493.237 (1492.525)	Log prob: 1502.827 (1502.011)	KLD: 9.589 (9.486)	Grad: 0.220
[Epoch 103 (48.50s)]	ELBO: 1493.162 (1491.072)	Log prob: 1502.761 (1500.930)	KLD: 9.599 (9.858)	Grad: 0.244
[Epoch 104 (48.20s)]	ELBO: 1493.395 (1492.457)	Log prob: 1502.981 (1501.935)	KLD: 9.586 (9.477)	Grad: 0.236
[Epoch 105 (44.23s)]	ELBO: 1493.658 (1491.872)	Log prob: 1503.234 (1501.740)	KLD: 9.576 (9.868)	Grad: 0.241
[Epoch 106 (41.19s)]	ELBO: 1493.378 (1492.942)	Log prob: 1503.002 (1502.356)	KLD: 9.625 (9.414)	Grad: 0.273
[Epoch 107 (40.50s)]	ELBO: 1494.078 (1491.634)	Log prob: 1503.684 (1500.709)	KLD: 9.607 (9.075)	Grad: 0.234
[Epoch 108 (40.02s)]	ELBO: 1494.156 (1493.131)	Log prob: 1503.758 (1502.844)	KLD: 9.602 (9.714)	Grad: 0.242
[Epoch 109 (41.39s)]	ELBO: 1494.135 (1493.231)	Log prob: 1503.753 (1502.718)	KLD: 9.618 (9.487)	Grad: 0.250
[Epoch 110 (41.37s)]	ELBO: 1494.486 (1493.497)	Log prob: 1504.094 (1503.087)	KLD: 9.608 (9.590)	Grad: 0.241
[Epoch 111 (40.86s)]	ELBO: 1494.692 (1493.593)	Log prob: 1504.336 (1503.442)	KLD: 9.643 (9.849)	Grad: 0.223
[Epoch 112 (40.24s)]	ELBO: 1494.745 (1493.976)	Log prob: 1504.371 (1503.713)	KLD: 9.626 (9.737)	Grad: 0.244
[Epoch 113 (42.25s)]	ELBO: 1494.480 (1492.617)	Log prob: 1504.129 (1502.064)	KLD: 9.648 (9.446)	Grad: 0.270
[Epoch 114 (39.97s)]	ELBO: 1494.668 (1493.292)	Log prob: 1504.310 (1502.833)	KLD: 9.642 (9.541)	Grad: 0.260
[Epoch 115 (39.87s)]	ELBO: 1495.143 (1493.305)	Log prob: 1504.787 (1502.819)	KLD: 9.644 (9.514)	Grad: 0.254
[Epoch 116 (39.39s)]	ELBO: 1495.100 (1494.833)	Log prob: 1504.756 (1504.363)	KLD: 9.656 (9.531)	Grad: 0.254
[Epoch 117 (39.02s)]	ELBO: 1495.643 (1495.101)	Log prob: 1505.291 (1504.580)	KLD: 9.648 (9.479)	Grad: 0.230
[Epoch 118 (38.17s)]	ELBO: 1495.513 (1493.987)	Log prob: 1505.170 (1503.432)	KLD: 9.657 (9.445)	Grad: 0.246
[Epoch 119 (40.62s)]	ELBO: 1495.515 (1494.902)	Log prob: 1505.220 (1504.435)	KLD: 9.705 (9.533)	Grad: 0.258
[Epoch 120 (38.32s)]	ELBO: 1495.990 (1495.424)	Log prob: 1505.655 (1504.838)	KLD: 9.665 (9.414)	Grad: 0.229
[Epoch 121 (37.00s)]	ELBO: 1495.743 (1494.829)	Log prob: 1505.451 (1504.207)	KLD: 9.708 (9.378)	Grad: 0.256
[Epoch 122 (37.89s)]	ELBO: 1496.074 (1494.944)	Log prob: 1505.776 (1504.787)	KLD: 9.702 (9.843)	Grad: 0.256
[Epoch 123 (36.43s)]	ELBO: 1496.106 (1494.939)	Log prob: 1505.819 (1504.269)	KLD: 9.713 (9.330)	Grad: 0.253
[Epoch 124 (34.66s)]	ELBO: 1496.298 (1495.076)	Log prob: 1505.996 (1504.737)	KLD: 9.697 (9.661)	Grad: 0.255
[Epoch 125 (33.77s)]	ELBO: 1496.515 (1495.405)	Log prob: 1506.224 (1505.047)	KLD: 9.710 (9.642)	Grad: 0.255
[Epoch 126 (35.01s)]	ELBO: 1496.642 (1494.175)	Log prob: 1506.329 (1503.916)	KLD: 9.687 (9.742)	Grad: 0.235
[Epoch 127 (34.94s)]	ELBO: 1496.733 (1493.677)	Log prob: 1506.460 (1503.064)	KLD: 9.727 (9.387)	Grad: 0.260
[Epoch 128 (35.39s)]	ELBO: 1496.713 (1496.103)	Log prob: 1506.446 (1505.757)	KLD: 9.733 (9.655)	Grad: 0.273
[Epoch 129 (34.73s)]	ELBO: 1496.886 (1495.874)	Log prob: 1506.574 (1505.971)	KLD: 9.688 (10.098)	Grad: 0.256
[Epoch 130 (35.37s)]	ELBO: 1497.022 (1496.963)	Log prob: 1506.734 (1506.558)	KLD: 9.712 (9.595)	Grad: 0.262
[Epoch 131 (36.42s)]	ELBO: 1497.430 (1496.645)	Log prob: 1507.140 (1505.989)	KLD: 9.710 (9.344)	Grad: 0.246
[Epoch 132 (35.31s)]	ELBO: 1497.268 (1496.016)	Log prob: 1507.008 (1505.798)	KLD: 9.740 (9.782)	Grad: 0.261
[Epoch 133 (34.95s)]	ELBO: 1497.435 (1495.192)	Log prob: 1507.191 (1505.324)	KLD: 9.756 (10.132)	Grad: 0.252
[Epoch 134 (34.20s)]	ELBO: 1497.593 (1495.641)	Log prob: 1507.356 (1505.415)	KLD: 9.763 (9.774)	Grad: 0.266
[Epoch 135 (35.49s)]	ELBO: 1497.633 (1495.306)	Log prob: 1507.426 (1504.994)	KLD: 9.793 (9.689)	Grad: 0.273
[Epoch 136 (35.70s)]	ELBO: 1497.990 (1493.766)	Log prob: 1507.733 (1503.296)	KLD: 9.744 (9.530)	Grad: 0.247
[Epoch 137 (35.66s)]	ELBO: 1497.866 (1495.727)	Log prob: 1507.635 (1505.653)	KLD: 9.768 (9.926)	Grad: 0.254
[Epoch 138 (35.94s)]	ELBO: 1498.172 (1493.606)	Log prob: 1507.957 (1503.107)	KLD: 9.786 (9.501)	Grad: 0.245
[Epoch 139 (34.95s)]	ELBO: 1498.235 (1496.291)	Log prob: 1508.032 (1505.614)	KLD: 9.798 (9.323)	Grad: 0.257
[Epoch 140 (32.92s)]	ELBO: 1498.416 (1496.421)	Log prob: 1508.165 (1506.393)	KLD: 9.749 (9.972)	Grad: 0.247
[Epoch 141 (32.42s)]	ELBO: 1498.132 (1496.732)	Log prob: 1507.879 (1506.703)	KLD: 9.748 (9.971)	Grad: 0.272
[Epoch 142 (31.77s)]	ELBO: 1498.693 (1497.799)	Log prob: 1508.449 (1507.739)	KLD: 9.755 (9.940)	Grad: 0.257
[Epoch 143 (32.75s)]	ELBO: 1498.783 (1498.055)	Log prob: 1508.570 (1507.795)	KLD: 9.787 (9.740)	Grad: 0.247
[Epoch 144 (31.33s)]	ELBO: 1498.572 (1497.921)	Log prob: 1508.348 (1507.687)	KLD: 9.776 (9.766)	Grad: 0.280
[Epoch 145 (31.77s)]	ELBO: 1498.751 (1496.710)	Log prob: 1508.554 (1505.965)	KLD: 9.803 (9.255)	Grad: 0.276
[Epoch 146 (32.10s)]	ELBO: 1498.555 (1497.527)	Log prob: 1508.378 (1507.718)	KLD: 9.823 (10.192)	Grad: 0.293
[Epoch 147 (32.03s)]	ELBO: 1499.116 (1498.231)	Log prob: 1508.907 (1507.715)	KLD: 9.791 (9.485)	Grad: 0.258
[Epoch 148 (32.27s)]	ELBO: 1499.215 (1496.720)	Log prob: 1509.021 (1506.713)	KLD: 9.806 (9.993)	Grad: 0.260
[Epoch 149 (32.29s)]	ELBO: 1499.578 (1497.913)	Log prob: 1509.384 (1507.860)	KLD: 9.806 (9.947)	Grad: 0.255
[Epoch 150 (30.13s)]	ELBO: 1499.223 (1497.729)	Log prob: 1509.047 (1507.211)	KLD: 9.824 (9.483)	Grad: 0.293
[Epoch 151 (28.86s)]	ELBO: 1499.421 (1499.184)	Log prob: 1509.227 (1509.004)	KLD: 9.807 (9.820)	Grad: 0.275
[Epoch 152 (29.07s)]	ELBO: 1499.624 (1498.268)	Log prob: 1509.438 (1508.152)	KLD: 9.814 (9.884)	Grad: 0.283
[Epoch 153 (30.29s)]	ELBO: 1499.694 (1497.522)	Log prob: 1509.522 (1507.489)	KLD: 9.828 (9.967)	Grad: 0.282
[Epoch 154 (30.28s)]	ELBO: 1500.038 (1497.897)	Log prob: 1509.873 (1508.165)	KLD: 9.835 (10.268)	Grad: 0.243
[Epoch 155 (30.63s)]	ELBO: 1499.788 (1498.762)	Log prob: 1509.611 (1508.145)	KLD: 9.824 (9.384)	Grad: 0.271
[Epoch 156 (30.05s)]	ELBO: 1500.003 (1496.872)	Log prob: 1509.837 (1506.798)	KLD: 9.834 (9.926)	Grad: 0.270
[Epoch 157 (29.62s)]	ELBO: 1500.094 (1499.112)	Log prob: 1509.913 (1509.145)	KLD: 9.819 (10.033)	Grad: 0.274
[Epoch 158 (29.11s)]	ELBO: 1500.398 (1499.542)	Log prob: 1510.220 (1509.244)	KLD: 9.822 (9.702)	Grad: 0.262
[Epoch 159 (29.88s)]	ELBO: 1500.188 (1498.746)	Log prob: 1510.015 (1508.481)	KLD: 9.827 (9.735)	Grad: 0.270
[Epoch 160 (29.89s)]	ELBO: 1500.240 (1497.592)	Log prob: 1510.081 (1507.669)	KLD: 9.841 (10.077)	Grad: 0.277
[Epoch 161 (28.85s)]	ELBO: 1500.782 (1498.330)	Log prob: 1510.608 (1507.889)	KLD: 9.826 (9.559)	Grad: 0.253
[Epoch 162 (29.74s)]	ELBO: 1500.602 (1498.992)	Log prob: 1510.420 (1508.804)	KLD: 9.818 (9.811)	Grad: 0.275
[Epoch 163 (28.76s)]	ELBO: 1500.697 (1499.969)	Log prob: 1510.524 (1510.016)	KLD: 9.827 (10.047)	Grad: 0.277
[Epoch 164 (28.37s)]	ELBO: 1500.835 (1498.860)	Log prob: 1510.696 (1508.673)	KLD: 9.861 (9.812)	Grad: 0.267
[Epoch 165 (28.68s)]	ELBO: 1501.043 (1499.338)	Log prob: 1510.898 (1509.232)	KLD: 9.855 (9.895)	Grad: 0.273
[Epoch 166 (30.21s)]	ELBO: 1500.993 (1499.211)	Log prob: 1510.886 (1508.793)	KLD: 9.894 (9.582)	Grad: 0.267
[Epoch 167 (30.64s)]	ELBO: 1501.168 (1499.193)	Log prob: 1511.043 (1509.004)	KLD: 9.875 (9.812)	Grad: 0.274
[Epoch 168 (29.18s)]	ELBO: 1500.994 (1500.352)	Log prob: 1510.886 (1510.114)	KLD: 9.893 (9.762)	Grad: 0.302
[Epoch 169 (29.13s)]	ELBO: 1501.502 (1499.767)	Log prob: 1511.400 (1509.357)	KLD: 9.898 (9.589)	Grad: 0.269
[Epoch 170 (29.16s)]	ELBO: 1501.194 (1497.488)	Log prob: 1511.062 (1506.982)	KLD: 9.868 (9.494)	Grad: 0.290
[Epoch 171 (29.41s)]	ELBO: 1501.456 (1499.875)	Log prob: 1511.349 (1509.993)	KLD: 9.894 (10.118)	Grad: 0.276
[Epoch 172 (29.28s)]	ELBO: 1501.636 (1500.459)	Log prob: 1511.539 (1510.069)	KLD: 9.903 (9.610)	Grad: 0.279
[Epoch 173 (27.53s)]	ELBO: 1501.582 (1500.798)	Log prob: 1511.488 (1510.728)	KLD: 9.905 (9.930)	Grad: 0.285
[Epoch 174 (26.23s)]	ELBO: 1501.875 (1497.924)	Log prob: 1511.770 (1507.874)	KLD: 9.895 (9.950)	Grad: 0.270
[Epoch 175 (25.60s)]	ELBO: 1501.973 (1500.934)	Log prob: 1511.864 (1510.676)	KLD: 9.891 (9.742)	Grad: 0.289
[Epoch 176 (25.12s)]	ELBO: 1502.036 (1501.105)	Log prob: 1511.942 (1511.143)	KLD: 9.907 (10.038)	Grad: 0.269
[Epoch 177 (25.75s)]	ELBO: 1502.189 (1499.877)	Log prob: 1512.090 (1509.616)	KLD: 9.901 (9.739)	Grad: 0.280
[Epoch 178 (24.74s)]	ELBO: 1502.067 (1501.712)	Log prob: 1511.987 (1511.714)	KLD: 9.920 (10.002)	Grad: 0.294
[Epoch 179 (25.52s)]	ELBO: 1502.333 (1501.530)	Log prob: 1512.235 (1511.574)	KLD: 9.902 (10.044)	Grad: 0.286
[Epoch 180 (24.95s)]	ELBO: 1502.163 (1498.639)	Log prob: 1512.086 (1508.547)	KLD: 9.924 (9.908)	Grad: 0.303
[Epoch 181 (25.25s)]	ELBO: 1502.481 (1501.094)	Log prob: 1512.409 (1510.774)	KLD: 9.928 (9.679)	Grad: 0.285
[Epoch 182 (26.04s)]	ELBO: 1502.583 (1501.856)	Log prob: 1512.513 (1511.673)	KLD: 9.930 (9.818)	Grad: 0.278
[Epoch 183 (26.04s)]	ELBO: 1502.630 (1500.426)	Log prob: 1512.548 (1510.538)	KLD: 9.919 (10.112)	Grad: 0.281
[Epoch 184 (24.54s)]	ELBO: 1502.796 (1501.724)	Log prob: 1512.695 (1511.300)	KLD: 9.898 (9.576)	Grad: 0.263
[Epoch 185 (24.41s)]	ELBO: 1502.637 (1501.176)	Log prob: 1512.563 (1511.035)	KLD: 9.926 (9.859)	Grad: 0.296
[Epoch 186 (24.45s)]	ELBO: 1503.119 (1500.314)	Log prob: 1513.060 (1509.730)	KLD: 9.941 (9.417)	Grad: 0.279
[Epoch 187 (26.30s)]	ELBO: 1502.937 (1501.545)	Log prob: 1512.869 (1511.631)	KLD: 9.931 (10.086)	Grad: 0.295
[Epoch 188 (24.95s)]	ELBO: 1502.986 (1501.477)	Log prob: 1512.939 (1511.497)	KLD: 9.954 (10.020)	Grad: 0.292
[Epoch 189 (26.51s)]	ELBO: 1503.332 (1501.646)	Log prob: 1513.262 (1511.394)	KLD: 9.930 (9.747)	Grad: 0.268
[Epoch 190 (24.46s)]	ELBO: 1503.292 (1500.766)	Log prob: 1513.232 (1510.951)	KLD: 9.940 (10.185)	Grad: 0.295
[Epoch 191 (24.91s)]	ELBO: 1503.507 (1501.826)	Log prob: 1513.462 (1511.353)	KLD: 9.954 (9.527)	Grad: 0.274
[Epoch 192 (24.58s)]	ELBO: 1502.999 (1500.624)	Log prob: 1512.940 (1510.626)	KLD: 9.941 (10.003)	Grad: 0.327
[Epoch 193 (24.73s)]	ELBO: 1503.494 (1501.661)	Log prob: 1513.439 (1511.717)	KLD: 9.945 (10.056)	Grad: 0.289
[Epoch 194 (24.30s)]	ELBO: 1503.411 (1502.172)	Log prob: 1513.378 (1511.760)	KLD: 9.967 (9.588)	Grad: 0.298
[Epoch 195 (24.81s)]	ELBO: 1503.702 (1501.928)	Log prob: 1513.648 (1512.046)	KLD: 9.946 (10.118)	Grad: 0.281
[Epoch 196 (23.30s)]	ELBO: 1503.716 (1502.335)	Log prob: 1513.652 (1512.356)	KLD: 9.936 (10.021)	Grad: 0.284
[Epoch 197 (25.35s)]	ELBO: 1503.713 (1500.919)	Log prob: 1513.663 (1510.660)	KLD: 9.951 (9.741)	Grad: 0.292
[Epoch 198 (24.41s)]	ELBO: 1503.515 (1503.092)	Log prob: 1513.514 (1512.775)	KLD: 9.998 (9.683)	Grad: 0.307
[Epoch 199 (25.17s)]	ELBO: 1503.785 (1497.149)	Log prob: 1513.785 (1507.050)	KLD: 9.999 (9.902)	Grad: 0.309
[Epoch 200 (24.65s)]	ELBO: 1504.039 (1502.800)	Log prob: 1514.002 (1512.842)	KLD: 9.964 (10.042)	Grad: 0.299
[Epoch 201 (25.45s)]	ELBO: 1503.985 (1502.252)	Log prob: 1513.976 (1512.148)	KLD: 9.991 (9.896)	Grad: 0.301
[Epoch 202 (27.02s)]	ELBO: 1503.971 (1500.032)	Log prob: 1513.956 (1510.395)	KLD: 9.985 (10.363)	Grad: 0.310
[Epoch 203 (26.61s)]	ELBO: 1504.380 (1503.182)	Log prob: 1514.349 (1513.071)	KLD: 9.968 (9.889)	Grad: 0.267
[Epoch 204 (26.72s)]	ELBO: 1504.280 (1502.837)	Log prob: 1514.253 (1512.763)	KLD: 9.973 (9.926)	Grad: 0.284
[Epoch 205 (25.99s)]	ELBO: 1504.438 (1502.302)	Log prob: 1514.430 (1512.100)	KLD: 9.992 (9.798)	Grad: 0.285
[Epoch 206 (24.90s)]	ELBO: 1504.158 (1502.688)	Log prob: 1514.164 (1512.286)	KLD: 10.006 (9.598)	Grad: 0.314
[Epoch 207 (25.52s)]	ELBO: 1504.597 (1500.761)	Log prob: 1514.554 (1511.246)	KLD: 9.957 (10.485)	Grad: 0.294
[Epoch 208 (25.01s)]	ELBO: 1504.632 (1503.452)	Log prob: 1514.596 (1513.709)	KLD: 9.964 (10.257)	Grad: 0.292
[Epoch 209 (24.61s)]	ELBO: 1504.747 (1502.518)	Log prob: 1514.741 (1512.288)	KLD: 9.994 (9.770)	Grad: 0.286
[Epoch 210 (22.80s)]	ELBO: 1504.613 (1503.880)	Log prob: 1514.608 (1513.795)	KLD: 9.995 (9.915)	Grad: 0.296
[Epoch 211 (22.72s)]	ELBO: 1504.706 (1503.903)	Log prob: 1514.670 (1513.668)	KLD: 9.964 (9.765)	Grad: 0.297
[Epoch 212 (23.54s)]	ELBO: 1504.603 (1503.960)	Log prob: 1514.601 (1514.067)	KLD: 9.998 (10.106)	Grad: 0.317
[Epoch 213 (22.32s)]	ELBO: 1504.980 (1503.949)	Log prob: 1514.979 (1514.232)	KLD: 9.999 (10.283)	Grad: 0.286
[Epoch 214 (22.52s)]	ELBO: 1504.886 (1500.843)	Log prob: 1514.884 (1510.387)	KLD: 9.998 (9.544)	Grad: 0.322
[Epoch 215 (22.95s)]	ELBO: 1505.047 (1504.152)	Log prob: 1515.021 (1514.271)	KLD: 9.974 (10.119)	Grad: 0.305
[Epoch 216 (22.47s)]	ELBO: 1505.197 (1500.288)	Log prob: 1515.192 (1510.264)	KLD: 9.995 (9.976)	Grad: 0.292
[Epoch 217 (22.18s)]	ELBO: 1505.286 (1503.998)	Log prob: 1515.287 (1513.789)	KLD: 10.001 (9.791)	Grad: 0.284
[Epoch 218 (23.72s)]	ELBO: 1505.093 (1502.778)	Log prob: 1515.076 (1512.556)	KLD: 9.984 (9.778)	Grad: 0.319
[Epoch 219 (23.63s)]	ELBO: 1505.255 (1503.161)	Log prob: 1515.245 (1513.241)	KLD: 9.989 (10.080)	Grad: 0.300
[Epoch 220 (22.90s)]	ELBO: 1505.674 (1502.539)	Log prob: 1515.684 (1512.759)	KLD: 10.010 (10.220)	Grad: 0.280
[Epoch 221 (23.87s)]	ELBO: 1505.470 (1501.936)	Log prob: 1515.473 (1511.395)	KLD: 10.003 (9.459)	Grad: 0.295
[Epoch 222 (24.12s)]	ELBO: 1504.833 (1498.241)	Log prob: 1514.826 (1507.997)	KLD: 9.993 (9.756)	Grad: 0.362
[Epoch 223 (23.18s)]	ELBO: 1505.577 (1501.872)	Log prob: 1515.589 (1511.986)	KLD: 10.012 (10.114)	Grad: 0.315
[Epoch 224 (22.95s)]	ELBO: 1505.227 (1503.273)	Log prob: 1515.247 (1512.898)	KLD: 10.019 (9.625)	Grad: 0.350
[Epoch 225 (23.18s)]	ELBO: 1505.760 (1504.038)	Log prob: 1515.775 (1513.808)	KLD: 10.015 (9.770)	Grad: 0.287
[Epoch 226 (22.77s)]	ELBO: 1505.901 (1504.466)	Log prob: 1515.903 (1514.453)	KLD: 10.001 (9.987)	Grad: 0.299
[Epoch 227 (21.76s)]	ELBO: 1505.773 (1503.208)	Log prob: 1515.782 (1513.361)	KLD: 10.008 (10.153)	Grad: 0.301
[Epoch 228 (22.32s)]	ELBO: 1505.674 (1504.780)	Log prob: 1515.695 (1514.615)	KLD: 10.021 (9.835)	Grad: 0.332
[Epoch 229 (23.54s)]	ELBO: 1506.042 (1503.118)	Log prob: 1516.078 (1512.807)	KLD: 10.036 (9.689)	Grad: 0.293
[Epoch 230 (22.26s)]	ELBO: 1505.840 (1502.683)	Log prob: 1515.865 (1513.057)	KLD: 10.025 (10.374)	Grad: 0.309
[Epoch 231 (22.70s)]	ELBO: 1506.285 (1504.180)	Log prob: 1516.310 (1514.122)	KLD: 10.024 (9.943)	Grad: 0.296
[Epoch 232 (23.10s)]	ELBO: 1505.928 (1504.546)	Log prob: 1515.958 (1514.638)	KLD: 10.030 (10.092)	Grad: 0.305
[Epoch 233 (22.96s)]	ELBO: 1505.919 (1504.966)	Log prob: 1515.963 (1514.959)	KLD: 10.044 (9.993)	Grad: 0.327
[Epoch 234 (23.88s)]	ELBO: 1506.531 (1503.697)	Log prob: 1516.550 (1514.053)	KLD: 10.019 (10.356)	Grad: 0.287
[Epoch 235 (22.38s)]	ELBO: 1506.067 (1504.037)	Log prob: 1516.103 (1514.081)	KLD: 10.036 (10.044)	Grad: 0.326
[Epoch 236 (24.12s)]	ELBO: 1506.473 (1500.324)	Log prob: 1516.519 (1510.272)	KLD: 10.046 (9.948)	Grad: 0.306
[Epoch 237 (22.70s)]	ELBO: 1506.342 (1505.251)	Log prob: 1516.390 (1515.134)	KLD: 10.048 (9.882)	Grad: 0.316
[Epoch 238 (22.90s)]	ELBO: 1506.338 (1504.073)	Log prob: 1516.373 (1514.010)	KLD: 10.034 (9.936)	Grad: 0.330
[Epoch 239 (21.75s)]	ELBO: 1506.458 (1504.122)	Log prob: 1516.487 (1514.185)	KLD: 10.029 (10.064)	Grad: 0.301
[Epoch 240 (22.58s)]	ELBO: 1506.264 (1504.083)	Log prob: 1516.305 (1514.000)	KLD: 10.041 (9.917)	Grad: 0.333
[Epoch 241 (22.67s)]	ELBO: 1506.488 (1504.247)	Log prob: 1516.541 (1514.052)	KLD: 10.052 (9.805)	Grad: 0.318
[Epoch 242 (22.52s)]	ELBO: 1506.743 (1504.610)	Log prob: 1516.786 (1514.486)	KLD: 10.043 (9.876)	Grad: 0.289
[Epoch 243 (22.50s)]	ELBO: 1506.577 (1505.141)	Log prob: 1516.609 (1515.288)	KLD: 10.032 (10.147)	Grad: 0.337
[Epoch 244 (23.28s)]	ELBO: 1506.857 (1504.904)	Log prob: 1516.906 (1515.126)	KLD: 10.049 (10.222)	Grad: 0.312
[Epoch 245 (22.11s)]	ELBO: 1506.889 (1504.437)	Log prob: 1516.943 (1514.412)	KLD: 10.054 (9.975)	Grad: 0.308
[Epoch 246 (22.90s)]	ELBO: 1506.870 (1504.837)	Log prob: 1516.890 (1514.767)	KLD: 10.020 (9.930)	Grad: 0.315
[Epoch 247 (21.91s)]	ELBO: 1506.771 (1504.193)	Log prob: 1516.813 (1514.324)	KLD: 10.042 (10.132)	Grad: 0.320
[Epoch 248 (22.57s)]	ELBO: 1506.862 (1504.490)	Log prob: 1516.902 (1514.474)	KLD: 10.041 (9.983)	Grad: 0.334
[Epoch 249 (23.58s)]	ELBO: 1507.310 (1505.089)	Log prob: 1517.363 (1514.940)	KLD: 10.053 (9.851)	Grad: 0.287
[Epoch 250 (23.61s)]	ELBO: 1507.122 (1504.656)	Log prob: 1517.153 (1514.641)	KLD: 10.031 (9.985)	Grad: 0.322
Training model 2/3...
[Epoch   1 (24.93s)]	ELBO: 15.224 (1049.104)	Log prob: 18.747 (1063.566)	KLD: 3.523 (14.462)	Grad: 0.035
[Epoch   2 (23.50s)]	ELBO: 24.291 (1050.990)	Log prob: 28.442 (1065.387)	KLD: 4.151 (14.397)	Grad: 0.043
[Epoch   3 (24.00s)]	ELBO: 25.768 (1052.229)	Log prob: 29.932 (1066.548)	KLD: 4.164 (14.319)	Grad: 0.051
[Epoch   4 (23.92s)]	ELBO: 26.880 (1054.079)	Log prob: 31.079 (1068.355)	KLD: 4.200 (14.276)	Grad: 0.051
[Epoch   5 (23.89s)]	ELBO: 27.547 (1054.990)	Log prob: 31.779 (1069.496)	KLD: 4.231 (14.506)	Grad: 0.057
[Epoch   6 (24.64s)]	ELBO: 28.106 (1055.420)	Log prob: 32.382 (1069.713)	KLD: 4.276 (14.293)	Grad: 0.060
[Epoch   7 (24.11s)]	ELBO: 28.535 (1054.756)	Log prob: 32.814 (1069.307)	KLD: 4.278 (14.551)	Grad: 0.060
[Epoch   8 (23.79s)]	ELBO: 28.871 (1054.627)	Log prob: 33.177 (1068.872)	KLD: 4.306 (14.244)	Grad: 0.062
[Epoch   9 (23.51s)]	ELBO: 29.148 (1056.837)	Log prob: 33.464 (1071.151)	KLD: 4.317 (14.314)	Grad: 0.062
[Epoch  10 (23.62s)]	ELBO: 29.403 (1056.072)	Log prob: 33.728 (1070.392)	KLD: 4.326 (14.320)	Grad: 0.066
[Epoch  11 (22.96s)]	ELBO: 29.620 (1056.190)	Log prob: 33.940 (1070.263)	KLD: 4.320 (14.073)	Grad: 0.067
[Epoch  12 (23.98s)]	ELBO: 29.721 (1055.645)	Log prob: 34.059 (1070.111)	KLD: 4.338 (14.466)	Grad: 0.072
[Epoch  13 (24.53s)]	ELBO: 29.890 (1057.100)	Log prob: 34.243 (1071.643)	KLD: 4.353 (14.543)	Grad: 0.072
[Epoch  14 (25.09s)]	ELBO: 30.050 (1056.537)	Log prob: 34.408 (1071.072)	KLD: 4.358 (14.536)	Grad: 0.069
[Epoch  15 (24.47s)]	ELBO: 30.204 (1056.755)	Log prob: 34.571 (1071.164)	KLD: 4.367 (14.409)	Grad: 0.067
[Epoch  16 (24.91s)]	ELBO: 30.276 (1057.215)	Log prob: 34.657 (1071.689)	KLD: 4.381 (14.473)	Grad: 0.072
[Epoch  17 (23.47s)]	ELBO: 30.273 (1054.200)	Log prob: 34.675 (1068.798)	KLD: 4.401 (14.598)	Grad: 0.079
[Epoch  18 (23.71s)]	ELBO: 30.424 (1057.718)	Log prob: 34.838 (1072.134)	KLD: 4.414 (14.416)	Grad: 0.076
[Epoch  19 (23.96s)]	ELBO: 30.614 (1056.997)	Log prob: 35.024 (1071.467)	KLD: 4.410 (14.470)	Grad: 0.075
[Epoch  20 (24.50s)]	ELBO: 30.724 (1056.470)	Log prob: 35.158 (1070.905)	KLD: 4.434 (14.435)	Grad: 0.073
[Epoch  21 (24.04s)]	ELBO: 30.713 (1057.806)	Log prob: 35.165 (1072.152)	KLD: 4.453 (14.346)	Grad: 0.079
[Epoch  22 (24.48s)]	ELBO: 30.827 (1057.180)	Log prob: 35.284 (1071.776)	KLD: 4.456 (14.595)	Grad: 0.080
[Epoch  23 (22.71s)]	ELBO: 30.896 (1057.354)	Log prob: 35.353 (1071.878)	KLD: 4.457 (14.524)	Grad: 0.080
[Epoch  24 (24.46s)]	ELBO: 30.924 (1056.627)	Log prob: 35.405 (1071.120)	KLD: 4.481 (14.493)	Grad: 0.084
[Epoch  25 (24.32s)]	ELBO: 31.105 (1055.794)	Log prob: 35.602 (1070.418)	KLD: 4.498 (14.624)	Grad: 0.072
[Epoch  26 (23.85s)]	ELBO: 31.138 (1057.710)	Log prob: 35.661 (1072.325)	KLD: 4.523 (14.615)	Grad: 0.078
[Epoch  27 (24.24s)]	ELBO: 31.160 (1057.906)	Log prob: 35.677 (1072.358)	KLD: 4.517 (14.453)	Grad: 0.082
[Epoch  28 (24.22s)]	ELBO: 31.270 (1056.803)	Log prob: 35.799 (1071.363)	KLD: 4.529 (14.559)	Grad: 0.080
[Epoch  29 (25.02s)]	ELBO: 31.341 (1057.306)	Log prob: 35.883 (1072.078)	KLD: 4.541 (14.772)	Grad: 0.081
[Epoch  30 (25.30s)]	ELBO: 31.407 (1058.302)	Log prob: 35.970 (1072.779)	KLD: 4.563 (14.477)	Grad: 0.083
[Epoch  31 (25.16s)]	ELBO: 31.478 (1058.124)	Log prob: 36.046 (1072.426)	KLD: 4.567 (14.302)	Grad: 0.081
[Epoch  32 (24.15s)]	ELBO: 31.548 (1058.165)	Log prob: 36.136 (1072.650)	KLD: 4.588 (14.485)	Grad: 0.079
[Epoch  33 (24.82s)]	ELBO: 31.554 (1058.140)	Log prob: 36.149 (1072.733)	KLD: 4.595 (14.593)	Grad: 0.086
[Epoch  34 (24.98s)]	ELBO: 31.568 (1056.339)	Log prob: 36.185 (1070.894)	KLD: 4.617 (14.555)	Grad: 0.089
[Epoch  35 (24.45s)]	ELBO: 31.644 (1058.281)	Log prob: 36.279 (1072.930)	KLD: 4.635 (14.649)	Grad: 0.088
[Epoch  36 (25.16s)]	ELBO: 31.757 (1058.526)	Log prob: 36.384 (1073.242)	KLD: 4.627 (14.716)	Grad: 0.089
[Epoch  37 (25.16s)]	ELBO: 31.854 (1057.381)	Log prob: 36.482 (1072.098)	KLD: 4.628 (14.717)	Grad: 0.084
[Epoch  38 (25.02s)]	ELBO: 31.860 (1058.246)	Log prob: 36.513 (1073.008)	KLD: 4.654 (14.761)	Grad: 0.085
[Epoch  39 (24.05s)]	ELBO: 31.945 (1056.961)	Log prob: 36.613 (1071.564)	KLD: 4.668 (14.604)	Grad: 0.082
[Epoch  40 (24.46s)]	ELBO: 31.879 (1057.703)	Log prob: 36.569 (1072.266)	KLD: 4.690 (14.563)	Grad: 0.090
[Epoch  41 (23.21s)]	ELBO: 32.058 (1058.475)	Log prob: 36.738 (1072.994)	KLD: 4.680 (14.519)	Grad: 0.086
[Epoch  42 (23.27s)]	ELBO: 32.092 (1058.341)	Log prob: 36.808 (1073.030)	KLD: 4.716 (14.689)	Grad: 0.083
[Epoch  43 (24.26s)]	ELBO: 32.068 (1058.299)	Log prob: 36.762 (1072.945)	KLD: 4.694 (14.646)	Grad: 0.089
[Epoch  44 (24.23s)]	ELBO: 32.154 (1058.369)	Log prob: 36.873 (1072.981)	KLD: 4.720 (14.613)	Grad: 0.086
[Epoch  45 (25.36s)]	ELBO: 32.134 (1058.331)	Log prob: 36.886 (1072.948)	KLD: 4.752 (14.617)	Grad: 0.092
[Epoch  46 (23.98s)]	ELBO: 32.201 (1057.412)	Log prob: 36.938 (1072.483)	KLD: 4.737 (15.071)	Grad: 0.093
[Epoch  47 (23.40s)]	ELBO: 32.329 (1057.727)	Log prob: 37.087 (1072.573)	KLD: 4.758 (14.846)	Grad: 0.082
[Epoch  48 (24.23s)]	ELBO: 32.272 (1058.262)	Log prob: 37.042 (1072.919)	KLD: 4.770 (14.658)	Grad: 0.094
[Epoch  49 (23.70s)]	ELBO: 32.324 (1058.282)	Log prob: 37.097 (1072.887)	KLD: 4.772 (14.605)	Grad: 0.092
[Epoch  50 (19.22s)]	ELBO: 32.392 (1058.679)	Log prob: 37.198 (1073.278)	KLD: 4.806 (14.598)	Grad: 0.090
[Epoch  51 (19.80s)]	ELBO: 32.355 (1058.062)	Log prob: 37.158 (1072.886)	KLD: 4.803 (14.824)	Grad: 0.099
[Epoch  52 (19.82s)]	ELBO: 32.521 (1058.455)	Log prob: 37.351 (1073.288)	KLD: 4.830 (14.834)	Grad: 0.083
[Epoch  53 (19.04s)]	ELBO: 32.434 (1058.840)	Log prob: 37.281 (1073.771)	KLD: 4.848 (14.931)	Grad: 0.097
[Epoch  54 (19.17s)]	ELBO: 32.529 (1058.851)	Log prob: 37.377 (1073.571)	KLD: 4.847 (14.721)	Grad: 0.094
[Epoch  55 (18.76s)]	ELBO: 32.564 (1055.799)	Log prob: 37.415 (1070.529)	KLD: 4.851 (14.730)	Grad: 0.092
[Epoch  56 (19.32s)]	ELBO: 32.596 (1058.484)	Log prob: 37.465 (1073.238)	KLD: 4.870 (14.754)	Grad: 0.094
[Epoch  57 (19.19s)]	ELBO: 32.581 (1058.080)	Log prob: 37.458 (1072.929)	KLD: 4.877 (14.849)	Grad: 0.100
[Epoch  58 (19.20s)]	ELBO: 32.754 (1059.668)	Log prob: 37.646 (1074.443)	KLD: 4.893 (14.775)	Grad: 0.086
[Epoch  59 (18.79s)]	ELBO: 32.731 (1058.898)	Log prob: 37.638 (1073.731)	KLD: 4.908 (14.833)	Grad: 0.093
[Epoch  60 (20.95s)]	ELBO: 32.775 (1057.764)	Log prob: 37.669 (1072.718)	KLD: 4.894 (14.954)	Grad: 0.096
[Epoch  61 (20.24s)]	ELBO: 32.778 (1058.970)	Log prob: 37.693 (1073.689)	KLD: 4.915 (14.719)	Grad: 0.090
[Epoch  62 (20.11s)]	ELBO: 32.841 (1058.552)	Log prob: 37.761 (1073.664)	KLD: 4.920 (15.112)	Grad: 0.093
[Epoch  63 (20.21s)]	ELBO: 32.803 (1056.634)	Log prob: 37.731 (1071.555)	KLD: 4.928 (14.921)	Grad: 0.097
[Epoch  64 (19.65s)]	ELBO: 32.828 (1058.363)	Log prob: 37.756 (1073.408)	KLD: 4.928 (15.044)	Grad: 0.098
[Epoch  65 (19.51s)]	ELBO: 32.862 (1058.339)	Log prob: 37.814 (1073.101)	KLD: 4.952 (14.762)	Grad: 0.098
[Epoch  66 (20.17s)]	ELBO: 32.942 (1059.236)	Log prob: 37.878 (1074.150)	KLD: 4.935 (14.914)	Grad: 0.100
[Epoch  67 (19.52s)]	ELBO: 32.958 (1059.626)	Log prob: 37.913 (1074.496)	KLD: 4.955 (14.871)	Grad: 0.097
[Epoch  68 (19.56s)]	ELBO: 33.017 (1058.660)	Log prob: 37.967 (1073.583)	KLD: 4.950 (14.923)	Grad: 0.092
[Epoch  69 (19.72s)]	ELBO: 33.005 (1057.722)	Log prob: 37.969 (1073.031)	KLD: 4.964 (15.309)	Grad: 0.100
[Epoch  70 (18.75s)]	ELBO: 33.069 (1058.530)	Log prob: 38.047 (1073.554)	KLD: 4.979 (15.025)	Grad: 0.091
[Epoch  71 (20.12s)]	ELBO: 33.078 (1059.028)	Log prob: 38.066 (1074.148)	KLD: 4.988 (15.120)	Grad: 0.098
[Epoch  72 (18.71s)]	ELBO: 33.126 (1059.297)	Log prob: 38.116 (1074.236)	KLD: 4.991 (14.939)	Grad: 0.095
[Epoch  73 (19.29s)]	ELBO: 33.163 (1059.096)	Log prob: 38.161 (1074.012)	KLD: 4.998 (14.916)	Grad: 0.097
[Epoch  74 (19.17s)]	ELBO: 33.094 (1058.625)	Log prob: 38.098 (1073.450)	KLD: 5.005 (14.825)	Grad: 0.097
[Epoch  75 (19.58s)]	ELBO: 33.085 (1059.329)	Log prob: 38.086 (1074.112)	KLD: 5.001 (14.783)	Grad: 0.102
[Epoch  76 (17.78s)]	ELBO: 33.176 (1058.464)	Log prob: 38.193 (1073.361)	KLD: 5.017 (14.897)	Grad: 0.104
[Epoch  77 (16.59s)]	ELBO: 33.120 (1059.395)	Log prob: 38.140 (1074.201)	KLD: 5.020 (14.805)	Grad: 0.107
[Epoch  78 (16.85s)]	ELBO: 33.273 (1059.459)	Log prob: 38.294 (1074.368)	KLD: 5.021 (14.909)	Grad: 0.097
[Epoch  79 (17.12s)]	ELBO: 33.198 (1058.428)	Log prob: 38.238 (1073.194)	KLD: 5.040 (14.766)	Grad: 0.100
[Epoch  80 (16.62s)]	ELBO: 33.310 (1059.362)	Log prob: 38.344 (1074.310)	KLD: 5.034 (14.948)	Grad: 0.098
[Epoch  81 (16.94s)]	ELBO: 33.216 (1059.257)	Log prob: 38.246 (1074.366)	KLD: 5.030 (15.110)	Grad: 0.106
[Epoch  82 (17.51s)]	ELBO: 33.312 (1058.801)	Log prob: 38.357 (1073.797)	KLD: 5.045 (14.996)	Grad: 0.096
No improvement after 25 epochs...
Training model 3/3...
[Epoch   1 (18.31s)]	ELBO: 6.076 (1075.205)	Log prob: 7.990 (1093.209)	KLD: 1.914 (18.003)	Grad: 0.043
[Epoch   2 (16.69s)]	ELBO: 12.614 (1078.948)	Log prob: 15.721 (1097.035)	KLD: 3.107 (18.087)	Grad: 0.062
[Epoch   3 (17.70s)]	ELBO: 14.126 (1078.897)	Log prob: 17.393 (1097.308)	KLD: 3.268 (18.411)	Grad: 0.063
[Epoch   4 (17.42s)]	ELBO: 15.320 (1080.396)	Log prob: 18.704 (1098.836)	KLD: 3.385 (18.441)	Grad: 0.067
[Epoch   5 (17.46s)]	ELBO: 15.910 (1076.494)	Log prob: 19.305 (1094.742)	KLD: 3.396 (18.248)	Grad: 0.067
[Epoch   6 (17.09s)]	ELBO: 16.169 (1079.726)	Log prob: 19.598 (1098.270)	KLD: 3.429 (18.544)	Grad: 0.076
[Epoch   7 (17.85s)]	ELBO: 16.460 (1079.173)	Log prob: 19.943 (1097.540)	KLD: 3.483 (18.367)	Grad: 0.074
[Epoch   8 (17.36s)]	ELBO: 16.684 (1078.206)	Log prob: 20.198 (1096.588)	KLD: 3.515 (18.382)	Grad: 0.075
[Epoch   9 (17.75s)]	ELBO: 16.831 (1078.376)	Log prob: 20.369 (1096.862)	KLD: 3.538 (18.485)	Grad: 0.079
[Epoch  10 (16.58s)]	ELBO: 17.016 (1080.009)	Log prob: 20.575 (1098.667)	KLD: 3.559 (18.657)	Grad: 0.080
[Epoch  11 (17.59s)]	ELBO: 17.193 (1079.383)	Log prob: 20.771 (1097.785)	KLD: 3.578 (18.402)	Grad: 0.077
[Epoch  12 (17.85s)]	ELBO: 17.310 (1077.719)	Log prob: 20.921 (1096.007)	KLD: 3.611 (18.288)	Grad: 0.079
[Epoch  13 (17.64s)]	ELBO: 17.387 (1076.835)	Log prob: 21.015 (1095.300)	KLD: 3.628 (18.465)	Grad: 0.084
[Epoch  14 (17.33s)]	ELBO: 17.503 (1077.699)	Log prob: 21.146 (1096.212)	KLD: 3.643 (18.513)	Grad: 0.085
[Epoch  15 (17.45s)]	ELBO: 17.576 (1079.498)	Log prob: 21.222 (1098.145)	KLD: 3.646 (18.647)	Grad: 0.085
[Epoch  16 (17.44s)]	ELBO: 17.566 (1080.136)	Log prob: 21.242 (1098.675)	KLD: 3.676 (18.539)	Grad: 0.092
[Epoch  17 (17.76s)]	ELBO: 17.757 (1079.224)	Log prob: 21.437 (1097.802)	KLD: 3.680 (18.578)	Grad: 0.086
[Epoch  18 (18.08s)]	ELBO: 17.849 (1079.220)	Log prob: 21.534 (1098.076)	KLD: 3.685 (18.855)	Grad: 0.083
[Epoch  19 (17.50s)]	ELBO: 17.957 (1075.380)	Log prob: 21.644 (1093.942)	KLD: 3.687 (18.563)	Grad: 0.084
[Epoch  20 (17.29s)]	ELBO: 17.914 (1077.827)	Log prob: 21.638 (1096.563)	KLD: 3.723 (18.736)	Grad: 0.087
[Epoch  21 (17.42s)]	ELBO: 17.972 (1077.092)	Log prob: 21.720 (1095.636)	KLD: 3.748 (18.544)	Grad: 0.084
[Epoch  22 (16.93s)]	ELBO: 18.039 (1079.400)	Log prob: 21.784 (1098.071)	KLD: 3.745 (18.671)	Grad: 0.090
[Epoch  23 (17.66s)]	ELBO: 18.071 (1079.443)	Log prob: 21.831 (1098.090)	KLD: 3.760 (18.647)	Grad: 0.094
[Epoch  24 (17.90s)]	ELBO: 18.178 (1079.065)	Log prob: 21.943 (1097.886)	KLD: 3.766 (18.821)	Grad: 0.087
[Epoch  25 (17.94s)]	ELBO: 18.157 (1080.268)	Log prob: 21.928 (1098.982)	KLD: 3.771 (18.714)	Grad: 0.093
[Epoch  26 (17.46s)]	ELBO: 18.286 (1077.833)	Log prob: 22.078 (1096.420)	KLD: 3.791 (18.588)	Grad: 0.089
[Epoch  27 (17.75s)]	ELBO: 18.404 (1078.619)	Log prob: 22.181 (1097.585)	KLD: 3.777 (18.966)	Grad: 0.091
[Epoch  28 (15.46s)]	ELBO: 18.422 (1079.684)	Log prob: 22.232 (1098.306)	KLD: 3.811 (18.621)	Grad: 0.090
No improvement after 25 epochs...
Best epoch(s): [237, 58, 4]	Training time(s): 9288.68s, 1814.15s, 488.65s (11591.48s)	Best ELBO: 18.422 (1080.396)	Best log prob: 22.232 (1098.982)
Avg. mu: 0.913, 0.445, -0.343, -0.205, -0.234, -0.184
Avg. var: 0.006, 0.006, 0.020, 0.026, 0.074, 0.074
Max. mu: 6.205, 8.471, 4.101, 6.305, 5.614, 7.330
Max. var: 0.456, 0.342, 0.504, 0.553, 0.649, 0.422
Min. mu: -5.350, -5.126, -6.815, -7.980, -6.055, -3.625
Min. var: 0.000, 0.000, 0.000, 0.000, 0.002, 0.011
Cov. mu:
[[4.093 -2.199 0.201 -0.291 0.119 -0.049]
 [-2.199 4.801 -0.063 -0.143 -0.154 -0.043]
 [0.201 -0.063 1.514 -0.484 0.011 -0.130]
 [-0.291 -0.143 -0.484 2.302 0.185 0.247]
 [0.119 -0.154 0.011 0.185 1.866 0.140]
 [-0.049 -0.043 -0.130 0.247 0.140 1.406]]
