=================================================================
Layer (type:depth-idx)                   Param #
=================================================================
VAE                                      --
├─Encoder: 1-1                           --
│    └─Conv2d: 2-1                       112
│    └─Conv2d: 2-2                       136
│    └─Conv2d: 2-3                       584
│    └─Conv2d: 2-4                       528
│    └─Conv2d: 2-5                       2,320
│    └─Conv2d: 2-6                       2,080
│    └─Linear: 2-7                       262,656
│    └─Linear: 2-8                       262,656
├─Decoder: 1-2                           --
│    └─Linear: 2-9                       262,656
│    └─Linear: 2-10                      262,656
│    └─ConvTranspose2d: 2-11             2,064
│    └─ConvTranspose2d: 2-12             2,320
│    └─ConvTranspose2d: 2-13             520
│    └─ConvTranspose2d: 2-14             584
│    └─ConvTranspose2d: 2-15             132
│    └─ConvTranspose2d: 2-16             111
=================================================================
Total params: 1,062,115
Trainable params: 1,062,115
Non-trainable params: 0
=================================================================
=================================================================
Layer (type:depth-idx)                   Param #
=================================================================
VAE                                      --
├─Encoder: 1-1                           --
│    └─Conv2d: 2-1                       112
│    └─Conv2d: 2-2                       136
│    └─Conv2d: 2-3                       584
│    └─Conv2d: 2-4                       528
│    └─Conv2d: 2-5                       2,320
│    └─Conv2d: 2-6                       2,080
│    └─Linear: 2-7                       262,656
│    └─Linear: 2-8                       262,656
├─Decoder: 1-2                           --
│    └─Linear: 2-9                       262,656
│    └─Linear: 2-10                      262,656
│    └─ConvTranspose2d: 2-11             2,064
│    └─ConvTranspose2d: 2-12             2,320
│    └─ConvTranspose2d: 2-13             520
│    └─ConvTranspose2d: 2-14             584
│    └─ConvTranspose2d: 2-15             132
│    └─ConvTranspose2d: 2-16             111
=================================================================
Total params: 1,062,115
Trainable params: 1,062,115
Non-trainable params: 0
=================================================================
=================================================================
Layer (type:depth-idx)                   Param #
=================================================================
VAE                                      --
├─Encoder: 1-1                           --
│    └─Conv2d: 2-1                       112
│    └─Conv2d: 2-2                       136
│    └─Conv2d: 2-3                       584
│    └─Conv2d: 2-4                       528
│    └─Conv2d: 2-5                       2,320
│    └─Conv2d: 2-6                       2,080
│    └─Linear: 2-7                       262,656
│    └─Linear: 2-8                       262,656
├─Decoder: 1-2                           --
│    └─Linear: 2-9                       262,656
│    └─Linear: 2-10                      262,656
│    └─ConvTranspose2d: 2-11             2,064
│    └─ConvTranspose2d: 2-12             2,320
│    └─ConvTranspose2d: 2-13             520
│    └─ConvTranspose2d: 2-14             584
│    └─ConvTranspose2d: 2-15             132
│    └─ConvTranspose2d: 2-16             111
=================================================================
Total params: 1,062,115
Trainable params: 1,062,115
Non-trainable params: 0
=================================================================
=================================================================
Layer (type:depth-idx)                   Param #
=================================================================
VAE                                      --
├─Encoder: 1-1                           --
│    └─Conv2d: 2-1                       112
│    └─Conv2d: 2-2                       136
│    └─Conv2d: 2-3                       584
│    └─Conv2d: 2-4                       528
│    └─Conv2d: 2-5                       2,320
│    └─Conv2d: 2-6                       2,080
│    └─Linear: 2-7                       262,656
│    └─Linear: 2-8                       262,656
├─Decoder: 1-2                           --
│    └─Linear: 2-9                       262,656
│    └─Linear: 2-10                      262,656
│    └─ConvTranspose2d: 2-11             2,064
│    └─ConvTranspose2d: 2-12             2,320
│    └─ConvTranspose2d: 2-13             520
│    └─ConvTranspose2d: 2-14             584
│    └─ConvTranspose2d: 2-15             132
│    └─ConvTranspose2d: 2-16             111
=================================================================
Total params: 1,062,115
Trainable params: 1,062,115
Non-trainable params: 0
=================================================================
Training model 1/4...
[Epoch   1 (91.23s)]	ELBO: -20469.230 (-14195.751)	Log prob: -20339.481 (-14037.866)	KLD: 129.749 (157.885)
[Epoch   2 (91.75s)]	ELBO: -14000.233 (-12680.383)	Log prob: -13848.429 (-12517.424)	KLD: 151.804 (162.959)
[Epoch   3 (83.53s)]	ELBO: -11433.843 (-10475.049)	Log prob: -11253.176 (-10281.518)	KLD: 180.667 (193.532)
[Epoch   4 (73.35s)]	ELBO: -10190.504 (-9148.148)	Log prob: -10000.887 (-8940.274)	KLD: 189.617 (207.874)
[Epoch   5 (77.61s)]	ELBO: -8750.886 (-7790.664)	Log prob: -8540.415 (-7572.036)	KLD: 210.471 (218.628)
[Epoch   6 (76.19s)]	ELBO: -7402.788 (-6762.384)	Log prob: -7176.472 (-6538.223)	KLD: 226.316 (224.161)
[Epoch   7 (75.25s)]	ELBO: -6629.709 (-6440.846)	Log prob: -6400.638 (-6208.891)	KLD: 229.071 (231.955)
[Epoch   8 (73.10s)]	ELBO: -6361.881 (-6192.668)	Log prob: -6134.216 (-5967.028)	KLD: 227.666 (225.639)
[Epoch   9 (72.31s)]	ELBO: -5991.070 (-5542.199)	Log prob: -5759.602 (-5300.637)	KLD: 231.467 (241.562)
[Epoch  10 (71.46s)]	ELBO: -5423.644 (-5025.453)	Log prob: -5182.567 (-4783.356)	KLD: 241.077 (242.097)
[Epoch  11 (78.32s)]	ELBO: -4966.247 (-4675.943)	Log prob: -4719.089 (-4422.547)	KLD: 247.158 (253.396)
[Epoch  12 (72.57s)]	ELBO: -4632.924 (-4396.034)	Log prob: -4382.366 (-4142.298)	KLD: 250.557 (253.736)
[Epoch  13 (70.26s)]	ELBO: -4367.465 (-4142.884)	Log prob: -4114.070 (-3892.850)	KLD: 253.395 (250.034)
[Epoch  14 (69.93s)]	ELBO: -4222.615 (-4077.599)	Log prob: -3971.032 (-3823.062)	KLD: 251.583 (254.537)
[Epoch  15 (74.72s)]	ELBO: -4125.396 (-3928.178)	Log prob: -3874.446 (-3670.851)	KLD: 250.950 (257.327)
[Epoch  16 (73.60s)]	ELBO: -3761.943 (-3415.063)	Log prob: -3503.571 (-3151.423)	KLD: 258.372 (263.641)
[Epoch  17 (72.24s)]	ELBO: -3442.971 (-3159.942)	Log prob: -3177.120 (-2887.378)	KLD: 265.850 (272.564)
[Epoch  18 (72.09s)]	ELBO: -3242.021 (-3356.931)	Log prob: -2973.991 (-3089.593)	KLD: 268.029 (267.337)
[Epoch  19 (75.00s)]	ELBO: -3140.321 (-3006.474)	Log prob: -2872.965 (-2737.154)	KLD: 267.356 (269.321)
[Epoch  20 (72.04s)]	ELBO: -3087.224 (-3436.690)	Log prob: -2820.998 (-3168.984)	KLD: 266.226 (267.706)
[Epoch  21 (72.77s)]	ELBO: -2949.552 (-2918.726)	Log prob: -2681.391 (-2655.380)	KLD: 268.161 (263.347)
[Epoch  22 (78.23s)]	ELBO: -2799.918 (-2639.317)	Log prob: -2529.707 (-2370.981)	KLD: 270.211 (268.335)
[Epoch  23 (75.34s)]	ELBO: -2688.112 (-2518.921)	Log prob: -2417.130 (-2241.591)	KLD: 270.981 (277.331)
[Epoch  24 (72.02s)]	ELBO: -2569.557 (-2468.040)	Log prob: -2296.346 (-2192.823)	KLD: 273.211 (275.217)
[Epoch  25 (74.17s)]	ELBO: -2472.765 (-2369.796)	Log prob: -2199.060 (-2091.527)	KLD: 273.705 (278.269)
[Epoch  26 (71.60s)]	ELBO: -2339.491 (-2208.963)	Log prob: -2063.000 (-1928.496)	KLD: 276.491 (280.467)
[Epoch  27 (75.20s)]	ELBO: -2224.030 (-2071.868)	Log prob: -1946.051 (-1797.567)	KLD: 277.979 (274.301)
[Epoch  28 (72.71s)]	ELBO: -2097.891 (-1961.407)	Log prob: -1817.317 (-1676.904)	KLD: 280.575 (284.503)
[Epoch  29 (70.84s)]	ELBO: -1999.434 (-1878.864)	Log prob: -1717.364 (-1599.677)	KLD: 282.069 (279.187)
[Epoch  30 (70.78s)]	ELBO: -1942.820 (-1838.738)	Log prob: -1660.923 (-1557.620)	KLD: 281.898 (281.118)
[Epoch  31 (76.93s)]	ELBO: -1871.439 (-1756.799)	Log prob: -1589.125 (-1472.195)	KLD: 282.314 (284.604)
[Epoch  32 (72.65s)]	ELBO: -1803.335 (-1712.474)	Log prob: -1519.794 (-1431.096)	KLD: 283.541 (281.378)
[Epoch  33 (72.46s)]	ELBO: -1733.318 (-1573.425)	Log prob: -1449.034 (-1288.344)	KLD: 284.284 (285.081)
[Epoch  34 (72.42s)]	ELBO: -1621.408 (-1499.182)	Log prob: -1334.870 (-1208.579)	KLD: 286.538 (290.603)
[Epoch  35 (76.01s)]	ELBO: -1515.140 (-1377.555)	Log prob: -1224.239 (-1088.660)	KLD: 290.901 (288.895)
[Epoch  36 (73.60s)]	ELBO: -1416.365 (-1325.109)	Log prob: -1123.880 (-1030.525)	KLD: 292.485 (294.585)
[Epoch  37 (72.72s)]	ELBO: -1327.667 (-1191.553)	Log prob: -1033.211 (-896.292)	KLD: 294.457 (295.261)
[Epoch  38 (71.72s)]	ELBO: -1239.441 (-1157.476)	Log prob: -943.124 (-861.925)	KLD: 296.317 (295.551)
[Epoch  39 (75.40s)]	ELBO: -1199.632 (-1246.922)	Log prob: -902.536 (-946.308)	KLD: 297.096 (300.614)
[Epoch  40 (75.46s)]	ELBO: -1161.822 (-1067.700)	Log prob: -864.655 (-762.797)	KLD: 297.167 (304.903)
[Epoch  41 (72.86s)]	ELBO: -1118.514 (-1012.391)	Log prob: -821.462 (-712.213)	KLD: 297.052 (300.178)
[Epoch  42 (72.67s)]	ELBO: -1057.725 (-1040.976)	Log prob: -758.681 (-738.611)	KLD: 299.044 (302.365)
[Epoch  43 (75.13s)]	ELBO: -988.021 (-1361.994)	Log prob: -687.387 (-1067.487)	KLD: 300.633 (294.507)
[Epoch  44 (72.91s)]	ELBO: -953.341 (-826.031)	Log prob: -652.521 (-525.447)	KLD: 300.820 (300.584)
[Epoch  45 (73.27s)]	ELBO: -893.469 (-887.093)	Log prob: -591.601 (-586.520)	KLD: 301.868 (300.573)
[Epoch  46 (72.96s)]	ELBO: -837.410 (-745.869)	Log prob: -534.297 (-443.973)	KLD: 303.113 (301.896)
[Epoch  47 (75.42s)]	ELBO: -777.354 (-704.412)	Log prob: -472.704 (-402.904)	KLD: 304.650 (301.508)
[Epoch  48 (72.42s)]	ELBO: -712.527 (-617.215)	Log prob: -406.113 (-309.951)	KLD: 306.414 (307.264)
[Epoch  49 (72.35s)]	ELBO: -660.331 (-497.901)	Log prob: -352.001 (-188.107)	KLD: 308.330 (309.793)
[Epoch  50 (73.18s)]	ELBO: -593.009 (-586.308)	Log prob: -282.938 (-277.998)	KLD: 310.072 (308.310)
[Epoch  51 (77.62s)]	ELBO: -563.343 (-465.304)	Log prob: -253.772 (-152.817)	KLD: 309.571 (312.487)
[Epoch  52 (73.25s)]	ELBO: -534.713 (-411.571)	Log prob: -223.944 (-101.235)	KLD: 310.769 (310.336)
[Epoch  53 (69.96s)]	ELBO: -494.446 (-700.060)	Log prob: -182.974 (-386.261)	KLD: 311.472 (313.799)
[Epoch  54 (70.93s)]	ELBO: -470.960 (-680.991)	Log prob: -158.619 (-370.301)	KLD: 312.341 (310.690)
[Epoch  55 (75.52s)]	ELBO: -415.190 (-338.133)	Log prob: -101.361 (-25.903)	KLD: 313.829 (312.230)
[Epoch  56 (75.84s)]	ELBO: -394.514 (-364.562)	Log prob: -80.593 (-46.939)	KLD: 313.920 (317.623)
[Epoch  57 (72.23s)]	ELBO: -357.889 (-322.027)	Log prob: -43.029 (-5.431)	KLD: 314.860 (316.596)
[Epoch  58 (73.08s)]	ELBO: -320.317 (-234.485)	Log prob: -4.693 (79.332)	KLD: 315.624 (313.817)
[Epoch  59 (78.15s)]	ELBO: -266.678 (-233.797)	Log prob: 50.797 (87.017)	KLD: 317.475 (320.814)
[Epoch  60 (77.78s)]	ELBO: -221.547 (-147.007)	Log prob: 97.643 (169.881)	KLD: 319.190 (316.888)
[Epoch  61 (74.43s)]	ELBO: -196.930 (-149.991)	Log prob: 123.269 (162.127)	KLD: 320.199 (312.118)
[Epoch  62 (71.27s)]	ELBO: -167.632 (-110.729)	Log prob: 152.673 (210.252)	KLD: 320.306 (320.980)
[Epoch  63 (78.49s)]	ELBO: -146.173 (-36.221)	Log prob: 174.426 (286.312)	KLD: 320.599 (322.533)
[Epoch  64 (74.65s)]	ELBO: -123.420 (-113.349)	Log prob: 198.239 (209.775)	KLD: 321.659 (323.124)
[Epoch  65 (72.50s)]	ELBO: -95.559 (-77.332)	Log prob: 226.454 (238.838)	KLD: 322.013 (316.170)
[Epoch  66 (72.58s)]	ELBO: -64.243 (-102.350)	Log prob: 258.040 (219.139)	KLD: 322.283 (321.489)
[Epoch  67 (75.04s)]	ELBO: -35.527 (-52.895)	Log prob: 287.970 (266.560)	KLD: 323.497 (319.455)
[Epoch  68 (74.64s)]	ELBO: 6.312 (-114.156)	Log prob: 331.151 (214.278)	KLD: 324.839 (328.434)
[Epoch  69 (71.34s)]	ELBO: 37.655 (120.900)	Log prob: 363.731 (450.834)	KLD: 326.076 (329.933)
[Epoch  70 (72.27s)]	ELBO: 65.654 (19.153)	Log prob: 392.767 (352.365)	KLD: 327.112 (333.211)
[Epoch  71 (77.39s)]	ELBO: 101.423 (136.584)	Log prob: 430.326 (469.348)	KLD: 328.903 (332.764)
[Epoch  72 (75.31s)]	ELBO: 121.780 (134.519)	Log prob: 451.438 (462.572)	KLD: 329.658 (328.053)
[Epoch  73 (72.46s)]	ELBO: 142.081 (210.061)	Log prob: 471.505 (541.871)	KLD: 329.423 (331.810)
[Epoch  74 (73.36s)]	ELBO: 171.737 (274.196)	Log prob: 502.565 (606.936)	KLD: 330.827 (332.741)
[Epoch  75 (77.56s)]	ELBO: 192.525 (224.964)	Log prob: 523.604 (560.930)	KLD: 331.079 (335.966)
[Epoch  76 (74.46s)]	ELBO: 196.842 (269.819)	Log prob: 527.904 (602.684)	KLD: 331.062 (332.865)
[Epoch  77 (69.18s)]	ELBO: 227.252 (214.606)	Log prob: 559.383 (548.332)	KLD: 332.132 (333.726)
[Epoch  78 (74.13s)]	ELBO: 235.906 (306.575)	Log prob: 567.437 (642.896)	KLD: 331.530 (336.322)
[Epoch  79 (75.49s)]	ELBO: 265.776 (274.700)	Log prob: 598.661 (609.891)	KLD: 332.885 (335.191)
[Epoch  80 (73.81s)]	ELBO: 271.365 (346.399)	Log prob: 604.340 (676.174)	KLD: 332.975 (329.775)
[Epoch  81 (71.86s)]	ELBO: 298.924 (274.724)	Log prob: 632.944 (610.237)	KLD: 334.020 (335.513)
[Epoch  82 (73.23s)]	ELBO: 315.712 (362.308)	Log prob: 649.932 (694.214)	KLD: 334.220 (331.906)
[Epoch  83 (75.56s)]	ELBO: 346.357 (390.196)	Log prob: 681.376 (726.039)	KLD: 335.019 (335.843)
[Epoch  84 (75.24s)]	ELBO: 365.344 (177.251)	Log prob: 701.149 (515.235)	KLD: 335.805 (337.984)
[Epoch  85 (69.35s)]	ELBO: 383.924 (311.974)	Log prob: 720.409 (652.644)	KLD: 336.484 (340.670)
[Epoch  86 (70.12s)]	ELBO: 405.203 (423.803)	Log prob: 743.071 (763.791)	KLD: 337.868 (339.988)
[Epoch  87 (61.00s)]	ELBO: 426.337 (389.003)	Log prob: 765.070 (732.656)	KLD: 338.733 (343.654)
[Epoch  88 (57.04s)]	ELBO: 430.398 (441.136)	Log prob: 768.742 (782.706)	KLD: 338.344 (341.570)
[Epoch  89 (55.62s)]	ELBO: 450.257 (485.728)	Log prob: 788.886 (823.464)	KLD: 338.630 (337.736)
[Epoch  90 (57.85s)]	ELBO: 453.936 (384.017)	Log prob: 792.419 (720.901)	KLD: 338.483 (336.884)
[Epoch  91 (55.10s)]	ELBO: 476.730 (487.102)	Log prob: 815.849 (827.779)	KLD: 339.119 (340.677)
[Epoch  92 (52.51s)]	ELBO: 493.549 (537.170)	Log prob: 832.845 (877.582)	KLD: 339.296 (340.412)
[Epoch  93 (57.52s)]	ELBO: 521.199 (617.419)	Log prob: 862.208 (963.491)	KLD: 341.010 (346.072)
[Epoch  94 (54.40s)]	ELBO: 535.228 (586.621)	Log prob: 876.445 (929.266)	KLD: 341.217 (342.645)
[Epoch  95 (53.69s)]	ELBO: 547.252 (615.199)	Log prob: 889.538 (960.274)	KLD: 342.287 (345.075)
[Epoch  96 (57.44s)]	ELBO: 580.389 (610.693)	Log prob: 923.956 (952.393)	KLD: 343.568 (341.700)
[Epoch  97 (55.93s)]	ELBO: 584.264 (572.247)	Log prob: 928.015 (907.213)	KLD: 343.751 (334.967)
[Epoch  98 (49.09s)]	ELBO: 599.540 (588.718)	Log prob: 943.514 (937.432)	KLD: 343.974 (348.714)
[Epoch  99 (57.38s)]	ELBO: 610.259 (667.332)	Log prob: 954.865 (1014.097)	KLD: 344.606 (346.766)
[Epoch 100 (54.60s)]	ELBO: 632.945 (661.770)	Log prob: 977.785 (1005.769)	KLD: 344.840 (343.999)
Training model 2/4...
[Epoch   1 (62.19s)]	ELBO: -3883.529 (-1094.355)	Log prob: -3872.981 (-733.438)	KLD: 10.548 (360.917)
[Epoch   2 (64.87s)]	ELBO: -3491.898 (-1005.623)	Log prob: -3467.769 (-639.310)	KLD: 24.129 (366.313)
[Epoch   3 (62.22s)]	ELBO: -3387.475 (-670.665)	Log prob: -3359.060 (-299.643)	KLD: 28.414 (371.021)
[Epoch   4 (65.62s)]	ELBO: -3289.409 (265.056)	Log prob: -3256.726 (650.991)	KLD: 32.683 (385.934)
[Epoch   5 (62.76s)]	ELBO: -3097.496 (332.161)	Log prob: -3055.475 (722.232)	KLD: 42.021 (390.071)
[Epoch   6 (64.17s)]	ELBO: -2969.528 (638.783)	Log prob: -2922.754 (1032.351)	KLD: 46.774 (393.568)
[Epoch   7 (65.55s)]	ELBO: -2876.351 (734.057)	Log prob: -2824.827 (1133.738)	KLD: 51.524 (399.681)
[Epoch   8 (59.34s)]	ELBO: -2772.555 (835.155)	Log prob: -2714.382 (1239.439)	KLD: 58.173 (404.284)
[Epoch   9 (65.78s)]	ELBO: -2708.571 (763.884)	Log prob: -2646.464 (1172.514)	KLD: 62.107 (408.631)
[Epoch  10 (62.78s)]	ELBO: -2657.279 (928.442)	Log prob: -2592.628 (1337.424)	KLD: 64.651 (408.982)
[Epoch  11 (65.24s)]	ELBO: -2606.667 (897.715)	Log prob: -2537.463 (1311.113)	KLD: 69.204 (413.398)
[Epoch  12 (64.44s)]	ELBO: -2569.247 (934.165)	Log prob: -2497.881 (1349.657)	KLD: 71.366 (415.492)
[Epoch  13 (62.55s)]	ELBO: -2521.997 (883.549)	Log prob: -2449.144 (1301.092)	KLD: 72.853 (417.544)
[Epoch  14 (63.28s)]	ELBO: -2491.729 (932.465)	Log prob: -2417.028 (1356.159)	KLD: 74.701 (423.694)
[Epoch  15 (62.26s)]	ELBO: -2465.749 (881.434)	Log prob: -2388.650 (1304.372)	KLD: 77.099 (422.937)
[Epoch  16 (65.30s)]	ELBO: -2419.458 (934.788)	Log prob: -2339.025 (1362.109)	KLD: 80.432 (427.321)
[Epoch  17 (61.78s)]	ELBO: -2381.116 (955.374)	Log prob: -2297.299 (1386.351)	KLD: 83.817 (430.977)
[Epoch  18 (65.18s)]	ELBO: -2338.891 (981.962)	Log prob: -2252.311 (1412.649)	KLD: 86.580 (430.687)
[Epoch  19 (62.89s)]	ELBO: -2312.906 (1010.924)	Log prob: -2223.543 (1443.519)	KLD: 89.363 (432.595)
[Epoch  20 (63.32s)]	ELBO: -2274.780 (976.918)	Log prob: -2183.112 (1413.769)	KLD: 91.668 (436.851)
[Epoch  21 (65.90s)]	ELBO: -2239.848 (979.757)	Log prob: -2144.931 (1418.626)	KLD: 94.917 (438.870)
[Epoch  22 (60.08s)]	ELBO: -2201.627 (1035.567)	Log prob: -2103.644 (1479.509)	KLD: 97.983 (443.942)
[Epoch  23 (67.15s)]	ELBO: -2170.611 (1019.437)	Log prob: -2069.785 (1468.267)	KLD: 100.826 (448.830)
[Epoch  24 (63.16s)]	ELBO: -2133.466 (1068.836)	Log prob: -2030.434 (1516.671)	KLD: 103.032 (447.834)
[Epoch  25 (69.81s)]	ELBO: -2093.123 (1068.159)	Log prob: -1987.067 (1524.658)	KLD: 106.057 (456.499)
[Epoch  26 (68.17s)]	ELBO: -2047.878 (1139.581)	Log prob: -1937.036 (1594.627)	KLD: 110.842 (455.046)
[Epoch  27 (64.57s)]	ELBO: -1982.532 (1146.148)	Log prob: -1866.658 (1610.795)	KLD: 115.874 (464.647)
[Epoch  28 (62.82s)]	ELBO: -1909.647 (1226.684)	Log prob: -1787.671 (1696.201)	KLD: 121.976 (469.517)
[Epoch  29 (62.45s)]	ELBO: -1834.970 (1252.831)	Log prob: -1707.161 (1728.307)	KLD: 127.808 (475.476)
[Epoch  30 (67.32s)]	ELBO: -1741.965 (1254.941)	Log prob: -1607.518 (1737.247)	KLD: 134.447 (482.306)
[Epoch  31 (61.43s)]	ELBO: -1663.695 (1380.499)	Log prob: -1523.451 (1871.346)	KLD: 140.244 (490.847)
[Epoch  32 (65.70s)]	ELBO: -1595.088 (1400.130)	Log prob: -1450.256 (1890.350)	KLD: 144.832 (490.220)
[Epoch  33 (63.00s)]	ELBO: -1511.596 (1479.748)	Log prob: -1361.079 (1977.179)	KLD: 150.517 (497.431)
[Epoch  34 (64.76s)]	ELBO: -1428.273 (1488.982)	Log prob: -1272.151 (1989.729)	KLD: 156.122 (500.748)
[Epoch  35 (66.14s)]	ELBO: -1342.669 (1578.468)	Log prob: -1180.724 (2082.343)	KLD: 161.945 (503.874)
[Epoch  36 (59.17s)]	ELBO: -1254.618 (1613.959)	Log prob: -1085.377 (2129.780)	KLD: 169.242 (515.822)
[Epoch  37 (65.90s)]	ELBO: -1166.401 (1634.971)	Log prob: -990.752 (2153.758)	KLD: 175.649 (518.787)
[Epoch  38 (63.06s)]	ELBO: -1087.428 (1670.150)	Log prob: -906.183 (2201.234)	KLD: 181.245 (531.084)
[Epoch  39 (66.57s)]	ELBO: -1018.509 (1649.066)	Log prob: -831.609 (2186.046)	KLD: 186.900 (536.979)
[Epoch  40 (63.69s)]	ELBO: -936.720 (1734.027)	Log prob: -743.983 (2270.002)	KLD: 192.736 (535.976)
[Epoch  41 (63.08s)]	ELBO: -874.493 (1791.514)	Log prob: -676.741 (2332.990)	KLD: 197.752 (541.476)
[Epoch  42 (62.75s)]	ELBO: -809.184 (1829.537)	Log prob: -607.139 (2379.289)	KLD: 202.044 (549.752)
[Epoch  43 (62.61s)]	ELBO: -734.101 (1850.511)	Log prob: -526.509 (2403.156)	KLD: 207.593 (552.646)
[Epoch  44 (67.01s)]	ELBO: -683.001 (1717.583)	Log prob: -471.377 (2277.976)	KLD: 211.624 (560.393)
[Epoch  45 (62.20s)]	ELBO: -638.901 (1907.738)	Log prob: -424.004 (2462.804)	KLD: 214.897 (555.066)
[Epoch  46 (66.17s)]	ELBO: -580.208 (1947.880)	Log prob: -360.734 (2513.235)	KLD: 219.474 (565.356)
[Epoch  47 (63.36s)]	ELBO: -524.113 (1930.993)	Log prob: -300.459 (2502.655)	KLD: 223.655 (571.662)
[Epoch  48 (63.83s)]	ELBO: -487.288 (1925.775)	Log prob: -260.786 (2500.706)	KLD: 226.502 (574.931)
[Epoch  49 (65.82s)]	ELBO: -437.110 (1973.213)	Log prob: -206.831 (2548.850)	KLD: 230.279 (575.638)
[Epoch  50 (58.79s)]	ELBO: -394.033 (2011.738)	Log prob: -160.718 (2592.409)	KLD: 233.315 (580.671)
[Epoch  51 (65.96s)]	ELBO: -350.052 (2007.714)	Log prob: -113.346 (2590.177)	KLD: 236.706 (582.463)
[Epoch  52 (62.52s)]	ELBO: -313.500 (2056.606)	Log prob: -73.877 (2642.392)	KLD: 239.624 (585.786)
[Epoch  53 (65.41s)]	ELBO: -278.155 (2059.707)	Log prob: -35.216 (2648.662)	KLD: 242.939 (588.956)
[Epoch  54 (64.03s)]	ELBO: -244.191 (2091.292)	Log prob: 1.469 (2684.922)	KLD: 245.660 (593.630)
[Epoch  55 (61.57s)]	ELBO: -205.576 (2111.190)	Log prob: 43.248 (2702.666)	KLD: 248.824 (591.476)
[Epoch  56 (63.67s)]	ELBO: -180.581 (2108.598)	Log prob: 70.117 (2706.742)	KLD: 250.698 (598.144)
[Epoch  57 (61.93s)]	ELBO: -148.734 (2119.559)	Log prob: 104.338 (2714.735)	KLD: 253.072 (595.175)
[Epoch  58 (66.82s)]	ELBO: -126.173 (2109.308)	Log prob: 128.664 (2709.808)	KLD: 254.837 (600.501)
[Epoch  59 (61.98s)]	ELBO: -99.760 (2181.930)	Log prob: 156.832 (2781.592)	KLD: 256.592 (599.661)
[Epoch  60 (65.02s)]	ELBO: -71.493 (2168.441)	Log prob: 186.869 (2775.424)	KLD: 258.362 (606.983)
[Epoch  61 (62.78s)]	ELBO: -54.142 (2171.397)	Log prob: 206.028 (2774.504)	KLD: 260.170 (603.108)
[Epoch  62 (63.48s)]	ELBO: -29.997 (2179.300)	Log prob: 232.361 (2787.629)	KLD: 262.357 (608.329)
[Epoch  63 (64.91s)]	ELBO: -9.100 (2207.742)	Log prob: 255.193 (2816.310)	KLD: 264.293 (608.567)
[Epoch  64 (59.95s)]	ELBO: 13.085 (2182.749)	Log prob: 279.451 (2798.011)	KLD: 266.367 (615.262)
[Epoch  65 (66.70s)]	ELBO: 44.660 (2239.064)	Log prob: 313.061 (2849.597)	KLD: 268.401 (610.533)
[Epoch  66 (62.95s)]	ELBO: 68.478 (2241.981)	Log prob: 338.834 (2856.391)	KLD: 270.356 (614.409)
[Epoch  67 (65.60s)]	ELBO: 85.810 (2256.855)	Log prob: 357.459 (2869.358)	KLD: 271.650 (612.503)
[Epoch  68 (65.56s)]	ELBO: 108.935 (2246.867)	Log prob: 382.715 (2869.933)	KLD: 273.780 (623.067)
[Epoch  69 (60.62s)]	ELBO: 129.059 (2282.544)	Log prob: 404.136 (2903.847)	KLD: 275.078 (621.303)
[Epoch  70 (64.60s)]	ELBO: 153.089 (2233.859)	Log prob: 430.489 (2850.632)	KLD: 277.401 (616.773)
[Epoch  71 (62.44s)]	ELBO: 172.773 (2198.446)	Log prob: 452.029 (2827.743)	KLD: 279.256 (629.297)
[Epoch  72 (66.61s)]	ELBO: 179.282 (2260.013)	Log prob: 460.020 (2887.480)	KLD: 280.738 (627.466)
[Epoch  73 (62.20s)]	ELBO: 203.253 (2264.003)	Log prob: 485.256 (2892.282)	KLD: 282.002 (628.279)
[Epoch  74 (64.62s)]	ELBO: 228.315 (2315.112)	Log prob: 512.073 (2940.552)	KLD: 283.758 (625.440)
[Epoch  75 (62.88s)]	ELBO: 248.663 (2323.992)	Log prob: 534.288 (2957.561)	KLD: 285.625 (633.570)
[Epoch  76 (64.01s)]	ELBO: 265.939 (2341.769)	Log prob: 552.400 (2975.928)	KLD: 286.461 (634.159)
[Epoch  77 (65.35s)]	ELBO: 283.873 (2355.766)	Log prob: 572.649 (2988.163)	KLD: 288.776 (632.397)
[Epoch  78 (60.25s)]	ELBO: 295.859 (2346.483)	Log prob: 585.533 (2983.536)	KLD: 289.674 (637.053)
[Epoch  79 (66.26s)]	ELBO: 316.517 (2342.759)	Log prob: 608.040 (2975.910)	KLD: 291.522 (633.150)
[Epoch  80 (62.80s)]	ELBO: 332.109 (2363.445)	Log prob: 624.556 (3000.813)	KLD: 292.447 (637.368)
[Epoch  81 (65.29s)]	ELBO: 347.966 (2318.913)	Log prob: 641.877 (2961.874)	KLD: 293.912 (642.962)
[Epoch  82 (65.22s)]	ELBO: 359.284 (2381.534)	Log prob: 654.421 (3024.659)	KLD: 295.137 (643.126)
[Epoch  83 (60.59s)]	ELBO: 373.935 (2402.393)	Log prob: 669.849 (3043.651)	KLD: 295.914 (641.258)
[Epoch  84 (67.00s)]	ELBO: 385.353 (2392.634)	Log prob: 682.323 (3032.708)	KLD: 296.970 (640.073)
[Epoch  85 (64.30s)]	ELBO: 402.008 (2368.137)	Log prob: 700.488 (3013.027)	KLD: 298.480 (644.890)
[Epoch  86 (68.27s)]	ELBO: 411.954 (2393.655)	Log prob: 711.209 (3038.140)	KLD: 299.255 (644.485)
[Epoch  87 (62.21s)]	ELBO: 421.377 (2382.283)	Log prob: 721.226 (3026.314)	KLD: 299.849 (644.032)
[Epoch  88 (64.97s)]	ELBO: 437.382 (2391.563)	Log prob: 738.283 (3042.799)	KLD: 300.901 (651.235)
[Epoch  89 (62.94s)]	ELBO: 449.400 (2392.844)	Log prob: 751.308 (3036.033)	KLD: 301.908 (643.188)
[Epoch  90 (63.30s)]	ELBO: 462.594 (2418.286)	Log prob: 765.310 (3067.599)	KLD: 302.716 (649.313)
[Epoch  91 (65.54s)]	ELBO: 468.548 (2448.856)	Log prob: 772.128 (3095.518)	KLD: 303.581 (646.662)
[Epoch  92 (60.00s)]	ELBO: 484.940 (2441.420)	Log prob: 789.623 (3089.629)	KLD: 304.683 (648.208)
[Epoch  93 (66.51s)]	ELBO: 492.447 (2448.143)	Log prob: 798.004 (3100.080)	KLD: 305.557 (651.936)
[Epoch  94 (62.89s)]	ELBO: 507.066 (2451.991)	Log prob: 813.893 (3106.845)	KLD: 306.827 (654.854)
[Epoch  95 (66.54s)]	ELBO: 514.105 (2455.323)	Log prob: 821.540 (3109.745)	KLD: 307.435 (654.422)
[Epoch  96 (64.76s)]	ELBO: 529.395 (2484.575)	Log prob: 837.634 (3136.157)	KLD: 308.239 (651.581)
[Epoch  97 (61.43s)]	ELBO: 542.158 (2479.582)	Log prob: 851.359 (3132.977)	KLD: 309.201 (653.395)
[Epoch  98 (64.65s)]	ELBO: 546.336 (2390.333)	Log prob: 856.032 (3040.406)	KLD: 309.696 (650.073)
[Epoch  99 (62.51s)]	ELBO: 553.732 (2478.576)	Log prob: 863.786 (3139.080)	KLD: 310.054 (660.504)
[Epoch 100 (66.13s)]	ELBO: 568.354 (2495.296)	Log prob: 879.414 (3150.068)	KLD: 311.060 (654.772)
Training model 3/4...
[Epoch   1 (72.69s)]	ELBO: 48.690 (2438.176)	Log prob: 52.478 (3102.310)	KLD: 3.788 (664.134)
[Epoch   2 (75.11s)]	ELBO: 176.648 (2301.791)	Log prob: 187.379 (2970.331)	KLD: 10.731 (668.540)
[Epoch   3 (71.87s)]	ELBO: 238.531 (2245.545)	Log prob: 255.182 (2922.161)	KLD: 16.651 (676.617)
[Epoch   4 (74.18s)]	ELBO: 315.311 (2123.146)	Log prob: 340.369 (2805.643)	KLD: 25.058 (682.497)
[Epoch   5 (70.58s)]	ELBO: 376.582 (2326.313)	Log prob: 407.405 (3012.704)	KLD: 30.823 (686.392)
[Epoch   6 (74.41s)]	ELBO: 424.937 (2479.071)	Log prob: 461.246 (3173.978)	KLD: 36.309 (694.907)
[Epoch   7 (72.13s)]	ELBO: 485.839 (2449.573)	Log prob: 528.705 (3148.958)	KLD: 42.867 (699.385)
[Epoch   8 (74.76s)]	ELBO: 520.500 (2417.827)	Log prob: 567.226 (3122.511)	KLD: 46.726 (704.684)
[Epoch   9 (70.74s)]	ELBO: 544.336 (2579.500)	Log prob: 592.948 (3283.249)	KLD: 48.612 (703.749)
[Epoch  10 (72.68s)]	ELBO: 564.342 (2646.582)	Log prob: 615.793 (3355.790)	KLD: 51.451 (709.208)
[Epoch  11 (73.05s)]	ELBO: 594.934 (2608.472)	Log prob: 648.584 (3318.895)	KLD: 53.651 (710.423)
[Epoch  12 (73.26s)]	ELBO: 606.618 (2658.626)	Log prob: 660.369 (3369.277)	KLD: 53.751 (710.651)
[Epoch  13 (72.80s)]	ELBO: 622.957 (2637.644)	Log prob: 678.476 (3348.595)	KLD: 55.519 (710.952)
[Epoch  14 (71.65s)]	ELBO: 637.441 (2648.162)	Log prob: 694.704 (3365.099)	KLD: 57.263 (716.937)
[Epoch  15 (73.89s)]	ELBO: 657.387 (2690.484)	Log prob: 716.612 (3406.522)	KLD: 59.225 (716.038)
[Epoch  16 (71.14s)]	ELBO: 671.914 (2697.674)	Log prob: 732.245 (3410.939)	KLD: 60.331 (713.265)
[Epoch  17 (74.25s)]	ELBO: 682.688 (2660.381)	Log prob: 744.209 (3377.147)	KLD: 61.521 (716.767)
[Epoch  18 (71.58s)]	ELBO: 691.530 (2712.715)	Log prob: 754.048 (3429.037)	KLD: 62.518 (716.322)
[Epoch  19 (74.16s)]	ELBO: 703.128 (2748.688)	Log prob: 766.843 (3466.675)	KLD: 63.715 (717.988)
[Epoch  20 (69.99s)]	ELBO: 703.022 (2743.414)	Log prob: 767.307 (3462.627)	KLD: 64.285 (719.213)
[Epoch  21 (75.15s)]	ELBO: 715.946 (2731.999)	Log prob: 780.628 (3451.248)	KLD: 64.682 (719.249)
[Epoch  22 (71.35s)]	ELBO: 720.070 (2750.335)	Log prob: 785.596 (3471.805)	KLD: 65.526 (721.471)
[Epoch  23 (73.75s)]	ELBO: 726.000 (2744.760)	Log prob: 792.105 (3467.626)	KLD: 66.105 (722.866)
[Epoch  24 (70.52s)]	ELBO: 735.855 (2749.079)	Log prob: 803.052 (3474.013)	KLD: 67.197 (724.934)
[Epoch  25 (73.77s)]	ELBO: 741.259 (2763.284)	Log prob: 809.635 (3485.302)	KLD: 68.375 (722.017)
[Epoch  26 (72.29s)]	ELBO: 752.193 (2768.284)	Log prob: 821.187 (3496.607)	KLD: 68.994 (728.323)
[Epoch  27 (74.81s)]	ELBO: 755.413 (2776.347)	Log prob: 824.717 (3501.069)	KLD: 69.304 (724.722)
[Epoch  28 (73.29s)]	ELBO: 755.674 (2758.036)	Log prob: 826.103 (3482.935)	KLD: 70.430 (724.899)
[Epoch  29 (71.03s)]	ELBO: 759.077 (2789.556)	Log prob: 830.485 (3515.561)	KLD: 71.408 (726.005)
[Epoch  30 (73.29s)]	ELBO: 766.391 (2776.085)	Log prob: 838.269 (3506.197)	KLD: 71.878 (730.112)
[Epoch  31 (71.80s)]	ELBO: 772.950 (2786.145)	Log prob: 845.070 (3512.351)	KLD: 72.120 (726.206)
[Epoch  32 (73.32s)]	ELBO: 770.417 (2783.300)	Log prob: 842.648 (3510.204)	KLD: 72.231 (726.904)
[Epoch  33 (71.26s)]	ELBO: 773.675 (2778.017)	Log prob: 846.164 (3506.427)	KLD: 72.489 (728.410)
[Epoch  34 (74.03s)]	ELBO: 779.398 (2798.403)	Log prob: 852.688 (3527.742)	KLD: 73.290 (729.339)
[Epoch  35 (69.88s)]	ELBO: 788.972 (2786.767)	Log prob: 863.422 (3513.749)	KLD: 74.450 (726.982)
[Epoch  36 (74.55s)]	ELBO: 792.680 (2802.047)	Log prob: 868.155 (3531.454)	KLD: 75.475 (729.407)
[Epoch  37 (71.02s)]	ELBO: 801.817 (2754.480)	Log prob: 878.464 (3484.148)	KLD: 76.648 (729.668)
[Epoch  38 (75.05s)]	ELBO: 799.064 (2795.755)	Log prob: 876.032 (3530.032)	KLD: 76.968 (734.277)
[Epoch  39 (71.45s)]	ELBO: 808.771 (2793.441)	Log prob: 885.883 (3527.802)	KLD: 77.112 (734.361)
[Epoch  40 (75.36s)]	ELBO: 802.807 (2811.011)	Log prob: 880.139 (3545.437)	KLD: 77.332 (734.426)
[Epoch  41 (71.83s)]	ELBO: 805.918 (2808.922)	Log prob: 883.506 (3541.928)	KLD: 77.588 (733.006)
[Epoch  42 (74.21s)]	ELBO: 814.112 (2811.667)	Log prob: 892.115 (3542.901)	KLD: 78.003 (731.234)
[Epoch  43 (70.78s)]	ELBO: 818.071 (2809.878)	Log prob: 896.238 (3540.541)	KLD: 78.166 (730.663)
[Epoch  44 (73.52s)]	ELBO: 815.009 (2818.381)	Log prob: 893.332 (3552.782)	KLD: 78.323 (734.401)
[Epoch  45 (72.36s)]	ELBO: 822.257 (2807.596)	Log prob: 900.730 (3542.187)	KLD: 78.473 (734.591)
[Epoch  46 (73.56s)]	ELBO: 821.310 (2808.904)	Log prob: 900.304 (3545.944)	KLD: 78.994 (737.040)
[Epoch  47 (72.82s)]	ELBO: 826.214 (2809.831)	Log prob: 905.464 (3549.069)	KLD: 79.250 (739.238)
[Epoch  48 (70.78s)]	ELBO: 823.710 (2818.958)	Log prob: 903.523 (3555.546)	KLD: 79.813 (736.587)
[Epoch  49 (73.03s)]	ELBO: 830.634 (2825.654)	Log prob: 911.223 (3560.004)	KLD: 80.589 (734.350)
[Epoch  50 (72.75s)]	ELBO: 833.124 (2821.827)	Log prob: 914.245 (3560.875)	KLD: 81.120 (739.048)
[Epoch  51 (74.46s)]	ELBO: 838.549 (2814.307)	Log prob: 920.204 (3549.907)	KLD: 81.655 (735.599)
[Epoch  52 (71.92s)]	ELBO: 837.507 (2827.424)	Log prob: 919.736 (3564.303)	KLD: 82.229 (736.879)
[Epoch  53 (74.10s)]	ELBO: 841.992 (2823.133)	Log prob: 924.631 (3561.480)	KLD: 82.639 (738.348)
[Epoch  54 (70.38s)]	ELBO: 846.459 (2828.877)	Log prob: 929.324 (3566.336)	KLD: 82.865 (737.459)
[Epoch  55 (74.51s)]	ELBO: 847.492 (2825.122)	Log prob: 930.688 (3566.224)	KLD: 83.196 (741.102)
[Epoch  56 (71.37s)]	ELBO: 847.882 (2829.074)	Log prob: 931.314 (3569.159)	KLD: 83.432 (740.085)
[Epoch  57 (74.50s)]	ELBO: 847.987 (2820.271)	Log prob: 931.629 (3557.885)	KLD: 83.642 (737.614)
[Epoch  58 (70.35s)]	ELBO: 852.331 (2827.463)	Log prob: 936.363 (3568.761)	KLD: 84.032 (741.297)
[Epoch  59 (74.19s)]	ELBO: 853.845 (2835.778)	Log prob: 938.272 (3576.944)	KLD: 84.427 (741.166)
[Epoch  60 (72.13s)]	ELBO: 855.200 (2828.477)	Log prob: 940.049 (3570.314)	KLD: 84.849 (741.837)
[Epoch  61 (74.42s)]	ELBO: 857.505 (2829.097)	Log prob: 942.496 (3569.856)	KLD: 84.992 (740.759)
[Epoch  62 (70.74s)]	ELBO: 863.909 (2837.688)	Log prob: 949.181 (3578.898)	KLD: 85.272 (741.210)
[Epoch  63 (71.98s)]	ELBO: 862.117 (2833.595)	Log prob: 947.721 (3574.454)	KLD: 85.604 (740.859)
[Epoch  64 (72.41s)]	ELBO: 864.241 (2836.227)	Log prob: 949.989 (3578.572)	KLD: 85.749 (742.345)
[Epoch  65 (73.15s)]	ELBO: 861.506 (2832.470)	Log prob: 947.518 (3577.168)	KLD: 86.011 (744.698)
[Epoch  66 (73.06s)]	ELBO: 868.607 (2831.492)	Log prob: 954.495 (3576.587)	KLD: 85.887 (745.095)
[Epoch  67 (71.42s)]	ELBO: 866.006 (2836.032)	Log prob: 952.268 (3576.837)	KLD: 86.262 (740.804)
[Epoch  68 (74.47s)]	ELBO: 871.673 (2841.169)	Log prob: 958.145 (3580.931)	KLD: 86.471 (739.761)
[Epoch  69 (71.35s)]	ELBO: 872.529 (2842.841)	Log prob: 959.388 (3582.948)	KLD: 86.859 (740.107)
[Epoch  70 (74.05s)]	ELBO: 875.035 (2841.639)	Log prob: 962.243 (3586.617)	KLD: 87.208 (744.978)
[Epoch  71 (71.31s)]	ELBO: 875.874 (2840.731)	Log prob: 963.623 (3587.761)	KLD: 87.749 (747.031)
[Epoch  72 (74.18s)]	ELBO: 874.578 (2842.585)	Log prob: 962.731 (3588.901)	KLD: 88.153 (746.316)
[Epoch  73 (70.25s)]	ELBO: 875.677 (2846.520)	Log prob: 964.295 (3590.982)	KLD: 88.617 (744.462)
[Epoch  74 (75.35s)]	ELBO: 873.466 (2838.504)	Log prob: 962.293 (3583.699)	KLD: 88.827 (745.195)
[Epoch  75 (71.14s)]	ELBO: 876.433 (2834.508)	Log prob: 965.590 (3577.818)	KLD: 89.157 (743.311)
[Epoch  76 (74.46s)]	ELBO: 883.423 (2849.313)	Log prob: 972.620 (3594.950)	KLD: 89.197 (745.638)
[Epoch  77 (70.45s)]	ELBO: 882.478 (2844.621)	Log prob: 971.986 (3589.314)	KLD: 89.508 (744.693)
[Epoch  78 (73.98s)]	ELBO: 883.935 (2850.820)	Log prob: 973.748 (3595.417)	KLD: 89.813 (744.597)
[Epoch  79 (72.03s)]	ELBO: 880.227 (2838.074)	Log prob: 970.253 (3583.613)	KLD: 90.026 (745.538)
[Epoch  80 (74.28s)]	ELBO: 882.129 (2842.382)	Log prob: 972.496 (3587.138)	KLD: 90.367 (744.757)
[Epoch  81 (71.53s)]	ELBO: 889.107 (2847.675)	Log prob: 979.882 (3594.035)	KLD: 90.775 (746.360)
[Epoch  82 (71.53s)]	ELBO: 890.971 (2852.661)	Log prob: 982.109 (3598.968)	KLD: 91.139 (746.307)
[Epoch  83 (73.01s)]	ELBO: 887.816 (2849.363)	Log prob: 979.396 (3596.349)	KLD: 91.580 (746.986)
[Epoch  84 (73.31s)]	ELBO: 892.914 (2850.466)	Log prob: 984.907 (3598.158)	KLD: 91.993 (747.692)
[Epoch  85 (73.63s)]	ELBO: 890.058 (2848.963)	Log prob: 982.848 (3597.888)	KLD: 92.790 (748.925)
[Epoch  86 (71.23s)]	ELBO: 890.809 (2843.969)	Log prob: 984.413 (3593.295)	KLD: 93.604 (749.326)
[Epoch  87 (74.28s)]	ELBO: 897.781 (2846.532)	Log prob: 992.821 (3600.545)	KLD: 95.040 (754.013)
[Epoch  88 (70.63s)]	ELBO: 903.667 (2851.803)	Log prob: 1000.157 (3601.993)	KLD: 96.490 (750.190)
[Epoch  89 (77.55s)]	ELBO: 908.117 (2849.349)	Log prob: 1006.235 (3602.128)	KLD: 98.118 (752.778)
[Epoch  90 (74.15s)]	ELBO: 915.919 (2849.462)	Log prob: 1015.986 (3607.238)	KLD: 100.067 (757.776)
[Epoch  91 (74.10s)]	ELBO: 923.934 (2865.046)	Log prob: 1026.714 (3625.371)	KLD: 102.780 (760.326)
[Epoch  92 (70.61s)]	ELBO: 962.344 (2909.361)	Log prob: 1071.934 (3678.644)	KLD: 109.590 (769.283)
[Epoch  93 (74.26s)]	ELBO: 1020.346 (2924.348)	Log prob: 1138.378 (3703.509)	KLD: 118.032 (779.162)
[Epoch  94 (71.60s)]	ELBO: 1059.640 (2955.248)	Log prob: 1182.440 (3732.658)	KLD: 122.800 (777.410)
[Epoch  95 (74.05s)]	ELBO: 1087.152 (2960.385)	Log prob: 1213.008 (3740.141)	KLD: 125.855 (779.756)
[Epoch  96 (70.21s)]	ELBO: 1109.072 (2960.367)	Log prob: 1237.474 (3751.516)	KLD: 128.402 (791.149)
[Epoch  97 (73.21s)]	ELBO: 1121.250 (2893.540)	Log prob: 1252.569 (3681.729)	KLD: 131.320 (788.189)
[Epoch  98 (72.54s)]	ELBO: 1150.329 (2998.012)	Log prob: 1283.948 (3788.640)	KLD: 133.619 (790.628)
[Epoch  99 (76.58s)]	ELBO: 1171.227 (2974.990)	Log prob: 1307.594 (3767.373)	KLD: 136.367 (792.384)
[Epoch 100 (73.58s)]	ELBO: 1191.155 (3004.099)	Log prob: 1329.988 (3806.236)	KLD: 138.833 (802.137)
Training model 4/4...
[Epoch   1 (79.27s)]	ELBO: 1174.788 (3006.744)	Log prob: 1174.852 (3809.594)	KLD: 0.064 (802.850)
[Epoch   2 (82.50s)]	ELBO: 1207.446 (3008.284)	Log prob: 1209.714 (3814.203)	KLD: 2.268 (805.918)
[Epoch   3 (79.83s)]	ELBO: 1240.318 (3015.719)	Log prob: 1246.159 (3824.442)	KLD: 5.841 (808.723)
[Epoch   4 (81.83s)]	ELBO: 1255.528 (3020.177)	Log prob: 1262.934 (3831.412)	KLD: 7.406 (811.235)
[Epoch   5 (82.70s)]	ELBO: 1280.169 (3028.761)	Log prob: 1291.079 (3843.899)	KLD: 10.910 (815.138)
[Epoch   6 (78.65s)]	ELBO: 1309.049 (3047.436)	Log prob: 1325.261 (3866.702)	KLD: 16.213 (819.266)
[Epoch   7 (84.18s)]	ELBO: 1335.063 (3057.286)	Log prob: 1354.381 (3879.683)	KLD: 19.318 (822.397)
[Epoch   8 (81.70s)]	ELBO: 1365.056 (3070.993)	Log prob: 1388.386 (3900.334)	KLD: 23.330 (829.341)
[Epoch   9 (79.65s)]	ELBO: 1388.209 (3081.310)	Log prob: 1414.754 (3910.264)	KLD: 26.544 (828.954)
[Epoch  10 (83.53s)]	ELBO: 1411.906 (3086.613)	Log prob: 1440.984 (3921.052)	KLD: 29.078 (834.438)
[Epoch  11 (81.18s)]	ELBO: 1424.033 (3096.078)	Log prob: 1455.729 (3931.657)	KLD: 31.696 (835.579)
[Epoch  12 (81.38s)]	ELBO: 1443.947 (3105.605)	Log prob: 1477.989 (3942.684)	KLD: 34.042 (837.078)
[Epoch  13 (82.05s)]	ELBO: 1457.854 (3112.411)	Log prob: 1494.192 (3953.773)	KLD: 36.338 (841.362)
[Epoch  14 (80.15s)]	ELBO: 1472.461 (3119.602)	Log prob: 1512.479 (3963.608)	KLD: 40.018 (844.006)
[Epoch  15 (83.27s)]	ELBO: 1494.105 (3129.343)	Log prob: 1536.252 (3975.617)	KLD: 42.147 (846.274)
[Epoch  16 (81.93s)]	ELBO: 1513.147 (3136.716)	Log prob: 1558.558 (3986.342)	KLD: 45.411 (849.626)
[Epoch  17 (79.59s)]	ELBO: 1527.910 (3144.919)	Log prob: 1576.065 (3999.573)	KLD: 48.156 (854.655)
[Epoch  18 (83.80s)]	ELBO: 1545.367 (3154.803)	Log prob: 1597.149 (4012.496)	KLD: 51.782 (857.693)
[Epoch  19 (81.97s)]	ELBO: 1562.509 (3165.129)	Log prob: 1617.044 (4023.792)	KLD: 54.535 (858.663)
[Epoch  20 (80.59s)]	ELBO: 1586.591 (3180.486)	Log prob: 1645.674 (4041.490)	KLD: 59.083 (861.004)
[Epoch  21 (83.02s)]	ELBO: 1621.844 (3198.715)	Log prob: 1685.578 (4066.110)	KLD: 63.734 (867.396)
[Epoch  22 (81.69s)]	ELBO: 1644.635 (3205.671)	Log prob: 1712.036 (4080.086)	KLD: 67.401 (874.415)
[Epoch  23 (80.94s)]	ELBO: 1669.092 (3222.791)	Log prob: 1739.903 (4097.118)	KLD: 70.811 (874.328)
[Epoch  24 (82.39s)]	ELBO: 1691.886 (3224.389)	Log prob: 1766.880 (4104.259)	KLD: 74.994 (879.870)
[Epoch  25 (79.98s)]	ELBO: 1717.795 (3235.593)	Log prob: 1796.090 (4119.645)	KLD: 78.295 (884.052)
[Epoch  26 (83.30s)]	ELBO: 1732.509 (3249.418)	Log prob: 1813.541 (4132.142)	KLD: 81.033 (882.724)
[Epoch  27 (82.43s)]	ELBO: 1753.668 (3255.271)	Log prob: 1837.088 (4141.291)	KLD: 83.419 (886.020)
[Epoch  28 (81.97s)]	ELBO: 1767.348 (3258.579)	Log prob: 1852.770 (4147.990)	KLD: 85.422 (889.411)
[Epoch  29 (84.88s)]	ELBO: 1781.812 (3255.383)	Log prob: 1869.590 (4146.749)	KLD: 87.777 (891.367)
[Epoch  30 (82.02s)]	ELBO: 1791.542 (3262.338)	Log prob: 1881.325 (4154.762)	KLD: 89.783 (892.424)
[Epoch  31 (80.27s)]	ELBO: 1808.484 (3273.708)	Log prob: 1900.687 (4170.455)	KLD: 92.204 (896.746)
[Epoch  32 (83.03s)]	ELBO: 1820.475 (3278.657)	Log prob: 1915.258 (4178.343)	KLD: 94.783 (899.685)
[Epoch  33 (80.98s)]	ELBO: 1831.260 (3272.520)	Log prob: 1928.121 (4172.264)	KLD: 96.860 (899.744)
[Epoch  34 (81.81s)]	ELBO: 1848.051 (3261.223)	Log prob: 1947.476 (4166.314)	KLD: 99.425 (905.091)
[Epoch  35 (82.50s)]	ELBO: 1862.946 (3304.692)	Log prob: 1964.663 (4207.038)	KLD: 101.717 (902.345)
[Epoch  36 (81.47s)]	ELBO: 1881.328 (3308.741)	Log prob: 1985.997 (4215.759)	KLD: 104.668 (907.017)
[Epoch  37 (85.20s)]	ELBO: 1896.129 (3315.956)	Log prob: 2003.185 (4226.155)	KLD: 107.056 (910.199)
[Epoch  38 (83.26s)]	ELBO: 1913.869 (3323.230)	Log prob: 2023.808 (4236.849)	KLD: 109.939 (913.618)
[Epoch  39 (80.53s)]	ELBO: 1926.783 (3326.551)	Log prob: 2039.126 (4244.006)	KLD: 112.343 (917.455)
[Epoch  40 (83.87s)]	ELBO: 1943.558 (3332.043)	Log prob: 2057.781 (4246.825)	KLD: 114.223 (914.782)
[Epoch  41 (82.05s)]	ELBO: 1952.117 (3333.806)	Log prob: 2068.102 (4249.727)	KLD: 115.985 (915.921)
[Epoch  42 (81.76s)]	ELBO: 1963.578 (3344.714)	Log prob: 2081.648 (4265.088)	KLD: 118.070 (920.374)
[Epoch  43 (83.92s)]	ELBO: 1977.056 (3353.702)	Log prob: 2097.268 (4274.993)	KLD: 120.211 (921.291)
[Epoch  44 (80.59s)]	ELBO: 1991.038 (3353.660)	Log prob: 2113.454 (4279.442)	KLD: 122.416 (925.782)
[Epoch  45 (81.89s)]	ELBO: 2003.885 (3361.261)	Log prob: 2128.357 (4289.954)	KLD: 124.472 (928.693)
[Epoch  46 (82.74s)]	ELBO: 2010.461 (3363.976)	Log prob: 2136.428 (4292.211)	KLD: 125.967 (928.235)
[Epoch  47 (79.13s)]	ELBO: 2022.436 (3363.232)	Log prob: 2150.001 (4296.886)	KLD: 127.565 (933.654)
[Epoch  48 (83.71s)]	ELBO: 2032.509 (3368.022)	Log prob: 2162.043 (4300.227)	KLD: 129.534 (932.205)
[Epoch  49 (82.04s)]	ELBO: 2042.363 (3376.193)	Log prob: 2173.254 (4309.467)	KLD: 130.890 (933.274)
[Epoch  50 (79.61s)]	ELBO: 2052.230 (3373.407)	Log prob: 2184.506 (4309.124)	KLD: 132.276 (935.717)
[Epoch  51 (83.75s)]	ELBO: 2059.744 (3380.072)	Log prob: 2193.746 (4319.015)	KLD: 134.002 (938.943)
[Epoch  52 (81.42s)]	ELBO: 2068.126 (3367.280)	Log prob: 2203.842 (4306.719)	KLD: 135.716 (939.439)
[Epoch  53 (82.10s)]	ELBO: 2080.520 (3393.810)	Log prob: 2217.840 (4335.158)	KLD: 137.320 (941.348)
[Epoch  54 (82.74s)]	ELBO: 2083.552 (3391.259)	Log prob: 2222.399 (4332.677)	KLD: 138.847 (941.418)
[Epoch  55 (81.20s)]	ELBO: 2092.872 (3391.812)	Log prob: 2233.176 (4335.127)	KLD: 140.304 (943.315)
[Epoch  56 (82.98s)]	ELBO: 2107.368 (3408.102)	Log prob: 2249.350 (4351.752)	KLD: 141.982 (943.649)
[Epoch  57 (82.08s)]	ELBO: 2118.488 (3413.125)	Log prob: 2262.164 (4358.137)	KLD: 143.676 (945.012)
[Epoch  58 (80.40s)]	ELBO: 2126.167 (3416.010)	Log prob: 2271.520 (4363.334)	KLD: 145.353 (947.324)
[Epoch  59 (83.91s)]	ELBO: 2130.132 (3399.471)	Log prob: 2276.914 (4350.408)	KLD: 146.782 (950.937)
[Epoch  60 (81.39s)]	ELBO: 2138.154 (3407.506)	Log prob: 2286.357 (4358.210)	KLD: 148.203 (950.704)
[Epoch  61 (80.43s)]	ELBO: 2149.288 (3422.287)	Log prob: 2298.819 (4375.570)	KLD: 149.531 (953.283)
[Epoch  62 (82.96s)]	ELBO: 2158.814 (3428.042)	Log prob: 2309.577 (4380.778)	KLD: 150.763 (952.736)
[Epoch  63 (81.54s)]	ELBO: 2164.432 (3422.546)	Log prob: 2316.647 (4377.121)	KLD: 152.215 (954.575)
[Epoch  64 (81.37s)]	ELBO: 2176.396 (3432.602)	Log prob: 2330.239 (4387.619)	KLD: 153.843 (955.016)
[Epoch  65 (82.60s)]	ELBO: 2187.434 (3430.641)	Log prob: 2342.807 (4385.155)	KLD: 155.373 (954.514)
[Epoch  66 (79.80s)]	ELBO: 2196.967 (3436.245)	Log prob: 2353.673 (4396.512)	KLD: 156.706 (960.267)
[Epoch  67 (82.89s)]	ELBO: 2204.396 (3442.477)	Log prob: 2362.833 (4404.081)	KLD: 158.437 (961.604)
[Epoch  68 (82.34s)]	ELBO: 2213.385 (3441.946)	Log prob: 2373.273 (4403.371)	KLD: 159.887 (961.426)
[Epoch  69 (78.75s)]	ELBO: 2223.648 (3460.079)	Log prob: 2384.843 (4423.264)	KLD: 161.195 (963.186)
[Epoch  70 (84.48s)]	ELBO: 2233.307 (3460.461)	Log prob: 2395.768 (4424.564)	KLD: 162.460 (964.103)
[Epoch  71 (82.81s)]	ELBO: 2235.989 (3448.069)	Log prob: 2399.568 (4412.740)	KLD: 163.579 (964.672)
[Epoch  72 (83.20s)]	ELBO: 2247.767 (3463.462)	Log prob: 2412.443 (4431.282)	KLD: 164.676 (967.820)
[Epoch  73 (83.85s)]	ELBO: 2251.993 (3449.115)	Log prob: 2418.024 (4415.349)	KLD: 166.030 (966.234)
[Epoch  74 (81.96s)]	ELBO: 2258.557 (3465.016)	Log prob: 2425.654 (4435.138)	KLD: 167.096 (970.122)
[Epoch  75 (85.73s)]	ELBO: 2269.211 (3469.381)	Log prob: 2437.191 (4440.084)	KLD: 167.980 (970.703)
[Epoch  76 (82.91s)]	ELBO: 2273.725 (3461.029)	Log prob: 2442.968 (4437.415)	KLD: 169.242 (976.386)
[Epoch  77 (81.73s)]	ELBO: 2282.352 (3477.016)	Log prob: 2452.511 (4451.622)	KLD: 170.160 (974.606)
[Epoch  78 (96.59s)]	ELBO: 2289.772 (3479.336)	Log prob: 2460.919 (4449.417)	KLD: 171.147 (970.081)
[Epoch  79 (83.61s)]	ELBO: 2295.381 (3479.163)	Log prob: 2467.565 (4450.238)	KLD: 172.184 (971.075)
[Epoch  80 (81.81s)]	ELBO: 2304.339 (3484.630)	Log prob: 2477.506 (4460.258)	KLD: 173.167 (975.628)
[Epoch  81 (83.85s)]	ELBO: 2312.735 (3492.425)	Log prob: 2487.193 (4466.624)	KLD: 174.458 (974.199)
[Epoch  82 (81.10s)]	ELBO: 2323.350 (3500.502)	Log prob: 2499.048 (4477.917)	KLD: 175.698 (977.414)
[Epoch  83 (85.35s)]	ELBO: 2328.185 (3497.237)	Log prob: 2505.216 (4476.878)	KLD: 177.031 (979.641)
[Epoch  84 (83.95s)]	ELBO: 2333.880 (3489.533)	Log prob: 2511.709 (4469.780)	KLD: 177.829 (980.247)
[Epoch  85 (80.78s)]	ELBO: 2341.480 (3504.617)	Log prob: 2520.389 (4486.766)	KLD: 178.909 (982.149)
[Epoch  86 (85.65s)]	ELBO: 2350.857 (3507.444)	Log prob: 2530.987 (4491.428)	KLD: 180.129 (983.984)
[Epoch  87 (82.90s)]	ELBO: 2358.782 (3511.440)	Log prob: 2540.229 (4494.585)	KLD: 181.447 (983.145)
[Epoch  88 (81.18s)]	ELBO: 2366.126 (3509.729)	Log prob: 2548.370 (4494.464)	KLD: 182.245 (984.735)
[Epoch  89 (86.59s)]	ELBO: 2373.726 (3521.168)	Log prob: 2556.926 (4504.526)	KLD: 183.200 (983.358)
[Epoch  90 (82.17s)]	ELBO: 2380.932 (3507.199)	Log prob: 2565.365 (4498.155)	KLD: 184.433 (990.957)
[Epoch  91 (83.35s)]	ELBO: 2387.121 (3509.765)	Log prob: 2572.442 (4496.985)	KLD: 185.320 (987.220)
[Epoch  92 (86.02s)]	ELBO: 2393.564 (3524.115)	Log prob: 2579.918 (4515.412)	KLD: 186.354 (991.297)
[Epoch  93 (83.42s)]	ELBO: 2399.391 (3518.294)	Log prob: 2586.789 (4510.744)	KLD: 187.397 (992.451)
[Epoch  94 (85.36s)]	ELBO: 2404.145 (3497.684)	Log prob: 2592.352 (4490.740)	KLD: 188.207 (993.056)
[Epoch  95 (83.48s)]	ELBO: 2412.120 (3523.117)	Log prob: 2601.206 (4515.388)	KLD: 189.086 (992.272)
[Epoch  96 (83.04s)]	ELBO: 2416.360 (3527.078)	Log prob: 2606.582 (4518.190)	KLD: 190.222 (991.112)
[Epoch  97 (97.30s)]	ELBO: 2425.803 (3541.105)	Log prob: 2616.965 (4534.485)	KLD: 191.162 (993.380)
[Epoch  98 (110.94s)]	ELBO: 2429.860 (3541.489)	Log prob: 2621.793 (4536.774)	KLD: 191.933 (995.285)
[Epoch  99 (113.59s)]	ELBO: 2437.137 (3531.900)	Log prob: 2630.328 (4526.434)	KLD: 193.192 (994.534)
[Epoch 100 (109.38s)]	ELBO: 2444.983 (3527.871)	Log prob: 2639.115 (4526.365)	KLD: 194.132 (998.494)
Best epoch(s): [99, 100, 100, 98]	Training time(s): 7162.05s, 6396.53s, 7281.48s, 8345.42s (29185.48s)	Best ELBO: 2444.983 (3541.489)	Best log prob: 2639.115 (4536.774)
Avg. mu: 1.747, -0.747, -1.368, -0.780, -0.970, -0.433, 0.477, 0.805, 0.480, 0.083, 1.599, 0.644, 0.786, -0.384, 0.393, 0.335, -0.012, 0.303, 0.066, -1.112, -0.860, 0.135, 0.133, -0.431, 0.011, 0.232, -0.337, 0.339, 0.157, -0.305, 0.289, 0.766, 0.617, 1.086, -1.041, 0.467, 0.172, -0.385, 0.161, -0.012, -0.199, -0.642, 0.765, 0.886, 0.642, -0.356, 0.074, -0.256, 0.869, 0.250, 1.755, 1.152, 0.469, -1.241, -0.287, 0.386, -0.011, 0.261, -0.523, 1.770, 0.838, -0.836, 0.352, -0.584, -0.003, -0.646, -1.181, 0.621, 0.916, -0.208, 0.056, -0.843, -0.312, -1.307, -0.441, -1.788, -0.226, 0.412, 0.098, -1.351, 1.002, -0.471, 0.941, 0.581, 1.242, 0.365, -0.604, -0.647, -0.089, -0.354, 0.535, 0.286, 0.393, 0.995, 0.220, 0.426, -0.213, -0.580, -0.103, 0.607, 1.297, 0.666, 0.289, -1.302, -0.223, -0.958, 0.537, -0.402, 0.119, -0.700, -1.020, 1.058, 0.214, -0.016, -0.554, 0.331, -1.298, 0.133, -0.646, -0.485, -1.033, -1.005, -0.360, 0.815, -0.250, -0.010, 0.349, -0.756, 0.215, 1.472, 0.274, 1.713, 0.550, -0.436, 0.885, 1.322, -0.630, 0.846, 1.156, 0.292, -0.313, -1.384, -0.622, -0.520, -0.096, 0.228, -0.503, 0.798, -0.269, -0.555, -0.725, 0.165, -0.401, 1.105, 0.702, -1.008, 0.585, -0.557, -0.061, -0.656, 0.890, -0.744, -0.115, -0.974, -0.495, 0.355, 1.330, -0.531, 0.371, 0.620, -0.796, 0.022, 0.272, -1.396, 1.312, -0.405, -0.346, 1.213, -0.722, -0.198, 0.276, 0.074, -1.106, 0.878, -0.781, 1.162, -0.923, -0.509, 0.495, 0.450, -1.028, -0.101, 0.145, 1.050, 0.444, -0.373, 0.323, 0.912, 0.722, -0.934, 0.865, -0.141, -1.618, -0.321, -0.490, -0.306, -2.272, -0.426, -0.253, -0.088, 0.483, -1.449, 1.043, 0.893, 0.780, 0.488, 0.841, -0.534, 0.103, -0.442, 0.278, 0.170, 0.405, -0.343, 1.463, 0.496, -1.435, 0.541, -0.168, -0.125, -0.353, 0.924, 1.762, -0.611, -0.676, -0.504, -0.877, -0.545, -0.601, 0.352, 1.084, -0.762, -0.373, 0.252, 1.217, -0.660, 0.107, -0.413, 0.099, -0.290, -0.601, 0.056, 0.086, 1.511, -0.063, -0.123, 0.022, 0.287, 0.077, -0.013, -0.113, 0.073, 0.046, -0.149, -0.040, 0.051, 0.185, -0.161, 0.061, -0.135, 0.071, 0.091, -0.265, -0.034, 0.024, 0.167, 0.165, 0.160, -0.159, 0.039, 0.357, -0.240, -0.086, -0.220, 0.215, -0.002, 0.097, -0.030, -0.339, -0.377, -0.010, 0.118, 0.097, 0.446, -0.605, -0.076, -0.164, -0.313, -0.012, 0.067, -0.091, 0.112, -0.233, -0.063, -0.328, -0.083, 0.106, 0.209, 0.106, -0.070, 0.088, -0.096, -0.363, -0.193, -0.000, 0.153, 0.058, 0.139, 0.083, -0.198, -0.042, -0.281, -0.008, 0.150, 0.145, 0.031, 0.093, -0.060, 0.014, 0.176, 0.047, 0.083, -0.088, 0.004, -0.167, -0.184, 0.104, 0.233, 0.098, -0.083, -0.177, 0.266, -0.176, 0.087, 0.054, -0.118, -0.086, 0.077, 0.462, -0.296, 0.142, -0.272, 0.101, -0.171, 0.274, 0.397, -0.194, -0.053, 0.023, 0.173, -0.188, -0.048, -0.434, -0.098, 0.234, 0.006, 0.106, 0.262, 0.157, 0.138, 0.090, -0.066, 0.122, 0.141, 0.254, -0.137, 0.107, -0.188, -0.049, -0.034, 0.020, 0.071, 0.087, 0.021, 0.215, -0.675, 0.685, 0.106, -0.082, 0.181, -0.202, 0.651, 0.203, 0.336, -0.161, -0.033, -0.431, -0.050, 0.159, 0.042, -0.119, -0.675, 0.070, 0.330, -0.102, -0.144, 0.083, 0.164, -0.265, 0.039, -0.140, -0.345, 0.279, -0.592, 0.545, 0.202, -0.596, -0.213, -0.210, 0.106, -0.089, 0.481, -0.166, -0.564, -0.019, -0.395, 0.001, -0.162, 0.441, -0.876, 0.306, -0.203, 0.353, -0.214, -0.421, -0.205, 0.528, 0.004, 0.315, 0.106, 0.126, -0.012, 0.117, -0.157, -0.106, 0.076, 0.221, -0.350, -0.046, -0.182, 0.542, 0.514, -0.140, 0.163, -0.167, -0.119, -0.107, 0.223, 0.396, 0.285, 0.556, -0.076, 0.400, 0.599, -0.239, 0.421, 0.307, 0.093, -0.199, -0.299, -0.090, -0.202, 0.535, 0.281, 0.034, -0.149, -0.421, 0.022, -0.386, 0.172, -0.308, 0.272, 0.271, -0.339, 0.466, -0.686, 0.123, -0.114, 0.475, 0.621, 0.339, 0.483, -0.140, -0.402, 0.503, 0.116, -0.096, 0.033, 0.611, -0.087, 0.018, 0.634, 0.012, 0.143, 0.005, 0.160, -0.210, 0.126, -0.428, -0.044, 0.391, -0.299
Avg. var: 0.010, 0.002, 0.008, 0.005, 0.008, 0.002, 0.003, 0.004, 0.002, 0.016, 0.011, 0.005, 0.025, 0.011, 0.005, 0.015, 0.010, 0.041, 0.004, 0.004, 0.002, 0.047, 0.005, 0.003, 0.032, 0.002, 0.018, 0.038, 0.001, 0.006, 0.009, 0.017, 0.014, 0.062, 0.007, 0.010, 0.019, 0.003, 0.007, 0.003, 0.010, 0.031, 0.004, 0.014, 0.061, 0.007, 0.003, 0.009, 0.007, 0.008, 0.006, 0.002, 0.033, 0.014, 0.007, 0.006, 0.013, 0.000, 0.010, 0.001, 0.003, 0.005, 0.004, 0.013, 0.004, 0.010, 0.009, 0.009, 0.005, 0.002, 0.003, 0.024, 0.001, 0.006, 0.005, 0.029, 0.012, 0.009, 0.003, 0.003, 0.017, 0.005, 0.001, 0.006, 0.008, 0.012, 0.002, 0.008, 0.004, 0.002, 0.003, 0.005, 0.005, 0.015, 0.005, 0.002, 0.005, 0.046, 0.004, 0.005, 0.008, 0.005, 0.005, 0.010, 0.062, 0.002, 0.005, 0.015, 0.004, 0.056, 0.009, 0.003, 0.009, 0.003, 0.024, 0.006, 0.023, 0.004, 0.009, 0.028, 0.012, 0.008, 0.010, 0.041, 0.007, 0.004, 0.005, 0.004, 0.008, 0.012, 0.016, 0.016, 0.014, 0.014, 0.006, 0.016, 0.012, 0.013, 0.005, 0.007, 0.008, 0.007, 0.010, 0.007, 0.012, 0.015, 0.010, 0.015, 0.007, 0.019, 0.007, 0.021, 0.009, 0.009, 0.008, 0.017, 0.024, 0.015, 0.011, 0.010, 0.006, 0.010, 0.005, 0.011, 0.014, 0.006, 0.017, 0.005, 0.012, 0.019, 0.010, 0.008, 0.011, 0.005, 0.009, 0.009, 0.008, 0.007, 0.018, 0.008, 0.015, 0.014, 0.005, 0.013, 0.006, 0.015, 0.008, 0.014, 0.008, 0.015, 0.015, 0.006, 0.008, 0.016, 0.007, 0.009, 0.008, 0.013, 0.009, 0.011, 0.012, 0.008, 0.018, 0.012, 0.005, 0.005, 0.002, 0.005, 0.015, 0.016, 0.008, 0.003, 0.015, 0.007, 0.013, 0.004, 0.003, 0.009, 0.010, 0.007, 0.007, 0.011, 0.013, 0.012, 0.009, 0.011, 0.009, 0.013, 0.015, 0.011, 0.014, 0.011, 0.010, 0.008, 0.007, 0.010, 0.007, 0.005, 0.013, 0.008, 0.006, 0.011, 0.005, 0.010, 0.005, 0.017, 0.006, 0.007, 0.013, 0.009, 0.008, 0.008, 0.007, 0.012, 0.014, 0.009, 0.207, 0.281, 0.263, 0.032, 0.134, 0.159, 0.265, 0.110, 0.032, 0.027, 0.039, 0.199, 0.053, 0.260, 0.042, 0.132, 0.038, 0.030, 0.074, 0.042, 0.058, 0.030, 0.238, 0.044, 0.071, 0.073, 0.107, 0.234, 0.205, 0.039, 0.039, 0.039, 0.385, 0.298, 0.069, 0.034, 0.036, 0.120, 0.018, 0.313, 0.045, 0.063, 0.045, 0.050, 0.335, 0.036, 0.037, 0.113, 0.327, 0.039, 0.288, 0.095, 0.281, 0.168, 0.191, 0.049, 0.126, 0.187, 0.031, 0.096, 0.087, 0.044, 0.041, 0.125, 0.402, 0.269, 0.278, 0.089, 0.273, 0.132, 0.041, 0.258, 0.309, 0.037, 0.040, 0.200, 0.076, 0.051, 0.036, 0.073, 0.272, 0.319, 0.120, 0.037, 0.256, 0.216, 0.116, 0.337, 0.036, 0.046, 0.145, 0.430, 0.039, 0.293, 0.344, 0.324, 0.299, 0.214, 0.110, 0.300, 0.136, 0.176, 0.146, 0.193, 0.269, 0.051, 0.088, 0.026, 0.041, 0.176, 0.159, 0.042, 0.226, 0.085, 0.025, 0.094, 0.138, 0.413, 0.145, 0.027, 0.214, 0.103, 0.053, 0.079, 0.043, 0.301, 0.045, 0.119, 0.078, 0.033, 0.040, 0.051, 0.048, 0.061, 0.049, 0.059, 0.040, 0.075, 0.047, 0.038, 0.033, 0.055, 0.040, 0.045, 0.051, 0.026, 0.049, 0.052, 0.032, 0.064, 0.042, 0.041, 0.046, 0.056, 0.034, 0.059, 0.070, 0.039, 0.048, 0.034, 0.055, 0.040, 0.054, 0.069, 0.076, 0.033, 0.046, 0.094, 0.082, 0.052, 0.061, 0.105, 0.061, 0.061, 0.060, 0.052, 0.065, 0.090, 0.039, 0.043, 0.048, 0.052, 0.065, 0.067, 0.050, 0.071, 0.037, 0.062, 0.033, 0.040, 0.029, 0.030, 0.083, 0.036, 0.034, 0.038, 0.053, 0.047, 0.044, 0.045, 0.039, 0.030, 0.055, 0.054, 0.039, 0.038, 0.057, 0.038, 0.042, 0.064, 0.061, 0.055, 0.055, 0.091, 0.032, 0.046, 0.053, 0.042, 0.031, 0.081, 0.066, 0.045, 0.050, 0.055, 0.054, 0.069, 0.057, 0.051, 0.064, 0.085, 0.050, 0.056, 0.039, 0.091, 0.087, 0.048, 0.069, 0.106, 0.027, 0.073, 0.043, 0.099, 0.053, 0.039, 0.077, 0.039, 0.064, 0.037, 0.032, 0.056, 0.038, 0.057, 0.092, 0.052, 0.032, 0.038
Max. mu: 4.433, 2.991, 2.644, 3.075, 2.162, 5.121, 4.698, 4.763, 5.167, 2.888, 5.122, 3.772, 3.580, 2.413, 4.939, 3.295, 2.380, 2.500, 5.218, 3.220, 3.203, 2.098, 4.339, 3.297, 2.231, 6.619, 2.217, 2.498, 4.277, 3.567, 3.404, 3.383, 4.329, 3.064, 2.056, 3.997, 3.109, 3.594, 3.880, 6.942, 3.329, 2.449, 5.277, 3.859, 4.335, 2.523, 4.176, 2.658, 3.901, 4.157, 5.167, 6.744, 3.235, 1.330, 2.190, 4.397, 2.614, 7.130, 2.984, 6.730, 5.748, 3.142, 4.738, 2.382, 3.849, 2.403, 2.141, 3.818, 5.779, 4.448, 4.214, 1.672, 3.701, 2.338, 2.979, 0.573, 2.814, 4.243, 4.265, 2.605, 4.943, 3.731, 7.574, 4.702, 4.968, 3.723, 4.408, 2.952, 3.778, 5.926, 5.217, 4.460, 5.047, 3.520, 4.957, 7.773, 3.726, 2.121, 4.637, 5.481, 4.970, 5.893, 4.552, 1.426, 2.036, 4.920, 5.933, 2.316, 4.765, 1.650, 3.403, 5.911, 3.191, 4.299, 2.037, 3.654, 0.565, 4.008, 2.166, 3.186, 3.422, 2.569, 3.741, 3.293, 2.675, 4.614, 5.233, 2.836, 3.393, 7.215, 3.888, 6.519, 4.089, 2.825, 4.892, 4.716, 2.642, 5.304, 5.887, 3.974, 2.406, 2.820, 2.151, 2.289, 3.594, 3.065, 2.150, 5.273, 3.338, 2.572, 2.084, 4.297, 2.853, 4.917, 5.086, 1.536, 3.786, 2.123, 2.964, 2.339, 4.834, 2.517, 3.369, 1.624, 2.679, 4.428, 6.346, 4.464, 3.731, 5.166, 1.818, 4.016, 3.549, 2.135, 5.521, 3.641, 2.824, 5.266, 3.102, 2.818, 3.505, 3.986, 4.754, 4.605, 1.698, 5.117, 1.669, 1.764, 4.576, 3.660, 1.570, 4.172, 3.685, 4.715, 4.721, 2.822, 3.604, 5.119, 3.769, 1.889, 4.643, 3.562, 0.699, 3.714, 2.912, 3.404, 2.259, 2.400, 3.132, 4.139, 4.385, 1.822, 4.247, 5.180, 4.052, 4.348, 6.549, 2.748, 3.762, 3.128, 4.220, 3.667, 4.263, 2.425, 7.556, 4.262, 1.464, 3.849, 3.295, 3.162, 3.346, 4.746, 7.743, 1.996, 2.404, 2.836, 1.804, 2.569, 2.357, 3.711, 4.810, 2.089, 2.557, 3.590, 5.482, 2.278, 3.439, 2.234, 3.883, 2.876, 1.892, 5.262, 3.301, 7.034, 2.946, 2.845, 3.233, 2.650, 2.665, 7.009, 3.643, 3.093, 2.608, 3.397, 8.885, 7.299, 6.694, 2.155, 4.896, 2.168, 5.274, 3.286, 6.326, 7.363, 4.120, 8.089, 4.241, 6.565, 2.698, 4.498, 4.240, 3.701, 4.269, 1.965, 3.044, 5.827, 4.857, 5.728, 1.814, 1.630, 4.053, 7.544, 6.611, 3.967, 9.589, 2.046, 4.601, 3.816, 5.666, 5.944, 2.813, 6.233, 4.942, 3.567, 1.691, 5.816, 2.737, 3.982, 2.605, 3.439, 3.052, 4.517, 3.385, 3.290, 7.692, 4.234, 4.350, 5.045, 4.881, 2.981, 1.965, 2.342, 2.169, 4.211, 2.511, 3.059, 5.793, 2.121, 2.529, 5.383, 5.308, 3.303, 4.068, 5.025, 5.237, 3.769, 2.160, 2.564, 4.216, 5.482, 1.794, 2.649, 3.403, 2.140, 5.558, 4.876, 3.603, 1.900, 7.927, 1.414, 2.063, 1.530, 2.397, 2.329, 4.052, 3.760, 3.248, 2.839, 3.111, 3.209, 2.779, 3.804, 3.258, 6.825, 7.032, 2.837, 3.323, 5.187, 2.905, 4.129, 8.873, 3.089, 4.628, 1.601, 4.455, 6.640, 3.188, 3.584, 5.129, 3.732, 5.125, 2.352, 4.973, 3.593, 4.260, 4.548, 7.135, 5.476, 4.259, 4.029, 3.743, 5.104, 5.174, 4.496, 4.162, 4.659, 5.052, 4.320, 4.498, 5.131, 4.304, 7.902, 4.824, 4.669, 6.032, 4.393, 5.212, 5.345, 6.628, 4.624, 6.366, 4.590, 5.131, 3.166, 5.318, 5.187, 2.988, 3.699, 4.596, 4.313, 3.093, 7.139, 5.067, 2.957, 3.244, 3.786, 3.617, 3.083, 4.566, 2.113, 4.015, 3.630, 4.553, 3.248, 4.071, 4.768, 6.324, 3.899, 5.207, 3.905, 5.552, 3.021, 6.855, 4.556, 5.302, 5.065, 7.060, 5.555, 3.864, 4.647, 7.349, 5.579, 5.347, 4.593, 4.528, 5.187, 3.985, 8.375, 6.042, 4.643, 6.701, 5.709, 4.632, 6.759, 5.578, 4.905, 5.359, 3.873, 4.176, 2.760, 5.421, 4.234, 6.078, 5.951, 5.308, 4.086, 3.444, 4.478, 4.236, 4.998, 3.763, 4.271, 4.763, 4.070, 5.313, 3.186, 5.418, 4.346, 6.346, 5.627, 5.580, 5.561, 3.937, 2.855, 7.604, 4.076, 4.743, 3.505, 5.840, 4.457, 3.611, 6.791, 4.691, 4.608, 6.797, 5.235, 4.002, 5.371, 3.209, 4.601, 5.689, 4.233
Max. var: 0.084, 0.012, 0.062, 0.052, 0.066, 0.018, 0.021, 0.018, 0.016, 0.075, 0.048, 0.106, 0.098, 0.056, 0.086, 0.092, 0.041, 0.166, 0.029, 0.034, 0.019, 0.189, 0.038, 0.020, 0.135, 0.015, 0.083, 0.287, 0.009, 0.042, 0.085, 0.080, 0.093, 0.247, 0.050, 0.076, 0.103, 0.021, 0.042, 0.019, 0.049, 0.154, 0.038, 0.069, 0.339, 0.061, 0.013, 0.032, 0.074, 0.065, 0.023, 0.012, 0.132, 0.071, 0.037, 0.031, 0.091, 0.004, 0.043, 0.008, 0.014, 0.027, 0.049, 0.042, 0.025, 0.052, 0.055, 0.059, 0.019, 0.011, 0.015, 0.074, 0.005, 0.030, 0.028, 0.120, 0.119, 0.052, 0.012, 0.013, 0.057, 0.064, 0.008, 0.035, 0.053, 0.055, 0.012, 0.066, 0.029, 0.011, 0.021, 0.088, 0.044, 0.068, 0.033, 0.016, 0.019, 0.257, 0.025, 0.029, 0.067, 0.037, 0.029, 0.054, 0.443, 0.012, 0.049, 0.146, 0.017, 0.261, 0.048, 0.015, 0.062, 0.027, 0.131, 0.037, 0.136, 0.034, 0.067, 0.331, 0.051, 0.071, 0.044, 0.185, 0.055, 0.033, 0.025, 0.024, 0.033, 0.055, 0.059, 0.081, 0.074, 0.076, 0.035, 0.077, 0.050, 0.052, 0.024, 0.040, 0.053, 0.029, 0.041, 0.075, 0.048, 0.094, 0.063, 0.068, 0.039, 0.081, 0.038, 0.104, 0.041, 0.034, 0.050, 0.059, 0.083, 0.058, 0.097, 0.046, 0.031, 0.042, 0.022, 0.106, 0.051, 0.026, 0.093, 0.033, 0.041, 0.092, 0.048, 0.032, 0.071, 0.025, 0.040, 0.042, 0.033, 0.043, 0.073, 0.040, 0.048, 0.062, 0.032, 0.055, 0.035, 0.064, 0.031, 0.069, 0.058, 0.059, 0.056, 0.022, 0.035, 0.092, 0.026, 0.057, 0.064, 0.089, 0.041, 0.045, 0.048, 0.047, 0.086, 0.074, 0.031, 0.029, 0.010, 0.026, 0.132, 0.101, 0.111, 0.019, 0.078, 0.032, 0.069, 0.034, 0.014, 0.036, 0.045, 0.023, 0.025, 0.049, 0.077, 0.038, 0.042, 0.078, 0.034, 0.071, 0.065, 0.049, 0.056, 0.064, 0.048, 0.034, 0.032, 0.045, 0.043, 0.028, 0.073, 0.033, 0.063, 0.064, 0.062, 0.052, 0.035, 0.061, 0.021, 0.036, 0.075, 0.041, 0.037, 0.037, 0.059, 0.049, 0.065, 0.028, 0.469, 0.794, 0.877, 0.107, 0.325, 0.437, 0.985, 0.398, 0.071, 0.096, 0.105, 0.421, 0.131, 0.676, 0.133, 0.431, 0.093, 0.095, 0.201, 0.108, 0.173, 0.115, 0.713, 0.184, 0.178, 0.238, 0.298, 0.754, 0.588, 0.115, 0.103, 0.105, 1.068, 1.013, 0.191, 0.147, 0.133, 0.499, 0.065, 0.981, 0.114, 0.173, 0.143, 0.200, 1.314, 0.105, 0.081, 0.326, 1.290, 0.128, 0.804, 0.305, 1.011, 0.468, 0.570, 0.113, 0.306, 0.491, 0.091, 0.230, 0.251, 0.128, 0.106, 0.423, 1.357, 0.735, 1.098, 0.208, 0.834, 0.532, 0.132, 0.623, 0.982, 0.091, 0.131, 0.518, 0.283, 0.127, 0.075, 0.218, 0.901, 1.083, 0.274, 0.107, 1.004, 0.606, 0.265, 0.976, 0.109, 0.142, 0.440, 1.240, 0.125, 0.986, 1.240, 0.827, 0.968, 0.758, 0.306, 0.978, 0.498, 0.517, 0.438, 0.524, 1.171, 0.171, 0.252, 0.081, 0.106, 0.537, 0.482, 0.173, 0.458, 0.205, 0.080, 0.280, 0.364, 1.363, 0.315, 0.069, 0.563, 0.336, 0.142, 0.197, 0.120, 0.718, 0.158, 0.392, 0.384, 0.193, 0.178, 0.230, 0.246, 0.196, 0.211, 0.298, 0.138, 0.274, 0.137, 0.232, 0.159, 0.196, 0.135, 0.202, 0.209, 0.110, 0.161, 0.198, 0.102, 0.206, 0.144, 0.143, 0.168, 0.281, 0.157, 0.162, 0.305, 0.131, 0.191, 0.139, 0.240, 0.163, 0.154, 0.246, 0.266, 0.092, 0.218, 0.295, 0.292, 0.184, 0.174, 0.454, 0.205, 0.171, 0.234, 0.182, 0.277, 0.208, 0.196, 0.154, 0.161, 0.172, 0.267, 0.222, 0.140, 0.209, 0.148, 0.234, 0.145, 0.148, 0.382, 0.099, 0.221, 0.154, 0.120, 0.172, 0.254, 0.228, 0.167, 0.141, 0.127, 0.105, 0.143, 0.208, 0.128, 0.149, 0.184, 0.152, 0.196, 0.188, 0.214, 0.316, 0.207, 0.377, 0.106, 0.146, 0.148, 0.121, 0.150, 0.266, 0.202, 0.227, 0.196, 0.155, 0.225, 0.296, 0.259, 0.166, 0.224, 0.343, 0.190, 0.228, 0.148, 0.290, 0.241, 0.279, 0.233, 0.313, 0.104, 0.203, 0.180, 0.330, 0.268, 0.141, 0.236, 0.104, 0.209, 0.145, 0.122, 0.254, 0.119, 0.168, 0.249, 0.154, 0.144, 0.145
Min. mu: -0.916, -4.863, -5.592, -3.926, -4.680, -7.294, -3.569, -2.806, -4.455, -3.352, -1.663, -3.773, -1.979, -3.575, -2.963, -2.895, -3.072, -2.140, -4.779, -4.857, -8.235, -2.446, -4.390, -5.149, -2.415, -4.713, -3.882, -1.919, -5.886, -4.247, -2.051, -2.134, -2.771, -1.413, -5.069, -3.260, -2.438, -5.172, -3.823, -6.618, -3.311, -3.925, -2.546, -2.069, -1.475, -5.456, -5.136, -4.156, -2.076, -2.864, -1.384, -5.543, -2.315, -4.241, -3.488, -2.855, -2.685, -5.029, -3.589, -2.062, -5.417, -4.648, -3.579, -3.842, -3.678, -3.922, -4.726, -2.652, -2.615, -5.530, -4.960, -3.241, -5.750, -7.089, -5.864, -5.541, -3.339, -3.240, -4.214, -5.102, -1.471, -5.060, -5.695, -2.639, -2.018, -2.733, -6.276, -4.440, -4.386, -5.999, -4.683, -3.641, -2.728, -1.522, -3.315, -6.053, -4.498, -3.330, -4.381, -4.072, -2.036, -3.243, -3.729, -4.600, -2.829, -8.556, -3.153, -3.596, -4.571, -3.259, -4.640, -3.544, -2.961, -3.818, -4.021, -3.202, -4.388, -5.213, -3.923, -3.371, -4.783, -4.198, -5.621, -1.339, -3.680, -4.579, -4.068, -4.597, -3.204, -1.134, -2.917, -1.185, -2.318, -3.867, -2.207, -1.560, -6.454, -2.145, -3.227, -2.700, -4.082, -7.935, -4.426, -3.435, -3.252, -2.982, -3.565, -2.301, -3.737, -3.731, -5.223, -2.375, -3.874, -1.412, -2.747, -4.466, -2.327, -3.734, -3.221, -4.721, -2.581, -3.909, -3.695, -4.867, -3.690, -4.123, -1.411, -5.472, -2.748, -3.197, -5.258, -2.708, -3.146, -8.130, -1.530, -3.850, -4.570, -1.723, -4.638, -3.820, -3.233, -3.938, -8.074, -2.517, -4.168, -1.844, -4.725, -3.457, -3.582, -2.072, -5.572, -4.657, -3.084, -2.415, -2.965, -3.443, -2.524, -1.773, -2.459, -5.416, -2.127, -3.198, -6.510, -4.266, -4.848, -4.139, -10.961, -3.650, -3.325, -4.116, -2.700, -4.436, -1.705, -1.896, -1.914, -3.164, -2.467, -4.066, -2.781, -4.023, -3.586, -3.386, -2.569, -3.764, -2.506, -3.464, -5.839, -2.317, -3.151, -3.788, -4.073, -2.065, -1.404, -3.825, -4.733, -3.605, -4.838, -4.055, -4.593, -4.106, -1.696, -5.197, -3.465, -2.517, -2.181, -3.971, -3.350, -4.367, -3.247, -3.599, -3.904, -7.414, -2.753, -1.974, -5.017, -3.420, -2.604, -2.277, -2.535, -6.995, -3.220, -3.207, -2.281, -3.438, -6.269, -6.813, -5.708, -2.951, -5.128, -2.655, -4.478, -3.576, -6.223, -7.823, -4.816, -4.971, -5.964, -5.171, -2.653, -5.085, -3.489, -4.891, -3.941, -3.406, -2.544, -6.146, -5.705, -6.797, -2.714, -2.897, -3.877, -5.621, -6.086, -3.125, -12.264, -2.362, -4.650, -4.516, -5.662, -5.463, -2.417, -8.385, -6.419, -3.262, -2.449, -5.919, -2.392, -3.050, -1.954, -3.899, -3.126, -6.781, -4.724, -2.993, -8.542, -4.023, -3.598, -5.641, -4.453, -3.198, -2.327, -2.858, -2.557, -3.870, -2.234, -3.511, -7.810, -2.734, -2.637, -4.049, -5.077, -3.363, -5.235, -4.990, -6.971, -4.581, -1.939, -2.019, -3.805, -6.401, -2.444, -2.036, -4.373, -2.059, -5.164, -5.507, -2.782, -1.418, -5.893, -2.647, -1.364, -2.468, -2.496, -2.841, -2.963, -1.839, -4.371, -3.421, -3.365, -2.435, -2.993, -4.366, -4.682, -7.109, -5.338, -3.319, -3.363, -5.052, -2.608, -3.542, -8.092, -3.559, -3.184, -1.517, -3.142, -8.271, -2.633, -4.326, -5.071, -5.118, -6.371, -1.856, -5.603, -3.070, -3.838, -6.582, -3.287, -3.936, -4.267, -4.819, -4.393, -2.681, -5.262, -2.984, -4.709, -5.669, -5.342, -4.681, -4.304, -4.544, -4.588, -11.578, -4.226, -3.833, -5.812, -4.151, -4.859, -4.497, -5.125, -4.544, -8.591, -5.321, -3.340, -6.852, -2.848, -5.539, -5.409, -6.325, -6.276, -4.343, -4.910, -4.240, -4.251, -6.316, -3.610, -4.756, -4.152, -3.910, -4.139, -6.341, -3.288, -6.332, -3.309, -4.509, -6.802, -5.361, -2.914, -4.513, -4.281, -4.461, -4.264, -5.607, -4.993, -4.268, -4.820, -4.339, -4.745, -5.802, -3.713, -6.892, -5.084, -3.621, -7.454, -3.753, -5.666, -5.418, -5.273, -6.070, -4.155, -3.525, -4.103, -5.858, -2.559, -3.399, -5.811, -3.542, -3.888, -4.938, -6.352, -4.414, -5.519, -6.358, -3.638, -4.330, -8.717, -3.869, -4.977, -6.042, -5.326, -3.779, -5.577, -3.603, -4.008, -5.364, -2.949, -5.439, -4.930, -4.592, -3.358, -2.384, -2.988, -4.396, -5.048, -4.401, -6.324, -4.291, -5.841, -3.518, -2.917, -5.248, -3.460, -5.098, -5.138, -4.215, -6.638, -5.156, -5.725, -4.755, -5.370, -4.259, -6.227, -5.185
Min. var: 0.001, 0.000, 0.000, 0.000, 0.000, 0.000, 0.000, 0.000, 0.000, 0.001, 0.001, 0.000, 0.002, 0.001, 0.000, 0.001, 0.001, 0.001, 0.000, 0.000, 0.000, 0.002, 0.000, 0.000, 0.003, 0.000, 0.001, 0.001, 0.000, 0.000, 0.000, 0.001, 0.001, 0.007, 0.000, 0.001, 0.001, 0.000, 0.000, 0.000, 0.000, 0.001, 0.000, 0.001, 0.005, 0.001, 0.000, 0.001, 0.000, 0.001, 0.000, 0.000, 0.002, 0.000, 0.000, 0.000, 0.001, 0.000, 0.001, 0.000, 0.000, 0.000, 0.000, 0.002, 0.000, 0.001, 0.001, 0.001, 0.000, 0.000, 0.000, 0.002, 0.000, 0.000, 0.000, 0.002, 0.001, 0.000, 0.000, 0.000, 0.001, 0.000, 0.000, 0.000, 0.001, 0.001, 0.000, 0.000, 0.000, 0.000, 0.000, 0.000, 0.000, 0.001, 0.000, 0.000, 0.000, 0.003, 0.000, 0.000, 0.000, 0.000, 0.000, 0.000, 0.006, 0.000, 0.000, 0.001, 0.000, 0.002, 0.001, 0.000, 0.001, 0.000, 0.001, 0.000, 0.001, 0.000, 0.000, 0.002, 0.001, 0.001, 0.001, 0.005, 0.000, 0.000, 0.000, 0.000, 0.000, 0.000, 0.000, 0.000, 0.000, 0.000, 0.000, 0.000, 0.000, 0.000, 0.000, 0.000, 0.000, 0.000, 0.000, 0.000, 0.000, 0.000, 0.000, 0.001, 0.000, 0.001, 0.000, 0.001, 0.000, 0.000, 0.000, 0.001, 0.000, 0.000, 0.001, 0.000, 0.000, 0.000, 0.000, 0.000, 0.001, 0.000, 0.000, 0.000, 0.000, 0.002, 0.000, 0.000, 0.000, 0.000, 0.000, 0.000, 0.000, 0.000, 0.002, 0.000, 0.001, 0.000, 0.000, 0.000, 0.000, 0.000, 0.000, 0.000, 0.000, 0.000, 0.001, 0.000, 0.000, 0.001, 0.000, 0.000, 0.000, 0.001, 0.001, 0.000, 0.000, 0.000, 0.001, 0.001, 0.000, 0.000, 0.000, 0.000, 0.000, 0.000, 0.001, 0.000, 0.000, 0.000, 0.000, 0.000, 0.000, 0.000, 0.000, 0.000, 0.000, 0.000, 0.000, 0.000, 0.000, 0.000, 0.000, 0.001, 0.001, 0.001, 0.001, 0.000, 0.000, 0.000, 0.000, 0.000, 0.000, 0.000, 0.001, 0.000, 0.000, 0.000, 0.000, 0.000, 0.000, 0.000, 0.000, 0.000, 0.000, 0.000, 0.000, 0.000, 0.001, 0.000, 0.000, 0.000, 0.053, 0.060, 0.041, 0.002, 0.021, 0.009, 0.015, 0.015, 0.004, 0.003, 0.003, 0.030, 0.004, 0.041, 0.006, 0.014, 0.003, 0.002, 0.012, 0.004, 0.006, 0.004, 0.031, 0.004, 0.008, 0.016, 0.012, 0.043, 0.041, 0.003, 0.007, 0.002, 0.017, 0.049, 0.005, 0.002, 0.003, 0.012, 0.001, 0.039, 0.008, 0.008, 0.007, 0.002, 0.049, 0.001, 0.005, 0.012, 0.052, 0.004, 0.048, 0.012, 0.039, 0.022, 0.025, 0.004, 0.011, 0.015, 0.002, 0.009, 0.010, 0.005, 0.003, 0.010, 0.052, 0.056, 0.030, 0.016, 0.050, 0.008, 0.002, 0.042, 0.067, 0.005, 0.004, 0.022, 0.015, 0.008, 0.004, 0.011, 0.030, 0.029, 0.020, 0.003, 0.022, 0.031, 0.020, 0.057, 0.006, 0.008, 0.022, 0.065, 0.002, 0.044, 0.047, 0.040, 0.062, 0.015, 0.004, 0.046, 0.010, 0.028, 0.020, 0.011, 0.051, 0.002, 0.005, 0.001, 0.001, 0.012, 0.022, 0.004, 0.042, 0.014, 0.001, 0.008, 0.017, 0.057, 0.027, 0.001, 0.026, 0.018, 0.007, 0.012, 0.002, 0.061, 0.003, 0.013, 0.005, 0.003, 0.005, 0.003, 0.003, 0.002, 0.007, 0.010, 0.004, 0.002, 0.002, 0.001, 0.002, 0.005, 0.004, 0.004, 0.007, 0.002, 0.006, 0.005, 0.003, 0.005, 0.004, 0.002, 0.005, 0.008, 0.004, 0.003, 0.009, 0.004, 0.003, 0.002, 0.002, 0.006, 0.002, 0.009, 0.007, 0.003, 0.002, 0.008, 0.013, 0.005, 0.004, 0.005, 0.005, 0.005, 0.003, 0.003, 0.005, 0.008, 0.005, 0.004, 0.005, 0.008, 0.004, 0.006, 0.006, 0.005, 0.003, 0.002, 0.006, 0.005, 0.003, 0.004, 0.005, 0.003, 0.003, 0.003, 0.004, 0.002, 0.004, 0.005, 0.006, 0.001, 0.002, 0.006, 0.004, 0.003, 0.004, 0.003, 0.004, 0.010, 0.009, 0.005, 0.003, 0.009, 0.003, 0.006, 0.006, 0.004, 0.004, 0.013, 0.005, 0.003, 0.006, 0.007, 0.005, 0.002, 0.005, 0.002, 0.003, 0.006, 0.004, 0.005, 0.006, 0.009, 0.006, 0.007, 0.004, 0.011, 0.003, 0.004, 0.004, 0.005, 0.004, 0.004, 0.006, 0.005, 0.009, 0.005, 0.002, 0.004, 0.003, 0.005, 0.007, 0.006, 0.004, 0.003
Cov. mu:
[[0.397 -0.056 -0.014 ... -0.010 -0.029 -0.001]
 [-0.056 0.804 -0.044 ... 0.001 -0.001 0.009]
 [-0.014 -0.044 0.733 ... -0.007 -0.042 0.020]
 ...
 [-0.010 0.001 -0.007 ... 0.735 -0.088 -0.025]
 [-0.029 -0.001 -0.042 ... -0.088 1.054 0.007]
 [-0.001 0.009 0.020 ... -0.025 0.007 0.880]]
