Encoder
=================================================================
Layer (type:depth-idx)                   Param #
=================================================================
Encoder                                  --
├─Linear: 1-1                            31,400
├─Linear: 1-2                            1,640
=================================================================
Total params: 33,040
Trainable params: 33,040
Non-trainable params: 0
=================================================================
Encoder 2
=================================================================
Layer (type:depth-idx)                   Param #
=================================================================
Encoder                                  --
├─Linear: 1-1                            31,400
├─Linear: 1-2                            1,640
=================================================================
Total params: 33,040
Trainable params: 33,040
Non-trainable params: 0
=================================================================
Encoder Encoder to Encoder
=================================================================
Layer (type:depth-idx)                   Param #
=================================================================
EncoderEncoderToEncoder                  --
├─Linear: 1-1                            3,240
├─Linear: 1-2                            1,640
=================================================================
Total params: 4,880
Trainable params: 4,880
Non-trainable params: 0
=================================================================
Encoder to Latents 0
=================================================================
Layer (type:depth-idx)                   Param #
=================================================================
EncoderToLatents                         --
├─Linear: 1-1                            41
├─Linear: 1-2                            41
=================================================================
Total params: 82
Trainable params: 82
Non-trainable params: 0
=================================================================
Encoder to Latents 1
=================================================================
Layer (type:depth-idx)                   Param #
=================================================================
EncoderToLatents                         --
├─Linear: 1-1                            41
├─Linear: 1-2                            41
=================================================================
Total params: 82
Trainable params: 82
Non-trainable params: 0
=================================================================
Encoder to Latents 2
=================================================================
Layer (type:depth-idx)                   Param #
=================================================================
EncoderToLatents                         --
├─Linear: 1-1                            41
├─Linear: 1-2                            41
=================================================================
Total params: 82
Trainable params: 82
Non-trainable params: 0
=================================================================
Encoder to Latents 3
=================================================================
Layer (type:depth-idx)                   Param #
=================================================================
EncoderToLatents                         --
├─Linear: 1-1                            41
├─Linear: 1-2                            41
=================================================================
Total params: 82
Trainable params: 82
Non-trainable params: 0
=================================================================
Encoder to Latents 4
=================================================================
Layer (type:depth-idx)                   Param #
=================================================================
EncoderToLatents                         --
├─Linear: 1-1                            41
├─Linear: 1-2                            41
=================================================================
Total params: 82
Trainable params: 82
Non-trainable params: 0
=================================================================
Encoder to Latents 5
=================================================================
Layer (type:depth-idx)                   Param #
=================================================================
EncoderToLatents                         --
├─Linear: 1-1                            41
├─Linear: 1-2                            41
=================================================================
Total params: 82
Trainable params: 82
Non-trainable params: 0
=================================================================
Encoder to Latents 6
=================================================================
Layer (type:depth-idx)                   Param #
=================================================================
EncoderToLatents                         --
├─Linear: 1-1                            41
├─Linear: 1-2                            41
=================================================================
Total params: 82
Trainable params: 82
Non-trainable params: 0
=================================================================
Encoder to Latents 7
=================================================================
Layer (type:depth-idx)                   Param #
=================================================================
EncoderToLatents                         --
├─Linear: 1-1                            41
├─Linear: 1-2                            41
=================================================================
Total params: 82
Trainable params: 82
Non-trainable params: 0
=================================================================
Encoder to Latents 8
=================================================================
Layer (type:depth-idx)                   Param #
=================================================================
EncoderToLatents                         --
├─Linear: 1-1                            41
├─Linear: 1-2                            41
=================================================================
Total params: 82
Trainable params: 82
Non-trainable params: 0
=================================================================
Encoder to Latents 9
=================================================================
Layer (type:depth-idx)                   Param #
=================================================================
EncoderToLatents                         --
├─Linear: 1-1                            41
├─Linear: 1-2                            41
=================================================================
Total params: 82
Trainable params: 82
Non-trainable params: 0
=================================================================
Latents to Decoder 0
=================================================================
Layer (type:depth-idx)                   Param #
=================================================================
LatentsToDecoder                         --
├─Linear: 1-1                            80
=================================================================
Total params: 80
Trainable params: 80
Non-trainable params: 0
=================================================================
Latents to Decoder 1
=================================================================
Layer (type:depth-idx)                   Param #
=================================================================
LatentsToDecoder                         --
├─Linear: 1-1                            80
=================================================================
Total params: 80
Trainable params: 80
Non-trainable params: 0
=================================================================
Latents to Decoder 2
=================================================================
Layer (type:depth-idx)                   Param #
=================================================================
LatentsToDecoder                         --
├─Linear: 1-1                            80
=================================================================
Total params: 80
Trainable params: 80
Non-trainable params: 0
=================================================================
Latents to Decoder 3
=================================================================
Layer (type:depth-idx)                   Param #
=================================================================
LatentsToDecoder                         --
├─Linear: 1-1                            80
=================================================================
Total params: 80
Trainable params: 80
Non-trainable params: 0
=================================================================
Latents to Decoder 4
=================================================================
Layer (type:depth-idx)                   Param #
=================================================================
LatentsToDecoder                         --
├─Linear: 1-1                            80
=================================================================
Total params: 80
Trainable params: 80
Non-trainable params: 0
=================================================================
Latents to Decoder 5
=================================================================
Layer (type:depth-idx)                   Param #
=================================================================
LatentsToDecoder                         --
├─Linear: 1-1                            80
=================================================================
Total params: 80
Trainable params: 80
Non-trainable params: 0
=================================================================
Latents to Decoder 6
=================================================================
Layer (type:depth-idx)                   Param #
=================================================================
LatentsToDecoder                         --
├─Linear: 1-1                            80
=================================================================
Total params: 80
Trainable params: 80
Non-trainable params: 0
=================================================================
Latents to Decoder 7
=================================================================
Layer (type:depth-idx)                   Param #
=================================================================
LatentsToDecoder                         --
├─Linear: 1-1                            80
=================================================================
Total params: 80
Trainable params: 80
Non-trainable params: 0
=================================================================
Latents to Decoder 8
=================================================================
Layer (type:depth-idx)                   Param #
=================================================================
LatentsToDecoder                         --
├─Linear: 1-1                            80
=================================================================
Total params: 80
Trainable params: 80
Non-trainable params: 0
=================================================================
Latents to Decoder 9
=================================================================
Layer (type:depth-idx)                   Param #
=================================================================
LatentsToDecoder                         --
├─Linear: 1-1                            80
=================================================================
Total params: 80
Trainable params: 80
Non-trainable params: 0
=================================================================
Decoder
=================================================================
Layer (type:depth-idx)                   Param #
=================================================================
Decoder                                  --
├─Linear: 1-1                            1,640
├─Linear: 1-2                            32,144
=================================================================
Total params: 33,784
Trainable params: 33,784
Non-trainable params: 0
=================================================================
[Epoch   1 (62.24s)]	ELBO: 1172.064, 1205.683, 1233.496, 1241.965, 1245.314, 1248.418, 1248.487, 1247.348, 1244.697, 1241.736 (1384.765)	Log prob: 1187.509, 1222.216, 1251.495, 1260.368, 1264.304, 1268.179, 1268.668, 1267.897, 1265.641, 1263.064 (1399.226)	KLD: 15.445, 1.088, 1.466, 0.405, 0.587, 0.772, 0.419, 0.369, 0.394, 0.385 (14.462)	Grad: 18.267, 1.646, 1.003, 0.442, 0.394, 0.337, 0.288, 0.213, 0.229, 0.289
[Epoch   2 (88.42s)]	ELBO: 1341.262, 1388.856, 1403.044, 1403.705, 1403.384, 1403.444, 1402.806, 1402.373, 1401.686, 1400.837 (1419.009)	Log prob: 1346.623, 1396.556, 1412.816, 1414.040, 1414.275, 1415.086, 1414.868, 1414.717, 1414.524, 1414.108 (1431.256)	KLD: 5.361, 2.337, 2.074, 0.565, 0.554, 0.752, 0.420, 0.281, 0.494, 0.433 (12.247)	Grad: 16.074, 1.954, 0.844, 0.244, 0.237, 0.225, 0.194, 0.172, 0.218, 0.188
[Epoch   3 (76.33s)]	ELBO: 1357.559, 1414.811, 1439.752, 1446.938, 1446.776, 1446.874, 1446.588, 1446.344, 1445.999, 1445.469 (1474.913)	Log prob: 1361.879, 1422.128, 1449.259, 1457.948, 1458.322, 1459.260, 1459.289, 1459.193, 1459.215, 1459.033 (1489.111)	KLD: 4.321, 2.995, 2.191, 1.504, 0.536, 0.839, 0.318, 0.146, 0.368, 0.347 (14.198)	Grad: 11.015, 1.718, 1.538, 0.641, 0.292, 0.351, 0.259, 0.206, 0.241, 0.228
[Epoch   4 (72.60s)]	ELBO: 1382.774, 1431.448, 1477.515, 1499.943, 1500.551, 1501.990, 1502.373, 1502.053, 1502.087, 1501.787 (1528.211)	Log prob: 1386.806, 1438.544, 1487.482, 1512.063, 1513.061, 1515.672, 1516.336, 1516.072, 1516.489, 1516.398 (1542.642)	KLD: 4.032, 3.063, 2.872, 2.152, 0.392, 1.171, 0.279, 0.057, 0.384, 0.210 (14.430)	Grad: 5.453, 2.318, 1.511, 0.882, 0.309, 0.538, 0.249, 0.193, 0.281, 0.220
[Epoch   5 (71.98s)]	ELBO: 1398.323, 1446.749, 1497.246, 1534.891, 1539.750, 1541.768, 1541.799, 1541.943, 1541.907, 1541.751 (1556.675)	Log prob: 1402.171, 1453.512, 1507.116, 1547.144, 1552.781, 1555.851, 1556.071, 1556.489, 1556.589, 1556.530 (1572.132)	KLD: 3.847, 2.915, 3.107, 2.384, 0.777, 1.052, 0.189, 0.274, 0.136, 0.097 (15.458)	Grad: 3.805, 2.175, 2.226, 1.260, 0.483, 0.567, 0.271, 0.301, 0.235, 0.205
[Epoch   6 (74.08s)]	ELBO: 1399.810, 1458.735, 1514.144, 1552.350, 1569.460, 1570.951, 1570.870, 1570.831, 1570.736, 1570.665 (1583.483)	Log prob: 1403.551, 1465.790, 1524.483, 1564.978, 1583.749, 1586.188, 1586.201, 1586.323, 1586.286, 1586.258 (1599.167)	KLD: 3.740, 3.314, 3.285, 2.288, 1.662, 0.947, 0.094, 0.161, 0.059, 0.042 (15.684)	Grad: 4.350, 2.467, 2.176, 1.363, 0.710, 0.585, 0.248, 0.233, 0.207, 0.188
[Epoch   7 (73.97s)]	ELBO: 1401.686, 1469.334, 1530.952, 1567.997, 1590.174, 1595.309, 1595.399, 1595.457, 1595.511, 1595.362 (1610.337)	Log prob: 1405.305, 1476.555, 1541.448, 1580.821, 1604.895, 1611.253, 1611.442, 1611.574, 1611.710, 1611.597 (1627.418)	KLD: 3.619, 3.603, 3.273, 2.328, 1.899, 1.222, 0.098, 0.074, 0.083, 0.034 (17.080)	Grad: 5.346, 2.917, 2.652, 1.659, 0.806, 0.757, 0.247, 0.228, 0.240, 0.199
[Epoch   8 (77.13s)]	ELBO: 1404.168, 1475.390, 1539.781, 1577.557, 1601.573, 1617.672, 1617.914, 1617.828, 1617.844, 1617.733 (1624.563)	Log prob: 1407.701, 1482.498, 1550.089, 1590.275, 1616.343, 1634.295, 1634.616, 1634.626, 1634.718, 1634.632 (1641.051)	KLD: 3.535, 3.573, 3.200, 2.411, 2.053, 1.852, 0.080, 0.095, 0.076, 0.025 (16.488)	Grad: 5.664, 3.002, 2.975, 1.705, 0.979, 0.953, 0.246, 0.239, 0.235, 0.196
[Epoch   9 (84.53s)]	ELBO: 1406.241, 1479.200, 1545.128, 1584.315, 1609.485, 1628.223, 1628.409, 1628.405, 1628.394, 1628.365 (1632.321)	Log prob: 1409.716, 1486.171, 1555.292, 1596.912, 1624.136, 1644.790, 1645.062, 1645.144, 1645.174, 1645.165 (1649.028)	KLD: 3.475, 3.496, 3.193, 2.434, 2.054, 1.915, 0.087, 0.086, 0.042, 0.019 (16.707)	Grad: 5.662, 2.959, 3.097, 1.848, 0.871, 0.918, 0.247, 0.225, 0.203, 0.191
[Epoch  10 (85.38s)]	ELBO: 1407.513, 1481.679, 1549.104, 1589.552, 1615.101, 1635.248, 1635.737, 1635.712, 1635.775, 1635.713 (1639.291)	Log prob: 1410.957, 1488.560, 1559.169, 1602.052, 1629.648, 1651.721, 1652.406, 1652.486, 1652.588, 1652.543 (1656.024)	KLD: 3.444, 3.437, 3.184, 2.436, 2.046, 1.927, 0.196, 0.104, 0.039, 0.016 (16.734)	Grad: 5.638, 2.871, 3.250, 1.829, 0.917, 0.885, 0.296, 0.242, 0.200, 0.188
[Epoch  11 (91.89s)]	ELBO: 1408.589, 1483.591, 1552.564, 1593.699, 1619.538, 1640.557, 1642.908, 1643.010, 1642.971, 1642.955 (1647.443)	Log prob: 1412.008, 1490.405, 1562.563, 1606.131, 1634.015, 1656.984, 1659.978, 1660.262, 1660.269, 1660.265 (1665.086)	KLD: 3.419, 3.395, 3.185, 2.433, 2.044, 1.950, 0.643, 0.183, 0.045, 0.011 (17.643)	Grad: 5.502, 3.034, 3.216, 1.982, 0.963, 0.804, 0.394, 0.270, 0.195, 0.176
[Epoch  12 (151.34s)]	ELBO: 1409.473, 1484.847, 1555.356, 1596.893, 1622.992, 1644.722, 1649.872, 1649.930, 1649.907, 1649.928 (1653.212)	Log prob: 1412.888, 1491.636, 1565.324, 1609.286, 1637.436, 1661.140, 1667.390, 1667.683, 1667.695, 1667.724 (1670.940)	KLD: 3.415, 3.373, 3.178, 2.426, 2.051, 1.974, 1.102, 0.235, 0.034, 0.009 (17.729)	Grad: 5.404, 3.094, 3.018, 1.976, 1.010, 0.878, 0.513, 0.295, 0.189, 0.169
[Epoch  13 (166.22s)]	ELBO: 1410.309, 1485.988, 1557.926, 1599.587, 1626.002, 1648.339, 1654.827, 1654.871, 1654.876, 1654.821 (1657.346)	Log prob: 1413.727, 1492.760, 1567.865, 1611.938, 1640.417, 1664.744, 1672.513, 1672.725, 1672.751, 1672.703 (1675.129)	KLD: 3.419, 3.353, 3.166, 2.413, 2.063, 1.990, 1.281, 0.167, 0.022, 0.006 (17.783)	Grad: 5.285, 3.233, 3.172, 1.935, 0.997, 0.939, 0.556, 0.269, 0.186, 0.167
[Epoch  14 (137.36s)]	ELBO: 1410.869, 1487.102, 1560.472, 1602.107, 1628.718, 1651.290, 1658.726, 1658.692, 1658.689, 1658.680 (1659.990)	Log prob: 1414.290, 1493.870, 1570.404, 1614.446, 1643.127, 1667.695, 1676.498, 1676.572, 1676.586, 1676.582 (1677.753)	KLD: 3.420, 3.348, 3.164, 2.407, 2.069, 1.997, 1.366, 0.108, 0.018, 0.005 (17.762)	Grad: 5.132, 3.441, 3.265, 1.944, 0.905, 0.985, 0.618, 0.244, 0.186, 0.158
[Epoch  15 (140.41s)]	ELBO: 1411.617, 1488.175, 1562.715, 1604.244, 1631.133, 1653.858, 1661.884, 1661.891, 1661.840, 1661.835 (1663.362)	Log prob: 1415.038, 1494.941, 1572.638, 1616.573, 1645.543, 1670.266, 1679.711, 1679.791, 1679.756, 1679.754 (1680.828)	KLD: 3.422, 3.344, 3.158, 2.406, 2.081, 1.999, 1.418, 0.073, 0.015, 0.005 (17.466)	Grad: 4.961, 3.261, 3.013, 1.779, 0.887, 0.877, 0.583, 0.209, 0.179, 0.150
[Epoch  16 (135.09s)]	ELBO: 1412.317, 1489.335, 1564.874, 1606.148, 1633.295, 1656.049, 1664.488, 1664.499, 1664.526, 1664.548 (1665.476)	Log prob: 1415.737, 1496.091, 1574.781, 1618.453, 1647.679, 1672.432, 1682.333, 1682.396, 1682.436, 1682.462 (1683.094)	KLD: 3.419, 3.337, 3.150, 2.399, 2.079, 1.996, 1.462, 0.052, 0.015, 0.003 (17.617)	Grad: 4.745, 3.414, 3.056, 1.762, 0.937, 0.894, 0.657, 0.204, 0.184, 0.146
[Epoch  17 (134.00s)]	ELBO: 1412.839, 1490.260, 1566.681, 1607.887, 1635.184, 1658.005, 1666.752, 1666.742, 1666.784, 1666.779 (1666.028)	Log prob: 1416.264, 1497.021, 1576.584, 1620.189, 1649.573, 1674.387, 1684.615, 1684.642, 1684.700, 1684.696 (1683.570)	KLD: 3.426, 3.335, 3.143, 2.399, 2.086, 1.994, 1.481, 0.037, 0.014, 0.003 (17.542)	Grad: 4.670, 3.386, 3.055, 1.768, 0.925, 0.875, 0.652, 0.191, 0.182, 0.139
[Epoch  18 (133.72s)]	ELBO: 1413.440, 1491.235, 1568.077, 1609.145, 1636.623, 1659.528, 1668.637, 1668.612, 1668.586, 1668.656 (1669.391)	Log prob: 1416.872, 1498.000, 1577.983, 1621.445, 1651.014, 1675.908, 1686.525, 1686.526, 1686.515, 1686.590 (1687.074)	KLD: 3.433, 3.334, 3.140, 2.393, 2.091, 1.990, 1.508, 0.026, 0.014, 0.003 (17.683)	Grad: 4.581, 3.510, 3.337, 1.801, 0.924, 0.836, 0.648, 0.194, 0.182, 0.143
[Epoch  19 (141.47s)]	ELBO: 1413.944, 1492.325, 1569.555, 1610.504, 1638.299, 1661.250, 1670.551, 1670.509, 1670.511, 1670.528 (1671.517)	Log prob: 1417.383, 1499.098, 1579.460, 1622.800, 1652.699, 1677.640, 1688.468, 1688.445, 1688.460, 1688.480 (1689.301)	KLD: 3.439, 3.333, 3.133, 2.393, 2.101, 1.992, 1.527, 0.019, 0.014, 0.002 (17.784)	Grad: 4.436, 3.400, 2.933, 1.876, 0.946, 0.894, 0.697, 0.186, 0.180, 0.135
[Epoch  20 (135.56s)]	ELBO: 1414.360, 1493.095, 1570.585, 1611.491, 1639.407, 1662.437, 1671.921, 1671.900, 1671.924, 1671.941 (1673.186)	Log prob: 1417.798, 1499.863, 1580.488, 1623.785, 1653.804, 1678.826, 1689.850, 1689.844, 1689.882, 1689.901 (1691.305)	KLD: 3.437, 3.332, 3.134, 2.392, 2.101, 1.992, 1.540, 0.014, 0.014, 0.002 (18.119)	Grad: 4.298, 3.574, 3.311, 1.985, 1.031, 0.886, 0.752, 0.194, 0.183, 0.138
[Epoch  21 (145.19s)]	ELBO: 1414.527, 1494.011, 1571.627, 1612.457, 1640.595, 1663.658, 1673.360, 1673.407, 1673.430, 1673.412 (1673.811)	Log prob: 1417.974, 1500.792, 1581.532, 1624.757, 1654.998, 1680.056, 1691.312, 1691.372, 1691.407, 1691.392 (1691.655)	KLD: 3.447, 3.332, 3.127, 2.395, 2.101, 1.996, 1.554, 0.011, 0.016, 0.002 (17.843)	Grad: 4.103, 3.524, 3.330, 1.713, 0.889, 0.905, 0.637, 0.185, 0.180, 0.135
[Epoch  22 (139.70s)]	ELBO: 1415.141, 1494.979, 1572.812, 1613.541, 1641.718, 1664.921, 1674.708, 1674.766, 1674.793, 1674.819 (1674.284)	Log prob: 1418.588, 1501.752, 1582.705, 1625.833, 1656.115, 1681.313, 1692.668, 1692.734, 1692.780, 1692.807 (1692.257)	KLD: 3.446, 3.325, 3.122, 2.399, 2.105, 1.993, 1.568, 0.008, 0.019, 0.002 (17.973)	Grad: 4.245, 3.506, 3.059, 1.644, 0.934, 0.833, 0.735, 0.181, 0.188, 0.135
[Epoch  23 (132.46s)]	ELBO: 1415.451, 1496.003, 1573.766, 1614.472, 1642.718, 1666.028, 1676.093, 1676.085, 1676.101, 1676.107 (1674.392)	Log prob: 1418.899, 1502.776, 1583.663, 1626.766, 1657.119, 1682.425, 1694.061, 1694.060, 1694.106, 1694.115 (1692.370)	KLD: 3.448, 3.325, 3.124, 2.398, 2.105, 1.997, 1.573, 0.006, 0.029, 0.001 (17.979)	Grad: 3.946, 3.393, 3.151, 1.390, 0.905, 0.811, 0.655, 0.166, 0.192, 0.125
[Epoch  24 (131.43s)]	ELBO: 1415.882, 1497.008, 1574.639, 1615.171, 1643.479, 1666.808, 1676.953, 1676.927, 1676.996, 1676.999 (1677.020)	Log prob: 1419.344, 1503.802, 1584.548, 1627.481, 1657.893, 1683.219, 1694.943, 1694.923, 1695.038, 1695.041 (1694.627)	KLD: 3.463, 3.331, 3.116, 2.400, 2.105, 1.996, 1.582, 0.005, 0.043, 0.001 (17.607)	Grad: 4.084, 3.636, 3.102, 1.866, 1.028, 0.872, 0.681, 0.182, 0.221, 0.133
[Epoch  25 (140.32s)]	ELBO: 1416.186, 1497.827, 1575.326, 1615.908, 1644.211, 1667.759, 1678.007, 1678.021, 1678.087, 1678.067 (1676.888)	Log prob: 1419.657, 1504.625, 1585.238, 1628.226, 1658.639, 1684.192, 1696.022, 1696.042, 1696.175, 1696.157 (1695.020)	KLD: 3.471, 3.328, 3.113, 2.405, 2.110, 2.004, 1.585, 0.004, 0.068, 0.001 (18.131)	Grad: 3.957, 3.628, 3.120, 1.686, 0.955, 0.913, 0.686, 0.172, 0.238, 0.125
[Epoch  26 (154.05s)]	ELBO: 1416.583, 1498.800, 1576.171, 1616.610, 1645.011, 1668.503, 1678.813, 1678.852, 1678.927, 1678.896 (1679.125)	Log prob: 1420.054, 1505.597, 1586.083, 1628.928, 1659.429, 1684.924, 1696.830, 1696.873, 1697.051, 1697.021 (1696.973)	KLD: 3.471, 3.327, 3.116, 2.404, 2.102, 2.000, 1.597, 0.004, 0.104, 0.001 (17.848)	Grad: 3.842, 3.588, 3.066, 1.698, 0.916, 0.849, 0.743, 0.170, 0.246, 0.124
[Epoch  27 (137.26s)]	ELBO: 1416.784, 1499.307, 1576.698, 1617.273, 1645.779, 1669.487, 1679.891, 1679.901, 1680.081, 1680.086 (1679.354)	Log prob: 1420.260, 1506.111, 1586.615, 1629.594, 1660.211, 1685.923, 1697.929, 1697.940, 1698.281, 1698.287 (1697.510)	KLD: 3.476, 3.328, 3.113, 2.404, 2.111, 2.004, 1.600, 0.003, 0.161, 0.001 (18.156)	Grad: 3.839, 3.657, 2.861, 1.539, 1.095, 0.804, 0.645, 0.168, 0.269, 0.121
[Epoch  28 (144.76s)]	ELBO: 1417.465, 1500.318, 1577.526, 1618.058, 1646.461, 1670.160, 1680.749, 1680.744, 1681.014, 1681.081 (1680.394)	Log prob: 1420.945, 1507.129, 1587.446, 1630.387, 1660.898, 1686.602, 1698.796, 1698.794, 1699.326, 1699.392 (1698.879)	KLD: 3.481, 3.330, 3.109, 2.409, 2.108, 2.006, 1.605, 0.003, 0.262, 0.001 (18.485)	Grad: 3.785, 3.497, 3.058, 1.673, 1.047, 0.804, 0.671, 0.167, 0.312, 0.119
[Epoch  29 (153.39s)]	ELBO: 1417.678, 1500.949, 1578.049, 1618.581, 1646.996, 1670.762, 1681.436, 1681.502, 1682.068, 1682.075 (1682.256)	Log prob: 1421.166, 1507.769, 1587.971, 1630.911, 1661.436, 1687.210, 1699.487, 1699.556, 1700.585, 1700.594 (1700.598)	KLD: 3.487, 3.332, 3.102, 2.408, 2.111, 2.007, 1.605, 0.003, 0.461, 0.001 (18.342)	Grad: 3.761, 3.767, 2.841, 1.618, 1.033, 0.849, 0.723, 0.168, 0.363, 0.121
[Epoch  30 (162.15s)]	ELBO: 1418.159, 1501.700, 1578.673, 1619.282, 1647.626, 1671.462, 1682.191, 1682.186, 1683.304, 1683.271 (1683.026)	Log prob: 1421.644, 1508.511, 1588.592, 1631.609, 1662.062, 1687.905, 1700.241, 1700.239, 1702.000, 1701.966 (1701.721)	KLD: 3.485, 3.326, 3.108, 2.407, 2.112, 2.005, 1.609, 0.002, 0.641, 0.000 (18.695)	Grad: 3.799, 3.644, 3.044, 1.584, 1.082, 0.824, 0.722, 0.165, 0.408, 0.116
[Epoch  31 (148.40s)]	ELBO: 1418.713, 1502.560, 1579.221, 1619.917, 1648.173, 1672.049, 1682.901, 1682.920, 1684.560, 1684.561 (1684.577)	Log prob: 1422.213, 1509.388, 1589.152, 1632.257, 1662.624, 1688.508, 1700.977, 1700.997, 1703.427, 1703.426 (1703.133)	KLD: 3.500, 3.328, 3.104, 2.409, 2.111, 2.009, 1.615, 0.002, 0.790, 0.000 (18.556)	Grad: 3.644, 3.689, 3.002, 1.502, 1.012, 0.878, 0.713, 0.159, 0.453, 0.110
[Epoch  32 (156.54s)]	ELBO: 1418.907, 1503.075, 1579.601, 1620.355, 1648.617, 1672.487, 1683.438, 1683.442, 1685.725, 1685.671 (1684.400)	Log prob: 1422.413, 1509.910, 1589.538, 1632.705, 1663.076, 1688.958, 1701.532, 1701.538, 1704.730, 1704.677 (1703.357)	KLD: 3.506, 3.328, 3.104, 2.412, 2.111, 2.011, 1.622, 0.002, 0.910, 0.000 (18.957)	Grad: 3.630, 3.770, 3.038, 1.542, 1.099, 0.927, 0.739, 0.163, 0.472, 0.112
[Epoch  33 (158.63s)]	ELBO: 1419.248, 1503.783, 1580.008, 1620.795, 1649.025, 1672.928, 1683.982, 1683.993, 1686.636, 1686.574 (1687.146)	Log prob: 1422.758, 1510.623, 1589.950, 1633.149, 1663.488, 1689.404, 1702.089, 1702.102, 1705.732, 1705.670 (1706.021)	KLD: 3.510, 3.329, 3.101, 2.413, 2.110, 2.013, 1.631, 0.002, 0.986, 0.000 (18.875)	Grad: 3.721, 3.770, 3.250, 1.554, 1.106, 0.928, 0.704, 0.163, 0.513, 0.110
[Epoch  34 (149.82s)]	ELBO: 1419.666, 1504.330, 1580.488, 1621.303, 1649.531, 1673.444, 1684.597, 1684.623, 1687.561, 1687.577 (1687.257)	Log prob: 1423.179, 1511.176, 1590.438, 1633.672, 1664.012, 1689.942, 1702.733, 1702.760, 1706.730, 1706.745 (1706.258)	KLD: 3.514, 3.333, 3.103, 2.420, 2.112, 2.017, 1.637, 0.002, 1.031, 0.000 (19.001)	Grad: 3.664, 3.831, 2.934, 1.649, 1.112, 0.849, 0.721, 0.163, 0.521, 0.110
[Epoch  35 (173.92s)]	ELBO: 1420.027, 1505.081, 1580.905, 1621.958, 1650.063, 1674.067, 1685.336, 1685.298, 1688.470, 1688.486 (1686.741)	Log prob: 1423.550, 1511.935, 1590.859, 1634.330, 1664.545, 1690.563, 1703.472, 1703.435, 1707.664, 1707.682 (1705.927)	KLD: 3.522, 3.331, 3.100, 2.418, 2.111, 2.011, 1.642, 0.002, 1.056, 0.000 (19.185)	Grad: 3.641, 3.637, 3.183, 1.515, 1.151, 0.859, 0.698, 0.164, 0.499, 0.107
[Epoch  36 (153.27s)]	ELBO: 1420.366, 1505.722, 1581.324, 1622.367, 1650.457, 1674.409, 1685.799, 1685.830, 1689.129, 1689.142 (1689.363)	Log prob: 1423.893, 1512.584, 1591.277, 1634.746, 1664.946, 1690.910, 1703.951, 1703.984, 1708.365, 1708.376 (1708.618)	KLD: 3.527, 3.335, 3.093, 2.424, 2.110, 2.013, 1.650, 0.003, 1.081, 0.000 (19.255)	Grad: 3.739, 3.749, 3.240, 1.627, 1.016, 0.926, 0.695, 0.166, 0.497, 0.109
[Epoch  37 (139.61s)]	ELBO: 1420.703, 1506.078, 1581.743, 1622.824, 1650.824, 1674.801, 1686.267, 1686.294, 1689.702, 1689.730 (1690.070)	Log prob: 1424.238, 1512.951, 1591.718, 1635.227, 1665.341, 1691.334, 1704.466, 1704.498, 1709.010, 1709.040 (1709.284)	KLD: 3.534, 3.339, 3.101, 2.429, 2.114, 2.015, 1.667, 0.004, 1.105, 0.000 (19.214)	Grad: 3.577, 3.698, 2.926, 1.553, 1.084, 1.044, 0.739, 0.168, 0.516, 0.111
[Epoch  38 (136.10s)]	ELBO: 1421.054, 1506.520, 1581.988, 1623.261, 1651.175, 1675.271, 1686.832, 1686.799, 1690.364, 1690.417 (1689.633)	Log prob: 1424.590, 1513.394, 1591.957, 1635.657, 1665.685, 1691.795, 1705.028, 1705.001, 1709.674, 1709.727 (1708.942)	KLD: 3.537, 3.338, 3.095, 2.429, 2.111, 2.014, 1.672, 0.008, 1.107, 0.000 (19.310)	Grad: 3.663, 3.848, 3.144, 1.557, 0.999, 0.924, 0.698, 0.171, 0.505, 0.109
[Epoch  39 (142.09s)]	ELBO: 1421.259, 1507.086, 1582.316, 1623.705, 1651.521, 1675.579, 1687.231, 1687.299, 1690.946, 1690.912 (1690.705)	Log prob: 1424.800, 1513.966, 1592.296, 1636.117, 1666.049, 1692.129, 1705.458, 1705.541, 1710.309, 1710.272 (1710.160)	KLD: 3.540, 3.339, 3.101, 2.433, 2.115, 2.020, 1.677, 0.016, 1.119, 0.000 (19.455)	Grad: 3.805, 3.722, 3.134, 1.594, 1.078, 0.925, 0.717, 0.182, 0.496, 0.110
[Epoch  40 (143.97s)]	ELBO: 1421.744, 1507.514, 1582.604, 1624.120, 1651.910, 1676.006, 1687.661, 1687.767, 1691.421, 1691.473 (1691.581)	Log prob: 1425.285, 1514.399, 1592.588, 1636.538, 1666.443, 1692.558, 1705.897, 1706.035, 1710.819, 1710.872 (1710.698)	KLD: 3.542, 3.344, 3.099, 2.433, 2.117, 2.018, 1.683, 0.034, 1.129, 0.000 (19.117)	Grad: 3.724, 3.905, 2.900, 1.592, 1.059, 0.850, 0.778, 0.195, 0.490, 0.110
[Epoch  41 (142.30s)]	ELBO: 1422.112, 1508.278, 1582.981, 1624.455, 1652.319, 1676.380, 1688.180, 1688.341, 1692.013, 1692.075 (1692.200)	Log prob: 1425.661, 1515.172, 1592.969, 1636.883, 1666.855, 1692.932, 1706.422, 1706.674, 1711.480, 1711.543 (1711.573)	KLD: 3.549, 3.346, 3.094, 2.439, 2.109, 2.016, 1.689, 0.091, 1.135, 0.000 (19.373)	Grad: 3.676, 3.767, 3.165, 1.508, 1.062, 0.868, 0.702, 0.229, 0.502, 0.108
[Epoch  42 (150.85s)]	ELBO: 1422.378, 1508.774, 1583.430, 1625.021, 1652.705, 1676.746, 1688.585, 1689.511, 1692.720, 1692.790 (1693.287)	Log prob: 1425.932, 1515.676, 1593.426, 1637.456, 1667.251, 1693.312, 1706.838, 1708.116, 1712.428, 1712.497 (1713.150)	KLD: 3.554, 3.347, 3.094, 2.440, 2.112, 2.019, 1.688, 0.353, 1.101, 0.000 (19.863)	Grad: 3.655, 3.687, 3.057, 1.498, 1.053, 0.934, 0.661, 0.309, 0.505, 0.107
[Epoch  43 (146.45s)]	ELBO: 1422.766, 1509.175, 1583.641, 1625.223, 1652.893, 1676.891, 1688.801, 1691.193, 1693.755, 1693.777 (1693.938)	Log prob: 1426.327, 1516.084, 1593.641, 1637.666, 1667.446, 1693.465, 1707.064, 1710.252, 1713.847, 1713.870 (1714.138)	KLD: 3.560, 3.349, 3.092, 2.442, 2.111, 2.020, 1.691, 0.794, 1.034, 0.000 (20.199)	Grad: 3.802, 3.835, 3.256, 1.691, 0.980, 0.984, 0.692, 0.410, 0.487, 0.109
[Epoch  44 (164.71s)]	ELBO: 1423.137, 1509.884, 1583.919, 1625.732, 1653.296, 1677.365, 1689.162, 1692.569, 1695.177, 1695.157 (1695.804)	Log prob: 1426.702, 1516.800, 1593.925, 1638.183, 1667.857, 1693.945, 1707.426, 1711.860, 1715.488, 1715.467 (1716.114)	KLD: 3.566, 3.351, 3.089, 2.445, 2.111, 2.018, 1.685, 1.026, 1.020, 0.000 (20.310)	Grad: 3.718, 3.662, 3.182, 1.682, 1.027, 0.824, 0.745, 0.459, 0.480, 0.108
[Epoch  45 (160.13s)]	ELBO: 1423.395, 1510.023, 1584.022, 1625.806, 1653.366, 1677.343, 1689.218, 1693.421, 1696.226, 1696.192 (1696.837)	Log prob: 1426.957, 1516.938, 1594.027, 1638.258, 1667.933, 1693.926, 1707.491, 1712.829, 1716.670, 1716.637 (1717.244)	KLD: 3.562, 3.353, 3.090, 2.447, 2.114, 2.017, 1.690, 1.134, 1.036, 0.001 (20.407)	Grad: 3.818, 3.855, 3.063, 1.638, 1.167, 1.035, 0.729, 0.503, 0.495, 0.120
[Epoch  46 (147.45s)]	ELBO: 1423.434, 1510.456, 1584.141, 1626.131, 1653.701, 1677.667, 1689.571, 1694.144, 1697.253, 1697.246 (1696.963)	Log prob: 1427.011, 1517.391, 1594.168, 1638.609, 1668.293, 1694.280, 1707.875, 1713.636, 1717.808, 1717.804 (1717.486)	KLD: 3.576, 3.358, 3.092, 2.454, 2.114, 2.019, 1.690, 1.190, 1.062, 0.001 (20.523)	Grad: 3.742, 3.775, 3.083, 1.560, 1.011, 0.945, 0.711, 0.489, 0.479, 0.121
[Epoch  47 (147.30s)]	ELBO: 1423.937, 1510.989, 1584.571, 1626.584, 1654.068, 1678.079, 1690.011, 1694.927, 1698.077, 1698.210 (1697.791)	Log prob: 1427.513, 1517.920, 1594.592, 1639.059, 1668.656, 1694.682, 1708.313, 1714.465, 1718.699, 1718.833 (1718.582)	KLD: 3.577, 3.355, 3.089, 2.454, 2.112, 2.017, 1.700, 1.235, 1.083, 0.001 (20.790)	Grad: 3.861, 3.906, 3.174, 1.636, 1.026, 0.918, 0.731, 0.525, 0.481, 0.121
[Epoch  48 (159.34s)]	ELBO: 1424.187, 1511.547, 1584.786, 1626.812, 1654.249, 1678.306, 1690.281, 1695.534, 1698.903, 1698.914 (1698.499)	Log prob: 1427.762, 1518.478, 1594.806, 1639.288, 1668.840, 1694.918, 1708.597, 1715.117, 1719.586, 1719.597 (1719.036)	KLD: 3.575, 3.356, 3.089, 2.457, 2.113, 2.022, 1.703, 1.266, 1.100, 0.001 (20.537)	Grad: 3.727, 3.805, 3.054, 1.465, 1.096, 0.861, 0.650, 0.520, 0.471, 0.117
[Epoch  49 (158.17s)]	ELBO: 1424.468, 1512.108, 1585.196, 1627.320, 1654.704, 1678.664, 1690.681, 1695.968, 1699.528, 1699.571 (1699.563)	Log prob: 1428.055, 1519.061, 1595.237, 1639.824, 1669.320, 1695.300, 1709.020, 1715.593, 1720.262, 1720.307 (1719.999)	KLD: 3.587, 3.366, 3.089, 2.461, 2.113, 2.020, 1.703, 1.287, 1.109, 0.001 (20.436)	Grad: 3.792, 3.588, 3.187, 1.480, 1.103, 0.958, 0.743, 0.553, 0.489, 0.126
[Epoch  50 (151.60s)]	ELBO: 1424.663, 1512.308, 1585.176, 1627.314, 1654.709, 1678.825, 1690.865, 1696.384, 1700.078, 1700.077 (1699.383)	Log prob: 1428.257, 1519.260, 1595.215, 1639.819, 1669.328, 1695.471, 1709.214, 1716.035, 1720.849, 1720.849 (1720.174)	KLD: 3.594, 3.359, 3.087, 2.465, 2.116, 2.026, 1.704, 1.301, 1.122, 0.001 (20.792)	Grad: 3.811, 3.763, 3.160, 1.610, 0.988, 0.967, 0.714, 0.530, 0.485, 0.125
[Epoch  51 (143.87s)]	ELBO: 1424.939, 1512.720, 1585.498, 1627.685, 1655.001, 1679.117, 1691.142, 1696.854, 1700.601, 1700.605 (1700.351)	Log prob: 1428.524, 1519.662, 1595.524, 1640.178, 1669.612, 1695.746, 1709.483, 1716.508, 1721.388, 1721.390 (1721.108)	KLD: 3.585, 3.358, 3.083, 2.466, 2.119, 2.020, 1.710, 1.313, 1.133, 0.000 (20.758)	Grad: 3.824, 3.835, 3.075, 1.493, 1.033, 0.846, 0.661, 0.551, 0.513, 0.121
[Epoch  52 (142.75s)]	ELBO: 1425.156, 1512.992, 1585.564, 1627.841, 1655.178, 1679.254, 1691.386, 1697.190, 1701.010, 1701.044 (1700.677)	Log prob: 1428.752, 1519.949, 1595.610, 1640.355, 1669.805, 1695.906, 1709.749, 1716.886, 1721.842, 1721.876 (1721.483)	KLD: 3.596, 3.360, 3.089, 2.468, 2.115, 2.024, 1.712, 1.333, 1.137, 0.000 (20.806)	Grad: 3.949, 3.895, 3.230, 1.586, 1.020, 0.897, 0.697, 0.572, 0.488, 0.123
[Epoch  53 (140.82s)]	ELBO: 1425.352, 1513.309, 1585.894, 1628.153, 1655.425, 1679.475, 1691.621, 1697.524, 1701.474, 1701.476 (1701.766)	Log prob: 1428.953, 1520.278, 1595.956, 1640.678, 1670.065, 1696.135, 1710.001, 1717.236, 1722.324, 1722.328 (1722.741)	KLD: 3.601, 3.368, 3.092, 2.464, 2.115, 2.020, 1.720, 1.332, 1.138, 0.000 (20.975)	Grad: 3.898, 3.897, 2.986, 1.710, 1.033, 0.886, 0.660, 0.554, 0.490, 0.120
[Epoch  54 (144.01s)]	ELBO: 1425.592, 1513.817, 1586.078, 1628.404, 1655.683, 1679.796, 1691.871, 1698.010, 1701.991, 1701.947 (1701.417)	Log prob: 1429.188, 1520.776, 1596.126, 1640.922, 1670.318, 1696.448, 1710.243, 1717.728, 1722.864, 1722.820 (1722.076)	KLD: 3.596, 3.364, 3.087, 2.470, 2.117, 2.018, 1.718, 1.348, 1.155, 0.000 (20.659)	Grad: 4.037, 3.866, 3.019, 1.588, 1.059, 0.843, 0.642, 0.555, 0.497, 0.121
[Epoch  55 (140.00s)]	ELBO: 1425.983, 1514.300, 1586.391, 1628.712, 1655.986, 1679.993, 1692.134, 1698.325, 1702.325, 1702.283 (1702.017)	Log prob: 1429.587, 1521.266, 1596.448, 1641.239, 1670.634, 1696.663, 1710.519, 1718.074, 1723.241, 1723.200 (1722.865)	KLD: 3.603, 3.364, 3.090, 2.472, 2.119, 2.021, 1.716, 1.363, 1.168, 0.000 (20.848)	Grad: 3.928, 3.834, 3.051, 1.614, 1.018, 0.933, 0.685, 0.550, 0.515, 0.117
[Epoch  56 (133.53s)]	ELBO: 1426.096, 1514.628, 1586.578, 1628.811, 1656.051, 1680.084, 1692.166, 1698.484, 1702.540, 1702.550 (1701.485)	Log prob: 1429.698, 1521.599, 1596.633, 1641.342, 1670.697, 1696.750, 1710.554, 1718.239, 1723.466, 1723.479 (1722.164)	KLD: 3.601, 3.370, 3.083, 2.476, 2.115, 2.020, 1.723, 1.366, 1.173, 0.000 (20.678)	Grad: 4.028, 3.604, 3.188, 1.789, 1.036, 0.878, 0.700, 0.560, 0.518, 0.123
[Epoch  57 (135.58s)]	ELBO: 1426.401, 1514.863, 1586.719, 1629.150, 1656.263, 1680.373, 1692.419, 1698.824, 1702.900, 1702.924 (1701.880)	Log prob: 1430.011, 1521.844, 1596.782, 1641.692, 1670.924, 1697.056, 1710.822, 1718.597, 1723.850, 1723.875 (1722.711)	KLD: 3.612, 3.370, 3.082, 2.479, 2.118, 2.021, 1.721, 1.370, 1.177, 0.000 (20.831)	Grad: 3.948, 3.838, 3.271, 1.604, 1.075, 0.929, 0.725, 0.571, 0.509, 0.126
[Epoch  58 (142.90s)]	ELBO: 1426.510, 1515.292, 1586.823, 1629.328, 1656.533, 1680.614, 1692.799, 1699.275, 1703.432, 1703.480 (1703.649)	Log prob: 1430.124, 1522.280, 1596.902, 1641.886, 1671.205, 1697.307, 1711.220, 1719.074, 1724.417, 1724.467 (1724.384)	KLD: 3.614, 3.375, 3.089, 2.480, 2.115, 2.021, 1.729, 1.378, 1.186, 0.000 (20.734)	Grad: 3.949, 3.928, 2.989, 1.525, 1.070, 0.858, 0.678, 0.566, 0.509, 0.122
[Epoch  59 (142.59s)]	ELBO: 1426.849, 1515.706, 1587.270, 1629.677, 1656.836, 1680.894, 1693.065, 1699.597, 1703.739, 1703.785 (1703.434)	Log prob: 1430.468, 1522.699, 1597.347, 1642.234, 1671.509, 1697.589, 1711.483, 1719.397, 1724.723, 1724.770 (1724.416)	KLD: 3.618, 3.375, 3.084, 2.480, 2.116, 2.022, 1.722, 1.382, 1.186, 0.000 (20.981)	Grad: 3.853, 3.742, 3.030, 1.642, 1.002, 0.907, 0.670, 0.562, 0.506, 0.120
[Epoch  60 (139.45s)]	ELBO: 1426.971, 1515.882, 1587.177, 1629.687, 1656.875, 1680.961, 1693.135, 1699.701, 1703.920, 1703.875 (1702.598)	Log prob: 1430.591, 1522.882, 1597.262, 1642.257, 1671.560, 1697.670, 1711.570, 1719.521, 1724.941, 1724.893 (1723.616)	KLD: 3.620, 3.380, 3.087, 2.483, 2.116, 2.023, 1.726, 1.387, 1.197, 0.000 (21.018)	Grad: 3.852, 3.755, 3.051, 1.578, 1.167, 0.791, 0.654, 0.552, 0.526, 0.120
[Epoch  61 (138.06s)]	ELBO: 1427.242, 1516.321, 1587.582, 1630.087, 1657.213, 1681.262, 1693.461, 1700.096, 1704.386, 1704.373 (1703.914)	Log prob: 1430.868, 1523.330, 1597.676, 1642.662, 1671.905, 1697.972, 1711.903, 1719.925, 1725.411, 1725.397 (1725.039)	KLD: 3.626, 3.383, 3.086, 2.480, 2.117, 2.018, 1.732, 1.386, 1.197, 0.001 (21.125)	Grad: 4.071, 3.778, 2.990, 1.556, 1.127, 0.844, 0.687, 0.569, 0.495, 0.125
[Epoch  62 (136.12s)]	ELBO: 1427.578, 1516.764, 1587.835, 1630.332, 1657.413, 1681.531, 1693.639, 1700.321, 1704.680, 1704.648 (1704.736)	Log prob: 1431.206, 1523.774, 1597.929, 1642.912, 1672.111, 1698.251, 1712.084, 1720.159, 1725.714, 1725.682 (1725.482)	KLD: 3.628, 3.381, 3.085, 2.487, 2.117, 2.021, 1.727, 1.392, 1.195, 0.001 (20.745)	Grad: 3.982, 3.795, 3.025, 1.583, 1.051, 0.901, 0.732, 0.573, 0.489, 0.125
[Epoch  63 (135.79s)]	ELBO: 1427.688, 1516.920, 1587.811, 1630.344, 1657.509, 1681.617, 1693.753, 1700.535, 1704.891, 1704.909 (1705.218)	Log prob: 1431.321, 1523.935, 1597.914, 1642.938, 1672.223, 1698.353, 1712.214, 1720.389, 1725.952, 1725.971 (1726.220)	KLD: 3.634, 3.381, 3.089, 2.490, 2.120, 2.022, 1.726, 1.394, 1.206, 0.000 (21.001)	Grad: 3.983, 3.788, 3.202, 1.658, 1.089, 0.895, 0.719, 0.556, 0.490, 0.124
[Epoch  64 (131.35s)]	ELBO: 1427.908, 1517.290, 1588.191, 1630.778, 1657.842, 1681.836, 1693.963, 1700.796, 1705.210, 1705.184 (1705.061)	Log prob: 1431.543, 1524.314, 1598.299, 1643.380, 1672.561, 1698.578, 1712.435, 1720.666, 1726.291, 1726.264 (1726.044)	KLD: 3.636, 3.387, 3.086, 2.492, 2.117, 2.022, 1.731, 1.397, 1.209, 0.001 (20.983)	Grad: 3.990, 3.846, 3.009, 1.639, 1.081, 0.959, 0.725, 0.592, 0.507, 0.125
[Epoch  65 (133.61s)]	ELBO: 1428.102, 1517.618, 1588.278, 1630.771, 1657.999, 1682.025, 1694.175, 1701.083, 1705.580, 1705.496 (1705.605)	Log prob: 1431.740, 1524.641, 1598.387, 1643.371, 1672.716, 1698.766, 1712.653, 1720.958, 1726.666, 1726.582 (1726.439)	KLD: 3.637, 3.386, 3.085, 2.493, 2.117, 2.022, 1.738, 1.397, 1.210, 0.000 (20.834)	Grad: 4.097, 3.826, 3.160, 1.603, 1.023, 0.864, 0.672, 0.547, 0.524, 0.123
[Epoch  66 (140.78s)]	ELBO: 1428.138, 1517.824, 1588.359, 1630.910, 1657.997, 1682.071, 1694.192, 1701.117, 1705.611, 1705.687 (1703.767)	Log prob: 1431.781, 1524.861, 1598.483, 1643.529, 1672.733, 1698.829, 1712.684, 1721.015, 1726.727, 1726.802 (1724.869)	KLD: 3.642, 3.396, 3.085, 2.496, 2.117, 2.021, 1.735, 1.406, 1.217, 0.000 (21.102)	Grad: 4.113, 3.846, 3.037, 1.532, 1.143, 0.871, 0.738, 0.550, 0.522, 0.122
[Epoch  67 (132.65s)]	ELBO: 1428.418, 1518.021, 1588.476, 1631.110, 1658.207, 1682.305, 1694.443, 1701.439, 1706.037, 1706.001 (1705.050)	Log prob: 1432.067, 1525.059, 1598.603, 1643.729, 1672.944, 1699.064, 1712.941, 1721.348, 1727.176, 1727.140 (1726.183)	KLD: 3.649, 3.390, 3.087, 2.492, 2.120, 2.022, 1.738, 1.410, 1.230, 0.000 (21.133)	Grad: 4.007, 3.787, 2.942, 1.592, 1.089, 0.807, 0.663, 0.565, 0.509, 0.118
[Epoch  68 (129.32s)]	ELBO: 1428.672, 1518.506, 1588.779, 1631.225, 1658.340, 1682.477, 1694.604, 1701.646, 1706.202, 1706.226 (1705.182)	Log prob: 1432.316, 1525.545, 1598.904, 1643.845, 1673.086, 1699.242, 1713.109, 1721.557, 1727.335, 1727.361 (1726.039)	KLD: 3.644, 3.395, 3.086, 2.495, 2.125, 2.022, 1.739, 1.405, 1.223, 0.000 (20.858)	Grad: 4.132, 3.989, 3.253, 1.570, 1.084, 0.894, 0.719, 0.562, 0.518, 0.118
[Epoch  69 (132.42s)]	ELBO: 1428.766, 1518.786, 1588.866, 1631.458, 1658.585, 1682.732, 1694.791, 1701.833, 1706.482, 1706.494 (1705.771)	Log prob: 1432.416, 1525.832, 1598.998, 1644.090, 1673.338, 1699.506, 1713.302, 1721.760, 1727.638, 1727.648 (1726.707)	KLD: 3.649, 3.396, 3.087, 2.500, 2.122, 2.021, 1.736, 1.416, 1.229, 0.000 (20.936)	Grad: 4.157, 3.907, 3.130, 1.569, 1.104, 0.901, 0.738, 0.592, 0.523, 0.118
[Epoch  70 (145.92s)]	ELBO: 1428.942, 1518.995, 1588.950, 1631.497, 1658.510, 1682.647, 1694.824, 1701.943, 1706.568, 1706.540 (1705.688)	Log prob: 1432.592, 1526.037, 1599.080, 1644.128, 1673.268, 1699.424, 1713.337, 1721.876, 1727.730, 1727.705 (1726.879)	KLD: 3.650, 3.393, 3.087, 2.501, 2.127, 2.018, 1.738, 1.419, 1.231, 0.001 (21.191)	Grad: 4.114, 3.883, 3.129, 1.659, 1.076, 0.910, 0.735, 0.586, 0.539, 0.124
[Epoch  71 (141.81s)]	ELBO: 1429.223, 1519.422, 1589.301, 1631.963, 1659.023, 1683.128, 1695.277, 1702.393, 1707.141, 1707.109 (1707.094)	Log prob: 1432.880, 1526.471, 1599.439, 1644.601, 1673.775, 1699.913, 1713.794, 1722.330, 1728.313, 1728.280 (1727.874)	KLD: 3.657, 3.392, 3.089, 2.499, 2.116, 2.030, 1.735, 1.419, 1.235, 0.001 (20.780)	Grad: 4.179, 3.772, 2.969, 1.579, 1.034, 0.856, 0.697, 0.564, 0.483, 0.119
[Epoch  72 (135.18s)]	ELBO: 1429.318, 1519.624, 1589.413, 1632.020, 1659.074, 1683.191, 1695.271, 1702.419, 1707.217, 1707.302 (1706.452)	Log prob: 1432.978, 1526.685, 1599.561, 1644.667, 1673.847, 1699.990, 1713.803, 1722.368, 1728.414, 1728.500 (1727.595)	KLD: 3.658, 3.402, 3.085, 2.503, 2.123, 2.026, 1.735, 1.417, 1.249, 0.000 (21.143)	Grad: 4.049, 3.871, 3.050, 1.617, 1.095, 0.818, 0.719, 0.573, 0.521, 0.118
[Epoch  73 (142.44s)]	ELBO: 1429.384, 1519.709, 1589.564, 1632.052, 1659.067, 1683.148, 1695.341, 1702.577, 1707.291, 1707.264 (1706.379)	Log prob: 1433.045, 1526.772, 1599.711, 1644.706, 1673.843, 1699.949, 1713.885, 1722.543, 1728.509, 1728.483 (1727.777)	KLD: 3.661, 3.401, 3.087, 2.505, 2.123, 2.025, 1.742, 1.423, 1.252, 0.000 (21.397)	Grad: 4.075, 3.940, 2.997, 1.649, 1.200, 0.867, 0.722, 0.573, 0.538, 0.120
[Epoch  74 (135.48s)]	ELBO: 1429.659, 1520.120, 1589.702, 1632.409, 1659.358, 1683.380, 1695.514, 1702.722, 1707.526, 1707.563 (1706.923)	Log prob: 1433.323, 1527.192, 1599.865, 1645.077, 1674.149, 1700.196, 1714.072, 1722.698, 1728.742, 1728.782 (1728.032)	KLD: 3.664, 3.407, 3.091, 2.507, 2.123, 2.024, 1.742, 1.419, 1.241, 0.000 (21.108)	Grad: 4.172, 3.919, 3.130, 1.569, 1.159, 0.913, 0.758, 0.589, 0.526, 0.120
[Epoch  75 (152.01s)]	ELBO: 1429.959, 1520.302, 1589.935, 1632.520, 1659.476, 1683.621, 1695.711, 1703.030, 1707.852, 1707.888 (1707.666)	Log prob: 1433.624, 1527.373, 1600.093, 1645.185, 1674.266, 1700.436, 1714.265, 1723.010, 1729.086, 1729.124 (1728.922)	KLD: 3.665, 3.406, 3.085, 2.509, 2.125, 2.023, 1.741, 1.426, 1.255, 0.000 (21.256)	Grad: 4.081, 3.966, 2.851, 1.779, 1.093, 0.856, 0.665, 0.559, 0.523, 0.118
[Epoch  76 (153.66s)]	ELBO: 1429.925, 1520.626, 1589.968, 1632.583, 1659.578, 1683.737, 1695.785, 1703.128, 1707.905, 1707.938 (1707.053)	Log prob: 1433.592, 1527.699, 1600.126, 1645.254, 1674.374, 1700.557, 1714.339, 1723.109, 1729.138, 1729.172 (1728.239)	KLD: 3.667, 3.406, 3.085, 2.511, 2.127, 2.024, 1.735, 1.426, 1.252, 0.000 (21.186)	Grad: 4.259, 3.898, 3.244, 1.651, 1.120, 0.863, 0.689, 0.584, 0.534, 0.120
[Epoch  77 (146.42s)]	ELBO: 1430.059, 1520.774, 1590.148, 1632.850, 1659.786, 1683.945, 1696.011, 1703.331, 1708.167, 1708.177 (1707.405)	Log prob: 1433.734, 1527.861, 1600.321, 1645.538, 1674.594, 1700.778, 1714.584, 1723.332, 1729.421, 1729.431 (1728.458)	KLD: 3.675, 3.410, 3.088, 2.515, 2.121, 2.024, 1.741, 1.427, 1.253, 0.000 (21.054)	Grad: 4.208, 3.934, 3.041, 1.530, 1.025, 0.871, 0.729, 0.578, 0.537, 0.118
[Epoch  78 (126.41s)]	ELBO: 1430.156, 1520.963, 1590.134, 1632.872, 1659.880, 1683.948, 1696.060, 1703.375, 1708.282, 1708.299 (1708.042)	Log prob: 1433.831, 1528.053, 1600.316, 1645.568, 1674.703, 1700.794, 1714.643, 1723.383, 1729.547, 1729.563 (1729.141)	KLD: 3.674, 3.415, 3.093, 2.515, 2.125, 2.023, 1.736, 1.426, 1.255, 0.001 (21.099)	Grad: 4.202, 3.992, 2.951, 1.675, 1.068, 0.939, 0.721, 0.592, 0.523, 0.121
[Epoch  79 (127.64s)]	ELBO: 1430.391, 1521.397, 1590.487, 1633.174, 1660.157, 1684.236, 1696.268, 1703.694, 1708.568, 1708.617 (1708.100)	Log prob: 1434.065, 1528.486, 1600.663, 1645.863, 1674.974, 1701.075, 1714.850, 1723.702, 1729.838, 1729.887 (1729.292)	KLD: 3.672, 3.416, 3.088, 2.513, 2.126, 2.022, 1.744, 1.428, 1.260, 0.001 (21.192)	Grad: 4.288, 3.905, 2.904, 1.676, 1.092, 0.885, 0.708, 0.600, 0.550, 0.119
[Epoch  80 (130.03s)]	ELBO: 1430.594, 1521.445, 1590.569, 1633.129, 1660.068, 1684.162, 1696.299, 1703.677, 1708.674, 1708.666 (1707.497)	Log prob: 1434.274, 1528.541, 1600.751, 1645.818, 1674.882, 1701.001, 1714.884, 1723.689, 1729.946, 1729.938 (1728.740)	KLD: 3.680, 3.416, 3.085, 2.508, 2.125, 2.025, 1.745, 1.429, 1.258, 0.000 (21.243)	Grad: 4.316, 3.957, 3.198, 1.748, 1.094, 0.890, 0.725, 0.599, 0.559, 0.123
[Epoch  81 (123.45s)]	ELBO: 1430.540, 1521.626, 1590.604, 1633.364, 1660.450, 1684.491, 1696.467, 1703.831, 1708.823, 1708.853 (1708.383)	Log prob: 1434.223, 1528.727, 1600.795, 1646.073, 1675.283, 1701.353, 1715.064, 1723.856, 1730.109, 1730.141 (1729.316)	KLD: 3.684, 3.417, 3.090, 2.520, 2.123, 2.027, 1.737, 1.429, 1.260, 0.000 (20.933)	Grad: 4.278, 3.996, 3.076, 1.533, 1.063, 0.960, 0.738, 0.576, 0.513, 0.121
[Epoch  82 (118.16s)]	ELBO: 1430.771, 1521.949, 1590.757, 1633.413, 1660.293, 1684.402, 1696.432, 1703.881, 1708.921, 1708.841 (1708.760)	Log prob: 1434.456, 1529.051, 1600.953, 1646.130, 1675.133, 1701.266, 1715.033, 1723.921, 1730.216, 1730.136 (1729.997)	KLD: 3.684, 3.419, 3.092, 2.521, 2.123, 2.025, 1.736, 1.439, 1.256, 0.000 (21.238)	Grad: 4.186, 3.995, 3.104, 1.776, 1.109, 0.854, 0.697, 0.566, 0.532, 0.118
[Epoch  83 (123.12s)]	ELBO: 1430.963, 1522.165, 1591.087, 1633.609, 1660.553, 1684.752, 1696.755, 1704.137, 1709.255, 1709.217 (1708.353)	Log prob: 1434.645, 1529.271, 1601.282, 1646.323, 1675.390, 1701.615, 1715.356, 1724.173, 1730.555, 1730.517 (1729.697)	KLD: 3.682, 3.424, 3.090, 2.517, 2.123, 2.026, 1.739, 1.435, 1.264, 0.000 (21.344)	Grad: 4.184, 3.850, 2.916, 1.732, 1.187, 0.928, 0.730, 0.608, 0.561, 0.123
[Epoch  84 (130.13s)]	ELBO: 1430.987, 1522.350, 1591.272, 1633.726, 1660.621, 1684.856, 1696.868, 1704.295, 1709.375, 1709.447 (1708.876)	Log prob: 1434.675, 1529.460, 1601.471, 1646.445, 1675.465, 1701.731, 1715.485, 1724.344, 1730.698, 1730.768 (1730.120)	KLD: 3.688, 3.424, 3.087, 2.521, 2.126, 2.029, 1.743, 1.433, 1.272, 0.000 (21.244)	Grad: 4.312, 3.972, 2.874, 1.605, 1.081, 0.868, 0.677, 0.612, 0.544, 0.118
[Epoch  85 (120.73s)]	ELBO: 1431.206, 1522.592, 1591.394, 1633.984, 1660.844, 1685.002, 1697.009, 1704.477, 1709.529, 1709.569 (1709.213)	Log prob: 1434.896, 1529.704, 1601.599, 1646.711, 1675.695, 1701.878, 1715.625, 1724.525, 1730.841, 1730.881 (1730.333)	KLD: 3.688, 3.424, 3.092, 2.523, 2.126, 2.025, 1.738, 1.432, 1.264, 0.001 (21.120)	Grad: 4.343, 3.878, 3.056, 1.693, 1.092, 0.849, 0.704, 0.596, 0.531, 0.120
[Epoch  86 (118.95s)]	ELBO: 1431.301, 1522.760, 1591.430, 1634.101, 1660.993, 1685.142, 1697.072, 1704.580, 1709.657, 1709.677 (1708.422)	Log prob: 1434.992, 1529.881, 1601.636, 1646.836, 1675.853, 1702.021, 1715.694, 1724.638, 1730.986, 1731.008 (1729.836)	KLD: 3.691, 3.429, 3.089, 2.527, 2.125, 2.020, 1.744, 1.434, 1.272, 0.001 (21.414)	Grad: 4.331, 4.043, 2.935, 1.670, 1.171, 0.848, 0.738, 0.561, 0.555, 0.125
[Epoch  87 (119.50s)]	ELBO: 1431.395, 1523.077, 1591.490, 1634.137, 1661.013, 1685.150, 1697.089, 1704.587, 1709.688, 1709.745 (1708.185)	Log prob: 1435.086, 1530.202, 1601.706, 1646.876, 1675.873, 1702.034, 1715.717, 1724.653, 1731.023, 1731.082 (1729.631)	KLD: 3.691, 3.434, 3.091, 2.523, 2.121, 2.024, 1.744, 1.437, 1.270, 0.002 (21.446)	Grad: 4.358, 3.967, 2.889, 1.748, 1.171, 0.859, 0.718, 0.596, 0.550, 0.125
[Epoch  88 (125.63s)]	ELBO: 1431.747, 1523.298, 1591.686, 1634.239, 1661.115, 1685.309, 1697.282, 1704.830, 1709.958, 1709.947 (1709.231)	Log prob: 1435.443, 1530.424, 1601.907, 1646.989, 1675.987, 1702.209, 1715.925, 1724.912, 1731.310, 1731.299 (1730.428)	KLD: 3.696, 3.430, 3.095, 2.528, 2.125, 2.027, 1.741, 1.441, 1.269, 0.001 (21.197)	Grad: 4.438, 4.106, 2.874, 1.744, 1.004, 0.892, 0.761, 0.560, 0.569, 0.119
[Epoch  89 (115.99s)]	ELBO: 1431.785, 1523.494, 1591.872, 1634.511, 1661.326, 1685.558, 1697.554, 1705.077, 1710.167, 1710.195 (1708.891)	Log prob: 1435.488, 1530.631, 1602.099, 1647.270, 1676.208, 1702.468, 1716.206, 1725.170, 1731.532, 1731.561 (1730.053)	KLD: 3.702, 3.433, 3.092, 2.529, 2.127, 2.027, 1.742, 1.443, 1.272, 0.001 (21.162)	Grad: 4.438, 4.046, 2.808, 1.574, 1.104, 0.856, 0.694, 0.596, 0.540, 0.122
[Epoch  90 (112.83s)]	ELBO: 1431.682, 1523.383, 1591.742, 1634.512, 1661.407, 1685.553, 1697.456, 1704.903, 1710.064, 1710.093 (1709.298)	Log prob: 1435.383, 1530.522, 1601.974, 1647.275, 1676.296, 1702.466, 1716.110, 1724.999, 1731.431, 1731.460 (1730.590)	KLD: 3.700, 3.438, 3.093, 2.531, 2.127, 2.025, 1.739, 1.441, 1.271, 0.001 (21.291)	Grad: 4.424, 4.048, 3.188, 1.658, 1.063, 0.834, 0.736, 0.576, 0.535, 0.126
[Epoch  91 (112.80s)]	ELBO: 1431.998, 1524.000, 1592.089, 1634.695, 1661.490, 1685.666, 1697.548, 1705.049, 1710.235, 1710.267 (1709.979)	Log prob: 1435.698, 1531.136, 1602.317, 1647.459, 1676.373, 1702.581, 1716.206, 1725.145, 1731.604, 1731.636 (1731.121)	KLD: 3.699, 3.438, 3.092, 2.535, 2.121, 2.029, 1.743, 1.440, 1.272, 0.002 (21.142)	Grad: 4.394, 4.060, 3.072, 1.550, 1.264, 0.843, 0.744, 0.582, 0.539, 0.128
[Epoch  92 (102.00s)]	ELBO: 1431.991, 1524.033, 1592.193, 1634.902, 1661.807, 1685.934, 1697.826, 1705.458, 1710.578, 1710.678 (1709.692)	Log prob: 1435.699, 1531.184, 1602.439, 1647.686, 1676.715, 1702.860, 1716.486, 1725.555, 1731.951, 1732.051 (1731.259)	KLD: 3.706, 3.444, 3.096, 2.539, 2.123, 2.019, 1.734, 1.437, 1.275, 0.002 (21.567)	Grad: 4.382, 4.142, 2.922, 1.678, 1.104, 0.824, 0.706, 0.597, 0.535, 0.125
[Epoch  93 (77.03s)]	ELBO: 1432.170, 1524.324, 1592.245, 1634.812, 1661.695, 1685.855, 1697.824, 1705.309, 1710.610, 1710.609 (1709.447)	Log prob: 1435.874, 1531.467, 1602.479, 1647.580, 1676.591, 1702.777, 1716.486, 1725.414, 1731.983, 1731.982 (1730.589)	KLD: 3.704, 3.440, 3.090, 2.535, 2.128, 2.025, 1.742, 1.443, 1.265, 0.002 (21.142)	Grad: 4.495, 4.040, 3.006, 1.626, 1.088, 0.834, 0.750, 0.577, 0.531, 0.123
[Epoch  94 (68.30s)]	ELBO: 1432.105, 1524.307, 1592.367, 1634.918, 1661.740, 1685.929, 1697.882, 1705.422, 1710.687, 1710.654 (1710.295)	Log prob: 1435.812, 1531.453, 1602.607, 1647.695, 1676.639, 1702.855, 1716.554, 1725.531, 1732.066, 1732.035 (1731.541)	KLD: 3.707, 3.441, 3.091, 2.539, 2.121, 2.026, 1.746, 1.438, 1.270, 0.002 (21.246)	Grad: 4.473, 3.978, 2.899, 1.705, 1.131, 0.930, 0.739, 0.564, 0.556, 0.123
[Epoch  95 (68.44s)]	ELBO: 1432.223, 1524.484, 1592.384, 1635.108, 1661.906, 1686.027, 1697.958, 1705.495, 1710.742, 1710.815 (1709.645)	Log prob: 1435.930, 1531.642, 1602.636, 1647.898, 1676.822, 1702.967, 1716.634, 1725.610, 1732.124, 1732.200 (1731.009)	KLD: 3.708, 3.450, 3.094, 2.538, 2.125, 2.025, 1.737, 1.440, 1.266, 0.003 (21.364)	Grad: 4.452, 4.296, 3.067, 1.677, 1.088, 0.815, 0.701, 0.603, 0.552, 0.129
[Epoch  96 (50.11s)]	ELBO: 1432.392, 1524.656, 1592.695, 1635.188, 1662.016, 1686.184, 1698.089, 1705.641, 1710.916, 1710.921 (1710.215)	Log prob: 1436.100, 1531.813, 1602.946, 1647.980, 1676.936, 1703.129, 1716.778, 1725.776, 1732.326, 1732.335 (1731.505)	KLD: 3.708, 3.449, 3.094, 2.541, 2.128, 2.025, 1.743, 1.446, 1.277, 0.003 (21.291)	Grad: 4.569, 4.139, 2.955, 1.736, 1.181, 0.895, 0.774, 0.553, 0.558, 0.135
[Epoch  97 (41.27s)]	ELBO: 1432.399, 1524.882, 1592.767, 1635.431, 1662.170, 1686.406, 1698.233, 1705.813, 1711.128, 1711.132 (1710.221)	Log prob: 1436.107, 1532.041, 1603.015, 1648.221, 1677.087, 1703.347, 1716.916, 1725.936, 1732.519, 1732.525 (1731.377)	KLD: 3.708, 3.450, 3.091, 2.541, 2.126, 2.025, 1.742, 1.439, 1.268, 0.003 (21.156)	Grad: 4.422, 4.205, 2.912, 1.758, 1.073, 0.821, 0.702, 0.628, 0.551, 0.131
[Epoch  98 (44.35s)]	ELBO: 1432.623, 1525.257, 1593.031, 1635.527, 1662.240, 1686.493, 1698.325, 1705.908, 1711.218, 1711.229 (1711.108)	Log prob: 1436.341, 1532.431, 1603.303, 1648.343, 1677.180, 1703.458, 1717.036, 1726.059, 1732.646, 1732.659 (1732.536)	KLD: 3.716, 3.457, 3.097, 2.545, 2.125, 2.026, 1.744, 1.442, 1.276, 0.002 (21.428)	Grad: 4.500, 4.210, 2.996, 1.688, 1.048, 0.854, 0.729, 0.588, 0.540, 0.130
[Epoch  99 (45.73s)]	ELBO: 1432.842, 1525.571, 1593.208, 1635.693, 1662.469, 1686.635, 1698.501, 1706.144, 1711.384, 1711.437 (1709.578)	Log prob: 1436.561, 1532.745, 1603.480, 1648.509, 1677.412, 1703.602, 1717.204, 1726.288, 1732.797, 1732.852 (1731.121)	KLD: 3.718, 3.457, 3.098, 2.542, 2.127, 2.023, 1.739, 1.441, 1.268, 0.003 (21.543)	Grad: 4.516, 4.218, 2.873, 1.680, 1.113, 0.894, 0.719, 0.566, 0.567, 0.135
[Epoch 100 (45.62s)]	ELBO: 1432.785, 1525.542, 1592.984, 1635.269, 1662.020, 1686.262, 1698.201, 1705.855, 1711.167, 1711.181 (1710.461)	Log prob: 1436.501, 1532.712, 1603.252, 1648.078, 1676.956, 1703.223, 1716.902, 1726.000, 1732.588, 1732.605 (1731.647)	KLD: 3.716, 3.454, 3.097, 2.542, 2.128, 2.025, 1.740, 1.444, 1.275, 0.004 (21.187)	Grad: 4.541, 4.240, 3.065, 1.793, 1.136, 0.918, 0.693, 0.611, 0.563, 0.140
Best epoch(s): [98]	Training time(s): 12621.85s (12621.85s)	Best ELBO: 1711.437 (1711.108)	Best log prob: 1732.852 (1732.536)
Avg. mu: 0.031, 0.077, -0.110, -0.145, -0.055, -0.085, -0.012, 0.072, 0.108, 0.024
Avg. var: 0.002, 0.002, 0.003, 0.008, 0.016, 0.017, 0.034, 0.065, 0.086, 0.956
Max. mu: 4.812, 3.849, 4.318, 3.717, 3.484, 3.674, 5.369, 5.586, 5.183, 0.225
Max. var: 0.076, 0.027, 0.041, 0.048, 0.073, 0.047, 0.138, 0.277, 0.307, 1.000
Min. mu: -4.300, -3.947, -4.926, -4.007, -4.742, -3.533, -4.770, -3.570, -5.030, -0.247
Min. var: 0.000, 0.000, 0.000, 0.001, 0.004, 0.006, 0.015, 0.018, 0.031, 0.880
Cov. mu:
[[1.504 -0.596 -0.093 -0.006 0.084 0.008 -0.111 0.077 0.091 -0.008]
 [-0.596 1.384 -0.083 0.032 -0.036 0.022 -0.027 -0.052 0.014 0.010]
 [-0.093 -0.083 1.118 0.060 -0.004 0.059 -0.007 -0.033 -0.001 0.005]
 [-0.006 0.032 0.060 1.054 -0.040 0.033 0.003 -0.010 0.041 0.010]
 [0.084 -0.036 -0.004 -0.040 0.959 -0.025 -0.004 -0.036 0.028 0.006]
 [0.008 0.022 0.059 0.033 -0.025 1.030 -0.039 -0.001 -0.024 -0.003]
 [-0.111 -0.027 -0.007 0.003 -0.004 -0.039 1.001 -0.058 -0.018 0.006]
 [0.077 -0.052 -0.033 -0.010 -0.036 -0.001 -0.058 0.943 -0.021 -0.003]
 [0.091 0.014 -0.001 0.041 0.028 -0.024 -0.018 -0.021 0.946 0.003]
 [-0.008 0.010 0.005 0.010 0.006 -0.003 0.006 -0.003 0.003 0.003]]
