Encoder
=================================================================
Layer (type:depth-idx)                   Param #
=================================================================
Encoder                                  --
├─Linear: 1-1                            31,400
├─Linear: 1-2                            1,640
=================================================================
Total params: 33,040
Trainable params: 33,040
Non-trainable params: 0
=================================================================
Encoder 2
=================================================================
Layer (type:depth-idx)                   Param #
=================================================================
Encoder                                  --
├─Linear: 1-1                            31,400
├─Linear: 1-2                            1,640
=================================================================
Total params: 33,040
Trainable params: 33,040
Non-trainable params: 0
=================================================================
Encoder to Latents 0
=================================================================
Layer (type:depth-idx)                   Param #
=================================================================
EncoderToLatents                         --
├─Linear: 1-1                            41
├─Linear: 1-2                            41
=================================================================
Total params: 82
Trainable params: 82
Non-trainable params: 0
=================================================================
Encoder to Latents 1
=================================================================
Layer (type:depth-idx)                   Param #
=================================================================
EncoderToLatents                         --
├─Linear: 1-1                            41
├─Linear: 1-2                            41
=================================================================
Total params: 82
Trainable params: 82
Non-trainable params: 0
=================================================================
Encoder to Latents 2
=================================================================
Layer (type:depth-idx)                   Param #
=================================================================
EncoderToLatents                         --
├─Linear: 1-1                            41
├─Linear: 1-2                            41
=================================================================
Total params: 82
Trainable params: 82
Non-trainable params: 0
=================================================================
Encoder to Latents 3
=================================================================
Layer (type:depth-idx)                   Param #
=================================================================
EncoderToLatents                         --
├─Linear: 1-1                            41
├─Linear: 1-2                            41
=================================================================
Total params: 82
Trainable params: 82
Non-trainable params: 0
=================================================================
Encoder to Latents 4
=================================================================
Layer (type:depth-idx)                   Param #
=================================================================
EncoderToLatents                         --
├─Linear: 1-1                            41
├─Linear: 1-2                            41
=================================================================
Total params: 82
Trainable params: 82
Non-trainable params: 0
=================================================================
Encoder to Latents 5
=================================================================
Layer (type:depth-idx)                   Param #
=================================================================
EncoderToLatents                         --
├─Linear: 1-1                            41
├─Linear: 1-2                            41
=================================================================
Total params: 82
Trainable params: 82
Non-trainable params: 0
=================================================================
Encoder to Latents 6
=================================================================
Layer (type:depth-idx)                   Param #
=================================================================
EncoderToLatents                         --
├─Linear: 1-1                            41
├─Linear: 1-2                            41
=================================================================
Total params: 82
Trainable params: 82
Non-trainable params: 0
=================================================================
Encoder to Latents 7
=================================================================
Layer (type:depth-idx)                   Param #
=================================================================
EncoderToLatents                         --
├─Linear: 1-1                            41
├─Linear: 1-2                            41
=================================================================
Total params: 82
Trainable params: 82
Non-trainable params: 0
=================================================================
Encoder to Latents 8
=================================================================
Layer (type:depth-idx)                   Param #
=================================================================
EncoderToLatents                         --
├─Linear: 1-1                            41
├─Linear: 1-2                            41
=================================================================
Total params: 82
Trainable params: 82
Non-trainable params: 0
=================================================================
Encoder to Latents 9
=================================================================
Layer (type:depth-idx)                   Param #
=================================================================
EncoderToLatents                         --
├─Linear: 1-1                            41
├─Linear: 1-2                            41
=================================================================
Total params: 82
Trainable params: 82
Non-trainable params: 0
=================================================================
Latents to Latents
=================================================================
Layer (type:depth-idx)                   Param #
=================================================================
LatentsToLatents                         --
├─Linear: 1-1                            20
├─Linear: 1-2                            5
├─Linear: 1-3                            5
=================================================================
Total params: 30
Trainable params: 30
Non-trainable params: 0
=================================================================
Latents to Decoder 0
=================================================================
Layer (type:depth-idx)                   Param #
=================================================================
LatentsToDecoder                         --
├─Linear: 1-1                            80
=================================================================
Total params: 80
Trainable params: 80
Non-trainable params: 0
=================================================================
Latents to Decoder 1
=================================================================
Layer (type:depth-idx)                   Param #
=================================================================
LatentsToDecoder                         --
├─Linear: 1-1                            80
=================================================================
Total params: 80
Trainable params: 80
Non-trainable params: 0
=================================================================
Latents to Decoder 2
=================================================================
Layer (type:depth-idx)                   Param #
=================================================================
LatentsToDecoder                         --
├─Linear: 1-1                            80
=================================================================
Total params: 80
Trainable params: 80
Non-trainable params: 0
=================================================================
Latents to Decoder 3
=================================================================
Layer (type:depth-idx)                   Param #
=================================================================
LatentsToDecoder                         --
├─Linear: 1-1                            80
=================================================================
Total params: 80
Trainable params: 80
Non-trainable params: 0
=================================================================
Latents to Decoder 4
=================================================================
Layer (type:depth-idx)                   Param #
=================================================================
LatentsToDecoder                         --
├─Linear: 1-1                            80
=================================================================
Total params: 80
Trainable params: 80
Non-trainable params: 0
=================================================================
Latents to Decoder 5
=================================================================
Layer (type:depth-idx)                   Param #
=================================================================
LatentsToDecoder                         --
├─Linear: 1-1                            80
=================================================================
Total params: 80
Trainable params: 80
Non-trainable params: 0
=================================================================
Latents to Decoder 6
=================================================================
Layer (type:depth-idx)                   Param #
=================================================================
LatentsToDecoder                         --
├─Linear: 1-1                            80
=================================================================
Total params: 80
Trainable params: 80
Non-trainable params: 0
=================================================================
Latents to Decoder 7
=================================================================
Layer (type:depth-idx)                   Param #
=================================================================
LatentsToDecoder                         --
├─Linear: 1-1                            80
=================================================================
Total params: 80
Trainable params: 80
Non-trainable params: 0
=================================================================
Latents to Decoder 8
=================================================================
Layer (type:depth-idx)                   Param #
=================================================================
LatentsToDecoder                         --
├─Linear: 1-1                            80
=================================================================
Total params: 80
Trainable params: 80
Non-trainable params: 0
=================================================================
Latents to Decoder 9
=================================================================
Layer (type:depth-idx)                   Param #
=================================================================
LatentsToDecoder                         --
├─Linear: 1-1                            80
=================================================================
Total params: 80
Trainable params: 80
Non-trainable params: 0
=================================================================
Decoder
=================================================================
Layer (type:depth-idx)                   Param #
=================================================================
Decoder                                  --
├─Linear: 1-1                            1,640
├─Linear: 1-2                            32,144
=================================================================
Total params: 33,784
Trainable params: 33,784
Non-trainable params: 0
=================================================================
[Epoch   1 (33.39s)]	ELBO: -11889.088, -8934.742, -8313.963, -7996.552, -7941.122, -7910.822, -7911.978, -7944.690, -7995.284, -8075.838 (-4553.995)	Log prob: -11853.470, -8893.401, -8263.555, -7943.369, -7885.420, -7852.378, -7851.727, -7882.350, -7930.761, -8009.180 (-4480.016)	KLD: 35.615, 5.720, 9.075, 2.776, 2.519, 2.738, 1.811, 2.083, 2.185, 2.140 (73.979)	Grad: 314.908, 69.921, 79.533, 17.608, 11.029, 13.496, 5.765, 12.221, 11.089, 12.686
[Epoch   2 (36.91s)]	ELBO: -8784.395, -4600.564, -4390.421, -4029.706, -3977.332, -3970.000, -3950.095, -3950.499, -3943.395, -3947.705 (-3434.809)	Log prob: -8754.905, -4560.652, -4342.144, -3977.809, -3921.454, -3911.017, -3888.152, -3886.120, -3876.340, -3877.935 (-3369.339)	KLD: 29.486, 10.425, 8.366, 3.620, 3.978, 3.110, 2.954, 2.442, 2.672, 2.716 (65.471)	Grad: 370.828, 79.804, 39.293, 23.901, 17.079, 12.641, 11.766, 14.363, 10.555, 11.408
[Epoch   3 (36.84s)]	ELBO: -7545.955, -4306.935, -3831.556, -3340.301, -3269.632, -3225.983, -3218.542, -3211.727, -3208.451, -3205.066 (-2923.972)	Log prob: -7515.437, -4266.160, -3783.083, -3286.692, -3212.378, -3165.115, -3154.879, -3145.822, -3139.786, -3134.069 (-2849.175)	KLD: 30.519, 10.258, 7.696, 5.133, 3.647, 3.618, 2.794, 2.241, 2.760, 2.332 (74.798)	Grad: 435.979, 82.815, 49.459, 31.780, 21.028, 22.284, 13.608, 18.371, 15.451, 12.733
[Epoch   4 (36.18s)]	ELBO: -7065.808, -4134.758, -3480.698, -3063.432, -2758.725, -2693.983, -2688.479, -2675.292, -2660.930, -2659.528 (-2433.796)	Log prob: -7033.542, -4093.698, -3430.078, -3007.465, -2696.543, -2628.333, -2620.040, -2604.599, -2587.906, -2584.290 (-2360.198)	KLD: 32.270, 8.791, 9.556, 5.350, 6.214, 3.470, 2.789, 2.254, 2.330, 2.216 (73.597)	Grad: 493.434, 72.555, 55.248, 30.755, 33.727, 25.560, 15.279, 20.926, 26.154, 16.676
[Epoch   5 (36.20s)]	ELBO: -6903.249, -4047.641, -3319.574, -2929.222, -2459.791, -2402.019, -2397.274, -2393.024, -2381.109, -2380.426 (-2266.721)	Log prob: -6873.070, -4009.707, -3271.485, -2875.773, -2399.254, -2338.088, -2330.442, -2323.972, -2309.456, -2306.964 (-2193.914)	KLD: 30.179, 7.756, 10.153, 5.362, 7.085, 3.396, 2.901, 2.218, 2.603, 1.808 (72.807)	Grad: 501.207, 66.368, 52.159, 32.175, 36.657, 20.701, 13.538, 17.951, 22.999, 13.724
[Epoch   6 (36.81s)]	ELBO: -6795.303, -4002.426, -3224.682, -2820.400, -2338.126, -2270.963, -2264.376, -2259.796, -2253.320, -2251.629 (-2160.338)	Log prob: -6767.731, -3967.500, -3179.604, -2770.045, -2281.058, -2210.398, -2200.906, -2193.903, -2184.336, -2180.801 (-2090.214)	KLD: 27.572, 7.353, 10.156, 5.273, 6.715, 3.496, 2.903, 2.425, 3.092, 1.843 (70.124)	Grad: 494.723, 66.713, 56.575, 33.806, 33.892, 19.552, 12.511, 16.528, 16.394, 12.414
[Epoch   7 (36.46s)]	ELBO: -6711.855, -3956.866, -3143.908, -2710.319, -2242.032, -2170.873, -2164.094, -2158.339, -2152.065, -2150.404 (-2079.100)	Log prob: -6685.943, -3923.886, -3100.899, -2662.377, -2187.640, -2112.820, -2103.141, -2094.724, -2085.263, -2081.588 (-2010.494)	KLD: 25.912, 7.066, 10.025, 4.937, 6.451, 3.662, 2.900, 2.660, 3.188, 2.015 (68.606)	Grad: 461.085, 72.054, 67.870, 34.374, 35.009, 19.220, 11.599, 16.113, 14.754, 12.059
[Epoch   8 (37.90s)]	ELBO: -6633.615, -3906.566, -3079.446, -2629.648, -2170.970, -2086.755, -2080.873, -2072.649, -2067.078, -2065.394 (-2004.110)	Log prob: -6609.257, -3875.421, -3038.401, -2583.667, -2118.797, -2030.708, -2022.010, -2010.930, -2002.187, -1998.287 (-1937.597)	KLD: 24.357, 6.792, 9.897, 4.933, 6.194, 3.872, 2.816, 2.856, 3.173, 2.216 (66.513)	Grad: 514.834, 76.288, 72.350, 38.713, 37.460, 20.320, 11.659, 19.063, 15.104, 12.567
[Epoch   9 (36.30s)]	ELBO: -6556.500, -3853.660, -3020.028, -2566.435, -2109.157, -2011.620, -2004.435, -1993.726, -1988.687, -1987.255 (-1922.536)	Log prob: -6533.744, -3824.323, -2980.793, -2522.262, -2059.061, -1957.534, -1947.552, -1933.721, -1925.594, -1921.844 (-1857.032)	KLD: 22.763, 6.575, 9.899, 4.938, 5.922, 3.989, 2.797, 3.122, 3.090, 2.319 (65.504)	Grad: 501.107, 79.482, 79.144, 44.769, 40.197, 20.847, 11.741, 22.336, 14.640, 12.432
[Epoch  10 (36.85s)]	ELBO: -6489.945, -3813.600, -2962.316, -2504.697, -2049.741, -1945.238, -1936.630, -1923.014, -1918.575, -1918.376 (-1859.265)	Log prob: -6468.175, -3785.439, -2924.400, -2461.872, -2001.263, -1892.741, -1881.324, -1864.367, -1856.971, -1854.313 (-1795.625)	KLD: 21.771, 6.388, 9.757, 4.910, 5.652, 4.018, 2.810, 3.340, 2.960, 2.456 (63.640)	Grad: 521.178, 78.431, 81.537, 41.741, 40.226, 22.354, 12.029, 23.240, 13.812, 11.983
[Epoch  11 (38.05s)]	ELBO: -6434.915, -3788.689, -2910.799, -2453.139, -1999.537, -1891.647, -1881.156, -1863.897, -1859.860, -1859.689 (-1781.177)	Log prob: -6413.968, -3761.553, -2874.165, -2411.638, -1952.648, -1840.866, -1827.538, -1806.809, -1799.910, -1797.364 (-1720.131)	KLD: 20.942, 6.191, 9.501, 4.866, 5.388, 3.893, 2.839, 3.466, 2.862, 2.377 (61.046)	Grad: 509.544, 76.079, 78.591, 40.314, 36.933, 22.218, 12.382, 21.767, 12.956, 11.155
[Epoch  12 (37.71s)]	ELBO: -6381.275, -3768.847, -2870.258, -2407.098, -1958.706, -1847.040, -1834.762, -1814.508, -1811.240, -1810.202 (-1767.051)	Log prob: -6361.236, -3742.784, -2834.845, -2366.865, -1913.297, -1797.822, -1782.641, -1758.884, -1752.837, -1749.551 (-1706.983)	KLD: 20.038, 6.023, 9.352, 4.820, 5.178, 3.807, 2.904, 3.505, 2.778, 2.247 (60.068)	Grad: 524.909, 77.417, 81.578, 38.773, 39.166, 22.876, 13.137, 21.305, 12.663, 11.222
[Epoch  13 (38.16s)]	ELBO: -6327.244, -3741.995, -2834.466, -2365.929, -1921.407, -1804.561, -1790.451, -1767.310, -1763.876, -1763.076 (-1693.800)	Log prob: -6307.787, -3716.662, -2799.989, -2326.720, -1877.173, -1756.558, -1739.436, -1712.808, -1706.699, -1703.770 (-1634.983)	KLD: 19.454, 5.880, 9.144, 4.732, 5.026, 3.767, 3.014, 3.486, 2.675, 2.129 (58.817)	Grad: 478.845, 78.502, 77.546, 38.236, 36.833, 22.676, 13.458, 21.892, 12.463, 10.885
[Epoch  14 (36.64s)]	ELBO: -6276.271, -3716.387, -2801.060, -2326.590, -1886.075, -1765.745, -1748.776, -1721.172, -1717.590, -1716.568 (-1654.502)	Log prob: -6257.424, -3691.800, -2767.521, -2288.383, -1843.004, -1718.938, -1698.900, -1667.817, -1661.625, -1658.482 (-1596.978)	KLD: 18.845, 5.744, 8.949, 4.670, 4.863, 3.736, 3.068, 3.481, 2.609, 2.121 (57.525)	Grad: 449.171, 77.305, 75.511, 38.287, 32.458, 24.301, 13.316, 20.498, 11.492, 10.332
[Epoch  15 (36.83s)]	ELBO: -6238.548, -3699.664, -2776.087, -2298.667, -1861.260, -1736.714, -1717.425, -1684.453, -1679.959, -1679.717 (-1630.259)	Log prob: -6220.294, -3675.796, -2743.400, -2261.385, -1819.286, -1691.019, -1668.567, -1632.133, -1625.098, -1622.716 (-1573.356)	KLD: 18.251, 5.617, 8.820, 4.596, 4.691, 3.720, 3.162, 3.463, 2.542, 2.139 (56.903)	Grad: 473.373, 78.422, 81.816, 39.361, 33.407, 22.311, 13.874, 21.240, 11.718, 10.708
[Epoch  16 (37.57s)]	ELBO: -6191.871, -3677.686, -2751.444, -2269.995, -1837.435, -1709.618, -1686.500, -1647.004, -1641.364, -1641.233 (-1581.943)	Log prob: -6174.198, -3654.500, -2719.588, -2233.633, -1796.534, -1665.021, -1638.725, -1595.769, -1587.596, -1585.299 (-1526.962)	KLD: 17.671, 5.516, 8.667, 4.507, 4.539, 3.696, 3.178, 3.459, 2.532, 2.168 (54.981)	Grad: 425.043, 81.129, 79.188, 38.241, 33.466, 21.647, 14.384, 20.807, 12.264, 10.840
[Epoch  17 (37.43s)]	ELBO: -6162.833, -3660.296, -2732.298, -2245.842, -1818.212, -1687.986, -1660.086, -1615.279, -1608.410, -1608.550 (-1585.588)	Log prob: -6145.764, -3637.801, -2701.333, -2210.427, -1778.379, -1644.474, -1613.396, -1565.110, -1555.717, -1553.724 (-1530.318)	KLD: 17.069, 5.424, 8.472, 4.451, 4.418, 3.678, 3.178, 3.477, 2.526, 2.133 (55.270)	Grad: 471.303, 78.704, 84.868, 37.122, 31.762, 22.211, 15.401, 22.212, 13.197, 11.764
[Epoch  18 (37.57s)]	ELBO: -6135.776, -3643.091, -2715.002, -2226.185, -1802.032, -1670.506, -1636.076, -1586.109, -1578.053, -1577.915 (-1524.826)	Log prob: -6118.983, -3620.946, -2684.537, -2191.339, -1762.909, -1627.737, -1590.094, -1536.634, -1526.033, -1523.738 (-1470.641)	KLD: 16.793, 5.353, 8.320, 4.381, 4.277, 3.647, 3.213, 3.491, 2.547, 2.154 (54.185)	Grad: 479.621, 78.804, 77.406, 37.693, 32.392, 23.842, 15.810, 20.900, 14.327, 12.368
[Epoch  19 (37.45s)]	ELBO: -6093.017, -3618.727, -2694.033, -2201.244, -1780.576, -1648.127, -1607.904, -1552.414, -1542.867, -1542.815 (-1500.497)	Log prob: -6076.573, -3596.994, -2664.102, -2166.973, -1742.103, -1606.008, -1562.551, -1503.531, -1491.391, -1489.115 (-1447.042)	KLD: 16.441, 5.294, 8.198, 4.337, 4.203, 3.647, 3.234, 3.530, 2.591, 2.225 (53.455)	Grad: 413.258, 78.884, 80.875, 38.246, 30.276, 23.093, 16.494, 20.384, 14.984, 11.625
[Epoch  20 (37.13s)]	ELBO: -6053.361, -3600.343, -2678.606, -2181.290, -1764.756, -1631.371, -1584.323, -1523.393, -1512.829, -1512.331 (-1468.754)	Log prob: -6037.273, -3579.010, -2649.213, -2147.621, -1726.965, -1589.968, -1539.638, -1475.135, -1461.959, -1459.204 (-1415.581)	KLD: 16.090, 5.243, 8.060, 4.276, 4.122, 3.610, 3.284, 3.574, 2.610, 2.258 (53.173)	Grad: 414.937, 77.782, 78.910, 38.106, 31.017, 22.096, 16.943, 22.689, 17.262, 12.197
[Epoch  21 (37.57s)]	ELBO: -6016.899, -3586.432, -2664.447, -2162.875, -1751.755, -1617.423, -1564.721, -1497.792, -1485.808, -1484.390 (-1450.804)	Log prob: -6001.131, -3565.499, -2635.556, -2129.774, -1714.622, -1576.685, -1520.642, -1450.136, -1435.557, -1431.805 (-1398.053)	KLD: 15.769, 5.166, 7.954, 4.212, 4.031, 3.605, 3.341, 3.577, 2.594, 2.334 (52.751)	Grad: 412.022, 77.773, 76.666, 37.435, 31.009, 23.627, 18.462, 23.064, 17.797, 12.566
[Epoch  22 (37.77s)]	ELBO: -5987.879, -3573.952, -2654.948, -2147.509, -1739.514, -1603.404, -1545.934, -1472.671, -1458.786, -1456.944 (-1419.283)	Log prob: -5972.354, -3553.307, -2626.438, -2114.833, -1702.873, -1563.185, -1502.332, -1425.489, -1409.027, -1404.772 (-1367.298)	KLD: 15.527, 5.119, 7.863, 4.168, 3.962, 3.580, 3.381, 3.580, 2.577, 2.414 (51.985)	Grad: 420.382, 75.752, 82.261, 37.346, 31.375, 23.706, 19.145, 20.204, 20.060, 12.677
[Epoch  23 (38.68s)]	ELBO: -5952.106, -3560.925, -2643.624, -2132.970, -1731.112, -1593.267, -1531.568, -1453.098, -1436.437, -1433.993 (-1387.326)	Log prob: -5936.846, -3540.605, -2615.547, -2100.770, -1695.007, -1553.597, -1488.475, -1406.450, -1387.210, -1382.289 (-1335.835)	KLD: 15.261, 5.059, 7.757, 4.123, 3.906, 3.563, 3.424, 3.554, 2.581, 2.477 (51.492)	Grad: 431.083, 81.348, 75.396, 36.926, 31.178, 23.105, 19.806, 21.657, 21.039, 13.048
[Epoch  24 (38.88s)]	ELBO: -5913.309, -3542.426, -2629.619, -2115.217, -1718.070, -1578.916, -1514.899, -1432.220, -1413.247, -1410.383 (-1381.731)	Log prob: -5898.250, -3522.371, -2601.901, -2083.416, -1682.404, -1539.686, -1472.220, -1385.989, -1364.388, -1358.948 (-1330.320)	KLD: 15.057, 5.000, 7.662, 4.084, 3.865, 3.564, 3.449, 3.550, 2.630, 2.575 (51.411)	Grad: 372.655, 75.240, 77.318, 38.338, 28.854, 21.020, 19.298, 21.022, 20.365, 11.883
[Epoch  25 (38.07s)]	ELBO: -5874.117, -3534.872, -2624.434, -2106.476, -1713.766, -1573.496, -1507.755, -1420.108, -1399.038, -1395.983 (-1351.807)	Log prob: -5859.216, -3515.054, -2597.062, -2075.044, -1678.490, -1534.647, -1465.431, -1374.263, -1350.516, -1344.782 (-1300.747)	KLD: 14.900, 4.920, 7.552, 4.059, 3.845, 3.572, 3.477, 3.521, 2.676, 2.679 (51.060)	Grad: 440.868, 77.929, 78.938, 38.872, 30.562, 22.342, 22.084, 22.217, 23.412, 13.671
[Epoch  26 (37.70s)]	ELBO: -5826.005, -3519.558, -2612.740, -2091.809, -1703.471, -1561.794, -1494.703, -1404.055, -1380.364, -1376.896 (-1343.969)	Log prob: -5811.211, -3499.908, -2585.628, -2060.661, -1668.484, -1523.230, -1452.648, -1358.484, -1332.075, -1325.848 (-1293.130)	KLD: 14.795, 4.853, 7.464, 4.037, 3.838, 3.576, 3.493, 3.515, 2.718, 2.760 (50.839)	Grad: 389.772, 77.917, 78.378, 35.154, 29.087, 22.649, 20.937, 21.147, 21.331, 12.717
[Epoch  27 (39.51s)]	ELBO: -5777.381, -3514.040, -2607.620, -2085.820, -1701.503, -1558.065, -1489.500, -1396.055, -1369.497, -1365.633 (-1335.015)	Log prob: -5762.773, -3494.640, -2580.843, -2055.022, -1666.882, -1519.882, -1447.810, -1350.865, -1321.529, -1314.821 (-1283.949)	KLD: 14.606, 4.794, 7.378, 4.019, 3.824, 3.561, 3.507, 3.500, 2.778, 2.844 (51.066)	Grad: 462.559, 81.627, 75.448, 38.151, 31.534, 21.503, 23.075, 21.497, 22.894, 13.931
[Epoch  28 (41.57s)]	ELBO: -5723.967, -3505.902, -2605.291, -2080.001, -1697.802, -1552.985, -1482.866, -1385.638, -1357.646, -1353.174 (-1320.288)	Log prob: -5709.404, -3486.591, -2578.688, -2049.390, -1663.365, -1514.960, -1441.297, -1340.564, -1309.729, -1302.337 (-1269.270)	KLD: 14.559, 4.753, 7.289, 4.010, 3.826, 3.587, 3.545, 3.505, 2.842, 2.921 (51.018)	Grad: 489.834, 79.645, 74.734, 36.234, 29.783, 22.249, 20.737, 20.174, 23.147, 13.626
[Epoch  29 (41.15s)]	ELBO: -5666.706, -3496.616, -2598.788, -2071.529, -1693.066, -1546.743, -1474.814, -1376.173, -1346.197, -1341.518 (-1299.911)	Log prob: -5652.280, -3477.466, -2572.445, -2041.183, -1658.896, -1508.969, -1433.473, -1331.318, -1298.435, -1290.762 (-1249.206)	KLD: 14.430, 4.721, 7.191, 4.005, 3.824, 3.606, 3.566, 3.513, 2.907, 2.993 (50.706)	Grad: 487.640, 76.025, 75.885, 34.531, 28.798, 20.597, 20.995, 19.536, 22.739, 14.057
[Epoch  30 (41.38s)]	ELBO: -5619.264, -3484.169, -2591.783, -2063.073, -1687.748, -1540.105, -1466.653, -1365.818, -1334.473, -1329.656 (-1291.204)	Log prob: -5604.971, -3465.195, -2565.699, -2032.987, -1653.846, -1502.587, -1425.556, -1321.192, -1286.900, -1279.025 (-1240.128)	KLD: 14.291, 4.685, 7.109, 4.000, 3.817, 3.616, 3.579, 3.528, 2.948, 3.058 (51.077)	Grad: 496.768, 79.130, 76.337, 36.660, 28.326, 21.010, 20.041, 20.628, 23.285, 13.281
[Epoch  31 (41.40s)]	ELBO: -5573.792, -3475.612, -2585.595, -2054.076, -1682.055, -1533.582, -1458.597, -1356.519, -1324.238, -1319.628 (-1277.902)	Log prob: -5559.523, -3456.663, -2559.597, -2024.075, -1648.228, -1496.113, -1417.514, -1311.883, -1276.606, -1268.864 (-1227.081)	KLD: 14.269, 4.680, 7.050, 4.000, 3.827, 3.641, 3.615, 3.553, 2.996, 3.132 (50.821)	Grad: 483.510, 77.989, 73.079, 34.698, 27.584, 19.348, 19.144, 18.353, 24.726, 13.208
[Epoch  32 (41.54s)]	ELBO: -5531.346, -3466.958, -2581.892, -2048.856, -1680.784, -1530.974, -1455.311, -1352.117, -1318.363, -1313.125 (-1275.882)	Log prob: -5517.206, -3448.157, -2556.110, -2019.079, -1647.172, -1493.705, -1414.422, -1307.663, -1270.869, -1262.444 (-1225.216)	KLD: 14.141, 4.661, 6.978, 3.997, 3.836, 3.656, 3.619, 3.567, 3.039, 3.186 (50.667)	Grad: 490.077, 78.996, 81.776, 34.484, 30.016, 20.692, 20.328, 21.174, 22.653, 14.175
[Epoch  33 (42.85s)]	ELBO: -5513.215, -3463.408, -2579.362, -2044.738, -1680.353, -1529.054, -1451.377, -1347.450, -1313.196, -1307.592 (-1280.093)	Log prob: -5499.216, -3444.751, -2553.816, -2015.192, -1646.981, -1492.002, -1410.701, -1303.186, -1265.844, -1257.005 (-1229.742)	KLD: 13.999, 4.655, 6.891, 4.000, 3.826, 3.679, 3.625, 3.587, 3.088, 3.235 (50.351)	Grad: 607.513, 78.319, 75.453, 33.953, 31.611, 20.764, 18.931, 21.376, 25.046, 15.479
[Epoch  34 (38.09s)]	ELBO: -5473.466, -3452.254, -2573.007, -2036.909, -1675.466, -1523.430, -1444.716, -1340.544, -1305.704, -1299.620 (-1269.895)	Log prob: -5459.673, -3433.818, -2547.762, -2007.665, -1642.386, -1486.655, -1404.284, -1296.502, -1258.543, -1249.180 (-1219.435)	KLD: 13.791, 4.645, 6.808, 4.000, 3.836, 3.694, 3.659, 3.610, 3.119, 3.279 (50.460)	Grad: 496.629, 80.413, 79.310, 34.220, 26.583, 21.464, 19.134, 22.117, 25.920, 14.209
[Epoch  35 (37.16s)]	ELBO: -5448.364, -3445.686, -2567.578, -2030.946, -1671.638, -1518.224, -1439.047, -1333.572, -1297.069, -1290.894 (-1255.264)	Log prob: -5434.686, -3427.367, -2542.502, -2001.873, -1638.720, -1481.603, -1398.767, -1289.644, -1249.994, -1240.498 (-1204.881)	KLD: 13.681, 4.639, 6.755, 3.998, 3.846, 3.702, 3.660, 3.647, 3.149, 3.320 (50.384)	Grad: 536.475, 79.326, 72.684, 33.646, 27.839, 21.565, 18.601, 20.991, 23.394, 14.626
[Epoch  36 (36.31s)]	ELBO: -5432.712, -3440.387, -2561.921, -2025.635, -1669.778, -1515.458, -1435.000, -1328.964, -1291.107, -1284.402 (-1268.243)	Log prob: -5419.156, -3422.199, -2537.042, -1996.759, -1637.057, -1479.034, -1394.916, -1285.219, -1244.191, -1234.130 (-1218.394)	KLD: 13.556, 4.633, 6.690, 3.997, 3.844, 3.702, 3.662, 3.659, 3.171, 3.356 (49.849)	Grad: 568.650, 81.792, 75.341, 34.750, 29.168, 21.460, 18.749, 19.890, 20.804, 15.418
[Epoch  37 (36.31s)]	ELBO: -5401.075, -3430.284, -2556.013, -2018.209, -1664.404, -1508.908, -1427.849, -1321.453, -1283.094, -1276.342 (-1244.252)	Log prob: -5387.607, -3412.192, -2531.284, -1989.488, -1631.825, -1472.612, -1387.879, -1277.792, -1236.231, -1226.087 (-1194.384)	KLD: 13.469, 4.624, 6.637, 3.992, 3.857, 3.716, 3.674, 3.692, 3.203, 3.391 (49.868)	Grad: 539.588, 80.059, 78.891, 34.822, 28.282, 17.999, 18.638, 18.530, 24.140, 14.631
[Epoch  38 (36.41s)]	ELBO: -5382.188, -3425.702, -2551.583, -2012.027, -1661.574, -1505.620, -1423.274, -1316.119, -1277.009, -1269.630 (-1253.490)	Log prob: -5368.815, -3407.714, -2526.997, -1983.445, -1629.128, -1469.452, -1383.425, -1272.565, -1230.235, -1219.434 (-1203.010)	KLD: 13.372, 4.617, 6.595, 3.999, 3.863, 3.721, 3.682, 3.706, 3.219, 3.423 (50.480)	Grad: 532.351, 80.181, 75.710, 33.768, 28.514, 20.479, 16.401, 18.968, 23.411, 14.600
[Epoch  39 (36.04s)]	ELBO: -5374.084, -3423.631, -2551.503, -2012.658, -1664.152, -1507.303, -1423.570, -1316.324, -1276.395, -1268.601 (-1243.831)	Log prob: -5360.877, -3405.807, -2527.158, -1984.314, -1631.933, -1471.348, -1383.921, -1272.948, -1229.792, -1218.552 (-1194.072)	KLD: 13.205, 4.618, 6.522, 3.999, 3.875, 3.735, 3.694, 3.728, 3.226, 3.447 (49.759)	Grad: 608.640, 83.133, 75.745, 34.527, 29.833, 21.849, 18.281, 19.921, 23.543, 15.018
[Epoch  40 (36.50s)]	ELBO: -5345.357, -3411.817, -2541.498, -2002.096, -1656.348, -1498.693, -1414.634, -1307.357, -1267.109, -1258.898 (-1238.014)	Log prob: -5332.231, -3394.077, -2517.288, -1973.878, -1624.249, -1462.857, -1375.099, -1264.076, -1220.582, -1208.901 (-1187.847)	KLD: 13.126, 4.613, 6.471, 4.006, 3.882, 3.738, 3.700, 3.747, 3.245, 3.470 (50.166)	Grad: 507.103, 80.695, 77.116, 33.716, 27.926, 19.329, 17.188, 19.517, 23.635, 14.620
[Epoch  41 (36.14s)]	ELBO: -5335.341, -3408.714, -2537.109, -1997.532, -1655.089, -1496.776, -1412.214, -1304.638, -1263.367, -1254.887 (-1247.936)	Log prob: -5322.322, -3391.083, -2513.064, -1969.485, -1623.171, -1461.117, -1372.850, -1261.522, -1216.995, -1205.024 (-1197.888)	KLD: 13.019, 4.611, 6.414, 4.002, 3.872, 3.740, 3.704, 3.754, 3.254, 3.493 (50.048)	Grad: 550.354, 84.934, 74.286, 33.004, 27.947, 20.056, 16.426, 18.438, 24.577, 14.552
[Epoch  42 (36.33s)]	ELBO: -5316.349, -3402.312, -2531.951, -1990.627, -1650.112, -1491.484, -1405.796, -1298.393, -1256.205, -1247.081 (-1218.034)	Log prob: -5303.375, -3384.726, -2507.984, -1962.656, -1618.259, -1455.882, -1366.472, -1255.312, -1209.859, -1197.218 (-1168.139)	KLD: 12.974, 4.611, 6.381, 4.006, 3.880, 3.751, 3.721, 3.757, 3.266, 3.517 (49.895)	Grad: 588.524, 77.843, 79.031, 35.295, 28.693, 18.927, 16.410, 20.335, 24.069, 14.533
[Epoch  43 (41.03s)]	ELBO: -5301.603, -3398.125, -2527.206, -1986.862, -1648.773, -1489.586, -1403.387, -1295.659, -1252.903, -1243.532 (-1216.000)	Log prob: -5288.807, -3380.730, -2503.476, -1959.130, -1617.156, -1454.211, -1364.289, -1252.784, -1206.751, -1193.841 (-1166.515)	KLD: 12.793, 4.606, 6.333, 4.004, 3.884, 3.756, 3.724, 3.778, 3.275, 3.539 (49.486)	Grad: 578.228, 82.115, 75.965, 33.492, 26.803, 18.378, 16.974, 18.240, 24.858, 14.230
[Epoch  44 (41.34s)]	ELBO: -5286.012, -3391.072, -2522.832, -1982.533, -1644.631, -1484.638, -1398.304, -1290.404, -1246.806, -1237.122 (-1209.269)	Log prob: -5273.271, -3373.729, -2499.180, -1954.882, -1613.093, -1449.345, -1359.282, -1247.600, -1200.719, -1187.474 (-1159.625)	KLD: 12.739, 4.603, 6.307, 4.002, 3.885, 3.758, 3.728, 3.781, 3.283, 3.560 (49.643)	Grad: 563.479, 83.432, 76.154, 32.960, 26.605, 20.212, 15.764, 18.978, 22.449, 13.879
[Epoch  45 (42.17s)]	ELBO: -5275.903, -3385.066, -2518.024, -1976.406, -1641.232, -1481.946, -1394.792, -1287.110, -1243.331, -1233.368 (-1211.877)	Log prob: -5263.242, -3367.799, -2494.497, -1948.871, -1609.812, -1446.769, -1355.885, -1244.406, -1197.339, -1183.805 (-1162.767)	KLD: 12.661, 4.606, 6.260, 4.007, 3.886, 3.757, 3.730, 3.796, 3.289, 3.572 (49.110)	Grad: 584.388, 83.194, 77.758, 34.834, 25.274, 18.011, 16.173, 19.213, 23.901, 14.315
[Epoch  46 (41.56s)]	ELBO: -5263.150, -3380.961, -2514.544, -1974.426, -1640.372, -1480.801, -1392.415, -1284.378, -1239.843, -1228.832 (-1201.459)	Log prob: -5250.610, -3363.815, -2491.179, -1947.046, -1609.095, -1445.754, -1353.633, -1241.800, -1193.959, -1179.358 (-1152.389)	KLD: 12.538, 4.608, 6.219, 4.012, 3.900, 3.769, 3.734, 3.798, 3.306, 3.591 (49.070)	Grad: 598.779, 81.686, 85.652, 37.760, 25.493, 20.329, 15.745, 19.142, 23.955, 15.082
[Epoch  47 (41.44s)]	ELBO: -5247.529, -3376.666, -2508.583, -1969.268, -1636.140, -1476.541, -1388.076, -1280.577, -1236.112, -1225.434 (-1196.839)	Log prob: -5235.081, -3359.617, -2485.336, -1942.010, -1604.983, -1441.616, -1349.408, -1238.101, -1190.325, -1176.046 (-1147.461)	KLD: 12.444, 4.606, 6.197, 4.011, 3.900, 3.768, 3.742, 3.808, 3.311, 3.602 (49.377)	Grad: 582.445, 83.700, 77.957, 33.561, 25.658, 19.204, 15.851, 19.408, 26.281, 15.776
[Epoch  48 (41.17s)]	ELBO: -5234.787, -3370.528, -2503.402, -1964.346, -1632.254, -1472.685, -1383.286, -1275.513, -1230.238, -1218.404 (-1192.763)	Log prob: -5222.408, -3353.538, -2480.240, -1937.170, -1601.168, -1437.817, -1344.667, -1233.081, -1184.496, -1169.046 (-1143.500)	KLD: 12.380, 4.610, 6.168, 4.016, 3.912, 3.782, 3.752, 3.812, 3.311, 3.616 (49.263)	Grad: 580.771, 76.862, 77.840, 33.942, 27.813, 18.246, 15.822, 19.701, 25.056, 14.500
[Epoch  49 (41.73s)]	ELBO: -5218.231, -3364.095, -2498.720, -1960.566, -1630.538, -1470.613, -1380.621, -1272.793, -1227.165, -1214.887 (-1196.552)	Log prob: -5205.929, -3347.196, -2475.672, -1933.510, -1599.572, -1435.867, -1342.123, -1230.484, -1181.549, -1165.646 (-1147.416)	KLD: 12.301, 4.601, 6.147, 4.008, 3.907, 3.782, 3.751, 3.812, 3.307, 3.625 (49.135)	Grad: 556.044, 81.708, 75.915, 34.149, 26.309, 19.109, 17.258, 18.999, 23.815, 14.459
[Epoch  50 (44.14s)]	ELBO: -5210.547, -3364.007, -2494.475, -1957.305, -1627.691, -1467.813, -1376.641, -1268.966, -1222.554, -1209.623 (-1180.264)	Log prob: -5198.326, -3347.182, -2471.534, -1930.347, -1596.815, -1433.140, -1338.212, -1226.710, -1176.990, -1160.412 (-1131.060)	KLD: 12.218, 4.607, 6.114, 4.019, 3.918, 3.798, 3.755, 3.827, 3.308, 3.646 (49.203)	Grad: 606.984, 81.512, 78.459, 34.545, 26.651, 18.642, 14.985, 18.776, 23.455, 14.806
[Epoch  51 (44.72s)]	ELBO: -5200.007, -3356.793, -2491.562, -1955.340, -1627.420, -1467.398, -1375.569, -1267.968, -1220.987, -1207.226 (-1178.341)	Log prob: -5187.833, -3340.015, -2468.695, -1928.458, -1596.632, -1432.815, -1337.235, -1225.811, -1175.531, -1158.117 (-1129.216)	KLD: 12.175, 4.605, 6.088, 4.014, 3.907, 3.794, 3.751, 3.825, 3.299, 3.655 (49.125)	Grad: 615.171, 84.116, 78.092, 33.508, 26.463, 19.200, 16.696, 19.691, 23.723, 15.386
[Epoch  52 (42.83s)]	ELBO: -5182.713, -3351.501, -2486.333, -1950.480, -1622.699, -1462.062, -1369.085, -1262.028, -1214.388, -1200.113 (-1163.742)	Log prob: -5170.622, -3334.805, -2463.594, -1923.721, -1592.029, -1427.588, -1330.862, -1219.980, -1169.043, -1151.100 (-1114.805)	KLD: 12.091, 4.606, 6.042, 4.019, 3.913, 3.803, 3.752, 3.823, 3.297, 3.666 (48.937)	Grad: 562.813, 85.362, 77.129, 33.519, 25.124, 18.803, 15.577, 19.593, 23.484, 14.765
[Epoch  53 (46.69s)]	ELBO: -5175.329, -3346.304, -2482.395, -1945.929, -1619.004, -1458.463, -1365.220, -1257.828, -1209.855, -1195.047 (-1181.173)	Log prob: -5163.295, -3329.656, -2459.714, -1919.226, -1588.373, -1424.022, -1327.016, -1215.794, -1164.533, -1146.040 (-1132.142)	KLD: 12.036, 4.614, 6.032, 4.024, 3.925, 3.810, 3.763, 3.831, 3.288, 3.685 (49.030)	Grad: 582.443, 80.039, 76.329, 33.027, 23.737, 17.565, 15.705, 17.610, 26.266, 13.828
[Epoch  54 (44.31s)]	ELBO: -5171.545, -3344.358, -2479.672, -1946.410, -1620.945, -1460.354, -1365.898, -1258.937, -1209.666, -1193.912 (-1169.578)	Log prob: -5159.637, -3327.835, -2457.136, -1919.849, -1590.458, -1426.050, -1327.828, -1217.040, -1164.477, -1145.028 (-1120.700)	KLD: 11.912, 4.609, 6.015, 4.025, 3.926, 3.817, 3.765, 3.829, 3.292, 3.695 (48.878)	Grad: 593.451, 84.198, 83.249, 33.632, 27.027, 18.171, 16.646, 18.323, 22.893, 14.099
[Epoch  55 (45.93s)]	ELBO: -5157.624, -3337.866, -2474.194, -1939.439, -1615.798, -1455.307, -1359.797, -1252.843, -1203.142, -1187.104 (-1155.062)	Log prob: -5145.728, -3321.367, -2451.707, -1912.931, -1585.373, -1421.062, -1321.788, -1211.012, -1158.028, -1138.289 (-1106.405)	KLD: 11.899, 4.599, 5.990, 4.020, 3.917, 3.820, 3.764, 3.821, 3.284, 3.700 (48.657)	Grad: 556.661, 85.409, 79.760, 32.409, 27.936, 18.494, 16.122, 18.876, 23.556, 14.492
[Epoch  56 (43.53s)]	ELBO: -5154.211, -3334.253, -2471.241, -1938.890, -1614.175, -1453.194, -1357.425, -1251.042, -1201.389, -1184.879 (-1147.683)	Log prob: -5142.390, -3317.828, -2448.849, -1912.471, -1583.829, -1419.021, -1319.482, -1209.271, -1156.332, -1136.105 (-1098.849)	KLD: 11.819, 4.606, 5.969, 4.026, 3.926, 3.828, 3.771, 3.826, 3.286, 3.716 (48.834)	Grad: 626.747, 85.090, 80.104, 33.652, 24.363, 18.453, 15.827, 20.427, 23.672, 15.088
[Epoch  57 (42.94s)]	ELBO: -5141.518, -3331.922, -2468.712, -1936.392, -1613.434, -1452.212, -1355.012, -1248.610, -1198.685, -1181.370 (-1168.070)	Log prob: -5129.771, -3315.566, -2446.401, -1910.044, -1583.151, -1418.098, -1317.114, -1206.876, -1153.649, -1132.600 (-1119.106)	KLD: 11.745, 4.611, 5.955, 4.037, 3.933, 3.832, 3.784, 3.837, 3.301, 3.733 (48.964)	Grad: 611.787, 83.003, 80.535, 31.433, 25.588, 18.564, 16.412, 19.629, 24.328, 15.322
[Epoch  58 (38.66s)]	ELBO: -5137.760, -3327.222, -2466.610, -1934.714, -1611.594, -1449.816, -1352.441, -1245.947, -1195.626, -1177.463 (-1149.837)	Log prob: -5126.030, -3310.881, -2444.320, -1908.387, -1581.332, -1415.715, -1314.557, -1204.220, -1150.601, -1128.696 (-1101.323)	KLD: 11.729, 4.612, 5.948, 4.039, 3.934, 3.838, 3.784, 3.843, 3.297, 3.742 (48.515)	Grad: 645.267, 85.372, 84.869, 33.136, 25.445, 18.617, 17.234, 19.509, 25.208, 14.810
[Epoch  59 (38.63s)]	ELBO: -5123.053, -3321.025, -2458.972, -1928.200, -1606.051, -1444.752, -1345.942, -1239.489, -1188.538, -1169.969 (-1135.722)	Log prob: -5111.402, -3304.766, -2436.783, -1901.978, -1575.904, -1410.770, -1308.177, -1197.885, -1143.648, -1121.334 (-1087.059)	KLD: 11.653, 4.606, 5.930, 4.032, 3.926, 3.835, 3.782, 3.839, 3.287, 3.744 (48.662)	Grad: 572.870, 85.358, 78.689, 32.742, 23.965, 16.791, 15.776, 18.575, 24.206, 13.861
[Epoch  60 (38.95s)]	ELBO: -5118.371, -3320.520, -2457.769, -1926.961, -1606.245, -1444.625, -1344.853, -1238.410, -1187.224, -1167.924 (-1141.363)	Log prob: -5106.746, -3304.285, -2435.618, -1900.775, -1576.125, -1410.663, -1307.104, -1196.811, -1142.335, -1119.281 (-1092.787)	KLD: 11.625, 4.612, 5.912, 4.036, 3.934, 3.843, 3.787, 3.850, 3.290, 3.754 (48.575)	Grad: 589.813, 85.696, 79.653, 30.414, 25.005, 16.922, 15.781, 18.835, 24.967, 14.591
[Epoch  61 (38.14s)]	ELBO: -5111.979, -3315.150, -2455.176, -1927.678, -1607.666, -1445.885, -1345.819, -1239.534, -1187.755, -1167.918 (-1146.536)	Log prob: -5100.411, -3298.978, -2433.108, -1901.578, -1577.635, -1412.010, -1308.157, -1198.020, -1142.943, -1119.347 (-1098.123)	KLD: 11.567, 4.605, 5.896, 4.034, 3.930, 3.843, 3.786, 3.852, 3.298, 3.759 (48.413)	Grad: 601.303, 83.298, 81.673, 37.708, 26.261, 17.953, 16.771, 19.471, 24.541, 15.318
[Epoch  62 (38.68s)]	ELBO: -5093.455, -3310.371, -2451.236, -1923.047, -1603.658, -1441.976, -1341.279, -1234.878, -1182.511, -1161.972 (-1146.551)	Log prob: -5081.979, -3294.296, -2429.278, -1897.051, -1573.736, -1408.210, -1303.727, -1193.470, -1137.789, -1113.484 (-1098.174)	KLD: 11.476, 4.599, 5.884, 4.037, 3.926, 3.844, 3.786, 3.857, 3.314, 3.766 (48.378)	Grad: 547.719, 84.275, 87.055, 33.608, 25.218, 16.834, 16.595, 20.217, 24.318, 14.481
[Epoch  63 (38.83s)]	ELBO: -5103.252, -3312.181, -2451.888, -1925.196, -1605.324, -1443.705, -1342.548, -1236.686, -1184.027, -1162.700 (-1145.457)	Log prob: -5091.867, -3296.201, -2430.040, -1899.306, -1575.505, -1410.041, -1305.089, -1195.363, -1139.382, -1114.276 (-1096.681)	KLD: 11.386, 4.597, 5.865, 4.042, 3.927, 3.848, 3.793, 3.865, 3.321, 3.778 (48.776)	Grad: 683.885, 86.919, 78.503, 33.019, 24.071, 19.262, 17.010, 19.131, 24.899, 14.399
[Epoch  64 (40.01s)]	ELBO: -5089.459, -3306.650, -2445.492, -1918.475, -1599.026, -1436.973, -1334.678, -1228.655, -1176.563, -1155.569 (-1124.651)	Log prob: -5078.077, -3290.670, -2423.643, -1892.582, -1569.200, -1403.293, -1297.201, -1187.304, -1131.891, -1107.109 (-1076.250)	KLD: 11.379, 4.603, 5.866, 4.044, 3.934, 3.853, 3.798, 3.875, 3.321, 3.787 (48.401)	Grad: 553.280, 84.104, 76.933, 31.156, 23.812, 17.221, 15.356, 18.667, 26.201, 14.693
[Epoch  65 (40.46s)]	ELBO: -5077.924, -3301.472, -2443.211, -1917.315, -1597.770, -1435.580, -1332.863, -1227.354, -1174.428, -1152.317 (-1122.542)	Log prob: -5066.563, -3285.510, -2421.393, -1891.448, -1567.963, -1401.919, -1295.395, -1186.003, -1129.759, -1103.852 (-1073.862)	KLD: 11.358, 4.603, 5.857, 4.048, 3.942, 3.854, 3.805, 3.883, 3.320, 3.794 (48.680)	Grad: 593.332, 83.883, 82.774, 30.904, 23.050, 17.482, 15.812, 19.111, 24.878, 14.507
[Epoch  66 (41.33s)]	ELBO: -5071.704, -3299.839, -2441.492, -1916.331, -1597.598, -1435.169, -1331.856, -1226.234, -1173.384, -1150.785 (-1133.260)	Log prob: -5060.388, -3283.929, -2419.736, -1890.526, -1567.847, -1401.559, -1294.437, -1184.929, -1128.752, -1102.356 (-1084.784)	KLD: 11.312, 4.600, 5.843, 4.051, 3.945, 3.859, 3.809, 3.888, 3.326, 3.795 (48.477)	Grad: 623.763, 82.927, 88.740, 32.022, 24.521, 17.387, 16.975, 19.254, 25.826, 14.714
[Epoch  67 (40.75s)]	ELBO: -5064.604, -3294.626, -2438.202, -1914.017, -1596.062, -1433.940, -1330.159, -1225.028, -1171.795, -1148.962 (-1161.932)	Log prob: -5053.390, -3278.816, -2416.552, -1888.316, -1566.420, -1400.439, -1292.847, -1183.825, -1127.260, -1100.621 (-1113.524)	KLD: 11.214, 4.595, 5.841, 4.050, 3.942, 3.859, 3.811, 3.891, 3.333, 3.805 (48.408)	Grad: 573.849, 82.433, 83.497, 32.638, 24.135, 18.764, 16.317, 18.887, 27.860, 15.036
[Epoch  68 (40.10s)]	ELBO: -5062.065, -3293.377, -2436.972, -1913.281, -1595.517, -1432.904, -1328.619, -1224.058, -1170.133, -1146.607 (-1124.724)	Log prob: -5050.875, -3277.583, -2415.355, -1887.610, -1565.896, -1399.414, -1291.314, -1182.858, -1125.592, -1098.258 (-1076.544)	KLD: 11.193, 4.599, 5.824, 4.054, 3.950, 3.869, 3.816, 3.897, 3.341, 3.808 (48.180)	Grad: 627.719, 85.469, 83.626, 33.791, 26.568, 17.546, 15.902, 18.664, 24.938, 15.041
[Epoch  69 (39.15s)]	ELBO: -5059.980, -3290.433, -2432.609, -1912.480, -1594.741, -1431.873, -1326.758, -1222.598, -1168.612, -1144.547 (-1109.363)	Log prob: -5048.818, -3274.677, -2411.049, -1886.865, -1565.180, -1398.445, -1289.514, -1181.455, -1124.129, -1096.256 (-1061.270)	KLD: 11.161, 4.594, 5.805, 4.055, 3.945, 3.867, 3.815, 3.900, 3.341, 3.808 (48.092)	Grad: 649.069, 84.644, 80.138, 34.756, 24.878, 17.593, 16.417, 19.256, 25.169, 14.557
[Epoch  70 (40.20s)]	ELBO: -5047.253, -3284.053, -2428.541, -1908.009, -1590.484, -1427.947, -1322.168, -1217.926, -1163.652, -1139.330 (-1107.929)	Log prob: -5036.185, -3268.381, -2407.087, -1882.493, -1561.012, -1394.601, -1284.998, -1176.847, -1119.224, -1091.085 (-1059.806)	KLD: 11.073, 4.600, 5.782, 4.061, 3.956, 3.873, 3.825, 3.908, 3.349, 3.816 (48.123)	Grad: 584.256, 80.014, 81.504, 31.840, 23.466, 17.160, 15.957, 18.619, 23.701, 14.814
[Epoch  71 (40.93s)]	ELBO: -5039.532, -3283.899, -2427.094, -1905.751, -1588.729, -1425.545, -1319.238, -1215.450, -1160.847, -1136.540 (-1155.235)	Log prob: -5028.477, -3268.250, -2405.662, -1880.253, -1559.274, -1392.212, -1282.078, -1174.378, -1116.412, -1088.283 (-1106.682)	KLD: 11.057, 4.594, 5.782, 4.066, 3.958, 3.877, 3.829, 3.913, 3.362, 3.822 (48.553)	Grad: 585.464, 89.062, 78.108, 32.033, 22.575, 16.995, 15.713, 17.984, 25.020, 15.422
[Epoch  72 (39.78s)]	ELBO: -5042.516, -3280.158, -2426.055, -1906.627, -1589.074, -1426.434, -1320.070, -1216.570, -1161.623, -1136.348 (-1131.703)	Log prob: -5031.508, -3264.552, -2404.680, -1881.180, -1559.666, -1393.142, -1282.945, -1175.523, -1117.206, -1088.103 (-1083.834)	KLD: 11.006, 4.600, 5.769, 4.070, 3.962, 3.886, 3.833, 3.922, 3.370, 3.826 (47.869)	Grad: 640.589, 83.666, 87.617, 31.747, 24.012, 17.393, 16.550, 19.107, 24.567, 15.604
[Epoch  73 (40.15s)]	ELBO: -5032.867, -3275.375, -2422.278, -1903.679, -1587.331, -1423.834, -1316.588, -1213.539, -1158.225, -1132.810 (-1111.591)	Log prob: -5021.905, -3259.828, -2400.976, -1878.314, -1558.011, -1390.634, -1279.556, -1172.590, -1113.902, -1084.666 (-1063.072)	KLD: 10.961, 4.588, 5.755, 4.062, 3.954, 3.882, 3.831, 3.917, 3.373, 3.823 (48.519)	Grad: 606.111, 83.416, 80.669, 32.910, 23.865, 17.113, 16.142, 19.558, 25.271, 14.696
[Epoch  74 (41.86s)]	ELBO: -5029.406, -3273.833, -2420.192, -1902.379, -1586.052, -1423.201, -1315.950, -1212.794, -1157.234, -1131.810 (-1112.336)	Log prob: -5018.462, -3258.296, -2398.903, -1877.019, -1556.731, -1389.996, -1278.906, -1171.824, -1112.876, -1083.625 (-1064.212)	KLD: 10.943, 4.593, 5.752, 4.071, 3.962, 3.885, 3.839, 3.926, 3.387, 3.828 (48.124)	Grad: 612.412, 85.640, 82.572, 32.948, 22.963, 16.896, 16.661, 18.845, 24.166, 15.592
[Epoch  75 (42.58s)]	ELBO: -5024.421, -3271.278, -2419.725, -1902.437, -1586.407, -1422.669, -1314.185, -1211.150, -1155.489, -1129.877 (-1114.698)	Log prob: -5013.504, -3255.768, -2398.465, -1877.105, -1557.109, -1389.483, -1277.158, -1170.194, -1111.145, -1081.701 (-1066.409)	KLD: 10.917, 4.596, 5.746, 4.072, 3.966, 3.889, 3.841, 3.929, 3.387, 3.833 (48.289)	Grad: 603.657, 88.047, 88.824, 31.621, 23.712, 17.949, 15.808, 18.669, 25.340, 15.737
[Epoch  76 (40.14s)]	ELBO: -5013.054, -3265.792, -2415.839, -1897.550, -1581.785, -1418.921, -1310.419, -1207.544, -1151.733, -1125.445 (-1099.708)	Log prob: -5002.233, -3250.377, -2394.687, -1872.330, -1552.598, -1385.841, -1273.494, -1166.684, -1107.480, -1077.356 (-1051.503)	KLD: 10.821, 4.595, 5.733, 4.070, 3.968, 3.892, 3.845, 3.936, 3.392, 3.836 (48.205)	Grad: 570.495, 83.967, 87.520, 30.525, 23.030, 16.848, 15.482, 18.054, 25.148, 14.371
[Epoch  77 (39.93s)]	ELBO: -5015.914, -3263.714, -2412.455, -1897.448, -1582.643, -1418.998, -1310.382, -1207.614, -1151.508, -1124.789 (-1103.585)	Log prob: -5005.054, -3248.252, -2391.268, -1872.185, -1553.407, -1385.866, -1273.401, -1166.694, -1107.188, -1076.628 (-1055.461)	KLD: 10.859, 4.605, 5.722, 4.076, 3.973, 3.896, 3.848, 3.939, 3.400, 3.841 (48.124)	Grad: 634.372, 86.383, 78.572, 32.381, 24.197, 16.875, 16.336, 18.393, 24.792, 15.042
[Epoch  78 (39.49s)]	ELBO: -5010.746, -3263.676, -2415.487, -1898.187, -1583.517, -1419.566, -1310.470, -1207.722, -1151.221, -1124.648 (-1102.994)	Log prob: -4999.906, -3248.240, -2394.330, -1872.949, -1554.297, -1386.449, -1273.498, -1166.806, -1106.901, -1076.481 (-1054.866)	KLD: 10.834, 4.604, 5.718, 4.082, 3.982, 3.896, 3.855, 3.945, 3.403, 3.846 (48.128)	Grad: 633.069, 88.504, 96.017, 32.709, 23.799, 17.385, 17.416, 18.716, 24.488, 14.987
[Epoch  79 (38.59s)]	ELBO: -5005.205, -3259.412, -2409.959, -1894.616, -1580.195, -1416.602, -1307.246, -1205.241, -1149.014, -1121.797 (-1094.932)	Log prob: -4994.401, -3244.010, -2388.848, -1869.429, -1551.034, -1383.545, -1270.337, -1164.390, -1104.756, -1073.696 (-1047.157)	KLD: 10.804, 4.595, 5.712, 4.076, 3.973, 3.896, 3.852, 3.943, 3.405, 3.842 (47.775)	Grad: 651.454, 87.255, 79.874, 30.710, 24.190, 17.722, 16.373, 19.520, 26.822, 15.567
[Epoch  80 (38.79s)]	ELBO: -5001.858, -3258.175, -2411.507, -1893.869, -1579.500, -1415.418, -1305.534, -1203.089, -1146.634, -1119.302 (-1105.182)	Log prob: -4991.081, -3242.793, -2390.415, -1868.694, -1550.341, -1382.357, -1268.613, -1162.218, -1102.348, -1071.168 (-1057.144)	KLD: 10.779, 4.600, 5.713, 4.084, 3.982, 3.901, 3.860, 3.952, 3.415, 3.848 (48.038)	Grad: 608.681, 87.172, 85.601, 33.194, 24.160, 17.158, 16.552, 18.307, 27.496, 15.546
[Epoch  81 (45.39s)]	ELBO: -4990.959, -3255.394, -2408.224, -1892.486, -1578.856, -1415.287, -1305.367, -1203.460, -1146.743, -1119.270 (-1097.957)	Log prob: -4980.251, -3240.092, -2387.216, -1867.392, -1549.783, -1382.312, -1268.531, -1162.672, -1102.534, -1071.211 (-1050.108)	KLD: 10.709, 4.594, 5.706, 4.085, 3.981, 3.901, 3.861, 3.952, 3.422, 3.849 (47.849)	Grad: 560.816, 87.209, 92.272, 32.222, 24.327, 17.392, 16.351, 19.891, 24.863, 15.938
[Epoch  82 (42.57s)]	ELBO: -4986.134, -3250.783, -2402.493, -1890.457, -1575.957, -1411.823, -1301.736, -1200.227, -1143.019, -1115.393 (-1084.146)	Log prob: -4975.448, -3235.501, -2381.513, -1865.391, -1546.907, -1378.869, -1264.917, -1159.453, -1098.818, -1067.341 (-1036.143)	KLD: 10.686, 4.597, 5.697, 4.085, 3.984, 3.904, 3.865, 3.954, 3.428, 3.852 (48.003)	Grad: 606.784, 81.739, 77.871, 32.030, 23.373, 16.541, 16.869, 18.442, 24.323, 15.311
[Epoch  83 (43.36s)]	ELBO: -4983.122, -3250.557, -2401.320, -1889.014, -1575.188, -1411.116, -1300.492, -1198.639, -1141.304, -1113.085 (-1087.013)	Log prob: -4972.474, -3235.317, -2380.400, -1864.010, -1546.202, -1378.228, -1263.738, -1157.933, -1097.164, -1065.095 (-1039.001)	KLD: 10.650, 4.590, 5.680, 4.084, 3.981, 3.903, 3.865, 3.952, 3.433, 3.851 (48.012)	Grad: 618.281, 85.258, 80.145, 29.474, 22.281, 17.336, 15.794, 18.025, 23.940, 15.142
[Epoch  84 (41.86s)]	ELBO: -4976.488, -3247.572, -2400.390, -1889.758, -1575.565, -1411.255, -1300.212, -1198.449, -1141.183, -1112.915 (-1098.712)	Log prob: -4965.849, -3232.345, -2379.483, -1864.766, -1546.596, -1378.384, -1263.478, -1157.763, -1097.052, -1064.936 (-1050.805)	KLD: 10.641, 4.590, 5.677, 4.084, 3.978, 3.903, 3.862, 3.953, 3.445, 3.849 (47.908)	Grad: 603.213, 83.256, 83.963, 32.588, 22.218, 17.268, 16.649, 18.385, 25.006, 15.160
[Epoch  85 (46.28s)]	ELBO: -4968.187, -3244.112, -2397.038, -1887.179, -1573.359, -1409.111, -1297.899, -1196.643, -1139.392, -1110.521 (-1103.360)	Log prob: -4957.571, -3228.907, -2376.163, -1862.216, -1544.412, -1376.259, -1261.181, -1155.968, -1095.275, -1062.552 (-1055.520)	KLD: 10.617, 4.590, 5.667, 4.089, 3.985, 3.906, 3.865, 3.957, 3.442, 3.852 (47.840)	Grad: 537.477, 84.575, 85.746, 33.117, 23.316, 17.642, 16.194, 18.483, 24.287, 15.386
[Epoch  86 (46.25s)]	ELBO: -4968.643, -3244.714, -2398.000, -1888.168, -1574.528, -1410.523, -1299.416, -1198.316, -1140.703, -1112.223 (-1094.092)	Log prob: -4958.079, -3229.559, -2377.193, -1863.273, -1545.647, -1377.729, -1262.752, -1157.690, -1096.625, -1064.289 (-1045.909)	KLD: 10.565, 4.589, 5.653, 4.088, 3.987, 3.911, 3.871, 3.962, 3.451, 3.856 (48.183)	Grad: 600.068, 87.846, 84.701, 32.411, 25.510, 16.848, 16.630, 19.222, 28.119, 16.805
[Epoch  87 (43.76s)]	ELBO: -4958.938, -3242.253, -2395.750, -1885.887, -1573.944, -1410.027, -1298.312, -1197.334, -1139.481, -1110.747 (-1078.958)	Log prob: -4948.408, -3227.129, -2374.981, -1861.022, -1545.089, -1377.258, -1261.667, -1156.722, -1095.403, -1062.809 (-1030.894)	KLD: 10.531, 4.591, 5.649, 4.094, 3.989, 3.914, 3.874, 3.968, 3.466, 3.860 (48.064)	Grad: 618.573, 88.052, 86.064, 33.085, 24.992, 18.211, 16.513, 18.865, 25.819, 17.280
[Epoch  88 (43.62s)]	ELBO: -4953.240, -3237.099, -2393.763, -1882.668, -1570.333, -1405.966, -1294.002, -1192.807, -1134.892, -1105.619 (-1104.286)	Log prob: -4942.705, -3221.971, -2372.986, -1857.802, -1541.480, -1373.200, -1257.358, -1152.195, -1090.809, -1057.677 (-1056.226)	KLD: 10.534, 4.593, 5.649, 4.090, 3.987, 3.915, 3.876, 3.969, 3.471, 3.859 (48.059)	Grad: 546.166, 82.599, 83.278, 29.538, 22.990, 16.644, 15.874, 17.864, 25.846, 16.491
[Epoch  89 (43.54s)]	ELBO: -4953.691, -3236.383, -2392.616, -1884.269, -1571.142, -1407.409, -1295.312, -1194.549, -1136.779, -1106.928 (-1076.710)	Log prob: -4943.185, -3221.281, -2371.859, -1859.416, -1542.290, -1374.633, -1258.651, -1153.909, -1092.660, -1058.940 (-1028.635)	KLD: 10.508, 4.594, 5.656, 4.097, 3.998, 3.924, 3.885, 3.979, 3.478, 3.869 (48.075)	Grad: 609.207, 85.662, 90.710, 32.236, 24.621, 18.132, 17.156, 19.028, 27.357, 16.005
[Epoch  90 (49.40s)]	ELBO: -4942.164, -3236.741, -2392.090, -1884.984, -1571.960, -1408.188, -1295.912, -1194.126, -1136.153, -1106.213 (-1103.940)	Log prob: -4931.652, -3221.643, -2371.348, -1860.144, -1543.127, -1375.433, -1259.275, -1153.513, -1092.062, -1058.253 (-1056.277)	KLD: 10.511, 4.589, 5.643, 4.097, 3.995, 3.920, 3.883, 3.976, 3.478, 3.868 (47.663)	Grad: 630.790, 85.371, 83.288, 32.822, 23.767, 17.021, 17.458, 18.225, 26.119, 16.914
[Epoch  91 (50.31s)]	ELBO: -4932.939, -3232.966, -2389.148, -1882.345, -1569.705, -1405.716, -1292.883, -1192.350, -1133.867, -1104.178 (-1086.049)	Log prob: -4922.509, -3217.946, -2368.498, -1857.602, -1540.969, -1373.058, -1256.344, -1151.832, -1089.866, -1056.308 (-1038.339)	KLD: 10.430, 4.591, 5.627, 4.095, 3.993, 3.920, 3.883, 3.977, 3.484, 3.867 (47.710)	Grad: 551.505, 87.429, 84.496, 31.899, 22.907, 16.271, 15.940, 18.404, 26.858, 15.762
[Epoch  92 (51.21s)]	ELBO: -4931.312, -3229.723, -2386.617, -1879.297, -1567.221, -1403.091, -1290.865, -1189.350, -1130.915, -1100.687 (-1078.113)	Log prob: -4920.898, -3214.719, -2365.981, -1854.564, -1538.498, -1370.446, -1254.339, -1148.848, -1086.923, -1052.830 (-1029.890)	KLD: 10.415, 4.591, 5.632, 4.095, 3.991, 3.920, 3.882, 3.976, 3.490, 3.865 (48.223)	Grad: 593.771, 85.364, 92.698, 33.562, 22.911, 16.789, 17.395, 18.211, 27.106, 15.670
[Epoch  93 (52.20s)]	ELBO: -4928.681, -3229.017, -2388.374, -1882.100, -1569.221, -1404.902, -1291.685, -1190.644, -1131.883, -1101.911 (-1096.345)	Log prob: -4918.331, -3214.082, -2367.816, -1857.447, -1540.576, -1372.334, -1255.232, -1150.211, -1087.952, -1054.113 (-1048.596)	KLD: 10.347, 4.589, 5.622, 4.095, 3.991, 3.924, 3.885, 3.980, 3.496, 3.868 (47.749)	Grad: 634.138, 84.555, 90.288, 31.581, 22.632, 17.072, 16.314, 18.249, 26.220, 17.106
[Epoch  94 (51.77s)]	ELBO: -4919.272, -3227.330, -2386.155, -1879.412, -1567.655, -1403.879, -1290.320, -1189.364, -1129.935, -1099.681 (-1082.588)	Log prob: -4908.917, -3212.375, -2365.582, -1854.739, -1538.976, -1371.270, -1253.818, -1148.871, -1085.942, -1051.813 (-1034.452)	KLD: 10.354, 4.599, 5.620, 4.101, 4.005, 3.930, 3.893, 3.990, 3.500, 3.875 (48.136)	Grad: 633.101, 86.586, 96.150, 29.762, 23.967, 17.257, 16.630, 17.976, 24.488, 15.977
[Epoch  95 (48.79s)]	ELBO: -4914.650, -3226.786, -2385.222, -1880.177, -1568.674, -1404.218, -1290.753, -1190.116, -1130.853, -1100.430 (-1076.729)	Log prob: -4904.322, -3211.868, -2364.686, -1855.540, -1540.040, -1371.656, -1254.301, -1149.678, -1086.911, -1052.617 (-1029.213)	KLD: 10.329, 4.591, 5.617, 4.100, 3.998, 3.927, 3.890, 3.986, 3.505, 3.871 (47.515)	Grad: 642.521, 83.883, 93.475, 31.997, 23.606, 16.906, 17.017, 17.983, 26.370, 16.718
[Epoch  96 (35.22s)]	ELBO: -4903.010, -3223.448, -2383.969, -1879.625, -1567.650, -1403.141, -1289.698, -1188.648, -1129.142, -1098.398 (-1087.986)	Log prob: -4892.727, -3208.578, -2363.490, -1855.049, -1539.083, -1370.651, -1253.320, -1148.285, -1085.274, -1050.662 (-1040.181)	KLD: 10.280, 4.588, 5.611, 4.095, 3.992, 3.925, 3.887, 3.985, 3.505, 3.869 (47.804)	Grad: 610.712, 88.860, 92.568, 31.130, 22.841, 16.601, 17.604, 17.619, 26.099, 16.765
[Epoch  97 (34.30s)]	ELBO: -4902.469, -3223.189, -2380.352, -1876.436, -1564.992, -1401.186, -1287.297, -1186.516, -1126.894, -1096.039 (-1095.589)	Log prob: -4892.188, -3208.311, -2359.858, -1851.837, -1536.394, -1368.655, -1250.871, -1146.096, -1082.959, -1048.227 (-1047.865)	KLD: 10.284, 4.594, 5.617, 4.105, 4.000, 3.932, 3.895, 3.994, 3.514, 3.878 (47.724)	Grad: 609.611, 85.320, 94.772, 32.996, 23.185, 16.219, 15.727, 17.246, 23.962, 16.423
[Epoch  98 (34.03s)]	ELBO: -4896.322, -3220.077, -2379.443, -1876.182, -1563.959, -1399.287, -1284.840, -1183.980, -1124.367, -1093.057 (-1078.577)	Log prob: -4886.086, -3205.250, -2359.009, -1851.643, -1535.422, -1366.818, -1248.476, -1143.623, -1080.488, -1045.301 (-1030.891)	KLD: 10.236, 4.591, 5.608, 4.104, 3.999, 3.931, 3.896, 3.993, 3.522, 3.877 (47.685)	Grad: 636.641, 85.565, 86.799, 31.306, 22.721, 16.619, 15.650, 16.976, 24.757, 15.188
[Epoch  99 (34.31s)]	ELBO: -4882.460, -3216.798, -2377.851, -1874.701, -1562.907, -1399.042, -1285.021, -1184.310, -1124.747, -1093.745 (-1073.799)	Log prob: -4872.198, -3201.946, -2357.391, -1850.139, -1534.346, -1366.548, -1248.633, -1143.928, -1080.843, -1045.963 (-1026.322)	KLD: 10.263, 4.590, 5.606, 4.104, 3.999, 3.932, 3.895, 3.994, 3.522, 3.878 (47.477)	Grad: 623.943, 84.161, 97.631, 30.440, 22.379, 16.560, 17.937, 17.613, 23.849, 16.196
[Epoch 100 (32.30s)]	ELBO: -4892.054, -3221.109, -2383.096, -1877.632, -1567.255, -1402.371, -1288.162, -1187.757, -1128.106, -1096.496 (-1077.479)	Log prob: -4881.847, -3206.310, -2362.710, -1853.144, -1538.769, -1369.953, -1251.848, -1147.449, -1084.283, -1048.797 (-1030.236)	KLD: 10.208, 4.588, 5.589, 4.103, 3.999, 3.933, 3.895, 3.994, 3.514, 3.877 (47.243)	Grad: 644.791, 88.727, 92.085, 30.773, 23.479, 16.730, 16.810, 18.038, 25.344, 16.766
Best epoch(s): [99]	Training time(s): 4017.85s (4017.85s)	Best ELBO: -1093.057 (-1073.799)	Best log prob: -1045.301 (-1026.322)
Avg. mu: -0.460, 0.692, -1.462, 0.057, -0.136, -0.152, -0.380, 0.133, 0.321, -0.281
Avg. var: 0.000, 0.000, 0.000, 0.000, 0.000, 0.000, 0.000, 0.000, 0.000, 0.000
Max. mu: 12.024, 5.128, 5.799, 5.696, 1.431, 1.482, 1.572, 2.171, 2.391, 0.683
Max. var: 0.119, 0.002, 0.146, 0.019, 0.001, 0.001, 0.002, 0.001, 0.007, 0.000
Min. mu: -10.143, -1.366, -6.627, -4.054, -2.000, -2.092, -1.873, -1.628, -0.824, -1.426
Min. var: 0.000, 0.000, 0.000, 0.000, 0.000, 0.000, 0.000, 0.000, 0.000, 0.000
Cov. mu:
[[10.858 0.191 1.192 -0.247 0.007 -0.059 0.007 -0.159 0.055 -0.008]
 [0.191 0.662 -0.161 0.022 0.020 0.016 0.002 0.000 0.018 -0.008]
 [1.192 -0.161 1.535 0.050 0.001 -0.021 -0.025 -0.019 0.018 0.012]
 [-0.247 0.022 0.050 0.532 -0.002 -0.006 -0.003 -0.001 0.005 0.009]
 [0.007 0.020 0.001 -0.002 0.133 0.000 -0.001 -0.001 -0.000 -0.001]
 [-0.059 0.016 -0.021 -0.006 0.000 0.097 0.005 0.005 -0.002 -0.000]
 [0.007 0.002 -0.025 -0.003 -0.001 0.005 0.083 0.010 0.004 0.003]
 [-0.159 0.000 -0.019 -0.001 -0.001 0.005 0.010 0.102 0.012 0.001]
 [0.055 0.018 0.018 0.005 -0.000 -0.002 0.004 0.012 0.172 -0.000]
 [-0.008 -0.008 0.012 0.009 -0.001 -0.000 0.003 0.001 -0.000 0.040]]
