=================================================================
Layer (type:depth-idx)                   Param #
=================================================================
VAE                                      --
├─Encoder: 1-1                           --
│    └─Linear: 2-1                       38,465
├─Decoder: 1-2                           --
│    └─Linear: 2-2                       39,200
=================================================================
Total params: 77,665
Trainable params: 77,665
Non-trainable params: 0
=================================================================
[Epoch   1 (4.18s)]	ELBO: 1137.623 (1336.258)	Log prob: 1193.534 (1370.588)	KLD: 55.911 (34.331)
[Epoch   2 (5.67s)]	ELBO: 1371.722 (1392.246)	Log prob: 1399.498 (1413.686)	KLD: 27.776 (21.441)
[Epoch   3 (8.39s)]	ELBO: 1402.478 (1411.785)	Log prob: 1421.519 (1428.360)	KLD: 19.042 (16.576)
[Epoch   4 (15.25s)]	ELBO: 1416.791 (1423.047)	Log prob: 1432.302 (1437.377)	KLD: 15.511 (14.329)
[Epoch   5 (33.10s)]	ELBO: 1426.147 (1431.356)	Log prob: 1439.885 (1444.284)	KLD: 13.738 (12.928)
[Epoch   6 (38.47s)]	ELBO: 1433.455 (1437.864)	Log prob: 1446.148 (1450.014)	KLD: 12.693 (12.150)
[Epoch   7 (35.90s)]	ELBO: 1439.642 (1443.730)	Log prob: 1451.744 (1455.635)	KLD: 12.102 (11.905)
[Epoch   8 (35.63s)]	ELBO: 1445.436 (1449.150)	Log prob: 1457.090 (1460.547)	KLD: 11.653 (11.397)
[Epoch   9 (35.73s)]	ELBO: 1450.747 (1454.615)	Log prob: 1462.052 (1465.686)	KLD: 11.305 (11.070)
[Epoch  10 (33.73s)]	ELBO: 1455.838 (1459.094)	Log prob: 1466.840 (1469.954)	KLD: 11.002 (10.860)
[Epoch  11 (32.45s)]	ELBO: 1460.834 (1463.832)	Log prob: 1471.543 (1474.454)	KLD: 10.709 (10.622)
[Epoch  12 (33.08s)]	ELBO: 1465.679 (1469.051)	Log prob: 1476.059 (1479.061)	KLD: 10.380 (10.010)
[Epoch  13 (34.26s)]	ELBO: 1470.149 (1473.681)	Log prob: 1480.236 (1483.700)	KLD: 10.087 (10.019)
[Epoch  14 (36.08s)]	ELBO: 1474.547 (1477.882)	Log prob: 1484.394 (1487.804)	KLD: 9.847 (9.922)
[Epoch  15 (35.50s)]	ELBO: 1478.085 (1481.139)	Log prob: 1487.745 (1490.876)	KLD: 9.660 (9.737)
[Epoch  16 (35.79s)]	ELBO: 1481.076 (1483.860)	Log prob: 1490.650 (1493.438)	KLD: 9.574 (9.579)
[Epoch  17 (38.26s)]	ELBO: 1483.355 (1485.759)	Log prob: 1492.880 (1495.226)	KLD: 9.525 (9.467)
[Epoch  18 (48.24s)]	ELBO: 1485.191 (1487.699)	Log prob: 1494.651 (1497.027)	KLD: 9.461 (9.329)
[Epoch  19 (47.71s)]	ELBO: 1486.989 (1488.959)	Log prob: 1496.374 (1498.233)	KLD: 9.385 (9.274)
[Epoch  20 (47.90s)]	ELBO: 1488.263 (1490.465)	Log prob: 1497.604 (1499.747)	KLD: 9.340 (9.282)
[Epoch  21 (46.96s)]	ELBO: 1489.659 (1491.442)	Log prob: 1498.940 (1500.639)	KLD: 9.281 (9.198)
[Epoch  22 (47.62s)]	ELBO: 1490.771 (1492.478)	Log prob: 1500.008 (1501.706)	KLD: 9.238 (9.227)
[Epoch  23 (47.23s)]	ELBO: 1491.797 (1493.253)	Log prob: 1500.984 (1502.364)	KLD: 9.187 (9.111)
[Epoch  24 (48.83s)]	ELBO: 1492.635 (1494.259)	Log prob: 1501.785 (1503.351)	KLD: 9.150 (9.092)
[Epoch  25 (47.60s)]	ELBO: 1493.564 (1495.047)	Log prob: 1502.662 (1504.119)	KLD: 9.098 (9.072)
[Epoch  26 (48.94s)]	ELBO: 1494.378 (1495.757)	Log prob: 1503.436 (1504.743)	KLD: 9.058 (8.986)
[Epoch  27 (47.81s)]	ELBO: 1495.104 (1496.088)	Log prob: 1504.141 (1505.123)	KLD: 9.037 (9.035)
[Epoch  28 (45.91s)]	ELBO: 1495.808 (1496.962)	Log prob: 1504.820 (1505.944)	KLD: 9.011 (8.982)
[Epoch  29 (47.01s)]	ELBO: 1496.501 (1497.551)	Log prob: 1505.494 (1506.510)	KLD: 8.992 (8.959)
[Epoch  30 (46.09s)]	ELBO: 1497.041 (1498.197)	Log prob: 1506.004 (1507.065)	KLD: 8.962 (8.868)
[Epoch  31 (45.69s)]	ELBO: 1497.731 (1498.587)	Log prob: 1506.641 (1507.486)	KLD: 8.910 (8.898)
[Epoch  32 (47.34s)]	ELBO: 1498.390 (1498.996)	Log prob: 1507.300 (1507.843)	KLD: 8.910 (8.847)
[Epoch  33 (45.43s)]	ELBO: 1498.908 (1499.478)	Log prob: 1507.795 (1508.381)	KLD: 8.886 (8.903)
[Epoch  34 (45.45s)]	ELBO: 1499.438 (1500.455)	Log prob: 1508.323 (1509.342)	KLD: 8.885 (8.886)
[Epoch  35 (47.23s)]	ELBO: 1500.020 (1500.564)	Log prob: 1508.877 (1509.389)	KLD: 8.857 (8.825)
[Epoch  36 (45.98s)]	ELBO: 1500.488 (1501.078)	Log prob: 1509.361 (1509.952)	KLD: 8.873 (8.874)
[Epoch  37 (46.14s)]	ELBO: 1501.082 (1501.361)	Log prob: 1509.931 (1510.130)	KLD: 8.849 (8.769)
[Epoch  38 (45.77s)]	ELBO: 1501.606 (1501.730)	Log prob: 1510.449 (1510.511)	KLD: 8.843 (8.780)
[Epoch  39 (46.51s)]	ELBO: 1501.905 (1502.384)	Log prob: 1510.734 (1511.230)	KLD: 8.829 (8.846)
[Epoch  40 (46.98s)]	ELBO: 1502.555 (1503.075)	Log prob: 1511.395 (1511.893)	KLD: 8.841 (8.818)
[Epoch  41 (48.47s)]	ELBO: 1502.986 (1503.562)	Log prob: 1511.823 (1512.318)	KLD: 8.837 (8.755)
[Epoch  42 (48.22s)]	ELBO: 1503.553 (1503.590)	Log prob: 1512.404 (1512.435)	KLD: 8.851 (8.845)
[Epoch  43 (48.19s)]	ELBO: 1503.813 (1504.078)	Log prob: 1512.667 (1512.916)	KLD: 8.855 (8.838)
[Epoch  44 (48.85s)]	ELBO: 1504.388 (1504.299)	Log prob: 1513.239 (1513.138)	KLD: 8.851 (8.839)
[Epoch  45 (50.67s)]	ELBO: 1504.821 (1505.031)	Log prob: 1513.674 (1513.751)	KLD: 8.853 (8.721)
[Epoch  46 (47.24s)]	ELBO: 1505.228 (1504.595)	Log prob: 1514.062 (1513.467)	KLD: 8.833 (8.873)
[Epoch  47 (48.61s)]	ELBO: 1505.625 (1505.691)	Log prob: 1514.466 (1514.444)	KLD: 8.841 (8.753)
[Epoch  48 (47.35s)]	ELBO: 1505.975 (1506.181)	Log prob: 1514.830 (1514.978)	KLD: 8.855 (8.797)
[Epoch  49 (48.81s)]	ELBO: 1506.485 (1506.414)	Log prob: 1515.335 (1515.257)	KLD: 8.850 (8.843)
[Epoch  50 (48.65s)]	ELBO: 1506.775 (1506.958)	Log prob: 1515.644 (1515.796)	KLD: 8.869 (8.839)
[Epoch  51 (49.22s)]	ELBO: 1507.286 (1506.942)	Log prob: 1516.152 (1515.802)	KLD: 8.865 (8.860)
[Epoch  52 (46.04s)]	ELBO: 1507.708 (1507.668)	Log prob: 1516.581 (1516.489)	KLD: 8.874 (8.821)
[Epoch  53 (47.68s)]	ELBO: 1507.988 (1508.063)	Log prob: 1516.862 (1516.888)	KLD: 8.874 (8.825)
[Epoch  54 (49.89s)]	ELBO: 1508.431 (1508.083)	Log prob: 1517.310 (1516.943)	KLD: 8.879 (8.860)
[Epoch  55 (48.35s)]	ELBO: 1508.750 (1508.637)	Log prob: 1517.639 (1517.471)	KLD: 8.889 (8.834)
[Epoch  56 (46.13s)]	ELBO: 1509.147 (1509.013)	Log prob: 1518.034 (1517.865)	KLD: 8.887 (8.852)
[Epoch  57 (46.15s)]	ELBO: 1509.333 (1509.443)	Log prob: 1518.243 (1518.320)	KLD: 8.911 (8.877)
[Epoch  58 (47.93s)]	ELBO: 1509.576 (1509.699)	Log prob: 1518.492 (1518.628)	KLD: 8.916 (8.929)
[Epoch  59 (47.23s)]	ELBO: 1510.024 (1509.446)	Log prob: 1518.937 (1518.410)	KLD: 8.913 (8.963)
[Epoch  60 (46.52s)]	ELBO: 1510.318 (1509.752)	Log prob: 1519.241 (1518.622)	KLD: 8.923 (8.870)
[Epoch  61 (47.87s)]	ELBO: 1510.755 (1510.449)	Log prob: 1519.659 (1519.352)	KLD: 8.905 (8.903)
[Epoch  62 (46.59s)]	ELBO: 1511.052 (1510.994)	Log prob: 1519.966 (1519.917)	KLD: 8.914 (8.923)
[Epoch  63 (47.63s)]	ELBO: 1511.289 (1510.979)	Log prob: 1520.213 (1519.843)	KLD: 8.924 (8.864)
[Epoch  64 (48.70s)]	ELBO: 1511.628 (1511.196)	Log prob: 1520.545 (1520.018)	KLD: 8.917 (8.822)
[Epoch  65 (47.02s)]	ELBO: 1511.907 (1511.794)	Log prob: 1520.852 (1520.694)	KLD: 8.945 (8.900)
[Epoch  66 (46.42s)]	ELBO: 1512.267 (1511.697)	Log prob: 1521.206 (1520.536)	KLD: 8.939 (8.839)
[Epoch  67 (46.83s)]	ELBO: 1512.510 (1512.093)	Log prob: 1521.441 (1520.921)	KLD: 8.930 (8.828)
[Epoch  68 (46.54s)]	ELBO: 1512.784 (1512.433)	Log prob: 1521.742 (1521.378)	KLD: 8.958 (8.945)
[Epoch  69 (46.14s)]	ELBO: 1513.061 (1512.370)	Log prob: 1522.023 (1521.225)	KLD: 8.963 (8.855)
[Epoch  70 (45.68s)]	ELBO: 1513.330 (1512.263)	Log prob: 1522.293 (1521.257)	KLD: 8.962 (8.994)
[Epoch  71 (46.52s)]	ELBO: 1513.583 (1512.972)	Log prob: 1522.552 (1521.946)	KLD: 8.968 (8.974)
[Epoch  72 (45.22s)]	ELBO: 1513.794 (1513.006)	Log prob: 1522.757 (1521.922)	KLD: 8.963 (8.916)
[Epoch  73 (45.87s)]	ELBO: 1513.994 (1513.288)	Log prob: 1522.959 (1522.292)	KLD: 8.964 (9.004)
[Epoch  74 (46.00s)]	ELBO: 1514.288 (1513.888)	Log prob: 1523.250 (1522.842)	KLD: 8.962 (8.954)
[Epoch  75 (45.82s)]	ELBO: 1514.585 (1514.227)	Log prob: 1523.561 (1523.189)	KLD: 8.976 (8.962)
[Epoch  76 (47.14s)]	ELBO: 1514.837 (1514.004)	Log prob: 1523.824 (1522.904)	KLD: 8.987 (8.901)
[Epoch  77 (47.06s)]	ELBO: 1514.999 (1514.011)	Log prob: 1523.976 (1522.901)	KLD: 8.977 (8.890)
[Epoch  78 (46.81s)]	ELBO: 1515.288 (1514.500)	Log prob: 1524.271 (1523.417)	KLD: 8.983 (8.917)
[Epoch  79 (46.39s)]	ELBO: 1515.398 (1514.575)	Log prob: 1524.385 (1523.548)	KLD: 8.987 (8.972)
[Epoch  80 (46.74s)]	ELBO: 1515.685 (1514.826)	Log prob: 1524.677 (1523.764)	KLD: 8.992 (8.937)
[Epoch  81 (46.23s)]	ELBO: 1515.820 (1513.871)	Log prob: 1524.818 (1522.796)	KLD: 8.998 (8.925)
[Epoch  82 (46.91s)]	ELBO: 1516.180 (1515.255)	Log prob: 1525.173 (1524.221)	KLD: 8.993 (8.967)
[Epoch  83 (45.61s)]	ELBO: 1516.275 (1515.631)	Log prob: 1525.291 (1524.613)	KLD: 9.016 (8.983)
[Epoch  84 (46.40s)]	ELBO: 1516.538 (1515.706)	Log prob: 1525.553 (1524.677)	KLD: 9.014 (8.971)
[Epoch  85 (46.74s)]	ELBO: 1516.709 (1515.904)	Log prob: 1525.718 (1524.903)	KLD: 9.009 (8.998)
[Epoch  86 (46.00s)]	ELBO: 1516.849 (1516.129)	Log prob: 1525.862 (1525.054)	KLD: 9.013 (8.925)
[Epoch  87 (46.64s)]	ELBO: 1517.168 (1516.223)	Log prob: 1526.184 (1525.138)	KLD: 9.017 (8.915)
[Epoch  88 (48.02s)]	ELBO: 1517.373 (1515.944)	Log prob: 1526.390 (1524.921)	KLD: 9.017 (8.977)
[Epoch  89 (47.31s)]	ELBO: 1517.270 (1516.553)	Log prob: 1526.285 (1525.552)	KLD: 9.015 (8.999)
[Epoch  90 (47.71s)]	ELBO: 1517.501 (1516.886)	Log prob: 1526.526 (1525.817)	KLD: 9.025 (8.932)
[Epoch  91 (48.69s)]	ELBO: 1517.859 (1516.907)	Log prob: 1526.876 (1525.976)	KLD: 9.016 (9.069)
[Epoch  92 (46.26s)]	ELBO: 1517.882 (1516.818)	Log prob: 1526.916 (1525.849)	KLD: 9.033 (9.032)
[Epoch  93 (46.58s)]	ELBO: 1518.214 (1517.216)	Log prob: 1527.239 (1526.197)	KLD: 9.025 (8.981)
[Epoch  94 (47.05s)]	ELBO: 1518.275 (1517.163)	Log prob: 1527.305 (1526.168)	KLD: 9.030 (9.005)
[Epoch  95 (46.25s)]	ELBO: 1518.428 (1517.414)	Log prob: 1527.453 (1526.412)	KLD: 9.025 (8.998)
[Epoch  96 (47.63s)]	ELBO: 1518.635 (1517.455)	Log prob: 1527.659 (1526.447)	KLD: 9.024 (8.992)
[Epoch  97 (47.19s)]	ELBO: 1518.786 (1517.459)	Log prob: 1527.820 (1526.418)	KLD: 9.034 (8.959)
[Epoch  98 (46.56s)]	ELBO: 1518.898 (1517.893)	Log prob: 1527.929 (1526.915)	KLD: 9.030 (9.022)
[Epoch  99 (46.97s)]	ELBO: 1519.151 (1517.872)	Log prob: 1528.191 (1526.845)	KLD: 9.039 (8.973)
[Epoch 100 (47.19s)]	ELBO: 1519.203 (1517.684)	Log prob: 1528.232 (1526.700)	KLD: 9.030 (9.016)
[Epoch 101 (46.22s)]	ELBO: 1519.371 (1518.129)	Log prob: 1528.412 (1527.153)	KLD: 9.041 (9.024)
[Epoch 102 (46.26s)]	ELBO: 1519.557 (1518.016)	Log prob: 1528.608 (1527.042)	KLD: 9.051 (9.025)
[Epoch 103 (46.72s)]	ELBO: 1519.578 (1518.354)	Log prob: 1528.626 (1527.374)	KLD: 9.048 (9.020)
[Epoch 104 (46.20s)]	ELBO: 1519.794 (1518.101)	Log prob: 1528.850 (1527.123)	KLD: 9.056 (9.022)
[Epoch 105 (45.98s)]	ELBO: 1519.951 (1518.266)	Log prob: 1529.001 (1527.345)	KLD: 9.050 (9.079)
[Epoch 106 (44.30s)]	ELBO: 1519.899 (1518.650)	Log prob: 1528.959 (1527.637)	KLD: 9.059 (8.988)
[Epoch 107 (44.30s)]	ELBO: 1520.280 (1518.802)	Log prob: 1529.338 (1527.786)	KLD: 9.058 (8.984)
[Epoch 108 (45.41s)]	ELBO: 1520.405 (1519.146)	Log prob: 1529.467 (1528.149)	KLD: 9.061 (9.004)
[Epoch 109 (44.24s)]	ELBO: 1520.441 (1518.827)	Log prob: 1529.494 (1527.801)	KLD: 9.053 (8.974)
[Epoch 110 (44.78s)]	ELBO: 1520.660 (1519.167)	Log prob: 1529.711 (1528.220)	KLD: 9.051 (9.053)
[Epoch 111 (43.92s)]	ELBO: 1520.753 (1518.781)	Log prob: 1529.808 (1527.822)	KLD: 9.056 (9.041)
[Epoch 112 (43.53s)]	ELBO: 1520.805 (1518.827)	Log prob: 1529.859 (1527.889)	KLD: 9.054 (9.062)
[Epoch 113 (45.93s)]	ELBO: 1520.785 (1519.514)	Log prob: 1529.838 (1528.615)	KLD: 9.053 (9.100)
[Epoch 114 (46.38s)]	ELBO: 1521.000 (1519.777)	Log prob: 1530.055 (1528.824)	KLD: 9.055 (9.047)
[Epoch 115 (45.31s)]	ELBO: 1521.313 (1519.425)	Log prob: 1530.359 (1528.485)	KLD: 9.046 (9.060)
[Epoch 116 (44.46s)]	ELBO: 1521.322 (1519.248)	Log prob: 1530.392 (1528.265)	KLD: 9.070 (9.017)
[Epoch 117 (45.07s)]	ELBO: 1521.413 (1519.746)	Log prob: 1530.470 (1528.736)	KLD: 9.057 (8.991)
[Epoch 118 (44.40s)]	ELBO: 1521.499 (1519.961)	Log prob: 1530.565 (1528.973)	KLD: 9.066 (9.013)
[Epoch 119 (45.18s)]	ELBO: 1521.580 (1519.659)	Log prob: 1530.638 (1528.657)	KLD: 9.059 (8.998)
[Epoch 120 (44.52s)]	ELBO: 1521.623 (1520.161)	Log prob: 1530.690 (1529.205)	KLD: 9.066 (9.044)
[Epoch 121 (44.44s)]	ELBO: 1521.822 (1519.266)	Log prob: 1530.888 (1528.317)	KLD: 9.066 (9.051)
[Epoch 122 (45.45s)]	ELBO: 1521.889 (1519.583)	Log prob: 1530.950 (1528.636)	KLD: 9.062 (9.053)
[Epoch 123 (45.31s)]	ELBO: 1522.084 (1520.142)	Log prob: 1531.158 (1529.179)	KLD: 9.074 (9.037)
[Epoch 124 (46.76s)]	ELBO: 1522.200 (1520.438)	Log prob: 1531.268 (1529.465)	KLD: 9.067 (9.027)
[Epoch 125 (44.96s)]	ELBO: 1522.234 (1520.667)	Log prob: 1531.291 (1529.662)	KLD: 9.057 (8.995)
[Epoch 126 (44.04s)]	ELBO: 1522.492 (1520.403)	Log prob: 1531.556 (1529.362)	KLD: 9.064 (8.959)
[Epoch 127 (41.60s)]	ELBO: 1522.573 (1520.059)	Log prob: 1531.632 (1529.102)	KLD: 9.059 (9.043)
[Epoch 128 (39.95s)]	ELBO: 1522.598 (1520.734)	Log prob: 1531.666 (1529.750)	KLD: 9.068 (9.016)
[Epoch 129 (39.62s)]	ELBO: 1522.650 (1520.227)	Log prob: 1531.716 (1529.256)	KLD: 9.066 (9.028)
[Epoch 130 (38.40s)]	ELBO: 1522.771 (1520.320)	Log prob: 1531.832 (1529.342)	KLD: 9.061 (9.022)
[Epoch 131 (38.98s)]	ELBO: 1522.849 (1521.039)	Log prob: 1531.916 (1529.999)	KLD: 9.068 (8.960)
[Epoch 132 (38.90s)]	ELBO: 1522.935 (1520.630)	Log prob: 1532.002 (1529.611)	KLD: 9.067 (8.981)
[Epoch 133 (40.07s)]	ELBO: 1523.058 (1520.947)	Log prob: 1532.133 (1530.011)	KLD: 9.075 (9.064)
[Epoch 134 (39.05s)]	ELBO: 1523.181 (1520.284)	Log prob: 1532.253 (1529.317)	KLD: 9.072 (9.033)
[Epoch 135 (38.80s)]	ELBO: 1523.412 (1521.028)	Log prob: 1532.499 (1530.059)	KLD: 9.087 (9.031)
[Epoch 136 (37.25s)]	ELBO: 1523.333 (1521.257)	Log prob: 1532.413 (1530.296)	KLD: 9.080 (9.038)
[Epoch 137 (36.15s)]	ELBO: 1523.282 (1521.343)	Log prob: 1532.365 (1530.410)	KLD: 9.083 (9.067)
[Epoch 138 (36.39s)]	ELBO: 1523.600 (1521.298)	Log prob: 1532.686 (1530.407)	KLD: 9.086 (9.109)
[Epoch 139 (36.46s)]	ELBO: 1523.647 (1521.159)	Log prob: 1532.729 (1530.280)	KLD: 9.081 (9.121)
[Epoch 140 (36.15s)]	ELBO: 1523.662 (1521.622)	Log prob: 1532.741 (1530.643)	KLD: 9.078 (9.022)
[Epoch 141 (36.50s)]	ELBO: 1523.712 (1521.241)	Log prob: 1532.786 (1530.398)	KLD: 9.074 (9.158)
[Epoch 142 (35.89s)]	ELBO: 1524.063 (1521.794)	Log prob: 1533.152 (1530.811)	KLD: 9.089 (9.018)
[Epoch 143 (35.18s)]	ELBO: 1523.857 (1521.751)	Log prob: 1532.935 (1530.735)	KLD: 9.078 (8.985)
[Epoch 144 (36.65s)]	ELBO: 1524.134 (1521.734)	Log prob: 1533.225 (1530.818)	KLD: 9.091 (9.084)
[Epoch 145 (34.92s)]	ELBO: 1524.140 (1521.659)	Log prob: 1533.231 (1530.701)	KLD: 9.091 (9.043)
[Epoch 146 (35.44s)]	ELBO: 1524.251 (1522.154)	Log prob: 1533.339 (1531.223)	KLD: 9.088 (9.070)
[Epoch 147 (33.79s)]	ELBO: 1524.278 (1521.832)	Log prob: 1533.372 (1530.840)	KLD: 9.094 (9.008)
[Epoch 148 (32.72s)]	ELBO: 1524.357 (1522.230)	Log prob: 1533.455 (1531.264)	KLD: 9.097 (9.033)
[Epoch 149 (34.57s)]	ELBO: 1524.568 (1522.099)	Log prob: 1533.658 (1531.201)	KLD: 9.090 (9.102)
[Epoch 150 (33.92s)]	ELBO: 1524.609 (1522.206)	Log prob: 1533.700 (1531.222)	KLD: 9.091 (9.016)
[Epoch 151 (32.85s)]	ELBO: 1524.613 (1521.919)	Log prob: 1533.696 (1531.062)	KLD: 9.083 (9.144)
[Epoch 152 (33.45s)]	ELBO: 1524.790 (1522.608)	Log prob: 1533.887 (1531.633)	KLD: 9.097 (9.026)
[Epoch 153 (32.70s)]	ELBO: 1524.712 (1522.508)	Log prob: 1533.811 (1531.551)	KLD: 9.099 (9.043)
[Epoch 154 (32.88s)]	ELBO: 1524.804 (1522.351)	Log prob: 1533.903 (1531.391)	KLD: 9.099 (9.040)
[Epoch 155 (34.02s)]	ELBO: 1524.857 (1522.446)	Log prob: 1533.956 (1531.444)	KLD: 9.099 (8.998)
[Epoch 156 (33.59s)]	ELBO: 1524.982 (1522.309)	Log prob: 1534.092 (1531.323)	KLD: 9.110 (9.014)
[Epoch 157 (33.43s)]	ELBO: 1525.178 (1522.581)	Log prob: 1534.269 (1531.614)	KLD: 9.091 (9.033)
[Epoch 158 (32.24s)]	ELBO: 1525.128 (1522.563)	Log prob: 1534.225 (1531.627)	KLD: 9.097 (9.063)
[Epoch 159 (34.34s)]	ELBO: 1525.197 (1521.366)	Log prob: 1534.288 (1530.515)	KLD: 9.091 (9.149)
[Epoch 160 (33.65s)]	ELBO: 1525.294 (1522.792)	Log prob: 1534.387 (1531.833)	KLD: 9.093 (9.041)
[Epoch 161 (33.67s)]	ELBO: 1525.387 (1522.607)	Log prob: 1534.486 (1531.670)	KLD: 9.099 (9.064)
[Epoch 162 (33.42s)]	ELBO: 1525.399 (1522.500)	Log prob: 1534.500 (1531.481)	KLD: 9.102 (8.982)
[Epoch 163 (33.93s)]	ELBO: 1525.539 (1522.866)	Log prob: 1534.641 (1531.883)	KLD: 9.102 (9.017)
[Epoch 164 (31.41s)]	ELBO: 1525.590 (1523.215)	Log prob: 1534.688 (1532.298)	KLD: 9.098 (9.083)
[Epoch 165 (31.38s)]	ELBO: 1525.648 (1522.829)	Log prob: 1534.746 (1531.893)	KLD: 9.097 (9.064)
[Epoch 166 (30.77s)]	ELBO: 1525.641 (1522.888)	Log prob: 1534.751 (1531.959)	KLD: 9.110 (9.072)
[Epoch 167 (30.66s)]	ELBO: 1525.736 (1522.813)	Log prob: 1534.845 (1531.842)	KLD: 9.109 (9.029)
[Epoch 168 (29.92s)]	ELBO: 1525.818 (1522.919)	Log prob: 1534.934 (1532.012)	KLD: 9.116 (9.093)
[Epoch 169 (30.03s)]	ELBO: 1525.932 (1523.195)	Log prob: 1535.058 (1532.276)	KLD: 9.126 (9.081)
[Epoch 170 (30.22s)]	ELBO: 1525.949 (1522.465)	Log prob: 1535.058 (1531.544)	KLD: 9.109 (9.079)
[Epoch 171 (30.20s)]	ELBO: 1526.009 (1523.306)	Log prob: 1535.123 (1532.404)	KLD: 9.115 (9.098)
[Epoch 172 (29.63s)]	ELBO: 1526.093 (1523.131)	Log prob: 1535.196 (1532.242)	KLD: 9.104 (9.111)
[Epoch 173 (30.38s)]	ELBO: 1526.080 (1523.164)	Log prob: 1535.197 (1532.235)	KLD: 9.118 (9.071)
[Epoch 174 (29.42s)]	ELBO: 1526.283 (1523.231)	Log prob: 1535.389 (1532.275)	KLD: 9.106 (9.044)
[Epoch 175 (28.27s)]	ELBO: 1526.352 (1523.590)	Log prob: 1535.463 (1532.647)	KLD: 9.112 (9.057)
[Epoch 176 (28.30s)]	ELBO: 1526.430 (1523.549)	Log prob: 1535.543 (1532.631)	KLD: 9.113 (9.082)
[Epoch 177 (28.30s)]	ELBO: 1526.393 (1523.485)	Log prob: 1535.506 (1532.576)	KLD: 9.113 (9.091)
[Epoch 178 (28.30s)]	ELBO: 1526.532 (1523.579)	Log prob: 1535.647 (1532.629)	KLD: 9.115 (9.051)
[Epoch 179 (27.55s)]	ELBO: 1526.589 (1523.709)	Log prob: 1535.703 (1532.786)	KLD: 9.114 (9.077)
[Epoch 180 (28.73s)]	ELBO: 1526.600 (1523.951)	Log prob: 1535.710 (1533.047)	KLD: 9.109 (9.095)
[Epoch 181 (28.73s)]	ELBO: 1526.577 (1523.469)	Log prob: 1535.686 (1532.574)	KLD: 9.109 (9.105)
[Epoch 182 (28.74s)]	ELBO: 1526.702 (1523.524)	Log prob: 1535.814 (1532.605)	KLD: 9.112 (9.081)
[Epoch 183 (27.14s)]	ELBO: 1526.818 (1523.939)	Log prob: 1535.938 (1532.991)	KLD: 9.119 (9.052)
[Epoch 184 (27.64s)]	ELBO: 1526.880 (1523.755)	Log prob: 1536.001 (1532.837)	KLD: 9.122 (9.081)
[Epoch 185 (27.89s)]	ELBO: 1526.888 (1523.946)	Log prob: 1536.006 (1533.044)	KLD: 9.118 (9.097)
[Epoch 186 (26.88s)]	ELBO: 1527.122 (1523.319)	Log prob: 1536.249 (1532.366)	KLD: 9.126 (9.047)
[Epoch 187 (27.28s)]	ELBO: 1527.090 (1523.847)	Log prob: 1536.225 (1532.933)	KLD: 9.136 (9.087)
[Epoch 188 (27.10s)]	ELBO: 1527.026 (1523.938)	Log prob: 1536.156 (1533.031)	KLD: 9.130 (9.092)
[Epoch 189 (26.01s)]	ELBO: 1527.125 (1524.036)	Log prob: 1536.262 (1533.194)	KLD: 9.138 (9.158)
[Epoch 190 (27.93s)]	ELBO: 1527.250 (1523.839)	Log prob: 1536.386 (1532.980)	KLD: 9.135 (9.141)
[Epoch 191 (27.52s)]	ELBO: 1527.393 (1524.227)	Log prob: 1536.523 (1533.290)	KLD: 9.130 (9.063)
[Epoch 192 (27.45s)]	ELBO: 1527.365 (1524.112)	Log prob: 1536.500 (1533.212)	KLD: 9.135 (9.099)
[Epoch 193 (28.51s)]	ELBO: 1527.435 (1524.318)	Log prob: 1536.569 (1533.414)	KLD: 9.133 (9.096)
[Epoch 194 (26.64s)]	ELBO: 1527.371 (1524.426)	Log prob: 1536.498 (1533.501)	KLD: 9.128 (9.075)
[Epoch 195 (26.35s)]	ELBO: 1527.500 (1524.357)	Log prob: 1536.629 (1533.398)	KLD: 9.128 (9.041)
[Epoch 196 (27.33s)]	ELBO: 1527.534 (1524.158)	Log prob: 1536.663 (1533.331)	KLD: 9.129 (9.174)
[Epoch 197 (27.33s)]	ELBO: 1527.602 (1523.968)	Log prob: 1536.734 (1533.101)	KLD: 9.132 (9.133)
[Epoch 198 (27.06s)]	ELBO: 1527.593 (1524.351)	Log prob: 1536.732 (1533.433)	KLD: 9.139 (9.082)
[Epoch 199 (27.45s)]	ELBO: 1527.646 (1524.430)	Log prob: 1536.791 (1533.543)	KLD: 9.145 (9.112)
[Epoch 200 (25.55s)]	ELBO: 1527.803 (1524.259)	Log prob: 1536.940 (1533.363)	KLD: 9.137 (9.104)
[Epoch 201 (24.48s)]	ELBO: 1527.794 (1524.540)	Log prob: 1536.947 (1533.618)	KLD: 9.153 (9.078)
[Epoch 202 (23.68s)]	ELBO: 1527.824 (1524.323)	Log prob: 1536.962 (1533.439)	KLD: 9.137 (9.116)
[Epoch 203 (23.29s)]	ELBO: 1527.968 (1524.690)	Log prob: 1537.109 (1533.808)	KLD: 9.141 (9.117)
[Epoch 204 (23.55s)]	ELBO: 1527.820 (1524.708)	Log prob: 1536.960 (1533.850)	KLD: 9.140 (9.143)
[Epoch 205 (23.25s)]	ELBO: 1528.069 (1524.926)	Log prob: 1537.220 (1534.015)	KLD: 9.151 (9.090)
[Epoch 206 (23.29s)]	ELBO: 1527.999 (1524.309)	Log prob: 1537.145 (1533.447)	KLD: 9.146 (9.138)
[Epoch 207 (24.05s)]	ELBO: 1528.104 (1524.612)	Log prob: 1537.263 (1533.703)	KLD: 9.159 (9.090)
[Epoch 208 (23.14s)]	ELBO: 1528.192 (1524.783)	Log prob: 1537.344 (1533.822)	KLD: 9.152 (9.039)
[Epoch 209 (24.12s)]	ELBO: 1528.187 (1524.203)	Log prob: 1537.332 (1533.354)	KLD: 9.145 (9.151)
[Epoch 210 (23.66s)]	ELBO: 1528.226 (1524.680)	Log prob: 1537.393 (1533.798)	KLD: 9.168 (9.118)
[Epoch 211 (23.89s)]	ELBO: 1528.310 (1524.744)	Log prob: 1537.463 (1533.807)	KLD: 9.153 (9.063)
[Epoch 212 (23.83s)]	ELBO: 1528.541 (1524.679)	Log prob: 1537.697 (1533.747)	KLD: 9.156 (9.068)
[Epoch 213 (23.65s)]	ELBO: 1528.363 (1524.880)	Log prob: 1537.518 (1533.963)	KLD: 9.155 (9.083)
[Epoch 214 (23.47s)]	ELBO: 1528.446 (1525.015)	Log prob: 1537.593 (1534.120)	KLD: 9.147 (9.105)
[Epoch 215 (24.53s)]	ELBO: 1528.559 (1524.867)	Log prob: 1537.699 (1533.967)	KLD: 9.140 (9.100)
[Epoch 216 (24.46s)]	ELBO: 1528.693 (1523.793)	Log prob: 1537.842 (1532.973)	KLD: 9.149 (9.180)
[Epoch 217 (23.16s)]	ELBO: 1528.610 (1524.567)	Log prob: 1537.759 (1533.731)	KLD: 9.149 (9.164)
[Epoch 218 (23.40s)]	ELBO: 1528.657 (1525.051)	Log prob: 1537.804 (1534.177)	KLD: 9.147 (9.127)
[Epoch 219 (24.64s)]	ELBO: 1528.712 (1524.889)	Log prob: 1537.854 (1533.964)	KLD: 9.143 (9.074)
[Epoch 220 (23.51s)]	ELBO: 1528.879 (1525.104)	Log prob: 1538.037 (1534.241)	KLD: 9.159 (9.137)
[Epoch 221 (23.51s)]	ELBO: 1528.787 (1524.577)	Log prob: 1537.958 (1533.760)	KLD: 9.171 (9.183)
[Epoch 222 (23.85s)]	ELBO: 1528.784 (1524.146)	Log prob: 1537.944 (1533.237)	KLD: 9.160 (9.091)
[Epoch 223 (23.44s)]	ELBO: 1528.859 (1525.105)	Log prob: 1538.017 (1534.196)	KLD: 9.158 (9.090)
[Epoch 224 (23.82s)]	ELBO: 1529.024 (1524.888)	Log prob: 1538.195 (1533.972)	KLD: 9.171 (9.085)
[Epoch 225 (24.35s)]	ELBO: 1528.936 (1525.049)	Log prob: 1538.102 (1534.242)	KLD: 9.166 (9.193)
[Epoch 226 (22.84s)]	ELBO: 1529.092 (1525.389)	Log prob: 1538.262 (1534.493)	KLD: 9.171 (9.104)
[Epoch 227 (24.15s)]	ELBO: 1529.051 (1525.323)	Log prob: 1538.223 (1534.401)	KLD: 9.173 (9.078)
[Epoch 228 (23.82s)]	ELBO: 1529.099 (1525.613)	Log prob: 1538.269 (1534.752)	KLD: 9.170 (9.139)
[Epoch 229 (23.28s)]	ELBO: 1529.287 (1525.218)	Log prob: 1538.460 (1534.342)	KLD: 9.173 (9.124)
[Epoch 230 (25.28s)]	ELBO: 1529.139 (1525.177)	Log prob: 1538.302 (1534.300)	KLD: 9.163 (9.123)
[Epoch 231 (25.29s)]	ELBO: 1529.325 (1525.203)	Log prob: 1538.491 (1534.375)	KLD: 9.165 (9.173)
[Epoch 232 (25.41s)]	ELBO: 1529.390 (1525.601)	Log prob: 1538.550 (1534.759)	KLD: 9.161 (9.158)
[Epoch 233 (24.47s)]	ELBO: 1529.317 (1525.298)	Log prob: 1538.482 (1534.439)	KLD: 9.166 (9.141)
[Epoch 234 (23.46s)]	ELBO: 1529.437 (1525.017)	Log prob: 1538.617 (1534.095)	KLD: 9.180 (9.078)
[Epoch 235 (23.53s)]	ELBO: 1529.446 (1525.176)	Log prob: 1538.612 (1534.384)	KLD: 9.166 (9.208)
[Epoch 236 (23.05s)]	ELBO: 1529.550 (1525.499)	Log prob: 1538.728 (1534.551)	KLD: 9.179 (9.053)
[Epoch 237 (23.36s)]	ELBO: 1529.454 (1525.345)	Log prob: 1538.624 (1534.541)	KLD: 9.170 (9.196)
No improvement after 10 epochs...
Best epoch(s): [228]	Training time(s): 8830.56s (8830.56s)	Best ELBO: 1529.550 (1525.613)	Best log prob: 1538.728 (1534.759)
Avg. mu: 0.515, -0.175
Avg. var: 0.006, 0.007
Max. mu: 6.727, 6.227
Max. var: 0.207, 0.160
Min. mu: -6.871, -6.322
Min. var: 0.000, 0.000
Cov. mu:
[[3.679 2.044]
 [2.044 3.968]]
