Encoder
=================================================================
Layer (type:depth-idx)                   Param #
=================================================================
Encoder                                  --
├─Linear: 1-1                            882,080
├─Linear: 1-2                            6,480
=================================================================
Total params: 888,560
Trainable params: 888,560
Non-trainable params: 0
=================================================================
Encoder to Latents 0
=================================================================
Layer (type:depth-idx)                   Param #
=================================================================
EncoderToLatents                         --
├─Linear: 1-1                            324
├─Linear: 1-2                            324
=================================================================
Total params: 648
Trainable params: 648
Non-trainable params: 0
=================================================================
Encoder to Latents 1
=================================================================
Layer (type:depth-idx)                   Param #
=================================================================
EncoderToLatents                         --
├─Linear: 1-1                            324
├─Linear: 1-2                            324
=================================================================
Total params: 648
Trainable params: 648
Non-trainable params: 0
=================================================================
Encoder to Latents 2
=================================================================
Layer (type:depth-idx)                   Param #
=================================================================
EncoderToLatents                         --
├─Linear: 1-1                            324
├─Linear: 1-2                            324
=================================================================
Total params: 648
Trainable params: 648
Non-trainable params: 0
=================================================================
Encoder to Latents 3
=================================================================
Layer (type:depth-idx)                   Param #
=================================================================
EncoderToLatents                         --
├─Linear: 1-1                            324
├─Linear: 1-2                            324
=================================================================
Total params: 648
Trainable params: 648
Non-trainable params: 0
=================================================================
Encoder to Latents 4
=================================================================
Layer (type:depth-idx)                   Param #
=================================================================
EncoderToLatents                         --
├─Linear: 1-1                            324
├─Linear: 1-2                            324
=================================================================
Total params: 648
Trainable params: 648
Non-trainable params: 0
=================================================================
Latents to Latents
=================================================================
Layer (type:depth-idx)                   Param #
=================================================================
LatentsToLatents                         --
├─Linear: 1-1                            272
├─Linear: 1-2                            68
├─Linear: 1-3                            68
=================================================================
Total params: 408
Trainable params: 408
Non-trainable params: 0
=================================================================
Latents to Decoder 0
=================================================================
Layer (type:depth-idx)                   Param #
=================================================================
LatentsToDecoder                         --
├─Linear: 1-1                            400
=================================================================
Total params: 400
Trainable params: 400
Non-trainable params: 0
=================================================================
Latents to Decoder 1
=================================================================
Layer (type:depth-idx)                   Param #
=================================================================
LatentsToDecoder                         --
├─Linear: 1-1                            400
=================================================================
Total params: 400
Trainable params: 400
Non-trainable params: 0
=================================================================
Latents to Decoder 2
=================================================================
Layer (type:depth-idx)                   Param #
=================================================================
LatentsToDecoder                         --
├─Linear: 1-1                            400
=================================================================
Total params: 400
Trainable params: 400
Non-trainable params: 0
=================================================================
Latents to Decoder 3
=================================================================
Layer (type:depth-idx)                   Param #
=================================================================
LatentsToDecoder                         --
├─Linear: 1-1                            400
=================================================================
Total params: 400
Trainable params: 400
Non-trainable params: 0
=================================================================
Latents to Decoder 4
=================================================================
Layer (type:depth-idx)                   Param #
=================================================================
LatentsToDecoder                         --
├─Linear: 1-1                            400
=================================================================
Total params: 400
Trainable params: 400
Non-trainable params: 0
=================================================================
Decoder
=================================================================
Layer (type:depth-idx)                   Param #
=================================================================
Decoder                                  --
├─Linear: 1-1                            6,480
├─Linear: 1-2                            893,025
=================================================================
Total params: 899,505
Trainable params: 899,505
Non-trainable params: 0
=================================================================
[Epoch   1 (46.22s)]	ELBO: 10861.645, 12330.835, 13125.659, 13176.021, 13150.688 (20114.248)	Log prob: 11094.584, 12648.940, 13546.339, 13630.608, 13619.304 (20306.701)	KLD: 232.939, 85.167, 102.575, 33.906, 14.030 (192.452)	Grad: 302.591, 80.826, 14.105, 15.872, 12.054
[Epoch   2 (44.40s)]	ELBO: 20056.354, 20133.537, 20116.795, 20090.430, 20033.105 (20415.913)	Log prob: 20190.363, 20270.885, 20256.102, 20232.797, 20179.205 (20525.680)	KLD: 134.012, 3.336, 1.959, 3.059, 3.736 (109.768)	Grad: 75.055, 3.803, 2.686, 2.299, 3.243
[Epoch   3 (44.88s)]	ELBO: 20265.434, 20294.322, 20269.902, 20242.498, 20201.473 (20530.159)	Log prob: 20349.441, 20379.859, 20359.939, 20336.930, 20301.305 (20617.737)	KLD: 84.006, 1.527, 4.504, 4.393, 5.401 (87.578)	Grad: 84.109, 2.184, 1.644, 1.831, 2.594
[Epoch   4 (40.99s)]	ELBO: 20328.119, 20346.732, 20326.979, 20311.074, 20286.256 (20596.518)	Log prob: 20393.869, 20414.473, 20399.719, 20388.846, 20370.117 (20672.386)	KLD: 65.750, 1.989, 4.999, 5.034, 6.088 (75.869)	Grad: 72.370, 1.769, 2.002, 1.894, 2.618
[Epoch   5 (41.02s)]	ELBO: 20388.824, 20397.660, 20385.562, 20375.744, 20365.701 (20656.252)	Log prob: 20444.021, 20455.178, 20447.975, 20443.006, 20439.254 (20723.112)	KLD: 55.201, 2.317, 4.897, 4.846, 6.291 (66.861)	Grad: 54.349, 1.833, 2.018, 2.020, 2.969
[Epoch   6 (37.22s)]	ELBO: 20443.279, 20450.947, 20445.480, 20438.984, 20435.701 (20699.043)	Log prob: 20490.633, 20500.641, 20499.824, 20497.902, 20500.961 (20758.704)	KLD: 47.353, 2.343, 4.647, 4.574, 6.341 (59.660)	Grad: 48.554, 1.698, 1.605, 1.936, 3.300
[Epoch   7 (37.56s)]	ELBO: 20446.273, 20454.844, 20453.941, 20453.072, 20453.537 (20584.334)	Log prob: 20488.746, 20499.709, 20503.340, 20506.879, 20513.609 (20653.938)	KLD: 42.474, 2.393, 4.534, 4.406, 6.263 (69.603)	Grad: 51.910, 2.650, 3.393, 2.918, 4.372
[Epoch   8 (37.02s)]	ELBO: 20459.393, 20469.072, 20471.010, 20472.701, 20473.225 (20748.529)	Log prob: 20498.400, 20510.633, 20517.195, 20523.371, 20529.873 (20804.344)	KLD: 39.009, 2.551, 4.629, 4.485, 5.975 (55.817)	Grad: 47.157, 2.707, 3.850, 3.684, 6.312
[Epoch   9 (36.40s)]	ELBO: 20487.350, 20498.275, 20505.678, 20513.791, 20518.865 (20784.276)	Log prob: 20522.107, 20535.883, 20548.025, 20560.801, 20572.051 (20836.203)	KLD: 34.764, 2.845, 4.738, 4.659, 6.183 (51.926)	Grad: 43.043, 2.111, 1.979, 1.770, 2.287
[Epoch  10 (37.17s)]	ELBO: 20497.447, 20514.016, 20525.537, 20536.572, 20543.094 (20791.213)	Log prob: 20529.109, 20548.877, 20565.598, 20581.848, 20594.379 (20843.458)	KLD: 31.660, 3.207, 5.194, 5.213, 6.009 (52.244)	Grad: 44.055, 2.614, 3.558, 2.724, 2.554
[Epoch  11 (37.67s)]	ELBO: 20530.072, 20552.324, 20566.379, 20581.260, 20586.762 (20825.254)	Log prob: 20559.215, 20585.139, 20604.535, 20625.059, 20636.219 (20873.588)	KLD: 29.146, 3.665, 5.349, 5.640, 5.659 (48.334)	Grad: 43.743, 2.745, 3.301, 2.223, 1.946
[Epoch  12 (37.05s)]	ELBO: 20511.949, 20542.811, 20556.246, 20572.816, 20577.258 (20835.976)	Log prob: 20539.002, 20573.938, 20592.699, 20614.902, 20624.844 (20884.027)	KLD: 27.054, 4.072, 5.328, 5.635, 5.499 (48.051)	Grad: 48.244, 3.785, 4.872, 3.471, 2.768
[Epoch  13 (37.49s)]	ELBO: 20531.760, 20566.383, 20577.980, 20595.914, 20599.781 (20843.346)	Log prob: 20556.979, 20596.041, 20612.822, 20636.045, 20644.680 (20890.235)	KLD: 25.222, 4.436, 5.185, 5.292, 4.763 (46.888)	Grad: 37.665, 3.670, 6.862, 4.195, 3.340
[Epoch  14 (40.23s)]	ELBO: 20538.449, 20588.334, 20604.945, 20619.180, 20621.984 (20850.838)	Log prob: 20562.107, 20617.197, 20638.920, 20658.203, 20665.719 (20898.289)	KLD: 23.655, 5.207, 5.115, 5.044, 4.714 (47.450)	Grad: 34.595, 2.854, 4.399, 3.467, 1.985
[Epoch  15 (41.23s)]	ELBO: 20549.402, 20624.723, 20641.391, 20647.428, 20647.871 (20901.968)	Log prob: 20571.691, 20653.590, 20675.777, 20687.092, 20692.277 (20943.877)	KLD: 22.284, 6.583, 5.520, 5.278, 4.742 (41.909)	Grad: 33.307, 3.471, 4.189, 3.561, 1.646
[Epoch  16 (43.02s)]	ELBO: 20535.986, 20670.334, 20686.391, 20689.285, 20685.879 (20950.808)	Log prob: 20556.641, 20699.760, 20721.482, 20729.746, 20730.801 (20995.799)	KLD: 20.657, 8.765, 5.672, 5.375, 4.451 (44.991)	Grad: 40.820, 4.405, 4.396, 5.618, 2.531
[Epoch  17 (42.56s)]	ELBO: 20539.520, 20729.584, 20740.018, 20739.119, 20735.672 (20970.018)	Log prob: 20559.504, 20760.910, 20777.076, 20781.219, 20781.996 (21014.893)	KLD: 19.987, 11.336, 5.737, 5.041, 4.228 (44.874)	Grad: 30.303, 4.898, 4.807, 3.772, 1.739
[Epoch  18 (38.62s)]	ELBO: 20536.141, 20751.734, 20757.648, 20758.582, 20756.408 (21029.070)	Log prob: 20555.348, 20783.697, 20795.150, 20800.984, 20802.949 (21077.480)	KLD: 19.203, 12.764, 5.532, 4.903, 4.141 (48.412)	Grad: 34.171, 4.618, 3.694, 3.701, 1.785
[Epoch  19 (38.25s)]	ELBO: 20620.395, 20796.471, 20803.016, 20804.830, 20803.377 (21075.118)	Log prob: 20639.719, 20827.371, 20839.607, 20846.479, 20849.262 (21120.405)	KLD: 19.325, 11.572, 5.701, 5.049, 4.240 (45.288)	Grad: 38.426, 3.902, 3.743, 3.839, 1.874
[Epoch  20 (37.75s)]	ELBO: 20715.910, 20812.723, 20823.080, 20826.715, 20827.871 (21120.020)	Log prob: 20736.684, 20842.590, 20858.436, 20866.914, 20872.033 (21162.608)	KLD: 20.775, 9.092, 5.490, 4.840, 3.963 (42.589)	Grad: 40.388, 4.534, 4.579, 4.391, 2.649
[Epoch  21 (37.87s)]	ELBO: 20828.537, 20858.846, 20880.840, 20889.484, 20895.035 (21183.451)	Log prob: 20851.514, 20887.406, 20914.287, 20927.387, 20936.980 (21224.679)	KLD: 22.978, 5.581, 4.889, 4.454, 4.040 (41.228)	Grad: 29.764, 4.042, 4.798, 3.449, 2.498
[Epoch  22 (38.00s)]	ELBO: 20886.811, 20906.471, 20939.236, 20951.422, 20953.674 (21208.176)	Log prob: 20910.010, 20934.049, 20971.846, 20988.334, 20994.803 (21250.302)	KLD: 23.198, 4.381, 5.031, 4.306, 4.214 (42.127)	Grad: 24.283, 4.713, 3.903, 2.219, 1.715
[Epoch  23 (37.38s)]	ELBO: 20919.043, 20944.479, 20980.291, 20987.938, 20987.635 (21254.232)	Log prob: 20941.842, 20971.330, 21012.367, 21023.904, 21027.768 (21295.033)	KLD: 22.800, 4.056, 5.215, 3.901, 4.159 (40.802)	Grad: 26.815, 4.689, 4.149, 2.255, 2.099
[Epoch  24 (35.72s)]	ELBO: 20946.973, 20977.629, 21009.533, 21014.566, 21013.436 (21271.438)	Log prob: 20968.613, 21003.611, 21041.484, 21050.055, 21052.674 (21315.820)	KLD: 21.638, 4.345, 5.969, 3.537, 3.745 (44.383)	Grad: 37.233, 4.377, 5.983, 2.793, 2.835
[Epoch  25 (33.90s)]	ELBO: 20956.881, 20991.039, 21020.645, 21024.834, 21022.227 (21277.150)	Log prob: 20978.109, 21016.729, 21052.291, 21059.811, 21060.971 (21317.751)	KLD: 21.222, 4.473, 5.952, 3.334, 3.762 (40.601)	Grad: 27.403, 4.131, 4.176, 2.242, 1.773
[Epoch  26 (35.63s)]	ELBO: 20994.217, 21032.676, 21059.867, 21063.346, 21060.299 (21281.106)	Log prob: 21015.307, 21058.566, 21091.758, 21098.344, 21098.266 (21320.743)	KLD: 21.088, 4.803, 6.000, 3.108, 2.966 (39.638)	Grad: 21.720, 3.235, 2.802, 1.572, 1.348
[Epoch  27 (35.82s)]	ELBO: 21008.379, 21053.293, 21080.377, 21083.141, 21079.672 (21332.125)	Log prob: 21028.785, 21078.777, 21112.068, 21118.033, 21117.379 (21370.725)	KLD: 20.411, 5.072, 6.207, 3.202, 2.812 (38.601)	Grad: 21.350, 3.083, 2.680, 1.528, 1.292
[Epoch  28 (34.77s)]	ELBO: 21015.746, 21065.434, 21089.035, 21090.180, 21087.305 (21349.973)	Log prob: 21036.119, 21091.391, 21121.547, 21125.777, 21125.711 (21387.880)	KLD: 20.374, 5.582, 6.554, 3.083, 2.814 (37.907)	Grad: 25.883, 2.938, 3.021, 1.776, 1.397
[Epoch  29 (34.51s)]	ELBO: 21017.336, 21077.869, 21100.023, 21099.365, 21096.396 (21376.388)	Log prob: 21037.754, 21104.734, 21133.803, 21136.184, 21135.863 (21417.318)	KLD: 20.416, 6.446, 6.918, 3.038, 2.651 (40.932)	Grad: 26.066, 2.859, 2.751, 1.804, 1.329
[Epoch  30 (34.60s)]	ELBO: 21055.902, 21137.340, 21160.062, 21158.967, 21156.010 (21413.070)	Log prob: 21076.459, 21165.676, 21195.246, 21196.932, 21196.373 (21457.600)	KLD: 20.554, 7.783, 6.847, 2.781, 2.400 (44.529)	Grad: 28.221, 2.840, 3.087, 1.716, 1.450
[Epoch  31 (37.68s)]	ELBO: 21082.920, 21198.973, 21219.070, 21219.197, 21217.137 (21501.371)	Log prob: 21104.186, 21230.318, 21257.186, 21260.131, 21260.547 (21545.574)	KLD: 21.264, 10.084, 6.767, 2.816, 2.476 (44.203)	Grad: 26.250, 2.966, 4.564, 1.960, 1.544
[Epoch  32 (37.31s)]	ELBO: 21154.068, 21283.799, 21302.799, 21307.795, 21305.703 (21450.820)	Log prob: 21176.850, 21317.678, 21343.156, 21351.717, 21352.359 (21496.845)	KLD: 22.785, 11.092, 6.480, 3.566, 2.733 (46.024)	Grad: 40.933, 4.662, 7.947, 3.015, 2.187
[Epoch  33 (37.20s)]	ELBO: 21258.842, 21348.885, 21373.947, 21386.986, 21386.236 (21641.418)	Log prob: 21284.238, 21384.236, 21415.441, 21432.775, 21435.277 (21690.201)	KLD: 25.401, 9.953, 6.141, 4.298, 3.248 (48.783)	Grad: 37.898, 7.239, 8.292, 4.088, 2.435
[Epoch  34 (39.57s)]	ELBO: 21361.145, 21437.926, 21463.512, 21476.402, 21475.729 (21730.962)	Log prob: 21388.777, 21473.658, 21504.953, 21521.746, 21524.303 (21777.955)	KLD: 27.631, 8.105, 5.705, 3.902, 3.232 (46.994)	Grad: 20.692, 5.593, 4.992, 2.740, 1.419
[Epoch  35 (37.94s)]	ELBO: 21386.480, 21477.840, 21502.281, 21511.434, 21509.480 (21755.690)	Log prob: 21414.340, 21513.270, 21543.371, 21556.318, 21557.523 (21803.244)	KLD: 27.862, 7.565, 5.664, 3.795, 3.160 (47.554)	Grad: 33.977, 5.943, 6.857, 3.634, 1.887
[Epoch  36 (37.94s)]	ELBO: 21414.459, 21536.080, 21557.572, 21564.121, 21562.035 (21807.698)	Log prob: 21441.402, 21570.807, 21598.166, 21608.537, 21609.428 (21855.707)	KLD: 26.946, 7.783, 5.860, 3.826, 2.978 (48.009)	Grad: 28.735, 5.726, 5.002, 3.316, 1.859
[Epoch  37 (37.40s)]	ELBO: 21444.994, 21603.316, 21621.924, 21626.902, 21623.830 (21850.280)	Log prob: 21472.006, 21639.348, 21664.152, 21672.895, 21672.672 (21900.219)	KLD: 27.007, 9.019, 6.206, 3.762, 2.852 (49.939)	Grad: 19.710, 4.758, 4.118, 2.350, 1.153
[Epoch  38 (36.99s)]	ELBO: 21466.098, 21659.795, 21675.199, 21680.229, 21677.916 (21901.535)	Log prob: 21492.615, 21695.775, 21717.084, 21725.703, 21726.055 (21947.909)	KLD: 26.515, 9.471, 5.904, 3.584, 2.672 (46.374)	Grad: 18.161, 3.663, 2.540, 2.119, 0.954
[Epoch  39 (36.89s)]	ELBO: 21472.344, 21684.578, 21699.932, 21704.484, 21702.139 (21922.170)	Log prob: 21498.594, 21720.309, 21741.627, 21749.631, 21749.734 (21972.106)	KLD: 26.244, 9.484, 5.965, 3.457, 2.441 (49.936)	Grad: 21.959, 3.656, 3.321, 2.282, 1.041
[Epoch  40 (37.61s)]	ELBO: 21497.340, 21723.021, 21739.697, 21745.508, 21742.572 (21964.539)	Log prob: 21523.816, 21759.004, 21781.855, 21791.174, 21790.758 (22012.823)	KLD: 26.472, 9.512, 6.172, 3.511, 2.520 (48.284)	Grad: 25.210, 4.153, 3.605, 2.571, 1.217
[Epoch  41 (38.23s)]	ELBO: 21503.602, 21741.500, 21760.330, 21764.559, 21762.369 (21977.407)	Log prob: 21530.322, 21777.516, 21802.553, 21810.250, 21810.535 (22024.839)	KLD: 26.723, 9.288, 6.212, 3.464, 2.477 (47.432)	Grad: 19.132, 4.018, 2.775, 2.036, 0.988
[Epoch  42 (38.94s)]	ELBO: 21540.010, 21784.648, 21806.738, 21810.740, 21808.266 (22008.569)	Log prob: 21567.070, 21820.770, 21849.312, 21856.816, 21856.590 (22059.567)	KLD: 27.062, 9.059, 6.455, 3.497, 2.251 (50.997)	Grad: 22.468, 4.540, 3.812, 2.260, 1.145
[Epoch  43 (36.82s)]	ELBO: 21569.457, 21819.801, 21846.115, 21849.654, 21847.277 (22016.544)	Log prob: 21597.248, 21856.510, 21889.598, 21896.484, 21896.555 (22068.857)	KLD: 27.794, 8.917, 6.771, 3.348, 2.449 (52.312)	Grad: 20.283, 3.588, 2.944, 1.767, 0.932
[Epoch  44 (37.61s)]	ELBO: 21584.637, 21836.924, 21865.164, 21867.857, 21865.479 (22033.750)	Log prob: 21613.133, 21874.182, 21909.285, 21915.133, 21915.152 (22086.670)	KLD: 28.496, 8.765, 6.861, 3.158, 2.395 (52.920)	Grad: 25.768, 4.113, 3.262, 2.232, 1.119
[Epoch  45 (37.11s)]	ELBO: 21605.648, 21852.541, 21886.719, 21888.441, 21886.002 (22067.634)	Log prob: 21634.424, 21889.688, 21930.918, 21935.963, 21935.922 (22120.081)	KLD: 28.781, 8.360, 7.059, 3.322, 2.400 (52.447)	Grad: 22.406, 4.506, 3.466, 2.236, 1.070
[Epoch  46 (36.80s)]	ELBO: 21661.740, 21900.510, 21940.482, 21941.490, 21938.340 (22125.974)	Log prob: 21690.631, 21937.666, 21984.760, 21989.023, 21988.340 (22176.932)	KLD: 28.890, 8.268, 7.123, 3.257, 2.462 (50.958)	Grad: 29.266, 4.226, 4.009, 2.050, 1.274
[Epoch  47 (38.27s)]	ELBO: 21703.572, 21925.943, 21977.098, 21977.578, 21975.598 (22193.754)	Log prob: 21732.453, 21962.975, 22021.336, 22024.875, 22025.334 (22241.100)	KLD: 28.880, 8.154, 7.206, 3.057, 2.434 (47.348)	Grad: 20.858, 4.329, 2.789, 1.534, 1.072
[Epoch  48 (38.16s)]	ELBO: 21758.785, 21964.582, 22035.715, 22036.191, 22035.014 (22223.095)	Log prob: 21787.590, 22001.342, 22080.213, 22083.693, 22085.041 (22271.851)	KLD: 28.805, 7.962, 7.725, 3.006, 2.528 (48.756)	Grad: 26.404, 4.465, 3.727, 1.932, 1.262
[Epoch  49 (38.04s)]	ELBO: 21802.688, 21992.207, 22085.621, 22086.268, 22085.221 (22264.020)	Log prob: 21830.855, 22028.434, 22130.092, 22133.861, 22135.479 (22316.557)	KLD: 28.172, 8.055, 8.244, 3.127, 2.663 (52.538)	Grad: 39.537, 5.232, 4.899, 2.396, 2.436
[Epoch  50 (37.89s)]	ELBO: 21852.195, 22036.348, 22155.141, 22156.715, 22156.047 (22324.732)	Log prob: 21880.641, 22072.822, 22200.324, 22205.035, 22207.268 (22377.174)	KLD: 28.448, 8.025, 8.714, 3.134, 2.896 (52.442)	Grad: 29.795, 4.517, 4.118, 2.063, 1.997
[Epoch  51 (36.56s)]	ELBO: 21882.598, 22073.838, 22211.697, 22213.127, 22213.115 (22383.454)	Log prob: 21911.027, 22110.115, 22256.914, 22261.590, 22264.656 (22432.920)	KLD: 28.425, 7.850, 8.936, 3.254, 3.073 (49.465)	Grad: 32.975, 4.856, 4.574, 2.545, 2.635
[Epoch  52 (37.32s)]	ELBO: 21887.182, 22094.783, 22241.586, 22241.014, 22242.568 (22421.357)	Log prob: 21915.125, 22130.934, 22286.648, 22289.371, 22294.107 (22475.300)	KLD: 27.945, 8.206, 8.913, 3.291, 3.179 (53.944)	Grad: 40.295, 6.183, 5.614, 2.985, 3.410
[Epoch  53 (36.94s)]	ELBO: 21901.273, 22142.732, 22285.807, 22286.902, 22288.684 (22486.334)	Log prob: 21929.703, 22179.820, 22332.119, 22336.713, 22342.105 (22539.720)	KLD: 28.431, 8.659, 9.224, 3.500, 3.608 (53.386)	Grad: 33.864, 6.612, 5.120, 3.348, 2.748
[Epoch  54 (37.27s)]	ELBO: 21934.822, 22217.883, 22340.244, 22341.193, 22343.289 (22536.571)	Log prob: 21963.135, 22255.889, 22387.121, 22391.422, 22396.918 (22587.164)	KLD: 28.310, 9.694, 8.873, 3.351, 3.406 (50.593)	Grad: 36.745, 7.319, 4.489, 2.601, 3.006
[Epoch  55 (36.51s)]	ELBO: 21965.701, 22291.412, 22388.391, 22389.197, 22391.771 (22553.284)	Log prob: 21993.803, 22330.023, 22435.371, 22439.568, 22445.672 (22605.838)	KLD: 28.100, 10.516, 8.366, 3.392, 3.524 (52.556)	Grad: 25.788, 9.034, 3.905, 2.280, 2.422
[Epoch  56 (36.69s)]	ELBO: 21971.941, 22337.453, 22413.541, 22415.734, 22417.990 (22590.135)	Log prob: 22000.021, 22376.555, 22460.582, 22466.021, 22471.781 (22642.251)	KLD: 28.074, 11.028, 7.940, 3.250, 3.499 (52.117)	Grad: 24.285, 7.819, 4.686, 2.277, 2.322
[Epoch  57 (38.07s)]	ELBO: 21979.293, 22373.615, 22440.041, 22442.588, 22445.859 (22610.183)	Log prob: 22007.246, 22412.914, 22486.965, 22492.711, 22499.342 (22661.261)	KLD: 27.948, 11.352, 7.626, 3.198, 3.357 (51.079)	Grad: 23.745, 8.646, 3.344, 2.081, 2.324
[Epoch  58 (37.45s)]	ELBO: 22005.121, 22419.855, 22481.479, 22483.809, 22487.178 (22638.696)	Log prob: 22032.873, 22459.229, 22528.641, 22534.055, 22540.934 (22693.784)	KLD: 27.751, 11.623, 7.787, 3.086, 3.509 (55.088)	Grad: 25.160, 7.429, 3.844, 1.804, 2.791
[Epoch  59 (36.99s)]	ELBO: 21999.822, 22434.543, 22496.076, 22500.307, 22504.248 (22637.525)	Log prob: 22027.596, 22474.053, 22543.533, 22550.867, 22558.291 (22695.221)	KLD: 27.772, 11.738, 7.949, 3.101, 3.483 (57.696)	Grad: 26.927, 6.527, 4.015, 2.304, 2.396
[Epoch  60 (37.24s)]	ELBO: 22008.678, 22454.127, 22521.092, 22525.783, 22528.631 (22671.089)	Log prob: 22036.340, 22493.904, 22568.746, 22576.566, 22582.918 (22729.596)	KLD: 27.666, 12.114, 7.875, 3.123, 3.512 (58.507)	Grad: 27.402, 9.481, 4.524, 2.203, 2.526
[Epoch  61 (36.65s)]	ELBO: 22015.145, 22481.609, 22554.529, 22559.270, 22562.881 (22734.779)	Log prob: 22042.666, 22521.305, 22602.379, 22610.250, 22617.348 (22789.906)	KLD: 27.524, 12.172, 8.153, 3.137, 3.480 (55.127)	Grad: 22.053, 6.875, 3.307, 1.944, 2.353
[Epoch  62 (38.07s)]	ELBO: 22018.979, 22496.191, 22578.584, 22582.652, 22587.922 (22751.519)	Log prob: 22046.414, 22535.826, 22626.740, 22633.932, 22642.875 (22807.373)	KLD: 27.437, 12.201, 8.519, 3.122, 3.672 (55.854)	Grad: 22.360, 7.794, 4.204, 1.855, 2.039
[Epoch  63 (36.77s)]	ELBO: 22036.900, 22529.709, 22619.391, 22622.887, 22629.514 (22768.129)	Log prob: 22064.041, 22569.250, 22667.611, 22674.248, 22684.584 (22826.320)	KLD: 27.138, 12.402, 8.682, 3.140, 3.711 (58.190)	Grad: 26.690, 8.749, 3.774, 2.124, 2.664
[Epoch  64 (38.08s)]	ELBO: 22029.488, 22541.025, 22639.889, 22644.102, 22650.072 (22806.802)	Log prob: 22056.691, 22580.928, 22688.441, 22695.768, 22705.566 (22858.343)	KLD: 27.200, 12.704, 8.653, 3.107, 3.837 (51.541)	Grad: 25.758, 7.913, 4.164, 1.854, 2.098
[Epoch  65 (39.25s)]	ELBO: 22039.277, 22565.930, 22668.129, 22672.135, 22679.754 (22818.884)	Log prob: 22066.426, 22605.896, 22716.898, 22724.010, 22735.637 (22877.008)	KLD: 27.148, 12.827, 8.797, 3.096, 4.014 (58.123)	Grad: 29.484, 6.580, 4.136, 2.723, 2.085
[Epoch  66 (37.89s)]	ELBO: 22051.020, 22593.512, 22698.604, 22703.629, 22711.934 (22857.102)	Log prob: 22078.213, 22633.592, 22747.621, 22755.754, 22768.129 (22914.654)	KLD: 27.191, 12.891, 8.937, 3.105, 4.075 (57.554)	Grad: 31.618, 6.963, 4.280, 3.390, 2.337
[Epoch  67 (38.39s)]	ELBO: 22058.221, 22619.965, 22725.811, 22733.568, 22740.428 (22861.261)	Log prob: 22085.312, 22660.307, 22774.871, 22785.760, 22796.703 (22918.977)	KLD: 27.091, 13.250, 8.727, 3.127, 4.081 (57.715)	Grad: 29.206, 8.196, 4.341, 2.746, 2.382
[Epoch  68 (38.23s)]	ELBO: 22067.660, 22646.797, 22750.328, 22756.207, 22765.084 (22905.533)	Log prob: 22094.795, 22687.680, 22800.125, 22809.348, 22822.527 (22962.004)	KLD: 27.137, 13.750, 8.909, 3.341, 4.307 (56.471)	Grad: 27.823, 7.097, 4.537, 2.487, 2.357
[Epoch  69 (37.77s)]	ELBO: 22064.229, 22666.135, 22768.805, 22778.266, 22785.955 (22931.130)	Log prob: 22091.512, 22707.514, 22819.180, 22832.150, 22844.113 (22989.198)	KLD: 27.283, 14.096, 8.993, 3.509, 4.273 (58.066)	Grad: 33.485, 8.273, 4.734, 3.010, 2.670
[Epoch  70 (36.86s)]	ELBO: 22071.590, 22699.902, 22805.871, 22817.877, 22826.285 (22941.050)	Log prob: 22098.768, 22741.574, 22857.348, 22873.094, 22886.014 (23002.898)	KLD: 27.179, 14.489, 9.809, 3.738, 4.509 (61.848)	Grad: 31.794, 9.431, 4.758, 2.765, 2.665
[Epoch  71 (36.78s)]	ELBO: 22078.738, 22728.641, 22843.480, 22856.354, 22865.984 (22962.202)	Log prob: 22105.898, 22770.502, 22895.672, 22912.609, 22926.744 (23027.948)	KLD: 27.157, 14.709, 10.325, 4.065, 4.499 (65.747)	Grad: 32.073, 8.705, 4.908, 3.115, 2.589
[Epoch  72 (38.03s)]	ELBO: 22095.133, 22765.666, 22888.432, 22905.518, 22913.395 (22994.595)	Log prob: 22122.791, 22808.221, 22941.510, 22962.834, 22975.289 (23060.373)	KLD: 27.658, 14.892, 10.526, 4.238, 4.576 (65.778)	Grad: 29.447, 8.354, 5.733, 2.717, 2.628
[Epoch  73 (38.80s)]	ELBO: 22099.777, 22786.758, 22922.678, 22940.191, 22950.562 (23066.684)	Log prob: 22127.059, 22829.133, 22975.732, 22997.605, 23012.520 (23128.464)	KLD: 27.277, 15.090, 10.689, 4.357, 4.541 (61.780)	Grad: 30.804, 11.007, 5.768, 3.552, 2.673
[Epoch  74 (36.51s)]	ELBO: 22092.080, 22801.020, 22946.283, 22961.588, 22971.670 (23100.268)	Log prob: 22119.410, 22843.598, 22999.484, 23019.172, 23033.865 (23160.818)	KLD: 27.330, 15.252, 10.616, 4.384, 4.617 (60.550)	Grad: 30.255, 9.169, 5.234, 3.047, 2.679
[Epoch  75 (36.85s)]	ELBO: 22102.980, 22825.484, 22979.129, 22994.412, 23004.703 (23110.792)	Log prob: 22130.504, 22868.246, 23032.027, 23051.629, 23066.611 (23171.042)	KLD: 27.523, 15.242, 10.128, 4.322, 4.693 (60.251)	Grad: 28.178, 11.625, 7.502, 3.787, 2.550
[Epoch  76 (37.60s)]	ELBO: 22107.357, 22843.266, 23005.424, 23019.709, 23030.465 (23144.882)	Log prob: 22134.807, 22885.926, 23057.967, 23076.473, 23091.906 (23207.215)	KLD: 27.449, 15.209, 9.889, 4.214, 4.687 (62.334)	Grad: 27.795, 10.528, 6.075, 2.921, 2.678
[Epoch  77 (37.86s)]	ELBO: 22102.852, 22855.346, 23025.080, 23041.322, 23052.424 (23167.424)	Log prob: 22130.168, 22897.973, 23077.498, 23098.123, 23114.010 (23230.392)	KLD: 27.319, 15.311, 9.791, 4.386, 4.781 (62.968)	Grad: 31.293, 8.709, 5.683, 3.101, 2.566
[Epoch  78 (37.92s)]	ELBO: 22125.695, 22891.615, 23064.193, 23080.824, 23092.562 (23166.943)	Log prob: 22153.090, 22934.320, 23116.461, 23137.510, 23153.965 (23226.982)	KLD: 27.395, 15.308, 9.567, 4.409, 4.720 (60.039)	Grad: 29.326, 8.476, 5.659, 3.537, 2.238
[Epoch  79 (38.25s)]	ELBO: 22124.984, 22900.297, 23079.510, 23099.086, 23111.068 (23149.902)	Log prob: 22152.428, 22942.932, 23131.852, 23155.807, 23172.561 (23215.260)	KLD: 27.443, 15.188, 9.712, 4.384, 4.769 (65.360)	Grad: 33.284, 11.645, 7.414, 3.246, 3.276
[Epoch  80 (38.89s)]	ELBO: 22106.701, 22891.281, 23074.078, 23096.268, 23109.051 (23200.395)	Log prob: 22133.887, 22933.736, 23126.207, 23153.078, 23170.723 (23263.180)	KLD: 27.186, 15.273, 9.666, 4.685, 4.865 (62.784)	Grad: 34.196, 10.784, 6.371, 3.916, 2.733
[Epoch  81 (38.77s)]	ELBO: 22138.484, 22924.906, 23114.297, 23140.057, 23150.922 (23231.811)	Log prob: 22166.102, 22967.848, 23167.035, 23197.561, 23213.359 (23292.545)	KLD: 27.616, 15.328, 9.797, 4.769, 4.927 (60.734)	Grad: 26.050, 9.743, 6.209, 2.879, 2.362
[Epoch  82 (38.00s)]	ELBO: 22133.254, 22935.365, 23129.979, 23157.828, 23169.613 (23235.642)	Log prob: 22160.615, 22977.971, 23182.436, 23215.178, 23232.016 (23297.948)	KLD: 27.365, 15.242, 9.852, 4.894, 5.052 (62.305)	Grad: 28.494, 8.957, 6.081, 3.106, 2.485
[Epoch  83 (38.38s)]	ELBO: 22140.146, 22941.334, 23144.688, 23176.084, 23187.078 (23257.125)	Log prob: 22167.400, 22983.627, 23196.793, 23233.213, 23249.203 (23319.632)	KLD: 27.256, 15.040, 9.810, 5.024, 4.992 (62.507)	Grad: 30.699, 11.965, 6.611, 3.804, 2.893
[Epoch  84 (36.45s)]	ELBO: 22156.428, 22969.404, 23178.229, 23211.020, 23222.178 (23275.275)	Log prob: 22183.607, 23011.697, 23230.672, 23268.672, 23284.863 (23339.900)	KLD: 27.179, 15.115, 10.147, 5.218, 5.031 (64.625)	Grad: 33.005, 10.694, 7.935, 4.273, 2.881
[Epoch  85 (37.58s)]	ELBO: 22168.461, 22986.490, 23207.371, 23241.271, 23250.961 (23298.309)	Log prob: 22195.762, 23028.945, 23260.010, 23299.271, 23313.904 (23361.009)	KLD: 27.300, 15.155, 10.183, 5.359, 4.943 (62.701)	Grad: 28.723, 10.314, 6.644, 3.471, 2.455
[Epoch  86 (37.26s)]	ELBO: 22159.672, 22985.650, 23213.949, 23249.059, 23258.635 (23310.466)	Log prob: 22186.660, 23027.721, 23266.141, 23306.586, 23321.207 (23373.546)	KLD: 26.990, 15.079, 10.119, 5.343, 5.039 (63.081)	Grad: 28.964, 10.914, 7.166, 3.686, 2.449
[Epoch  87 (37.59s)]	ELBO: 22161.697, 22997.668, 23236.672, 23270.457, 23280.279 (23315.255)	Log prob: 22189.053, 23040.174, 23289.592, 23328.871, 23343.713 (23379.217)	KLD: 27.353, 15.154, 10.417, 5.491, 5.014 (63.962)	Grad: 35.541, 9.502, 7.004, 3.617, 2.712
[Epoch  88 (38.43s)]	ELBO: 22160.457, 22995.635, 23240.498, 23275.895, 23287.271 (23329.681)	Log prob: 22187.604, 23037.656, 23292.945, 23333.725, 23349.990 (23392.511)	KLD: 27.150, 14.870, 10.430, 5.382, 4.894 (62.830)	Grad: 35.337, 12.571, 9.575, 4.623, 2.612
[Epoch  89 (37.92s)]	ELBO: 22172.438, 23016.180, 23271.717, 23307.883, 23317.652 (23335.608)	Log prob: 22199.422, 23058.211, 23324.270, 23366.025, 23380.842 (23398.270)	KLD: 26.982, 15.050, 10.519, 5.586, 5.052 (62.661)	Grad: 30.078, 12.375, 7.585, 4.079, 2.612
[Epoch  90 (36.89s)]	ELBO: 22166.736, 23013.029, 23276.191, 23313.297, 23324.672 (23368.441)	Log prob: 22193.549, 23054.826, 23328.717, 23371.502, 23387.938 (23431.968)	KLD: 26.819, 14.983, 10.722, 5.675, 5.066 (63.526)	Grad: 35.809, 14.055, 8.695, 4.463, 2.960
[Epoch  91 (36.61s)]	ELBO: 22186.500, 23045.098, 23316.115, 23353.670, 23364.689 (23372.206)	Log prob: 22213.422, 23087.143, 23368.965, 23412.389, 23428.289 (23434.711)	KLD: 26.916, 15.132, 10.805, 5.866, 4.882 (62.506)	Grad: 31.417, 13.436, 7.107, 4.208, 2.445
[Epoch  92 (36.95s)]	ELBO: 22184.266, 23045.938, 23321.523, 23362.133, 23372.998 (23348.298)	Log prob: 22211.291, 23087.998, 23374.363, 23420.824, 23436.598 (23414.297)	KLD: 27.025, 15.044, 10.768, 5.856, 4.903 (65.998)	Grad: 35.026, 12.879, 7.878, 4.054, 2.883
[Epoch  93 (37.60s)]	ELBO: 22184.111, 23055.621, 23339.516, 23382.975, 23393.598 (23380.398)	Log prob: 22211.385, 23097.916, 23392.766, 23442.273, 23457.809 (23446.846)	KLD: 27.266, 15.027, 10.957, 6.051, 4.913 (66.447)	Grad: 33.659, 12.246, 7.099, 4.365, 2.634
[Epoch  94 (37.13s)]	ELBO: 22182.018, 23056.240, 23345.977, 23392.957, 23404.031 (23345.953)	Log prob: 22208.809, 23097.961, 23398.639, 23451.771, 23467.842 (23413.086)	KLD: 26.792, 14.926, 10.942, 6.149, 5.001 (67.134)	Grad: 34.893, 13.452, 8.757, 4.610, 2.860
[Epoch  95 (37.36s)]	ELBO: 22177.129, 23060.381, 23353.021, 23403.486, 23415.197 (23426.016)	Log prob: 22203.855, 23102.143, 23405.916, 23462.656, 23479.359 (23492.849)	KLD: 26.725, 15.038, 11.131, 6.279, 4.990 (66.833)	Grad: 30.640, 13.277, 8.569, 3.968, 2.757
[Epoch  96 (37.53s)]	ELBO: 22200.195, 23088.559, 23389.227, 23443.396, 23456.283 (23430.153)	Log prob: 22227.217, 23130.633, 23442.496, 23503.043, 23520.799 (23493.516)	KLD: 27.019, 15.057, 11.195, 6.371, 4.879 (63.363)	Grad: 32.236, 14.428, 7.447, 3.712, 3.123
[Epoch  97 (37.92s)]	ELBO: 22208.447, 23101.158, 23405.635, 23464.516, 23478.154 (23402.243)	Log prob: 22235.049, 23142.760, 23458.516, 23523.943, 23542.428 (23472.369)	KLD: 26.598, 15.001, 11.283, 6.543, 4.847 (70.126)	Grad: 38.372, 12.365, 8.973, 4.305, 2.857
[Epoch  98 (40.57s)]	ELBO: 22198.412, 23096.090, 23403.002, 23468.555, 23482.168 (23480.121)	Log prob: 22225.340, 23138.035, 23456.166, 23528.434, 23546.949 (23543.923)	KLD: 26.926, 15.017, 11.225, 6.708, 4.903 (63.801)	Grad: 32.270, 11.152, 8.475, 4.126, 2.557
[Epoch  99 (38.27s)]	ELBO: 22198.686, 23105.240, 23416.836, 23487.189, 23502.947 (23455.791)	Log prob: 22225.535, 23147.098, 23469.934, 23547.162, 23567.938 (23520.639)	KLD: 26.851, 15.006, 11.242, 6.879, 5.011 (64.848)	Grad: 35.143, 14.468, 9.253, 4.365, 2.762
[Epoch 100 (34.50s)]	ELBO: 22214.715, 23115.395, 23439.043, 23515.953, 23532.215 (23504.164)	Log prob: 22241.334, 23157.117, 23492.355, 23576.352, 23597.578 (23569.479)	KLD: 26.625, 15.097, 11.584, 7.096, 4.965 (65.314)	Grad: 38.610, 14.483, 8.005, 4.677, 3.265
Best epoch(s): [100]	Training time(s): 3787.54s (3787.54s)	Best ELBO: 23532.215 (23504.164)	Best log prob: 23597.578 (23569.479)
Avg. mu: -2.143, -1.453, 0.757, 0.598, 1.074, -0.181, -0.253, 0.256, 0.095, 0.002, 0.140, 0.388, -0.690, 0.274, 0.258, 0.514, -0.019, -0.066, 0.201, 0.557
Avg. var: 0.005, 0.003, 0.002, 0.006, 0.035, 0.008, 0.005, 0.009, 0.028, 0.023, 0.018, 0.025, 0.109, 0.025, 0.023, 0.019, 0.314, 0.044, 0.043, 0.056
Max. mu: 8.293, 7.285, 8.942, 14.470, 3.341, 7.000, 5.895, 8.285, 7.094, 6.421, 7.466, 6.477, 1.645, 6.037, 6.420, 5.075, 2.567, 5.237, 5.750, 4.985
Max. var: 0.029, 0.027, 0.014, 0.034, 0.172, 0.087, 0.025, 0.056, 0.244, 0.339, 0.180, 0.396, 0.523, 0.140, 0.101, 0.124, 1.680, 0.466, 0.196, 0.536
Min. mu: -10.830, -8.206, -7.978, -6.917, -3.123, -8.122, -7.070, -7.316, -4.585, -4.980, -6.262, -3.792, -3.402, -3.831, -5.730, -3.305, -1.843, -2.400, -2.243, -2.720
Min. var: 0.001, 0.001, 0.001, 0.002, 0.010, 0.000, 0.002, 0.001, 0.003, 0.001, 0.002, 0.001, 0.011, 0.005, 0.005, 0.005, 0.082, 0.006, 0.008, 0.007
Cov. mu:
[[7.760 -0.004 0.922 1.078 -0.467 -0.201 -1.952 1.273 1.347 0.243 0.618
  0.223 -0.892 0.456 -0.327 -0.361 0.094 0.668 1.140 0.213]
 [-0.004 3.872 1.566 0.014 -0.365 0.008 -0.518 -0.112 0.762 0.066 0.202
  0.309 -0.233 0.605 0.144 -0.452 0.244 0.642 0.229 0.306]
 [0.922 1.566 5.882 -3.210 0.099 -0.452 0.144 1.200 -0.041 -0.179 -0.116
  -0.268 -0.455 0.026 -0.546 0.247 0.244 -0.040 -0.675 -0.415]
 [1.078 0.014 -3.210 6.289 -0.408 0.134 -0.586 -1.054 1.085 0.202 0.155
  -0.038 0.337 -0.103 0.405 -0.285 -0.157 0.817 1.090 0.397]
 [-0.467 -0.365 0.099 -0.408 0.523 -0.280 -0.209 1.047 -0.499 -0.110
  0.140 -0.327 0.028 -0.138 -0.047 0.078 -0.016 -0.175 -0.193 -0.204]
 [-0.201 0.008 -0.452 0.134 -0.280 3.838 -0.595 0.512 -0.242 0.127 -0.013
  0.465 0.249 -0.132 -0.089 -0.182 -0.375 -0.132 -0.070 -0.324]
 [-1.952 -0.518 0.144 -0.586 -0.209 -0.595 3.469 -0.759 -0.520 -0.532
  -0.140 0.081 0.211 -0.183 0.111 0.363 -0.005 -0.249 -0.402 0.180]
 [1.273 -0.112 1.200 -1.054 1.047 0.512 -0.759 5.251 -0.549 -0.245 0.847
  -0.217 -0.157 -0.349 -0.468 0.190 -0.170 -0.148 -0.153 -0.795]
 [1.347 0.762 -0.041 1.085 -0.499 -0.242 -0.520 -0.549 2.703 0.651 0.100
  1.179 -0.250 0.282 0.234 0.086 -0.218 0.160 0.546 -0.044]
 [0.243 0.066 -0.179 0.202 -0.110 0.127 -0.532 -0.245 0.651 1.524 1.329
  0.370 -0.003 -0.119 -0.023 -0.256 -0.074 -0.116 -0.017 -0.107]
 [0.618 0.202 -0.116 0.155 0.140 -0.013 -0.140 0.847 0.100 1.329 2.638
  -0.076 -0.068 -0.147 0.050 -0.548 -0.054 -0.047 0.073 -0.121]
 [0.223 0.309 -0.268 -0.038 -0.327 0.465 0.081 -0.217 1.179 0.370 -0.076
  1.558 -0.076 0.309 0.156 0.348 -0.201 -0.082 0.020 -0.006]
 [-0.892 -0.233 -0.455 0.337 0.028 0.249 0.211 -0.157 -0.250 -0.003
  -0.068 -0.076 0.380 -0.222 -0.317 0.089 -0.055 -0.019 -0.099 -0.124]
 [0.456 0.605 0.026 -0.103 -0.138 -0.132 -0.183 -0.349 0.282 -0.119
  -0.147 0.309 -0.222 0.918 0.461 0.368 0.146 0.194 0.117 0.423]
 [-0.327 0.144 -0.546 0.405 -0.047 -0.089 0.111 -0.468 0.234 -0.023 0.050
  0.156 -0.317 0.461 1.397 0.044 0.050 -0.071 0.097 0.347]
 [-0.361 -0.452 0.247 -0.285 0.078 -0.182 0.363 0.190 0.086 -0.256 -0.548
  0.348 0.089 0.368 0.044 0.946 0.020 -0.064 -0.137 0.022]
 [0.094 0.244 0.244 -0.157 -0.016 -0.375 -0.005 -0.170 -0.218 -0.074
  -0.054 -0.201 -0.055 0.146 0.050 0.020 0.249 0.191 0.057 0.284]
 [0.668 0.642 -0.040 0.817 -0.175 -0.132 -0.249 -0.148 0.160 -0.116
  -0.047 -0.082 -0.019 0.194 -0.071 -0.064 0.191 0.633 0.315 0.465]
 [1.140 0.229 -0.675 1.090 -0.193 -0.070 -0.402 -0.153 0.546 -0.017 0.073
  0.020 -0.099 0.117 0.097 -0.137 0.057 0.315 0.766 0.146]
 [0.213 0.306 -0.415 0.397 -0.204 -0.324 0.180 -0.795 -0.044 -0.107
  -0.121 -0.006 -0.124 0.423 0.347 0.022 0.284 0.465 0.146 0.851]]
Avg. mu: -2.143, -1.453, 0.757, 0.598, 1.074, -0.181, -0.253, 0.256, 0.095, 0.002, 0.140, 0.388, -0.690, 0.274, 0.258, 0.514, -0.019, -0.066, 0.201, 0.557
Avg. var: 0.005, 0.003, 0.002, 0.006, 0.035, 0.008, 0.005, 0.009, 0.028, 0.023, 0.018, 0.025, 0.109, 0.025, 0.023, 0.019, 0.314, 0.044, 0.043, 0.056
Max. mu: 8.293, 7.285, 8.942, 14.470, 3.341, 7.000, 5.895, 8.285, 7.094, 6.421, 7.466, 6.477, 1.645, 6.037, 6.420, 5.075, 2.567, 5.237, 5.750, 4.985
Max. var: 0.029, 0.027, 0.014, 0.034, 0.172, 0.087, 0.025, 0.056, 0.244, 0.339, 0.180, 0.396, 0.523, 0.140, 0.101, 0.124, 1.680, 0.466, 0.196, 0.536
Min. mu: -10.830, -8.206, -7.978, -6.917, -3.123, -8.122, -7.070, -7.316, -4.585, -4.980, -6.262, -3.792, -3.402, -3.831, -5.730, -3.305, -1.843, -2.400, -2.243, -2.720
Min. var: 0.001, 0.001, 0.001, 0.002, 0.010, 0.000, 0.002, 0.001, 0.003, 0.001, 0.002, 0.001, 0.011, 0.005, 0.005, 0.005, 0.082, 0.006, 0.008, 0.007
Cov. mu:
[[7.760 -0.004 0.922 1.078 -0.467 -0.201 -1.952 1.273 1.347 0.243 0.618
  0.223 -0.892 0.456 -0.327 -0.361 0.094 0.668 1.140 0.213]
 [-0.004 3.872 1.566 0.014 -0.365 0.008 -0.518 -0.112 0.762 0.066 0.202
  0.309 -0.233 0.605 0.144 -0.452 0.244 0.642 0.229 0.306]
 [0.922 1.566 5.882 -3.210 0.099 -0.452 0.144 1.200 -0.041 -0.179 -0.116
  -0.268 -0.455 0.026 -0.546 0.247 0.244 -0.040 -0.675 -0.415]
 [1.078 0.014 -3.210 6.289 -0.408 0.134 -0.586 -1.054 1.085 0.202 0.155
  -0.038 0.337 -0.103 0.405 -0.285 -0.157 0.817 1.090 0.397]
 [-0.467 -0.365 0.099 -0.408 0.523 -0.280 -0.209 1.047 -0.499 -0.110
  0.140 -0.327 0.028 -0.138 -0.047 0.078 -0.016 -0.175 -0.193 -0.204]
 [-0.201 0.008 -0.452 0.134 -0.280 3.838 -0.595 0.512 -0.242 0.127 -0.013
  0.465 0.249 -0.132 -0.089 -0.182 -0.375 -0.132 -0.070 -0.324]
 [-1.952 -0.518 0.144 -0.586 -0.209 -0.595 3.469 -0.759 -0.520 -0.532
  -0.140 0.081 0.211 -0.183 0.111 0.363 -0.005 -0.249 -0.402 0.180]
 [1.273 -0.112 1.200 -1.054 1.047 0.512 -0.759 5.251 -0.549 -0.245 0.847
  -0.217 -0.157 -0.349 -0.468 0.190 -0.170 -0.148 -0.153 -0.795]
 [1.347 0.762 -0.041 1.085 -0.499 -0.242 -0.520 -0.549 2.703 0.651 0.100
  1.179 -0.250 0.282 0.234 0.086 -0.218 0.160 0.546 -0.044]
 [0.243 0.066 -0.179 0.202 -0.110 0.127 -0.532 -0.245 0.651 1.524 1.329
  0.370 -0.003 -0.119 -0.023 -0.256 -0.074 -0.116 -0.017 -0.107]
 [0.618 0.202 -0.116 0.155 0.140 -0.013 -0.140 0.847 0.100 1.329 2.638
  -0.076 -0.068 -0.147 0.050 -0.548 -0.054 -0.047 0.073 -0.121]
 [0.223 0.309 -0.268 -0.038 -0.327 0.465 0.081 -0.217 1.179 0.370 -0.076
  1.558 -0.076 0.309 0.156 0.348 -0.201 -0.082 0.020 -0.006]
 [-0.892 -0.233 -0.455 0.337 0.028 0.249 0.211 -0.157 -0.250 -0.003
  -0.068 -0.076 0.380 -0.222 -0.317 0.089 -0.055 -0.019 -0.099 -0.124]
 [0.456 0.605 0.026 -0.103 -0.138 -0.132 -0.183 -0.349 0.282 -0.119
  -0.147 0.309 -0.222 0.918 0.461 0.368 0.146 0.194 0.117 0.423]
 [-0.327 0.144 -0.546 0.405 -0.047 -0.089 0.111 -0.468 0.234 -0.023 0.050
  0.156 -0.317 0.461 1.397 0.044 0.050 -0.071 0.097 0.347]
 [-0.361 -0.452 0.247 -0.285 0.078 -0.182 0.363 0.190 0.086 -0.256 -0.548
  0.348 0.089 0.368 0.044 0.946 0.020 -0.064 -0.137 0.022]
 [0.094 0.244 0.244 -0.157 -0.016 -0.375 -0.005 -0.170 -0.218 -0.074
  -0.054 -0.201 -0.055 0.146 0.050 0.020 0.249 0.191 0.057 0.284]
 [0.668 0.642 -0.040 0.817 -0.175 -0.132 -0.249 -0.148 0.160 -0.116
  -0.047 -0.082 -0.019 0.194 -0.071 -0.064 0.191 0.633 0.315 0.465]
 [1.140 0.229 -0.675 1.090 -0.193 -0.070 -0.402 -0.153 0.546 -0.017 0.073
  0.020 -0.099 0.117 0.097 -0.137 0.057 0.315 0.766 0.146]
 [0.213 0.306 -0.415 0.397 -0.204 -0.324 0.180 -0.795 -0.044 -0.107
  -0.121 -0.006 -0.124 0.423 0.347 0.022 0.284 0.465 0.146 0.851]]
