Encoder
=================================================================
Layer (type:depth-idx)                   Param #
=================================================================
Encoder                                  --
├─Linear: 1-1                            31,400
├─Linear: 1-2                            1,640
=================================================================
Total params: 33,040
Trainable params: 33,040
Non-trainable params: 0
=================================================================
Encoder to Latents 0
=================================================================
Layer (type:depth-idx)                   Param #
=================================================================
EncoderToLatents                         --
├─Linear: 1-1                            82
├─Linear: 1-2                            82
=================================================================
Total params: 164
Trainable params: 164
Non-trainable params: 0
=================================================================
Encoder to Latents 1
=================================================================
Layer (type:depth-idx)                   Param #
=================================================================
EncoderToLatents                         --
├─Linear: 1-1                            82
├─Linear: 1-2                            82
=================================================================
Total params: 164
Trainable params: 164
Non-trainable params: 0
=================================================================
Encoder to Latents 2
=================================================================
Layer (type:depth-idx)                   Param #
=================================================================
EncoderToLatents                         --
├─Linear: 1-1                            82
├─Linear: 1-2                            82
=================================================================
Total params: 164
Trainable params: 164
Non-trainable params: 0
=================================================================
Encoder to Latents 3
=================================================================
Layer (type:depth-idx)                   Param #
=================================================================
EncoderToLatents                         --
├─Linear: 1-1                            82
├─Linear: 1-2                            82
=================================================================
Total params: 164
Trainable params: 164
Non-trainable params: 0
=================================================================
Encoder to Latents 4
=================================================================
Layer (type:depth-idx)                   Param #
=================================================================
EncoderToLatents                         --
├─Linear: 1-1                            82
├─Linear: 1-2                            82
=================================================================
Total params: 164
Trainable params: 164
Non-trainable params: 0
=================================================================
Latents to Decoder 0
=================================================================
Layer (type:depth-idx)                   Param #
=================================================================
LatentsToDecoder                         --
├─Linear: 1-1                            120
=================================================================
Total params: 120
Trainable params: 120
Non-trainable params: 0
=================================================================
Latents to Decoder 1
=================================================================
Layer (type:depth-idx)                   Param #
=================================================================
LatentsToDecoder                         --
├─Linear: 1-1                            120
=================================================================
Total params: 120
Trainable params: 120
Non-trainable params: 0
=================================================================
Latents to Decoder 2
=================================================================
Layer (type:depth-idx)                   Param #
=================================================================
LatentsToDecoder                         --
├─Linear: 1-1                            120
=================================================================
Total params: 120
Trainable params: 120
Non-trainable params: 0
=================================================================
Latents to Decoder 3
=================================================================
Layer (type:depth-idx)                   Param #
=================================================================
LatentsToDecoder                         --
├─Linear: 1-1                            120
=================================================================
Total params: 120
Trainable params: 120
Non-trainable params: 0
=================================================================
Latents to Decoder 4
=================================================================
Layer (type:depth-idx)                   Param #
=================================================================
LatentsToDecoder                         --
├─Linear: 1-1                            120
=================================================================
Total params: 120
Trainable params: 120
Non-trainable params: 0
=================================================================
Decoder
=================================================================
Layer (type:depth-idx)                   Param #
=================================================================
Decoder                                  --
├─Linear: 1-1                            1,640
├─Linear: 1-2                            32,144
=================================================================
Total params: 33,784
Trainable params: 33,784
Non-trainable params: 0
=================================================================
[Epoch   1 (33.57s)]	ELBO: -63.350, -18672.600, -313.850, -372.804, -4916.446 (-125.168)	Log prob: -63.348, -18672.598, -313.846, -372.800, -4916.442 (-125.165)	KLD: 0.002, 0.003, 0.003, 0.004, 0.005 (0.003)	Grad: 11739.823, 1553412912.146, 1514838673.622, 1514880438.642, 1715730202.370
[Epoch   2 (33.12s)]	ELBO: -85.527, -382.288, -76.497, -159.904, -195.735 (0.216)	Log prob: -85.524, -382.285, -76.494, -159.900, -195.730 (0.219)	KLD: 0.002, 0.003, 0.004, 0.005, 0.006 (0.002)	Grad: 104557.472, 443414.343, 452136.331, 765717.492, 785952.232
[Epoch   3 (35.24s)]	ELBO: 117.877, 132.567, -100.544, -26.314, -519.098 (40.455)	Log prob: 117.879, 132.570, -100.540, -26.310, -519.093 (40.459)	KLD: 0.002, 0.003, 0.004, 0.004, 0.005 (0.005)	Grad: 1629.936, 6938.114, 91990.821, 142337.011, 1566819.798
[Epoch   4 (33.52s)]	ELBO: 225.692, 229.580, 264.480, 249.135, 290.235 (299.079)	Log prob: 225.694, 229.584, 264.483, 249.139, 290.241 (299.081)	KLD: 0.002, 0.003, 0.004, 0.004, 0.005 (0.003)	Grad: 1073.817, 22720.808, 89908.827, 131776.310, 168922.499
[Epoch   5 (33.52s)]	ELBO: 267.396, 449.142, 475.848, 562.196, 183.804 (552.929)	Log prob: 267.398, 449.145, 475.852, 562.200, 183.808 (552.932)	KLD: 0.002, 0.003, 0.003, 0.004, 0.005 (0.003)	Grad: 113843.608, 109843.430, 122979.003, 126642.905, 1572366.747
[Epoch   6 (33.24s)]	ELBO: 436.409, 575.432, 642.615, 698.666, 317.583 (841.122)	Log prob: 436.411, 575.435, 642.619, 698.670, 317.588 (841.126)	KLD: 0.002, 0.003, 0.004, 0.005, 0.004 (0.004)	Grad: 716.008, 2131.074, 11873.904, 73891.504, 1726272.922
[Epoch   7 (36.83s)]	ELBO: 526.962, 650.016, 756.044, 423.353, 548.634 (995.931)	Log prob: 526.964, 650.018, 756.048, 423.358, 548.638 (995.936)	KLD: 0.002, 0.002, 0.004, 0.005, 0.004 (0.005)	Grad: 450.801, 6973.867, 10688.461, 956307.977, 1500270.292
[Epoch   8 (33.98s)]	ELBO: 573.197, 740.822, 827.158, 876.325, 842.495 (1021.773)	Log prob: 573.198, 740.825, 827.162, 876.329, 842.499 (1021.777)	KLD: 0.001, 0.003, 0.004, 0.004, 0.004 (0.004)	Grad: 8523.892, 17427.468, 20492.063, 27543.407, 53204.736
[Epoch   9 (29.47s)]	ELBO: 659.663, 846.096, 886.019, 911.574, 930.668 (998.688)	Log prob: 659.664, 846.099, 886.022, 911.577, 930.671 (998.692)	KLD: 0.002, 0.003, 0.003, 0.004, 0.004 (0.004)	Grad: 10522.691, 11692.373, 40184.056, 49077.514, 52216.552
[Epoch  10 (30.14s)]	ELBO: 743.053, 797.399, 928.673, 941.056, -591.911 (1055.599)	Log prob: 743.055, 797.401, 928.676, 941.062, -591.906 (1055.604)	KLD: 0.002, 0.003, 0.003, 0.005, 0.005 (0.004)	Grad: 190.483, 14935.856, 52974.186, 67074.383, 9810964.141
[Epoch  11 (32.98s)]	ELBO: 791.688, 959.129, 1009.768, 968.807, 965.872 (1134.165)	Log prob: 791.690, 959.132, 1009.772, 968.810, 965.876 (1134.169)	KLD: 0.002, 0.003, 0.003, 0.004, 0.005 (0.004)	Grad: 408.117, 1330.567, 9535.393, 21672.380, 131828.350
[Epoch  12 (37.62s)]	ELBO: 848.111, 737.552, 1052.065, 1036.444, 1068.782 (1072.126)	Log prob: 848.114, 737.556, 1052.068, 1036.448, 1068.786 (1072.129)	KLD: 0.002, 0.003, 0.003, 0.004, 0.004 (0.004)	Grad: 763.483, 1984929.265, 1985669.612, 1998652.432, 1999770.540
[Epoch  13 (47.92s)]	ELBO: 881.304, 924.987, 978.993, 995.575, 1040.479 (927.437)	Log prob: 881.307, 924.990, 978.997, 995.579, 1040.484 (927.441)	KLD: 0.003, 0.003, 0.003, 0.004, 0.004 (0.004)	Grad: 1273.871, 239671.323, 749504.751, 780244.273, 786204.682
[Epoch  14 (45.38s)]	ELBO: 900.549, 1064.877, 1033.861, 940.352, -1394.318 (1134.035)	Log prob: 900.552, 1064.880, 1033.866, 940.357, -1394.314 (1134.039)	KLD: 0.003, 0.003, 0.004, 0.005, 0.005 (0.004)	Grad: 1771.800, 2443.848, 10800.461, 40617.119, 68082171.399
[Epoch  15 (45.78s)]	ELBO: 951.518, 1058.273, 863.845, 1065.834, 1065.023 (1093.658)	Log prob: 951.521, 1058.276, 863.849, 1065.838, 1065.027 (1093.663)	KLD: 0.002, 0.003, 0.003, 0.004, 0.005 (0.006)	Grad: 648.262, 6117.879, 374640.454, 391720.492, 395663.800
[Epoch  16 (46.42s)]	ELBO: 986.530, 954.751, 948.906, 1146.527, 997.893 (1062.859)	Log prob: 986.532, 954.753, 948.908, 1146.531, 997.898 (1062.861)	KLD: 0.002, 0.003, 0.003, 0.004, 0.004 (0.003)	Grad: 600.653, 52630.990, 143348.722, 144756.280, 177074.405
[Epoch  17 (48.47s)]	ELBO: 1017.344, 1064.137, 1006.357, 1051.363, 1035.076 (572.982)	Log prob: 1017.346, 1064.140, 1006.361, 1051.367, 1035.081 (572.985)	KLD: 0.003, 0.003, 0.004, 0.004, 0.004 (0.003)	Grad: 332.318, 23795.804, 157932.742, 226048.557, 254121.788
[Epoch  18 (48.49s)]	ELBO: 1040.861, 1003.354, 1112.081, 1003.930, 1133.187 (1135.330)	Log prob: 1040.863, 1003.358, 1112.086, 1003.935, 1133.192 (1135.334)	KLD: 0.002, 0.003, 0.004, 0.004, 0.004 (0.004)	Grad: 277.414, 230993.508, 231079.201, 325199.347, 328699.016
[Epoch  19 (45.55s)]	ELBO: 1070.485, 1095.362, 1102.638, 1177.510, 1092.210 (1156.948)	Log prob: 1070.486, 1095.365, 1102.641, 1177.514, 1092.214 (1156.953)	KLD: 0.002, 0.003, 0.003, 0.004, 0.004 (0.005)	Grad: 589.462, 53033.449, 262547.394, 263883.037, 291690.827
[Epoch  20 (46.48s)]	ELBO: 1072.794, 1171.711, 1178.663, 1154.020, 1129.116 (1220.729)	Log prob: 1072.796, 1171.715, 1178.667, 1154.024, 1129.121 (1220.734)	KLD: 0.002, 0.004, 0.003, 0.004, 0.005 (0.006)	Grad: 6051.247, 8879.493, 11625.409, 16228.390, 27296.129
[Epoch  21 (44.43s)]	ELBO: 1123.270, 1206.455, 1196.223, 1105.855, 1132.467 (-161.432)	Log prob: 1123.273, 1206.458, 1196.226, 1105.859, 1132.471 (-161.428)	KLD: 0.003, 0.003, 0.004, 0.004, 0.004 (0.004)	Grad: 216.382, 1780.884, 6873.229, 44237.066, 43608.586
[Epoch  22 (44.30s)]	ELBO: 1140.281, 1096.427, 1189.261, 618.215, 1102.592 (1128.797)	Log prob: 1140.284, 1096.431, 1189.264, 618.218, 1102.597 (1128.802)	KLD: 0.002, 0.004, 0.003, 0.003, 0.005 (0.005)	Grad: 258.276, 267875.543, 255711.061, 1410290.217, 1419003.650
[Epoch  23 (49.00s)]	ELBO: 173.252, 1223.049, 1218.627, 1175.256, 1049.458 (879.538)	Log prob: 173.257, 1223.056, 1218.635, 1175.263, 1049.467 (879.546)	KLD: 0.005, 0.007, 0.007, 0.008, 0.009 (0.008)	Grad: 56062850.468, 52519404.538, 52522116.744, 52532230.592, 52559607.750
[Epoch  24 (50.32s)]	ELBO: 1179.068, 1237.010, 1249.821, 1221.981, 1186.994 (1222.683)	Log prob: 1179.074, 1237.016, 1249.828, 1221.989, 1187.002 (1222.687)	KLD: 0.006, 0.006, 0.006, 0.008, 0.009 (0.005)	Grad: 20436.373, 19895.712, 29072.696, 30140.487, 33321.360
[Epoch  25 (44.92s)]	ELBO: 1163.664, 1256.961, 1192.091, 1240.565, 1199.165 (1227.701)	Log prob: 1163.668, 1256.967, 1192.098, 1240.573, 1199.174 (1227.708)	KLD: 0.005, 0.006, 0.006, 0.008, 0.009 (0.007)	Grad: 63082.650, 59469.140, 153796.598, 154643.802, 162672.560
[Epoch  26 (46.83s)]	ELBO: 1205.058, 1186.381, 1209.400, 1239.267, 1191.664 (1168.345)	Log prob: 1205.063, 1186.386, 1209.405, 1239.273, 1191.671 (1168.352)	KLD: 0.004, 0.006, 0.006, 0.006, 0.008 (0.008)	Grad: 2285.595, 154729.260, 163033.725, 164165.871, 166754.233
[Epoch  27 (42.21s)]	ELBO: 1221.041, 1258.662, 1243.999, 1180.243, 809.017 (1265.695)	Log prob: 1221.046, 1258.668, 1244.005, 1180.250, 809.025 (1265.706)	KLD: 0.005, 0.005, 0.007, 0.007, 0.008 (0.011)	Grad: 368.066, 2601.096, 10773.164, 118196.587, 1473115.588
[Epoch  28 (34.73s)]	ELBO: 1239.300, 1222.407, 1256.901, 1257.619, 1156.184 (1214.956)	Log prob: 1239.305, 1222.413, 1256.906, 1257.628, 1156.194 (1214.965)	KLD: 0.005, 0.005, 0.006, 0.008, 0.010 (0.009)	Grad: 77.022, 187066.324, 192347.684, 197690.257, 284354.908
[Epoch  29 (35.78s)]	ELBO: 1251.292, 1249.598, 1266.011, 1267.605, 1209.544 (1255.668)	Log prob: 1251.298, 1249.605, 1266.018, 1267.614, 1209.555 (1255.680)	KLD: 0.006, 0.007, 0.006, 0.008, 0.010 (0.013)	Grad: 85.367, 36707.908, 47857.715, 48976.129, 57212.017
[Epoch  30 (29.66s)]	ELBO: 1254.145, 1162.002, 1274.135, 1177.271, 1218.259 (1269.389)	Log prob: 1254.150, 1162.008, 1274.142, 1177.279, 1218.269 (1269.400)	KLD: 0.006, 0.006, 0.008, 0.008, 0.011 (0.010)	Grad: 607.196, 258179.631, 255347.796, 351246.523, 349528.959
[Epoch  31 (29.20s)]	ELBO: 1264.422, 1218.341, 1289.893, 1269.096, 1225.499 (829.230)	Log prob: 1264.429, 1218.347, 1289.902, 1269.106, 1225.511 (829.236)	KLD: 0.008, 0.007, 0.008, 0.010, 0.012 (0.007)	Grad: 152.299, 127152.095, 127863.805, 129046.025, 132946.559
[Epoch  32 (29.93s)]	ELBO: 1267.282, 1288.402, 1280.595, 1133.205, 1209.509 (1249.045)	Log prob: 1267.288, 1288.410, 1280.602, 1133.215, 1209.519 (1249.058)	KLD: 0.007, 0.007, 0.007, 0.010, 0.010 (0.013)	Grad: 450.828, 4197.461, 5047.091, 203322.624, 259648.764
[Epoch  33 (36.41s)]	ELBO: 1272.450, 1304.599, 1282.601, 1258.884, 1244.279 (1150.310)	Log prob: 1272.456, 1304.603, 1282.609, 1258.893, 1244.290 (1150.318)	KLD: 0.006, 0.006, 0.009, 0.009, 0.011 (0.008)	Grad: 1307.451, 1319.766, 4214.357, 12771.178, 15323.115
[Epoch  34 (26.28s)]	ELBO: 1282.305, 1299.314, 1299.262, 1167.502, 1202.992 (1286.217)	Log prob: 1282.310, 1299.320, 1299.271, 1167.510, 1203.004 (1286.228)	KLD: 0.005, 0.006, 0.008, 0.009, 0.011 (0.011)	Grad: 170.812, 578.226, 889.006, 158237.108, 202718.251
[Epoch  35 (21.95s)]	ELBO: 1266.812, 1307.412, 1287.883, 1289.818, 1254.176 (1259.970)	Log prob: 1266.820, 1307.420, 1287.893, 1289.829, 1254.189 (1259.982)	KLD: 0.009, 0.008, 0.009, 0.010, 0.012 (0.012)	Grad: 10048.150, 10160.853, 44766.102, 45199.069, 59288.119
[Epoch  36 (22.73s)]	ELBO: 1287.779, 1310.310, 1284.294, 1292.130, 1234.876 (1279.232)	Log prob: 1287.786, 1310.316, 1284.304, 1292.141, 1234.889 (1279.242)	KLD: 0.008, 0.007, 0.010, 0.011, 0.013 (0.010)	Grad: 4679.306, 5589.226, 11138.425, 11070.112, 21462.894
[Epoch  37 (21.60s)]	ELBO: 1296.598, 1289.321, 1295.917, 1232.698, 1243.683 (1130.499)	Log prob: 1296.608, 1289.330, 1295.927, 1232.711, 1243.697 (1130.517)	KLD: 0.009, 0.009, 0.010, 0.014, 0.014 (0.018)	Grad: 60.690, 4228.288, 4923.028, 387281.978, 405071.608
[Epoch  38 (21.72s)]	ELBO: 1300.440, 1307.013, 1309.266, 1292.998, 1116.451 (1222.647)	Log prob: 1300.449, 1307.023, 1309.276, 1293.012, 1116.468 (1222.664)	KLD: 0.008, 0.010, 0.009, 0.015, 0.017 (0.017)	Grad: 39.704, 10125.065, 10499.033, 11472.188, 89338.071
[Epoch  39 (21.74s)]	ELBO: 1304.157, 1314.921, 1285.993, 1286.055, 1171.428 (1303.876)	Log prob: 1304.164, 1314.931, 1286.003, 1286.068, 1171.443 (1303.895)	KLD: 0.007, 0.009, 0.010, 0.014, 0.016 (0.019)	Grad: 58.379, 199.514, 7797.390, 10259.347, 198223.514
[Epoch  40 (22.60s)]	ELBO: 1305.939, 1317.696, 1302.319, 1301.721, 1264.673 (1278.608)	Log prob: 1305.947, 1317.704, 1302.328, 1301.735, 1264.689 (1278.623)	KLD: 0.009, 0.009, 0.010, 0.014, 0.015 (0.015)	Grad: 1573.170, 1671.968, 4744.965, 6706.742, 12818.565
[Epoch  41 (23.55s)]	ELBO: 1308.551, 1318.842, 1300.045, 1296.756, 1278.840 (1303.577)	Log prob: 1308.558, 1318.850, 1300.053, 1296.767, 1278.857 (1303.592)	KLD: 0.008, 0.008, 0.010, 0.012, 0.016 (0.015)	Grad: 942.676, 1010.357, 5280.507, 6348.111, 14941.190
[Epoch  42 (22.29s)]	ELBO: 1309.291, 1317.536, 1301.165, 1292.847, 1293.971 (1302.618)	Log prob: 1309.299, 1317.546, 1301.175, 1292.860, 1293.987 (1302.638)	KLD: 0.008, 0.010, 0.011, 0.014, 0.016 (0.020)	Grad: 155.759, 299.668, 3355.263, 8585.844, 10685.106
[Epoch  43 (24.64s)]	ELBO: 1305.193, 1318.751, 1315.473, 1291.039, 1296.949 (1298.832)	Log prob: 1305.203, 1318.762, 1315.484, 1291.054, 1296.968 (1298.855)	KLD: 0.009, 0.011, 0.011, 0.015, 0.018 (0.023)	Grad: 5453.165, 5058.818, 5363.585, 24007.811, 24420.716
[Epoch  44 (28.04s)]	ELBO: 1314.367, 1313.816, 1300.146, 1176.781, 1258.033 (1311.315)	Log prob: 1314.376, 1313.826, 1300.157, 1176.794, 1258.048 (1311.328)	KLD: 0.009, 0.009, 0.010, 0.013, 0.015 (0.013)	Grad: 657.054, 13225.222, 25071.085, 665980.474, 636624.404
[Epoch  45 (22.56s)]	ELBO: 1318.196, 1319.966, 1293.610, 1305.130, 1299.726 (1265.182)	Log prob: 1318.205, 1319.977, 1293.622, 1305.145, 1299.741 (1265.199)	KLD: 0.010, 0.011, 0.012, 0.014, 0.015 (0.017)	Grad: 74.314, 139.190, 15124.431, 23012.013, 23325.955
[Epoch  46 (22.67s)]	ELBO: 1318.937, 1322.355, 1314.288, 1308.559, 1278.505 (1285.178)	Log prob: 1318.947, 1322.366, 1314.299, 1308.573, 1278.521 (1285.189)	KLD: 0.010, 0.010, 0.012, 0.014, 0.016 (0.011)	Grad: 93.380, 115.342, 667.206, 1317.481, 19472.423
[Epoch  47 (27.10s)]	ELBO: 1318.579, 1319.255, 1312.345, 1312.204, 1298.703 (1311.826)	Log prob: 1318.589, 1319.265, 1312.358, 1312.218, 1298.719 (1311.835)	KLD: 0.010, 0.011, 0.012, 0.013, 0.015 (0.009)	Grad: 231.931, 935.670, 2642.275, 3704.458, 4266.769
[Epoch  48 (28.74s)]	ELBO: 1322.205, 1321.664, 1315.547, 1313.873, 1299.540 (1258.144)	Log prob: 1322.215, 1321.672, 1315.558, 1313.885, 1299.556 (1258.156)	KLD: 0.010, 0.009, 0.012, 0.012, 0.015 (0.012)	Grad: 28.453, 391.567, 765.153, 1548.189, 8380.400
[Epoch  49 (24.00s)]	ELBO: 1323.276, 1321.827, 1320.785, 1296.716, 1298.660 (1304.198)	Log prob: 1323.284, 1321.836, 1320.796, 1296.729, 1298.674 (1304.215)	KLD: 0.009, 0.010, 0.011, 0.014, 0.014 (0.018)	Grad: 19.691, 381.052, 424.507, 14372.917, 15196.484
[Epoch  50 (22.76s)]	ELBO: 1317.886, 1316.605, 1321.494, 1315.015, 1309.270 (1317.302)	Log prob: 1317.896, 1316.616, 1321.505, 1315.028, 1309.286 (1317.321)	KLD: 0.010, 0.010, 0.011, 0.012, 0.015 (0.019)	Grad: 4878.737, 10979.012, 11318.202, 11840.874, 11960.147
[Epoch  51 (21.95s)]	ELBO: 1324.494, 1319.816, 1319.419, 1317.564, 1300.372 (1283.805)	Log prob: 1324.502, 1319.827, 1319.431, 1317.578, 1300.386 (1283.816)	KLD: 0.010, 0.011, 0.012, 0.013, 0.014 (0.011)	Grad: 28.856, 711.042, 1112.327, 1253.194, 4611.998
[Epoch  52 (22.55s)]	ELBO: 1324.998, 1323.724, 1318.756, 1320.307, 1310.798 (1319.129)	Log prob: 1325.007, 1323.735, 1318.768, 1320.320, 1310.813 (1319.144)	KLD: 0.010, 0.010, 0.013, 0.014, 0.015 (0.014)	Grad: 76.944, 134.004, 821.895, 866.436, 1083.520
[Epoch  53 (23.13s)]	ELBO: 1325.522, 1323.604, 1321.155, 1318.875, 1303.581 (1300.537)	Log prob: 1325.529, 1323.614, 1321.167, 1318.888, 1303.595 (1300.547)	KLD: 0.009, 0.010, 0.011, 0.014, 0.015 (0.009)	Grad: 23.013, 367.036, 541.381, 704.401, 2222.344
[Epoch  54 (23.46s)]	ELBO: 1325.832, 1322.208, 1318.577, 1311.400, 1306.616 (1309.493)	Log prob: 1325.842, 1322.218, 1318.588, 1311.415, 1306.631 (1309.507)	KLD: 0.009, 0.011, 0.012, 0.014, 0.015 (0.014)	Grad: 40.943, 1254.474, 2082.488, 3302.743, 4155.744
[Epoch  55 (24.18s)]	ELBO: 1325.609, 1324.641, 1322.764, 1315.291, 1305.844 (1309.051)	Log prob: 1325.619, 1324.653, 1322.777, 1315.307, 1305.861 (1309.068)	KLD: 0.010, 0.011, 0.012, 0.016, 0.017 (0.017)	Grad: 192.708, 223.962, 316.824, 640.649, 3915.387
[Epoch  56 (23.52s)]	ELBO: 1326.792, 1325.200, 1322.557, 1316.008, 1315.838 (1311.099)	Log prob: 1326.802, 1325.212, 1322.570, 1316.024, 1315.856 (1311.118)	KLD: 0.010, 0.012, 0.013, 0.016, 0.018 (0.019)	Grad: 7.565, 123.880, 300.168, 1269.581, 1727.045
[Epoch  57 (25.73s)]	ELBO: 1326.581, 1325.912, 1324.161, 1321.397, 1306.620 (1321.895)	Log prob: 1326.591, 1325.923, 1324.175, 1321.413, 1306.636 (1321.912)	KLD: 0.011, 0.012, 0.014, 0.016, 0.017 (0.017)	Grad: 65.339, 79.194, 143.379, 716.421, 1902.789
[Epoch  58 (22.01s)]	ELBO: 1326.472, 1312.569, 1321.071, 1320.156, 1277.937 (1321.469)	Log prob: 1326.484, 1312.582, 1321.087, 1320.171, 1277.956 (1321.488)	KLD: 0.013, 0.013, 0.016, 0.016, 0.019 (0.019)	Grad: 114.091, 13254.120, 12780.952, 12925.879, 39886.375
[Epoch  59 (32.16s)]	ELBO: 1325.924, 1322.592, 1322.119, 1322.697, 1316.719 (1317.850)	Log prob: 1325.940, 1322.607, 1322.139, 1322.717, 1316.743 (1317.877)	KLD: 0.015, 0.015, 0.020, 0.021, 0.024 (0.027)	Grad: 965.333, 2286.770, 2992.753, 3021.834, 3607.538
[Epoch  60 (38.02s)]	ELBO: 1327.787, 1325.756, 1324.729, 1312.618, 1311.779 (1312.621)	Log prob: 1327.803, 1325.775, 1324.752, 1312.642, 1311.804 (1312.640)	KLD: 0.016, 0.019, 0.022, 0.024, 0.025 (0.019)	Grad: 3.355, 33.750, 135.531, 5657.182, 6444.369
[Epoch  61 (42.77s)]	ELBO: 1325.206, 1325.802, 1322.885, 1323.258, 1318.669 (1318.902)	Log prob: 1325.221, 1325.816, 1322.906, 1323.278, 1318.692 (1318.923)	KLD: 0.014, 0.015, 0.021, 0.020, 0.024 (0.021)	Grad: 5187.199, 4963.415, 5277.146, 5373.156, 5489.797
[Epoch  62 (51.26s)]	ELBO: 1327.534, 1326.103, 1322.477, 1318.580, 1304.801 (1314.839)	Log prob: 1327.546, 1326.115, 1322.493, 1318.597, 1304.822 (1314.864)	KLD: 0.012, 0.011, 0.016, 0.018, 0.021 (0.025)	Grad: 21.446, 76.804, 1028.760, 1391.313, 72329.050
[Epoch  63 (37.87s)]	ELBO: 1320.273, 1326.844, 1309.457, 1313.403, 1317.544 (1302.829)	Log prob: 1320.292, 1326.867, 1309.481, 1313.428, 1317.571 (1302.840)	KLD: 0.019, 0.023, 0.024, 0.026, 0.027 (0.011)	Grad: 17835.573, 16684.796, 462128.051, 430491.106, 430610.098
[Epoch  64 (60.20s)]	ELBO: 1328.219, 1327.225, 1321.579, 1321.169, 1313.697 (1323.653)	Log prob: 1328.231, 1327.239, 1321.594, 1321.184, 1313.716 (1323.676)	KLD: 0.012, 0.014, 0.015, 0.015, 0.018 (0.024)	Grad: 12.826, 45.241, 1114.077, 1304.360, 3749.642
[Epoch  65 (59.29s)]	ELBO: 1328.368, 1326.789, 1325.351, 1323.653, 1319.443 (1320.921)	Log prob: 1328.379, 1326.804, 1325.367, 1323.669, 1319.460 (1320.937)	KLD: 0.011, 0.014, 0.016, 0.017, 0.019 (0.016)	Grad: 25.581, 90.998, 133.328, 269.145, 569.800
[Epoch  66 (57.49s)]	ELBO: 1328.548, 1326.260, 1323.850, 1324.670, 1318.043 (1320.906)	Log prob: 1328.559, 1326.276, 1323.867, 1324.688, 1318.062 (1320.921)	KLD: 0.011, 0.015, 0.017, 0.018, 0.019 (0.015)	Grad: 7.602, 351.050, 762.503, 794.869, 1110.550
[Epoch  67 (40.88s)]	ELBO: 1327.833, 1326.295, 1313.413, 1323.501, 1313.664 (1324.163)	Log prob: 1327.846, 1326.312, 1313.430, 1323.518, 1313.683 (1324.179)	KLD: 0.012, 0.017, 0.017, 0.018, 0.019 (0.016)	Grad: 34.565, 165.631, 85037.249, 85349.713, 88011.400
[Epoch  68 (54.36s)]	ELBO: 1328.111, 1326.159, 1324.136, 1324.216, 1316.049 (1315.193)	Log prob: 1328.125, 1326.178, 1324.152, 1324.234, 1316.070 (1315.216)	KLD: 0.014, 0.018, 0.017, 0.018, 0.021 (0.024)	Grad: 46.368, 241.891, 901.228, 1676.368, 4719.598
[Epoch  69 (44.56s)]	ELBO: 1328.376, 1324.468, 1320.349, 1319.495, 1317.963 (1322.459)	Log prob: 1328.389, 1324.486, 1320.368, 1319.515, 1317.982 (1322.485)	KLD: 0.014, 0.018, 0.019, 0.021, 0.019 (0.027)	Grad: 6.435, 482.904, 6969.477, 8819.135, 10053.315
[Epoch  70 (46.35s)]	ELBO: 1328.416, 1326.023, 1326.167, 1323.130, 1319.995 (1324.254)	Log prob: 1328.429, 1326.042, 1326.186, 1323.151, 1320.016 (1324.278)	KLD: 0.014, 0.018, 0.017, 0.020, 0.022 (0.025)	Grad: 9.527, 689.795, 732.097, 938.769, 1343.182
[Epoch  71 (65.18s)]	ELBO: 1326.884, 1327.087, 1323.935, 1324.343, 1313.035 (1322.618)	Log prob: 1326.895, 1327.102, 1323.952, 1324.360, 1313.052 (1322.634)	KLD: 0.012, 0.015, 0.018, 0.017, 0.017 (0.016)	Grad: 1162.726, 1066.831, 1299.610, 1755.719, 14341.769
[Epoch  72 (57.08s)]	ELBO: 1327.519, 1325.202, 1324.956, 1320.376, 1322.658 (1320.755)	Log prob: 1327.529, 1325.217, 1324.973, 1320.393, 1322.675 (1320.775)	KLD: 0.010, 0.014, 0.015, 0.016, 0.018 (0.020)	Grad: 192.083, 630.752, 853.764, 7735.050, 7797.639
[Epoch  73 (53.93s)]	ELBO: 1328.469, 1323.775, 1321.005, 1323.599, 1319.207 (1324.559)	Log prob: 1328.477, 1323.789, 1321.021, 1323.615, 1319.227 (1324.573)	KLD: 0.008, 0.014, 0.016, 0.017, 0.019 (0.014)	Grad: 88.429, 1286.470, 6118.185, 6268.223, 7676.007
[Epoch  74 (52.35s)]	ELBO: 1328.315, 1325.780, 1324.998, 1316.226, 1315.838 (1322.368)	Log prob: 1328.324, 1325.795, 1325.013, 1316.243, 1315.855 (1322.384)	KLD: 0.009, 0.014, 0.016, 0.017, 0.017 (0.016)	Grad: 25.741, 1090.516, 1137.859, 6517.816, 7198.172
[Epoch  75 (57.91s)]	ELBO: 1328.316, 1310.540, 1324.404, 1299.874, 1317.908 (1320.346)	Log prob: 1328.326, 1310.551, 1324.417, 1299.889, 1317.924 (1320.364)	KLD: 0.009, 0.011, 0.013, 0.014, 0.016 (0.018)	Grad: 13.806, 119751.754, 120474.600, 172780.203, 169668.193
[Epoch  76 (53.04s)]	ELBO: 1313.538, 1326.486, 1324.895, 1316.867, 1314.408 (1310.070)	Log prob: 1313.547, 1326.500, 1324.910, 1316.883, 1314.425 (1310.086)	KLD: 0.009, 0.014, 0.014, 0.017, 0.017 (0.016)	Grad: 152768.186, 138760.729, 138805.786, 141516.461, 143777.503
[Epoch  77 (54.10s)]	ELBO: 1328.580, 1326.868, 1326.085, 1318.795, 1319.184 (1322.654)	Log prob: 1328.591, 1326.885, 1326.104, 1318.818, 1319.207 (1322.668)	KLD: 0.012, 0.017, 0.019, 0.024, 0.023 (0.014)	Grad: 5.758, 93.479, 153.760, 1990.230, 2373.180
[Epoch  78 (51.58s)]	ELBO: 1327.699, 1327.295, 1325.176, 1318.407, 1319.790 (1307.181)	Log prob: 1327.711, 1327.312, 1325.195, 1318.428, 1319.813 (1307.206)	KLD: 0.011, 0.016, 0.020, 0.021, 0.023 (0.025)	Grad: 2707.996, 2342.615, 2496.062, 3950.438, 4363.297
