Seed: 2018
=================================================================
Layer (type:depth-idx)                   Param #
=================================================================
RNN                                      --
├─Canvas: 1-1                            --
│    └─Linear: 2-1                       784
├─Encoder: 1-2                           --
│    └─Linear: 2-2                       76,930
│    └─Linear: 2-3                       9,702
├─ModuleList: 1-3                        --
│    └─EncoderToLatents: 2-4             --
│    │    └─Linear: 3-1                  99
│    │    └─Linear: 3-2                  99
│    └─EncoderToLatents: 2-5             --
│    │    └─Linear: 3-3                  99
│    │    └─Linear: 3-4                  99
│    └─EncoderToLatents: 2-6             --
│    │    └─Linear: 3-5                  99
│    │    └─Linear: 3-6                  99
│    └─EncoderToLatents: 2-7             --
│    │    └─Linear: 3-7                  99
│    │    └─Linear: 3-8                  99
│    └─EncoderToLatents: 2-8             --
│    │    └─Linear: 3-9                  99
│    │    └─Linear: 3-10                 99
│    └─EncoderToLatents: 2-9             --
│    │    └─Linear: 3-11                 99
│    │    └─Linear: 3-12                 99
│    └─EncoderToLatents: 2-10            --
│    │    └─Linear: 3-13                 99
│    │    └─Linear: 3-14                 99
│    └─EncoderToLatents: 2-11            --
│    │    └─Linear: 3-15                 99
│    │    └─Linear: 3-16                 99
│    └─EncoderToLatents: 2-12            --
│    │    └─Linear: 3-17                 99
│    │    └─Linear: 3-18                 99
│    └─EncoderToLatents: 2-13            --
│    │    └─Linear: 3-19                 99
│    │    └─Linear: 3-20                 99
├─LatentsToLatents: 1-4                  --
│    └─Linear: 2-14                      20
│    └─Linear: 2-15                      5
│    └─Linear: 2-16                      5
├─ModuleList: 1-5                        --
│    └─LatentsToDecoder: 2-17            --
│    │    └─Linear: 3-21                 196
│    └─LatentsToDecoder: 2-18            --
│    │    └─Linear: 3-22                 196
│    └─LatentsToDecoder: 2-19            --
│    │    └─Linear: 3-23                 196
│    └─LatentsToDecoder: 2-20            --
│    │    └─Linear: 3-24                 196
│    └─LatentsToDecoder: 2-21            --
│    │    └─Linear: 3-25                 196
│    └─LatentsToDecoder: 2-22            --
│    │    └─Linear: 3-26                 196
│    └─LatentsToDecoder: 2-23            --
│    │    └─Linear: 3-27                 196
│    └─LatentsToDecoder: 2-24            --
│    │    └─Linear: 3-28                 196
│    └─LatentsToDecoder: 2-25            --
│    │    └─Linear: 3-29                 196
│    └─LatentsToDecoder: 2-26            --
│    │    └─Linear: 3-30                 196
├─Decoder: 1-6                           --
│    └─Linear: 2-27                      9,702
│    └─Linear: 2-28                      77,616
=================================================================
Total params: 178,704
Trainable params: 178,704
Non-trainable params: 0
=================================================================
[Epoch   1 (56.45s)]	ELBO (bits/dim): 2.28948, 2.37342, 2.39227, 2.40173, 2.40630, 2.40808, 2.40787, 2.40458, 2.39997, 2.39313 (2.58278)	Reconstruction error (/dim): 0.08300, 0.07894, 0.07918, 0.07905, 0.07892, 0.07921, 0.07907, 0.07960, 0.08016, 0.08088 (0.06881)	KLD: 10.857, 1.922, 0.223, 0.350, 0.290, 0.284, 0.452, 0.303, 0.390, 0.262 (11.187)	Grad: 1248.7
[Epoch   2 (57.46s)]	ELBO (bits/dim): 2.49598, 2.61592, 2.67829, 2.71493, 2.72069, 2.72081, 2.72033, 2.71925, 2.71776, 2.71640 (2.86312)	Reconstruction error (/dim): 0.07598, 0.07135, 0.06596, 0.06220, 0.06127, 0.06142, 0.06134, 0.06150, 0.06193, 0.06206 (0.05157)	KLD: 5.159, 3.591, 2.577, 2.113, 0.749, 0.301, 0.365, 0.176, 0.452, 0.206 (18.127)	Grad: 1538.0
[Epoch   3 (60.16s)]	ELBO (bits/dim): 2.54382, 2.68677, 2.77981, 2.85426, 2.89544, 2.90762, 2.90778, 2.90764, 2.90735, 2.90680 (2.97451)	Reconstruction error (/dim): 0.07330, 0.06789, 0.06151, 0.05494, 0.05045, 0.04891, 0.04892, 0.04896, 0.04910, 0.04910 (0.04401)	KLD: 4.061, 3.748, 2.841, 2.684, 2.111, 1.129, 0.269, 0.135, 0.230, 0.115 (17.872)	Grad: 2020.7
[Epoch   4 (62.81s)]	ELBO (bits/dim): 2.57750, 2.70962, 2.82706, 2.89650, 2.93710, 2.97596, 2.98368, 2.98493, 2.98480, 2.98444 (3.02854)	Reconstruction error (/dim): 0.07231, 0.06648, 0.05824, 0.05226, 0.04828, 0.04436, 0.04346, 0.04337, 0.04351, 0.04355 (0.04026)	KLD: 3.705, 3.529, 2.970, 2.489, 1.988, 2.049, 0.964, 0.504, 0.125, 0.173 (18.647)	Grad: 1722.4
[Epoch   5 (63.38s)]	ELBO (bits/dim): 2.58906, 2.72148, 2.85184, 2.92079, 2.96351, 3.00328, 3.02641, 3.03489, 3.03523, 3.03573 (3.07540)	Reconstruction error (/dim): 0.07142, 0.06559, 0.05644, 0.05061, 0.04653, 0.04283, 0.04050, 0.03957, 0.03963, 0.03957 (0.03605)	KLD: 3.594, 3.491, 3.047, 2.426, 2.055, 1.977, 1.736, 1.138, 0.288, 0.327 (20.449)	Grad: 1865.2
[Epoch   6 (63.67s)]	ELBO (bits/dim): 2.59378, 2.72880, 2.86593, 2.93850, 2.98420, 3.02423, 3.05223, 3.06569, 3.06730, 3.07130 (3.10216)	Reconstruction error (/dim): 0.07092, 0.06493, 0.05543, 0.04932, 0.04502, 0.04141, 0.03888, 0.03753, 0.03735, 0.03692 (0.03442)	KLD: 3.497, 3.456, 3.083, 2.449, 2.106, 1.998, 1.728, 1.381, 0.507, 0.956 (21.538)	Grad: 1818.2
[Epoch   7 (63.92s)]	ELBO (bits/dim): 2.59631, 2.73493, 2.87461, 2.95056, 2.99748, 3.03977, 3.06891, 3.08403, 3.09064, 3.09375 (3.12113)	Reconstruction error (/dim): 0.07084, 0.06435, 0.05471, 0.04841, 0.04408, 0.04036, 0.03781, 0.03639, 0.03561, 0.03543 (0.03309)	KLD: 3.450, 3.426, 3.063, 2.479, 2.124, 2.059, 1.737, 1.454, 0.974, 0.948 (21.735)	Grad: 1614.0
[Epoch   8 (65.74s)]	ELBO (bits/dim): 2.59769, 2.73961, 2.88068, 2.95898, 3.00666, 3.05161, 3.08181, 3.09815, 3.10805, 3.11111 (3.13576)	Reconstruction error (/dim): 0.07085, 0.06395, 0.05423, 0.04781, 0.04345, 0.03957, 0.03695, 0.03546, 0.03445, 0.03422 (0.03186)	KLD: 3.427, 3.408, 3.043, 2.503, 2.140, 2.104, 1.763, 1.497, 1.248, 0.867 (22.282)	Grad: 1863.0
[Epoch   9 (64.76s)]	ELBO (bits/dim): 2.59957, 2.74430, 2.88627, 2.96602, 3.01458, 3.06110, 3.09191, 3.10934, 3.12068, 3.12524 (3.14839)	Reconstruction error (/dim): 0.07068, 0.06349, 0.05379, 0.04730, 0.04290, 0.03897, 0.03630, 0.03473, 0.03361, 0.03319 (0.03117)	KLD: 3.419, 3.405, 3.034, 2.515, 2.155, 2.129, 1.795, 1.533, 1.328, 0.988 (22.244)	Grad: 1758.5
[Epoch  10 (66.30s)]	ELBO (bits/dim): 2.60308, 2.75067, 2.89264, 2.97306, 3.02260, 3.06956, 3.10084, 3.11897, 3.13113, 3.13735 (3.15759)	Reconstruction error (/dim): 0.07025, 0.06281, 0.05321, 0.04678, 0.04235, 0.03841, 0.03572, 0.03412, 0.03291, 0.03230 (0.03069)	KLD: 3.417, 3.411, 3.034, 2.519, 2.162, 2.146, 1.813, 1.550, 1.352, 1.092 (22.915)	Grad: 1601.0
[Epoch  11 (65.57s)]	ELBO (bits/dim): 2.60524, 2.75558, 2.89690, 2.97778, 3.02797, 3.07543, 3.10738, 3.12588, 3.13856, 3.14581 (3.16611)	Reconstruction error (/dim): 0.06993, 0.06227, 0.05286, 0.04648, 0.04199, 0.03806, 0.03533, 0.03367, 0.03241, 0.03171 (0.03002)	KLD: 3.420, 3.416, 3.028, 2.518, 2.162, 2.154, 1.833, 1.564, 1.369, 1.176 (22.596)	Grad: 1821.3
[Epoch  12 (63.69s)]	ELBO (bits/dim): 2.60684, 2.76033, 2.90120, 2.98261, 3.03328, 3.08103, 3.11341, 3.13204, 3.14528, 3.15315 (3.17311)	Reconstruction error (/dim): 0.06985, 0.06188, 0.05256, 0.04618, 0.04166, 0.03770, 0.03494, 0.03325, 0.03196, 0.03120 (0.02944)	KLD: 3.418, 3.425, 3.027, 2.521, 2.169, 2.157, 1.858, 1.582, 1.384, 1.199 (22.433)	Grad: 1920.5
[Epoch  13 (64.82s)]	ELBO (bits/dim): 2.60831, 2.76364, 2.90489, 2.98652, 3.03742, 3.08531, 3.11837, 3.13723, 3.15067, 3.15901 (3.17702)	Reconstruction error (/dim): 0.06978, 0.06161, 0.05228, 0.04590, 0.04137, 0.03741, 0.03461, 0.03289, 0.03157, 0.03079 (0.02924)	KLD: 3.417, 3.434, 3.033, 2.524, 2.172, 2.162, 1.874, 1.578, 1.398, 1.227 (22.780)	Grad: 1785.6
[Epoch  14 (64.40s)]	ELBO (bits/dim): 2.61023, 2.76717, 2.90876, 2.99072, 3.04180, 3.08989, 3.12316, 3.14217, 3.15599, 3.16468 (3.18113)	Reconstruction error (/dim): 0.06969, 0.06137, 0.05200, 0.04560, 0.04106, 0.03707, 0.03425, 0.03253, 0.03119, 0.03039 (0.02904)	KLD: 3.425, 3.437, 3.040, 2.525, 2.169, 2.170, 1.890, 1.584, 1.409, 1.220 (22.886)	Grad: 1598.7
[Epoch  15 (65.91s)]	ELBO (bits/dim): 2.61149, 2.76995, 2.91246, 2.99442, 3.04545, 3.09375, 3.12707, 3.14624, 3.16024, 3.16901 (3.18664)	Reconstruction error (/dim): 0.06962, 0.06116, 0.05173, 0.04532, 0.04082, 0.03681, 0.03401, 0.03226, 0.03090, 0.03011 (0.02870)	KLD: 3.429, 3.442, 3.045, 2.523, 2.174, 2.167, 1.896, 1.587, 1.418, 1.242 (22.789)	Grad: 1624.0
[Epoch  16 (64.56s)]	ELBO (bits/dim): 2.61305, 2.77269, 2.91586, 2.99805, 3.04908, 3.09741, 3.13073, 3.14980, 3.16396, 3.17276 (3.18823)	Reconstruction error (/dim): 0.06960, 0.06097, 0.05149, 0.04506, 0.04055, 0.03651, 0.03374, 0.03199, 0.03063, 0.02985 (0.02883)	KLD: 3.431, 3.450, 3.051, 2.531, 2.170, 2.161, 1.907, 1.583, 1.423, 1.243 (22.805)	Grad: 1661.3
[Epoch  17 (64.38s)]	ELBO (bits/dim): 2.61448, 2.77552, 2.91939, 3.00152, 3.05257, 3.10107, 3.13410, 3.15315, 3.16733, 3.17651 (3.19206)	Reconstruction error (/dim): 0.06957, 0.06078, 0.05125, 0.04481, 0.04031, 0.03625, 0.03349, 0.03176, 0.03039, 0.02958 (0.02828)	KLD: 3.452, 3.459, 3.058, 2.528, 2.178, 2.169, 1.908, 1.582, 1.428, 1.248 (23.178)	Grad: 1581.2
[Epoch  18 (65.15s)]	ELBO (bits/dim): 2.61592, 2.77845, 2.92246, 3.00483, 3.05616, 3.10428, 3.13721, 3.15610, 3.17042, 3.17954 (3.19493)	Reconstruction error (/dim): 0.06949, 0.06054, 0.05104, 0.04457, 0.04004, 0.03601, 0.03326, 0.03157, 0.03018, 0.02936 (0.02834)	KLD: 3.464, 3.471, 3.063, 2.534, 2.183, 2.169, 1.909, 1.586, 1.432, 1.258 (23.291)	Grad: 1670.0
[Epoch  19 (63.94s)]	ELBO (bits/dim): 2.61756, 2.78153, 2.92565, 3.00820, 3.05929, 3.10710, 3.13980, 3.15880, 3.17300, 3.18238 (3.19707)	Reconstruction error (/dim): 0.06937, 0.06032, 0.05081, 0.04433, 0.03981, 0.03583, 0.03309, 0.03138, 0.03001, 0.02919 (0.02804)	KLD: 3.478, 3.483, 3.069, 2.534, 2.179, 2.164, 1.913, 1.584, 1.434, 1.254 (23.135)	Grad: 1731.5
[Epoch  20 (64.70s)]	ELBO (bits/dim): 2.61881, 2.78378, 2.92813, 3.01053, 3.06173, 3.10949, 3.14199, 3.16094, 3.17528, 3.18457 (3.19999)	Reconstruction error (/dim): 0.06929, 0.06014, 0.05065, 0.04417, 0.03965, 0.03564, 0.03294, 0.03123, 0.02985, 0.02903 (0.02792)	KLD: 3.488, 3.491, 3.077, 2.540, 2.181, 2.161, 1.908, 1.592, 1.431, 1.266 (23.085)	Grad: 1832.2
[Epoch  21 (64.97s)]	ELBO (bits/dim): 2.62009, 2.78611, 2.93034, 3.01280, 3.06399, 3.11175, 3.14395, 3.16274, 3.17724, 3.18643 (3.20021)	Reconstruction error (/dim): 0.06924, 0.05996, 0.05048, 0.04401, 0.03949, 0.03549, 0.03280, 0.03111, 0.02972, 0.02890 (0.02780)	KLD: 3.502, 3.503, 3.081, 2.542, 2.181, 2.164, 1.910, 1.592, 1.428, 1.268 (23.195)	Grad: 1819.8
[Epoch  22 (64.52s)]	ELBO (bits/dim): 2.62177, 2.78850, 2.93264, 3.01515, 3.06636, 3.11434, 3.14629, 3.16501, 3.17934, 3.18876 (3.20339)	Reconstruction error (/dim): 0.06908, 0.05974, 0.05032, 0.04384, 0.03933, 0.03531, 0.03262, 0.03093, 0.02958, 0.02874 (0.02755)	KLD: 3.510, 3.506, 3.081, 2.544, 2.177, 2.160, 1.914, 1.587, 1.433, 1.272 (23.382)	Grad: 1714.5
[Epoch  23 (64.18s)]	ELBO (bits/dim): 2.62288, 2.79062, 2.93459, 3.01682, 3.06829, 3.11617, 3.14789, 3.16642, 3.18082, 3.19026 (3.20357)	Reconstruction error (/dim): 0.06900, 0.05959, 0.05015, 0.04371, 0.03918, 0.03516, 0.03251, 0.03083, 0.02947, 0.02863 (0.02763)	KLD: 3.519, 3.514, 3.083, 2.551, 2.184, 2.165, 1.913, 1.594, 1.433, 1.274 (23.375)	Grad: 1921.1
[Epoch  24 (70.65s)]	ELBO (bits/dim): 2.62433, 2.79277, 2.93657, 3.01897, 3.07038, 3.11817, 3.14966, 3.16823, 3.18267, 3.19198 (3.20716)	Reconstruction error (/dim): 0.06887, 0.05943, 0.05003, 0.04356, 0.03904, 0.03501, 0.03239, 0.03071, 0.02933, 0.02851 (0.02724)	KLD: 3.537, 3.522, 3.091, 2.552, 2.179, 2.163, 1.912, 1.590, 1.436, 1.272 (23.237)	Grad: 1957.6
[Epoch  25 (69.55s)]	ELBO (bits/dim): 2.62538, 2.79453, 2.93816, 3.02020, 3.07172, 3.11965, 3.15095, 3.16950, 3.18386, 3.19326 (3.20746)	Reconstruction error (/dim): 0.06879, 0.05928, 0.04989, 0.04347, 0.03894, 0.03491, 0.03230, 0.03062, 0.02925, 0.02843 (0.02740)	KLD: 3.547, 3.528, 3.092, 2.561, 2.179, 2.161, 1.914, 1.587, 1.437, 1.288 (23.436)	Grad: 1889.5
[Epoch  26 (75.56s)]	ELBO (bits/dim): 2.62720, 2.79699, 2.94010, 3.02186, 3.07358, 3.12133, 3.15260, 3.17117, 3.18549, 3.19489 (3.20823)	Reconstruction error (/dim): 0.06864, 0.05906, 0.04976, 0.04335, 0.03882, 0.03481, 0.03220, 0.03051, 0.02916, 0.02833 (0.02738)	KLD: 3.555, 3.536, 3.097, 2.563, 2.173, 2.164, 1.912, 1.590, 1.436, 1.288 (23.512)	Grad: 1954.9
[Epoch  27 (68.55s)]	ELBO (bits/dim): 2.62821, 2.79881, 2.94191, 3.02352, 3.07510, 3.12272, 3.15387, 3.17236, 3.18678, 3.19599 (3.21001)	Reconstruction error (/dim): 0.06854, 0.05894, 0.04960, 0.04323, 0.03869, 0.03471, 0.03209, 0.03043, 0.02907, 0.02824 (0.02719)	KLD: 3.568, 3.543, 3.099, 2.568, 2.174, 2.167, 1.912, 1.587, 1.438, 1.289 (23.417)	Grad: 1993.4
[Epoch  28 (66.57s)]	ELBO (bits/dim): 2.62963, 2.80100, 2.94364, 3.02479, 3.07638, 3.12429, 3.15533, 3.17361, 3.18804, 3.19738 (3.21059)	Reconstruction error (/dim): 0.06845, 0.05874, 0.04947, 0.04312, 0.03860, 0.03460, 0.03201, 0.03034, 0.02900, 0.02816 (0.02709)	KLD: 3.580, 3.549, 3.103, 2.563, 2.176, 2.171, 1.917, 1.588, 1.445, 1.288 (23.382)	Grad: 1994.3
[Epoch  29 (67.36s)]	ELBO (bits/dim): 2.63071, 2.80233, 2.94468, 3.02612, 3.07782, 3.12552, 3.15647, 3.17495, 3.18928, 3.19852 (3.21290)	Reconstruction error (/dim): 0.06833, 0.05861, 0.04940, 0.04303, 0.03850, 0.03450, 0.03191, 0.03025, 0.02889, 0.02809 (0.02712)	KLD: 3.587, 3.547, 3.101, 2.570, 2.176, 2.170, 1.914, 1.587, 1.447, 1.295 (23.153)	Grad: 2104.1
[Epoch  30 (70.19s)]	ELBO (bits/dim): 2.63192, 2.80393, 2.94615, 3.02729, 3.07890, 3.12666, 3.15737, 3.17571, 3.19026, 3.19942 (3.21162)	Reconstruction error (/dim): 0.06820, 0.05851, 0.04928, 0.04293, 0.03843, 0.03442, 0.03186, 0.03019, 0.02884, 0.02801 (0.02685)	KLD: 3.601, 3.548, 3.113, 2.564, 2.172, 2.174, 1.917, 1.588, 1.448, 1.286 (23.296)	Grad: 2126.0
[Epoch  31 (68.00s)]	ELBO (bits/dim): 2.63329, 2.80558, 2.94742, 3.02840, 3.07997, 3.12770, 3.15826, 3.17673, 3.19117, 3.20018 (3.21403)	Reconstruction error (/dim): 0.06812, 0.05839, 0.04919, 0.04285, 0.03834, 0.03436, 0.03180, 0.03013, 0.02877, 0.02797 (0.02696)	KLD: 3.613, 3.556, 3.111, 2.571, 2.173, 2.172, 1.921, 1.593, 1.448, 1.292 (23.744)	Grad: 2147.5
[Epoch  32 (69.63s)]	ELBO (bits/dim): 2.63419, 2.80719, 2.94860, 3.02959, 3.08124, 3.12900, 3.15950, 3.17793, 3.19259, 3.20149 (3.21446)	Reconstruction error (/dim): 0.06800, 0.05824, 0.04910, 0.04276, 0.03827, 0.03426, 0.03169, 0.03004, 0.02867, 0.02787 (0.02689)	KLD: 3.618, 3.561, 3.113, 2.575, 2.171, 2.171, 1.913, 1.590, 1.455, 1.286 (23.415)	Grad: 2059.4
[Epoch  33 (69.90s)]	ELBO (bits/dim): 2.63523, 2.80849, 2.94958, 3.03078, 3.08245, 3.13015, 3.16047, 3.17900, 3.19381, 3.20254 (3.21472)	Reconstruction error (/dim): 0.06797, 0.05817, 0.04906, 0.04268, 0.03819, 0.03419, 0.03165, 0.02998, 0.02860, 0.02781 (0.02700)	KLD: 3.628, 3.564, 3.112, 2.578, 2.167, 2.175, 1.918, 1.589, 1.457, 1.278 (23.620)	Grad: 1889.1
[Epoch  34 (75.75s)]	ELBO (bits/dim): 2.63642, 2.81008, 2.95096, 3.03170, 3.08347, 3.13101, 3.16137, 3.17986, 3.19467, 3.20321 (3.21498)	Reconstruction error (/dim): 0.06784, 0.05804, 0.04894, 0.04260, 0.03811, 0.03412, 0.03158, 0.02989, 0.02852, 0.02776 (0.02695)	KLD: 3.637, 3.567, 3.116, 2.585, 2.170, 2.174, 1.923, 1.589, 1.466, 1.269 (23.147)	Grad: 1989.7
[Epoch  35 (66.70s)]	ELBO (bits/dim): 2.63726, 2.81128, 2.95170, 3.03248, 3.08423, 3.13197, 3.16226, 3.18081, 3.19567, 3.20425 (3.21405)	Reconstruction error (/dim): 0.06778, 0.05792, 0.04889, 0.04254, 0.03805, 0.03405, 0.03151, 0.02984, 0.02846, 0.02768 (0.02680)	KLD: 3.643, 3.574, 3.117, 2.585, 2.174, 2.170, 1.928, 1.590, 1.463, 1.259 (23.818)	Grad: 2056.3
[Epoch  36 (79.11s)]	ELBO (bits/dim): 2.63831, 2.81257, 2.95287, 3.03351, 3.08528, 3.13287, 3.16307, 3.18167, 3.19634, 3.20475 (3.21797)	Reconstruction error (/dim): 0.06769, 0.05785, 0.04881, 0.04246, 0.03799, 0.03400, 0.03146, 0.02978, 0.02842, 0.02765 (0.02666)	KLD: 3.649, 3.572, 3.127, 2.582, 2.168, 2.175, 1.932, 1.590, 1.470, 1.274 (23.422)	Grad: 1960.0
[Epoch  37 (74.34s)]	ELBO (bits/dim): 2.63915, 2.81410, 2.95377, 3.03415, 3.08595, 3.13356, 3.16380, 3.18236, 3.19721, 3.20548 (3.21590)	Reconstruction error (/dim): 0.06765, 0.05772, 0.04874, 0.04243, 0.03796, 0.03395, 0.03140, 0.02973, 0.02834, 0.02760 (0.02667)	KLD: 3.661, 3.575, 3.122, 2.588, 2.168, 2.180, 1.930, 1.594, 1.478, 1.267 (23.345)	Grad: 2113.6
[Epoch  38 (69.71s)]	ELBO (bits/dim): 2.64011, 2.81522, 2.95477, 3.03522, 3.08704, 3.13448, 3.16448, 3.18320, 3.19819, 3.20628 (3.21818)	Reconstruction error (/dim): 0.06758, 0.05764, 0.04865, 0.04233, 0.03786, 0.03388, 0.03136, 0.02967, 0.02829, 0.02754 (0.02663)	KLD: 3.664, 3.585, 3.125, 2.591, 2.165, 2.176, 1.926, 1.593, 1.476, 1.260 (23.357)	Grad: 2181.5
[Epoch  39 (69.22s)]	ELBO (bits/dim): 2.64091, 2.81666, 2.95581, 3.03608, 3.08802, 3.13534, 3.16533, 3.18415, 3.19917, 3.20690 (3.21887)	Reconstruction error (/dim): 0.06754, 0.05753, 0.04858, 0.04227, 0.03778, 0.03382, 0.03129, 0.02959, 0.02821, 0.02750 (0.02658)	KLD: 3.675, 3.589, 3.129, 2.594, 2.164, 2.171, 1.928, 1.600, 1.474, 1.259 (23.206)	Grad: 2131.5
[Epoch  40 (69.35s)]	ELBO (bits/dim): 2.64168, 2.81780, 2.95651, 3.03653, 3.08829, 3.13569, 3.16559, 3.18453, 3.19949, 3.20721 (3.21955)	Reconstruction error (/dim): 0.06745, 0.05744, 0.04852, 0.04225, 0.03779, 0.03381, 0.03130, 0.02957, 0.02820, 0.02748 (0.02644)	KLD: 3.682, 3.587, 3.125, 2.587, 2.163, 2.178, 1.929, 1.599, 1.486, 1.254 (23.469)	Grad: 2460.5
[Epoch  41 (70.41s)]	ELBO (bits/dim): 2.64250, 2.81893, 2.95748, 3.03772, 3.08944, 3.13675, 3.16647, 3.18557, 3.20043, 3.20790 (3.22015)	Reconstruction error (/dim): 0.06744, 0.05736, 0.04842, 0.04212, 0.03770, 0.03374, 0.03121, 0.02947, 0.02812, 0.02742 (0.02650)	KLD: 3.695, 3.588, 3.128, 2.597, 2.165, 2.176, 1.930, 1.606, 1.480, 1.259 (23.418)	Grad: 2252.6
[Epoch  42 (70.36s)]	ELBO (bits/dim): 2.64333, 2.82002, 2.95855, 3.03835, 3.09023, 3.13736, 3.16736, 3.18625, 3.20137, 3.20887 (3.21978)	Reconstruction error (/dim): 0.06738, 0.05729, 0.04835, 0.04209, 0.03763, 0.03369, 0.03117, 0.02943, 0.02806, 0.02735 (0.02643)	KLD: 3.699, 3.597, 3.130, 2.599, 2.168, 2.177, 1.930, 1.600, 1.480, 1.248 (23.835)	Grad: 2292.0
[Epoch  43 (71.17s)]	ELBO (bits/dim): 2.64407, 2.82123, 2.95932, 3.03905, 3.09076, 3.13789, 3.16779, 3.18680, 3.20189, 3.20917 (3.22055)	Reconstruction error (/dim): 0.06730, 0.05718, 0.04826, 0.04204, 0.03761, 0.03367, 0.03115, 0.02941, 0.02803, 0.02733 (0.02652)	KLD: 3.705, 3.601, 3.133, 2.594, 2.165, 2.170, 1.930, 1.612, 1.483, 1.242 (23.621)	Grad: 2251.8
[Epoch  44 (70.56s)]	ELBO (bits/dim): 2.64489, 2.82242, 2.96024, 3.04011, 3.09173, 3.13902, 3.16885, 3.18783, 3.20294, 3.21018 (3.22134)	Reconstruction error (/dim): 0.06724, 0.05706, 0.04819, 0.04196, 0.03754, 0.03357, 0.03106, 0.02932, 0.02794, 0.02726 (0.02637)	KLD: 3.709, 3.604, 3.133, 2.600, 2.162, 2.174, 1.936, 1.610, 1.490, 1.234 (23.499)	Grad: 2233.8
[Epoch  45 (69.74s)]	ELBO (bits/dim): 2.64556, 2.82346, 2.96104, 3.04062, 3.09224, 3.13926, 3.16913, 3.18820, 3.20330, 3.21034 (3.22271)	Reconstruction error (/dim): 0.06722, 0.05702, 0.04813, 0.04192, 0.03750, 0.03356, 0.03103, 0.02930, 0.02793, 0.02727 (0.02618)	KLD: 3.720, 3.608, 3.133, 2.602, 2.165, 2.174, 1.936, 1.617, 1.483, 1.239 (23.800)	Grad: 2503.2
[Epoch  46 (72.16s)]	ELBO (bits/dim): 2.64624, 2.82455, 2.96190, 3.04128, 3.09311, 3.14008, 3.16983, 3.18907, 3.20412, 3.21105 (3.22089)	Reconstruction error (/dim): 0.06719, 0.05693, 0.04809, 0.04188, 0.03745, 0.03351, 0.03100, 0.02924, 0.02788, 0.02720 (0.02667)	KLD: 3.725, 3.612, 3.133, 2.603, 2.166, 2.170, 1.932, 1.618, 1.497, 1.233 (23.510)	Grad: 2257.5
[Epoch  47 (73.49s)]	ELBO (bits/dim): 2.64687, 2.82543, 2.96247, 3.04173, 3.09335, 3.14035, 3.17015, 3.18958, 3.20447, 3.21144 (3.22302)	Reconstruction error (/dim): 0.06711, 0.05686, 0.04802, 0.04185, 0.03743, 0.03349, 0.03096, 0.02919, 0.02783, 0.02717 (0.02627)	KLD: 3.731, 3.615, 3.135, 2.603, 2.160, 2.173, 1.934, 1.622, 1.489, 1.230 (23.439)	Grad: 2392.9
[Epoch  48 (78.06s)]	ELBO (bits/dim): 2.64765, 2.82661, 2.96356, 3.04274, 3.09447, 3.14140, 3.17120, 3.19051, 3.20537, 3.21221 (3.22223)	Reconstruction error (/dim): 0.06705, 0.05677, 0.04793, 0.04177, 0.03735, 0.03342, 0.03090, 0.02912, 0.02778, 0.02713 (0.02633)	KLD: 3.736, 3.617, 3.136, 2.602, 2.157, 2.175, 1.936, 1.623, 1.494, 1.224 (23.355)	Grad: 2261.3
[Epoch  49 (78.31s)]	ELBO (bits/dim): 2.64819, 2.82713, 2.96376, 3.04294, 3.09464, 3.14166, 3.17127, 3.19063, 3.20552, 3.21245 (3.22150)	Reconstruction error (/dim): 0.06706, 0.05673, 0.04792, 0.04175, 0.03734, 0.03340, 0.03089, 0.02912, 0.02777, 0.02711 (0.02628)	KLD: 3.747, 3.618, 3.141, 2.610, 2.163, 2.171, 1.940, 1.629, 1.495, 1.221 (24.014)	Grad: 2472.5
[Epoch  50 (71.16s)]	ELBO (bits/dim): 2.64883, 2.82804, 2.96469, 3.04386, 3.09546, 3.14221, 3.17198, 3.19142, 3.20644, 3.21315 (3.22492)	Reconstruction error (/dim): 0.06698, 0.05667, 0.04785, 0.04168, 0.03727, 0.03336, 0.03083, 0.02905, 0.02769, 0.02705 (0.02618)	KLD: 3.751, 3.624, 3.138, 2.605, 2.164, 2.177, 1.935, 1.632, 1.493, 1.221 (23.649)	Grad: 2532.6
[Epoch  51 (70.44s)]	ELBO (bits/dim): 2.64939, 2.82920, 2.96543, 3.04415, 3.09589, 3.14272, 3.17225, 3.19188, 3.20686, 3.21355 (3.22361)	Reconstruction error (/dim): 0.06694, 0.05659, 0.04778, 0.04167, 0.03725, 0.03333, 0.03083, 0.02903, 0.02769, 0.02703 (0.02627)	KLD: 3.753, 3.627, 3.139, 2.613, 2.163, 2.164, 1.941, 1.629, 1.494, 1.224 (23.784)	Grad: 2260.7
[Epoch  52 (73.39s)]	ELBO (bits/dim): 2.64978, 2.82969, 2.96611, 3.04471, 3.09630, 3.14300, 3.17261, 3.19224, 3.20696, 3.21371 (3.22422)	Reconstruction error (/dim): 0.06695, 0.05655, 0.04770, 0.04162, 0.03723, 0.03330, 0.03079, 0.02901, 0.02767, 0.02702 (0.02619)	KLD: 3.758, 3.625, 3.142, 2.615, 2.158, 2.173, 1.937, 1.634, 1.490, 1.218 (23.960)	Grad: 2590.0
[Epoch  53 (80.62s)]	ELBO (bits/dim): 2.65046, 2.83091, 2.96665, 3.04527, 3.09709, 3.14375, 3.17325, 3.19291, 3.20761, 3.21442 (3.22522)	Reconstruction error (/dim): 0.06687, 0.05647, 0.04767, 0.04158, 0.03716, 0.03326, 0.03074, 0.02895, 0.02763, 0.02696 (0.02623)	KLD: 3.765, 3.625, 3.140, 2.613, 2.155, 2.174, 1.942, 1.631, 1.491, 1.221 (23.290)	Grad: 2283.0
[Epoch  54 (83.87s)]	ELBO (bits/dim): 2.65117, 2.83159, 2.96738, 3.04603, 3.09768, 3.14420, 3.17373, 3.19342, 3.20814, 3.21491 (3.22426)	Reconstruction error (/dim): 0.06681, 0.05641, 0.04761, 0.04152, 0.03711, 0.03322, 0.03072, 0.02893, 0.02759, 0.02694 (0.02624)	KLD: 3.770, 3.626, 3.143, 2.616, 2.159, 2.166, 1.944, 1.638, 1.499, 1.217 (24.115)	Grad: 2357.0
[Epoch  55 (81.75s)]	ELBO (bits/dim): 2.65174, 2.83245, 2.96812, 3.04628, 3.09804, 3.14449, 3.17414, 3.19374, 3.20854, 3.21527 (3.22549)	Reconstruction error (/dim): 0.06681, 0.05637, 0.04755, 0.04151, 0.03710, 0.03321, 0.03070, 0.02891, 0.02757, 0.02692 (0.02606)	KLD: 3.772, 3.627, 3.146, 2.616, 2.160, 2.171, 1.949, 1.637, 1.502, 1.222 (23.952)	Grad: 2668.3
[Epoch  56 (79.29s)]	ELBO (bits/dim): 2.65206, 2.83295, 2.96837, 3.04663, 3.09836, 3.14500, 3.17448, 3.19416, 3.20885, 3.21563 (3.22450)	Reconstruction error (/dim): 0.06676, 0.05633, 0.04752, 0.04147, 0.03707, 0.03317, 0.03066, 0.02886, 0.02753, 0.02687 (0.02621)	KLD: 3.784, 3.635, 3.152, 2.623, 2.163, 2.167, 1.949, 1.639, 1.494, 1.226 (23.622)	Grad: 2312.9
[Epoch  57 (81.77s)]	ELBO (bits/dim): 2.65272, 2.83368, 2.96896, 3.04714, 3.09880, 3.14518, 3.17462, 3.19440, 3.20909, 3.21571 (3.22595)	Reconstruction error (/dim): 0.06674, 0.05628, 0.04748, 0.04144, 0.03705, 0.03317, 0.03067, 0.02887, 0.02753, 0.02689 (0.02609)	KLD: 3.786, 3.628, 3.149, 2.622, 2.163, 2.172, 1.949, 1.640, 1.497, 1.223 (23.387)	Grad: 2773.5
[Epoch  58 (80.55s)]	ELBO (bits/dim): 2.65328, 2.83449, 2.96965, 3.04775, 3.09951, 3.14599, 3.17555, 3.19536, 3.21001, 3.21653 (3.22593)	Reconstruction error (/dim): 0.06669, 0.05621, 0.04740, 0.04138, 0.03699, 0.03310, 0.03058, 0.02878, 0.02745, 0.02680 (0.02626)	KLD: 3.794, 3.635, 3.150, 2.619, 2.155, 2.166, 1.944, 1.646, 1.505, 1.228 (23.755)	Grad: 2391.9
[Epoch  59 (74.97s)]	ELBO (bits/dim): 2.65386, 2.83515, 2.97013, 3.04820, 3.09976, 3.14613, 3.17554, 3.19537, 3.21002, 3.21672 (3.22807)	Reconstruction error (/dim): 0.06665, 0.05619, 0.04734, 0.04135, 0.03695, 0.03307, 0.03058, 0.02878, 0.02744, 0.02680 (0.02598)	KLD: 3.798, 3.634, 3.151, 2.625, 2.166, 2.172, 1.948, 1.649, 1.509, 1.222 (23.660)	Grad: 2606.6
[Epoch  60 (73.36s)]	ELBO (bits/dim): 2.65413, 2.83591, 2.97073, 3.04873, 3.10033, 3.14672, 3.17616, 3.19594, 3.21055, 3.21722 (3.22764)	Reconstruction error (/dim): 0.06663, 0.05612, 0.04731, 0.04131, 0.03693, 0.03305, 0.03055, 0.02876, 0.02744, 0.02678 (0.02616)	KLD: 3.800, 3.638, 3.149, 2.623, 2.163, 2.164, 1.944, 1.651, 1.498, 1.225 (23.962)	Grad: 2747.5
[Epoch  61 (76.58s)]	ELBO (bits/dim): 2.65493, 2.83669, 2.97129, 3.04903, 3.10068, 3.14707, 3.17659, 3.19660, 3.21101, 3.21767 (3.22778)	Reconstruction error (/dim): 0.06660, 0.05606, 0.04726, 0.04130, 0.03690, 0.03303, 0.03052, 0.02870, 0.02739, 0.02674 (0.02619)	KLD: 3.809, 3.637, 3.156, 2.623, 2.161, 2.167, 1.950, 1.647, 1.500, 1.222 (23.671)	Grad: 2595.0
[Epoch  62 (81.02s)]	ELBO (bits/dim): 2.65522, 2.83712, 2.97173, 3.04951, 3.10120, 3.14746, 3.17692, 3.19668, 3.21132, 3.21784 (3.22596)	Reconstruction error (/dim): 0.06654, 0.05604, 0.04721, 0.04125, 0.03685, 0.03299, 0.03049, 0.02869, 0.02736, 0.02674 (0.02596)	KLD: 3.813, 3.646, 3.157, 2.626, 2.160, 2.165, 1.948, 1.653, 1.507, 1.227 (23.818)	Grad: 2594.5
[Epoch  63 (81.91s)]	ELBO (bits/dim): 2.65595, 2.83833, 2.97257, 3.05023, 3.10180, 3.14789, 3.17743, 3.19736, 3.21175, 3.21830 (3.22741)	Reconstruction error (/dim): 0.06649, 0.05595, 0.04715, 0.04120, 0.03681, 0.03298, 0.03046, 0.02866, 0.02735, 0.02670 (0.02607)	KLD: 3.812, 3.656, 3.152, 2.628, 2.156, 2.167, 1.955, 1.654, 1.497, 1.228 (23.722)	Grad: 2592.6
[Epoch  64 (81.71s)]	ELBO (bits/dim): 2.65611, 2.83861, 2.97256, 3.05013, 3.10188, 3.14822, 3.17766, 3.19753, 3.21195, 3.21847 (3.22827)	Reconstruction error (/dim): 0.06649, 0.05592, 0.04714, 0.04120, 0.03681, 0.03295, 0.03044, 0.02865, 0.02734, 0.02670 (0.02606)	KLD: 3.822, 3.648, 3.151, 2.628, 2.155, 2.173, 1.947, 1.654, 1.510, 1.230 (23.801)	Grad: 2496.7
[Epoch  65 (83.14s)]	ELBO (bits/dim): 2.65661, 2.83941, 2.97352, 3.05078, 3.10250, 3.14870, 3.17825, 3.19802, 3.21237, 3.21901 (3.22718)	Reconstruction error (/dim): 0.06645, 0.05589, 0.04707, 0.04115, 0.03676, 0.03292, 0.03040, 0.02861, 0.02731, 0.02665 (0.02602)	KLD: 3.824, 3.649, 3.151, 2.630, 2.159, 2.174, 1.953, 1.656, 1.513, 1.233 (23.902)	Grad: 2670.2
[Epoch  66 (87.80s)]	ELBO (bits/dim): 2.65703, 2.83966, 2.97355, 3.05088, 3.10264, 3.14886, 3.17826, 3.19807, 3.21250, 3.21915 (3.22920)	Reconstruction error (/dim): 0.06643, 0.05586, 0.04705, 0.04115, 0.03675, 0.03290, 0.03040, 0.02860, 0.02731, 0.02665 (0.02597)	KLD: 3.828, 3.658, 3.155, 2.628, 2.157, 2.167, 1.955, 1.656, 1.513, 1.239 (23.901)	Grad: 2766.0
[Epoch  67 (83.00s)]	ELBO (bits/dim): 2.65774, 2.84034, 2.97415, 3.05140, 3.10312, 3.14914, 3.17856, 3.19844, 3.21288, 3.21928 (3.22804)	Reconstruction error (/dim): 0.06637, 0.05582, 0.04700, 0.04111, 0.03670, 0.03288, 0.03037, 0.02858, 0.02727, 0.02663 (0.02588)	KLD: 3.832, 3.653, 3.162, 2.633, 2.158, 2.177, 1.951, 1.656, 1.509, 1.237 (24.086)	Grad: 2487.1
[Epoch  68 (84.66s)]	ELBO (bits/dim): 2.65793, 2.84095, 2.97457, 3.05180, 3.10357, 3.14960, 3.17895, 3.19882, 3.21335, 3.21985 (3.22797)	Reconstruction error (/dim): 0.06636, 0.05578, 0.04697, 0.04107, 0.03667, 0.03283, 0.03035, 0.02855, 0.02722, 0.02658 (0.02598)	KLD: 3.828, 3.655, 3.159, 2.634, 2.154, 2.167, 1.948, 1.661, 1.508, 1.232 (23.851)	Grad: 2666.9
[Epoch  69 (80.28s)]	ELBO (bits/dim): 2.65867, 2.84177, 2.97519, 3.05230, 3.10393, 3.14988, 3.17943, 3.19936, 3.21365, 3.22025 (3.22889)	Reconstruction error (/dim): 0.06629, 0.05575, 0.04690, 0.04103, 0.03664, 0.03283, 0.03031, 0.02851, 0.02720, 0.02655 (0.02604)	KLD: 3.843, 3.657, 3.159, 2.639, 2.160, 2.172, 1.955, 1.662, 1.518, 1.252 (23.873)	Grad: 2627.1
[Epoch  70 (77.65s)]	ELBO (bits/dim): 2.65889, 2.84191, 2.97527, 3.05254, 3.10406, 3.15016, 3.17967, 3.19958, 3.21382, 3.22040 (3.22777)	Reconstruction error (/dim): 0.06626, 0.05573, 0.04691, 0.04102, 0.03664, 0.03281, 0.03030, 0.02850, 0.02721, 0.02657 (0.02604)	KLD: 3.838, 3.668, 3.163, 2.633, 2.154, 2.174, 1.956, 1.664, 1.509, 1.242 (24.068)	Grad: 2950.2
[Epoch  71 (78.73s)]	ELBO (bits/dim): 2.65946, 2.84289, 2.97626, 3.05314, 3.10482, 3.15071, 3.18011, 3.20018, 3.21433, 3.22091 (3.23006)	Reconstruction error (/dim): 0.06625, 0.05565, 0.04679, 0.04097, 0.03658, 0.03276, 0.03026, 0.02845, 0.02717, 0.02651 (0.02590)	KLD: 3.846, 3.669, 3.164, 2.636, 2.153, 2.168, 1.953, 1.665, 1.513, 1.245 (24.138)	Grad: 2867.0
[Epoch  72 (85.53s)]	ELBO (bits/dim): 2.65970, 2.84320, 2.97639, 3.05316, 3.10481, 3.15067, 3.18020, 3.20018, 3.21427, 3.22086 (3.22784)	Reconstruction error (/dim): 0.06625, 0.05567, 0.04680, 0.04097, 0.03658, 0.03278, 0.03027, 0.02847, 0.02716, 0.02652 (0.02614)	KLD: 3.852, 3.666, 3.168, 2.635, 2.153, 2.166, 1.963, 1.666, 1.526, 1.256 (24.106)	Grad: 2958.4
[Epoch  73 (83.09s)]	ELBO (bits/dim): 2.66011, 2.84372, 2.97678, 3.05382, 3.10534, 3.15130, 3.18081, 3.20058, 3.21486, 3.22138 (3.22993)	Reconstruction error (/dim): 0.06620, 0.05562, 0.04677, 0.04091, 0.03654, 0.03273, 0.03021, 0.02844, 0.02714, 0.02650 (0.02591)	KLD: 3.855, 3.664, 3.166, 2.639, 2.155, 2.164, 1.957, 1.672, 1.528, 1.266 (23.754)	Grad: 2793.0
[Epoch  74 (75.35s)]	ELBO (bits/dim): 2.66057, 2.84435, 2.97716, 3.05398, 3.10557, 3.15158, 3.18105, 3.20083, 3.21504, 3.22153 (3.22850)	Reconstruction error (/dim): 0.06620, 0.05557, 0.04672, 0.04090, 0.03651, 0.03271, 0.03020, 0.02842, 0.02712, 0.02648 (0.02593)	KLD: 3.859, 3.676, 3.164, 2.638, 2.153, 2.165, 1.961, 1.666, 1.520, 1.264 (24.114)	Grad: 2537.6
[Epoch  75 (66.43s)]	ELBO (bits/dim): 2.66118, 2.84500, 2.97785, 3.05434, 3.10585, 3.15176, 3.18115, 3.20109, 3.21535, 3.22185 (3.23088)	Reconstruction error (/dim): 0.06615, 0.05553, 0.04669, 0.04087, 0.03650, 0.03270, 0.03020, 0.02840, 0.02710, 0.02645 (0.02586)	KLD: 3.861, 3.674, 3.164, 2.639, 2.155, 2.172, 1.957, 1.674, 1.527, 1.270 (24.151)	Grad: 3006.2
[Epoch  76 (62.63s)]	ELBO (bits/dim): 2.66144, 2.84552, 2.97801, 3.05457, 3.10612, 3.15199, 3.18138, 3.20133, 3.21544, 3.22213 (3.22892)	Reconstruction error (/dim): 0.06614, 0.05550, 0.04667, 0.04085, 0.03648, 0.03268, 0.03017, 0.02839, 0.02710, 0.02644 (0.02594)	KLD: 3.863, 3.677, 3.163, 2.632, 2.150, 2.174, 1.953, 1.674, 1.532, 1.268 (24.019)	Grad: 3018.8
[Epoch  77 (62.95s)]	ELBO (bits/dim): 2.66212, 2.84604, 2.97852, 3.05521, 3.10677, 3.15253, 3.18189, 3.20181, 3.21587, 3.22245 (3.22966)	Reconstruction error (/dim): 0.06607, 0.05548, 0.04661, 0.04081, 0.03643, 0.03264, 0.03015, 0.02835, 0.02707, 0.02640 (0.02580)	KLD: 3.869, 3.681, 3.170, 2.636, 2.154, 2.170, 1.957, 1.673, 1.525, 1.272 (23.919)	Grad: 2557.6
[Epoch  78 (64.17s)]	ELBO (bits/dim): 2.66247, 2.84645, 2.97882, 3.05544, 3.10689, 3.15274, 3.18222, 3.20227, 3.21629, 3.22280 (3.23161)	Reconstruction error (/dim): 0.06605, 0.05545, 0.04660, 0.04078, 0.03642, 0.03262, 0.03011, 0.02831, 0.02704, 0.02639 (0.02573)	KLD: 3.876, 3.684, 3.167, 2.634, 2.145, 2.171, 1.960, 1.675, 1.535, 1.265 (23.740)	Grad: 2584.6
[Epoch  79 (65.94s)]	ELBO (bits/dim): 2.66269, 2.84671, 2.97885, 3.05541, 3.10710, 3.15278, 3.18205, 3.20191, 3.21594, 3.22246 (3.23086)	Reconstruction error (/dim): 0.06605, 0.05544, 0.04658, 0.04079, 0.03639, 0.03262, 0.03013, 0.02835, 0.02707, 0.02641 (0.02588)	KLD: 3.877, 3.676, 3.176, 2.642, 2.149, 2.171, 1.949, 1.680, 1.542, 1.276 (24.092)	Grad: 3103.8
[Epoch  80 (65.86s)]	ELBO (bits/dim): 2.66321, 2.84736, 2.97958, 3.05609, 3.10773, 3.15335, 3.18269, 3.20258, 3.21667, 3.22317 (3.22837)	Reconstruction error (/dim): 0.06600, 0.05537, 0.04651, 0.04074, 0.03636, 0.03258, 0.03009, 0.02832, 0.02702, 0.02638 (0.02583)	KLD: 3.885, 3.683, 3.167, 2.643, 2.151, 2.164, 1.962, 1.672, 1.533, 1.272 (24.120)	Grad: 2598.3
[Epoch  81 (65.87s)]	ELBO (bits/dim): 2.66359, 2.84795, 2.98000, 3.05618, 3.10767, 3.15355, 3.18281, 3.20271, 3.21682, 3.22333 (3.23033)	Reconstruction error (/dim): 0.06595, 0.05534, 0.04648, 0.04074, 0.03638, 0.03257, 0.03008, 0.02829, 0.02699, 0.02634 (0.02585)	KLD: 3.885, 3.685, 3.171, 2.641, 2.149, 2.172, 1.953, 1.679, 1.538, 1.281 (24.059)	Grad: 3016.6
[Epoch  82 (67.88s)]	ELBO (bits/dim): 2.66395, 2.84834, 2.98021, 3.05642, 3.10807, 3.15364, 3.18299, 3.20286, 3.21696, 3.22336 (3.23208)	Reconstruction error (/dim): 0.06595, 0.05531, 0.04646, 0.04071, 0.03633, 0.03257, 0.03007, 0.02829, 0.02700, 0.02636 (0.02573)	KLD: 3.892, 3.684, 3.173, 2.644, 2.152, 2.173, 1.952, 1.682, 1.541, 1.281 (24.136)	Grad: 3047.6
[Epoch  83 (67.24s)]	ELBO (bits/dim): 2.66443, 2.84887, 2.98058, 3.05678, 3.10822, 3.15400, 3.18323, 3.20315, 3.21709, 3.22350 (3.23024)	Reconstruction error (/dim): 0.06588, 0.05528, 0.04642, 0.04068, 0.03632, 0.03253, 0.03006, 0.02826, 0.02699, 0.02635 (0.02579)	KLD: 3.892, 3.684, 3.167, 2.637, 2.150, 2.174, 1.955, 1.683, 1.545, 1.288 (24.186)	Grad: 2962.6
[Epoch  84 (72.08s)]	ELBO (bits/dim): 2.66470, 2.84911, 2.98067, 3.05697, 3.10843, 3.15420, 3.18328, 3.20327, 3.21727, 3.22382 (3.22996)	Reconstruction error (/dim): 0.06590, 0.05528, 0.04643, 0.04067, 0.03631, 0.03252, 0.03005, 0.02826, 0.02699, 0.02633 (0.02573)	KLD: 3.896, 3.694, 3.172, 2.644, 2.150, 2.166, 1.953, 1.685, 1.548, 1.285 (23.988)	Grad: 2902.3
[Epoch  85 (64.25s)]	ELBO (bits/dim): 2.66525, 2.84962, 2.98128, 3.05730, 3.10888, 3.15457, 3.18384, 3.20383, 3.21773, 3.22420 (3.23241)	Reconstruction error (/dim): 0.06584, 0.05525, 0.04637, 0.04065, 0.03628, 0.03250, 0.03001, 0.02822, 0.02695, 0.02630 (0.02563)	KLD: 3.898, 3.697, 3.178, 2.640, 2.146, 2.162, 1.963, 1.686, 1.549, 1.285 (24.260)	Grad: 3030.5
[Epoch  86 (64.61s)]	ELBO (bits/dim): 2.66544, 2.85020, 2.98169, 3.05778, 3.10921, 3.15480, 3.18410, 3.20382, 3.21783, 3.22438 (3.23110)	Reconstruction error (/dim): 0.06582, 0.05521, 0.04634, 0.04061, 0.03624, 0.03248, 0.02998, 0.02821, 0.02693, 0.02628 (0.02592)	KLD: 3.906, 3.694, 3.176, 2.641, 2.148, 2.173, 1.958, 1.689, 1.546, 1.295 (23.991)	Grad: 3022.2
[Epoch  87 (63.40s)]	ELBO (bits/dim): 2.66566, 2.85050, 2.98190, 3.05795, 3.10943, 3.15487, 3.18410, 3.20396, 3.21791, 3.22445 (3.23243)	Reconstruction error (/dim): 0.06585, 0.05520, 0.04632, 0.04058, 0.03622, 0.03247, 0.02999, 0.02822, 0.02694, 0.02629 (0.02558)	KLD: 3.910, 3.698, 3.176, 2.636, 2.146, 2.163, 1.957, 1.688, 1.544, 1.292 (24.125)	Grad: 2652.7
[Epoch  88 (63.99s)]	ELBO (bits/dim): 2.66601, 2.85094, 2.98191, 3.05800, 3.10948, 3.15493, 3.18414, 3.20403, 3.21799, 3.22433 (3.23173)	Reconstruction error (/dim): 0.06580, 0.05517, 0.04631, 0.04059, 0.03621, 0.03247, 0.02998, 0.02821, 0.02692, 0.02628 (0.02569)	KLD: 3.912, 3.698, 3.178, 2.641, 2.146, 2.166, 1.962, 1.684, 1.548, 1.293 (24.193)	Grad: 3176.1
[Epoch  89 (63.53s)]	ELBO (bits/dim): 2.66657, 2.85126, 2.98245, 3.05842, 3.10986, 3.15539, 3.18447, 3.20438, 3.21834, 3.22487 (3.22884)	Reconstruction error (/dim): 0.06573, 0.05515, 0.04627, 0.04056, 0.03620, 0.03243, 0.02996, 0.02819, 0.02689, 0.02625 (0.02580)	KLD: 3.916, 3.698, 3.176, 2.643, 2.146, 2.160, 1.963, 1.686, 1.554, 1.295 (24.607)	Grad: 3185.4
[Epoch  90 (64.73s)]	ELBO (bits/dim): 2.66691, 2.85157, 2.98264, 3.05848, 3.11003, 3.15554, 3.18461, 3.20450, 3.21831, 3.22485 (3.23246)	Reconstruction error (/dim): 0.06573, 0.05512, 0.04624, 0.04054, 0.03617, 0.03243, 0.02996, 0.02818, 0.02691, 0.02626 (0.02564)	KLD: 3.918, 3.695, 3.177, 2.653, 2.149, 2.166, 1.963, 1.695, 1.555, 1.301 (24.039)	Grad: 3150.6
[Epoch  91 (63.29s)]	ELBO (bits/dim): 2.66758, 2.85218, 2.98317, 3.05900, 3.11040, 3.15581, 3.18498, 3.20474, 3.21858, 3.22509 (3.23166)	Reconstruction error (/dim): 0.06570, 0.05509, 0.04621, 0.04050, 0.03614, 0.03239, 0.02991, 0.02814, 0.02687, 0.02624 (0.02579)	KLD: 3.924, 3.702, 3.184, 2.648, 2.147, 2.163, 1.959, 1.686, 1.550, 1.296 (24.078)	Grad: 3233.3
[Epoch  92 (63.51s)]	ELBO (bits/dim): 2.66768, 2.85254, 2.98356, 3.05948, 3.11087, 3.15617, 3.18542, 3.20514, 3.21910, 3.22552 (3.23211)	Reconstruction error (/dim): 0.06567, 0.05506, 0.04618, 0.04046, 0.03612, 0.03237, 0.02989, 0.02814, 0.02685, 0.02621 (0.02568)	KLD: 3.928, 3.699, 3.175, 2.648, 2.147, 2.163, 1.952, 1.695, 1.562, 1.297 (24.391)	Grad: 2893.1
[Epoch  93 (63.05s)]	ELBO (bits/dim): 2.66861, 2.85318, 2.98420, 3.06018, 3.11138, 3.15691, 3.18590, 3.20568, 3.21952, 3.22594 (3.23238)	Reconstruction error (/dim): 0.06559, 0.05502, 0.04611, 0.04041, 0.03608, 0.03232, 0.02985, 0.02808, 0.02680, 0.02616 (0.02559)	KLD: 3.922, 3.708, 3.181, 2.650, 2.150, 2.165, 1.964, 1.699, 1.562, 1.301 (24.320)	Grad: 3250.2
[Epoch  94 (63.70s)]	ELBO (bits/dim): 2.66863, 2.85324, 2.98394, 3.05976, 3.11115, 3.15641, 3.18553, 3.20534, 3.21908, 3.22560 (3.23388)	Reconstruction error (/dim): 0.06561, 0.05501, 0.04612, 0.04045, 0.03609, 0.03236, 0.02989, 0.02812, 0.02686, 0.02620 (0.02553)	KLD: 3.936, 3.703, 3.179, 2.644, 2.139, 2.167, 1.958, 1.700, 1.560, 1.294 (24.197)	Grad: 3134.4
[Epoch  95 (63.87s)]	ELBO (bits/dim): 2.66882, 2.85360, 2.98439, 3.06001, 3.11143, 3.15676, 3.18598, 3.20559, 3.21947, 3.22596 (3.23232)	Reconstruction error (/dim): 0.06561, 0.05501, 0.04611, 0.04043, 0.03607, 0.03234, 0.02985, 0.02811, 0.02682, 0.02617 (0.02575)	KLD: 3.936, 3.708, 3.179, 2.645, 2.149, 2.167, 1.960, 1.700, 1.561, 1.306 (24.233)	Grad: 2750.2
[Epoch  96 (64.07s)]	ELBO (bits/dim): 2.66940, 2.85416, 2.98454, 3.06030, 3.11163, 3.15703, 3.18605, 3.20578, 3.21946, 3.22610 (3.23337)	Reconstruction error (/dim): 0.06555, 0.05494, 0.04609, 0.04039, 0.03605, 0.03231, 0.02984, 0.02809, 0.02682, 0.02616 (0.02573)	KLD: 3.944, 3.705, 3.182, 2.654, 2.150, 2.158, 1.961, 1.692, 1.564, 1.300 (24.205)	Grad: 3334.9
[Epoch  97 (63.50s)]	ELBO (bits/dim): 2.66991, 2.85428, 2.98481, 3.06029, 3.11191, 3.15713, 3.18611, 3.20591, 3.21964, 3.22619 (3.23096)	Reconstruction error (/dim): 0.06552, 0.05496, 0.04606, 0.04039, 0.03602, 0.03229, 0.02984, 0.02807, 0.02681, 0.02615 (0.02578)	KLD: 3.943, 3.709, 3.184, 2.653, 2.149, 2.166, 1.960, 1.697, 1.570, 1.307 (24.308)	Grad: 3337.5
[Epoch  98 (63.47s)]	ELBO (bits/dim): 2.67020, 2.85499, 2.98538, 3.06077, 3.11215, 3.15734, 3.18655, 3.20626, 3.21999, 3.22643 (3.23325)	Reconstruction error (/dim): 0.06553, 0.05489, 0.04601, 0.04035, 0.03602, 0.03229, 0.02981, 0.02805, 0.02679, 0.02614 (0.02565)	KLD: 3.944, 3.716, 3.183, 2.657, 2.141, 2.163, 1.962, 1.697, 1.566, 1.295 (24.496)	Grad: 3506.2
[Epoch  99 (63.35s)]	ELBO (bits/dim): 2.67055, 2.85538, 2.98583, 3.06132, 3.11270, 3.15788, 3.18690, 3.20639, 3.22030, 3.22671 (3.23309)	Reconstruction error (/dim): 0.06548, 0.05487, 0.04599, 0.04031, 0.03597, 0.03224, 0.02978, 0.02805, 0.02677, 0.02613 (0.02563)	KLD: 3.959, 3.710, 3.180, 2.652, 2.143, 2.162, 1.952, 1.696, 1.569, 1.300 (24.249)	Grad: 2838.1
[Epoch 100 (62.77s)]	ELBO (bits/dim): 2.67078, 2.85547, 2.98595, 3.06127, 3.11279, 3.15794, 3.18700, 3.20665, 3.22036, 3.22685 (3.23168)	Reconstruction error (/dim): 0.06548, 0.05488, 0.04597, 0.04032, 0.03596, 0.03224, 0.02977, 0.02802, 0.02675, 0.02611 (0.02580)	KLD: 3.958, 3.715, 3.183, 2.653, 2.151, 2.157, 1.955, 1.700, 1.571, 1.307 (24.411)	Grad: 3087.8
Best epoch(s): [94]	Training time(s): 6991.56s (6991.56s)	Best ELBO (bits/dim): 3.22685 (3.23388)	Best reconstruction error (/dim): 0.08088 (0.06881)
Avg. mu: 0.066, -0.009, 0.012, 0.031, 0.109, -0.076, -0.164, -0.027, -0.198, -0.172
Avg. var: 0.001, 0.001, 0.002, 0.006, 0.015, 0.017, 0.024, 0.033, 0.040, 0.059
Max. mu: 3.664, 3.970, 3.385, 3.448, 2.802, 3.397, 3.714, 3.236, 2.411, 2.104
Max. var: 0.007, 0.011, 0.019, 0.041, 0.102, 0.125, 0.125, 0.127, 0.125, 0.129
Min. mu: -4.614, -4.161, -4.291, -4.550, -3.574, -3.826, -4.024, -4.040, -3.490, -4.077
Min. var: 0.000, 0.000, 0.000, 0.001, 0.002, 0.002, 0.002, 0.002, 0.003, 0.010
Cov. mu:
[[1.566 0.588 0.057 0.010 0.024 -0.138 0.176 0.005 0.033 -0.019]
 [0.588 1.426 0.167 -0.007 -0.017 -0.009 0.120 0.003 -0.008 -0.049]
 [0.057 0.167 0.896 0.037 0.082 0.060 0.006 0.009 -0.019 -0.025]
 [0.010 -0.007 0.037 0.947 -0.005 0.036 0.078 0.010 -0.034 0.020]
 [0.024 -0.017 0.082 -0.005 0.898 0.008 0.054 -0.018 -0.005 0.007]
 [-0.138 -0.009 0.060 0.036 0.008 0.922 0.039 0.041 -0.088 0.004]
 [0.176 0.120 0.006 0.078 0.054 0.039 0.898 0.059 0.026 -0.021]
 [0.005 0.003 0.009 0.010 -0.018 0.041 0.059 0.809 -0.002 -0.006]
 [0.033 -0.008 -0.019 -0.034 -0.005 -0.088 0.026 -0.002 0.719 -0.017]
 [-0.019 -0.049 -0.025 0.020 0.007 0.004 -0.021 -0.006 -0.017 0.568]]
