Seed: 2019
=================================================================
Layer (type:depth-idx)                   Param #
=================================================================
RNN                                      --
├─Canvas: 1-1                            --
│    └─Linear: 2-1                       784
├─Encoder: 1-2                           --
│    └─Linear: 2-2                       76,930
│    └─Linear: 2-3                       9,702
├─ModuleList: 1-3                        --
│    └─EncoderEncoderToLatents: 2-4      --
│    │    └─Linear: 3-1                  19,306
│    │    └─Linear: 3-2                  99
│    │    └─Linear: 3-3                  99
│    └─EncoderEncoderToLatents: 2-5      --
│    │    └─Linear: 3-4                  19,306
│    │    └─Linear: 3-5                  99
│    │    └─Linear: 3-6                  99
│    └─EncoderEncoderToLatents: 2-6      --
│    │    └─Linear: 3-7                  19,306
│    │    └─Linear: 3-8                  99
│    │    └─Linear: 3-9                  99
│    └─EncoderEncoderToLatents: 2-7      --
│    │    └─Linear: 3-10                 19,306
│    │    └─Linear: 3-11                 99
│    │    └─Linear: 3-12                 99
│    └─EncoderEncoderToLatents: 2-8      --
│    │    └─Linear: 3-13                 19,306
│    │    └─Linear: 3-14                 99
│    │    └─Linear: 3-15                 99
│    └─EncoderEncoderToLatents: 2-9      --
│    │    └─Linear: 3-16                 19,306
│    │    └─Linear: 3-17                 99
│    │    └─Linear: 3-18                 99
│    └─EncoderEncoderToLatents: 2-10     --
│    │    └─Linear: 3-19                 19,306
│    │    └─Linear: 3-20                 99
│    │    └─Linear: 3-21                 99
│    └─EncoderEncoderToLatents: 2-11     --
│    │    └─Linear: 3-22                 19,306
│    │    └─Linear: 3-23                 99
│    │    └─Linear: 3-24                 99
│    └─EncoderEncoderToLatents: 2-12     --
│    │    └─Linear: 3-25                 19,306
│    │    └─Linear: 3-26                 99
│    │    └─Linear: 3-27                 99
│    └─EncoderEncoderToLatents: 2-13     --
│    │    └─Linear: 3-28                 19,306
│    │    └─Linear: 3-29                 99
│    │    └─Linear: 3-30                 99
├─ModuleList: 1-4                        --
│    └─LatentsToDecoder: 2-14            --
│    │    └─Linear: 3-31                 196
│    └─LatentsToDecoder: 2-15            --
│    │    └─Linear: 3-32                 196
│    └─LatentsToDecoder: 2-16            --
│    │    └─Linear: 3-33                 196
│    └─LatentsToDecoder: 2-17            --
│    │    └─Linear: 3-34                 196
│    └─LatentsToDecoder: 2-18            --
│    │    └─Linear: 3-35                 196
│    └─LatentsToDecoder: 2-19            --
│    │    └─Linear: 3-36                 196
│    └─LatentsToDecoder: 2-20            --
│    │    └─Linear: 3-37                 196
│    └─LatentsToDecoder: 2-21            --
│    │    └─Linear: 3-38                 196
│    └─LatentsToDecoder: 2-22            --
│    │    └─Linear: 3-39                 196
│    └─LatentsToDecoder: 2-23            --
│    │    └─Linear: 3-40                 196
├─Decoder: 1-5                           --
│    └─Linear: 2-24                      9,702
│    └─Linear: 2-25                      77,616
=================================================================
Total params: 371,734
Trainable params: 371,734
Non-trainable params: 0
=================================================================
[Epoch   1 (31.98s)]	ELBO (bits/dim): 2.31167, 2.40057, 2.42747, 2.43759, 2.44315, 2.44421, 2.44333, 2.44017, 2.43556, 2.43084 (2.65787)	Reconstruction error (/dim): 0.08223, 0.07786, 0.07676, 0.07695, 0.07740, 0.07776, 0.07801, 0.07848, 0.07895, 0.07927 (0.06614)	KLD: 11.358, 2.512, 1.467, 0.601, 0.547, 0.468, 0.292, 0.464, 0.413, 0.404 (15.586)	Grad: 1018.7
[Epoch   2 (31.67s)]	ELBO (bits/dim): 2.48050, 2.62282, 2.69426, 2.73896, 2.77874, 2.78387, 2.78879, 2.78902, 2.78846, 2.78765 (2.91873)	Reconstruction error (/dim): 0.07870, 0.07042, 0.06602, 0.06113, 0.05811, 0.05782, 0.05708, 0.05714, 0.05733, 0.05747 (0.04783)	KLD: 4.326, 3.815, 2.677, 2.330, 2.047, 1.059, 0.828, 0.395, 0.213, 0.230 (20.830)	Grad: 1113.8
[Epoch   3 (31.63s)]	ELBO (bits/dim): 2.54123, 2.66248, 2.76009, 2.83569, 2.90946, 2.93489, 2.95227, 2.95986, 2.96119, 2.96077 (3.01030)	Reconstruction error (/dim): 0.07438, 0.06869, 0.06323, 0.05641, 0.05058, 0.04785, 0.04603, 0.04519, 0.04513, 0.04520 (0.04109)	KLD: 3.769, 3.351, 3.239, 2.674, 2.552, 1.656, 1.716, 1.083, 0.594, 0.252 (21.172)	Grad: 1267.1
[Epoch   4 (31.61s)]	ELBO (bits/dim): 2.57222, 2.68589, 2.79159, 2.88044, 2.95057, 2.99211, 3.00454, 3.01691, 3.02409, 3.02477 (3.06047)	Reconstruction error (/dim): 0.07297, 0.06696, 0.06091, 0.05368, 0.04789, 0.04351, 0.04239, 0.04108, 0.04021, 0.04021 (0.03718)	KLD: 3.564, 3.102, 3.097, 2.747, 2.427, 2.085, 1.455, 1.370, 1.159, 0.477 (22.121)	Grad: 1076.6
[Epoch   5 (31.64s)]	ELBO (bits/dim): 2.58320, 2.70074, 2.80833, 2.90507, 2.97437, 3.01756, 3.03414, 3.05047, 3.06137, 3.06317 (3.08862)	Reconstruction error (/dim): 0.07232, 0.06607, 0.05982, 0.05194, 0.04623, 0.04188, 0.04028, 0.03865, 0.03745, 0.03734 (0.03491)	KLD: 3.527, 3.064, 3.052, 2.774, 2.432, 2.099, 1.547, 1.529, 1.361, 0.705 (22.191)	Grad: 988.9
[Epoch   6 (31.68s)]	ELBO (bits/dim): 2.59122, 2.71374, 2.82116, 2.92169, 2.99102, 3.03492, 3.05235, 3.07179, 3.08336, 3.08778 (3.11049)	Reconstruction error (/dim): 0.07185, 0.06533, 0.05897, 0.05069, 0.04503, 0.04079, 0.03903, 0.03715, 0.03592, 0.03549 (0.03350)	KLD: 3.534, 3.056, 3.044, 2.775, 2.442, 2.083, 1.556, 1.607, 1.375, 0.969 (23.008)	Grad: 1015.2
[Epoch   7 (31.42s)]	ELBO (bits/dim): 2.59778, 2.72479, 2.83183, 2.93557, 3.00438, 3.04912, 3.06741, 3.08798, 3.09974, 3.10590 (3.12502)	Reconstruction error (/dim): 0.07136, 0.06454, 0.05825, 0.04964, 0.04405, 0.03983, 0.03794, 0.03600, 0.03478, 0.03412 (0.03233)	KLD: 3.553, 3.079, 3.034, 2.781, 2.452, 2.081, 1.581, 1.644, 1.393, 1.106 (22.155)	Grad: 1103.8
[Epoch   8 (31.55s)]	ELBO (bits/dim): 2.60417, 2.73564, 2.84350, 2.94850, 3.01595, 3.06109, 3.08040, 3.10156, 3.11362, 3.12026 (3.13629)	Reconstruction error (/dim): 0.07084, 0.06364, 0.05734, 0.04861, 0.04318, 0.03899, 0.03701, 0.03502, 0.03380, 0.03308 (0.03157)	KLD: 3.570, 3.109, 3.030, 2.769, 2.453, 2.075, 1.612, 1.664, 1.402, 1.156 (23.000)	Grad: 970.7
[Epoch   9 (31.57s)]	ELBO (bits/dim): 2.61052, 2.74711, 2.85553, 2.95984, 3.02612, 3.07197, 3.09282, 3.11395, 3.12625, 3.13311 (3.14997)	Reconstruction error (/dim): 0.07024, 0.06250, 0.05622, 0.04766, 0.04240, 0.03823, 0.03613, 0.03417, 0.03295, 0.03223 (0.03068)	KLD: 3.606, 3.148, 3.022, 2.767, 2.478, 2.068, 1.651, 1.658, 1.422, 1.167 (23.378)	Grad: 1069.2
[Epoch  10 (31.58s)]	ELBO (bits/dim): 2.61494, 2.75683, 2.86655, 2.96972, 3.03527, 3.08137, 3.10399, 3.12510, 3.13759, 3.14440 (3.15878)	Reconstruction error (/dim): 0.06997, 0.06169, 0.05527, 0.04690, 0.04174, 0.03759, 0.03534, 0.03337, 0.03218, 0.03147 (0.03010)	KLD: 3.634, 3.185, 3.020, 2.767, 2.502, 2.075, 1.701, 1.662, 1.426, 1.182 (23.265)	Grad: 1119.7
[Epoch  11 (31.72s)]	ELBO (bits/dim): 2.61837, 2.76495, 2.87545, 2.97675, 3.04211, 3.08827, 3.11204, 3.13350, 3.14628, 3.15311 (3.16706)	Reconstruction error (/dim): 0.06970, 0.06105, 0.05452, 0.04638, 0.04123, 0.03713, 0.03478, 0.03276, 0.03155, 0.03083 (0.02974)	KLD: 3.661, 3.207, 3.016, 2.770, 2.524, 2.075, 1.737, 1.674, 1.443, 1.179 (23.347)	Grad: 1115.9
[Epoch  12 (31.54s)]	ELBO (bits/dim): 2.62134, 2.77201, 2.88297, 2.98259, 3.04795, 3.09432, 3.11878, 3.14057, 3.15384, 3.16051 (3.17525)	Reconstruction error (/dim): 0.06945, 0.06048, 0.05390, 0.04597, 0.04081, 0.03670, 0.03432, 0.03228, 0.03101, 0.03030 (0.02893)	KLD: 3.684, 3.228, 3.002, 2.766, 2.547, 2.077, 1.764, 1.691, 1.455, 1.180 (23.035)	Grad: 1100.9
[Epoch  13 (31.83s)]	ELBO (bits/dim): 2.62500, 2.77874, 2.88984, 2.98754, 3.05309, 3.09956, 3.12468, 3.14693, 3.16036, 3.16715 (3.17869)	Reconstruction error (/dim): 0.06926, 0.05997, 0.05338, 0.04565, 0.04045, 0.03635, 0.03394, 0.03184, 0.03056, 0.02984 (0.02872)	KLD: 3.711, 3.247, 2.998, 2.768, 2.556, 2.073, 1.783, 1.705, 1.460, 1.179 (23.955)	Grad: 1127.8
[Epoch  14 (31.63s)]	ELBO (bits/dim): 2.62806, 2.78439, 2.89585, 2.99176, 3.05759, 3.10403, 3.12985, 3.15214, 3.16605, 3.17272 (3.18316)	Reconstruction error (/dim): 0.06910, 0.05949, 0.05286, 0.04539, 0.04013, 0.03602, 0.03356, 0.03146, 0.03015, 0.02944 (0.02888)	KLD: 3.741, 3.263, 3.002, 2.766, 2.568, 2.070, 1.798, 1.702, 1.462, 1.169 (23.409)	Grad: 1241.4
[Epoch  15 (31.66s)]	ELBO (bits/dim): 2.63072, 2.78975, 2.90136, 2.99561, 3.06149, 3.10794, 3.13431, 3.15672, 3.17087, 3.17755 (3.19050)	Reconstruction error (/dim): 0.06903, 0.05900, 0.05238, 0.04512, 0.03984, 0.03576, 0.03328, 0.03117, 0.02983, 0.02911 (0.02809)	KLD: 3.761, 3.277, 3.001, 2.765, 2.574, 2.072, 1.812, 1.703, 1.473, 1.179 (23.151)	Grad: 1148.8
[Epoch  16 (31.63s)]	ELBO (bits/dim): 2.63271, 2.79448, 2.90604, 2.99894, 3.06527, 3.11174, 3.13839, 3.16089, 3.17538, 3.18211 (3.19041)	Reconstruction error (/dim): 0.06895, 0.05860, 0.05198, 0.04493, 0.03957, 0.03549, 0.03300, 0.03088, 0.02951, 0.02879 (0.02804)	KLD: 3.772, 3.289, 2.995, 2.763, 2.573, 2.077, 1.827, 1.709, 1.488, 1.173 (23.369)	Grad: 1146.1
[Epoch  17 (31.63s)]	ELBO (bits/dim): 2.63450, 2.79842, 2.91008, 3.00163, 3.06788, 3.11427, 3.14132, 3.16395, 3.17863, 3.18542 (3.19370)	Reconstruction error (/dim): 0.06894, 0.05828, 0.05162, 0.04476, 0.03941, 0.03532, 0.03282, 0.03068, 0.02931, 0.02857 (0.02773)	KLD: 3.786, 3.304, 2.993, 2.762, 2.585, 2.070, 1.834, 1.718, 1.491, 1.186 (23.961)	Grad: 1178.9
[Epoch  18 (31.74s)]	ELBO (bits/dim): 2.63641, 2.80166, 2.91365, 3.00416, 3.07064, 3.11699, 3.14415, 3.16680, 3.18171, 3.18849 (3.19848)	Reconstruction error (/dim): 0.06878, 0.05799, 0.05129, 0.04457, 0.03920, 0.03514, 0.03261, 0.03050, 0.02911, 0.02838 (0.02757)	KLD: 3.794, 3.314, 3.008, 2.761, 2.586, 2.070, 1.837, 1.712, 1.490, 1.189 (23.818)	Grad: 1238.3
[Epoch  19 (31.93s)]	ELBO (bits/dim): 2.63770, 2.80467, 2.91673, 3.00593, 3.07255, 3.11900, 3.14630, 3.16907, 3.18417, 3.19096 (3.20133)	Reconstruction error (/dim): 0.06878, 0.05775, 0.05102, 0.04447, 0.03909, 0.03499, 0.03248, 0.03035, 0.02893, 0.02820 (0.02740)	KLD: 3.809, 3.320, 3.007, 2.765, 2.589, 2.072, 1.848, 1.716, 1.502, 1.188 (23.670)	Grad: 1252.7
[Epoch  20 (31.63s)]	ELBO (bits/dim): 2.63966, 2.80797, 2.92024, 3.00850, 3.07521, 3.12151, 3.14909, 3.17163, 3.18674, 3.19381 (3.20299)	Reconstruction error (/dim): 0.06866, 0.05749, 0.05072, 0.04429, 0.03890, 0.03482, 0.03229, 0.03018, 0.02878, 0.02801 (0.02717)	KLD: 3.817, 3.332, 3.013, 2.767, 2.595, 2.071, 1.855, 1.710, 1.507, 1.185 (23.442)	Grad: 1184.2
[Epoch  21 (31.68s)]	ELBO (bits/dim): 2.64125, 2.81084, 2.92310, 3.01053, 3.07711, 3.12349, 3.15113, 3.17381, 3.18890, 3.19591 (3.20573)	Reconstruction error (/dim): 0.06858, 0.05725, 0.05046, 0.04413, 0.03876, 0.03467, 0.03216, 0.03004, 0.02864, 0.02788 (0.02709)	KLD: 3.826, 3.336, 3.016, 2.764, 2.599, 2.067, 1.853, 1.708, 1.513, 1.193 (23.959)	Grad: 1206.9
[Epoch  22 (31.73s)]	ELBO (bits/dim): 2.64255, 2.81362, 2.92535, 3.01216, 3.07893, 3.12524, 3.15297, 3.17557, 3.19074, 3.19774 (3.20630)	Reconstruction error (/dim): 0.06850, 0.05700, 0.05028, 0.04402, 0.03863, 0.03455, 0.03204, 0.02993, 0.02853, 0.02778 (0.02685)	KLD: 3.832, 3.344, 3.022, 2.771, 2.599, 2.069, 1.855, 1.708, 1.505, 1.197 (23.600)	Grad: 1249.4
[Epoch  23 (31.71s)]	ELBO (bits/dim): 2.64407, 2.81661, 2.92815, 3.01411, 3.08068, 3.12710, 3.15491, 3.17753, 3.19270, 3.19978 (3.20776)	Reconstruction error (/dim): 0.06843, 0.05676, 0.05002, 0.04388, 0.03851, 0.03444, 0.03191, 0.02981, 0.02841, 0.02765 (0.02713)	KLD: 3.845, 3.352, 3.029, 2.765, 2.607, 2.069, 1.859, 1.704, 1.510, 1.194 (23.653)	Grad: 1216.4
[Epoch  24 (31.66s)]	ELBO (bits/dim): 2.64528, 2.81863, 2.93021, 3.01553, 3.08217, 3.12847, 3.15649, 3.17899, 3.19433, 3.20144 (3.20843)	Reconstruction error (/dim): 0.06837, 0.05663, 0.04988, 0.04380, 0.03842, 0.03436, 0.03182, 0.02972, 0.02832, 0.02755 (0.02690)	KLD: 3.858, 3.364, 3.030, 2.769, 2.601, 2.071, 1.863, 1.707, 1.510, 1.211 (24.326)	Grad: 1320.5
[Epoch  25 (31.70s)]	ELBO (bits/dim): 2.64664, 2.82075, 2.93253, 3.01730, 3.08396, 3.13021, 3.15821, 3.18058, 3.19567, 3.20286 (3.20972)	Reconstruction error (/dim): 0.06826, 0.05650, 0.04969, 0.04366, 0.03828, 0.03423, 0.03170, 0.02962, 0.02823, 0.02747 (0.02681)	KLD: 3.865, 3.365, 3.038, 2.774, 2.602, 2.069, 1.866, 1.699, 1.511, 1.195 (23.876)	Grad: 1227.6
[Epoch  26 (31.87s)]	ELBO (bits/dim): 2.64788, 2.82262, 2.93468, 3.01883, 3.08548, 3.13168, 3.15967, 3.18213, 3.19709, 3.20442 (3.21040)	Reconstruction error (/dim): 0.06817, 0.05639, 0.04953, 0.04355, 0.03817, 0.03413, 0.03160, 0.02952, 0.02815, 0.02737 (0.02683)	KLD: 3.877, 3.372, 3.039, 2.774, 2.606, 2.071, 1.865, 1.701, 1.509, 1.196 (24.218)	Grad: 1277.1
[Epoch  27 (31.72s)]	ELBO (bits/dim): 2.64930, 2.82461, 2.93672, 3.02035, 3.08700, 3.13314, 3.16126, 3.18343, 3.19848, 3.20578 (3.21205)	Reconstruction error (/dim): 0.06802, 0.05625, 0.04936, 0.04344, 0.03807, 0.03403, 0.03149, 0.02944, 0.02806, 0.02727 (0.02668)	KLD: 3.876, 3.378, 3.039, 2.773, 2.606, 2.065, 1.860, 1.702, 1.511, 1.208 (23.654)	Grad: 1334.4
[Epoch  28 (31.66s)]	ELBO (bits/dim): 2.65015, 2.82641, 2.93856, 3.02169, 3.08823, 3.13438, 3.16243, 3.18464, 3.19952, 3.20688 (3.21297)	Reconstruction error (/dim): 0.06798, 0.05616, 0.04923, 0.04335, 0.03797, 0.03394, 0.03142, 0.02935, 0.02799, 0.02720 (0.02677)	KLD: 3.889, 3.382, 3.043, 2.775, 2.603, 2.065, 1.868, 1.698, 1.511, 1.197 (23.439)	Grad: 1387.5
[Epoch  29 (31.70s)]	ELBO (bits/dim): 2.65150, 2.82826, 2.94052, 3.02293, 3.08949, 3.13562, 3.16375, 3.18578, 3.20074, 3.20792 (3.21278)	Reconstruction error (/dim): 0.06787, 0.05604, 0.04909, 0.04326, 0.03788, 0.03384, 0.03132, 0.02929, 0.02791, 0.02713 (0.02668)	KLD: 3.901, 3.389, 3.044, 2.777, 2.609, 2.064, 1.864, 1.693, 1.513, 1.200 (24.001)	Grad: 1351.3
[Epoch  30 (31.60s)]	ELBO (bits/dim): 2.65263, 2.82972, 2.94218, 3.02421, 3.09060, 3.13673, 3.16484, 3.18693, 3.20179, 3.20917 (3.21598)	Reconstruction error (/dim): 0.06775, 0.05596, 0.04897, 0.04315, 0.03781, 0.03376, 0.03125, 0.02919, 0.02782, 0.02704 (0.02659)	KLD: 3.910, 3.393, 3.050, 2.779, 2.609, 2.068, 1.870, 1.696, 1.510, 1.210 (23.978)	Grad: 1308.6
[Epoch  31 (31.63s)]	ELBO (bits/dim): 2.65382, 2.83144, 2.94390, 3.02535, 3.09165, 3.13774, 3.16596, 3.18783, 3.20264, 3.21003 (3.21591)	Reconstruction error (/dim): 0.06773, 0.05585, 0.04884, 0.04309, 0.03774, 0.03370, 0.03118, 0.02916, 0.02779, 0.02700 (0.02650)	KLD: 3.914, 3.398, 3.052, 2.779, 2.609, 2.066, 1.868, 1.689, 1.517, 1.213 (24.087)	Grad: 1396.2
[Epoch  32 (31.68s)]	ELBO (bits/dim): 2.65488, 2.83297, 2.94546, 3.02644, 3.09276, 3.13893, 3.16702, 3.18901, 3.20363, 3.21095 (3.21695)	Reconstruction error (/dim): 0.06761, 0.05576, 0.04875, 0.04302, 0.03766, 0.03362, 0.03111, 0.02907, 0.02773, 0.02694 (0.02643)	KLD: 3.922, 3.404, 3.054, 2.782, 2.611, 2.067, 1.867, 1.693, 1.514, 1.214 (24.071)	Grad: 1340.0
[Epoch  33 (31.81s)]	ELBO (bits/dim): 2.65546, 2.83418, 2.94681, 3.02748, 3.09386, 3.13987, 3.16802, 3.18976, 3.20442, 3.21169 (3.21667)	Reconstruction error (/dim): 0.06766, 0.05570, 0.04865, 0.04293, 0.03758, 0.03355, 0.03103, 0.02902, 0.02767, 0.02688 (0.02658)	KLD: 3.930, 3.407, 3.056, 2.781, 2.616, 2.062, 1.870, 1.685, 1.504, 1.203 (24.602)	Grad: 1345.1
[Epoch  34 (31.65s)]	ELBO (bits/dim): 2.65659, 2.83576, 2.94824, 3.02848, 3.09483, 3.14087, 3.16912, 3.19074, 3.20541, 3.21272 (3.21742)	Reconstruction error (/dim): 0.06753, 0.05560, 0.04856, 0.04287, 0.03750, 0.03348, 0.03096, 0.02895, 0.02760, 0.02683 (0.02626)	KLD: 3.936, 3.409, 3.061, 2.783, 2.614, 2.065, 1.869, 1.686, 1.507, 1.206 (24.399)	Grad: 1370.4
[Epoch  35 (31.74s)]	ELBO (bits/dim): 2.65751, 2.83723, 2.94981, 3.02972, 3.09600, 3.14212, 3.17023, 3.19178, 3.20629, 3.21360 (3.21925)	Reconstruction error (/dim): 0.06749, 0.05551, 0.04844, 0.04278, 0.03742, 0.03338, 0.03087, 0.02888, 0.02754, 0.02677 (0.02633)	KLD: 3.943, 3.416, 3.061, 2.792, 2.618, 2.068, 1.868, 1.686, 1.499, 1.194 (23.838)	Grad: 1357.4
[Epoch  36 (31.76s)]	ELBO (bits/dim): 2.65803, 2.83836, 2.95077, 3.03049, 3.09676, 3.14287, 3.17105, 3.19258, 3.20705, 3.21439 (3.22000)	Reconstruction error (/dim): 0.06748, 0.05543, 0.04837, 0.04272, 0.03736, 0.03332, 0.03080, 0.02882, 0.02750, 0.02671 (0.02636)	KLD: 3.948, 3.422, 3.061, 2.786, 2.619, 2.067, 1.872, 1.683, 1.500, 1.205 (23.957)	Grad: 1407.9
[Epoch  37 (31.69s)]	ELBO (bits/dim): 2.65873, 2.83972, 2.95206, 3.03116, 3.09740, 3.14356, 3.17166, 3.19311, 3.20765, 3.21490 (3.22021)	Reconstruction error (/dim): 0.06744, 0.05537, 0.04829, 0.04269, 0.03732, 0.03328, 0.03078, 0.02880, 0.02746, 0.02670 (0.02609)	KLD: 3.956, 3.423, 3.064, 2.790, 2.618, 2.065, 1.869, 1.681, 1.499, 1.207 (24.417)	Grad: 1436.2
[Epoch  38 (31.70s)]	ELBO (bits/dim): 2.65954, 2.84107, 2.95345, 3.03230, 3.09878, 3.14489, 3.17305, 3.19438, 3.20880, 3.21623 (3.22073)	Reconstruction error (/dim): 0.06740, 0.05525, 0.04819, 0.04261, 0.03723, 0.03317, 0.03067, 0.02871, 0.02738, 0.02658 (0.02626)	KLD: 3.960, 3.427, 3.066, 2.790, 2.620, 2.072, 1.871, 1.678, 1.505, 1.206 (24.387)	Grad: 1376.2
[Epoch  39 (31.72s)]	ELBO (bits/dim): 2.66050, 2.84248, 2.95455, 3.03312, 3.09929, 3.14547, 3.17365, 3.19498, 3.20940, 3.21672 (3.22279)	Reconstruction error (/dim): 0.06733, 0.05517, 0.04810, 0.04254, 0.03718, 0.03313, 0.03062, 0.02866, 0.02733, 0.02656 (0.02597)	KLD: 3.965, 3.423, 3.071, 2.793, 2.618, 2.069, 1.867, 1.681, 1.502, 1.215 (24.357)	Grad: 1545.2
[Epoch  40 (31.66s)]	ELBO (bits/dim): 2.66125, 2.84384, 2.95576, 3.03400, 3.10022, 3.14651, 3.17465, 3.19584, 3.21015, 3.21756 (3.22198)	Reconstruction error (/dim): 0.06728, 0.05507, 0.04802, 0.04248, 0.03712, 0.03307, 0.03056, 0.02862, 0.02729, 0.02651 (0.02610)	KLD: 3.972, 3.430, 3.071, 2.790, 2.622, 2.064, 1.870, 1.676, 1.496, 1.212 (24.310)	Grad: 1389.6
[Epoch  41 (31.69s)]	ELBO (bits/dim): 2.66189, 2.84453, 2.95648, 3.03420, 3.10043, 3.14664, 3.17469, 3.19593, 3.21019, 3.21753 (3.22211)	Reconstruction error (/dim): 0.06729, 0.05505, 0.04797, 0.04247, 0.03710, 0.03305, 0.03056, 0.02861, 0.02730, 0.02652 (0.02616)	KLD: 3.973, 3.432, 3.070, 2.788, 2.621, 2.073, 1.871, 1.671, 1.498, 1.221 (24.248)	Grad: 1511.0
[Epoch  42 (32.51s)]	ELBO (bits/dim): 2.66247, 2.84568, 2.95770, 3.03526, 3.10153, 3.14764, 3.17561, 3.19674, 3.21094, 3.21826 (3.22398)	Reconstruction error (/dim): 0.06724, 0.05497, 0.04790, 0.04238, 0.03700, 0.03297, 0.03047, 0.02854, 0.02724, 0.02646 (0.02594)	KLD: 3.975, 3.432, 3.073, 2.792, 2.624, 2.068, 1.872, 1.671, 1.494, 1.207 (23.884)	Grad: 1570.4
[Epoch  43 (32.61s)]	ELBO (bits/dim): 2.66302, 2.84667, 2.95848, 3.03592, 3.10211, 3.14831, 3.17646, 3.19748, 3.21158, 3.21901 (3.22277)	Reconstruction error (/dim): 0.06722, 0.05493, 0.04786, 0.04235, 0.03696, 0.03293, 0.03043, 0.02849, 0.02721, 0.02641 (0.02591)	KLD: 3.981, 3.439, 3.077, 2.797, 2.622, 2.071, 1.873, 1.677, 1.501, 1.209 (23.648)	Grad: 1515.2
[Epoch  44 (32.30s)]	ELBO (bits/dim): 2.66348, 2.84753, 2.95947, 3.03653, 3.10266, 3.14869, 3.17673, 3.19774, 3.21188, 3.21926 (3.22448)	Reconstruction error (/dim): 0.06721, 0.05486, 0.04777, 0.04228, 0.03691, 0.03290, 0.03040, 0.02847, 0.02717, 0.02639 (0.02589)	KLD: 3.986, 3.443, 3.077, 2.794, 2.624, 2.070, 1.872, 1.669, 1.495, 1.232 (24.226)	Grad: 1503.9
[Epoch  45 (32.63s)]	ELBO (bits/dim): 2.66414, 2.84890, 2.96058, 3.03748, 3.10359, 3.14973, 3.17776, 3.19869, 3.21283, 3.22025 (3.22320)	Reconstruction error (/dim): 0.06713, 0.05477, 0.04770, 0.04221, 0.03685, 0.03282, 0.03034, 0.02841, 0.02711, 0.02634 (0.02589)	KLD: 3.986, 3.447, 3.078, 2.798, 2.623, 2.072, 1.872, 1.668, 1.495, 1.208 (24.464)	Grad: 1526.1
[Epoch  46 (31.71s)]	ELBO (bits/dim): 2.66491, 2.84986, 2.96159, 3.03819, 3.10437, 3.15059, 3.17871, 3.19954, 3.21357, 3.22103 (3.22452)	Reconstruction error (/dim): 0.06708, 0.05472, 0.04764, 0.04217, 0.03681, 0.03276, 0.03026, 0.02835, 0.02706, 0.02627 (0.02588)	KLD: 3.993, 3.445, 3.081, 2.799, 2.625, 2.071, 1.874, 1.669, 1.492, 1.209 (24.106)	Grad: 1453.0
[Epoch  47 (31.83s)]	ELBO (bits/dim): 2.66536, 2.85054, 2.96200, 3.03860, 3.10472, 3.15105, 3.17905, 3.19988, 3.21379, 3.22125 (3.22417)	Reconstruction error (/dim): 0.06706, 0.05464, 0.04759, 0.04210, 0.03676, 0.03270, 0.03022, 0.02833, 0.02704, 0.02626 (0.02599)	KLD: 3.993, 3.448, 3.082, 2.796, 2.631, 2.072, 1.872, 1.667, 1.496, 1.213 (24.288)	Grad: 1554.6
[Epoch  48 (31.83s)]	ELBO (bits/dim): 2.66633, 2.85181, 2.96327, 3.03941, 3.10548, 3.15178, 3.17979, 3.20045, 3.21449, 3.22179 (3.22429)	Reconstruction error (/dim): 0.06699, 0.05461, 0.04752, 0.04208, 0.03671, 0.03266, 0.03018, 0.02830, 0.02701, 0.02624 (0.02584)	KLD: 4.003, 3.450, 3.084, 2.798, 2.630, 2.070, 1.874, 1.662, 1.490, 1.215 (24.192)	Grad: 1698.7
[Epoch  49 (31.85s)]	ELBO (bits/dim): 2.66651, 2.85237, 2.96393, 3.04004, 3.10609, 3.15254, 3.18050, 3.20121, 3.21521, 3.22258 (3.22631)	Reconstruction error (/dim): 0.06697, 0.05456, 0.04747, 0.04201, 0.03666, 0.03260, 0.03011, 0.02823, 0.02694, 0.02617 (0.02600)	KLD: 4.007, 3.453, 3.088, 2.803, 2.631, 2.071, 1.870, 1.670, 1.489, 1.215 (23.996)	Grad: 1510.0
[Epoch  50 (31.83s)]	ELBO (bits/dim): 2.66705, 2.85320, 2.96456, 3.04060, 3.10663, 3.15280, 3.18097, 3.20164, 3.21565, 3.22298 (3.22733)	Reconstruction error (/dim): 0.06690, 0.05452, 0.04742, 0.04197, 0.03662, 0.03258, 0.03010, 0.02820, 0.02692, 0.02615 (0.02552)	KLD: 4.012, 3.451, 3.087, 2.801, 2.629, 2.072, 1.870, 1.661, 1.492, 1.211 (24.176)	Grad: 1602.1
[Epoch  51 (31.92s)]	ELBO (bits/dim): 2.66767, 2.85396, 2.96562, 3.04132, 3.10742, 3.15373, 3.18171, 3.20228, 3.21625, 3.22354 (3.22785)	Reconstruction error (/dim): 0.06687, 0.05448, 0.04735, 0.04192, 0.03654, 0.03250, 0.03003, 0.02815, 0.02688, 0.02610 (0.02567)	KLD: 4.012, 3.457, 3.093, 2.799, 2.634, 2.070, 1.879, 1.663, 1.488, 1.215 (24.195)	Grad: 1504.0
[Epoch  52 (32.05s)]	ELBO (bits/dim): 2.66808, 2.85443, 2.96587, 3.04150, 3.10743, 3.15385, 3.18172, 3.20235, 3.21622, 3.22370 (3.22693)	Reconstruction error (/dim): 0.06685, 0.05446, 0.04734, 0.04190, 0.03657, 0.03251, 0.03004, 0.02816, 0.02689, 0.02610 (0.02585)	KLD: 4.018, 3.453, 3.092, 2.803, 2.633, 2.073, 1.871, 1.666, 1.490, 1.214 (24.070)	Grad: 1659.3
[Epoch  53 (31.88s)]	ELBO (bits/dim): 2.66879, 2.85539, 2.96683, 3.04219, 3.10808, 3.15471, 3.18265, 3.20318, 3.21699, 3.22445 (3.22751)	Reconstruction error (/dim): 0.06678, 0.05439, 0.04726, 0.04185, 0.03651, 0.03244, 0.02997, 0.02811, 0.02683, 0.02607 (0.02563)	KLD: 4.018, 3.457, 3.094, 2.801, 2.639, 2.076, 1.871, 1.662, 1.493, 1.210 (24.184)	Grad: 1631.9
[Epoch  54 (31.93s)]	ELBO (bits/dim): 2.66929, 2.85625, 2.96770, 3.04277, 3.10901, 3.15543, 3.18331, 3.20381, 3.21773, 3.22511 (3.22969)	Reconstruction error (/dim): 0.06672, 0.05433, 0.04722, 0.04181, 0.03643, 0.03238, 0.02992, 0.02806, 0.02677, 0.02600 (0.02552)	KLD: 4.023, 3.462, 3.094, 2.804, 2.636, 2.071, 1.871, 1.662, 1.486, 1.218 (24.327)	Grad: 1591.1
[Epoch  55 (31.98s)]	ELBO (bits/dim): 2.66977, 2.85680, 2.96802, 3.04305, 3.10910, 3.15581, 3.18370, 3.20416, 3.21795, 3.22541 (3.22913)	Reconstruction error (/dim): 0.06666, 0.05429, 0.04718, 0.04178, 0.03644, 0.03235, 0.02990, 0.02804, 0.02676, 0.02599 (0.02556)	KLD: 4.024, 3.463, 3.093, 2.805, 2.637, 2.070, 1.867, 1.659, 1.488, 1.222 (24.175)	Grad: 1650.9
[Epoch  56 (31.87s)]	ELBO (bits/dim): 2.67003, 2.85746, 2.96880, 3.04377, 3.10980, 3.15644, 3.18418, 3.20476, 3.21858, 3.22591 (3.22844)	Reconstruction error (/dim): 0.06667, 0.05425, 0.04713, 0.04172, 0.03637, 0.03231, 0.02986, 0.02800, 0.02671, 0.02596 (0.02557)	KLD: 4.027, 3.464, 3.096, 2.803, 2.640, 2.071, 1.872, 1.657, 1.490, 1.216 (24.521)	Grad: 1534.4
[Epoch  57 (31.83s)]	ELBO (bits/dim): 2.67082, 2.85805, 2.96905, 3.04384, 3.10987, 3.15662, 3.18446, 3.20490, 3.21860, 3.22595 (3.22860)	Reconstruction error (/dim): 0.06655, 0.05422, 0.04711, 0.04172, 0.03637, 0.03229, 0.02985, 0.02799, 0.02673, 0.02595 (0.02549)	KLD: 4.033, 3.469, 3.094, 2.803, 2.641, 2.072, 1.875, 1.659, 1.484, 1.216 (24.303)	Grad: 1716.6
[Epoch  58 (31.85s)]	ELBO (bits/dim): 2.67132, 2.85876, 2.96982, 3.04451, 3.11085, 3.15742, 3.18528, 3.20557, 3.21934, 3.22679 (3.22884)	Reconstruction error (/dim): 0.06652, 0.05417, 0.04704, 0.04166, 0.03628, 0.03223, 0.02978, 0.02793, 0.02668, 0.02590 (0.02560)	KLD: 4.039, 3.468, 3.100, 2.803, 2.644, 2.073, 1.869, 1.655, 1.485, 1.210 (24.300)	Grad: 1665.1
[Epoch  59 (31.85s)]	ELBO (bits/dim): 2.67164, 2.85933, 2.97013, 3.04459, 3.11070, 3.15743, 3.18519, 3.20557, 3.21916, 3.22661 (3.22927)	Reconstruction error (/dim): 0.06649, 0.05414, 0.04702, 0.04166, 0.03630, 0.03224, 0.02979, 0.02794, 0.02668, 0.02591 (0.02564)	KLD: 4.038, 3.472, 3.100, 2.808, 2.641, 2.075, 1.872, 1.657, 1.487, 1.224 (24.227)	Grad: 1791.4
[Epoch  60 (31.93s)]	ELBO (bits/dim): 2.67269, 2.86059, 2.97123, 3.04550, 3.11159, 3.15829, 3.18609, 3.20639, 3.22002, 3.22754 (3.22973)	Reconstruction error (/dim): 0.06636, 0.05404, 0.04694, 0.04160, 0.03623, 0.03216, 0.02972, 0.02789, 0.02661, 0.02584 (0.02562)	KLD: 4.045, 3.473, 3.101, 2.808, 2.647, 2.075, 1.870, 1.656, 1.491, 1.211 (24.388)	Grad: 1661.4
[Epoch  61 (31.95s)]	ELBO (bits/dim): 2.67331, 2.86093, 2.97150, 3.04560, 3.11181, 3.15870, 3.18642, 3.20675, 3.22037, 3.22784 (3.22846)	Reconstruction error (/dim): 0.06628, 0.05403, 0.04692, 0.04159, 0.03623, 0.03214, 0.02970, 0.02786, 0.02661, 0.02583 (0.02541)	KLD: 4.050, 3.477, 3.102, 2.810, 2.645, 2.074, 1.873, 1.655, 1.485, 1.219 (24.389)	Grad: 1719.7
[Epoch  62 (32.06s)]	ELBO (bits/dim): 2.67400, 2.86208, 2.97199, 3.04621, 3.11226, 3.15905, 3.18685, 3.20694, 3.22065, 3.22814 (3.23109)	Reconstruction error (/dim): 0.06623, 0.05394, 0.04688, 0.04155, 0.03617, 0.03210, 0.02967, 0.02786, 0.02659, 0.02580 (0.02562)	KLD: 4.051, 3.477, 3.100, 2.806, 2.649, 2.076, 1.872, 1.655, 1.483, 1.219 (24.238)	Grad: 1806.2
[Epoch  63 (31.90s)]	ELBO (bits/dim): 2.67484, 2.86277, 2.97269, 3.04656, 3.11283, 3.15962, 3.18734, 3.20746, 3.22099, 3.22863 (3.22991)	Reconstruction error (/dim): 0.06616, 0.05389, 0.04683, 0.04152, 0.03614, 0.03206, 0.02963, 0.02781, 0.02656, 0.02577 (0.02570)	KLD: 4.052, 3.476, 3.105, 2.807, 2.648, 2.073, 1.865, 1.658, 1.483, 1.223 (24.277)	Grad: 1800.6
[Epoch  64 (31.91s)]	ELBO (bits/dim): 2.67500, 2.86313, 2.97274, 3.04668, 3.11296, 3.15982, 3.18754, 3.20762, 3.22121, 3.22883 (3.23245)	Reconstruction error (/dim): 0.06609, 0.05385, 0.04683, 0.04149, 0.03611, 0.03205, 0.02963, 0.02781, 0.02656, 0.02577 (0.02546)	KLD: 4.059, 3.483, 3.108, 2.812, 2.655, 2.074, 1.865, 1.655, 1.483, 1.216 (24.443)	Grad: 1808.1
[Epoch  65 (31.89s)]	ELBO (bits/dim): 2.67629, 2.86463, 2.97377, 3.04757, 3.11366, 3.16055, 3.18839, 3.20838, 3.22195, 3.22947 (3.23278)	Reconstruction error (/dim): 0.06604, 0.05375, 0.04675, 0.04145, 0.03608, 0.03200, 0.02956, 0.02774, 0.02650, 0.02572 (0.02537)	KLD: 4.069, 3.480, 3.106, 2.806, 2.650, 2.072, 1.871, 1.657, 1.478, 1.214 (24.319)	Grad: 1771.3
[Epoch  66 (31.91s)]	ELBO (bits/dim): 2.67657, 2.86476, 2.97374, 3.04744, 3.11377, 3.16066, 3.18839, 3.20841, 3.22203, 3.22952 (3.23205)	Reconstruction error (/dim): 0.06600, 0.05377, 0.04676, 0.04145, 0.03606, 0.03199, 0.02956, 0.02775, 0.02649, 0.02571 (0.02563)	KLD: 4.065, 3.485, 3.106, 2.814, 2.655, 2.075, 1.867, 1.653, 1.482, 1.226 (24.424)	Grad: 1768.6
[Epoch  67 (31.96s)]	ELBO (bits/dim): 2.67761, 2.86574, 2.97446, 3.04814, 3.11450, 3.16133, 3.18900, 3.20889, 3.22247, 3.22991 (3.23096)	Reconstruction error (/dim): 0.06591, 0.05369, 0.04670, 0.04140, 0.03601, 0.03195, 0.02952, 0.02773, 0.02647, 0.02570 (0.02525)	KLD: 4.068, 3.488, 3.112, 2.812, 2.652, 2.073, 1.873, 1.652, 1.484, 1.227 (24.071)	Grad: 1805.5
[Epoch  68 (31.90s)]	ELBO (bits/dim): 2.67813, 2.86599, 2.97471, 3.04789, 3.11445, 3.16141, 3.18900, 3.20890, 3.22244, 3.22994 (3.23151)	Reconstruction error (/dim): 0.06591, 0.05367, 0.04668, 0.04141, 0.03601, 0.03193, 0.02951, 0.02771, 0.02647, 0.02571 (0.02546)	KLD: 4.074, 3.486, 3.111, 2.813, 2.656, 2.073, 1.866, 1.649, 1.485, 1.231 (24.455)	Grad: 1832.4
[Epoch  69 (31.88s)]	ELBO (bits/dim): 2.67897, 2.86691, 2.97520, 3.04845, 3.11486, 3.16190, 3.18952, 3.20944, 3.22304, 3.23052 (3.23018)	Reconstruction error (/dim): 0.06585, 0.05360, 0.04664, 0.04138, 0.03597, 0.03188, 0.02947, 0.02767, 0.02641, 0.02565 (0.02555)	KLD: 4.082, 3.489, 3.114, 2.814, 2.654, 2.077, 1.867, 1.644, 1.483, 1.220 (24.139)	Grad: 1811.1
[Epoch  70 (31.92s)]	ELBO (bits/dim): 2.67953, 2.86734, 2.97579, 3.04886, 3.11519, 3.16223, 3.18985, 3.20973, 3.22315, 3.23070 (3.23269)	Reconstruction error (/dim): 0.06580, 0.05359, 0.04662, 0.04134, 0.03596, 0.03188, 0.02946, 0.02767, 0.02644, 0.02566 (0.02548)	KLD: 4.083, 3.494, 3.108, 2.813, 2.656, 2.072, 1.863, 1.648, 1.484, 1.215 (24.623)	Grad: 1991.5
[Epoch  71 (32.10s)]	ELBO (bits/dim): 2.68061, 2.86857, 2.97649, 3.04928, 3.11574, 3.16256, 3.19017, 3.21005, 3.22353, 3.23108 (3.23380)	Reconstruction error (/dim): 0.06572, 0.05346, 0.04653, 0.04131, 0.03590, 0.03185, 0.02943, 0.02764, 0.02639, 0.02563 (0.02519)	KLD: 4.091, 3.493, 3.111, 2.813, 2.656, 2.073, 1.868, 1.649, 1.484, 1.220 (24.471)	Grad: 1784.2
[Epoch  72 (31.91s)]	ELBO (bits/dim): 2.68142, 2.86930, 2.97686, 3.04956, 3.11612, 3.16322, 3.19068, 3.21042, 3.22396, 3.23157 (3.23261)	Reconstruction error (/dim): 0.06565, 0.05343, 0.04653, 0.04130, 0.03588, 0.03180, 0.02938, 0.02760, 0.02636, 0.02557 (0.02543)	KLD: 4.091, 3.491, 3.112, 2.816, 2.662, 2.080, 1.867, 1.648, 1.489, 1.215 (24.236)	Grad: 1825.9
[Epoch  73 (32.05s)]	ELBO (bits/dim): 2.68217, 2.86966, 2.97727, 3.04986, 3.11630, 3.16343, 3.19089, 3.21060, 3.22410, 3.23158 (3.23226)	Reconstruction error (/dim): 0.06559, 0.05343, 0.04651, 0.04126, 0.03586, 0.03178, 0.02937, 0.02760, 0.02635, 0.02557 (0.02548)	KLD: 4.098, 3.494, 3.112, 2.814, 2.663, 2.076, 1.864, 1.643, 1.480, 1.223 (24.542)	Grad: 1999.9
[Epoch  74 (31.95s)]	ELBO (bits/dim): 2.68273, 2.87012, 2.97766, 3.04998, 3.11644, 3.16362, 3.19104, 3.21065, 3.22420, 3.23171 (3.23322)	Reconstruction error (/dim): 0.06556, 0.05338, 0.04646, 0.04126, 0.03586, 0.03177, 0.02937, 0.02761, 0.02634, 0.02558 (0.02530)	KLD: 4.102, 3.495, 3.112, 2.813, 2.664, 2.079, 1.869, 1.645, 1.486, 1.221 (24.504)	Grad: 1908.1
[Epoch  75 (31.90s)]	ELBO (bits/dim): 2.68332, 2.87070, 2.97797, 3.05018, 3.11663, 3.16384, 3.19132, 3.21092, 3.22436, 3.23200 (3.23392)	Reconstruction error (/dim): 0.06550, 0.05334, 0.04644, 0.04124, 0.03583, 0.03175, 0.02934, 0.02758, 0.02633, 0.02556 (0.02523)	KLD: 4.108, 3.500, 3.111, 2.814, 2.659, 2.077, 1.862, 1.645, 1.478, 1.223 (24.278)	Grad: 1972.0
[Epoch  76 (31.79s)]	ELBO (bits/dim): 2.68459, 2.87142, 2.97879, 3.05081, 3.11740, 3.16456, 3.19198, 3.21156, 3.22502, 3.23255 (3.23441)	Reconstruction error (/dim): 0.06539, 0.05330, 0.04638, 0.04120, 0.03578, 0.03170, 0.02931, 0.02753, 0.02629, 0.02551 (0.02530)	KLD: 4.111, 3.497, 3.113, 2.814, 2.661, 2.074, 1.867, 1.648, 1.481, 1.223 (24.592)	Grad: 1775.8
[Epoch  77 (31.87s)]	ELBO (bits/dim): 2.68501, 2.87170, 2.97856, 3.05074, 3.11710, 3.16443, 3.19173, 3.21126, 3.22451, 3.23222 (3.23332)	Reconstruction error (/dim): 0.06537, 0.05328, 0.04641, 0.04120, 0.03580, 0.03171, 0.02930, 0.02755, 0.02633, 0.02554 (0.02530)	KLD: 4.116, 3.502, 3.115, 2.815, 2.666, 2.076, 1.862, 1.638, 1.481, 1.222 (24.442)	Grad: 1991.0
[Epoch  78 (31.86s)]	ELBO (bits/dim): 2.68604, 2.87229, 2.97909, 3.05133, 3.11799, 3.16517, 3.19252, 3.21206, 3.22541, 3.23285 (3.23278)	Reconstruction error (/dim): 0.06528, 0.05322, 0.04637, 0.04115, 0.03574, 0.03165, 0.02926, 0.02749, 0.02626, 0.02550 (0.02545)	KLD: 4.114, 3.504, 3.112, 2.817, 2.662, 2.077, 1.862, 1.642, 1.481, 1.231 (24.496)	Grad: 1963.6
[Epoch  79 (32.06s)]	ELBO (bits/dim): 2.68687, 2.87313, 2.97980, 3.05152, 3.11813, 3.16538, 3.19277, 3.21217, 3.22567, 3.23312 (3.23221)	Reconstruction error (/dim): 0.06523, 0.05320, 0.04632, 0.04114, 0.03572, 0.03165, 0.02922, 0.02750, 0.02624, 0.02548 (0.02567)	KLD: 4.125, 3.507, 3.115, 2.820, 2.665, 2.078, 1.864, 1.638, 1.482, 1.234 (24.443)	Grad: 1944.0
[Epoch  80 (31.74s)]	ELBO (bits/dim): 2.68681, 2.87280, 2.97941, 3.05106, 3.11781, 3.16496, 3.19230, 3.21172, 3.22503, 3.23258 (3.23501)	Reconstruction error (/dim): 0.06520, 0.05320, 0.04635, 0.04117, 0.03574, 0.03167, 0.02926, 0.02751, 0.02629, 0.02552 (0.02528)	KLD: 4.123, 3.503, 3.114, 2.818, 2.663, 2.073, 1.867, 1.641, 1.481, 1.235 (24.423)	Grad: 1992.2
[Epoch  81 (31.90s)]	ELBO (bits/dim): 2.68739, 2.87331, 2.97973, 3.05158, 3.11807, 3.16531, 3.19255, 3.21202, 3.22525, 3.23299 (3.23569)	Reconstruction error (/dim): 0.06517, 0.05315, 0.04633, 0.04112, 0.03572, 0.03165, 0.02924, 0.02750, 0.02626, 0.02548 (0.02508)	KLD: 4.126, 3.503, 3.111, 2.825, 2.668, 2.074, 1.862, 1.641, 1.484, 1.233 (24.233)	Grad: 1994.9
[Epoch  82 (31.83s)]	ELBO (bits/dim): 2.68832, 2.87383, 2.98030, 3.05181, 3.11827, 3.16567, 3.19288, 3.21229, 3.22550, 3.23328 (3.23379)	Reconstruction error (/dim): 0.06508, 0.05315, 0.04628, 0.04110, 0.03571, 0.03161, 0.02922, 0.02748, 0.02627, 0.02547 (0.02541)	KLD: 4.128, 3.512, 3.117, 2.816, 2.665, 2.077, 1.863, 1.644, 1.477, 1.235 (24.490)	Grad: 2040.2
[Epoch  83 (31.92s)]	ELBO (bits/dim): 2.68876, 2.87429, 2.98047, 3.05173, 3.11827, 3.16558, 3.19294, 3.21227, 3.22556, 3.23308 (3.23584)	Reconstruction error (/dim): 0.06504, 0.05310, 0.04626, 0.04112, 0.03571, 0.03163, 0.02922, 0.02749, 0.02626, 0.02549 (0.02515)	KLD: 4.135, 3.507, 3.115, 2.819, 2.670, 2.075, 1.859, 1.647, 1.483, 1.231 (24.213)	Grad: 2065.2
[Epoch  84 (31.93s)]	ELBO (bits/dim): 2.68950, 2.87495, 2.98077, 3.05211, 3.11891, 3.16630, 3.19351, 3.21285, 3.22617, 3.23368 (3.23559)	Reconstruction error (/dim): 0.06500, 0.05305, 0.04623, 0.04110, 0.03566, 0.03156, 0.02917, 0.02743, 0.02619, 0.02543 (0.02519)	KLD: 4.138, 3.513, 3.117, 2.820, 2.671, 2.072, 1.864, 1.643, 1.478, 1.228 (24.286)	Grad: 1985.5
[Epoch  85 (32.06s)]	ELBO (bits/dim): 2.69034, 2.87545, 2.98136, 3.05248, 3.11919, 3.16651, 3.19380, 3.21308, 3.22631, 3.23382 (3.23596)	Reconstruction error (/dim): 0.06496, 0.05305, 0.04622, 0.04106, 0.03564, 0.03156, 0.02915, 0.02743, 0.02620, 0.02545 (0.02511)	KLD: 4.136, 3.510, 3.116, 2.819, 2.670, 2.076, 1.865, 1.640, 1.489, 1.230 (24.245)	Grad: 2024.6
[Epoch  86 (31.92s)]	ELBO (bits/dim): 2.69108, 2.87598, 2.98178, 3.05269, 3.11950, 3.16688, 3.19396, 3.21330, 3.22664, 3.23423 (3.23514)	Reconstruction error (/dim): 0.06487, 0.05298, 0.04616, 0.04104, 0.03561, 0.03151, 0.02913, 0.02740, 0.02617, 0.02541 (0.02526)	KLD: 4.140, 3.508, 3.116, 2.820, 2.670, 2.076, 1.868, 1.639, 1.476, 1.230 (24.684)	Grad: 2045.1
[Epoch  87 (31.92s)]	ELBO (bits/dim): 2.69152, 2.87648, 2.98204, 3.05312, 3.11994, 3.16728, 3.19444, 3.21358, 3.22691, 3.23447 (3.23392)	Reconstruction error (/dim): 0.06484, 0.05298, 0.04616, 0.04101, 0.03558, 0.03150, 0.02911, 0.02740, 0.02615, 0.02539 (0.02534)	KLD: 4.146, 3.512, 3.116, 2.823, 2.672, 2.077, 1.866, 1.638, 1.480, 1.227 (24.235)	Grad: 2042.7
[Epoch  88 (32.22s)]	ELBO (bits/dim): 2.69225, 2.87694, 2.98244, 3.05318, 3.11979, 3.16702, 3.19412, 3.21333, 3.22656, 3.23416 (3.23556)	Reconstruction error (/dim): 0.06477, 0.05293, 0.04612, 0.04098, 0.03558, 0.03151, 0.02913, 0.02740, 0.02618, 0.02541 (0.02527)	KLD: 4.147, 3.513, 3.118, 2.821, 2.677, 2.076, 1.859, 1.640, 1.490, 1.235 (24.320)	Grad: 2081.1
[Epoch  89 (32.02s)]	ELBO (bits/dim): 2.69296, 2.87744, 2.98291, 3.05370, 3.12043, 3.16766, 3.19464, 3.21404, 3.22726, 3.23478 (3.23458)	Reconstruction error (/dim): 0.06472, 0.05288, 0.04607, 0.04095, 0.03554, 0.03147, 0.02910, 0.02735, 0.02613, 0.02538 (0.02529)	KLD: 4.155, 3.514, 3.115, 2.822, 2.673, 2.075, 1.861, 1.642, 1.481, 1.222 (24.626)	Grad: 2054.2
[Epoch  90 (31.61s)]	ELBO (bits/dim): 2.69331, 2.87761, 2.98321, 3.05378, 3.12055, 3.16773, 3.19480, 3.21395, 3.22738, 3.23498 (3.23530)	Reconstruction error (/dim): 0.06470, 0.05289, 0.04605, 0.04095, 0.03553, 0.03146, 0.02908, 0.02736, 0.02612, 0.02535 (0.02512)	KLD: 4.161, 3.519, 3.120, 2.822, 2.672, 2.072, 1.857, 1.640, 1.484, 1.227 (24.597)	Grad: 2178.4
[Epoch  91 (33.10s)]	ELBO (bits/dim): 2.69390, 2.87815, 2.98335, 3.05399, 3.12063, 3.16789, 3.19494, 3.21398, 3.22723, 3.23493 (3.23489)	Reconstruction error (/dim): 0.06467, 0.05284, 0.04605, 0.04093, 0.03551, 0.03144, 0.02906, 0.02737, 0.02614, 0.02536 (0.02533)	KLD: 4.170, 3.515, 3.120, 2.822, 2.677, 2.075, 1.866, 1.637, 1.475, 1.229 (24.797)	Grad: 2150.3
[Epoch  92 (31.93s)]	ELBO (bits/dim): 2.69450, 2.87824, 2.98382, 3.05411, 3.12098, 3.16829, 3.19535, 3.21439, 3.22752, 3.23517 (3.23572)	Reconstruction error (/dim): 0.06464, 0.05285, 0.04601, 0.04093, 0.03551, 0.03143, 0.02904, 0.02734, 0.02612, 0.02534 (0.02529)	KLD: 4.166, 3.517, 3.114, 2.822, 2.673, 2.071, 1.864, 1.636, 1.480, 1.229 (24.304)	Grad: 2070.0
[Epoch  93 (31.86s)]	ELBO (bits/dim): 2.69507, 2.87849, 2.98356, 3.05411, 3.12055, 3.16808, 3.19518, 3.21418, 3.22740, 3.23510 (3.23510)	Reconstruction error (/dim): 0.06458, 0.05284, 0.04605, 0.04094, 0.03554, 0.03144, 0.02905, 0.02735, 0.02613, 0.02535 (0.02517)	KLD: 4.167, 3.522, 3.117, 2.819, 2.674, 2.076, 1.865, 1.635, 1.487, 1.230 (24.674)	Grad: 2098.3
[Epoch  94 (31.90s)]	ELBO (bits/dim): 2.69565, 2.87907, 2.98414, 3.05450, 3.12125, 3.16862, 3.19562, 3.21469, 3.22790, 3.23564 (3.23548)	Reconstruction error (/dim): 0.06454, 0.05277, 0.04598, 0.04088, 0.03547, 0.03140, 0.02903, 0.02731, 0.02610, 0.02532 (0.02525)	KLD: 4.170, 3.521, 3.119, 2.823, 2.677, 2.076, 1.862, 1.642, 1.483, 1.224 (24.205)	Grad: 2287.4
No improvement after 10 epochs...
Best epoch(s): [85]	Training time(s): 2993.83s (2993.83s)	Best ELBO (bits/dim): 3.23564 (3.23596)	Best reconstruction error (/dim): 0.07927 (0.06614)
Avg. mu: 0.053, 0.081, -0.016, -0.019, -0.048, -0.019, -0.031, -0.004, -0.014, -0.088
Avg. var: 0.001, 0.002, 0.003, 0.005, 0.006, 0.017, 0.027, 0.048, 0.059, 0.103
Max. mu: 4.688, 4.084, 4.290, 5.492, 4.108, 4.869, 4.529, 5.265, 4.423, 5.172
Max. var: 0.026, 0.032, 0.021, 0.040, 0.039, 0.066, 0.175, 0.288, 0.273, 0.377
Min. mu: -4.451, -4.359, -3.734, -3.461, -4.845, -4.212, -5.444, -4.921, -4.904, -4.687
Min. var: 0.000, 0.000, 0.000, 0.001, 0.000, 0.005, 0.005, 0.009, 0.006, 0.020
Cov. mu:
[[1.718 -0.133 0.272 0.266 0.013 -0.073 -0.099 -0.086 0.039 0.038]
 [-0.133 1.185 0.071 -0.011 0.017 0.016 0.067 0.039 -0.082 -0.085]
 [0.272 0.071 0.928 0.118 0.092 -0.011 0.040 0.040 -0.055 -0.007]
 [0.266 -0.011 0.118 0.947 0.214 -0.015 -0.026 0.029 0.002 0.043]
 [0.013 0.017 0.092 0.214 0.997 0.000 -0.013 -0.017 -0.039 0.016]
 [-0.073 0.016 -0.011 -0.015 0.000 0.948 0.057 -0.007 0.006 0.016]
 [-0.099 0.067 0.040 -0.026 -0.013 0.057 0.883 0.038 -0.020 0.026]
 [-0.086 0.039 0.040 0.029 -0.017 -0.007 0.038 0.810 -0.039 0.021]
 [0.039 -0.082 -0.055 0.002 -0.039 0.006 -0.020 -0.039 0.822 0.030]
 [0.038 -0.085 -0.007 0.043 0.016 0.016 0.026 0.021 0.030 0.832]]
